ERROR - 2017-07-13 02:01:24 --> Could not find the language line "home_cloud_title"
ERROR - 2017-07-13 02:01:24 --> Could not find the language line "home_cloud_intro"
ERROR - 2017-07-13 02:01:24 --> Could not find the language line "mynt_buy_taobao"
ERROR - 2017-07-13 02:01:24 --> Could not find the language line "mynt_buy_tmall"
ERROR - 2017-07-13 02:01:24 --> Could not find the language line "mynt_buy_jd"
ERROR - 2017-07-13 02:11:49 --> Could not find the language line "mynt_buy_taobao"
ERROR - 2017-07-13 02:11:49 --> Could not find the language line "mynt_buy_tmall"
ERROR - 2017-07-13 02:11:49 --> Could not find the language line "mynt_buy_jd"
ERROR - 2017-07-13 02:11:49 --> Could not find the language line "home_cloud_title"
ERROR - 2017-07-13 02:11:49 --> Could not find the language line "home_cloud_intro"
ERROR - 2017-07-13 02:11:49 --> Could not find the language line "mynt_icon_taobao"
ERROR - 2017-07-13 02:11:49 --> Could not find the language line "mynt_icon_tmall"
ERROR - 2017-07-13 02:11:49 --> Could not find the language line "mynt_icon_youzan"
ERROR - 2017-07-13 02:11:49 --> Could not find the language line "mynt_buy_taobao"
ERROR - 2017-07-13 02:11:49 --> Could not find the language line "mynt_buy_tmall"
ERROR - 2017-07-13 02:11:49 --> Could not find the language line "mynt_buy_jd"
ERROR - 2017-07-13 02:11:51 --> Could not find the language line "mynt_buy_taobao"
ERROR - 2017-07-13 02:11:51 --> Could not find the language line "mynt_buy_tmall"
ERROR - 2017-07-13 02:11:51 --> Could not find the language line "mynt_buy_jd"
ERROR - 2017-07-13 02:11:51 --> Could not find the language line "home_cloud_title"
ERROR - 2017-07-13 02:11:51 --> Could not find the language line "home_cloud_intro"
ERROR - 2017-07-13 02:11:51 --> Could not find the language line "mynt_icon_taobao"
ERROR - 2017-07-13 02:11:51 --> Could not find the language line "mynt_icon_tmall"
ERROR - 2017-07-13 02:11:51 --> Could not find the language line "mynt_icon_youzan"
ERROR - 2017-07-13 02:11:51 --> Could not find the language line "mynt_buy_taobao"
ERROR - 2017-07-13 02:11:51 --> Could not find the language line "mynt_buy_tmall"
ERROR - 2017-07-13 02:11:51 --> Could not find the language line "mynt_buy_jd"
ERROR - 2017-07-13 02:11:53 --> Could not find the language line "mynt_buy_taobao"
ERROR - 2017-07-13 02:11:53 --> Could not find the language line "mynt_buy_tmall"
ERROR - 2017-07-13 02:11:53 --> Could not find the language line "mynt_buy_jd"
ERROR - 2017-07-13 02:11:54 --> Could not find the language line "home_cloud_title"
ERROR - 2017-07-13 02:11:54 --> Could not find the language line "home_cloud_intro"
ERROR - 2017-07-13 02:11:54 --> Could not find the language line "mynt_icon_taobao"
ERROR - 2017-07-13 02:11:54 --> Could not find the language line "mynt_icon_tmall"
ERROR - 2017-07-13 02:11:54 --> Could not find the language line "mynt_icon_youzan"
ERROR - 2017-07-13 02:11:54 --> Could not find the language line "mynt_buy_taobao"
ERROR - 2017-07-13 02:11:54 --> Could not find the language line "mynt_buy_tmall"
ERROR - 2017-07-13 02:11:54 --> Could not find the language line "mynt_buy_jd"
ERROR - 2017-07-13 02:11:55 --> Could not find the language line "mynt_buy_taobao"
ERROR - 2017-07-13 02:11:55 --> Could not find the language line "mynt_buy_tmall"
ERROR - 2017-07-13 02:11:55 --> Could not find the language line "mynt_buy_jd"
ERROR - 2017-07-13 02:11:55 --> Could not find the language line "home_cloud_title"
ERROR - 2017-07-13 02:11:55 --> Could not find the language line "home_cloud_intro"
ERROR - 2017-07-13 02:11:55 --> Could not find the language line "mynt_icon_taobao"
ERROR - 2017-07-13 02:11:55 --> Could not find the language line "mynt_icon_tmall"
ERROR - 2017-07-13 02:11:55 --> Could not find the language line "mynt_icon_youzan"
ERROR - 2017-07-13 02:11:55 --> Could not find the language line "mynt_buy_taobao"
ERROR - 2017-07-13 02:11:55 --> Could not find the language line "mynt_buy_tmall"
ERROR - 2017-07-13 02:11:55 --> Could not find the language line "mynt_buy_jd"
ERROR - 2017-07-13 02:11:55 --> Could not find the language line "mynt_buy_taobao"
ERROR - 2017-07-13 02:11:55 --> Could not find the language line "mynt_buy_tmall"
ERROR - 2017-07-13 02:11:55 --> Could not find the language line "mynt_buy_jd"
ERROR - 2017-07-13 02:11:55 --> Could not find the language line "home_cloud_title"
ERROR - 2017-07-13 02:11:55 --> Could not find the language line "home_cloud_intro"
ERROR - 2017-07-13 02:11:55 --> Could not find the language line "mynt_icon_taobao"
ERROR - 2017-07-13 02:11:55 --> Could not find the language line "mynt_icon_tmall"
ERROR - 2017-07-13 02:11:55 --> Could not find the language line "mynt_icon_youzan"
ERROR - 2017-07-13 02:11:55 --> Could not find the language line "mynt_buy_taobao"
ERROR - 2017-07-13 02:11:55 --> Could not find the language line "mynt_buy_tmall"
ERROR - 2017-07-13 02:11:55 --> Could not find the language line "mynt_buy_jd"
ERROR - 2017-07-13 02:11:55 --> Could not find the language line "mynt_buy_taobao"
ERROR - 2017-07-13 02:11:55 --> Could not find the language line "mynt_buy_tmall"
ERROR - 2017-07-13 02:11:55 --> Could not find the language line "mynt_buy_jd"
ERROR - 2017-07-13 02:11:55 --> Could not find the language line "home_cloud_title"
ERROR - 2017-07-13 02:11:55 --> Could not find the language line "home_cloud_intro"
ERROR - 2017-07-13 02:11:55 --> Could not find the language line "mynt_icon_taobao"
ERROR - 2017-07-13 02:11:55 --> Could not find the language line "mynt_icon_tmall"
ERROR - 2017-07-13 02:11:55 --> Could not find the language line "mynt_icon_youzan"
ERROR - 2017-07-13 02:11:55 --> Could not find the language line "mynt_buy_taobao"
ERROR - 2017-07-13 02:11:55 --> Could not find the language line "mynt_buy_tmall"
ERROR - 2017-07-13 02:11:55 --> Could not find the language line "mynt_buy_jd"
ERROR - 2017-07-13 02:11:55 --> Could not find the language line "mynt_buy_taobao"
ERROR - 2017-07-13 02:11:55 --> Could not find the language line "mynt_buy_tmall"
ERROR - 2017-07-13 02:11:55 --> Could not find the language line "mynt_buy_jd"
ERROR - 2017-07-13 02:11:55 --> Could not find the language line "home_cloud_title"
ERROR - 2017-07-13 02:11:55 --> Could not find the language line "home_cloud_intro"
ERROR - 2017-07-13 02:11:55 --> Could not find the language line "mynt_icon_taobao"
ERROR - 2017-07-13 02:11:55 --> Could not find the language line "mynt_icon_tmall"
ERROR - 2017-07-13 02:11:55 --> Could not find the language line "mynt_icon_youzan"
ERROR - 2017-07-13 02:11:55 --> Could not find the language line "mynt_buy_taobao"
ERROR - 2017-07-13 02:11:55 --> Could not find the language line "mynt_buy_tmall"
ERROR - 2017-07-13 02:11:55 --> Could not find the language line "mynt_buy_jd"
ERROR - 2017-07-13 02:12:03 --> Could not find the language line "mynt_buy_taobao"
ERROR - 2017-07-13 02:12:03 --> Could not find the language line "mynt_buy_tmall"
ERROR - 2017-07-13 02:12:03 --> Could not find the language line "mynt_buy_jd"
ERROR - 2017-07-13 02:12:03 --> Could not find the language line "home_cloud_title"
ERROR - 2017-07-13 02:12:03 --> Could not find the language line "home_cloud_intro"
ERROR - 2017-07-13 02:12:03 --> Could not find the language line "mynt_icon_taobao"
ERROR - 2017-07-13 02:12:03 --> Could not find the language line "mynt_icon_tmall"
ERROR - 2017-07-13 02:12:03 --> Could not find the language line "mynt_icon_youzan"
ERROR - 2017-07-13 02:12:03 --> Could not find the language line "mynt_buy_taobao"
ERROR - 2017-07-13 02:12:03 --> Could not find the language line "mynt_buy_tmall"
ERROR - 2017-07-13 02:12:03 --> Could not find the language line "mynt_buy_jd"
ERROR - 2017-07-13 02:12:06 --> Could not find the language line "mynt_buy_taobao"
ERROR - 2017-07-13 02:12:06 --> Could not find the language line "mynt_buy_tmall"
ERROR - 2017-07-13 02:12:06 --> Could not find the language line "mynt_buy_jd"
ERROR - 2017-07-13 02:12:06 --> Could not find the language line "home_cloud_title"
ERROR - 2017-07-13 02:12:06 --> Could not find the language line "home_cloud_intro"
ERROR - 2017-07-13 02:12:06 --> Could not find the language line "mynt_icon_taobao"
ERROR - 2017-07-13 02:12:06 --> Could not find the language line "mynt_icon_tmall"
ERROR - 2017-07-13 02:12:06 --> Could not find the language line "mynt_icon_youzan"
ERROR - 2017-07-13 02:12:06 --> Could not find the language line "mynt_buy_taobao"
ERROR - 2017-07-13 02:12:06 --> Could not find the language line "mynt_buy_tmall"
ERROR - 2017-07-13 02:12:06 --> Could not find the language line "mynt_buy_jd"
ERROR - 2017-07-13 02:12:15 --> Could not find the language line "mynt_buy_taobao"
ERROR - 2017-07-13 02:12:15 --> Could not find the language line "mynt_buy_tmall"
ERROR - 2017-07-13 02:12:15 --> Could not find the language line "mynt_buy_jd"
ERROR - 2017-07-13 02:12:15 --> Could not find the language line "home_cloud_title"
ERROR - 2017-07-13 02:12:15 --> Could not find the language line "home_cloud_intro"
ERROR - 2017-07-13 02:12:15 --> Could not find the language line "mynt_icon_taobao"
ERROR - 2017-07-13 02:12:15 --> Could not find the language line "mynt_icon_tmall"
ERROR - 2017-07-13 02:12:15 --> Could not find the language line "mynt_icon_youzan"
ERROR - 2017-07-13 02:12:15 --> Could not find the language line "mynt_buy_taobao"
ERROR - 2017-07-13 02:12:15 --> Could not find the language line "mynt_buy_tmall"
ERROR - 2017-07-13 02:12:15 --> Could not find the language line "mynt_buy_jd"
ERROR - 2017-07-13 02:25:40 --> Could not find the language line "mynt_buy_taobao"
ERROR - 2017-07-13 02:25:40 --> Could not find the language line "mynt_buy_tmall"
ERROR - 2017-07-13 02:25:40 --> Could not find the language line "mynt_buy_jd"
ERROR - 2017-07-13 02:25:40 --> Could not find the language line "home_cloud_title"
ERROR - 2017-07-13 02:25:40 --> Could not find the language line "home_cloud_intro"
ERROR - 2017-07-13 02:25:40 --> Could not find the language line "mynt_icon_taobao"
ERROR - 2017-07-13 02:25:40 --> Could not find the language line "mynt_icon_tmall"
ERROR - 2017-07-13 02:25:40 --> Could not find the language line "mynt_icon_youzan"
ERROR - 2017-07-13 02:25:41 --> Could not find the language line "mynt_buy_taobao"
ERROR - 2017-07-13 02:25:41 --> Could not find the language line "mynt_buy_tmall"
ERROR - 2017-07-13 02:25:41 --> Could not find the language line "mynt_buy_jd"
ERROR - 2017-07-13 02:25:56 --> Could not find the language line "mynt_buy_taobao"
ERROR - 2017-07-13 02:25:56 --> Could not find the language line "mynt_buy_tmall"
ERROR - 2017-07-13 02:25:56 --> Could not find the language line "mynt_buy_jd"
ERROR - 2017-07-13 02:25:56 --> Could not find the language line "home_cloud_title"
ERROR - 2017-07-13 02:25:56 --> Could not find the language line "home_cloud_intro"
ERROR - 2017-07-13 02:25:56 --> Could not find the language line "mynt_icon_taobao"
ERROR - 2017-07-13 02:25:56 --> Could not find the language line "mynt_icon_tmall"
ERROR - 2017-07-13 02:25:56 --> Could not find the language line "mynt_icon_youzan"
ERROR - 2017-07-13 02:25:57 --> Could not find the language line "mynt_buy_taobao"
ERROR - 2017-07-13 02:25:57 --> Could not find the language line "mynt_buy_tmall"
ERROR - 2017-07-13 02:25:57 --> Could not find the language line "mynt_buy_jd"
ERROR - 2017-07-13 02:26:30 --> Could not find the language line "mynt_buy_taobao"
ERROR - 2017-07-13 02:26:30 --> Could not find the language line "mynt_buy_tmall"
ERROR - 2017-07-13 02:26:30 --> Could not find the language line "mynt_buy_jd"
ERROR - 2017-07-13 02:26:30 --> Could not find the language line "home_cloud_title"
ERROR - 2017-07-13 02:26:30 --> Could not find the language line "home_cloud_intro"
ERROR - 2017-07-13 02:26:30 --> Could not find the language line "mynt_icon_taobao"
ERROR - 2017-07-13 02:26:30 --> Could not find the language line "mynt_icon_tmall"
ERROR - 2017-07-13 02:26:30 --> Could not find the language line "mynt_icon_youzan"
ERROR - 2017-07-13 02:26:30 --> Could not find the language line "mynt_buy_taobao"
ERROR - 2017-07-13 02:26:30 --> Could not find the language line "mynt_buy_tmall"
ERROR - 2017-07-13 02:26:30 --> Could not find the language line "mynt_buy_jd"
ERROR - 2017-07-13 02:26:54 --> Could not find the language line "mynt_buy_taobao"
ERROR - 2017-07-13 02:26:54 --> Could not find the language line "mynt_buy_tmall"
ERROR - 2017-07-13 02:26:54 --> Could not find the language line "mynt_buy_jd"
ERROR - 2017-07-13 02:26:54 --> Could not find the language line "home_cloud_title"
ERROR - 2017-07-13 02:26:54 --> Could not find the language line "home_cloud_intro"
ERROR - 2017-07-13 02:26:54 --> Could not find the language line "mynt_icon_taobao"
ERROR - 2017-07-13 02:26:54 --> Could not find the language line "mynt_icon_tmall"
ERROR - 2017-07-13 02:26:54 --> Could not find the language line "mynt_icon_youzan"
ERROR - 2017-07-13 02:26:55 --> Could not find the language line "mynt_buy_taobao"
ERROR - 2017-07-13 02:26:55 --> Could not find the language line "mynt_buy_tmall"
ERROR - 2017-07-13 02:26:55 --> Could not find the language line "mynt_buy_jd"
ERROR - 2017-07-13 02:27:07 --> Could not find the language line "mynt_buy_taobao"
ERROR - 2017-07-13 02:27:07 --> Could not find the language line "mynt_buy_tmall"
ERROR - 2017-07-13 02:27:07 --> Could not find the language line "mynt_buy_jd"
ERROR - 2017-07-13 02:27:07 --> Could not find the language line "home_cloud_title"
ERROR - 2017-07-13 02:27:07 --> Could not find the language line "home_cloud_intro"
ERROR - 2017-07-13 02:27:07 --> Could not find the language line "mynt_icon_taobao"
ERROR - 2017-07-13 02:27:07 --> Could not find the language line "mynt_icon_tmall"
ERROR - 2017-07-13 02:27:07 --> Could not find the language line "mynt_icon_youzan"
ERROR - 2017-07-13 02:27:07 --> Could not find the language line "mynt_buy_taobao"
ERROR - 2017-07-13 02:27:07 --> Could not find the language line "mynt_buy_tmall"
ERROR - 2017-07-13 02:27:07 --> Could not find the language line "mynt_buy_jd"
ERROR - 2017-07-13 02:27:34 --> Could not find the language line "mynt_buy_taobao"
ERROR - 2017-07-13 02:27:34 --> Could not find the language line "mynt_buy_tmall"
ERROR - 2017-07-13 02:27:34 --> Could not find the language line "mynt_buy_jd"
ERROR - 2017-07-13 02:27:34 --> Could not find the language line "home_cloud_title"
ERROR - 2017-07-13 02:27:34 --> Could not find the language line "home_cloud_intro"
ERROR - 2017-07-13 02:27:34 --> Could not find the language line "mynt_icon_taobao"
ERROR - 2017-07-13 02:27:34 --> Could not find the language line "mynt_icon_tmall"
ERROR - 2017-07-13 02:27:34 --> Could not find the language line "mynt_icon_youzan"
ERROR - 2017-07-13 02:27:37 --> Could not find the language line "mynt_buy_taobao"
ERROR - 2017-07-13 02:27:37 --> Could not find the language line "mynt_buy_tmall"
ERROR - 2017-07-13 02:27:37 --> Could not find the language line "mynt_buy_jd"
ERROR - 2017-07-13 02:27:49 --> Could not find the language line "mynt_buy_taobao"
ERROR - 2017-07-13 02:27:49 --> Could not find the language line "mynt_buy_tmall"
ERROR - 2017-07-13 02:27:49 --> Could not find the language line "mynt_buy_jd"
ERROR - 2017-07-13 02:27:49 --> Could not find the language line "home_cloud_title"
ERROR - 2017-07-13 02:27:49 --> Could not find the language line "home_cloud_intro"
ERROR - 2017-07-13 02:27:49 --> Could not find the language line "mynt_icon_taobao"
ERROR - 2017-07-13 02:27:49 --> Could not find the language line "mynt_icon_tmall"
ERROR - 2017-07-13 02:27:49 --> Could not find the language line "mynt_icon_youzan"
ERROR - 2017-07-13 02:27:50 --> Could not find the language line "mynt_buy_taobao"
ERROR - 2017-07-13 02:27:50 --> Could not find the language line "mynt_buy_tmall"
ERROR - 2017-07-13 02:27:50 --> Could not find the language line "mynt_buy_jd"
ERROR - 2017-07-13 02:28:09 --> Could not find the language line "mynt_buy_taobao"
ERROR - 2017-07-13 02:28:09 --> Could not find the language line "mynt_buy_tmall"
ERROR - 2017-07-13 02:28:09 --> Could not find the language line "mynt_buy_jd"
ERROR - 2017-07-13 02:28:09 --> Could not find the language line "home_cloud_title"
ERROR - 2017-07-13 02:28:09 --> Could not find the language line "home_cloud_intro"
ERROR - 2017-07-13 02:28:09 --> Could not find the language line "mynt_icon_taobao"
ERROR - 2017-07-13 02:28:09 --> Could not find the language line "mynt_icon_tmall"
ERROR - 2017-07-13 02:28:09 --> Could not find the language line "mynt_icon_youzan"
ERROR - 2017-07-13 02:28:09 --> Could not find the language line "mynt_buy_taobao"
ERROR - 2017-07-13 02:28:09 --> Could not find the language line "mynt_buy_tmall"
ERROR - 2017-07-13 02:28:09 --> Could not find the language line "mynt_buy_jd"
ERROR - 2017-07-13 02:28:22 --> Could not find the language line "mynt_buy_taobao"
ERROR - 2017-07-13 02:28:22 --> Could not find the language line "mynt_buy_tmall"
ERROR - 2017-07-13 02:28:22 --> Could not find the language line "mynt_buy_jd"
ERROR - 2017-07-13 02:28:22 --> Could not find the language line "home_cloud_title"
ERROR - 2017-07-13 02:28:22 --> Could not find the language line "home_cloud_intro"
ERROR - 2017-07-13 02:28:22 --> Could not find the language line "mynt_icon_taobao"
ERROR - 2017-07-13 02:28:22 --> Could not find the language line "mynt_icon_tmall"
ERROR - 2017-07-13 02:28:22 --> Could not find the language line "mynt_icon_youzan"
ERROR - 2017-07-13 02:28:22 --> Could not find the language line "mynt_buy_taobao"
ERROR - 2017-07-13 02:28:22 --> Could not find the language line "mynt_buy_tmall"
ERROR - 2017-07-13 02:28:22 --> Could not find the language line "mynt_buy_jd"
ERROR - 2017-07-13 02:29:45 --> Could not find the language line "mynt_buy_taobao"
ERROR - 2017-07-13 02:29:45 --> Could not find the language line "mynt_buy_tmall"
ERROR - 2017-07-13 02:29:45 --> Could not find the language line "mynt_buy_jd"
ERROR - 2017-07-13 02:29:45 --> Could not find the language line "home_cloud_title"
ERROR - 2017-07-13 02:29:45 --> Could not find the language line "home_cloud_intro"
ERROR - 2017-07-13 02:29:45 --> Could not find the language line "mynt_icon_taobao"
ERROR - 2017-07-13 02:29:45 --> Could not find the language line "mynt_icon_tmall"
ERROR - 2017-07-13 02:29:45 --> Could not find the language line "mynt_icon_youzan"
ERROR - 2017-07-13 02:29:45 --> Could not find the language line "mynt_buy_taobao"
ERROR - 2017-07-13 02:29:45 --> Could not find the language line "mynt_buy_tmall"
ERROR - 2017-07-13 02:29:45 --> Could not find the language line "mynt_buy_jd"
ERROR - 2017-07-13 02:30:00 --> Could not find the language line "mynt_buy_taobao"
ERROR - 2017-07-13 02:30:00 --> Could not find the language line "mynt_buy_tmall"
ERROR - 2017-07-13 02:30:00 --> Could not find the language line "mynt_buy_jd"
ERROR - 2017-07-13 02:30:00 --> Could not find the language line "home_cloud_title"
ERROR - 2017-07-13 02:30:00 --> Could not find the language line "home_cloud_intro"
ERROR - 2017-07-13 02:30:00 --> Could not find the language line "mynt_icon_taobao"
ERROR - 2017-07-13 02:30:00 --> Could not find the language line "mynt_icon_tmall"
ERROR - 2017-07-13 02:30:00 --> Could not find the language line "mynt_icon_youzan"
ERROR - 2017-07-13 02:30:00 --> Could not find the language line "mynt_buy_taobao"
ERROR - 2017-07-13 02:30:00 --> Could not find the language line "mynt_buy_tmall"
ERROR - 2017-07-13 02:30:00 --> Could not find the language line "mynt_buy_jd"
ERROR - 2017-07-13 02:30:11 --> Could not find the language line "mynt_buy_taobao"
ERROR - 2017-07-13 02:30:11 --> Could not find the language line "mynt_buy_tmall"
ERROR - 2017-07-13 02:30:11 --> Could not find the language line "mynt_buy_jd"
ERROR - 2017-07-13 02:30:11 --> Could not find the language line "home_cloud_title"
ERROR - 2017-07-13 02:30:11 --> Could not find the language line "home_cloud_intro"
ERROR - 2017-07-13 02:30:11 --> Could not find the language line "mynt_icon_taobao"
ERROR - 2017-07-13 02:30:11 --> Could not find the language line "mynt_icon_tmall"
ERROR - 2017-07-13 02:30:11 --> Could not find the language line "mynt_icon_youzan"
ERROR - 2017-07-13 02:30:12 --> Could not find the language line "mynt_buy_taobao"
ERROR - 2017-07-13 02:30:12 --> Could not find the language line "mynt_buy_tmall"
ERROR - 2017-07-13 02:30:12 --> Could not find the language line "mynt_buy_jd"
ERROR - 2017-07-13 02:31:33 --> Could not find the language line "mynt_buy_taobao"
ERROR - 2017-07-13 02:31:33 --> Could not find the language line "mynt_buy_tmall"
ERROR - 2017-07-13 02:31:33 --> Could not find the language line "mynt_buy_jd"
ERROR - 2017-07-13 02:31:33 --> Could not find the language line "home_cloud_title"
ERROR - 2017-07-13 02:31:33 --> Could not find the language line "home_cloud_intro"
ERROR - 2017-07-13 02:31:33 --> Could not find the language line "mynt_icon_taobao"
ERROR - 2017-07-13 02:31:33 --> Could not find the language line "mynt_icon_tmall"
ERROR - 2017-07-13 02:31:33 --> Could not find the language line "mynt_icon_youzan"
ERROR - 2017-07-13 02:31:33 --> Could not find the language line "mynt_buy_taobao"
ERROR - 2017-07-13 02:31:33 --> Could not find the language line "mynt_buy_tmall"
ERROR - 2017-07-13 02:31:33 --> Could not find the language line "mynt_buy_jd"
ERROR - 2017-07-13 02:31:41 --> Could not find the language line "mynt_buy_taobao"
ERROR - 2017-07-13 02:31:41 --> Could not find the language line "mynt_buy_tmall"
ERROR - 2017-07-13 02:31:41 --> Could not find the language line "mynt_buy_jd"
ERROR - 2017-07-13 02:32:33 --> Could not find the language line "mynt_buy_taobao"
ERROR - 2017-07-13 02:32:33 --> Could not find the language line "mynt_buy_tmall"
ERROR - 2017-07-13 02:32:33 --> Could not find the language line "mynt_buy_jd"
ERROR - 2017-07-13 02:32:33 --> Could not find the language line "home_cloud_title"
ERROR - 2017-07-13 02:32:33 --> Could not find the language line "home_cloud_intro"
ERROR - 2017-07-13 02:32:33 --> Could not find the language line "mynt_icon_taobao"
ERROR - 2017-07-13 02:32:33 --> Could not find the language line "mynt_icon_tmall"
ERROR - 2017-07-13 02:32:33 --> Could not find the language line "mynt_icon_youzan"
ERROR - 2017-07-13 02:32:33 --> Could not find the language line "mynt_buy_taobao"
ERROR - 2017-07-13 02:32:33 --> Could not find the language line "mynt_buy_tmall"
ERROR - 2017-07-13 02:32:33 --> Could not find the language line "mynt_buy_jd"
ERROR - 2017-07-13 02:33:07 --> Could not find the language line "mynt_buy_taobao"
ERROR - 2017-07-13 02:33:07 --> Could not find the language line "mynt_buy_tmall"
ERROR - 2017-07-13 02:33:07 --> Could not find the language line "mynt_buy_jd"
ERROR - 2017-07-13 02:33:07 --> Could not find the language line "home_cloud_title"
ERROR - 2017-07-13 02:33:07 --> Could not find the language line "home_cloud_intro"
ERROR - 2017-07-13 02:33:07 --> Could not find the language line "mynt_icon_taobao"
ERROR - 2017-07-13 02:33:07 --> Could not find the language line "mynt_icon_tmall"
ERROR - 2017-07-13 02:33:07 --> Could not find the language line "mynt_icon_youzan"
ERROR - 2017-07-13 02:33:07 --> Could not find the language line "mynt_buy_taobao"
ERROR - 2017-07-13 02:33:07 --> Could not find the language line "mynt_buy_tmall"
ERROR - 2017-07-13 02:33:07 --> Could not find the language line "mynt_buy_jd"
ERROR - 2017-07-13 02:33:31 --> Could not find the language line "mynt_buy_taobao"
ERROR - 2017-07-13 02:33:31 --> Could not find the language line "mynt_buy_tmall"
ERROR - 2017-07-13 02:33:31 --> Could not find the language line "mynt_buy_jd"
ERROR - 2017-07-13 02:33:31 --> Could not find the language line "home_cloud_title"
ERROR - 2017-07-13 02:33:31 --> Could not find the language line "home_cloud_intro"
ERROR - 2017-07-13 02:33:31 --> Could not find the language line "mynt_icon_taobao"
ERROR - 2017-07-13 02:33:31 --> Could not find the language line "mynt_icon_tmall"
ERROR - 2017-07-13 02:33:31 --> Could not find the language line "mynt_icon_youzan"
ERROR - 2017-07-13 02:33:31 --> Could not find the language line "mynt_buy_taobao"
ERROR - 2017-07-13 02:33:31 --> Could not find the language line "mynt_buy_tmall"
ERROR - 2017-07-13 02:33:31 --> Could not find the language line "mynt_buy_jd"
ERROR - 2017-07-13 02:43:24 --> Could not find the language line "mynt_buy_taobao"
ERROR - 2017-07-13 02:43:24 --> Could not find the language line "mynt_buy_tmall"
ERROR - 2017-07-13 02:43:24 --> Could not find the language line "mynt_buy_jd"
ERROR - 2017-07-13 02:43:24 --> Could not find the language line "home_cloud_title"
ERROR - 2017-07-13 02:43:24 --> Could not find the language line "home_cloud_intro"
ERROR - 2017-07-13 02:43:24 --> Could not find the language line "mynt_icon_taobao"
ERROR - 2017-07-13 02:43:24 --> Could not find the language line "mynt_icon_tmall"
ERROR - 2017-07-13 02:43:24 --> Could not find the language line "mynt_icon_youzan"
ERROR - 2017-07-13 02:43:25 --> Could not find the language line "mynt_buy_taobao"
ERROR - 2017-07-13 02:43:25 --> Could not find the language line "mynt_buy_tmall"
ERROR - 2017-07-13 02:43:25 --> Could not find the language line "mynt_buy_jd"
ERROR - 2017-07-13 02:48:32 --> Could not find the language line "mynt_buy_taobao"
ERROR - 2017-07-13 02:48:32 --> Could not find the language line "mynt_buy_tmall"
ERROR - 2017-07-13 02:48:32 --> Could not find the language line "mynt_buy_jd"
ERROR - 2017-07-13 02:48:32 --> Could not find the language line "home_cloud_title"
ERROR - 2017-07-13 02:48:32 --> Could not find the language line "home_cloud_intro"
ERROR - 2017-07-13 02:48:32 --> Could not find the language line "mynt_icon_taobao"
ERROR - 2017-07-13 02:48:32 --> Could not find the language line "mynt_icon_tmall"
ERROR - 2017-07-13 02:48:32 --> Could not find the language line "mynt_icon_youzan"
ERROR - 2017-07-13 02:48:32 --> Could not find the language line "mynt_buy_taobao"
ERROR - 2017-07-13 02:48:32 --> Could not find the language line "mynt_buy_tmall"
ERROR - 2017-07-13 02:48:32 --> Could not find the language line "mynt_buy_jd"
ERROR - 2017-07-13 02:48:51 --> Could not find the language line "home_cloud_title"
ERROR - 2017-07-13 02:48:51 --> Could not find the language line "home_cloud_intro"
ERROR - 2017-07-13 02:48:52 --> Could not find the language line "mynt_buy_taobao"
ERROR - 2017-07-13 02:48:52 --> Could not find the language line "mynt_buy_tmall"
ERROR - 2017-07-13 02:48:52 --> Could not find the language line "mynt_buy_jd"
ERROR - 2017-07-13 02:52:34 --> Could not find the language line "mynt_buy_taobao"
ERROR - 2017-07-13 02:52:34 --> Could not find the language line "mynt_buy_tmall"
ERROR - 2017-07-13 02:52:34 --> Could not find the language line "mynt_buy_jd"
ERROR - 2017-07-13 02:52:34 --> Could not find the language line "home_cloud_title"
ERROR - 2017-07-13 02:52:34 --> Could not find the language line "home_cloud_intro"
ERROR - 2017-07-13 02:52:34 --> Could not find the language line "mynt_icon_taobao"
ERROR - 2017-07-13 02:52:34 --> Could not find the language line "mynt_icon_tmall"
ERROR - 2017-07-13 02:52:34 --> Could not find the language line "mynt_icon_youzan"
ERROR - 2017-07-13 02:52:35 --> Could not find the language line "mynt_buy_taobao"
ERROR - 2017-07-13 02:52:35 --> Could not find the language line "mynt_buy_tmall"
ERROR - 2017-07-13 02:52:35 --> Could not find the language line "mynt_buy_jd"
ERROR - 2017-07-13 02:53:57 --> Could not find the language line "mynt_buy_taobao"
ERROR - 2017-07-13 02:53:57 --> Could not find the language line "mynt_buy_tmall"
ERROR - 2017-07-13 02:53:57 --> Could not find the language line "mynt_buy_jd"
ERROR - 2017-07-13 02:53:57 --> Could not find the language line "home_cloud_title"
ERROR - 2017-07-13 02:53:57 --> Could not find the language line "home_cloud_intro"
ERROR - 2017-07-13 02:53:57 --> Could not find the language line "mynt_icon_taobao"
ERROR - 2017-07-13 02:53:57 --> Could not find the language line "mynt_icon_tmall"
ERROR - 2017-07-13 02:53:57 --> Could not find the language line "mynt_icon_youzan"
ERROR - 2017-07-13 02:53:57 --> Could not find the language line "mynt_buy_taobao"
ERROR - 2017-07-13 02:53:57 --> Could not find the language line "mynt_buy_tmall"
ERROR - 2017-07-13 02:53:57 --> Could not find the language line "mynt_buy_jd"
ERROR - 2017-07-13 02:54:43 --> Could not find the language line "mynt_buy_taobao"
ERROR - 2017-07-13 02:54:43 --> Could not find the language line "mynt_buy_tmall"
ERROR - 2017-07-13 02:54:43 --> Could not find the language line "mynt_buy_jd"
ERROR - 2017-07-13 02:54:43 --> Could not find the language line "home_cloud_title"
ERROR - 2017-07-13 02:54:43 --> Could not find the language line "home_cloud_intro"
ERROR - 2017-07-13 02:54:43 --> Could not find the language line "mynt_icon_taobao"
ERROR - 2017-07-13 02:54:43 --> Could not find the language line "mynt_icon_tmall"
ERROR - 2017-07-13 02:54:43 --> Could not find the language line "mynt_icon_youzan"
ERROR - 2017-07-13 02:54:43 --> Could not find the language line "mynt_buy_taobao"
ERROR - 2017-07-13 02:54:43 --> Could not find the language line "mynt_buy_tmall"
ERROR - 2017-07-13 02:54:43 --> Could not find the language line "mynt_buy_jd"
ERROR - 2017-07-13 02:55:17 --> Could not find the language line "mynt_buy_taobao"
ERROR - 2017-07-13 02:55:17 --> Could not find the language line "mynt_buy_tmall"
ERROR - 2017-07-13 02:55:17 --> Could not find the language line "mynt_buy_jd"
ERROR - 2017-07-13 02:55:17 --> Could not find the language line "home_cloud_title"
ERROR - 2017-07-13 02:55:17 --> Could not find the language line "home_cloud_intro"
ERROR - 2017-07-13 02:55:17 --> Could not find the language line "mynt_icon_taobao"
ERROR - 2017-07-13 02:55:17 --> Could not find the language line "mynt_icon_tmall"
ERROR - 2017-07-13 02:55:17 --> Could not find the language line "mynt_icon_youzan"
ERROR - 2017-07-13 02:55:18 --> Could not find the language line "mynt_buy_taobao"
ERROR - 2017-07-13 02:55:18 --> Could not find the language line "mynt_buy_tmall"
ERROR - 2017-07-13 02:55:18 --> Could not find the language line "mynt_buy_jd"
ERROR - 2017-07-13 02:55:27 --> Could not find the language line "home_cloud_title"
ERROR - 2017-07-13 02:55:27 --> Could not find the language line "home_cloud_intro"
ERROR - 2017-07-13 02:55:27 --> Could not find the language line "mynt_buy_taobao"
ERROR - 2017-07-13 02:55:27 --> Could not find the language line "mynt_buy_tmall"
ERROR - 2017-07-13 02:55:27 --> Could not find the language line "mynt_buy_jd"
ERROR - 2017-07-13 02:55:36 --> Could not find the language line "mynt_buy_taobao"
ERROR - 2017-07-13 02:55:36 --> Could not find the language line "mynt_buy_tmall"
ERROR - 2017-07-13 02:55:36 --> Could not find the language line "mynt_buy_jd"
ERROR - 2017-07-13 02:55:36 --> Could not find the language line "home_cloud_title"
ERROR - 2017-07-13 02:55:36 --> Could not find the language line "home_cloud_intro"
ERROR - 2017-07-13 02:55:36 --> Could not find the language line "mynt_icon_taobao"
ERROR - 2017-07-13 02:55:36 --> Could not find the language line "mynt_icon_tmall"
ERROR - 2017-07-13 02:55:36 --> Could not find the language line "mynt_icon_youzan"
ERROR - 2017-07-13 02:55:36 --> Could not find the language line "mynt_buy_taobao"
ERROR - 2017-07-13 02:55:36 --> Could not find the language line "mynt_buy_tmall"
ERROR - 2017-07-13 02:55:36 --> Could not find the language line "mynt_buy_jd"
ERROR - 2017-07-13 02:56:20 --> Could not find the language line "mynt_buy_taobao"
ERROR - 2017-07-13 02:56:20 --> Could not find the language line "mynt_buy_tmall"
ERROR - 2017-07-13 02:56:20 --> Could not find the language line "mynt_buy_jd"
ERROR - 2017-07-13 02:56:20 --> Could not find the language line "home_cloud_title"
ERROR - 2017-07-13 02:56:20 --> Could not find the language line "home_cloud_intro"
ERROR - 2017-07-13 02:56:20 --> Could not find the language line "mynt_icon_taobao"
ERROR - 2017-07-13 02:56:20 --> Could not find the language line "mynt_icon_tmall"
ERROR - 2017-07-13 02:56:20 --> Could not find the language line "mynt_icon_youzan"
ERROR - 2017-07-13 02:56:20 --> Could not find the language line "mynt_buy_taobao"
ERROR - 2017-07-13 02:56:20 --> Could not find the language line "mynt_buy_tmall"
ERROR - 2017-07-13 02:56:20 --> Could not find the language line "mynt_buy_jd"
ERROR - 2017-07-13 02:56:25 --> Could not find the language line "home_cloud_title"
ERROR - 2017-07-13 02:56:25 --> Could not find the language line "home_cloud_intro"
ERROR - 2017-07-13 02:56:25 --> Could not find the language line "mynt_buy_taobao"
ERROR - 2017-07-13 02:56:25 --> Could not find the language line "mynt_buy_tmall"
ERROR - 2017-07-13 02:56:25 --> Could not find the language line "mynt_buy_jd"
ERROR - 2017-07-13 02:56:34 --> Could not find the language line "home_cloud_title"
ERROR - 2017-07-13 02:56:34 --> Could not find the language line "home_cloud_intro"
ERROR - 2017-07-13 02:56:35 --> Could not find the language line "mynt_buy_taobao"
ERROR - 2017-07-13 02:56:35 --> Could not find the language line "mynt_buy_tmall"
ERROR - 2017-07-13 02:56:35 --> Could not find the language line "mynt_buy_jd"
ERROR - 2017-07-13 02:57:38 --> Could not find the language line "home_cloud_title"
ERROR - 2017-07-13 02:57:38 --> Could not find the language line "home_cloud_intro"
ERROR - 2017-07-13 02:57:38 --> Could not find the language line "mynt_buy_taobao"
ERROR - 2017-07-13 02:57:38 --> Could not find the language line "mynt_buy_tmall"
ERROR - 2017-07-13 02:57:38 --> Could not find the language line "mynt_buy_jd"
ERROR - 2017-07-13 02:57:45 --> Could not find the language line "mynt_buy_taobao"
ERROR - 2017-07-13 02:57:45 --> Could not find the language line "mynt_buy_tmall"
ERROR - 2017-07-13 02:57:45 --> Could not find the language line "mynt_buy_jd"
ERROR - 2017-07-13 02:57:45 --> Could not find the language line "home_cloud_title"
ERROR - 2017-07-13 02:57:45 --> Could not find the language line "home_cloud_intro"
ERROR - 2017-07-13 02:57:45 --> Could not find the language line "mynt_icon_taobao"
ERROR - 2017-07-13 02:57:45 --> Could not find the language line "mynt_icon_tmall"
ERROR - 2017-07-13 02:57:45 --> Could not find the language line "mynt_icon_youzan"
ERROR - 2017-07-13 02:57:46 --> Could not find the language line "mynt_buy_taobao"
ERROR - 2017-07-13 02:57:46 --> Could not find the language line "mynt_buy_tmall"
ERROR - 2017-07-13 02:57:46 --> Could not find the language line "mynt_buy_jd"
ERROR - 2017-07-13 02:58:05 --> Could not find the language line "home_cloud_title"
ERROR - 2017-07-13 02:58:05 --> Could not find the language line "home_cloud_intro"
ERROR - 2017-07-13 02:58:05 --> Could not find the language line "mynt_buy_taobao"
ERROR - 2017-07-13 02:58:05 --> Could not find the language line "mynt_buy_tmall"
ERROR - 2017-07-13 02:58:05 --> Could not find the language line "mynt_buy_jd"
ERROR - 2017-07-13 03:04:44 --> Could not find the language line "home_cloud_title"
ERROR - 2017-07-13 03:04:44 --> Could not find the language line "home_cloud_intro"
ERROR - 2017-07-13 03:04:44 --> Could not find the language line "mynt_buy_taobao"
ERROR - 2017-07-13 03:04:44 --> Could not find the language line "mynt_buy_tmall"
ERROR - 2017-07-13 03:04:44 --> Could not find the language line "mynt_buy_jd"
ERROR - 2017-07-13 03:04:50 --> Could not find the language line "mynt_buy_taobao"
ERROR - 2017-07-13 03:04:50 --> Could not find the language line "mynt_buy_tmall"
ERROR - 2017-07-13 03:04:50 --> Could not find the language line "mynt_buy_jd"
ERROR - 2017-07-13 03:04:50 --> Could not find the language line "home_cloud_title"
ERROR - 2017-07-13 03:04:50 --> Could not find the language line "home_cloud_intro"
ERROR - 2017-07-13 03:04:50 --> Could not find the language line "mynt_icon_taobao"
ERROR - 2017-07-13 03:04:50 --> Could not find the language line "mynt_icon_tmall"
ERROR - 2017-07-13 03:04:50 --> Could not find the language line "mynt_icon_youzan"
ERROR - 2017-07-13 03:04:50 --> Could not find the language line "mynt_buy_taobao"
ERROR - 2017-07-13 03:04:50 --> Could not find the language line "mynt_buy_tmall"
ERROR - 2017-07-13 03:04:50 --> Could not find the language line "mynt_buy_jd"
ERROR - 2017-07-13 03:05:16 --> Could not find the language line "mynt_buy_taobao"
ERROR - 2017-07-13 03:05:16 --> Could not find the language line "mynt_buy_tmall"
ERROR - 2017-07-13 03:05:16 --> Could not find the language line "mynt_buy_jd"
ERROR - 2017-07-13 03:05:16 --> Could not find the language line "home_cloud_title"
ERROR - 2017-07-13 03:05:16 --> Could not find the language line "home_cloud_intro"
ERROR - 2017-07-13 03:05:16 --> Could not find the language line "mynt_icon_taobao"
ERROR - 2017-07-13 03:05:16 --> Could not find the language line "mynt_icon_tmall"
ERROR - 2017-07-13 03:05:16 --> Could not find the language line "mynt_icon_youzan"
ERROR - 2017-07-13 03:05:16 --> Could not find the language line "mynt_buy_taobao"
ERROR - 2017-07-13 03:05:16 --> Could not find the language line "mynt_buy_tmall"
ERROR - 2017-07-13 03:05:16 --> Could not find the language line "mynt_buy_jd"
ERROR - 2017-07-13 03:06:53 --> Could not find the language line "mynt_buy_taobao"
ERROR - 2017-07-13 03:06:53 --> Could not find the language line "mynt_buy_tmall"
ERROR - 2017-07-13 03:06:53 --> Could not find the language line "mynt_buy_jd"
ERROR - 2017-07-13 03:06:53 --> Could not find the language line "home_cloud_title"
ERROR - 2017-07-13 03:06:53 --> Could not find the language line "home_cloud_intro"
ERROR - 2017-07-13 03:06:53 --> Could not find the language line "mynt_icon_taobao"
ERROR - 2017-07-13 03:06:53 --> Could not find the language line "mynt_icon_tmall"
ERROR - 2017-07-13 03:06:53 --> Could not find the language line "mynt_icon_youzan"
ERROR - 2017-07-13 03:06:53 --> Could not find the language line "mynt_buy_taobao"
ERROR - 2017-07-13 03:06:53 --> Could not find the language line "mynt_buy_tmall"
ERROR - 2017-07-13 03:06:53 --> Could not find the language line "mynt_buy_jd"
ERROR - 2017-07-13 03:07:44 --> Could not find the language line "mynt_buy_taobao"
ERROR - 2017-07-13 03:07:44 --> Could not find the language line "mynt_buy_tmall"
ERROR - 2017-07-13 03:07:44 --> Could not find the language line "mynt_buy_jd"
ERROR - 2017-07-13 03:07:44 --> Could not find the language line "home_cloud_title"
ERROR - 2017-07-13 03:07:44 --> Could not find the language line "home_cloud_intro"
ERROR - 2017-07-13 03:07:44 --> Could not find the language line "mynt_icon_taobao"
ERROR - 2017-07-13 03:07:44 --> Could not find the language line "mynt_icon_tmall"
ERROR - 2017-07-13 03:07:44 --> Could not find the language line "mynt_icon_youzan"
ERROR - 2017-07-13 03:07:44 --> Could not find the language line "mynt_buy_taobao"
ERROR - 2017-07-13 03:07:44 --> Could not find the language line "mynt_buy_tmall"
ERROR - 2017-07-13 03:07:44 --> Could not find the language line "mynt_buy_jd"
ERROR - 2017-07-13 03:07:53 --> Could not find the language line "home_cloud_title"
ERROR - 2017-07-13 03:07:53 --> Could not find the language line "home_cloud_intro"
ERROR - 2017-07-13 03:07:53 --> Could not find the language line "mynt_buy_taobao"
ERROR - 2017-07-13 03:07:53 --> Could not find the language line "mynt_buy_tmall"
ERROR - 2017-07-13 03:07:53 --> Could not find the language line "mynt_buy_jd"
ERROR - 2017-07-13 03:09:03 --> Could not find the language line "mynt_buy_taobao"
ERROR - 2017-07-13 03:09:03 --> Could not find the language line "mynt_buy_tmall"
ERROR - 2017-07-13 03:09:03 --> Could not find the language line "mynt_buy_jd"
ERROR - 2017-07-13 03:09:03 --> Could not find the language line "home_cloud_title"
ERROR - 2017-07-13 03:09:03 --> Could not find the language line "home_cloud_intro"
ERROR - 2017-07-13 03:09:03 --> Could not find the language line "mynt_icon_taobao"
ERROR - 2017-07-13 03:09:03 --> Could not find the language line "mynt_icon_tmall"
ERROR - 2017-07-13 03:09:03 --> Could not find the language line "mynt_icon_youzan"
ERROR - 2017-07-13 03:09:05 --> Could not find the language line "mynt_buy_taobao"
ERROR - 2017-07-13 03:09:05 --> Could not find the language line "mynt_buy_tmall"
ERROR - 2017-07-13 03:09:05 --> Could not find the language line "mynt_buy_jd"
ERROR - 2017-07-13 03:09:24 --> Could not find the language line "home_cloud_title"
ERROR - 2017-07-13 03:09:24 --> Could not find the language line "home_cloud_intro"
ERROR - 2017-07-13 03:09:24 --> Could not find the language line "mynt_buy_taobao"
ERROR - 2017-07-13 03:09:24 --> Could not find the language line "mynt_buy_tmall"
ERROR - 2017-07-13 03:09:24 --> Could not find the language line "mynt_buy_jd"
ERROR - 2017-07-13 03:12:14 --> Could not find the language line "home_cloud_title"
ERROR - 2017-07-13 03:12:14 --> Could not find the language line "home_cloud_intro"
ERROR - 2017-07-13 03:12:14 --> Could not find the language line "mynt_buy_taobao"
ERROR - 2017-07-13 03:12:14 --> Could not find the language line "mynt_buy_tmall"
ERROR - 2017-07-13 03:12:14 --> Could not find the language line "mynt_buy_jd"
ERROR - 2017-07-13 03:12:25 --> Could not find the language line "mynt_buy_taobao"
ERROR - 2017-07-13 03:12:25 --> Could not find the language line "mynt_buy_tmall"
ERROR - 2017-07-13 03:12:25 --> Could not find the language line "mynt_buy_jd"
ERROR - 2017-07-13 03:12:25 --> Could not find the language line "home_cloud_title"
ERROR - 2017-07-13 03:12:25 --> Could not find the language line "home_cloud_intro"
ERROR - 2017-07-13 03:12:25 --> Could not find the language line "mynt_icon_taobao"
ERROR - 2017-07-13 03:12:25 --> Could not find the language line "mynt_icon_tmall"
ERROR - 2017-07-13 03:12:25 --> Could not find the language line "mynt_icon_youzan"
ERROR - 2017-07-13 03:12:27 --> Could not find the language line "mynt_buy_taobao"
ERROR - 2017-07-13 03:12:27 --> Could not find the language line "mynt_buy_tmall"
ERROR - 2017-07-13 03:12:27 --> Could not find the language line "mynt_buy_jd"
ERROR - 2017-07-13 03:12:30 --> Could not find the language line "mynt_buy_taobao"
ERROR - 2017-07-13 03:12:30 --> Could not find the language line "mynt_buy_tmall"
ERROR - 2017-07-13 03:12:30 --> Could not find the language line "mynt_buy_jd"
ERROR - 2017-07-13 03:12:30 --> Could not find the language line "home_cloud_title"
ERROR - 2017-07-13 03:12:30 --> Could not find the language line "home_cloud_intro"
ERROR - 2017-07-13 03:12:30 --> Could not find the language line "mynt_icon_taobao"
ERROR - 2017-07-13 03:12:30 --> Could not find the language line "mynt_icon_tmall"
ERROR - 2017-07-13 03:12:30 --> Could not find the language line "mynt_icon_youzan"
ERROR - 2017-07-13 03:12:31 --> Could not find the language line "mynt_buy_taobao"
ERROR - 2017-07-13 03:12:31 --> Could not find the language line "mynt_buy_tmall"
ERROR - 2017-07-13 03:12:31 --> Could not find the language line "mynt_buy_jd"
ERROR - 2017-07-13 03:12:52 --> Could not find the language line "mynt_buy_taobao"
ERROR - 2017-07-13 03:12:52 --> Could not find the language line "mynt_buy_tmall"
ERROR - 2017-07-13 03:12:52 --> Could not find the language line "mynt_buy_jd"
ERROR - 2017-07-13 03:12:52 --> Could not find the language line "home_cloud_title"
ERROR - 2017-07-13 03:12:52 --> Could not find the language line "home_cloud_intro"
ERROR - 2017-07-13 03:12:52 --> Could not find the language line "mynt_icon_taobao"
ERROR - 2017-07-13 03:12:52 --> Could not find the language line "mynt_icon_tmall"
ERROR - 2017-07-13 03:12:52 --> Could not find the language line "mynt_icon_youzan"
ERROR - 2017-07-13 03:12:53 --> Could not find the language line "mynt_buy_taobao"
ERROR - 2017-07-13 03:12:53 --> Could not find the language line "mynt_buy_tmall"
ERROR - 2017-07-13 03:12:53 --> Could not find the language line "mynt_buy_jd"
ERROR - 2017-07-13 03:14:19 --> Could not find the language line "mynt_buy_taobao"
ERROR - 2017-07-13 03:14:19 --> Could not find the language line "mynt_buy_tmall"
ERROR - 2017-07-13 03:14:19 --> Could not find the language line "mynt_buy_jd"
ERROR - 2017-07-13 03:14:19 --> Could not find the language line "home_cloud_title"
ERROR - 2017-07-13 03:14:19 --> Could not find the language line "home_cloud_intro"
ERROR - 2017-07-13 03:14:19 --> Could not find the language line "mynt_icon_taobao"
ERROR - 2017-07-13 03:14:19 --> Could not find the language line "mynt_icon_tmall"
ERROR - 2017-07-13 03:14:19 --> Could not find the language line "mynt_icon_youzan"
ERROR - 2017-07-13 03:14:19 --> Could not find the language line "mynt_buy_taobao"
ERROR - 2017-07-13 03:14:19 --> Could not find the language line "mynt_buy_tmall"
ERROR - 2017-07-13 03:14:19 --> Could not find the language line "mynt_buy_jd"
ERROR - 2017-07-13 03:14:36 --> Could not find the language line "home_cloud_title"
ERROR - 2017-07-13 03:14:36 --> Could not find the language line "home_cloud_intro"
ERROR - 2017-07-13 03:14:37 --> Could not find the language line "mynt_buy_taobao"
ERROR - 2017-07-13 03:14:37 --> Could not find the language line "mynt_buy_tmall"
ERROR - 2017-07-13 03:14:37 --> Could not find the language line "mynt_buy_jd"
ERROR - 2017-07-13 03:15:35 --> Could not find the language line "home_cloud_title"
ERROR - 2017-07-13 03:15:35 --> Could not find the language line "home_cloud_intro"
ERROR - 2017-07-13 03:15:35 --> Could not find the language line "mynt_buy_taobao"
ERROR - 2017-07-13 03:15:35 --> Could not find the language line "mynt_buy_tmall"
ERROR - 2017-07-13 03:15:35 --> Could not find the language line "mynt_buy_jd"
ERROR - 2017-07-13 03:15:45 --> Could not find the language line "mynt_buy_taobao"
ERROR - 2017-07-13 03:15:45 --> Could not find the language line "mynt_buy_tmall"
ERROR - 2017-07-13 03:15:45 --> Could not find the language line "mynt_buy_jd"
ERROR - 2017-07-13 03:15:45 --> Could not find the language line "home_cloud_title"
ERROR - 2017-07-13 03:15:45 --> Could not find the language line "home_cloud_intro"
ERROR - 2017-07-13 03:15:45 --> Could not find the language line "mynt_icon_taobao"
ERROR - 2017-07-13 03:15:45 --> Could not find the language line "mynt_icon_tmall"
ERROR - 2017-07-13 03:15:45 --> Could not find the language line "mynt_icon_youzan"
ERROR - 2017-07-13 03:15:45 --> Could not find the language line "mynt_buy_taobao"
ERROR - 2017-07-13 03:15:45 --> Could not find the language line "mynt_buy_tmall"
ERROR - 2017-07-13 03:15:45 --> Could not find the language line "mynt_buy_jd"
ERROR - 2017-07-13 03:17:16 --> Could not find the language line "mynt_buy_taobao"
ERROR - 2017-07-13 03:17:16 --> Could not find the language line "mynt_buy_tmall"
ERROR - 2017-07-13 03:17:16 --> Could not find the language line "mynt_buy_jd"
ERROR - 2017-07-13 03:17:16 --> Could not find the language line "home_cloud_title"
ERROR - 2017-07-13 03:17:16 --> Could not find the language line "home_cloud_intro"
ERROR - 2017-07-13 03:17:16 --> Could not find the language line "mynt_icon_taobao"
ERROR - 2017-07-13 03:17:16 --> Could not find the language line "mynt_icon_tmall"
ERROR - 2017-07-13 03:17:16 --> Could not find the language line "mynt_icon_youzan"
ERROR - 2017-07-13 03:17:16 --> Could not find the language line "mynt_buy_taobao"
ERROR - 2017-07-13 03:17:16 --> Could not find the language line "mynt_buy_tmall"
ERROR - 2017-07-13 03:17:16 --> Could not find the language line "mynt_buy_jd"
ERROR - 2017-07-13 03:17:34 --> Could not find the language line "mynt_buy_taobao"
ERROR - 2017-07-13 03:17:34 --> Could not find the language line "mynt_buy_tmall"
ERROR - 2017-07-13 03:17:34 --> Could not find the language line "mynt_buy_jd"
ERROR - 2017-07-13 03:17:34 --> Could not find the language line "home_cloud_title"
ERROR - 2017-07-13 03:17:34 --> Could not find the language line "home_cloud_intro"
ERROR - 2017-07-13 03:17:34 --> Could not find the language line "mynt_icon_taobao"
ERROR - 2017-07-13 03:17:34 --> Could not find the language line "mynt_icon_tmall"
ERROR - 2017-07-13 03:17:34 --> Could not find the language line "mynt_icon_youzan"
ERROR - 2017-07-13 03:17:34 --> Could not find the language line "mynt_buy_taobao"
ERROR - 2017-07-13 03:17:34 --> Could not find the language line "mynt_buy_tmall"
ERROR - 2017-07-13 03:17:34 --> Could not find the language line "mynt_buy_jd"
ERROR - 2017-07-13 03:17:53 --> Could not find the language line "mynt_buy_taobao"
ERROR - 2017-07-13 03:17:53 --> Could not find the language line "mynt_buy_tmall"
ERROR - 2017-07-13 03:17:53 --> Could not find the language line "mynt_buy_jd"
ERROR - 2017-07-13 03:17:53 --> Could not find the language line "home_cloud_title"
ERROR - 2017-07-13 03:17:53 --> Could not find the language line "home_cloud_intro"
ERROR - 2017-07-13 03:17:53 --> Could not find the language line "mynt_icon_taobao"
ERROR - 2017-07-13 03:17:53 --> Could not find the language line "mynt_icon_tmall"
ERROR - 2017-07-13 03:17:53 --> Could not find the language line "mynt_icon_youzan"
ERROR - 2017-07-13 03:17:54 --> Could not find the language line "mynt_buy_taobao"
ERROR - 2017-07-13 03:17:54 --> Could not find the language line "mynt_buy_tmall"
ERROR - 2017-07-13 03:17:54 --> Could not find the language line "mynt_buy_jd"
ERROR - 2017-07-13 03:18:05 --> Could not find the language line "mynt_buy_taobao"
ERROR - 2017-07-13 03:18:05 --> Could not find the language line "mynt_buy_tmall"
ERROR - 2017-07-13 03:18:05 --> Could not find the language line "mynt_buy_jd"
ERROR - 2017-07-13 03:18:05 --> Could not find the language line "home_cloud_title"
ERROR - 2017-07-13 03:18:05 --> Could not find the language line "home_cloud_intro"
ERROR - 2017-07-13 03:18:05 --> Could not find the language line "mynt_icon_taobao"
ERROR - 2017-07-13 03:18:05 --> Could not find the language line "mynt_icon_tmall"
ERROR - 2017-07-13 03:18:05 --> Could not find the language line "mynt_icon_youzan"
ERROR - 2017-07-13 03:18:05 --> Could not find the language line "mynt_buy_taobao"
ERROR - 2017-07-13 03:18:05 --> Could not find the language line "mynt_buy_tmall"
ERROR - 2017-07-13 03:18:05 --> Could not find the language line "mynt_buy_jd"
ERROR - 2017-07-13 03:18:24 --> Could not find the language line "mynt_buy_taobao"
ERROR - 2017-07-13 03:18:24 --> Could not find the language line "mynt_buy_tmall"
ERROR - 2017-07-13 03:18:24 --> Could not find the language line "mynt_buy_jd"
ERROR - 2017-07-13 03:18:24 --> Could not find the language line "home_cloud_title"
ERROR - 2017-07-13 03:18:24 --> Could not find the language line "home_cloud_intro"
ERROR - 2017-07-13 03:18:24 --> Could not find the language line "mynt_icon_taobao"
ERROR - 2017-07-13 03:18:24 --> Could not find the language line "mynt_icon_tmall"
ERROR - 2017-07-13 03:18:24 --> Could not find the language line "mynt_icon_youzan"
ERROR - 2017-07-13 03:18:24 --> Could not find the language line "mynt_buy_taobao"
ERROR - 2017-07-13 03:18:24 --> Could not find the language line "mynt_buy_tmall"
ERROR - 2017-07-13 03:18:24 --> Could not find the language line "mynt_buy_jd"
ERROR - 2017-07-13 03:18:33 --> Could not find the language line "mynt_buy_taobao"
ERROR - 2017-07-13 03:18:33 --> Could not find the language line "mynt_buy_tmall"
ERROR - 2017-07-13 03:18:33 --> Could not find the language line "mynt_buy_jd"
ERROR - 2017-07-13 03:18:40 --> Could not find the language line "mynt_buy_taobao"
ERROR - 2017-07-13 03:18:40 --> Could not find the language line "mynt_buy_tmall"
ERROR - 2017-07-13 03:18:40 --> Could not find the language line "mynt_buy_jd"
ERROR - 2017-07-13 03:18:49 --> Could not find the language line "mynt_buy_taobao"
ERROR - 2017-07-13 03:18:49 --> Could not find the language line "mynt_buy_tmall"
ERROR - 2017-07-13 03:18:49 --> Could not find the language line "mynt_buy_jd"
ERROR - 2017-07-13 03:18:49 --> Could not find the language line "home_cloud_title"
ERROR - 2017-07-13 03:18:49 --> Could not find the language line "home_cloud_intro"
ERROR - 2017-07-13 03:18:49 --> Could not find the language line "mynt_icon_taobao"
ERROR - 2017-07-13 03:18:49 --> Could not find the language line "mynt_icon_tmall"
ERROR - 2017-07-13 03:18:49 --> Could not find the language line "mynt_icon_youzan"
ERROR - 2017-07-13 03:18:49 --> Could not find the language line "mynt_buy_taobao"
ERROR - 2017-07-13 03:18:49 --> Could not find the language line "mynt_buy_tmall"
ERROR - 2017-07-13 03:18:49 --> Could not find the language line "mynt_buy_jd"
ERROR - 2017-07-13 03:18:54 --> Could not find the language line "mynt_buy_taobao"
ERROR - 2017-07-13 03:18:54 --> Could not find the language line "mynt_buy_tmall"
ERROR - 2017-07-13 03:18:54 --> Could not find the language line "mynt_buy_jd"
ERROR - 2017-07-13 03:18:54 --> Could not find the language line "home_cloud_title"
ERROR - 2017-07-13 03:18:54 --> Could not find the language line "home_cloud_intro"
ERROR - 2017-07-13 03:18:54 --> Could not find the language line "mynt_icon_taobao"
ERROR - 2017-07-13 03:18:54 --> Could not find the language line "mynt_icon_tmall"
ERROR - 2017-07-13 03:18:54 --> Could not find the language line "mynt_icon_youzan"
ERROR - 2017-07-13 03:18:54 --> Could not find the language line "mynt_buy_taobao"
ERROR - 2017-07-13 03:18:54 --> Could not find the language line "mynt_buy_tmall"
ERROR - 2017-07-13 03:18:54 --> Could not find the language line "mynt_buy_jd"
ERROR - 2017-07-13 03:18:57 --> Could not find the language line "mynt_buy_taobao"
ERROR - 2017-07-13 03:18:57 --> Could not find the language line "mynt_buy_tmall"
ERROR - 2017-07-13 03:18:57 --> Could not find the language line "mynt_buy_jd"
ERROR - 2017-07-13 03:18:57 --> Could not find the language line "home_cloud_title"
ERROR - 2017-07-13 03:18:57 --> Could not find the language line "home_cloud_intro"
ERROR - 2017-07-13 03:18:57 --> Could not find the language line "mynt_icon_taobao"
ERROR - 2017-07-13 03:18:57 --> Could not find the language line "mynt_icon_tmall"
ERROR - 2017-07-13 03:18:57 --> Could not find the language line "mynt_icon_youzan"
ERROR - 2017-07-13 03:18:57 --> Could not find the language line "mynt_buy_taobao"
ERROR - 2017-07-13 03:18:57 --> Could not find the language line "mynt_buy_tmall"
ERROR - 2017-07-13 03:18:57 --> Could not find the language line "mynt_buy_jd"
ERROR - 2017-07-13 03:19:05 --> Could not find the language line "mynt_buy_taobao"
ERROR - 2017-07-13 03:19:05 --> Could not find the language line "mynt_buy_tmall"
ERROR - 2017-07-13 03:19:05 --> Could not find the language line "mynt_buy_jd"
ERROR - 2017-07-13 03:19:13 --> Could not find the language line "mynt_buy_taobao"
ERROR - 2017-07-13 03:19:13 --> Could not find the language line "mynt_buy_tmall"
ERROR - 2017-07-13 03:19:13 --> Could not find the language line "mynt_buy_jd"
ERROR - 2017-07-13 03:19:14 --> Could not find the language line "mynt_buy_taobao"
ERROR - 2017-07-13 03:19:14 --> Could not find the language line "mynt_buy_tmall"
ERROR - 2017-07-13 03:19:14 --> Could not find the language line "mynt_buy_jd"
ERROR - 2017-07-13 03:19:16 --> Could not find the language line "mynt_buy_taobao"
ERROR - 2017-07-13 03:19:16 --> Could not find the language line "mynt_buy_tmall"
ERROR - 2017-07-13 03:19:16 --> Could not find the language line "mynt_buy_jd"
ERROR - 2017-07-13 03:19:18 --> Could not find the language line "mynt_buy_taobao"
ERROR - 2017-07-13 03:19:18 --> Could not find the language line "mynt_buy_tmall"
ERROR - 2017-07-13 03:19:18 --> Could not find the language line "mynt_buy_jd"
ERROR - 2017-07-13 03:22:03 --> Could not find the language line "home_cloud_title"
ERROR - 2017-07-13 03:22:03 --> Could not find the language line "home_cloud_intro"
ERROR - 2017-07-13 03:22:04 --> Could not find the language line "home_cloud_title"
ERROR - 2017-07-13 03:22:04 --> Could not find the language line "home_cloud_intro"
ERROR - 2017-07-13 03:22:12 --> Could not find the language line "home_cloud_title"
ERROR - 2017-07-13 03:22:12 --> Could not find the language line "home_cloud_intro"
ERROR - 2017-07-13 03:22:24 --> Could not find the language line "home_cloud_title"
ERROR - 2017-07-13 03:22:24 --> Could not find the language line "home_cloud_intro"
ERROR - 2017-07-13 03:22:25 --> Could not find the language line "home_cloud_title"
ERROR - 2017-07-13 03:22:25 --> Could not find the language line "home_cloud_intro"
ERROR - 2017-07-13 03:22:36 --> Could not find the language line "home_cloud_title"
ERROR - 2017-07-13 03:22:36 --> Could not find the language line "home_cloud_intro"
ERROR - 2017-07-13 03:22:38 --> Could not find the language line "home_cloud_title"
ERROR - 2017-07-13 03:22:38 --> Could not find the language line "home_cloud_intro"
ERROR - 2017-07-13 03:23:07 --> Could not find the language line "home_cloud_title"
ERROR - 2017-07-13 03:23:07 --> Could not find the language line "home_cloud_intro"
ERROR - 2017-07-13 03:23:09 --> Could not find the language line "home_cloud_title"
ERROR - 2017-07-13 03:23:09 --> Could not find the language line "home_cloud_intro"
ERROR - 2017-07-13 03:23:09 --> Could not find the language line "mynt_buy_taobao"
ERROR - 2017-07-13 03:23:09 --> Could not find the language line "mynt_buy_tmall"
ERROR - 2017-07-13 03:23:09 --> Could not find the language line "mynt_buy_jd"
ERROR - 2017-07-13 03:23:17 --> Could not find the language line "mynt_buy_taobao"
ERROR - 2017-07-13 03:23:17 --> Could not find the language line "mynt_buy_tmall"
ERROR - 2017-07-13 03:23:17 --> Could not find the language line "mynt_buy_jd"
ERROR - 2017-07-13 03:23:21 --> Could not find the language line "mynt_buy_taobao"
ERROR - 2017-07-13 03:23:21 --> Could not find the language line "mynt_buy_tmall"
ERROR - 2017-07-13 03:23:21 --> Could not find the language line "mynt_buy_jd"
ERROR - 2017-07-13 03:23:28 --> Could not find the language line "home_cloud_title"
ERROR - 2017-07-13 03:23:28 --> Could not find the language line "home_cloud_intro"
ERROR - 2017-07-13 03:23:29 --> Could not find the language line "home_cloud_title"
ERROR - 2017-07-13 03:23:29 --> Could not find the language line "home_cloud_intro"
ERROR - 2017-07-13 03:23:43 --> Could not find the language line "home_cloud_title"
ERROR - 2017-07-13 03:23:43 --> Could not find the language line "home_cloud_intro"
ERROR - 2017-07-13 03:23:47 --> Could not find the language line "home_cloud_title"
ERROR - 2017-07-13 03:23:47 --> Could not find the language line "home_cloud_intro"
ERROR - 2017-07-13 03:23:50 --> Could not find the language line "home_cloud_title"
ERROR - 2017-07-13 03:23:50 --> Could not find the language line "home_cloud_intro"
ERROR - 2017-07-13 03:23:50 --> Could not find the language line "home_cloud_title"
ERROR - 2017-07-13 03:23:50 --> Could not find the language line "home_cloud_intro"
ERROR - 2017-07-13 03:23:54 --> Could not find the language line "home_cloud_title"
ERROR - 2017-07-13 03:23:54 --> Could not find the language line "home_cloud_intro"
ERROR - 2017-07-13 03:24:04 --> Could not find the language line "home_cloud_title"
ERROR - 2017-07-13 03:24:04 --> Could not find the language line "home_cloud_intro"
ERROR - 2017-07-13 03:24:06 --> Could not find the language line "home_cloud_title"
ERROR - 2017-07-13 03:24:06 --> Could not find the language line "home_cloud_intro"
ERROR - 2017-07-13 03:24:08 --> Could not find the language line "home_cloud_title"
ERROR - 2017-07-13 03:24:08 --> Could not find the language line "home_cloud_intro"
ERROR - 2017-07-13 03:24:25 --> Could not find the language line "home_cloud_title"
ERROR - 2017-07-13 03:24:25 --> Could not find the language line "home_cloud_intro"
ERROR - 2017-07-13 03:24:26 --> Could not find the language line "home_cloud_title"
ERROR - 2017-07-13 03:24:26 --> Could not find the language line "home_cloud_intro"
ERROR - 2017-07-13 03:24:26 --> Could not find the language line "home_cloud_title"
ERROR - 2017-07-13 03:24:26 --> Could not find the language line "home_cloud_intro"
ERROR - 2017-07-13 03:24:37 --> Could not find the language line "mynt_buy_taobao"
ERROR - 2017-07-13 03:24:37 --> Could not find the language line "mynt_buy_tmall"
ERROR - 2017-07-13 03:24:37 --> Could not find the language line "mynt_buy_jd"
ERROR - 2017-07-13 03:25:18 --> Could not find the language line "home_cloud_title"
ERROR - 2017-07-13 03:25:18 --> Could not find the language line "home_cloud_intro"
ERROR - 2017-07-13 03:30:04 --> Could not find the language line "mynt_buy_taobao"
ERROR - 2017-07-13 03:30:04 --> Could not find the language line "mynt_buy_tmall"
ERROR - 2017-07-13 03:30:04 --> Could not find the language line "mynt_buy_jd"
ERROR - 2017-07-13 03:30:04 --> Could not find the language line "home_cloud_title"
ERROR - 2017-07-13 03:30:04 --> Could not find the language line "home_cloud_intro"
ERROR - 2017-07-13 03:30:04 --> Could not find the language line "mynt_icon_taobao"
ERROR - 2017-07-13 03:30:04 --> Could not find the language line "mynt_icon_tmall"
ERROR - 2017-07-13 03:30:04 --> Could not find the language line "mynt_icon_youzan"
ERROR - 2017-07-13 03:30:04 --> Could not find the language line "mynt_buy_taobao"
ERROR - 2017-07-13 03:30:04 --> Could not find the language line "mynt_buy_tmall"
ERROR - 2017-07-13 03:30:04 --> Could not find the language line "mynt_buy_jd"
ERROR - 2017-07-13 03:30:06 --> Could not find the language line "mynt_buy_taobao"
ERROR - 2017-07-13 03:30:06 --> Could not find the language line "mynt_buy_tmall"
ERROR - 2017-07-13 03:30:06 --> Could not find the language line "mynt_buy_jd"
ERROR - 2017-07-13 03:30:16 --> Could not find the language line "mynt_buy_taobao"
ERROR - 2017-07-13 03:30:16 --> Could not find the language line "mynt_buy_tmall"
ERROR - 2017-07-13 03:30:16 --> Could not find the language line "mynt_buy_jd"
ERROR - 2017-07-13 03:30:16 --> Could not find the language line "home_cloud_title"
ERROR - 2017-07-13 03:30:16 --> Could not find the language line "home_cloud_intro"
ERROR - 2017-07-13 03:30:16 --> Could not find the language line "mynt_icon_taobao"
ERROR - 2017-07-13 03:30:16 --> Could not find the language line "mynt_icon_tmall"
ERROR - 2017-07-13 03:30:16 --> Could not find the language line "mynt_icon_youzan"
ERROR - 2017-07-13 03:30:16 --> Could not find the language line "mynt_buy_taobao"
ERROR - 2017-07-13 03:30:16 --> Could not find the language line "mynt_buy_tmall"
ERROR - 2017-07-13 03:30:16 --> Could not find the language line "mynt_buy_jd"
ERROR - 2017-07-13 03:30:18 --> Could not find the language line "mynt_buy_taobao"
ERROR - 2017-07-13 03:30:18 --> Could not find the language line "mynt_buy_tmall"
ERROR - 2017-07-13 03:30:18 --> Could not find the language line "mynt_buy_jd"
ERROR - 2017-07-13 03:30:21 --> Could not find the language line "mynt_buy_taobao"
ERROR - 2017-07-13 03:30:21 --> Could not find the language line "mynt_buy_tmall"
ERROR - 2017-07-13 03:30:21 --> Could not find the language line "mynt_buy_jd"
ERROR - 2017-07-13 03:31:00 --> Could not find the language line "mynt_buy_taobao"
ERROR - 2017-07-13 03:31:00 --> Could not find the language line "mynt_buy_tmall"
ERROR - 2017-07-13 03:31:00 --> Could not find the language line "mynt_buy_jd"
ERROR - 2017-07-13 03:31:00 --> Could not find the language line "home_cloud_title"
ERROR - 2017-07-13 03:31:00 --> Could not find the language line "home_cloud_intro"
ERROR - 2017-07-13 03:31:00 --> Could not find the language line "mynt_icon_taobao"
ERROR - 2017-07-13 03:31:00 --> Could not find the language line "mynt_icon_tmall"
ERROR - 2017-07-13 03:31:00 --> Could not find the language line "mynt_icon_youzan"
ERROR - 2017-07-13 03:31:00 --> Could not find the language line "mynt_buy_taobao"
ERROR - 2017-07-13 03:31:00 --> Could not find the language line "mynt_buy_tmall"
ERROR - 2017-07-13 03:31:00 --> Could not find the language line "mynt_buy_jd"
ERROR - 2017-07-13 03:31:02 --> Could not find the language line "mynt_buy_taobao"
ERROR - 2017-07-13 03:31:02 --> Could not find the language line "mynt_buy_tmall"
ERROR - 2017-07-13 03:31:02 --> Could not find the language line "mynt_buy_jd"
ERROR - 2017-07-13 03:31:05 --> Could not find the language line "mynt_buy_taobao"
ERROR - 2017-07-13 03:31:05 --> Could not find the language line "mynt_buy_tmall"
ERROR - 2017-07-13 03:31:05 --> Could not find the language line "mynt_buy_jd"
ERROR - 2017-07-13 03:31:16 --> Could not find the language line "mynt_buy_taobao"
ERROR - 2017-07-13 03:31:16 --> Could not find the language line "mynt_buy_tmall"
ERROR - 2017-07-13 03:31:16 --> Could not find the language line "mynt_buy_jd"
ERROR - 2017-07-13 03:31:16 --> Could not find the language line "home_cloud_title"
ERROR - 2017-07-13 03:31:16 --> Could not find the language line "home_cloud_intro"
ERROR - 2017-07-13 03:31:16 --> Could not find the language line "mynt_icon_taobao"
ERROR - 2017-07-13 03:31:16 --> Could not find the language line "mynt_icon_tmall"
ERROR - 2017-07-13 03:31:16 --> Could not find the language line "mynt_icon_youzan"
ERROR - 2017-07-13 03:31:16 --> Could not find the language line "mynt_buy_taobao"
ERROR - 2017-07-13 03:31:16 --> Could not find the language line "mynt_buy_tmall"
ERROR - 2017-07-13 03:31:16 --> Could not find the language line "mynt_buy_jd"
ERROR - 2017-07-13 03:31:18 --> Could not find the language line "mynt_buy_taobao"
ERROR - 2017-07-13 03:31:18 --> Could not find the language line "mynt_buy_tmall"
ERROR - 2017-07-13 03:31:18 --> Could not find the language line "mynt_buy_jd"
ERROR - 2017-07-13 03:31:28 --> Could not find the language line "mynt_buy_taobao"
ERROR - 2017-07-13 03:31:28 --> Could not find the language line "mynt_buy_tmall"
ERROR - 2017-07-13 03:31:28 --> Could not find the language line "mynt_buy_jd"
ERROR - 2017-07-13 03:31:28 --> Could not find the language line "home_cloud_title"
ERROR - 2017-07-13 03:31:28 --> Could not find the language line "home_cloud_intro"
ERROR - 2017-07-13 03:31:28 --> Could not find the language line "mynt_icon_taobao"
ERROR - 2017-07-13 03:31:28 --> Could not find the language line "mynt_icon_tmall"
ERROR - 2017-07-13 03:31:28 --> Could not find the language line "mynt_icon_youzan"
ERROR - 2017-07-13 03:31:28 --> Could not find the language line "mynt_buy_taobao"
ERROR - 2017-07-13 03:31:28 --> Could not find the language line "mynt_buy_tmall"
ERROR - 2017-07-13 03:31:28 --> Could not find the language line "mynt_buy_jd"
ERROR - 2017-07-13 03:32:12 --> Could not find the language line "mynt_buy_taobao"
ERROR - 2017-07-13 03:32:12 --> Could not find the language line "mynt_buy_tmall"
ERROR - 2017-07-13 03:32:12 --> Could not find the language line "mynt_buy_jd"
ERROR - 2017-07-13 03:33:21 --> Could not find the language line "mynt_buy_taobao"
ERROR - 2017-07-13 03:33:21 --> Could not find the language line "mynt_buy_tmall"
ERROR - 2017-07-13 03:33:21 --> Could not find the language line "mynt_buy_jd"
ERROR - 2017-07-13 03:33:21 --> Could not find the language line "home_cloud_title"
ERROR - 2017-07-13 03:33:21 --> Could not find the language line "home_cloud_intro"
ERROR - 2017-07-13 03:33:21 --> Could not find the language line "mynt_icon_taobao"
ERROR - 2017-07-13 03:33:21 --> Could not find the language line "mynt_icon_tmall"
ERROR - 2017-07-13 03:33:21 --> Could not find the language line "mynt_icon_youzan"
ERROR - 2017-07-13 03:33:21 --> Could not find the language line "mynt_buy_taobao"
ERROR - 2017-07-13 03:33:21 --> Could not find the language line "mynt_buy_tmall"
ERROR - 2017-07-13 03:33:21 --> Could not find the language line "mynt_buy_jd"
ERROR - 2017-07-13 03:34:14 --> Could not find the language line "mynt_buy_taobao"
ERROR - 2017-07-13 03:34:14 --> Could not find the language line "mynt_buy_tmall"
ERROR - 2017-07-13 03:34:14 --> Could not find the language line "mynt_buy_jd"
ERROR - 2017-07-13 03:34:14 --> Could not find the language line "mynt_buy_taobao"
ERROR - 2017-07-13 03:34:14 --> Could not find the language line "mynt_buy_tmall"
ERROR - 2017-07-13 03:34:14 --> Could not find the language line "mynt_buy_jd"
ERROR - 2017-07-13 03:37:43 --> Could not find the language line "mynt_buy_taobao"
ERROR - 2017-07-13 03:37:43 --> Could not find the language line "mynt_buy_tmall"
ERROR - 2017-07-13 03:37:43 --> Could not find the language line "mynt_buy_jd"
ERROR - 2017-07-13 03:37:44 --> Could not find the language line "mynt_buy_taobao"
ERROR - 2017-07-13 03:37:44 --> Could not find the language line "mynt_buy_tmall"
ERROR - 2017-07-13 03:37:44 --> Could not find the language line "mynt_buy_jd"
ERROR - 2017-07-13 03:40:39 --> Could not find the language line "home_cloud_title"
ERROR - 2017-07-13 03:40:39 --> Could not find the language line "home_cloud_intro"
ERROR - 2017-07-13 03:40:39 --> Could not find the language line "mynt_buy_taobao"
ERROR - 2017-07-13 03:40:39 --> Could not find the language line "mynt_buy_tmall"
ERROR - 2017-07-13 03:40:39 --> Could not find the language line "mynt_buy_jd"
ERROR - 2017-07-13 03:40:43 --> Could not find the language line "mynt_buy_taobao"
ERROR - 2017-07-13 03:40:43 --> Could not find the language line "mynt_buy_tmall"
ERROR - 2017-07-13 03:40:43 --> Could not find the language line "mynt_buy_jd"
ERROR - 2017-07-13 03:41:06 --> Could not find the language line "home_cloud_title"
ERROR - 2017-07-13 03:41:06 --> Could not find the language line "home_cloud_intro"
ERROR - 2017-07-13 03:41:07 --> Could not find the language line "mynt_buy_taobao"
ERROR - 2017-07-13 03:41:07 --> Could not find the language line "mynt_buy_tmall"
ERROR - 2017-07-13 03:41:07 --> Could not find the language line "mynt_buy_jd"
ERROR - 2017-07-13 03:41:10 --> Could not find the language line "home_cloud_title"
ERROR - 2017-07-13 03:41:10 --> Could not find the language line "home_cloud_intro"
ERROR - 2017-07-13 03:41:10 --> Could not find the language line "mynt_buy_taobao"
ERROR - 2017-07-13 03:41:10 --> Could not find the language line "mynt_buy_tmall"
ERROR - 2017-07-13 03:41:10 --> Could not find the language line "mynt_buy_jd"
ERROR - 2017-07-13 03:42:22 --> Could not find the language line "home_cloud_title"
ERROR - 2017-07-13 03:42:22 --> Could not find the language line "home_cloud_intro"
ERROR - 2017-07-13 03:42:23 --> Could not find the language line "mynt_buy_taobao"
ERROR - 2017-07-13 03:42:23 --> Could not find the language line "mynt_buy_tmall"
ERROR - 2017-07-13 03:42:23 --> Could not find the language line "mynt_buy_jd"
ERROR - 2017-07-13 03:42:29 --> Could not find the language line "mynt_buy_taobao"
ERROR - 2017-07-13 03:42:29 --> Could not find the language line "mynt_buy_tmall"
ERROR - 2017-07-13 03:42:29 --> Could not find the language line "mynt_buy_jd"
ERROR - 2017-07-13 03:42:35 --> Could not find the language line "mynt_buy_taobao"
ERROR - 2017-07-13 03:42:35 --> Could not find the language line "mynt_buy_tmall"
ERROR - 2017-07-13 03:42:35 --> Could not find the language line "mynt_buy_jd"
ERROR - 2017-07-13 03:42:35 --> Could not find the language line "home_cloud_title"
ERROR - 2017-07-13 03:42:35 --> Could not find the language line "home_cloud_intro"
ERROR - 2017-07-13 03:42:35 --> Could not find the language line "mynt_icon_taobao"
ERROR - 2017-07-13 03:42:35 --> Could not find the language line "mynt_icon_tmall"
ERROR - 2017-07-13 03:42:35 --> Could not find the language line "mynt_icon_youzan"
ERROR - 2017-07-13 03:42:35 --> Could not find the language line "mynt_buy_taobao"
ERROR - 2017-07-13 03:42:35 --> Could not find the language line "mynt_buy_tmall"
ERROR - 2017-07-13 03:42:35 --> Could not find the language line "mynt_buy_jd"
ERROR - 2017-07-13 03:42:53 --> Could not find the language line "mynt_buy_taobao"
ERROR - 2017-07-13 03:42:53 --> Could not find the language line "mynt_buy_tmall"
ERROR - 2017-07-13 03:42:53 --> Could not find the language line "mynt_buy_jd"
ERROR - 2017-07-13 03:42:53 --> Could not find the language line "home_cloud_title"
ERROR - 2017-07-13 03:42:53 --> Could not find the language line "home_cloud_intro"
ERROR - 2017-07-13 03:42:53 --> Could not find the language line "mynt_icon_taobao"
ERROR - 2017-07-13 03:42:53 --> Could not find the language line "mynt_icon_tmall"
ERROR - 2017-07-13 03:42:53 --> Could not find the language line "mynt_icon_youzan"
ERROR - 2017-07-13 03:42:53 --> Could not find the language line "mynt_buy_taobao"
ERROR - 2017-07-13 03:42:53 --> Could not find the language line "mynt_buy_tmall"
ERROR - 2017-07-13 03:42:53 --> Could not find the language line "mynt_buy_jd"
ERROR - 2017-07-13 03:42:54 --> Could not find the language line "mynt_buy_taobao"
ERROR - 2017-07-13 03:42:54 --> Could not find the language line "mynt_buy_tmall"
ERROR - 2017-07-13 03:42:54 --> Could not find the language line "mynt_buy_jd"
ERROR - 2017-07-13 03:42:54 --> Could not find the language line "home_cloud_title"
ERROR - 2017-07-13 03:42:54 --> Could not find the language line "home_cloud_intro"
ERROR - 2017-07-13 03:42:54 --> Could not find the language line "mynt_icon_taobao"
ERROR - 2017-07-13 03:42:54 --> Could not find the language line "mynt_icon_tmall"
ERROR - 2017-07-13 03:42:54 --> Could not find the language line "mynt_icon_youzan"
ERROR - 2017-07-13 03:42:54 --> Could not find the language line "mynt_buy_taobao"
ERROR - 2017-07-13 03:42:54 --> Could not find the language line "mynt_buy_tmall"
ERROR - 2017-07-13 03:42:54 --> Could not find the language line "mynt_buy_jd"
ERROR - 2017-07-13 03:42:54 --> Could not find the language line "mynt_buy_taobao"
ERROR - 2017-07-13 03:42:54 --> Could not find the language line "mynt_buy_tmall"
ERROR - 2017-07-13 03:42:54 --> Could not find the language line "mynt_buy_jd"
ERROR - 2017-07-13 03:42:54 --> Could not find the language line "home_cloud_title"
ERROR - 2017-07-13 03:42:54 --> Could not find the language line "home_cloud_intro"
ERROR - 2017-07-13 03:42:54 --> Could not find the language line "mynt_icon_taobao"
ERROR - 2017-07-13 03:42:54 --> Could not find the language line "mynt_icon_tmall"
ERROR - 2017-07-13 03:42:54 --> Could not find the language line "mynt_icon_youzan"
ERROR - 2017-07-13 03:42:54 --> Could not find the language line "mynt_buy_taobao"
ERROR - 2017-07-13 03:42:54 --> Could not find the language line "mynt_buy_tmall"
ERROR - 2017-07-13 03:42:54 --> Could not find the language line "mynt_buy_jd"
ERROR - 2017-07-13 03:42:54 --> Could not find the language line "mynt_buy_taobao"
ERROR - 2017-07-13 03:42:54 --> Could not find the language line "mynt_buy_tmall"
ERROR - 2017-07-13 03:42:54 --> Could not find the language line "mynt_buy_jd"
ERROR - 2017-07-13 03:42:54 --> Could not find the language line "home_cloud_title"
ERROR - 2017-07-13 03:42:54 --> Could not find the language line "home_cloud_intro"
ERROR - 2017-07-13 03:42:54 --> Could not find the language line "mynt_icon_taobao"
ERROR - 2017-07-13 03:42:54 --> Could not find the language line "mynt_icon_tmall"
ERROR - 2017-07-13 03:42:54 --> Could not find the language line "mynt_icon_youzan"
ERROR - 2017-07-13 03:42:54 --> Could not find the language line "mynt_buy_taobao"
ERROR - 2017-07-13 03:42:54 --> Could not find the language line "mynt_buy_tmall"
ERROR - 2017-07-13 03:42:54 --> Could not find the language line "mynt_buy_jd"
ERROR - 2017-07-13 03:43:01 --> Could not find the language line "mynt_buy_taobao"
ERROR - 2017-07-13 03:43:01 --> Could not find the language line "mynt_buy_tmall"
ERROR - 2017-07-13 03:43:01 --> Could not find the language line "mynt_buy_jd"
ERROR - 2017-07-13 03:43:16 --> Could not find the language line "home_cloud_title"
ERROR - 2017-07-13 03:43:16 --> Could not find the language line "home_cloud_intro"
ERROR - 2017-07-13 03:43:16 --> Could not find the language line "mynt_buy_taobao"
ERROR - 2017-07-13 03:43:16 --> Could not find the language line "mynt_buy_tmall"
ERROR - 2017-07-13 03:43:16 --> Could not find the language line "mynt_buy_jd"
ERROR - 2017-07-13 03:43:17 --> Could not find the language line "home_cloud_title"
ERROR - 2017-07-13 03:43:17 --> Could not find the language line "home_cloud_intro"
ERROR - 2017-07-13 03:43:17 --> Could not find the language line "mynt_buy_taobao"
ERROR - 2017-07-13 03:43:17 --> Could not find the language line "mynt_buy_tmall"
ERROR - 2017-07-13 03:43:17 --> Could not find the language line "mynt_buy_jd"
ERROR - 2017-07-13 03:43:23 --> Could not find the language line "home_cloud_title"
ERROR - 2017-07-13 03:43:23 --> Could not find the language line "home_cloud_intro"
ERROR - 2017-07-13 03:43:23 --> Could not find the language line "mynt_buy_taobao"
ERROR - 2017-07-13 03:43:23 --> Could not find the language line "mynt_buy_tmall"
ERROR - 2017-07-13 03:43:23 --> Could not find the language line "mynt_buy_jd"
ERROR - 2017-07-13 03:46:56 --> Could not find the language line "mynt_buy_taobao"
ERROR - 2017-07-13 03:46:56 --> Could not find the language line "mynt_buy_tmall"
ERROR - 2017-07-13 03:46:56 --> Could not find the language line "mynt_buy_jd"
ERROR - 2017-07-13 03:47:34 --> Could not find the language line "mynt_buy_taobao"
ERROR - 2017-07-13 03:47:34 --> Could not find the language line "mynt_buy_tmall"
ERROR - 2017-07-13 03:47:34 --> Could not find the language line "mynt_buy_jd"
ERROR - 2017-07-13 03:55:59 --> Could not find the language line "mynt_buy_taobao"
ERROR - 2017-07-13 03:55:59 --> Could not find the language line "mynt_buy_tmall"
ERROR - 2017-07-13 03:55:59 --> Could not find the language line "mynt_buy_jd"
ERROR - 2017-07-13 03:55:59 --> Could not find the language line "mynt_buy_taobao"
ERROR - 2017-07-13 03:55:59 --> Could not find the language line "mynt_buy_tmall"
ERROR - 2017-07-13 03:55:59 --> Could not find the language line "mynt_buy_jd"
ERROR - 2017-07-13 03:56:04 --> Could not find the language line "mynt_buy_taobao"
ERROR - 2017-07-13 03:56:04 --> Could not find the language line "mynt_buy_tmall"
ERROR - 2017-07-13 03:56:04 --> Could not find the language line "mynt_buy_jd"
ERROR - 2017-07-13 03:56:04 --> Could not find the language line "mynt_buy_taobao"
ERROR - 2017-07-13 03:56:04 --> Could not find the language line "mynt_buy_tmall"
ERROR - 2017-07-13 03:56:04 --> Could not find the language line "mynt_buy_jd"
ERROR - 2017-07-13 03:56:05 --> Could not find the language line "mynt_buy_taobao"
ERROR - 2017-07-13 03:56:05 --> Could not find the language line "mynt_buy_tmall"
ERROR - 2017-07-13 03:56:05 --> Could not find the language line "mynt_buy_jd"
ERROR - 2017-07-13 03:56:05 --> Could not find the language line "mynt_buy_taobao"
ERROR - 2017-07-13 03:56:05 --> Could not find the language line "mynt_buy_tmall"
ERROR - 2017-07-13 03:56:05 --> Could not find the language line "mynt_buy_jd"
ERROR - 2017-07-13 03:56:06 --> Could not find the language line "mynt_buy_taobao"
ERROR - 2017-07-13 03:56:06 --> Could not find the language line "mynt_buy_tmall"
ERROR - 2017-07-13 03:56:06 --> Could not find the language line "mynt_buy_jd"
ERROR - 2017-07-13 03:56:06 --> Could not find the language line "mynt_buy_taobao"
ERROR - 2017-07-13 03:56:06 --> Could not find the language line "mynt_buy_tmall"
ERROR - 2017-07-13 03:56:06 --> Could not find the language line "mynt_buy_jd"
ERROR - 2017-07-13 03:56:06 --> Could not find the language line "mynt_buy_taobao"
ERROR - 2017-07-13 03:56:06 --> Could not find the language line "mynt_buy_tmall"
ERROR - 2017-07-13 03:56:06 --> Could not find the language line "mynt_buy_jd"
ERROR - 2017-07-13 03:56:06 --> Could not find the language line "mynt_buy_taobao"
ERROR - 2017-07-13 03:56:06 --> Could not find the language line "mynt_buy_tmall"
ERROR - 2017-07-13 03:56:06 --> Could not find the language line "mynt_buy_jd"
ERROR - 2017-07-13 03:56:06 --> Could not find the language line "mynt_buy_taobao"
ERROR - 2017-07-13 03:56:06 --> Could not find the language line "mynt_buy_tmall"
ERROR - 2017-07-13 03:56:06 --> Could not find the language line "mynt_buy_jd"
ERROR - 2017-07-13 03:56:06 --> Could not find the language line "mynt_buy_taobao"
ERROR - 2017-07-13 03:56:06 --> Could not find the language line "mynt_buy_tmall"
ERROR - 2017-07-13 03:56:06 --> Could not find the language line "mynt_buy_jd"
ERROR - 2017-07-13 03:56:29 --> Could not find the language line "mynt_buy_taobao"
ERROR - 2017-07-13 03:56:29 --> Could not find the language line "mynt_buy_tmall"
ERROR - 2017-07-13 03:56:29 --> Could not find the language line "mynt_buy_jd"
ERROR - 2017-07-13 03:56:31 --> Could not find the language line "mynt_buy_taobao"
ERROR - 2017-07-13 03:56:31 --> Could not find the language line "mynt_buy_tmall"
ERROR - 2017-07-13 03:56:31 --> Could not find the language line "mynt_buy_jd"
ERROR - 2017-07-13 03:58:27 --> Could not find the language line "mynt_buy_taobao"
ERROR - 2017-07-13 03:58:27 --> Could not find the language line "mynt_buy_tmall"
ERROR - 2017-07-13 03:58:27 --> Could not find the language line "mynt_buy_jd"
ERROR - 2017-07-13 03:58:28 --> Could not find the language line "mynt_buy_taobao"
ERROR - 2017-07-13 03:58:28 --> Could not find the language line "mynt_buy_tmall"
ERROR - 2017-07-13 03:58:28 --> Could not find the language line "mynt_buy_jd"
ERROR - 2017-07-13 03:58:45 --> Could not find the language line "mynt_buy_taobao"
ERROR - 2017-07-13 03:58:45 --> Could not find the language line "mynt_buy_tmall"
ERROR - 2017-07-13 03:58:45 --> Could not find the language line "mynt_buy_jd"
ERROR - 2017-07-13 03:58:45 --> Could not find the language line "mynt_buy_taobao"
ERROR - 2017-07-13 03:58:45 --> Could not find the language line "mynt_buy_tmall"
ERROR - 2017-07-13 03:58:45 --> Could not find the language line "mynt_buy_jd"
ERROR - 2017-07-13 03:59:33 --> Could not find the language line "home_cloud_title"
ERROR - 2017-07-13 03:59:33 --> Could not find the language line "home_cloud_intro"
ERROR - 2017-07-13 03:59:34 --> Could not find the language line "mynt_buy_taobao"
ERROR - 2017-07-13 03:59:34 --> Could not find the language line "mynt_buy_tmall"
ERROR - 2017-07-13 03:59:34 --> Could not find the language line "mynt_buy_jd"
ERROR - 2017-07-13 04:41:23 --> Could not find the language line "mynt_buy_taobao"
ERROR - 2017-07-13 04:41:23 --> Could not find the language line "mynt_buy_tmall"
ERROR - 2017-07-13 04:41:23 --> Could not find the language line "mynt_buy_jd"
ERROR - 2017-07-13 04:41:24 --> Could not find the language line "mynt_buy_taobao"
ERROR - 2017-07-13 04:41:24 --> Could not find the language line "mynt_buy_tmall"
ERROR - 2017-07-13 04:41:24 --> Could not find the language line "mynt_buy_jd"
ERROR - 2017-07-13 05:07:52 --> Could not find the language line "mynt_buy_taobao"
ERROR - 2017-07-13 05:07:52 --> Could not find the language line "mynt_buy_tmall"
ERROR - 2017-07-13 05:07:52 --> Could not find the language line "mynt_buy_jd"
ERROR - 2017-07-13 06:34:52 --> Could not find the language line "mynt_buy_taobao"
ERROR - 2017-07-13 06:34:52 --> Could not find the language line "mynt_buy_tmall"
ERROR - 2017-07-13 06:34:52 --> Could not find the language line "mynt_buy_jd"
ERROR - 2017-07-13 06:35:00 --> Could not find the language line "mynt_buy_taobao"
ERROR - 2017-07-13 06:35:00 --> Could not find the language line "mynt_buy_tmall"
ERROR - 2017-07-13 06:35:00 --> Could not find the language line "mynt_buy_jd"
ERROR - 2017-07-13 06:35:02 --> Could not find the language line "mynt_buy_taobao"
ERROR - 2017-07-13 06:35:02 --> Could not find the language line "mynt_buy_tmall"
ERROR - 2017-07-13 06:35:02 --> Could not find the language line "mynt_buy_jd"
ERROR - 2017-07-13 06:35:15 --> Could not find the language line "about_keywords"
ERROR - 2017-07-13 06:35:16 --> Could not find the language line "mynt_buy_taobao"
ERROR - 2017-07-13 06:35:16 --> Could not find the language line "mynt_buy_tmall"
ERROR - 2017-07-13 06:35:16 --> Could not find the language line "mynt_buy_jd"
ERROR - 2017-07-13 06:35:42 --> Could not find the language line "mynt_buy_taobao"
ERROR - 2017-07-13 06:35:42 --> Could not find the language line "mynt_buy_tmall"
ERROR - 2017-07-13 06:35:42 --> Could not find the language line "mynt_buy_jd"
ERROR - 2017-07-13 06:35:48 --> Could not find the language line "mynt_buy_taobao"
ERROR - 2017-07-13 06:35:48 --> Could not find the language line "mynt_buy_tmall"
ERROR - 2017-07-13 06:35:48 --> Could not find the language line "mynt_buy_jd"
ERROR - 2017-07-13 06:37:00 --> Could not find the language line "mynt_buy_taobao"
ERROR - 2017-07-13 06:37:00 --> Could not find the language line "mynt_buy_tmall"
ERROR - 2017-07-13 06:37:00 --> Could not find the language line "mynt_buy_jd"
ERROR - 2017-07-13 06:39:38 --> Could not find the language line "home_cloud_title"
ERROR - 2017-07-13 06:39:38 --> Could not find the language line "home_cloud_intro"
ERROR - 2017-07-13 06:39:38 --> Could not find the language line "mynt_buy_taobao"
ERROR - 2017-07-13 06:39:38 --> Could not find the language line "mynt_buy_tmall"
ERROR - 2017-07-13 06:39:38 --> Could not find the language line "mynt_buy_jd"
ERROR - 2017-07-13 06:41:34 --> Could not find the language line "home_cloud_title"
ERROR - 2017-07-13 06:41:34 --> Could not find the language line "home_cloud_intro"
ERROR - 2017-07-13 06:41:36 --> Could not find the language line "mynt_buy_taobao"
ERROR - 2017-07-13 06:41:36 --> Could not find the language line "mynt_buy_tmall"
ERROR - 2017-07-13 06:41:36 --> Could not find the language line "mynt_buy_jd"
ERROR - 2017-07-13 06:48:05 --> Could not find the language line "home_cloud_title"
ERROR - 2017-07-13 06:48:05 --> Could not find the language line "home_cloud_intro"
ERROR - 2017-07-13 06:48:05 --> Could not find the language line "mynt_buy_taobao"
ERROR - 2017-07-13 06:48:05 --> Could not find the language line "mynt_buy_tmall"
ERROR - 2017-07-13 06:48:05 --> Could not find the language line "mynt_buy_jd"
ERROR - 2017-07-13 06:49:08 --> Could not find the language line "home_cloud_title"
ERROR - 2017-07-13 06:49:08 --> Could not find the language line "home_cloud_intro"
ERROR - 2017-07-13 06:49:08 --> Could not find the language line "mynt_buy_taobao"
ERROR - 2017-07-13 06:49:08 --> Could not find the language line "mynt_buy_tmall"
ERROR - 2017-07-13 06:49:08 --> Could not find the language line "mynt_buy_jd"
ERROR - 2017-07-13 06:49:59 --> Could not find the language line "home_cloud_title"
ERROR - 2017-07-13 06:49:59 --> Could not find the language line "home_cloud_intro"
ERROR - 2017-07-13 06:50:02 --> Could not find the language line "mynt_buy_taobao"
ERROR - 2017-07-13 06:50:02 --> Could not find the language line "mynt_buy_tmall"
ERROR - 2017-07-13 06:50:02 --> Could not find the language line "mynt_buy_jd"
ERROR - 2017-07-13 06:50:43 --> Could not find the language line "home_cloud_title"
ERROR - 2017-07-13 06:50:43 --> Could not find the language line "home_cloud_intro"
ERROR - 2017-07-13 06:50:43 --> Could not find the language line "mynt_buy_taobao"
ERROR - 2017-07-13 06:50:43 --> Could not find the language line "mynt_buy_tmall"
ERROR - 2017-07-13 06:50:43 --> Could not find the language line "mynt_buy_jd"
ERROR - 2017-07-13 06:51:31 --> Could not find the language line "home_cloud_title"
ERROR - 2017-07-13 06:51:31 --> Could not find the language line "home_cloud_intro"
ERROR - 2017-07-13 06:51:31 --> Could not find the language line "mynt_buy_taobao"
ERROR - 2017-07-13 06:51:31 --> Could not find the language line "mynt_buy_tmall"
ERROR - 2017-07-13 06:51:31 --> Could not find the language line "mynt_buy_jd"
ERROR - 2017-07-13 06:51:53 --> Could not find the language line "home_cloud_title"
ERROR - 2017-07-13 06:51:53 --> Could not find the language line "home_cloud_intro"
ERROR - 2017-07-13 06:51:54 --> Could not find the language line "mynt_buy_taobao"
ERROR - 2017-07-13 06:51:54 --> Could not find the language line "mynt_buy_tmall"
ERROR - 2017-07-13 06:51:54 --> Could not find the language line "mynt_buy_jd"
ERROR - 2017-07-13 06:53:26 --> Could not find the language line "home_cloud_title"
ERROR - 2017-07-13 06:53:26 --> Could not find the language line "home_cloud_intro"
ERROR - 2017-07-13 06:53:27 --> Could not find the language line "mynt_buy_taobao"
ERROR - 2017-07-13 06:53:27 --> Could not find the language line "mynt_buy_tmall"
ERROR - 2017-07-13 06:53:27 --> Could not find the language line "mynt_buy_jd"
ERROR - 2017-07-13 06:54:09 --> Could not find the language line "home_cloud_title"
ERROR - 2017-07-13 06:54:09 --> Could not find the language line "home_cloud_intro"
ERROR - 2017-07-13 06:54:09 --> Could not find the language line "mynt_buy_taobao"
ERROR - 2017-07-13 06:54:09 --> Could not find the language line "mynt_buy_tmall"
ERROR - 2017-07-13 06:54:09 --> Could not find the language line "mynt_buy_jd"
ERROR - 2017-07-13 06:54:34 --> Could not find the language line "home_cloud_title"
ERROR - 2017-07-13 06:54:34 --> Could not find the language line "home_cloud_intro"
ERROR - 2017-07-13 06:54:34 --> Could not find the language line "mynt_buy_taobao"
ERROR - 2017-07-13 06:54:34 --> Could not find the language line "mynt_buy_tmall"
ERROR - 2017-07-13 06:54:34 --> Could not find the language line "mynt_buy_jd"
ERROR - 2017-07-13 06:55:18 --> Could not find the language line "home_cloud_title"
ERROR - 2017-07-13 06:55:18 --> Could not find the language line "home_cloud_intro"
ERROR - 2017-07-13 06:55:18 --> Could not find the language line "mynt_buy_taobao"
ERROR - 2017-07-13 06:55:18 --> Could not find the language line "mynt_buy_tmall"
ERROR - 2017-07-13 06:55:18 --> Could not find the language line "mynt_buy_jd"
ERROR - 2017-07-13 06:55:37 --> Could not find the language line "home_cloud_title"
ERROR - 2017-07-13 06:55:37 --> Could not find the language line "home_cloud_intro"
ERROR - 2017-07-13 06:55:37 --> Could not find the language line "mynt_buy_taobao"
ERROR - 2017-07-13 06:55:37 --> Could not find the language line "mynt_buy_tmall"
ERROR - 2017-07-13 06:55:37 --> Could not find the language line "mynt_buy_jd"
ERROR - 2017-07-13 06:55:47 --> Could not find the language line "home_cloud_title"
ERROR - 2017-07-13 06:55:47 --> Could not find the language line "home_cloud_intro"
ERROR - 2017-07-13 06:55:47 --> Could not find the language line "mynt_buy_taobao"
ERROR - 2017-07-13 06:55:47 --> Could not find the language line "mynt_buy_tmall"
ERROR - 2017-07-13 06:55:47 --> Could not find the language line "mynt_buy_jd"
ERROR - 2017-07-13 06:56:16 --> Could not find the language line "home_cloud_title"
ERROR - 2017-07-13 06:56:16 --> Could not find the language line "home_cloud_intro"
ERROR - 2017-07-13 06:56:16 --> Could not find the language line "mynt_buy_taobao"
ERROR - 2017-07-13 06:56:16 --> Could not find the language line "mynt_buy_tmall"
ERROR - 2017-07-13 06:56:16 --> Could not find the language line "mynt_buy_jd"
ERROR - 2017-07-13 06:56:26 --> Could not find the language line "home_cloud_title"
ERROR - 2017-07-13 06:56:26 --> Could not find the language line "home_cloud_intro"
ERROR - 2017-07-13 06:56:26 --> Could not find the language line "mynt_buy_taobao"
ERROR - 2017-07-13 06:56:26 --> Could not find the language line "mynt_buy_tmall"
ERROR - 2017-07-13 06:56:26 --> Could not find the language line "mynt_buy_jd"
ERROR - 2017-07-13 07:00:53 --> Could not find the language line "home_cloud_title"
ERROR - 2017-07-13 07:00:53 --> Could not find the language line "home_cloud_intro"
ERROR - 2017-07-13 07:00:53 --> Could not find the language line "mynt_buy_taobao"
ERROR - 2017-07-13 07:00:53 --> Could not find the language line "mynt_buy_tmall"
ERROR - 2017-07-13 07:00:53 --> Could not find the language line "mynt_buy_jd"
ERROR - 2017-07-13 07:07:12 --> Could not find the language line "home_cloud_title"
ERROR - 2017-07-13 07:07:12 --> Could not find the language line "home_cloud_intro"
ERROR - 2017-07-13 07:07:13 --> Could not find the language line "mynt_buy_taobao"
ERROR - 2017-07-13 07:07:13 --> Could not find the language line "mynt_buy_tmall"
ERROR - 2017-07-13 07:07:13 --> Could not find the language line "mynt_buy_jd"
ERROR - 2017-07-13 07:08:35 --> Could not find the language line "mynt_buy_taobao"
ERROR - 2017-07-13 07:08:35 --> Could not find the language line "mynt_buy_tmall"
ERROR - 2017-07-13 07:08:35 --> Could not find the language line "mynt_buy_jd"
ERROR - 2017-07-13 07:08:43 --> Could not find the language line "mynt_buy_taobao"
ERROR - 2017-07-13 07:08:43 --> Could not find the language line "mynt_buy_tmall"
ERROR - 2017-07-13 07:08:43 --> Could not find the language line "mynt_buy_jd"
ERROR - 2017-07-13 07:09:08 --> Could not find the language line "mynt_buy_taobao"
ERROR - 2017-07-13 07:09:08 --> Could not find the language line "mynt_buy_tmall"
ERROR - 2017-07-13 07:09:08 --> Could not find the language line "mynt_buy_jd"
ERROR - 2017-07-13 07:14:55 --> Could not find the language line "mynt_buy_taobao"
ERROR - 2017-07-13 07:14:55 --> Could not find the language line "mynt_buy_tmall"
ERROR - 2017-07-13 07:14:55 --> Could not find the language line "mynt_buy_jd"
ERROR - 2017-07-13 07:15:04 --> Could not find the language line "mynt_buy_taobao"
ERROR - 2017-07-13 07:15:04 --> Could not find the language line "mynt_buy_tmall"
ERROR - 2017-07-13 07:15:04 --> Could not find the language line "mynt_buy_jd"
ERROR - 2017-07-13 07:15:05 --> Could not find the language line "mynt_buy_taobao"
ERROR - 2017-07-13 07:15:05 --> Could not find the language line "mynt_buy_tmall"
ERROR - 2017-07-13 07:15:05 --> Could not find the language line "mynt_buy_jd"
ERROR - 2017-07-13 07:15:06 --> Could not find the language line "mynt_buy_taobao"
ERROR - 2017-07-13 07:15:06 --> Could not find the language line "mynt_buy_tmall"
ERROR - 2017-07-13 07:15:06 --> Could not find the language line "mynt_buy_jd"
ERROR - 2017-07-13 07:15:08 --> Could not find the language line "mynt_buy_taobao"
ERROR - 2017-07-13 07:15:08 --> Could not find the language line "mynt_buy_tmall"
ERROR - 2017-07-13 07:15:08 --> Could not find the language line "mynt_buy_jd"
ERROR - 2017-07-13 07:15:09 --> Could not find the language line "mynt_buy_taobao"
ERROR - 2017-07-13 07:15:09 --> Could not find the language line "mynt_buy_tmall"
ERROR - 2017-07-13 07:15:09 --> Could not find the language line "mynt_buy_jd"
ERROR - 2017-07-13 07:15:11 --> Could not find the language line "mynt_buy_taobao"
ERROR - 2017-07-13 07:15:11 --> Could not find the language line "mynt_buy_tmall"
ERROR - 2017-07-13 07:15:11 --> Could not find the language line "mynt_buy_jd"
ERROR - 2017-07-13 07:15:12 --> Could not find the language line "mynt_buy_taobao"
ERROR - 2017-07-13 07:15:12 --> Could not find the language line "mynt_buy_tmall"
ERROR - 2017-07-13 07:15:12 --> Could not find the language line "mynt_buy_jd"
ERROR - 2017-07-13 07:15:27 --> Could not find the language line "mynt_buy_taobao"
ERROR - 2017-07-13 07:15:27 --> Could not find the language line "mynt_buy_tmall"
ERROR - 2017-07-13 07:15:27 --> Could not find the language line "mynt_buy_jd"
ERROR - 2017-07-13 07:25:11 --> Could not find the language line "mynt_buy_taobao"
ERROR - 2017-07-13 07:25:11 --> Could not find the language line "mynt_buy_tmall"
ERROR - 2017-07-13 07:25:11 --> Could not find the language line "mynt_buy_jd"
ERROR - 2017-07-13 07:25:16 --> Could not find the language line "mynt_buy_taobao"
ERROR - 2017-07-13 07:25:16 --> Could not find the language line "mynt_buy_tmall"
ERROR - 2017-07-13 07:25:16 --> Could not find the language line "mynt_buy_jd"
ERROR - 2017-07-13 07:27:15 --> Could not find the language line "mynt_buy_taobao"
ERROR - 2017-07-13 07:27:15 --> Could not find the language line "mynt_buy_tmall"
ERROR - 2017-07-13 07:27:15 --> Could not find the language line "mynt_buy_jd"
ERROR - 2017-07-13 07:28:09 --> Could not find the language line "mynt_buy_taobao"
ERROR - 2017-07-13 07:28:09 --> Could not find the language line "mynt_buy_tmall"
ERROR - 2017-07-13 07:28:09 --> Could not find the language line "mynt_buy_jd"
ERROR - 2017-07-13 07:31:18 --> Could not find the language line "mynt_buy_taobao"
ERROR - 2017-07-13 07:31:18 --> Could not find the language line "mynt_buy_tmall"
ERROR - 2017-07-13 07:31:18 --> Could not find the language line "mynt_buy_jd"
ERROR - 2017-07-13 07:31:18 --> Could not find the language line "mynt_buy_taobao"
ERROR - 2017-07-13 07:31:18 --> Could not find the language line "mynt_buy_tmall"
ERROR - 2017-07-13 07:31:18 --> Could not find the language line "mynt_buy_jd"
ERROR - 2017-07-13 07:31:25 --> Could not find the language line "mynt_buy_taobao"
ERROR - 2017-07-13 07:31:25 --> Could not find the language line "mynt_buy_tmall"
ERROR - 2017-07-13 07:31:25 --> Could not find the language line "mynt_buy_jd"
ERROR - 2017-07-13 07:31:25 --> Could not find the language line "home_cloud_title"
ERROR - 2017-07-13 07:31:25 --> Could not find the language line "home_cloud_intro"
ERROR - 2017-07-13 07:31:25 --> Could not find the language line "mynt_icon_taobao"
ERROR - 2017-07-13 07:31:25 --> Could not find the language line "mynt_icon_tmall"
ERROR - 2017-07-13 07:31:25 --> Could not find the language line "mynt_icon_youzan"
ERROR - 2017-07-13 07:31:25 --> Could not find the language line "mynt_buy_taobao"
ERROR - 2017-07-13 07:31:25 --> Could not find the language line "mynt_buy_tmall"
ERROR - 2017-07-13 07:31:25 --> Could not find the language line "mynt_buy_jd"
ERROR - 2017-07-13 07:49:34 --> Could not find the language line "mynt_buy_taobao"
ERROR - 2017-07-13 07:49:34 --> Could not find the language line "mynt_buy_tmall"
ERROR - 2017-07-13 07:49:34 --> Could not find the language line "mynt_buy_jd"
ERROR - 2017-07-13 08:46:48 --> Could not find the language line "mynt_buy_taobao"
ERROR - 2017-07-13 08:46:48 --> Could not find the language line "mynt_buy_tmall"
ERROR - 2017-07-13 08:46:48 --> Could not find the language line "mynt_buy_jd"
ERROR - 2017-07-13 08:46:48 --> Could not find the language line "home_cloud_title"
ERROR - 2017-07-13 08:46:48 --> Could not find the language line "home_cloud_intro"
ERROR - 2017-07-13 08:46:48 --> Could not find the language line "mynt_icon_taobao"
ERROR - 2017-07-13 08:46:48 --> Could not find the language line "mynt_icon_tmall"
ERROR - 2017-07-13 08:46:48 --> Could not find the language line "mynt_icon_youzan"
ERROR - 2017-07-13 08:46:49 --> Could not find the language line "mynt_buy_taobao"
ERROR - 2017-07-13 08:46:49 --> Could not find the language line "mynt_buy_tmall"
ERROR - 2017-07-13 08:46:49 --> Could not find the language line "mynt_buy_jd"
ERROR - 2017-07-13 08:46:49 --> Could not find the language line "home_cloud_title"
ERROR - 2017-07-13 08:46:49 --> Could not find the language line "home_cloud_intro"
ERROR - 2017-07-13 08:46:49 --> Could not find the language line "mynt_icon_taobao"
ERROR - 2017-07-13 08:46:49 --> Could not find the language line "mynt_icon_tmall"
ERROR - 2017-07-13 08:46:49 --> Could not find the language line "mynt_icon_youzan"
ERROR - 2017-07-13 08:46:50 --> Could not find the language line "mynt_buy_taobao"
ERROR - 2017-07-13 08:46:50 --> Could not find the language line "mynt_buy_tmall"
ERROR - 2017-07-13 08:46:50 --> Could not find the language line "mynt_buy_jd"
ERROR - 2017-07-13 08:47:41 --> Could not find the language line "mynt_buy_taobao"
ERROR - 2017-07-13 08:47:41 --> Could not find the language line "mynt_buy_tmall"
ERROR - 2017-07-13 08:47:41 --> Could not find the language line "mynt_buy_jd"
