ERROR - 2017-06-20 03:09:58 --> Could not find the language line "mynt_buy_taobao"
ERROR - 2017-06-20 03:09:58 --> Could not find the language line "mynt_buy_tmall"
ERROR - 2017-06-20 03:09:58 --> Could not find the language line "mynt_buy_youzan"
ERROR - 2017-06-20 03:09:58 --> Could not find the language line "mynt_buy_jd"
ERROR - 2017-06-20 03:09:58 --> Could not find the language line "home_cloud_title"
ERROR - 2017-06-20 03:09:58 --> Could not find the language line "home_cloud_intro"
ERROR - 2017-06-20 03:09:58 --> Could not find the language line "mynt_icon_taobao"
ERROR - 2017-06-20 03:09:58 --> Could not find the language line "mynt_icon_tmall"
ERROR - 2017-06-20 03:09:58 --> Could not find the language line "mynt_icon_youzan"
ERROR - 2017-06-20 03:09:59 --> Could not find the language line "mynt_buy_taobao"
ERROR - 2017-06-20 03:09:59 --> Could not find the language line "mynt_buy_tmall"
ERROR - 2017-06-20 03:09:59 --> Could not find the language line "mynt_buy_youzan"
ERROR - 2017-06-20 03:09:59 --> Could not find the language line "mynt_buy_jd"
ERROR - 2017-06-20 03:10:54 --> Could not find the language line "mynt_buy_taobao"
ERROR - 2017-06-20 03:10:54 --> Could not find the language line "mynt_buy_tmall"
ERROR - 2017-06-20 03:10:54 --> Could not find the language line "mynt_buy_youzan"
ERROR - 2017-06-20 03:10:54 --> Could not find the language line "mynt_buy_jd"
ERROR - 2017-06-20 03:10:54 --> Could not find the language line "home_cloud_title"
ERROR - 2017-06-20 03:10:54 --> Could not find the language line "home_cloud_intro"
ERROR - 2017-06-20 03:10:54 --> Could not find the language line "mynt_icon_taobao"
ERROR - 2017-06-20 03:10:54 --> Could not find the language line "mynt_icon_tmall"
ERROR - 2017-06-20 03:10:54 --> Could not find the language line "mynt_icon_youzan"
ERROR - 2017-06-20 03:10:54 --> Could not find the language line "mynt_buy_taobao"
ERROR - 2017-06-20 03:10:54 --> Could not find the language line "mynt_buy_tmall"
ERROR - 2017-06-20 03:10:54 --> Could not find the language line "mynt_buy_youzan"
ERROR - 2017-06-20 03:10:54 --> Could not find the language line "mynt_buy_jd"
ERROR - 2017-06-20 03:10:56 --> Could not find the language line "mynt_buy_taobao"
ERROR - 2017-06-20 03:10:56 --> Could not find the language line "mynt_buy_tmall"
ERROR - 2017-06-20 03:10:56 --> Could not find the language line "mynt_buy_youzan"
ERROR - 2017-06-20 03:10:56 --> Could not find the language line "mynt_buy_jd"
ERROR - 2017-06-20 03:10:58 --> Could not find the language line "mynt_buy_taobao"
ERROR - 2017-06-20 03:10:58 --> Could not find the language line "mynt_buy_tmall"
ERROR - 2017-06-20 03:10:58 --> Could not find the language line "mynt_buy_youzan"
ERROR - 2017-06-20 03:10:58 --> Could not find the language line "mynt_buy_jd"
ERROR - 2017-06-20 03:11:03 --> Could not find the language line "mynt_buy_taobao"
ERROR - 2017-06-20 03:11:03 --> Could not find the language line "mynt_buy_tmall"
ERROR - 2017-06-20 03:11:03 --> Could not find the language line "mynt_buy_youzan"
ERROR - 2017-06-20 03:11:03 --> Could not find the language line "mynt_buy_jd"
ERROR - 2017-06-20 03:11:05 --> Could not find the language line "mynt_buy_taobao"
ERROR - 2017-06-20 03:11:05 --> Could not find the language line "mynt_buy_tmall"
ERROR - 2017-06-20 03:11:05 --> Could not find the language line "mynt_buy_youzan"
ERROR - 2017-06-20 03:11:05 --> Could not find the language line "mynt_buy_jd"
ERROR - 2017-06-20 03:11:08 --> Could not find the language line "mynt_buy_taobao"
ERROR - 2017-06-20 03:11:08 --> Could not find the language line "mynt_buy_tmall"
ERROR - 2017-06-20 03:11:08 --> Could not find the language line "mynt_buy_youzan"
ERROR - 2017-06-20 03:11:08 --> Could not find the language line "mynt_buy_jd"
ERROR - 2017-06-20 03:11:11 --> Could not find the language line "mynt_buy_taobao"
ERROR - 2017-06-20 03:11:11 --> Could not find the language line "mynt_buy_tmall"
ERROR - 2017-06-20 03:11:11 --> Could not find the language line "mynt_buy_youzan"
ERROR - 2017-06-20 03:11:11 --> Could not find the language line "mynt_buy_jd"
ERROR - 2017-06-20 03:11:14 --> Could not find the language line "mynt_buy_taobao"
ERROR - 2017-06-20 03:11:14 --> Could not find the language line "mynt_buy_tmall"
ERROR - 2017-06-20 03:11:14 --> Could not find the language line "mynt_buy_youzan"
ERROR - 2017-06-20 03:11:14 --> Could not find the language line "mynt_buy_jd"
ERROR - 2017-06-20 03:11:22 --> Could not find the language line "mynt_buy_taobao"
ERROR - 2017-06-20 03:11:22 --> Could not find the language line "mynt_buy_tmall"
ERROR - 2017-06-20 03:11:22 --> Could not find the language line "mynt_buy_youzan"
ERROR - 2017-06-20 03:11:22 --> Could not find the language line "mynt_buy_jd"
ERROR - 2017-06-20 03:11:33 --> Could not find the language line "mynt_buy_taobao"
ERROR - 2017-06-20 03:11:33 --> Could not find the language line "mynt_buy_tmall"
ERROR - 2017-06-20 03:11:33 --> Could not find the language line "mynt_buy_youzan"
ERROR - 2017-06-20 03:11:33 --> Could not find the language line "mynt_buy_jd"
ERROR - 2017-06-20 03:11:50 --> Could not find the language line "mynt_buy_taobao"
ERROR - 2017-06-20 03:11:50 --> Could not find the language line "mynt_buy_tmall"
ERROR - 2017-06-20 03:11:50 --> Could not find the language line "mynt_buy_youzan"
ERROR - 2017-06-20 03:11:50 --> Could not find the language line "mynt_buy_jd"
ERROR - 2017-06-20 03:11:53 --> Could not find the language line "mynt_buy_taobao"
ERROR - 2017-06-20 03:11:53 --> Could not find the language line "mynt_buy_tmall"
ERROR - 2017-06-20 03:11:53 --> Could not find the language line "mynt_buy_youzan"
ERROR - 2017-06-20 03:11:53 --> Could not find the language line "mynt_buy_jd"
ERROR - 2017-06-20 03:11:55 --> Could not find the language line "mynt_buy_taobao"
ERROR - 2017-06-20 03:11:55 --> Could not find the language line "mynt_buy_tmall"
ERROR - 2017-06-20 03:11:55 --> Could not find the language line "mynt_buy_youzan"
ERROR - 2017-06-20 03:11:55 --> Could not find the language line "mynt_buy_jd"
ERROR - 2017-06-20 03:11:57 --> Could not find the language line "mynt_buy_taobao"
ERROR - 2017-06-20 03:11:57 --> Could not find the language line "mynt_buy_tmall"
ERROR - 2017-06-20 03:11:57 --> Could not find the language line "mynt_buy_youzan"
ERROR - 2017-06-20 03:11:57 --> Could not find the language line "mynt_buy_jd"
ERROR - 2017-06-20 03:11:57 --> Could not find the language line "mynt_buy_taobao"
ERROR - 2017-06-20 03:11:57 --> Could not find the language line "mynt_buy_tmall"
ERROR - 2017-06-20 03:11:57 --> Could not find the language line "mynt_buy_youzan"
ERROR - 2017-06-20 03:11:57 --> Could not find the language line "mynt_buy_jd"
ERROR - 2017-06-20 03:11:57 --> Could not find the language line "mynt_buy_taobao"
ERROR - 2017-06-20 03:11:57 --> Could not find the language line "mynt_buy_tmall"
ERROR - 2017-06-20 03:11:57 --> Could not find the language line "mynt_buy_youzan"
ERROR - 2017-06-20 03:11:57 --> Could not find the language line "mynt_buy_jd"
ERROR - 2017-06-20 03:11:58 --> Could not find the language line "mynt_buy_taobao"
ERROR - 2017-06-20 03:11:58 --> Could not find the language line "mynt_buy_tmall"
ERROR - 2017-06-20 03:11:58 --> Could not find the language line "mynt_buy_youzan"
ERROR - 2017-06-20 03:11:58 --> Could not find the language line "mynt_buy_jd"
ERROR - 2017-06-20 03:12:01 --> Could not find the language line "mynt_buy_taobao"
ERROR - 2017-06-20 03:12:01 --> Could not find the language line "mynt_buy_tmall"
ERROR - 2017-06-20 03:12:01 --> Could not find the language line "mynt_buy_youzan"
ERROR - 2017-06-20 03:12:01 --> Could not find the language line "mynt_buy_jd"
ERROR - 2017-06-20 03:22:33 --> Could not find the language line "mynt_buy_taobao"
ERROR - 2017-06-20 03:22:33 --> Could not find the language line "mynt_buy_tmall"
ERROR - 2017-06-20 03:22:33 --> Could not find the language line "mynt_buy_youzan"
ERROR - 2017-06-20 03:22:33 --> Could not find the language line "mynt_buy_jd"
ERROR - 2017-06-20 03:22:33 --> Could not find the language line "home_cloud_title"
ERROR - 2017-06-20 03:22:33 --> Could not find the language line "home_cloud_intro"
ERROR - 2017-06-20 03:22:33 --> Could not find the language line "mynt_icon_taobao"
ERROR - 2017-06-20 03:22:33 --> Could not find the language line "mynt_icon_tmall"
ERROR - 2017-06-20 03:22:33 --> Could not find the language line "mynt_icon_youzan"
ERROR - 2017-06-20 03:22:33 --> Could not find the language line "mynt_buy_taobao"
ERROR - 2017-06-20 03:22:33 --> Could not find the language line "mynt_buy_tmall"
ERROR - 2017-06-20 03:22:33 --> Could not find the language line "mynt_buy_youzan"
ERROR - 2017-06-20 03:22:33 --> Could not find the language line "mynt_buy_jd"
ERROR - 2017-06-20 03:22:39 --> Could not find the language line "mynt_buy_taobao"
ERROR - 2017-06-20 03:22:39 --> Could not find the language line "mynt_buy_tmall"
ERROR - 2017-06-20 03:22:39 --> Could not find the language line "mynt_buy_youzan"
ERROR - 2017-06-20 03:22:39 --> Could not find the language line "mynt_buy_jd"
ERROR - 2017-06-20 03:22:44 --> Could not find the language line "mynt_buy_taobao"
ERROR - 2017-06-20 03:22:44 --> Could not find the language line "mynt_buy_tmall"
ERROR - 2017-06-20 03:22:44 --> Could not find the language line "mynt_buy_youzan"
ERROR - 2017-06-20 03:22:44 --> Could not find the language line "mynt_buy_jd"
ERROR - 2017-06-20 03:25:57 --> Could not find the language line "mynt_buy_taobao"
ERROR - 2017-06-20 03:25:57 --> Could not find the language line "mynt_buy_tmall"
ERROR - 2017-06-20 03:25:57 --> Could not find the language line "mynt_buy_youzan"
ERROR - 2017-06-20 03:25:57 --> Could not find the language line "mynt_buy_jd"
ERROR - 2017-06-20 03:25:57 --> Could not find the language line "home_cloud_title"
ERROR - 2017-06-20 03:25:57 --> Could not find the language line "home_cloud_intro"
ERROR - 2017-06-20 03:25:57 --> Could not find the language line "mynt_icon_taobao"
ERROR - 2017-06-20 03:25:57 --> Could not find the language line "mynt_icon_tmall"
ERROR - 2017-06-20 03:25:57 --> Could not find the language line "mynt_icon_youzan"
ERROR - 2017-06-20 03:25:57 --> Could not find the language line "mynt_buy_taobao"
ERROR - 2017-06-20 03:25:57 --> Could not find the language line "mynt_buy_tmall"
ERROR - 2017-06-20 03:25:57 --> Could not find the language line "mynt_buy_youzan"
ERROR - 2017-06-20 03:25:57 --> Could not find the language line "mynt_buy_jd"
ERROR - 2017-06-20 03:25:59 --> Could not find the language line "mynt_buy_taobao"
ERROR - 2017-06-20 03:25:59 --> Could not find the language line "mynt_buy_tmall"
ERROR - 2017-06-20 03:25:59 --> Could not find the language line "mynt_buy_youzan"
ERROR - 2017-06-20 03:25:59 --> Could not find the language line "mynt_buy_jd"
ERROR - 2017-06-20 03:26:16 --> Could not find the language line "mynt_buy_taobao"
ERROR - 2017-06-20 03:26:16 --> Could not find the language line "mynt_buy_tmall"
ERROR - 2017-06-20 03:26:16 --> Could not find the language line "mynt_buy_youzan"
ERROR - 2017-06-20 03:26:16 --> Could not find the language line "mynt_buy_jd"
ERROR - 2017-06-20 03:26:16 --> Could not find the language line "home_cloud_title"
ERROR - 2017-06-20 03:26:16 --> Could not find the language line "home_cloud_intro"
ERROR - 2017-06-20 03:26:16 --> Could not find the language line "mynt_icon_taobao"
ERROR - 2017-06-20 03:26:16 --> Could not find the language line "mynt_icon_tmall"
ERROR - 2017-06-20 03:26:16 --> Could not find the language line "mynt_icon_youzan"
ERROR - 2017-06-20 03:26:16 --> Could not find the language line "mynt_buy_taobao"
ERROR - 2017-06-20 03:26:16 --> Could not find the language line "mynt_buy_tmall"
ERROR - 2017-06-20 03:26:16 --> Could not find the language line "mynt_buy_youzan"
ERROR - 2017-06-20 03:26:16 --> Could not find the language line "mynt_buy_jd"
ERROR - 2017-06-20 03:26:17 --> Could not find the language line "mynt_buy_taobao"
ERROR - 2017-06-20 03:26:17 --> Could not find the language line "mynt_buy_tmall"
ERROR - 2017-06-20 03:26:17 --> Could not find the language line "mynt_buy_youzan"
ERROR - 2017-06-20 03:26:17 --> Could not find the language line "mynt_buy_jd"
ERROR - 2017-06-20 03:39:02 --> Could not find the language line "mynt_buy_taobao"
ERROR - 2017-06-20 03:39:02 --> Could not find the language line "mynt_buy_tmall"
ERROR - 2017-06-20 03:39:02 --> Could not find the language line "mynt_buy_youzan"
ERROR - 2017-06-20 03:39:02 --> Could not find the language line "mynt_buy_jd"
ERROR - 2017-06-20 03:39:02 --> Could not find the language line "home_cloud_title"
ERROR - 2017-06-20 03:39:02 --> Could not find the language line "home_cloud_intro"
ERROR - 2017-06-20 03:39:02 --> Could not find the language line "mynt_icon_taobao"
ERROR - 2017-06-20 03:39:02 --> Could not find the language line "mynt_icon_tmall"
ERROR - 2017-06-20 03:39:02 --> Could not find the language line "mynt_icon_youzan"
ERROR - 2017-06-20 03:39:03 --> Could not find the language line "mynt_buy_taobao"
ERROR - 2017-06-20 03:39:03 --> Could not find the language line "mynt_buy_tmall"
ERROR - 2017-06-20 03:39:03 --> Could not find the language line "mynt_buy_youzan"
ERROR - 2017-06-20 03:39:03 --> Could not find the language line "mynt_buy_jd"
ERROR - 2017-06-20 03:39:06 --> Could not find the language line "mynt_buy_taobao"
ERROR - 2017-06-20 03:39:06 --> Could not find the language line "mynt_buy_tmall"
ERROR - 2017-06-20 03:39:06 --> Could not find the language line "mynt_buy_youzan"
ERROR - 2017-06-20 03:39:06 --> Could not find the language line "mynt_buy_jd"
ERROR - 2017-06-20 03:39:48 --> Could not find the language line "mynt_buy_taobao"
ERROR - 2017-06-20 03:39:48 --> Could not find the language line "mynt_buy_tmall"
ERROR - 2017-06-20 03:39:48 --> Could not find the language line "mynt_buy_youzan"
ERROR - 2017-06-20 03:39:48 --> Could not find the language line "mynt_buy_jd"
ERROR - 2017-06-20 03:39:48 --> Could not find the language line "home_cloud_title"
ERROR - 2017-06-20 03:39:48 --> Could not find the language line "home_cloud_intro"
ERROR - 2017-06-20 03:39:48 --> Could not find the language line "mynt_icon_taobao"
ERROR - 2017-06-20 03:39:48 --> Could not find the language line "mynt_icon_tmall"
ERROR - 2017-06-20 03:39:48 --> Could not find the language line "mynt_icon_youzan"
ERROR - 2017-06-20 03:39:49 --> Could not find the language line "mynt_buy_taobao"
ERROR - 2017-06-20 03:39:49 --> Could not find the language line "mynt_buy_tmall"
ERROR - 2017-06-20 03:39:49 --> Could not find the language line "mynt_buy_youzan"
ERROR - 2017-06-20 03:39:49 --> Could not find the language line "mynt_buy_jd"
ERROR - 2017-06-20 03:39:53 --> Could not find the language line "mynt_buy_taobao"
ERROR - 2017-06-20 03:39:53 --> Could not find the language line "mynt_buy_tmall"
ERROR - 2017-06-20 03:39:53 --> Could not find the language line "mynt_buy_youzan"
ERROR - 2017-06-20 03:39:53 --> Could not find the language line "mynt_buy_jd"
ERROR - 2017-06-20 03:39:55 --> Could not find the language line "mynt_buy_taobao"
ERROR - 2017-06-20 03:39:55 --> Could not find the language line "mynt_buy_tmall"
ERROR - 2017-06-20 03:39:55 --> Could not find the language line "mynt_buy_youzan"
ERROR - 2017-06-20 03:39:55 --> Could not find the language line "mynt_buy_jd"
ERROR - 2017-06-20 03:39:59 --> Could not find the language line "mynt_buy_taobao"
ERROR - 2017-06-20 03:39:59 --> Could not find the language line "mynt_buy_tmall"
ERROR - 2017-06-20 03:39:59 --> Could not find the language line "mynt_buy_youzan"
ERROR - 2017-06-20 03:39:59 --> Could not find the language line "mynt_buy_jd"
ERROR - 2017-06-20 03:40:01 --> Could not find the language line "mynt_buy_taobao"
ERROR - 2017-06-20 03:40:01 --> Could not find the language line "mynt_buy_tmall"
ERROR - 2017-06-20 03:40:01 --> Could not find the language line "mynt_buy_youzan"
ERROR - 2017-06-20 03:40:01 --> Could not find the language line "mynt_buy_jd"
ERROR - 2017-06-20 03:40:25 --> Could not find the language line "mynt_buy_taobao"
ERROR - 2017-06-20 03:40:25 --> Could not find the language line "mynt_buy_tmall"
ERROR - 2017-06-20 03:40:25 --> Could not find the language line "mynt_buy_youzan"
ERROR - 2017-06-20 03:40:25 --> Could not find the language line "mynt_buy_jd"
ERROR - 2017-06-20 03:40:25 --> Query error: Table 'website.st_maillist' doesn't exist - Invalid query: SELECT *
FROM `st_maillist`
WHERE `mail` = 'sdagasgasd@gmail.com'
ERROR - 2017-06-20 03:48:46 --> Could not find the language line "mynt_buy_taobao"
ERROR - 2017-06-20 03:48:46 --> Could not find the language line "mynt_buy_tmall"
ERROR - 2017-06-20 03:48:46 --> Could not find the language line "mynt_buy_youzan"
ERROR - 2017-06-20 03:48:46 --> Could not find the language line "mynt_buy_jd"
ERROR - 2017-06-20 03:48:46 --> Could not find the language line "home_cloud_title"
ERROR - 2017-06-20 03:48:46 --> Could not find the language line "home_cloud_intro"
ERROR - 2017-06-20 03:48:46 --> Could not find the language line "mynt_icon_taobao"
ERROR - 2017-06-20 03:48:46 --> Could not find the language line "mynt_icon_tmall"
ERROR - 2017-06-20 03:48:46 --> Could not find the language line "mynt_icon_youzan"
ERROR - 2017-06-20 03:48:47 --> Could not find the language line "mynt_buy_taobao"
ERROR - 2017-06-20 03:48:47 --> Could not find the language line "mynt_buy_tmall"
ERROR - 2017-06-20 03:48:47 --> Could not find the language line "mynt_buy_youzan"
ERROR - 2017-06-20 03:48:47 --> Could not find the language line "mynt_buy_jd"
ERROR - 2017-06-20 03:49:04 --> Could not find the language line "mynt_buy_taobao"
ERROR - 2017-06-20 03:49:04 --> Could not find the language line "mynt_buy_tmall"
ERROR - 2017-06-20 03:49:04 --> Could not find the language line "mynt_buy_youzan"
ERROR - 2017-06-20 03:49:04 --> Could not find the language line "mynt_buy_jd"
ERROR - 2017-06-20 03:49:06 --> Could not find the language line "mynt_buy_taobao"
ERROR - 2017-06-20 03:49:06 --> Could not find the language line "mynt_buy_tmall"
ERROR - 2017-06-20 03:49:06 --> Could not find the language line "mynt_buy_youzan"
ERROR - 2017-06-20 03:49:06 --> Could not find the language line "mynt_buy_jd"
ERROR - 2017-06-20 03:49:08 --> Could not find the language line "mynt_buy_taobao"
ERROR - 2017-06-20 03:49:08 --> Could not find the language line "mynt_buy_tmall"
ERROR - 2017-06-20 03:49:08 --> Could not find the language line "mynt_buy_youzan"
ERROR - 2017-06-20 03:49:08 --> Could not find the language line "mynt_buy_jd"
ERROR - 2017-06-20 04:03:47 --> Could not find the language line "mynt_buy_taobao"
ERROR - 2017-06-20 04:03:47 --> Could not find the language line "mynt_buy_tmall"
ERROR - 2017-06-20 04:03:47 --> Could not find the language line "mynt_buy_youzan"
ERROR - 2017-06-20 04:03:47 --> Could not find the language line "mynt_buy_jd"
ERROR - 2017-06-20 04:03:47 --> Could not find the language line "home_cloud_title"
ERROR - 2017-06-20 04:03:47 --> Could not find the language line "home_cloud_intro"
ERROR - 2017-06-20 04:03:47 --> Could not find the language line "mynt_icon_taobao"
ERROR - 2017-06-20 04:03:47 --> Could not find the language line "mynt_icon_tmall"
ERROR - 2017-06-20 04:03:47 --> Could not find the language line "mynt_icon_youzan"
ERROR - 2017-06-20 04:03:47 --> Could not find the language line "mynt_buy_taobao"
ERROR - 2017-06-20 04:03:47 --> Could not find the language line "mynt_buy_tmall"
ERROR - 2017-06-20 04:03:47 --> Could not find the language line "mynt_buy_youzan"
ERROR - 2017-06-20 04:03:47 --> Could not find the language line "mynt_buy_jd"
ERROR - 2017-06-20 04:03:52 --> Could not find the language line "mynt_buy_taobao"
ERROR - 2017-06-20 04:03:52 --> Could not find the language line "mynt_buy_tmall"
ERROR - 2017-06-20 04:03:52 --> Could not find the language line "mynt_buy_youzan"
ERROR - 2017-06-20 04:03:52 --> Could not find the language line "mynt_buy_jd"
ERROR - 2017-06-20 04:03:55 --> Could not find the language line "mynt_buy_taobao"
ERROR - 2017-06-20 04:03:55 --> Could not find the language line "mynt_buy_tmall"
ERROR - 2017-06-20 04:03:55 --> Could not find the language line "mynt_buy_youzan"
ERROR - 2017-06-20 04:03:55 --> Could not find the language line "mynt_buy_jd"
ERROR - 2017-06-20 04:04:06 --> Could not find the language line "mynt_buy_taobao"
ERROR - 2017-06-20 04:04:06 --> Could not find the language line "mynt_buy_tmall"
ERROR - 2017-06-20 04:04:06 --> Could not find the language line "mynt_buy_youzan"
ERROR - 2017-06-20 04:04:06 --> Could not find the language line "mynt_buy_jd"
ERROR - 2017-06-20 04:04:06 --> Could not find the language line "home_cloud_title"
ERROR - 2017-06-20 04:04:06 --> Could not find the language line "home_cloud_intro"
ERROR - 2017-06-20 04:04:06 --> Could not find the language line "mynt_icon_taobao"
ERROR - 2017-06-20 04:04:06 --> Could not find the language line "mynt_icon_tmall"
ERROR - 2017-06-20 04:04:06 --> Could not find the language line "mynt_icon_youzan"
ERROR - 2017-06-20 04:04:06 --> Could not find the language line "mynt_buy_taobao"
ERROR - 2017-06-20 04:04:06 --> Could not find the language line "mynt_buy_tmall"
ERROR - 2017-06-20 04:04:06 --> Could not find the language line "mynt_buy_youzan"
ERROR - 2017-06-20 04:04:06 --> Could not find the language line "mynt_buy_jd"
ERROR - 2017-06-20 04:04:15 --> Could not find the language line "mynt_buy_taobao"
ERROR - 2017-06-20 04:04:15 --> Could not find the language line "mynt_buy_tmall"
ERROR - 2017-06-20 04:04:15 --> Could not find the language line "mynt_buy_youzan"
ERROR - 2017-06-20 04:04:15 --> Could not find the language line "mynt_buy_jd"
ERROR - 2017-06-20 04:04:19 --> Could not find the language line "mynt_buy_taobao"
ERROR - 2017-06-20 04:04:19 --> Could not find the language line "mynt_buy_tmall"
ERROR - 2017-06-20 04:04:19 --> Could not find the language line "mynt_buy_youzan"
ERROR - 2017-06-20 04:04:19 --> Could not find the language line "mynt_buy_jd"
ERROR - 2017-06-20 04:04:19 --> Could not find the language line "home_cloud_title"
ERROR - 2017-06-20 04:04:19 --> Could not find the language line "home_cloud_intro"
ERROR - 2017-06-20 04:04:19 --> Could not find the language line "mynt_icon_taobao"
ERROR - 2017-06-20 04:04:19 --> Could not find the language line "mynt_icon_tmall"
ERROR - 2017-06-20 04:04:19 --> Could not find the language line "mynt_icon_youzan"
ERROR - 2017-06-20 04:04:20 --> Could not find the language line "mynt_buy_taobao"
ERROR - 2017-06-20 04:04:20 --> Could not find the language line "mynt_buy_tmall"
ERROR - 2017-06-20 04:04:20 --> Could not find the language line "mynt_buy_youzan"
ERROR - 2017-06-20 04:04:20 --> Could not find the language line "mynt_buy_jd"
ERROR - 2017-06-20 04:05:11 --> Could not find the language line "mynt_buy_taobao"
ERROR - 2017-06-20 04:05:11 --> Could not find the language line "mynt_buy_tmall"
ERROR - 2017-06-20 04:05:11 --> Could not find the language line "mynt_buy_youzan"
ERROR - 2017-06-20 04:05:11 --> Could not find the language line "mynt_buy_jd"
ERROR - 2017-06-20 04:05:11 --> Could not find the language line "home_cloud_title"
ERROR - 2017-06-20 04:05:11 --> Could not find the language line "home_cloud_intro"
ERROR - 2017-06-20 04:05:11 --> Could not find the language line "mynt_icon_taobao"
ERROR - 2017-06-20 04:05:11 --> Could not find the language line "mynt_icon_tmall"
ERROR - 2017-06-20 04:05:11 --> Could not find the language line "mynt_icon_youzan"
ERROR - 2017-06-20 04:05:11 --> Could not find the language line "mynt_buy_taobao"
ERROR - 2017-06-20 04:05:11 --> Could not find the language line "mynt_buy_tmall"
ERROR - 2017-06-20 04:05:11 --> Could not find the language line "mynt_buy_youzan"
ERROR - 2017-06-20 04:05:11 --> Could not find the language line "mynt_buy_jd"
ERROR - 2017-06-20 04:05:13 --> Could not find the language line "mynt_buy_taobao"
ERROR - 2017-06-20 04:05:13 --> Could not find the language line "mynt_buy_tmall"
ERROR - 2017-06-20 04:05:13 --> Could not find the language line "mynt_buy_youzan"
ERROR - 2017-06-20 04:05:13 --> Could not find the language line "mynt_buy_jd"
ERROR - 2017-06-20 04:05:13 --> Query error: Table 'website.st_maillist' doesn't exist - Invalid query: SELECT *
FROM `st_maillist`
WHERE `mail` = ''
ERROR - 2017-06-20 04:05:23 --> Could not find the language line "mynt_buy_taobao"
ERROR - 2017-06-20 04:05:23 --> Could not find the language line "mynt_buy_tmall"
ERROR - 2017-06-20 04:05:23 --> Could not find the language line "mynt_buy_youzan"
ERROR - 2017-06-20 04:05:23 --> Could not find the language line "mynt_buy_jd"
ERROR - 2017-06-20 04:05:23 --> Query error: Table 'website.st_maillist' doesn't exist - Invalid query: SELECT *
FROM `st_maillist`
WHERE `mail` = ''
ERROR - 2017-06-20 04:05:30 --> Could not find the language line "mynt_buy_taobao"
ERROR - 2017-06-20 04:05:30 --> Could not find the language line "mynt_buy_tmall"
ERROR - 2017-06-20 04:05:30 --> Could not find the language line "mynt_buy_youzan"
ERROR - 2017-06-20 04:05:30 --> Could not find the language line "mynt_buy_jd"
ERROR - 2017-06-20 04:05:30 --> Could not find the language line "home_cloud_title"
ERROR - 2017-06-20 04:05:30 --> Could not find the language line "home_cloud_intro"
ERROR - 2017-06-20 04:05:30 --> Could not find the language line "mynt_icon_taobao"
ERROR - 2017-06-20 04:05:30 --> Could not find the language line "mynt_icon_tmall"
ERROR - 2017-06-20 04:05:30 --> Could not find the language line "mynt_icon_youzan"
ERROR - 2017-06-20 04:05:30 --> Could not find the language line "mynt_buy_taobao"
ERROR - 2017-06-20 04:05:30 --> Could not find the language line "mynt_buy_tmall"
ERROR - 2017-06-20 04:05:30 --> Could not find the language line "mynt_buy_youzan"
ERROR - 2017-06-20 04:05:30 --> Could not find the language line "mynt_buy_jd"
ERROR - 2017-06-20 04:05:31 --> Could not find the language line "mynt_buy_taobao"
ERROR - 2017-06-20 04:05:31 --> Could not find the language line "mynt_buy_tmall"
ERROR - 2017-06-20 04:05:31 --> Could not find the language line "mynt_buy_youzan"
ERROR - 2017-06-20 04:05:31 --> Could not find the language line "mynt_buy_jd"
ERROR - 2017-06-20 04:05:34 --> Could not find the language line "mynt_buy_taobao"
ERROR - 2017-06-20 04:05:34 --> Could not find the language line "mynt_buy_tmall"
ERROR - 2017-06-20 04:05:34 --> Could not find the language line "mynt_buy_youzan"
ERROR - 2017-06-20 04:05:34 --> Could not find the language line "mynt_buy_jd"
ERROR - 2017-06-20 04:05:39 --> Could not find the language line "mynt_buy_taobao"
ERROR - 2017-06-20 04:05:39 --> Could not find the language line "mynt_buy_tmall"
ERROR - 2017-06-20 04:05:39 --> Could not find the language line "mynt_buy_youzan"
ERROR - 2017-06-20 04:05:39 --> Could not find the language line "mynt_buy_jd"
ERROR - 2017-06-20 04:09:54 --> Could not find the language line "mynt_buy_taobao"
ERROR - 2017-06-20 04:09:54 --> Could not find the language line "mynt_buy_tmall"
ERROR - 2017-06-20 04:09:54 --> Could not find the language line "mynt_buy_youzan"
ERROR - 2017-06-20 04:09:54 --> Could not find the language line "mynt_buy_jd"
ERROR - 2017-06-20 04:09:54 --> Could not find the language line "home_cloud_title"
ERROR - 2017-06-20 04:09:54 --> Could not find the language line "home_cloud_intro"
ERROR - 2017-06-20 04:09:54 --> Could not find the language line "mynt_icon_taobao"
ERROR - 2017-06-20 04:09:54 --> Could not find the language line "mynt_icon_tmall"
ERROR - 2017-06-20 04:09:54 --> Could not find the language line "mynt_icon_youzan"
ERROR - 2017-06-20 04:09:55 --> Could not find the language line "mynt_buy_taobao"
ERROR - 2017-06-20 04:09:55 --> Could not find the language line "mynt_buy_tmall"
ERROR - 2017-06-20 04:09:55 --> Could not find the language line "mynt_buy_youzan"
ERROR - 2017-06-20 04:09:55 --> Could not find the language line "mynt_buy_jd"
ERROR - 2017-06-20 04:09:56 --> Could not find the language line "mynt_buy_taobao"
ERROR - 2017-06-20 04:09:56 --> Could not find the language line "mynt_buy_tmall"
ERROR - 2017-06-20 04:09:56 --> Could not find the language line "mynt_buy_youzan"
ERROR - 2017-06-20 04:09:56 --> Could not find the language line "mynt_buy_jd"
ERROR - 2017-06-20 04:09:59 --> Could not find the language line "mynt_buy_taobao"
ERROR - 2017-06-20 04:09:59 --> Could not find the language line "mynt_buy_tmall"
ERROR - 2017-06-20 04:09:59 --> Could not find the language line "mynt_buy_youzan"
ERROR - 2017-06-20 04:09:59 --> Could not find the language line "mynt_buy_jd"
ERROR - 2017-06-20 04:10:08 --> Could not find the language line "mynt_buy_taobao"
ERROR - 2017-06-20 04:10:08 --> Could not find the language line "mynt_buy_tmall"
ERROR - 2017-06-20 04:10:08 --> Could not find the language line "mynt_buy_youzan"
ERROR - 2017-06-20 04:10:08 --> Could not find the language line "mynt_buy_jd"
ERROR - 2017-06-20 04:10:08 --> Could not find the language line "mynt_buy_taobao"
ERROR - 2017-06-20 04:10:08 --> Could not find the language line "mynt_buy_tmall"
ERROR - 2017-06-20 04:10:08 --> Could not find the language line "mynt_buy_youzan"
ERROR - 2017-06-20 04:10:08 --> Could not find the language line "mynt_buy_jd"
ERROR - 2017-06-20 04:10:12 --> Could not find the language line "mynt_buy_taobao"
ERROR - 2017-06-20 04:10:12 --> Could not find the language line "mynt_buy_tmall"
ERROR - 2017-06-20 04:10:12 --> Could not find the language line "mynt_buy_youzan"
ERROR - 2017-06-20 04:10:12 --> Could not find the language line "mynt_buy_jd"
ERROR - 2017-06-20 04:10:48 --> Could not find the language line "mynt_buy_taobao"
ERROR - 2017-06-20 04:10:48 --> Could not find the language line "mynt_buy_tmall"
ERROR - 2017-06-20 04:10:48 --> Could not find the language line "mynt_buy_youzan"
ERROR - 2017-06-20 04:10:48 --> Could not find the language line "mynt_buy_jd"
ERROR - 2017-06-20 04:17:46 --> Could not find the language line "mynt_buy_taobao"
ERROR - 2017-06-20 04:17:46 --> Could not find the language line "mynt_buy_tmall"
ERROR - 2017-06-20 04:17:46 --> Could not find the language line "mynt_buy_youzan"
ERROR - 2017-06-20 04:17:46 --> Could not find the language line "mynt_buy_jd"
ERROR - 2017-06-20 04:17:46 --> Could not find the language line "mynt_icon_taobao"
ERROR - 2017-06-20 04:17:46 --> Could not find the language line "mynt_icon_tmall"
ERROR - 2017-06-20 04:17:46 --> Could not find the language line "mynt_icon_youzan"
ERROR - 2017-06-20 04:17:46 --> Could not find the language line "mynt_icon_jd"
ERROR - 2017-06-20 04:17:46 --> Could not find the language line "mynt_jd_detail"
ERROR - 2017-06-20 04:17:46 --> Could not find the language line "to_buy_wd"
ERROR - 2017-06-20 04:17:46 --> Could not find the language line "slightech_wechat"
ERROR - 2017-06-20 04:17:46 --> Could not find the language line "camera_no_lost"
ERROR - 2017-06-20 04:17:46 --> Could not find the language line "key_no_lost"
ERROR - 2017-06-20 04:17:46 --> Could not find the language line "bag_no_lost"
ERROR - 2017-06-20 04:17:46 --> Could not find the language line "computer_no_lost"
ERROR - 2017-06-20 04:17:46 --> Could not find the language line "pet_no_lost"
ERROR - 2017-06-20 04:17:46 --> Could not find the language line "goal"
ERROR - 2017-06-20 04:17:46 --> Could not find the language line "fund_title"
ERROR - 2017-06-20 04:17:46 --> Could not find the language line "fund_intro"
ERROR - 2017-06-20 04:17:46 --> Could not find the language line "mynt_buy_taobao"
ERROR - 2017-06-20 04:17:46 --> Could not find the language line "mynt_buy_tmall"
ERROR - 2017-06-20 04:17:46 --> Could not find the language line "mynt_buy_youzan"
ERROR - 2017-06-20 04:17:46 --> Could not find the language line "mynt_buy_jd"
ERROR - 2017-06-20 04:17:52 --> 404 Page Not Found: Mynt/maillist
ERROR - 2017-06-20 04:17:59 --> Could not find the language line "mynt_buy_taobao"
ERROR - 2017-06-20 04:17:59 --> Could not find the language line "mynt_buy_tmall"
ERROR - 2017-06-20 04:17:59 --> Could not find the language line "mynt_buy_youzan"
ERROR - 2017-06-20 04:17:59 --> Could not find the language line "mynt_buy_jd"
ERROR - 2017-06-20 04:18:02 --> Could not find the language line "mynt_buy_taobao"
ERROR - 2017-06-20 04:18:02 --> Could not find the language line "mynt_buy_tmall"
ERROR - 2017-06-20 04:18:02 --> Could not find the language line "mynt_buy_youzan"
ERROR - 2017-06-20 04:18:02 --> Could not find the language line "mynt_buy_jd"
ERROR - 2017-06-20 04:18:07 --> Could not find the language line "mynt_buy_taobao"
ERROR - 2017-06-20 04:18:07 --> Could not find the language line "mynt_buy_tmall"
ERROR - 2017-06-20 04:18:07 --> Could not find the language line "mynt_buy_youzan"
ERROR - 2017-06-20 04:18:07 --> Could not find the language line "mynt_buy_jd"
ERROR - 2017-06-20 04:18:14 --> Could not find the language line "mynt_buy_taobao"
ERROR - 2017-06-20 04:18:14 --> Could not find the language line "mynt_buy_tmall"
ERROR - 2017-06-20 04:18:14 --> Could not find the language line "mynt_buy_youzan"
ERROR - 2017-06-20 04:18:14 --> Could not find the language line "mynt_buy_jd"
ERROR - 2017-06-20 04:18:17 --> Could not find the language line "mynt_buy_taobao"
ERROR - 2017-06-20 04:18:17 --> Could not find the language line "mynt_buy_tmall"
ERROR - 2017-06-20 04:18:17 --> Could not find the language line "mynt_buy_youzan"
ERROR - 2017-06-20 04:18:17 --> Could not find the language line "mynt_buy_jd"
ERROR - 2017-06-20 04:18:21 --> Could not find the language line "mynt_buy_taobao"
ERROR - 2017-06-20 04:18:21 --> Could not find the language line "mynt_buy_tmall"
ERROR - 2017-06-20 04:18:21 --> Could not find the language line "mynt_buy_youzan"
ERROR - 2017-06-20 04:18:21 --> Could not find the language line "mynt_buy_jd"
ERROR - 2017-06-20 04:18:21 --> Could not find the language line "mynt_icon_taobao"
ERROR - 2017-06-20 04:18:21 --> Could not find the language line "mynt_icon_tmall"
ERROR - 2017-06-20 04:18:21 --> Could not find the language line "mynt_icon_youzan"
ERROR - 2017-06-20 04:18:21 --> Could not find the language line "mynt_icon_jd"
ERROR - 2017-06-20 04:18:21 --> Could not find the language line "mynt_jd_detail"
ERROR - 2017-06-20 04:18:21 --> Could not find the language line "to_buy_wd"
ERROR - 2017-06-20 04:18:21 --> Could not find the language line "slightech_wechat"
ERROR - 2017-06-20 04:18:21 --> Could not find the language line "camera_no_lost"
ERROR - 2017-06-20 04:18:21 --> Could not find the language line "key_no_lost"
ERROR - 2017-06-20 04:18:21 --> Could not find the language line "bag_no_lost"
ERROR - 2017-06-20 04:18:21 --> Could not find the language line "computer_no_lost"
ERROR - 2017-06-20 04:18:21 --> Could not find the language line "pet_no_lost"
ERROR - 2017-06-20 04:18:21 --> Could not find the language line "goal"
ERROR - 2017-06-20 04:18:21 --> Could not find the language line "fund_title"
ERROR - 2017-06-20 04:18:21 --> Could not find the language line "fund_intro"
ERROR - 2017-06-20 04:18:21 --> Could not find the language line "mynt_buy_taobao"
ERROR - 2017-06-20 04:18:21 --> Could not find the language line "mynt_buy_tmall"
ERROR - 2017-06-20 04:18:21 --> Could not find the language line "mynt_buy_youzan"
ERROR - 2017-06-20 04:18:21 --> Could not find the language line "mynt_buy_jd"
ERROR - 2017-06-20 04:18:22 --> 404 Page Not Found: Mynt/maillist
ERROR - 2017-06-20 04:19:12 --> 404 Page Not Found: Mynt/maillist
ERROR - 2017-06-20 04:49:59 --> Could not find the language line "mynt_buy_taobao"
ERROR - 2017-06-20 04:50:00 --> Could not find the language line "mynt_buy_tmall"
ERROR - 2017-06-20 04:50:00 --> Could not find the language line "mynt_buy_youzan"
ERROR - 2017-06-20 04:50:00 --> Could not find the language line "mynt_buy_jd"
ERROR - 2017-06-20 04:50:00 --> Could not find the language line "mynt_icon_taobao"
ERROR - 2017-06-20 04:50:00 --> Could not find the language line "mynt_icon_tmall"
ERROR - 2017-06-20 04:50:00 --> Could not find the language line "mynt_icon_youzan"
ERROR - 2017-06-20 04:50:00 --> Could not find the language line "mynt_icon_jd"
ERROR - 2017-06-20 04:50:00 --> Could not find the language line "mynt_jd_detail"
ERROR - 2017-06-20 04:50:00 --> Could not find the language line "to_buy_wd"
ERROR - 2017-06-20 04:50:00 --> Could not find the language line "slightech_wechat"
ERROR - 2017-06-20 04:50:00 --> Could not find the language line "camera_no_lost"
ERROR - 2017-06-20 04:50:00 --> Could not find the language line "key_no_lost"
ERROR - 2017-06-20 04:50:00 --> Could not find the language line "bag_no_lost"
ERROR - 2017-06-20 04:50:00 --> Could not find the language line "computer_no_lost"
ERROR - 2017-06-20 04:50:00 --> Could not find the language line "pet_no_lost"
ERROR - 2017-06-20 04:50:00 --> Could not find the language line "goal"
ERROR - 2017-06-20 04:50:00 --> Could not find the language line "fund_title"
ERROR - 2017-06-20 04:50:00 --> Could not find the language line "fund_intro"
ERROR - 2017-06-20 04:50:02 --> Could not find the language line "mynt_buy_taobao"
ERROR - 2017-06-20 04:50:02 --> Could not find the language line "mynt_buy_tmall"
ERROR - 2017-06-20 04:50:02 --> Could not find the language line "mynt_buy_youzan"
ERROR - 2017-06-20 04:50:02 --> Could not find the language line "mynt_buy_jd"
ERROR - 2017-06-20 04:52:11 --> Could not find the language line "mynt_buy_taobao"
ERROR - 2017-06-20 04:52:11 --> Could not find the language line "mynt_buy_tmall"
ERROR - 2017-06-20 04:52:11 --> Could not find the language line "mynt_buy_youzan"
ERROR - 2017-06-20 04:52:11 --> Could not find the language line "mynt_buy_jd"
ERROR - 2017-06-20 04:52:11 --> Could not find the language line "mynt_icon_taobao"
ERROR - 2017-06-20 04:52:11 --> Could not find the language line "mynt_icon_tmall"
ERROR - 2017-06-20 04:52:11 --> Could not find the language line "mynt_icon_youzan"
ERROR - 2017-06-20 04:52:11 --> Could not find the language line "mynt_icon_jd"
ERROR - 2017-06-20 04:52:11 --> Could not find the language line "mynt_jd_detail"
ERROR - 2017-06-20 04:52:11 --> Could not find the language line "to_buy_wd"
ERROR - 2017-06-20 04:52:11 --> Could not find the language line "slightech_wechat"
ERROR - 2017-06-20 04:52:11 --> Could not find the language line "camera_no_lost"
ERROR - 2017-06-20 04:52:11 --> Could not find the language line "key_no_lost"
ERROR - 2017-06-20 04:52:11 --> Could not find the language line "bag_no_lost"
ERROR - 2017-06-20 04:52:11 --> Could not find the language line "computer_no_lost"
ERROR - 2017-06-20 04:52:11 --> Could not find the language line "pet_no_lost"
ERROR - 2017-06-20 04:52:11 --> Could not find the language line "goal"
ERROR - 2017-06-20 04:52:11 --> Could not find the language line "fund_title"
ERROR - 2017-06-20 04:52:11 --> Could not find the language line "fund_intro"
ERROR - 2017-06-20 04:52:12 --> Could not find the language line "mynt_buy_taobao"
ERROR - 2017-06-20 04:52:12 --> Could not find the language line "mynt_buy_tmall"
ERROR - 2017-06-20 04:52:12 --> Could not find the language line "mynt_buy_youzan"
ERROR - 2017-06-20 04:52:12 --> Could not find the language line "mynt_buy_jd"
ERROR - 2017-06-20 04:52:13 --> 404 Page Not Found: Mynt/maillist
ERROR - 2017-06-20 04:52:27 --> 404 Page Not Found: Mynt/maillist
ERROR - 2017-06-20 04:52:27 --> 404 Page Not Found: Mynt/favicon.ico
ERROR - 2017-06-20 04:52:58 --> Could not find the language line "mynt_buy_taobao"
ERROR - 2017-06-20 04:52:58 --> Could not find the language line "mynt_buy_tmall"
ERROR - 2017-06-20 04:52:58 --> Could not find the language line "mynt_buy_youzan"
ERROR - 2017-06-20 04:52:58 --> Could not find the language line "mynt_buy_jd"
ERROR - 2017-06-20 04:52:58 --> Could not find the language line "home_cloud_title"
ERROR - 2017-06-20 04:52:58 --> Could not find the language line "home_cloud_intro"
ERROR - 2017-06-20 04:52:58 --> Could not find the language line "mynt_icon_taobao"
ERROR - 2017-06-20 04:52:58 --> Could not find the language line "mynt_icon_tmall"
ERROR - 2017-06-20 04:52:58 --> Could not find the language line "mynt_icon_youzan"
ERROR - 2017-06-20 04:53:00 --> Could not find the language line "mynt_buy_taobao"
ERROR - 2017-06-20 04:53:00 --> Could not find the language line "mynt_buy_tmall"
ERROR - 2017-06-20 04:53:00 --> Could not find the language line "mynt_buy_youzan"
ERROR - 2017-06-20 04:53:00 --> Could not find the language line "mynt_buy_jd"
ERROR - 2017-06-20 04:57:33 --> Could not find the language line "mynt_buy_taobao"
ERROR - 2017-06-20 04:57:33 --> Could not find the language line "mynt_buy_tmall"
ERROR - 2017-06-20 04:57:33 --> Could not find the language line "mynt_buy_youzan"
ERROR - 2017-06-20 04:57:33 --> Could not find the language line "mynt_buy_jd"
ERROR - 2017-06-20 04:57:33 --> Could not find the language line "home_cloud_title"
ERROR - 2017-06-20 04:57:33 --> Could not find the language line "home_cloud_intro"
ERROR - 2017-06-20 04:57:33 --> Could not find the language line "mynt_icon_taobao"
ERROR - 2017-06-20 04:57:33 --> Could not find the language line "mynt_icon_tmall"
ERROR - 2017-06-20 04:57:33 --> Could not find the language line "mynt_icon_youzan"
ERROR - 2017-06-20 04:57:34 --> Could not find the language line "mynt_buy_taobao"
ERROR - 2017-06-20 04:57:34 --> Could not find the language line "mynt_buy_tmall"
ERROR - 2017-06-20 04:57:34 --> Could not find the language line "mynt_buy_youzan"
ERROR - 2017-06-20 04:57:34 --> Could not find the language line "mynt_buy_jd"
ERROR - 2017-06-20 04:58:22 --> Could not find the language line "mynt_buy_taobao"
ERROR - 2017-06-20 04:58:22 --> Could not find the language line "mynt_buy_tmall"
ERROR - 2017-06-20 04:58:22 --> Could not find the language line "mynt_buy_youzan"
ERROR - 2017-06-20 04:58:22 --> Could not find the language line "mynt_buy_jd"
ERROR - 2017-06-20 04:58:22 --> Could not find the language line "home_cloud_title"
ERROR - 2017-06-20 04:58:22 --> Could not find the language line "home_cloud_intro"
ERROR - 2017-06-20 04:58:22 --> Could not find the language line "mynt_icon_taobao"
ERROR - 2017-06-20 04:58:22 --> Could not find the language line "mynt_icon_tmall"
ERROR - 2017-06-20 04:58:22 --> Could not find the language line "mynt_icon_youzan"
ERROR - 2017-06-20 04:58:22 --> Could not find the language line "mynt_buy_taobao"
ERROR - 2017-06-20 04:58:22 --> Could not find the language line "mynt_buy_tmall"
ERROR - 2017-06-20 04:58:22 --> Could not find the language line "mynt_buy_youzan"
ERROR - 2017-06-20 04:58:22 --> Could not find the language line "mynt_buy_jd"
ERROR - 2017-06-20 04:58:26 --> Could not find the language line "mynt_buy_taobao"
ERROR - 2017-06-20 04:58:26 --> Could not find the language line "mynt_buy_tmall"
ERROR - 2017-06-20 04:58:26 --> Could not find the language line "mynt_buy_youzan"
ERROR - 2017-06-20 04:58:26 --> Could not find the language line "mynt_buy_jd"
ERROR - 2017-06-20 04:58:30 --> Could not find the language line "mynt_buy_taobao"
ERROR - 2017-06-20 04:58:30 --> Could not find the language line "mynt_buy_tmall"
ERROR - 2017-06-20 04:58:30 --> Could not find the language line "mynt_buy_youzan"
ERROR - 2017-06-20 04:58:30 --> Could not find the language line "mynt_buy_jd"
ERROR - 2017-06-20 04:58:30 --> Could not find the language line "mynt_icon_taobao"
ERROR - 2017-06-20 04:58:30 --> Could not find the language line "mynt_icon_tmall"
ERROR - 2017-06-20 04:58:30 --> Could not find the language line "mynt_icon_youzan"
ERROR - 2017-06-20 04:58:30 --> Could not find the language line "mynt_icon_jd"
ERROR - 2017-06-20 04:58:30 --> Could not find the language line "mynt_jd_detail"
ERROR - 2017-06-20 04:58:30 --> Could not find the language line "to_buy_wd"
ERROR - 2017-06-20 04:58:30 --> Could not find the language line "slightech_wechat"
ERROR - 2017-06-20 04:58:30 --> Could not find the language line "camera_no_lost"
ERROR - 2017-06-20 04:58:30 --> Could not find the language line "key_no_lost"
ERROR - 2017-06-20 04:58:30 --> Could not find the language line "bag_no_lost"
ERROR - 2017-06-20 04:58:30 --> Could not find the language line "computer_no_lost"
ERROR - 2017-06-20 04:58:30 --> Could not find the language line "pet_no_lost"
ERROR - 2017-06-20 04:58:30 --> Could not find the language line "goal"
ERROR - 2017-06-20 04:58:30 --> Could not find the language line "fund_title"
ERROR - 2017-06-20 04:58:30 --> Could not find the language line "fund_intro"
ERROR - 2017-06-20 04:58:31 --> Could not find the language line "mynt_buy_taobao"
ERROR - 2017-06-20 04:58:31 --> Could not find the language line "mynt_buy_tmall"
ERROR - 2017-06-20 04:58:31 --> Could not find the language line "mynt_buy_youzan"
ERROR - 2017-06-20 04:58:31 --> Could not find the language line "mynt_buy_jd"
ERROR - 2017-06-20 04:58:35 --> Could not find the language line "mynt_buy_taobao"
ERROR - 2017-06-20 04:58:35 --> Could not find the language line "mynt_buy_tmall"
ERROR - 2017-06-20 04:58:35 --> Could not find the language line "mynt_buy_youzan"
ERROR - 2017-06-20 04:58:35 --> Could not find the language line "mynt_buy_jd"
ERROR - 2017-06-20 04:58:53 --> Could not find the language line "mynt_buy_taobao"
ERROR - 2017-06-20 04:58:53 --> Could not find the language line "mynt_buy_tmall"
ERROR - 2017-06-20 04:58:53 --> Could not find the language line "mynt_buy_youzan"
ERROR - 2017-06-20 04:58:53 --> Could not find the language line "mynt_buy_jd"
ERROR - 2017-06-20 04:58:53 --> Could not find the language line "mynt_icon_taobao"
ERROR - 2017-06-20 04:58:53 --> Could not find the language line "mynt_icon_tmall"
ERROR - 2017-06-20 04:58:53 --> Could not find the language line "mynt_icon_youzan"
ERROR - 2017-06-20 04:58:53 --> Could not find the language line "mynt_icon_jd"
ERROR - 2017-06-20 04:58:53 --> Could not find the language line "mynt_jd_detail"
ERROR - 2017-06-20 04:58:53 --> Could not find the language line "to_buy_wd"
ERROR - 2017-06-20 04:58:53 --> Could not find the language line "slightech_wechat"
ERROR - 2017-06-20 04:58:53 --> Could not find the language line "camera_no_lost"
ERROR - 2017-06-20 04:58:53 --> Could not find the language line "key_no_lost"
ERROR - 2017-06-20 04:58:53 --> Could not find the language line "bag_no_lost"
ERROR - 2017-06-20 04:58:53 --> Could not find the language line "computer_no_lost"
ERROR - 2017-06-20 04:58:53 --> Could not find the language line "pet_no_lost"
ERROR - 2017-06-20 04:58:53 --> Could not find the language line "goal"
ERROR - 2017-06-20 04:58:53 --> Could not find the language line "fund_title"
ERROR - 2017-06-20 04:58:53 --> Could not find the language line "fund_intro"
ERROR - 2017-06-20 04:58:55 --> Could not find the language line "mynt_buy_taobao"
ERROR - 2017-06-20 04:58:55 --> Could not find the language line "mynt_buy_tmall"
ERROR - 2017-06-20 04:58:55 --> Could not find the language line "mynt_buy_youzan"
ERROR - 2017-06-20 04:58:55 --> Could not find the language line "mynt_buy_jd"
ERROR - 2017-06-20 04:58:57 --> Could not find the language line "mynt_buy_taobao"
ERROR - 2017-06-20 04:58:57 --> Could not find the language line "mynt_buy_tmall"
ERROR - 2017-06-20 04:58:57 --> Could not find the language line "mynt_buy_youzan"
ERROR - 2017-06-20 04:58:57 --> Could not find the language line "mynt_buy_jd"
ERROR - 2017-06-20 04:58:57 --> Could not find the language line "mynt_icon_taobao"
ERROR - 2017-06-20 04:58:57 --> Could not find the language line "mynt_icon_tmall"
ERROR - 2017-06-20 04:58:57 --> Could not find the language line "mynt_icon_youzan"
ERROR - 2017-06-20 04:58:57 --> Could not find the language line "mynt_icon_jd"
ERROR - 2017-06-20 04:58:57 --> Could not find the language line "mynt_jd_detail"
ERROR - 2017-06-20 04:58:57 --> Could not find the language line "to_buy_wd"
ERROR - 2017-06-20 04:58:57 --> Could not find the language line "slightech_wechat"
ERROR - 2017-06-20 04:58:57 --> Could not find the language line "camera_no_lost"
ERROR - 2017-06-20 04:58:57 --> Could not find the language line "key_no_lost"
ERROR - 2017-06-20 04:58:57 --> Could not find the language line "bag_no_lost"
ERROR - 2017-06-20 04:58:57 --> Could not find the language line "computer_no_lost"
ERROR - 2017-06-20 04:58:57 --> Could not find the language line "pet_no_lost"
ERROR - 2017-06-20 04:58:57 --> Could not find the language line "goal"
ERROR - 2017-06-20 04:58:57 --> Could not find the language line "fund_title"
ERROR - 2017-06-20 04:58:57 --> Could not find the language line "fund_intro"
ERROR - 2017-06-20 04:58:58 --> Could not find the language line "mynt_buy_taobao"
ERROR - 2017-06-20 04:58:58 --> Could not find the language line "mynt_buy_tmall"
ERROR - 2017-06-20 04:58:58 --> Could not find the language line "mynt_buy_youzan"
ERROR - 2017-06-20 04:58:58 --> Could not find the language line "mynt_buy_jd"
ERROR - 2017-06-20 04:58:59 --> Could not find the language line "mynt_buy_taobao"
ERROR - 2017-06-20 04:58:59 --> Could not find the language line "mynt_buy_tmall"
ERROR - 2017-06-20 04:58:59 --> Could not find the language line "mynt_buy_youzan"
ERROR - 2017-06-20 04:58:59 --> Could not find the language line "mynt_buy_jd"
ERROR - 2017-06-20 05:07:22 --> Could not find the language line "mynt_buy_taobao"
ERROR - 2017-06-20 05:07:22 --> Could not find the language line "mynt_buy_tmall"
ERROR - 2017-06-20 05:07:22 --> Could not find the language line "mynt_buy_youzan"
ERROR - 2017-06-20 05:07:22 --> Could not find the language line "mynt_buy_jd"
ERROR - 2017-06-20 05:07:22 --> Could not find the language line "mynt_icon_taobao"
ERROR - 2017-06-20 05:07:22 --> Could not find the language line "mynt_icon_tmall"
ERROR - 2017-06-20 05:07:22 --> Could not find the language line "mynt_icon_youzan"
ERROR - 2017-06-20 05:07:22 --> Could not find the language line "mynt_icon_jd"
ERROR - 2017-06-20 05:07:22 --> Could not find the language line "mynt_jd_detail"
ERROR - 2017-06-20 05:07:22 --> Could not find the language line "to_buy_wd"
ERROR - 2017-06-20 05:07:22 --> Could not find the language line "slightech_wechat"
ERROR - 2017-06-20 05:07:22 --> Could not find the language line "camera_no_lost"
ERROR - 2017-06-20 05:07:22 --> Could not find the language line "key_no_lost"
ERROR - 2017-06-20 05:07:22 --> Could not find the language line "bag_no_lost"
ERROR - 2017-06-20 05:07:22 --> Could not find the language line "computer_no_lost"
ERROR - 2017-06-20 05:07:22 --> Could not find the language line "pet_no_lost"
ERROR - 2017-06-20 05:07:22 --> Could not find the language line "goal"
ERROR - 2017-06-20 05:07:22 --> Could not find the language line "fund_title"
ERROR - 2017-06-20 05:07:22 --> Could not find the language line "fund_intro"
ERROR - 2017-06-20 05:07:23 --> Could not find the language line "mynt_buy_taobao"
ERROR - 2017-06-20 05:07:23 --> Could not find the language line "mynt_buy_tmall"
ERROR - 2017-06-20 05:07:23 --> Could not find the language line "mynt_buy_youzan"
ERROR - 2017-06-20 05:07:23 --> Could not find the language line "mynt_buy_jd"
ERROR - 2017-06-20 05:07:23 --> Could not find the language line "mynt_icon_taobao"
ERROR - 2017-06-20 05:07:23 --> Could not find the language line "mynt_icon_tmall"
ERROR - 2017-06-20 05:07:23 --> Could not find the language line "mynt_icon_youzan"
ERROR - 2017-06-20 05:07:23 --> Could not find the language line "mynt_icon_jd"
ERROR - 2017-06-20 05:07:23 --> Could not find the language line "mynt_jd_detail"
ERROR - 2017-06-20 05:07:23 --> Could not find the language line "to_buy_wd"
ERROR - 2017-06-20 05:07:23 --> Could not find the language line "slightech_wechat"
ERROR - 2017-06-20 05:07:23 --> Could not find the language line "camera_no_lost"
ERROR - 2017-06-20 05:07:23 --> Could not find the language line "key_no_lost"
ERROR - 2017-06-20 05:07:23 --> Could not find the language line "bag_no_lost"
ERROR - 2017-06-20 05:07:23 --> Could not find the language line "computer_no_lost"
ERROR - 2017-06-20 05:07:23 --> Could not find the language line "pet_no_lost"
ERROR - 2017-06-20 05:07:23 --> Could not find the language line "goal"
ERROR - 2017-06-20 05:07:23 --> Could not find the language line "fund_title"
ERROR - 2017-06-20 05:07:23 --> Could not find the language line "fund_intro"
ERROR - 2017-06-20 05:07:24 --> Could not find the language line "mynt_buy_taobao"
ERROR - 2017-06-20 05:07:24 --> Could not find the language line "mynt_buy_tmall"
ERROR - 2017-06-20 05:07:24 --> Could not find the language line "mynt_buy_youzan"
ERROR - 2017-06-20 05:07:24 --> Could not find the language line "mynt_buy_jd"
ERROR - 2017-06-20 05:07:25 --> Could not find the language line "mynt_buy_taobao"
ERROR - 2017-06-20 05:07:25 --> Could not find the language line "mynt_buy_tmall"
ERROR - 2017-06-20 05:07:25 --> Could not find the language line "mynt_buy_youzan"
ERROR - 2017-06-20 05:07:25 --> Could not find the language line "mynt_buy_jd"
ERROR - 2017-06-20 05:07:29 --> Could not find the language line "mynt_buy_taobao"
ERROR - 2017-06-20 05:07:29 --> Could not find the language line "mynt_buy_tmall"
ERROR - 2017-06-20 05:07:29 --> Could not find the language line "mynt_buy_youzan"
ERROR - 2017-06-20 05:07:29 --> Could not find the language line "mynt_buy_jd"
ERROR - 2017-06-20 05:08:23 --> Could not find the language line "mynt_buy_taobao"
ERROR - 2017-06-20 05:08:23 --> Could not find the language line "mynt_buy_tmall"
ERROR - 2017-06-20 05:08:23 --> Could not find the language line "mynt_buy_youzan"
ERROR - 2017-06-20 05:08:23 --> Could not find the language line "mynt_buy_jd"
ERROR - 2017-06-20 05:08:26 --> Could not find the language line "mynt_buy_taobao"
ERROR - 2017-06-20 05:08:26 --> Could not find the language line "mynt_buy_tmall"
ERROR - 2017-06-20 05:08:26 --> Could not find the language line "mynt_buy_youzan"
ERROR - 2017-06-20 05:08:26 --> Could not find the language line "mynt_buy_jd"
ERROR - 2017-06-20 05:08:29 --> Could not find the language line "mynt_buy_taobao"
ERROR - 2017-06-20 05:08:29 --> Could not find the language line "mynt_buy_tmall"
ERROR - 2017-06-20 05:08:29 --> Could not find the language line "mynt_buy_youzan"
ERROR - 2017-06-20 05:08:29 --> Could not find the language line "mynt_buy_jd"
ERROR - 2017-06-20 05:08:29 --> Could not find the language line "home_cloud_title"
ERROR - 2017-06-20 05:08:29 --> Could not find the language line "home_cloud_intro"
ERROR - 2017-06-20 05:08:29 --> Could not find the language line "mynt_icon_taobao"
ERROR - 2017-06-20 05:08:29 --> Could not find the language line "mynt_icon_tmall"
ERROR - 2017-06-20 05:08:29 --> Could not find the language line "mynt_icon_youzan"
ERROR - 2017-06-20 05:08:32 --> Could not find the language line "mynt_buy_taobao"
ERROR - 2017-06-20 05:08:32 --> Could not find the language line "mynt_buy_tmall"
ERROR - 2017-06-20 05:08:32 --> Could not find the language line "mynt_buy_youzan"
ERROR - 2017-06-20 05:08:32 --> Could not find the language line "mynt_buy_jd"
ERROR - 2017-06-20 05:08:32 --> Could not find the language line "mynt_buy_taobao"
ERROR - 2017-06-20 05:08:32 --> Could not find the language line "mynt_buy_tmall"
ERROR - 2017-06-20 05:08:32 --> Could not find the language line "mynt_buy_youzan"
ERROR - 2017-06-20 05:08:32 --> Could not find the language line "mynt_buy_jd"
ERROR - 2017-06-20 05:08:33 --> Could not find the language line "mynt_buy_taobao"
ERROR - 2017-06-20 05:08:33 --> Could not find the language line "mynt_buy_tmall"
ERROR - 2017-06-20 05:08:33 --> Could not find the language line "mynt_buy_youzan"
ERROR - 2017-06-20 05:08:33 --> Could not find the language line "mynt_buy_jd"
ERROR - 2017-06-20 05:08:35 --> Could not find the language line "mynt_buy_taobao"
ERROR - 2017-06-20 05:08:35 --> Could not find the language line "mynt_buy_tmall"
ERROR - 2017-06-20 05:08:35 --> Could not find the language line "mynt_buy_youzan"
ERROR - 2017-06-20 05:08:35 --> Could not find the language line "mynt_buy_jd"
ERROR - 2017-06-20 05:08:40 --> Could not find the language line "mynt_buy_taobao"
ERROR - 2017-06-20 05:08:40 --> Could not find the language line "mynt_buy_tmall"
ERROR - 2017-06-20 05:08:40 --> Could not find the language line "mynt_buy_youzan"
ERROR - 2017-06-20 05:08:40 --> Could not find the language line "mynt_buy_jd"
ERROR - 2017-06-20 05:08:40 --> Could not find the language line "home_cloud_title"
ERROR - 2017-06-20 05:08:40 --> Could not find the language line "home_cloud_intro"
ERROR - 2017-06-20 05:08:40 --> Could not find the language line "mynt_icon_taobao"
ERROR - 2017-06-20 05:08:40 --> Could not find the language line "mynt_icon_tmall"
ERROR - 2017-06-20 05:08:40 --> Could not find the language line "mynt_icon_youzan"
ERROR - 2017-06-20 05:08:40 --> Could not find the language line "mynt_buy_taobao"
ERROR - 2017-06-20 05:08:40 --> Could not find the language line "mynt_buy_tmall"
ERROR - 2017-06-20 05:08:40 --> Could not find the language line "mynt_buy_youzan"
ERROR - 2017-06-20 05:08:40 --> Could not find the language line "mynt_buy_jd"
ERROR - 2017-06-20 05:08:42 --> Could not find the language line "mynt_buy_taobao"
ERROR - 2017-06-20 05:08:42 --> Could not find the language line "mynt_buy_tmall"
ERROR - 2017-06-20 05:08:42 --> Could not find the language line "mynt_buy_youzan"
ERROR - 2017-06-20 05:08:42 --> Could not find the language line "mynt_buy_jd"
ERROR - 2017-06-20 05:08:47 --> Could not find the language line "mynt_buy_taobao"
ERROR - 2017-06-20 05:08:47 --> Could not find the language line "mynt_buy_tmall"
ERROR - 2017-06-20 05:08:47 --> Could not find the language line "mynt_buy_youzan"
ERROR - 2017-06-20 05:08:47 --> Could not find the language line "mynt_buy_jd"
ERROR - 2017-06-20 05:08:47 --> Could not find the language line "home_cloud_title"
ERROR - 2017-06-20 05:08:47 --> Could not find the language line "home_cloud_intro"
ERROR - 2017-06-20 05:08:47 --> Could not find the language line "mynt_icon_taobao"
ERROR - 2017-06-20 05:08:47 --> Could not find the language line "mynt_icon_tmall"
ERROR - 2017-06-20 05:08:47 --> Could not find the language line "mynt_icon_youzan"
ERROR - 2017-06-20 05:08:49 --> Could not find the language line "mynt_buy_taobao"
ERROR - 2017-06-20 05:08:49 --> Could not find the language line "mynt_buy_tmall"
ERROR - 2017-06-20 05:08:49 --> Could not find the language line "mynt_buy_youzan"
ERROR - 2017-06-20 05:08:49 --> Could not find the language line "mynt_buy_jd"
ERROR - 2017-06-20 05:08:50 --> Could not find the language line "mynt_buy_taobao"
ERROR - 2017-06-20 05:08:50 --> Could not find the language line "mynt_buy_tmall"
ERROR - 2017-06-20 05:08:50 --> Could not find the language line "mynt_buy_youzan"
ERROR - 2017-06-20 05:08:50 --> Could not find the language line "mynt_buy_jd"
