ERROR - 2017-09-11 10:13:41 --> Could not find the language line "mynt_buy_amazon"
ERROR - 2017-09-11 10:13:41 --> Could not find the language line "about_keywords"
ERROR - 2017-09-11 10:13:41 --> Could not find the language line "about_company"
ERROR - 2017-09-11 10:13:48 --> Could not find the language line "mynt_buy_amazon"
ERROR - 2017-09-11 10:13:48 --> Could not find the language line "about_keywords"
ERROR - 2017-09-11 10:13:48 --> Could not find the language line "about_company"
ERROR - 2017-09-11 10:13:50 --> Could not find the language line "mynt_buy_amazon"
ERROR - 2017-09-11 10:13:50 --> Could not find the language line "about_keywords"
ERROR - 2017-09-11 10:13:50 --> Could not find the language line "about_company"
ERROR - 2017-09-11 10:14:49 --> Could not find the language line "mynt_buy_amazon"
ERROR - 2017-09-11 10:14:49 --> Could not find the language line "home_slife_title"
ERROR - 2017-09-11 10:14:49 --> Could not find the language line "mynt_icon_buy"
ERROR - 2017-09-11 10:17:48 --> Could not find the language line "mynt_buy_amazon"
ERROR - 2017-09-11 10:17:48 --> Could not find the language line "about_keywords"
ERROR - 2017-09-11 10:17:48 --> Could not find the language line "about_company"
ERROR - 2017-09-11 10:26:28 --> Could not find the language line "mynt_buy_amazon"
ERROR - 2017-09-11 10:26:28 --> Could not find the language line "about_keywords"
ERROR - 2017-09-11 10:26:28 --> Could not find the language line "about_company"
ERROR - 2017-09-11 10:26:46 --> Could not find the language line "mynt_buy_amazon"
ERROR - 2017-09-11 10:26:46 --> Could not find the language line "about_keywords"
ERROR - 2017-09-11 10:26:46 --> Could not find the language line "about_company"
ERROR - 2017-09-11 10:27:27 --> Could not find the language line "mynt_buy_amazon"
ERROR - 2017-09-11 10:27:27 --> Could not find the language line "about_keywords"
ERROR - 2017-09-11 10:27:27 --> Could not find the language line "about_company"
ERROR - 2017-09-11 10:27:53 --> Could not find the language line "mynt_buy_amazon"
ERROR - 2017-09-11 10:27:53 --> Could not find the language line "about_keywords"
ERROR - 2017-09-11 10:27:53 --> Could not find the language line "about_company"
ERROR - 2017-09-11 10:27:54 --> Could not find the language line "mynt_buy_amazon"
ERROR - 2017-09-11 10:27:54 --> Could not find the language line "about_keywords"
ERROR - 2017-09-11 10:27:54 --> Could not find the language line "about_company"
ERROR - 2017-09-11 10:27:55 --> Could not find the language line "mynt_buy_amazon"
ERROR - 2017-09-11 10:27:55 --> Could not find the language line "about_keywords"
ERROR - 2017-09-11 10:27:55 --> Could not find the language line "about_company"
ERROR - 2017-09-11 10:27:55 --> Could not find the language line "mynt_buy_amazon"
ERROR - 2017-09-11 10:27:55 --> Could not find the language line "about_keywords"
ERROR - 2017-09-11 10:27:55 --> Could not find the language line "about_company"
ERROR - 2017-09-11 10:27:56 --> Could not find the language line "mynt_buy_amazon"
ERROR - 2017-09-11 10:27:56 --> Could not find the language line "about_keywords"
ERROR - 2017-09-11 10:27:56 --> Could not find the language line "about_company"
ERROR - 2017-09-11 13:38:52 --> Could not find the language line "mynt_buy_amazon"
ERROR - 2017-09-11 13:40:46 --> Could not find the language line "mynt_buy_amazon"
ERROR - 2017-09-11 13:40:46 --> Could not find the language line "about_keywords"
ERROR - 2017-09-11 13:40:46 --> Could not find the language line "about_company"
ERROR - 2017-09-11 15:37:29 --> Could not find the language line "mynt_buy_amazon"
ERROR - 2017-09-11 15:37:29 --> Could not find the language line "about_keywords"
ERROR - 2017-09-11 15:37:29 --> Could not find the language line "about_company"
ERROR - 2017-09-11 15:39:04 --> Could not find the language line "mynt_buy_amazon"
ERROR - 2017-09-11 15:40:49 --> Could not find the language line "mynt_buy_amazon"
ERROR - 2017-09-11 15:40:52 --> Could not find the language line "mynt_buy_amazon"
ERROR - 2017-09-11 15:41:01 --> Could not find the language line "mynt_buy_amazon"
ERROR - 2017-09-11 15:42:06 --> Could not find the language line "mynt_buy_amazon"
ERROR - 2017-09-11 15:42:09 --> Could not find the language line "mynt_buy_amazon"
ERROR - 2017-09-11 15:42:09 --> Could not find the language line "home_slife_title"
ERROR - 2017-09-11 15:42:09 --> Could not find the language line "mynt_icon_buy"
