ERROR - 2016-05-04 06:29:48 --> Could not find the language line "mynt_buy_taobao"
ERROR - 2016-05-04 06:29:48 --> Could not find the language line "mynt_buy_tmall"
ERROR - 2016-05-04 06:29:48 --> Could not find the language line "mynt_buy_youzan"
ERROR - 2016-05-04 06:29:48 --> Could not find the language line "mynt_icon_taobao"
ERROR - 2016-05-04 06:29:48 --> Could not find the language line "mynt_icon_tmall"
ERROR - 2016-05-04 06:29:48 --> Could not find the language line "mynt_icon_youzan"
ERROR - 2016-05-04 06:30:06 --> Could not find the language line "mynt_buy_taobao"
ERROR - 2016-05-04 06:30:06 --> Could not find the language line "mynt_buy_tmall"
ERROR - 2016-05-04 06:30:06 --> Could not find the language line "mynt_buy_youzan"
ERROR - 2016-05-04 06:30:06 --> Could not find the language line "mynt_icon_taobao"
ERROR - 2016-05-04 06:30:06 --> Could not find the language line "mynt_icon_tmall"
ERROR - 2016-05-04 06:30:06 --> Could not find the language line "mynt_icon_youzan"
ERROR - 2016-05-04 06:40:17 --> Could not find the language line "mynt_buy_taobao"
ERROR - 2016-05-04 06:40:17 --> Could not find the language line "mynt_buy_tmall"
ERROR - 2016-05-04 06:40:17 --> Could not find the language line "mynt_buy_youzan"
ERROR - 2016-05-04 06:40:17 --> Could not find the language line "mynt_icon_taobao"
ERROR - 2016-05-04 06:40:17 --> Could not find the language line "mynt_icon_tmall"
ERROR - 2016-05-04 06:40:17 --> Could not find the language line "mynt_icon_youzan"
ERROR - 2016-05-04 06:46:27 --> Could not find the language line "mynt_buy_taobao"
ERROR - 2016-05-04 06:46:27 --> Could not find the language line "mynt_buy_tmall"
ERROR - 2016-05-04 06:46:27 --> Could not find the language line "mynt_buy_youzan"
ERROR - 2016-05-04 06:46:27 --> Could not find the language line "mynt_icon_taobao"
ERROR - 2016-05-04 06:46:27 --> Could not find the language line "mynt_icon_tmall"
ERROR - 2016-05-04 06:46:27 --> Could not find the language line "mynt_icon_youzan"
ERROR - 2016-05-04 06:46:39 --> Could not find the language line "mynt_buy_taobao"
ERROR - 2016-05-04 06:46:39 --> Could not find the language line "mynt_buy_tmall"
ERROR - 2016-05-04 06:46:39 --> Could not find the language line "mynt_buy_youzan"
ERROR - 2016-05-04 06:46:39 --> Could not find the language line "mynt_icon_taobao"
ERROR - 2016-05-04 06:46:39 --> Could not find the language line "mynt_icon_tmall"
ERROR - 2016-05-04 06:46:39 --> Could not find the language line "mynt_icon_youzan"
ERROR - 2016-05-04 07:23:02 --> Could not find the language line "mynt_buy_taobao"
ERROR - 2016-05-04 07:23:02 --> Could not find the language line "mynt_buy_tmall"
ERROR - 2016-05-04 07:23:02 --> Could not find the language line "mynt_buy_youzan"
ERROR - 2016-05-04 07:23:02 --> Could not find the language line "mynt_icon_taobao"
ERROR - 2016-05-04 07:23:02 --> Could not find the language line "mynt_icon_tmall"
ERROR - 2016-05-04 07:23:02 --> Could not find the language line "mynt_icon_youzan"
ERROR - 2016-05-04 07:39:12 --> Could not find the language line "mynt_buy_taobao"
ERROR - 2016-05-04 07:39:12 --> Could not find the language line "mynt_buy_tmall"
ERROR - 2016-05-04 07:39:12 --> Could not find the language line "mynt_buy_youzan"
ERROR - 2016-05-04 07:39:12 --> Could not find the language line "mynt_icon_taobao"
ERROR - 2016-05-04 07:39:12 --> Could not find the language line "mynt_icon_tmall"
ERROR - 2016-05-04 07:39:12 --> Could not find the language line "mynt_icon_youzan"
ERROR - 2016-05-04 07:41:33 --> Could not find the language line "mynt_buy_taobao"
ERROR - 2016-05-04 07:41:33 --> Could not find the language line "mynt_buy_tmall"
ERROR - 2016-05-04 07:41:33 --> Could not find the language line "mynt_buy_youzan"
ERROR - 2016-05-04 07:41:33 --> Could not find the language line "mynt_icon_taobao"
ERROR - 2016-05-04 07:41:33 --> Could not find the language line "mynt_icon_tmall"
ERROR - 2016-05-04 07:41:33 --> Could not find the language line "mynt_icon_youzan"
ERROR - 2016-05-04 07:42:05 --> Could not find the language line "mynt_buy_taobao"
ERROR - 2016-05-04 07:42:05 --> Could not find the language line "mynt_buy_tmall"
ERROR - 2016-05-04 07:42:05 --> Could not find the language line "mynt_buy_youzan"
ERROR - 2016-05-04 07:42:05 --> Could not find the language line "mynt_icon_taobao"
ERROR - 2016-05-04 07:42:05 --> Could not find the language line "mynt_icon_tmall"
ERROR - 2016-05-04 07:42:05 --> Could not find the language line "mynt_icon_youzan"
ERROR - 2016-05-04 07:42:09 --> Could not find the language line "mynt_buy_amazon"
ERROR - 2016-05-04 07:42:09 --> Could not find the language line "mynt_icon_buy"
ERROR - 2016-05-04 07:44:36 --> Could not find the language line "mynt_buy_amazon"
ERROR - 2016-05-04 07:44:36 --> Could not find the language line "mynt_icon_buy"
ERROR - 2016-05-04 07:44:49 --> Could not find the language line "mynt_buy_amazon"
ERROR - 2016-05-04 07:44:49 --> Could not find the language line "mynt_icon_buy"
ERROR - 2016-05-04 07:45:28 --> Could not find the language line "mynt_buy_amazon"
ERROR - 2016-05-04 07:45:28 --> Could not find the language line "mynt_icon_buy"
ERROR - 2016-05-04 07:47:53 --> Could not find the language line "mynt_buy_amazon"
ERROR - 2016-05-04 07:47:53 --> Could not find the language line "mynt_icon_buy"
ERROR - 2016-05-04 07:47:53 --> Could not find the language line "mynt_buy_link_kick"
ERROR - 2016-05-04 07:48:42 --> Could not find the language line "mynt_buy_amazon"
ERROR - 2016-05-04 07:48:42 --> Could not find the language line "mynt_icon_buy"
ERROR - 2016-05-04 07:48:42 --> Could not find the language line "mynt_buy_link_kick"
ERROR - 2016-05-04 07:50:43 --> Could not find the language line "mynt_buy_amazon"
ERROR - 2016-05-04 07:50:45 --> Could not find the language line "mynt_buy_amazon"
ERROR - 2016-05-04 07:50:45 --> Could not find the language line "mynt_icon_buy"
ERROR - 2016-05-04 07:50:46 --> Could not find the language line "mynt_buy_amazon"
ERROR - 2016-05-04 07:50:46 --> Could not find the language line "mynt_icon_buy"
ERROR - 2016-05-04 07:50:46 --> Could not find the language line "mynt_buy_link_kick"
ERROR - 2016-05-04 07:52:09 --> Could not find the language line "mynt_buy_amazon"
ERROR - 2016-05-04 07:52:09 --> Could not find the language line "about_keywords"
ERROR - 2016-05-04 07:52:09 --> Could not find the language line "about_company"
ERROR - 2016-05-04 07:52:11 --> Could not find the language line "mynt_buy_amazon"
ERROR - 2016-05-04 07:52:12 --> Could not find the language line "mynt_buy_amazon"
ERROR - 2016-05-04 07:52:12 --> Could not find the language line "mynt_icon_buy"
ERROR - 2016-05-04 07:52:12 --> Could not find the language line "mynt_buy_link_kick"
ERROR - 2016-05-04 07:52:46 --> Could not find the language line "mynt_buy_amazon"
ERROR - 2016-05-04 07:52:46 --> Could not find the language line "mynt_icon_buy"
ERROR - 2016-05-04 07:52:46 --> Could not find the language line "mynt_buy_link_kick"
ERROR - 2016-05-04 07:54:52 --> Could not find the language line "mynt_buy_amazon"
ERROR - 2016-05-04 07:54:52 --> Could not find the language line "mynt_icon_buy"
ERROR - 2016-05-04 07:54:52 --> Could not find the language line "mynt_buy_link_kick"
ERROR - 2016-05-04 07:57:33 --> Could not find the language line "mynt_buy_amazon"
ERROR - 2016-05-04 07:57:33 --> Could not find the language line "mynt_icon_buy"
ERROR - 2016-05-04 07:57:33 --> Could not find the language line "mynt_buy_link_kick"
ERROR - 2016-05-04 07:57:47 --> Could not find the language line "mynt_buy_amazon"
ERROR - 2016-05-04 07:57:47 --> Could not find the language line "mynt_icon_buy"
ERROR - 2016-05-04 08:45:51 --> Could not find the language line "mynt_buy_amazon"
ERROR - 2016-05-04 08:45:51 --> Could not find the language line "mynt_icon_buy"
ERROR - 2016-05-04 08:48:12 --> Could not find the language line "mynt_buy_amazon"
ERROR - 2016-05-04 08:48:12 --> Could not find the language line "mynt_icon_buy"
ERROR - 2016-05-04 08:52:22 --> Could not find the language line "mynt_buy_amazon"
ERROR - 2016-05-04 08:52:22 --> Could not find the language line "mynt_icon_buy"
ERROR - 2016-05-04 08:58:08 --> Could not find the language line "mynt_buy_amazon"
ERROR - 2016-05-04 08:58:08 --> Could not find the language line "mynt_icon_buy"
ERROR - 2016-05-04 09:00:40 --> Could not find the language line "mynt_buy_amazon"
ERROR - 2016-05-04 09:00:40 --> Could not find the language line "mynt_icon_buy"
ERROR - 2016-05-04 09:00:51 --> Could not find the language line "mynt_buy_amazon"
ERROR - 2016-05-04 09:00:51 --> Could not find the language line "mynt_icon_buy"
ERROR - 2016-05-04 09:03:05 --> Could not find the language line "mynt_buy_amazon"
ERROR - 2016-05-04 09:03:05 --> Could not find the language line "mynt_icon_buy"
ERROR - 2016-05-04 09:03:10 --> Could not find the language line "mynt_buy_amazon"
ERROR - 2016-05-04 09:03:10 --> Could not find the language line "mynt_icon_buy"
ERROR - 2016-05-04 09:03:29 --> Could not find the language line "mynt_buy_amazon"
ERROR - 2016-05-04 09:03:29 --> Could not find the language line "mynt_icon_buy"
ERROR - 2016-05-04 09:05:03 --> Could not find the language line "mynt_buy_amazon"
ERROR - 2016-05-04 09:05:03 --> Could not find the language line "mynt_icon_buy"
ERROR - 2016-05-04 09:05:22 --> Could not find the language line "mynt_buy_amazon"
ERROR - 2016-05-04 09:05:22 --> Could not find the language line "mynt_icon_buy"
ERROR - 2016-05-04 09:05:31 --> Could not find the language line "mynt_buy_amazon"
ERROR - 2016-05-04 09:05:31 --> Could not find the language line "mynt_icon_buy"
ERROR - 2016-05-04 09:06:24 --> Could not find the language line "mynt_buy_amazon"
ERROR - 2016-05-04 09:06:24 --> Could not find the language line "mynt_icon_buy"
ERROR - 2016-05-04 09:06:40 --> Could not find the language line "mynt_buy_amazon"
ERROR - 2016-05-04 09:06:40 --> Could not find the language line "mynt_icon_buy"
ERROR - 2016-05-04 09:06:40 --> Could not find the language line "mynt_buy_link_kick"
ERROR - 2016-05-04 09:07:42 --> Could not find the language line "mynt_buy_amazon"
ERROR - 2016-05-04 09:07:42 --> Could not find the language line "mynt_icon_buy"
ERROR - 2016-05-04 09:07:42 --> Could not find the language line "mynt_buy_link_kick"
ERROR - 2016-05-04 09:07:49 --> Could not find the language line "mynt_buy_amazon"
ERROR - 2016-05-04 09:07:49 --> Could not find the language line "mynt_icon_buy"
ERROR - 2016-05-04 09:07:50 --> Could not find the language line "mynt_buy_amazon"
ERROR - 2016-05-04 09:07:50 --> Could not find the language line "mynt_icon_buy"
ERROR - 2016-05-04 09:07:50 --> Could not find the language line "mynt_buy_amazon"
ERROR - 2016-05-04 09:07:50 --> Could not find the language line "mynt_icon_buy"
ERROR - 2016-05-04 09:07:50 --> Could not find the language line "mynt_buy_amazon"
ERROR - 2016-05-04 09:07:50 --> Could not find the language line "mynt_icon_buy"
ERROR - 2016-05-04 09:07:51 --> Could not find the language line "mynt_buy_amazon"
ERROR - 2016-05-04 09:07:51 --> Could not find the language line "mynt_icon_buy"
ERROR - 2016-05-04 09:07:58 --> Could not find the language line "mynt_buy_amazon"
ERROR - 2016-05-04 09:07:58 --> Could not find the language line "mynt_icon_buy"
ERROR - 2016-05-04 09:07:58 --> Could not find the language line "mynt_buy_link_kick"
ERROR - 2016-05-04 09:08:01 --> Could not find the language line "mynt_buy_amazon"
ERROR - 2016-05-04 09:08:01 --> Could not find the language line "mynt_icon_buy"
ERROR - 2016-05-04 09:10:08 --> Could not find the language line "mynt_buy_amazon"
ERROR - 2016-05-04 09:10:08 --> Could not find the language line "mynt_icon_buy"
ERROR - 2016-05-04 09:13:50 --> Could not find the language line "mynt_buy_amazon"
ERROR - 2016-05-04 09:13:50 --> Could not find the language line "mynt_icon_buy"
ERROR - 2016-05-04 09:13:52 --> Could not find the language line "mynt_buy_amazon"
ERROR - 2016-05-04 09:13:52 --> Could not find the language line "mynt_icon_buy"
ERROR - 2016-05-04 09:14:25 --> Could not find the language line "mynt_buy_amazon"
ERROR - 2016-05-04 09:14:25 --> Could not find the language line "mynt_icon_buy"
ERROR - 2016-05-04 09:17:46 --> Could not find the language line "mynt_buy_amazon"
ERROR - 2016-05-04 09:17:46 --> Could not find the language line "mynt_icon_buy"
ERROR - 2016-05-04 09:17:48 --> Could not find the language line "mynt_buy_amazon"
ERROR - 2016-05-04 09:17:48 --> Could not find the language line "mynt_icon_buy"
ERROR - 2016-05-04 09:17:50 --> Could not find the language line "mynt_buy_amazon"
ERROR - 2016-05-04 09:17:50 --> Could not find the language line "mynt_icon_buy"
ERROR - 2016-05-04 09:21:56 --> Could not find the language line "mynt_buy_amazon"
ERROR - 2016-05-04 09:21:56 --> Could not find the language line "mynt_icon_buy"
ERROR - 2016-05-04 09:26:11 --> Could not find the language line "mynt_buy_amazon"
ERROR - 2016-05-04 09:26:11 --> Could not find the language line "mynt_icon_buy"
ERROR - 2016-05-04 09:30:25 --> Could not find the language line "mynt_buy_amazon"
ERROR - 2016-05-04 09:30:25 --> Could not find the language line "mynt_icon_buy"
ERROR - 2016-05-04 09:33:27 --> Could not find the language line "mynt_buy_amazon"
ERROR - 2016-05-04 09:33:27 --> Could not find the language line "mynt_icon_buy"
ERROR - 2016-05-04 09:33:54 --> Could not find the language line "mynt_buy_amazon"
ERROR - 2016-05-04 09:33:54 --> Could not find the language line "mynt_icon_buy"
ERROR - 2016-05-04 09:35:44 --> Could not find the language line "mynt_buy_amazon"
ERROR - 2016-05-04 09:35:44 --> Could not find the language line "mynt_icon_buy"
ERROR - 2016-05-04 09:40:36 --> Could not find the language line "mynt_buy_amazon"
ERROR - 2016-05-04 09:40:36 --> Could not find the language line "mynt_icon_buy"
ERROR - 2016-05-04 09:40:36 --> Could not find the language line "mynt_buy_link_kick"
ERROR - 2016-05-04 13:23:07 --> Could not find the language line "mynt_buy_amazon"
ERROR - 2016-05-04 13:23:07 --> Could not find the language line "mynt_icon_buy"
ERROR - 2016-05-04 13:23:07 --> Could not find the language line "mynt_buy_link_kick"
ERROR - 2016-05-04 13:23:20 --> Could not find the language line "mynt_buy_taobao"
ERROR - 2016-05-04 13:23:20 --> Could not find the language line "mynt_buy_tmall"
ERROR - 2016-05-04 13:23:20 --> Could not find the language line "mynt_buy_youzan"
ERROR - 2016-05-04 13:23:20 --> Could not find the language line "mynt_icon_taobao"
ERROR - 2016-05-04 13:23:20 --> Could not find the language line "mynt_icon_tmall"
ERROR - 2016-05-04 13:23:20 --> Could not find the language line "mynt_icon_youzan"
ERROR - 2016-05-04 13:23:20 --> Could not find the language line "mynt_jd_detail"
ERROR - 2016-05-04 13:23:20 --> Could not find the language line "to_buy_wd"
ERROR - 2016-05-04 13:23:20 --> Could not find the language line "slightech_wechat"
ERROR - 2016-05-04 13:23:20 --> Could not find the language line "camera_no_lost"
ERROR - 2016-05-04 13:23:20 --> Could not find the language line "key_no_lost"
ERROR - 2016-05-04 13:23:20 --> Could not find the language line "bag_no_lost"
ERROR - 2016-05-04 13:23:20 --> Could not find the language line "computer_no_lost"
ERROR - 2016-05-04 13:23:20 --> Could not find the language line "pet_no_lost"
ERROR - 2016-05-04 13:23:20 --> Could not find the language line "goal"
ERROR - 2016-05-04 13:23:20 --> Could not find the language line "fund_title"
ERROR - 2016-05-04 13:23:20 --> Could not find the language line "fund_intro"
ERROR - 2016-05-04 13:23:31 --> Could not find the language line "mynt_buy_amazon"
ERROR - 2016-05-04 13:23:31 --> Could not find the language line "mynt_icon_buy"
ERROR - 2016-05-04 13:23:31 --> Could not find the language line "mynt_buy_link_kick"
ERROR - 2016-05-04 13:39:01 --> Could not find the language line "mynt_buy_amazon"
ERROR - 2016-05-04 13:39:24 --> Could not find the language line "mynt_buy_amazon"
ERROR - 2016-05-04 13:40:21 --> Could not find the language line "mynt_buy_amazon"
ERROR - 2016-05-04 14:03:46 --> Could not find the language line "mynt_buy_amazon"
ERROR - 2016-05-04 14:04:28 --> Could not find the language line "mynt_buy_amazon"
ERROR - 2016-05-04 14:04:28 --> Could not find the language line "mynt_icon_buy"
ERROR - 2016-05-04 14:04:28 --> Could not find the language line "mynt_buy_link_kick"
ERROR - 2016-05-04 14:07:07 --> Could not find the language line "mynt_buy_amazon"
ERROR - 2016-05-04 14:07:07 --> Could not find the language line "mynt_icon_buy"
ERROR - 2016-05-04 14:07:07 --> Could not find the language line "mynt_buy_link_kick"
ERROR - 2016-05-04 14:07:17 --> Could not find the language line "mynt_buy_amazon"
ERROR - 2016-05-04 14:07:36 --> Could not find the language line "mynt_buy_amazon"
ERROR - 2016-05-04 14:07:36 --> Could not find the language line "about_keywords"
ERROR - 2016-05-04 14:07:36 --> Could not find the language line "about_company"
ERROR - 2016-05-04 14:10:03 --> Could not find the language line "mynt_buy_amazon"
ERROR - 2016-05-04 14:10:03 --> Could not find the language line "about_keywords"
ERROR - 2016-05-04 14:10:03 --> Could not find the language line "about_company"
ERROR - 2016-05-04 14:10:47 --> Could not find the language line "mynt_buy_amazon"
ERROR - 2016-05-04 14:10:47 --> Could not find the language line "mynt_icon_buy"
ERROR - 2016-05-04 14:32:26 --> Could not find the language line "mynt_buy_amazon"
ERROR - 2016-05-04 14:32:32 --> Could not find the language line "mynt_buy_amazon"
ERROR - 2016-05-04 14:32:32 --> Could not find the language line "mynt_icon_buy"
ERROR - 2016-05-04 15:14:38 --> Could not find the language line "mynt_buy_taobao"
ERROR - 2016-05-04 15:14:38 --> Could not find the language line "mynt_buy_tmall"
ERROR - 2016-05-04 15:14:38 --> Could not find the language line "mynt_buy_youzan"
ERROR - 2016-05-04 15:14:38 --> Could not find the language line "mynt_icon_taobao"
ERROR - 2016-05-04 15:14:38 --> Could not find the language line "mynt_icon_tmall"
ERROR - 2016-05-04 15:14:38 --> Could not find the language line "mynt_icon_youzan"
ERROR - 2016-05-04 15:14:40 --> 404 Page Not Found: S/index
