ERROR - 2017-07-07 02:44:10 --> Could not find the language line "mynt_buy_taobao"
ERROR - 2017-07-07 02:44:10 --> Could not find the language line "mynt_buy_tmall"
ERROR - 2017-07-07 02:44:10 --> Could not find the language line "mynt_buy_jd"
ERROR - 2017-07-07 02:44:10 --> Could not find the language line "home_cloud_title"
ERROR - 2017-07-07 02:44:10 --> Could not find the language line "home_cloud_intro"
ERROR - 2017-07-07 02:44:10 --> Could not find the language line "mynt_icon_taobao"
ERROR - 2017-07-07 02:44:10 --> Could not find the language line "mynt_icon_tmall"
ERROR - 2017-07-07 02:44:10 --> Could not find the language line "mynt_icon_youzan"
ERROR - 2017-07-07 02:44:11 --> Could not find the language line "mynt_buy_taobao"
ERROR - 2017-07-07 02:44:11 --> Could not find the language line "mynt_buy_tmall"
ERROR - 2017-07-07 02:44:11 --> Could not find the language line "mynt_buy_jd"
ERROR - 2017-07-07 03:41:59 --> Could not find the language line "mynt_buy_taobao"
ERROR - 2017-07-07 03:41:59 --> Could not find the language line "mynt_buy_tmall"
ERROR - 2017-07-07 03:41:59 --> Could not find the language line "mynt_buy_jd"
ERROR - 2017-07-07 03:42:36 --> Could not find the language line "mynt_buy_taobao"
ERROR - 2017-07-07 03:42:36 --> Could not find the language line "mynt_buy_tmall"
ERROR - 2017-07-07 03:42:36 --> Could not find the language line "mynt_buy_jd"
ERROR - 2017-07-07 03:44:23 --> Could not find the language line "mynt_buy_taobao"
ERROR - 2017-07-07 03:44:23 --> Could not find the language line "mynt_buy_tmall"
ERROR - 2017-07-07 03:44:23 --> Could not find the language line "mynt_buy_jd"
ERROR - 2017-07-07 03:46:27 --> Could not find the language line "mynt_buy_taobao"
ERROR - 2017-07-07 03:46:27 --> Could not find the language line "mynt_buy_tmall"
ERROR - 2017-07-07 03:46:27 --> Could not find the language line "mynt_buy_jd"
ERROR - 2017-07-07 03:50:15 --> Could not find the language line "mynt_buy_taobao"
ERROR - 2017-07-07 03:50:15 --> Could not find the language line "mynt_buy_tmall"
ERROR - 2017-07-07 03:50:15 --> Could not find the language line "mynt_buy_jd"
ERROR - 2017-07-07 03:51:06 --> Could not find the language line "mynt_buy_taobao"
ERROR - 2017-07-07 03:51:06 --> Could not find the language line "mynt_buy_tmall"
ERROR - 2017-07-07 03:51:06 --> Could not find the language line "mynt_buy_jd"
ERROR - 2017-07-07 05:26:34 --> Could not find the language line "mynt_buy_taobao"
ERROR - 2017-07-07 05:26:34 --> Could not find the language line "mynt_buy_tmall"
ERROR - 2017-07-07 05:26:34 --> Could not find the language line "mynt_buy_jd"
ERROR - 2017-07-07 05:26:41 --> Could not find the language line "mynt_buy_taobao"
ERROR - 2017-07-07 05:26:41 --> Could not find the language line "mynt_buy_tmall"
ERROR - 2017-07-07 05:26:41 --> Could not find the language line "mynt_buy_jd"
ERROR - 2017-07-07 05:29:50 --> Could not find the language line "mynt_buy_taobao"
ERROR - 2017-07-07 05:29:50 --> Could not find the language line "mynt_buy_tmall"
ERROR - 2017-07-07 05:29:50 --> Could not find the language line "mynt_buy_jd"
ERROR - 2017-07-07 05:30:00 --> Could not find the language line "mynt_buy_taobao"
ERROR - 2017-07-07 05:30:00 --> Could not find the language line "mynt_buy_tmall"
ERROR - 2017-07-07 05:30:00 --> Could not find the language line "mynt_buy_jd"
ERROR - 2017-07-07 05:30:02 --> Could not find the language line "mynt_buy_taobao"
ERROR - 2017-07-07 05:30:02 --> Could not find the language line "mynt_buy_tmall"
ERROR - 2017-07-07 05:30:02 --> Could not find the language line "mynt_buy_jd"
ERROR - 2017-07-07 05:30:26 --> Could not find the language line "mynt_buy_taobao"
ERROR - 2017-07-07 05:30:26 --> Could not find the language line "mynt_buy_tmall"
ERROR - 2017-07-07 05:30:26 --> Could not find the language line "mynt_buy_jd"
ERROR - 2017-07-07 05:30:27 --> Could not find the language line "mynt_buy_taobao"
ERROR - 2017-07-07 05:30:27 --> Could not find the language line "mynt_buy_tmall"
ERROR - 2017-07-07 05:30:27 --> Could not find the language line "mynt_buy_jd"
ERROR - 2017-07-07 05:30:35 --> Could not find the language line "mynt_buy_taobao"
ERROR - 2017-07-07 05:30:35 --> Could not find the language line "mynt_buy_tmall"
ERROR - 2017-07-07 05:30:35 --> Could not find the language line "mynt_buy_jd"
ERROR - 2017-07-07 05:31:01 --> Could not find the language line "mynt_buy_taobao"
ERROR - 2017-07-07 05:31:01 --> Could not find the language line "mynt_buy_tmall"
ERROR - 2017-07-07 05:31:01 --> Could not find the language line "mynt_buy_jd"
ERROR - 2017-07-07 05:32:11 --> Could not find the language line "mynt_buy_taobao"
ERROR - 2017-07-07 05:32:11 --> Could not find the language line "mynt_buy_tmall"
ERROR - 2017-07-07 05:32:11 --> Could not find the language line "mynt_buy_jd"
ERROR - 2017-07-07 05:33:35 --> Could not find the language line "mynt_buy_taobao"
ERROR - 2017-07-07 05:33:35 --> Could not find the language line "mynt_buy_tmall"
ERROR - 2017-07-07 05:33:35 --> Could not find the language line "mynt_buy_jd"
ERROR - 2017-07-07 05:33:56 --> Could not find the language line "mynt_buy_taobao"
ERROR - 2017-07-07 05:33:56 --> Could not find the language line "mynt_buy_tmall"
ERROR - 2017-07-07 05:33:56 --> Could not find the language line "mynt_buy_jd"
ERROR - 2017-07-07 05:34:14 --> Could not find the language line "mynt_buy_taobao"
ERROR - 2017-07-07 05:34:14 --> Could not find the language line "mynt_buy_tmall"
ERROR - 2017-07-07 05:34:14 --> Could not find the language line "mynt_buy_jd"
ERROR - 2017-07-07 05:35:39 --> Could not find the language line "mynt_buy_taobao"
ERROR - 2017-07-07 05:35:39 --> Could not find the language line "mynt_buy_tmall"
ERROR - 2017-07-07 05:35:39 --> Could not find the language line "mynt_buy_jd"
ERROR - 2017-07-07 05:37:35 --> Could not find the language line "home_cloud_title"
ERROR - 2017-07-07 05:37:35 --> Could not find the language line "home_cloud_intro"
ERROR - 2017-07-07 05:37:35 --> Could not find the language line "mynt_buy_taobao"
ERROR - 2017-07-07 05:37:35 --> Could not find the language line "mynt_buy_tmall"
ERROR - 2017-07-07 05:37:35 --> Could not find the language line "mynt_buy_jd"
ERROR - 2017-07-07 05:37:39 --> Could not find the language line "home_cloud_title"
ERROR - 2017-07-07 05:37:39 --> Could not find the language line "home_cloud_intro"
ERROR - 2017-07-07 05:37:39 --> Could not find the language line "mynt_buy_taobao"
ERROR - 2017-07-07 05:37:39 --> Could not find the language line "mynt_buy_tmall"
ERROR - 2017-07-07 05:37:39 --> Could not find the language line "mynt_buy_jd"
ERROR - 2017-07-07 05:37:41 --> Could not find the language line "home_cloud_title"
ERROR - 2017-07-07 05:37:41 --> Could not find the language line "home_cloud_intro"
ERROR - 2017-07-07 05:37:41 --> Could not find the language line "mynt_buy_taobao"
ERROR - 2017-07-07 05:37:41 --> Could not find the language line "mynt_buy_tmall"
ERROR - 2017-07-07 05:37:41 --> Could not find the language line "mynt_buy_jd"
ERROR - 2017-07-07 05:38:01 --> Could not find the language line "home_cloud_title"
ERROR - 2017-07-07 05:38:01 --> Could not find the language line "home_cloud_intro"
ERROR - 2017-07-07 05:38:01 --> Could not find the language line "mynt_buy_taobao"
ERROR - 2017-07-07 05:38:01 --> Could not find the language line "mynt_buy_tmall"
ERROR - 2017-07-07 05:38:01 --> Could not find the language line "mynt_buy_jd"
ERROR - 2017-07-07 05:38:02 --> Could not find the language line "home_cloud_title"
ERROR - 2017-07-07 05:38:02 --> Could not find the language line "home_cloud_intro"
ERROR - 2017-07-07 05:38:02 --> Could not find the language line "mynt_buy_taobao"
ERROR - 2017-07-07 05:38:02 --> Could not find the language line "mynt_buy_tmall"
ERROR - 2017-07-07 05:38:02 --> Could not find the language line "mynt_buy_jd"
ERROR - 2017-07-07 05:38:02 --> Could not find the language line "home_cloud_title"
ERROR - 2017-07-07 05:38:02 --> Could not find the language line "home_cloud_intro"
ERROR - 2017-07-07 05:38:02 --> Could not find the language line "mynt_buy_taobao"
ERROR - 2017-07-07 05:38:02 --> Could not find the language line "mynt_buy_tmall"
ERROR - 2017-07-07 05:38:02 --> Could not find the language line "mynt_buy_jd"
ERROR - 2017-07-07 05:38:02 --> Could not find the language line "home_cloud_title"
ERROR - 2017-07-07 05:38:02 --> Could not find the language line "home_cloud_intro"
ERROR - 2017-07-07 05:38:02 --> Could not find the language line "mynt_buy_taobao"
ERROR - 2017-07-07 05:38:02 --> Could not find the language line "mynt_buy_tmall"
ERROR - 2017-07-07 05:38:02 --> Could not find the language line "mynt_buy_jd"
ERROR - 2017-07-07 05:38:02 --> Could not find the language line "home_cloud_title"
ERROR - 2017-07-07 05:38:02 --> Could not find the language line "home_cloud_intro"
ERROR - 2017-07-07 05:38:03 --> Could not find the language line "home_cloud_title"
ERROR - 2017-07-07 05:38:03 --> Could not find the language line "home_cloud_intro"
ERROR - 2017-07-07 05:38:03 --> Could not find the language line "mynt_buy_taobao"
ERROR - 2017-07-07 05:38:03 --> Could not find the language line "mynt_buy_tmall"
ERROR - 2017-07-07 05:38:03 --> Could not find the language line "mynt_buy_jd"
ERROR - 2017-07-07 05:40:18 --> Could not find the language line "home_cloud_title"
ERROR - 2017-07-07 05:40:18 --> Could not find the language line "home_cloud_intro"
ERROR - 2017-07-07 05:40:18 --> Could not find the language line "mynt_buy_taobao"
ERROR - 2017-07-07 05:40:18 --> Could not find the language line "mynt_buy_tmall"
ERROR - 2017-07-07 05:40:18 --> Could not find the language line "mynt_buy_jd"
ERROR - 2017-07-07 05:41:50 --> Could not find the language line "home_cloud_title"
ERROR - 2017-07-07 05:41:50 --> Could not find the language line "home_cloud_intro"
ERROR - 2017-07-07 05:41:50 --> Could not find the language line "mynt_buy_taobao"
ERROR - 2017-07-07 05:41:50 --> Could not find the language line "mynt_buy_tmall"
ERROR - 2017-07-07 05:41:50 --> Could not find the language line "mynt_buy_jd"
ERROR - 2017-07-07 05:45:27 --> Could not find the language line "home_cloud_title"
ERROR - 2017-07-07 05:45:27 --> Could not find the language line "home_cloud_intro"
ERROR - 2017-07-07 05:45:29 --> Could not find the language line "mynt_buy_taobao"
ERROR - 2017-07-07 05:45:29 --> Could not find the language line "mynt_buy_tmall"
ERROR - 2017-07-07 05:45:29 --> Could not find the language line "mynt_buy_jd"
ERROR - 2017-07-07 05:46:12 --> Could not find the language line "home_cloud_title"
ERROR - 2017-07-07 05:46:12 --> Could not find the language line "home_cloud_intro"
ERROR - 2017-07-07 05:46:13 --> Could not find the language line "mynt_buy_taobao"
ERROR - 2017-07-07 05:46:13 --> Could not find the language line "mynt_buy_tmall"
ERROR - 2017-07-07 05:46:13 --> Could not find the language line "mynt_buy_jd"
ERROR - 2017-07-07 05:47:30 --> Could not find the language line "home_cloud_title"
ERROR - 2017-07-07 05:47:30 --> Could not find the language line "home_cloud_intro"
ERROR - 2017-07-07 05:47:30 --> Could not find the language line "mynt_buy_taobao"
ERROR - 2017-07-07 05:47:30 --> Could not find the language line "mynt_buy_tmall"
ERROR - 2017-07-07 05:47:30 --> Could not find the language line "mynt_buy_jd"
ERROR - 2017-07-07 05:48:04 --> Could not find the language line "home_cloud_title"
ERROR - 2017-07-07 05:48:04 --> Could not find the language line "home_cloud_intro"
ERROR - 2017-07-07 05:48:05 --> Could not find the language line "mynt_buy_taobao"
ERROR - 2017-07-07 05:48:05 --> Could not find the language line "mynt_buy_tmall"
ERROR - 2017-07-07 05:48:05 --> Could not find the language line "mynt_buy_jd"
ERROR - 2017-07-07 05:49:08 --> Could not find the language line "home_cloud_title"
ERROR - 2017-07-07 05:49:08 --> Could not find the language line "home_cloud_intro"
ERROR - 2017-07-07 05:49:09 --> Could not find the language line "mynt_buy_taobao"
ERROR - 2017-07-07 05:49:09 --> Could not find the language line "mynt_buy_tmall"
ERROR - 2017-07-07 05:49:09 --> Could not find the language line "mynt_buy_jd"
ERROR - 2017-07-07 05:49:25 --> Could not find the language line "home_cloud_title"
ERROR - 2017-07-07 05:49:25 --> Could not find the language line "home_cloud_intro"
ERROR - 2017-07-07 05:49:25 --> Could not find the language line "mynt_buy_taobao"
ERROR - 2017-07-07 05:49:25 --> Could not find the language line "mynt_buy_tmall"
ERROR - 2017-07-07 05:49:25 --> Could not find the language line "mynt_buy_jd"
ERROR - 2017-07-07 05:50:04 --> Could not find the language line "home_cloud_title"
ERROR - 2017-07-07 05:50:04 --> Could not find the language line "home_cloud_intro"
ERROR - 2017-07-07 05:50:05 --> Could not find the language line "mynt_buy_taobao"
ERROR - 2017-07-07 05:50:05 --> Could not find the language line "mynt_buy_tmall"
ERROR - 2017-07-07 05:50:05 --> Could not find the language line "mynt_buy_jd"
ERROR - 2017-07-07 05:50:17 --> Could not find the language line "home_cloud_title"
ERROR - 2017-07-07 05:50:17 --> Could not find the language line "home_cloud_intro"
ERROR - 2017-07-07 05:50:17 --> Could not find the language line "mynt_buy_taobao"
ERROR - 2017-07-07 05:50:17 --> Could not find the language line "mynt_buy_tmall"
ERROR - 2017-07-07 05:50:17 --> Could not find the language line "mynt_buy_jd"
ERROR - 2017-07-07 05:50:37 --> Could not find the language line "home_cloud_title"
ERROR - 2017-07-07 05:50:37 --> Could not find the language line "home_cloud_intro"
ERROR - 2017-07-07 05:50:38 --> Could not find the language line "mynt_buy_taobao"
ERROR - 2017-07-07 05:50:38 --> Could not find the language line "mynt_buy_tmall"
ERROR - 2017-07-07 05:50:38 --> Could not find the language line "mynt_buy_jd"
ERROR - 2017-07-07 05:51:18 --> Could not find the language line "mynt_buy_taobao"
ERROR - 2017-07-07 05:51:18 --> Could not find the language line "mynt_buy_tmall"
ERROR - 2017-07-07 05:51:18 --> Could not find the language line "mynt_buy_jd"
ERROR - 2017-07-07 06:43:50 --> Could not find the language line "mynt_buy_taobao"
ERROR - 2017-07-07 06:43:50 --> Could not find the language line "mynt_buy_tmall"
ERROR - 2017-07-07 06:43:50 --> Could not find the language line "mynt_buy_jd"
ERROR - 2017-07-07 07:52:04 --> Could not find the language line "mynt_buy_taobao"
ERROR - 2017-07-07 07:52:04 --> Could not find the language line "mynt_buy_tmall"
ERROR - 2017-07-07 07:52:04 --> Could not find the language line "mynt_buy_jd"
ERROR - 2017-07-07 07:52:27 --> Could not find the language line "mynt_buy_taobao"
ERROR - 2017-07-07 07:52:27 --> Could not find the language line "mynt_buy_tmall"
ERROR - 2017-07-07 07:52:27 --> Could not find the language line "mynt_buy_jd"
ERROR - 2017-07-07 07:52:50 --> Could not find the language line "mynt_buy_taobao"
ERROR - 2017-07-07 07:52:50 --> Could not find the language line "mynt_buy_tmall"
ERROR - 2017-07-07 07:52:50 --> Could not find the language line "mynt_buy_jd"
ERROR - 2017-07-07 07:52:54 --> Could not find the language line "mynt_buy_taobao"
ERROR - 2017-07-07 07:52:54 --> Could not find the language line "mynt_buy_tmall"
ERROR - 2017-07-07 07:52:54 --> Could not find the language line "mynt_buy_jd"
ERROR - 2017-07-07 07:52:57 --> Could not find the language line "mynt_buy_taobao"
ERROR - 2017-07-07 07:52:57 --> Could not find the language line "mynt_buy_tmall"
ERROR - 2017-07-07 07:52:57 --> Could not find the language line "mynt_buy_jd"
ERROR - 2017-07-07 07:53:00 --> Could not find the language line "mynt_buy_taobao"
ERROR - 2017-07-07 07:53:00 --> Could not find the language line "mynt_buy_tmall"
ERROR - 2017-07-07 07:53:00 --> Could not find the language line "mynt_buy_jd"
ERROR - 2017-07-07 07:53:02 --> Could not find the language line "mynt_buy_taobao"
ERROR - 2017-07-07 07:53:02 --> Could not find the language line "mynt_buy_tmall"
ERROR - 2017-07-07 07:53:02 --> Could not find the language line "mynt_buy_jd"
ERROR - 2017-07-07 10:34:09 --> Could not find the language line "mynt_buy_taobao"
ERROR - 2017-07-07 10:34:09 --> Could not find the language line "mynt_buy_tmall"
ERROR - 2017-07-07 10:34:09 --> Could not find the language line "mynt_buy_jd"
ERROR - 2017-07-07 10:35:59 --> Could not find the language line "mynt_buy_taobao"
ERROR - 2017-07-07 10:35:59 --> Could not find the language line "mynt_buy_tmall"
ERROR - 2017-07-07 10:35:59 --> Could not find the language line "mynt_buy_jd"
ERROR - 2017-07-07 10:36:10 --> Could not find the language line "mynt_buy_taobao"
ERROR - 2017-07-07 10:36:10 --> Could not find the language line "mynt_buy_tmall"
ERROR - 2017-07-07 10:36:10 --> Could not find the language line "mynt_buy_jd"
ERROR - 2017-07-07 10:37:40 --> Could not find the language line "mynt_buy_taobao"
ERROR - 2017-07-07 10:37:40 --> Could not find the language line "mynt_buy_tmall"
ERROR - 2017-07-07 10:37:40 --> Could not find the language line "mynt_buy_jd"
ERROR - 2017-07-07 10:37:44 --> Could not find the language line "mynt_buy_taobao"
ERROR - 2017-07-07 10:37:44 --> Could not find the language line "mynt_buy_tmall"
ERROR - 2017-07-07 10:37:44 --> Could not find the language line "mynt_buy_jd"
ERROR - 2017-07-07 10:40:52 --> Could not find the language line "mynt_buy_taobao"
ERROR - 2017-07-07 10:40:52 --> Could not find the language line "mynt_buy_tmall"
ERROR - 2017-07-07 10:40:52 --> Could not find the language line "mynt_buy_jd"
