ERROR - 2016-09-06 02:10:54 --> Could not find the language line "mynt_buy_taobao"
ERROR - 2016-09-06 02:10:54 --> Could not find the language line "mynt_buy_tmall"
ERROR - 2016-09-06 02:10:54 --> Could not find the language line "mynt_buy_youzan"
ERROR - 2016-09-06 02:10:54 --> Could not find the language line "mynt_buy_jd"
ERROR - 2016-09-06 02:10:55 --> Could not find the language line "mynt_buy_taobao"
ERROR - 2016-09-06 02:10:55 --> Could not find the language line "mynt_buy_tmall"
ERROR - 2016-09-06 02:10:55 --> Could not find the language line "mynt_buy_youzan"
ERROR - 2016-09-06 02:10:55 --> Could not find the language line "mynt_buy_jd"
ERROR - 2016-09-06 09:27:11 --> Could not find the language line "mynt_buy_taobao"
ERROR - 2016-09-06 09:27:11 --> Could not find the language line "mynt_buy_tmall"
ERROR - 2016-09-06 09:27:11 --> Could not find the language line "mynt_buy_youzan"
ERROR - 2016-09-06 09:27:11 --> Could not find the language line "mynt_buy_jd"
ERROR - 2016-09-06 09:27:11 --> Could not find the language line "mynt_buy_taobao"
ERROR - 2016-09-06 09:27:11 --> Could not find the language line "mynt_buy_tmall"
ERROR - 2016-09-06 09:27:11 --> Could not find the language line "mynt_buy_youzan"
ERROR - 2016-09-06 09:27:11 --> Could not find the language line "mynt_buy_jd"
ERROR - 2016-09-06 09:35:40 --> Could not find the language line "mynt_buy_taobao"
ERROR - 2016-09-06 09:35:40 --> Could not find the language line "mynt_buy_tmall"
ERROR - 2016-09-06 09:35:40 --> Could not find the language line "mynt_buy_youzan"
ERROR - 2016-09-06 09:35:40 --> Could not find the language line "mynt_buy_jd"
ERROR - 2016-09-06 09:35:41 --> Session: File 'ci_sessions/ci_sessionc484a8795c69f4041d19cdd74287f1059cdbad0b' doesn't exist and cannot be created.
ERROR - 2016-09-06 09:35:45 --> Could not find the language line "mynt_buy_taobao"
ERROR - 2016-09-06 09:35:45 --> Could not find the language line "mynt_buy_tmall"
ERROR - 2016-09-06 09:35:45 --> Could not find the language line "mynt_buy_youzan"
ERROR - 2016-09-06 09:35:45 --> Could not find the language line "mynt_buy_jd"
ERROR - 2016-09-06 09:35:46 --> Could not find the language line "mynt_buy_taobao"
ERROR - 2016-09-06 09:35:46 --> Could not find the language line "mynt_buy_tmall"
ERROR - 2016-09-06 09:35:46 --> Could not find the language line "mynt_buy_youzan"
ERROR - 2016-09-06 09:35:46 --> Could not find the language line "mynt_buy_jd"
ERROR - 2016-09-06 09:35:46 --> Could not find the language line "home_cloud_title"
ERROR - 2016-09-06 09:35:46 --> Could not find the language line "home_cloud_intro"
ERROR - 2016-09-06 09:35:46 --> Could not find the language line "mynt_icon_taobao"
ERROR - 2016-09-06 09:35:46 --> Could not find the language line "mynt_icon_tmall"
ERROR - 2016-09-06 09:35:46 --> Could not find the language line "mynt_icon_youzan"
ERROR - 2016-09-06 09:35:46 --> Could not find the language line "mynt_buy_taobao"
ERROR - 2016-09-06 09:35:46 --> Could not find the language line "mynt_buy_tmall"
ERROR - 2016-09-06 09:35:46 --> Could not find the language line "mynt_buy_youzan"
ERROR - 2016-09-06 09:35:46 --> Could not find the language line "mynt_buy_jd"
ERROR - 2016-09-06 09:35:47 --> Could not find the language line "mynt_buy_taobao"
ERROR - 2016-09-06 09:35:47 --> Could not find the language line "mynt_buy_tmall"
ERROR - 2016-09-06 09:35:47 --> Could not find the language line "mynt_buy_youzan"
ERROR - 2016-09-06 09:35:47 --> Could not find the language line "mynt_buy_jd"
ERROR - 2016-09-06 09:35:47 --> Could not find the language line "home_cloud_title"
ERROR - 2016-09-06 09:35:47 --> Could not find the language line "home_cloud_intro"
ERROR - 2016-09-06 09:35:47 --> Could not find the language line "mynt_icon_taobao"
ERROR - 2016-09-06 09:35:47 --> Could not find the language line "mynt_icon_tmall"
ERROR - 2016-09-06 09:35:47 --> Could not find the language line "mynt_icon_youzan"
ERROR - 2016-09-06 09:35:48 --> Could not find the language line "mynt_buy_taobao"
ERROR - 2016-09-06 09:35:48 --> Could not find the language line "mynt_buy_tmall"
ERROR - 2016-09-06 09:35:48 --> Could not find the language line "mynt_buy_youzan"
ERROR - 2016-09-06 09:35:48 --> Could not find the language line "mynt_buy_jd"
ERROR - 2016-09-06 09:39:46 --> Could not find the language line "mynt_buy_taobao"
ERROR - 2016-09-06 09:39:46 --> Could not find the language line "mynt_buy_tmall"
ERROR - 2016-09-06 09:39:46 --> Could not find the language line "mynt_buy_youzan"
ERROR - 2016-09-06 09:39:46 --> Could not find the language line "mynt_buy_jd"
ERROR - 2016-09-06 09:39:47 --> Could not find the language line "mynt_buy_taobao"
ERROR - 2016-09-06 09:39:47 --> Could not find the language line "mynt_buy_tmall"
ERROR - 2016-09-06 09:39:47 --> Could not find the language line "mynt_buy_youzan"
ERROR - 2016-09-06 09:39:47 --> Could not find the language line "mynt_buy_jd"
ERROR - 2016-09-06 09:53:00 --> Could not find the language line "mynt_buy_taobao"
ERROR - 2016-09-06 09:53:00 --> Could not find the language line "mynt_buy_tmall"
ERROR - 2016-09-06 09:53:00 --> Could not find the language line "mynt_buy_youzan"
ERROR - 2016-09-06 09:53:00 --> Could not find the language line "mynt_buy_jd"
ERROR - 2016-09-06 09:53:00 --> Could not find the language line "mynt_icon_taobao"
ERROR - 2016-09-06 09:53:00 --> Could not find the language line "mynt_icon_tmall"
ERROR - 2016-09-06 09:53:00 --> Could not find the language line "mynt_icon_youzan"
ERROR - 2016-09-06 09:53:00 --> Could not find the language line "mynt_icon_jd"
ERROR - 2016-09-06 09:53:00 --> Could not find the language line "mynt_jd_detail"
ERROR - 2016-09-06 09:53:00 --> Could not find the language line "to_buy_wd"
ERROR - 2016-09-06 09:53:00 --> Could not find the language line "slightech_wechat"
ERROR - 2016-09-06 09:53:00 --> Could not find the language line "camera_no_lost"
ERROR - 2016-09-06 09:53:00 --> Could not find the language line "key_no_lost"
ERROR - 2016-09-06 09:53:00 --> Could not find the language line "bag_no_lost"
ERROR - 2016-09-06 09:53:00 --> Could not find the language line "computer_no_lost"
ERROR - 2016-09-06 09:53:00 --> Could not find the language line "pet_no_lost"
ERROR - 2016-09-06 09:53:00 --> Could not find the language line "goal"
ERROR - 2016-09-06 09:53:00 --> Could not find the language line "fund_title"
ERROR - 2016-09-06 09:53:00 --> Could not find the language line "fund_intro"
ERROR - 2016-09-06 09:53:01 --> Could not find the language line "mynt_buy_taobao"
ERROR - 2016-09-06 09:53:01 --> Could not find the language line "mynt_buy_tmall"
ERROR - 2016-09-06 09:53:01 --> Could not find the language line "mynt_buy_youzan"
ERROR - 2016-09-06 09:53:01 --> Could not find the language line "mynt_buy_jd"
ERROR - 2016-09-06 09:53:01 --> Session: File 'ci_sessions/ci_session859a2446a419ca57efda64ef0f44b5d09b4ef6e5' doesn't exist and cannot be created.
