ERROR - 2017-06-14 06:37:01 --> Could not find the language line "mynt_buy_taobao"
ERROR - 2017-06-14 06:37:01 --> Could not find the language line "mynt_buy_tmall"
ERROR - 2017-06-14 06:37:01 --> Could not find the language line "mynt_buy_youzan"
ERROR - 2017-06-14 06:37:01 --> Could not find the language line "mynt_buy_jd"
ERROR - 2017-06-14 06:37:01 --> Could not find the language line "home_cloud_title"
ERROR - 2017-06-14 06:37:01 --> Could not find the language line "home_cloud_intro"
ERROR - 2017-06-14 06:37:01 --> Could not find the language line "mynt_icon_taobao"
ERROR - 2017-06-14 06:37:01 --> Could not find the language line "mynt_icon_tmall"
ERROR - 2017-06-14 06:37:01 --> Could not find the language line "mynt_icon_youzan"
ERROR - 2017-06-14 06:37:04 --> Could not find the language line "mynt_buy_taobao"
ERROR - 2017-06-14 06:37:04 --> Could not find the language line "mynt_buy_tmall"
ERROR - 2017-06-14 06:37:04 --> Could not find the language line "mynt_buy_youzan"
ERROR - 2017-06-14 06:37:04 --> Could not find the language line "mynt_buy_jd"
ERROR - 2017-06-14 08:21:04 --> Could not find the language line "mynt_buy_taobao"
ERROR - 2017-06-14 08:21:04 --> Could not find the language line "mynt_buy_tmall"
ERROR - 2017-06-14 08:21:04 --> Could not find the language line "mynt_buy_youzan"
ERROR - 2017-06-14 08:21:04 --> Could not find the language line "mynt_buy_jd"
ERROR - 2017-06-14 08:58:23 --> Could not find the language line "mynt_buy_taobao"
ERROR - 2017-06-14 08:58:23 --> Could not find the language line "mynt_buy_tmall"
ERROR - 2017-06-14 08:58:23 --> Could not find the language line "mynt_buy_youzan"
ERROR - 2017-06-14 08:58:23 --> Could not find the language line "mynt_buy_jd"
ERROR - 2017-06-14 09:00:00 --> Could not find the language line "mynt_buy_taobao"
ERROR - 2017-06-14 09:00:00 --> Could not find the language line "mynt_buy_tmall"
ERROR - 2017-06-14 09:00:00 --> Could not find the language line "mynt_buy_youzan"
ERROR - 2017-06-14 09:00:00 --> Could not find the language line "mynt_buy_jd"
ERROR - 2017-06-14 09:00:02 --> Could not find the language line "mynt_buy_taobao"
ERROR - 2017-06-14 09:00:02 --> Could not find the language line "mynt_buy_tmall"
ERROR - 2017-06-14 09:00:02 --> Could not find the language line "mynt_buy_youzan"
ERROR - 2017-06-14 09:00:02 --> Could not find the language line "mynt_buy_jd"
ERROR - 2017-06-14 09:08:34 --> Could not find the language line "mynt_buy_taobao"
ERROR - 2017-06-14 09:08:34 --> Could not find the language line "mynt_buy_tmall"
ERROR - 2017-06-14 09:08:34 --> Could not find the language line "mynt_buy_youzan"
ERROR - 2017-06-14 09:08:34 --> Could not find the language line "mynt_buy_jd"
ERROR - 2017-06-14 09:09:22 --> Could not find the language line "mynt_buy_taobao"
ERROR - 2017-06-14 09:09:22 --> Could not find the language line "mynt_buy_tmall"
ERROR - 2017-06-14 09:09:22 --> Could not find the language line "mynt_buy_youzan"
ERROR - 2017-06-14 09:09:22 --> Could not find the language line "mynt_buy_jd"
ERROR - 2017-06-14 09:09:24 --> Could not find the language line "mynt_buy_taobao"
ERROR - 2017-06-14 09:09:24 --> Could not find the language line "mynt_buy_tmall"
ERROR - 2017-06-14 09:09:24 --> Could not find the language line "mynt_buy_youzan"
ERROR - 2017-06-14 09:09:24 --> Could not find the language line "mynt_buy_jd"
ERROR - 2017-06-14 09:09:26 --> Could not find the language line "mynt_buy_taobao"
ERROR - 2017-06-14 09:09:26 --> Could not find the language line "mynt_buy_tmall"
ERROR - 2017-06-14 09:09:26 --> Could not find the language line "mynt_buy_youzan"
ERROR - 2017-06-14 09:09:26 --> Could not find the language line "mynt_buy_jd"
ERROR - 2017-06-14 09:11:05 --> Could not find the language line "mynt_buy_taobao"
ERROR - 2017-06-14 09:11:05 --> Could not find the language line "mynt_buy_tmall"
ERROR - 2017-06-14 09:11:05 --> Could not find the language line "mynt_buy_youzan"
ERROR - 2017-06-14 09:11:05 --> Could not find the language line "mynt_buy_jd"
ERROR - 2017-06-14 11:20:53 --> Could not find the language line "mynt_buy_taobao"
ERROR - 2017-06-14 11:20:53 --> Could not find the language line "mynt_buy_tmall"
ERROR - 2017-06-14 11:20:53 --> Could not find the language line "mynt_buy_youzan"
ERROR - 2017-06-14 11:20:53 --> Could not find the language line "mynt_buy_jd"
ERROR - 2017-06-14 11:20:59 --> Could not find the language line "mynt_buy_taobao"
ERROR - 2017-06-14 11:20:59 --> Could not find the language line "mynt_buy_tmall"
ERROR - 2017-06-14 11:20:59 --> Could not find the language line "mynt_buy_youzan"
ERROR - 2017-06-14 11:20:59 --> Could not find the language line "mynt_buy_jd"
ERROR - 2017-06-14 11:20:59 --> Could not find the language line "home_cloud_title"
ERROR - 2017-06-14 11:20:59 --> Could not find the language line "home_cloud_intro"
ERROR - 2017-06-14 11:20:59 --> Could not find the language line "mynt_icon_taobao"
ERROR - 2017-06-14 11:20:59 --> Could not find the language line "mynt_icon_tmall"
ERROR - 2017-06-14 11:20:59 --> Could not find the language line "mynt_icon_youzan"
ERROR - 2017-06-14 11:20:59 --> Could not find the language line "mynt_buy_taobao"
ERROR - 2017-06-14 11:20:59 --> Could not find the language line "mynt_buy_tmall"
ERROR - 2017-06-14 11:20:59 --> Could not find the language line "mynt_buy_youzan"
ERROR - 2017-06-14 11:20:59 --> Could not find the language line "mynt_buy_jd"
ERROR - 2017-06-14 11:21:00 --> Could not find the language line "mynt_buy_taobao"
ERROR - 2017-06-14 11:21:00 --> Could not find the language line "mynt_buy_tmall"
ERROR - 2017-06-14 11:21:00 --> Could not find the language line "mynt_buy_youzan"
ERROR - 2017-06-14 11:21:00 --> Could not find the language line "mynt_buy_jd"
ERROR - 2017-06-14 11:21:00 --> Could not find the language line "home_cloud_title"
ERROR - 2017-06-14 11:21:00 --> Could not find the language line "home_cloud_intro"
ERROR - 2017-06-14 11:21:00 --> Could not find the language line "mynt_icon_taobao"
ERROR - 2017-06-14 11:21:00 --> Could not find the language line "mynt_icon_tmall"
ERROR - 2017-06-14 11:21:00 --> Could not find the language line "mynt_icon_youzan"
ERROR - 2017-06-14 11:21:00 --> Could not find the language line "mynt_buy_taobao"
ERROR - 2017-06-14 11:21:00 --> Could not find the language line "mynt_buy_tmall"
ERROR - 2017-06-14 11:21:00 --> Could not find the language line "mynt_buy_youzan"
ERROR - 2017-06-14 11:21:00 --> Could not find the language line "mynt_buy_jd"
ERROR - 2017-06-14 11:21:00 --> Could not find the language line "mynt_buy_taobao"
ERROR - 2017-06-14 11:21:00 --> Could not find the language line "mynt_buy_tmall"
ERROR - 2017-06-14 11:21:00 --> Could not find the language line "mynt_buy_youzan"
ERROR - 2017-06-14 11:21:00 --> Could not find the language line "mynt_buy_jd"
ERROR - 2017-06-14 11:21:00 --> Could not find the language line "home_cloud_title"
ERROR - 2017-06-14 11:21:00 --> Could not find the language line "home_cloud_intro"
ERROR - 2017-06-14 11:21:00 --> Could not find the language line "mynt_icon_taobao"
ERROR - 2017-06-14 11:21:00 --> Could not find the language line "mynt_icon_tmall"
ERROR - 2017-06-14 11:21:00 --> Could not find the language line "mynt_icon_youzan"
ERROR - 2017-06-14 11:21:00 --> Could not find the language line "mynt_buy_taobao"
ERROR - 2017-06-14 11:21:00 --> Could not find the language line "mynt_buy_tmall"
ERROR - 2017-06-14 11:21:00 --> Could not find the language line "mynt_buy_youzan"
ERROR - 2017-06-14 11:21:00 --> Could not find the language line "mynt_buy_jd"
ERROR - 2017-06-14 11:21:00 --> Could not find the language line "mynt_buy_taobao"
ERROR - 2017-06-14 11:21:00 --> Could not find the language line "mynt_buy_tmall"
ERROR - 2017-06-14 11:21:00 --> Could not find the language line "mynt_buy_youzan"
ERROR - 2017-06-14 11:21:00 --> Could not find the language line "mynt_buy_jd"
ERROR - 2017-06-14 11:21:00 --> Could not find the language line "home_cloud_title"
ERROR - 2017-06-14 11:21:00 --> Could not find the language line "home_cloud_intro"
ERROR - 2017-06-14 11:21:00 --> Could not find the language line "mynt_icon_taobao"
ERROR - 2017-06-14 11:21:00 --> Could not find the language line "mynt_icon_tmall"
ERROR - 2017-06-14 11:21:00 --> Could not find the language line "mynt_icon_youzan"
ERROR - 2017-06-14 11:21:01 --> Could not find the language line "mynt_buy_taobao"
ERROR - 2017-06-14 11:21:01 --> Could not find the language line "mynt_buy_tmall"
ERROR - 2017-06-14 11:21:01 --> Could not find the language line "mynt_buy_youzan"
ERROR - 2017-06-14 11:21:01 --> Could not find the language line "mynt_buy_jd"
ERROR - 2017-06-14 11:21:01 --> Could not find the language line "mynt_buy_taobao"
ERROR - 2017-06-14 11:21:01 --> Could not find the language line "mynt_buy_tmall"
ERROR - 2017-06-14 11:21:01 --> Could not find the language line "mynt_buy_youzan"
ERROR - 2017-06-14 11:21:01 --> Could not find the language line "mynt_buy_jd"
ERROR - 2017-06-14 11:21:01 --> Could not find the language line "home_cloud_title"
ERROR - 2017-06-14 11:21:01 --> Could not find the language line "home_cloud_intro"
ERROR - 2017-06-14 11:21:01 --> Could not find the language line "mynt_icon_taobao"
ERROR - 2017-06-14 11:21:01 --> Could not find the language line "mynt_icon_tmall"
ERROR - 2017-06-14 11:21:01 --> Could not find the language line "mynt_icon_youzan"
ERROR - 2017-06-14 11:21:01 --> Could not find the language line "mynt_buy_taobao"
ERROR - 2017-06-14 11:21:01 --> Could not find the language line "mynt_buy_tmall"
ERROR - 2017-06-14 11:21:01 --> Could not find the language line "mynt_buy_youzan"
ERROR - 2017-06-14 11:21:01 --> Could not find the language line "mynt_buy_jd"
ERROR - 2017-06-14 11:21:02 --> Could not find the language line "mynt_buy_taobao"
ERROR - 2017-06-14 11:21:02 --> Could not find the language line "mynt_buy_tmall"
ERROR - 2017-06-14 11:21:02 --> Could not find the language line "mynt_buy_youzan"
ERROR - 2017-06-14 11:21:02 --> Could not find the language line "mynt_buy_jd"
ERROR - 2017-06-14 11:21:05 --> Could not find the language line "mynt_buy_taobao"
ERROR - 2017-06-14 11:21:05 --> Could not find the language line "mynt_buy_tmall"
ERROR - 2017-06-14 11:21:05 --> Could not find the language line "mynt_buy_youzan"
ERROR - 2017-06-14 11:21:05 --> Could not find the language line "mynt_buy_jd"
ERROR - 2017-06-14 11:21:06 --> Could not find the language line "mynt_buy_taobao"
ERROR - 2017-06-14 11:21:06 --> Could not find the language line "mynt_buy_tmall"
ERROR - 2017-06-14 11:21:06 --> Could not find the language line "mynt_buy_youzan"
ERROR - 2017-06-14 11:21:06 --> Could not find the language line "mynt_buy_jd"
ERROR - 2017-06-14 11:21:06 --> Could not find the language line "home_cloud_title"
ERROR - 2017-06-14 11:21:06 --> Could not find the language line "home_cloud_intro"
ERROR - 2017-06-14 11:21:06 --> Could not find the language line "mynt_icon_taobao"
ERROR - 2017-06-14 11:21:06 --> Could not find the language line "mynt_icon_tmall"
ERROR - 2017-06-14 11:21:06 --> Could not find the language line "mynt_icon_youzan"
ERROR - 2017-06-14 11:21:06 --> Could not find the language line "mynt_buy_taobao"
ERROR - 2017-06-14 11:21:06 --> Could not find the language line "mynt_buy_tmall"
ERROR - 2017-06-14 11:21:06 --> Could not find the language line "mynt_buy_youzan"
ERROR - 2017-06-14 11:21:06 --> Could not find the language line "mynt_buy_jd"
ERROR - 2017-06-14 11:21:18 --> Could not find the language line "mynt_buy_taobao"
ERROR - 2017-06-14 11:21:18 --> Could not find the language line "mynt_buy_tmall"
ERROR - 2017-06-14 11:21:18 --> Could not find the language line "mynt_buy_youzan"
ERROR - 2017-06-14 11:21:18 --> Could not find the language line "mynt_buy_jd"
ERROR - 2017-06-14 11:21:18 --> Could not find the language line "home_cloud_title"
ERROR - 2017-06-14 11:21:18 --> Could not find the language line "home_cloud_intro"
ERROR - 2017-06-14 11:21:18 --> Could not find the language line "mynt_icon_taobao"
ERROR - 2017-06-14 11:21:18 --> Could not find the language line "mynt_icon_tmall"
ERROR - 2017-06-14 11:21:18 --> Could not find the language line "mynt_icon_youzan"
ERROR - 2017-06-14 11:21:18 --> Could not find the language line "mynt_buy_taobao"
ERROR - 2017-06-14 11:21:18 --> Could not find the language line "mynt_buy_tmall"
ERROR - 2017-06-14 11:21:18 --> Could not find the language line "mynt_buy_youzan"
ERROR - 2017-06-14 11:21:18 --> Could not find the language line "mynt_buy_jd"
ERROR - 2017-06-14 11:22:02 --> Could not find the language line "mynt_buy_taobao"
ERROR - 2017-06-14 11:22:02 --> Could not find the language line "mynt_buy_tmall"
ERROR - 2017-06-14 11:22:02 --> Could not find the language line "mynt_buy_youzan"
ERROR - 2017-06-14 11:22:02 --> Could not find the language line "mynt_buy_jd"
ERROR - 2017-06-14 11:22:02 --> Could not find the language line "mynt_icon_taobao"
ERROR - 2017-06-14 11:22:02 --> Could not find the language line "mynt_icon_tmall"
ERROR - 2017-06-14 11:22:02 --> Could not find the language line "mynt_icon_youzan"
ERROR - 2017-06-14 11:22:02 --> Could not find the language line "mynt_icon_jd"
ERROR - 2017-06-14 11:22:02 --> Could not find the language line "mynt_jd_detail"
ERROR - 2017-06-14 11:22:02 --> Could not find the language line "to_buy_wd"
ERROR - 2017-06-14 11:22:02 --> Could not find the language line "slightech_wechat"
ERROR - 2017-06-14 11:22:02 --> Could not find the language line "key_no_lost"
ERROR - 2017-06-14 11:22:02 --> Could not find the language line "bag_no_lost"
ERROR - 2017-06-14 11:22:02 --> Could not find the language line "computer_no_lost"
ERROR - 2017-06-14 11:22:02 --> Could not find the language line "pet_no_lost"
ERROR - 2017-06-14 11:22:02 --> Could not find the language line "goal"
ERROR - 2017-06-14 11:22:02 --> Could not find the language line "fund_title"
ERROR - 2017-06-14 11:22:02 --> Could not find the language line "fund_intro"
ERROR - 2017-06-14 11:22:02 --> Could not find the language line "mynt_buy_taobao"
ERROR - 2017-06-14 11:22:02 --> Could not find the language line "mynt_buy_tmall"
ERROR - 2017-06-14 11:22:02 --> Could not find the language line "mynt_buy_youzan"
ERROR - 2017-06-14 11:22:02 --> Could not find the language line "mynt_buy_jd"
ERROR - 2017-06-14 11:23:16 --> Could not find the language line "mynt_buy_taobao"
ERROR - 2017-06-14 11:23:16 --> Could not find the language line "mynt_buy_tmall"
ERROR - 2017-06-14 11:23:16 --> Could not find the language line "mynt_buy_youzan"
ERROR - 2017-06-14 11:23:16 --> Could not find the language line "mynt_buy_jd"
ERROR - 2017-06-14 11:23:16 --> Could not find the language line "mynt_buy_taobao"
ERROR - 2017-06-14 11:23:16 --> Could not find the language line "mynt_buy_tmall"
ERROR - 2017-06-14 11:23:16 --> Could not find the language line "mynt_buy_youzan"
ERROR - 2017-06-14 11:23:16 --> Could not find the language line "mynt_buy_jd"
ERROR - 2017-06-14 11:23:25 --> Could not find the language line "mynt_buy_taobao"
ERROR - 2017-06-14 11:23:25 --> Could not find the language line "mynt_buy_tmall"
ERROR - 2017-06-14 11:23:25 --> Could not find the language line "mynt_buy_youzan"
ERROR - 2017-06-14 11:23:25 --> Could not find the language line "mynt_buy_jd"
ERROR - 2017-06-14 11:23:25 --> Could not find the language line "mynt_buy_taobao"
ERROR - 2017-06-14 11:23:25 --> Could not find the language line "mynt_buy_tmall"
ERROR - 2017-06-14 11:23:25 --> Could not find the language line "mynt_buy_youzan"
ERROR - 2017-06-14 11:23:25 --> Could not find the language line "mynt_buy_jd"
ERROR - 2017-06-14 11:23:45 --> Could not find the language line "mynt_buy_taobao"
ERROR - 2017-06-14 11:23:45 --> Could not find the language line "mynt_buy_tmall"
ERROR - 2017-06-14 11:23:45 --> Could not find the language line "mynt_buy_youzan"
ERROR - 2017-06-14 11:23:45 --> Could not find the language line "mynt_buy_jd"
ERROR - 2017-06-14 11:23:45 --> Could not find the language line "about_keywords"
ERROR - 2017-06-14 11:23:45 --> Could not find the language line "about_facebook"
ERROR - 2017-06-14 11:23:45 --> Could not find the language line "about_twitter"
ERROR - 2017-06-14 11:23:45 --> Could not find the language line "about_weibo"
ERROR - 2017-06-14 11:23:45 --> Could not find the language line "mynt_buy_taobao"
ERROR - 2017-06-14 11:23:45 --> Could not find the language line "mynt_buy_tmall"
ERROR - 2017-06-14 11:23:45 --> Could not find the language line "mynt_buy_youzan"
ERROR - 2017-06-14 11:23:45 --> Could not find the language line "mynt_buy_jd"
ERROR - 2017-06-14 11:24:07 --> Could not find the language line "mynt_buy_taobao"
ERROR - 2017-06-14 11:24:07 --> Could not find the language line "mynt_buy_tmall"
ERROR - 2017-06-14 11:24:07 --> Could not find the language line "mynt_buy_youzan"
ERROR - 2017-06-14 11:24:07 --> Could not find the language line "mynt_buy_jd"
ERROR - 2017-06-14 11:24:07 --> Could not find the language line "about_keywords"
ERROR - 2017-06-14 11:24:07 --> Could not find the language line "about_facebook"
ERROR - 2017-06-14 11:24:07 --> Could not find the language line "about_twitter"
ERROR - 2017-06-14 11:24:07 --> Could not find the language line "about_weibo"
ERROR - 2017-06-14 11:24:07 --> Could not find the language line "mynt_buy_taobao"
ERROR - 2017-06-14 11:24:07 --> Could not find the language line "mynt_buy_tmall"
ERROR - 2017-06-14 11:24:07 --> Could not find the language line "mynt_buy_youzan"
ERROR - 2017-06-14 11:24:07 --> Could not find the language line "mynt_buy_jd"
ERROR - 2017-06-14 11:24:57 --> Could not find the language line "mynt_buy_taobao"
ERROR - 2017-06-14 11:24:57 --> Could not find the language line "mynt_buy_tmall"
ERROR - 2017-06-14 11:24:57 --> Could not find the language line "mynt_buy_youzan"
ERROR - 2017-06-14 11:24:57 --> Could not find the language line "mynt_buy_jd"
ERROR - 2017-06-14 11:24:57 --> Could not find the language line "mynt_icon_taobao"
ERROR - 2017-06-14 11:24:57 --> Could not find the language line "mynt_icon_tmall"
ERROR - 2017-06-14 11:24:57 --> Could not find the language line "mynt_icon_youzan"
ERROR - 2017-06-14 11:24:57 --> Could not find the language line "mynt_icon_jd"
ERROR - 2017-06-14 11:24:57 --> Could not find the language line "mynt_jd_detail"
ERROR - 2017-06-14 11:24:57 --> Could not find the language line "to_buy_wd"
ERROR - 2017-06-14 11:24:57 --> Could not find the language line "slightech_wechat"
ERROR - 2017-06-14 11:24:57 --> Could not find the language line "camera_no_lost"
ERROR - 2017-06-14 11:24:57 --> Could not find the language line "key_no_lost"
ERROR - 2017-06-14 11:24:57 --> Could not find the language line "bag_no_lost"
ERROR - 2017-06-14 11:24:57 --> Could not find the language line "computer_no_lost"
ERROR - 2017-06-14 11:24:57 --> Could not find the language line "pet_no_lost"
ERROR - 2017-06-14 11:24:57 --> Could not find the language line "goal"
ERROR - 2017-06-14 11:24:57 --> Could not find the language line "fund_title"
ERROR - 2017-06-14 11:24:57 --> Could not find the language line "fund_intro"
ERROR - 2017-06-14 11:24:57 --> Could not find the language line "mynt_buy_taobao"
ERROR - 2017-06-14 11:24:57 --> Could not find the language line "mynt_buy_tmall"
ERROR - 2017-06-14 11:24:57 --> Could not find the language line "mynt_buy_youzan"
ERROR - 2017-06-14 11:24:57 --> Could not find the language line "mynt_buy_jd"
ERROR - 2017-06-14 11:25:34 --> Could not find the language line "mynt_buy_taobao"
ERROR - 2017-06-14 11:25:34 --> Could not find the language line "mynt_buy_tmall"
ERROR - 2017-06-14 11:25:34 --> Could not find the language line "mynt_buy_youzan"
ERROR - 2017-06-14 11:25:34 --> Could not find the language line "mynt_buy_jd"
ERROR - 2017-06-14 11:25:35 --> Could not find the language line "mynt_buy_taobao"
ERROR - 2017-06-14 11:25:35 --> Could not find the language line "mynt_buy_tmall"
ERROR - 2017-06-14 11:25:35 --> Could not find the language line "mynt_buy_youzan"
ERROR - 2017-06-14 11:25:35 --> Could not find the language line "mynt_buy_jd"
ERROR - 2017-06-14 11:25:48 --> Could not find the language line "mynt_buy_taobao"
ERROR - 2017-06-14 11:25:48 --> Could not find the language line "mynt_buy_tmall"
ERROR - 2017-06-14 11:25:48 --> Could not find the language line "mynt_buy_youzan"
ERROR - 2017-06-14 11:25:48 --> Could not find the language line "mynt_buy_jd"
ERROR - 2017-06-14 11:25:48 --> Could not find the language line "mynt_buy_taobao"
ERROR - 2017-06-14 11:25:48 --> Could not find the language line "mynt_buy_tmall"
ERROR - 2017-06-14 11:25:48 --> Could not find the language line "mynt_buy_youzan"
ERROR - 2017-06-14 11:25:48 --> Could not find the language line "mynt_buy_jd"
ERROR - 2017-06-14 11:26:24 --> Could not find the language line "mynt_buy_taobao"
ERROR - 2017-06-14 11:26:24 --> Could not find the language line "mynt_buy_tmall"
ERROR - 2017-06-14 11:26:24 --> Could not find the language line "mynt_buy_youzan"
ERROR - 2017-06-14 11:26:24 --> Could not find the language line "mynt_buy_jd"
ERROR - 2017-06-14 11:26:24 --> Could not find the language line "mynt_buy_taobao"
ERROR - 2017-06-14 11:26:24 --> Could not find the language line "mynt_buy_tmall"
ERROR - 2017-06-14 11:26:24 --> Could not find the language line "mynt_buy_youzan"
ERROR - 2017-06-14 11:26:24 --> Could not find the language line "mynt_buy_jd"
ERROR - 2017-06-14 11:26:26 --> Could not find the language line "mynt_buy_taobao"
ERROR - 2017-06-14 11:26:26 --> Could not find the language line "mynt_buy_tmall"
ERROR - 2017-06-14 11:26:26 --> Could not find the language line "mynt_buy_youzan"
ERROR - 2017-06-14 11:26:26 --> Could not find the language line "mynt_buy_jd"
ERROR - 2017-06-14 11:26:36 --> Could not find the language line "mynt_buy_taobao"
ERROR - 2017-06-14 11:26:36 --> Could not find the language line "mynt_buy_tmall"
ERROR - 2017-06-14 11:26:36 --> Could not find the language line "mynt_buy_youzan"
ERROR - 2017-06-14 11:26:36 --> Could not find the language line "mynt_buy_jd"
ERROR - 2017-06-14 11:26:42 --> Could not find the language line "mynt_buy_taobao"
ERROR - 2017-06-14 11:26:42 --> Could not find the language line "mynt_buy_tmall"
ERROR - 2017-06-14 11:26:42 --> Could not find the language line "mynt_buy_youzan"
ERROR - 2017-06-14 11:26:42 --> Could not find the language line "mynt_buy_jd"
ERROR - 2017-06-14 11:26:42 --> Could not find the language line "mynt_buy_taobao"
ERROR - 2017-06-14 11:26:42 --> Could not find the language line "mynt_buy_tmall"
ERROR - 2017-06-14 11:26:42 --> Could not find the language line "mynt_buy_youzan"
ERROR - 2017-06-14 11:26:42 --> Could not find the language line "mynt_buy_jd"
ERROR - 2017-06-14 11:26:49 --> Could not find the language line "mynt_buy_taobao"
ERROR - 2017-06-14 11:26:49 --> Could not find the language line "mynt_buy_tmall"
ERROR - 2017-06-14 11:26:49 --> Could not find the language line "mynt_buy_youzan"
ERROR - 2017-06-14 11:26:49 --> Could not find the language line "mynt_buy_jd"
ERROR - 2017-06-14 11:26:49 --> Could not find the language line "mynt_buy_taobao"
ERROR - 2017-06-14 11:26:49 --> Could not find the language line "mynt_buy_tmall"
ERROR - 2017-06-14 11:26:49 --> Could not find the language line "mynt_buy_youzan"
ERROR - 2017-06-14 11:26:49 --> Could not find the language line "mynt_buy_jd"
ERROR - 2017-06-14 11:27:17 --> Could not find the language line "mynt_buy_taobao"
ERROR - 2017-06-14 11:27:17 --> Could not find the language line "mynt_buy_tmall"
ERROR - 2017-06-14 11:27:17 --> Could not find the language line "mynt_buy_youzan"
ERROR - 2017-06-14 11:27:17 --> Could not find the language line "mynt_buy_jd"
ERROR - 2017-06-14 11:27:23 --> Could not find the language line "mynt_buy_taobao"
ERROR - 2017-06-14 11:27:23 --> Could not find the language line "mynt_buy_tmall"
ERROR - 2017-06-14 11:27:23 --> Could not find the language line "mynt_buy_youzan"
ERROR - 2017-06-14 11:27:23 --> Could not find the language line "mynt_buy_jd"
ERROR - 2017-06-14 11:27:31 --> Could not find the language line "mynt_buy_taobao"
ERROR - 2017-06-14 11:27:31 --> Could not find the language line "mynt_buy_tmall"
ERROR - 2017-06-14 11:27:31 --> Could not find the language line "mynt_buy_youzan"
ERROR - 2017-06-14 11:27:31 --> Could not find the language line "mynt_buy_jd"
ERROR - 2017-06-14 11:28:37 --> Could not find the language line "mynt_buy_taobao"
ERROR - 2017-06-14 11:28:37 --> Could not find the language line "mynt_buy_tmall"
ERROR - 2017-06-14 11:28:37 --> Could not find the language line "mynt_buy_youzan"
ERROR - 2017-06-14 11:28:37 --> Could not find the language line "mynt_buy_jd"
ERROR - 2017-06-14 11:28:37 --> Could not find the language line "mynt_icon_taobao"
ERROR - 2017-06-14 11:28:37 --> Could not find the language line "mynt_icon_tmall"
ERROR - 2017-06-14 11:28:37 --> Could not find the language line "mynt_icon_youzan"
ERROR - 2017-06-14 11:28:37 --> Could not find the language line "mynt_icon_jd"
ERROR - 2017-06-14 11:28:37 --> Could not find the language line "mynt_jd_detail"
ERROR - 2017-06-14 11:28:37 --> Could not find the language line "to_buy_wd"
ERROR - 2017-06-14 11:28:37 --> Could not find the language line "slightech_wechat"
ERROR - 2017-06-14 11:28:37 --> Could not find the language line "key_no_lost"
ERROR - 2017-06-14 11:28:37 --> Could not find the language line "bag_no_lost"
ERROR - 2017-06-14 11:28:37 --> Could not find the language line "computer_no_lost"
ERROR - 2017-06-14 11:28:37 --> Could not find the language line "pet_no_lost"
ERROR - 2017-06-14 11:28:37 --> Could not find the language line "goal"
ERROR - 2017-06-14 11:28:37 --> Could not find the language line "fund_title"
ERROR - 2017-06-14 11:28:37 --> Could not find the language line "fund_intro"
ERROR - 2017-06-14 11:28:38 --> Could not find the language line "mynt_buy_taobao"
ERROR - 2017-06-14 11:28:38 --> Could not find the language line "mynt_buy_tmall"
ERROR - 2017-06-14 11:28:38 --> Could not find the language line "mynt_buy_youzan"
ERROR - 2017-06-14 11:28:38 --> Could not find the language line "mynt_buy_jd"
ERROR - 2017-06-14 11:28:50 --> Could not find the language line "mynt_buy_taobao"
ERROR - 2017-06-14 11:28:50 --> Could not find the language line "mynt_buy_tmall"
ERROR - 2017-06-14 11:28:50 --> Could not find the language line "mynt_buy_youzan"
ERROR - 2017-06-14 11:28:50 --> Could not find the language line "mynt_buy_jd"
ERROR - 2017-06-14 11:28:50 --> Could not find the language line "mynt_icon_taobao"
ERROR - 2017-06-14 11:28:50 --> Could not find the language line "mynt_icon_tmall"
ERROR - 2017-06-14 11:28:50 --> Could not find the language line "mynt_icon_youzan"
ERROR - 2017-06-14 11:28:50 --> Could not find the language line "mynt_icon_jd"
ERROR - 2017-06-14 11:28:50 --> Could not find the language line "mynt_jd_detail"
ERROR - 2017-06-14 11:28:50 --> Could not find the language line "to_buy_wd"
ERROR - 2017-06-14 11:28:50 --> Could not find the language line "slightech_wechat"
ERROR - 2017-06-14 11:28:50 --> Could not find the language line "camera_no_lost"
ERROR - 2017-06-14 11:28:50 --> Could not find the language line "key_no_lost"
ERROR - 2017-06-14 11:28:50 --> Could not find the language line "bag_no_lost"
ERROR - 2017-06-14 11:28:50 --> Could not find the language line "computer_no_lost"
ERROR - 2017-06-14 11:28:50 --> Could not find the language line "pet_no_lost"
ERROR - 2017-06-14 11:28:50 --> Could not find the language line "goal"
ERROR - 2017-06-14 11:28:50 --> Could not find the language line "fund_title"
ERROR - 2017-06-14 11:28:50 --> Could not find the language line "fund_intro"
ERROR - 2017-06-14 11:28:51 --> Could not find the language line "mynt_buy_taobao"
ERROR - 2017-06-14 11:28:51 --> Could not find the language line "mynt_buy_tmall"
ERROR - 2017-06-14 11:28:51 --> Could not find the language line "mynt_buy_youzan"
ERROR - 2017-06-14 11:28:51 --> Could not find the language line "mynt_buy_jd"
ERROR - 2017-06-14 11:28:59 --> Could not find the language line "mynt_buy_taobao"
ERROR - 2017-06-14 11:28:59 --> Could not find the language line "mynt_buy_tmall"
ERROR - 2017-06-14 11:28:59 --> Could not find the language line "mynt_buy_youzan"
ERROR - 2017-06-14 11:28:59 --> Could not find the language line "mynt_buy_jd"
ERROR - 2017-06-14 11:28:59 --> Could not find the language line "mynt_icon_taobao"
ERROR - 2017-06-14 11:28:59 --> Could not find the language line "mynt_icon_tmall"
ERROR - 2017-06-14 11:28:59 --> Could not find the language line "mynt_icon_youzan"
ERROR - 2017-06-14 11:28:59 --> Could not find the language line "mynt_icon_jd"
ERROR - 2017-06-14 11:28:59 --> Could not find the language line "mynt_jd_detail"
ERROR - 2017-06-14 11:28:59 --> Could not find the language line "to_buy_wd"
ERROR - 2017-06-14 11:28:59 --> Could not find the language line "slightech_wechat"
ERROR - 2017-06-14 11:28:59 --> Could not find the language line "key_no_lost"
ERROR - 2017-06-14 11:28:59 --> Could not find the language line "bag_no_lost"
ERROR - 2017-06-14 11:28:59 --> Could not find the language line "computer_no_lost"
ERROR - 2017-06-14 11:28:59 --> Could not find the language line "pet_no_lost"
ERROR - 2017-06-14 11:28:59 --> Could not find the language line "goal"
ERROR - 2017-06-14 11:28:59 --> Could not find the language line "fund_title"
ERROR - 2017-06-14 11:28:59 --> Could not find the language line "fund_intro"
ERROR - 2017-06-14 11:29:00 --> Could not find the language line "mynt_buy_taobao"
ERROR - 2017-06-14 11:29:00 --> Could not find the language line "mynt_buy_tmall"
ERROR - 2017-06-14 11:29:00 --> Could not find the language line "mynt_buy_youzan"
ERROR - 2017-06-14 11:29:00 --> Could not find the language line "mynt_buy_jd"
ERROR - 2017-06-14 11:29:50 --> Could not find the language line "mynt_buy_taobao"
ERROR - 2017-06-14 11:29:50 --> Could not find the language line "mynt_buy_tmall"
ERROR - 2017-06-14 11:29:50 --> Could not find the language line "mynt_buy_youzan"
ERROR - 2017-06-14 11:29:50 --> Could not find the language line "mynt_buy_jd"
ERROR - 2017-06-14 11:30:03 --> Could not find the language line "mynt_buy_taobao"
ERROR - 2017-06-14 11:30:03 --> Could not find the language line "mynt_buy_tmall"
ERROR - 2017-06-14 11:30:03 --> Could not find the language line "mynt_buy_youzan"
ERROR - 2017-06-14 11:30:03 --> Could not find the language line "mynt_buy_jd"
ERROR - 2017-06-14 11:30:03 --> Could not find the language line "mynt_icon_taobao"
ERROR - 2017-06-14 11:30:03 --> Could not find the language line "mynt_icon_tmall"
ERROR - 2017-06-14 11:30:03 --> Could not find the language line "mynt_icon_youzan"
ERROR - 2017-06-14 11:30:03 --> Could not find the language line "mynt_icon_jd"
ERROR - 2017-06-14 11:30:03 --> Could not find the language line "mynt_jd_detail"
ERROR - 2017-06-14 11:30:03 --> Could not find the language line "to_buy_wd"
ERROR - 2017-06-14 11:30:03 --> Could not find the language line "slightech_wechat"
ERROR - 2017-06-14 11:30:03 --> Could not find the language line "key_no_lost"
ERROR - 2017-06-14 11:30:03 --> Could not find the language line "bag_no_lost"
ERROR - 2017-06-14 11:30:03 --> Could not find the language line "computer_no_lost"
ERROR - 2017-06-14 11:30:03 --> Could not find the language line "pet_no_lost"
ERROR - 2017-06-14 11:30:03 --> Could not find the language line "goal"
ERROR - 2017-06-14 11:30:03 --> Could not find the language line "fund_title"
ERROR - 2017-06-14 11:30:03 --> Could not find the language line "fund_intro"
ERROR - 2017-06-14 11:30:03 --> Could not find the language line "mynt_buy_taobao"
ERROR - 2017-06-14 11:30:03 --> Could not find the language line "mynt_buy_tmall"
ERROR - 2017-06-14 11:30:03 --> Could not find the language line "mynt_buy_youzan"
ERROR - 2017-06-14 11:30:03 --> Could not find the language line "mynt_buy_jd"
ERROR - 2017-06-14 11:34:04 --> Could not find the language line "mynt_buy_taobao"
ERROR - 2017-06-14 11:34:04 --> Could not find the language line "mynt_buy_tmall"
ERROR - 2017-06-14 11:34:04 --> Could not find the language line "mynt_buy_youzan"
ERROR - 2017-06-14 11:34:04 --> Could not find the language line "mynt_buy_jd"
ERROR - 2017-06-14 11:34:04 --> Could not find the language line "mynt_icon_taobao"
ERROR - 2017-06-14 11:34:04 --> Could not find the language line "mynt_icon_tmall"
ERROR - 2017-06-14 11:34:04 --> Could not find the language line "mynt_icon_youzan"
ERROR - 2017-06-14 11:34:04 --> Could not find the language line "mynt_icon_jd"
ERROR - 2017-06-14 11:34:04 --> Could not find the language line "mynt_jd_detail"
ERROR - 2017-06-14 11:34:04 --> Could not find the language line "to_buy_wd"
ERROR - 2017-06-14 11:34:04 --> Could not find the language line "slightech_wechat"
ERROR - 2017-06-14 11:34:04 --> Could not find the language line "key_no_lost"
ERROR - 2017-06-14 11:34:04 --> Could not find the language line "bag_no_lost"
ERROR - 2017-06-14 11:34:04 --> Could not find the language line "computer_no_lost"
ERROR - 2017-06-14 11:34:04 --> Could not find the language line "pet_no_lost"
ERROR - 2017-06-14 11:34:04 --> Could not find the language line "goal"
ERROR - 2017-06-14 11:34:04 --> Could not find the language line "fund_title"
ERROR - 2017-06-14 11:34:04 --> Could not find the language line "fund_intro"
ERROR - 2017-06-14 11:34:05 --> Could not find the language line "mynt_buy_taobao"
ERROR - 2017-06-14 11:34:05 --> Could not find the language line "mynt_buy_tmall"
ERROR - 2017-06-14 11:34:05 --> Could not find the language line "mynt_buy_youzan"
ERROR - 2017-06-14 11:34:05 --> Could not find the language line "mynt_buy_jd"
ERROR - 2017-06-14 11:34:59 --> Could not find the language line "mynt_buy_taobao"
ERROR - 2017-06-14 11:34:59 --> Could not find the language line "mynt_buy_tmall"
ERROR - 2017-06-14 11:34:59 --> Could not find the language line "mynt_buy_youzan"
ERROR - 2017-06-14 11:34:59 --> Could not find the language line "mynt_buy_jd"
ERROR - 2017-06-14 11:34:59 --> Could not find the language line "mynt_icon_taobao"
ERROR - 2017-06-14 11:34:59 --> Could not find the language line "mynt_icon_tmall"
ERROR - 2017-06-14 11:34:59 --> Could not find the language line "mynt_icon_youzan"
ERROR - 2017-06-14 11:34:59 --> Could not find the language line "mynt_icon_jd"
ERROR - 2017-06-14 11:34:59 --> Could not find the language line "mynt_jd_detail"
ERROR - 2017-06-14 11:34:59 --> Could not find the language line "to_buy_wd"
ERROR - 2017-06-14 11:34:59 --> Could not find the language line "slightech_wechat"
ERROR - 2017-06-14 11:34:59 --> Could not find the language line "key_no_lost"
ERROR - 2017-06-14 11:34:59 --> Could not find the language line "bag_no_lost"
ERROR - 2017-06-14 11:34:59 --> Could not find the language line "computer_no_lost"
ERROR - 2017-06-14 11:34:59 --> Could not find the language line "pet_no_lost"
ERROR - 2017-06-14 11:34:59 --> Could not find the language line "goal"
ERROR - 2017-06-14 11:34:59 --> Could not find the language line "fund_title"
ERROR - 2017-06-14 11:34:59 --> Could not find the language line "fund_intro"
ERROR - 2017-06-14 11:34:59 --> Could not find the language line "mynt_buy_taobao"
ERROR - 2017-06-14 11:34:59 --> Could not find the language line "mynt_buy_tmall"
ERROR - 2017-06-14 11:34:59 --> Could not find the language line "mynt_buy_youzan"
ERROR - 2017-06-14 11:34:59 --> Could not find the language line "mynt_buy_jd"
ERROR - 2017-06-14 11:35:55 --> Could not find the language line "mynt_buy_taobao"
ERROR - 2017-06-14 11:35:55 --> Could not find the language line "mynt_buy_tmall"
ERROR - 2017-06-14 11:35:55 --> Could not find the language line "mynt_buy_youzan"
ERROR - 2017-06-14 11:35:55 --> Could not find the language line "mynt_buy_jd"
ERROR - 2017-06-14 11:35:55 --> Could not find the language line "mynt_icon_taobao"
ERROR - 2017-06-14 11:35:55 --> Could not find the language line "mynt_icon_tmall"
ERROR - 2017-06-14 11:35:55 --> Could not find the language line "mynt_icon_youzan"
ERROR - 2017-06-14 11:35:55 --> Could not find the language line "mynt_icon_jd"
ERROR - 2017-06-14 11:35:55 --> Could not find the language line "mynt_jd_detail"
ERROR - 2017-06-14 11:35:55 --> Could not find the language line "to_buy_wd"
ERROR - 2017-06-14 11:35:55 --> Could not find the language line "slightech_wechat"
ERROR - 2017-06-14 11:35:55 --> Could not find the language line "key_no_lost"
ERROR - 2017-06-14 11:35:55 --> Could not find the language line "bag_no_lost"
ERROR - 2017-06-14 11:35:55 --> Could not find the language line "computer_no_lost"
ERROR - 2017-06-14 11:35:55 --> Could not find the language line "pet_no_lost"
ERROR - 2017-06-14 11:35:55 --> Could not find the language line "goal"
ERROR - 2017-06-14 11:35:55 --> Could not find the language line "fund_title"
ERROR - 2017-06-14 11:35:55 --> Could not find the language line "fund_intro"
ERROR - 2017-06-14 11:35:55 --> Could not find the language line "mynt_buy_taobao"
ERROR - 2017-06-14 11:35:55 --> Could not find the language line "mynt_buy_tmall"
ERROR - 2017-06-14 11:35:55 --> Could not find the language line "mynt_buy_youzan"
ERROR - 2017-06-14 11:35:55 --> Could not find the language line "mynt_buy_jd"
ERROR - 2017-06-14 11:38:11 --> Could not find the language line "mynt_buy_taobao"
ERROR - 2017-06-14 11:38:11 --> Could not find the language line "mynt_buy_tmall"
ERROR - 2017-06-14 11:38:11 --> Could not find the language line "mynt_buy_youzan"
ERROR - 2017-06-14 11:38:11 --> Could not find the language line "mynt_buy_jd"
ERROR - 2017-06-14 11:38:11 --> Could not find the language line "mynt_icon_taobao"
ERROR - 2017-06-14 11:38:11 --> Could not find the language line "mynt_icon_tmall"
ERROR - 2017-06-14 11:38:11 --> Could not find the language line "mynt_icon_youzan"
ERROR - 2017-06-14 11:38:11 --> Could not find the language line "mynt_icon_jd"
ERROR - 2017-06-14 11:38:11 --> Could not find the language line "mynt_jd_detail"
ERROR - 2017-06-14 11:38:11 --> Could not find the language line "to_buy_wd"
ERROR - 2017-06-14 11:38:11 --> Could not find the language line "slightech_wechat"
ERROR - 2017-06-14 11:38:11 --> Could not find the language line "key_no_lost"
ERROR - 2017-06-14 11:38:11 --> Could not find the language line "bag_no_lost"
ERROR - 2017-06-14 11:38:11 --> Could not find the language line "computer_no_lost"
ERROR - 2017-06-14 11:38:11 --> Could not find the language line "pet_no_lost"
ERROR - 2017-06-14 11:38:11 --> Could not find the language line "goal"
ERROR - 2017-06-14 11:38:11 --> Could not find the language line "fund_title"
ERROR - 2017-06-14 11:38:11 --> Could not find the language line "fund_intro"
ERROR - 2017-06-14 11:38:11 --> Could not find the language line "mynt_buy_taobao"
ERROR - 2017-06-14 11:38:11 --> Could not find the language line "mynt_buy_tmall"
ERROR - 2017-06-14 11:38:11 --> Could not find the language line "mynt_buy_youzan"
ERROR - 2017-06-14 11:38:11 --> Could not find the language line "mynt_buy_jd"
ERROR - 2017-06-14 11:41:24 --> Could not find the language line "mynt_buy_taobao"
ERROR - 2017-06-14 11:41:24 --> Could not find the language line "mynt_buy_tmall"
ERROR - 2017-06-14 11:41:24 --> Could not find the language line "mynt_buy_youzan"
ERROR - 2017-06-14 11:41:24 --> Could not find the language line "mynt_buy_jd"
ERROR - 2017-06-14 11:41:24 --> Could not find the language line "mynt_icon_taobao"
ERROR - 2017-06-14 11:41:24 --> Could not find the language line "mynt_icon_tmall"
ERROR - 2017-06-14 11:41:24 --> Could not find the language line "mynt_icon_youzan"
ERROR - 2017-06-14 11:41:24 --> Could not find the language line "mynt_icon_jd"
ERROR - 2017-06-14 11:41:24 --> Could not find the language line "mynt_jd_detail"
ERROR - 2017-06-14 11:41:24 --> Could not find the language line "to_buy_wd"
ERROR - 2017-06-14 11:41:24 --> Could not find the language line "slightech_wechat"
ERROR - 2017-06-14 11:41:24 --> Could not find the language line "key_no_lost"
ERROR - 2017-06-14 11:41:24 --> Could not find the language line "bag_no_lost"
ERROR - 2017-06-14 11:41:24 --> Could not find the language line "computer_no_lost"
ERROR - 2017-06-14 11:41:24 --> Could not find the language line "pet_no_lost"
ERROR - 2017-06-14 11:41:24 --> Could not find the language line "goal"
ERROR - 2017-06-14 11:41:24 --> Could not find the language line "fund_title"
ERROR - 2017-06-14 11:41:24 --> Could not find the language line "fund_intro"
ERROR - 2017-06-14 11:41:25 --> Could not find the language line "mynt_buy_taobao"
ERROR - 2017-06-14 11:41:25 --> Could not find the language line "mynt_buy_tmall"
ERROR - 2017-06-14 11:41:25 --> Could not find the language line "mynt_buy_youzan"
ERROR - 2017-06-14 11:41:25 --> Could not find the language line "mynt_buy_jd"
ERROR - 2017-06-14 11:44:27 --> Could not find the language line "mynt_buy_taobao"
ERROR - 2017-06-14 11:44:27 --> Could not find the language line "mynt_buy_tmall"
ERROR - 2017-06-14 11:44:27 --> Could not find the language line "mynt_buy_youzan"
ERROR - 2017-06-14 11:44:27 --> Could not find the language line "mynt_buy_jd"
ERROR - 2017-06-14 11:44:27 --> Could not find the language line "mynt_icon_taobao"
ERROR - 2017-06-14 11:44:27 --> Could not find the language line "mynt_icon_tmall"
ERROR - 2017-06-14 11:44:27 --> Could not find the language line "mynt_icon_youzan"
ERROR - 2017-06-14 11:44:27 --> Could not find the language line "mynt_icon_jd"
ERROR - 2017-06-14 11:44:27 --> Could not find the language line "mynt_jd_detail"
ERROR - 2017-06-14 11:44:27 --> Could not find the language line "to_buy_wd"
ERROR - 2017-06-14 11:44:27 --> Could not find the language line "slightech_wechat"
ERROR - 2017-06-14 11:44:27 --> Could not find the language line "key_no_lost"
ERROR - 2017-06-14 11:44:27 --> Could not find the language line "bag_no_lost"
ERROR - 2017-06-14 11:44:27 --> Could not find the language line "computer_no_lost"
ERROR - 2017-06-14 11:44:27 --> Could not find the language line "pet_no_lost"
ERROR - 2017-06-14 11:44:27 --> Could not find the language line "goal"
ERROR - 2017-06-14 11:44:27 --> Could not find the language line "fund_title"
ERROR - 2017-06-14 11:44:27 --> Could not find the language line "fund_intro"
ERROR - 2017-06-14 11:44:27 --> Could not find the language line "mynt_buy_taobao"
ERROR - 2017-06-14 11:44:27 --> Could not find the language line "mynt_buy_tmall"
ERROR - 2017-06-14 11:44:27 --> Could not find the language line "mynt_buy_youzan"
ERROR - 2017-06-14 11:44:27 --> Could not find the language line "mynt_buy_jd"
ERROR - 2017-06-14 11:45:39 --> Could not find the language line "mynt_buy_taobao"
ERROR - 2017-06-14 11:45:39 --> Could not find the language line "mynt_buy_tmall"
ERROR - 2017-06-14 11:45:39 --> Could not find the language line "mynt_buy_youzan"
ERROR - 2017-06-14 11:45:39 --> Could not find the language line "mynt_buy_jd"
ERROR - 2017-06-14 11:45:39 --> Could not find the language line "mynt_icon_taobao"
ERROR - 2017-06-14 11:45:39 --> Could not find the language line "mynt_icon_tmall"
ERROR - 2017-06-14 11:45:39 --> Could not find the language line "mynt_icon_youzan"
ERROR - 2017-06-14 11:45:39 --> Could not find the language line "mynt_icon_jd"
ERROR - 2017-06-14 11:45:39 --> Could not find the language line "mynt_jd_detail"
ERROR - 2017-06-14 11:45:39 --> Could not find the language line "to_buy_wd"
ERROR - 2017-06-14 11:45:39 --> Could not find the language line "slightech_wechat"
ERROR - 2017-06-14 11:45:39 --> Could not find the language line "key_no_lost"
ERROR - 2017-06-14 11:45:39 --> Could not find the language line "bag_no_lost"
ERROR - 2017-06-14 11:45:39 --> Could not find the language line "computer_no_lost"
ERROR - 2017-06-14 11:45:39 --> Could not find the language line "pet_no_lost"
ERROR - 2017-06-14 11:45:39 --> Could not find the language line "goal"
ERROR - 2017-06-14 11:45:39 --> Could not find the language line "fund_title"
ERROR - 2017-06-14 11:45:39 --> Could not find the language line "fund_intro"
ERROR - 2017-06-14 11:45:39 --> Could not find the language line "mynt_buy_taobao"
ERROR - 2017-06-14 11:45:39 --> Could not find the language line "mynt_buy_tmall"
ERROR - 2017-06-14 11:45:39 --> Could not find the language line "mynt_buy_youzan"
ERROR - 2017-06-14 11:45:39 --> Could not find the language line "mynt_buy_jd"
ERROR - 2017-06-14 11:45:48 --> Could not find the language line "mynt_buy_taobao"
ERROR - 2017-06-14 11:45:48 --> Could not find the language line "mynt_buy_tmall"
ERROR - 2017-06-14 11:45:48 --> Could not find the language line "mynt_buy_youzan"
ERROR - 2017-06-14 11:45:48 --> Could not find the language line "mynt_buy_jd"
ERROR - 2017-06-14 11:45:48 --> Could not find the language line "mynt_icon_taobao"
ERROR - 2017-06-14 11:45:48 --> Could not find the language line "mynt_icon_tmall"
ERROR - 2017-06-14 11:45:48 --> Could not find the language line "mynt_icon_youzan"
ERROR - 2017-06-14 11:45:48 --> Could not find the language line "mynt_icon_jd"
ERROR - 2017-06-14 11:45:48 --> Could not find the language line "mynt_jd_detail"
ERROR - 2017-06-14 11:45:48 --> Could not find the language line "to_buy_wd"
ERROR - 2017-06-14 11:45:48 --> Could not find the language line "slightech_wechat"
ERROR - 2017-06-14 11:45:48 --> Could not find the language line "key_no_lost"
ERROR - 2017-06-14 11:45:48 --> Could not find the language line "bag_no_lost"
ERROR - 2017-06-14 11:45:48 --> Could not find the language line "computer_no_lost"
ERROR - 2017-06-14 11:45:48 --> Could not find the language line "pet_no_lost"
ERROR - 2017-06-14 11:45:48 --> Could not find the language line "goal"
ERROR - 2017-06-14 11:45:48 --> Could not find the language line "fund_title"
ERROR - 2017-06-14 11:45:48 --> Could not find the language line "fund_intro"
ERROR - 2017-06-14 11:45:48 --> Could not find the language line "mynt_buy_taobao"
ERROR - 2017-06-14 11:45:48 --> Could not find the language line "mynt_buy_tmall"
ERROR - 2017-06-14 11:45:48 --> Could not find the language line "mynt_buy_youzan"
ERROR - 2017-06-14 11:45:48 --> Could not find the language line "mynt_buy_jd"
ERROR - 2017-06-14 11:46:00 --> Could not find the language line "mynt_buy_taobao"
ERROR - 2017-06-14 11:46:00 --> Could not find the language line "mynt_buy_tmall"
ERROR - 2017-06-14 11:46:00 --> Could not find the language line "mynt_buy_youzan"
ERROR - 2017-06-14 11:46:00 --> Could not find the language line "mynt_buy_jd"
ERROR - 2017-06-14 11:46:52 --> Could not find the language line "mynt_buy_taobao"
ERROR - 2017-06-14 11:46:52 --> Could not find the language line "mynt_buy_tmall"
ERROR - 2017-06-14 11:46:52 --> Could not find the language line "mynt_buy_youzan"
ERROR - 2017-06-14 11:46:52 --> Could not find the language line "mynt_buy_jd"
ERROR - 2017-06-14 11:47:24 --> Could not find the language line "mynt_buy_taobao"
ERROR - 2017-06-14 11:47:24 --> Could not find the language line "mynt_buy_tmall"
ERROR - 2017-06-14 11:47:24 --> Could not find the language line "mynt_buy_youzan"
ERROR - 2017-06-14 11:47:24 --> Could not find the language line "mynt_buy_jd"
ERROR - 2017-06-14 11:47:24 --> Could not find the language line "mynt_icon_taobao"
ERROR - 2017-06-14 11:47:24 --> Could not find the language line "mynt_icon_tmall"
ERROR - 2017-06-14 11:47:24 --> Could not find the language line "mynt_icon_youzan"
ERROR - 2017-06-14 11:47:24 --> Could not find the language line "mynt_icon_jd"
ERROR - 2017-06-14 11:47:24 --> Could not find the language line "mynt_jd_detail"
ERROR - 2017-06-14 11:47:24 --> Could not find the language line "to_buy_wd"
ERROR - 2017-06-14 11:47:24 --> Could not find the language line "slightech_wechat"
ERROR - 2017-06-14 11:47:24 --> Could not find the language line "camera_no_lost"
ERROR - 2017-06-14 11:47:24 --> Could not find the language line "key_no_lost"
ERROR - 2017-06-14 11:47:24 --> Could not find the language line "bag_no_lost"
ERROR - 2017-06-14 11:47:24 --> Could not find the language line "computer_no_lost"
ERROR - 2017-06-14 11:47:24 --> Could not find the language line "pet_no_lost"
ERROR - 2017-06-14 11:47:24 --> Could not find the language line "goal"
ERROR - 2017-06-14 11:47:24 --> Could not find the language line "fund_title"
ERROR - 2017-06-14 11:47:24 --> Could not find the language line "fund_intro"
ERROR - 2017-06-14 11:47:24 --> Could not find the language line "mynt_buy_taobao"
ERROR - 2017-06-14 11:47:24 --> Could not find the language line "mynt_buy_tmall"
ERROR - 2017-06-14 11:47:24 --> Could not find the language line "mynt_buy_youzan"
ERROR - 2017-06-14 11:47:24 --> Could not find the language line "mynt_buy_jd"
ERROR - 2017-06-14 11:50:07 --> Could not find the language line "mynt_buy_taobao"
ERROR - 2017-06-14 11:50:07 --> Could not find the language line "mynt_buy_tmall"
ERROR - 2017-06-14 11:50:07 --> Could not find the language line "mynt_buy_youzan"
ERROR - 2017-06-14 11:50:07 --> Could not find the language line "mynt_buy_jd"
ERROR - 2017-06-14 11:50:07 --> Could not find the language line "mynt_icon_taobao"
ERROR - 2017-06-14 11:50:07 --> Could not find the language line "mynt_icon_tmall"
ERROR - 2017-06-14 11:50:07 --> Could not find the language line "mynt_icon_youzan"
ERROR - 2017-06-14 11:50:07 --> Could not find the language line "mynt_icon_jd"
ERROR - 2017-06-14 11:50:07 --> Could not find the language line "mynt_jd_detail"
ERROR - 2017-06-14 11:50:07 --> Could not find the language line "to_buy_wd"
ERROR - 2017-06-14 11:50:07 --> Could not find the language line "slightech_wechat"
ERROR - 2017-06-14 11:50:07 --> Could not find the language line "camera_no_lost"
ERROR - 2017-06-14 11:50:07 --> Could not find the language line "key_no_lost"
ERROR - 2017-06-14 11:50:07 --> Could not find the language line "bag_no_lost"
ERROR - 2017-06-14 11:50:07 --> Could not find the language line "computer_no_lost"
ERROR - 2017-06-14 11:50:07 --> Could not find the language line "pet_no_lost"
ERROR - 2017-06-14 11:50:07 --> Could not find the language line "goal"
ERROR - 2017-06-14 11:50:07 --> Could not find the language line "fund_title"
ERROR - 2017-06-14 11:50:07 --> Could not find the language line "fund_intro"
ERROR - 2017-06-14 11:50:07 --> Could not find the language line "mynt_buy_taobao"
ERROR - 2017-06-14 11:50:07 --> Could not find the language line "mynt_buy_tmall"
ERROR - 2017-06-14 11:50:07 --> Could not find the language line "mynt_buy_youzan"
ERROR - 2017-06-14 11:50:07 --> Could not find the language line "mynt_buy_jd"
ERROR - 2017-06-14 11:50:16 --> Could not find the language line "mynt_buy_taobao"
ERROR - 2017-06-14 11:50:16 --> Could not find the language line "mynt_buy_tmall"
ERROR - 2017-06-14 11:50:16 --> Could not find the language line "mynt_buy_youzan"
ERROR - 2017-06-14 11:50:16 --> Could not find the language line "mynt_buy_jd"
ERROR - 2017-06-14 11:50:16 --> Could not find the language line "mynt_icon_taobao"
ERROR - 2017-06-14 11:50:16 --> Could not find the language line "mynt_icon_tmall"
ERROR - 2017-06-14 11:50:16 --> Could not find the language line "mynt_icon_youzan"
ERROR - 2017-06-14 11:50:16 --> Could not find the language line "mynt_icon_jd"
ERROR - 2017-06-14 11:50:16 --> Could not find the language line "mynt_jd_detail"
ERROR - 2017-06-14 11:50:16 --> Could not find the language line "to_buy_wd"
ERROR - 2017-06-14 11:50:16 --> Could not find the language line "slightech_wechat"
ERROR - 2017-06-14 11:50:16 --> Could not find the language line "key_no_lost"
ERROR - 2017-06-14 11:50:16 --> Could not find the language line "bag_no_lost"
ERROR - 2017-06-14 11:50:16 --> Could not find the language line "computer_no_lost"
ERROR - 2017-06-14 11:50:16 --> Could not find the language line "pet_no_lost"
ERROR - 2017-06-14 11:50:16 --> Could not find the language line "goal"
ERROR - 2017-06-14 11:50:16 --> Could not find the language line "fund_title"
ERROR - 2017-06-14 11:50:16 --> Could not find the language line "fund_intro"
ERROR - 2017-06-14 11:50:16 --> Could not find the language line "mynt_buy_taobao"
ERROR - 2017-06-14 11:50:16 --> Could not find the language line "mynt_buy_tmall"
ERROR - 2017-06-14 11:50:16 --> Could not find the language line "mynt_buy_youzan"
ERROR - 2017-06-14 11:50:16 --> Could not find the language line "mynt_buy_jd"
ERROR - 2017-06-14 11:50:19 --> Could not find the language line "mynt_buy_taobao"
ERROR - 2017-06-14 11:50:19 --> Could not find the language line "mynt_buy_tmall"
ERROR - 2017-06-14 11:50:19 --> Could not find the language line "mynt_buy_youzan"
ERROR - 2017-06-14 11:50:19 --> Could not find the language line "mynt_buy_jd"
ERROR - 2017-06-14 11:50:19 --> Could not find the language line "mynt_icon_taobao"
ERROR - 2017-06-14 11:50:19 --> Could not find the language line "mynt_icon_tmall"
ERROR - 2017-06-14 11:50:19 --> Could not find the language line "mynt_icon_youzan"
ERROR - 2017-06-14 11:50:19 --> Could not find the language line "mynt_icon_jd"
ERROR - 2017-06-14 11:50:19 --> Could not find the language line "mynt_jd_detail"
ERROR - 2017-06-14 11:50:19 --> Could not find the language line "to_buy_wd"
ERROR - 2017-06-14 11:50:19 --> Could not find the language line "slightech_wechat"
ERROR - 2017-06-14 11:50:19 --> Could not find the language line "key_no_lost"
ERROR - 2017-06-14 11:50:19 --> Could not find the language line "bag_no_lost"
ERROR - 2017-06-14 11:50:19 --> Could not find the language line "computer_no_lost"
ERROR - 2017-06-14 11:50:19 --> Could not find the language line "pet_no_lost"
ERROR - 2017-06-14 11:50:19 --> Could not find the language line "goal"
ERROR - 2017-06-14 11:50:19 --> Could not find the language line "fund_title"
ERROR - 2017-06-14 11:50:19 --> Could not find the language line "fund_intro"
ERROR - 2017-06-14 11:50:19 --> Could not find the language line "mynt_buy_taobao"
ERROR - 2017-06-14 11:50:19 --> Could not find the language line "mynt_buy_tmall"
ERROR - 2017-06-14 11:50:19 --> Could not find the language line "mynt_buy_youzan"
ERROR - 2017-06-14 11:50:19 --> Could not find the language line "mynt_buy_jd"
ERROR - 2017-06-14 11:50:49 --> Could not find the language line "mynt_buy_taobao"
ERROR - 2017-06-14 11:50:49 --> Could not find the language line "mynt_buy_tmall"
ERROR - 2017-06-14 11:50:49 --> Could not find the language line "mynt_buy_youzan"
ERROR - 2017-06-14 11:50:49 --> Could not find the language line "mynt_buy_jd"
ERROR - 2017-06-14 11:50:49 --> Could not find the language line "mynt_icon_taobao"
ERROR - 2017-06-14 11:50:49 --> Could not find the language line "mynt_icon_tmall"
ERROR - 2017-06-14 11:50:49 --> Could not find the language line "mynt_icon_youzan"
ERROR - 2017-06-14 11:50:49 --> Could not find the language line "mynt_icon_jd"
ERROR - 2017-06-14 11:50:49 --> Could not find the language line "mynt_jd_detail"
ERROR - 2017-06-14 11:50:49 --> Could not find the language line "to_buy_wd"
ERROR - 2017-06-14 11:50:49 --> Could not find the language line "slightech_wechat"
ERROR - 2017-06-14 11:50:49 --> Could not find the language line "key_no_lost"
ERROR - 2017-06-14 11:50:49 --> Could not find the language line "bag_no_lost"
ERROR - 2017-06-14 11:50:49 --> Could not find the language line "computer_no_lost"
ERROR - 2017-06-14 11:50:49 --> Could not find the language line "pet_no_lost"
ERROR - 2017-06-14 11:50:49 --> Could not find the language line "goal"
ERROR - 2017-06-14 11:50:49 --> Could not find the language line "fund_title"
ERROR - 2017-06-14 11:50:49 --> Could not find the language line "fund_intro"
ERROR - 2017-06-14 11:50:50 --> Could not find the language line "mynt_buy_taobao"
ERROR - 2017-06-14 11:50:50 --> Could not find the language line "mynt_buy_tmall"
ERROR - 2017-06-14 11:50:50 --> Could not find the language line "mynt_buy_youzan"
ERROR - 2017-06-14 11:50:50 --> Could not find the language line "mynt_buy_jd"
ERROR - 2017-06-14 11:51:52 --> Could not find the language line "mynt_buy_taobao"
ERROR - 2017-06-14 11:51:52 --> Could not find the language line "mynt_buy_tmall"
ERROR - 2017-06-14 11:51:52 --> Could not find the language line "mynt_buy_youzan"
ERROR - 2017-06-14 11:51:52 --> Could not find the language line "mynt_buy_jd"
ERROR - 2017-06-14 11:51:52 --> Could not find the language line "mynt_icon_taobao"
ERROR - 2017-06-14 11:51:52 --> Could not find the language line "mynt_icon_tmall"
ERROR - 2017-06-14 11:51:52 --> Could not find the language line "mynt_icon_youzan"
ERROR - 2017-06-14 11:51:52 --> Could not find the language line "mynt_icon_jd"
ERROR - 2017-06-14 11:51:52 --> Could not find the language line "mynt_jd_detail"
ERROR - 2017-06-14 11:51:52 --> Could not find the language line "to_buy_wd"
ERROR - 2017-06-14 11:51:52 --> Could not find the language line "slightech_wechat"
ERROR - 2017-06-14 11:51:52 --> Could not find the language line "key_no_lost"
ERROR - 2017-06-14 11:51:52 --> Could not find the language line "bag_no_lost"
ERROR - 2017-06-14 11:51:52 --> Could not find the language line "computer_no_lost"
ERROR - 2017-06-14 11:51:52 --> Could not find the language line "pet_no_lost"
ERROR - 2017-06-14 11:51:52 --> Could not find the language line "goal"
ERROR - 2017-06-14 11:51:52 --> Could not find the language line "fund_title"
ERROR - 2017-06-14 11:51:52 --> Could not find the language line "fund_intro"
ERROR - 2017-06-14 11:51:52 --> Could not find the language line "mynt_buy_taobao"
ERROR - 2017-06-14 11:51:52 --> Could not find the language line "mynt_buy_tmall"
ERROR - 2017-06-14 11:51:52 --> Could not find the language line "mynt_buy_youzan"
ERROR - 2017-06-14 11:51:52 --> Could not find the language line "mynt_buy_jd"
ERROR - 2017-06-14 11:52:04 --> Could not find the language line "mynt_buy_taobao"
ERROR - 2017-06-14 11:52:04 --> Could not find the language line "mynt_buy_tmall"
ERROR - 2017-06-14 11:52:04 --> Could not find the language line "mynt_buy_youzan"
ERROR - 2017-06-14 11:52:04 --> Could not find the language line "mynt_buy_jd"
ERROR - 2017-06-14 11:52:04 --> Could not find the language line "mynt_icon_taobao"
ERROR - 2017-06-14 11:52:04 --> Could not find the language line "mynt_icon_tmall"
ERROR - 2017-06-14 11:52:04 --> Could not find the language line "mynt_icon_youzan"
ERROR - 2017-06-14 11:52:04 --> Could not find the language line "mynt_icon_jd"
ERROR - 2017-06-14 11:52:04 --> Could not find the language line "mynt_jd_detail"
ERROR - 2017-06-14 11:52:04 --> Could not find the language line "to_buy_wd"
ERROR - 2017-06-14 11:52:04 --> Could not find the language line "slightech_wechat"
ERROR - 2017-06-14 11:52:04 --> Could not find the language line "key_no_lost"
ERROR - 2017-06-14 11:52:04 --> Could not find the language line "bag_no_lost"
ERROR - 2017-06-14 11:52:04 --> Could not find the language line "computer_no_lost"
ERROR - 2017-06-14 11:52:04 --> Could not find the language line "pet_no_lost"
ERROR - 2017-06-14 11:52:04 --> Could not find the language line "goal"
ERROR - 2017-06-14 11:52:04 --> Could not find the language line "fund_title"
ERROR - 2017-06-14 11:52:04 --> Could not find the language line "fund_intro"
ERROR - 2017-06-14 11:52:05 --> Could not find the language line "mynt_buy_taobao"
ERROR - 2017-06-14 11:52:05 --> Could not find the language line "mynt_buy_tmall"
ERROR - 2017-06-14 11:52:05 --> Could not find the language line "mynt_buy_youzan"
ERROR - 2017-06-14 11:52:05 --> Could not find the language line "mynt_buy_jd"
ERROR - 2017-06-14 11:52:28 --> Could not find the language line "mynt_buy_taobao"
ERROR - 2017-06-14 11:52:28 --> Could not find the language line "mynt_buy_tmall"
ERROR - 2017-06-14 11:52:28 --> Could not find the language line "mynt_buy_youzan"
ERROR - 2017-06-14 11:52:28 --> Could not find the language line "mynt_buy_jd"
ERROR - 2017-06-14 11:52:28 --> Could not find the language line "mynt_icon_taobao"
ERROR - 2017-06-14 11:52:28 --> Could not find the language line "mynt_icon_tmall"
ERROR - 2017-06-14 11:52:28 --> Could not find the language line "mynt_icon_youzan"
ERROR - 2017-06-14 11:52:28 --> Could not find the language line "mynt_icon_jd"
ERROR - 2017-06-14 11:52:28 --> Could not find the language line "mynt_jd_detail"
ERROR - 2017-06-14 11:52:28 --> Could not find the language line "to_buy_wd"
ERROR - 2017-06-14 11:52:28 --> Could not find the language line "slightech_wechat"
ERROR - 2017-06-14 11:52:28 --> Could not find the language line "key_no_lost"
ERROR - 2017-06-14 11:52:28 --> Could not find the language line "bag_no_lost"
ERROR - 2017-06-14 11:52:28 --> Could not find the language line "computer_no_lost"
ERROR - 2017-06-14 11:52:28 --> Could not find the language line "pet_no_lost"
ERROR - 2017-06-14 11:52:28 --> Could not find the language line "goal"
ERROR - 2017-06-14 11:52:28 --> Could not find the language line "fund_title"
ERROR - 2017-06-14 11:52:28 --> Could not find the language line "fund_intro"
ERROR - 2017-06-14 11:52:28 --> Could not find the language line "mynt_buy_taobao"
ERROR - 2017-06-14 11:52:28 --> Could not find the language line "mynt_buy_tmall"
ERROR - 2017-06-14 11:52:28 --> Could not find the language line "mynt_buy_youzan"
ERROR - 2017-06-14 11:52:28 --> Could not find the language line "mynt_buy_jd"
ERROR - 2017-06-14 11:52:32 --> Could not find the language line "mynt_buy_taobao"
ERROR - 2017-06-14 11:52:32 --> Could not find the language line "mynt_buy_tmall"
ERROR - 2017-06-14 11:52:32 --> Could not find the language line "mynt_buy_youzan"
ERROR - 2017-06-14 11:52:32 --> Could not find the language line "mynt_buy_jd"
ERROR - 2017-06-14 11:52:32 --> Could not find the language line "mynt_icon_taobao"
ERROR - 2017-06-14 11:52:32 --> Could not find the language line "mynt_icon_tmall"
ERROR - 2017-06-14 11:52:32 --> Could not find the language line "mynt_icon_youzan"
ERROR - 2017-06-14 11:52:32 --> Could not find the language line "mynt_icon_jd"
ERROR - 2017-06-14 11:52:32 --> Could not find the language line "mynt_jd_detail"
ERROR - 2017-06-14 11:52:32 --> Could not find the language line "to_buy_wd"
ERROR - 2017-06-14 11:52:32 --> Could not find the language line "slightech_wechat"
ERROR - 2017-06-14 11:52:32 --> Could not find the language line "camera_no_lost"
ERROR - 2017-06-14 11:52:32 --> Could not find the language line "key_no_lost"
ERROR - 2017-06-14 11:52:32 --> Could not find the language line "bag_no_lost"
ERROR - 2017-06-14 11:52:32 --> Could not find the language line "computer_no_lost"
ERROR - 2017-06-14 11:52:32 --> Could not find the language line "pet_no_lost"
ERROR - 2017-06-14 11:52:32 --> Could not find the language line "goal"
ERROR - 2017-06-14 11:52:32 --> Could not find the language line "fund_title"
ERROR - 2017-06-14 11:52:32 --> Could not find the language line "fund_intro"
ERROR - 2017-06-14 11:52:33 --> Could not find the language line "mynt_buy_taobao"
ERROR - 2017-06-14 11:52:33 --> Could not find the language line "mynt_buy_tmall"
ERROR - 2017-06-14 11:52:33 --> Could not find the language line "mynt_buy_youzan"
ERROR - 2017-06-14 11:52:33 --> Could not find the language line "mynt_buy_jd"
ERROR - 2017-06-14 11:52:54 --> Could not find the language line "mynt_buy_taobao"
ERROR - 2017-06-14 11:52:54 --> Could not find the language line "mynt_buy_tmall"
ERROR - 2017-06-14 11:52:54 --> Could not find the language line "mynt_buy_youzan"
ERROR - 2017-06-14 11:52:54 --> Could not find the language line "mynt_buy_jd"
ERROR - 2017-06-14 11:52:54 --> Could not find the language line "mynt_icon_taobao"
ERROR - 2017-06-14 11:52:54 --> Could not find the language line "mynt_icon_tmall"
ERROR - 2017-06-14 11:52:54 --> Could not find the language line "mynt_icon_youzan"
ERROR - 2017-06-14 11:52:54 --> Could not find the language line "mynt_icon_jd"
ERROR - 2017-06-14 11:52:54 --> Could not find the language line "mynt_jd_detail"
ERROR - 2017-06-14 11:52:54 --> Could not find the language line "to_buy_wd"
ERROR - 2017-06-14 11:52:54 --> Could not find the language line "slightech_wechat"
ERROR - 2017-06-14 11:52:54 --> Could not find the language line "camera_no_lost"
ERROR - 2017-06-14 11:52:54 --> Could not find the language line "key_no_lost"
ERROR - 2017-06-14 11:52:54 --> Could not find the language line "bag_no_lost"
ERROR - 2017-06-14 11:52:54 --> Could not find the language line "computer_no_lost"
ERROR - 2017-06-14 11:52:54 --> Could not find the language line "pet_no_lost"
ERROR - 2017-06-14 11:52:54 --> Could not find the language line "goal"
ERROR - 2017-06-14 11:52:54 --> Could not find the language line "fund_title"
ERROR - 2017-06-14 11:52:54 --> Could not find the language line "fund_intro"
ERROR - 2017-06-14 11:52:55 --> Could not find the language line "mynt_buy_taobao"
ERROR - 2017-06-14 11:52:55 --> Could not find the language line "mynt_buy_tmall"
ERROR - 2017-06-14 11:52:55 --> Could not find the language line "mynt_buy_youzan"
ERROR - 2017-06-14 11:52:55 --> Could not find the language line "mynt_buy_jd"
ERROR - 2017-06-14 11:54:02 --> Could not find the language line "mynt_buy_taobao"
ERROR - 2017-06-14 11:54:02 --> Could not find the language line "mynt_buy_tmall"
ERROR - 2017-06-14 11:54:02 --> Could not find the language line "mynt_buy_youzan"
ERROR - 2017-06-14 11:54:02 --> Could not find the language line "mynt_buy_jd"
ERROR - 2017-06-14 11:54:02 --> Could not find the language line "mynt_icon_taobao"
ERROR - 2017-06-14 11:54:02 --> Could not find the language line "mynt_icon_tmall"
ERROR - 2017-06-14 11:54:02 --> Could not find the language line "mynt_icon_youzan"
ERROR - 2017-06-14 11:54:02 --> Could not find the language line "mynt_icon_jd"
ERROR - 2017-06-14 11:54:02 --> Could not find the language line "mynt_jd_detail"
ERROR - 2017-06-14 11:54:02 --> Could not find the language line "to_buy_wd"
ERROR - 2017-06-14 11:54:02 --> Could not find the language line "slightech_wechat"
ERROR - 2017-06-14 11:54:02 --> Could not find the language line "key_no_lost"
ERROR - 2017-06-14 11:54:02 --> Could not find the language line "bag_no_lost"
ERROR - 2017-06-14 11:54:02 --> Could not find the language line "computer_no_lost"
ERROR - 2017-06-14 11:54:02 --> Could not find the language line "pet_no_lost"
ERROR - 2017-06-14 11:54:02 --> Could not find the language line "goal"
ERROR - 2017-06-14 11:54:02 --> Could not find the language line "fund_title"
ERROR - 2017-06-14 11:54:02 --> Could not find the language line "fund_intro"
ERROR - 2017-06-14 11:54:02 --> Could not find the language line "mynt_buy_taobao"
ERROR - 2017-06-14 11:54:02 --> Could not find the language line "mynt_buy_tmall"
ERROR - 2017-06-14 11:54:02 --> Could not find the language line "mynt_buy_youzan"
ERROR - 2017-06-14 11:54:02 --> Could not find the language line "mynt_buy_jd"
ERROR - 2017-06-14 15:08:28 --> Could not find the language line "mynt_buy_taobao"
ERROR - 2017-06-14 15:08:28 --> Could not find the language line "mynt_buy_tmall"
ERROR - 2017-06-14 15:08:28 --> Could not find the language line "mynt_buy_youzan"
ERROR - 2017-06-14 15:08:28 --> Could not find the language line "mynt_buy_jd"
ERROR - 2017-06-14 15:08:28 --> Could not find the language line "home_cloud_title"
ERROR - 2017-06-14 15:08:28 --> Could not find the language line "home_cloud_intro"
ERROR - 2017-06-14 15:08:28 --> Could not find the language line "mynt_icon_taobao"
ERROR - 2017-06-14 15:08:28 --> Could not find the language line "mynt_icon_tmall"
ERROR - 2017-06-14 15:08:28 --> Could not find the language line "mynt_icon_youzan"
ERROR - 2017-06-14 15:08:28 --> Could not find the language line "mynt_buy_taobao"
ERROR - 2017-06-14 15:08:28 --> Could not find the language line "mynt_buy_tmall"
ERROR - 2017-06-14 15:08:28 --> Could not find the language line "mynt_buy_youzan"
ERROR - 2017-06-14 15:08:28 --> Could not find the language line "mynt_buy_jd"
ERROR - 2017-06-14 15:08:37 --> Could not find the language line "mynt_buy_taobao"
ERROR - 2017-06-14 15:08:37 --> Could not find the language line "mynt_buy_tmall"
ERROR - 2017-06-14 15:08:37 --> Could not find the language line "mynt_buy_youzan"
ERROR - 2017-06-14 15:08:37 --> Could not find the language line "mynt_buy_jd"
ERROR - 2017-06-14 15:08:37 --> Could not find the language line "home_cloud_title"
ERROR - 2017-06-14 15:08:37 --> Could not find the language line "home_cloud_intro"
ERROR - 2017-06-14 15:08:37 --> Could not find the language line "mynt_icon_taobao"
ERROR - 2017-06-14 15:08:37 --> Could not find the language line "mynt_icon_tmall"
ERROR - 2017-06-14 15:08:37 --> Could not find the language line "mynt_icon_youzan"
ERROR - 2017-06-14 15:08:38 --> Could not find the language line "mynt_buy_taobao"
ERROR - 2017-06-14 15:08:38 --> Could not find the language line "mynt_buy_tmall"
ERROR - 2017-06-14 15:08:38 --> Could not find the language line "mynt_buy_youzan"
ERROR - 2017-06-14 15:08:38 --> Could not find the language line "mynt_buy_jd"
ERROR - 2017-06-14 15:08:41 --> Could not find the language line "mynt_buy_taobao"
ERROR - 2017-06-14 15:08:41 --> Could not find the language line "mynt_buy_tmall"
ERROR - 2017-06-14 15:08:41 --> Could not find the language line "mynt_buy_youzan"
ERROR - 2017-06-14 15:08:41 --> Could not find the language line "mynt_buy_jd"
ERROR - 2017-06-14 15:08:41 --> Could not find the language line "home_cloud_title"
ERROR - 2017-06-14 15:08:41 --> Could not find the language line "home_cloud_intro"
ERROR - 2017-06-14 15:08:41 --> Could not find the language line "mynt_icon_taobao"
ERROR - 2017-06-14 15:08:41 --> Could not find the language line "mynt_icon_tmall"
ERROR - 2017-06-14 15:08:41 --> Could not find the language line "mynt_icon_youzan"
ERROR - 2017-06-14 15:08:41 --> Could not find the language line "mynt_buy_taobao"
ERROR - 2017-06-14 15:08:41 --> Could not find the language line "mynt_buy_tmall"
ERROR - 2017-06-14 15:08:41 --> Could not find the language line "mynt_buy_youzan"
ERROR - 2017-06-14 15:08:41 --> Could not find the language line "mynt_buy_jd"
ERROR - 2017-06-14 15:08:47 --> Could not find the language line "mynt_buy_taobao"
ERROR - 2017-06-14 15:08:47 --> Could not find the language line "mynt_buy_tmall"
ERROR - 2017-06-14 15:08:47 --> Could not find the language line "mynt_buy_youzan"
ERROR - 2017-06-14 15:08:47 --> Could not find the language line "mynt_buy_jd"
ERROR - 2017-06-14 15:08:47 --> Could not find the language line "home_cloud_title"
ERROR - 2017-06-14 15:08:47 --> Could not find the language line "home_cloud_intro"
ERROR - 2017-06-14 15:08:47 --> Could not find the language line "mynt_icon_taobao"
ERROR - 2017-06-14 15:08:47 --> Could not find the language line "mynt_icon_tmall"
ERROR - 2017-06-14 15:08:47 --> Could not find the language line "mynt_icon_youzan"
ERROR - 2017-06-14 15:08:48 --> Could not find the language line "mynt_buy_taobao"
ERROR - 2017-06-14 15:08:48 --> Could not find the language line "mynt_buy_tmall"
ERROR - 2017-06-14 15:08:48 --> Could not find the language line "mynt_buy_youzan"
ERROR - 2017-06-14 15:08:48 --> Could not find the language line "mynt_buy_jd"
ERROR - 2017-06-14 15:08:50 --> Could not find the language line "mynt_buy_taobao"
ERROR - 2017-06-14 15:08:50 --> Could not find the language line "mynt_buy_tmall"
ERROR - 2017-06-14 15:08:50 --> Could not find the language line "mynt_buy_youzan"
ERROR - 2017-06-14 15:08:50 --> Could not find the language line "mynt_buy_jd"
ERROR - 2017-06-14 15:08:50 --> Could not find the language line "home_cloud_title"
ERROR - 2017-06-14 15:08:50 --> Could not find the language line "home_cloud_intro"
ERROR - 2017-06-14 15:08:50 --> Could not find the language line "mynt_icon_taobao"
ERROR - 2017-06-14 15:08:50 --> Could not find the language line "mynt_icon_tmall"
ERROR - 2017-06-14 15:08:50 --> Could not find the language line "mynt_icon_youzan"
ERROR - 2017-06-14 15:08:50 --> Could not find the language line "mynt_buy_taobao"
ERROR - 2017-06-14 15:08:50 --> Could not find the language line "mynt_buy_tmall"
ERROR - 2017-06-14 15:08:50 --> Could not find the language line "mynt_buy_youzan"
ERROR - 2017-06-14 15:08:50 --> Could not find the language line "mynt_buy_jd"
ERROR - 2017-06-14 15:08:51 --> Could not find the language line "mynt_buy_taobao"
ERROR - 2017-06-14 15:08:51 --> Could not find the language line "mynt_buy_tmall"
ERROR - 2017-06-14 15:08:51 --> Could not find the language line "mynt_buy_youzan"
ERROR - 2017-06-14 15:08:51 --> Could not find the language line "mynt_buy_jd"
ERROR - 2017-06-14 15:08:51 --> Could not find the language line "home_cloud_title"
ERROR - 2017-06-14 15:08:51 --> Could not find the language line "home_cloud_intro"
ERROR - 2017-06-14 15:08:51 --> Could not find the language line "mynt_icon_taobao"
ERROR - 2017-06-14 15:08:51 --> Could not find the language line "mynt_icon_tmall"
ERROR - 2017-06-14 15:08:51 --> Could not find the language line "mynt_icon_youzan"
ERROR - 2017-06-14 15:08:51 --> Could not find the language line "mynt_buy_taobao"
ERROR - 2017-06-14 15:08:51 --> Could not find the language line "mynt_buy_tmall"
ERROR - 2017-06-14 15:08:51 --> Could not find the language line "mynt_buy_youzan"
ERROR - 2017-06-14 15:08:51 --> Could not find the language line "mynt_buy_jd"
ERROR - 2017-06-14 15:08:52 --> Could not find the language line "mynt_buy_taobao"
ERROR - 2017-06-14 15:08:52 --> Could not find the language line "mynt_buy_tmall"
ERROR - 2017-06-14 15:08:52 --> Could not find the language line "mynt_buy_youzan"
ERROR - 2017-06-14 15:08:52 --> Could not find the language line "mynt_buy_jd"
ERROR - 2017-06-14 15:08:52 --> Could not find the language line "home_cloud_title"
ERROR - 2017-06-14 15:08:52 --> Could not find the language line "home_cloud_intro"
ERROR - 2017-06-14 15:08:52 --> Could not find the language line "mynt_icon_taobao"
ERROR - 2017-06-14 15:08:52 --> Could not find the language line "mynt_icon_tmall"
ERROR - 2017-06-14 15:08:52 --> Could not find the language line "mynt_icon_youzan"
ERROR - 2017-06-14 15:08:52 --> Could not find the language line "mynt_buy_taobao"
ERROR - 2017-06-14 15:08:52 --> Could not find the language line "mynt_buy_tmall"
ERROR - 2017-06-14 15:08:52 --> Could not find the language line "mynt_buy_youzan"
ERROR - 2017-06-14 15:08:52 --> Could not find the language line "mynt_buy_jd"
ERROR - 2017-06-14 15:08:54 --> Could not find the language line "mynt_buy_taobao"
ERROR - 2017-06-14 15:08:54 --> Could not find the language line "mynt_buy_tmall"
ERROR - 2017-06-14 15:08:54 --> Could not find the language line "mynt_buy_youzan"
ERROR - 2017-06-14 15:08:54 --> Could not find the language line "mynt_buy_jd"
ERROR - 2017-06-14 15:08:54 --> Could not find the language line "home_cloud_title"
ERROR - 2017-06-14 15:08:54 --> Could not find the language line "home_cloud_intro"
ERROR - 2017-06-14 15:08:54 --> Could not find the language line "mynt_icon_taobao"
ERROR - 2017-06-14 15:08:54 --> Could not find the language line "mynt_icon_tmall"
ERROR - 2017-06-14 15:08:54 --> Could not find the language line "mynt_icon_youzan"
ERROR - 2017-06-14 15:08:55 --> Could not find the language line "mynt_buy_taobao"
ERROR - 2017-06-14 15:08:55 --> Could not find the language line "mynt_buy_tmall"
ERROR - 2017-06-14 15:08:55 --> Could not find the language line "mynt_buy_youzan"
ERROR - 2017-06-14 15:08:55 --> Could not find the language line "mynt_buy_jd"
ERROR - 2017-06-14 15:08:55 --> Could not find the language line "mynt_buy_taobao"
ERROR - 2017-06-14 15:08:55 --> Could not find the language line "mynt_buy_tmall"
ERROR - 2017-06-14 15:08:55 --> Could not find the language line "mynt_buy_youzan"
ERROR - 2017-06-14 15:08:55 --> Could not find the language line "mynt_buy_jd"
ERROR - 2017-06-14 15:08:55 --> Could not find the language line "home_cloud_title"
ERROR - 2017-06-14 15:08:55 --> Could not find the language line "home_cloud_intro"
ERROR - 2017-06-14 15:08:55 --> Could not find the language line "mynt_icon_taobao"
ERROR - 2017-06-14 15:08:55 --> Could not find the language line "mynt_icon_tmall"
ERROR - 2017-06-14 15:08:55 --> Could not find the language line "mynt_icon_youzan"
ERROR - 2017-06-14 15:08:56 --> Could not find the language line "mynt_buy_taobao"
ERROR - 2017-06-14 15:08:56 --> Could not find the language line "mynt_buy_tmall"
ERROR - 2017-06-14 15:08:56 --> Could not find the language line "mynt_buy_youzan"
ERROR - 2017-06-14 15:08:56 --> Could not find the language line "mynt_buy_jd"
ERROR - 2017-06-14 15:08:59 --> Could not find the language line "mynt_buy_taobao"
ERROR - 2017-06-14 15:08:59 --> Could not find the language line "mynt_buy_tmall"
ERROR - 2017-06-14 15:08:59 --> Could not find the language line "mynt_buy_youzan"
ERROR - 2017-06-14 15:08:59 --> Could not find the language line "mynt_buy_jd"
ERROR - 2017-06-14 15:08:59 --> Could not find the language line "home_cloud_title"
ERROR - 2017-06-14 15:08:59 --> Could not find the language line "home_cloud_intro"
ERROR - 2017-06-14 15:08:59 --> Could not find the language line "mynt_icon_taobao"
ERROR - 2017-06-14 15:08:59 --> Could not find the language line "mynt_icon_tmall"
ERROR - 2017-06-14 15:08:59 --> Could not find the language line "mynt_icon_youzan"
ERROR - 2017-06-14 15:09:00 --> Could not find the language line "mynt_buy_taobao"
ERROR - 2017-06-14 15:09:00 --> Could not find the language line "mynt_buy_tmall"
ERROR - 2017-06-14 15:09:00 --> Could not find the language line "mynt_buy_youzan"
ERROR - 2017-06-14 15:09:00 --> Could not find the language line "mynt_buy_jd"
ERROR - 2017-06-14 15:09:23 --> Could not find the language line "mynt_buy_taobao"
ERROR - 2017-06-14 15:09:23 --> Could not find the language line "mynt_buy_tmall"
ERROR - 2017-06-14 15:09:23 --> Could not find the language line "mynt_buy_youzan"
ERROR - 2017-06-14 15:09:23 --> Could not find the language line "mynt_buy_jd"
ERROR - 2017-06-14 15:09:23 --> Could not find the language line "home_cloud_title"
ERROR - 2017-06-14 15:09:23 --> Could not find the language line "home_cloud_intro"
ERROR - 2017-06-14 15:09:23 --> Could not find the language line "mynt_icon_taobao"
ERROR - 2017-06-14 15:09:23 --> Could not find the language line "mynt_icon_tmall"
ERROR - 2017-06-14 15:09:23 --> Could not find the language line "mynt_icon_youzan"
ERROR - 2017-06-14 15:09:23 --> Could not find the language line "mynt_buy_taobao"
ERROR - 2017-06-14 15:09:23 --> Could not find the language line "mynt_buy_tmall"
ERROR - 2017-06-14 15:09:23 --> Could not find the language line "mynt_buy_youzan"
ERROR - 2017-06-14 15:09:23 --> Could not find the language line "mynt_buy_jd"
ERROR - 2017-06-14 15:09:40 --> Could not find the language line "mynt_buy_taobao"
ERROR - 2017-06-14 15:09:40 --> Could not find the language line "mynt_buy_tmall"
ERROR - 2017-06-14 15:09:40 --> Could not find the language line "mynt_buy_youzan"
ERROR - 2017-06-14 15:09:40 --> Could not find the language line "mynt_buy_jd"
ERROR - 2017-06-14 15:09:40 --> Could not find the language line "home_cloud_title"
ERROR - 2017-06-14 15:09:40 --> Could not find the language line "home_cloud_intro"
ERROR - 2017-06-14 15:09:40 --> Could not find the language line "mynt_icon_taobao"
ERROR - 2017-06-14 15:09:40 --> Could not find the language line "mynt_icon_tmall"
ERROR - 2017-06-14 15:09:40 --> Could not find the language line "mynt_icon_youzan"
ERROR - 2017-06-14 15:09:40 --> Could not find the language line "mynt_buy_taobao"
ERROR - 2017-06-14 15:09:40 --> Could not find the language line "mynt_buy_tmall"
ERROR - 2017-06-14 15:09:40 --> Could not find the language line "mynt_buy_youzan"
ERROR - 2017-06-14 15:09:40 --> Could not find the language line "mynt_buy_jd"
ERROR - 2017-06-14 15:11:09 --> Could not find the language line "mynt_buy_taobao"
ERROR - 2017-06-14 15:11:09 --> Could not find the language line "mynt_buy_tmall"
ERROR - 2017-06-14 15:11:09 --> Could not find the language line "mynt_buy_youzan"
ERROR - 2017-06-14 15:11:09 --> Could not find the language line "mynt_buy_jd"
ERROR - 2017-06-14 15:11:09 --> Could not find the language line "home_cloud_title"
ERROR - 2017-06-14 15:11:09 --> Could not find the language line "home_cloud_intro"
ERROR - 2017-06-14 15:11:09 --> Could not find the language line "mynt_icon_taobao"
ERROR - 2017-06-14 15:11:09 --> Could not find the language line "mynt_icon_tmall"
ERROR - 2017-06-14 15:11:09 --> Could not find the language line "mynt_icon_youzan"
ERROR - 2017-06-14 15:11:09 --> Could not find the language line "mynt_buy_taobao"
ERROR - 2017-06-14 15:11:09 --> Could not find the language line "mynt_buy_tmall"
ERROR - 2017-06-14 15:11:09 --> Could not find the language line "mynt_buy_youzan"
ERROR - 2017-06-14 15:11:09 --> Could not find the language line "mynt_buy_jd"
ERROR - 2017-06-14 15:11:14 --> Could not find the language line "mynt_buy_taobao"
ERROR - 2017-06-14 15:11:14 --> Could not find the language line "mynt_buy_tmall"
ERROR - 2017-06-14 15:11:14 --> Could not find the language line "mynt_buy_youzan"
ERROR - 2017-06-14 15:11:14 --> Could not find the language line "mynt_buy_jd"
ERROR - 2017-06-14 15:11:14 --> Could not find the language line "home_cloud_title"
ERROR - 2017-06-14 15:11:14 --> Could not find the language line "home_cloud_intro"
ERROR - 2017-06-14 15:11:14 --> Could not find the language line "mynt_icon_taobao"
ERROR - 2017-06-14 15:11:14 --> Could not find the language line "mynt_icon_tmall"
ERROR - 2017-06-14 15:11:14 --> Could not find the language line "mynt_icon_youzan"
ERROR - 2017-06-14 15:11:14 --> Could not find the language line "mynt_buy_taobao"
ERROR - 2017-06-14 15:11:14 --> Could not find the language line "mynt_buy_tmall"
ERROR - 2017-06-14 15:11:14 --> Could not find the language line "mynt_buy_youzan"
ERROR - 2017-06-14 15:11:14 --> Could not find the language line "mynt_buy_jd"
ERROR - 2017-06-14 15:12:36 --> Could not find the language line "mynt_buy_taobao"
ERROR - 2017-06-14 15:12:36 --> Could not find the language line "mynt_buy_tmall"
ERROR - 2017-06-14 15:12:36 --> Could not find the language line "mynt_buy_youzan"
ERROR - 2017-06-14 15:12:36 --> Could not find the language line "mynt_buy_jd"
ERROR - 2017-06-14 15:12:36 --> Could not find the language line "home_cloud_title"
ERROR - 2017-06-14 15:12:36 --> Could not find the language line "home_cloud_intro"
ERROR - 2017-06-14 15:12:36 --> Could not find the language line "mynt_icon_taobao"
ERROR - 2017-06-14 15:12:36 --> Could not find the language line "mynt_icon_tmall"
ERROR - 2017-06-14 15:12:36 --> Could not find the language line "mynt_icon_youzan"
ERROR - 2017-06-14 15:12:37 --> Could not find the language line "mynt_buy_taobao"
ERROR - 2017-06-14 15:12:37 --> Could not find the language line "mynt_buy_tmall"
ERROR - 2017-06-14 15:12:37 --> Could not find the language line "mynt_buy_youzan"
ERROR - 2017-06-14 15:12:37 --> Could not find the language line "mynt_buy_jd"
ERROR - 2017-06-14 15:12:37 --> Could not find the language line "home_cloud_title"
ERROR - 2017-06-14 15:12:37 --> Could not find the language line "home_cloud_intro"
ERROR - 2017-06-14 15:12:37 --> Could not find the language line "mynt_icon_taobao"
ERROR - 2017-06-14 15:12:37 --> Could not find the language line "mynt_icon_tmall"
ERROR - 2017-06-14 15:12:37 --> Could not find the language line "mynt_icon_youzan"
ERROR - 2017-06-14 15:12:38 --> Could not find the language line "mynt_buy_taobao"
ERROR - 2017-06-14 15:12:38 --> Could not find the language line "mynt_buy_tmall"
ERROR - 2017-06-14 15:12:38 --> Could not find the language line "mynt_buy_youzan"
ERROR - 2017-06-14 15:12:38 --> Could not find the language line "mynt_buy_jd"
