ERROR - 2016-09-21 02:55:49 --> Could not find the language line "mynt_buy_taobao"
ERROR - 2016-09-21 02:55:49 --> Could not find the language line "mynt_buy_tmall"
ERROR - 2016-09-21 02:55:49 --> Could not find the language line "mynt_buy_youzan"
ERROR - 2016-09-21 02:55:49 --> Could not find the language line "mynt_buy_jd"
ERROR - 2016-09-21 02:55:49 --> Could not find the language line "home_cloud_title"
ERROR - 2016-09-21 02:55:49 --> Could not find the language line "home_cloud_intro"
ERROR - 2016-09-21 02:55:49 --> Could not find the language line "mynt_icon_taobao"
ERROR - 2016-09-21 02:55:49 --> Could not find the language line "mynt_icon_tmall"
ERROR - 2016-09-21 02:55:49 --> Could not find the language line "mynt_icon_youzan"
ERROR - 2016-09-21 02:55:50 --> Could not find the language line "mynt_buy_taobao"
ERROR - 2016-09-21 02:55:50 --> Could not find the language line "mynt_buy_tmall"
ERROR - 2016-09-21 02:55:50 --> Could not find the language line "mynt_buy_youzan"
ERROR - 2016-09-21 02:55:50 --> Could not find the language line "mynt_buy_jd"
ERROR - 2016-09-21 03:08:07 --> Could not find the language line "mynt_buy_taobao"
ERROR - 2016-09-21 03:08:07 --> Could not find the language line "mynt_buy_tmall"
ERROR - 2016-09-21 03:08:07 --> Could not find the language line "mynt_buy_youzan"
ERROR - 2016-09-21 03:08:07 --> Could not find the language line "mynt_buy_jd"
ERROR - 2016-09-21 03:08:07 --> Could not find the language line "mynt_buy_taobao"
ERROR - 2016-09-21 03:08:07 --> Could not find the language line "mynt_buy_tmall"
ERROR - 2016-09-21 03:08:07 --> Could not find the language line "mynt_buy_youzan"
ERROR - 2016-09-21 03:08:07 --> Could not find the language line "mynt_buy_jd"
ERROR - 2016-09-21 03:08:07 --> Session: File 'ci_sessions/ci_sessionc5e00d4d0c3f67d40cf97c547acf5f81ee886f29' doesn't exist and cannot be created.
ERROR - 2016-09-21 03:08:18 --> Could not find the language line "mynt_buy_taobao"
ERROR - 2016-09-21 03:08:18 --> Could not find the language line "mynt_buy_tmall"
ERROR - 2016-09-21 03:08:18 --> Could not find the language line "mynt_buy_youzan"
ERROR - 2016-09-21 03:08:18 --> Could not find the language line "mynt_buy_jd"
ERROR - 2016-09-21 03:08:18 --> Could not find the language line "mynt_buy_taobao"
ERROR - 2016-09-21 03:08:18 --> Could not find the language line "mynt_buy_tmall"
ERROR - 2016-09-21 03:08:18 --> Could not find the language line "mynt_buy_youzan"
ERROR - 2016-09-21 03:08:18 --> Could not find the language line "mynt_buy_jd"
ERROR - 2016-09-21 03:08:31 --> Could not find the language line "mynt_buy_taobao"
ERROR - 2016-09-21 03:08:31 --> Could not find the language line "mynt_buy_tmall"
ERROR - 2016-09-21 03:08:31 --> Could not find the language line "mynt_buy_youzan"
ERROR - 2016-09-21 03:08:31 --> Could not find the language line "mynt_buy_jd"
ERROR - 2016-09-21 03:08:31 --> Could not find the language line "mynt_buy_taobao"
ERROR - 2016-09-21 03:08:31 --> Could not find the language line "mynt_buy_tmall"
ERROR - 2016-09-21 03:08:31 --> Could not find the language line "mynt_buy_youzan"
ERROR - 2016-09-21 03:08:31 --> Could not find the language line "mynt_buy_jd"
ERROR - 2016-09-21 03:08:44 --> Could not find the language line "mynt_buy_taobao"
ERROR - 2016-09-21 03:08:44 --> Could not find the language line "mynt_buy_tmall"
ERROR - 2016-09-21 03:08:44 --> Could not find the language line "mynt_buy_youzan"
ERROR - 2016-09-21 03:08:44 --> Could not find the language line "mynt_buy_jd"
ERROR - 2016-09-21 03:08:44 --> Could not find the language line "mynt_buy_taobao"
ERROR - 2016-09-21 03:08:44 --> Could not find the language line "mynt_buy_tmall"
ERROR - 2016-09-21 03:08:44 --> Could not find the language line "mynt_buy_youzan"
ERROR - 2016-09-21 03:08:44 --> Could not find the language line "mynt_buy_jd"
ERROR - 2016-09-21 03:08:47 --> Could not find the language line "mynt_buy_taobao"
ERROR - 2016-09-21 03:08:47 --> Could not find the language line "mynt_buy_tmall"
ERROR - 2016-09-21 03:08:47 --> Could not find the language line "mynt_buy_youzan"
ERROR - 2016-09-21 03:08:47 --> Could not find the language line "mynt_buy_jd"
ERROR - 2016-09-21 03:08:47 --> Could not find the language line "about_keywords"
ERROR - 2016-09-21 03:08:47 --> Could not find the language line "about_facebook"
ERROR - 2016-09-21 03:08:47 --> Could not find the language line "about_twitter"
ERROR - 2016-09-21 03:08:47 --> Could not find the language line "about_weibo"
ERROR - 2016-09-21 03:08:47 --> Could not find the language line "mynt_buy_taobao"
ERROR - 2016-09-21 03:08:47 --> Could not find the language line "mynt_buy_tmall"
ERROR - 2016-09-21 03:08:47 --> Could not find the language line "mynt_buy_youzan"
ERROR - 2016-09-21 03:08:47 --> Could not find the language line "mynt_buy_jd"
ERROR - 2016-09-21 03:09:10 --> Could not find the language line "mynt_buy_taobao"
ERROR - 2016-09-21 03:09:10 --> Could not find the language line "mynt_buy_tmall"
ERROR - 2016-09-21 03:09:10 --> Could not find the language line "mynt_buy_youzan"
ERROR - 2016-09-21 03:09:10 --> Could not find the language line "mynt_buy_jd"
ERROR - 2016-09-21 03:09:16 --> Could not find the language line "mynt_buy_taobao"
ERROR - 2016-09-21 03:09:17 --> Could not find the language line "mynt_buy_tmall"
ERROR - 2016-09-21 03:09:17 --> Could not find the language line "mynt_buy_youzan"
ERROR - 2016-09-21 03:09:17 --> Could not find the language line "mynt_buy_jd"
ERROR - 2016-09-21 03:09:17 --> Could not find the language line "mynt_buy_taobao"
ERROR - 2016-09-21 03:09:17 --> Could not find the language line "mynt_buy_tmall"
ERROR - 2016-09-21 03:09:17 --> Could not find the language line "mynt_buy_youzan"
ERROR - 2016-09-21 03:09:17 --> Could not find the language line "mynt_buy_jd"
ERROR - 2016-09-21 03:22:12 --> Could not find the language line "mynt_buy_taobao"
ERROR - 2016-09-21 03:22:12 --> Could not find the language line "mynt_buy_tmall"
ERROR - 2016-09-21 03:22:12 --> Could not find the language line "mynt_buy_youzan"
ERROR - 2016-09-21 03:22:12 --> Could not find the language line "mynt_buy_jd"
ERROR - 2016-09-21 03:22:12 --> Could not find the language line "mynt_buy_taobao"
ERROR - 2016-09-21 03:22:12 --> Could not find the language line "mynt_buy_tmall"
ERROR - 2016-09-21 03:22:12 --> Could not find the language line "mynt_buy_youzan"
ERROR - 2016-09-21 03:22:12 --> Could not find the language line "mynt_buy_jd"
ERROR - 2016-09-21 03:22:12 --> Session: File 'ci_sessions/ci_session27d3c9a304b2acba35a3a5100f1dc73fe6ccbf24' doesn't exist and cannot be created.
ERROR - 2016-09-21 03:23:40 --> Could not find the language line "mynt_buy_taobao"
ERROR - 2016-09-21 03:23:40 --> Could not find the language line "mynt_buy_tmall"
ERROR - 2016-09-21 03:23:40 --> Could not find the language line "mynt_buy_youzan"
ERROR - 2016-09-21 03:23:40 --> Could not find the language line "mynt_buy_jd"
ERROR - 2016-09-21 03:23:41 --> Could not find the language line "mynt_buy_taobao"
ERROR - 2016-09-21 03:23:41 --> Could not find the language line "mynt_buy_tmall"
ERROR - 2016-09-21 03:23:41 --> Could not find the language line "mynt_buy_youzan"
ERROR - 2016-09-21 03:23:41 --> Could not find the language line "mynt_buy_jd"
ERROR - 2016-09-21 03:23:57 --> Could not find the language line "mynt_buy_taobao"
ERROR - 2016-09-21 03:23:57 --> Could not find the language line "mynt_buy_tmall"
ERROR - 2016-09-21 03:23:57 --> Could not find the language line "mynt_buy_youzan"
ERROR - 2016-09-21 03:23:57 --> Could not find the language line "mynt_buy_jd"
ERROR - 2016-09-21 03:23:58 --> Could not find the language line "mynt_buy_taobao"
ERROR - 2016-09-21 03:23:58 --> Could not find the language line "mynt_buy_tmall"
ERROR - 2016-09-21 03:23:58 --> Could not find the language line "mynt_buy_youzan"
ERROR - 2016-09-21 03:23:58 --> Could not find the language line "mynt_buy_jd"
ERROR - 2016-09-21 03:33:13 --> Could not find the language line "mynt_buy_taobao"
ERROR - 2016-09-21 03:33:13 --> Could not find the language line "mynt_buy_tmall"
ERROR - 2016-09-21 03:33:13 --> Could not find the language line "mynt_buy_youzan"
ERROR - 2016-09-21 03:33:13 --> Could not find the language line "mynt_buy_jd"
ERROR - 2016-09-21 03:33:13 --> Could not find the language line "mynt_icon_taobao"
ERROR - 2016-09-21 03:33:13 --> Could not find the language line "mynt_icon_tmall"
ERROR - 2016-09-21 03:33:13 --> Could not find the language line "mynt_icon_youzan"
ERROR - 2016-09-21 03:33:13 --> Could not find the language line "mynt_icon_jd"
ERROR - 2016-09-21 03:33:13 --> Could not find the language line "mynt_jd_detail"
ERROR - 2016-09-21 03:33:13 --> Could not find the language line "to_buy_wd"
ERROR - 2016-09-21 03:33:13 --> Could not find the language line "slightech_wechat"
ERROR - 2016-09-21 03:33:13 --> Could not find the language line "camera_no_lost"
ERROR - 2016-09-21 03:33:13 --> Could not find the language line "key_no_lost"
ERROR - 2016-09-21 03:33:13 --> Could not find the language line "bag_no_lost"
ERROR - 2016-09-21 03:33:13 --> Could not find the language line "computer_no_lost"
ERROR - 2016-09-21 03:33:13 --> Could not find the language line "pet_no_lost"
ERROR - 2016-09-21 03:33:13 --> Could not find the language line "goal"
ERROR - 2016-09-21 03:33:13 --> Could not find the language line "fund_title"
ERROR - 2016-09-21 03:33:13 --> Could not find the language line "fund_intro"
ERROR - 2016-09-21 03:33:14 --> Could not find the language line "mynt_buy_taobao"
ERROR - 2016-09-21 03:33:14 --> Could not find the language line "mynt_buy_tmall"
ERROR - 2016-09-21 03:33:14 --> Could not find the language line "mynt_buy_youzan"
ERROR - 2016-09-21 03:33:14 --> Could not find the language line "mynt_buy_jd"
ERROR - 2016-09-21 03:33:14 --> Session: File 'ci_sessions/ci_session4afa80455525c1d6ff461f0e772ddf5abb63c6e8' doesn't exist and cannot be created.
ERROR - 2016-09-21 06:43:00 --> Could not find the language line "mynt_buy_taobao"
ERROR - 2016-09-21 06:43:00 --> Could not find the language line "mynt_buy_tmall"
ERROR - 2016-09-21 06:43:00 --> Could not find the language line "mynt_buy_youzan"
ERROR - 2016-09-21 06:43:00 --> Could not find the language line "mynt_buy_jd"
ERROR - 2016-09-21 06:43:00 --> Could not find the language line "mynt_icon_taobao"
ERROR - 2016-09-21 06:43:00 --> Could not find the language line "mynt_icon_tmall"
ERROR - 2016-09-21 06:43:00 --> Could not find the language line "mynt_icon_youzan"
ERROR - 2016-09-21 06:43:00 --> Could not find the language line "mynt_icon_jd"
ERROR - 2016-09-21 06:43:00 --> Could not find the language line "mynt_jd_detail"
ERROR - 2016-09-21 06:43:00 --> Could not find the language line "to_buy_wd"
ERROR - 2016-09-21 06:43:00 --> Could not find the language line "slightech_wechat"
ERROR - 2016-09-21 06:43:00 --> Could not find the language line "camera_no_lost"
ERROR - 2016-09-21 06:43:00 --> Could not find the language line "key_no_lost"
ERROR - 2016-09-21 06:43:00 --> Could not find the language line "bag_no_lost"
ERROR - 2016-09-21 06:43:00 --> Could not find the language line "computer_no_lost"
ERROR - 2016-09-21 06:43:00 --> Could not find the language line "pet_no_lost"
ERROR - 2016-09-21 06:43:00 --> Could not find the language line "goal"
ERROR - 2016-09-21 06:43:00 --> Could not find the language line "fund_title"
ERROR - 2016-09-21 06:43:00 --> Could not find the language line "fund_intro"
ERROR - 2016-09-21 06:43:01 --> Could not find the language line "mynt_buy_taobao"
ERROR - 2016-09-21 06:43:01 --> Could not find the language line "mynt_buy_tmall"
ERROR - 2016-09-21 06:43:01 --> Could not find the language line "mynt_buy_youzan"
ERROR - 2016-09-21 06:43:01 --> Could not find the language line "mynt_buy_jd"
ERROR - 2016-09-21 06:44:59 --> Could not find the language line "mynt_buy_taobao"
ERROR - 2016-09-21 06:44:59 --> Could not find the language line "mynt_buy_tmall"
ERROR - 2016-09-21 06:44:59 --> Could not find the language line "mynt_buy_youzan"
ERROR - 2016-09-21 06:44:59 --> Could not find the language line "mynt_buy_jd"
ERROR - 2016-09-21 06:44:59 --> Could not find the language line "mynt_icon_taobao"
ERROR - 2016-09-21 06:44:59 --> Could not find the language line "mynt_icon_tmall"
ERROR - 2016-09-21 06:44:59 --> Could not find the language line "mynt_icon_youzan"
ERROR - 2016-09-21 06:44:59 --> Could not find the language line "mynt_icon_jd"
ERROR - 2016-09-21 06:44:59 --> Could not find the language line "mynt_jd_detail"
ERROR - 2016-09-21 06:44:59 --> Could not find the language line "to_buy_wd"
ERROR - 2016-09-21 06:44:59 --> Could not find the language line "slightech_wechat"
ERROR - 2016-09-21 06:44:59 --> Could not find the language line "camera_no_lost"
ERROR - 2016-09-21 06:44:59 --> Could not find the language line "key_no_lost"
ERROR - 2016-09-21 06:44:59 --> Could not find the language line "bag_no_lost"
ERROR - 2016-09-21 06:44:59 --> Could not find the language line "computer_no_lost"
ERROR - 2016-09-21 06:44:59 --> Could not find the language line "pet_no_lost"
ERROR - 2016-09-21 06:44:59 --> Could not find the language line "goal"
ERROR - 2016-09-21 06:44:59 --> Could not find the language line "fund_title"
ERROR - 2016-09-21 06:44:59 --> Could not find the language line "fund_intro"
ERROR - 2016-09-21 06:45:00 --> Could not find the language line "mynt_buy_taobao"
ERROR - 2016-09-21 06:45:00 --> Could not find the language line "mynt_buy_tmall"
ERROR - 2016-09-21 06:45:00 --> Could not find the language line "mynt_buy_youzan"
ERROR - 2016-09-21 06:45:00 --> Could not find the language line "mynt_buy_jd"
ERROR - 2016-09-21 06:45:31 --> Could not find the language line "mynt_buy_taobao"
ERROR - 2016-09-21 06:45:31 --> Could not find the language line "mynt_buy_tmall"
ERROR - 2016-09-21 06:45:31 --> Could not find the language line "mynt_buy_youzan"
ERROR - 2016-09-21 06:45:31 --> Could not find the language line "mynt_buy_jd"
ERROR - 2016-09-21 06:45:32 --> Could not find the language line "mynt_buy_taobao"
ERROR - 2016-09-21 06:45:32 --> Could not find the language line "mynt_buy_tmall"
ERROR - 2016-09-21 06:45:32 --> Could not find the language line "mynt_buy_youzan"
ERROR - 2016-09-21 06:45:32 --> Could not find the language line "mynt_buy_jd"
ERROR - 2016-09-21 06:50:17 --> Could not find the language line "mynt_buy_taobao"
ERROR - 2016-09-21 06:50:17 --> Could not find the language line "mynt_buy_tmall"
ERROR - 2016-09-21 06:50:17 --> Could not find the language line "mynt_buy_youzan"
ERROR - 2016-09-21 06:50:17 --> Could not find the language line "mynt_buy_jd"
ERROR - 2016-09-21 07:09:33 --> Could not find the language line "mynt_buy_taobao"
ERROR - 2016-09-21 07:09:33 --> Could not find the language line "mynt_buy_tmall"
ERROR - 2016-09-21 07:09:33 --> Could not find the language line "mynt_buy_youzan"
ERROR - 2016-09-21 07:09:33 --> Could not find the language line "mynt_buy_jd"
ERROR - 2016-09-21 07:09:33 --> Could not find the language line "about_keywords"
ERROR - 2016-09-21 07:09:33 --> Could not find the language line "about_facebook"
ERROR - 2016-09-21 07:09:33 --> Could not find the language line "about_twitter"
ERROR - 2016-09-21 07:09:33 --> Could not find the language line "about_weibo"
ERROR - 2016-09-21 07:09:33 --> Session: File 'ci_sessions/ci_session22b05e33ddfef14a8368f62578439cbb0607524e' doesn't exist and cannot be created.
ERROR - 2016-09-21 07:09:34 --> Could not find the language line "mynt_buy_taobao"
ERROR - 2016-09-21 07:09:34 --> Could not find the language line "mynt_buy_tmall"
ERROR - 2016-09-21 07:09:34 --> Could not find the language line "mynt_buy_youzan"
ERROR - 2016-09-21 07:09:34 --> Could not find the language line "mynt_buy_jd"
ERROR - 2016-09-21 08:41:21 --> Could not find the language line "mynt_buy_taobao"
ERROR - 2016-09-21 08:41:21 --> Could not find the language line "mynt_buy_tmall"
ERROR - 2016-09-21 08:41:21 --> Could not find the language line "mynt_buy_youzan"
ERROR - 2016-09-21 08:41:21 --> Could not find the language line "mynt_buy_jd"
ERROR - 2016-09-21 08:41:21 --> Could not find the language line "about_keywords"
ERROR - 2016-09-21 08:41:21 --> Could not find the language line "about_facebook"
ERROR - 2016-09-21 08:41:21 --> Could not find the language line "about_twitter"
ERROR - 2016-09-21 08:41:21 --> Could not find the language line "about_weibo"
ERROR - 2016-09-21 08:41:22 --> Could not find the language line "mynt_buy_taobao"
ERROR - 2016-09-21 08:41:22 --> Could not find the language line "mynt_buy_tmall"
ERROR - 2016-09-21 08:41:22 --> Could not find the language line "mynt_buy_youzan"
ERROR - 2016-09-21 08:41:22 --> Could not find the language line "mynt_buy_jd"
ERROR - 2016-09-21 08:41:25 --> Could not find the language line "mynt_buy_taobao"
ERROR - 2016-09-21 08:41:25 --> Could not find the language line "mynt_buy_tmall"
ERROR - 2016-09-21 08:41:25 --> Could not find the language line "mynt_buy_youzan"
ERROR - 2016-09-21 08:41:25 --> Could not find the language line "mynt_buy_jd"
ERROR - 2016-09-21 08:41:25 --> Could not find the language line "mynt_buy_taobao"
ERROR - 2016-09-21 08:41:25 --> Could not find the language line "mynt_buy_tmall"
ERROR - 2016-09-21 08:41:25 --> Could not find the language line "mynt_buy_youzan"
ERROR - 2016-09-21 08:41:25 --> Could not find the language line "mynt_buy_jd"
ERROR - 2016-09-21 08:41:33 --> Could not find the language line "mynt_buy_taobao"
ERROR - 2016-09-21 08:41:33 --> Could not find the language line "mynt_buy_tmall"
ERROR - 2016-09-21 08:41:33 --> Could not find the language line "mynt_buy_youzan"
ERROR - 2016-09-21 08:41:33 --> Could not find the language line "mynt_buy_jd"
ERROR - 2016-09-21 08:41:33 --> Could not find the language line "mynt_buy_taobao"
ERROR - 2016-09-21 08:41:33 --> Could not find the language line "mynt_buy_tmall"
ERROR - 2016-09-21 08:41:33 --> Could not find the language line "mynt_buy_youzan"
ERROR - 2016-09-21 08:41:33 --> Could not find the language line "mynt_buy_jd"
ERROR - 2016-09-21 08:51:06 --> Could not find the language line "mynt_buy_taobao"
ERROR - 2016-09-21 08:51:06 --> Could not find the language line "mynt_buy_tmall"
ERROR - 2016-09-21 08:51:06 --> Could not find the language line "mynt_buy_youzan"
ERROR - 2016-09-21 08:51:06 --> Could not find the language line "mynt_buy_jd"
ERROR - 2016-09-21 08:51:07 --> Could not find the language line "mynt_buy_taobao"
ERROR - 2016-09-21 08:51:07 --> Could not find the language line "mynt_buy_tmall"
ERROR - 2016-09-21 08:51:07 --> Could not find the language line "mynt_buy_youzan"
ERROR - 2016-09-21 08:51:07 --> Could not find the language line "mynt_buy_jd"
ERROR - 2016-09-21 08:51:07 --> Session: File 'ci_sessions/ci_session321d0a93f296212a10a9955cde965f742d773d4a' doesn't exist and cannot be created.
ERROR - 2016-09-21 08:51:09 --> Could not find the language line "mynt_buy_taobao"
ERROR - 2016-09-21 08:51:09 --> Could not find the language line "mynt_buy_tmall"
ERROR - 2016-09-21 08:51:09 --> Could not find the language line "mynt_buy_youzan"
ERROR - 2016-09-21 08:51:09 --> Could not find the language line "mynt_buy_jd"
ERROR - 2016-09-21 08:51:09 --> Could not find the language line "home_cloud_title"
ERROR - 2016-09-21 08:51:09 --> Could not find the language line "home_cloud_intro"
ERROR - 2016-09-21 08:51:09 --> Could not find the language line "mynt_icon_taobao"
ERROR - 2016-09-21 08:51:09 --> Could not find the language line "mynt_icon_tmall"
ERROR - 2016-09-21 08:51:09 --> Could not find the language line "mynt_icon_youzan"
ERROR - 2016-09-21 08:51:09 --> Could not find the language line "mynt_buy_taobao"
ERROR - 2016-09-21 08:51:09 --> Could not find the language line "mynt_buy_tmall"
ERROR - 2016-09-21 08:51:09 --> Could not find the language line "mynt_buy_youzan"
ERROR - 2016-09-21 08:51:09 --> Could not find the language line "mynt_buy_jd"
ERROR - 2016-09-21 08:52:02 --> Could not find the language line "mynt_buy_taobao"
ERROR - 2016-09-21 08:52:02 --> Could not find the language line "mynt_buy_tmall"
ERROR - 2016-09-21 08:52:02 --> Could not find the language line "mynt_buy_youzan"
ERROR - 2016-09-21 08:52:02 --> Could not find the language line "mynt_buy_jd"
ERROR - 2016-09-21 09:04:08 --> Could not find the language line "mynt_buy_taobao"
ERROR - 2016-09-21 09:04:08 --> Could not find the language line "mynt_buy_tmall"
ERROR - 2016-09-21 09:04:08 --> Could not find the language line "mynt_buy_youzan"
ERROR - 2016-09-21 09:04:08 --> Could not find the language line "mynt_buy_jd"
ERROR - 2016-09-21 09:04:08 --> Session: File 'ci_sessions/ci_session3480509002e87e63a21dac33c63d3b131e4345e9' doesn't exist and cannot be created.
ERROR - 2016-09-21 09:04:09 --> Could not find the language line "mynt_buy_taobao"
ERROR - 2016-09-21 09:04:09 --> Could not find the language line "mynt_buy_tmall"
ERROR - 2016-09-21 09:04:09 --> Could not find the language line "mynt_buy_youzan"
ERROR - 2016-09-21 09:04:09 --> Could not find the language line "mynt_buy_jd"
ERROR - 2016-09-21 09:04:27 --> Could not find the language line "mynt_buy_taobao"
ERROR - 2016-09-21 09:04:27 --> Could not find the language line "mynt_buy_tmall"
ERROR - 2016-09-21 09:04:27 --> Could not find the language line "mynt_buy_youzan"
ERROR - 2016-09-21 09:04:27 --> Could not find the language line "mynt_buy_jd"
ERROR - 2016-09-21 09:04:28 --> Could not find the language line "mynt_buy_taobao"
ERROR - 2016-09-21 09:04:28 --> Could not find the language line "mynt_buy_tmall"
ERROR - 2016-09-21 09:04:28 --> Could not find the language line "mynt_buy_youzan"
ERROR - 2016-09-21 09:04:28 --> Could not find the language line "mynt_buy_jd"
ERROR - 2016-09-21 09:15:45 --> Could not find the language line "mynt_buy_taobao"
ERROR - 2016-09-21 09:15:45 --> Could not find the language line "mynt_buy_tmall"
ERROR - 2016-09-21 09:15:45 --> Could not find the language line "mynt_buy_youzan"
ERROR - 2016-09-21 09:15:45 --> Could not find the language line "mynt_buy_jd"
ERROR - 2016-09-21 09:15:46 --> Could not find the language line "mynt_buy_taobao"
ERROR - 2016-09-21 09:15:46 --> Could not find the language line "mynt_buy_tmall"
ERROR - 2016-09-21 09:15:46 --> Could not find the language line "mynt_buy_youzan"
ERROR - 2016-09-21 09:15:46 --> Could not find the language line "mynt_buy_jd"
ERROR - 2016-09-21 09:15:46 --> Session: File 'ci_sessions/ci_sessionaa0204193c44f7cdd22593bcbae5f0b261f088ac' doesn't exist and cannot be created.
ERROR - 2016-09-21 09:16:05 --> Could not find the language line "mynt_buy_taobao"
ERROR - 2016-09-21 09:16:05 --> Could not find the language line "mynt_buy_tmall"
ERROR - 2016-09-21 09:16:05 --> Could not find the language line "mynt_buy_youzan"
ERROR - 2016-09-21 09:16:05 --> Could not find the language line "mynt_buy_jd"
ERROR - 2016-09-21 09:16:05 --> Could not find the language line "mynt_buy_taobao"
ERROR - 2016-09-21 09:16:05 --> Could not find the language line "mynt_buy_tmall"
ERROR - 2016-09-21 09:16:05 --> Could not find the language line "mynt_buy_youzan"
ERROR - 2016-09-21 09:16:05 --> Could not find the language line "mynt_buy_jd"
ERROR - 2016-09-21 09:16:16 --> Could not find the language line "mynt_buy_taobao"
ERROR - 2016-09-21 09:16:16 --> Could not find the language line "mynt_buy_tmall"
ERROR - 2016-09-21 09:16:16 --> Could not find the language line "mynt_buy_youzan"
ERROR - 2016-09-21 09:16:16 --> Could not find the language line "mynt_buy_jd"
ERROR - 2016-09-21 09:16:19 --> Could not find the language line "home_cloud_title"
ERROR - 2016-09-21 09:16:19 --> Could not find the language line "home_cloud_intro"
ERROR - 2016-09-21 09:16:19 --> Could not find the language line "mynt_buy_taobao"
ERROR - 2016-09-21 09:16:19 --> Could not find the language line "mynt_buy_tmall"
ERROR - 2016-09-21 09:16:19 --> Could not find the language line "mynt_buy_youzan"
ERROR - 2016-09-21 09:16:19 --> Could not find the language line "mynt_buy_jd"
ERROR - 2016-09-21 09:16:23 --> Could not find the language line "mynt_buy_taobao"
ERROR - 2016-09-21 09:16:23 --> Could not find the language line "mynt_buy_tmall"
ERROR - 2016-09-21 09:16:23 --> Could not find the language line "mynt_buy_youzan"
ERROR - 2016-09-21 09:16:23 --> Could not find the language line "mynt_buy_jd"
ERROR - 2016-09-21 09:16:23 --> Could not find the language line "home_cloud_title"
ERROR - 2016-09-21 09:16:23 --> Could not find the language line "home_cloud_intro"
ERROR - 2016-09-21 09:16:23 --> Could not find the language line "mynt_icon_taobao"
ERROR - 2016-09-21 09:16:23 --> Could not find the language line "mynt_icon_tmall"
ERROR - 2016-09-21 09:16:23 --> Could not find the language line "mynt_icon_youzan"
ERROR - 2016-09-21 09:16:23 --> Could not find the language line "mynt_buy_taobao"
ERROR - 2016-09-21 09:16:23 --> Could not find the language line "mynt_buy_tmall"
ERROR - 2016-09-21 09:16:23 --> Could not find the language line "mynt_buy_youzan"
ERROR - 2016-09-21 09:16:23 --> Could not find the language line "mynt_buy_jd"
ERROR - 2016-09-21 09:16:27 --> Could not find the language line "mynt_buy_taobao"
ERROR - 2016-09-21 09:16:27 --> Could not find the language line "mynt_buy_tmall"
ERROR - 2016-09-21 09:16:27 --> Could not find the language line "mynt_buy_youzan"
ERROR - 2016-09-21 09:16:27 --> Could not find the language line "mynt_buy_jd"
ERROR - 2016-09-21 09:16:30 --> Could not find the language line "mynt_buy_taobao"
ERROR - 2016-09-21 09:16:30 --> Could not find the language line "mynt_buy_tmall"
ERROR - 2016-09-21 09:16:30 --> Could not find the language line "mynt_buy_youzan"
ERROR - 2016-09-21 09:16:30 --> Could not find the language line "mynt_buy_jd"
ERROR - 2016-09-21 09:16:30 --> Could not find the language line "mynt_buy_taobao"
ERROR - 2016-09-21 09:16:30 --> Could not find the language line "mynt_buy_tmall"
ERROR - 2016-09-21 09:16:30 --> Could not find the language line "mynt_buy_youzan"
ERROR - 2016-09-21 09:16:30 --> Could not find the language line "mynt_buy_jd"
ERROR - 2016-09-21 09:16:30 --> Could not find the language line "mynt_buy_taobao"
ERROR - 2016-09-21 09:16:30 --> Could not find the language line "mynt_buy_tmall"
ERROR - 2016-09-21 09:16:30 --> Could not find the language line "mynt_buy_youzan"
ERROR - 2016-09-21 09:16:30 --> Could not find the language line "mynt_buy_jd"
ERROR - 2016-09-21 09:17:17 --> Could not find the language line "mynt_buy_taobao"
ERROR - 2016-09-21 09:17:17 --> Could not find the language line "mynt_buy_tmall"
ERROR - 2016-09-21 09:17:17 --> Could not find the language line "mynt_buy_youzan"
ERROR - 2016-09-21 09:17:17 --> Could not find the language line "mynt_buy_jd"
ERROR - 2016-09-21 09:17:17 --> Could not find the language line "home_cloud_title"
ERROR - 2016-09-21 09:17:17 --> Could not find the language line "home_cloud_intro"
ERROR - 2016-09-21 09:17:17 --> Could not find the language line "mynt_icon_taobao"
ERROR - 2016-09-21 09:17:17 --> Could not find the language line "mynt_icon_tmall"
ERROR - 2016-09-21 09:17:17 --> Could not find the language line "mynt_icon_youzan"
ERROR - 2016-09-21 09:17:17 --> Could not find the language line "mynt_buy_taobao"
ERROR - 2016-09-21 09:17:17 --> Could not find the language line "mynt_buy_tmall"
ERROR - 2016-09-21 09:17:17 --> Could not find the language line "mynt_buy_youzan"
ERROR - 2016-09-21 09:17:17 --> Could not find the language line "mynt_buy_jd"
ERROR - 2016-09-21 09:17:27 --> Could not find the language line "mynt_buy_taobao"
ERROR - 2016-09-21 09:17:27 --> Could not find the language line "mynt_buy_tmall"
ERROR - 2016-09-21 09:17:27 --> Could not find the language line "mynt_buy_youzan"
ERROR - 2016-09-21 09:17:27 --> Could not find the language line "mynt_buy_jd"
ERROR - 2016-09-21 09:20:33 --> Could not find the language line "mynt_buy_taobao"
ERROR - 2016-09-21 09:20:33 --> Could not find the language line "mynt_buy_tmall"
ERROR - 2016-09-21 09:20:33 --> Could not find the language line "mynt_buy_youzan"
ERROR - 2016-09-21 09:20:33 --> Could not find the language line "mynt_buy_jd"
ERROR - 2016-09-21 09:20:33 --> Could not find the language line "home_cloud_title"
ERROR - 2016-09-21 09:20:33 --> Could not find the language line "home_cloud_intro"
ERROR - 2016-09-21 09:20:33 --> Could not find the language line "mynt_icon_taobao"
ERROR - 2016-09-21 09:20:33 --> Could not find the language line "mynt_icon_tmall"
ERROR - 2016-09-21 09:20:33 --> Could not find the language line "mynt_icon_youzan"
ERROR - 2016-09-21 09:20:34 --> Could not find the language line "mynt_buy_taobao"
ERROR - 2016-09-21 09:20:34 --> Could not find the language line "mynt_buy_tmall"
ERROR - 2016-09-21 09:20:34 --> Could not find the language line "mynt_buy_youzan"
ERROR - 2016-09-21 09:20:34 --> Could not find the language line "mynt_buy_jd"
ERROR - 2016-09-21 09:20:40 --> Could not find the language line "mynt_buy_taobao"
ERROR - 2016-09-21 09:20:40 --> Could not find the language line "mynt_buy_tmall"
ERROR - 2016-09-21 09:20:40 --> Could not find the language line "mynt_buy_youzan"
ERROR - 2016-09-21 09:20:40 --> Could not find the language line "mynt_buy_jd"
ERROR - 2016-09-21 09:20:40 --> Could not find the language line "home_cloud_title"
ERROR - 2016-09-21 09:20:40 --> Could not find the language line "home_cloud_intro"
ERROR - 2016-09-21 09:20:40 --> Could not find the language line "mynt_icon_taobao"
ERROR - 2016-09-21 09:20:40 --> Could not find the language line "mynt_icon_tmall"
ERROR - 2016-09-21 09:20:40 --> Could not find the language line "mynt_icon_youzan"
ERROR - 2016-09-21 09:20:41 --> Could not find the language line "mynt_buy_taobao"
ERROR - 2016-09-21 09:20:41 --> Could not find the language line "mynt_buy_tmall"
ERROR - 2016-09-21 09:20:41 --> Could not find the language line "mynt_buy_youzan"
ERROR - 2016-09-21 09:20:41 --> Could not find the language line "mynt_buy_jd"
ERROR - 2016-09-21 09:26:09 --> Could not find the language line "mynt_buy_taobao"
ERROR - 2016-09-21 09:26:09 --> Could not find the language line "mynt_buy_tmall"
ERROR - 2016-09-21 09:26:09 --> Could not find the language line "mynt_buy_youzan"
ERROR - 2016-09-21 09:26:09 --> Could not find the language line "mynt_buy_jd"
ERROR - 2016-09-21 09:26:09 --> Could not find the language line "home_cloud_title"
ERROR - 2016-09-21 09:26:09 --> Could not find the language line "home_cloud_intro"
ERROR - 2016-09-21 09:26:09 --> Could not find the language line "mynt_icon_taobao"
ERROR - 2016-09-21 09:26:09 --> Could not find the language line "mynt_icon_tmall"
ERROR - 2016-09-21 09:26:09 --> Could not find the language line "mynt_icon_youzan"
ERROR - 2016-09-21 09:26:10 --> Could not find the language line "mynt_buy_taobao"
ERROR - 2016-09-21 09:26:10 --> Could not find the language line "mynt_buy_tmall"
ERROR - 2016-09-21 09:26:10 --> Could not find the language line "mynt_buy_youzan"
ERROR - 2016-09-21 09:26:10 --> Could not find the language line "mynt_buy_jd"
ERROR - 2016-09-21 09:26:24 --> Could not find the language line "mynt_buy_taobao"
ERROR - 2016-09-21 09:26:24 --> Could not find the language line "mynt_buy_tmall"
ERROR - 2016-09-21 09:26:24 --> Could not find the language line "mynt_buy_youzan"
ERROR - 2016-09-21 09:26:24 --> Could not find the language line "mynt_buy_jd"
ERROR - 2016-09-21 09:26:24 --> Could not find the language line "home_cloud_title"
ERROR - 2016-09-21 09:26:24 --> Could not find the language line "home_cloud_intro"
ERROR - 2016-09-21 09:26:24 --> Could not find the language line "mynt_icon_taobao"
ERROR - 2016-09-21 09:26:24 --> Could not find the language line "mynt_icon_tmall"
ERROR - 2016-09-21 09:26:24 --> Could not find the language line "mynt_icon_youzan"
ERROR - 2016-09-21 09:26:25 --> Could not find the language line "mynt_buy_taobao"
ERROR - 2016-09-21 09:26:25 --> Could not find the language line "mynt_buy_tmall"
ERROR - 2016-09-21 09:26:25 --> Could not find the language line "mynt_buy_youzan"
ERROR - 2016-09-21 09:26:25 --> Could not find the language line "mynt_buy_jd"
ERROR - 2016-09-21 09:27:08 --> Could not find the language line "mynt_buy_taobao"
ERROR - 2016-09-21 09:27:08 --> Could not find the language line "mynt_buy_tmall"
ERROR - 2016-09-21 09:27:08 --> Could not find the language line "mynt_buy_youzan"
ERROR - 2016-09-21 09:27:08 --> Could not find the language line "mynt_buy_jd"
ERROR - 2016-09-21 09:27:55 --> Could not find the language line "mynt_buy_taobao"
ERROR - 2016-09-21 09:27:55 --> Could not find the language line "mynt_buy_tmall"
ERROR - 2016-09-21 09:27:55 --> Could not find the language line "mynt_buy_youzan"
ERROR - 2016-09-21 09:27:55 --> Could not find the language line "mynt_buy_jd"
ERROR - 2016-09-21 09:28:43 --> Could not find the language line "mynt_buy_taobao"
ERROR - 2016-09-21 09:28:43 --> Could not find the language line "mynt_buy_tmall"
ERROR - 2016-09-21 09:28:43 --> Could not find the language line "mynt_buy_youzan"
ERROR - 2016-09-21 09:28:43 --> Could not find the language line "mynt_buy_jd"
ERROR - 2016-09-21 09:28:43 --> Could not find the language line "home_cloud_title"
ERROR - 2016-09-21 09:28:43 --> Could not find the language line "home_cloud_intro"
ERROR - 2016-09-21 09:28:43 --> Could not find the language line "mynt_icon_taobao"
ERROR - 2016-09-21 09:28:43 --> Could not find the language line "mynt_icon_tmall"
ERROR - 2016-09-21 09:28:43 --> Could not find the language line "mynt_icon_youzan"
ERROR - 2016-09-21 09:28:43 --> Could not find the language line "mynt_buy_taobao"
ERROR - 2016-09-21 09:28:43 --> Could not find the language line "mynt_buy_tmall"
ERROR - 2016-09-21 09:28:43 --> Could not find the language line "mynt_buy_youzan"
ERROR - 2016-09-21 09:28:43 --> Could not find the language line "mynt_buy_jd"
ERROR - 2016-09-21 09:33:07 --> Could not find the language line "mynt_buy_taobao"
ERROR - 2016-09-21 09:33:07 --> Could not find the language line "mynt_buy_tmall"
ERROR - 2016-09-21 09:33:07 --> Could not find the language line "mynt_buy_youzan"
ERROR - 2016-09-21 09:33:07 --> Could not find the language line "mynt_buy_jd"
ERROR - 2016-09-21 09:33:07 --> Could not find the language line "home_cloud_title"
ERROR - 2016-09-21 09:33:07 --> Could not find the language line "home_cloud_intro"
ERROR - 2016-09-21 09:33:07 --> Could not find the language line "mynt_icon_taobao"
ERROR - 2016-09-21 09:33:07 --> Could not find the language line "mynt_icon_tmall"
ERROR - 2016-09-21 09:33:07 --> Could not find the language line "mynt_icon_youzan"
ERROR - 2016-09-21 09:33:07 --> Session: File 'ci_sessions/ci_session128ff0a2d23c92ba9c494ab6bb568bdd90fb3c49' doesn't exist and cannot be created.
ERROR - 2016-09-21 09:33:08 --> Could not find the language line "mynt_buy_taobao"
ERROR - 2016-09-21 09:33:08 --> Could not find the language line "mynt_buy_tmall"
ERROR - 2016-09-21 09:33:08 --> Could not find the language line "mynt_buy_youzan"
ERROR - 2016-09-21 09:33:08 --> Could not find the language line "mynt_buy_jd"
ERROR - 2016-09-21 09:36:33 --> Could not find the language line "mynt_buy_taobao"
ERROR - 2016-09-21 09:36:33 --> Could not find the language line "mynt_buy_tmall"
ERROR - 2016-09-21 09:36:33 --> Could not find the language line "mynt_buy_youzan"
ERROR - 2016-09-21 09:36:33 --> Could not find the language line "mynt_buy_jd"
ERROR - 2016-09-21 09:36:33 --> Could not find the language line "home_cloud_title"
ERROR - 2016-09-21 09:36:33 --> Could not find the language line "home_cloud_intro"
ERROR - 2016-09-21 09:36:33 --> Could not find the language line "mynt_icon_taobao"
ERROR - 2016-09-21 09:36:33 --> Could not find the language line "mynt_icon_tmall"
ERROR - 2016-09-21 09:36:33 --> Could not find the language line "mynt_icon_youzan"
ERROR - 2016-09-21 09:36:34 --> Could not find the language line "mynt_buy_taobao"
ERROR - 2016-09-21 09:36:34 --> Could not find the language line "mynt_buy_tmall"
ERROR - 2016-09-21 09:36:34 --> Could not find the language line "mynt_buy_youzan"
ERROR - 2016-09-21 09:36:34 --> Could not find the language line "mynt_buy_jd"
ERROR - 2016-09-21 09:36:36 --> Could not find the language line "mynt_buy_taobao"
ERROR - 2016-09-21 09:36:36 --> Could not find the language line "mynt_buy_tmall"
ERROR - 2016-09-21 09:36:36 --> Could not find the language line "mynt_buy_youzan"
ERROR - 2016-09-21 09:36:36 --> Could not find the language line "mynt_buy_jd"
ERROR - 2016-09-21 09:36:36 --> Could not find the language line "home_cloud_title"
ERROR - 2016-09-21 09:36:36 --> Could not find the language line "home_cloud_intro"
ERROR - 2016-09-21 09:36:36 --> Could not find the language line "mynt_icon_taobao"
ERROR - 2016-09-21 09:36:36 --> Could not find the language line "mynt_icon_tmall"
ERROR - 2016-09-21 09:36:36 --> Could not find the language line "mynt_icon_youzan"
ERROR - 2016-09-21 09:36:36 --> Could not find the language line "mynt_buy_taobao"
ERROR - 2016-09-21 09:36:36 --> Could not find the language line "mynt_buy_tmall"
ERROR - 2016-09-21 09:36:36 --> Could not find the language line "mynt_buy_youzan"
ERROR - 2016-09-21 09:36:36 --> Could not find the language line "mynt_buy_jd"
