ERROR - 2017-08-29 02:55:22 --> Could not find the language line "mynt_buy_amazon"
ERROR - 2017-08-29 02:55:22 --> Could not find the language line "home_slife_title"
ERROR - 2017-08-29 02:55:22 --> Could not find the language line "mynt_icon_buy"
ERROR - 2017-08-29 03:02:22 --> Could not find the language line "mynt_buy_amazon"
ERROR - 2017-08-29 03:02:22 --> Could not find the language line "about_keywords"
ERROR - 2017-08-29 03:11:27 --> Could not find the language line "mynt_buy_amazon"
ERROR - 2017-08-29 03:16:05 --> Could not find the language line "mynt_buy_amazon"
ERROR - 2017-08-29 03:16:05 --> Could not find the language line "about_keywords"
ERROR - 2017-08-29 03:16:05 --> Could not find the language line "about_company"
ERROR - 2017-08-29 03:43:05 --> Could not find the language line "mynt_buy_amazon"
ERROR - 2017-08-29 03:43:05 --> Could not find the language line "about_keywords"
ERROR - 2017-08-29 03:43:05 --> Could not find the language line "about_company"
ERROR - 2017-08-29 03:44:00 --> Could not find the language line "mynt_buy_amazon"
ERROR - 2017-08-29 03:44:00 --> Could not find the language line "about_keywords"
ERROR - 2017-08-29 03:44:00 --> Could not find the language line "about_company"
ERROR - 2017-08-29 05:49:29 --> Could not find the language line "mynt_buy_amazon"
ERROR - 2017-08-29 05:49:29 --> Could not find the language line "about_keywords"
ERROR - 2017-08-29 05:49:29 --> Could not find the language line "about_company"
ERROR - 2017-08-29 06:03:53 --> Could not find the language line "mynt_buy_amazon"
ERROR - 2017-08-29 06:03:53 --> Could not find the language line "about_keywords"
ERROR - 2017-08-29 06:03:53 --> Could not find the language line "about_company"
ERROR - 2017-08-29 06:03:58 --> Could not find the language line "mynt_buy_amazon"
ERROR - 2017-08-29 06:03:58 --> Could not find the language line "about_keywords"
ERROR - 2017-08-29 06:03:58 --> Could not find the language line "about_company"
ERROR - 2017-08-29 06:03:58 --> Could not find the language line "mynt_buy_amazon"
ERROR - 2017-08-29 06:03:58 --> Could not find the language line "about_keywords"
ERROR - 2017-08-29 06:03:58 --> Could not find the language line "about_company"
ERROR - 2017-08-29 06:04:02 --> Could not find the language line "mynt_buy_amazon"
ERROR - 2017-08-29 06:04:02 --> Could not find the language line "about_keywords"
ERROR - 2017-08-29 06:04:02 --> Could not find the language line "about_company"
ERROR - 2017-08-29 08:05:54 --> Could not find the language line "mynt_buy_amazon"
ERROR - 2017-08-29 08:05:54 --> Could not find the language line "about_keywords"
ERROR - 2017-08-29 08:05:54 --> Could not find the language line "about_company"
ERROR - 2017-08-29 08:07:39 --> Could not find the language line "mynt_buy_amazon"
ERROR - 2017-08-29 08:07:39 --> Could not find the language line "about_keywords"
ERROR - 2017-08-29 08:07:39 --> Could not find the language line "about_company"
ERROR - 2017-08-29 08:08:00 --> Could not find the language line "mynt_buy_amazon"
ERROR - 2017-08-29 08:08:00 --> Could not find the language line "about_keywords"
ERROR - 2017-08-29 08:08:00 --> Could not find the language line "about_company"
ERROR - 2017-08-29 08:22:19 --> Could not find the language line "mynt_buy_amazon"
ERROR - 2017-08-29 08:22:19 --> Could not find the language line "about_keywords"
ERROR - 2017-08-29 08:22:19 --> Could not find the language line "about_company"
ERROR - 2017-08-29 08:22:23 --> Could not find the language line "mynt_buy_amazon"
ERROR - 2017-08-29 08:22:23 --> Could not find the language line "about_keywords"
ERROR - 2017-08-29 08:22:23 --> Could not find the language line "about_company"
ERROR - 2017-08-29 08:22:24 --> Could not find the language line "mynt_buy_amazon"
ERROR - 2017-08-29 08:22:24 --> Could not find the language line "about_keywords"
ERROR - 2017-08-29 08:22:24 --> Could not find the language line "about_company"
ERROR - 2017-08-29 08:22:24 --> Could not find the language line "mynt_buy_amazon"
ERROR - 2017-08-29 08:22:24 --> Could not find the language line "about_keywords"
ERROR - 2017-08-29 08:22:24 --> Could not find the language line "about_company"
ERROR - 2017-08-29 08:22:25 --> Could not find the language line "mynt_buy_amazon"
ERROR - 2017-08-29 08:22:25 --> Could not find the language line "about_keywords"
ERROR - 2017-08-29 08:22:25 --> Could not find the language line "about_company"
ERROR - 2017-08-29 08:22:25 --> Could not find the language line "mynt_buy_amazon"
ERROR - 2017-08-29 08:22:25 --> Could not find the language line "about_keywords"
ERROR - 2017-08-29 08:22:25 --> Could not find the language line "about_company"
ERROR - 2017-08-29 08:22:25 --> Could not find the language line "mynt_buy_amazon"
ERROR - 2017-08-29 08:22:25 --> Could not find the language line "about_keywords"
ERROR - 2017-08-29 08:22:25 --> Could not find the language line "about_company"
ERROR - 2017-08-29 08:22:25 --> Could not find the language line "mynt_buy_amazon"
ERROR - 2017-08-29 08:22:25 --> Could not find the language line "about_keywords"
ERROR - 2017-08-29 08:22:25 --> Could not find the language line "about_company"
ERROR - 2017-08-29 08:24:07 --> Could not find the language line "mynt_buy_amazon"
ERROR - 2017-08-29 08:24:07 --> Could not find the language line "about_keywords"
ERROR - 2017-08-29 08:24:07 --> Could not find the language line "about_company"
ERROR - 2017-08-29 08:24:26 --> Could not find the language line "mynt_buy_amazon"
ERROR - 2017-08-29 08:24:26 --> Could not find the language line "about_keywords"
ERROR - 2017-08-29 08:24:26 --> Could not find the language line "about_company"
ERROR - 2017-08-29 08:24:48 --> Could not find the language line "mynt_buy_amazon"
ERROR - 2017-08-29 08:24:48 --> Could not find the language line "about_keywords"
ERROR - 2017-08-29 08:24:48 --> Could not find the language line "about_company"
ERROR - 2017-08-29 08:25:01 --> Could not find the language line "mynt_buy_amazon"
ERROR - 2017-08-29 08:25:01 --> Could not find the language line "about_keywords"
ERROR - 2017-08-29 08:25:01 --> Could not find the language line "about_company"
ERROR - 2017-08-29 08:27:01 --> Could not find the language line "mynt_buy_amazon"
ERROR - 2017-08-29 08:27:01 --> Could not find the language line "about_keywords"
ERROR - 2017-08-29 08:27:01 --> Could not find the language line "about_company"
ERROR - 2017-08-29 08:30:53 --> Could not find the language line "mynt_buy_amazon"
ERROR - 2017-08-29 08:30:53 --> Could not find the language line "about_keywords"
ERROR - 2017-08-29 08:30:53 --> Could not find the language line "about_company"
ERROR - 2017-08-29 08:30:54 --> Could not find the language line "mynt_buy_amazon"
ERROR - 2017-08-29 08:30:54 --> Could not find the language line "about_keywords"
ERROR - 2017-08-29 08:30:54 --> Could not find the language line "about_company"
ERROR - 2017-08-29 08:32:55 --> Could not find the language line "mynt_buy_amazon"
ERROR - 2017-08-29 08:32:55 --> Could not find the language line "about_keywords"
ERROR - 2017-08-29 08:32:55 --> Could not find the language line "about_company"
ERROR - 2017-08-29 08:33:35 --> Could not find the language line "mynt_buy_amazon"
ERROR - 2017-08-29 08:33:35 --> Could not find the language line "about_keywords"
ERROR - 2017-08-29 08:33:35 --> Could not find the language line "about_company"
ERROR - 2017-08-29 08:34:53 --> Could not find the language line "mynt_buy_amazon"
ERROR - 2017-08-29 08:34:53 --> Could not find the language line "about_keywords"
ERROR - 2017-08-29 08:34:53 --> Could not find the language line "about_company"
ERROR - 2017-08-29 08:36:02 --> Could not find the language line "mynt_buy_amazon"
ERROR - 2017-08-29 08:36:02 --> Could not find the language line "about_keywords"
ERROR - 2017-08-29 08:36:02 --> Could not find the language line "about_company"
ERROR - 2017-08-29 08:37:08 --> Could not find the language line "mynt_buy_amazon"
ERROR - 2017-08-29 08:37:08 --> Could not find the language line "about_keywords"
ERROR - 2017-08-29 08:37:08 --> Could not find the language line "about_company"
ERROR - 2017-08-29 08:37:40 --> Could not find the language line "mynt_buy_amazon"
ERROR - 2017-08-29 08:37:44 --> Could not find the language line "mynt_buy_amazon"
ERROR - 2017-08-29 08:37:44 --> Could not find the language line "about_keywords"
ERROR - 2017-08-29 08:37:45 --> Could not find the language line "mynt_buy_amazon"
ERROR - 2017-08-29 08:37:45 --> Could not find the language line "about_keywords"
ERROR - 2017-08-29 08:37:51 --> Could not find the language line "mynt_buy_amazon"
ERROR - 2017-08-29 08:37:51 --> Could not find the language line "home_slife_title"
ERROR - 2017-08-29 08:37:51 --> Could not find the language line "mynt_icon_buy"
ERROR - 2017-08-29 08:38:50 --> Could not find the language line "mynt_buy_amazon"
ERROR - 2017-08-29 08:38:56 --> Could not find the language line "mynt_buy_amazon"
ERROR - 2017-08-29 08:41:08 --> Could not find the language line "mynt_buy_amazon"
ERROR - 2017-08-29 08:45:52 --> Could not find the language line "mynt_buy_amazon"
ERROR - 2017-08-29 08:47:00 --> Could not find the language line "mynt_buy_amazon"
ERROR - 2017-08-29 08:47:15 --> Could not find the language line "mynt_buy_amazon"
ERROR - 2017-08-29 08:47:38 --> Could not find the language line "mynt_buy_amazon"
ERROR - 2017-08-29 08:48:06 --> Could not find the language line "mynt_buy_amazon"
ERROR - 2017-08-29 08:48:17 --> Could not find the language line "mynt_buy_amazon"
ERROR - 2017-08-29 08:48:35 --> Could not find the language line "mynt_buy_amazon"
ERROR - 2017-08-29 08:48:56 --> Could not find the language line "mynt_buy_amazon"
ERROR - 2017-08-29 08:51:43 --> Could not find the language line "mynt_buy_amazon"
ERROR - 2017-08-29 08:51:44 --> Could not find the language line "mynt_buy_amazon"
ERROR - 2017-08-29 08:51:44 --> Could not find the language line "mynt_buy_amazon"
ERROR - 2017-08-29 08:51:44 --> Could not find the language line "mynt_buy_amazon"
ERROR - 2017-08-29 08:54:24 --> Could not find the language line "mynt_buy_amazon"
ERROR - 2017-08-29 08:57:43 --> Could not find the language line "mynt_buy_amazon"
ERROR - 2017-08-29 08:58:05 --> Could not find the language line "mynt_buy_amazon"
ERROR - 2017-08-29 08:58:43 --> Could not find the language line "mynt_buy_amazon"
ERROR - 2017-08-29 08:59:03 --> Could not find the language line "mynt_buy_amazon"
ERROR - 2017-08-29 08:59:15 --> Could not find the language line "mynt_buy_amazon"
ERROR - 2017-08-29 08:59:54 --> Could not find the language line "mynt_buy_amazon"
ERROR - 2017-08-29 09:00:03 --> Could not find the language line "mynt_buy_amazon"
ERROR - 2017-08-29 09:00:47 --> Could not find the language line "mynt_buy_amazon"
ERROR - 2017-08-29 09:01:19 --> Could not find the language line "mynt_buy_amazon"
ERROR - 2017-08-29 09:02:11 --> Could not find the language line "mynt_buy_amazon"
ERROR - 2017-08-29 09:02:29 --> Could not find the language line "mynt_buy_amazon"
ERROR - 2017-08-29 09:03:11 --> Could not find the language line "mynt_buy_amazon"
ERROR - 2017-08-29 09:06:18 --> Could not find the language line "mynt_buy_amazon"
ERROR - 2017-08-29 09:12:49 --> Could not find the language line "mynt_buy_amazon"
ERROR - 2017-08-29 09:13:48 --> Could not find the language line "mynt_buy_amazon"
ERROR - 2017-08-29 09:14:30 --> Could not find the language line "mynt_buy_amazon"
ERROR - 2017-08-29 09:14:38 --> Could not find the language line "mynt_buy_amazon"
ERROR - 2017-08-29 09:14:51 --> Could not find the language line "mynt_buy_amazon"
ERROR - 2017-08-29 09:16:58 --> Could not find the language line "mynt_buy_amazon"
ERROR - 2017-08-29 09:17:55 --> Could not find the language line "mynt_buy_amazon"
ERROR - 2017-08-29 09:23:15 --> Could not find the language line "mynt_buy_amazon"
ERROR - 2017-08-29 09:23:26 --> Could not find the language line "mynt_buy_amazon"
ERROR - 2017-08-29 09:25:20 --> Could not find the language line "mynt_buy_amazon"
ERROR - 2017-08-29 09:25:22 --> Could not find the language line "mynt_buy_amazon"
ERROR - 2017-08-29 09:26:31 --> Could not find the language line "mynt_buy_amazon"
ERROR - 2017-08-29 09:26:31 --> Could not find the language line "about_keywords"
ERROR - 2017-08-29 09:26:31 --> Could not find the language line "about_company"
ERROR - 2017-08-29 09:26:45 --> Could not find the language line "mynt_buy_amazon"
ERROR - 2017-08-29 09:26:45 --> Could not find the language line "about_keywords"
ERROR - 2017-08-29 09:26:45 --> Could not find the language line "about_company"
ERROR - 2017-08-29 09:27:33 --> Could not find the language line "mynt_buy_amazon"
ERROR - 2017-08-29 09:27:33 --> Could not find the language line "about_keywords"
ERROR - 2017-08-29 09:27:33 --> Could not find the language line "about_company"
ERROR - 2017-08-29 09:27:35 --> Could not find the language line "mynt_buy_amazon"
ERROR - 2017-08-29 09:27:45 --> Unable to connect to the database
ERROR - 2017-08-29 09:27:45 --> Could not find the language line "mynt_buy_amazon"
ERROR - 2017-08-29 09:27:55 --> Unable to connect to the database
ERROR - 2017-08-29 09:28:33 --> Could not find the language line "mynt_buy_amazon"
ERROR - 2017-08-29 09:28:43 --> Unable to connect to the database
ERROR - 2017-08-29 09:29:14 --> Could not find the language line "mynt_buy_amazon"
ERROR - 2017-08-29 09:29:14 --> Unable to connect to the database
ERROR - 2017-08-29 09:30:25 --> Could not find the language line "mynt_buy_amazon"
ERROR - 2017-08-29 09:30:25 --> Could not find the language line "about_keywords"
ERROR - 2017-08-29 09:30:25 --> Could not find the language line "about_company"
ERROR - 2017-08-29 09:30:26 --> Could not find the language line "mynt_buy_amazon"
ERROR - 2017-08-29 09:30:26 --> Could not find the language line "about_keywords"
ERROR - 2017-08-29 09:30:26 --> Could not find the language line "about_company"
ERROR - 2017-08-29 09:30:34 --> Could not find the language line "mynt_buy_amazon"
ERROR - 2017-08-29 09:30:34 --> Unable to connect to the database
ERROR - 2017-08-29 09:30:36 --> Could not find the language line "mynt_buy_amazon"
ERROR - 2017-08-29 09:30:36 --> Unable to connect to the database
ERROR - 2017-08-29 09:30:41 --> Could not find the language line "mynt_buy_amazon"
ERROR - 2017-08-29 09:30:41 --> Could not find the language line "about_keywords"
ERROR - 2017-08-29 09:30:41 --> Could not find the language line "about_company"
ERROR - 2017-08-29 09:30:46 --> Could not find the language line "mynt_buy_amazon"
ERROR - 2017-08-29 09:30:46 --> Unable to connect to the database
ERROR - 2017-08-29 09:30:48 --> Could not find the language line "mynt_buy_amazon"
ERROR - 2017-08-29 09:30:48 --> Unable to connect to the database
ERROR - 2017-08-29 09:31:07 --> Could not find the language line "mynt_buy_amazon"
ERROR - 2017-08-29 09:31:07 --> Could not find the language line "about_keywords"
ERROR - 2017-08-29 09:31:07 --> Could not find the language line "about_company"
ERROR - 2017-08-29 09:31:08 --> Could not find the language line "mynt_buy_amazon"
ERROR - 2017-08-29 09:31:08 --> Could not find the language line "about_keywords"
ERROR - 2017-08-29 09:31:08 --> Could not find the language line "about_company"
ERROR - 2017-08-29 09:31:11 --> Could not find the language line "mynt_buy_amazon"
ERROR - 2017-08-29 09:31:11 --> Could not find the language line "about_keywords"
ERROR - 2017-08-29 09:31:11 --> Could not find the language line "about_company"
ERROR - 2017-08-29 09:31:13 --> Could not find the language line "mynt_buy_amazon"
ERROR - 2017-08-29 09:31:13 --> Could not find the language line "about_keywords"
ERROR - 2017-08-29 09:31:13 --> Could not find the language line "about_company"
ERROR - 2017-08-29 09:31:15 --> Could not find the language line "mynt_buy_amazon"
ERROR - 2017-08-29 09:31:15 --> Unable to connect to the database
ERROR - 2017-08-29 09:31:18 --> Could not find the language line "mynt_buy_amazon"
ERROR - 2017-08-29 09:31:18 --> Unable to connect to the database
ERROR - 2017-08-29 09:33:14 --> Could not find the language line "mynt_buy_amazon"
ERROR - 2017-08-29 09:33:14 --> Could not find the language line "about_keywords"
ERROR - 2017-08-29 09:33:14 --> Could not find the language line "about_company"
ERROR - 2017-08-29 09:33:15 --> Could not find the language line "mynt_buy_amazon"
ERROR - 2017-08-29 09:33:44 --> Could not find the language line "mynt_buy_amazon"
ERROR - 2017-08-29 09:33:44 --> Could not find the language line "about_keywords"
ERROR - 2017-08-29 09:33:44 --> Could not find the language line "about_company"
ERROR - 2017-08-29 09:34:34 --> Could not find the language line "mynt_buy_amazon"
ERROR - 2017-08-29 09:34:34 --> Could not find the language line "home_slife_title"
ERROR - 2017-08-29 09:34:34 --> Could not find the language line "mynt_icon_buy"
ERROR - 2017-08-29 09:36:46 --> Could not find the language line "mynt_buy_amazon"
ERROR - 2017-08-29 09:36:46 --> Could not find the language line "home_slife_title"
ERROR - 2017-08-29 09:36:46 --> Could not find the language line "mynt_icon_buy"
ERROR - 2017-08-29 09:36:54 --> Could not find the language line "mynt_buy_amazon"
ERROR - 2017-08-29 09:36:54 --> Could not find the language line "about_keywords"
ERROR - 2017-08-29 09:50:04 --> Could not find the language line "mynt_buy_amazon"
ERROR - 2017-08-29 09:51:11 --> Could not find the language line "mynt_buy_amazon"
ERROR - 2017-08-29 09:55:25 --> Could not find the language line "mynt_buy_amazon"
ERROR - 2017-08-29 09:55:54 --> Could not find the language line "mynt_buy_amazon"
ERROR - 2017-08-29 09:57:11 --> Could not find the language line "mynt_buy_amazon"
ERROR - 2017-08-29 09:57:11 --> Could not find the language line "home_slife_title"
ERROR - 2017-08-29 09:57:11 --> Could not find the language line "mynt_icon_buy"
ERROR - 2017-08-29 09:57:50 --> Could not find the language line "mynt_buy_amazon"
ERROR - 2017-08-29 09:57:50 --> Could not find the language line "home_slife_title"
ERROR - 2017-08-29 09:57:50 --> Could not find the language line "mynt_icon_buy"
ERROR - 2017-08-29 10:00:01 --> Could not find the language line "mynt_buy_amazon"
ERROR - 2017-08-29 10:00:01 --> Could not find the language line "about_keywords"
ERROR - 2017-08-29 10:00:01 --> Could not find the language line "about_company"
ERROR - 2017-08-29 10:00:56 --> Could not find the language line "mynt_buy_amazon"
ERROR - 2017-08-29 10:00:56 --> Could not find the language line "about_keywords"
ERROR - 2017-08-29 10:00:56 --> Could not find the language line "about_company"
ERROR - 2017-08-29 10:01:11 --> Could not find the language line "mynt_buy_amazon"
ERROR - 2017-08-29 10:01:11 --> Could not find the language line "about_keywords"
ERROR - 2017-08-29 10:01:11 --> Could not find the language line "about_company"
ERROR - 2017-08-29 10:06:52 --> 404 Page Not Found: Sdeno/cn
ERROR - 2017-08-29 10:07:13 --> 404 Page Not Found: Sdeno/cn
ERROR - 2017-08-29 10:08:13 --> Could not find the language line "mynt_buy_amazon"
ERROR - 2017-08-29 10:08:13 --> Could not find the language line "about_keywords"
ERROR - 2017-08-29 10:08:13 --> Could not find the language line "about_company"
ERROR - 2017-08-29 10:08:18 --> Could not find the language line "mynt_buy_amazon"
ERROR - 2017-08-29 10:12:26 --> Could not find the language line "mynt_buy_amazon"
ERROR - 2017-08-29 10:13:37 --> Could not find the language line "mynt_buy_amazon"
ERROR - 2017-08-29 10:13:50 --> Could not find the language line "mynt_buy_amazon"
ERROR - 2017-08-29 10:13:59 --> Could not find the language line "mynt_buy_amazon"
ERROR - 2017-08-29 10:21:41 --> 404 Page Not Found: Sdeno/cn
ERROR - 2017-08-29 10:21:45 --> Could not find the language line "mynt_buy_amazon"
ERROR - 2017-08-29 10:21:45 --> Could not find the language line "home_slife_title"
ERROR - 2017-08-29 10:21:45 --> Could not find the language line "mynt_icon_buy"
ERROR - 2017-08-29 10:21:47 --> Could not find the language line "mynt_buy_amazon"
ERROR - 2017-08-29 10:21:47 --> Could not find the language line "home_slife_title"
ERROR - 2017-08-29 10:21:47 --> Could not find the language line "mynt_icon_buy"
ERROR - 2017-08-29 10:22:07 --> Could not find the language line "mynt_buy_amazon"
ERROR - 2017-08-29 10:22:50 --> Could not find the language line "mynt_buy_amazon"
ERROR - 2017-08-29 10:22:52 --> Could not find the language line "mynt_buy_amazon"
ERROR - 2017-08-29 10:22:57 --> Could not find the language line "mynt_buy_amazon"
ERROR - 2017-08-29 10:24:33 --> Could not find the language line "mynt_buy_amazon"
ERROR - 2017-08-29 10:24:41 --> Could not find the language line "mynt_buy_amazon"
ERROR - 2017-08-29 10:24:42 --> Could not find the language line "mynt_buy_amazon"
ERROR - 2017-08-29 10:24:42 --> Could not find the language line "mynt_buy_amazon"
ERROR - 2017-08-29 10:24:42 --> Could not find the language line "mynt_buy_amazon"
ERROR - 2017-08-29 10:24:42 --> Could not find the language line "mynt_buy_amazon"
ERROR - 2017-08-29 10:24:43 --> Could not find the language line "mynt_buy_amazon"
ERROR - 2017-08-29 10:24:43 --> Could not find the language line "mynt_buy_amazon"
ERROR - 2017-08-29 10:24:44 --> Could not find the language line "mynt_buy_amazon"
ERROR - 2017-08-29 10:24:44 --> Could not find the language line "mynt_buy_amazon"
ERROR - 2017-08-29 10:24:45 --> Could not find the language line "mynt_buy_amazon"
ERROR - 2017-08-29 10:25:23 --> Could not find the language line "mynt_buy_amazon"
ERROR - 2017-08-29 10:25:25 --> Could not find the language line "mynt_buy_amazon"
ERROR - 2017-08-29 10:25:26 --> Could not find the language line "mynt_buy_amazon"
ERROR - 2017-08-29 10:25:26 --> Could not find the language line "mynt_buy_amazon"
ERROR - 2017-08-29 10:25:26 --> Could not find the language line "mynt_buy_amazon"
ERROR - 2017-08-29 10:25:27 --> Could not find the language line "mynt_buy_amazon"
ERROR - 2017-08-29 10:33:00 --> Could not find the language line "mynt_buy_amazon"
ERROR - 2017-08-29 10:33:24 --> Could not find the language line "mynt_buy_amazon"
