ERROR - 2016-05-03 01:42:55 --> Could not find the language line "mynt_buy_taobao"
ERROR - 2016-05-03 01:42:55 --> Could not find the language line "mynt_buy_tmall"
ERROR - 2016-05-03 01:42:55 --> Could not find the language line "mynt_buy_youzan"
ERROR - 2016-05-03 01:42:55 --> Could not find the language line "mynt_icon_taobao"
ERROR - 2016-05-03 01:42:55 --> Could not find the language line "mynt_icon_tmall"
ERROR - 2016-05-03 01:42:55 --> Could not find the language line "mynt_icon_youzan"
ERROR - 2016-05-03 03:02:18 --> Could not find the language line "mynt_buy_taobao"
ERROR - 2016-05-03 03:02:18 --> Could not find the language line "mynt_buy_tmall"
ERROR - 2016-05-03 03:02:18 --> Could not find the language line "mynt_buy_youzan"
ERROR - 2016-05-03 03:02:18 --> Could not find the language line "mynt_icon_taobao"
ERROR - 2016-05-03 03:02:18 --> Could not find the language line "mynt_icon_tmall"
ERROR - 2016-05-03 03:02:18 --> Could not find the language line "mynt_icon_youzan"
ERROR - 2016-05-03 03:02:18 --> Could not find the language line "mynt_jd_detail"
ERROR - 2016-05-03 03:02:18 --> Could not find the language line "to_buy_wd"
ERROR - 2016-05-03 03:02:18 --> Could not find the language line "slightech_wechat"
ERROR - 2016-05-03 03:02:18 --> Could not find the language line "camera_no_lost"
ERROR - 2016-05-03 03:02:18 --> Could not find the language line "key_no_lost"
ERROR - 2016-05-03 03:02:18 --> Could not find the language line "bag_no_lost"
ERROR - 2016-05-03 03:02:18 --> Could not find the language line "computer_no_lost"
ERROR - 2016-05-03 03:02:18 --> Could not find the language line "pet_no_lost"
ERROR - 2016-05-03 03:02:18 --> Could not find the language line "goal"
ERROR - 2016-05-03 03:02:18 --> Could not find the language line "fund_title"
ERROR - 2016-05-03 03:02:18 --> Could not find the language line "fund_intro"
ERROR - 2016-05-03 03:13:56 --> Could not find the language line "mynt_buy_taobao"
ERROR - 2016-05-03 03:13:56 --> Could not find the language line "mynt_buy_tmall"
ERROR - 2016-05-03 03:13:56 --> Could not find the language line "mynt_buy_youzan"
ERROR - 2016-05-03 03:13:56 --> Could not find the language line "mynt_icon_taobao"
ERROR - 2016-05-03 03:13:56 --> Could not find the language line "mynt_icon_tmall"
ERROR - 2016-05-03 03:13:56 --> Could not find the language line "mynt_icon_youzan"
ERROR - 2016-05-03 03:14:41 --> Could not find the language line "mynt_buy_amazon"
ERROR - 2016-05-03 03:14:41 --> Could not find the language line "mynt_icon_buy"
ERROR - 2016-05-03 03:14:41 --> Could not find the language line "mynt_buy_link_kick"
ERROR - 2016-05-03 03:14:46 --> Could not find the language line "mynt_buy_amazon"
ERROR - 2016-05-03 03:14:46 --> Could not find the language line "mynt_icon_buy"
ERROR - 2016-05-03 03:14:46 --> Could not find the language line "mynt_buy_link_kick"
ERROR - 2016-05-03 03:57:38 --> Could not find the language line "mynt_buy_amazon"
ERROR - 2016-05-03 03:57:38 --> Could not find the language line "mynt_icon_buy"
ERROR - 2016-05-03 03:58:17 --> Could not find the language line "mynt_buy_amazon"
ERROR - 2016-05-03 03:58:21 --> Could not find the language line "mynt_buy_amazon"
ERROR - 2016-05-03 04:02:28 --> Could not find the language line "mynt_buy_amazon"
ERROR - 2016-05-03 04:02:28 --> Could not find the language line "mynt_icon_buy"
ERROR - 2016-05-03 08:39:28 --> Could not find the language line "mynt_buy_taobao"
ERROR - 2016-05-03 08:39:28 --> Could not find the language line "mynt_buy_tmall"
ERROR - 2016-05-03 08:39:28 --> Could not find the language line "mynt_buy_youzan"
ERROR - 2016-05-03 08:39:38 --> Could not find the language line "mynt_buy_taobao"
ERROR - 2016-05-03 08:39:38 --> Could not find the language line "mynt_buy_tmall"
ERROR - 2016-05-03 08:39:38 --> Could not find the language line "mynt_buy_youzan"
