ERROR - 2017-07-09 12:36:19 --> Could not find the language line "mynt_buy_taobao"
ERROR - 2017-07-09 12:36:19 --> Could not find the language line "mynt_buy_tmall"
ERROR - 2017-07-09 12:36:19 --> Could not find the language line "mynt_buy_jd"
ERROR - 2017-07-09 12:36:23 --> Could not find the language line "mynt_buy_taobao"
ERROR - 2017-07-09 12:36:23 --> Could not find the language line "mynt_buy_tmall"
ERROR - 2017-07-09 12:36:23 --> Could not find the language line "mynt_buy_jd"
ERROR - 2017-07-09 12:38:32 --> Could not find the language line "mynt_buy_taobao"
ERROR - 2017-07-09 12:38:32 --> Could not find the language line "mynt_buy_tmall"
ERROR - 2017-07-09 12:38:32 --> Could not find the language line "mynt_buy_jd"
ERROR - 2017-07-09 13:00:42 --> Could not find the language line "mynt_buy_taobao"
ERROR - 2017-07-09 13:00:42 --> Could not find the language line "mynt_buy_tmall"
ERROR - 2017-07-09 13:00:42 --> Could not find the language line "mynt_buy_jd"
ERROR - 2017-07-09 13:00:42 --> Could not find the language line "home_cloud_title"
ERROR - 2017-07-09 13:00:42 --> Could not find the language line "home_cloud_intro"
ERROR - 2017-07-09 13:00:42 --> Could not find the language line "mynt_icon_taobao"
ERROR - 2017-07-09 13:00:42 --> Could not find the language line "mynt_icon_tmall"
ERROR - 2017-07-09 13:00:42 --> Could not find the language line "mynt_icon_youzan"
ERROR - 2017-07-09 13:00:43 --> Could not find the language line "mynt_buy_taobao"
ERROR - 2017-07-09 13:00:43 --> Could not find the language line "mynt_buy_tmall"
ERROR - 2017-07-09 13:00:43 --> Could not find the language line "mynt_buy_jd"
ERROR - 2017-07-09 13:00:43 --> Could not find the language line "home_cloud_title"
ERROR - 2017-07-09 13:00:43 --> Could not find the language line "home_cloud_intro"
ERROR - 2017-07-09 13:00:43 --> Could not find the language line "mynt_icon_taobao"
ERROR - 2017-07-09 13:00:43 --> Could not find the language line "mynt_icon_tmall"
ERROR - 2017-07-09 13:00:43 --> Could not find the language line "mynt_icon_youzan"
ERROR - 2017-07-09 13:00:54 --> Could not find the language line "mynt_buy_taobao"
ERROR - 2017-07-09 13:00:54 --> Could not find the language line "mynt_buy_tmall"
ERROR - 2017-07-09 13:00:54 --> Could not find the language line "mynt_buy_jd"
ERROR - 2017-07-09 13:01:56 --> Could not find the language line "mynt_buy_taobao"
ERROR - 2017-07-09 13:01:56 --> Could not find the language line "mynt_buy_tmall"
ERROR - 2017-07-09 13:01:56 --> Could not find the language line "mynt_buy_jd"
