ERROR - 2016-06-28 01:58:09 --> Could not find the language line "mynt_buy_amazon"
ERROR - 2016-06-28 01:58:09 --> Could not find the language line "home_slife_title"
ERROR - 2016-06-28 01:58:09 --> Could not find the language line "home_cloud_title"
ERROR - 2016-06-28 01:58:09 --> Could not find the language line "home_cloud_intro"
ERROR - 2016-06-28 01:58:09 --> Could not find the language line "mynt_icon_buy"
ERROR - 2016-06-28 01:58:33 --> Could not find the language line "mynt_buy_amazon"
ERROR - 2016-06-28 01:58:33 --> Could not find the language line "home_slife_title"
ERROR - 2016-06-28 01:58:33 --> Could not find the language line "home_cloud_title"
ERROR - 2016-06-28 01:58:33 --> Could not find the language line "home_cloud_intro"
ERROR - 2016-06-28 01:58:33 --> Could not find the language line "mynt_icon_buy"
ERROR - 2016-06-28 01:58:41 --> Could not find the language line "mynt_buy_taobao"
ERROR - 2016-06-28 01:58:41 --> Could not find the language line "mynt_buy_tmall"
ERROR - 2016-06-28 01:58:41 --> Could not find the language line "mynt_buy_youzan"
ERROR - 2016-06-28 01:58:41 --> Could not find the language line "home_cloud_title"
ERROR - 2016-06-28 01:58:41 --> Could not find the language line "home_cloud_intro"
ERROR - 2016-06-28 01:58:41 --> Could not find the language line "mynt_icon_taobao"
ERROR - 2016-06-28 01:58:41 --> Could not find the language line "mynt_icon_tmall"
ERROR - 2016-06-28 01:58:41 --> Could not find the language line "mynt_icon_youzan"
ERROR - 2016-06-28 01:59:05 --> Could not find the language line "mynt_buy_taobao"
ERROR - 2016-06-28 01:59:05 --> Could not find the language line "mynt_buy_tmall"
ERROR - 2016-06-28 01:59:05 --> Could not find the language line "mynt_buy_youzan"
ERROR - 2016-06-28 01:59:05 --> Could not find the language line "home_cloud_title"
ERROR - 2016-06-28 01:59:05 --> Could not find the language line "home_cloud_intro"
ERROR - 2016-06-28 01:59:05 --> Could not find the language line "mynt_icon_taobao"
ERROR - 2016-06-28 01:59:05 --> Could not find the language line "mynt_icon_tmall"
ERROR - 2016-06-28 01:59:05 --> Could not find the language line "mynt_icon_youzan"
ERROR - 2016-06-28 01:59:25 --> Could not find the language line "mynt_buy_taobao"
ERROR - 2016-06-28 01:59:25 --> Could not find the language line "mynt_buy_tmall"
ERROR - 2016-06-28 01:59:25 --> Could not find the language line "mynt_buy_youzan"
ERROR - 2016-06-28 01:59:25 --> Could not find the language line "home_cloud_title"
ERROR - 2016-06-28 01:59:25 --> Could not find the language line "home_cloud_intro"
ERROR - 2016-06-28 01:59:25 --> Could not find the language line "mynt_icon_taobao"
ERROR - 2016-06-28 01:59:25 --> Could not find the language line "mynt_icon_tmall"
ERROR - 2016-06-28 01:59:25 --> Could not find the language line "mynt_icon_youzan"
ERROR - 2016-06-28 01:59:26 --> Could not find the language line "mynt_buy_taobao"
ERROR - 2016-06-28 01:59:26 --> Could not find the language line "mynt_buy_tmall"
ERROR - 2016-06-28 01:59:26 --> Could not find the language line "mynt_buy_youzan"
ERROR - 2016-06-28 01:59:26 --> Could not find the language line "home_cloud_title"
ERROR - 2016-06-28 01:59:26 --> Could not find the language line "home_cloud_intro"
ERROR - 2016-06-28 01:59:26 --> Could not find the language line "mynt_icon_taobao"
ERROR - 2016-06-28 01:59:26 --> Could not find the language line "mynt_icon_tmall"
ERROR - 2016-06-28 01:59:26 --> Could not find the language line "mynt_icon_youzan"
ERROR - 2016-06-28 02:01:47 --> Could not find the language line "mynt_buy_taobao"
ERROR - 2016-06-28 02:01:47 --> Could not find the language line "mynt_buy_tmall"
ERROR - 2016-06-28 02:01:47 --> Could not find the language line "mynt_buy_youzan"
ERROR - 2016-06-28 02:01:47 --> Could not find the language line "home_cloud_title"
ERROR - 2016-06-28 02:01:47 --> Could not find the language line "home_cloud_intro"
ERROR - 2016-06-28 02:01:47 --> Could not find the language line "mynt_icon_taobao"
ERROR - 2016-06-28 02:01:47 --> Could not find the language line "mynt_icon_tmall"
ERROR - 2016-06-28 02:01:47 --> Could not find the language line "mynt_icon_youzan"
ERROR - 2016-06-28 02:08:07 --> Could not find the language line "mynt_buy_taobao"
ERROR - 2016-06-28 02:08:07 --> Could not find the language line "mynt_buy_tmall"
ERROR - 2016-06-28 02:08:07 --> Could not find the language line "mynt_buy_youzan"
ERROR - 2016-06-28 02:08:07 --> Could not find the language line "mynt_icon_taobao"
ERROR - 2016-06-28 02:08:07 --> Could not find the language line "mynt_icon_tmall"
ERROR - 2016-06-28 02:08:07 --> Could not find the language line "mynt_icon_youzan"
ERROR - 2016-06-28 02:08:07 --> Could not find the language line "mynt_jd_detail"
ERROR - 2016-06-28 02:08:07 --> Could not find the language line "to_buy_wd"
ERROR - 2016-06-28 02:08:07 --> Could not find the language line "slightech_wechat"
ERROR - 2016-06-28 02:08:07 --> Could not find the language line "camera_no_lost"
ERROR - 2016-06-28 02:08:07 --> Could not find the language line "key_no_lost"
ERROR - 2016-06-28 02:08:07 --> Could not find the language line "bag_no_lost"
ERROR - 2016-06-28 02:08:07 --> Could not find the language line "computer_no_lost"
ERROR - 2016-06-28 02:08:07 --> Could not find the language line "pet_no_lost"
ERROR - 2016-06-28 02:08:07 --> Could not find the language line "goal"
ERROR - 2016-06-28 02:08:07 --> Could not find the language line "fund_title"
ERROR - 2016-06-28 02:08:07 --> Could not find the language line "fund_intro"
ERROR - 2016-06-28 02:22:00 --> Could not find the language line "mynt_buy_taobao"
ERROR - 2016-06-28 02:22:00 --> Could not find the language line "mynt_buy_tmall"
ERROR - 2016-06-28 02:22:00 --> Could not find the language line "mynt_buy_youzan"
ERROR - 2016-06-28 02:22:00 --> Could not find the language line "home_cloud_title"
ERROR - 2016-06-28 02:22:00 --> Could not find the language line "home_cloud_intro"
ERROR - 2016-06-28 02:22:00 --> Could not find the language line "mynt_icon_taobao"
ERROR - 2016-06-28 02:22:00 --> Could not find the language line "mynt_icon_tmall"
ERROR - 2016-06-28 02:22:00 --> Could not find the language line "mynt_icon_youzan"
ERROR - 2016-06-28 02:22:16 --> Could not find the language line "mynt_buy_taobao"
ERROR - 2016-06-28 02:22:16 --> Could not find the language line "mynt_buy_tmall"
ERROR - 2016-06-28 02:22:16 --> Could not find the language line "mynt_buy_youzan"
ERROR - 2016-06-28 02:22:16 --> Could not find the language line "home_cloud_title"
ERROR - 2016-06-28 02:22:16 --> Could not find the language line "home_cloud_intro"
ERROR - 2016-06-28 02:22:16 --> Could not find the language line "mynt_icon_taobao"
ERROR - 2016-06-28 02:22:16 --> Could not find the language line "mynt_icon_tmall"
ERROR - 2016-06-28 02:22:16 --> Could not find the language line "mynt_icon_youzan"
ERROR - 2016-06-28 02:22:22 --> Could not find the language line "mynt_buy_taobao"
ERROR - 2016-06-28 02:22:22 --> Could not find the language line "mynt_buy_tmall"
ERROR - 2016-06-28 02:22:22 --> Could not find the language line "mynt_buy_youzan"
ERROR - 2016-06-28 02:22:22 --> Could not find the language line "home_cloud_title"
ERROR - 2016-06-28 02:22:22 --> Could not find the language line "home_cloud_intro"
ERROR - 2016-06-28 02:22:22 --> Could not find the language line "mynt_icon_taobao"
ERROR - 2016-06-28 02:22:22 --> Could not find the language line "mynt_icon_tmall"
ERROR - 2016-06-28 02:22:22 --> Could not find the language line "mynt_icon_youzan"
ERROR - 2016-06-28 02:22:23 --> Could not find the language line "mynt_buy_taobao"
ERROR - 2016-06-28 02:22:23 --> Could not find the language line "mynt_buy_tmall"
ERROR - 2016-06-28 02:22:23 --> Could not find the language line "mynt_buy_youzan"
ERROR - 2016-06-28 02:22:23 --> Could not find the language line "home_cloud_title"
ERROR - 2016-06-28 02:22:23 --> Could not find the language line "home_cloud_intro"
ERROR - 2016-06-28 02:22:23 --> Could not find the language line "mynt_icon_taobao"
ERROR - 2016-06-28 02:22:23 --> Could not find the language line "mynt_icon_tmall"
ERROR - 2016-06-28 02:22:23 --> Could not find the language line "mynt_icon_youzan"
ERROR - 2016-06-28 02:22:23 --> Could not find the language line "mynt_buy_taobao"
ERROR - 2016-06-28 02:22:23 --> Could not find the language line "mynt_buy_tmall"
ERROR - 2016-06-28 02:22:23 --> Could not find the language line "mynt_buy_youzan"
ERROR - 2016-06-28 02:22:23 --> Could not find the language line "home_cloud_title"
ERROR - 2016-06-28 02:22:23 --> Could not find the language line "home_cloud_intro"
ERROR - 2016-06-28 02:22:23 --> Could not find the language line "mynt_icon_taobao"
ERROR - 2016-06-28 02:22:23 --> Could not find the language line "mynt_icon_tmall"
ERROR - 2016-06-28 02:22:23 --> Could not find the language line "mynt_icon_youzan"
ERROR - 2016-06-28 02:26:29 --> Severity: Parsing Error --> syntax error, unexpected ';', expecting ')' /Users/fantingsheng/website/application/core/MY_Controller.php 171
ERROR - 2016-06-28 02:26:47 --> Could not find the language line "mynt_buy_taobao"
ERROR - 2016-06-28 02:26:47 --> Could not find the language line "mynt_buy_tmall"
ERROR - 2016-06-28 02:26:47 --> Could not find the language line "mynt_buy_youzan"
ERROR - 2016-06-28 02:26:47 --> Could not find the language line "home_cloud_title"
ERROR - 2016-06-28 02:26:47 --> Could not find the language line "home_cloud_intro"
ERROR - 2016-06-28 02:26:47 --> Could not find the language line "mynt_icon_taobao"
ERROR - 2016-06-28 02:26:47 --> Could not find the language line "mynt_icon_tmall"
ERROR - 2016-06-28 02:26:47 --> Could not find the language line "mynt_icon_youzan"
ERROR - 2016-06-28 02:26:48 --> Could not find the language line "mynt_buy_taobao"
ERROR - 2016-06-28 02:26:48 --> Could not find the language line "mynt_buy_tmall"
ERROR - 2016-06-28 02:26:48 --> Could not find the language line "mynt_buy_youzan"
ERROR - 2016-06-28 02:26:48 --> Could not find the language line "home_cloud_title"
ERROR - 2016-06-28 02:26:48 --> Could not find the language line "home_cloud_intro"
ERROR - 2016-06-28 02:26:48 --> Could not find the language line "mynt_icon_taobao"
ERROR - 2016-06-28 02:26:48 --> Could not find the language line "mynt_icon_tmall"
ERROR - 2016-06-28 02:26:48 --> Could not find the language line "mynt_icon_youzan"
ERROR - 2016-06-28 02:26:49 --> Could not find the language line "mynt_buy_taobao"
ERROR - 2016-06-28 02:26:49 --> Could not find the language line "mynt_buy_tmall"
ERROR - 2016-06-28 02:26:49 --> Could not find the language line "mynt_buy_youzan"
ERROR - 2016-06-28 02:26:50 --> Could not find the language line "home_cloud_title"
ERROR - 2016-06-28 02:26:50 --> Could not find the language line "home_cloud_intro"
ERROR - 2016-06-28 02:26:50 --> Could not find the language line "mynt_icon_taobao"
ERROR - 2016-06-28 02:26:50 --> Could not find the language line "mynt_icon_tmall"
ERROR - 2016-06-28 02:26:50 --> Could not find the language line "mynt_icon_youzan"
ERROR - 2016-06-28 02:30:51 --> Could not find the language line "mynt_buy_taobao"
ERROR - 2016-06-28 02:30:51 --> Could not find the language line "mynt_buy_tmall"
ERROR - 2016-06-28 02:30:51 --> Could not find the language line "mynt_buy_youzan"
ERROR - 2016-06-28 02:30:51 --> Could not find the language line "home_cloud_title"
ERROR - 2016-06-28 02:30:51 --> Could not find the language line "home_cloud_intro"
ERROR - 2016-06-28 02:30:51 --> Could not find the language line "mynt_icon_taobao"
ERROR - 2016-06-28 02:30:51 --> Could not find the language line "mynt_icon_tmall"
ERROR - 2016-06-28 02:30:51 --> Could not find the language line "mynt_icon_youzan"
ERROR - 2016-06-28 02:31:04 --> Severity: Parsing Error --> syntax error, unexpected '）' (T_STRING), expecting ')' /Users/fantingsheng/website/application/core/MY_Controller.php 171
ERROR - 2016-06-28 02:31:15 --> Could not find the language line "mynt_buy_taobao"
ERROR - 2016-06-28 02:31:15 --> Could not find the language line "mynt_buy_tmall"
ERROR - 2016-06-28 02:31:15 --> Could not find the language line "mynt_buy_youzan"
ERROR - 2016-06-28 02:31:15 --> Could not find the language line "home_cloud_title"
ERROR - 2016-06-28 02:31:15 --> Could not find the language line "home_cloud_intro"
ERROR - 2016-06-28 02:31:15 --> Could not find the language line "mynt_icon_taobao"
ERROR - 2016-06-28 02:31:15 --> Could not find the language line "mynt_icon_tmall"
ERROR - 2016-06-28 02:31:15 --> Could not find the language line "mynt_icon_youzan"
ERROR - 2016-06-28 02:40:30 --> Could not find the language line "mynt_buy_taobao"
ERROR - 2016-06-28 02:40:30 --> Could not find the language line "mynt_buy_tmall"
ERROR - 2016-06-28 02:40:30 --> Could not find the language line "mynt_buy_youzan"
ERROR - 2016-06-28 02:40:30 --> Could not find the language line "home_cloud_title"
ERROR - 2016-06-28 02:40:30 --> Could not find the language line "home_cloud_intro"
ERROR - 2016-06-28 02:40:30 --> Could not find the language line "mynt_icon_taobao"
ERROR - 2016-06-28 02:40:30 --> Could not find the language line "mynt_icon_tmall"
ERROR - 2016-06-28 02:40:30 --> Could not find the language line "mynt_icon_youzan"
ERROR - 2016-06-28 07:31:20 --> Could not find the language line "mynt_buy_taobao"
ERROR - 2016-06-28 07:31:20 --> Could not find the language line "mynt_buy_tmall"
ERROR - 2016-06-28 07:31:20 --> Could not find the language line "mynt_buy_youzan"
ERROR - 2016-06-28 07:31:20 --> Could not find the language line "home_cloud_title"
ERROR - 2016-06-28 07:31:20 --> Could not find the language line "home_cloud_intro"
ERROR - 2016-06-28 07:31:20 --> Could not find the language line "mynt_icon_taobao"
ERROR - 2016-06-28 07:31:20 --> Could not find the language line "mynt_icon_tmall"
ERROR - 2016-06-28 07:31:20 --> Could not find the language line "mynt_icon_youzan"
ERROR - 2016-06-28 07:32:04 --> Could not find the language line "mynt_buy_taobao"
ERROR - 2016-06-28 07:32:04 --> Could not find the language line "mynt_buy_tmall"
ERROR - 2016-06-28 07:32:04 --> Could not find the language line "mynt_buy_youzan"
ERROR - 2016-06-28 07:32:04 --> Could not find the language line "home_cloud_title"
ERROR - 2016-06-28 07:32:04 --> Could not find the language line "home_cloud_intro"
ERROR - 2016-06-28 07:32:04 --> Could not find the language line "mynt_icon_taobao"
ERROR - 2016-06-28 07:32:04 --> Could not find the language line "mynt_icon_tmall"
ERROR - 2016-06-28 07:32:04 --> Could not find the language line "mynt_icon_youzan"
ERROR - 2016-06-28 07:32:21 --> Could not find the language line "mynt_buy_taobao"
ERROR - 2016-06-28 07:32:21 --> Could not find the language line "mynt_buy_tmall"
ERROR - 2016-06-28 07:32:21 --> Could not find the language line "mynt_buy_youzan"
ERROR - 2016-06-28 07:32:21 --> Could not find the language line "home_cloud_title"
ERROR - 2016-06-28 07:32:21 --> Could not find the language line "home_cloud_intro"
ERROR - 2016-06-28 07:32:21 --> Could not find the language line "mynt_icon_taobao"
ERROR - 2016-06-28 07:32:21 --> Could not find the language line "mynt_icon_tmall"
ERROR - 2016-06-28 07:32:21 --> Could not find the language line "mynt_icon_youzan"
ERROR - 2016-06-28 07:32:29 --> Could not find the language line "mynt_buy_taobao"
ERROR - 2016-06-28 07:32:29 --> Could not find the language line "mynt_buy_tmall"
ERROR - 2016-06-28 07:32:29 --> Could not find the language line "mynt_buy_youzan"
ERROR - 2016-06-28 07:32:29 --> Could not find the language line "home_cloud_title"
ERROR - 2016-06-28 07:32:29 --> Could not find the language line "home_cloud_intro"
ERROR - 2016-06-28 07:32:29 --> Could not find the language line "mynt_icon_taobao"
ERROR - 2016-06-28 07:32:29 --> Could not find the language line "mynt_icon_tmall"
ERROR - 2016-06-28 07:32:29 --> Could not find the language line "mynt_icon_youzan"
ERROR - 2016-06-28 07:32:32 --> Could not find the language line "mynt_buy_amazon"
ERROR - 2016-06-28 07:32:32 --> Could not find the language line "home_slife_title"
ERROR - 2016-06-28 07:32:32 --> Could not find the language line "home_cloud_title"
ERROR - 2016-06-28 07:32:32 --> Could not find the language line "home_cloud_intro"
ERROR - 2016-06-28 07:32:32 --> Could not find the language line "mynt_icon_buy"
ERROR - 2016-06-28 07:32:33 --> 404 Page Not Found: Aphp/index
ERROR - 2016-06-28 07:32:50 --> Could not find the language line "mynt_buy_amazon"
ERROR - 2016-06-28 07:32:50 --> Could not find the language line "home_slife_title"
ERROR - 2016-06-28 07:32:50 --> Could not find the language line "home_cloud_title"
ERROR - 2016-06-28 07:32:50 --> Could not find the language line "home_cloud_intro"
ERROR - 2016-06-28 07:32:50 --> Could not find the language line "mynt_icon_buy"
ERROR - 2016-06-28 07:32:51 --> 404 Page Not Found: Aphp/index
ERROR - 2016-06-28 07:33:07 --> Could not find the language line "mynt_buy_amazon"
ERROR - 2016-06-28 07:33:07 --> Could not find the language line "home_slife_title"
ERROR - 2016-06-28 07:33:07 --> Could not find the language line "home_cloud_title"
ERROR - 2016-06-28 07:33:07 --> Could not find the language line "home_cloud_intro"
ERROR - 2016-06-28 07:33:07 --> Could not find the language line "mynt_icon_buy"
ERROR - 2016-06-28 07:33:07 --> 404 Page Not Found: Aphp/index
ERROR - 2016-06-28 07:34:57 --> Could not find the language line "mynt_buy_amazon"
ERROR - 2016-06-28 07:34:58 --> 404 Page Not Found: Slightechphp/index
ERROR - 2016-06-28 07:35:04 --> 404 Page Not Found: Slightechphp/index
ERROR - 2016-06-28 07:35:08 --> Could not find the language line "mynt_buy_amazon"
ERROR - 2016-06-28 07:35:08 --> Could not find the language line "mynt_icon_buy"
ERROR - 2016-06-28 07:35:08 --> Could not find the language line "mynt_buy_link_kick"
ERROR - 2016-06-28 07:35:08 --> 404 Page Not Found: Slightechphp/index
ERROR - 2016-06-28 07:35:15 --> Could not find the language line "mynt_buy_taobao"
ERROR - 2016-06-28 07:35:15 --> Could not find the language line "mynt_buy_tmall"
ERROR - 2016-06-28 07:35:15 --> Could not find the language line "mynt_buy_youzan"
ERROR - 2016-06-28 07:35:19 --> Could not find the language line "mynt_buy_amazon"
ERROR - 2016-06-28 07:35:19 --> 404 Page Not Found: Slightechphp/index
ERROR - 2016-06-28 07:35:21 --> Could not find the language line "mynt_buy_amazon"
ERROR - 2016-06-28 07:35:21 --> 404 Page Not Found: Slightechphp/index
ERROR - 2016-06-28 07:40:22 --> Could not find the language line "mynt_buy_taobao"
ERROR - 2016-06-28 07:40:22 --> Could not find the language line "mynt_buy_tmall"
ERROR - 2016-06-28 07:40:22 --> Could not find the language line "mynt_buy_youzan"
ERROR - 2016-06-28 07:40:22 --> Could not find the language line "home_cloud_title"
ERROR - 2016-06-28 07:40:22 --> Could not find the language line "home_cloud_intro"
ERROR - 2016-06-28 07:40:22 --> Could not find the language line "mynt_icon_taobao"
ERROR - 2016-06-28 07:40:22 --> Could not find the language line "mynt_icon_tmall"
ERROR - 2016-06-28 07:40:22 --> Could not find the language line "mynt_icon_youzan"
ERROR - 2016-06-28 07:40:27 --> Could not find the language line "mynt_buy_amazon"
ERROR - 2016-06-28 07:40:28 --> 404 Page Not Found: Slightechphp/index
ERROR - 2016-06-28 07:40:30 --> 404 Page Not Found: Aphp/index
ERROR - 2016-06-28 07:40:36 --> Could not find the language line "mynt_buy_taobao"
ERROR - 2016-06-28 07:40:36 --> Could not find the language line "mynt_buy_tmall"
ERROR - 2016-06-28 07:40:36 --> Could not find the language line "mynt_buy_youzan"
ERROR - 2016-06-28 07:40:36 --> Could not find the language line "home_cloud_title"
ERROR - 2016-06-28 07:40:36 --> Could not find the language line "home_cloud_intro"
ERROR - 2016-06-28 07:40:36 --> Could not find the language line "mynt_icon_taobao"
ERROR - 2016-06-28 07:40:36 --> Could not find the language line "mynt_icon_tmall"
ERROR - 2016-06-28 07:40:36 --> Could not find the language line "mynt_icon_youzan"
ERROR - 2016-06-28 07:40:37 --> Could not find the language line "mynt_buy_taobao"
ERROR - 2016-06-28 07:40:37 --> Could not find the language line "mynt_buy_tmall"
ERROR - 2016-06-28 07:40:37 --> Could not find the language line "mynt_buy_youzan"
ERROR - 2016-06-28 07:40:37 --> Could not find the language line "home_cloud_title"
ERROR - 2016-06-28 07:40:37 --> Could not find the language line "home_cloud_intro"
ERROR - 2016-06-28 07:40:37 --> Could not find the language line "mynt_icon_taobao"
ERROR - 2016-06-28 07:40:37 --> Could not find the language line "mynt_icon_tmall"
ERROR - 2016-06-28 07:40:37 --> Could not find the language line "mynt_icon_youzan"
ERROR - 2016-06-28 07:40:38 --> Could not find the language line "mynt_buy_taobao"
ERROR - 2016-06-28 07:40:38 --> Could not find the language line "mynt_buy_tmall"
ERROR - 2016-06-28 07:40:38 --> Could not find the language line "mynt_buy_youzan"
ERROR - 2016-06-28 07:40:38 --> Could not find the language line "home_cloud_title"
ERROR - 2016-06-28 07:40:38 --> Could not find the language line "home_cloud_intro"
ERROR - 2016-06-28 07:40:38 --> Could not find the language line "mynt_icon_taobao"
ERROR - 2016-06-28 07:40:38 --> Could not find the language line "mynt_icon_tmall"
ERROR - 2016-06-28 07:40:38 --> Could not find the language line "mynt_icon_youzan"
ERROR - 2016-06-28 07:40:40 --> Could not find the language line "mynt_buy_taobao"
ERROR - 2016-06-28 07:40:40 --> Could not find the language line "mynt_buy_tmall"
ERROR - 2016-06-28 07:40:40 --> Could not find the language line "mynt_buy_youzan"
ERROR - 2016-06-28 07:40:40 --> Could not find the language line "home_cloud_title"
ERROR - 2016-06-28 07:40:40 --> Could not find the language line "home_cloud_intro"
ERROR - 2016-06-28 07:40:40 --> Could not find the language line "mynt_icon_taobao"
ERROR - 2016-06-28 07:40:40 --> Could not find the language line "mynt_icon_tmall"
ERROR - 2016-06-28 07:40:40 --> Could not find the language line "mynt_icon_youzan"
ERROR - 2016-06-28 07:44:35 --> Could not find the language line "mynt_buy_taobao"
ERROR - 2016-06-28 07:44:35 --> Could not find the language line "mynt_buy_tmall"
ERROR - 2016-06-28 07:44:35 --> Could not find the language line "mynt_buy_youzan"
ERROR - 2016-06-28 07:44:35 --> Could not find the language line "home_cloud_title"
ERROR - 2016-06-28 07:44:35 --> Could not find the language line "home_cloud_intro"
ERROR - 2016-06-28 07:44:35 --> Could not find the language line "mynt_icon_taobao"
ERROR - 2016-06-28 07:44:35 --> Could not find the language line "mynt_icon_tmall"
ERROR - 2016-06-28 07:44:35 --> Could not find the language line "mynt_icon_youzan"
ERROR - 2016-06-28 07:45:26 --> Could not find the language line "mynt_buy_amazon"
ERROR - 2016-06-28 07:45:26 --> Could not find the language line "home_slife_title"
ERROR - 2016-06-28 07:45:26 --> Could not find the language line "home_cloud_title"
ERROR - 2016-06-28 07:45:26 --> Could not find the language line "home_cloud_intro"
ERROR - 2016-06-28 07:45:26 --> Could not find the language line "mynt_icon_buy"
ERROR - 2016-06-28 07:45:27 --> 404 Page Not Found: Slightechphp/index
ERROR - 2016-06-28 07:47:25 --> Could not find the language line "mynt_buy_taobao"
ERROR - 2016-06-28 07:47:25 --> Could not find the language line "mynt_buy_tmall"
ERROR - 2016-06-28 07:47:25 --> Could not find the language line "mynt_buy_youzan"
ERROR - 2016-06-28 07:47:25 --> Could not find the language line "home_cloud_title"
ERROR - 2016-06-28 07:47:25 --> Could not find the language line "home_cloud_intro"
ERROR - 2016-06-28 07:47:25 --> Could not find the language line "mynt_icon_taobao"
ERROR - 2016-06-28 07:47:25 --> Could not find the language line "mynt_icon_tmall"
ERROR - 2016-06-28 07:47:25 --> Could not find the language line "mynt_icon_youzan"
ERROR - 2016-06-28 07:47:28 --> Could not find the language line "mynt_buy_amazon"
ERROR - 2016-06-28 07:47:28 --> Could not find the language line "home_slife_title"
ERROR - 2016-06-28 07:47:28 --> Could not find the language line "home_cloud_title"
ERROR - 2016-06-28 07:47:28 --> Could not find the language line "home_cloud_intro"
ERROR - 2016-06-28 07:47:28 --> Could not find the language line "mynt_icon_buy"
ERROR - 2016-06-28 07:47:29 --> 404 Page Not Found: Slightechphp/index
ERROR - 2016-06-28 07:48:01 --> 404 Page Not Found: Slightechphp/index
ERROR - 2016-06-28 07:48:17 --> Could not find the language line "mynt_buy_amazon"
ERROR - 2016-06-28 07:48:17 --> Could not find the language line "about_keywords"
ERROR - 2016-06-28 07:48:17 --> Could not find the language line "about_company"
ERROR - 2016-06-28 07:48:17 --> 404 Page Not Found: Slightechphp/index
ERROR - 2016-06-28 07:48:20 --> 404 Page Not Found: Slightechphp/index
ERROR - 2016-06-28 07:48:23 --> 404 Page Not Found: Slightechphp/index
ERROR - 2016-06-28 07:48:25 --> 404 Page Not Found: Slightechphp/index
ERROR - 2016-06-28 07:48:25 --> 404 Page Not Found: Slightechphp/index
ERROR - 2016-06-28 07:48:25 --> 404 Page Not Found: Slightechphp/index
ERROR - 2016-06-28 07:48:31 --> 404 Page Not Found: Slightechphp/index
ERROR - 2016-06-28 07:48:34 --> 404 Page Not Found: Slightechphp/index
ERROR - 2016-06-28 07:48:41 --> Could not find the language line "mynt_buy_amazon"
ERROR - 2016-06-28 07:48:42 --> 404 Page Not Found: Slightechphp/index
ERROR - 2016-06-28 07:48:42 --> Could not find the language line "mynt_buy_amazon"
ERROR - 2016-06-28 07:48:43 --> Could not find the language line "mynt_buy_amazon"
ERROR - 2016-06-28 07:48:43 --> 404 Page Not Found: Slightechphp/index
ERROR - 2016-06-28 07:50:03 --> 404 Page Not Found: Slightechphp/index
ERROR - 2016-06-28 07:50:05 --> 404 Page Not Found: Slightechphp/index
ERROR - 2016-06-28 07:58:42 --> Could not find the language line "mynt_buy_amazon"
ERROR - 2016-06-28 07:58:42 --> Could not find the language line "home_slife_title"
ERROR - 2016-06-28 07:58:42 --> Could not find the language line "home_cloud_title"
ERROR - 2016-06-28 07:58:42 --> Could not find the language line "home_cloud_intro"
ERROR - 2016-06-28 07:58:42 --> Could not find the language line "mynt_icon_buy"
ERROR - 2016-06-28 07:58:49 --> Could not find the language line "mynt_buy_amazon"
ERROR - 2016-06-28 07:58:49 --> Could not find the language line "home_slife_title"
ERROR - 2016-06-28 07:58:49 --> Could not find the language line "home_cloud_title"
ERROR - 2016-06-28 07:58:49 --> Could not find the language line "home_cloud_intro"
ERROR - 2016-06-28 07:58:49 --> Could not find the language line "mynt_icon_buy"
ERROR - 2016-06-28 07:58:50 --> Could not find the language line "mynt_buy_amazon"
ERROR - 2016-06-28 07:58:50 --> Could not find the language line "home_slife_title"
ERROR - 2016-06-28 07:58:50 --> Could not find the language line "home_cloud_title"
ERROR - 2016-06-28 07:58:50 --> Could not find the language line "home_cloud_intro"
ERROR - 2016-06-28 07:58:50 --> Could not find the language line "mynt_icon_buy"
ERROR - 2016-06-28 07:58:51 --> Could not find the language line "mynt_buy_amazon"
ERROR - 2016-06-28 07:58:51 --> Could not find the language line "home_slife_title"
ERROR - 2016-06-28 07:58:51 --> Could not find the language line "home_cloud_title"
ERROR - 2016-06-28 07:58:51 --> Could not find the language line "home_cloud_intro"
ERROR - 2016-06-28 07:58:51 --> Could not find the language line "mynt_icon_buy"
ERROR - 2016-06-28 07:58:51 --> Could not find the language line "mynt_buy_amazon"
ERROR - 2016-06-28 07:58:51 --> Could not find the language line "home_slife_title"
ERROR - 2016-06-28 07:58:51 --> Could not find the language line "home_cloud_title"
ERROR - 2016-06-28 07:58:51 --> Could not find the language line "home_cloud_intro"
ERROR - 2016-06-28 07:58:51 --> Could not find the language line "mynt_icon_buy"
ERROR - 2016-06-28 07:58:52 --> Could not find the language line "mynt_buy_amazon"
ERROR - 2016-06-28 07:58:52 --> Could not find the language line "home_slife_title"
ERROR - 2016-06-28 07:58:52 --> Could not find the language line "home_cloud_title"
ERROR - 2016-06-28 07:58:52 --> Could not find the language line "home_cloud_intro"
ERROR - 2016-06-28 07:58:52 --> Could not find the language line "mynt_icon_buy"
ERROR - 2016-06-28 07:59:13 --> Could not find the language line "mynt_buy_amazon"
ERROR - 2016-06-28 07:59:13 --> Could not find the language line "home_slife_title"
ERROR - 2016-06-28 07:59:13 --> Could not find the language line "home_cloud_title"
ERROR - 2016-06-28 07:59:13 --> Could not find the language line "home_cloud_intro"
ERROR - 2016-06-28 07:59:13 --> Could not find the language line "mynt_icon_buy"
ERROR - 2016-06-28 07:59:15 --> Could not find the language line "mynt_buy_amazon"
ERROR - 2016-06-28 07:59:15 --> Could not find the language line "home_slife_title"
ERROR - 2016-06-28 07:59:15 --> Could not find the language line "home_cloud_title"
ERROR - 2016-06-28 07:59:15 --> Could not find the language line "home_cloud_intro"
ERROR - 2016-06-28 07:59:15 --> Could not find the language line "mynt_icon_buy"
ERROR - 2016-06-28 07:59:16 --> Could not find the language line "mynt_buy_amazon"
ERROR - 2016-06-28 07:59:16 --> Could not find the language line "home_slife_title"
ERROR - 2016-06-28 07:59:16 --> Could not find the language line "home_cloud_title"
ERROR - 2016-06-28 07:59:16 --> Could not find the language line "home_cloud_intro"
ERROR - 2016-06-28 07:59:16 --> Could not find the language line "mynt_icon_buy"
ERROR - 2016-06-28 07:59:17 --> Could not find the language line "mynt_buy_amazon"
ERROR - 2016-06-28 07:59:17 --> Could not find the language line "home_slife_title"
ERROR - 2016-06-28 07:59:17 --> Could not find the language line "home_cloud_title"
ERROR - 2016-06-28 07:59:17 --> Could not find the language line "home_cloud_intro"
ERROR - 2016-06-28 07:59:17 --> Could not find the language line "mynt_icon_buy"
ERROR - 2016-06-28 07:59:17 --> Could not find the language line "mynt_buy_amazon"
ERROR - 2016-06-28 07:59:17 --> Could not find the language line "home_slife_title"
ERROR - 2016-06-28 07:59:17 --> Could not find the language line "home_cloud_title"
ERROR - 2016-06-28 07:59:17 --> Could not find the language line "home_cloud_intro"
ERROR - 2016-06-28 07:59:17 --> Could not find the language line "mynt_icon_buy"
ERROR - 2016-06-28 07:59:18 --> Could not find the language line "mynt_buy_amazon"
ERROR - 2016-06-28 07:59:18 --> Could not find the language line "home_slife_title"
ERROR - 2016-06-28 07:59:18 --> Could not find the language line "home_cloud_title"
ERROR - 2016-06-28 07:59:18 --> Could not find the language line "home_cloud_intro"
ERROR - 2016-06-28 07:59:18 --> Could not find the language line "mynt_icon_buy"
ERROR - 2016-06-28 07:59:18 --> Could not find the language line "mynt_buy_amazon"
ERROR - 2016-06-28 07:59:18 --> Could not find the language line "home_slife_title"
ERROR - 2016-06-28 07:59:18 --> Could not find the language line "home_cloud_title"
ERROR - 2016-06-28 07:59:18 --> Could not find the language line "home_cloud_intro"
ERROR - 2016-06-28 07:59:18 --> Could not find the language line "mynt_icon_buy"
ERROR - 2016-06-28 07:59:28 --> Could not find the language line "mynt_buy_amazon"
ERROR - 2016-06-28 07:59:28 --> Could not find the language line "home_slife_title"
ERROR - 2016-06-28 07:59:28 --> Could not find the language line "home_cloud_title"
ERROR - 2016-06-28 07:59:28 --> Could not find the language line "home_cloud_intro"
ERROR - 2016-06-28 07:59:28 --> Could not find the language line "mynt_icon_buy"
ERROR - 2016-06-28 08:00:07 --> Could not find the language line "mynt_buy_amazon"
ERROR - 2016-06-28 08:00:07 --> Could not find the language line "home_slife_title"
ERROR - 2016-06-28 08:00:07 --> Could not find the language line "home_cloud_title"
ERROR - 2016-06-28 08:00:07 --> Could not find the language line "home_cloud_intro"
ERROR - 2016-06-28 08:00:07 --> Could not find the language line "mynt_icon_buy"
ERROR - 2016-06-28 08:00:11 --> Could not find the language line "mynt_buy_amazon"
ERROR - 2016-06-28 08:00:11 --> Could not find the language line "home_slife_title"
ERROR - 2016-06-28 08:00:11 --> Could not find the language line "home_cloud_title"
ERROR - 2016-06-28 08:00:11 --> Could not find the language line "home_cloud_intro"
ERROR - 2016-06-28 08:00:11 --> Could not find the language line "mynt_icon_buy"
ERROR - 2016-06-28 08:00:52 --> Could not find the language line "mynt_buy_amazon"
ERROR - 2016-06-28 08:00:52 --> Could not find the language line "home_slife_title"
ERROR - 2016-06-28 08:00:52 --> Could not find the language line "home_cloud_title"
ERROR - 2016-06-28 08:00:52 --> Could not find the language line "home_cloud_intro"
ERROR - 2016-06-28 08:00:52 --> Could not find the language line "mynt_icon_buy"
ERROR - 2016-06-28 08:05:48 --> Could not find the language line "mynt_buy_amazon"
ERROR - 2016-06-28 08:05:48 --> Could not find the language line "home_slife_title"
ERROR - 2016-06-28 08:05:48 --> Could not find the language line "home_cloud_title"
ERROR - 2016-06-28 08:05:48 --> Could not find the language line "home_cloud_intro"
ERROR - 2016-06-28 08:05:48 --> Could not find the language line "mynt_icon_buy"
ERROR - 2016-06-28 08:06:15 --> Could not find the language line "mynt_buy_amazon"
ERROR - 2016-06-28 08:06:15 --> Could not find the language line "home_slife_title"
ERROR - 2016-06-28 08:06:15 --> Could not find the language line "home_cloud_title"
ERROR - 2016-06-28 08:06:15 --> Could not find the language line "home_cloud_intro"
ERROR - 2016-06-28 08:06:15 --> Could not find the language line "mynt_icon_buy"
ERROR - 2016-06-28 08:06:30 --> Could not find the language line "mynt_buy_amazon"
ERROR - 2016-06-28 08:06:30 --> Could not find the language line "home_slife_title"
ERROR - 2016-06-28 08:06:30 --> Could not find the language line "home_cloud_title"
ERROR - 2016-06-28 08:06:30 --> Could not find the language line "home_cloud_intro"
ERROR - 2016-06-28 08:06:30 --> Could not find the language line "mynt_icon_buy"
ERROR - 2016-06-28 08:06:32 --> Could not find the language line "mynt_buy_amazon"
ERROR - 2016-06-28 08:06:32 --> Could not find the language line "home_slife_title"
ERROR - 2016-06-28 08:06:32 --> Could not find the language line "home_cloud_title"
ERROR - 2016-06-28 08:06:32 --> Could not find the language line "home_cloud_intro"
ERROR - 2016-06-28 08:06:32 --> Could not find the language line "mynt_icon_buy"
ERROR - 2016-06-28 08:09:26 --> Could not find the language line "mynt_buy_amazon"
ERROR - 2016-06-28 08:09:26 --> Could not find the language line "home_slife_title"
ERROR - 2016-06-28 08:09:26 --> Could not find the language line "home_cloud_title"
ERROR - 2016-06-28 08:09:26 --> Could not find the language line "home_cloud_intro"
ERROR - 2016-06-28 08:09:26 --> Could not find the language line "mynt_icon_buy"
ERROR - 2016-06-28 08:10:05 --> Could not find the language line "mynt_buy_amazon"
ERROR - 2016-06-28 08:10:05 --> Could not find the language line "home_slife_title"
ERROR - 2016-06-28 08:10:05 --> Could not find the language line "home_cloud_title"
ERROR - 2016-06-28 08:10:05 --> Could not find the language line "home_cloud_intro"
ERROR - 2016-06-28 08:10:05 --> Could not find the language line "mynt_icon_buy"
ERROR - 2016-06-28 08:10:19 --> Could not find the language line "mynt_buy_amazon"
ERROR - 2016-06-28 08:10:19 --> Could not find the language line "home_slife_title"
ERROR - 2016-06-28 08:10:19 --> Could not find the language line "home_cloud_title"
ERROR - 2016-06-28 08:10:19 --> Could not find the language line "home_cloud_intro"
ERROR - 2016-06-28 08:10:19 --> Could not find the language line "mynt_icon_buy"
ERROR - 2016-06-28 08:10:20 --> Could not find the language line "mynt_buy_amazon"
ERROR - 2016-06-28 08:10:20 --> Could not find the language line "home_slife_title"
ERROR - 2016-06-28 08:10:20 --> Could not find the language line "home_cloud_title"
ERROR - 2016-06-28 08:10:20 --> Could not find the language line "home_cloud_intro"
ERROR - 2016-06-28 08:10:20 --> Could not find the language line "mynt_icon_buy"
ERROR - 2016-06-28 08:10:20 --> Could not find the language line "mynt_buy_amazon"
ERROR - 2016-06-28 08:10:20 --> Could not find the language line "home_slife_title"
ERROR - 2016-06-28 08:10:20 --> Could not find the language line "home_cloud_title"
ERROR - 2016-06-28 08:10:20 --> Could not find the language line "home_cloud_intro"
ERROR - 2016-06-28 08:10:20 --> Could not find the language line "mynt_icon_buy"
ERROR - 2016-06-28 08:10:20 --> Could not find the language line "mynt_buy_amazon"
ERROR - 2016-06-28 08:10:20 --> Could not find the language line "home_slife_title"
ERROR - 2016-06-28 08:10:20 --> Could not find the language line "home_cloud_title"
ERROR - 2016-06-28 08:10:20 --> Could not find the language line "home_cloud_intro"
ERROR - 2016-06-28 08:10:20 --> Could not find the language line "mynt_icon_buy"
