ERROR - 2016-05-29 08:41:57 --> Could not find the language line "mynt_buy_taobao"
ERROR - 2016-05-29 08:41:57 --> Could not find the language line "mynt_buy_tmall"
ERROR - 2016-05-29 08:41:57 --> Could not find the language line "mynt_buy_youzan"
ERROR - 2016-05-29 08:41:57 --> Could not find the language line "home_cloud_title"
ERROR - 2016-05-29 08:41:57 --> Could not find the language line "home_cloud_intro"
ERROR - 2016-05-29 08:41:57 --> Could not find the language line "mynt_icon_taobao"
ERROR - 2016-05-29 08:41:57 --> Could not find the language line "mynt_icon_tmall"
ERROR - 2016-05-29 08:41:57 --> Could not find the language line "mynt_icon_youzan"
ERROR - 2016-05-29 08:42:19 --> Could not find the language line "mynt_buy_taobao"
ERROR - 2016-05-29 08:42:19 --> Could not find the language line "mynt_buy_tmall"
ERROR - 2016-05-29 08:42:19 --> Could not find the language line "mynt_buy_youzan"
ERROR - 2016-05-29 08:46:52 --> Could not find the language line "mynt_buy_amazon"
ERROR - 2016-05-29 08:49:49 --> Could not find the language line "mynt_buy_amazon"
ERROR - 2016-05-29 08:49:49 --> Session: File 'ci_sessions/ci_session2efe1641724a0f2923a35f641901da447fa3b7b8' doesn't exist and cannot be created.
ERROR - 2016-05-29 08:50:39 --> Could not find the language line "mynt_buy_amazon"
ERROR - 2016-05-29 08:50:39 --> Could not find the language line "mynt_icon_buy"
ERROR - 2016-05-29 08:50:39 --> Could not find the language line "mynt_buy_link_kick"
ERROR - 2016-05-29 08:52:07 --> Could not find the language line "mynt_buy_amazon"
ERROR - 2016-05-29 08:52:07 --> Could not find the language line "home_slife_title"
ERROR - 2016-05-29 08:52:07 --> Could not find the language line "home_cloud_title"
ERROR - 2016-05-29 08:52:07 --> Could not find the language line "home_cloud_intro"
ERROR - 2016-05-29 08:52:07 --> Could not find the language line "mynt_icon_buy"
ERROR - 2016-05-29 11:23:33 --> Could not find the language line "mynt_buy_amazon"
ERROR - 2016-05-29 11:23:33 --> Could not find the language line "home_slife_title"
ERROR - 2016-05-29 11:23:33 --> Could not find the language line "home_cloud_title"
ERROR - 2016-05-29 11:23:33 --> Could not find the language line "home_cloud_intro"
ERROR - 2016-05-29 11:23:33 --> Could not find the language line "mynt_icon_buy"
ERROR - 2016-05-29 11:23:34 --> Could not find the language line "mynt_buy_amazon"
ERROR - 2016-05-29 11:23:34 --> Could not find the language line "home_slife_title"
ERROR - 2016-05-29 11:23:34 --> Could not find the language line "home_cloud_title"
ERROR - 2016-05-29 11:23:34 --> Could not find the language line "home_cloud_intro"
ERROR - 2016-05-29 11:23:34 --> Could not find the language line "mynt_icon_buy"
ERROR - 2016-05-29 11:23:37 --> Could not find the language line "mynt_buy_taobao"
ERROR - 2016-05-29 11:23:37 --> Could not find the language line "mynt_buy_tmall"
ERROR - 2016-05-29 11:23:37 --> Could not find the language line "mynt_buy_youzan"
ERROR - 2016-05-29 11:23:37 --> Could not find the language line "home_cloud_title"
ERROR - 2016-05-29 11:23:37 --> Could not find the language line "home_cloud_intro"
ERROR - 2016-05-29 11:23:37 --> Could not find the language line "mynt_icon_taobao"
ERROR - 2016-05-29 11:23:37 --> Could not find the language line "mynt_icon_tmall"
ERROR - 2016-05-29 11:23:37 --> Could not find the language line "mynt_icon_youzan"
ERROR - 2016-05-29 11:24:37 --> Could not find the language line "mynt_buy_taobao"
ERROR - 2016-05-29 11:24:37 --> Could not find the language line "mynt_buy_tmall"
ERROR - 2016-05-29 11:24:37 --> Could not find the language line "mynt_buy_youzan"
ERROR - 2016-05-29 11:25:58 --> Could not find the language line "mynt_buy_taobao"
ERROR - 2016-05-29 11:25:58 --> Could not find the language line "mynt_buy_tmall"
ERROR - 2016-05-29 11:25:58 --> Could not find the language line "mynt_buy_youzan"
ERROR - 2016-05-29 11:27:48 --> Could not find the language line "mynt_buy_taobao"
ERROR - 2016-05-29 11:27:48 --> Could not find the language line "mynt_buy_tmall"
ERROR - 2016-05-29 11:27:48 --> Could not find the language line "mynt_buy_youzan"
ERROR - 2016-05-29 11:28:05 --> Could not find the language line "mynt_buy_taobao"
ERROR - 2016-05-29 11:28:05 --> Could not find the language line "mynt_buy_tmall"
ERROR - 2016-05-29 11:28:05 --> Could not find the language line "mynt_buy_youzan"
ERROR - 2016-05-29 11:28:07 --> Could not find the language line "mynt_buy_taobao"
ERROR - 2016-05-29 11:28:07 --> Could not find the language line "mynt_buy_tmall"
ERROR - 2016-05-29 11:28:07 --> Could not find the language line "mynt_buy_youzan"
ERROR - 2016-05-29 11:28:15 --> Could not find the language line "mynt_buy_taobao"
ERROR - 2016-05-29 11:28:15 --> Could not find the language line "mynt_buy_tmall"
ERROR - 2016-05-29 11:28:15 --> Could not find the language line "mynt_buy_youzan"
ERROR - 2016-05-29 11:28:15 --> Could not find the language line "about_keywords"
ERROR - 2016-05-29 11:28:15 --> Could not find the language line "about_facebook"
ERROR - 2016-05-29 11:28:15 --> Could not find the language line "about_twitter"
ERROR - 2016-05-29 11:28:15 --> Could not find the language line "about_weibo"
ERROR - 2016-05-29 11:31:56 --> Could not find the language line "mynt_buy_taobao"
ERROR - 2016-05-29 11:31:56 --> Could not find the language line "mynt_buy_tmall"
ERROR - 2016-05-29 11:31:56 --> Could not find the language line "mynt_buy_youzan"
ERROR - 2016-05-29 11:31:56 --> Could not find the language line "home_cloud_title"
ERROR - 2016-05-29 11:31:56 --> Could not find the language line "home_cloud_intro"
ERROR - 2016-05-29 11:31:56 --> Could not find the language line "mynt_icon_taobao"
ERROR - 2016-05-29 11:31:56 --> Could not find the language line "mynt_icon_tmall"
ERROR - 2016-05-29 11:31:56 --> Could not find the language line "mynt_icon_youzan"
ERROR - 2016-05-29 11:31:56 --> Session: File 'ci_sessions/ci_session7578c4374d3d08771bcebd9684206b6a64b38f1a' doesn't exist and cannot be created.
