ERROR - 2017-05-17 10:31:14 --> Could not find the language line "mynt_buy_taobao"
ERROR - 2017-05-17 10:31:14 --> Could not find the language line "mynt_buy_tmall"
ERROR - 2017-05-17 10:31:14 --> Could not find the language line "mynt_buy_youzan"
ERROR - 2017-05-17 10:31:14 --> Could not find the language line "mynt_buy_jd"
ERROR - 2017-05-17 10:31:14 --> Could not find the language line "home_cloud_title"
ERROR - 2017-05-17 10:31:14 --> Could not find the language line "home_cloud_intro"
ERROR - 2017-05-17 10:31:14 --> Could not find the language line "mynt_icon_taobao"
ERROR - 2017-05-17 10:31:14 --> Could not find the language line "mynt_icon_tmall"
ERROR - 2017-05-17 10:31:14 --> Could not find the language line "mynt_icon_youzan"
ERROR - 2017-05-17 10:31:14 --> Could not find the language line "mynt_buy_taobao"
ERROR - 2017-05-17 10:31:14 --> Could not find the language line "mynt_buy_tmall"
ERROR - 2017-05-17 10:31:14 --> Could not find the language line "mynt_buy_youzan"
ERROR - 2017-05-17 10:31:14 --> Could not find the language line "mynt_buy_jd"
ERROR - 2017-05-17 10:31:30 --> 404 Page Not Found: Camera/index
ERROR - 2017-05-17 10:36:01 --> Could not find the language line "mynt_buy_taobao"
ERROR - 2017-05-17 10:36:01 --> Could not find the language line "mynt_buy_tmall"
ERROR - 2017-05-17 10:36:01 --> Could not find the language line "mynt_buy_youzan"
ERROR - 2017-05-17 10:36:01 --> Could not find the language line "mynt_buy_jd"
ERROR - 2017-05-17 10:36:02 --> Could not find the language line "mynt_buy_taobao"
ERROR - 2017-05-17 10:36:02 --> Could not find the language line "mynt_buy_tmall"
ERROR - 2017-05-17 10:36:02 --> Could not find the language line "mynt_buy_youzan"
ERROR - 2017-05-17 10:36:02 --> Could not find the language line "mynt_buy_jd"
ERROR - 2017-05-17 10:37:08 --> Could not find the language line "mynt_buy_taobao"
ERROR - 2017-05-17 10:37:08 --> Could not find the language line "mynt_buy_tmall"
ERROR - 2017-05-17 10:37:08 --> Could not find the language line "mynt_buy_youzan"
ERROR - 2017-05-17 10:37:08 --> Could not find the language line "mynt_buy_jd"
ERROR - 2017-05-17 10:37:10 --> Could not find the language line "mynt_buy_taobao"
ERROR - 2017-05-17 10:37:10 --> Could not find the language line "mynt_buy_tmall"
ERROR - 2017-05-17 10:37:10 --> Could not find the language line "mynt_buy_youzan"
ERROR - 2017-05-17 10:37:10 --> Could not find the language line "mynt_buy_jd"
ERROR - 2017-05-17 10:37:33 --> Could not find the language line "mynt_buy_taobao"
ERROR - 2017-05-17 10:37:33 --> Could not find the language line "mynt_buy_tmall"
ERROR - 2017-05-17 10:37:33 --> Could not find the language line "mynt_buy_youzan"
ERROR - 2017-05-17 10:37:33 --> Could not find the language line "mynt_buy_jd"
ERROR - 2017-05-17 10:37:38 --> Could not find the language line "mynt_buy_taobao"
ERROR - 2017-05-17 10:37:38 --> Could not find the language line "mynt_buy_tmall"
ERROR - 2017-05-17 10:37:38 --> Could not find the language line "mynt_buy_youzan"
ERROR - 2017-05-17 10:37:38 --> Could not find the language line "mynt_buy_jd"
ERROR - 2017-05-17 10:55:40 --> Could not find the language line "mynt_buy_taobao"
ERROR - 2017-05-17 10:55:40 --> Could not find the language line "mynt_buy_tmall"
ERROR - 2017-05-17 10:55:40 --> Could not find the language line "mynt_buy_youzan"
ERROR - 2017-05-17 10:55:40 --> Could not find the language line "mynt_buy_jd"
ERROR - 2017-05-17 11:03:43 --> Could not find the language line "mynt_buy_taobao"
ERROR - 2017-05-17 11:03:43 --> Could not find the language line "mynt_buy_tmall"
ERROR - 2017-05-17 11:03:43 --> Could not find the language line "mynt_buy_youzan"
ERROR - 2017-05-17 11:03:43 --> Could not find the language line "mynt_buy_jd"
ERROR - 2017-05-17 11:04:14 --> Could not find the language line "mynt_buy_taobao"
ERROR - 2017-05-17 11:04:14 --> Could not find the language line "mynt_buy_tmall"
ERROR - 2017-05-17 11:04:14 --> Could not find the language line "mynt_buy_youzan"
ERROR - 2017-05-17 11:04:14 --> Could not find the language line "mynt_buy_jd"
ERROR - 2017-05-17 11:22:34 --> Could not find the language line "mynt_buy_taobao"
ERROR - 2017-05-17 11:22:34 --> Could not find the language line "mynt_buy_tmall"
ERROR - 2017-05-17 11:22:34 --> Could not find the language line "mynt_buy_youzan"
ERROR - 2017-05-17 11:22:34 --> Could not find the language line "mynt_buy_jd"
ERROR - 2017-05-17 11:23:02 --> Could not find the language line "mynt_buy_taobao"
ERROR - 2017-05-17 11:23:02 --> Could not find the language line "mynt_buy_tmall"
ERROR - 2017-05-17 11:23:02 --> Could not find the language line "mynt_buy_youzan"
ERROR - 2017-05-17 11:23:02 --> Could not find the language line "mynt_buy_jd"
ERROR - 2017-05-17 11:25:02 --> Could not find the language line "mynt_buy_taobao"
ERROR - 2017-05-17 11:25:02 --> Could not find the language line "mynt_buy_tmall"
ERROR - 2017-05-17 11:25:02 --> Could not find the language line "mynt_buy_youzan"
ERROR - 2017-05-17 11:25:02 --> Could not find the language line "mynt_buy_jd"
ERROR - 2017-05-17 11:27:34 --> Could not find the language line "mynt_buy_taobao"
ERROR - 2017-05-17 11:27:34 --> Could not find the language line "mynt_buy_tmall"
ERROR - 2017-05-17 11:27:34 --> Could not find the language line "mynt_buy_youzan"
ERROR - 2017-05-17 11:27:34 --> Could not find the language line "mynt_buy_jd"
ERROR - 2017-05-17 11:28:34 --> Could not find the language line "mynt_buy_taobao"
ERROR - 2017-05-17 11:28:34 --> Could not find the language line "mynt_buy_tmall"
ERROR - 2017-05-17 11:28:34 --> Could not find the language line "mynt_buy_youzan"
ERROR - 2017-05-17 11:28:34 --> Could not find the language line "mynt_buy_jd"
ERROR - 2017-05-17 11:30:23 --> Could not find the language line "mynt_buy_taobao"
ERROR - 2017-05-17 11:30:23 --> Could not find the language line "mynt_buy_tmall"
ERROR - 2017-05-17 11:30:23 --> Could not find the language line "mynt_buy_youzan"
ERROR - 2017-05-17 11:30:23 --> Could not find the language line "mynt_buy_jd"
ERROR - 2017-05-17 11:30:25 --> Could not find the language line "mynt_buy_taobao"
ERROR - 2017-05-17 11:30:25 --> Could not find the language line "mynt_buy_tmall"
ERROR - 2017-05-17 11:30:25 --> Could not find the language line "mynt_buy_youzan"
ERROR - 2017-05-17 11:30:25 --> Could not find the language line "mynt_buy_jd"
ERROR - 2017-05-17 11:30:53 --> Could not find the language line "mynt_buy_taobao"
ERROR - 2017-05-17 11:30:53 --> Could not find the language line "mynt_buy_tmall"
ERROR - 2017-05-17 11:30:53 --> Could not find the language line "mynt_buy_youzan"
ERROR - 2017-05-17 11:30:53 --> Could not find the language line "mynt_buy_jd"
ERROR - 2017-05-17 11:31:27 --> Could not find the language line "mynt_buy_taobao"
ERROR - 2017-05-17 11:31:27 --> Could not find the language line "mynt_buy_tmall"
ERROR - 2017-05-17 11:31:27 --> Could not find the language line "mynt_buy_youzan"
ERROR - 2017-05-17 11:31:27 --> Could not find the language line "mynt_buy_jd"
ERROR - 2017-05-17 11:34:58 --> Could not find the language line "mynt_buy_taobao"
ERROR - 2017-05-17 11:34:58 --> Could not find the language line "mynt_buy_tmall"
ERROR - 2017-05-17 11:34:58 --> Could not find the language line "mynt_buy_youzan"
ERROR - 2017-05-17 11:34:58 --> Could not find the language line "mynt_buy_jd"
ERROR - 2017-05-17 11:38:19 --> Could not find the language line "mynt_buy_taobao"
ERROR - 2017-05-17 11:38:19 --> Could not find the language line "mynt_buy_tmall"
ERROR - 2017-05-17 11:38:19 --> Could not find the language line "mynt_buy_youzan"
ERROR - 2017-05-17 11:38:19 --> Could not find the language line "mynt_buy_jd"
ERROR - 2017-05-17 11:38:54 --> Could not find the language line "mynt_buy_taobao"
ERROR - 2017-05-17 11:38:54 --> Could not find the language line "mynt_buy_tmall"
ERROR - 2017-05-17 11:38:54 --> Could not find the language line "mynt_buy_youzan"
ERROR - 2017-05-17 11:38:54 --> Could not find the language line "mynt_buy_jd"
ERROR - 2017-05-17 11:39:46 --> Could not find the language line "mynt_buy_taobao"
ERROR - 2017-05-17 11:39:46 --> Could not find the language line "mynt_buy_tmall"
ERROR - 2017-05-17 11:39:46 --> Could not find the language line "mynt_buy_youzan"
ERROR - 2017-05-17 11:39:46 --> Could not find the language line "mynt_buy_jd"
ERROR - 2017-05-17 11:40:54 --> Could not find the language line "mynt_buy_taobao"
ERROR - 2017-05-17 11:40:54 --> Could not find the language line "mynt_buy_tmall"
ERROR - 2017-05-17 11:40:54 --> Could not find the language line "mynt_buy_youzan"
ERROR - 2017-05-17 11:40:54 --> Could not find the language line "mynt_buy_jd"
ERROR - 2017-05-17 11:40:55 --> Could not find the language line "mynt_buy_taobao"
ERROR - 2017-05-17 11:40:55 --> Could not find the language line "mynt_buy_tmall"
ERROR - 2017-05-17 11:40:55 --> Could not find the language line "mynt_buy_youzan"
ERROR - 2017-05-17 11:40:55 --> Could not find the language line "mynt_buy_jd"
ERROR - 2017-05-17 11:41:17 --> Could not find the language line "mynt_buy_taobao"
ERROR - 2017-05-17 11:41:17 --> Could not find the language line "mynt_buy_tmall"
ERROR - 2017-05-17 11:41:17 --> Could not find the language line "mynt_buy_youzan"
ERROR - 2017-05-17 11:41:17 --> Could not find the language line "mynt_buy_jd"
ERROR - 2017-05-17 11:42:19 --> Could not find the language line "mynt_buy_taobao"
ERROR - 2017-05-17 11:42:19 --> Could not find the language line "mynt_buy_tmall"
ERROR - 2017-05-17 11:42:19 --> Could not find the language line "mynt_buy_youzan"
ERROR - 2017-05-17 11:42:19 --> Could not find the language line "mynt_buy_jd"
ERROR - 2017-05-17 11:42:31 --> Could not find the language line "mynt_buy_taobao"
ERROR - 2017-05-17 11:42:31 --> Could not find the language line "mynt_buy_tmall"
ERROR - 2017-05-17 11:42:31 --> Could not find the language line "mynt_buy_youzan"
ERROR - 2017-05-17 11:42:31 --> Could not find the language line "mynt_buy_jd"
ERROR - 2017-05-17 11:42:57 --> Could not find the language line "mynt_buy_taobao"
ERROR - 2017-05-17 11:42:57 --> Could not find the language line "mynt_buy_tmall"
ERROR - 2017-05-17 11:42:57 --> Could not find the language line "mynt_buy_youzan"
ERROR - 2017-05-17 11:42:57 --> Could not find the language line "mynt_buy_jd"
ERROR - 2017-05-17 11:42:58 --> Could not find the language line "mynt_buy_taobao"
ERROR - 2017-05-17 11:42:58 --> Could not find the language line "mynt_buy_tmall"
ERROR - 2017-05-17 11:42:58 --> Could not find the language line "mynt_buy_youzan"
ERROR - 2017-05-17 11:42:58 --> Could not find the language line "mynt_buy_jd"
ERROR - 2017-05-17 11:42:58 --> Could not find the language line "mynt_buy_taobao"
ERROR - 2017-05-17 11:42:58 --> Could not find the language line "mynt_buy_tmall"
ERROR - 2017-05-17 11:42:58 --> Could not find the language line "mynt_buy_youzan"
ERROR - 2017-05-17 11:42:58 --> Could not find the language line "mynt_buy_jd"
ERROR - 2017-05-17 11:42:59 --> Could not find the language line "mynt_buy_taobao"
ERROR - 2017-05-17 11:42:59 --> Could not find the language line "mynt_buy_tmall"
ERROR - 2017-05-17 11:42:59 --> Could not find the language line "mynt_buy_youzan"
ERROR - 2017-05-17 11:42:59 --> Could not find the language line "mynt_buy_jd"
ERROR - 2017-05-17 11:43:22 --> Could not find the language line "mynt_buy_taobao"
ERROR - 2017-05-17 11:43:22 --> Could not find the language line "mynt_buy_tmall"
ERROR - 2017-05-17 11:43:22 --> Could not find the language line "mynt_buy_youzan"
ERROR - 2017-05-17 11:43:22 --> Could not find the language line "mynt_buy_jd"
ERROR - 2017-05-17 11:43:34 --> Could not find the language line "mynt_buy_taobao"
ERROR - 2017-05-17 11:43:34 --> Could not find the language line "mynt_buy_tmall"
ERROR - 2017-05-17 11:43:34 --> Could not find the language line "mynt_buy_youzan"
ERROR - 2017-05-17 11:43:34 --> Could not find the language line "mynt_buy_jd"
ERROR - 2017-05-17 11:43:43 --> Could not find the language line "mynt_buy_taobao"
ERROR - 2017-05-17 11:43:43 --> Could not find the language line "mynt_buy_tmall"
ERROR - 2017-05-17 11:43:43 --> Could not find the language line "mynt_buy_youzan"
ERROR - 2017-05-17 11:43:43 --> Could not find the language line "mynt_buy_jd"
ERROR - 2017-05-17 11:43:53 --> Could not find the language line "mynt_buy_taobao"
ERROR - 2017-05-17 11:43:53 --> Could not find the language line "mynt_buy_tmall"
ERROR - 2017-05-17 11:43:53 --> Could not find the language line "mynt_buy_youzan"
ERROR - 2017-05-17 11:43:53 --> Could not find the language line "mynt_buy_jd"
ERROR - 2017-05-17 11:44:06 --> Could not find the language line "mynt_buy_taobao"
ERROR - 2017-05-17 11:44:06 --> Could not find the language line "mynt_buy_tmall"
ERROR - 2017-05-17 11:44:06 --> Could not find the language line "mynt_buy_youzan"
ERROR - 2017-05-17 11:44:06 --> Could not find the language line "mynt_buy_jd"
ERROR - 2017-05-17 11:44:14 --> Could not find the language line "mynt_buy_taobao"
ERROR - 2017-05-17 11:44:14 --> Could not find the language line "mynt_buy_tmall"
ERROR - 2017-05-17 11:44:14 --> Could not find the language line "mynt_buy_youzan"
ERROR - 2017-05-17 11:44:14 --> Could not find the language line "mynt_buy_jd"
ERROR - 2017-05-17 11:44:34 --> Could not find the language line "mynt_buy_taobao"
ERROR - 2017-05-17 11:44:34 --> Could not find the language line "mynt_buy_tmall"
ERROR - 2017-05-17 11:44:34 --> Could not find the language line "mynt_buy_youzan"
ERROR - 2017-05-17 11:44:34 --> Could not find the language line "mynt_buy_jd"
ERROR - 2017-05-17 11:44:48 --> Could not find the language line "mynt_buy_taobao"
ERROR - 2017-05-17 11:44:48 --> Could not find the language line "mynt_buy_tmall"
ERROR - 2017-05-17 11:44:48 --> Could not find the language line "mynt_buy_youzan"
ERROR - 2017-05-17 11:44:48 --> Could not find the language line "mynt_buy_jd"
ERROR - 2017-05-17 11:45:56 --> Could not find the language line "mynt_buy_taobao"
ERROR - 2017-05-17 11:45:56 --> Could not find the language line "mynt_buy_tmall"
ERROR - 2017-05-17 11:45:56 --> Could not find the language line "mynt_buy_youzan"
ERROR - 2017-05-17 11:45:56 --> Could not find the language line "mynt_buy_jd"
ERROR - 2017-05-17 11:46:08 --> Could not find the language line "mynt_buy_taobao"
ERROR - 2017-05-17 11:46:08 --> Could not find the language line "mynt_buy_tmall"
ERROR - 2017-05-17 11:46:08 --> Could not find the language line "mynt_buy_youzan"
ERROR - 2017-05-17 11:46:08 --> Could not find the language line "mynt_buy_jd"
ERROR - 2017-05-17 11:46:19 --> Could not find the language line "mynt_buy_taobao"
ERROR - 2017-05-17 11:46:19 --> Could not find the language line "mynt_buy_tmall"
ERROR - 2017-05-17 11:46:19 --> Could not find the language line "mynt_buy_youzan"
ERROR - 2017-05-17 11:46:19 --> Could not find the language line "mynt_buy_jd"
ERROR - 2017-05-17 11:46:51 --> Could not find the language line "mynt_buy_taobao"
ERROR - 2017-05-17 11:46:51 --> Could not find the language line "mynt_buy_tmall"
ERROR - 2017-05-17 11:46:51 --> Could not find the language line "mynt_buy_youzan"
ERROR - 2017-05-17 11:46:51 --> Could not find the language line "mynt_buy_jd"
ERROR - 2017-05-17 11:49:16 --> Could not find the language line "mynt_buy_taobao"
ERROR - 2017-05-17 11:49:16 --> Could not find the language line "mynt_buy_tmall"
ERROR - 2017-05-17 11:49:16 --> Could not find the language line "mynt_buy_youzan"
ERROR - 2017-05-17 11:49:16 --> Could not find the language line "mynt_buy_jd"
ERROR - 2017-05-17 11:49:36 --> Could not find the language line "mynt_buy_taobao"
ERROR - 2017-05-17 11:49:36 --> Could not find the language line "mynt_buy_tmall"
ERROR - 2017-05-17 11:49:36 --> Could not find the language line "mynt_buy_youzan"
ERROR - 2017-05-17 11:49:36 --> Could not find the language line "mynt_buy_jd"
ERROR - 2017-05-17 11:49:39 --> Could not find the language line "mynt_buy_taobao"
ERROR - 2017-05-17 11:49:39 --> Could not find the language line "mynt_buy_tmall"
ERROR - 2017-05-17 11:49:39 --> Could not find the language line "mynt_buy_youzan"
ERROR - 2017-05-17 11:49:39 --> Could not find the language line "mynt_buy_jd"
ERROR - 2017-05-17 11:50:00 --> Could not find the language line "mynt_buy_taobao"
ERROR - 2017-05-17 11:50:00 --> Could not find the language line "mynt_buy_tmall"
ERROR - 2017-05-17 11:50:00 --> Could not find the language line "mynt_buy_youzan"
ERROR - 2017-05-17 11:50:00 --> Could not find the language line "mynt_buy_jd"
ERROR - 2017-05-17 11:50:08 --> Could not find the language line "mynt_buy_taobao"
ERROR - 2017-05-17 11:50:08 --> Could not find the language line "mynt_buy_tmall"
ERROR - 2017-05-17 11:50:08 --> Could not find the language line "mynt_buy_youzan"
ERROR - 2017-05-17 11:50:08 --> Could not find the language line "mynt_buy_jd"
ERROR - 2017-05-17 11:50:25 --> Could not find the language line "mynt_buy_taobao"
ERROR - 2017-05-17 11:50:25 --> Could not find the language line "mynt_buy_tmall"
ERROR - 2017-05-17 11:50:25 --> Could not find the language line "mynt_buy_youzan"
ERROR - 2017-05-17 11:50:25 --> Could not find the language line "mynt_buy_jd"
ERROR - 2017-05-17 11:50:40 --> Could not find the language line "mynt_buy_taobao"
ERROR - 2017-05-17 11:50:40 --> Could not find the language line "mynt_buy_tmall"
ERROR - 2017-05-17 11:50:40 --> Could not find the language line "mynt_buy_youzan"
ERROR - 2017-05-17 11:50:40 --> Could not find the language line "mynt_buy_jd"
ERROR - 2017-05-17 11:51:12 --> Could not find the language line "mynt_buy_taobao"
ERROR - 2017-05-17 11:51:12 --> Could not find the language line "mynt_buy_tmall"
ERROR - 2017-05-17 11:51:12 --> Could not find the language line "mynt_buy_youzan"
ERROR - 2017-05-17 11:51:12 --> Could not find the language line "mynt_buy_jd"
ERROR - 2017-05-17 11:51:31 --> Could not find the language line "mynt_buy_taobao"
ERROR - 2017-05-17 11:51:31 --> Could not find the language line "mynt_buy_tmall"
ERROR - 2017-05-17 11:51:31 --> Could not find the language line "mynt_buy_youzan"
ERROR - 2017-05-17 11:51:31 --> Could not find the language line "mynt_buy_jd"
ERROR - 2017-05-17 11:52:24 --> Could not find the language line "mynt_buy_taobao"
ERROR - 2017-05-17 11:52:24 --> Could not find the language line "mynt_buy_tmall"
ERROR - 2017-05-17 11:52:24 --> Could not find the language line "mynt_buy_youzan"
ERROR - 2017-05-17 11:52:24 --> Could not find the language line "mynt_buy_jd"
ERROR - 2017-05-17 11:52:57 --> Could not find the language line "mynt_buy_taobao"
ERROR - 2017-05-17 11:52:57 --> Could not find the language line "mynt_buy_tmall"
ERROR - 2017-05-17 11:52:57 --> Could not find the language line "mynt_buy_youzan"
ERROR - 2017-05-17 11:52:57 --> Could not find the language line "mynt_buy_jd"
ERROR - 2017-05-17 11:52:58 --> Could not find the language line "mynt_buy_taobao"
ERROR - 2017-05-17 11:52:58 --> Could not find the language line "mynt_buy_tmall"
ERROR - 2017-05-17 11:52:58 --> Could not find the language line "mynt_buy_youzan"
ERROR - 2017-05-17 11:52:58 --> Could not find the language line "mynt_buy_jd"
ERROR - 2017-05-17 11:52:59 --> Could not find the language line "mynt_buy_taobao"
ERROR - 2017-05-17 11:52:59 --> Could not find the language line "mynt_buy_tmall"
ERROR - 2017-05-17 11:52:59 --> Could not find the language line "mynt_buy_youzan"
ERROR - 2017-05-17 11:52:59 --> Could not find the language line "mynt_buy_jd"
ERROR - 2017-05-17 11:52:59 --> Could not find the language line "mynt_buy_taobao"
ERROR - 2017-05-17 11:52:59 --> Could not find the language line "mynt_buy_tmall"
ERROR - 2017-05-17 11:52:59 --> Could not find the language line "mynt_buy_youzan"
ERROR - 2017-05-17 11:52:59 --> Could not find the language line "mynt_buy_jd"
ERROR - 2017-05-17 11:53:20 --> Could not find the language line "mynt_buy_taobao"
ERROR - 2017-05-17 11:53:20 --> Could not find the language line "mynt_buy_tmall"
ERROR - 2017-05-17 11:53:20 --> Could not find the language line "mynt_buy_youzan"
ERROR - 2017-05-17 11:53:20 --> Could not find the language line "mynt_buy_jd"
ERROR - 2017-05-17 11:53:29 --> Could not find the language line "mynt_buy_taobao"
ERROR - 2017-05-17 11:53:29 --> Could not find the language line "mynt_buy_tmall"
ERROR - 2017-05-17 11:53:29 --> Could not find the language line "mynt_buy_youzan"
ERROR - 2017-05-17 11:53:29 --> Could not find the language line "mynt_buy_jd"
ERROR - 2017-05-17 11:53:38 --> Could not find the language line "mynt_buy_taobao"
ERROR - 2017-05-17 11:53:38 --> Could not find the language line "mynt_buy_tmall"
ERROR - 2017-05-17 11:53:38 --> Could not find the language line "mynt_buy_youzan"
ERROR - 2017-05-17 11:53:38 --> Could not find the language line "mynt_buy_jd"
ERROR - 2017-05-17 11:54:35 --> Could not find the language line "mynt_buy_taobao"
ERROR - 2017-05-17 11:54:35 --> Could not find the language line "mynt_buy_tmall"
ERROR - 2017-05-17 11:54:35 --> Could not find the language line "mynt_buy_youzan"
ERROR - 2017-05-17 11:54:35 --> Could not find the language line "mynt_buy_jd"
ERROR - 2017-05-17 11:55:52 --> Could not find the language line "mynt_buy_taobao"
ERROR - 2017-05-17 11:55:52 --> Could not find the language line "mynt_buy_tmall"
ERROR - 2017-05-17 11:55:52 --> Could not find the language line "mynt_buy_youzan"
ERROR - 2017-05-17 11:55:52 --> Could not find the language line "mynt_buy_jd"
ERROR - 2017-05-17 11:56:09 --> Could not find the language line "mynt_buy_taobao"
ERROR - 2017-05-17 11:56:09 --> Could not find the language line "mynt_buy_tmall"
ERROR - 2017-05-17 11:56:09 --> Could not find the language line "mynt_buy_youzan"
ERROR - 2017-05-17 11:56:09 --> Could not find the language line "mynt_buy_jd"
ERROR - 2017-05-17 11:59:16 --> Could not find the language line "mynt_buy_taobao"
ERROR - 2017-05-17 11:59:16 --> Could not find the language line "mynt_buy_tmall"
ERROR - 2017-05-17 11:59:16 --> Could not find the language line "mynt_buy_youzan"
ERROR - 2017-05-17 11:59:16 --> Could not find the language line "mynt_buy_jd"
ERROR - 2017-05-17 12:07:02 --> Could not find the language line "mynt_buy_taobao"
ERROR - 2017-05-17 12:07:02 --> Could not find the language line "mynt_buy_tmall"
ERROR - 2017-05-17 12:07:02 --> Could not find the language line "mynt_buy_youzan"
ERROR - 2017-05-17 12:07:02 --> Could not find the language line "mynt_buy_jd"
ERROR - 2017-05-17 12:11:49 --> Could not find the language line "mynt_buy_taobao"
ERROR - 2017-05-17 12:11:49 --> Could not find the language line "mynt_buy_tmall"
ERROR - 2017-05-17 12:11:49 --> Could not find the language line "mynt_buy_youzan"
ERROR - 2017-05-17 12:11:49 --> Could not find the language line "mynt_buy_jd"
ERROR - 2017-05-17 12:14:03 --> Could not find the language line "mynt_buy_taobao"
ERROR - 2017-05-17 12:14:03 --> Could not find the language line "mynt_buy_tmall"
ERROR - 2017-05-17 12:14:03 --> Could not find the language line "mynt_buy_youzan"
ERROR - 2017-05-17 12:14:03 --> Could not find the language line "mynt_buy_jd"
ERROR - 2017-05-17 12:14:59 --> Could not find the language line "mynt_buy_taobao"
ERROR - 2017-05-17 12:14:59 --> Could not find the language line "mynt_buy_tmall"
ERROR - 2017-05-17 12:14:59 --> Could not find the language line "mynt_buy_youzan"
ERROR - 2017-05-17 12:14:59 --> Could not find the language line "mynt_buy_jd"
ERROR - 2017-05-17 12:17:00 --> Could not find the language line "mynt_buy_taobao"
ERROR - 2017-05-17 12:17:00 --> Could not find the language line "mynt_buy_tmall"
ERROR - 2017-05-17 12:17:00 --> Could not find the language line "mynt_buy_youzan"
ERROR - 2017-05-17 12:17:00 --> Could not find the language line "mynt_buy_jd"
ERROR - 2017-05-17 12:18:35 --> Could not find the language line "mynt_buy_taobao"
ERROR - 2017-05-17 12:18:35 --> Could not find the language line "mynt_buy_tmall"
ERROR - 2017-05-17 12:18:35 --> Could not find the language line "mynt_buy_youzan"
ERROR - 2017-05-17 12:18:35 --> Could not find the language line "mynt_buy_jd"
ERROR - 2017-05-17 12:19:08 --> Could not find the language line "mynt_buy_taobao"
ERROR - 2017-05-17 12:19:08 --> Could not find the language line "mynt_buy_tmall"
ERROR - 2017-05-17 12:19:08 --> Could not find the language line "mynt_buy_youzan"
ERROR - 2017-05-17 12:19:08 --> Could not find the language line "mynt_buy_jd"
ERROR - 2017-05-17 12:25:01 --> Could not find the language line "mynt_buy_taobao"
ERROR - 2017-05-17 12:25:01 --> Could not find the language line "mynt_buy_tmall"
ERROR - 2017-05-17 12:25:01 --> Could not find the language line "mynt_buy_youzan"
ERROR - 2017-05-17 12:25:01 --> Could not find the language line "mynt_buy_jd"
ERROR - 2017-05-17 12:25:39 --> Could not find the language line "mynt_buy_taobao"
ERROR - 2017-05-17 12:25:39 --> Could not find the language line "mynt_buy_tmall"
ERROR - 2017-05-17 12:25:39 --> Could not find the language line "mynt_buy_youzan"
ERROR - 2017-05-17 12:25:39 --> Could not find the language line "mynt_buy_jd"
ERROR - 2017-05-17 12:25:40 --> Could not find the language line "mynt_buy_taobao"
ERROR - 2017-05-17 12:25:40 --> Could not find the language line "mynt_buy_tmall"
ERROR - 2017-05-17 12:25:40 --> Could not find the language line "mynt_buy_youzan"
ERROR - 2017-05-17 12:25:40 --> Could not find the language line "mynt_buy_jd"
ERROR - 2017-05-17 12:27:09 --> Could not find the language line "mynt_buy_taobao"
ERROR - 2017-05-17 12:27:09 --> Could not find the language line "mynt_buy_tmall"
ERROR - 2017-05-17 12:27:09 --> Could not find the language line "mynt_buy_youzan"
ERROR - 2017-05-17 12:27:09 --> Could not find the language line "mynt_buy_jd"
ERROR - 2017-05-17 15:07:32 --> Could not find the language line "mynt_buy_taobao"
ERROR - 2017-05-17 15:07:32 --> Could not find the language line "mynt_buy_tmall"
ERROR - 2017-05-17 15:07:32 --> Could not find the language line "mynt_buy_youzan"
ERROR - 2017-05-17 15:07:32 --> Could not find the language line "mynt_buy_jd"
ERROR - 2017-05-17 15:08:32 --> Could not find the language line "mynt_buy_taobao"
ERROR - 2017-05-17 15:08:32 --> Could not find the language line "mynt_buy_tmall"
ERROR - 2017-05-17 15:08:32 --> Could not find the language line "mynt_buy_youzan"
ERROR - 2017-05-17 15:08:32 --> Could not find the language line "mynt_buy_jd"
ERROR - 2017-05-17 15:13:19 --> Could not find the language line "mynt_buy_taobao"
ERROR - 2017-05-17 15:13:19 --> Could not find the language line "mynt_buy_tmall"
ERROR - 2017-05-17 15:13:19 --> Could not find the language line "mynt_buy_youzan"
ERROR - 2017-05-17 15:13:19 --> Could not find the language line "mynt_buy_jd"
ERROR - 2017-05-17 15:13:53 --> Could not find the language line "mynt_buy_taobao"
ERROR - 2017-05-17 15:13:53 --> Could not find the language line "mynt_buy_tmall"
ERROR - 2017-05-17 15:13:53 --> Could not find the language line "mynt_buy_youzan"
ERROR - 2017-05-17 15:13:53 --> Could not find the language line "mynt_buy_jd"
ERROR - 2017-05-17 15:13:55 --> Could not find the language line "mynt_buy_taobao"
ERROR - 2017-05-17 15:13:55 --> Could not find the language line "mynt_buy_tmall"
ERROR - 2017-05-17 15:13:55 --> Could not find the language line "mynt_buy_youzan"
ERROR - 2017-05-17 15:13:55 --> Could not find the language line "mynt_buy_jd"
ERROR - 2017-05-17 15:14:37 --> Could not find the language line "mynt_buy_taobao"
ERROR - 2017-05-17 15:14:37 --> Could not find the language line "mynt_buy_tmall"
ERROR - 2017-05-17 15:14:37 --> Could not find the language line "mynt_buy_youzan"
ERROR - 2017-05-17 15:14:37 --> Could not find the language line "mynt_buy_jd"
ERROR - 2017-05-17 15:14:37 --> Could not find the language line "mynt_buy_taobao"
ERROR - 2017-05-17 15:14:37 --> Could not find the language line "mynt_buy_tmall"
ERROR - 2017-05-17 15:14:37 --> Could not find the language line "mynt_buy_youzan"
ERROR - 2017-05-17 15:14:37 --> Could not find the language line "mynt_buy_jd"
ERROR - 2017-05-17 15:15:11 --> Could not find the language line "mynt_buy_taobao"
ERROR - 2017-05-17 15:15:11 --> Could not find the language line "mynt_buy_tmall"
ERROR - 2017-05-17 15:15:11 --> Could not find the language line "mynt_buy_youzan"
ERROR - 2017-05-17 15:15:11 --> Could not find the language line "mynt_buy_jd"
ERROR - 2017-05-17 15:26:12 --> Could not find the language line "mynt_buy_taobao"
ERROR - 2017-05-17 15:26:12 --> Could not find the language line "mynt_buy_tmall"
ERROR - 2017-05-17 15:26:12 --> Could not find the language line "mynt_buy_youzan"
ERROR - 2017-05-17 15:26:12 --> Could not find the language line "mynt_buy_jd"
ERROR - 2017-05-17 15:26:25 --> Could not find the language line "mynt_buy_taobao"
ERROR - 2017-05-17 15:26:25 --> Could not find the language line "mynt_buy_tmall"
ERROR - 2017-05-17 15:26:25 --> Could not find the language line "mynt_buy_youzan"
ERROR - 2017-05-17 15:26:25 --> Could not find the language line "mynt_buy_jd"
ERROR - 2017-05-17 15:30:44 --> Could not find the language line "mynt_buy_taobao"
ERROR - 2017-05-17 15:30:44 --> Could not find the language line "mynt_buy_tmall"
ERROR - 2017-05-17 15:30:44 --> Could not find the language line "mynt_buy_youzan"
ERROR - 2017-05-17 15:30:44 --> Could not find the language line "mynt_buy_jd"
ERROR - 2017-05-17 15:31:50 --> Could not find the language line "mynt_buy_taobao"
ERROR - 2017-05-17 15:31:50 --> Could not find the language line "mynt_buy_tmall"
ERROR - 2017-05-17 15:31:50 --> Could not find the language line "mynt_buy_youzan"
ERROR - 2017-05-17 15:31:50 --> Could not find the language line "mynt_buy_jd"
ERROR - 2017-05-17 15:32:14 --> Could not find the language line "mynt_buy_taobao"
ERROR - 2017-05-17 15:32:14 --> Could not find the language line "mynt_buy_tmall"
ERROR - 2017-05-17 15:32:14 --> Could not find the language line "mynt_buy_youzan"
ERROR - 2017-05-17 15:32:14 --> Could not find the language line "mynt_buy_jd"
ERROR - 2017-05-17 15:34:30 --> Could not find the language line "mynt_buy_taobao"
ERROR - 2017-05-17 15:34:30 --> Could not find the language line "mynt_buy_tmall"
ERROR - 2017-05-17 15:34:30 --> Could not find the language line "mynt_buy_youzan"
ERROR - 2017-05-17 15:34:30 --> Could not find the language line "mynt_buy_jd"
ERROR - 2017-05-17 15:35:15 --> Could not find the language line "mynt_buy_taobao"
ERROR - 2017-05-17 15:35:15 --> Could not find the language line "mynt_buy_tmall"
ERROR - 2017-05-17 15:35:15 --> Could not find the language line "mynt_buy_youzan"
ERROR - 2017-05-17 15:35:15 --> Could not find the language line "mynt_buy_jd"
ERROR - 2017-05-17 15:36:04 --> Could not find the language line "mynt_buy_taobao"
ERROR - 2017-05-17 15:36:04 --> Could not find the language line "mynt_buy_tmall"
ERROR - 2017-05-17 15:36:04 --> Could not find the language line "mynt_buy_youzan"
ERROR - 2017-05-17 15:36:04 --> Could not find the language line "mynt_buy_jd"
ERROR - 2017-05-17 15:40:07 --> Could not find the language line "mynt_buy_taobao"
ERROR - 2017-05-17 15:40:07 --> Could not find the language line "mynt_buy_tmall"
ERROR - 2017-05-17 15:40:07 --> Could not find the language line "mynt_buy_youzan"
ERROR - 2017-05-17 15:40:07 --> Could not find the language line "mynt_buy_jd"
ERROR - 2017-05-17 15:50:51 --> Could not find the language line "mynt_buy_taobao"
ERROR - 2017-05-17 15:50:51 --> Could not find the language line "mynt_buy_tmall"
ERROR - 2017-05-17 15:50:51 --> Could not find the language line "mynt_buy_youzan"
ERROR - 2017-05-17 15:50:51 --> Could not find the language line "mynt_buy_jd"
ERROR - 2017-05-17 15:51:49 --> Could not find the language line "mynt_buy_taobao"
ERROR - 2017-05-17 15:51:49 --> Could not find the language line "mynt_buy_tmall"
ERROR - 2017-05-17 15:51:49 --> Could not find the language line "mynt_buy_youzan"
ERROR - 2017-05-17 15:51:49 --> Could not find the language line "mynt_buy_jd"
ERROR - 2017-05-17 15:52:31 --> Could not find the language line "mynt_buy_taobao"
ERROR - 2017-05-17 15:52:31 --> Could not find the language line "mynt_buy_tmall"
ERROR - 2017-05-17 15:52:31 --> Could not find the language line "mynt_buy_youzan"
ERROR - 2017-05-17 15:52:31 --> Could not find the language line "mynt_buy_jd"
ERROR - 2017-05-17 15:55:20 --> Could not find the language line "mynt_buy_taobao"
ERROR - 2017-05-17 15:55:20 --> Could not find the language line "mynt_buy_tmall"
ERROR - 2017-05-17 15:55:20 --> Could not find the language line "mynt_buy_youzan"
ERROR - 2017-05-17 15:55:20 --> Could not find the language line "mynt_buy_jd"
ERROR - 2017-05-17 15:57:02 --> Could not find the language line "mynt_buy_taobao"
ERROR - 2017-05-17 15:57:02 --> Could not find the language line "mynt_buy_tmall"
ERROR - 2017-05-17 15:57:02 --> Could not find the language line "mynt_buy_youzan"
ERROR - 2017-05-17 15:57:02 --> Could not find the language line "mynt_buy_jd"
ERROR - 2017-05-17 15:59:12 --> Could not find the language line "mynt_buy_taobao"
ERROR - 2017-05-17 15:59:12 --> Could not find the language line "mynt_buy_tmall"
ERROR - 2017-05-17 15:59:12 --> Could not find the language line "mynt_buy_youzan"
ERROR - 2017-05-17 15:59:12 --> Could not find the language line "mynt_buy_jd"
ERROR - 2017-05-17 15:59:37 --> Could not find the language line "mynt_buy_taobao"
ERROR - 2017-05-17 15:59:37 --> Could not find the language line "mynt_buy_tmall"
ERROR - 2017-05-17 15:59:37 --> Could not find the language line "mynt_buy_youzan"
ERROR - 2017-05-17 15:59:37 --> Could not find the language line "mynt_buy_jd"
ERROR - 2017-05-17 16:00:37 --> Could not find the language line "mynt_buy_taobao"
ERROR - 2017-05-17 16:00:37 --> Could not find the language line "mynt_buy_tmall"
ERROR - 2017-05-17 16:00:37 --> Could not find the language line "mynt_buy_youzan"
ERROR - 2017-05-17 16:00:37 --> Could not find the language line "mynt_buy_jd"
ERROR - 2017-05-17 16:01:01 --> Could not find the language line "mynt_buy_taobao"
ERROR - 2017-05-17 16:01:01 --> Could not find the language line "mynt_buy_tmall"
ERROR - 2017-05-17 16:01:01 --> Could not find the language line "mynt_buy_youzan"
ERROR - 2017-05-17 16:01:01 --> Could not find the language line "mynt_buy_jd"
ERROR - 2017-05-17 16:01:42 --> Could not find the language line "mynt_buy_taobao"
ERROR - 2017-05-17 16:01:42 --> Could not find the language line "mynt_buy_tmall"
ERROR - 2017-05-17 16:01:42 --> Could not find the language line "mynt_buy_youzan"
ERROR - 2017-05-17 16:01:42 --> Could not find the language line "mynt_buy_jd"
ERROR - 2017-05-17 16:06:10 --> Could not find the language line "mynt_buy_taobao"
ERROR - 2017-05-17 16:06:10 --> Could not find the language line "mynt_buy_tmall"
ERROR - 2017-05-17 16:06:10 --> Could not find the language line "mynt_buy_youzan"
ERROR - 2017-05-17 16:06:10 --> Could not find the language line "mynt_buy_jd"
ERROR - 2017-05-17 16:07:30 --> Could not find the language line "mynt_buy_taobao"
ERROR - 2017-05-17 16:07:30 --> Could not find the language line "mynt_buy_tmall"
ERROR - 2017-05-17 16:07:30 --> Could not find the language line "mynt_buy_youzan"
ERROR - 2017-05-17 16:07:30 --> Could not find the language line "mynt_buy_jd"
ERROR - 2017-05-17 16:09:24 --> Could not find the language line "mynt_buy_taobao"
ERROR - 2017-05-17 16:09:24 --> Could not find the language line "mynt_buy_tmall"
ERROR - 2017-05-17 16:09:24 --> Could not find the language line "mynt_buy_youzan"
ERROR - 2017-05-17 16:09:24 --> Could not find the language line "mynt_buy_jd"
ERROR - 2017-05-17 16:09:32 --> Could not find the language line "mynt_buy_taobao"
ERROR - 2017-05-17 16:09:32 --> Could not find the language line "mynt_buy_tmall"
ERROR - 2017-05-17 16:09:32 --> Could not find the language line "mynt_buy_youzan"
ERROR - 2017-05-17 16:09:32 --> Could not find the language line "mynt_buy_jd"
ERROR - 2017-05-17 16:10:23 --> Could not find the language line "mynt_buy_taobao"
ERROR - 2017-05-17 16:10:23 --> Could not find the language line "mynt_buy_tmall"
ERROR - 2017-05-17 16:10:23 --> Could not find the language line "mynt_buy_youzan"
ERROR - 2017-05-17 16:10:23 --> Could not find the language line "mynt_buy_jd"
ERROR - 2017-05-17 16:11:56 --> Could not find the language line "mynt_buy_taobao"
ERROR - 2017-05-17 16:11:56 --> Could not find the language line "mynt_buy_tmall"
ERROR - 2017-05-17 16:11:56 --> Could not find the language line "mynt_buy_youzan"
ERROR - 2017-05-17 16:11:56 --> Could not find the language line "mynt_buy_jd"
ERROR - 2017-05-17 16:18:55 --> Could not find the language line "mynt_buy_taobao"
ERROR - 2017-05-17 16:18:55 --> Could not find the language line "mynt_buy_tmall"
ERROR - 2017-05-17 16:18:55 --> Could not find the language line "mynt_buy_youzan"
ERROR - 2017-05-17 16:18:55 --> Could not find the language line "mynt_buy_jd"
ERROR - 2017-05-17 16:19:32 --> Could not find the language line "mynt_buy_taobao"
ERROR - 2017-05-17 16:19:32 --> Could not find the language line "mynt_buy_tmall"
ERROR - 2017-05-17 16:19:32 --> Could not find the language line "mynt_buy_youzan"
ERROR - 2017-05-17 16:19:32 --> Could not find the language line "mynt_buy_jd"
ERROR - 2017-05-17 16:19:50 --> Could not find the language line "mynt_buy_taobao"
ERROR - 2017-05-17 16:19:50 --> Could not find the language line "mynt_buy_tmall"
ERROR - 2017-05-17 16:19:50 --> Could not find the language line "mynt_buy_youzan"
ERROR - 2017-05-17 16:19:50 --> Could not find the language line "mynt_buy_jd"
ERROR - 2017-05-17 16:20:01 --> Could not find the language line "mynt_buy_taobao"
ERROR - 2017-05-17 16:20:01 --> Could not find the language line "mynt_buy_tmall"
ERROR - 2017-05-17 16:20:01 --> Could not find the language line "mynt_buy_youzan"
ERROR - 2017-05-17 16:20:01 --> Could not find the language line "mynt_buy_jd"
ERROR - 2017-05-17 16:20:27 --> Could not find the language line "mynt_buy_taobao"
ERROR - 2017-05-17 16:20:27 --> Could not find the language line "mynt_buy_tmall"
ERROR - 2017-05-17 16:20:27 --> Could not find the language line "mynt_buy_youzan"
ERROR - 2017-05-17 16:20:27 --> Could not find the language line "mynt_buy_jd"
ERROR - 2017-05-17 16:21:14 --> Could not find the language line "mynt_buy_taobao"
ERROR - 2017-05-17 16:21:14 --> Could not find the language line "mynt_buy_tmall"
ERROR - 2017-05-17 16:21:14 --> Could not find the language line "mynt_buy_youzan"
ERROR - 2017-05-17 16:21:14 --> Could not find the language line "mynt_buy_jd"
ERROR - 2017-05-17 23:59:13 --> Could not find the language line "mynt_buy_taobao"
ERROR - 2017-05-17 23:59:13 --> Could not find the language line "mynt_buy_tmall"
ERROR - 2017-05-17 23:59:13 --> Could not find the language line "mynt_buy_youzan"
ERROR - 2017-05-17 23:59:13 --> Could not find the language line "mynt_buy_jd"
