ERROR - 2017-04-19 02:38:45 --> Could not find the language line "mynt_buy_taobao"
ERROR - 2017-04-19 02:38:45 --> Could not find the language line "mynt_buy_tmall"
ERROR - 2017-04-19 02:38:45 --> Could not find the language line "mynt_buy_youzan"
ERROR - 2017-04-19 02:38:45 --> Could not find the language line "mynt_buy_jd"
ERROR - 2017-04-19 02:48:02 --> Could not find the language line "mynt_buy_taobao"
ERROR - 2017-04-19 02:48:02 --> Could not find the language line "mynt_buy_tmall"
ERROR - 2017-04-19 02:48:02 --> Could not find the language line "mynt_buy_youzan"
ERROR - 2017-04-19 02:48:02 --> Could not find the language line "mynt_buy_jd"
ERROR - 2017-04-19 02:54:22 --> Could not find the language line "mynt_buy_taobao"
ERROR - 2017-04-19 02:54:22 --> Could not find the language line "mynt_buy_tmall"
ERROR - 2017-04-19 02:54:22 --> Could not find the language line "mynt_buy_youzan"
ERROR - 2017-04-19 02:54:22 --> Could not find the language line "mynt_buy_jd"
ERROR - 2017-04-19 03:05:46 --> Could not find the language line "mynt_buy_taobao"
ERROR - 2017-04-19 03:05:46 --> Could not find the language line "mynt_buy_tmall"
ERROR - 2017-04-19 03:05:46 --> Could not find the language line "mynt_buy_youzan"
ERROR - 2017-04-19 03:05:46 --> Could not find the language line "mynt_buy_jd"
ERROR - 2017-04-19 03:05:46 --> Could not find the language line "mynt_icon_taobao"
ERROR - 2017-04-19 03:05:46 --> Could not find the language line "mynt_icon_tmall"
ERROR - 2017-04-19 03:05:46 --> Could not find the language line "mynt_icon_youzan"
ERROR - 2017-04-19 03:05:46 --> Could not find the language line "mynt_icon_jd"
ERROR - 2017-04-19 03:05:46 --> Could not find the language line "mynt_jd_detail"
ERROR - 2017-04-19 03:05:46 --> Could not find the language line "to_buy_wd"
ERROR - 2017-04-19 03:05:46 --> Could not find the language line "slightech_wechat"
ERROR - 2017-04-19 03:05:46 --> Could not find the language line "camera_no_lost"
ERROR - 2017-04-19 03:05:46 --> Could not find the language line "key_no_lost"
ERROR - 2017-04-19 03:05:46 --> Could not find the language line "bag_no_lost"
ERROR - 2017-04-19 03:05:46 --> Could not find the language line "computer_no_lost"
ERROR - 2017-04-19 03:05:46 --> Could not find the language line "pet_no_lost"
ERROR - 2017-04-19 03:05:46 --> Could not find the language line "goal"
ERROR - 2017-04-19 03:05:46 --> Could not find the language line "fund_title"
ERROR - 2017-04-19 03:05:46 --> Could not find the language line "fund_intro"
ERROR - 2017-04-19 03:05:46 --> Could not find the language line "mynt_buy_taobao"
ERROR - 2017-04-19 03:05:46 --> Could not find the language line "mynt_buy_tmall"
ERROR - 2017-04-19 03:05:46 --> Could not find the language line "mynt_buy_youzan"
ERROR - 2017-04-19 03:05:46 --> Could not find the language line "mynt_buy_jd"
