ERROR - 2016-09-09 04:44:03 --> Could not find the language line "mynt_buy_taobao"
ERROR - 2016-09-09 04:44:03 --> Could not find the language line "mynt_buy_tmall"
ERROR - 2016-09-09 04:44:03 --> Could not find the language line "mynt_buy_youzan"
ERROR - 2016-09-09 04:44:03 --> Could not find the language line "mynt_buy_jd"
ERROR - 2016-09-09 04:44:03 --> Could not find the language line "home_cloud_title"
ERROR - 2016-09-09 04:44:03 --> Could not find the language line "home_cloud_intro"
ERROR - 2016-09-09 04:44:03 --> Could not find the language line "mynt_icon_taobao"
ERROR - 2016-09-09 04:44:03 --> Could not find the language line "mynt_icon_tmall"
ERROR - 2016-09-09 04:44:03 --> Could not find the language line "mynt_icon_youzan"
ERROR - 2016-09-09 04:44:03 --> Could not find the language line "mynt_buy_taobao"
ERROR - 2016-09-09 04:44:03 --> Could not find the language line "mynt_buy_tmall"
ERROR - 2016-09-09 04:44:03 --> Could not find the language line "mynt_buy_youzan"
ERROR - 2016-09-09 04:44:03 --> Could not find the language line "mynt_buy_jd"
ERROR - 2016-09-09 06:37:18 --> Could not find the language line "mynt_buy_taobao"
ERROR - 2016-09-09 06:37:18 --> Could not find the language line "mynt_buy_tmall"
ERROR - 2016-09-09 06:37:18 --> Could not find the language line "mynt_buy_youzan"
ERROR - 2016-09-09 06:37:18 --> Could not find the language line "mynt_buy_jd"
ERROR - 2016-09-09 06:37:18 --> Session: File 'ci_sessions/ci_session4bcb0785ea37040d272a73e6b67f7650f91f878c' doesn't exist and cannot be created.
ERROR - 2016-09-09 06:42:53 --> Could not find the language line "mynt_buy_taobao"
ERROR - 2016-09-09 06:42:53 --> Could not find the language line "mynt_buy_tmall"
ERROR - 2016-09-09 06:42:53 --> Could not find the language line "mynt_buy_youzan"
ERROR - 2016-09-09 06:42:53 --> Could not find the language line "mynt_buy_jd"
ERROR - 2016-09-09 07:08:17 --> Could not find the language line "mynt_buy_taobao"
ERROR - 2016-09-09 07:08:17 --> Could not find the language line "mynt_buy_tmall"
ERROR - 2016-09-09 07:08:17 --> Could not find the language line "mynt_buy_youzan"
ERROR - 2016-09-09 07:08:17 --> Could not find the language line "mynt_buy_jd"
ERROR - 2016-09-09 07:08:17 --> Session: File 'ci_sessions/ci_sessione1822ff4fc15e6ac6f293c5631525f5e7356adbf' doesn't exist and cannot be created.
ERROR - 2016-09-09 07:08:30 --> Could not find the language line "mynt_buy_taobao"
ERROR - 2016-09-09 07:08:30 --> Could not find the language line "mynt_buy_tmall"
ERROR - 2016-09-09 07:08:30 --> Could not find the language line "mynt_buy_youzan"
ERROR - 2016-09-09 07:08:30 --> Could not find the language line "mynt_buy_jd"
ERROR - 2016-09-09 08:40:55 --> Could not find the language line "mynt_buy_taobao"
ERROR - 2016-09-09 08:40:55 --> Could not find the language line "mynt_buy_tmall"
ERROR - 2016-09-09 08:40:55 --> Could not find the language line "mynt_buy_youzan"
ERROR - 2016-09-09 08:40:55 --> Could not find the language line "mynt_buy_jd"
ERROR - 2016-09-09 08:40:55 --> Could not find the language line "about_keywords"
ERROR - 2016-09-09 08:40:55 --> Could not find the language line "about_facebook"
ERROR - 2016-09-09 08:40:55 --> Could not find the language line "about_twitter"
ERROR - 2016-09-09 08:40:55 --> Could not find the language line "about_weibo"
ERROR - 2016-09-09 08:40:55 --> Session: File 'ci_sessions/ci_session2ee5e997c8ea8dbb63b7d6a05f301806e569d228' doesn't exist and cannot be created.
ERROR - 2016-09-09 08:40:55 --> Could not find the language line "mynt_buy_taobao"
ERROR - 2016-09-09 08:40:55 --> Could not find the language line "mynt_buy_tmall"
ERROR - 2016-09-09 08:40:55 --> Could not find the language line "mynt_buy_youzan"
ERROR - 2016-09-09 08:40:55 --> Could not find the language line "mynt_buy_jd"
ERROR - 2016-09-09 09:29:17 --> Could not find the language line "mynt_buy_taobao"
ERROR - 2016-09-09 09:29:17 --> Could not find the language line "mynt_buy_tmall"
ERROR - 2016-09-09 09:29:17 --> Could not find the language line "mynt_buy_youzan"
ERROR - 2016-09-09 09:29:17 --> Could not find the language line "mynt_buy_jd"
ERROR - 2016-09-09 09:29:17 --> Session: File 'ci_sessions/ci_session51f7b0d9d2ffe9aae90e50d0ae4dd6f0df5b0a84' doesn't exist and cannot be created.
ERROR - 2016-09-09 09:29:18 --> Could not find the language line "mynt_buy_taobao"
ERROR - 2016-09-09 09:29:18 --> Could not find the language line "mynt_buy_tmall"
ERROR - 2016-09-09 09:29:18 --> Could not find the language line "mynt_buy_youzan"
ERROR - 2016-09-09 09:29:18 --> Could not find the language line "mynt_buy_jd"
ERROR - 2016-09-09 09:33:15 --> Could not find the language line "mynt_buy_taobao"
ERROR - 2016-09-09 09:33:15 --> Could not find the language line "mynt_buy_tmall"
ERROR - 2016-09-09 09:33:15 --> Could not find the language line "mynt_buy_youzan"
ERROR - 2016-09-09 09:33:15 --> Could not find the language line "mynt_buy_jd"
ERROR - 2016-09-09 09:33:16 --> Could not find the language line "mynt_buy_taobao"
ERROR - 2016-09-09 09:33:16 --> Could not find the language line "mynt_buy_tmall"
ERROR - 2016-09-09 09:33:16 --> Could not find the language line "mynt_buy_youzan"
ERROR - 2016-09-09 09:33:16 --> Could not find the language line "mynt_buy_jd"
ERROR - 2016-09-09 09:42:35 --> Could not find the language line "mynt_buy_taobao"
ERROR - 2016-09-09 09:42:35 --> Could not find the language line "mynt_buy_tmall"
ERROR - 2016-09-09 09:42:35 --> Could not find the language line "mynt_buy_youzan"
ERROR - 2016-09-09 09:42:35 --> Could not find the language line "mynt_buy_jd"
ERROR - 2016-09-09 09:42:36 --> Could not find the language line "mynt_buy_taobao"
ERROR - 2016-09-09 09:42:36 --> Could not find the language line "mynt_buy_tmall"
ERROR - 2016-09-09 09:42:36 --> Could not find the language line "mynt_buy_youzan"
ERROR - 2016-09-09 09:42:36 --> Could not find the language line "mynt_buy_jd"
ERROR - 2016-09-09 09:42:36 --> Session: File 'ci_sessions/ci_sessionb669c83eededd6e9f16ac99c5bf631020b97c05a' doesn't exist and cannot be created.
ERROR - 2016-09-09 10:07:50 --> Could not find the language line "mynt_buy_taobao"
ERROR - 2016-09-09 10:07:50 --> Could not find the language line "mynt_buy_tmall"
ERROR - 2016-09-09 10:07:50 --> Could not find the language line "mynt_buy_youzan"
ERROR - 2016-09-09 10:07:50 --> Could not find the language line "mynt_buy_jd"
ERROR - 2016-09-09 10:07:50 --> Could not find the language line "mynt_buy_taobao"
ERROR - 2016-09-09 10:07:50 --> Could not find the language line "mynt_buy_tmall"
ERROR - 2016-09-09 10:07:50 --> Could not find the language line "mynt_buy_youzan"
ERROR - 2016-09-09 10:07:50 --> Could not find the language line "mynt_buy_jd"
ERROR - 2016-09-09 10:14:21 --> Could not find the language line "mynt_buy_taobao"
ERROR - 2016-09-09 10:14:21 --> Could not find the language line "mynt_buy_tmall"
ERROR - 2016-09-09 10:14:21 --> Could not find the language line "mynt_buy_youzan"
ERROR - 2016-09-09 10:14:21 --> Could not find the language line "mynt_buy_jd"
ERROR - 2016-09-09 10:14:21 --> Session: File 'ci_sessions/ci_sessiond7b8bf34ac4e6713671b717a41e644da927650c3' doesn't exist and cannot be created.
ERROR - 2016-09-09 10:14:24 --> Could not find the language line "mynt_buy_taobao"
ERROR - 2016-09-09 10:14:24 --> Could not find the language line "mynt_buy_tmall"
ERROR - 2016-09-09 10:14:24 --> Could not find the language line "mynt_buy_youzan"
ERROR - 2016-09-09 10:14:24 --> Could not find the language line "mynt_buy_jd"
ERROR - 2016-09-09 10:14:24 --> Could not find the language line "home_cloud_title"
ERROR - 2016-09-09 10:14:24 --> Could not find the language line "home_cloud_intro"
ERROR - 2016-09-09 10:14:24 --> Could not find the language line "mynt_icon_taobao"
ERROR - 2016-09-09 10:14:24 --> Could not find the language line "mynt_icon_tmall"
ERROR - 2016-09-09 10:14:24 --> Could not find the language line "mynt_icon_youzan"
ERROR - 2016-09-09 10:14:24 --> Could not find the language line "mynt_buy_taobao"
ERROR - 2016-09-09 10:14:24 --> Could not find the language line "mynt_buy_tmall"
ERROR - 2016-09-09 10:14:24 --> Could not find the language line "mynt_buy_youzan"
ERROR - 2016-09-09 10:14:24 --> Could not find the language line "mynt_buy_jd"
ERROR - 2016-09-09 10:14:50 --> Could not find the language line "mynt_buy_taobao"
ERROR - 2016-09-09 10:14:50 --> Could not find the language line "mynt_buy_tmall"
ERROR - 2016-09-09 10:14:50 --> Could not find the language line "mynt_buy_youzan"
ERROR - 2016-09-09 10:14:50 --> Could not find the language line "mynt_buy_jd"
ERROR - 2016-09-09 10:14:52 --> Could not find the language line "mynt_buy_taobao"
ERROR - 2016-09-09 10:14:52 --> Could not find the language line "mynt_buy_tmall"
ERROR - 2016-09-09 10:14:52 --> Could not find the language line "mynt_buy_youzan"
ERROR - 2016-09-09 10:14:52 --> Could not find the language line "mynt_buy_jd"
ERROR - 2016-09-09 10:14:52 --> Could not find the language line "mynt_icon_taobao"
ERROR - 2016-09-09 10:14:52 --> Could not find the language line "mynt_icon_tmall"
ERROR - 2016-09-09 10:14:52 --> Could not find the language line "mynt_icon_youzan"
ERROR - 2016-09-09 10:14:52 --> Could not find the language line "mynt_icon_jd"
ERROR - 2016-09-09 10:14:52 --> Could not find the language line "mynt_jd_detail"
ERROR - 2016-09-09 10:14:52 --> Could not find the language line "to_buy_wd"
ERROR - 2016-09-09 10:14:52 --> Could not find the language line "slightech_wechat"
ERROR - 2016-09-09 10:14:52 --> Could not find the language line "camera_no_lost"
ERROR - 2016-09-09 10:14:52 --> Could not find the language line "key_no_lost"
ERROR - 2016-09-09 10:14:52 --> Could not find the language line "bag_no_lost"
ERROR - 2016-09-09 10:14:52 --> Could not find the language line "computer_no_lost"
ERROR - 2016-09-09 10:14:52 --> Could not find the language line "pet_no_lost"
ERROR - 2016-09-09 10:14:52 --> Could not find the language line "goal"
ERROR - 2016-09-09 10:14:52 --> Could not find the language line "fund_title"
ERROR - 2016-09-09 10:14:52 --> Could not find the language line "fund_intro"
ERROR - 2016-09-09 10:14:52 --> Could not find the language line "mynt_buy_taobao"
ERROR - 2016-09-09 10:14:52 --> Could not find the language line "mynt_buy_tmall"
ERROR - 2016-09-09 10:14:52 --> Could not find the language line "mynt_buy_youzan"
ERROR - 2016-09-09 10:14:52 --> Could not find the language line "mynt_buy_jd"
ERROR - 2016-09-09 10:18:55 --> Could not find the language line "mynt_buy_taobao"
ERROR - 2016-09-09 10:18:55 --> Could not find the language line "mynt_buy_tmall"
ERROR - 2016-09-09 10:18:55 --> Could not find the language line "mynt_buy_youzan"
ERROR - 2016-09-09 10:18:55 --> Could not find the language line "mynt_buy_jd"
ERROR - 2016-09-09 10:18:55 --> Could not find the language line "mynt_icon_taobao"
ERROR - 2016-09-09 10:18:55 --> Could not find the language line "mynt_icon_tmall"
ERROR - 2016-09-09 10:18:55 --> Could not find the language line "mynt_icon_youzan"
ERROR - 2016-09-09 10:18:55 --> Could not find the language line "mynt_icon_jd"
ERROR - 2016-09-09 10:18:55 --> Could not find the language line "mynt_jd_detail"
ERROR - 2016-09-09 10:18:55 --> Could not find the language line "to_buy_wd"
ERROR - 2016-09-09 10:18:55 --> Could not find the language line "slightech_wechat"
ERROR - 2016-09-09 10:18:55 --> Could not find the language line "camera_no_lost"
ERROR - 2016-09-09 10:18:55 --> Could not find the language line "key_no_lost"
ERROR - 2016-09-09 10:18:55 --> Could not find the language line "bag_no_lost"
ERROR - 2016-09-09 10:18:55 --> Could not find the language line "computer_no_lost"
ERROR - 2016-09-09 10:18:55 --> Could not find the language line "pet_no_lost"
ERROR - 2016-09-09 10:18:55 --> Could not find the language line "goal"
ERROR - 2016-09-09 10:18:55 --> Could not find the language line "fund_title"
ERROR - 2016-09-09 10:18:55 --> Could not find the language line "fund_intro"
ERROR - 2016-09-09 10:18:56 --> Could not find the language line "mynt_buy_taobao"
ERROR - 2016-09-09 10:18:56 --> Could not find the language line "mynt_buy_tmall"
ERROR - 2016-09-09 10:18:56 --> Could not find the language line "mynt_buy_youzan"
ERROR - 2016-09-09 10:18:56 --> Could not find the language line "mynt_buy_jd"
ERROR - 2016-09-09 10:21:58 --> Could not find the language line "mynt_buy_taobao"
ERROR - 2016-09-09 10:21:58 --> Could not find the language line "mynt_buy_tmall"
ERROR - 2016-09-09 10:21:58 --> Could not find the language line "mynt_buy_youzan"
ERROR - 2016-09-09 10:21:58 --> Could not find the language line "mynt_buy_jd"
ERROR - 2016-09-09 10:21:58 --> Could not find the language line "mynt_icon_taobao"
ERROR - 2016-09-09 10:21:58 --> Could not find the language line "mynt_icon_tmall"
ERROR - 2016-09-09 10:21:58 --> Could not find the language line "mynt_icon_youzan"
ERROR - 2016-09-09 10:21:58 --> Could not find the language line "mynt_icon_jd"
ERROR - 2016-09-09 10:21:58 --> Could not find the language line "mynt_jd_detail"
ERROR - 2016-09-09 10:21:58 --> Could not find the language line "to_buy_wd"
ERROR - 2016-09-09 10:21:58 --> Could not find the language line "slightech_wechat"
ERROR - 2016-09-09 10:21:58 --> Could not find the language line "camera_no_lost"
ERROR - 2016-09-09 10:21:58 --> Could not find the language line "key_no_lost"
ERROR - 2016-09-09 10:21:58 --> Could not find the language line "bag_no_lost"
ERROR - 2016-09-09 10:21:58 --> Could not find the language line "computer_no_lost"
ERROR - 2016-09-09 10:21:58 --> Could not find the language line "pet_no_lost"
ERROR - 2016-09-09 10:21:58 --> Could not find the language line "goal"
ERROR - 2016-09-09 10:21:58 --> Could not find the language line "fund_title"
ERROR - 2016-09-09 10:21:58 --> Could not find the language line "fund_intro"
ERROR - 2016-09-09 10:21:58 --> Session: File 'ci_sessions/ci_sessionf9c076f37a3b77596624eb2ab910de5e969efcd8' doesn't exist and cannot be created.
ERROR - 2016-09-09 10:21:58 --> Could not find the language line "mynt_buy_taobao"
ERROR - 2016-09-09 10:21:58 --> Could not find the language line "mynt_buy_tmall"
ERROR - 2016-09-09 10:21:58 --> Could not find the language line "mynt_buy_youzan"
ERROR - 2016-09-09 10:21:58 --> Could not find the language line "mynt_buy_jd"
ERROR - 2016-09-09 10:21:58 --> Session: File 'ci_sessions/ci_session2a1d78a6813595023531fbb99047f60812aee0fe' doesn't exist and cannot be created.
ERROR - 2016-09-09 10:22:46 --> Could not find the language line "mynt_buy_taobao"
ERROR - 2016-09-09 10:22:46 --> Could not find the language line "mynt_buy_tmall"
ERROR - 2016-09-09 10:22:46 --> Could not find the language line "mynt_buy_youzan"
ERROR - 2016-09-09 10:22:46 --> Could not find the language line "mynt_buy_jd"
ERROR - 2016-09-09 10:22:46 --> Could not find the language line "mynt_buy_taobao"
ERROR - 2016-09-09 10:22:46 --> Could not find the language line "mynt_buy_tmall"
ERROR - 2016-09-09 10:22:46 --> Could not find the language line "mynt_buy_youzan"
ERROR - 2016-09-09 10:22:46 --> Could not find the language line "mynt_buy_jd"
ERROR - 2016-09-09 10:22:52 --> Could not find the language line "mynt_buy_taobao"
ERROR - 2016-09-09 10:22:52 --> Could not find the language line "mynt_buy_tmall"
ERROR - 2016-09-09 10:22:52 --> Could not find the language line "mynt_buy_youzan"
ERROR - 2016-09-09 10:22:52 --> Could not find the language line "mynt_buy_jd"
ERROR - 2016-09-09 10:22:52 --> Could not find the language line "mynt_buy_taobao"
ERROR - 2016-09-09 10:22:52 --> Could not find the language line "mynt_buy_tmall"
ERROR - 2016-09-09 10:22:52 --> Could not find the language line "mynt_buy_youzan"
ERROR - 2016-09-09 10:22:52 --> Could not find the language line "mynt_buy_jd"
ERROR - 2016-09-09 10:22:57 --> Could not find the language line "mynt_buy_taobao"
ERROR - 2016-09-09 10:22:57 --> Could not find the language line "mynt_buy_tmall"
ERROR - 2016-09-09 10:22:57 --> Could not find the language line "mynt_buy_youzan"
ERROR - 2016-09-09 10:22:57 --> Could not find the language line "mynt_buy_jd"
ERROR - 2016-09-09 10:22:58 --> Could not find the language line "mynt_buy_taobao"
ERROR - 2016-09-09 10:22:58 --> Could not find the language line "mynt_buy_tmall"
ERROR - 2016-09-09 10:22:58 --> Could not find the language line "mynt_buy_youzan"
ERROR - 2016-09-09 10:22:58 --> Could not find the language line "mynt_buy_jd"
ERROR - 2016-09-09 10:24:15 --> Could not find the language line "mynt_buy_taobao"
ERROR - 2016-09-09 10:24:15 --> Could not find the language line "mynt_buy_tmall"
ERROR - 2016-09-09 10:24:15 --> Could not find the language line "mynt_buy_youzan"
ERROR - 2016-09-09 10:24:15 --> Could not find the language line "mynt_buy_jd"
ERROR - 2016-09-09 10:24:17 --> Could not find the language line "mynt_buy_taobao"
ERROR - 2016-09-09 10:24:17 --> Could not find the language line "mynt_buy_tmall"
ERROR - 2016-09-09 10:24:17 --> Could not find the language line "mynt_buy_youzan"
ERROR - 2016-09-09 10:24:17 --> Could not find the language line "mynt_buy_jd"
ERROR - 2016-09-09 10:26:43 --> Could not find the language line "mynt_buy_taobao"
ERROR - 2016-09-09 10:26:43 --> Could not find the language line "mynt_buy_tmall"
ERROR - 2016-09-09 10:26:43 --> Could not find the language line "mynt_buy_youzan"
ERROR - 2016-09-09 10:26:43 --> Could not find the language line "mynt_buy_jd"
ERROR - 2016-09-09 10:26:43 --> Could not find the language line "mynt_buy_taobao"
ERROR - 2016-09-09 10:26:43 --> Could not find the language line "mynt_buy_tmall"
ERROR - 2016-09-09 10:26:43 --> Could not find the language line "mynt_buy_youzan"
ERROR - 2016-09-09 10:26:43 --> Could not find the language line "mynt_buy_jd"
ERROR - 2016-09-09 10:26:50 --> Could not find the language line "mynt_buy_taobao"
ERROR - 2016-09-09 10:26:50 --> Could not find the language line "mynt_buy_tmall"
ERROR - 2016-09-09 10:26:50 --> Could not find the language line "mynt_buy_youzan"
ERROR - 2016-09-09 10:26:50 --> Could not find the language line "mynt_buy_jd"
ERROR - 2016-09-09 10:26:51 --> Could not find the language line "mynt_buy_taobao"
ERROR - 2016-09-09 10:26:51 --> Could not find the language line "mynt_buy_tmall"
ERROR - 2016-09-09 10:26:51 --> Could not find the language line "mynt_buy_youzan"
ERROR - 2016-09-09 10:26:51 --> Could not find the language line "mynt_buy_jd"
ERROR - 2016-09-09 10:28:48 --> Could not find the language line "mynt_buy_taobao"
ERROR - 2016-09-09 10:28:48 --> Could not find the language line "mynt_buy_tmall"
ERROR - 2016-09-09 10:28:48 --> Could not find the language line "mynt_buy_youzan"
ERROR - 2016-09-09 10:28:48 --> Could not find the language line "mynt_buy_jd"
ERROR - 2016-09-09 10:28:48 --> Session: File 'ci_sessions/ci_sessiond618cf34b0da03b758fd9f969812172e14109b3d' doesn't exist and cannot be created.
ERROR - 2016-09-09 10:28:50 --> Could not find the language line "mynt_buy_taobao"
ERROR - 2016-09-09 10:28:50 --> Could not find the language line "mynt_buy_tmall"
ERROR - 2016-09-09 10:28:50 --> Could not find the language line "mynt_buy_youzan"
ERROR - 2016-09-09 10:28:50 --> Could not find the language line "mynt_buy_jd"
ERROR - 2016-09-09 10:28:50 --> Could not find the language line "mynt_buy_taobao"
ERROR - 2016-09-09 10:28:50 --> Could not find the language line "mynt_buy_tmall"
ERROR - 2016-09-09 10:28:50 --> Could not find the language line "mynt_buy_youzan"
ERROR - 2016-09-09 10:28:50 --> Could not find the language line "mynt_buy_jd"
ERROR - 2016-09-09 10:28:58 --> Could not find the language line "mynt_buy_taobao"
ERROR - 2016-09-09 10:28:58 --> Could not find the language line "mynt_buy_tmall"
ERROR - 2016-09-09 10:28:58 --> Could not find the language line "mynt_buy_youzan"
ERROR - 2016-09-09 10:28:58 --> Could not find the language line "mynt_buy_jd"
ERROR - 2016-09-09 10:28:58 --> Could not find the language line "about_keywords"
ERROR - 2016-09-09 10:28:58 --> Could not find the language line "about_facebook"
ERROR - 2016-09-09 10:28:58 --> Could not find the language line "about_twitter"
ERROR - 2016-09-09 10:28:58 --> Could not find the language line "about_weibo"
ERROR - 2016-09-09 10:28:59 --> Could not find the language line "mynt_buy_taobao"
ERROR - 2016-09-09 10:28:59 --> Could not find the language line "mynt_buy_tmall"
ERROR - 2016-09-09 10:28:59 --> Could not find the language line "mynt_buy_youzan"
ERROR - 2016-09-09 10:28:59 --> Could not find the language line "mynt_buy_jd"
