ERROR - 2016-07-01 02:45:07 --> Could not find the language line "mynt_buy_taobao"
ERROR - 2016-07-01 02:45:07 --> Could not find the language line "mynt_buy_tmall"
ERROR - 2016-07-01 02:45:07 --> Could not find the language line "mynt_buy_youzan"
ERROR - 2016-07-01 02:46:05 --> Could not find the language line "mynt_buy_amazon"
ERROR - 2016-07-01 02:47:58 --> Could not find the language line "mynt_buy_taobao"
ERROR - 2016-07-01 02:47:58 --> Could not find the language line "mynt_buy_tmall"
ERROR - 2016-07-01 02:47:58 --> Could not find the language line "mynt_buy_youzan"
ERROR - 2016-07-01 03:14:11 --> Could not find the language line "mynt_buy_taobao"
ERROR - 2016-07-01 03:14:11 --> Could not find the language line "mynt_buy_tmall"
ERROR - 2016-07-01 03:14:11 --> Could not find the language line "mynt_buy_youzan"
ERROR - 2016-07-01 03:14:11 --> Session: File 'ci_sessions/ci_session8d363efa23f48e0bd0b3cd8e2d982e9932abe03f' doesn't exist and cannot be created.
ERROR - 2016-07-01 03:14:12 --> Could not find the language line "mynt_buy_taobao"
ERROR - 2016-07-01 03:14:12 --> Could not find the language line "mynt_buy_tmall"
ERROR - 2016-07-01 03:14:12 --> Could not find the language line "mynt_buy_youzan"
ERROR - 2016-07-01 04:41:57 --> Could not find the language line "mynt_buy_taobao"
ERROR - 2016-07-01 04:41:57 --> Could not find the language line "mynt_buy_tmall"
ERROR - 2016-07-01 04:41:57 --> Could not find the language line "mynt_buy_youzan"
ERROR - 2016-07-01 04:41:57 --> Session: File 'ci_sessions/ci_session1f7e42488c053709f5177c1d84eb9978e1d6fd85' doesn't exist and cannot be created.
ERROR - 2016-07-01 04:41:58 --> Could not find the language line "mynt_buy_taobao"
ERROR - 2016-07-01 04:41:58 --> Could not find the language line "mynt_buy_tmall"
ERROR - 2016-07-01 04:41:58 --> Could not find the language line "mynt_buy_youzan"
ERROR - 2016-07-01 04:41:58 --> Could not find the language line "mynt_buy_taobao"
ERROR - 2016-07-01 04:41:58 --> Could not find the language line "mynt_buy_tmall"
ERROR - 2016-07-01 04:41:58 --> Could not find the language line "mynt_buy_youzan"
ERROR - 2016-07-01 04:41:58 --> Could not find the language line "mynt_buy_taobao"
ERROR - 2016-07-01 04:41:58 --> Could not find the language line "mynt_buy_tmall"
ERROR - 2016-07-01 04:41:58 --> Could not find the language line "mynt_buy_youzan"
ERROR - 2016-07-01 04:41:59 --> Could not find the language line "mynt_buy_taobao"
ERROR - 2016-07-01 04:41:59 --> Could not find the language line "mynt_buy_tmall"
ERROR - 2016-07-01 04:41:59 --> Could not find the language line "mynt_buy_youzan"
ERROR - 2016-07-01 04:42:00 --> Could not find the language line "mynt_buy_taobao"
ERROR - 2016-07-01 04:42:00 --> Could not find the language line "mynt_buy_tmall"
ERROR - 2016-07-01 04:42:00 --> Could not find the language line "mynt_buy_youzan"
ERROR - 2016-07-01 04:42:00 --> Could not find the language line "mynt_buy_taobao"
ERROR - 2016-07-01 04:42:00 --> Could not find the language line "mynt_buy_tmall"
ERROR - 2016-07-01 04:42:00 --> Could not find the language line "mynt_buy_youzan"
ERROR - 2016-07-01 04:42:00 --> Could not find the language line "mynt_buy_taobao"
ERROR - 2016-07-01 04:42:00 --> Could not find the language line "mynt_buy_tmall"
ERROR - 2016-07-01 04:42:00 --> Could not find the language line "mynt_buy_youzan"
ERROR - 2016-07-01 04:42:00 --> Could not find the language line "mynt_buy_taobao"
ERROR - 2016-07-01 04:42:00 --> Could not find the language line "mynt_buy_tmall"
ERROR - 2016-07-01 04:42:00 --> Could not find the language line "mynt_buy_youzan"
ERROR - 2016-07-01 04:42:01 --> Could not find the language line "mynt_buy_taobao"
ERROR - 2016-07-01 04:42:01 --> Could not find the language line "mynt_buy_tmall"
ERROR - 2016-07-01 04:42:01 --> Could not find the language line "mynt_buy_youzan"
ERROR - 2016-07-01 04:42:01 --> Could not find the language line "mynt_buy_taobao"
ERROR - 2016-07-01 04:42:01 --> Could not find the language line "mynt_buy_tmall"
ERROR - 2016-07-01 04:42:01 --> Could not find the language line "mynt_buy_youzan"
ERROR - 2016-07-01 04:42:01 --> Could not find the language line "mynt_buy_taobao"
ERROR - 2016-07-01 04:42:01 --> Could not find the language line "mynt_buy_tmall"
ERROR - 2016-07-01 04:42:01 --> Could not find the language line "mynt_buy_youzan"
ERROR - 2016-07-01 04:42:01 --> Could not find the language line "mynt_buy_taobao"
ERROR - 2016-07-01 04:42:01 --> Could not find the language line "mynt_buy_tmall"
ERROR - 2016-07-01 04:42:01 --> Could not find the language line "mynt_buy_youzan"
ERROR - 2016-07-01 04:42:01 --> Could not find the language line "mynt_buy_taobao"
ERROR - 2016-07-01 04:42:01 --> Could not find the language line "mynt_buy_tmall"
ERROR - 2016-07-01 04:42:01 --> Could not find the language line "mynt_buy_youzan"
ERROR - 2016-07-01 04:42:01 --> Could not find the language line "mynt_buy_taobao"
ERROR - 2016-07-01 04:42:01 --> Could not find the language line "mynt_buy_tmall"
ERROR - 2016-07-01 04:42:01 --> Could not find the language line "mynt_buy_youzan"
ERROR - 2016-07-01 04:42:02 --> Could not find the language line "mynt_buy_taobao"
ERROR - 2016-07-01 04:42:02 --> Could not find the language line "mynt_buy_tmall"
ERROR - 2016-07-01 04:42:02 --> Could not find the language line "mynt_buy_youzan"
ERROR - 2016-07-01 04:42:02 --> Could not find the language line "mynt_buy_taobao"
ERROR - 2016-07-01 04:42:02 --> Could not find the language line "mynt_buy_tmall"
ERROR - 2016-07-01 04:42:02 --> Could not find the language line "mynt_buy_youzan"
ERROR - 2016-07-01 04:42:02 --> Could not find the language line "mynt_buy_taobao"
ERROR - 2016-07-01 04:42:02 --> Could not find the language line "mynt_buy_tmall"
ERROR - 2016-07-01 04:42:02 --> Could not find the language line "mynt_buy_youzan"
ERROR - 2016-07-01 04:42:03 --> Could not find the language line "mynt_buy_taobao"
ERROR - 2016-07-01 04:42:03 --> Could not find the language line "mynt_buy_tmall"
ERROR - 2016-07-01 04:42:03 --> Could not find the language line "mynt_buy_youzan"
ERROR - 2016-07-01 04:42:04 --> Could not find the language line "mynt_buy_taobao"
ERROR - 2016-07-01 04:42:04 --> Could not find the language line "mynt_buy_tmall"
ERROR - 2016-07-01 04:42:04 --> Could not find the language line "mynt_buy_youzan"
ERROR - 2016-07-01 05:52:42 --> Could not find the language line "mynt_buy_taobao"
ERROR - 2016-07-01 05:52:42 --> Could not find the language line "mynt_buy_tmall"
ERROR - 2016-07-01 05:52:42 --> Could not find the language line "mynt_buy_youzan"
ERROR - 2016-07-01 05:52:42 --> Session: File 'ci_sessions/ci_session4170c698db659f3782c3499ea166740103610a96' doesn't exist and cannot be created.
ERROR - 2016-07-01 06:03:12 --> Could not find the language line "mynt_buy_taobao"
ERROR - 2016-07-01 06:03:12 --> Could not find the language line "mynt_buy_tmall"
ERROR - 2016-07-01 06:03:12 --> Could not find the language line "mynt_buy_youzan"
ERROR - 2016-07-01 06:03:41 --> Could not find the language line "mynt_buy_taobao"
ERROR - 2016-07-01 06:03:41 --> Could not find the language line "mynt_buy_tmall"
ERROR - 2016-07-01 06:03:41 --> Could not find the language line "mynt_buy_youzan"
ERROR - 2016-07-01 06:08:44 --> Could not find the language line "mynt_buy_taobao"
ERROR - 2016-07-01 06:08:44 --> Could not find the language line "mynt_buy_tmall"
ERROR - 2016-07-01 06:08:44 --> Could not find the language line "mynt_buy_youzan"
ERROR - 2016-07-01 06:08:44 --> Session: File 'ci_sessions/ci_session4cf0d3438bfdb711c5393399bed2082399d7bbed' doesn't exist and cannot be created.
ERROR - 2016-07-01 06:08:53 --> Could not find the language line "mynt_buy_taobao"
ERROR - 2016-07-01 06:08:53 --> Could not find the language line "mynt_buy_tmall"
ERROR - 2016-07-01 06:08:53 --> Could not find the language line "mynt_buy_youzan"
ERROR - 2016-07-01 06:12:58 --> Could not find the language line "mynt_buy_taobao"
ERROR - 2016-07-01 06:12:58 --> Could not find the language line "mynt_buy_tmall"
ERROR - 2016-07-01 06:12:58 --> Could not find the language line "mynt_buy_youzan"
ERROR - 2016-07-01 06:13:59 --> Could not find the language line "mynt_buy_taobao"
ERROR - 2016-07-01 06:13:59 --> Could not find the language line "mynt_buy_tmall"
ERROR - 2016-07-01 06:13:59 --> Could not find the language line "mynt_buy_youzan"
ERROR - 2016-07-01 06:13:59 --> Session: File 'ci_sessions/ci_session88fcbf801b7bf9632ecc9abdaba2278209da61bd' doesn't exist and cannot be created.
ERROR - 2016-07-01 06:24:50 --> Could not find the language line "mynt_buy_taobao"
ERROR - 2016-07-01 06:24:50 --> Could not find the language line "mynt_buy_tmall"
ERROR - 2016-07-01 06:24:50 --> Could not find the language line "mynt_buy_youzan"
ERROR - 2016-07-01 06:24:57 --> Could not find the language line "mynt_buy_taobao"
ERROR - 2016-07-01 06:24:57 --> Could not find the language line "mynt_buy_tmall"
ERROR - 2016-07-01 06:24:57 --> Could not find the language line "mynt_buy_youzan"
ERROR - 2016-07-01 06:27:17 --> Could not find the language line "mynt_buy_taobao"
ERROR - 2016-07-01 06:27:17 --> Could not find the language line "mynt_buy_tmall"
ERROR - 2016-07-01 06:27:17 --> Could not find the language line "mynt_buy_youzan"
ERROR - 2016-07-01 06:28:05 --> Could not find the language line "mynt_buy_taobao"
ERROR - 2016-07-01 06:28:05 --> Could not find the language line "mynt_buy_tmall"
ERROR - 2016-07-01 06:28:05 --> Could not find the language line "mynt_buy_youzan"
ERROR - 2016-07-01 06:31:36 --> Could not find the language line "mynt_buy_taobao"
ERROR - 2016-07-01 06:31:36 --> Could not find the language line "mynt_buy_tmall"
ERROR - 2016-07-01 06:31:36 --> Could not find the language line "mynt_buy_youzan"
ERROR - 2016-07-01 06:31:36 --> Session: File 'ci_sessions/ci_sessionf732f8814e892e42abdc4732a81aabfac11af144' doesn't exist and cannot be created.
ERROR - 2016-07-01 06:31:39 --> Could not find the language line "mynt_buy_taobao"
ERROR - 2016-07-01 06:31:39 --> Could not find the language line "mynt_buy_tmall"
ERROR - 2016-07-01 06:31:39 --> Could not find the language line "mynt_buy_youzan"
ERROR - 2016-07-01 06:34:42 --> Could not find the language line "mynt_buy_taobao"
ERROR - 2016-07-01 06:34:42 --> Could not find the language line "mynt_buy_tmall"
ERROR - 2016-07-01 06:34:42 --> Could not find the language line "mynt_buy_youzan"
ERROR - 2016-07-01 06:34:45 --> Could not find the language line "mynt_buy_taobao"
ERROR - 2016-07-01 06:34:45 --> Could not find the language line "mynt_buy_tmall"
ERROR - 2016-07-01 06:34:45 --> Could not find the language line "mynt_buy_youzan"
ERROR - 2016-07-01 06:34:46 --> Could not find the language line "mynt_buy_taobao"
ERROR - 2016-07-01 06:34:46 --> Could not find the language line "mynt_buy_tmall"
ERROR - 2016-07-01 06:34:46 --> Could not find the language line "mynt_buy_youzan"
ERROR - 2016-07-01 06:34:47 --> Could not find the language line "mynt_buy_taobao"
ERROR - 2016-07-01 06:34:47 --> Could not find the language line "mynt_buy_tmall"
ERROR - 2016-07-01 06:34:47 --> Could not find the language line "mynt_buy_youzan"
ERROR - 2016-07-01 06:34:54 --> Could not find the language line "mynt_buy_taobao"
ERROR - 2016-07-01 06:34:54 --> Could not find the language line "mynt_buy_tmall"
ERROR - 2016-07-01 06:34:54 --> Could not find the language line "mynt_buy_youzan"
ERROR - 2016-07-01 06:37:52 --> Could not find the language line "mynt_buy_taobao"
ERROR - 2016-07-01 06:37:52 --> Could not find the language line "mynt_buy_tmall"
ERROR - 2016-07-01 06:37:52 --> Could not find the language line "mynt_buy_youzan"
ERROR - 2016-07-01 06:37:52 --> Session: File 'ci_sessions/ci_session5c6e5b0016257d03e0b8224125e99054a65d1c0f' doesn't exist and cannot be created.
ERROR - 2016-07-01 06:38:50 --> Could not find the language line "mynt_buy_taobao"
ERROR - 2016-07-01 06:38:50 --> Could not find the language line "mynt_buy_tmall"
ERROR - 2016-07-01 06:38:50 --> Could not find the language line "mynt_buy_youzan"
ERROR - 2016-07-01 06:39:26 --> Could not find the language line "mynt_buy_taobao"
ERROR - 2016-07-01 06:39:26 --> Could not find the language line "mynt_buy_tmall"
ERROR - 2016-07-01 06:39:26 --> Could not find the language line "mynt_buy_youzan"
ERROR - 2016-07-01 06:39:28 --> Could not find the language line "mynt_buy_taobao"
ERROR - 2016-07-01 06:39:28 --> Could not find the language line "mynt_buy_tmall"
ERROR - 2016-07-01 06:39:28 --> Could not find the language line "mynt_buy_youzan"
ERROR - 2016-07-01 06:39:28 --> Could not find the language line "mynt_buy_taobao"
ERROR - 2016-07-01 06:39:28 --> Could not find the language line "mynt_buy_tmall"
ERROR - 2016-07-01 06:39:28 --> Could not find the language line "mynt_buy_youzan"
ERROR - 2016-07-01 06:39:28 --> Could not find the language line "mynt_buy_taobao"
ERROR - 2016-07-01 06:39:28 --> Could not find the language line "mynt_buy_tmall"
ERROR - 2016-07-01 06:39:28 --> Could not find the language line "mynt_buy_youzan"
ERROR - 2016-07-01 06:39:28 --> Could not find the language line "mynt_buy_taobao"
ERROR - 2016-07-01 06:39:28 --> Could not find the language line "mynt_buy_tmall"
ERROR - 2016-07-01 06:39:28 --> Could not find the language line "mynt_buy_youzan"
ERROR - 2016-07-01 06:39:49 --> Could not find the language line "mynt_buy_taobao"
ERROR - 2016-07-01 06:39:49 --> Could not find the language line "mynt_buy_tmall"
ERROR - 2016-07-01 06:39:49 --> Could not find the language line "mynt_buy_youzan"
ERROR - 2016-07-01 06:40:36 --> Could not find the language line "mynt_buy_taobao"
ERROR - 2016-07-01 06:40:36 --> Could not find the language line "mynt_buy_tmall"
ERROR - 2016-07-01 06:40:36 --> Could not find the language line "mynt_buy_youzan"
ERROR - 2016-07-01 06:40:49 --> Could not find the language line "mynt_buy_taobao"
ERROR - 2016-07-01 06:40:49 --> Could not find the language line "mynt_buy_tmall"
ERROR - 2016-07-01 06:40:49 --> Could not find the language line "mynt_buy_youzan"
ERROR - 2016-07-01 06:40:52 --> Could not find the language line "mynt_buy_taobao"
ERROR - 2016-07-01 06:40:52 --> Could not find the language line "mynt_buy_tmall"
ERROR - 2016-07-01 06:40:52 --> Could not find the language line "mynt_buy_youzan"
ERROR - 2016-07-01 06:40:58 --> Could not find the language line "mynt_buy_taobao"
ERROR - 2016-07-01 06:40:58 --> Could not find the language line "mynt_buy_tmall"
ERROR - 2016-07-01 06:40:58 --> Could not find the language line "mynt_buy_youzan"
ERROR - 2016-07-01 06:40:59 --> Could not find the language line "mynt_buy_taobao"
ERROR - 2016-07-01 06:40:59 --> Could not find the language line "mynt_buy_tmall"
ERROR - 2016-07-01 06:40:59 --> Could not find the language line "mynt_buy_youzan"
ERROR - 2016-07-01 06:41:03 --> Could not find the language line "mynt_buy_taobao"
ERROR - 2016-07-01 06:41:03 --> Could not find the language line "mynt_buy_tmall"
ERROR - 2016-07-01 06:41:03 --> Could not find the language line "mynt_buy_youzan"
ERROR - 2016-07-01 06:41:09 --> Could not find the language line "mynt_buy_taobao"
ERROR - 2016-07-01 06:41:09 --> Could not find the language line "mynt_buy_tmall"
ERROR - 2016-07-01 06:41:09 --> Could not find the language line "mynt_buy_youzan"
ERROR - 2016-07-01 06:42:05 --> Could not find the language line "mynt_buy_taobao"
ERROR - 2016-07-01 06:42:05 --> Could not find the language line "mynt_buy_tmall"
ERROR - 2016-07-01 06:42:05 --> Could not find the language line "mynt_buy_youzan"
ERROR - 2016-07-01 06:42:18 --> Could not find the language line "mynt_buy_taobao"
ERROR - 2016-07-01 06:42:18 --> Could not find the language line "mynt_buy_tmall"
ERROR - 2016-07-01 06:42:18 --> Could not find the language line "mynt_buy_youzan"
ERROR - 2016-07-01 06:42:45 --> Could not find the language line "mynt_buy_taobao"
ERROR - 2016-07-01 06:42:45 --> Could not find the language line "mynt_buy_tmall"
ERROR - 2016-07-01 06:42:45 --> Could not find the language line "mynt_buy_youzan"
ERROR - 2016-07-01 06:42:54 --> Could not find the language line "mynt_buy_taobao"
ERROR - 2016-07-01 06:42:54 --> Could not find the language line "mynt_buy_tmall"
ERROR - 2016-07-01 06:42:54 --> Could not find the language line "mynt_buy_youzan"
ERROR - 2016-07-01 06:43:09 --> Could not find the language line "mynt_buy_taobao"
ERROR - 2016-07-01 06:43:09 --> Could not find the language line "mynt_buy_tmall"
ERROR - 2016-07-01 06:43:09 --> Could not find the language line "mynt_buy_youzan"
ERROR - 2016-07-01 06:43:18 --> Could not find the language line "mynt_buy_taobao"
ERROR - 2016-07-01 06:43:18 --> Could not find the language line "mynt_buy_tmall"
ERROR - 2016-07-01 06:43:18 --> Could not find the language line "mynt_buy_youzan"
ERROR - 2016-07-01 06:43:39 --> Could not find the language line "mynt_buy_amazon"
ERROR - 2016-07-01 06:43:43 --> Could not find the language line "mynt_buy_amazon"
ERROR - 2016-07-01 06:43:43 --> Could not find the language line "home_slife_title"
ERROR - 2016-07-01 06:43:43 --> Could not find the language line "home_cloud_title"
ERROR - 2016-07-01 06:43:43 --> Could not find the language line "home_cloud_intro"
ERROR - 2016-07-01 06:43:43 --> Could not find the language line "mynt_icon_buy"
