ERROR - 2016-12-27 05:34:31 --> Could not find the language line "mynt_buy_taobao"
ERROR - 2016-12-27 05:34:31 --> Could not find the language line "mynt_buy_tmall"
ERROR - 2016-12-27 05:34:31 --> Could not find the language line "mynt_buy_youzan"
ERROR - 2016-12-27 05:34:31 --> Could not find the language line "mynt_buy_jd"
ERROR - 2016-12-27 05:34:40 --> Could not find the language line "mynt_buy_taobao"
ERROR - 2016-12-27 05:34:40 --> Could not find the language line "mynt_buy_tmall"
ERROR - 2016-12-27 05:34:40 --> Could not find the language line "mynt_buy_youzan"
ERROR - 2016-12-27 05:34:40 --> Could not find the language line "mynt_buy_jd"
ERROR - 2016-12-27 05:34:40 --> Could not find the language line "home_cloud_title"
ERROR - 2016-12-27 05:34:40 --> Could not find the language line "home_cloud_intro"
ERROR - 2016-12-27 05:34:40 --> Could not find the language line "mynt_icon_taobao"
ERROR - 2016-12-27 05:34:40 --> Could not find the language line "mynt_icon_tmall"
ERROR - 2016-12-27 05:34:40 --> Could not find the language line "mynt_icon_youzan"
ERROR - 2016-12-27 05:34:40 --> Could not find the language line "mynt_buy_taobao"
ERROR - 2016-12-27 05:34:40 --> Could not find the language line "mynt_buy_tmall"
ERROR - 2016-12-27 05:34:40 --> Could not find the language line "mynt_buy_youzan"
ERROR - 2016-12-27 05:34:40 --> Could not find the language line "mynt_buy_jd"
ERROR - 2016-12-27 05:34:43 --> Could not find the language line "mynt_buy_taobao"
ERROR - 2016-12-27 05:34:43 --> Could not find the language line "mynt_buy_tmall"
ERROR - 2016-12-27 05:34:43 --> Could not find the language line "mynt_buy_youzan"
ERROR - 2016-12-27 05:34:43 --> Could not find the language line "mynt_buy_jd"
ERROR - 2016-12-27 05:34:43 --> Could not find the language line "home_cloud_title"
ERROR - 2016-12-27 05:34:43 --> Could not find the language line "home_cloud_intro"
ERROR - 2016-12-27 05:34:43 --> Could not find the language line "mynt_icon_taobao"
ERROR - 2016-12-27 05:34:43 --> Could not find the language line "mynt_icon_tmall"
ERROR - 2016-12-27 05:34:43 --> Could not find the language line "mynt_icon_youzan"
ERROR - 2016-12-27 05:34:43 --> Could not find the language line "mynt_buy_taobao"
ERROR - 2016-12-27 05:34:43 --> Could not find the language line "mynt_buy_tmall"
ERROR - 2016-12-27 05:34:43 --> Could not find the language line "mynt_buy_youzan"
ERROR - 2016-12-27 05:34:43 --> Could not find the language line "mynt_buy_jd"
ERROR - 2016-12-27 05:35:27 --> Could not find the language line "mynt_buy_taobao"
ERROR - 2016-12-27 05:35:27 --> Could not find the language line "mynt_buy_tmall"
ERROR - 2016-12-27 05:35:27 --> Could not find the language line "mynt_buy_youzan"
ERROR - 2016-12-27 05:35:27 --> Could not find the language line "mynt_buy_jd"
ERROR - 2016-12-27 05:35:27 --> Could not find the language line "home_cloud_title"
ERROR - 2016-12-27 05:35:27 --> Could not find the language line "home_cloud_intro"
ERROR - 2016-12-27 05:35:27 --> Could not find the language line "mynt_icon_taobao"
ERROR - 2016-12-27 05:35:27 --> Could not find the language line "mynt_icon_tmall"
ERROR - 2016-12-27 05:35:27 --> Could not find the language line "mynt_icon_youzan"
ERROR - 2016-12-27 05:35:27 --> Could not find the language line "mynt_buy_taobao"
ERROR - 2016-12-27 05:35:27 --> Could not find the language line "mynt_buy_tmall"
ERROR - 2016-12-27 05:35:27 --> Could not find the language line "mynt_buy_youzan"
ERROR - 2016-12-27 05:35:27 --> Could not find the language line "mynt_buy_jd"
ERROR - 2016-12-27 05:36:07 --> Could not find the language line "mynt_buy_taobao"
ERROR - 2016-12-27 05:36:07 --> Could not find the language line "mynt_buy_tmall"
ERROR - 2016-12-27 05:36:07 --> Could not find the language line "mynt_buy_youzan"
ERROR - 2016-12-27 05:36:07 --> Could not find the language line "mynt_buy_jd"
ERROR - 2016-12-27 05:36:07 --> Could not find the language line "home_cloud_title"
ERROR - 2016-12-27 05:36:07 --> Could not find the language line "home_cloud_intro"
ERROR - 2016-12-27 05:36:07 --> Could not find the language line "mynt_icon_taobao"
ERROR - 2016-12-27 05:36:07 --> Could not find the language line "mynt_icon_tmall"
ERROR - 2016-12-27 05:36:07 --> Could not find the language line "mynt_icon_youzan"
ERROR - 2016-12-27 05:36:08 --> Could not find the language line "mynt_buy_taobao"
ERROR - 2016-12-27 05:36:08 --> Could not find the language line "mynt_buy_tmall"
ERROR - 2016-12-27 05:36:08 --> Could not find the language line "mynt_buy_youzan"
ERROR - 2016-12-27 05:36:08 --> Could not find the language line "mynt_buy_jd"
ERROR - 2016-12-27 05:36:19 --> Could not find the language line "mynt_buy_taobao"
ERROR - 2016-12-27 05:36:19 --> Could not find the language line "mynt_buy_tmall"
ERROR - 2016-12-27 05:36:19 --> Could not find the language line "mynt_buy_youzan"
ERROR - 2016-12-27 05:36:19 --> Could not find the language line "mynt_buy_jd"
ERROR - 2016-12-27 05:36:21 --> Could not find the language line "mynt_buy_taobao"
ERROR - 2016-12-27 05:36:21 --> Could not find the language line "mynt_buy_tmall"
ERROR - 2016-12-27 05:36:21 --> Could not find the language line "mynt_buy_youzan"
ERROR - 2016-12-27 05:36:21 --> Could not find the language line "mynt_buy_jd"
ERROR - 2016-12-27 05:36:23 --> Could not find the language line "mynt_buy_taobao"
ERROR - 2016-12-27 05:36:23 --> Could not find the language line "mynt_buy_tmall"
ERROR - 2016-12-27 05:36:23 --> Could not find the language line "mynt_buy_youzan"
ERROR - 2016-12-27 05:36:23 --> Could not find the language line "mynt_buy_jd"
ERROR - 2016-12-27 05:36:23 --> Could not find the language line "home_cloud_title"
ERROR - 2016-12-27 05:36:23 --> Could not find the language line "home_cloud_intro"
ERROR - 2016-12-27 05:36:23 --> Could not find the language line "mynt_icon_taobao"
ERROR - 2016-12-27 05:36:23 --> Could not find the language line "mynt_icon_tmall"
ERROR - 2016-12-27 05:36:23 --> Could not find the language line "mynt_icon_youzan"
ERROR - 2016-12-27 05:36:23 --> Could not find the language line "mynt_buy_taobao"
ERROR - 2016-12-27 05:36:23 --> Could not find the language line "mynt_buy_tmall"
ERROR - 2016-12-27 05:36:23 --> Could not find the language line "mynt_buy_youzan"
ERROR - 2016-12-27 05:36:23 --> Could not find the language line "mynt_buy_jd"
ERROR - 2016-12-27 05:36:27 --> Could not find the language line "mynt_buy_taobao"
ERROR - 2016-12-27 05:36:27 --> Could not find the language line "mynt_buy_tmall"
ERROR - 2016-12-27 05:36:27 --> Could not find the language line "mynt_buy_youzan"
ERROR - 2016-12-27 05:36:27 --> Could not find the language line "mynt_buy_jd"
ERROR - 2016-12-27 05:36:27 --> Could not find the language line "home_cloud_title"
ERROR - 2016-12-27 05:36:27 --> Could not find the language line "home_cloud_intro"
ERROR - 2016-12-27 05:36:27 --> Could not find the language line "mynt_icon_taobao"
ERROR - 2016-12-27 05:36:27 --> Could not find the language line "mynt_icon_tmall"
ERROR - 2016-12-27 05:36:27 --> Could not find the language line "mynt_icon_youzan"
ERROR - 2016-12-27 05:36:28 --> Could not find the language line "mynt_buy_taobao"
ERROR - 2016-12-27 05:36:28 --> Could not find the language line "mynt_buy_tmall"
ERROR - 2016-12-27 05:36:28 --> Could not find the language line "mynt_buy_youzan"
ERROR - 2016-12-27 05:36:28 --> Could not find the language line "mynt_buy_jd"
ERROR - 2016-12-27 05:36:28 --> Could not find the language line "mynt_buy_taobao"
ERROR - 2016-12-27 05:36:28 --> Could not find the language line "mynt_buy_tmall"
ERROR - 2016-12-27 05:36:28 --> Could not find the language line "mynt_buy_youzan"
ERROR - 2016-12-27 05:36:28 --> Could not find the language line "mynt_buy_jd"
ERROR - 2016-12-27 05:36:28 --> Could not find the language line "home_cloud_title"
ERROR - 2016-12-27 05:36:28 --> Could not find the language line "home_cloud_intro"
ERROR - 2016-12-27 05:36:28 --> Could not find the language line "mynt_icon_taobao"
ERROR - 2016-12-27 05:36:28 --> Could not find the language line "mynt_icon_tmall"
ERROR - 2016-12-27 05:36:28 --> Could not find the language line "mynt_icon_youzan"
ERROR - 2016-12-27 05:36:28 --> Could not find the language line "mynt_buy_taobao"
ERROR - 2016-12-27 05:36:28 --> Could not find the language line "mynt_buy_tmall"
ERROR - 2016-12-27 05:36:28 --> Could not find the language line "mynt_buy_youzan"
ERROR - 2016-12-27 05:36:28 --> Could not find the language line "mynt_buy_jd"
ERROR - 2016-12-27 05:36:34 --> Could not find the language line "mynt_buy_taobao"
ERROR - 2016-12-27 05:36:34 --> Could not find the language line "mynt_buy_tmall"
ERROR - 2016-12-27 05:36:34 --> Could not find the language line "mynt_buy_youzan"
ERROR - 2016-12-27 05:36:34 --> Could not find the language line "mynt_buy_jd"
ERROR - 2016-12-27 05:36:46 --> Could not find the language line "mynt_buy_taobao"
ERROR - 2016-12-27 05:36:46 --> Could not find the language line "mynt_buy_tmall"
ERROR - 2016-12-27 05:36:46 --> Could not find the language line "mynt_buy_youzan"
ERROR - 2016-12-27 05:36:46 --> Could not find the language line "mynt_buy_jd"
ERROR - 2016-12-27 05:36:49 --> Could not find the language line "mynt_buy_taobao"
ERROR - 2016-12-27 05:36:49 --> Could not find the language line "mynt_buy_tmall"
ERROR - 2016-12-27 05:36:49 --> Could not find the language line "mynt_buy_youzan"
ERROR - 2016-12-27 05:36:49 --> Could not find the language line "mynt_buy_jd"
ERROR - 2016-12-27 05:36:49 --> Could not find the language line "home_cloud_title"
ERROR - 2016-12-27 05:36:49 --> Could not find the language line "home_cloud_intro"
ERROR - 2016-12-27 05:36:49 --> Could not find the language line "mynt_icon_taobao"
ERROR - 2016-12-27 05:36:49 --> Could not find the language line "mynt_icon_tmall"
ERROR - 2016-12-27 05:36:49 --> Could not find the language line "mynt_icon_youzan"
ERROR - 2016-12-27 05:36:49 --> Could not find the language line "mynt_buy_taobao"
ERROR - 2016-12-27 05:36:49 --> Could not find the language line "mynt_buy_tmall"
ERROR - 2016-12-27 05:36:49 --> Could not find the language line "mynt_buy_youzan"
ERROR - 2016-12-27 05:36:49 --> Could not find the language line "mynt_buy_jd"
ERROR - 2016-12-27 05:39:36 --> Could not find the language line "mynt_buy_taobao"
ERROR - 2016-12-27 05:39:36 --> Could not find the language line "mynt_buy_tmall"
ERROR - 2016-12-27 05:39:36 --> Could not find the language line "mynt_buy_youzan"
ERROR - 2016-12-27 05:39:36 --> Could not find the language line "mynt_buy_jd"
ERROR - 2016-12-27 05:39:36 --> Could not find the language line "home_cloud_title"
ERROR - 2016-12-27 05:39:36 --> Could not find the language line "home_cloud_intro"
ERROR - 2016-12-27 05:39:36 --> Could not find the language line "mynt_icon_taobao"
ERROR - 2016-12-27 05:39:36 --> Could not find the language line "mynt_icon_tmall"
ERROR - 2016-12-27 05:39:36 --> Could not find the language line "mynt_icon_youzan"
ERROR - 2016-12-27 05:39:37 --> Could not find the language line "mynt_buy_taobao"
ERROR - 2016-12-27 05:39:37 --> Could not find the language line "mynt_buy_tmall"
ERROR - 2016-12-27 05:39:37 --> Could not find the language line "mynt_buy_youzan"
ERROR - 2016-12-27 05:39:37 --> Could not find the language line "mynt_buy_jd"
ERROR - 2016-12-27 05:39:59 --> Could not find the language line "mynt_buy_taobao"
ERROR - 2016-12-27 05:39:59 --> Could not find the language line "mynt_buy_tmall"
ERROR - 2016-12-27 05:39:59 --> Could not find the language line "mynt_buy_youzan"
ERROR - 2016-12-27 05:39:59 --> Could not find the language line "mynt_buy_jd"
ERROR - 2016-12-27 05:40:07 --> Could not find the language line "mynt_buy_taobao"
ERROR - 2016-12-27 05:40:07 --> Could not find the language line "mynt_buy_tmall"
ERROR - 2016-12-27 05:40:07 --> Could not find the language line "mynt_buy_youzan"
ERROR - 2016-12-27 05:40:07 --> Could not find the language line "mynt_buy_jd"
ERROR - 2016-12-27 05:40:07 --> Could not find the language line "home_cloud_title"
ERROR - 2016-12-27 05:40:07 --> Could not find the language line "home_cloud_intro"
ERROR - 2016-12-27 05:40:07 --> Could not find the language line "mynt_icon_taobao"
ERROR - 2016-12-27 05:40:07 --> Could not find the language line "mynt_icon_tmall"
ERROR - 2016-12-27 05:40:07 --> Could not find the language line "mynt_icon_youzan"
ERROR - 2016-12-27 05:40:08 --> Could not find the language line "mynt_buy_taobao"
ERROR - 2016-12-27 05:40:08 --> Could not find the language line "mynt_buy_tmall"
ERROR - 2016-12-27 05:40:08 --> Could not find the language line "mynt_buy_youzan"
ERROR - 2016-12-27 05:40:08 --> Could not find the language line "mynt_buy_jd"
ERROR - 2016-12-27 05:41:21 --> Could not find the language line "mynt_buy_taobao"
ERROR - 2016-12-27 05:41:21 --> Could not find the language line "mynt_buy_tmall"
ERROR - 2016-12-27 05:41:21 --> Could not find the language line "mynt_buy_youzan"
ERROR - 2016-12-27 05:41:21 --> Could not find the language line "mynt_buy_jd"
ERROR - 2016-12-27 05:41:21 --> Could not find the language line "home_cloud_title"
ERROR - 2016-12-27 05:41:21 --> Could not find the language line "home_cloud_intro"
ERROR - 2016-12-27 05:41:21 --> Could not find the language line "mynt_icon_taobao"
ERROR - 2016-12-27 05:41:21 --> Could not find the language line "mynt_icon_tmall"
ERROR - 2016-12-27 05:41:21 --> Could not find the language line "mynt_icon_youzan"
ERROR - 2016-12-27 05:41:21 --> Could not find the language line "mynt_buy_taobao"
ERROR - 2016-12-27 05:41:21 --> Could not find the language line "mynt_buy_tmall"
ERROR - 2016-12-27 05:41:21 --> Could not find the language line "mynt_buy_youzan"
ERROR - 2016-12-27 05:41:21 --> Could not find the language line "mynt_buy_jd"
ERROR - 2016-12-27 05:41:22 --> Could not find the language line "mynt_buy_taobao"
ERROR - 2016-12-27 05:41:22 --> Could not find the language line "mynt_buy_tmall"
ERROR - 2016-12-27 05:41:22 --> Could not find the language line "mynt_buy_youzan"
ERROR - 2016-12-27 05:41:22 --> Could not find the language line "mynt_buy_jd"
ERROR - 2016-12-27 05:41:22 --> Could not find the language line "home_cloud_title"
ERROR - 2016-12-27 05:41:22 --> Could not find the language line "home_cloud_intro"
ERROR - 2016-12-27 05:41:22 --> Could not find the language line "mynt_icon_taobao"
ERROR - 2016-12-27 05:41:22 --> Could not find the language line "mynt_icon_tmall"
ERROR - 2016-12-27 05:41:22 --> Could not find the language line "mynt_icon_youzan"
ERROR - 2016-12-27 05:41:23 --> Could not find the language line "mynt_buy_taobao"
ERROR - 2016-12-27 05:41:23 --> Could not find the language line "mynt_buy_tmall"
ERROR - 2016-12-27 05:41:23 --> Could not find the language line "mynt_buy_youzan"
ERROR - 2016-12-27 05:41:23 --> Could not find the language line "mynt_buy_jd"
ERROR - 2016-12-27 05:41:24 --> Could not find the language line "mynt_buy_taobao"
ERROR - 2016-12-27 05:41:24 --> Could not find the language line "mynt_buy_tmall"
ERROR - 2016-12-27 05:41:24 --> Could not find the language line "mynt_buy_youzan"
ERROR - 2016-12-27 05:41:24 --> Could not find the language line "mynt_buy_jd"
ERROR - 2016-12-27 05:41:24 --> Could not find the language line "home_cloud_title"
ERROR - 2016-12-27 05:41:24 --> Could not find the language line "home_cloud_intro"
ERROR - 2016-12-27 05:41:24 --> Could not find the language line "mynt_icon_taobao"
ERROR - 2016-12-27 05:41:24 --> Could not find the language line "mynt_icon_tmall"
ERROR - 2016-12-27 05:41:24 --> Could not find the language line "mynt_icon_youzan"
ERROR - 2016-12-27 05:41:24 --> Could not find the language line "mynt_buy_taobao"
ERROR - 2016-12-27 05:41:24 --> Could not find the language line "mynt_buy_tmall"
ERROR - 2016-12-27 05:41:24 --> Could not find the language line "mynt_buy_youzan"
ERROR - 2016-12-27 05:41:24 --> Could not find the language line "mynt_buy_jd"
ERROR - 2016-12-27 05:41:25 --> Could not find the language line "mynt_buy_taobao"
ERROR - 2016-12-27 05:41:25 --> Could not find the language line "mynt_buy_tmall"
ERROR - 2016-12-27 05:41:25 --> Could not find the language line "mynt_buy_youzan"
ERROR - 2016-12-27 05:41:25 --> Could not find the language line "mynt_buy_jd"
ERROR - 2016-12-27 05:41:25 --> Could not find the language line "home_cloud_title"
ERROR - 2016-12-27 05:41:25 --> Could not find the language line "home_cloud_intro"
ERROR - 2016-12-27 05:41:25 --> Could not find the language line "mynt_icon_taobao"
ERROR - 2016-12-27 05:41:25 --> Could not find the language line "mynt_icon_tmall"
ERROR - 2016-12-27 05:41:25 --> Could not find the language line "mynt_icon_youzan"
ERROR - 2016-12-27 05:41:25 --> Could not find the language line "mynt_buy_taobao"
ERROR - 2016-12-27 05:41:25 --> Could not find the language line "mynt_buy_tmall"
ERROR - 2016-12-27 05:41:25 --> Could not find the language line "mynt_buy_youzan"
ERROR - 2016-12-27 05:41:25 --> Could not find the language line "mynt_buy_jd"
ERROR - 2016-12-27 05:41:26 --> Could not find the language line "mynt_buy_taobao"
ERROR - 2016-12-27 05:41:26 --> Could not find the language line "mynt_buy_tmall"
ERROR - 2016-12-27 05:41:26 --> Could not find the language line "mynt_buy_youzan"
ERROR - 2016-12-27 05:41:26 --> Could not find the language line "mynt_buy_jd"
ERROR - 2016-12-27 05:41:26 --> Could not find the language line "home_cloud_title"
ERROR - 2016-12-27 05:41:26 --> Could not find the language line "home_cloud_intro"
ERROR - 2016-12-27 05:41:26 --> Could not find the language line "mynt_icon_taobao"
ERROR - 2016-12-27 05:41:26 --> Could not find the language line "mynt_icon_tmall"
ERROR - 2016-12-27 05:41:26 --> Could not find the language line "mynt_icon_youzan"
ERROR - 2016-12-27 05:41:27 --> Could not find the language line "mynt_buy_taobao"
ERROR - 2016-12-27 05:41:27 --> Could not find the language line "mynt_buy_tmall"
ERROR - 2016-12-27 05:41:27 --> Could not find the language line "mynt_buy_youzan"
ERROR - 2016-12-27 05:41:27 --> Could not find the language line "mynt_buy_jd"
