ERROR - 2017-06-19 06:06:58 --> Could not find the language line "mynt_buy_taobao"
ERROR - 2017-06-19 06:06:58 --> Could not find the language line "mynt_buy_tmall"
ERROR - 2017-06-19 06:06:58 --> Could not find the language line "mynt_buy_youzan"
ERROR - 2017-06-19 06:06:58 --> Could not find the language line "mynt_buy_jd"
ERROR - 2017-06-19 06:06:58 --> Could not find the language line "home_cloud_title"
ERROR - 2017-06-19 06:06:58 --> Could not find the language line "home_cloud_intro"
ERROR - 2017-06-19 06:06:58 --> Could not find the language line "mynt_icon_taobao"
ERROR - 2017-06-19 06:06:58 --> Could not find the language line "mynt_icon_tmall"
ERROR - 2017-06-19 06:06:58 --> Could not find the language line "mynt_icon_youzan"
ERROR - 2017-06-19 06:06:58 --> Could not find the language line "mynt_buy_taobao"
ERROR - 2017-06-19 06:06:58 --> Could not find the language line "mynt_buy_tmall"
ERROR - 2017-06-19 06:06:58 --> Could not find the language line "mynt_buy_youzan"
ERROR - 2017-06-19 06:06:58 --> Could not find the language line "mynt_buy_jd"
ERROR - 2017-06-19 06:07:06 --> Could not find the language line "home_cloud_title"
ERROR - 2017-06-19 06:07:06 --> Could not find the language line "home_cloud_intro"
ERROR - 2017-06-19 06:07:06 --> Could not find the language line "mynt_buy_taobao"
ERROR - 2017-06-19 06:07:06 --> Could not find the language line "mynt_buy_tmall"
ERROR - 2017-06-19 06:07:06 --> Could not find the language line "mynt_buy_youzan"
ERROR - 2017-06-19 06:07:06 --> Could not find the language line "mynt_buy_jd"
ERROR - 2017-06-19 06:07:17 --> Could not find the language line "about_keywords"
ERROR - 2017-06-19 06:07:17 --> Could not find the language line "mynt_buy_taobao"
ERROR - 2017-06-19 06:07:17 --> Could not find the language line "mynt_buy_tmall"
ERROR - 2017-06-19 06:07:17 --> Could not find the language line "mynt_buy_youzan"
ERROR - 2017-06-19 06:07:17 --> Could not find the language line "mynt_buy_jd"
ERROR - 2017-06-19 06:07:50 --> Could not find the language line "about_keywords"
ERROR - 2017-06-19 06:07:51 --> Could not find the language line "mynt_buy_taobao"
ERROR - 2017-06-19 06:07:51 --> Could not find the language line "mynt_buy_tmall"
ERROR - 2017-06-19 06:07:51 --> Could not find the language line "mynt_buy_youzan"
ERROR - 2017-06-19 06:07:51 --> Could not find the language line "mynt_buy_jd"
ERROR - 2017-06-19 06:08:06 --> Could not find the language line "about_keywords"
ERROR - 2017-06-19 06:08:06 --> Could not find the language line "mynt_buy_taobao"
ERROR - 2017-06-19 06:08:06 --> Could not find the language line "mynt_buy_tmall"
ERROR - 2017-06-19 06:08:06 --> Could not find the language line "mynt_buy_youzan"
ERROR - 2017-06-19 06:08:06 --> Could not find the language line "mynt_buy_jd"
ERROR - 2017-06-19 06:08:41 --> Could not find the language line "about_keywords"
ERROR - 2017-06-19 06:08:41 --> Could not find the language line "mynt_buy_taobao"
ERROR - 2017-06-19 06:08:41 --> Could not find the language line "mynt_buy_tmall"
ERROR - 2017-06-19 06:08:41 --> Could not find the language line "mynt_buy_youzan"
ERROR - 2017-06-19 06:08:41 --> Could not find the language line "mynt_buy_jd"
ERROR - 2017-06-19 06:10:13 --> Could not find the language line "about_keywords"
ERROR - 2017-06-19 06:10:13 --> Could not find the language line "mynt_buy_taobao"
ERROR - 2017-06-19 06:10:13 --> Could not find the language line "mynt_buy_tmall"
ERROR - 2017-06-19 06:10:13 --> Could not find the language line "mynt_buy_youzan"
ERROR - 2017-06-19 06:10:13 --> Could not find the language line "mynt_buy_jd"
ERROR - 2017-06-19 06:15:53 --> Could not find the language line "about_keywords"
ERROR - 2017-06-19 06:15:56 --> Could not find the language line "mynt_buy_taobao"
ERROR - 2017-06-19 06:15:56 --> Could not find the language line "mynt_buy_tmall"
ERROR - 2017-06-19 06:15:56 --> Could not find the language line "mynt_buy_youzan"
ERROR - 2017-06-19 06:15:56 --> Could not find the language line "mynt_buy_jd"
ERROR - 2017-06-19 06:20:44 --> Could not find the language line "about_keywords"
ERROR - 2017-06-19 06:20:44 --> Could not find the language line "mynt_buy_taobao"
ERROR - 2017-06-19 06:20:44 --> Could not find the language line "mynt_buy_tmall"
ERROR - 2017-06-19 06:20:44 --> Could not find the language line "mynt_buy_youzan"
ERROR - 2017-06-19 06:20:44 --> Could not find the language line "mynt_buy_jd"
ERROR - 2017-06-19 06:20:45 --> Could not find the language line "about_keywords"
ERROR - 2017-06-19 06:20:45 --> Could not find the language line "mynt_buy_taobao"
ERROR - 2017-06-19 06:20:45 --> Could not find the language line "mynt_buy_tmall"
ERROR - 2017-06-19 06:20:45 --> Could not find the language line "mynt_buy_youzan"
ERROR - 2017-06-19 06:20:45 --> Could not find the language line "mynt_buy_jd"
ERROR - 2017-06-19 06:26:33 --> Could not find the language line "mynt_buy_taobao"
ERROR - 2017-06-19 06:26:33 --> Could not find the language line "mynt_buy_tmall"
ERROR - 2017-06-19 06:26:33 --> Could not find the language line "mynt_buy_youzan"
ERROR - 2017-06-19 06:26:33 --> Could not find the language line "mynt_buy_jd"
ERROR - 2017-06-19 06:26:33 --> Could not find the language line "about_keywords"
ERROR - 2017-06-19 06:26:33 --> Could not find the language line "about_facebook"
ERROR - 2017-06-19 06:26:33 --> Could not find the language line "about_twitter"
ERROR - 2017-06-19 06:26:33 --> Could not find the language line "about_weibo"
ERROR - 2017-06-19 06:26:34 --> Could not find the language line "mynt_buy_taobao"
ERROR - 2017-06-19 06:26:34 --> Could not find the language line "mynt_buy_tmall"
ERROR - 2017-06-19 06:26:34 --> Could not find the language line "mynt_buy_youzan"
ERROR - 2017-06-19 06:26:34 --> Could not find the language line "mynt_buy_jd"
ERROR - 2017-06-19 06:28:28 --> Could not find the language line "mynt_buy_taobao"
ERROR - 2017-06-19 06:28:28 --> Could not find the language line "mynt_buy_tmall"
ERROR - 2017-06-19 06:28:28 --> Could not find the language line "mynt_buy_youzan"
ERROR - 2017-06-19 06:28:28 --> Could not find the language line "mynt_buy_jd"
ERROR - 2017-06-19 06:28:28 --> Could not find the language line "about_keywords"
ERROR - 2017-06-19 06:28:28 --> Could not find the language line "about_facebook"
ERROR - 2017-06-19 06:28:28 --> Could not find the language line "about_twitter"
ERROR - 2017-06-19 06:28:28 --> Could not find the language line "about_weibo"
ERROR - 2017-06-19 06:28:28 --> Could not find the language line "mynt_buy_taobao"
ERROR - 2017-06-19 06:28:28 --> Could not find the language line "mynt_buy_tmall"
ERROR - 2017-06-19 06:28:28 --> Could not find the language line "mynt_buy_youzan"
ERROR - 2017-06-19 06:28:28 --> Could not find the language line "mynt_buy_jd"
ERROR - 2017-06-19 06:29:02 --> Could not find the language line "mynt_buy_taobao"
ERROR - 2017-06-19 06:29:02 --> Could not find the language line "mynt_buy_tmall"
ERROR - 2017-06-19 06:29:02 --> Could not find the language line "mynt_buy_youzan"
ERROR - 2017-06-19 06:29:02 --> Could not find the language line "mynt_buy_jd"
ERROR - 2017-06-19 06:29:02 --> Could not find the language line "about_keywords"
ERROR - 2017-06-19 06:29:02 --> Could not find the language line "about_facebook"
ERROR - 2017-06-19 06:29:02 --> Could not find the language line "about_twitter"
ERROR - 2017-06-19 06:29:02 --> Could not find the language line "about_weibo"
ERROR - 2017-06-19 06:29:02 --> Could not find the language line "mynt_buy_taobao"
ERROR - 2017-06-19 06:29:02 --> Could not find the language line "mynt_buy_tmall"
ERROR - 2017-06-19 06:29:02 --> Could not find the language line "mynt_buy_youzan"
ERROR - 2017-06-19 06:29:02 --> Could not find the language line "mynt_buy_jd"
ERROR - 2017-06-19 06:31:00 --> Could not find the language line "mynt_buy_taobao"
ERROR - 2017-06-19 06:31:00 --> Could not find the language line "mynt_buy_tmall"
ERROR - 2017-06-19 06:31:00 --> Could not find the language line "mynt_buy_youzan"
ERROR - 2017-06-19 06:31:00 --> Could not find the language line "mynt_buy_jd"
ERROR - 2017-06-19 06:31:01 --> Could not find the language line "mynt_buy_taobao"
ERROR - 2017-06-19 06:31:01 --> Could not find the language line "mynt_buy_tmall"
ERROR - 2017-06-19 06:31:01 --> Could not find the language line "mynt_buy_youzan"
ERROR - 2017-06-19 06:31:01 --> Could not find the language line "mynt_buy_jd"
ERROR - 2017-06-19 06:31:43 --> Could not find the language line "mynt_buy_taobao"
ERROR - 2017-06-19 06:31:43 --> Could not find the language line "mynt_buy_tmall"
ERROR - 2017-06-19 06:31:43 --> Could not find the language line "mynt_buy_youzan"
ERROR - 2017-06-19 06:31:43 --> Could not find the language line "mynt_buy_jd"
ERROR - 2017-06-19 06:31:44 --> Could not find the language line "mynt_buy_taobao"
ERROR - 2017-06-19 06:31:44 --> Could not find the language line "mynt_buy_tmall"
ERROR - 2017-06-19 06:31:44 --> Could not find the language line "mynt_buy_youzan"
ERROR - 2017-06-19 06:31:44 --> Could not find the language line "mynt_buy_jd"
ERROR - 2017-06-19 06:33:30 --> Could not find the language line "mynt_buy_taobao"
ERROR - 2017-06-19 06:33:30 --> Could not find the language line "mynt_buy_tmall"
ERROR - 2017-06-19 06:33:30 --> Could not find the language line "mynt_buy_youzan"
ERROR - 2017-06-19 06:33:30 --> Could not find the language line "mynt_buy_jd"
ERROR - 2017-06-19 06:33:30 --> Could not find the language line "mynt_buy_taobao"
ERROR - 2017-06-19 06:33:30 --> Could not find the language line "mynt_buy_tmall"
ERROR - 2017-06-19 06:33:30 --> Could not find the language line "mynt_buy_youzan"
ERROR - 2017-06-19 06:33:30 --> Could not find the language line "mynt_buy_jd"
ERROR - 2017-06-19 06:34:29 --> Could not find the language line "mynt_buy_taobao"
ERROR - 2017-06-19 06:34:29 --> Could not find the language line "mynt_buy_tmall"
ERROR - 2017-06-19 06:34:29 --> Could not find the language line "mynt_buy_youzan"
ERROR - 2017-06-19 06:34:29 --> Could not find the language line "mynt_buy_jd"
ERROR - 2017-06-19 06:34:29 --> Could not find the language line "mynt_buy_taobao"
ERROR - 2017-06-19 06:34:29 --> Could not find the language line "mynt_buy_tmall"
ERROR - 2017-06-19 06:34:29 --> Could not find the language line "mynt_buy_youzan"
ERROR - 2017-06-19 06:34:29 --> Could not find the language line "mynt_buy_jd"
ERROR - 2017-06-19 06:34:33 --> Could not find the language line "mynt_buy_taobao"
ERROR - 2017-06-19 06:34:33 --> Could not find the language line "mynt_buy_tmall"
ERROR - 2017-06-19 06:34:33 --> Could not find the language line "mynt_buy_youzan"
ERROR - 2017-06-19 06:34:33 --> Could not find the language line "mynt_buy_jd"
ERROR - 2017-06-19 06:34:33 --> Could not find the language line "mynt_buy_taobao"
ERROR - 2017-06-19 06:34:33 --> Could not find the language line "mynt_buy_tmall"
ERROR - 2017-06-19 06:34:33 --> Could not find the language line "mynt_buy_youzan"
ERROR - 2017-06-19 06:34:33 --> Could not find the language line "mynt_buy_jd"
ERROR - 2017-06-19 06:37:11 --> Could not find the language line "mynt_buy_taobao"
ERROR - 2017-06-19 06:37:11 --> Could not find the language line "mynt_buy_tmall"
ERROR - 2017-06-19 06:37:11 --> Could not find the language line "mynt_buy_youzan"
ERROR - 2017-06-19 06:37:11 --> Could not find the language line "mynt_buy_jd"
ERROR - 2017-06-19 06:37:12 --> Could not find the language line "mynt_buy_taobao"
ERROR - 2017-06-19 06:37:12 --> Could not find the language line "mynt_buy_tmall"
ERROR - 2017-06-19 06:37:12 --> Could not find the language line "mynt_buy_youzan"
ERROR - 2017-06-19 06:37:12 --> Could not find the language line "mynt_buy_jd"
ERROR - 2017-06-19 06:37:25 --> Could not find the language line "mynt_buy_taobao"
ERROR - 2017-06-19 06:37:25 --> Could not find the language line "mynt_buy_tmall"
ERROR - 2017-06-19 06:37:25 --> Could not find the language line "mynt_buy_youzan"
ERROR - 2017-06-19 06:37:25 --> Could not find the language line "mynt_buy_jd"
ERROR - 2017-06-19 06:37:25 --> Could not find the language line "mynt_buy_taobao"
ERROR - 2017-06-19 06:37:25 --> Could not find the language line "mynt_buy_tmall"
ERROR - 2017-06-19 06:37:25 --> Could not find the language line "mynt_buy_youzan"
ERROR - 2017-06-19 06:37:25 --> Could not find the language line "mynt_buy_jd"
ERROR - 2017-06-19 06:38:31 --> Could not find the language line "mynt_buy_taobao"
ERROR - 2017-06-19 06:38:31 --> Could not find the language line "mynt_buy_tmall"
ERROR - 2017-06-19 06:38:31 --> Could not find the language line "mynt_buy_youzan"
ERROR - 2017-06-19 06:38:31 --> Could not find the language line "mynt_buy_jd"
ERROR - 2017-06-19 06:38:33 --> Could not find the language line "mynt_buy_taobao"
ERROR - 2017-06-19 06:38:33 --> Could not find the language line "mynt_buy_tmall"
ERROR - 2017-06-19 06:38:33 --> Could not find the language line "mynt_buy_youzan"
ERROR - 2017-06-19 06:38:33 --> Could not find the language line "mynt_buy_jd"
ERROR - 2017-06-19 06:38:56 --> Could not find the language line "mynt_buy_taobao"
ERROR - 2017-06-19 06:38:56 --> Could not find the language line "mynt_buy_tmall"
ERROR - 2017-06-19 06:38:56 --> Could not find the language line "mynt_buy_youzan"
ERROR - 2017-06-19 06:38:56 --> Could not find the language line "mynt_buy_jd"
ERROR - 2017-06-19 06:38:58 --> Could not find the language line "mynt_buy_taobao"
ERROR - 2017-06-19 06:38:58 --> Could not find the language line "mynt_buy_tmall"
ERROR - 2017-06-19 06:38:58 --> Could not find the language line "mynt_buy_youzan"
ERROR - 2017-06-19 06:38:58 --> Could not find the language line "mynt_buy_jd"
ERROR - 2017-06-19 06:39:07 --> Could not find the language line "mynt_buy_taobao"
ERROR - 2017-06-19 06:39:07 --> Could not find the language line "mynt_buy_tmall"
ERROR - 2017-06-19 06:39:07 --> Could not find the language line "mynt_buy_youzan"
ERROR - 2017-06-19 06:39:07 --> Could not find the language line "mynt_buy_jd"
ERROR - 2017-06-19 06:39:07 --> Could not find the language line "mynt_buy_taobao"
ERROR - 2017-06-19 06:39:07 --> Could not find the language line "mynt_buy_tmall"
ERROR - 2017-06-19 06:39:07 --> Could not find the language line "mynt_buy_youzan"
ERROR - 2017-06-19 06:39:07 --> Could not find the language line "mynt_buy_jd"
ERROR - 2017-06-19 06:39:38 --> Could not find the language line "mynt_buy_taobao"
ERROR - 2017-06-19 06:39:38 --> Could not find the language line "mynt_buy_tmall"
ERROR - 2017-06-19 06:39:38 --> Could not find the language line "mynt_buy_youzan"
ERROR - 2017-06-19 06:39:38 --> Could not find the language line "mynt_buy_jd"
ERROR - 2017-06-19 06:39:40 --> Could not find the language line "mynt_buy_taobao"
ERROR - 2017-06-19 06:39:40 --> Could not find the language line "mynt_buy_tmall"
ERROR - 2017-06-19 06:39:40 --> Could not find the language line "mynt_buy_youzan"
ERROR - 2017-06-19 06:39:40 --> Could not find the language line "mynt_buy_jd"
ERROR - 2017-06-19 06:40:34 --> Could not find the language line "mynt_buy_taobao"
ERROR - 2017-06-19 06:40:34 --> Could not find the language line "mynt_buy_tmall"
ERROR - 2017-06-19 06:40:34 --> Could not find the language line "mynt_buy_youzan"
ERROR - 2017-06-19 06:40:34 --> Could not find the language line "mynt_buy_jd"
ERROR - 2017-06-19 06:40:34 --> Could not find the language line "mynt_buy_taobao"
ERROR - 2017-06-19 06:40:34 --> Could not find the language line "mynt_buy_tmall"
ERROR - 2017-06-19 06:40:34 --> Could not find the language line "mynt_buy_youzan"
ERROR - 2017-06-19 06:40:34 --> Could not find the language line "mynt_buy_jd"
ERROR - 2017-06-19 06:40:42 --> Could not find the language line "mynt_buy_taobao"
ERROR - 2017-06-19 06:40:42 --> Could not find the language line "mynt_buy_tmall"
ERROR - 2017-06-19 06:40:42 --> Could not find the language line "mynt_buy_youzan"
ERROR - 2017-06-19 06:40:42 --> Could not find the language line "mynt_buy_jd"
ERROR - 2017-06-19 06:40:42 --> Could not find the language line "mynt_buy_taobao"
ERROR - 2017-06-19 06:40:42 --> Could not find the language line "mynt_buy_tmall"
ERROR - 2017-06-19 06:40:42 --> Could not find the language line "mynt_buy_youzan"
ERROR - 2017-06-19 06:40:42 --> Could not find the language line "mynt_buy_jd"
ERROR - 2017-06-19 06:42:39 --> Could not find the language line "mynt_buy_taobao"
ERROR - 2017-06-19 06:42:39 --> Could not find the language line "mynt_buy_tmall"
ERROR - 2017-06-19 06:42:39 --> Could not find the language line "mynt_buy_youzan"
ERROR - 2017-06-19 06:42:39 --> Could not find the language line "mynt_buy_jd"
ERROR - 2017-06-19 06:42:39 --> Could not find the language line "mynt_buy_taobao"
ERROR - 2017-06-19 06:42:39 --> Could not find the language line "mynt_buy_tmall"
ERROR - 2017-06-19 06:42:39 --> Could not find the language line "mynt_buy_youzan"
ERROR - 2017-06-19 06:42:39 --> Could not find the language line "mynt_buy_jd"
ERROR - 2017-06-19 06:44:18 --> Could not find the language line "mynt_buy_taobao"
ERROR - 2017-06-19 06:44:18 --> Could not find the language line "mynt_buy_tmall"
ERROR - 2017-06-19 06:44:18 --> Could not find the language line "mynt_buy_youzan"
ERROR - 2017-06-19 06:44:18 --> Could not find the language line "mynt_buy_jd"
ERROR - 2017-06-19 06:44:19 --> Could not find the language line "mynt_buy_taobao"
ERROR - 2017-06-19 06:44:19 --> Could not find the language line "mynt_buy_tmall"
ERROR - 2017-06-19 06:44:19 --> Could not find the language line "mynt_buy_youzan"
ERROR - 2017-06-19 06:44:19 --> Could not find the language line "mynt_buy_jd"
ERROR - 2017-06-19 06:47:02 --> Could not find the language line "mynt_buy_taobao"
ERROR - 2017-06-19 06:47:02 --> Could not find the language line "mynt_buy_tmall"
ERROR - 2017-06-19 06:47:02 --> Could not find the language line "mynt_buy_youzan"
ERROR - 2017-06-19 06:47:02 --> Could not find the language line "mynt_buy_jd"
ERROR - 2017-06-19 06:47:04 --> Could not find the language line "mynt_buy_taobao"
ERROR - 2017-06-19 06:47:04 --> Could not find the language line "mynt_buy_tmall"
ERROR - 2017-06-19 06:47:04 --> Could not find the language line "mynt_buy_youzan"
ERROR - 2017-06-19 06:47:04 --> Could not find the language line "mynt_buy_jd"
ERROR - 2017-06-19 06:47:45 --> Could not find the language line "mynt_buy_taobao"
ERROR - 2017-06-19 06:47:45 --> Could not find the language line "mynt_buy_tmall"
ERROR - 2017-06-19 06:47:45 --> Could not find the language line "mynt_buy_youzan"
ERROR - 2017-06-19 06:47:45 --> Could not find the language line "mynt_buy_jd"
ERROR - 2017-06-19 06:47:45 --> Could not find the language line "mynt_buy_taobao"
ERROR - 2017-06-19 06:47:45 --> Could not find the language line "mynt_buy_tmall"
ERROR - 2017-06-19 06:47:45 --> Could not find the language line "mynt_buy_youzan"
ERROR - 2017-06-19 06:47:45 --> Could not find the language line "mynt_buy_jd"
ERROR - 2017-06-19 06:48:10 --> Could not find the language line "mynt_buy_taobao"
ERROR - 2017-06-19 06:48:10 --> Could not find the language line "mynt_buy_tmall"
ERROR - 2017-06-19 06:48:10 --> Could not find the language line "mynt_buy_youzan"
ERROR - 2017-06-19 06:48:10 --> Could not find the language line "mynt_buy_jd"
ERROR - 2017-06-19 06:48:10 --> Could not find the language line "mynt_buy_taobao"
ERROR - 2017-06-19 06:48:10 --> Could not find the language line "mynt_buy_tmall"
ERROR - 2017-06-19 06:48:10 --> Could not find the language line "mynt_buy_youzan"
ERROR - 2017-06-19 06:48:10 --> Could not find the language line "mynt_buy_jd"
ERROR - 2017-06-19 06:48:25 --> Could not find the language line "mynt_buy_taobao"
ERROR - 2017-06-19 06:48:25 --> Could not find the language line "mynt_buy_tmall"
ERROR - 2017-06-19 06:48:25 --> Could not find the language line "mynt_buy_youzan"
ERROR - 2017-06-19 06:48:25 --> Could not find the language line "mynt_buy_jd"
ERROR - 2017-06-19 06:48:25 --> Could not find the language line "mynt_buy_taobao"
ERROR - 2017-06-19 06:48:25 --> Could not find the language line "mynt_buy_tmall"
ERROR - 2017-06-19 06:48:25 --> Could not find the language line "mynt_buy_youzan"
ERROR - 2017-06-19 06:48:25 --> Could not find the language line "mynt_buy_jd"
ERROR - 2017-06-19 06:49:06 --> Could not find the language line "mynt_buy_taobao"
ERROR - 2017-06-19 06:49:06 --> Could not find the language line "mynt_buy_tmall"
ERROR - 2017-06-19 06:49:06 --> Could not find the language line "mynt_buy_youzan"
ERROR - 2017-06-19 06:49:06 --> Could not find the language line "mynt_buy_jd"
ERROR - 2017-06-19 06:49:06 --> Could not find the language line "mynt_buy_taobao"
ERROR - 2017-06-19 06:49:06 --> Could not find the language line "mynt_buy_tmall"
ERROR - 2017-06-19 06:49:06 --> Could not find the language line "mynt_buy_youzan"
ERROR - 2017-06-19 06:49:06 --> Could not find the language line "mynt_buy_jd"
ERROR - 2017-06-19 06:52:34 --> Could not find the language line "mynt_buy_taobao"
ERROR - 2017-06-19 06:52:34 --> Could not find the language line "mynt_buy_tmall"
ERROR - 2017-06-19 06:52:34 --> Could not find the language line "mynt_buy_youzan"
ERROR - 2017-06-19 06:52:34 --> Could not find the language line "mynt_buy_jd"
ERROR - 2017-06-19 06:52:34 --> Could not find the language line "home_cloud_title"
ERROR - 2017-06-19 06:52:34 --> Could not find the language line "home_cloud_intro"
ERROR - 2017-06-19 06:52:34 --> Could not find the language line "mynt_icon_taobao"
ERROR - 2017-06-19 06:52:34 --> Could not find the language line "mynt_icon_tmall"
ERROR - 2017-06-19 06:52:34 --> Could not find the language line "mynt_icon_youzan"
ERROR - 2017-06-19 06:52:34 --> Could not find the language line "mynt_buy_taobao"
ERROR - 2017-06-19 06:52:34 --> Could not find the language line "mynt_buy_tmall"
ERROR - 2017-06-19 06:52:34 --> Could not find the language line "mynt_buy_youzan"
ERROR - 2017-06-19 06:52:34 --> Could not find the language line "mynt_buy_jd"
ERROR - 2017-06-19 06:52:39 --> Could not find the language line "mynt_buy_taobao"
ERROR - 2017-06-19 06:52:39 --> Could not find the language line "mynt_buy_tmall"
ERROR - 2017-06-19 06:52:39 --> Could not find the language line "mynt_buy_youzan"
ERROR - 2017-06-19 06:52:39 --> Could not find the language line "mynt_buy_jd"
ERROR - 2017-06-19 06:53:37 --> Could not find the language line "mynt_buy_taobao"
ERROR - 2017-06-19 06:53:37 --> Could not find the language line "mynt_buy_tmall"
ERROR - 2017-06-19 06:53:37 --> Could not find the language line "mynt_buy_youzan"
ERROR - 2017-06-19 06:53:37 --> Could not find the language line "mynt_buy_jd"
ERROR - 2017-06-19 06:53:38 --> Could not find the language line "mynt_buy_taobao"
ERROR - 2017-06-19 06:53:38 --> Could not find the language line "mynt_buy_tmall"
ERROR - 2017-06-19 06:53:38 --> Could not find the language line "mynt_buy_youzan"
ERROR - 2017-06-19 06:53:38 --> Could not find the language line "mynt_buy_jd"
ERROR - 2017-06-19 06:53:38 --> Could not find the language line "mynt_buy_taobao"
ERROR - 2017-06-19 06:53:38 --> Could not find the language line "mynt_buy_tmall"
ERROR - 2017-06-19 06:53:38 --> Could not find the language line "mynt_buy_youzan"
ERROR - 2017-06-19 06:53:38 --> Could not find the language line "mynt_buy_jd"
ERROR - 2017-06-19 06:54:30 --> Could not find the language line "mynt_buy_taobao"
ERROR - 2017-06-19 06:54:30 --> Could not find the language line "mynt_buy_tmall"
ERROR - 2017-06-19 06:54:30 --> Could not find the language line "mynt_buy_youzan"
ERROR - 2017-06-19 06:54:30 --> Could not find the language line "mynt_buy_jd"
ERROR - 2017-06-19 06:56:05 --> Could not find the language line "mynt_buy_taobao"
ERROR - 2017-06-19 06:56:05 --> Could not find the language line "mynt_buy_tmall"
ERROR - 2017-06-19 06:56:05 --> Could not find the language line "mynt_buy_youzan"
ERROR - 2017-06-19 06:56:05 --> Could not find the language line "mynt_buy_jd"
ERROR - 2017-06-19 07:05:46 --> Could not find the language line "mynt_buy_taobao"
ERROR - 2017-06-19 07:05:46 --> Could not find the language line "mynt_buy_tmall"
ERROR - 2017-06-19 07:05:46 --> Could not find the language line "mynt_buy_youzan"
ERROR - 2017-06-19 07:05:46 --> Could not find the language line "mynt_buy_jd"
ERROR - 2017-06-19 07:05:46 --> Could not find the language line "home_cloud_title"
ERROR - 2017-06-19 07:05:46 --> Could not find the language line "home_cloud_intro"
ERROR - 2017-06-19 07:05:46 --> Could not find the language line "mynt_icon_taobao"
ERROR - 2017-06-19 07:05:46 --> Could not find the language line "mynt_icon_tmall"
ERROR - 2017-06-19 07:05:46 --> Could not find the language line "mynt_icon_youzan"
ERROR - 2017-06-19 07:05:47 --> Could not find the language line "mynt_buy_taobao"
ERROR - 2017-06-19 07:05:47 --> Could not find the language line "mynt_buy_tmall"
ERROR - 2017-06-19 07:05:47 --> Could not find the language line "mynt_buy_youzan"
ERROR - 2017-06-19 07:05:47 --> Could not find the language line "mynt_buy_jd"
ERROR - 2017-06-19 07:05:53 --> Could not find the language line "mynt_buy_taobao"
ERROR - 2017-06-19 07:05:53 --> Could not find the language line "mynt_buy_tmall"
ERROR - 2017-06-19 07:05:53 --> Could not find the language line "mynt_buy_youzan"
ERROR - 2017-06-19 07:05:53 --> Could not find the language line "mynt_buy_jd"
ERROR - 2017-06-19 07:05:53 --> Could not find the language line "about_keywords"
ERROR - 2017-06-19 07:05:53 --> Could not find the language line "about_facebook"
ERROR - 2017-06-19 07:05:53 --> Could not find the language line "about_twitter"
ERROR - 2017-06-19 07:05:53 --> Could not find the language line "about_weibo"
ERROR - 2017-06-19 07:05:53 --> Could not find the language line "mynt_buy_taobao"
ERROR - 2017-06-19 07:05:53 --> Could not find the language line "mynt_buy_tmall"
ERROR - 2017-06-19 07:05:53 --> Could not find the language line "mynt_buy_youzan"
ERROR - 2017-06-19 07:05:53 --> Could not find the language line "mynt_buy_jd"
ERROR - 2017-06-19 07:05:56 --> Could not find the language line "mynt_buy_taobao"
ERROR - 2017-06-19 07:05:56 --> Could not find the language line "mynt_buy_tmall"
ERROR - 2017-06-19 07:05:56 --> Could not find the language line "mynt_buy_youzan"
ERROR - 2017-06-19 07:05:56 --> Could not find the language line "mynt_buy_jd"
ERROR - 2017-06-19 07:05:56 --> Could not find the language line "about_keywords"
ERROR - 2017-06-19 07:05:56 --> Could not find the language line "about_facebook"
ERROR - 2017-06-19 07:05:56 --> Could not find the language line "about_twitter"
ERROR - 2017-06-19 07:05:56 --> Could not find the language line "about_weibo"
ERROR - 2017-06-19 07:05:58 --> Could not find the language line "mynt_buy_taobao"
ERROR - 2017-06-19 07:05:58 --> Could not find the language line "mynt_buy_tmall"
ERROR - 2017-06-19 07:05:58 --> Could not find the language line "mynt_buy_youzan"
ERROR - 2017-06-19 07:05:58 --> Could not find the language line "mynt_buy_jd"
ERROR - 2017-06-19 07:06:37 --> Could not find the language line "mynt_buy_taobao"
ERROR - 2017-06-19 07:06:37 --> Could not find the language line "mynt_buy_tmall"
ERROR - 2017-06-19 07:06:37 --> Could not find the language line "mynt_buy_youzan"
ERROR - 2017-06-19 07:06:37 --> Could not find the language line "mynt_buy_jd"
ERROR - 2017-06-19 07:06:37 --> Could not find the language line "about_keywords"
ERROR - 2017-06-19 07:06:37 --> Could not find the language line "about_facebook"
ERROR - 2017-06-19 07:06:37 --> Could not find the language line "about_twitter"
ERROR - 2017-06-19 07:06:37 --> Could not find the language line "about_weibo"
ERROR - 2017-06-19 07:06:37 --> Could not find the language line "mynt_buy_taobao"
ERROR - 2017-06-19 07:06:37 --> Could not find the language line "mynt_buy_tmall"
ERROR - 2017-06-19 07:06:37 --> Could not find the language line "mynt_buy_youzan"
ERROR - 2017-06-19 07:06:37 --> Could not find the language line "mynt_buy_jd"
ERROR - 2017-06-19 07:10:52 --> Could not find the language line "mynt_buy_taobao"
ERROR - 2017-06-19 07:10:52 --> Could not find the language line "mynt_buy_tmall"
ERROR - 2017-06-19 07:10:52 --> Could not find the language line "mynt_buy_youzan"
ERROR - 2017-06-19 07:10:52 --> Could not find the language line "mynt_buy_jd"
ERROR - 2017-06-19 07:10:52 --> Could not find the language line "about_keywords"
ERROR - 2017-06-19 07:10:52 --> Could not find the language line "about_facebook"
ERROR - 2017-06-19 07:10:52 --> Could not find the language line "about_twitter"
ERROR - 2017-06-19 07:10:52 --> Could not find the language line "about_weibo"
ERROR - 2017-06-19 07:10:53 --> Could not find the language line "mynt_buy_taobao"
ERROR - 2017-06-19 07:10:53 --> Could not find the language line "mynt_buy_tmall"
ERROR - 2017-06-19 07:10:53 --> Could not find the language line "mynt_buy_youzan"
ERROR - 2017-06-19 07:10:53 --> Could not find the language line "mynt_buy_jd"
ERROR - 2017-06-19 07:10:53 --> Could not find the language line "about_keywords"
ERROR - 2017-06-19 07:10:53 --> Could not find the language line "about_facebook"
ERROR - 2017-06-19 07:10:53 --> Could not find the language line "about_twitter"
ERROR - 2017-06-19 07:10:53 --> Could not find the language line "about_weibo"
ERROR - 2017-06-19 07:10:53 --> Could not find the language line "mynt_buy_taobao"
ERROR - 2017-06-19 07:10:53 --> Could not find the language line "mynt_buy_tmall"
ERROR - 2017-06-19 07:10:53 --> Could not find the language line "mynt_buy_youzan"
ERROR - 2017-06-19 07:10:53 --> Could not find the language line "mynt_buy_jd"
ERROR - 2017-06-19 07:11:38 --> Could not find the language line "mynt_buy_taobao"
ERROR - 2017-06-19 07:11:38 --> Could not find the language line "mynt_buy_tmall"
ERROR - 2017-06-19 07:11:38 --> Could not find the language line "mynt_buy_youzan"
ERROR - 2017-06-19 07:11:38 --> Could not find the language line "mynt_buy_jd"
ERROR - 2017-06-19 07:11:38 --> Could not find the language line "about_keywords"
ERROR - 2017-06-19 07:11:38 --> Could not find the language line "about_facebook"
ERROR - 2017-06-19 07:11:38 --> Could not find the language line "about_twitter"
ERROR - 2017-06-19 07:11:38 --> Could not find the language line "about_weibo"
ERROR - 2017-06-19 07:11:38 --> Could not find the language line "mynt_buy_taobao"
ERROR - 2017-06-19 07:11:38 --> Could not find the language line "mynt_buy_tmall"
ERROR - 2017-06-19 07:11:38 --> Could not find the language line "mynt_buy_youzan"
ERROR - 2017-06-19 07:11:38 --> Could not find the language line "mynt_buy_jd"
ERROR - 2017-06-19 07:14:36 --> Could not find the language line "mynt_buy_taobao"
ERROR - 2017-06-19 07:14:36 --> Could not find the language line "mynt_buy_tmall"
ERROR - 2017-06-19 07:14:36 --> Could not find the language line "mynt_buy_youzan"
ERROR - 2017-06-19 07:14:36 --> Could not find the language line "mynt_buy_jd"
ERROR - 2017-06-19 07:14:36 --> Could not find the language line "about_keywords"
ERROR - 2017-06-19 07:14:36 --> Could not find the language line "about_facebook"
ERROR - 2017-06-19 07:14:36 --> Could not find the language line "about_twitter"
ERROR - 2017-06-19 07:14:36 --> Could not find the language line "about_weibo"
ERROR - 2017-06-19 07:14:37 --> Could not find the language line "mynt_buy_taobao"
ERROR - 2017-06-19 07:14:37 --> Could not find the language line "mynt_buy_tmall"
ERROR - 2017-06-19 07:14:37 --> Could not find the language line "mynt_buy_youzan"
ERROR - 2017-06-19 07:14:37 --> Could not find the language line "mynt_buy_jd"
ERROR - 2017-06-19 07:18:29 --> Could not find the language line "mynt_buy_taobao"
ERROR - 2017-06-19 07:18:29 --> Could not find the language line "mynt_buy_tmall"
ERROR - 2017-06-19 07:18:29 --> Could not find the language line "mynt_buy_youzan"
ERROR - 2017-06-19 07:18:29 --> Could not find the language line "mynt_buy_jd"
ERROR - 2017-06-19 07:18:29 --> Could not find the language line "about_keywords"
ERROR - 2017-06-19 07:18:29 --> Could not find the language line "about_facebook"
ERROR - 2017-06-19 07:18:29 --> Could not find the language line "about_twitter"
ERROR - 2017-06-19 07:18:29 --> Could not find the language line "about_weibo"
ERROR - 2017-06-19 07:18:29 --> Could not find the language line "mynt_buy_taobao"
ERROR - 2017-06-19 07:18:29 --> Could not find the language line "mynt_buy_tmall"
ERROR - 2017-06-19 07:18:29 --> Could not find the language line "mynt_buy_youzan"
ERROR - 2017-06-19 07:18:29 --> Could not find the language line "mynt_buy_jd"
ERROR - 2017-06-19 07:20:20 --> Could not find the language line "mynt_buy_taobao"
ERROR - 2017-06-19 07:20:20 --> Could not find the language line "mynt_buy_tmall"
ERROR - 2017-06-19 07:20:20 --> Could not find the language line "mynt_buy_youzan"
ERROR - 2017-06-19 07:20:20 --> Could not find the language line "mynt_buy_jd"
ERROR - 2017-06-19 07:20:20 --> Could not find the language line "about_keywords"
ERROR - 2017-06-19 07:20:20 --> Could not find the language line "about_facebook"
ERROR - 2017-06-19 07:20:20 --> Could not find the language line "about_twitter"
ERROR - 2017-06-19 07:20:20 --> Could not find the language line "about_weibo"
ERROR - 2017-06-19 07:20:20 --> Could not find the language line "mynt_buy_taobao"
ERROR - 2017-06-19 07:20:20 --> Could not find the language line "mynt_buy_tmall"
ERROR - 2017-06-19 07:20:20 --> Could not find the language line "mynt_buy_youzan"
ERROR - 2017-06-19 07:20:20 --> Could not find the language line "mynt_buy_jd"
ERROR - 2017-06-19 07:23:56 --> Could not find the language line "mynt_buy_taobao"
ERROR - 2017-06-19 07:23:56 --> Could not find the language line "mynt_buy_tmall"
ERROR - 2017-06-19 07:23:56 --> Could not find the language line "mynt_buy_youzan"
ERROR - 2017-06-19 07:23:56 --> Could not find the language line "mynt_buy_jd"
ERROR - 2017-06-19 07:23:56 --> Could not find the language line "about_keywords"
ERROR - 2017-06-19 07:23:56 --> Could not find the language line "about_facebook"
ERROR - 2017-06-19 07:23:56 --> Could not find the language line "about_twitter"
ERROR - 2017-06-19 07:23:56 --> Could not find the language line "about_weibo"
ERROR - 2017-06-19 07:23:56 --> Could not find the language line "mynt_buy_taobao"
ERROR - 2017-06-19 07:23:56 --> Could not find the language line "mynt_buy_tmall"
ERROR - 2017-06-19 07:23:56 --> Could not find the language line "mynt_buy_youzan"
ERROR - 2017-06-19 07:23:56 --> Could not find the language line "mynt_buy_jd"
ERROR - 2017-06-19 07:30:16 --> Could not find the language line "mynt_buy_taobao"
ERROR - 2017-06-19 07:30:16 --> Could not find the language line "mynt_buy_tmall"
ERROR - 2017-06-19 07:30:16 --> Could not find the language line "mynt_buy_youzan"
ERROR - 2017-06-19 07:30:16 --> Could not find the language line "mynt_buy_jd"
ERROR - 2017-06-19 07:30:16 --> Could not find the language line "about_keywords"
ERROR - 2017-06-19 07:30:16 --> Could not find the language line "about_facebook"
ERROR - 2017-06-19 07:30:16 --> Could not find the language line "about_twitter"
ERROR - 2017-06-19 07:30:16 --> Could not find the language line "about_weibo"
ERROR - 2017-06-19 07:30:16 --> Could not find the language line "mynt_buy_taobao"
ERROR - 2017-06-19 07:30:16 --> Could not find the language line "mynt_buy_tmall"
ERROR - 2017-06-19 07:30:16 --> Could not find the language line "mynt_buy_youzan"
ERROR - 2017-06-19 07:30:16 --> Could not find the language line "mynt_buy_jd"
ERROR - 2017-06-19 07:31:04 --> Could not find the language line "mynt_buy_taobao"
ERROR - 2017-06-19 07:31:04 --> Could not find the language line "mynt_buy_tmall"
ERROR - 2017-06-19 07:31:04 --> Could not find the language line "mynt_buy_youzan"
ERROR - 2017-06-19 07:31:04 --> Could not find the language line "mynt_buy_jd"
ERROR - 2017-06-19 07:31:04 --> Could not find the language line "about_keywords"
ERROR - 2017-06-19 07:31:04 --> Could not find the language line "about_facebook"
ERROR - 2017-06-19 07:31:04 --> Could not find the language line "about_twitter"
ERROR - 2017-06-19 07:31:04 --> Could not find the language line "about_weibo"
ERROR - 2017-06-19 07:31:04 --> Could not find the language line "mynt_buy_taobao"
ERROR - 2017-06-19 07:31:04 --> Could not find the language line "mynt_buy_tmall"
ERROR - 2017-06-19 07:31:04 --> Could not find the language line "mynt_buy_youzan"
ERROR - 2017-06-19 07:31:04 --> Could not find the language line "mynt_buy_jd"
ERROR - 2017-06-19 07:32:15 --> Could not find the language line "mynt_buy_taobao"
ERROR - 2017-06-19 07:32:15 --> Could not find the language line "mynt_buy_tmall"
ERROR - 2017-06-19 07:32:15 --> Could not find the language line "mynt_buy_youzan"
ERROR - 2017-06-19 07:32:15 --> Could not find the language line "mynt_buy_jd"
ERROR - 2017-06-19 07:32:15 --> Could not find the language line "about_keywords"
ERROR - 2017-06-19 07:32:15 --> Could not find the language line "about_facebook"
ERROR - 2017-06-19 07:32:15 --> Could not find the language line "about_twitter"
ERROR - 2017-06-19 07:32:15 --> Could not find the language line "about_weibo"
ERROR - 2017-06-19 07:32:16 --> Could not find the language line "mynt_buy_taobao"
ERROR - 2017-06-19 07:32:16 --> Could not find the language line "mynt_buy_tmall"
ERROR - 2017-06-19 07:32:16 --> Could not find the language line "mynt_buy_youzan"
ERROR - 2017-06-19 07:32:16 --> Could not find the language line "mynt_buy_jd"
ERROR - 2017-06-19 07:32:16 --> Could not find the language line "mynt_buy_taobao"
ERROR - 2017-06-19 07:32:16 --> Could not find the language line "mynt_buy_tmall"
ERROR - 2017-06-19 07:32:16 --> Could not find the language line "mynt_buy_youzan"
ERROR - 2017-06-19 07:32:16 --> Could not find the language line "mynt_buy_jd"
ERROR - 2017-06-19 07:32:16 --> Could not find the language line "about_keywords"
ERROR - 2017-06-19 07:32:16 --> Could not find the language line "about_facebook"
ERROR - 2017-06-19 07:32:16 --> Could not find the language line "about_twitter"
ERROR - 2017-06-19 07:32:16 --> Could not find the language line "about_weibo"
ERROR - 2017-06-19 07:32:16 --> Could not find the language line "mynt_buy_taobao"
ERROR - 2017-06-19 07:32:16 --> Could not find the language line "mynt_buy_tmall"
ERROR - 2017-06-19 07:32:16 --> Could not find the language line "mynt_buy_youzan"
ERROR - 2017-06-19 07:32:16 --> Could not find the language line "mynt_buy_jd"
ERROR - 2017-06-19 07:32:17 --> Could not find the language line "mynt_buy_taobao"
ERROR - 2017-06-19 07:32:17 --> Could not find the language line "mynt_buy_tmall"
ERROR - 2017-06-19 07:32:17 --> Could not find the language line "mynt_buy_youzan"
ERROR - 2017-06-19 07:32:17 --> Could not find the language line "mynt_buy_jd"
ERROR - 2017-06-19 07:32:17 --> Could not find the language line "about_keywords"
ERROR - 2017-06-19 07:32:17 --> Could not find the language line "about_facebook"
ERROR - 2017-06-19 07:32:17 --> Could not find the language line "about_twitter"
ERROR - 2017-06-19 07:32:17 --> Could not find the language line "about_weibo"
ERROR - 2017-06-19 07:32:17 --> Could not find the language line "mynt_buy_taobao"
ERROR - 2017-06-19 07:32:17 --> Could not find the language line "mynt_buy_tmall"
ERROR - 2017-06-19 07:32:17 --> Could not find the language line "mynt_buy_youzan"
ERROR - 2017-06-19 07:32:17 --> Could not find the language line "mynt_buy_jd"
ERROR - 2017-06-19 07:32:17 --> Could not find the language line "mynt_buy_taobao"
ERROR - 2017-06-19 07:32:17 --> Could not find the language line "mynt_buy_tmall"
ERROR - 2017-06-19 07:32:17 --> Could not find the language line "mynt_buy_youzan"
ERROR - 2017-06-19 07:32:17 --> Could not find the language line "mynt_buy_jd"
ERROR - 2017-06-19 07:32:17 --> Could not find the language line "about_keywords"
ERROR - 2017-06-19 07:32:17 --> Could not find the language line "about_facebook"
ERROR - 2017-06-19 07:32:17 --> Could not find the language line "about_twitter"
ERROR - 2017-06-19 07:32:17 --> Could not find the language line "about_weibo"
ERROR - 2017-06-19 07:32:18 --> Could not find the language line "mynt_buy_taobao"
ERROR - 2017-06-19 07:32:18 --> Could not find the language line "mynt_buy_tmall"
ERROR - 2017-06-19 07:32:18 --> Could not find the language line "mynt_buy_youzan"
ERROR - 2017-06-19 07:32:18 --> Could not find the language line "mynt_buy_jd"
ERROR - 2017-06-19 07:32:18 --> Could not find the language line "mynt_buy_taobao"
ERROR - 2017-06-19 07:32:18 --> Could not find the language line "mynt_buy_tmall"
ERROR - 2017-06-19 07:32:18 --> Could not find the language line "mynt_buy_youzan"
ERROR - 2017-06-19 07:32:18 --> Could not find the language line "mynt_buy_jd"
ERROR - 2017-06-19 07:32:18 --> Could not find the language line "about_keywords"
ERROR - 2017-06-19 07:32:18 --> Could not find the language line "about_facebook"
ERROR - 2017-06-19 07:32:18 --> Could not find the language line "about_twitter"
ERROR - 2017-06-19 07:32:18 --> Could not find the language line "about_weibo"
ERROR - 2017-06-19 07:32:18 --> Could not find the language line "mynt_buy_taobao"
ERROR - 2017-06-19 07:32:18 --> Could not find the language line "mynt_buy_tmall"
ERROR - 2017-06-19 07:32:18 --> Could not find the language line "mynt_buy_youzan"
ERROR - 2017-06-19 07:32:18 --> Could not find the language line "mynt_buy_jd"
ERROR - 2017-06-19 07:32:18 --> Could not find the language line "about_keywords"
ERROR - 2017-06-19 07:32:18 --> Could not find the language line "about_facebook"
ERROR - 2017-06-19 07:32:18 --> Could not find the language line "about_twitter"
ERROR - 2017-06-19 07:32:18 --> Could not find the language line "about_weibo"
ERROR - 2017-06-19 07:32:18 --> Could not find the language line "mynt_buy_taobao"
ERROR - 2017-06-19 07:32:18 --> Could not find the language line "mynt_buy_tmall"
ERROR - 2017-06-19 07:32:18 --> Could not find the language line "mynt_buy_youzan"
ERROR - 2017-06-19 07:32:18 --> Could not find the language line "mynt_buy_jd"
ERROR - 2017-06-19 07:32:18 --> Could not find the language line "about_keywords"
ERROR - 2017-06-19 07:32:18 --> Could not find the language line "about_facebook"
ERROR - 2017-06-19 07:32:18 --> Could not find the language line "about_twitter"
ERROR - 2017-06-19 07:32:18 --> Could not find the language line "about_weibo"
ERROR - 2017-06-19 07:32:19 --> Could not find the language line "mynt_buy_taobao"
ERROR - 2017-06-19 07:32:19 --> Could not find the language line "mynt_buy_tmall"
ERROR - 2017-06-19 07:32:19 --> Could not find the language line "mynt_buy_youzan"
ERROR - 2017-06-19 07:32:19 --> Could not find the language line "mynt_buy_jd"
ERROR - 2017-06-19 07:33:18 --> Could not find the language line "mynt_buy_taobao"
ERROR - 2017-06-19 07:33:18 --> Could not find the language line "mynt_buy_tmall"
ERROR - 2017-06-19 07:33:18 --> Could not find the language line "mynt_buy_youzan"
ERROR - 2017-06-19 07:33:18 --> Could not find the language line "mynt_buy_jd"
ERROR - 2017-06-19 07:33:18 --> Could not find the language line "about_keywords"
ERROR - 2017-06-19 07:33:18 --> Could not find the language line "about_facebook"
ERROR - 2017-06-19 07:33:18 --> Could not find the language line "about_twitter"
ERROR - 2017-06-19 07:33:18 --> Could not find the language line "about_weibo"
ERROR - 2017-06-19 07:33:18 --> Could not find the language line "mynt_buy_taobao"
ERROR - 2017-06-19 07:33:18 --> Could not find the language line "mynt_buy_tmall"
ERROR - 2017-06-19 07:33:18 --> Could not find the language line "mynt_buy_youzan"
ERROR - 2017-06-19 07:33:18 --> Could not find the language line "mynt_buy_jd"
ERROR - 2017-06-19 07:33:19 --> Could not find the language line "mynt_buy_taobao"
ERROR - 2017-06-19 07:33:19 --> Could not find the language line "mynt_buy_tmall"
ERROR - 2017-06-19 07:33:19 --> Could not find the language line "mynt_buy_youzan"
ERROR - 2017-06-19 07:33:19 --> Could not find the language line "mynt_buy_jd"
ERROR - 2017-06-19 07:33:19 --> Could not find the language line "about_keywords"
ERROR - 2017-06-19 07:33:19 --> Could not find the language line "about_facebook"
ERROR - 2017-06-19 07:33:19 --> Could not find the language line "about_twitter"
ERROR - 2017-06-19 07:33:19 --> Could not find the language line "about_weibo"
ERROR - 2017-06-19 07:33:19 --> Could not find the language line "mynt_buy_taobao"
ERROR - 2017-06-19 07:33:19 --> Could not find the language line "mynt_buy_tmall"
ERROR - 2017-06-19 07:33:19 --> Could not find the language line "mynt_buy_youzan"
ERROR - 2017-06-19 07:33:19 --> Could not find the language line "mynt_buy_jd"
ERROR - 2017-06-19 07:33:19 --> Could not find the language line "about_keywords"
ERROR - 2017-06-19 07:33:19 --> Could not find the language line "about_facebook"
ERROR - 2017-06-19 07:33:19 --> Could not find the language line "about_twitter"
ERROR - 2017-06-19 07:33:19 --> Could not find the language line "about_weibo"
ERROR - 2017-06-19 07:33:21 --> Could not find the language line "mynt_buy_taobao"
ERROR - 2017-06-19 07:33:21 --> Could not find the language line "mynt_buy_tmall"
ERROR - 2017-06-19 07:33:21 --> Could not find the language line "mynt_buy_youzan"
ERROR - 2017-06-19 07:33:21 --> Could not find the language line "mynt_buy_jd"
ERROR - 2017-06-19 07:34:13 --> Could not find the language line "mynt_buy_taobao"
ERROR - 2017-06-19 07:34:13 --> Could not find the language line "mynt_buy_tmall"
ERROR - 2017-06-19 07:34:13 --> Could not find the language line "mynt_buy_youzan"
ERROR - 2017-06-19 07:34:13 --> Could not find the language line "mynt_buy_jd"
ERROR - 2017-06-19 07:34:13 --> Could not find the language line "about_keywords"
ERROR - 2017-06-19 07:34:13 --> Could not find the language line "about_facebook"
ERROR - 2017-06-19 07:34:13 --> Could not find the language line "about_twitter"
ERROR - 2017-06-19 07:34:13 --> Could not find the language line "about_weibo"
ERROR - 2017-06-19 07:34:14 --> Could not find the language line "mynt_buy_taobao"
ERROR - 2017-06-19 07:34:14 --> Could not find the language line "mynt_buy_tmall"
ERROR - 2017-06-19 07:34:14 --> Could not find the language line "mynt_buy_youzan"
ERROR - 2017-06-19 07:34:14 --> Could not find the language line "mynt_buy_jd"
ERROR - 2017-06-19 07:46:20 --> Could not find the language line "mynt_buy_taobao"
ERROR - 2017-06-19 07:46:20 --> Could not find the language line "mynt_buy_tmall"
ERROR - 2017-06-19 07:46:20 --> Could not find the language line "mynt_buy_youzan"
ERROR - 2017-06-19 07:46:20 --> Could not find the language line "mynt_buy_jd"
ERROR - 2017-06-19 07:46:20 --> Could not find the language line "about_keywords"
ERROR - 2017-06-19 07:46:20 --> Could not find the language line "about_facebook"
ERROR - 2017-06-19 07:46:20 --> Could not find the language line "about_twitter"
ERROR - 2017-06-19 07:46:20 --> Could not find the language line "about_weibo"
ERROR - 2017-06-19 07:46:20 --> Could not find the language line "mynt_buy_taobao"
ERROR - 2017-06-19 07:46:20 --> Could not find the language line "mynt_buy_tmall"
ERROR - 2017-06-19 07:46:20 --> Could not find the language line "mynt_buy_youzan"
ERROR - 2017-06-19 07:46:20 --> Could not find the language line "mynt_buy_jd"
ERROR - 2017-06-19 07:47:00 --> Could not find the language line "mynt_buy_taobao"
ERROR - 2017-06-19 07:47:00 --> Could not find the language line "mynt_buy_tmall"
ERROR - 2017-06-19 07:47:00 --> Could not find the language line "mynt_buy_youzan"
ERROR - 2017-06-19 07:47:00 --> Could not find the language line "mynt_buy_jd"
ERROR - 2017-06-19 07:47:00 --> Could not find the language line "about_keywords"
ERROR - 2017-06-19 07:47:00 --> Could not find the language line "about_facebook"
ERROR - 2017-06-19 07:47:00 --> Could not find the language line "about_twitter"
ERROR - 2017-06-19 07:47:00 --> Could not find the language line "about_weibo"
ERROR - 2017-06-19 07:47:01 --> Could not find the language line "mynt_buy_taobao"
ERROR - 2017-06-19 07:47:01 --> Could not find the language line "mynt_buy_tmall"
ERROR - 2017-06-19 07:47:01 --> Could not find the language line "mynt_buy_youzan"
ERROR - 2017-06-19 07:47:01 --> Could not find the language line "mynt_buy_jd"
ERROR - 2017-06-19 07:47:10 --> Could not find the language line "mynt_buy_taobao"
ERROR - 2017-06-19 07:47:10 --> Could not find the language line "mynt_buy_tmall"
ERROR - 2017-06-19 07:47:10 --> Could not find the language line "mynt_buy_youzan"
ERROR - 2017-06-19 07:47:10 --> Could not find the language line "mynt_buy_jd"
ERROR - 2017-06-19 07:47:19 --> Could not find the language line "mynt_buy_taobao"
ERROR - 2017-06-19 07:47:19 --> Could not find the language line "mynt_buy_tmall"
ERROR - 2017-06-19 07:47:19 --> Could not find the language line "mynt_buy_youzan"
ERROR - 2017-06-19 07:47:19 --> Could not find the language line "mynt_buy_jd"
ERROR - 2017-06-19 07:48:02 --> Could not find the language line "mynt_buy_taobao"
ERROR - 2017-06-19 07:48:02 --> Could not find the language line "mynt_buy_tmall"
ERROR - 2017-06-19 07:48:02 --> Could not find the language line "mynt_buy_youzan"
ERROR - 2017-06-19 07:48:02 --> Could not find the language line "mynt_buy_jd"
ERROR - 2017-06-19 07:48:02 --> Could not find the language line "home_cloud_title"
ERROR - 2017-06-19 07:48:02 --> Could not find the language line "home_cloud_intro"
ERROR - 2017-06-19 07:48:02 --> Could not find the language line "mynt_icon_taobao"
ERROR - 2017-06-19 07:48:02 --> Could not find the language line "mynt_icon_tmall"
ERROR - 2017-06-19 07:48:02 --> Could not find the language line "mynt_icon_youzan"
ERROR - 2017-06-19 07:48:02 --> Could not find the language line "mynt_buy_taobao"
ERROR - 2017-06-19 07:48:02 --> Could not find the language line "mynt_buy_tmall"
ERROR - 2017-06-19 07:48:02 --> Could not find the language line "mynt_buy_youzan"
ERROR - 2017-06-19 07:48:02 --> Could not find the language line "mynt_buy_jd"
ERROR - 2017-06-19 07:48:33 --> Could not find the language line "mynt_buy_taobao"
ERROR - 2017-06-19 07:48:33 --> Could not find the language line "mynt_buy_tmall"
ERROR - 2017-06-19 07:48:33 --> Could not find the language line "mynt_buy_youzan"
ERROR - 2017-06-19 07:48:33 --> Could not find the language line "mynt_buy_jd"
ERROR - 2017-06-19 07:48:33 --> Could not find the language line "mynt_icon_taobao"
ERROR - 2017-06-19 07:48:33 --> Could not find the language line "mynt_icon_tmall"
ERROR - 2017-06-19 07:48:33 --> Could not find the language line "mynt_icon_youzan"
ERROR - 2017-06-19 07:48:33 --> Could not find the language line "mynt_icon_jd"
ERROR - 2017-06-19 07:48:33 --> Could not find the language line "mynt_jd_detail"
ERROR - 2017-06-19 07:48:33 --> Could not find the language line "to_buy_wd"
ERROR - 2017-06-19 07:48:33 --> Could not find the language line "slightech_wechat"
ERROR - 2017-06-19 07:48:33 --> Could not find the language line "key_no_lost"
ERROR - 2017-06-19 07:48:33 --> Could not find the language line "bag_no_lost"
ERROR - 2017-06-19 07:48:33 --> Could not find the language line "computer_no_lost"
ERROR - 2017-06-19 07:48:33 --> Could not find the language line "pet_no_lost"
ERROR - 2017-06-19 07:48:33 --> Could not find the language line "goal"
ERROR - 2017-06-19 07:48:33 --> Could not find the language line "fund_title"
ERROR - 2017-06-19 07:48:33 --> Could not find the language line "fund_intro"
ERROR - 2017-06-19 07:48:33 --> Could not find the language line "mynt_buy_taobao"
ERROR - 2017-06-19 07:48:33 --> Could not find the language line "mynt_buy_tmall"
ERROR - 2017-06-19 07:48:33 --> Could not find the language line "mynt_buy_youzan"
ERROR - 2017-06-19 07:48:33 --> Could not find the language line "mynt_buy_jd"
ERROR - 2017-06-19 07:58:06 --> Could not find the language line "mynt_buy_taobao"
ERROR - 2017-06-19 07:58:06 --> Could not find the language line "mynt_buy_tmall"
ERROR - 2017-06-19 07:58:06 --> Could not find the language line "mynt_buy_youzan"
ERROR - 2017-06-19 07:58:06 --> Could not find the language line "mynt_buy_jd"
ERROR - 2017-06-19 07:58:06 --> Could not find the language line "mynt_icon_taobao"
ERROR - 2017-06-19 07:58:06 --> Could not find the language line "mynt_icon_tmall"
ERROR - 2017-06-19 07:58:06 --> Could not find the language line "mynt_icon_youzan"
ERROR - 2017-06-19 07:58:06 --> Could not find the language line "mynt_icon_jd"
ERROR - 2017-06-19 07:58:06 --> Could not find the language line "mynt_jd_detail"
ERROR - 2017-06-19 07:58:06 --> Could not find the language line "to_buy_wd"
ERROR - 2017-06-19 07:58:06 --> Could not find the language line "slightech_wechat"
ERROR - 2017-06-19 07:58:06 --> Could not find the language line "key_no_lost"
ERROR - 2017-06-19 07:58:06 --> Could not find the language line "bag_no_lost"
ERROR - 2017-06-19 07:58:06 --> Could not find the language line "computer_no_lost"
ERROR - 2017-06-19 07:58:06 --> Could not find the language line "pet_no_lost"
ERROR - 2017-06-19 07:58:06 --> Could not find the language line "goal"
ERROR - 2017-06-19 07:58:06 --> Could not find the language line "fund_title"
ERROR - 2017-06-19 07:58:06 --> Could not find the language line "fund_intro"
ERROR - 2017-06-19 07:58:06 --> Could not find the language line "mynt_buy_taobao"
ERROR - 2017-06-19 07:58:06 --> Could not find the language line "mynt_buy_tmall"
ERROR - 2017-06-19 07:58:06 --> Could not find the language line "mynt_buy_youzan"
ERROR - 2017-06-19 07:58:06 --> Could not find the language line "mynt_buy_jd"
ERROR - 2017-06-19 08:02:08 --> Could not find the language line "mynt_buy_taobao"
ERROR - 2017-06-19 08:02:08 --> Could not find the language line "mynt_buy_tmall"
ERROR - 2017-06-19 08:02:08 --> Could not find the language line "mynt_buy_youzan"
ERROR - 2017-06-19 08:02:08 --> Could not find the language line "mynt_buy_jd"
ERROR - 2017-06-19 08:02:08 --> Could not find the language line "mynt_icon_taobao"
ERROR - 2017-06-19 08:02:08 --> Could not find the language line "mynt_icon_tmall"
ERROR - 2017-06-19 08:02:08 --> Could not find the language line "mynt_icon_youzan"
ERROR - 2017-06-19 08:02:08 --> Could not find the language line "mynt_icon_jd"
ERROR - 2017-06-19 08:02:08 --> Could not find the language line "mynt_jd_detail"
ERROR - 2017-06-19 08:02:08 --> Could not find the language line "to_buy_wd"
ERROR - 2017-06-19 08:02:08 --> Could not find the language line "slightech_wechat"
ERROR - 2017-06-19 08:02:08 --> Could not find the language line "key_no_lost"
ERROR - 2017-06-19 08:02:08 --> Could not find the language line "bag_no_lost"
ERROR - 2017-06-19 08:02:08 --> Could not find the language line "computer_no_lost"
ERROR - 2017-06-19 08:02:08 --> Could not find the language line "pet_no_lost"
ERROR - 2017-06-19 08:02:08 --> Could not find the language line "goal"
ERROR - 2017-06-19 08:02:08 --> Could not find the language line "fund_title"
ERROR - 2017-06-19 08:02:08 --> Could not find the language line "fund_intro"
ERROR - 2017-06-19 08:02:10 --> Could not find the language line "mynt_buy_taobao"
ERROR - 2017-06-19 08:02:10 --> Could not find the language line "mynt_buy_tmall"
ERROR - 2017-06-19 08:02:10 --> Could not find the language line "mynt_buy_youzan"
ERROR - 2017-06-19 08:02:10 --> Could not find the language line "mynt_buy_jd"
ERROR - 2017-06-19 08:02:27 --> Could not find the language line "mynt_buy_taobao"
ERROR - 2017-06-19 08:02:27 --> Could not find the language line "mynt_buy_tmall"
ERROR - 2017-06-19 08:02:27 --> Could not find the language line "mynt_buy_youzan"
ERROR - 2017-06-19 08:02:27 --> Could not find the language line "mynt_buy_jd"
ERROR - 2017-06-19 08:02:27 --> Could not find the language line "mynt_icon_taobao"
ERROR - 2017-06-19 08:02:27 --> Could not find the language line "mynt_icon_tmall"
ERROR - 2017-06-19 08:02:27 --> Could not find the language line "mynt_icon_youzan"
ERROR - 2017-06-19 08:02:27 --> Could not find the language line "mynt_icon_jd"
ERROR - 2017-06-19 08:02:27 --> Could not find the language line "mynt_jd_detail"
ERROR - 2017-06-19 08:02:27 --> Could not find the language line "to_buy_wd"
ERROR - 2017-06-19 08:02:27 --> Could not find the language line "slightech_wechat"
ERROR - 2017-06-19 08:02:27 --> Could not find the language line "camera_no_lost"
ERROR - 2017-06-19 08:02:27 --> Could not find the language line "key_no_lost"
ERROR - 2017-06-19 08:02:27 --> Could not find the language line "bag_no_lost"
ERROR - 2017-06-19 08:02:27 --> Could not find the language line "computer_no_lost"
ERROR - 2017-06-19 08:02:27 --> Could not find the language line "pet_no_lost"
ERROR - 2017-06-19 08:02:27 --> Could not find the language line "goal"
ERROR - 2017-06-19 08:02:27 --> Could not find the language line "fund_title"
ERROR - 2017-06-19 08:02:27 --> Could not find the language line "fund_intro"
ERROR - 2017-06-19 08:02:27 --> Could not find the language line "mynt_buy_taobao"
ERROR - 2017-06-19 08:02:27 --> Could not find the language line "mynt_buy_tmall"
ERROR - 2017-06-19 08:02:27 --> Could not find the language line "mynt_buy_youzan"
ERROR - 2017-06-19 08:02:27 --> Could not find the language line "mynt_buy_jd"
ERROR - 2017-06-19 08:02:51 --> Could not find the language line "mynt_buy_taobao"
ERROR - 2017-06-19 08:02:51 --> Could not find the language line "mynt_buy_tmall"
ERROR - 2017-06-19 08:02:51 --> Could not find the language line "mynt_buy_youzan"
ERROR - 2017-06-19 08:02:51 --> Could not find the language line "mynt_buy_jd"
ERROR - 2017-06-19 08:12:18 --> Could not find the language line "mynt_buy_taobao"
ERROR - 2017-06-19 08:12:18 --> Could not find the language line "mynt_buy_tmall"
ERROR - 2017-06-19 08:12:18 --> Could not find the language line "mynt_buy_youzan"
ERROR - 2017-06-19 08:12:18 --> Could not find the language line "mynt_buy_jd"
ERROR - 2017-06-19 08:12:18 --> Could not find the language line "home_cloud_title"
ERROR - 2017-06-19 08:12:18 --> Could not find the language line "home_cloud_intro"
ERROR - 2017-06-19 08:12:18 --> Could not find the language line "mynt_icon_taobao"
ERROR - 2017-06-19 08:12:18 --> Could not find the language line "mynt_icon_tmall"
ERROR - 2017-06-19 08:12:18 --> Could not find the language line "mynt_icon_youzan"
ERROR - 2017-06-19 08:12:20 --> Could not find the language line "mynt_buy_taobao"
ERROR - 2017-06-19 08:12:20 --> Could not find the language line "mynt_buy_tmall"
ERROR - 2017-06-19 08:12:20 --> Could not find the language line "mynt_buy_youzan"
ERROR - 2017-06-19 08:12:20 --> Could not find the language line "mynt_buy_jd"
ERROR - 2017-06-19 08:13:05 --> Could not find the language line "mynt_buy_taobao"
ERROR - 2017-06-19 08:13:05 --> Could not find the language line "mynt_buy_tmall"
ERROR - 2017-06-19 08:13:05 --> Could not find the language line "mynt_buy_youzan"
ERROR - 2017-06-19 08:13:05 --> Could not find the language line "mynt_buy_jd"
ERROR - 2017-06-19 08:13:05 --> Could not find the language line "home_cloud_title"
ERROR - 2017-06-19 08:13:05 --> Could not find the language line "home_cloud_intro"
ERROR - 2017-06-19 08:13:05 --> Could not find the language line "mynt_icon_taobao"
ERROR - 2017-06-19 08:13:05 --> Could not find the language line "mynt_icon_tmall"
ERROR - 2017-06-19 08:13:05 --> Could not find the language line "mynt_icon_youzan"
ERROR - 2017-06-19 08:13:05 --> Could not find the language line "mynt_buy_taobao"
ERROR - 2017-06-19 08:13:05 --> Could not find the language line "mynt_buy_tmall"
ERROR - 2017-06-19 08:13:05 --> Could not find the language line "mynt_buy_youzan"
ERROR - 2017-06-19 08:13:05 --> Could not find the language line "mynt_buy_jd"
ERROR - 2017-06-19 08:14:27 --> Could not find the language line "mynt_buy_taobao"
ERROR - 2017-06-19 08:14:27 --> Could not find the language line "mynt_buy_tmall"
ERROR - 2017-06-19 08:14:27 --> Could not find the language line "mynt_buy_youzan"
ERROR - 2017-06-19 08:14:27 --> Could not find the language line "mynt_buy_jd"
ERROR - 2017-06-19 08:14:27 --> Could not find the language line "home_cloud_title"
ERROR - 2017-06-19 08:14:27 --> Could not find the language line "home_cloud_intro"
ERROR - 2017-06-19 08:14:27 --> Could not find the language line "mynt_icon_taobao"
ERROR - 2017-06-19 08:14:27 --> Could not find the language line "mynt_icon_tmall"
ERROR - 2017-06-19 08:14:27 --> Could not find the language line "mynt_icon_youzan"
ERROR - 2017-06-19 08:14:27 --> Could not find the language line "mynt_buy_taobao"
ERROR - 2017-06-19 08:14:27 --> Could not find the language line "mynt_buy_tmall"
ERROR - 2017-06-19 08:14:27 --> Could not find the language line "mynt_buy_youzan"
ERROR - 2017-06-19 08:14:27 --> Could not find the language line "mynt_buy_jd"
ERROR - 2017-06-19 08:14:42 --> Could not find the language line "mynt_buy_taobao"
ERROR - 2017-06-19 08:14:42 --> Could not find the language line "mynt_buy_tmall"
ERROR - 2017-06-19 08:14:42 --> Could not find the language line "mynt_buy_youzan"
ERROR - 2017-06-19 08:14:42 --> Could not find the language line "mynt_buy_jd"
ERROR - 2017-06-19 08:14:42 --> Could not find the language line "about_keywords"
ERROR - 2017-06-19 08:14:42 --> Could not find the language line "about_facebook"
ERROR - 2017-06-19 08:14:42 --> Could not find the language line "about_twitter"
ERROR - 2017-06-19 08:14:42 --> Could not find the language line "about_weibo"
ERROR - 2017-06-19 08:14:43 --> Could not find the language line "mynt_buy_taobao"
ERROR - 2017-06-19 08:14:43 --> Could not find the language line "mynt_buy_tmall"
ERROR - 2017-06-19 08:14:43 --> Could not find the language line "mynt_buy_youzan"
ERROR - 2017-06-19 08:14:43 --> Could not find the language line "mynt_buy_jd"
ERROR - 2017-06-19 08:14:44 --> Could not find the language line "mynt_buy_taobao"
ERROR - 2017-06-19 08:14:44 --> Could not find the language line "mynt_buy_tmall"
ERROR - 2017-06-19 08:14:44 --> Could not find the language line "mynt_buy_youzan"
ERROR - 2017-06-19 08:14:44 --> Could not find the language line "mynt_buy_jd"
ERROR - 2017-06-19 08:14:44 --> Could not find the language line "home_cloud_title"
ERROR - 2017-06-19 08:14:44 --> Could not find the language line "home_cloud_intro"
ERROR - 2017-06-19 08:14:44 --> Could not find the language line "mynt_icon_taobao"
ERROR - 2017-06-19 08:14:44 --> Could not find the language line "mynt_icon_tmall"
ERROR - 2017-06-19 08:14:44 --> Could not find the language line "mynt_icon_youzan"
ERROR - 2017-06-19 08:14:45 --> Could not find the language line "mynt_buy_taobao"
ERROR - 2017-06-19 08:14:45 --> Could not find the language line "mynt_buy_tmall"
ERROR - 2017-06-19 08:14:45 --> Could not find the language line "mynt_buy_youzan"
ERROR - 2017-06-19 08:14:45 --> Could not find the language line "mynt_buy_jd"
ERROR - 2017-06-19 08:17:03 --> Could not find the language line "mynt_buy_taobao"
ERROR - 2017-06-19 08:17:03 --> Could not find the language line "mynt_buy_tmall"
ERROR - 2017-06-19 08:17:03 --> Could not find the language line "mynt_buy_youzan"
ERROR - 2017-06-19 08:17:03 --> Could not find the language line "mynt_buy_jd"
ERROR - 2017-06-19 08:17:03 --> Could not find the language line "home_cloud_title"
ERROR - 2017-06-19 08:17:03 --> Could not find the language line "home_cloud_intro"
ERROR - 2017-06-19 08:17:03 --> Could not find the language line "mynt_icon_taobao"
ERROR - 2017-06-19 08:17:03 --> Could not find the language line "mynt_icon_tmall"
ERROR - 2017-06-19 08:17:03 --> Could not find the language line "mynt_icon_youzan"
ERROR - 2017-06-19 08:17:03 --> Could not find the language line "mynt_buy_taobao"
ERROR - 2017-06-19 08:17:03 --> Could not find the language line "mynt_buy_tmall"
ERROR - 2017-06-19 08:17:03 --> Could not find the language line "mynt_buy_youzan"
ERROR - 2017-06-19 08:17:03 --> Could not find the language line "mynt_buy_jd"
ERROR - 2017-06-19 08:17:16 --> Could not find the language line "mynt_buy_taobao"
ERROR - 2017-06-19 08:17:16 --> Could not find the language line "mynt_buy_tmall"
ERROR - 2017-06-19 08:17:16 --> Could not find the language line "mynt_buy_youzan"
ERROR - 2017-06-19 08:17:16 --> Could not find the language line "mynt_buy_jd"
ERROR - 2017-06-19 08:17:31 --> Could not find the language line "mynt_buy_taobao"
ERROR - 2017-06-19 08:17:31 --> Could not find the language line "mynt_buy_tmall"
ERROR - 2017-06-19 08:17:31 --> Could not find the language line "mynt_buy_youzan"
ERROR - 2017-06-19 08:17:31 --> Could not find the language line "mynt_buy_jd"
ERROR - 2017-06-19 08:17:31 --> Could not find the language line "home_cloud_title"
ERROR - 2017-06-19 08:17:31 --> Could not find the language line "home_cloud_intro"
ERROR - 2017-06-19 08:17:31 --> Could not find the language line "mynt_icon_taobao"
ERROR - 2017-06-19 08:17:31 --> Could not find the language line "mynt_icon_tmall"
ERROR - 2017-06-19 08:17:31 --> Could not find the language line "mynt_icon_youzan"
ERROR - 2017-06-19 08:17:32 --> Could not find the language line "mynt_buy_taobao"
ERROR - 2017-06-19 08:17:32 --> Could not find the language line "mynt_buy_tmall"
ERROR - 2017-06-19 08:17:32 --> Could not find the language line "mynt_buy_youzan"
ERROR - 2017-06-19 08:17:32 --> Could not find the language line "mynt_buy_jd"
ERROR - 2017-06-19 08:21:20 --> Could not find the language line "mynt_buy_taobao"
ERROR - 2017-06-19 08:21:20 --> Could not find the language line "mynt_buy_tmall"
ERROR - 2017-06-19 08:21:20 --> Could not find the language line "mynt_buy_youzan"
ERROR - 2017-06-19 08:21:20 --> Could not find the language line "mynt_buy_jd"
ERROR - 2017-06-19 08:41:04 --> Could not find the language line "mynt_buy_taobao"
ERROR - 2017-06-19 08:41:04 --> Could not find the language line "mynt_buy_tmall"
ERROR - 2017-06-19 08:41:04 --> Could not find the language line "mynt_buy_youzan"
ERROR - 2017-06-19 08:41:04 --> Could not find the language line "mynt_buy_jd"
ERROR - 2017-06-19 08:44:53 --> Could not find the language line "mynt_buy_taobao"
ERROR - 2017-06-19 08:44:53 --> Could not find the language line "mynt_buy_tmall"
ERROR - 2017-06-19 08:44:53 --> Could not find the language line "mynt_buy_youzan"
ERROR - 2017-06-19 08:44:53 --> Could not find the language line "mynt_buy_jd"
ERROR - 2017-06-19 08:49:52 --> Could not find the language line "mynt_buy_taobao"
ERROR - 2017-06-19 08:49:52 --> Could not find the language line "mynt_buy_tmall"
ERROR - 2017-06-19 08:49:52 --> Could not find the language line "mynt_buy_youzan"
ERROR - 2017-06-19 08:49:52 --> Could not find the language line "mynt_buy_jd"
ERROR - 2017-06-19 08:50:01 --> Could not find the language line "mynt_buy_taobao"
ERROR - 2017-06-19 08:50:01 --> Could not find the language line "mynt_buy_tmall"
ERROR - 2017-06-19 08:50:01 --> Could not find the language line "mynt_buy_youzan"
ERROR - 2017-06-19 08:50:01 --> Could not find the language line "mynt_buy_jd"
ERROR - 2017-06-19 08:50:10 --> Could not find the language line "mynt_buy_taobao"
ERROR - 2017-06-19 08:50:10 --> Could not find the language line "mynt_buy_tmall"
ERROR - 2017-06-19 08:50:10 --> Could not find the language line "mynt_buy_youzan"
ERROR - 2017-06-19 08:50:10 --> Could not find the language line "mynt_buy_jd"
ERROR - 2017-06-19 09:02:51 --> Could not find the language line "mynt_buy_taobao"
ERROR - 2017-06-19 09:02:51 --> Could not find the language line "mynt_buy_tmall"
ERROR - 2017-06-19 09:02:51 --> Could not find the language line "mynt_buy_youzan"
ERROR - 2017-06-19 09:02:51 --> Could not find the language line "mynt_buy_jd"
ERROR - 2017-06-19 09:03:24 --> Could not find the language line "mynt_buy_taobao"
ERROR - 2017-06-19 09:03:24 --> Could not find the language line "mynt_buy_tmall"
ERROR - 2017-06-19 09:03:24 --> Could not find the language line "mynt_buy_youzan"
ERROR - 2017-06-19 09:03:24 --> Could not find the language line "mynt_buy_jd"
ERROR - 2017-06-19 09:03:33 --> Could not find the language line "mynt_buy_taobao"
ERROR - 2017-06-19 09:03:33 --> Could not find the language line "mynt_buy_tmall"
ERROR - 2017-06-19 09:03:33 --> Could not find the language line "mynt_buy_youzan"
ERROR - 2017-06-19 09:03:33 --> Could not find the language line "mynt_buy_jd"
ERROR - 2017-06-19 09:03:47 --> Could not find the language line "mynt_buy_taobao"
ERROR - 2017-06-19 09:03:47 --> Could not find the language line "mynt_buy_tmall"
ERROR - 2017-06-19 09:03:47 --> Could not find the language line "mynt_buy_youzan"
ERROR - 2017-06-19 09:03:47 --> Could not find the language line "mynt_buy_jd"
ERROR - 2017-06-19 16:07:29 --> Could not find the language line "mynt_buy_taobao"
ERROR - 2017-06-19 16:07:29 --> Could not find the language line "mynt_buy_tmall"
ERROR - 2017-06-19 16:07:29 --> Could not find the language line "mynt_buy_youzan"
ERROR - 2017-06-19 16:07:29 --> Could not find the language line "mynt_buy_jd"
ERROR - 2017-06-19 16:07:29 --> Could not find the language line "home_cloud_title"
ERROR - 2017-06-19 16:07:29 --> Could not find the language line "home_cloud_intro"
ERROR - 2017-06-19 16:07:29 --> Could not find the language line "mynt_icon_taobao"
ERROR - 2017-06-19 16:07:29 --> Could not find the language line "mynt_icon_tmall"
ERROR - 2017-06-19 16:07:29 --> Could not find the language line "mynt_icon_youzan"
ERROR - 2017-06-19 16:07:31 --> Could not find the language line "mynt_buy_taobao"
ERROR - 2017-06-19 16:07:31 --> Could not find the language line "mynt_buy_tmall"
ERROR - 2017-06-19 16:07:31 --> Could not find the language line "mynt_buy_youzan"
ERROR - 2017-06-19 16:07:31 --> Could not find the language line "mynt_buy_jd"
ERROR - 2017-06-19 16:07:57 --> Could not find the language line "mynt_buy_taobao"
ERROR - 2017-06-19 16:07:57 --> Could not find the language line "mynt_buy_tmall"
ERROR - 2017-06-19 16:07:57 --> Could not find the language line "mynt_buy_youzan"
ERROR - 2017-06-19 16:07:57 --> Could not find the language line "mynt_buy_jd"
ERROR - 2017-06-19 16:07:57 --> Unable to connect to the database
ERROR - 2017-06-19 16:08:27 --> Could not find the language line "mynt_buy_taobao"
ERROR - 2017-06-19 16:08:27 --> Could not find the language line "mynt_buy_tmall"
ERROR - 2017-06-19 16:08:27 --> Could not find the language line "mynt_buy_youzan"
ERROR - 2017-06-19 16:08:27 --> Could not find the language line "mynt_buy_jd"
ERROR - 2017-06-19 16:08:27 --> Unable to connect to the database
ERROR - 2017-06-19 16:08:41 --> Could not find the language line "mynt_buy_taobao"
ERROR - 2017-06-19 16:08:41 --> Could not find the language line "mynt_buy_tmall"
ERROR - 2017-06-19 16:08:41 --> Could not find the language line "mynt_buy_youzan"
ERROR - 2017-06-19 16:08:41 --> Could not find the language line "mynt_buy_jd"
ERROR - 2017-06-19 16:08:41 --> Unable to connect to the database
ERROR - 2017-06-19 16:08:43 --> Could not find the language line "mynt_buy_taobao"
ERROR - 2017-06-19 16:08:43 --> Could not find the language line "mynt_buy_tmall"
ERROR - 2017-06-19 16:08:43 --> Could not find the language line "mynt_buy_youzan"
ERROR - 2017-06-19 16:08:43 --> Could not find the language line "mynt_buy_jd"
ERROR - 2017-06-19 16:08:43 --> Unable to connect to the database
ERROR - 2017-06-19 16:08:44 --> Could not find the language line "mynt_buy_taobao"
ERROR - 2017-06-19 16:08:44 --> Could not find the language line "mynt_buy_tmall"
ERROR - 2017-06-19 16:08:44 --> Could not find the language line "mynt_buy_youzan"
ERROR - 2017-06-19 16:08:44 --> Could not find the language line "mynt_buy_jd"
ERROR - 2017-06-19 16:08:44 --> Unable to connect to the database
ERROR - 2017-06-19 16:08:44 --> Could not find the language line "mynt_buy_taobao"
ERROR - 2017-06-19 16:08:44 --> Could not find the language line "mynt_buy_tmall"
ERROR - 2017-06-19 16:08:44 --> Could not find the language line "mynt_buy_youzan"
ERROR - 2017-06-19 16:08:44 --> Could not find the language line "mynt_buy_jd"
ERROR - 2017-06-19 16:08:44 --> Unable to connect to the database
ERROR - 2017-06-19 16:08:44 --> Could not find the language line "mynt_buy_taobao"
ERROR - 2017-06-19 16:08:44 --> Could not find the language line "mynt_buy_tmall"
ERROR - 2017-06-19 16:08:44 --> Could not find the language line "mynt_buy_youzan"
ERROR - 2017-06-19 16:08:44 --> Could not find the language line "mynt_buy_jd"
ERROR - 2017-06-19 16:08:44 --> Unable to connect to the database
ERROR - 2017-06-19 16:09:23 --> Could not find the language line "mynt_buy_taobao"
ERROR - 2017-06-19 16:09:23 --> Could not find the language line "mynt_buy_tmall"
ERROR - 2017-06-19 16:09:23 --> Could not find the language line "mynt_buy_youzan"
ERROR - 2017-06-19 16:09:23 --> Could not find the language line "mynt_buy_jd"
ERROR - 2017-06-19 16:09:23 --> Unable to connect to the database
ERROR - 2017-06-19 16:09:32 --> Could not find the language line "mynt_buy_taobao"
ERROR - 2017-06-19 16:09:32 --> Could not find the language line "mynt_buy_tmall"
ERROR - 2017-06-19 16:09:32 --> Could not find the language line "mynt_buy_youzan"
ERROR - 2017-06-19 16:09:32 --> Could not find the language line "mynt_buy_jd"
ERROR - 2017-06-19 16:09:32 --> Could not find the language line "home_cloud_title"
ERROR - 2017-06-19 16:09:32 --> Could not find the language line "home_cloud_intro"
ERROR - 2017-06-19 16:09:32 --> Could not find the language line "mynt_icon_taobao"
ERROR - 2017-06-19 16:09:32 --> Could not find the language line "mynt_icon_tmall"
ERROR - 2017-06-19 16:09:32 --> Could not find the language line "mynt_icon_youzan"
ERROR - 2017-06-19 16:09:32 --> Could not find the language line "mynt_buy_taobao"
ERROR - 2017-06-19 16:09:32 --> Could not find the language line "mynt_buy_tmall"
ERROR - 2017-06-19 16:09:32 --> Could not find the language line "mynt_buy_youzan"
ERROR - 2017-06-19 16:09:32 --> Could not find the language line "mynt_buy_jd"
ERROR - 2017-06-19 16:09:33 --> Could not find the language line "mynt_buy_taobao"
ERROR - 2017-06-19 16:09:33 --> Could not find the language line "mynt_buy_tmall"
ERROR - 2017-06-19 16:09:33 --> Could not find the language line "mynt_buy_youzan"
ERROR - 2017-06-19 16:09:33 --> Could not find the language line "mynt_buy_jd"
ERROR - 2017-06-19 16:09:33 --> Could not find the language line "home_cloud_title"
ERROR - 2017-06-19 16:09:33 --> Could not find the language line "home_cloud_intro"
ERROR - 2017-06-19 16:09:33 --> Could not find the language line "mynt_icon_taobao"
ERROR - 2017-06-19 16:09:33 --> Could not find the language line "mynt_icon_tmall"
ERROR - 2017-06-19 16:09:33 --> Could not find the language line "mynt_icon_youzan"
ERROR - 2017-06-19 16:09:34 --> Could not find the language line "mynt_buy_taobao"
ERROR - 2017-06-19 16:09:34 --> Could not find the language line "mynt_buy_tmall"
ERROR - 2017-06-19 16:09:34 --> Could not find the language line "mynt_buy_youzan"
ERROR - 2017-06-19 16:09:34 --> Could not find the language line "mynt_buy_jd"
ERROR - 2017-06-19 16:09:36 --> Could not find the language line "mynt_buy_taobao"
ERROR - 2017-06-19 16:09:36 --> Could not find the language line "mynt_buy_tmall"
ERROR - 2017-06-19 16:09:36 --> Could not find the language line "mynt_buy_youzan"
ERROR - 2017-06-19 16:09:36 --> Could not find the language line "mynt_buy_jd"
ERROR - 2017-06-19 16:09:36 --> Unable to connect to the database
ERROR - 2017-06-19 16:11:28 --> Could not find the language line "mynt_buy_taobao"
ERROR - 2017-06-19 16:11:28 --> Could not find the language line "mynt_buy_tmall"
ERROR - 2017-06-19 16:11:28 --> Could not find the language line "mynt_buy_youzan"
ERROR - 2017-06-19 16:11:28 --> Could not find the language line "mynt_buy_jd"
ERROR - 2017-06-19 16:11:28 --> Could not find the language line "mynt_buy_taobao"
ERROR - 2017-06-19 16:11:28 --> Could not find the language line "mynt_buy_tmall"
ERROR - 2017-06-19 16:11:28 --> Could not find the language line "mynt_buy_youzan"
ERROR - 2017-06-19 16:11:28 --> Could not find the language line "mynt_buy_jd"
ERROR - 2017-06-19 16:11:51 --> Could not find the language line "mynt_buy_taobao"
ERROR - 2017-06-19 16:11:51 --> Could not find the language line "mynt_buy_tmall"
ERROR - 2017-06-19 16:11:51 --> Could not find the language line "mynt_buy_youzan"
ERROR - 2017-06-19 16:11:51 --> Could not find the language line "mynt_buy_jd"
ERROR - 2017-06-19 16:21:39 --> Could not find the language line "mynt_buy_taobao"
ERROR - 2017-06-19 16:21:39 --> Could not find the language line "mynt_buy_tmall"
ERROR - 2017-06-19 16:21:39 --> Could not find the language line "mynt_buy_youzan"
ERROR - 2017-06-19 16:21:39 --> Could not find the language line "mynt_buy_jd"
ERROR - 2017-06-19 16:21:39 --> Could not find the language line "home_cloud_title"
ERROR - 2017-06-19 16:21:39 --> Could not find the language line "home_cloud_intro"
ERROR - 2017-06-19 16:21:39 --> Could not find the language line "mynt_icon_taobao"
ERROR - 2017-06-19 16:21:39 --> Could not find the language line "mynt_icon_tmall"
ERROR - 2017-06-19 16:21:39 --> Could not find the language line "mynt_icon_youzan"
ERROR - 2017-06-19 16:21:39 --> Could not find the language line "mynt_buy_taobao"
ERROR - 2017-06-19 16:21:39 --> Could not find the language line "mynt_buy_tmall"
ERROR - 2017-06-19 16:21:39 --> Could not find the language line "mynt_buy_youzan"
ERROR - 2017-06-19 16:21:39 --> Could not find the language line "mynt_buy_jd"
ERROR - 2017-06-19 16:21:43 --> Could not find the language line "mynt_buy_taobao"
ERROR - 2017-06-19 16:21:43 --> Could not find the language line "mynt_buy_tmall"
ERROR - 2017-06-19 16:21:43 --> Could not find the language line "mynt_buy_youzan"
ERROR - 2017-06-19 16:21:43 --> Could not find the language line "mynt_buy_jd"
ERROR - 2017-06-19 16:21:45 --> Could not find the language line "mynt_buy_taobao"
ERROR - 2017-06-19 16:21:45 --> Could not find the language line "mynt_buy_tmall"
ERROR - 2017-06-19 16:21:45 --> Could not find the language line "mynt_buy_youzan"
ERROR - 2017-06-19 16:21:45 --> Could not find the language line "mynt_buy_jd"
ERROR - 2017-06-19 16:21:48 --> Could not find the language line "mynt_buy_taobao"
ERROR - 2017-06-19 16:21:48 --> Could not find the language line "mynt_buy_tmall"
ERROR - 2017-06-19 16:21:48 --> Could not find the language line "mynt_buy_youzan"
ERROR - 2017-06-19 16:21:48 --> Could not find the language line "mynt_buy_jd"
ERROR - 2017-06-19 16:21:50 --> Could not find the language line "mynt_buy_taobao"
ERROR - 2017-06-19 16:21:50 --> Could not find the language line "mynt_buy_tmall"
ERROR - 2017-06-19 16:21:50 --> Could not find the language line "mynt_buy_youzan"
ERROR - 2017-06-19 16:21:50 --> Could not find the language line "mynt_buy_jd"
ERROR - 2017-06-19 16:21:52 --> Could not find the language line "mynt_buy_taobao"
ERROR - 2017-06-19 16:21:52 --> Could not find the language line "mynt_buy_tmall"
ERROR - 2017-06-19 16:21:52 --> Could not find the language line "mynt_buy_youzan"
ERROR - 2017-06-19 16:21:52 --> Could not find the language line "mynt_buy_jd"
ERROR - 2017-06-19 16:21:55 --> Could not find the language line "mynt_buy_taobao"
ERROR - 2017-06-19 16:21:55 --> Could not find the language line "mynt_buy_tmall"
ERROR - 2017-06-19 16:21:55 --> Could not find the language line "mynt_buy_youzan"
ERROR - 2017-06-19 16:21:55 --> Could not find the language line "mynt_buy_jd"
