ERROR - 2016-05-24 02:57:07 --> Could not find the language line "mynt_buy_taobao"
ERROR - 2016-05-24 02:57:07 --> Could not find the language line "mynt_buy_tmall"
ERROR - 2016-05-24 02:57:07 --> Could not find the language line "mynt_buy_youzan"
ERROR - 2016-05-24 02:57:07 --> Could not find the language line "mynt_icon_taobao"
ERROR - 2016-05-24 02:57:07 --> Could not find the language line "mynt_icon_tmall"
ERROR - 2016-05-24 02:57:07 --> Could not find the language line "mynt_icon_youzan"
ERROR - 2016-05-24 03:05:23 --> Could not find the language line "mynt_buy_taobao"
ERROR - 2016-05-24 03:05:23 --> Could not find the language line "mynt_buy_tmall"
ERROR - 2016-05-24 03:05:23 --> Could not find the language line "mynt_buy_youzan"
ERROR - 2016-05-24 03:05:23 --> Could not find the language line "mynt_icon_taobao"
ERROR - 2016-05-24 03:05:23 --> Could not find the language line "mynt_icon_tmall"
ERROR - 2016-05-24 03:05:23 --> Could not find the language line "mynt_icon_youzan"
ERROR - 2016-05-24 03:05:52 --> Could not find the language line "mynt_buy_taobao"
ERROR - 2016-05-24 03:05:52 --> Could not find the language line "mynt_buy_tmall"
ERROR - 2016-05-24 03:05:52 --> Could not find the language line "mynt_buy_youzan"
ERROR - 2016-05-24 03:05:52 --> Could not find the language line "mynt_icon_taobao"
ERROR - 2016-05-24 03:05:52 --> Could not find the language line "mynt_icon_tmall"
ERROR - 2016-05-24 03:05:52 --> Could not find the language line "mynt_icon_youzan"
ERROR - 2016-05-24 03:07:53 --> Could not find the language line "mynt_buy_taobao"
ERROR - 2016-05-24 03:07:53 --> Could not find the language line "mynt_buy_tmall"
ERROR - 2016-05-24 03:07:53 --> Could not find the language line "mynt_buy_youzan"
ERROR - 2016-05-24 03:07:53 --> Could not find the language line "mynt_icon_taobao"
ERROR - 2016-05-24 03:07:53 --> Could not find the language line "mynt_icon_tmall"
ERROR - 2016-05-24 03:07:53 --> Could not find the language line "mynt_icon_youzan"
ERROR - 2016-05-24 03:09:40 --> Could not find the language line "mynt_buy_taobao"
ERROR - 2016-05-24 03:09:40 --> Could not find the language line "mynt_buy_tmall"
ERROR - 2016-05-24 03:09:40 --> Could not find the language line "mynt_buy_youzan"
ERROR - 2016-05-24 03:09:40 --> Could not find the language line "mynt_icon_taobao"
ERROR - 2016-05-24 03:09:40 --> Could not find the language line "mynt_icon_tmall"
ERROR - 2016-05-24 03:09:40 --> Could not find the language line "mynt_icon_youzan"
ERROR - 2016-05-24 03:15:25 --> Could not find the language line "mynt_buy_taobao"
ERROR - 2016-05-24 03:15:25 --> Could not find the language line "mynt_buy_tmall"
ERROR - 2016-05-24 03:15:25 --> Could not find the language line "mynt_buy_youzan"
ERROR - 2016-05-24 03:15:25 --> Could not find the language line "mynt_icon_taobao"
ERROR - 2016-05-24 03:15:25 --> Could not find the language line "mynt_icon_tmall"
ERROR - 2016-05-24 03:15:25 --> Could not find the language line "mynt_icon_youzan"
ERROR - 2016-05-24 03:15:57 --> Could not find the language line "mynt_buy_taobao"
ERROR - 2016-05-24 03:15:57 --> Could not find the language line "mynt_buy_tmall"
ERROR - 2016-05-24 03:15:57 --> Could not find the language line "mynt_buy_youzan"
ERROR - 2016-05-24 03:15:57 --> Could not find the language line "mynt_icon_taobao"
ERROR - 2016-05-24 03:15:57 --> Could not find the language line "mynt_icon_tmall"
ERROR - 2016-05-24 03:15:57 --> Could not find the language line "mynt_icon_youzan"
ERROR - 2016-05-24 03:17:16 --> Could not find the language line "mynt_buy_taobao"
ERROR - 2016-05-24 03:17:16 --> Could not find the language line "mynt_buy_tmall"
ERROR - 2016-05-24 03:17:16 --> Could not find the language line "mynt_buy_youzan"
ERROR - 2016-05-24 03:17:17 --> Could not find the language line "mynt_buy_taobao"
ERROR - 2016-05-24 03:17:17 --> Could not find the language line "mynt_buy_tmall"
ERROR - 2016-05-24 03:17:17 --> Could not find the language line "mynt_buy_youzan"
ERROR - 2016-05-24 03:17:17 --> Could not find the language line "mynt_icon_taobao"
ERROR - 2016-05-24 03:17:17 --> Could not find the language line "mynt_icon_tmall"
ERROR - 2016-05-24 03:17:17 --> Could not find the language line "mynt_icon_youzan"
ERROR - 2016-05-24 03:17:37 --> Could not find the language line "mynt_buy_taobao"
ERROR - 2016-05-24 03:17:37 --> Could not find the language line "mynt_buy_tmall"
ERROR - 2016-05-24 03:17:37 --> Could not find the language line "mynt_buy_youzan"
ERROR - 2016-05-24 03:17:38 --> Could not find the language line "mynt_buy_taobao"
ERROR - 2016-05-24 03:17:38 --> Could not find the language line "mynt_buy_tmall"
ERROR - 2016-05-24 03:17:38 --> Could not find the language line "mynt_buy_youzan"
ERROR - 2016-05-24 03:17:38 --> Could not find the language line "mynt_icon_taobao"
ERROR - 2016-05-24 03:17:38 --> Could not find the language line "mynt_icon_tmall"
ERROR - 2016-05-24 03:17:38 --> Could not find the language line "mynt_icon_youzan"
ERROR - 2016-05-24 03:17:44 --> Could not find the language line "mynt_buy_taobao"
ERROR - 2016-05-24 03:17:44 --> Could not find the language line "mynt_buy_tmall"
ERROR - 2016-05-24 03:17:44 --> Could not find the language line "mynt_buy_youzan"
ERROR - 2016-05-24 03:17:44 --> Could not find the language line "mynt_buy_taobao"
ERROR - 2016-05-24 03:17:44 --> Could not find the language line "mynt_buy_tmall"
ERROR - 2016-05-24 03:17:44 --> Could not find the language line "mynt_buy_youzan"
ERROR - 2016-05-24 03:17:44 --> Could not find the language line "mynt_icon_taobao"
ERROR - 2016-05-24 03:17:44 --> Could not find the language line "mynt_icon_tmall"
ERROR - 2016-05-24 03:17:44 --> Could not find the language line "mynt_icon_youzan"
ERROR - 2016-05-24 03:18:53 --> Could not find the language line "mynt_buy_taobao"
ERROR - 2016-05-24 03:18:53 --> Could not find the language line "mynt_buy_tmall"
ERROR - 2016-05-24 03:18:53 --> Could not find the language line "mynt_buy_youzan"
ERROR - 2016-05-24 03:18:53 --> Could not find the language line "mynt_icon_taobao"
ERROR - 2016-05-24 03:18:53 --> Could not find the language line "mynt_icon_tmall"
ERROR - 2016-05-24 03:18:53 --> Could not find the language line "mynt_icon_youzan"
ERROR - 2016-05-24 03:18:58 --> Could not find the language line "mynt_buy_taobao"
ERROR - 2016-05-24 03:18:58 --> Could not find the language line "mynt_buy_tmall"
ERROR - 2016-05-24 03:18:58 --> Could not find the language line "mynt_buy_youzan"
ERROR - 2016-05-24 03:18:58 --> Could not find the language line "mynt_icon_taobao"
ERROR - 2016-05-24 03:18:58 --> Could not find the language line "mynt_icon_tmall"
ERROR - 2016-05-24 03:18:58 --> Could not find the language line "mynt_icon_youzan"
ERROR - 2016-05-24 03:20:07 --> Could not find the language line "mynt_buy_taobao"
ERROR - 2016-05-24 03:20:07 --> Could not find the language line "mynt_buy_tmall"
ERROR - 2016-05-24 03:20:07 --> Could not find the language line "mynt_buy_youzan"
ERROR - 2016-05-24 03:20:07 --> Could not find the language line "mynt_icon_taobao"
ERROR - 2016-05-24 03:20:07 --> Could not find the language line "mynt_icon_tmall"
ERROR - 2016-05-24 03:20:07 --> Could not find the language line "mynt_icon_youzan"
ERROR - 2016-05-24 03:20:14 --> Could not find the language line "mynt_buy_taobao"
ERROR - 2016-05-24 03:20:14 --> Could not find the language line "mynt_buy_tmall"
ERROR - 2016-05-24 03:20:14 --> Could not find the language line "mynt_buy_youzan"
ERROR - 2016-05-24 03:20:14 --> Could not find the language line "mynt_icon_taobao"
ERROR - 2016-05-24 03:20:14 --> Could not find the language line "mynt_icon_tmall"
ERROR - 2016-05-24 03:20:14 --> Could not find the language line "mynt_icon_youzan"
ERROR - 2016-05-24 03:24:21 --> Could not find the language line "mynt_buy_taobao"
ERROR - 2016-05-24 03:24:21 --> Could not find the language line "mynt_buy_tmall"
ERROR - 2016-05-24 03:24:21 --> Could not find the language line "mynt_buy_youzan"
ERROR - 2016-05-24 03:24:21 --> Could not find the language line "mynt_icon_taobao"
ERROR - 2016-05-24 03:24:21 --> Could not find the language line "mynt_icon_tmall"
ERROR - 2016-05-24 03:24:21 --> Could not find the language line "mynt_icon_youzan"
ERROR - 2016-05-24 03:25:06 --> Could not find the language line "mynt_buy_taobao"
ERROR - 2016-05-24 03:25:06 --> Could not find the language line "mynt_buy_tmall"
ERROR - 2016-05-24 03:25:06 --> Could not find the language line "mynt_buy_youzan"
ERROR - 2016-05-24 03:25:06 --> Could not find the language line "mynt_icon_taobao"
ERROR - 2016-05-24 03:25:06 --> Could not find the language line "mynt_icon_tmall"
ERROR - 2016-05-24 03:25:06 --> Could not find the language line "mynt_icon_youzan"
ERROR - 2016-05-24 03:25:50 --> Could not find the language line "mynt_buy_taobao"
ERROR - 2016-05-24 03:25:50 --> Could not find the language line "mynt_buy_tmall"
ERROR - 2016-05-24 03:25:50 --> Could not find the language line "mynt_buy_youzan"
ERROR - 2016-05-24 03:26:08 --> Could not find the language line "mynt_buy_taobao"
ERROR - 2016-05-24 03:26:08 --> Could not find the language line "mynt_buy_tmall"
ERROR - 2016-05-24 03:26:08 --> Could not find the language line "mynt_buy_youzan"
ERROR - 2016-05-24 03:27:34 --> Could not find the language line "mynt_buy_taobao"
ERROR - 2016-05-24 03:27:34 --> Could not find the language line "mynt_buy_tmall"
ERROR - 2016-05-24 03:27:34 --> Could not find the language line "mynt_buy_youzan"
ERROR - 2016-05-24 03:27:34 --> Could not find the language line "mynt_icon_taobao"
ERROR - 2016-05-24 03:27:34 --> Could not find the language line "mynt_icon_tmall"
ERROR - 2016-05-24 03:27:34 --> Could not find the language line "mynt_icon_youzan"
ERROR - 2016-05-24 03:27:39 --> Could not find the language line "mynt_buy_taobao"
ERROR - 2016-05-24 03:27:39 --> Could not find the language line "mynt_buy_tmall"
ERROR - 2016-05-24 03:27:39 --> Could not find the language line "mynt_buy_youzan"
ERROR - 2016-05-24 03:28:27 --> Could not find the language line "mynt_buy_taobao"
ERROR - 2016-05-24 03:28:27 --> Could not find the language line "mynt_buy_tmall"
ERROR - 2016-05-24 03:28:27 --> Could not find the language line "mynt_buy_youzan"
ERROR - 2016-05-24 03:28:27 --> Could not find the language line "faq_title_5"
ERROR - 2016-05-24 03:28:27 --> Could not find the language line "faq_cont_5"
ERROR - 2016-05-24 03:28:27 --> Could not find the language line "faq_title_6"
ERROR - 2016-05-24 03:28:27 --> Could not find the language line "faq_cont_6"
ERROR - 2016-05-24 03:28:27 --> Could not find the language line "faq_title_7"
ERROR - 2016-05-24 03:28:27 --> Could not find the language line "faq_cont_7"
ERROR - 2016-05-24 03:28:27 --> Could not find the language line "faq_title_8"
ERROR - 2016-05-24 03:28:27 --> Could not find the language line "faq_cont_8"
ERROR - 2016-05-24 03:28:27 --> Could not find the language line "faq_title_9"
ERROR - 2016-05-24 03:28:27 --> Could not find the language line "faq_cont_9"
ERROR - 2016-05-24 03:28:27 --> Could not find the language line "faq_title_10"
ERROR - 2016-05-24 03:28:27 --> Could not find the language line "faq_cont_10"
ERROR - 2016-05-24 03:28:27 --> Could not find the language line "faq_title_11"
ERROR - 2016-05-24 03:28:27 --> Could not find the language line "faq_cont_11"
ERROR - 2016-05-24 03:28:27 --> Could not find the language line "faq_title_12"
ERROR - 2016-05-24 03:28:27 --> Could not find the language line "faq_cont_12"
ERROR - 2016-05-24 03:28:27 --> Could not find the language line "faq_title_13"
ERROR - 2016-05-24 03:28:27 --> Could not find the language line "faq_cont_13"
ERROR - 2016-05-24 03:28:27 --> Could not find the language line "faq_title_14"
ERROR - 2016-05-24 03:28:27 --> Could not find the language line "faq_cont_14"
ERROR - 2016-05-24 03:28:27 --> Could not find the language line "faq_title_15"
ERROR - 2016-05-24 03:28:27 --> Could not find the language line "faq_cont_15"
ERROR - 2016-05-24 03:28:27 --> Could not find the language line "faq_title_16"
ERROR - 2016-05-24 03:28:27 --> Could not find the language line "faq_cont_16"
ERROR - 2016-05-24 03:30:48 --> Could not find the language line "mynt_buy_taobao"
ERROR - 2016-05-24 03:30:48 --> Could not find the language line "mynt_buy_tmall"
ERROR - 2016-05-24 03:30:48 --> Could not find the language line "mynt_buy_youzan"
ERROR - 2016-05-24 03:30:48 --> Could not find the language line "faq_title_5"
ERROR - 2016-05-24 03:30:48 --> Could not find the language line "faq_cont_5"
ERROR - 2016-05-24 03:30:48 --> Could not find the language line "faq_title_6"
ERROR - 2016-05-24 03:30:48 --> Could not find the language line "faq_cont_6"
ERROR - 2016-05-24 03:30:48 --> Could not find the language line "faq_title_7"
ERROR - 2016-05-24 03:30:48 --> Could not find the language line "faq_cont_7"
ERROR - 2016-05-24 03:30:48 --> Could not find the language line "faq_title_8"
ERROR - 2016-05-24 03:30:48 --> Could not find the language line "faq_cont_8"
ERROR - 2016-05-24 03:30:48 --> Could not find the language line "faq_title_9"
ERROR - 2016-05-24 03:30:48 --> Could not find the language line "faq_cont_9"
ERROR - 2016-05-24 03:30:48 --> Could not find the language line "faq_title_10"
ERROR - 2016-05-24 03:30:48 --> Could not find the language line "faq_cont_10"
ERROR - 2016-05-24 03:30:48 --> Could not find the language line "faq_title_11"
ERROR - 2016-05-24 03:30:48 --> Could not find the language line "faq_cont_11"
ERROR - 2016-05-24 03:30:48 --> Could not find the language line "faq_title_12"
ERROR - 2016-05-24 03:30:48 --> Could not find the language line "faq_cont_12"
ERROR - 2016-05-24 03:30:48 --> Could not find the language line "faq_title_13"
ERROR - 2016-05-24 03:30:48 --> Could not find the language line "faq_cont_13"
ERROR - 2016-05-24 03:30:48 --> Could not find the language line "faq_title_14"
ERROR - 2016-05-24 03:30:48 --> Could not find the language line "faq_cont_14"
ERROR - 2016-05-24 03:30:48 --> Could not find the language line "faq_title_15"
ERROR - 2016-05-24 03:30:48 --> Could not find the language line "faq_cont_15"
ERROR - 2016-05-24 03:30:48 --> Could not find the language line "faq_title_16"
ERROR - 2016-05-24 03:30:48 --> Could not find the language line "faq_cont_16"
ERROR - 2016-05-24 03:31:04 --> Could not find the language line "mynt_buy_amazon"
ERROR - 2016-05-24 03:31:34 --> Could not find the language line "mynt_buy_amazon"
ERROR - 2016-05-24 03:33:55 --> Could not find the language line "mynt_buy_amazon"
ERROR - 2016-05-24 03:38:03 --> Could not find the language line "mynt_buy_amazon"
ERROR - 2016-05-24 03:47:26 --> Could not find the language line "mynt_buy_amazon"
ERROR - 2016-05-24 03:48:39 --> Could not find the language line "mynt_buy_amazon"
ERROR - 2016-05-24 03:49:56 --> Could not find the language line "mynt_buy_amazon"
ERROR - 2016-05-24 03:52:22 --> Could not find the language line "mynt_buy_amazon"
ERROR - 2016-05-24 03:53:37 --> Could not find the language line "mynt_buy_amazon"
ERROR - 2016-05-24 03:54:18 --> Could not find the language line "mynt_buy_amazon"
ERROR - 2016-05-24 03:54:19 --> Could not find the language line "mynt_buy_amazon"
ERROR - 2016-05-24 03:54:19 --> Could not find the language line "mynt_buy_amazon"
ERROR - 2016-05-24 03:54:19 --> Could not find the language line "mynt_buy_amazon"
ERROR - 2016-05-24 03:54:19 --> Could not find the language line "mynt_buy_amazon"
ERROR - 2016-05-24 03:54:20 --> Could not find the language line "mynt_buy_amazon"
ERROR - 2016-05-24 03:54:20 --> Could not find the language line "mynt_buy_amazon"
ERROR - 2016-05-24 03:54:38 --> Could not find the language line "mynt_buy_amazon"
ERROR - 2016-05-24 03:55:25 --> Could not find the language line "mynt_buy_amazon"
ERROR - 2016-05-24 03:56:25 --> Could not find the language line "mynt_buy_amazon"
ERROR - 2016-05-24 04:01:50 --> Could not find the language line "mynt_buy_amazon"
ERROR - 2016-05-24 04:02:42 --> Could not find the language line "mynt_buy_amazon"
ERROR - 2016-05-24 04:02:42 --> Could not find the language line "home_sdeno_slide"
ERROR - 2016-05-24 04:02:42 --> Could not find the language line "tracker"
ERROR - 2016-05-24 04:02:42 --> Could not find the language line "mynt_feature"
ERROR - 2016-05-24 04:02:42 --> Could not find the language line "home_robot_sdeno"
ERROR - 2016-05-24 04:02:42 --> Could not find the language line "home_sdeno_slogon"
ERROR - 2016-05-24 04:02:42 --> Could not find the language line "mynt_icon_buy"
ERROR - 2016-05-24 04:02:46 --> Could not find the language line "mynt_buy_taobao"
ERROR - 2016-05-24 04:02:46 --> Could not find the language line "mynt_buy_tmall"
ERROR - 2016-05-24 04:02:46 --> Could not find the language line "mynt_buy_youzan"
ERROR - 2016-05-24 04:02:46 --> Could not find the language line "mynt_icon_taobao"
ERROR - 2016-05-24 04:02:46 --> Could not find the language line "mynt_icon_tmall"
ERROR - 2016-05-24 04:02:46 --> Could not find the language line "mynt_icon_youzan"
ERROR - 2016-05-24 04:09:00 --> Could not find the language line "mynt_buy_taobao"
ERROR - 2016-05-24 04:09:00 --> Could not find the language line "mynt_buy_tmall"
ERROR - 2016-05-24 04:09:00 --> Could not find the language line "mynt_buy_youzan"
ERROR - 2016-05-24 04:09:00 --> Could not find the language line "home_cloud_intro"
ERROR - 2016-05-24 04:09:00 --> Could not find the language line "mynt_icon_taobao"
ERROR - 2016-05-24 04:09:00 --> Could not find the language line "mynt_icon_tmall"
ERROR - 2016-05-24 04:09:00 --> Could not find the language line "mynt_icon_youzan"
ERROR - 2016-05-24 04:18:06 --> Could not find the language line "mynt_buy_taobao"
ERROR - 2016-05-24 04:18:06 --> Could not find the language line "mynt_buy_tmall"
ERROR - 2016-05-24 04:18:06 --> Could not find the language line "mynt_buy_youzan"
ERROR - 2016-05-24 04:18:06 --> Could not find the language line "faq_title_5"
ERROR - 2016-05-24 04:18:06 --> Could not find the language line "faq_cont_5"
ERROR - 2016-05-24 04:18:06 --> Could not find the language line "faq_title_6"
ERROR - 2016-05-24 04:18:06 --> Could not find the language line "faq_cont_6"
ERROR - 2016-05-24 04:18:06 --> Could not find the language line "faq_title_7"
ERROR - 2016-05-24 04:18:06 --> Could not find the language line "faq_cont_7"
ERROR - 2016-05-24 04:18:06 --> Could not find the language line "faq_title_8"
ERROR - 2016-05-24 04:18:06 --> Could not find the language line "faq_cont_8"
ERROR - 2016-05-24 04:18:06 --> Could not find the language line "faq_title_9"
ERROR - 2016-05-24 04:18:06 --> Could not find the language line "faq_cont_9"
ERROR - 2016-05-24 04:18:06 --> Could not find the language line "faq_title_10"
ERROR - 2016-05-24 04:18:06 --> Could not find the language line "faq_cont_10"
ERROR - 2016-05-24 04:18:06 --> Could not find the language line "faq_title_11"
ERROR - 2016-05-24 04:18:06 --> Could not find the language line "faq_cont_11"
ERROR - 2016-05-24 04:18:06 --> Could not find the language line "faq_title_12"
ERROR - 2016-05-24 04:18:06 --> Could not find the language line "faq_cont_12"
ERROR - 2016-05-24 04:18:06 --> Could not find the language line "faq_title_13"
ERROR - 2016-05-24 04:18:06 --> Could not find the language line "faq_cont_13"
ERROR - 2016-05-24 04:18:06 --> Could not find the language line "faq_title_14"
ERROR - 2016-05-24 04:18:06 --> Could not find the language line "faq_cont_14"
ERROR - 2016-05-24 04:18:06 --> Could not find the language line "faq_title_15"
ERROR - 2016-05-24 04:18:06 --> Could not find the language line "faq_cont_15"
ERROR - 2016-05-24 04:18:06 --> Could not find the language line "faq_title_16"
ERROR - 2016-05-24 04:18:06 --> Could not find the language line "faq_cont_16"
ERROR - 2016-05-24 04:18:08 --> Could not find the language line "mynt_buy_taobao"
ERROR - 2016-05-24 04:18:08 --> Could not find the language line "mynt_buy_tmall"
ERROR - 2016-05-24 04:18:08 --> Could not find the language line "mynt_buy_youzan"
ERROR - 2016-05-24 04:18:19 --> Could not find the language line "mynt_buy_taobao"
ERROR - 2016-05-24 04:18:19 --> Could not find the language line "mynt_buy_tmall"
ERROR - 2016-05-24 04:18:19 --> Could not find the language line "mynt_buy_youzan"
ERROR - 2016-05-24 05:03:34 --> Could not find the language line "mynt_buy_taobao"
ERROR - 2016-05-24 05:03:34 --> Could not find the language line "mynt_buy_tmall"
ERROR - 2016-05-24 05:03:34 --> Could not find the language line "mynt_buy_youzan"
ERROR - 2016-05-24 05:03:38 --> Could not find the language line "mynt_buy_taobao"
ERROR - 2016-05-24 05:03:38 --> Could not find the language line "mynt_buy_tmall"
ERROR - 2016-05-24 05:03:38 --> Could not find the language line "mynt_buy_youzan"
ERROR - 2016-05-24 05:35:09 --> Could not find the language line "mynt_buy_taobao"
ERROR - 2016-05-24 05:35:09 --> Could not find the language line "mynt_buy_tmall"
ERROR - 2016-05-24 05:35:09 --> Could not find the language line "mynt_buy_youzan"
ERROR - 2016-05-24 05:39:11 --> Could not find the language line "mynt_buy_taobao"
ERROR - 2016-05-24 05:39:11 --> Could not find the language line "mynt_buy_tmall"
ERROR - 2016-05-24 05:39:11 --> Could not find the language line "mynt_buy_youzan"
ERROR - 2016-05-24 05:39:50 --> Could not find the language line "mynt_buy_taobao"
ERROR - 2016-05-24 05:39:50 --> Could not find the language line "mynt_buy_tmall"
ERROR - 2016-05-24 05:39:50 --> Could not find the language line "mynt_buy_youzan"
ERROR - 2016-05-24 05:40:11 --> Could not find the language line "mynt_buy_taobao"
ERROR - 2016-05-24 05:40:11 --> Could not find the language line "mynt_buy_tmall"
ERROR - 2016-05-24 05:40:11 --> Could not find the language line "mynt_buy_youzan"
ERROR - 2016-05-24 05:42:06 --> Could not find the language line "mynt_buy_taobao"
ERROR - 2016-05-24 05:42:06 --> Could not find the language line "mynt_buy_tmall"
ERROR - 2016-05-24 05:42:06 --> Could not find the language line "mynt_buy_youzan"
ERROR - 2016-05-24 05:42:09 --> Could not find the language line "mynt_buy_taobao"
ERROR - 2016-05-24 05:42:09 --> Could not find the language line "mynt_buy_tmall"
ERROR - 2016-05-24 05:42:09 --> Could not find the language line "mynt_buy_youzan"
ERROR - 2016-05-24 05:42:29 --> Could not find the language line "mynt_buy_taobao"
ERROR - 2016-05-24 05:42:29 --> Could not find the language line "mynt_buy_tmall"
ERROR - 2016-05-24 05:42:29 --> Could not find the language line "mynt_buy_youzan"
ERROR - 2016-05-24 05:42:51 --> Could not find the language line "mynt_buy_taobao"
ERROR - 2016-05-24 05:42:51 --> Could not find the language line "mynt_buy_tmall"
ERROR - 2016-05-24 05:42:51 --> Could not find the language line "mynt_buy_youzan"
ERROR - 2016-05-24 05:43:14 --> Could not find the language line "mynt_buy_taobao"
ERROR - 2016-05-24 05:43:14 --> Could not find the language line "mynt_buy_tmall"
ERROR - 2016-05-24 05:43:14 --> Could not find the language line "mynt_buy_youzan"
ERROR - 2016-05-24 05:57:53 --> Could not find the language line "mynt_buy_taobao"
ERROR - 2016-05-24 05:57:53 --> Could not find the language line "mynt_buy_tmall"
ERROR - 2016-05-24 05:57:53 --> Could not find the language line "mynt_buy_youzan"
ERROR - 2016-05-24 06:15:29 --> Could not find the language line "mynt_buy_taobao"
ERROR - 2016-05-24 06:15:29 --> Could not find the language line "mynt_buy_tmall"
ERROR - 2016-05-24 06:15:29 --> Could not find the language line "mynt_buy_youzan"
ERROR - 2016-05-24 06:17:02 --> Could not find the language line "mynt_buy_taobao"
ERROR - 2016-05-24 06:17:02 --> Could not find the language line "mynt_buy_tmall"
ERROR - 2016-05-24 06:17:02 --> Could not find the language line "mynt_buy_youzan"
ERROR - 2016-05-24 06:19:01 --> Could not find the language line "mynt_buy_taobao"
ERROR - 2016-05-24 06:19:01 --> Could not find the language line "mynt_buy_tmall"
ERROR - 2016-05-24 06:19:01 --> Could not find the language line "mynt_buy_youzan"
ERROR - 2016-05-24 06:23:43 --> Could not find the language line "mynt_buy_taobao"
ERROR - 2016-05-24 06:23:43 --> Could not find the language line "mynt_buy_tmall"
ERROR - 2016-05-24 06:23:43 --> Could not find the language line "mynt_buy_youzan"
ERROR - 2016-05-24 06:27:01 --> Could not find the language line "mynt_buy_taobao"
ERROR - 2016-05-24 06:27:01 --> Could not find the language line "mynt_buy_tmall"
ERROR - 2016-05-24 06:27:01 --> Could not find the language line "mynt_buy_youzan"
ERROR - 2016-05-24 06:29:23 --> Could not find the language line "mynt_buy_taobao"
ERROR - 2016-05-24 06:29:23 --> Could not find the language line "mynt_buy_tmall"
ERROR - 2016-05-24 06:29:23 --> Could not find the language line "mynt_buy_youzan"
ERROR - 2016-05-24 06:29:58 --> Could not find the language line "mynt_buy_taobao"
ERROR - 2016-05-24 06:29:58 --> Could not find the language line "mynt_buy_tmall"
ERROR - 2016-05-24 06:29:58 --> Could not find the language line "mynt_buy_youzan"
ERROR - 2016-05-24 06:31:12 --> Could not find the language line "mynt_buy_taobao"
ERROR - 2016-05-24 06:31:12 --> Could not find the language line "mynt_buy_tmall"
ERROR - 2016-05-24 06:31:12 --> Could not find the language line "mynt_buy_youzan"
ERROR - 2016-05-24 06:33:56 --> Could not find the language line "mynt_buy_taobao"
ERROR - 2016-05-24 06:33:56 --> Could not find the language line "mynt_buy_tmall"
ERROR - 2016-05-24 06:33:56 --> Could not find the language line "mynt_buy_youzan"
ERROR - 2016-05-24 06:34:20 --> Could not find the language line "mynt_buy_taobao"
ERROR - 2016-05-24 06:34:20 --> Could not find the language line "mynt_buy_tmall"
ERROR - 2016-05-24 06:34:20 --> Could not find the language line "mynt_buy_youzan"
ERROR - 2016-05-24 06:35:43 --> Could not find the language line "mynt_buy_taobao"
ERROR - 2016-05-24 06:35:43 --> Could not find the language line "mynt_buy_tmall"
ERROR - 2016-05-24 06:35:43 --> Could not find the language line "mynt_buy_youzan"
ERROR - 2016-05-24 06:35:59 --> Could not find the language line "mynt_buy_taobao"
ERROR - 2016-05-24 06:35:59 --> Could not find the language line "mynt_buy_tmall"
ERROR - 2016-05-24 06:35:59 --> Could not find the language line "mynt_buy_youzan"
ERROR - 2016-05-24 06:36:09 --> Could not find the language line "mynt_buy_taobao"
ERROR - 2016-05-24 06:36:09 --> Could not find the language line "mynt_buy_tmall"
ERROR - 2016-05-24 06:36:09 --> Could not find the language line "mynt_buy_youzan"
ERROR - 2016-05-24 06:37:09 --> Could not find the language line "mynt_buy_taobao"
ERROR - 2016-05-24 06:37:09 --> Could not find the language line "mynt_buy_tmall"
ERROR - 2016-05-24 06:37:09 --> Could not find the language line "mynt_buy_youzan"
ERROR - 2016-05-24 06:39:54 --> Could not find the language line "mynt_buy_taobao"
ERROR - 2016-05-24 06:39:54 --> Could not find the language line "mynt_buy_tmall"
ERROR - 2016-05-24 06:39:54 --> Could not find the language line "mynt_buy_youzan"
ERROR - 2016-05-24 06:40:22 --> Could not find the language line "mynt_buy_taobao"
ERROR - 2016-05-24 06:40:22 --> Could not find the language line "mynt_buy_tmall"
ERROR - 2016-05-24 06:40:22 --> Could not find the language line "mynt_buy_youzan"
ERROR - 2016-05-24 06:40:58 --> Could not find the language line "mynt_buy_taobao"
ERROR - 2016-05-24 06:40:58 --> Could not find the language line "mynt_buy_tmall"
ERROR - 2016-05-24 06:40:58 --> Could not find the language line "mynt_buy_youzan"
ERROR - 2016-05-24 06:59:49 --> Could not find the language line "mynt_buy_taobao"
ERROR - 2016-05-24 06:59:49 --> Could not find the language line "mynt_buy_tmall"
ERROR - 2016-05-24 06:59:49 --> Could not find the language line "mynt_buy_youzan"
ERROR - 2016-05-24 06:59:59 --> Could not find the language line "mynt_buy_taobao"
ERROR - 2016-05-24 06:59:59 --> Could not find the language line "mynt_buy_tmall"
ERROR - 2016-05-24 06:59:59 --> Could not find the language line "mynt_buy_youzan"
ERROR - 2016-05-24 06:59:59 --> Could not find the language line "gift_slide_title"
ERROR - 2016-05-24 06:59:59 --> Could not find the language line "gift_one_title"
ERROR - 2016-05-24 06:59:59 --> Could not find the language line "gift_two_title"
ERROR - 2016-05-24 06:59:59 --> Could not find the language line "gift_three_title"
ERROR - 2016-05-24 07:02:02 --> Could not find the language line "mynt_buy_taobao"
ERROR - 2016-05-24 07:02:02 --> Could not find the language line "mynt_buy_tmall"
ERROR - 2016-05-24 07:02:02 --> Could not find the language line "mynt_buy_youzan"
ERROR - 2016-05-24 07:02:02 --> Could not find the language line "gift_slide_title"
ERROR - 2016-05-24 07:02:02 --> Could not find the language line "gift_one_title"
ERROR - 2016-05-24 07:02:02 --> Could not find the language line "gift_two_title"
ERROR - 2016-05-24 07:02:02 --> Could not find the language line "gift_three_title"
ERROR - 2016-05-24 07:02:46 --> Could not find the language line "mynt_buy_taobao"
ERROR - 2016-05-24 07:02:46 --> Could not find the language line "mynt_buy_tmall"
ERROR - 2016-05-24 07:02:47 --> Could not find the language line "mynt_buy_youzan"
ERROR - 2016-05-24 07:03:40 --> Could not find the language line "mynt_buy_taobao"
ERROR - 2016-05-24 07:03:40 --> Could not find the language line "mynt_buy_tmall"
ERROR - 2016-05-24 07:03:40 --> Could not find the language line "mynt_buy_youzan"
ERROR - 2016-05-24 07:04:26 --> Could not find the language line "mynt_buy_taobao"
ERROR - 2016-05-24 07:04:26 --> Could not find the language line "mynt_buy_tmall"
ERROR - 2016-05-24 07:04:26 --> Could not find the language line "mynt_buy_youzan"
ERROR - 2016-05-24 07:17:42 --> Could not find the language line "mynt_buy_taobao"
ERROR - 2016-05-24 07:17:42 --> Could not find the language line "mynt_buy_tmall"
ERROR - 2016-05-24 07:17:42 --> Could not find the language line "mynt_buy_youzan"
ERROR - 2016-05-24 07:18:16 --> Could not find the language line "mynt_buy_taobao"
ERROR - 2016-05-24 07:18:16 --> Could not find the language line "mynt_buy_tmall"
ERROR - 2016-05-24 07:18:16 --> Could not find the language line "mynt_buy_youzan"
ERROR - 2016-05-24 07:19:47 --> Could not find the language line "mynt_buy_taobao"
ERROR - 2016-05-24 07:19:47 --> Could not find the language line "mynt_buy_tmall"
ERROR - 2016-05-24 07:19:47 --> Could not find the language line "mynt_buy_youzan"
ERROR - 2016-05-24 07:21:18 --> Could not find the language line "mynt_buy_taobao"
ERROR - 2016-05-24 07:21:18 --> Could not find the language line "mynt_buy_tmall"
ERROR - 2016-05-24 07:21:18 --> Could not find the language line "mynt_buy_youzan"
ERROR - 2016-05-24 07:27:43 --> Could not find the language line "mynt_buy_taobao"
ERROR - 2016-05-24 07:27:43 --> Could not find the language line "mynt_buy_tmall"
ERROR - 2016-05-24 07:27:43 --> Could not find the language line "mynt_buy_youzan"
ERROR - 2016-05-24 07:27:48 --> Could not find the language line "mynt_buy_taobao"
ERROR - 2016-05-24 07:27:48 --> Could not find the language line "mynt_buy_tmall"
ERROR - 2016-05-24 07:27:48 --> Could not find the language line "mynt_buy_youzan"
ERROR - 2016-05-24 07:30:45 --> Could not find the language line "mynt_buy_taobao"
ERROR - 2016-05-24 07:30:45 --> Could not find the language line "mynt_buy_tmall"
ERROR - 2016-05-24 07:30:45 --> Could not find the language line "mynt_buy_youzan"
ERROR - 2016-05-24 07:30:48 --> Could not find the language line "mynt_buy_taobao"
ERROR - 2016-05-24 07:30:48 --> Could not find the language line "mynt_buy_tmall"
ERROR - 2016-05-24 07:30:48 --> Could not find the language line "mynt_buy_youzan"
ERROR - 2016-05-24 07:30:51 --> Could not find the language line "mynt_buy_taobao"
ERROR - 2016-05-24 07:30:51 --> Could not find the language line "mynt_buy_tmall"
ERROR - 2016-05-24 07:30:51 --> Could not find the language line "mynt_buy_youzan"
ERROR - 2016-05-24 07:31:02 --> Could not find the language line "mynt_buy_taobao"
ERROR - 2016-05-24 07:31:02 --> Could not find the language line "mynt_buy_tmall"
ERROR - 2016-05-24 07:31:02 --> Could not find the language line "mynt_buy_youzan"
ERROR - 2016-05-24 07:36:38 --> Could not find the language line "mynt_buy_taobao"
ERROR - 2016-05-24 07:36:38 --> Could not find the language line "mynt_buy_tmall"
ERROR - 2016-05-24 07:36:38 --> Could not find the language line "mynt_buy_youzan"
ERROR - 2016-05-24 07:37:39 --> Could not find the language line "mynt_buy_taobao"
ERROR - 2016-05-24 07:37:39 --> Could not find the language line "mynt_buy_tmall"
ERROR - 2016-05-24 07:37:39 --> Could not find the language line "mynt_buy_youzan"
ERROR - 2016-05-24 07:38:12 --> Could not find the language line "mynt_buy_taobao"
ERROR - 2016-05-24 07:38:12 --> Could not find the language line "mynt_buy_tmall"
ERROR - 2016-05-24 07:38:12 --> Could not find the language line "mynt_buy_youzan"
ERROR - 2016-05-24 07:38:22 --> Could not find the language line "mynt_buy_taobao"
ERROR - 2016-05-24 07:38:22 --> Could not find the language line "mynt_buy_tmall"
ERROR - 2016-05-24 07:38:22 --> Could not find the language line "mynt_buy_youzan"
ERROR - 2016-05-24 07:38:31 --> Could not find the language line "mynt_buy_taobao"
ERROR - 2016-05-24 07:38:31 --> Could not find the language line "mynt_buy_tmall"
ERROR - 2016-05-24 07:38:31 --> Could not find the language line "mynt_buy_youzan"
ERROR - 2016-05-24 07:39:04 --> Could not find the language line "mynt_buy_taobao"
ERROR - 2016-05-24 07:39:04 --> Could not find the language line "mynt_buy_tmall"
ERROR - 2016-05-24 07:39:04 --> Could not find the language line "mynt_buy_youzan"
ERROR - 2016-05-24 07:39:15 --> Could not find the language line "mynt_buy_taobao"
ERROR - 2016-05-24 07:39:15 --> Could not find the language line "mynt_buy_tmall"
ERROR - 2016-05-24 07:39:15 --> Could not find the language line "mynt_buy_youzan"
ERROR - 2016-05-24 07:40:14 --> Could not find the language line "mynt_buy_taobao"
ERROR - 2016-05-24 07:40:14 --> Could not find the language line "mynt_buy_tmall"
ERROR - 2016-05-24 07:40:14 --> Could not find the language line "mynt_buy_youzan"
ERROR - 2016-05-24 07:41:14 --> Could not find the language line "mynt_buy_taobao"
ERROR - 2016-05-24 07:41:14 --> Could not find the language line "mynt_buy_tmall"
ERROR - 2016-05-24 07:41:14 --> Could not find the language line "mynt_buy_youzan"
ERROR - 2016-05-24 07:42:25 --> Could not find the language line "mynt_buy_taobao"
ERROR - 2016-05-24 07:42:25 --> Could not find the language line "mynt_buy_tmall"
ERROR - 2016-05-24 07:42:25 --> Could not find the language line "mynt_buy_youzan"
ERROR - 2016-05-24 07:42:45 --> Could not find the language line "mynt_buy_taobao"
ERROR - 2016-05-24 07:42:45 --> Could not find the language line "mynt_buy_tmall"
ERROR - 2016-05-24 07:42:45 --> Could not find the language line "mynt_buy_youzan"
ERROR - 2016-05-24 07:44:10 --> Could not find the language line "mynt_buy_taobao"
ERROR - 2016-05-24 07:44:10 --> Could not find the language line "mynt_buy_tmall"
ERROR - 2016-05-24 07:44:10 --> Could not find the language line "mynt_buy_youzan"
ERROR - 2016-05-24 07:44:39 --> Could not find the language line "mynt_buy_taobao"
ERROR - 2016-05-24 07:44:39 --> Could not find the language line "mynt_buy_tmall"
ERROR - 2016-05-24 07:44:39 --> Could not find the language line "mynt_buy_youzan"
ERROR - 2016-05-24 07:44:58 --> Could not find the language line "mynt_buy_taobao"
ERROR - 2016-05-24 07:44:58 --> Could not find the language line "mynt_buy_tmall"
ERROR - 2016-05-24 07:44:58 --> Could not find the language line "mynt_buy_youzan"
ERROR - 2016-05-24 07:45:15 --> Could not find the language line "mynt_buy_taobao"
ERROR - 2016-05-24 07:45:15 --> Could not find the language line "mynt_buy_tmall"
ERROR - 2016-05-24 07:45:15 --> Could not find the language line "mynt_buy_youzan"
ERROR - 2016-05-24 07:49:06 --> Could not find the language line "mynt_buy_taobao"
ERROR - 2016-05-24 07:49:06 --> Could not find the language line "mynt_buy_tmall"
ERROR - 2016-05-24 07:49:06 --> Could not find the language line "mynt_buy_youzan"
ERROR - 2016-05-24 07:50:59 --> Could not find the language line "mynt_buy_taobao"
ERROR - 2016-05-24 07:50:59 --> Could not find the language line "mynt_buy_tmall"
ERROR - 2016-05-24 07:50:59 --> Could not find the language line "mynt_buy_youzan"
ERROR - 2016-05-24 07:51:36 --> Could not find the language line "mynt_buy_taobao"
ERROR - 2016-05-24 07:51:36 --> Could not find the language line "mynt_buy_tmall"
ERROR - 2016-05-24 07:51:36 --> Could not find the language line "mynt_buy_youzan"
ERROR - 2016-05-24 07:52:38 --> Could not find the language line "mynt_buy_taobao"
ERROR - 2016-05-24 07:52:38 --> Could not find the language line "mynt_buy_tmall"
ERROR - 2016-05-24 07:52:38 --> Could not find the language line "mynt_buy_youzan"
ERROR - 2016-05-24 07:53:00 --> Could not find the language line "mynt_buy_taobao"
ERROR - 2016-05-24 07:53:00 --> Could not find the language line "mynt_buy_tmall"
ERROR - 2016-05-24 07:53:00 --> Could not find the language line "mynt_buy_youzan"
ERROR - 2016-05-24 07:53:27 --> Could not find the language line "mynt_buy_taobao"
ERROR - 2016-05-24 07:53:27 --> Could not find the language line "mynt_buy_tmall"
ERROR - 2016-05-24 07:53:27 --> Could not find the language line "mynt_buy_youzan"
ERROR - 2016-05-24 07:53:41 --> Could not find the language line "mynt_buy_taobao"
ERROR - 2016-05-24 07:53:41 --> Could not find the language line "mynt_buy_tmall"
ERROR - 2016-05-24 07:53:41 --> Could not find the language line "mynt_buy_youzan"
ERROR - 2016-05-24 07:54:10 --> Could not find the language line "mynt_buy_taobao"
ERROR - 2016-05-24 07:54:10 --> Could not find the language line "mynt_buy_tmall"
ERROR - 2016-05-24 07:54:10 --> Could not find the language line "mynt_buy_youzan"
ERROR - 2016-05-24 07:54:10 --> Could not find the language line "mynt_icon_taobao"
ERROR - 2016-05-24 07:54:10 --> Could not find the language line "mynt_icon_tmall"
ERROR - 2016-05-24 07:54:10 --> Could not find the language line "mynt_icon_youzan"
ERROR - 2016-05-24 07:54:10 --> Could not find the language line "mynt_jd_detail"
ERROR - 2016-05-24 07:54:10 --> Could not find the language line "to_buy_wd"
ERROR - 2016-05-24 07:54:10 --> Could not find the language line "slightech_wechat"
ERROR - 2016-05-24 07:54:10 --> Could not find the language line "camera_no_lost"
ERROR - 2016-05-24 07:54:10 --> Could not find the language line "key_no_lost"
ERROR - 2016-05-24 07:54:10 --> Could not find the language line "bag_no_lost"
ERROR - 2016-05-24 07:54:10 --> Could not find the language line "computer_no_lost"
ERROR - 2016-05-24 07:54:10 --> Could not find the language line "pet_no_lost"
ERROR - 2016-05-24 07:54:10 --> Could not find the language line "goal"
ERROR - 2016-05-24 07:54:10 --> Could not find the language line "fund_title"
ERROR - 2016-05-24 07:54:10 --> Could not find the language line "fund_intro"
ERROR - 2016-05-24 07:54:56 --> Could not find the language line "mynt_buy_taobao"
ERROR - 2016-05-24 07:54:56 --> Could not find the language line "mynt_buy_tmall"
ERROR - 2016-05-24 07:54:56 --> Could not find the language line "mynt_buy_youzan"
ERROR - 2016-05-24 07:57:53 --> Could not find the language line "mynt_buy_taobao"
ERROR - 2016-05-24 07:57:53 --> Could not find the language line "mynt_buy_tmall"
ERROR - 2016-05-24 07:57:53 --> Could not find the language line "mynt_buy_youzan"
ERROR - 2016-05-24 07:57:57 --> Could not find the language line "mynt_buy_taobao"
ERROR - 2016-05-24 07:57:57 --> Could not find the language line "mynt_buy_tmall"
ERROR - 2016-05-24 07:57:57 --> Could not find the language line "mynt_buy_youzan"
ERROR - 2016-05-24 07:58:16 --> Could not find the language line "mynt_buy_taobao"
ERROR - 2016-05-24 07:58:16 --> Could not find the language line "mynt_buy_tmall"
ERROR - 2016-05-24 07:58:16 --> Could not find the language line "mynt_buy_youzan"
ERROR - 2016-05-24 07:59:39 --> Could not find the language line "mynt_buy_taobao"
ERROR - 2016-05-24 07:59:39 --> Could not find the language line "mynt_buy_tmall"
ERROR - 2016-05-24 07:59:39 --> Could not find the language line "mynt_buy_youzan"
ERROR - 2016-05-24 08:00:40 --> Could not find the language line "mynt_buy_taobao"
ERROR - 2016-05-24 08:00:40 --> Could not find the language line "mynt_buy_tmall"
ERROR - 2016-05-24 08:00:40 --> Could not find the language line "mynt_buy_youzan"
ERROR - 2016-05-24 08:01:21 --> Could not find the language line "mynt_buy_taobao"
ERROR - 2016-05-24 08:01:21 --> Could not find the language line "mynt_buy_tmall"
ERROR - 2016-05-24 08:01:21 --> Could not find the language line "mynt_buy_youzan"
ERROR - 2016-05-24 08:02:28 --> Could not find the language line "mynt_buy_taobao"
ERROR - 2016-05-24 08:02:28 --> Could not find the language line "mynt_buy_tmall"
ERROR - 2016-05-24 08:02:28 --> Could not find the language line "mynt_buy_youzan"
ERROR - 2016-05-24 08:04:16 --> Could not find the language line "mynt_buy_taobao"
ERROR - 2016-05-24 08:04:16 --> Could not find the language line "mynt_buy_tmall"
ERROR - 2016-05-24 08:04:16 --> Could not find the language line "mynt_buy_youzan"
ERROR - 2016-05-24 08:04:53 --> Could not find the language line "mynt_buy_taobao"
ERROR - 2016-05-24 08:04:53 --> Could not find the language line "mynt_buy_tmall"
ERROR - 2016-05-24 08:04:53 --> Could not find the language line "mynt_buy_youzan"
ERROR - 2016-05-24 08:05:08 --> Could not find the language line "mynt_buy_taobao"
ERROR - 2016-05-24 08:05:08 --> Could not find the language line "mynt_buy_tmall"
ERROR - 2016-05-24 08:05:08 --> Could not find the language line "mynt_buy_youzan"
ERROR - 2016-05-24 08:05:54 --> Could not find the language line "mynt_buy_taobao"
ERROR - 2016-05-24 08:05:54 --> Could not find the language line "mynt_buy_tmall"
ERROR - 2016-05-24 08:05:54 --> Could not find the language line "mynt_buy_youzan"
ERROR - 2016-05-24 08:06:09 --> Could not find the language line "mynt_buy_taobao"
ERROR - 2016-05-24 08:06:09 --> Could not find the language line "mynt_buy_tmall"
ERROR - 2016-05-24 08:06:09 --> Could not find the language line "mynt_buy_youzan"
ERROR - 2016-05-24 08:07:17 --> Could not find the language line "mynt_buy_taobao"
ERROR - 2016-05-24 08:07:17 --> Could not find the language line "mynt_buy_tmall"
ERROR - 2016-05-24 08:07:17 --> Could not find the language line "mynt_buy_youzan"
ERROR - 2016-05-24 08:07:52 --> Could not find the language line "mynt_buy_taobao"
ERROR - 2016-05-24 08:07:52 --> Could not find the language line "mynt_buy_tmall"
ERROR - 2016-05-24 08:07:52 --> Could not find the language line "mynt_buy_youzan"
ERROR - 2016-05-24 08:10:31 --> Could not find the language line "mynt_buy_taobao"
ERROR - 2016-05-24 08:10:31 --> Could not find the language line "mynt_buy_tmall"
ERROR - 2016-05-24 08:10:31 --> Could not find the language line "mynt_buy_youzan"
ERROR - 2016-05-24 08:10:44 --> Could not find the language line "mynt_buy_taobao"
ERROR - 2016-05-24 08:10:44 --> Could not find the language line "mynt_buy_tmall"
ERROR - 2016-05-24 08:10:44 --> Could not find the language line "mynt_buy_youzan"
ERROR - 2016-05-24 08:10:54 --> Could not find the language line "mynt_buy_taobao"
ERROR - 2016-05-24 08:10:54 --> Could not find the language line "mynt_buy_tmall"
ERROR - 2016-05-24 08:10:54 --> Could not find the language line "mynt_buy_youzan"
ERROR - 2016-05-24 08:10:54 --> Could not find the language line "mynt_icon_taobao"
ERROR - 2016-05-24 08:10:54 --> Could not find the language line "mynt_icon_tmall"
ERROR - 2016-05-24 08:10:54 --> Could not find the language line "mynt_icon_youzan"
ERROR - 2016-05-24 08:10:54 --> Could not find the language line "mynt_jd_detail"
ERROR - 2016-05-24 08:10:54 --> Could not find the language line "to_buy_wd"
ERROR - 2016-05-24 08:10:54 --> Could not find the language line "slightech_wechat"
ERROR - 2016-05-24 08:10:54 --> Could not find the language line "camera_no_lost"
ERROR - 2016-05-24 08:10:54 --> Could not find the language line "key_no_lost"
ERROR - 2016-05-24 08:10:54 --> Could not find the language line "bag_no_lost"
ERROR - 2016-05-24 08:10:54 --> Could not find the language line "computer_no_lost"
ERROR - 2016-05-24 08:10:54 --> Could not find the language line "pet_no_lost"
ERROR - 2016-05-24 08:10:54 --> Could not find the language line "goal"
ERROR - 2016-05-24 08:10:54 --> Could not find the language line "fund_title"
ERROR - 2016-05-24 08:10:54 --> Could not find the language line "fund_intro"
ERROR - 2016-05-24 08:11:01 --> Could not find the language line "mynt_buy_taobao"
ERROR - 2016-05-24 08:11:01 --> Could not find the language line "mynt_buy_tmall"
ERROR - 2016-05-24 08:11:01 --> Could not find the language line "mynt_buy_youzan"
ERROR - 2016-05-24 08:11:01 --> Could not find the language line "home_cloud_intro"
ERROR - 2016-05-24 08:11:01 --> Could not find the language line "mynt_icon_taobao"
ERROR - 2016-05-24 08:11:01 --> Could not find the language line "mynt_icon_tmall"
ERROR - 2016-05-24 08:11:01 --> Could not find the language line "mynt_icon_youzan"
ERROR - 2016-05-24 08:11:40 --> Could not find the language line "mynt_buy_taobao"
ERROR - 2016-05-24 08:11:40 --> Could not find the language line "mynt_buy_tmall"
ERROR - 2016-05-24 08:11:40 --> Could not find the language line "mynt_buy_youzan"
ERROR - 2016-05-24 08:11:40 --> Could not find the language line "home_cloud_intro"
ERROR - 2016-05-24 08:11:40 --> Could not find the language line "mynt_icon_taobao"
ERROR - 2016-05-24 08:11:40 --> Could not find the language line "mynt_icon_tmall"
ERROR - 2016-05-24 08:11:40 --> Could not find the language line "mynt_icon_youzan"
ERROR - 2016-05-24 08:12:02 --> Could not find the language line "mynt_buy_taobao"
ERROR - 2016-05-24 08:12:02 --> Could not find the language line "mynt_buy_tmall"
ERROR - 2016-05-24 08:12:02 --> Could not find the language line "mynt_buy_youzan"
ERROR - 2016-05-24 08:12:02 --> Could not find the language line "home_cloud_intro"
ERROR - 2016-05-24 08:12:02 --> Could not find the language line "mynt_icon_taobao"
ERROR - 2016-05-24 08:12:02 --> Could not find the language line "mynt_icon_tmall"
ERROR - 2016-05-24 08:12:02 --> Could not find the language line "mynt_icon_youzan"
ERROR - 2016-05-24 08:12:18 --> Could not find the language line "mynt_buy_taobao"
ERROR - 2016-05-24 08:12:18 --> Could not find the language line "mynt_buy_tmall"
ERROR - 2016-05-24 08:12:18 --> Could not find the language line "mynt_buy_youzan"
ERROR - 2016-05-24 08:12:18 --> Could not find the language line "home_cloud_intro"
ERROR - 2016-05-24 08:12:18 --> Could not find the language line "mynt_icon_taobao"
ERROR - 2016-05-24 08:12:18 --> Could not find the language line "mynt_icon_tmall"
ERROR - 2016-05-24 08:12:18 --> Could not find the language line "mynt_icon_youzan"
ERROR - 2016-05-24 08:13:05 --> Could not find the language line "mynt_buy_taobao"
ERROR - 2016-05-24 08:13:05 --> Could not find the language line "mynt_buy_tmall"
ERROR - 2016-05-24 08:13:05 --> Could not find the language line "mynt_buy_youzan"
ERROR - 2016-05-24 08:13:05 --> Could not find the language line "home_cloud_intro"
ERROR - 2016-05-24 08:13:05 --> Could not find the language line "mynt_icon_taobao"
ERROR - 2016-05-24 08:13:05 --> Could not find the language line "mynt_icon_tmall"
ERROR - 2016-05-24 08:13:05 --> Could not find the language line "mynt_icon_youzan"
ERROR - 2016-05-24 08:13:18 --> Could not find the language line "mynt_buy_taobao"
ERROR - 2016-05-24 08:13:18 --> Could not find the language line "mynt_buy_tmall"
ERROR - 2016-05-24 08:13:18 --> Could not find the language line "mynt_buy_youzan"
ERROR - 2016-05-24 08:13:18 --> Could not find the language line "home_cloud_intro"
ERROR - 2016-05-24 08:13:18 --> Could not find the language line "mynt_icon_taobao"
ERROR - 2016-05-24 08:13:18 --> Could not find the language line "mynt_icon_tmall"
ERROR - 2016-05-24 08:13:18 --> Could not find the language line "mynt_icon_youzan"
ERROR - 2016-05-24 08:14:57 --> Could not find the language line "mynt_buy_taobao"
ERROR - 2016-05-24 08:14:57 --> Could not find the language line "mynt_buy_tmall"
ERROR - 2016-05-24 08:14:57 --> Could not find the language line "mynt_buy_youzan"
ERROR - 2016-05-24 08:14:57 --> Could not find the language line "home_cloud_intro"
ERROR - 2016-05-24 08:14:57 --> Could not find the language line "mynt_icon_taobao"
ERROR - 2016-05-24 08:14:57 --> Could not find the language line "mynt_icon_tmall"
ERROR - 2016-05-24 08:14:57 --> Could not find the language line "mynt_icon_youzan"
ERROR - 2016-05-24 08:15:07 --> Could not find the language line "mynt_buy_taobao"
ERROR - 2016-05-24 08:15:07 --> Could not find the language line "mynt_buy_tmall"
ERROR - 2016-05-24 08:15:07 --> Could not find the language line "mynt_buy_youzan"
ERROR - 2016-05-24 08:15:07 --> Could not find the language line "home_cloud_intro"
ERROR - 2016-05-24 08:15:07 --> Could not find the language line "mynt_icon_taobao"
ERROR - 2016-05-24 08:15:07 --> Could not find the language line "mynt_icon_tmall"
ERROR - 2016-05-24 08:15:07 --> Could not find the language line "mynt_icon_youzan"
ERROR - 2016-05-24 08:17:13 --> Could not find the language line "mynt_buy_taobao"
ERROR - 2016-05-24 08:17:13 --> Could not find the language line "mynt_buy_tmall"
ERROR - 2016-05-24 08:17:13 --> Could not find the language line "mynt_buy_youzan"
ERROR - 2016-05-24 08:17:13 --> Could not find the language line "home_cloud_intro"
ERROR - 2016-05-24 08:17:13 --> Could not find the language line "mynt_icon_taobao"
ERROR - 2016-05-24 08:17:13 --> Could not find the language line "mynt_icon_tmall"
ERROR - 2016-05-24 08:17:13 --> Could not find the language line "mynt_icon_youzan"
ERROR - 2016-05-24 08:18:59 --> Could not find the language line "mynt_buy_taobao"
ERROR - 2016-05-24 08:18:59 --> Could not find the language line "mynt_buy_tmall"
ERROR - 2016-05-24 08:18:59 --> Could not find the language line "mynt_buy_youzan"
ERROR - 2016-05-24 08:18:59 --> Could not find the language line "home_cloud_intro"
ERROR - 2016-05-24 08:18:59 --> Could not find the language line "mynt_icon_taobao"
ERROR - 2016-05-24 08:18:59 --> Could not find the language line "mynt_icon_tmall"
ERROR - 2016-05-24 08:18:59 --> Could not find the language line "mynt_icon_youzan"
ERROR - 2016-05-24 08:19:19 --> Could not find the language line "mynt_buy_taobao"
ERROR - 2016-05-24 08:19:19 --> Could not find the language line "mynt_buy_tmall"
ERROR - 2016-05-24 08:19:19 --> Could not find the language line "mynt_buy_youzan"
ERROR - 2016-05-24 08:19:19 --> Could not find the language line "home_cloud_intro"
ERROR - 2016-05-24 08:19:19 --> Could not find the language line "mynt_icon_taobao"
ERROR - 2016-05-24 08:19:19 --> Could not find the language line "mynt_icon_tmall"
ERROR - 2016-05-24 08:19:19 --> Could not find the language line "mynt_icon_youzan"
ERROR - 2016-05-24 08:19:31 --> Could not find the language line "mynt_buy_taobao"
ERROR - 2016-05-24 08:19:31 --> Could not find the language line "mynt_buy_tmall"
ERROR - 2016-05-24 08:19:31 --> Could not find the language line "mynt_buy_youzan"
ERROR - 2016-05-24 08:19:31 --> Could not find the language line "home_cloud_intro"
ERROR - 2016-05-24 08:19:31 --> Could not find the language line "mynt_icon_taobao"
ERROR - 2016-05-24 08:19:31 --> Could not find the language line "mynt_icon_tmall"
ERROR - 2016-05-24 08:19:31 --> Could not find the language line "mynt_icon_youzan"
ERROR - 2016-05-24 08:20:00 --> Could not find the language line "mynt_buy_taobao"
ERROR - 2016-05-24 08:20:00 --> Could not find the language line "mynt_buy_tmall"
ERROR - 2016-05-24 08:20:00 --> Could not find the language line "mynt_buy_youzan"
ERROR - 2016-05-24 08:20:54 --> Could not find the language line "mynt_buy_taobao"
ERROR - 2016-05-24 08:20:54 --> Could not find the language line "mynt_buy_tmall"
ERROR - 2016-05-24 08:20:54 --> Could not find the language line "mynt_buy_youzan"
ERROR - 2016-05-24 08:22:45 --> Could not find the language line "mynt_buy_taobao"
ERROR - 2016-05-24 08:22:45 --> Could not find the language line "mynt_buy_tmall"
ERROR - 2016-05-24 08:22:45 --> Could not find the language line "mynt_buy_youzan"
ERROR - 2016-05-24 08:24:55 --> Could not find the language line "mynt_buy_amazon"
ERROR - 2016-05-24 08:24:55 --> Could not find the language line "gift_slide_title"
ERROR - 2016-05-24 08:24:55 --> Could not find the language line "gift_one_title"
ERROR - 2016-05-24 08:24:55 --> Could not find the language line "gift_two_title"
ERROR - 2016-05-24 08:24:55 --> Could not find the language line "gift_three_title"
ERROR - 2016-05-24 08:33:19 --> Could not find the language line "mynt_buy_amazon"
ERROR - 2016-05-24 08:33:19 --> Could not find the language line "solution_slide_title"
ERROR - 2016-05-24 08:33:19 --> Could not find the language line "solution_one_title"
ERROR - 2016-05-24 08:33:19 --> Could not find the language line "solution_two_title"
ERROR - 2016-05-24 08:33:19 --> Could not find the language line "solution_three_title"
ERROR - 2016-05-24 08:34:55 --> Could not find the language line "mynt_buy_amazon"
ERROR - 2016-05-24 08:36:43 --> Could not find the language line "mynt_buy_amazon"
ERROR - 2016-05-24 08:40:13 --> Could not find the language line "mynt_buy_amazon"
ERROR - 2016-05-24 08:47:43 --> Could not find the language line "mynt_buy_amazon"
ERROR - 2016-05-24 08:49:09 --> Could not find the language line "mynt_buy_amazon"
ERROR - 2016-05-24 08:49:33 --> Could not find the language line "mynt_buy_amazon"
ERROR - 2016-05-24 08:50:04 --> Could not find the language line "mynt_buy_amazon"
ERROR - 2016-05-24 08:51:05 --> Could not find the language line "mynt_buy_amazon"
ERROR - 2016-05-24 08:51:05 --> Could not find the language line "tracker"
ERROR - 2016-05-24 08:53:50 --> Could not find the language line "mynt_buy_amazon"
ERROR - 2016-05-24 08:55:00 --> Could not find the language line "mynt_buy_amazon"
ERROR - 2016-05-24 08:55:24 --> Could not find the language line "mynt_buy_amazon"
ERROR - 2016-05-24 09:00:07 --> Could not find the language line "mynt_buy_amazon"
ERROR - 2016-05-24 09:00:07 --> Could not find the language line "sdk_on_github"
ERROR - 2016-05-24 09:00:56 --> Could not find the language line "mynt_buy_amazon"
ERROR - 2016-05-24 09:01:48 --> Could not find the language line "mynt_buy_amazon"
ERROR - 2016-05-24 09:01:58 --> Could not find the language line "mynt_buy_amazon"
ERROR - 2016-05-24 09:02:00 --> Could not find the language line "mynt_buy_amazon"
ERROR - 2016-05-24 09:02:33 --> Could not find the language line "mynt_buy_amazon"
ERROR - 2016-05-24 09:03:13 --> Could not find the language line "mynt_buy_amazon"
ERROR - 2016-05-24 09:05:21 --> Could not find the language line "mynt_buy_amazon"
ERROR - 2016-05-24 09:06:36 --> Could not find the language line "mynt_buy_amazon"
ERROR - 2016-05-24 09:06:36 --> Could not find the language line "home_sdeno_slide"
ERROR - 2016-05-24 09:06:36 --> Could not find the language line "mynt_feature"
ERROR - 2016-05-24 09:06:36 --> Could not find the language line "home_slife_slogon"
ERROR - 2016-05-24 09:06:36 --> Could not find the language line "home_robot_sdeno"
ERROR - 2016-05-24 09:06:36 --> Could not find the language line "home_sdeno_slogon"
ERROR - 2016-05-24 09:06:36 --> Could not find the language line "mynt_icon_buy"
ERROR - 2016-05-24 09:08:29 --> Could not find the language line "mynt_buy_amazon"
ERROR - 2016-05-24 09:08:29 --> Could not find the language line "home_sdeno_slide"
ERROR - 2016-05-24 09:08:29 --> Could not find the language line "mynt_feature"
ERROR - 2016-05-24 09:08:29 --> Could not find the language line "home_slife_slogon"
ERROR - 2016-05-24 09:08:29 --> Could not find the language line "home_robot_sdeno"
ERROR - 2016-05-24 09:08:29 --> Could not find the language line "home_sdeno_slogon"
ERROR - 2016-05-24 09:08:29 --> Could not find the language line "mynt_icon_buy"
ERROR - 2016-05-24 09:08:54 --> Could not find the language line "mynt_buy_amazon"
ERROR - 2016-05-24 09:08:54 --> Could not find the language line "home_sdeno_slide"
ERROR - 2016-05-24 09:08:54 --> Could not find the language line "mynt_feature"
ERROR - 2016-05-24 09:08:54 --> Could not find the language line "home_slife_slogon"
ERROR - 2016-05-24 09:08:54 --> Could not find the language line "home_robot_sdeno"
ERROR - 2016-05-24 09:08:54 --> Could not find the language line "home_sdeno_slogon"
ERROR - 2016-05-24 09:08:54 --> Could not find the language line "mynt_icon_buy"
ERROR - 2016-05-24 09:11:02 --> Could not find the language line "mynt_buy_amazon"
ERROR - 2016-05-24 09:11:02 --> Could not find the language line "home_slife_title"
ERROR - 2016-05-24 09:11:02 --> Could not find the language line "home_cloud_title"
ERROR - 2016-05-24 09:11:02 --> Could not find the language line "home_cloud_intro"
ERROR - 2016-05-24 09:11:02 --> Could not find the language line "mynt_feature"
ERROR - 2016-05-24 09:11:02 --> Could not find the language line "mynt_icon_buy"
ERROR - 2016-05-24 09:14:36 --> Could not find the language line "mynt_buy_amazon"
ERROR - 2016-05-24 09:15:09 --> Could not find the language line "mynt_buy_amazon"
ERROR - 2016-05-24 09:15:12 --> Could not find the language line "mynt_buy_amazon"
ERROR - 2016-05-24 09:15:28 --> Could not find the language line "mynt_buy_amazon"
ERROR - 2016-05-24 09:15:50 --> Could not find the language line "mynt_buy_amazon"
ERROR - 2016-05-24 09:19:16 --> Could not find the language line "mynt_buy_amazon"
ERROR - 2016-05-24 09:19:16 --> Could not find the language line "home_slife_title"
ERROR - 2016-05-24 09:19:16 --> Could not find the language line "home_cloud_title"
ERROR - 2016-05-24 09:19:16 --> Could not find the language line "home_cloud_intro"
ERROR - 2016-05-24 09:19:16 --> Could not find the language line "mynt_feature"
ERROR - 2016-05-24 09:19:16 --> Could not find the language line "mynt_icon_buy"
ERROR - 2016-05-24 09:21:37 --> Could not find the language line "mynt_buy_amazon"
ERROR - 2016-05-24 09:21:37 --> Could not find the language line "home_slife_title"
ERROR - 2016-05-24 09:21:37 --> Could not find the language line "home_cloud_title"
ERROR - 2016-05-24 09:21:37 --> Could not find the language line "home_cloud_intro"
ERROR - 2016-05-24 09:21:37 --> Could not find the language line "mynt_feature"
ERROR - 2016-05-24 09:21:37 --> Could not find the language line "mynt_icon_buy"
ERROR - 2016-05-24 09:22:49 --> Could not find the language line "mynt_buy_amazon"
ERROR - 2016-05-24 09:22:49 --> Could not find the language line "mynt_icon_buy"
ERROR - 2016-05-24 09:22:49 --> Could not find the language line "mynt_buy_link_kick"
ERROR - 2016-05-24 09:23:00 --> Could not find the language line "mynt_buy_amazon"
ERROR - 2016-05-24 09:23:00 --> Could not find the language line "home_slife_title"
ERROR - 2016-05-24 09:23:00 --> Could not find the language line "home_cloud_title"
ERROR - 2016-05-24 09:23:00 --> Could not find the language line "home_cloud_intro"
ERROR - 2016-05-24 09:23:00 --> Could not find the language line "mynt_icon_buy"
ERROR - 2016-05-24 09:23:27 --> Could not find the language line "mynt_buy_amazon"
ERROR - 2016-05-24 09:23:27 --> Could not find the language line "home_slife_title"
ERROR - 2016-05-24 09:23:27 --> Could not find the language line "home_cloud_title"
ERROR - 2016-05-24 09:23:27 --> Could not find the language line "home_cloud_intro"
ERROR - 2016-05-24 09:23:27 --> Could not find the language line "mynt_icon_buy"
ERROR - 2016-05-24 09:23:47 --> Could not find the language line "mynt_buy_amazon"
ERROR - 2016-05-24 09:23:47 --> Could not find the language line "home_slife_title"
ERROR - 2016-05-24 09:23:47 --> Could not find the language line "home_cloud_title"
ERROR - 2016-05-24 09:23:47 --> Could not find the language line "home_cloud_intro"
ERROR - 2016-05-24 09:23:47 --> Could not find the language line "mynt_icon_buy"
ERROR - 2016-05-24 09:32:14 --> Could not find the language line "mynt_buy_amazon"
ERROR - 2016-05-24 09:32:14 --> Could not find the language line "home_slife_title"
ERROR - 2016-05-24 09:32:14 --> Could not find the language line "home_cloud_title"
ERROR - 2016-05-24 09:32:14 --> Could not find the language line "home_cloud_intro"
ERROR - 2016-05-24 09:32:14 --> Could not find the language line "mynt_icon_buy"
ERROR - 2016-05-24 09:34:50 --> Could not find the language line "mynt_buy_amazon"
ERROR - 2016-05-24 09:34:50 --> Could not find the language line "home_slife_title"
ERROR - 2016-05-24 09:34:50 --> Could not find the language line "home_cloud_title"
ERROR - 2016-05-24 09:34:50 --> Could not find the language line "home_cloud_intro"
ERROR - 2016-05-24 09:34:50 --> Could not find the language line "mynt_icon_buy"
ERROR - 2016-05-24 09:36:16 --> Could not find the language line "mynt_buy_amazon"
ERROR - 2016-05-24 09:36:16 --> Could not find the language line "home_slife_title"
ERROR - 2016-05-24 09:36:16 --> Could not find the language line "home_cloud_title"
ERROR - 2016-05-24 09:36:16 --> Could not find the language line "home_cloud_intro"
ERROR - 2016-05-24 09:36:16 --> Could not find the language line "mynt_icon_buy"
ERROR - 2016-05-24 09:36:33 --> Could not find the language line "mynt_buy_amazon"
ERROR - 2016-05-24 09:37:17 --> Could not find the language line "mynt_buy_amazon"
ERROR - 2016-05-24 09:37:17 --> Could not find the language line "about_keywords"
ERROR - 2016-05-24 09:37:17 --> Could not find the language line "about_company"
ERROR - 2016-05-24 09:37:32 --> Could not find the language line "mynt_buy_amazon"
ERROR - 2016-05-24 09:37:32 --> Could not find the language line "home_slife_title"
ERROR - 2016-05-24 09:37:32 --> Could not find the language line "home_cloud_title"
ERROR - 2016-05-24 09:37:32 --> Could not find the language line "home_cloud_intro"
ERROR - 2016-05-24 09:37:32 --> Could not find the language line "mynt_icon_buy"
ERROR - 2016-05-24 09:37:37 --> Could not find the language line "mynt_buy_amazon"
ERROR - 2016-05-24 09:37:37 --> Could not find the language line "home_slife_title"
ERROR - 2016-05-24 09:37:37 --> Could not find the language line "home_cloud_title"
ERROR - 2016-05-24 09:37:37 --> Could not find the language line "home_cloud_intro"
ERROR - 2016-05-24 09:37:37 --> Could not find the language line "mynt_icon_buy"
ERROR - 2016-05-24 09:38:29 --> Could not find the language line "mynt_buy_amazon"
ERROR - 2016-05-24 09:38:29 --> Could not find the language line "home_slife_title"
ERROR - 2016-05-24 09:38:29 --> Could not find the language line "home_cloud_title"
ERROR - 2016-05-24 09:38:29 --> Could not find the language line "home_cloud_intro"
ERROR - 2016-05-24 09:38:29 --> Could not find the language line "mynt_icon_buy"
ERROR - 2016-05-24 09:38:35 --> Could not find the language line "mynt_buy_amazon"
ERROR - 2016-05-24 09:38:35 --> Could not find the language line "home_slife_title"
ERROR - 2016-05-24 09:38:35 --> Could not find the language line "home_cloud_title"
ERROR - 2016-05-24 09:38:35 --> Could not find the language line "home_cloud_intro"
ERROR - 2016-05-24 09:38:35 --> Could not find the language line "mynt_icon_buy"
ERROR - 2016-05-24 09:38:39 --> Could not find the language line "mynt_buy_amazon"
ERROR - 2016-05-24 09:38:39 --> Could not find the language line "home_slife_title"
ERROR - 2016-05-24 09:38:39 --> Could not find the language line "home_cloud_title"
ERROR - 2016-05-24 09:38:39 --> Could not find the language line "home_cloud_intro"
ERROR - 2016-05-24 09:38:39 --> Could not find the language line "mynt_icon_buy"
ERROR - 2016-05-24 09:38:48 --> Could not find the language line "mynt_buy_amazon"
ERROR - 2016-05-24 09:38:48 --> Could not find the language line "home_slife_title"
ERROR - 2016-05-24 09:38:48 --> Could not find the language line "home_cloud_title"
ERROR - 2016-05-24 09:38:48 --> Could not find the language line "home_cloud_intro"
ERROR - 2016-05-24 09:38:48 --> Could not find the language line "mynt_icon_buy"
ERROR - 2016-05-24 09:38:56 --> Could not find the language line "mynt_buy_amazon"
ERROR - 2016-05-24 09:38:56 --> Could not find the language line "home_slife_title"
ERROR - 2016-05-24 09:38:56 --> Could not find the language line "home_cloud_title"
ERROR - 2016-05-24 09:38:56 --> Could not find the language line "home_cloud_intro"
ERROR - 2016-05-24 09:38:56 --> Could not find the language line "mynt_icon_buy"
ERROR - 2016-05-24 09:39:05 --> Could not find the language line "mynt_buy_amazon"
ERROR - 2016-05-24 09:39:05 --> Could not find the language line "home_slife_title"
ERROR - 2016-05-24 09:39:05 --> Could not find the language line "home_cloud_title"
ERROR - 2016-05-24 09:39:05 --> Could not find the language line "home_cloud_intro"
ERROR - 2016-05-24 09:39:05 --> Could not find the language line "mynt_icon_buy"
ERROR - 2016-05-24 09:39:16 --> Could not find the language line "mynt_buy_amazon"
ERROR - 2016-05-24 09:39:51 --> Could not find the language line "mynt_buy_amazon"
ERROR - 2016-05-24 09:39:55 --> Could not find the language line "mynt_buy_amazon"
ERROR - 2016-05-24 09:40:18 --> Could not find the language line "mynt_buy_amazon"
ERROR - 2016-05-24 09:40:24 --> Could not find the language line "mynt_buy_amazon"
ERROR - 2016-05-24 09:40:56 --> Could not find the language line "mynt_buy_amazon"
ERROR - 2016-05-24 09:40:58 --> Could not find the language line "mynt_buy_amazon"
ERROR - 2016-05-24 09:41:14 --> Could not find the language line "mynt_buy_amazon"
ERROR - 2016-05-24 09:41:28 --> Could not find the language line "mynt_buy_amazon"
ERROR - 2016-05-24 09:41:34 --> Could not find the language line "mynt_buy_amazon"
ERROR - 2016-05-24 09:46:00 --> Could not find the language line "mynt_buy_taobao"
ERROR - 2016-05-24 09:46:00 --> Could not find the language line "mynt_buy_tmall"
ERROR - 2016-05-24 09:46:00 --> Could not find the language line "mynt_buy_youzan"
ERROR - 2016-05-24 09:46:00 --> Could not find the language line "home_cloud_title"
ERROR - 2016-05-24 09:46:00 --> Could not find the language line "home_cloud_intro"
ERROR - 2016-05-24 09:46:00 --> Could not find the language line "mynt_icon_taobao"
ERROR - 2016-05-24 09:46:00 --> Could not find the language line "mynt_icon_tmall"
ERROR - 2016-05-24 09:46:00 --> Could not find the language line "mynt_icon_youzan"
ERROR - 2016-05-24 09:48:11 --> Could not find the language line "mynt_buy_taobao"
ERROR - 2016-05-24 09:48:11 --> Could not find the language line "mynt_buy_tmall"
ERROR - 2016-05-24 09:48:11 --> Could not find the language line "mynt_buy_youzan"
ERROR - 2016-05-24 09:48:11 --> Could not find the language line "home_cloud_title"
ERROR - 2016-05-24 09:48:11 --> Could not find the language line "home_cloud_intro"
ERROR - 2016-05-24 09:48:11 --> Could not find the language line "mynt_icon_taobao"
ERROR - 2016-05-24 09:48:11 --> Could not find the language line "mynt_icon_tmall"
ERROR - 2016-05-24 09:48:11 --> Could not find the language line "mynt_icon_youzan"
ERROR - 2016-05-24 09:48:22 --> Could not find the language line "mynt_buy_taobao"
ERROR - 2016-05-24 09:48:22 --> Could not find the language line "mynt_buy_tmall"
ERROR - 2016-05-24 09:48:22 --> Could not find the language line "mynt_buy_youzan"
ERROR - 2016-05-24 09:48:22 --> Could not find the language line "faq_title_5"
ERROR - 2016-05-24 09:48:22 --> Could not find the language line "faq_cont_5"
ERROR - 2016-05-24 09:48:22 --> Could not find the language line "faq_title_6"
ERROR - 2016-05-24 09:48:22 --> Could not find the language line "faq_cont_6"
ERROR - 2016-05-24 09:48:22 --> Could not find the language line "faq_title_7"
ERROR - 2016-05-24 09:48:22 --> Could not find the language line "faq_cont_7"
ERROR - 2016-05-24 09:48:22 --> Could not find the language line "faq_title_8"
ERROR - 2016-05-24 09:48:22 --> Could not find the language line "faq_cont_8"
ERROR - 2016-05-24 09:48:22 --> Could not find the language line "faq_title_9"
ERROR - 2016-05-24 09:48:22 --> Could not find the language line "faq_cont_9"
ERROR - 2016-05-24 09:48:22 --> Could not find the language line "faq_title_10"
ERROR - 2016-05-24 09:48:22 --> Could not find the language line "faq_cont_10"
ERROR - 2016-05-24 09:48:22 --> Could not find the language line "faq_title_11"
ERROR - 2016-05-24 09:48:22 --> Could not find the language line "faq_cont_11"
ERROR - 2016-05-24 09:48:22 --> Could not find the language line "faq_title_12"
ERROR - 2016-05-24 09:48:22 --> Could not find the language line "faq_cont_12"
ERROR - 2016-05-24 09:48:22 --> Could not find the language line "faq_title_13"
ERROR - 2016-05-24 09:48:22 --> Could not find the language line "faq_cont_13"
ERROR - 2016-05-24 09:48:22 --> Could not find the language line "faq_title_14"
ERROR - 2016-05-24 09:48:22 --> Could not find the language line "faq_cont_14"
ERROR - 2016-05-24 09:48:22 --> Could not find the language line "faq_title_15"
ERROR - 2016-05-24 09:48:22 --> Could not find the language line "faq_cont_15"
ERROR - 2016-05-24 09:48:22 --> Could not find the language line "faq_title_16"
ERROR - 2016-05-24 09:48:22 --> Could not find the language line "faq_cont_16"
ERROR - 2016-05-24 09:48:32 --> Could not find the language line "mynt_buy_taobao"
ERROR - 2016-05-24 09:48:32 --> Could not find the language line "mynt_buy_tmall"
ERROR - 2016-05-24 09:48:32 --> Could not find the language line "mynt_buy_youzan"
ERROR - 2016-05-24 09:49:28 --> Could not find the language line "mynt_buy_taobao"
ERROR - 2016-05-24 09:49:28 --> Could not find the language line "mynt_buy_tmall"
ERROR - 2016-05-24 09:49:28 --> Could not find the language line "mynt_buy_youzan"
ERROR - 2016-05-24 09:51:24 --> Could not find the language line "mynt_buy_taobao"
ERROR - 2016-05-24 09:51:24 --> Could not find the language line "mynt_buy_tmall"
ERROR - 2016-05-24 09:51:24 --> Could not find the language line "mynt_buy_youzan"
ERROR - 2016-05-24 09:55:10 --> Could not find the language line "mynt_buy_taobao"
ERROR - 2016-05-24 09:55:10 --> Could not find the language line "mynt_buy_tmall"
ERROR - 2016-05-24 09:55:10 --> Could not find the language line "mynt_buy_youzan"
ERROR - 2016-05-24 09:56:23 --> Could not find the language line "mynt_buy_taobao"
ERROR - 2016-05-24 09:56:23 --> Could not find the language line "mynt_buy_tmall"
ERROR - 2016-05-24 09:56:23 --> Could not find the language line "mynt_buy_youzan"
ERROR - 2016-05-24 09:57:14 --> Could not find the language line "mynt_buy_taobao"
ERROR - 2016-05-24 09:57:14 --> Could not find the language line "mynt_buy_tmall"
ERROR - 2016-05-24 09:57:14 --> Could not find the language line "mynt_buy_youzan"
ERROR - 2016-05-24 09:58:35 --> Could not find the language line "mynt_buy_taobao"
ERROR - 2016-05-24 09:58:35 --> Could not find the language line "mynt_buy_tmall"
ERROR - 2016-05-24 09:58:35 --> Could not find the language line "mynt_buy_youzan"
ERROR - 2016-05-24 09:58:42 --> Could not find the language line "mynt_buy_taobao"
ERROR - 2016-05-24 09:58:42 --> Could not find the language line "mynt_buy_tmall"
ERROR - 2016-05-24 09:58:42 --> Could not find the language line "mynt_buy_youzan"
ERROR - 2016-05-24 09:59:28 --> Could not find the language line "mynt_buy_taobao"
ERROR - 2016-05-24 09:59:28 --> Could not find the language line "mynt_buy_tmall"
ERROR - 2016-05-24 09:59:28 --> Could not find the language line "mynt_buy_youzan"
ERROR - 2016-05-24 10:00:21 --> Could not find the language line "mynt_buy_taobao"
ERROR - 2016-05-24 10:00:21 --> Could not find the language line "mynt_buy_tmall"
ERROR - 2016-05-24 10:00:21 --> Could not find the language line "mynt_buy_youzan"
ERROR - 2016-05-24 10:00:47 --> Could not find the language line "mynt_buy_taobao"
ERROR - 2016-05-24 10:00:47 --> Could not find the language line "mynt_buy_tmall"
ERROR - 2016-05-24 10:00:47 --> Could not find the language line "mynt_buy_youzan"
ERROR - 2016-05-24 10:01:17 --> Could not find the language line "mynt_buy_taobao"
ERROR - 2016-05-24 10:01:17 --> Could not find the language line "mynt_buy_tmall"
ERROR - 2016-05-24 10:01:17 --> Could not find the language line "mynt_buy_youzan"
ERROR - 2016-05-24 10:02:06 --> Could not find the language line "mynt_buy_taobao"
ERROR - 2016-05-24 10:02:06 --> Could not find the language line "mynt_buy_tmall"
ERROR - 2016-05-24 10:02:06 --> Could not find the language line "mynt_buy_youzan"
ERROR - 2016-05-24 10:02:36 --> Could not find the language line "mynt_buy_taobao"
ERROR - 2016-05-24 10:02:36 --> Could not find the language line "mynt_buy_tmall"
ERROR - 2016-05-24 10:02:36 --> Could not find the language line "mynt_buy_youzan"
ERROR - 2016-05-24 10:02:53 --> Could not find the language line "mynt_buy_taobao"
ERROR - 2016-05-24 10:02:53 --> Could not find the language line "mynt_buy_tmall"
ERROR - 2016-05-24 10:02:53 --> Could not find the language line "mynt_buy_youzan"
ERROR - 2016-05-24 10:04:01 --> Could not find the language line "mynt_buy_taobao"
ERROR - 2016-05-24 10:04:01 --> Could not find the language line "mynt_buy_tmall"
ERROR - 2016-05-24 10:04:01 --> Could not find the language line "mynt_buy_youzan"
ERROR - 2016-05-24 10:05:38 --> Could not find the language line "mynt_buy_taobao"
ERROR - 2016-05-24 10:05:38 --> Could not find the language line "mynt_buy_tmall"
ERROR - 2016-05-24 10:05:38 --> Could not find the language line "mynt_buy_youzan"
ERROR - 2016-05-24 10:05:55 --> Could not find the language line "mynt_buy_taobao"
ERROR - 2016-05-24 10:05:55 --> Could not find the language line "mynt_buy_tmall"
ERROR - 2016-05-24 10:05:55 --> Could not find the language line "mynt_buy_youzan"
ERROR - 2016-05-24 10:06:29 --> Could not find the language line "mynt_buy_taobao"
ERROR - 2016-05-24 10:06:29 --> Could not find the language line "mynt_buy_tmall"
ERROR - 2016-05-24 10:06:29 --> Could not find the language line "mynt_buy_youzan"
ERROR - 2016-05-24 10:06:49 --> Could not find the language line "mynt_buy_taobao"
ERROR - 2016-05-24 10:06:49 --> Could not find the language line "mynt_buy_tmall"
ERROR - 2016-05-24 10:06:49 --> Could not find the language line "mynt_buy_youzan"
ERROR - 2016-05-24 10:07:09 --> Could not find the language line "mynt_buy_taobao"
ERROR - 2016-05-24 10:07:09 --> Could not find the language line "mynt_buy_tmall"
ERROR - 2016-05-24 10:07:09 --> Could not find the language line "mynt_buy_youzan"
ERROR - 2016-05-24 10:07:52 --> Could not find the language line "mynt_buy_taobao"
ERROR - 2016-05-24 10:07:52 --> Could not find the language line "mynt_buy_tmall"
ERROR - 2016-05-24 10:07:52 --> Could not find the language line "mynt_buy_youzan"
ERROR - 2016-05-24 10:08:25 --> Could not find the language line "mynt_buy_taobao"
ERROR - 2016-05-24 10:08:25 --> Could not find the language line "mynt_buy_tmall"
ERROR - 2016-05-24 10:08:25 --> Could not find the language line "mynt_buy_youzan"
ERROR - 2016-05-24 10:32:28 --> Could not find the language line "mynt_buy_amazon"
ERROR - 2016-05-24 10:32:28 --> Could not find the language line "home_slife_title"
ERROR - 2016-05-24 10:32:28 --> Could not find the language line "home_cloud_title"
ERROR - 2016-05-24 10:32:28 --> Could not find the language line "home_cloud_intro"
ERROR - 2016-05-24 10:32:28 --> Could not find the language line "mynt_icon_buy"
ERROR - 2016-05-24 10:32:44 --> Could not find the language line "mynt_buy_taobao"
ERROR - 2016-05-24 10:32:44 --> Could not find the language line "mynt_buy_tmall"
ERROR - 2016-05-24 10:32:44 --> Could not find the language line "mynt_buy_youzan"
ERROR - 2016-05-24 10:32:44 --> Could not find the language line "home_cloud_title"
ERROR - 2016-05-24 10:32:44 --> Could not find the language line "home_cloud_intro"
ERROR - 2016-05-24 10:32:44 --> Could not find the language line "mynt_icon_taobao"
ERROR - 2016-05-24 10:32:44 --> Could not find the language line "mynt_icon_tmall"
ERROR - 2016-05-24 10:32:44 --> Could not find the language line "mynt_icon_youzan"
ERROR - 2016-05-24 10:34:16 --> Could not find the language line "mynt_buy_taobao"
ERROR - 2016-05-24 10:34:16 --> Could not find the language line "mynt_buy_tmall"
ERROR - 2016-05-24 10:34:16 --> Could not find the language line "mynt_buy_youzan"
ERROR - 2016-05-24 10:34:16 --> Could not find the language line "home_cloud_title"
ERROR - 2016-05-24 10:34:16 --> Could not find the language line "home_cloud_intro"
ERROR - 2016-05-24 10:34:16 --> Could not find the language line "mynt_icon_taobao"
ERROR - 2016-05-24 10:34:16 --> Could not find the language line "mynt_icon_tmall"
ERROR - 2016-05-24 10:34:16 --> Could not find the language line "mynt_icon_youzan"
ERROR - 2016-05-24 10:36:07 --> Could not find the language line "mynt_buy_taobao"
ERROR - 2016-05-24 10:36:07 --> Could not find the language line "mynt_buy_tmall"
ERROR - 2016-05-24 10:36:07 --> Could not find the language line "mynt_buy_youzan"
ERROR - 2016-05-24 10:36:07 --> Could not find the language line "home_cloud_title"
ERROR - 2016-05-24 10:36:07 --> Could not find the language line "home_cloud_intro"
ERROR - 2016-05-24 10:36:07 --> Could not find the language line "mynt_icon_taobao"
ERROR - 2016-05-24 10:36:07 --> Could not find the language line "mynt_icon_tmall"
ERROR - 2016-05-24 10:36:07 --> Could not find the language line "mynt_icon_youzan"
ERROR - 2016-05-24 10:36:17 --> Could not find the language line "mynt_buy_taobao"
ERROR - 2016-05-24 10:36:17 --> Could not find the language line "mynt_buy_tmall"
ERROR - 2016-05-24 10:36:17 --> Could not find the language line "mynt_buy_youzan"
ERROR - 2016-05-24 10:36:17 --> Could not find the language line "home_cloud_title"
ERROR - 2016-05-24 10:36:17 --> Could not find the language line "home_cloud_intro"
ERROR - 2016-05-24 10:36:17 --> Could not find the language line "mynt_icon_taobao"
ERROR - 2016-05-24 10:36:17 --> Could not find the language line "mynt_icon_tmall"
ERROR - 2016-05-24 10:36:17 --> Could not find the language line "mynt_icon_youzan"
ERROR - 2016-05-24 10:37:22 --> Could not find the language line "mynt_buy_taobao"
ERROR - 2016-05-24 10:37:22 --> Could not find the language line "mynt_buy_tmall"
ERROR - 2016-05-24 10:37:22 --> Could not find the language line "mynt_buy_youzan"
ERROR - 2016-05-24 10:37:22 --> Could not find the language line "home_cloud_title"
ERROR - 2016-05-24 10:37:22 --> Could not find the language line "home_cloud_intro"
ERROR - 2016-05-24 10:37:22 --> Could not find the language line "mynt_icon_taobao"
ERROR - 2016-05-24 10:37:22 --> Could not find the language line "mynt_icon_tmall"
ERROR - 2016-05-24 10:37:22 --> Could not find the language line "mynt_icon_youzan"
ERROR - 2016-05-24 10:38:05 --> Could not find the language line "mynt_buy_taobao"
ERROR - 2016-05-24 10:38:05 --> Could not find the language line "mynt_buy_tmall"
ERROR - 2016-05-24 10:38:05 --> Could not find the language line "mynt_buy_youzan"
ERROR - 2016-05-24 10:38:05 --> Could not find the language line "home_cloud_title"
ERROR - 2016-05-24 10:38:05 --> Could not find the language line "home_cloud_intro"
ERROR - 2016-05-24 10:38:05 --> Could not find the language line "mynt_icon_taobao"
ERROR - 2016-05-24 10:38:05 --> Could not find the language line "mynt_icon_tmall"
ERROR - 2016-05-24 10:38:05 --> Could not find the language line "mynt_icon_youzan"
ERROR - 2016-05-24 10:39:23 --> Could not find the language line "mynt_buy_taobao"
ERROR - 2016-05-24 10:39:23 --> Could not find the language line "mynt_buy_tmall"
ERROR - 2016-05-24 10:39:23 --> Could not find the language line "mynt_buy_youzan"
ERROR - 2016-05-24 10:39:23 --> Could not find the language line "home_cloud_title"
ERROR - 2016-05-24 10:39:23 --> Could not find the language line "home_cloud_intro"
ERROR - 2016-05-24 10:39:23 --> Could not find the language line "mynt_icon_taobao"
ERROR - 2016-05-24 10:39:23 --> Could not find the language line "mynt_icon_tmall"
ERROR - 2016-05-24 10:39:23 --> Could not find the language line "mynt_icon_youzan"
ERROR - 2016-05-24 10:39:30 --> Could not find the language line "mynt_buy_taobao"
ERROR - 2016-05-24 10:39:30 --> Could not find the language line "mynt_buy_tmall"
ERROR - 2016-05-24 10:39:30 --> Could not find the language line "mynt_buy_youzan"
ERROR - 2016-05-24 10:39:31 --> Could not find the language line "mynt_buy_taobao"
ERROR - 2016-05-24 10:39:31 --> Could not find the language line "mynt_buy_tmall"
ERROR - 2016-05-24 10:39:31 --> Could not find the language line "mynt_buy_youzan"
ERROR - 2016-05-24 10:39:31 --> Could not find the language line "home_cloud_title"
ERROR - 2016-05-24 10:39:31 --> Could not find the language line "home_cloud_intro"
ERROR - 2016-05-24 10:39:31 --> Could not find the language line "mynt_icon_taobao"
ERROR - 2016-05-24 10:39:31 --> Could not find the language line "mynt_icon_tmall"
ERROR - 2016-05-24 10:39:31 --> Could not find the language line "mynt_icon_youzan"
ERROR - 2016-05-24 10:39:36 --> Could not find the language line "mynt_buy_amazon"
ERROR - 2016-05-24 10:39:36 --> Could not find the language line "home_slife_title"
ERROR - 2016-05-24 10:39:36 --> Could not find the language line "home_cloud_title"
ERROR - 2016-05-24 10:39:36 --> Could not find the language line "home_cloud_intro"
ERROR - 2016-05-24 10:39:36 --> Could not find the language line "mynt_icon_buy"
ERROR - 2016-05-24 10:39:37 --> Could not find the language line "mynt_buy_amazon"
ERROR - 2016-05-24 10:39:37 --> Could not find the language line "home_slife_title"
ERROR - 2016-05-24 10:39:37 --> Could not find the language line "home_cloud_title"
ERROR - 2016-05-24 10:39:37 --> Could not find the language line "home_cloud_intro"
ERROR - 2016-05-24 10:39:37 --> Could not find the language line "mynt_icon_buy"
ERROR - 2016-05-24 10:41:44 --> Could not find the language line "mynt_buy_amazon"
ERROR - 2016-05-24 10:41:44 --> Could not find the language line "home_slife_title"
ERROR - 2016-05-24 10:41:44 --> Could not find the language line "home_cloud_title"
ERROR - 2016-05-24 10:41:44 --> Could not find the language line "home_cloud_intro"
ERROR - 2016-05-24 10:41:44 --> Could not find the language line "mynt_icon_buy"
ERROR - 2016-05-24 10:41:50 --> Could not find the language line "mynt_buy_taobao"
ERROR - 2016-05-24 10:41:50 --> Could not find the language line "mynt_buy_tmall"
ERROR - 2016-05-24 10:41:50 --> Could not find the language line "mynt_buy_youzan"
ERROR - 2016-05-24 10:41:50 --> Could not find the language line "home_cloud_title"
ERROR - 2016-05-24 10:41:50 --> Could not find the language line "home_cloud_intro"
ERROR - 2016-05-24 10:41:50 --> Could not find the language line "mynt_icon_taobao"
ERROR - 2016-05-24 10:41:50 --> Could not find the language line "mynt_icon_tmall"
ERROR - 2016-05-24 10:41:50 --> Could not find the language line "mynt_icon_youzan"
