ERROR - 2016-06-06 05:21:43 --> Could not find the language line "mynt_buy_taobao"
ERROR - 2016-06-06 05:21:43 --> Could not find the language line "mynt_buy_tmall"
ERROR - 2016-06-06 05:21:43 --> Could not find the language line "mynt_buy_youzan"
ERROR - 2016-06-06 05:21:43 --> Could not find the language line "home_cloud_title"
ERROR - 2016-06-06 05:21:43 --> Could not find the language line "home_cloud_intro"
ERROR - 2016-06-06 05:21:43 --> Could not find the language line "mynt_icon_taobao"
ERROR - 2016-06-06 05:21:43 --> Could not find the language line "mynt_icon_tmall"
ERROR - 2016-06-06 05:21:43 --> Could not find the language line "mynt_icon_youzan"
ERROR - 2016-06-06 05:21:47 --> Could not find the language line "mynt_buy_taobao"
ERROR - 2016-06-06 05:21:47 --> Could not find the language line "mynt_buy_tmall"
ERROR - 2016-06-06 05:21:47 --> Could not find the language line "mynt_buy_youzan"
ERROR - 2016-06-06 05:23:21 --> Could not find the language line "mynt_buy_taobao"
ERROR - 2016-06-06 05:23:21 --> Could not find the language line "mynt_buy_tmall"
ERROR - 2016-06-06 05:23:21 --> Could not find the language line "mynt_buy_youzan"
ERROR - 2016-06-06 05:24:17 --> Could not find the language line "mynt_buy_taobao"
ERROR - 2016-06-06 05:24:17 --> Could not find the language line "mynt_buy_tmall"
ERROR - 2016-06-06 05:24:17 --> Could not find the language line "mynt_buy_youzan"
ERROR - 2016-06-06 05:28:17 --> Could not find the language line "mynt_buy_taobao"
ERROR - 2016-06-06 05:28:17 --> Could not find the language line "mynt_buy_tmall"
ERROR - 2016-06-06 05:28:17 --> Could not find the language line "mynt_buy_youzan"
ERROR - 2016-06-06 05:28:17 --> Session: File 'ci_sessions/ci_session06db17df4d23e6f1f6f81c741eee01c5bef75546' doesn't exist and cannot be created.
ERROR - 2016-06-06 05:31:07 --> Could not find the language line "mynt_buy_taobao"
ERROR - 2016-06-06 05:31:07 --> Could not find the language line "mynt_buy_tmall"
ERROR - 2016-06-06 05:31:07 --> Could not find the language line "mynt_buy_youzan"
ERROR - 2016-06-06 05:31:07 --> Could not find the language line "mynt_buy_taobao"
ERROR - 2016-06-06 05:31:07 --> Could not find the language line "mynt_buy_tmall"
ERROR - 2016-06-06 05:31:07 --> Could not find the language line "mynt_buy_youzan"
ERROR - 2016-06-06 05:31:09 --> Could not find the language line "mynt_buy_taobao"
ERROR - 2016-06-06 05:31:09 --> Could not find the language line "mynt_buy_tmall"
ERROR - 2016-06-06 05:31:09 --> Could not find the language line "mynt_buy_youzan"
ERROR - 2016-06-06 05:31:12 --> Could not find the language line "mynt_buy_taobao"
ERROR - 2016-06-06 05:31:12 --> Could not find the language line "mynt_buy_tmall"
ERROR - 2016-06-06 05:31:12 --> Could not find the language line "mynt_buy_youzan"
ERROR - 2016-06-06 05:31:15 --> Could not find the language line "mynt_buy_taobao"
ERROR - 2016-06-06 05:31:15 --> Could not find the language line "mynt_buy_tmall"
ERROR - 2016-06-06 05:31:15 --> Could not find the language line "mynt_buy_youzan"
ERROR - 2016-06-06 05:38:39 --> Could not find the language line "mynt_buy_taobao"
ERROR - 2016-06-06 05:38:39 --> Could not find the language line "mynt_buy_tmall"
ERROR - 2016-06-06 05:38:39 --> Could not find the language line "mynt_buy_youzan"
ERROR - 2016-06-06 05:38:39 --> Session: File 'ci_sessions/ci_session898e907e6c61087af1d20a40ad583933301d8b9d' doesn't exist and cannot be created.
ERROR - 2016-06-06 05:42:06 --> Could not find the language line "mynt_buy_taobao"
ERROR - 2016-06-06 05:42:06 --> Could not find the language line "mynt_buy_tmall"
ERROR - 2016-06-06 05:42:06 --> Could not find the language line "mynt_buy_youzan"
ERROR - 2016-06-06 05:43:08 --> Could not find the language line "mynt_buy_taobao"
ERROR - 2016-06-06 05:43:08 --> Could not find the language line "mynt_buy_tmall"
ERROR - 2016-06-06 05:43:08 --> Could not find the language line "mynt_buy_youzan"
ERROR - 2016-06-06 09:15:32 --> Could not find the language line "mynt_buy_taobao"
ERROR - 2016-06-06 09:15:32 --> Could not find the language line "mynt_buy_tmall"
ERROR - 2016-06-06 09:15:32 --> Could not find the language line "mynt_buy_youzan"
ERROR - 2016-06-06 09:19:59 --> Could not find the language line "mynt_buy_taobao"
ERROR - 2016-06-06 09:19:59 --> Could not find the language line "mynt_buy_tmall"
ERROR - 2016-06-06 09:19:59 --> Could not find the language line "mynt_buy_youzan"
ERROR - 2016-06-06 09:20:51 --> Could not find the language line "mynt_buy_taobao"
ERROR - 2016-06-06 09:20:51 --> Could not find the language line "mynt_buy_tmall"
ERROR - 2016-06-06 09:20:51 --> Could not find the language line "mynt_buy_youzan"
ERROR - 2016-06-06 09:21:20 --> Could not find the language line "mynt_buy_taobao"
ERROR - 2016-06-06 09:21:20 --> Could not find the language line "mynt_buy_tmall"
ERROR - 2016-06-06 09:21:20 --> Could not find the language line "mynt_buy_youzan"
ERROR - 2016-06-06 09:25:05 --> Could not find the language line "mynt_buy_taobao"
ERROR - 2016-06-06 09:25:05 --> Could not find the language line "mynt_buy_tmall"
ERROR - 2016-06-06 09:25:05 --> Could not find the language line "mynt_buy_youzan"
ERROR - 2016-06-06 09:25:32 --> Could not find the language line "mynt_buy_taobao"
ERROR - 2016-06-06 09:25:32 --> Could not find the language line "mynt_buy_tmall"
ERROR - 2016-06-06 09:25:32 --> Could not find the language line "mynt_buy_youzan"
ERROR - 2016-06-06 09:26:08 --> Could not find the language line "mynt_buy_taobao"
ERROR - 2016-06-06 09:26:08 --> Could not find the language line "mynt_buy_tmall"
ERROR - 2016-06-06 09:26:08 --> Could not find the language line "mynt_buy_youzan"
ERROR - 2016-06-06 09:26:20 --> Could not find the language line "mynt_buy_taobao"
ERROR - 2016-06-06 09:26:20 --> Could not find the language line "mynt_buy_tmall"
ERROR - 2016-06-06 09:26:20 --> Could not find the language line "mynt_buy_youzan"
ERROR - 2016-06-06 09:26:39 --> Could not find the language line "mynt_buy_taobao"
ERROR - 2016-06-06 09:26:39 --> Could not find the language line "mynt_buy_tmall"
ERROR - 2016-06-06 09:26:39 --> Could not find the language line "mynt_buy_youzan"
ERROR - 2016-06-06 09:26:41 --> Could not find the language line "mynt_buy_taobao"
ERROR - 2016-06-06 09:26:41 --> Could not find the language line "mynt_buy_tmall"
ERROR - 2016-06-06 09:26:41 --> Could not find the language line "mynt_buy_youzan"
ERROR - 2016-06-06 09:26:58 --> Could not find the language line "mynt_buy_taobao"
ERROR - 2016-06-06 09:26:58 --> Could not find the language line "mynt_buy_tmall"
ERROR - 2016-06-06 09:26:58 --> Could not find the language line "mynt_buy_youzan"
ERROR - 2016-06-06 09:27:00 --> Could not find the language line "mynt_buy_taobao"
ERROR - 2016-06-06 09:27:00 --> Could not find the language line "mynt_buy_tmall"
ERROR - 2016-06-06 09:27:00 --> Could not find the language line "mynt_buy_youzan"
ERROR - 2016-06-06 09:33:36 --> Could not find the language line "mynt_buy_taobao"
ERROR - 2016-06-06 09:33:36 --> Could not find the language line "mynt_buy_tmall"
ERROR - 2016-06-06 09:33:36 --> Could not find the language line "mynt_buy_youzan"
ERROR - 2016-06-06 09:33:36 --> Session: File 'ci_sessions/ci_sessione7241c21b71d9505aace66b931b4850c82babe9e' doesn't exist and cannot be created.
ERROR - 2016-06-06 09:33:41 --> Could not find the language line "mynt_buy_amazon"
ERROR - 2016-06-06 09:34:11 --> Could not find the language line "mynt_buy_amazon"
ERROR - 2016-06-06 09:34:34 --> Could not find the language line "mynt_buy_amazon"
ERROR - 2016-06-06 09:34:46 --> Could not find the language line "mynt_buy_amazon"
ERROR - 2016-06-06 09:35:17 --> Could not find the language line "mynt_buy_amazon"
ERROR - 2016-06-06 09:37:24 --> Could not find the language line "mynt_buy_amazon"
ERROR - 2016-06-06 09:38:22 --> Could not find the language line "mynt_buy_amazon"
ERROR - 2016-06-06 09:38:31 --> Could not find the language line "mynt_buy_amazon"
ERROR - 2016-06-06 09:45:13 --> Could not find the language line "mynt_buy_amazon"
ERROR - 2016-06-06 09:45:13 --> Session: File 'ci_sessions/ci_sessionb4d4e3dbab8b87ffaeccf4fad24b84f7a16a7da0' doesn't exist and cannot be created.
ERROR - 2016-06-06 09:45:28 --> Could not find the language line "mynt_buy_amazon"
ERROR - 2016-06-06 09:45:54 --> Could not find the language line "mynt_buy_amazon"
ERROR - 2016-06-06 09:49:59 --> Could not find the language line "mynt_buy_amazon"
ERROR - 2016-06-06 09:50:02 --> Could not find the language line "mynt_buy_taobao"
ERROR - 2016-06-06 09:50:02 --> Could not find the language line "mynt_buy_tmall"
ERROR - 2016-06-06 09:50:02 --> Could not find the language line "mynt_buy_youzan"
ERROR - 2016-06-06 09:51:17 --> Could not find the language line "mynt_buy_taobao"
ERROR - 2016-06-06 09:51:17 --> Could not find the language line "mynt_buy_tmall"
ERROR - 2016-06-06 09:51:17 --> Could not find the language line "mynt_buy_youzan"
ERROR - 2016-06-06 09:51:28 --> Could not find the language line "mynt_buy_taobao"
ERROR - 2016-06-06 09:51:28 --> Could not find the language line "mynt_buy_tmall"
ERROR - 2016-06-06 09:51:28 --> Could not find the language line "mynt_buy_youzan"
ERROR - 2016-06-06 09:59:06 --> Could not find the language line "mynt_buy_taobao"
ERROR - 2016-06-06 09:59:06 --> Could not find the language line "mynt_buy_tmall"
ERROR - 2016-06-06 09:59:06 --> Could not find the language line "mynt_buy_youzan"
ERROR - 2016-06-06 09:59:43 --> Could not find the language line "mynt_buy_taobao"
ERROR - 2016-06-06 09:59:43 --> Could not find the language line "mynt_buy_tmall"
ERROR - 2016-06-06 09:59:43 --> Could not find the language line "mynt_buy_youzan"
ERROR - 2016-06-06 10:00:36 --> Could not find the language line "mynt_buy_taobao"
ERROR - 2016-06-06 10:00:36 --> Could not find the language line "mynt_buy_tmall"
ERROR - 2016-06-06 10:00:36 --> Could not find the language line "mynt_buy_youzan"
ERROR - 2016-06-06 10:00:39 --> Could not find the language line "mynt_buy_amazon"
ERROR - 2016-06-06 10:00:51 --> Could not find the language line "mynt_buy_amazon"
ERROR - 2016-06-06 10:01:03 --> Could not find the language line "mynt_buy_amazon"
ERROR - 2016-06-06 10:01:20 --> Could not find the language line "mynt_buy_amazon"
ERROR - 2016-06-06 10:01:21 --> Could not find the language line "mynt_buy_taobao"
ERROR - 2016-06-06 10:01:21 --> Could not find the language line "mynt_buy_tmall"
ERROR - 2016-06-06 10:01:21 --> Could not find the language line "mynt_buy_youzan"
ERROR - 2016-06-06 10:01:29 --> Could not find the language line "mynt_buy_amazon"
ERROR - 2016-06-06 10:01:35 --> Could not find the language line "mynt_buy_taobao"
ERROR - 2016-06-06 10:01:35 --> Could not find the language line "mynt_buy_tmall"
ERROR - 2016-06-06 10:01:35 --> Could not find the language line "mynt_buy_youzan"
ERROR - 2016-06-06 10:02:59 --> Could not find the language line "mynt_buy_taobao"
ERROR - 2016-06-06 10:02:59 --> Could not find the language line "mynt_buy_tmall"
ERROR - 2016-06-06 10:02:59 --> Could not find the language line "mynt_buy_youzan"
ERROR - 2016-06-06 10:03:05 --> Could not find the language line "mynt_buy_amazon"
ERROR - 2016-06-06 10:03:07 --> Could not find the language line "mynt_buy_taobao"
ERROR - 2016-06-06 10:03:07 --> Could not find the language line "mynt_buy_tmall"
ERROR - 2016-06-06 10:03:07 --> Could not find the language line "mynt_buy_youzan"
ERROR - 2016-06-06 10:03:10 --> Could not find the language line "mynt_buy_taobao"
ERROR - 2016-06-06 10:03:10 --> Could not find the language line "mynt_buy_tmall"
ERROR - 2016-06-06 10:03:10 --> Could not find the language line "mynt_buy_youzan"
ERROR - 2016-06-06 10:03:10 --> Could not find the language line "home_cloud_title"
ERROR - 2016-06-06 10:03:10 --> Could not find the language line "home_cloud_intro"
ERROR - 2016-06-06 10:03:10 --> Could not find the language line "mynt_icon_taobao"
ERROR - 2016-06-06 10:03:10 --> Could not find the language line "mynt_icon_tmall"
ERROR - 2016-06-06 10:03:10 --> Could not find the language line "mynt_icon_youzan"
ERROR - 2016-06-06 10:03:15 --> Could not find the language line "mynt_buy_taobao"
ERROR - 2016-06-06 10:03:15 --> Could not find the language line "mynt_buy_tmall"
ERROR - 2016-06-06 10:03:15 --> Could not find the language line "mynt_buy_youzan"
ERROR - 2016-06-06 14:12:30 --> Could not find the language line "mynt_buy_taobao"
ERROR - 2016-06-06 14:12:30 --> Could not find the language line "mynt_buy_tmall"
ERROR - 2016-06-06 14:12:30 --> Could not find the language line "mynt_buy_youzan"
ERROR - 2016-06-06 14:12:30 --> Could not find the language line "home_cloud_title"
ERROR - 2016-06-06 14:12:30 --> Could not find the language line "home_cloud_intro"
ERROR - 2016-06-06 14:12:30 --> Could not find the language line "mynt_icon_taobao"
ERROR - 2016-06-06 14:12:30 --> Could not find the language line "mynt_icon_tmall"
ERROR - 2016-06-06 14:12:30 --> Could not find the language line "mynt_icon_youzan"
ERROR - 2016-06-06 14:12:33 --> Could not find the language line "mynt_buy_taobao"
ERROR - 2016-06-06 14:12:33 --> Could not find the language line "mynt_buy_tmall"
ERROR - 2016-06-06 14:12:33 --> Could not find the language line "mynt_buy_youzan"
ERROR - 2016-06-06 14:12:40 --> Could not find the language line "mynt_buy_taobao"
ERROR - 2016-06-06 14:12:40 --> Could not find the language line "mynt_buy_tmall"
ERROR - 2016-06-06 14:12:40 --> Could not find the language line "mynt_buy_youzan"
ERROR - 2016-06-06 14:12:40 --> Could not find the language line "about_keywords"
ERROR - 2016-06-06 14:12:40 --> Could not find the language line "about_facebook"
ERROR - 2016-06-06 14:12:40 --> Could not find the language line "about_twitter"
ERROR - 2016-06-06 14:12:40 --> Could not find the language line "about_weibo"
ERROR - 2016-06-06 14:47:22 --> Could not find the language line "mynt_buy_taobao"
ERROR - 2016-06-06 14:47:22 --> Could not find the language line "mynt_buy_tmall"
ERROR - 2016-06-06 14:47:22 --> Could not find the language line "mynt_buy_youzan"
ERROR - 2016-06-06 14:47:41 --> Could not find the language line "mynt_buy_taobao"
ERROR - 2016-06-06 14:47:41 --> Could not find the language line "mynt_buy_tmall"
ERROR - 2016-06-06 14:47:41 --> Could not find the language line "mynt_buy_youzan"
ERROR - 2016-06-06 14:56:09 --> Could not find the language line "mynt_buy_taobao"
ERROR - 2016-06-06 14:56:09 --> Could not find the language line "mynt_buy_tmall"
ERROR - 2016-06-06 14:56:09 --> Could not find the language line "mynt_buy_youzan"
ERROR - 2016-06-06 14:56:09 --> Could not find the language line "mynt_icon_taobao"
ERROR - 2016-06-06 14:56:09 --> Could not find the language line "mynt_icon_tmall"
ERROR - 2016-06-06 14:56:09 --> Could not find the language line "mynt_icon_youzan"
ERROR - 2016-06-06 14:56:09 --> Could not find the language line "mynt_jd_detail"
ERROR - 2016-06-06 14:56:09 --> Could not find the language line "to_buy_wd"
ERROR - 2016-06-06 14:56:09 --> Could not find the language line "slightech_wechat"
ERROR - 2016-06-06 14:56:09 --> Could not find the language line "camera_no_lost"
ERROR - 2016-06-06 14:56:09 --> Could not find the language line "key_no_lost"
ERROR - 2016-06-06 14:56:09 --> Could not find the language line "bag_no_lost"
ERROR - 2016-06-06 14:56:09 --> Could not find the language line "computer_no_lost"
ERROR - 2016-06-06 14:56:09 --> Could not find the language line "pet_no_lost"
ERROR - 2016-06-06 14:56:09 --> Could not find the language line "goal"
ERROR - 2016-06-06 14:56:09 --> Could not find the language line "fund_title"
ERROR - 2016-06-06 14:56:09 --> Could not find the language line "fund_intro"
ERROR - 2016-06-06 15:16:03 --> Could not find the language line "mynt_buy_taobao"
ERROR - 2016-06-06 15:16:03 --> Could not find the language line "mynt_buy_tmall"
ERROR - 2016-06-06 15:16:03 --> Could not find the language line "mynt_buy_youzan"
ERROR - 2016-06-06 15:16:03 --> Could not find the language line "home_cloud_title"
ERROR - 2016-06-06 15:16:03 --> Could not find the language line "home_cloud_intro"
ERROR - 2016-06-06 15:16:03 --> Could not find the language line "mynt_icon_taobao"
ERROR - 2016-06-06 15:16:03 --> Could not find the language line "mynt_icon_tmall"
ERROR - 2016-06-06 15:16:03 --> Could not find the language line "mynt_icon_youzan"
ERROR - 2016-06-06 15:16:08 --> Could not find the language line "mynt_buy_amazon"
ERROR - 2016-06-06 15:16:08 --> Could not find the language line "home_slife_title"
ERROR - 2016-06-06 15:16:08 --> Could not find the language line "home_cloud_title"
ERROR - 2016-06-06 15:16:08 --> Could not find the language line "home_cloud_intro"
ERROR - 2016-06-06 15:16:08 --> Could not find the language line "mynt_icon_buy"
ERROR - 2016-06-06 15:16:09 --> Could not find the language line "mynt_buy_amazon"
ERROR - 2016-06-06 15:16:16 --> Could not find the language line "mynt_buy_amazon"
ERROR - 2016-06-06 15:20:14 --> Could not find the language line "mynt_buy_amazon"
ERROR - 2016-06-06 15:20:16 --> Could not find the language line "mynt_buy_amazon"
ERROR - 2016-06-06 15:20:32 --> Could not find the language line "mynt_buy_taobao"
ERROR - 2016-06-06 15:20:32 --> Could not find the language line "mynt_buy_tmall"
ERROR - 2016-06-06 15:20:32 --> Could not find the language line "mynt_buy_youzan"
ERROR - 2016-06-06 16:00:18 --> Could not find the language line "mynt_buy_taobao"
ERROR - 2016-06-06 16:00:18 --> Could not find the language line "mynt_buy_tmall"
ERROR - 2016-06-06 16:00:18 --> Could not find the language line "mynt_buy_youzan"
ERROR - 2016-06-06 16:04:12 --> Could not find the language line "mynt_buy_taobao"
ERROR - 2016-06-06 16:04:12 --> Could not find the language line "mynt_buy_tmall"
ERROR - 2016-06-06 16:04:12 --> Could not find the language line "mynt_buy_youzan"
ERROR - 2016-06-06 16:04:12 --> Could not find the language line "home_cloud_title"
ERROR - 2016-06-06 16:04:12 --> Could not find the language line "home_cloud_intro"
ERROR - 2016-06-06 16:04:12 --> Could not find the language line "mynt_icon_taobao"
ERROR - 2016-06-06 16:04:12 --> Could not find the language line "mynt_icon_tmall"
ERROR - 2016-06-06 16:04:12 --> Could not find the language line "mynt_icon_youzan"
ERROR - 2016-06-06 16:04:19 --> Could not find the language line "mynt_buy_taobao"
ERROR - 2016-06-06 16:04:19 --> Could not find the language line "mynt_buy_tmall"
ERROR - 2016-06-06 16:04:19 --> Could not find the language line "mynt_buy_youzan"
ERROR - 2016-06-06 16:04:40 --> Could not find the language line "mynt_buy_taobao"
ERROR - 2016-06-06 16:04:40 --> Could not find the language line "mynt_buy_tmall"
ERROR - 2016-06-06 16:04:40 --> Could not find the language line "mynt_buy_youzan"
ERROR - 2016-06-06 16:04:49 --> Could not find the language line "mynt_buy_taobao"
ERROR - 2016-06-06 16:04:49 --> Could not find the language line "mynt_buy_tmall"
ERROR - 2016-06-06 16:04:49 --> Could not find the language line "mynt_buy_youzan"
ERROR - 2016-06-06 16:05:20 --> Could not find the language line "mynt_buy_taobao"
ERROR - 2016-06-06 16:05:20 --> Could not find the language line "mynt_buy_tmall"
ERROR - 2016-06-06 16:05:20 --> Could not find the language line "mynt_buy_youzan"
