ERROR - 2017-07-17 01:38:08 --> Could not find the language line "mynt_buy_taobao"
ERROR - 2017-07-17 01:38:08 --> Could not find the language line "mynt_buy_tmall"
ERROR - 2017-07-17 01:38:08 --> Could not find the language line "mynt_buy_jd"
ERROR - 2017-07-17 01:38:08 --> Could not find the language line "home_cloud_title"
ERROR - 2017-07-17 01:38:08 --> Could not find the language line "home_cloud_intro"
ERROR - 2017-07-17 01:38:08 --> Could not find the language line "mynt_icon_taobao"
ERROR - 2017-07-17 01:38:08 --> Could not find the language line "mynt_icon_tmall"
ERROR - 2017-07-17 01:38:08 --> Could not find the language line "mynt_icon_youzan"
ERROR - 2017-07-17 01:38:09 --> Could not find the language line "mynt_buy_taobao"
ERROR - 2017-07-17 01:38:09 --> Could not find the language line "mynt_buy_tmall"
ERROR - 2017-07-17 01:38:09 --> Could not find the language line "mynt_buy_jd"
ERROR - 2017-07-17 02:16:02 --> Could not find the language line "mynt_buy_taobao"
ERROR - 2017-07-17 02:16:02 --> Could not find the language line "mynt_buy_tmall"
ERROR - 2017-07-17 02:16:02 --> Could not find the language line "mynt_buy_jd"
ERROR - 2017-07-17 02:16:05 --> Could not find the language line "mynt_buy_taobao"
ERROR - 2017-07-17 02:16:05 --> Could not find the language line "mynt_buy_tmall"
ERROR - 2017-07-17 02:16:05 --> Could not find the language line "mynt_buy_jd"
ERROR - 2017-07-17 02:16:05 --> Could not find the language line "home_cloud_title"
ERROR - 2017-07-17 02:16:05 --> Could not find the language line "home_cloud_intro"
ERROR - 2017-07-17 02:16:05 --> Could not find the language line "mynt_icon_taobao"
ERROR - 2017-07-17 02:16:05 --> Could not find the language line "mynt_icon_tmall"
ERROR - 2017-07-17 02:16:05 --> Could not find the language line "mynt_icon_youzan"
ERROR - 2017-07-17 02:16:05 --> Could not find the language line "mynt_buy_taobao"
ERROR - 2017-07-17 02:16:05 --> Could not find the language line "mynt_buy_tmall"
ERROR - 2017-07-17 02:16:05 --> Could not find the language line "mynt_buy_jd"
ERROR - 2017-07-17 02:17:50 --> Could not find the language line "mynt_buy_taobao"
ERROR - 2017-07-17 02:17:50 --> Could not find the language line "mynt_buy_tmall"
ERROR - 2017-07-17 02:17:50 --> Could not find the language line "mynt_buy_jd"
ERROR - 2017-07-17 02:17:50 --> Could not find the language line "home_cloud_title"
ERROR - 2017-07-17 02:17:50 --> Could not find the language line "home_cloud_intro"
ERROR - 2017-07-17 02:17:50 --> Could not find the language line "mynt_icon_taobao"
ERROR - 2017-07-17 02:17:50 --> Could not find the language line "mynt_icon_tmall"
ERROR - 2017-07-17 02:17:50 --> Could not find the language line "mynt_icon_youzan"
ERROR - 2017-07-17 02:17:50 --> Could not find the language line "mynt_buy_taobao"
ERROR - 2017-07-17 02:17:50 --> Could not find the language line "mynt_buy_tmall"
ERROR - 2017-07-17 02:17:50 --> Could not find the language line "mynt_buy_jd"
ERROR - 2017-07-17 02:17:51 --> Could not find the language line "mynt_buy_taobao"
ERROR - 2017-07-17 02:17:51 --> Could not find the language line "mynt_buy_tmall"
ERROR - 2017-07-17 02:17:51 --> Could not find the language line "mynt_buy_jd"
ERROR - 2017-07-17 02:17:51 --> Could not find the language line "home_cloud_title"
ERROR - 2017-07-17 02:17:51 --> Could not find the language line "home_cloud_intro"
ERROR - 2017-07-17 02:17:51 --> Could not find the language line "mynt_icon_taobao"
ERROR - 2017-07-17 02:17:51 --> Could not find the language line "mynt_icon_tmall"
ERROR - 2017-07-17 02:17:51 --> Could not find the language line "mynt_icon_youzan"
ERROR - 2017-07-17 02:17:51 --> Could not find the language line "mynt_buy_taobao"
ERROR - 2017-07-17 02:17:51 --> Could not find the language line "mynt_buy_tmall"
ERROR - 2017-07-17 02:17:51 --> Could not find the language line "mynt_buy_jd"
ERROR - 2017-07-17 02:17:52 --> Could not find the language line "mynt_buy_taobao"
ERROR - 2017-07-17 02:17:52 --> Could not find the language line "mynt_buy_tmall"
ERROR - 2017-07-17 02:17:52 --> Could not find the language line "mynt_buy_jd"
ERROR - 2017-07-17 02:17:52 --> Could not find the language line "home_cloud_title"
ERROR - 2017-07-17 02:17:52 --> Could not find the language line "home_cloud_intro"
ERROR - 2017-07-17 02:17:52 --> Could not find the language line "mynt_icon_taobao"
ERROR - 2017-07-17 02:17:52 --> Could not find the language line "mynt_icon_tmall"
ERROR - 2017-07-17 02:17:52 --> Could not find the language line "mynt_icon_youzan"
ERROR - 2017-07-17 02:17:52 --> Could not find the language line "mynt_buy_taobao"
ERROR - 2017-07-17 02:17:52 --> Could not find the language line "mynt_buy_tmall"
ERROR - 2017-07-17 02:17:52 --> Could not find the language line "mynt_buy_jd"
ERROR - 2017-07-17 02:17:56 --> Could not find the language line "mynt_buy_taobao"
ERROR - 2017-07-17 02:17:56 --> Could not find the language line "mynt_buy_tmall"
ERROR - 2017-07-17 02:17:56 --> Could not find the language line "mynt_buy_jd"
ERROR - 2017-07-17 02:18:24 --> Could not find the language line "mynt_buy_taobao"
ERROR - 2017-07-17 02:18:24 --> Could not find the language line "mynt_buy_tmall"
ERROR - 2017-07-17 02:18:24 --> Could not find the language line "mynt_buy_jd"
ERROR - 2017-07-17 02:18:25 --> Could not find the language line "mynt_buy_taobao"
ERROR - 2017-07-17 02:18:25 --> Could not find the language line "mynt_buy_tmall"
ERROR - 2017-07-17 02:18:25 --> Could not find the language line "mynt_buy_jd"
ERROR - 2017-07-17 02:19:40 --> Could not find the language line "mynt_buy_taobao"
ERROR - 2017-07-17 02:19:40 --> Could not find the language line "mynt_buy_tmall"
ERROR - 2017-07-17 02:19:40 --> Could not find the language line "mynt_buy_jd"
ERROR - 2017-07-17 02:19:41 --> Could not find the language line "mynt_buy_taobao"
ERROR - 2017-07-17 02:19:41 --> Could not find the language line "mynt_buy_tmall"
ERROR - 2017-07-17 02:19:41 --> Could not find the language line "mynt_buy_jd"
ERROR - 2017-07-17 02:27:04 --> Could not find the language line "mynt_buy_taobao"
ERROR - 2017-07-17 02:27:04 --> Could not find the language line "mynt_buy_tmall"
ERROR - 2017-07-17 02:27:04 --> Could not find the language line "mynt_buy_jd"
ERROR - 2017-07-17 02:27:40 --> Could not find the language line "mynt_buy_taobao"
ERROR - 2017-07-17 02:27:40 --> Could not find the language line "mynt_buy_tmall"
ERROR - 2017-07-17 02:27:40 --> Could not find the language line "mynt_buy_jd"
ERROR - 2017-07-17 02:27:43 --> Could not find the language line "mynt_buy_taobao"
ERROR - 2017-07-17 02:27:43 --> Could not find the language line "mynt_buy_tmall"
ERROR - 2017-07-17 02:27:43 --> Could not find the language line "mynt_buy_jd"
ERROR - 2017-07-17 02:27:52 --> Could not find the language line "mynt_buy_taobao"
ERROR - 2017-07-17 02:27:52 --> Could not find the language line "mynt_buy_tmall"
ERROR - 2017-07-17 02:27:52 --> Could not find the language line "mynt_buy_jd"
ERROR - 2017-07-17 02:27:52 --> Could not find the language line "mynt_buy_taobao"
ERROR - 2017-07-17 02:27:52 --> Could not find the language line "mynt_buy_tmall"
ERROR - 2017-07-17 02:27:52 --> Could not find the language line "mynt_buy_jd"
ERROR - 2017-07-17 02:27:53 --> Could not find the language line "mynt_buy_taobao"
ERROR - 2017-07-17 02:27:53 --> Could not find the language line "mynt_buy_tmall"
ERROR - 2017-07-17 02:27:53 --> Could not find the language line "mynt_buy_jd"
ERROR - 2017-07-17 02:27:53 --> Could not find the language line "mynt_buy_taobao"
ERROR - 2017-07-17 02:27:53 --> Could not find the language line "mynt_buy_tmall"
ERROR - 2017-07-17 02:27:53 --> Could not find the language line "mynt_buy_jd"
ERROR - 2017-07-17 02:27:54 --> Could not find the language line "mynt_buy_taobao"
ERROR - 2017-07-17 02:27:54 --> Could not find the language line "mynt_buy_tmall"
ERROR - 2017-07-17 02:27:54 --> Could not find the language line "mynt_buy_jd"
ERROR - 2017-07-17 02:27:54 --> Could not find the language line "mynt_buy_taobao"
ERROR - 2017-07-17 02:27:54 --> Could not find the language line "mynt_buy_tmall"
ERROR - 2017-07-17 02:27:54 --> Could not find the language line "mynt_buy_jd"
ERROR - 2017-07-17 02:28:31 --> Could not find the language line "mynt_buy_taobao"
ERROR - 2017-07-17 02:28:31 --> Could not find the language line "mynt_buy_tmall"
ERROR - 2017-07-17 02:28:31 --> Could not find the language line "mynt_buy_jd"
ERROR - 2017-07-17 02:28:33 --> Could not find the language line "mynt_buy_taobao"
ERROR - 2017-07-17 02:28:33 --> Could not find the language line "mynt_buy_tmall"
ERROR - 2017-07-17 02:28:33 --> Could not find the language line "mynt_buy_jd"
ERROR - 2017-07-17 02:30:39 --> Could not find the language line "mynt_buy_taobao"
ERROR - 2017-07-17 02:30:39 --> Could not find the language line "mynt_buy_tmall"
ERROR - 2017-07-17 02:30:39 --> Could not find the language line "mynt_buy_jd"
ERROR - 2017-07-17 02:30:39 --> Could not find the language line "mynt_buy_taobao"
ERROR - 2017-07-17 02:30:39 --> Could not find the language line "mynt_buy_tmall"
ERROR - 2017-07-17 02:30:39 --> Could not find the language line "mynt_buy_jd"
ERROR - 2017-07-17 02:33:24 --> Could not find the language line "mynt_buy_taobao"
ERROR - 2017-07-17 02:33:24 --> Could not find the language line "mynt_buy_tmall"
ERROR - 2017-07-17 02:33:24 --> Could not find the language line "mynt_buy_jd"
ERROR - 2017-07-17 02:33:25 --> Could not find the language line "mynt_buy_taobao"
ERROR - 2017-07-17 02:33:25 --> Could not find the language line "mynt_buy_tmall"
ERROR - 2017-07-17 02:33:25 --> Could not find the language line "mynt_buy_jd"
ERROR - 2017-07-17 02:34:01 --> Could not find the language line "mynt_buy_taobao"
ERROR - 2017-07-17 02:34:01 --> Could not find the language line "mynt_buy_tmall"
ERROR - 2017-07-17 02:34:01 --> Could not find the language line "mynt_buy_jd"
ERROR - 2017-07-17 02:34:01 --> Could not find the language line "mynt_buy_taobao"
ERROR - 2017-07-17 02:34:01 --> Could not find the language line "mynt_buy_tmall"
ERROR - 2017-07-17 02:34:01 --> Could not find the language line "mynt_buy_jd"
ERROR - 2017-07-17 02:36:18 --> Could not find the language line "mynt_buy_taobao"
ERROR - 2017-07-17 02:36:18 --> Could not find the language line "mynt_buy_tmall"
ERROR - 2017-07-17 02:36:18 --> Could not find the language line "mynt_buy_jd"
ERROR - 2017-07-17 02:36:18 --> Could not find the language line "mynt_buy_taobao"
ERROR - 2017-07-17 02:36:18 --> Could not find the language line "mynt_buy_tmall"
ERROR - 2017-07-17 02:36:18 --> Could not find the language line "mynt_buy_jd"
ERROR - 2017-07-17 02:38:23 --> Could not find the language line "mynt_buy_taobao"
ERROR - 2017-07-17 02:38:23 --> Could not find the language line "mynt_buy_tmall"
ERROR - 2017-07-17 02:38:23 --> Could not find the language line "mynt_buy_jd"
ERROR - 2017-07-17 02:38:25 --> Could not find the language line "mynt_buy_taobao"
ERROR - 2017-07-17 02:38:25 --> Could not find the language line "mynt_buy_tmall"
ERROR - 2017-07-17 02:38:25 --> Could not find the language line "mynt_buy_jd"
ERROR - 2017-07-17 02:47:08 --> Could not find the language line "mynt_buy_taobao"
ERROR - 2017-07-17 02:47:08 --> Could not find the language line "mynt_buy_tmall"
ERROR - 2017-07-17 02:47:08 --> Could not find the language line "mynt_buy_jd"
ERROR - 2017-07-17 02:47:09 --> Could not find the language line "mynt_buy_taobao"
ERROR - 2017-07-17 02:47:09 --> Could not find the language line "mynt_buy_tmall"
ERROR - 2017-07-17 02:47:09 --> Could not find the language line "mynt_buy_jd"
ERROR - 2017-07-17 02:50:25 --> Could not find the language line "mynt_buy_taobao"
ERROR - 2017-07-17 02:50:25 --> Could not find the language line "mynt_buy_tmall"
ERROR - 2017-07-17 02:50:25 --> Could not find the language line "mynt_buy_jd"
ERROR - 2017-07-17 02:50:26 --> Could not find the language line "mynt_buy_taobao"
ERROR - 2017-07-17 02:50:26 --> Could not find the language line "mynt_buy_tmall"
ERROR - 2017-07-17 02:50:26 --> Could not find the language line "mynt_buy_jd"
ERROR - 2017-07-17 02:51:27 --> Could not find the language line "mynt_buy_taobao"
ERROR - 2017-07-17 02:51:27 --> Could not find the language line "mynt_buy_tmall"
ERROR - 2017-07-17 02:51:27 --> Could not find the language line "mynt_buy_jd"
ERROR - 2017-07-17 02:51:29 --> Could not find the language line "mynt_buy_taobao"
ERROR - 2017-07-17 02:51:29 --> Could not find the language line "mynt_buy_tmall"
ERROR - 2017-07-17 02:51:29 --> Could not find the language line "mynt_buy_jd"
ERROR - 2017-07-17 03:01:27 --> Could not find the language line "mynt_buy_taobao"
ERROR - 2017-07-17 03:01:27 --> Could not find the language line "mynt_buy_tmall"
ERROR - 2017-07-17 03:01:27 --> Could not find the language line "mynt_buy_jd"
ERROR - 2017-07-17 03:01:28 --> Could not find the language line "mynt_buy_taobao"
ERROR - 2017-07-17 03:01:28 --> Could not find the language line "mynt_buy_tmall"
ERROR - 2017-07-17 03:01:28 --> Could not find the language line "mynt_buy_jd"
ERROR - 2017-07-17 03:04:50 --> Could not find the language line "mynt_buy_taobao"
ERROR - 2017-07-17 03:04:50 --> Could not find the language line "mynt_buy_tmall"
ERROR - 2017-07-17 03:04:50 --> Could not find the language line "mynt_buy_jd"
ERROR - 2017-07-17 03:04:51 --> Could not find the language line "mynt_buy_taobao"
ERROR - 2017-07-17 03:04:51 --> Could not find the language line "mynt_buy_tmall"
ERROR - 2017-07-17 03:04:51 --> Could not find the language line "mynt_buy_jd"
ERROR - 2017-07-17 03:07:07 --> Could not find the language line "mynt_buy_taobao"
ERROR - 2017-07-17 03:07:07 --> Could not find the language line "mynt_buy_tmall"
ERROR - 2017-07-17 03:07:07 --> Could not find the language line "mynt_buy_jd"
ERROR - 2017-07-17 03:07:07 --> Could not find the language line "mynt_buy_taobao"
ERROR - 2017-07-17 03:07:07 --> Could not find the language line "mynt_buy_tmall"
ERROR - 2017-07-17 03:07:07 --> Could not find the language line "mynt_buy_jd"
ERROR - 2017-07-17 03:27:20 --> Could not find the language line "mynt_buy_taobao"
ERROR - 2017-07-17 03:27:20 --> Could not find the language line "mynt_buy_tmall"
ERROR - 2017-07-17 03:27:20 --> Could not find the language line "mynt_buy_jd"
ERROR - 2017-07-17 03:27:21 --> Could not find the language line "mynt_buy_taobao"
ERROR - 2017-07-17 03:27:21 --> Could not find the language line "mynt_buy_tmall"
ERROR - 2017-07-17 03:27:21 --> Could not find the language line "mynt_buy_jd"
ERROR - 2017-07-17 03:30:52 --> Could not find the language line "mynt_buy_taobao"
ERROR - 2017-07-17 03:30:52 --> Could not find the language line "mynt_buy_tmall"
ERROR - 2017-07-17 03:30:52 --> Could not find the language line "mynt_buy_jd"
ERROR - 2017-07-17 03:30:53 --> Could not find the language line "mynt_buy_taobao"
ERROR - 2017-07-17 03:30:53 --> Could not find the language line "mynt_buy_tmall"
ERROR - 2017-07-17 03:30:53 --> Could not find the language line "mynt_buy_jd"
ERROR - 2017-07-17 03:31:41 --> Could not find the language line "mynt_buy_taobao"
ERROR - 2017-07-17 03:31:41 --> Could not find the language line "mynt_buy_tmall"
ERROR - 2017-07-17 03:31:41 --> Could not find the language line "mynt_buy_jd"
ERROR - 2017-07-17 03:31:42 --> Could not find the language line "mynt_buy_taobao"
ERROR - 2017-07-17 03:31:42 --> Could not find the language line "mynt_buy_tmall"
ERROR - 2017-07-17 03:31:42 --> Could not find the language line "mynt_buy_jd"
ERROR - 2017-07-17 03:33:42 --> Could not find the language line "mynt_buy_taobao"
ERROR - 2017-07-17 03:33:42 --> Could not find the language line "mynt_buy_tmall"
ERROR - 2017-07-17 03:33:42 --> Could not find the language line "mynt_buy_jd"
ERROR - 2017-07-17 03:33:42 --> Could not find the language line "mynt_buy_taobao"
ERROR - 2017-07-17 03:33:42 --> Could not find the language line "mynt_buy_tmall"
ERROR - 2017-07-17 03:33:42 --> Could not find the language line "mynt_buy_jd"
ERROR - 2017-07-17 03:35:23 --> Could not find the language line "mynt_buy_taobao"
ERROR - 2017-07-17 03:35:23 --> Could not find the language line "mynt_buy_tmall"
ERROR - 2017-07-17 03:35:23 --> Could not find the language line "mynt_buy_jd"
ERROR - 2017-07-17 03:35:24 --> Could not find the language line "mynt_buy_taobao"
ERROR - 2017-07-17 03:35:24 --> Could not find the language line "mynt_buy_tmall"
ERROR - 2017-07-17 03:35:24 --> Could not find the language line "mynt_buy_jd"
ERROR - 2017-07-17 03:36:29 --> Could not find the language line "mynt_buy_taobao"
ERROR - 2017-07-17 03:36:29 --> Could not find the language line "mynt_buy_tmall"
ERROR - 2017-07-17 03:36:29 --> Could not find the language line "mynt_buy_jd"
ERROR - 2017-07-17 03:36:29 --> Could not find the language line "mynt_buy_taobao"
ERROR - 2017-07-17 03:36:29 --> Could not find the language line "mynt_buy_tmall"
ERROR - 2017-07-17 03:36:29 --> Could not find the language line "mynt_buy_jd"
ERROR - 2017-07-17 03:38:23 --> Could not find the language line "mynt_buy_taobao"
ERROR - 2017-07-17 03:38:23 --> Could not find the language line "mynt_buy_tmall"
ERROR - 2017-07-17 03:38:23 --> Could not find the language line "mynt_buy_jd"
ERROR - 2017-07-17 03:38:24 --> Could not find the language line "mynt_buy_taobao"
ERROR - 2017-07-17 03:38:24 --> Could not find the language line "mynt_buy_tmall"
ERROR - 2017-07-17 03:38:24 --> Could not find the language line "mynt_buy_jd"
ERROR - 2017-07-17 03:40:11 --> Could not find the language line "mynt_buy_taobao"
ERROR - 2017-07-17 03:40:11 --> Could not find the language line "mynt_buy_tmall"
ERROR - 2017-07-17 03:40:11 --> Could not find the language line "mynt_buy_jd"
ERROR - 2017-07-17 03:40:12 --> Could not find the language line "mynt_buy_taobao"
ERROR - 2017-07-17 03:40:12 --> Could not find the language line "mynt_buy_tmall"
ERROR - 2017-07-17 03:40:12 --> Could not find the language line "mynt_buy_jd"
ERROR - 2017-07-17 03:43:11 --> Could not find the language line "mynt_buy_taobao"
ERROR - 2017-07-17 03:43:11 --> Could not find the language line "mynt_buy_tmall"
ERROR - 2017-07-17 03:43:11 --> Could not find the language line "mynt_buy_jd"
ERROR - 2017-07-17 03:43:11 --> Could not find the language line "mynt_buy_taobao"
ERROR - 2017-07-17 03:43:11 --> Could not find the language line "mynt_buy_tmall"
ERROR - 2017-07-17 03:43:11 --> Could not find the language line "mynt_buy_jd"
ERROR - 2017-07-17 03:53:02 --> Could not find the language line "mynt_buy_taobao"
ERROR - 2017-07-17 03:53:02 --> Could not find the language line "mynt_buy_tmall"
ERROR - 2017-07-17 03:53:02 --> Could not find the language line "mynt_buy_jd"
ERROR - 2017-07-17 03:53:03 --> Could not find the language line "mynt_buy_taobao"
ERROR - 2017-07-17 03:53:03 --> Could not find the language line "mynt_buy_tmall"
ERROR - 2017-07-17 03:53:03 --> Could not find the language line "mynt_buy_jd"
ERROR - 2017-07-17 03:53:24 --> Could not find the language line "mynt_buy_taobao"
ERROR - 2017-07-17 03:53:24 --> Could not find the language line "mynt_buy_tmall"
ERROR - 2017-07-17 03:53:24 --> Could not find the language line "mynt_buy_jd"
ERROR - 2017-07-17 03:53:24 --> Could not find the language line "mynt_buy_taobao"
ERROR - 2017-07-17 03:53:24 --> Could not find the language line "mynt_buy_tmall"
ERROR - 2017-07-17 03:53:24 --> Could not find the language line "mynt_buy_jd"
ERROR - 2017-07-17 03:54:59 --> Could not find the language line "mynt_buy_taobao"
ERROR - 2017-07-17 03:54:59 --> Could not find the language line "mynt_buy_tmall"
ERROR - 2017-07-17 03:54:59 --> Could not find the language line "mynt_buy_jd"
ERROR - 2017-07-17 03:54:59 --> Could not find the language line "mynt_buy_taobao"
ERROR - 2017-07-17 03:54:59 --> Could not find the language line "mynt_buy_tmall"
ERROR - 2017-07-17 03:54:59 --> Could not find the language line "mynt_buy_jd"
ERROR - 2017-07-17 03:58:56 --> Could not find the language line "mynt_buy_taobao"
ERROR - 2017-07-17 03:58:56 --> Could not find the language line "mynt_buy_tmall"
ERROR - 2017-07-17 03:58:56 --> Could not find the language line "mynt_buy_jd"
ERROR - 2017-07-17 03:58:58 --> Could not find the language line "mynt_buy_taobao"
ERROR - 2017-07-17 03:58:58 --> Could not find the language line "mynt_buy_tmall"
ERROR - 2017-07-17 03:58:58 --> Could not find the language line "mynt_buy_jd"
ERROR - 2017-07-17 03:59:51 --> Could not find the language line "mynt_buy_taobao"
ERROR - 2017-07-17 03:59:51 --> Could not find the language line "mynt_buy_tmall"
ERROR - 2017-07-17 03:59:51 --> Could not find the language line "mynt_buy_jd"
ERROR - 2017-07-17 03:59:51 --> Could not find the language line "mynt_buy_taobao"
ERROR - 2017-07-17 03:59:51 --> Could not find the language line "mynt_buy_tmall"
ERROR - 2017-07-17 03:59:51 --> Could not find the language line "mynt_buy_jd"
ERROR - 2017-07-17 04:01:53 --> Could not find the language line "mynt_buy_taobao"
ERROR - 2017-07-17 04:01:53 --> Could not find the language line "mynt_buy_tmall"
ERROR - 2017-07-17 04:01:53 --> Could not find the language line "mynt_buy_jd"
ERROR - 2017-07-17 04:01:53 --> Could not find the language line "mynt_buy_taobao"
ERROR - 2017-07-17 04:01:53 --> Could not find the language line "mynt_buy_tmall"
ERROR - 2017-07-17 04:01:53 --> Could not find the language line "mynt_buy_jd"
ERROR - 2017-07-17 04:06:09 --> Could not find the language line "mynt_buy_taobao"
ERROR - 2017-07-17 04:06:09 --> Could not find the language line "mynt_buy_tmall"
ERROR - 2017-07-17 04:06:09 --> Could not find the language line "mynt_buy_jd"
ERROR - 2017-07-17 04:06:09 --> Could not find the language line "mynt_buy_taobao"
ERROR - 2017-07-17 04:06:09 --> Could not find the language line "mynt_buy_tmall"
ERROR - 2017-07-17 04:06:09 --> Could not find the language line "mynt_buy_jd"
ERROR - 2017-07-17 04:11:49 --> Could not find the language line "mynt_buy_taobao"
ERROR - 2017-07-17 04:11:49 --> Could not find the language line "mynt_buy_tmall"
ERROR - 2017-07-17 04:11:49 --> Could not find the language line "mynt_buy_jd"
ERROR - 2017-07-17 04:11:50 --> Could not find the language line "mynt_buy_taobao"
ERROR - 2017-07-17 04:11:50 --> Could not find the language line "mynt_buy_tmall"
ERROR - 2017-07-17 04:11:50 --> Could not find the language line "mynt_buy_jd"
ERROR - 2017-07-17 04:11:50 --> Could not find the language line "mynt_buy_taobao"
ERROR - 2017-07-17 04:11:50 --> Could not find the language line "mynt_buy_tmall"
ERROR - 2017-07-17 04:11:50 --> Could not find the language line "mynt_buy_jd"
ERROR - 2017-07-17 04:11:50 --> Could not find the language line "mynt_buy_taobao"
ERROR - 2017-07-17 04:11:50 --> Could not find the language line "mynt_buy_tmall"
ERROR - 2017-07-17 04:11:50 --> Could not find the language line "mynt_buy_jd"
ERROR - 2017-07-17 04:11:50 --> Could not find the language line "mynt_buy_taobao"
ERROR - 2017-07-17 04:11:50 --> Could not find the language line "mynt_buy_tmall"
ERROR - 2017-07-17 04:11:50 --> Could not find the language line "mynt_buy_jd"
ERROR - 2017-07-17 04:11:51 --> Could not find the language line "mynt_buy_taobao"
ERROR - 2017-07-17 04:11:51 --> Could not find the language line "mynt_buy_tmall"
ERROR - 2017-07-17 04:11:51 --> Could not find the language line "mynt_buy_jd"
ERROR - 2017-07-17 04:11:51 --> Could not find the language line "mynt_buy_taobao"
ERROR - 2017-07-17 04:11:51 --> Could not find the language line "mynt_buy_tmall"
ERROR - 2017-07-17 04:11:51 --> Could not find the language line "mynt_buy_jd"
ERROR - 2017-07-17 04:11:51 --> Could not find the language line "mynt_buy_taobao"
ERROR - 2017-07-17 04:11:51 --> Could not find the language line "mynt_buy_tmall"
ERROR - 2017-07-17 04:11:51 --> Could not find the language line "mynt_buy_jd"
ERROR - 2017-07-17 04:11:51 --> Could not find the language line "mynt_buy_taobao"
ERROR - 2017-07-17 04:11:51 --> Could not find the language line "mynt_buy_tmall"
ERROR - 2017-07-17 04:11:51 --> Could not find the language line "mynt_buy_jd"
ERROR - 2017-07-17 04:11:51 --> Could not find the language line "mynt_buy_taobao"
ERROR - 2017-07-17 04:11:51 --> Could not find the language line "mynt_buy_tmall"
ERROR - 2017-07-17 04:11:51 --> Could not find the language line "mynt_buy_jd"
ERROR - 2017-07-17 04:11:51 --> Could not find the language line "mynt_buy_taobao"
ERROR - 2017-07-17 04:11:51 --> Could not find the language line "mynt_buy_tmall"
ERROR - 2017-07-17 04:11:51 --> Could not find the language line "mynt_buy_jd"
ERROR - 2017-07-17 04:11:51 --> Could not find the language line "mynt_buy_taobao"
ERROR - 2017-07-17 04:11:51 --> Could not find the language line "mynt_buy_tmall"
ERROR - 2017-07-17 04:11:51 --> Could not find the language line "mynt_buy_jd"
ERROR - 2017-07-17 04:12:05 --> Could not find the language line "mynt_buy_taobao"
ERROR - 2017-07-17 04:12:05 --> Could not find the language line "mynt_buy_tmall"
ERROR - 2017-07-17 04:12:05 --> Could not find the language line "mynt_buy_jd"
ERROR - 2017-07-17 04:12:05 --> Could not find the language line "mynt_buy_taobao"
ERROR - 2017-07-17 04:12:05 --> Could not find the language line "mynt_buy_tmall"
ERROR - 2017-07-17 04:12:05 --> Could not find the language line "mynt_buy_jd"
ERROR - 2017-07-17 04:46:54 --> Could not find the language line "mynt_buy_taobao"
ERROR - 2017-07-17 04:46:54 --> Could not find the language line "mynt_buy_tmall"
ERROR - 2017-07-17 04:46:54 --> Could not find the language line "mynt_buy_jd"
ERROR - 2017-07-17 04:46:58 --> Could not find the language line "mynt_buy_taobao"
ERROR - 2017-07-17 04:46:58 --> Could not find the language line "mynt_buy_tmall"
ERROR - 2017-07-17 04:46:58 --> Could not find the language line "mynt_buy_jd"
ERROR - 2017-07-17 07:52:39 --> Could not find the language line "mynt_buy_taobao"
ERROR - 2017-07-17 07:52:39 --> Could not find the language line "mynt_buy_tmall"
ERROR - 2017-07-17 07:52:39 --> Could not find the language line "mynt_buy_jd"
ERROR - 2017-07-17 07:52:43 --> Could not find the language line "home_cloud_title"
ERROR - 2017-07-17 07:52:43 --> Could not find the language line "home_cloud_intro"
ERROR - 2017-07-17 07:52:43 --> Could not find the language line "mynt_buy_taobao"
ERROR - 2017-07-17 07:52:43 --> Could not find the language line "mynt_buy_tmall"
ERROR - 2017-07-17 07:52:43 --> Could not find the language line "mynt_buy_jd"
ERROR - 2017-07-17 07:52:50 --> Could not find the language line "mynt_buy_taobao"
ERROR - 2017-07-17 07:52:50 --> Could not find the language line "mynt_buy_tmall"
ERROR - 2017-07-17 07:52:50 --> Could not find the language line "mynt_buy_jd"
ERROR - 2017-07-17 07:52:53 --> Could not find the language line "mynt_buy_taobao"
ERROR - 2017-07-17 07:52:53 --> Could not find the language line "mynt_buy_tmall"
ERROR - 2017-07-17 07:52:53 --> Could not find the language line "mynt_buy_jd"
ERROR - 2017-07-17 08:41:05 --> Could not find the language line "mynt_buy_taobao"
ERROR - 2017-07-17 08:41:05 --> Could not find the language line "mynt_buy_tmall"
ERROR - 2017-07-17 08:41:05 --> Could not find the language line "mynt_buy_jd"
ERROR - 2017-07-17 08:41:07 --> Could not find the language line "mynt_buy_taobao"
ERROR - 2017-07-17 08:41:07 --> Could not find the language line "mynt_buy_tmall"
ERROR - 2017-07-17 08:41:07 --> Could not find the language line "mynt_buy_jd"
ERROR - 2017-07-17 08:43:11 --> Could not find the language line "mynt_buy_taobao"
ERROR - 2017-07-17 08:43:11 --> Could not find the language line "mynt_buy_tmall"
ERROR - 2017-07-17 08:43:11 --> Could not find the language line "mynt_buy_jd"
ERROR - 2017-07-17 08:43:16 --> Could not find the language line "mynt_buy_taobao"
ERROR - 2017-07-17 08:43:16 --> Could not find the language line "mynt_buy_tmall"
ERROR - 2017-07-17 08:43:16 --> Could not find the language line "mynt_buy_jd"
ERROR - 2017-07-17 08:50:30 --> Could not find the language line "mynt_buy_taobao"
ERROR - 2017-07-17 08:50:30 --> Could not find the language line "mynt_buy_tmall"
ERROR - 2017-07-17 08:50:30 --> Could not find the language line "mynt_buy_jd"
ERROR - 2017-07-17 08:50:37 --> Could not find the language line "mynt_buy_taobao"
ERROR - 2017-07-17 08:50:37 --> Could not find the language line "mynt_buy_tmall"
ERROR - 2017-07-17 08:50:37 --> Could not find the language line "mynt_buy_jd"
ERROR - 2017-07-17 08:50:41 --> Could not find the language line "mynt_buy_taobao"
ERROR - 2017-07-17 08:50:41 --> Could not find the language line "mynt_buy_tmall"
ERROR - 2017-07-17 08:50:41 --> Could not find the language line "mynt_buy_jd"
ERROR - 2017-07-17 08:51:40 --> Could not find the language line "mynt_buy_taobao"
ERROR - 2017-07-17 08:51:40 --> Could not find the language line "mynt_buy_tmall"
ERROR - 2017-07-17 08:51:40 --> Could not find the language line "mynt_buy_jd"
ERROR - 2017-07-17 08:52:48 --> Could not find the language line "mynt_buy_taobao"
ERROR - 2017-07-17 08:52:48 --> Could not find the language line "mynt_buy_tmall"
ERROR - 2017-07-17 08:52:48 --> Could not find the language line "mynt_buy_jd"
ERROR - 2017-07-17 08:52:57 --> Could not find the language line "mynt_buy_taobao"
ERROR - 2017-07-17 08:52:57 --> Could not find the language line "mynt_buy_tmall"
ERROR - 2017-07-17 08:52:57 --> Could not find the language line "mynt_buy_jd"
ERROR - 2017-07-17 08:56:02 --> Could not find the language line "mynt_buy_taobao"
ERROR - 2017-07-17 08:56:02 --> Could not find the language line "mynt_buy_tmall"
ERROR - 2017-07-17 08:56:02 --> Could not find the language line "mynt_buy_jd"
ERROR - 2017-07-17 08:56:06 --> Could not find the language line "mynt_buy_taobao"
ERROR - 2017-07-17 08:56:06 --> Could not find the language line "mynt_buy_tmall"
ERROR - 2017-07-17 08:56:06 --> Could not find the language line "mynt_buy_jd"
ERROR - 2017-07-17 08:56:09 --> 404 Page Not Found: Cn/mgps
ERROR - 2017-07-17 08:56:12 --> 404 Page Not Found: Cn/mgps
ERROR - 2017-07-17 08:56:14 --> 404 Page Not Found: Cn/mgps
ERROR - 2017-07-17 08:56:32 --> Could not find the language line "mynt_buy_taobao"
ERROR - 2017-07-17 08:56:32 --> Could not find the language line "mynt_buy_tmall"
ERROR - 2017-07-17 08:56:32 --> Could not find the language line "mynt_buy_jd"
ERROR - 2017-07-17 08:56:33 --> Could not find the language line "mynt_buy_taobao"
ERROR - 2017-07-17 08:56:33 --> Could not find the language line "mynt_buy_tmall"
ERROR - 2017-07-17 08:56:33 --> Could not find the language line "mynt_buy_jd"
ERROR - 2017-07-17 08:56:35 --> Could not find the language line "mynt_buy_taobao"
ERROR - 2017-07-17 08:56:35 --> Could not find the language line "mynt_buy_tmall"
ERROR - 2017-07-17 08:56:35 --> Could not find the language line "mynt_buy_jd"
ERROR - 2017-07-17 08:56:36 --> Could not find the language line "mynt_buy_taobao"
ERROR - 2017-07-17 08:56:36 --> Could not find the language line "mynt_buy_tmall"
ERROR - 2017-07-17 08:56:36 --> Could not find the language line "mynt_buy_jd"
ERROR - 2017-07-17 09:02:55 --> Could not find the language line "mynt_buy_taobao"
ERROR - 2017-07-17 09:02:55 --> Could not find the language line "mynt_buy_tmall"
ERROR - 2017-07-17 09:02:55 --> Could not find the language line "mynt_buy_jd"
ERROR - 2017-07-17 09:02:55 --> Could not find the language line "mynt_buy_taobao"
ERROR - 2017-07-17 09:02:55 --> Could not find the language line "mynt_buy_tmall"
ERROR - 2017-07-17 09:02:55 --> Could not find the language line "mynt_buy_jd"
ERROR - 2017-07-17 09:04:36 --> Could not find the language line "mynt_buy_taobao"
ERROR - 2017-07-17 09:04:36 --> Could not find the language line "mynt_buy_tmall"
ERROR - 2017-07-17 09:04:36 --> Could not find the language line "mynt_buy_jd"
ERROR - 2017-07-17 09:04:36 --> Could not find the language line "mynt_buy_taobao"
ERROR - 2017-07-17 09:04:36 --> Could not find the language line "mynt_buy_tmall"
ERROR - 2017-07-17 09:04:36 --> Could not find the language line "mynt_buy_jd"
ERROR - 2017-07-17 09:10:56 --> Could not find the language line "mynt_buy_taobao"
ERROR - 2017-07-17 09:10:56 --> Could not find the language line "mynt_buy_tmall"
ERROR - 2017-07-17 09:10:56 --> Could not find the language line "mynt_buy_jd"
ERROR - 2017-07-17 09:10:57 --> Could not find the language line "mynt_buy_taobao"
ERROR - 2017-07-17 09:10:57 --> Could not find the language line "mynt_buy_tmall"
ERROR - 2017-07-17 09:10:57 --> Could not find the language line "mynt_buy_jd"
ERROR - 2017-07-17 09:10:59 --> Could not find the language line "mynt_buy_taobao"
ERROR - 2017-07-17 09:10:59 --> Could not find the language line "mynt_buy_tmall"
ERROR - 2017-07-17 09:10:59 --> Could not find the language line "mynt_buy_jd"
ERROR - 2017-07-17 09:11:10 --> Could not find the language line "mynt_buy_taobao"
ERROR - 2017-07-17 09:11:10 --> Could not find the language line "mynt_buy_tmall"
ERROR - 2017-07-17 09:11:10 --> Could not find the language line "mynt_buy_jd"
ERROR - 2017-07-17 09:11:12 --> Could not find the language line "mynt_buy_taobao"
ERROR - 2017-07-17 09:11:12 --> Could not find the language line "mynt_buy_tmall"
ERROR - 2017-07-17 09:11:12 --> Could not find the language line "mynt_buy_jd"
ERROR - 2017-07-17 09:11:27 --> Could not find the language line "mynt_buy_taobao"
ERROR - 2017-07-17 09:11:27 --> Could not find the language line "mynt_buy_tmall"
ERROR - 2017-07-17 09:11:27 --> Could not find the language line "mynt_buy_jd"
ERROR - 2017-07-17 09:11:29 --> Could not find the language line "mynt_buy_taobao"
ERROR - 2017-07-17 09:11:29 --> Could not find the language line "mynt_buy_tmall"
ERROR - 2017-07-17 09:11:29 --> Could not find the language line "mynt_buy_jd"
ERROR - 2017-07-17 09:11:57 --> Could not find the language line "mynt_buy_taobao"
ERROR - 2017-07-17 09:11:57 --> Could not find the language line "mynt_buy_tmall"
ERROR - 2017-07-17 09:11:57 --> Could not find the language line "mynt_buy_jd"
ERROR - 2017-07-17 09:11:59 --> Could not find the language line "mynt_buy_taobao"
ERROR - 2017-07-17 09:11:59 --> Could not find the language line "mynt_buy_tmall"
ERROR - 2017-07-17 09:11:59 --> Could not find the language line "mynt_buy_jd"
ERROR - 2017-07-17 09:12:01 --> Could not find the language line "mynt_buy_taobao"
ERROR - 2017-07-17 09:12:01 --> Could not find the language line "mynt_buy_tmall"
ERROR - 2017-07-17 09:12:01 --> Could not find the language line "mynt_buy_jd"
ERROR - 2017-07-17 09:12:01 --> Could not find the language line "mynt_buy_taobao"
ERROR - 2017-07-17 09:12:01 --> Could not find the language line "mynt_buy_tmall"
ERROR - 2017-07-17 09:12:01 --> Could not find the language line "mynt_buy_jd"
ERROR - 2017-07-17 09:12:02 --> Could not find the language line "mynt_buy_taobao"
ERROR - 2017-07-17 09:12:02 --> Could not find the language line "mynt_buy_tmall"
ERROR - 2017-07-17 09:12:02 --> Could not find the language line "mynt_buy_jd"
ERROR - 2017-07-17 09:12:11 --> Could not find the language line "mynt_buy_taobao"
ERROR - 2017-07-17 09:12:11 --> Could not find the language line "mynt_buy_tmall"
ERROR - 2017-07-17 09:12:11 --> Could not find the language line "mynt_buy_jd"
ERROR - 2017-07-17 09:12:13 --> Could not find the language line "mynt_buy_taobao"
ERROR - 2017-07-17 09:12:13 --> Could not find the language line "mynt_buy_tmall"
ERROR - 2017-07-17 09:12:13 --> Could not find the language line "mynt_buy_jd"
ERROR - 2017-07-17 09:12:54 --> Could not find the language line "mynt_buy_taobao"
ERROR - 2017-07-17 09:12:54 --> Could not find the language line "mynt_buy_tmall"
ERROR - 2017-07-17 09:12:54 --> Could not find the language line "mynt_buy_jd"
ERROR - 2017-07-17 09:13:15 --> Could not find the language line "mynt_buy_taobao"
ERROR - 2017-07-17 09:13:15 --> Could not find the language line "mynt_buy_tmall"
ERROR - 2017-07-17 09:13:15 --> Could not find the language line "mynt_buy_jd"
ERROR - 2017-07-17 09:13:37 --> Could not find the language line "mynt_buy_taobao"
ERROR - 2017-07-17 09:13:37 --> Could not find the language line "mynt_buy_tmall"
ERROR - 2017-07-17 09:13:37 --> Could not find the language line "mynt_buy_jd"
ERROR - 2017-07-17 09:13:39 --> Could not find the language line "mynt_buy_taobao"
ERROR - 2017-07-17 09:13:39 --> Could not find the language line "mynt_buy_tmall"
ERROR - 2017-07-17 09:13:39 --> Could not find the language line "mynt_buy_jd"
ERROR - 2017-07-17 09:18:04 --> Could not find the language line "mynt_buy_taobao"
ERROR - 2017-07-17 09:18:04 --> Could not find the language line "mynt_buy_tmall"
ERROR - 2017-07-17 09:18:04 --> Could not find the language line "mynt_buy_jd"
ERROR - 2017-07-17 09:18:11 --> Could not find the language line "mynt_buy_taobao"
ERROR - 2017-07-17 09:18:11 --> Could not find the language line "mynt_buy_tmall"
ERROR - 2017-07-17 09:18:11 --> Could not find the language line "mynt_buy_jd"
ERROR - 2017-07-17 09:18:13 --> Could not find the language line "mynt_buy_taobao"
ERROR - 2017-07-17 09:18:13 --> Could not find the language line "mynt_buy_tmall"
ERROR - 2017-07-17 09:18:13 --> Could not find the language line "mynt_buy_jd"
ERROR - 2017-07-17 09:20:05 --> Could not find the language line "mynt_buy_taobao"
ERROR - 2017-07-17 09:20:05 --> Could not find the language line "mynt_buy_tmall"
ERROR - 2017-07-17 09:20:05 --> Could not find the language line "mynt_buy_jd"
ERROR - 2017-07-17 09:20:16 --> Could not find the language line "mynt_buy_taobao"
ERROR - 2017-07-17 09:20:16 --> Could not find the language line "mynt_buy_tmall"
ERROR - 2017-07-17 09:20:16 --> Could not find the language line "mynt_buy_jd"
ERROR - 2017-07-17 09:20:23 --> Could not find the language line "mynt_buy_taobao"
ERROR - 2017-07-17 09:20:23 --> Could not find the language line "mynt_buy_tmall"
ERROR - 2017-07-17 09:20:23 --> Could not find the language line "mynt_buy_jd"
ERROR - 2017-07-17 09:20:23 --> Could not find the language line "mynt_buy_taobao"
ERROR - 2017-07-17 09:20:23 --> Could not find the language line "mynt_buy_tmall"
ERROR - 2017-07-17 09:20:23 --> Could not find the language line "mynt_buy_jd"
ERROR - 2017-07-17 09:20:25 --> Could not find the language line "mynt_buy_taobao"
ERROR - 2017-07-17 09:20:25 --> Could not find the language line "mynt_buy_tmall"
ERROR - 2017-07-17 09:20:25 --> Could not find the language line "mynt_buy_jd"
ERROR - 2017-07-17 09:23:29 --> Could not find the language line "mynt_buy_taobao"
ERROR - 2017-07-17 09:23:29 --> Could not find the language line "mynt_buy_tmall"
ERROR - 2017-07-17 09:23:29 --> Could not find the language line "mynt_buy_jd"
ERROR - 2017-07-17 09:23:36 --> Could not find the language line "mynt_buy_taobao"
ERROR - 2017-07-17 09:23:36 --> Could not find the language line "mynt_buy_tmall"
ERROR - 2017-07-17 09:23:36 --> Could not find the language line "mynt_buy_jd"
ERROR - 2017-07-17 09:23:38 --> Could not find the language line "mynt_buy_taobao"
ERROR - 2017-07-17 09:23:38 --> Could not find the language line "mynt_buy_tmall"
ERROR - 2017-07-17 09:23:38 --> Could not find the language line "mynt_buy_jd"
ERROR - 2017-07-17 09:23:50 --> Could not find the language line "mynt_buy_taobao"
ERROR - 2017-07-17 09:23:50 --> Could not find the language line "mynt_buy_tmall"
ERROR - 2017-07-17 09:23:50 --> Could not find the language line "mynt_buy_jd"
ERROR - 2017-07-17 09:23:52 --> Could not find the language line "mynt_buy_taobao"
ERROR - 2017-07-17 09:23:52 --> Could not find the language line "mynt_buy_tmall"
ERROR - 2017-07-17 09:23:52 --> Could not find the language line "mynt_buy_jd"
ERROR - 2017-07-17 09:30:42 --> Could not find the language line "mynt_buy_taobao"
ERROR - 2017-07-17 09:30:42 --> Could not find the language line "mynt_buy_tmall"
ERROR - 2017-07-17 09:30:42 --> Could not find the language line "mynt_buy_jd"
ERROR - 2017-07-17 09:30:44 --> Could not find the language line "mynt_buy_taobao"
ERROR - 2017-07-17 09:30:44 --> Could not find the language line "mynt_buy_tmall"
ERROR - 2017-07-17 09:30:44 --> Could not find the language line "mynt_buy_jd"
ERROR - 2017-07-17 09:30:51 --> Could not find the language line "mynt_buy_taobao"
ERROR - 2017-07-17 09:30:51 --> Could not find the language line "mynt_buy_tmall"
ERROR - 2017-07-17 09:30:51 --> Could not find the language line "mynt_buy_jd"
ERROR - 2017-07-17 13:47:44 --> Could not find the language line "mynt_buy_taobao"
ERROR - 2017-07-17 13:47:44 --> Could not find the language line "mynt_buy_tmall"
ERROR - 2017-07-17 13:47:44 --> Could not find the language line "mynt_buy_jd"
ERROR - 2017-07-17 13:47:44 --> Could not find the language line "mynt_icon_taobao"
ERROR - 2017-07-17 13:47:44 --> Could not find the language line "mynt_icon_tmall"
ERROR - 2017-07-17 13:47:44 --> Could not find the language line "mynt_icon_youzan"
ERROR - 2017-07-17 13:47:44 --> Could not find the language line "mynt_icon_jd"
ERROR - 2017-07-17 13:47:44 --> Could not find the language line "mynt_jd_detail"
ERROR - 2017-07-17 13:47:44 --> Could not find the language line "to_buy_wd"
ERROR - 2017-07-17 13:47:44 --> Could not find the language line "slightech_wechat"
ERROR - 2017-07-17 13:47:44 --> Could not find the language line "camera_no_lost"
ERROR - 2017-07-17 13:47:44 --> Could not find the language line "key_no_lost"
ERROR - 2017-07-17 13:47:44 --> Could not find the language line "bag_no_lost"
ERROR - 2017-07-17 13:47:44 --> Could not find the language line "computer_no_lost"
ERROR - 2017-07-17 13:47:44 --> Could not find the language line "pet_no_lost"
ERROR - 2017-07-17 13:47:44 --> Could not find the language line "goal"
ERROR - 2017-07-17 13:47:44 --> Could not find the language line "fund_title"
ERROR - 2017-07-17 13:47:44 --> Could not find the language line "fund_intro"
ERROR - 2017-07-17 13:47:52 --> Could not find the language line "mynt_buy_taobao"
ERROR - 2017-07-17 13:47:52 --> Could not find the language line "mynt_buy_tmall"
ERROR - 2017-07-17 13:47:52 --> Could not find the language line "mynt_buy_jd"
ERROR - 2017-07-17 13:48:22 --> Could not find the language line "mynt_buy_taobao"
ERROR - 2017-07-17 13:48:22 --> Could not find the language line "mynt_buy_tmall"
ERROR - 2017-07-17 13:48:22 --> Could not find the language line "mynt_buy_jd"
ERROR - 2017-07-17 13:51:10 --> Could not find the language line "mynt_buy_taobao"
ERROR - 2017-07-17 13:51:10 --> Could not find the language line "mynt_buy_tmall"
ERROR - 2017-07-17 13:51:10 --> Could not find the language line "mynt_buy_jd"
ERROR - 2017-07-17 13:51:39 --> Could not find the language line "mynt_buy_taobao"
ERROR - 2017-07-17 13:51:39 --> Could not find the language line "mynt_buy_tmall"
ERROR - 2017-07-17 13:51:39 --> Could not find the language line "mynt_buy_jd"
ERROR - 2017-07-17 13:51:40 --> Could not find the language line "mynt_buy_taobao"
ERROR - 2017-07-17 13:51:40 --> Could not find the language line "mynt_buy_tmall"
ERROR - 2017-07-17 13:51:40 --> Could not find the language line "mynt_buy_jd"
ERROR - 2017-07-17 13:51:41 --> 404 Page Not Found: Mynt/mgps
ERROR - 2017-07-17 13:52:03 --> Could not find the language line "mynt_buy_taobao"
ERROR - 2017-07-17 13:52:03 --> Could not find the language line "mynt_buy_tmall"
ERROR - 2017-07-17 13:52:03 --> Could not find the language line "mynt_buy_jd"
ERROR - 2017-07-17 13:52:44 --> Could not find the language line "mynt_buy_taobao"
ERROR - 2017-07-17 13:52:44 --> Could not find the language line "mynt_buy_tmall"
ERROR - 2017-07-17 13:52:44 --> Could not find the language line "mynt_buy_jd"
ERROR - 2017-07-17 13:52:50 --> Could not find the language line "mynt_buy_taobao"
ERROR - 2017-07-17 13:52:50 --> Could not find the language line "mynt_buy_tmall"
ERROR - 2017-07-17 13:52:50 --> Could not find the language line "mynt_buy_jd"
ERROR - 2017-07-17 13:52:52 --> 404 Page Not Found: Mynt/mgps
ERROR - 2017-07-17 13:52:57 --> 404 Page Not Found: Mynt/mgps
ERROR - 2017-07-17 13:53:01 --> Could not find the language line "mynt_buy_taobao"
ERROR - 2017-07-17 13:53:01 --> Could not find the language line "mynt_buy_tmall"
ERROR - 2017-07-17 13:53:01 --> Could not find the language line "mynt_buy_jd"
ERROR - 2017-07-17 13:53:01 --> Could not find the language line "mynt_buy_taobao"
ERROR - 2017-07-17 13:53:01 --> Could not find the language line "mynt_buy_tmall"
ERROR - 2017-07-17 13:53:01 --> Could not find the language line "mynt_buy_jd"
ERROR - 2017-07-17 13:53:02 --> Could not find the language line "mynt_buy_taobao"
ERROR - 2017-07-17 13:53:02 --> Could not find the language line "mynt_buy_tmall"
ERROR - 2017-07-17 13:53:02 --> Could not find the language line "mynt_buy_jd"
ERROR - 2017-07-17 13:53:02 --> Could not find the language line "mynt_buy_taobao"
ERROR - 2017-07-17 13:53:02 --> Could not find the language line "mynt_buy_tmall"
ERROR - 2017-07-17 13:53:02 --> Could not find the language line "mynt_buy_jd"
ERROR - 2017-07-17 13:53:02 --> Could not find the language line "mynt_buy_taobao"
ERROR - 2017-07-17 13:53:02 --> Could not find the language line "mynt_buy_tmall"
ERROR - 2017-07-17 13:53:02 --> Could not find the language line "mynt_buy_jd"
ERROR - 2017-07-17 13:53:03 --> Could not find the language line "mynt_buy_taobao"
ERROR - 2017-07-17 13:53:03 --> Could not find the language line "mynt_buy_tmall"
ERROR - 2017-07-17 13:53:03 --> Could not find the language line "mynt_buy_jd"
ERROR - 2017-07-17 13:53:03 --> Could not find the language line "mynt_buy_taobao"
ERROR - 2017-07-17 13:53:03 --> Could not find the language line "mynt_buy_tmall"
ERROR - 2017-07-17 13:53:03 --> Could not find the language line "mynt_buy_jd"
ERROR - 2017-07-17 13:53:03 --> Could not find the language line "mynt_buy_taobao"
ERROR - 2017-07-17 13:53:03 --> Could not find the language line "mynt_buy_tmall"
ERROR - 2017-07-17 13:53:03 --> Could not find the language line "mynt_buy_jd"
ERROR - 2017-07-17 13:53:04 --> Could not find the language line "mynt_buy_taobao"
ERROR - 2017-07-17 13:53:04 --> Could not find the language line "mynt_buy_tmall"
ERROR - 2017-07-17 13:53:04 --> Could not find the language line "mynt_buy_jd"
ERROR - 2017-07-17 13:53:04 --> Could not find the language line "mynt_buy_taobao"
ERROR - 2017-07-17 13:53:04 --> Could not find the language line "mynt_buy_tmall"
ERROR - 2017-07-17 13:53:04 --> Could not find the language line "mynt_buy_jd"
ERROR - 2017-07-17 13:53:04 --> Could not find the language line "mynt_buy_taobao"
ERROR - 2017-07-17 13:53:04 --> Could not find the language line "mynt_buy_tmall"
ERROR - 2017-07-17 13:53:04 --> Could not find the language line "mynt_buy_jd"
ERROR - 2017-07-17 13:53:04 --> Could not find the language line "mynt_buy_taobao"
ERROR - 2017-07-17 13:53:04 --> Could not find the language line "mynt_buy_tmall"
ERROR - 2017-07-17 13:53:04 --> Could not find the language line "mynt_buy_jd"
ERROR - 2017-07-17 13:53:05 --> Could not find the language line "mynt_buy_taobao"
ERROR - 2017-07-17 13:53:05 --> Could not find the language line "mynt_buy_tmall"
ERROR - 2017-07-17 13:53:05 --> Could not find the language line "mynt_buy_jd"
ERROR - 2017-07-17 13:53:05 --> Could not find the language line "mynt_buy_taobao"
ERROR - 2017-07-17 13:53:05 --> Could not find the language line "mynt_buy_tmall"
ERROR - 2017-07-17 13:53:05 --> Could not find the language line "mynt_buy_jd"
ERROR - 2017-07-17 13:53:07 --> Could not find the language line "mynt_buy_taobao"
ERROR - 2017-07-17 13:53:07 --> Could not find the language line "mynt_buy_tmall"
ERROR - 2017-07-17 13:53:07 --> Could not find the language line "mynt_buy_jd"
ERROR - 2017-07-17 13:53:52 --> 404 Page Not Found: Es/mynt
ERROR - 2017-07-17 13:54:02 --> 404 Page Not Found: Es/mynt
ERROR - 2017-07-17 13:54:21 --> Could not find the language line "mynt_buy_taobao"
ERROR - 2017-07-17 13:54:21 --> Could not find the language line "mynt_buy_tmall"
ERROR - 2017-07-17 13:54:21 --> Could not find the language line "mynt_buy_jd"
ERROR - 2017-07-17 13:54:24 --> Could not find the language line "mynt_buy_taobao"
ERROR - 2017-07-17 13:54:24 --> Could not find the language line "mynt_buy_tmall"
ERROR - 2017-07-17 13:54:24 --> Could not find the language line "mynt_buy_jd"
ERROR - 2017-07-17 13:54:28 --> Could not find the language line "mynt_buy_taobao"
ERROR - 2017-07-17 13:54:28 --> Could not find the language line "mynt_buy_tmall"
ERROR - 2017-07-17 13:54:28 --> Could not find the language line "mynt_buy_jd"
ERROR - 2017-07-17 13:56:50 --> Could not find the language line "mynt_buy_taobao"
ERROR - 2017-07-17 13:56:50 --> Could not find the language line "mynt_buy_tmall"
ERROR - 2017-07-17 13:56:50 --> Could not find the language line "mynt_buy_jd"
ERROR - 2017-07-17 13:56:54 --> Could not find the language line "mynt_buy_taobao"
ERROR - 2017-07-17 13:56:54 --> Could not find the language line "mynt_buy_tmall"
ERROR - 2017-07-17 13:56:54 --> Could not find the language line "mynt_buy_jd"
ERROR - 2017-07-17 13:56:58 --> 404 Page Not Found: Es/mynt
ERROR - 2017-07-17 13:57:01 --> 404 Page Not Found: Es/mynt
ERROR - 2017-07-17 13:57:03 --> 404 Page Not Found: Es/mynt
ERROR - 2017-07-17 13:57:11 --> 404 Page Not Found: Es/mynt
ERROR - 2017-07-17 13:57:12 --> 404 Page Not Found: Es/mynt
ERROR - 2017-07-17 13:58:13 --> Could not find the language line "mynt_buy_taobao"
ERROR - 2017-07-17 13:58:13 --> Could not find the language line "mynt_buy_tmall"
ERROR - 2017-07-17 13:58:13 --> Could not find the language line "mynt_buy_jd"
ERROR - 2017-07-17 13:59:59 --> Could not find the language line "mynt_buy_taobao"
ERROR - 2017-07-17 13:59:59 --> Could not find the language line "mynt_buy_tmall"
ERROR - 2017-07-17 13:59:59 --> Could not find the language line "mynt_buy_jd"
ERROR - 2017-07-17 14:00:00 --> Could not find the language line "mynt_buy_taobao"
ERROR - 2017-07-17 14:00:00 --> Could not find the language line "mynt_buy_tmall"
ERROR - 2017-07-17 14:00:00 --> Could not find the language line "mynt_buy_jd"
ERROR - 2017-07-17 14:00:04 --> Could not find the language line "mynt_buy_taobao"
ERROR - 2017-07-17 14:00:04 --> Could not find the language line "mynt_buy_tmall"
ERROR - 2017-07-17 14:00:04 --> Could not find the language line "mynt_buy_jd"
ERROR - 2017-07-17 14:00:06 --> Could not find the language line "mynt_buy_taobao"
ERROR - 2017-07-17 14:00:06 --> Could not find the language line "mynt_buy_tmall"
ERROR - 2017-07-17 14:00:06 --> Could not find the language line "mynt_buy_jd"
ERROR - 2017-07-17 14:00:11 --> 404 Page Not Found: Es/mynt
ERROR - 2017-07-17 14:00:12 --> 404 Page Not Found: Es/mynt
ERROR - 2017-07-17 14:00:14 --> 404 Page Not Found: Es/mynt
ERROR - 2017-07-17 14:05:55 --> Could not find the language line "mynt_buy_taobao"
ERROR - 2017-07-17 14:05:55 --> Could not find the language line "mynt_buy_tmall"
ERROR - 2017-07-17 14:05:55 --> Could not find the language line "mynt_buy_jd"
ERROR - 2017-07-17 14:05:56 --> Could not find the language line "mynt_buy_taobao"
ERROR - 2017-07-17 14:05:56 --> Could not find the language line "mynt_buy_tmall"
ERROR - 2017-07-17 14:05:56 --> Could not find the language line "mynt_buy_jd"
ERROR - 2017-07-17 14:05:57 --> 404 Page Not Found: Es/mynt
ERROR - 2017-07-17 14:06:22 --> Could not find the language line "mynt_buy_taobao"
ERROR - 2017-07-17 14:06:22 --> Could not find the language line "mynt_buy_tmall"
ERROR - 2017-07-17 14:06:22 --> Could not find the language line "mynt_buy_jd"
ERROR - 2017-07-17 14:06:24 --> 404 Page Not Found: Es/mynt
ERROR - 2017-07-17 14:07:48 --> 404 Page Not Found: Es/mynt
ERROR - 2017-07-17 14:08:20 --> 404 Page Not Found: Es/mynt
ERROR - 2017-07-17 14:08:31 --> Could not find the language line "mynt_buy_taobao"
ERROR - 2017-07-17 14:08:31 --> Could not find the language line "mynt_buy_tmall"
ERROR - 2017-07-17 14:08:31 --> Could not find the language line "mynt_buy_jd"
ERROR - 2017-07-17 14:08:33 --> 404 Page Not Found: Es/mynt
ERROR - 2017-07-17 14:08:33 --> 404 Page Not Found: Es/mynt
ERROR - 2017-07-17 14:08:41 --> Could not find the language line "mynt_buy_taobao"
ERROR - 2017-07-17 14:08:41 --> Could not find the language line "mynt_buy_tmall"
ERROR - 2017-07-17 14:08:41 --> Could not find the language line "mynt_buy_jd"
ERROR - 2017-07-17 14:08:42 --> Could not find the language line "mynt_buy_taobao"
ERROR - 2017-07-17 14:08:42 --> Could not find the language line "mynt_buy_tmall"
ERROR - 2017-07-17 14:08:42 --> Could not find the language line "mynt_buy_jd"
ERROR - 2017-07-17 14:08:42 --> Could not find the language line "mynt_buy_taobao"
ERROR - 2017-07-17 14:08:42 --> Could not find the language line "mynt_buy_tmall"
ERROR - 2017-07-17 14:08:42 --> Could not find the language line "mynt_buy_jd"
ERROR - 2017-07-17 14:08:43 --> Could not find the language line "mynt_buy_taobao"
ERROR - 2017-07-17 14:08:43 --> Could not find the language line "mynt_buy_tmall"
ERROR - 2017-07-17 14:08:43 --> Could not find the language line "mynt_buy_jd"
ERROR - 2017-07-17 14:08:43 --> Could not find the language line "mynt_buy_taobao"
ERROR - 2017-07-17 14:08:43 --> Could not find the language line "mynt_buy_tmall"
ERROR - 2017-07-17 14:08:43 --> Could not find the language line "mynt_buy_jd"
ERROR - 2017-07-17 14:08:43 --> Could not find the language line "mynt_buy_taobao"
ERROR - 2017-07-17 14:08:43 --> Could not find the language line "mynt_buy_tmall"
ERROR - 2017-07-17 14:08:43 --> Could not find the language line "mynt_buy_jd"
ERROR - 2017-07-17 14:08:43 --> Could not find the language line "mynt_buy_taobao"
ERROR - 2017-07-17 14:08:43 --> Could not find the language line "mynt_buy_tmall"
ERROR - 2017-07-17 14:08:43 --> Could not find the language line "mynt_buy_jd"
ERROR - 2017-07-17 14:08:45 --> Could not find the language line "mynt_buy_taobao"
ERROR - 2017-07-17 14:08:45 --> Could not find the language line "mynt_buy_tmall"
ERROR - 2017-07-17 14:08:45 --> Could not find the language line "mynt_buy_jd"
ERROR - 2017-07-17 14:08:52 --> Could not find the language line "mynt_buy_taobao"
ERROR - 2017-07-17 14:08:52 --> Could not find the language line "mynt_buy_tmall"
ERROR - 2017-07-17 14:08:52 --> Could not find the language line "mynt_buy_jd"
ERROR - 2017-07-17 14:08:52 --> Could not find the language line "mynt_buy_taobao"
ERROR - 2017-07-17 14:08:52 --> Could not find the language line "mynt_buy_tmall"
ERROR - 2017-07-17 14:08:52 --> Could not find the language line "mynt_buy_jd"
ERROR - 2017-07-17 14:08:54 --> Could not find the language line "mynt_buy_taobao"
ERROR - 2017-07-17 14:08:54 --> Could not find the language line "mynt_buy_tmall"
ERROR - 2017-07-17 14:08:54 --> Could not find the language line "mynt_buy_jd"
ERROR - 2017-07-17 14:10:31 --> Could not find the language line "mynt_buy_taobao"
ERROR - 2017-07-17 14:10:31 --> Could not find the language line "mynt_buy_tmall"
ERROR - 2017-07-17 14:10:31 --> Could not find the language line "mynt_buy_jd"
ERROR - 2017-07-17 14:10:32 --> Could not find the language line "mynt_buy_taobao"
ERROR - 2017-07-17 14:10:32 --> Could not find the language line "mynt_buy_tmall"
ERROR - 2017-07-17 14:10:32 --> Could not find the language line "mynt_buy_jd"
ERROR - 2017-07-17 14:14:28 --> Could not find the language line "mynt_buy_taobao"
ERROR - 2017-07-17 14:14:28 --> Could not find the language line "mynt_buy_tmall"
ERROR - 2017-07-17 14:14:28 --> Could not find the language line "mynt_buy_jd"
ERROR - 2017-07-17 14:14:30 --> Could not find the language line "mynt_buy_taobao"
ERROR - 2017-07-17 14:14:30 --> Could not find the language line "mynt_buy_tmall"
ERROR - 2017-07-17 14:14:30 --> Could not find the language line "mynt_buy_jd"
ERROR - 2017-07-17 14:14:30 --> Could not find the language line "mynt_buy_taobao"
ERROR - 2017-07-17 14:14:30 --> Could not find the language line "mynt_buy_tmall"
ERROR - 2017-07-17 14:14:30 --> Could not find the language line "mynt_buy_jd"
ERROR - 2017-07-17 14:14:31 --> Could not find the language line "mynt_buy_taobao"
ERROR - 2017-07-17 14:14:31 --> Could not find the language line "mynt_buy_tmall"
ERROR - 2017-07-17 14:14:31 --> Could not find the language line "mynt_buy_jd"
ERROR - 2017-07-17 14:14:31 --> Could not find the language line "mynt_buy_taobao"
ERROR - 2017-07-17 14:14:31 --> Could not find the language line "mynt_buy_tmall"
ERROR - 2017-07-17 14:14:31 --> Could not find the language line "mynt_buy_jd"
ERROR - 2017-07-17 14:14:32 --> Could not find the language line "mynt_buy_taobao"
ERROR - 2017-07-17 14:14:32 --> Could not find the language line "mynt_buy_tmall"
ERROR - 2017-07-17 14:14:32 --> Could not find the language line "mynt_buy_jd"
ERROR - 2017-07-17 14:14:32 --> Could not find the language line "mynt_buy_taobao"
ERROR - 2017-07-17 14:14:32 --> Could not find the language line "mynt_buy_tmall"
ERROR - 2017-07-17 14:14:32 --> Could not find the language line "mynt_buy_jd"
ERROR - 2017-07-17 14:14:34 --> Could not find the language line "mynt_buy_taobao"
ERROR - 2017-07-17 14:14:34 --> Could not find the language line "mynt_buy_tmall"
ERROR - 2017-07-17 14:14:34 --> Could not find the language line "mynt_buy_jd"
ERROR - 2017-07-17 14:16:16 --> Could not find the language line "mynt_buy_taobao"
ERROR - 2017-07-17 14:16:16 --> Could not find the language line "mynt_buy_tmall"
ERROR - 2017-07-17 14:16:16 --> Could not find the language line "mynt_buy_jd"
ERROR - 2017-07-17 14:16:16 --> Could not find the language line "mynt_buy_taobao"
ERROR - 2017-07-17 14:16:16 --> Could not find the language line "mynt_buy_tmall"
ERROR - 2017-07-17 14:16:16 --> Could not find the language line "mynt_buy_jd"
ERROR - 2017-07-17 14:16:18 --> Could not find the language line "mynt_buy_taobao"
ERROR - 2017-07-17 14:16:18 --> Could not find the language line "mynt_buy_tmall"
ERROR - 2017-07-17 14:16:18 --> Could not find the language line "mynt_buy_jd"
ERROR - 2017-07-17 14:16:23 --> Could not find the language line "mynt_buy_taobao"
ERROR - 2017-07-17 14:16:23 --> Could not find the language line "mynt_buy_tmall"
ERROR - 2017-07-17 14:16:23 --> Could not find the language line "mynt_buy_jd"
ERROR - 2017-07-17 14:16:23 --> Could not find the language line "mynt_buy_taobao"
ERROR - 2017-07-17 14:16:23 --> Could not find the language line "mynt_buy_tmall"
ERROR - 2017-07-17 14:16:23 --> Could not find the language line "mynt_buy_jd"
ERROR - 2017-07-17 14:16:25 --> Could not find the language line "mynt_buy_taobao"
ERROR - 2017-07-17 14:16:25 --> Could not find the language line "mynt_buy_tmall"
ERROR - 2017-07-17 14:16:25 --> Could not find the language line "mynt_buy_jd"
ERROR - 2017-07-17 14:16:29 --> Could not find the language line "mynt_buy_taobao"
ERROR - 2017-07-17 14:16:29 --> Could not find the language line "mynt_buy_tmall"
ERROR - 2017-07-17 14:16:29 --> Could not find the language line "mynt_buy_jd"
ERROR - 2017-07-17 14:16:29 --> Could not find the language line "mynt_buy_taobao"
ERROR - 2017-07-17 14:16:29 --> Could not find the language line "mynt_buy_tmall"
ERROR - 2017-07-17 14:16:29 --> Could not find the language line "mynt_buy_jd"
ERROR - 2017-07-17 14:16:31 --> Could not find the language line "mynt_buy_taobao"
ERROR - 2017-07-17 14:16:31 --> Could not find the language line "mynt_buy_tmall"
ERROR - 2017-07-17 14:16:31 --> Could not find the language line "mynt_buy_jd"
ERROR - 2017-07-17 14:16:45 --> Could not find the language line "mynt_buy_taobao"
ERROR - 2017-07-17 14:16:45 --> Could not find the language line "mynt_buy_tmall"
ERROR - 2017-07-17 14:16:45 --> Could not find the language line "mynt_buy_jd"
ERROR - 2017-07-17 14:16:47 --> Could not find the language line "mynt_buy_taobao"
ERROR - 2017-07-17 14:16:47 --> Could not find the language line "mynt_buy_tmall"
ERROR - 2017-07-17 14:16:47 --> Could not find the language line "mynt_buy_jd"
ERROR - 2017-07-17 14:23:30 --> Could not find the language line "mynt_buy_taobao"
ERROR - 2017-07-17 14:23:30 --> Could not find the language line "mynt_buy_tmall"
ERROR - 2017-07-17 14:23:30 --> Could not find the language line "mynt_buy_jd"
ERROR - 2017-07-17 14:23:30 --> Could not find the language line "mynt_buy_taobao"
ERROR - 2017-07-17 14:23:30 --> Could not find the language line "mynt_buy_tmall"
ERROR - 2017-07-17 14:23:30 --> Could not find the language line "mynt_buy_jd"
ERROR - 2017-07-17 14:23:31 --> Could not find the language line "home_cloud_title"
ERROR - 2017-07-17 14:23:31 --> Could not find the language line "home_cloud_intro"
ERROR - 2017-07-17 14:23:31 --> Could not find the language line "mynt_buy_taobao"
ERROR - 2017-07-17 14:23:31 --> Could not find the language line "mynt_buy_tmall"
ERROR - 2017-07-17 14:23:31 --> Could not find the language line "mynt_buy_jd"
ERROR - 2017-07-17 14:23:43 --> Could not find the language line "mynt_buy_taobao"
ERROR - 2017-07-17 14:23:43 --> Could not find the language line "mynt_buy_tmall"
ERROR - 2017-07-17 14:23:43 --> Could not find the language line "mynt_buy_jd"
ERROR - 2017-07-17 14:23:56 --> Could not find the language line "mynt_buy_taobao"
ERROR - 2017-07-17 14:23:56 --> Could not find the language line "mynt_buy_tmall"
ERROR - 2017-07-17 14:23:56 --> Could not find the language line "mynt_buy_jd"
ERROR - 2017-07-17 14:24:00 --> Could not find the language line "mynt_buy_taobao"
ERROR - 2017-07-17 14:24:00 --> Could not find the language line "mynt_buy_tmall"
ERROR - 2017-07-17 14:24:00 --> Could not find the language line "mynt_buy_jd"
ERROR - 2017-07-17 14:31:27 --> Could not find the language line "mynt_buy_taobao"
ERROR - 2017-07-17 14:31:27 --> Could not find the language line "mynt_buy_tmall"
ERROR - 2017-07-17 14:31:27 --> Could not find the language line "mynt_buy_jd"
ERROR - 2017-07-17 14:32:48 --> Could not find the language line "mynt_buy_taobao"
ERROR - 2017-07-17 14:32:48 --> Could not find the language line "mynt_buy_tmall"
ERROR - 2017-07-17 14:32:48 --> Could not find the language line "mynt_buy_jd"
ERROR - 2017-07-17 14:32:50 --> Could not find the language line "mynt_buy_taobao"
ERROR - 2017-07-17 14:32:50 --> Could not find the language line "mynt_buy_tmall"
ERROR - 2017-07-17 14:32:50 --> Could not find the language line "mynt_buy_jd"
