ERROR - 2017-04-17 02:27:37 --> Could not find the language line "mynt_buy_taobao"
ERROR - 2017-04-17 02:27:37 --> Could not find the language line "mynt_buy_tmall"
ERROR - 2017-04-17 02:27:37 --> Could not find the language line "mynt_buy_youzan"
ERROR - 2017-04-17 02:27:37 --> Could not find the language line "mynt_buy_jd"
ERROR - 2017-04-17 02:27:37 --> Could not find the language line "home_cloud_title"
ERROR - 2017-04-17 02:27:37 --> Could not find the language line "home_cloud_intro"
ERROR - 2017-04-17 02:27:37 --> Could not find the language line "mynt_icon_taobao"
ERROR - 2017-04-17 02:27:37 --> Could not find the language line "mynt_icon_tmall"
ERROR - 2017-04-17 02:27:37 --> Could not find the language line "mynt_icon_youzan"
ERROR - 2017-04-17 02:27:40 --> Could not find the language line "mynt_buy_taobao"
ERROR - 2017-04-17 02:27:40 --> Could not find the language line "mynt_buy_tmall"
ERROR - 2017-04-17 02:27:40 --> Could not find the language line "mynt_buy_youzan"
ERROR - 2017-04-17 02:27:40 --> Could not find the language line "mynt_buy_jd"
ERROR - 2017-04-17 02:27:40 --> Could not find the language line "mynt_buy_taobao"
ERROR - 2017-04-17 02:27:40 --> Could not find the language line "mynt_buy_tmall"
ERROR - 2017-04-17 02:27:40 --> Could not find the language line "mynt_buy_youzan"
ERROR - 2017-04-17 02:27:40 --> Could not find the language line "mynt_buy_jd"
ERROR - 2017-04-17 02:27:40 --> Could not find the language line "mynt_buy_taobao"
ERROR - 2017-04-17 02:27:40 --> Could not find the language line "mynt_buy_tmall"
ERROR - 2017-04-17 02:27:40 --> Could not find the language line "mynt_buy_youzan"
ERROR - 2017-04-17 02:27:40 --> Could not find the language line "mynt_buy_jd"
ERROR - 2017-04-17 02:27:43 --> Could not find the language line "mynt_buy_taobao"
ERROR - 2017-04-17 02:27:43 --> Could not find the language line "mynt_buy_tmall"
ERROR - 2017-04-17 02:27:43 --> Could not find the language line "mynt_buy_youzan"
ERROR - 2017-04-17 02:27:43 --> Could not find the language line "mynt_buy_jd"
ERROR - 2017-04-17 02:27:49 --> Could not find the language line "mynt_buy_taobao"
ERROR - 2017-04-17 02:27:49 --> Could not find the language line "mynt_buy_tmall"
ERROR - 2017-04-17 02:27:49 --> Could not find the language line "mynt_buy_youzan"
ERROR - 2017-04-17 02:27:49 --> Could not find the language line "mynt_buy_jd"
ERROR - 2017-04-17 02:28:28 --> Could not find the language line "mynt_buy_taobao"
ERROR - 2017-04-17 02:28:28 --> Could not find the language line "mynt_buy_tmall"
ERROR - 2017-04-17 02:28:28 --> Could not find the language line "mynt_buy_youzan"
ERROR - 2017-04-17 02:28:28 --> Could not find the language line "mynt_buy_jd"
ERROR - 2017-04-17 02:28:34 --> Could not find the language line "mynt_buy_taobao"
ERROR - 2017-04-17 02:28:34 --> Could not find the language line "mynt_buy_tmall"
ERROR - 2017-04-17 02:28:34 --> Could not find the language line "mynt_buy_youzan"
ERROR - 2017-04-17 02:28:34 --> Could not find the language line "mynt_buy_jd"
ERROR - 2017-04-17 02:29:18 --> Could not find the language line "mynt_buy_taobao"
ERROR - 2017-04-17 02:29:18 --> Could not find the language line "mynt_buy_tmall"
ERROR - 2017-04-17 02:29:18 --> Could not find the language line "mynt_buy_youzan"
ERROR - 2017-04-17 02:29:18 --> Could not find the language line "mynt_buy_jd"
ERROR - 2017-04-17 02:29:33 --> Could not find the language line "mynt_buy_taobao"
ERROR - 2017-04-17 02:29:33 --> Could not find the language line "mynt_buy_tmall"
ERROR - 2017-04-17 02:29:33 --> Could not find the language line "mynt_buy_youzan"
ERROR - 2017-04-17 02:29:33 --> Could not find the language line "mynt_buy_jd"
ERROR - 2017-04-17 02:29:58 --> Could not find the language line "mynt_buy_taobao"
ERROR - 2017-04-17 02:29:58 --> Could not find the language line "mynt_buy_tmall"
ERROR - 2017-04-17 02:29:58 --> Could not find the language line "mynt_buy_youzan"
ERROR - 2017-04-17 02:29:58 --> Could not find the language line "mynt_buy_jd"
ERROR - 2017-04-17 02:30:23 --> Could not find the language line "mynt_buy_taobao"
ERROR - 2017-04-17 02:30:23 --> Could not find the language line "mynt_buy_tmall"
ERROR - 2017-04-17 02:30:23 --> Could not find the language line "mynt_buy_youzan"
ERROR - 2017-04-17 02:30:23 --> Could not find the language line "mynt_buy_jd"
ERROR - 2017-04-17 02:31:07 --> Could not find the language line "mynt_buy_taobao"
ERROR - 2017-04-17 02:31:07 --> Could not find the language line "mynt_buy_tmall"
ERROR - 2017-04-17 02:31:07 --> Could not find the language line "mynt_buy_youzan"
ERROR - 2017-04-17 02:31:07 --> Could not find the language line "mynt_buy_jd"
ERROR - 2017-04-17 02:31:12 --> Could not find the language line "mynt_buy_taobao"
ERROR - 2017-04-17 02:31:12 --> Could not find the language line "mynt_buy_tmall"
ERROR - 2017-04-17 02:31:12 --> Could not find the language line "mynt_buy_youzan"
ERROR - 2017-04-17 02:31:12 --> Could not find the language line "mynt_buy_jd"
ERROR - 2017-04-17 02:31:19 --> Could not find the language line "mynt_buy_taobao"
ERROR - 2017-04-17 02:31:19 --> Could not find the language line "mynt_buy_tmall"
ERROR - 2017-04-17 02:31:19 --> Could not find the language line "mynt_buy_youzan"
ERROR - 2017-04-17 02:31:19 --> Could not find the language line "mynt_buy_jd"
ERROR - 2017-04-17 02:32:14 --> Could not find the language line "mynt_buy_taobao"
ERROR - 2017-04-17 02:32:14 --> Could not find the language line "mynt_buy_tmall"
ERROR - 2017-04-17 02:32:14 --> Could not find the language line "mynt_buy_youzan"
ERROR - 2017-04-17 02:32:14 --> Could not find the language line "mynt_buy_jd"
ERROR - 2017-04-17 02:32:19 --> 404 Page Not Found: Page/2
ERROR - 2017-04-17 02:32:25 --> 404 Page Not Found: Page/2
ERROR - 2017-04-17 02:32:32 --> Could not find the language line "mynt_buy_taobao"
ERROR - 2017-04-17 02:32:32 --> Could not find the language line "mynt_buy_tmall"
ERROR - 2017-04-17 02:32:32 --> Could not find the language line "mynt_buy_youzan"
ERROR - 2017-04-17 02:32:32 --> Could not find the language line "mynt_buy_jd"
ERROR - 2017-04-17 02:32:50 --> Could not find the language line "mynt_buy_taobao"
ERROR - 2017-04-17 02:32:50 --> Could not find the language line "mynt_buy_tmall"
ERROR - 2017-04-17 02:32:50 --> Could not find the language line "mynt_buy_youzan"
ERROR - 2017-04-17 02:32:50 --> Could not find the language line "mynt_buy_jd"
ERROR - 2017-04-17 02:32:53 --> Could not find the language line "mynt_buy_taobao"
ERROR - 2017-04-17 02:32:53 --> Could not find the language line "mynt_buy_tmall"
ERROR - 2017-04-17 02:32:53 --> Could not find the language line "mynt_buy_youzan"
ERROR - 2017-04-17 02:32:53 --> Could not find the language line "mynt_buy_jd"
ERROR - 2017-04-17 02:33:14 --> Could not find the language line "mynt_buy_taobao"
ERROR - 2017-04-17 02:33:14 --> Could not find the language line "mynt_buy_tmall"
ERROR - 2017-04-17 02:33:14 --> Could not find the language line "mynt_buy_youzan"
ERROR - 2017-04-17 02:33:14 --> Could not find the language line "mynt_buy_jd"
ERROR - 2017-04-17 02:46:00 --> Could not find the language line "mynt_buy_taobao"
ERROR - 2017-04-17 02:46:00 --> Could not find the language line "mynt_buy_tmall"
ERROR - 2017-04-17 02:46:00 --> Could not find the language line "mynt_buy_youzan"
ERROR - 2017-04-17 02:46:00 --> Could not find the language line "mynt_buy_jd"
ERROR - 2017-04-17 02:46:02 --> Could not find the language line "mynt_buy_taobao"
ERROR - 2017-04-17 02:46:02 --> Could not find the language line "mynt_buy_tmall"
ERROR - 2017-04-17 02:46:02 --> Could not find the language line "mynt_buy_youzan"
ERROR - 2017-04-17 02:46:02 --> Could not find the language line "mynt_buy_jd"
ERROR - 2017-04-17 02:46:47 --> Could not find the language line "mynt_buy_taobao"
ERROR - 2017-04-17 02:46:47 --> Could not find the language line "mynt_buy_tmall"
ERROR - 2017-04-17 02:46:47 --> Could not find the language line "mynt_buy_youzan"
ERROR - 2017-04-17 02:46:47 --> Could not find the language line "mynt_buy_jd"
ERROR - 2017-04-17 02:52:15 --> Could not find the language line "mynt_buy_taobao"
ERROR - 2017-04-17 02:52:15 --> Could not find the language line "mynt_buy_tmall"
ERROR - 2017-04-17 02:52:15 --> Could not find the language line "mynt_buy_youzan"
ERROR - 2017-04-17 02:52:15 --> Could not find the language line "mynt_buy_jd"
ERROR - 2017-04-17 02:52:25 --> Could not find the language line "mynt_buy_taobao"
ERROR - 2017-04-17 02:52:25 --> Could not find the language line "mynt_buy_tmall"
ERROR - 2017-04-17 02:52:25 --> Could not find the language line "mynt_buy_youzan"
ERROR - 2017-04-17 02:52:25 --> Could not find the language line "mynt_buy_jd"
ERROR - 2017-04-17 02:52:29 --> Could not find the language line "mynt_buy_taobao"
ERROR - 2017-04-17 02:52:29 --> Could not find the language line "mynt_buy_tmall"
ERROR - 2017-04-17 02:52:29 --> Could not find the language line "mynt_buy_youzan"
ERROR - 2017-04-17 02:52:29 --> Could not find the language line "mynt_buy_jd"
ERROR - 2017-04-17 02:53:58 --> Could not find the language line "mynt_buy_taobao"
ERROR - 2017-04-17 02:53:58 --> Could not find the language line "mynt_buy_tmall"
ERROR - 2017-04-17 02:53:58 --> Could not find the language line "mynt_buy_youzan"
ERROR - 2017-04-17 02:53:58 --> Could not find the language line "mynt_buy_jd"
ERROR - 2017-04-17 02:54:44 --> Could not find the language line "mynt_buy_taobao"
ERROR - 2017-04-17 02:54:44 --> Could not find the language line "mynt_buy_tmall"
ERROR - 2017-04-17 02:54:44 --> Could not find the language line "mynt_buy_youzan"
ERROR - 2017-04-17 02:54:44 --> Could not find the language line "mynt_buy_jd"
ERROR - 2017-04-17 02:54:45 --> Could not find the language line "mynt_buy_taobao"
ERROR - 2017-04-17 02:54:45 --> Could not find the language line "mynt_buy_tmall"
ERROR - 2017-04-17 02:54:45 --> Could not find the language line "mynt_buy_youzan"
ERROR - 2017-04-17 02:54:45 --> Could not find the language line "mynt_buy_jd"
ERROR - 2017-04-17 02:55:58 --> Could not find the language line "mynt_buy_taobao"
ERROR - 2017-04-17 02:55:58 --> Could not find the language line "mynt_buy_tmall"
ERROR - 2017-04-17 02:55:58 --> Could not find the language line "mynt_buy_youzan"
ERROR - 2017-04-17 02:55:58 --> Could not find the language line "mynt_buy_jd"
ERROR - 2017-04-17 02:55:58 --> Could not find the language line "mynt_buy_taobao"
ERROR - 2017-04-17 02:55:58 --> Could not find the language line "mynt_buy_tmall"
ERROR - 2017-04-17 02:55:58 --> Could not find the language line "mynt_buy_youzan"
ERROR - 2017-04-17 02:55:58 --> Could not find the language line "mynt_buy_jd"
ERROR - 2017-04-17 03:00:30 --> 404 Page Not Found: Page/1
ERROR - 2017-04-17 03:01:22 --> Could not find the language line "mynt_buy_taobao"
ERROR - 2017-04-17 03:01:22 --> Could not find the language line "mynt_buy_tmall"
ERROR - 2017-04-17 03:01:22 --> Could not find the language line "mynt_buy_youzan"
ERROR - 2017-04-17 03:01:22 --> Could not find the language line "mynt_buy_jd"
ERROR - 2017-04-17 03:01:22 --> Could not find the language line "mynt_buy_taobao"
ERROR - 2017-04-17 03:01:22 --> Could not find the language line "mynt_buy_tmall"
ERROR - 2017-04-17 03:01:22 --> Could not find the language line "mynt_buy_youzan"
ERROR - 2017-04-17 03:01:22 --> Could not find the language line "mynt_buy_jd"
ERROR - 2017-04-17 03:01:40 --> Could not find the language line "mynt_buy_taobao"
ERROR - 2017-04-17 03:01:40 --> Could not find the language line "mynt_buy_tmall"
ERROR - 2017-04-17 03:01:40 --> Could not find the language line "mynt_buy_youzan"
ERROR - 2017-04-17 03:01:40 --> Could not find the language line "mynt_buy_jd"
ERROR - 2017-04-17 03:01:41 --> Could not find the language line "mynt_buy_taobao"
ERROR - 2017-04-17 03:01:41 --> Could not find the language line "mynt_buy_tmall"
ERROR - 2017-04-17 03:01:41 --> Could not find the language line "mynt_buy_youzan"
ERROR - 2017-04-17 03:01:41 --> Could not find the language line "mynt_buy_jd"
ERROR - 2017-04-17 03:02:00 --> Could not find the language line "mynt_buy_taobao"
ERROR - 2017-04-17 03:02:00 --> Could not find the language line "mynt_buy_tmall"
ERROR - 2017-04-17 03:02:00 --> Could not find the language line "mynt_buy_youzan"
ERROR - 2017-04-17 03:02:00 --> Could not find the language line "mynt_buy_jd"
ERROR - 2017-04-17 03:03:46 --> Could not find the language line "mynt_buy_taobao"
ERROR - 2017-04-17 03:03:46 --> Could not find the language line "mynt_buy_tmall"
ERROR - 2017-04-17 03:03:46 --> Could not find the language line "mynt_buy_youzan"
ERROR - 2017-04-17 03:03:46 --> Could not find the language line "mynt_buy_jd"
ERROR - 2017-04-17 03:03:47 --> Could not find the language line "mynt_buy_taobao"
ERROR - 2017-04-17 03:03:47 --> Could not find the language line "mynt_buy_tmall"
ERROR - 2017-04-17 03:03:47 --> Could not find the language line "mynt_buy_youzan"
ERROR - 2017-04-17 03:03:47 --> Could not find the language line "mynt_buy_jd"
ERROR - 2017-04-17 03:03:55 --> Could not find the language line "mynt_buy_taobao"
ERROR - 2017-04-17 03:03:55 --> Could not find the language line "mynt_buy_tmall"
ERROR - 2017-04-17 03:03:55 --> Could not find the language line "mynt_buy_youzan"
ERROR - 2017-04-17 03:03:55 --> Could not find the language line "mynt_buy_jd"
ERROR - 2017-04-17 03:06:19 --> Could not find the language line "mynt_buy_taobao"
ERROR - 2017-04-17 03:06:19 --> Could not find the language line "mynt_buy_tmall"
ERROR - 2017-04-17 03:06:19 --> Could not find the language line "mynt_buy_youzan"
ERROR - 2017-04-17 03:06:19 --> Could not find the language line "mynt_buy_jd"
ERROR - 2017-04-17 03:06:20 --> Could not find the language line "mynt_buy_taobao"
ERROR - 2017-04-17 03:06:20 --> Could not find the language line "mynt_buy_tmall"
ERROR - 2017-04-17 03:06:20 --> Could not find the language line "mynt_buy_youzan"
ERROR - 2017-04-17 03:06:20 --> Could not find the language line "mynt_buy_jd"
ERROR - 2017-04-17 03:12:14 --> Could not find the language line "mynt_buy_taobao"
ERROR - 2017-04-17 03:12:14 --> Could not find the language line "mynt_buy_tmall"
ERROR - 2017-04-17 03:12:14 --> Could not find the language line "mynt_buy_youzan"
ERROR - 2017-04-17 03:12:14 --> Could not find the language line "mynt_buy_jd"
ERROR - 2017-04-17 03:12:19 --> Could not find the language line "mynt_buy_taobao"
ERROR - 2017-04-17 03:12:19 --> Could not find the language line "mynt_buy_tmall"
ERROR - 2017-04-17 03:12:19 --> Could not find the language line "mynt_buy_youzan"
ERROR - 2017-04-17 03:12:19 --> Could not find the language line "mynt_buy_jd"
ERROR - 2017-04-17 03:12:50 --> Could not find the language line "mynt_buy_taobao"
ERROR - 2017-04-17 03:12:50 --> Could not find the language line "mynt_buy_tmall"
ERROR - 2017-04-17 03:12:50 --> Could not find the language line "mynt_buy_youzan"
ERROR - 2017-04-17 03:12:50 --> Could not find the language line "mynt_buy_jd"
ERROR - 2017-04-17 03:13:00 --> Could not find the language line "mynt_buy_taobao"
ERROR - 2017-04-17 03:13:00 --> Could not find the language line "mynt_buy_tmall"
ERROR - 2017-04-17 03:13:00 --> Could not find the language line "mynt_buy_youzan"
ERROR - 2017-04-17 03:13:00 --> Could not find the language line "mynt_buy_jd"
ERROR - 2017-04-17 03:14:32 --> Could not find the language line "mynt_buy_taobao"
ERROR - 2017-04-17 03:14:32 --> Could not find the language line "mynt_buy_tmall"
ERROR - 2017-04-17 03:14:32 --> Could not find the language line "mynt_buy_youzan"
ERROR - 2017-04-17 03:14:32 --> Could not find the language line "mynt_buy_jd"
ERROR - 2017-04-17 03:18:42 --> Could not find the language line "mynt_buy_taobao"
ERROR - 2017-04-17 03:18:42 --> Could not find the language line "mynt_buy_tmall"
ERROR - 2017-04-17 03:18:42 --> Could not find the language line "mynt_buy_youzan"
ERROR - 2017-04-17 03:18:42 --> Could not find the language line "mynt_buy_jd"
ERROR - 2017-04-17 03:18:51 --> Could not find the language line "mynt_buy_taobao"
ERROR - 2017-04-17 03:18:51 --> Could not find the language line "mynt_buy_tmall"
ERROR - 2017-04-17 03:18:51 --> Could not find the language line "mynt_buy_youzan"
ERROR - 2017-04-17 03:18:51 --> Could not find the language line "mynt_buy_jd"
ERROR - 2017-04-17 03:20:26 --> Could not find the language line "mynt_buy_taobao"
ERROR - 2017-04-17 03:20:26 --> Could not find the language line "mynt_buy_tmall"
ERROR - 2017-04-17 03:20:26 --> Could not find the language line "mynt_buy_youzan"
ERROR - 2017-04-17 03:20:26 --> Could not find the language line "mynt_buy_jd"
ERROR - 2017-04-17 03:21:48 --> Could not find the language line "mynt_buy_taobao"
ERROR - 2017-04-17 03:21:48 --> Could not find the language line "mynt_buy_tmall"
ERROR - 2017-04-17 03:21:48 --> Could not find the language line "mynt_buy_youzan"
ERROR - 2017-04-17 03:21:48 --> Could not find the language line "mynt_buy_jd"
ERROR - 2017-04-17 03:21:59 --> 404 Page Not Found: Cn/news
ERROR - 2017-04-17 03:22:01 --> 404 Page Not Found: Cn/news
ERROR - 2017-04-17 03:22:01 --> 404 Page Not Found: Cn/news
ERROR - 2017-04-17 03:22:02 --> 404 Page Not Found: Cn/news
ERROR - 2017-04-17 03:22:02 --> 404 Page Not Found: Cn/news
ERROR - 2017-04-17 03:22:02 --> 404 Page Not Found: Cn/news
ERROR - 2017-04-17 03:22:03 --> 404 Page Not Found: Cn/news
ERROR - 2017-04-17 03:22:04 --> 404 Page Not Found: Cn/news
ERROR - 2017-04-17 03:22:31 --> Could not find the language line "mynt_buy_taobao"
ERROR - 2017-04-17 03:22:31 --> Could not find the language line "mynt_buy_tmall"
ERROR - 2017-04-17 03:22:31 --> Could not find the language line "mynt_buy_youzan"
ERROR - 2017-04-17 03:22:31 --> Could not find the language line "mynt_buy_jd"
ERROR - 2017-04-17 03:26:14 --> 404 Page Not Found: Page/1
ERROR - 2017-04-17 03:47:59 --> Could not find the language line "mynt_buy_taobao"
ERROR - 2017-04-17 03:47:59 --> Could not find the language line "mynt_buy_tmall"
ERROR - 2017-04-17 03:47:59 --> Could not find the language line "mynt_buy_youzan"
ERROR - 2017-04-17 03:47:59 --> Could not find the language line "mynt_buy_jd"
ERROR - 2017-04-17 03:48:27 --> Could not find the language line "mynt_buy_taobao"
ERROR - 2017-04-17 03:48:27 --> Could not find the language line "mynt_buy_tmall"
ERROR - 2017-04-17 03:48:27 --> Could not find the language line "mynt_buy_youzan"
ERROR - 2017-04-17 03:48:27 --> Could not find the language line "mynt_buy_jd"
ERROR - 2017-04-17 03:48:27 --> Could not find the language line "mynt_buy_taobao"
ERROR - 2017-04-17 03:48:27 --> Could not find the language line "mynt_buy_tmall"
ERROR - 2017-04-17 03:48:27 --> Could not find the language line "mynt_buy_youzan"
ERROR - 2017-04-17 03:48:27 --> Could not find the language line "mynt_buy_jd"
ERROR - 2017-04-17 03:48:28 --> Could not find the language line "mynt_buy_taobao"
ERROR - 2017-04-17 03:48:28 --> Could not find the language line "mynt_buy_tmall"
ERROR - 2017-04-17 03:48:28 --> Could not find the language line "mynt_buy_youzan"
ERROR - 2017-04-17 03:48:28 --> Could not find the language line "mynt_buy_jd"
ERROR - 2017-04-17 03:48:29 --> Could not find the language line "mynt_buy_taobao"
ERROR - 2017-04-17 03:48:29 --> Could not find the language line "mynt_buy_tmall"
ERROR - 2017-04-17 03:48:29 --> Could not find the language line "mynt_buy_youzan"
ERROR - 2017-04-17 03:48:29 --> Could not find the language line "mynt_buy_jd"
ERROR - 2017-04-17 03:51:29 --> Could not find the language line "mynt_buy_taobao"
ERROR - 2017-04-17 03:51:29 --> Could not find the language line "mynt_buy_tmall"
ERROR - 2017-04-17 03:51:29 --> Could not find the language line "mynt_buy_youzan"
ERROR - 2017-04-17 03:51:29 --> Could not find the language line "mynt_buy_jd"
ERROR - 2017-04-17 03:52:21 --> Could not find the language line "mynt_buy_taobao"
ERROR - 2017-04-17 03:52:21 --> Could not find the language line "mynt_buy_tmall"
ERROR - 2017-04-17 03:52:21 --> Could not find the language line "mynt_buy_youzan"
ERROR - 2017-04-17 03:52:21 --> Could not find the language line "mynt_buy_jd"
ERROR - 2017-04-17 03:52:21 --> Could not find the language line "mynt_buy_taobao"
ERROR - 2017-04-17 03:52:21 --> Could not find the language line "mynt_buy_tmall"
ERROR - 2017-04-17 03:52:21 --> Could not find the language line "mynt_buy_youzan"
ERROR - 2017-04-17 03:52:21 --> Could not find the language line "mynt_buy_jd"
ERROR - 2017-04-17 03:52:50 --> Could not find the language line "mynt_buy_taobao"
ERROR - 2017-04-17 03:52:50 --> Could not find the language line "mynt_buy_tmall"
ERROR - 2017-04-17 03:52:50 --> Could not find the language line "mynt_buy_youzan"
ERROR - 2017-04-17 03:52:50 --> Could not find the language line "mynt_buy_jd"
ERROR - 2017-04-17 03:57:26 --> Could not find the language line "mynt_buy_taobao"
ERROR - 2017-04-17 03:57:26 --> Could not find the language line "mynt_buy_tmall"
ERROR - 2017-04-17 03:57:26 --> Could not find the language line "mynt_buy_youzan"
ERROR - 2017-04-17 03:57:26 --> Could not find the language line "mynt_buy_jd"
ERROR - 2017-04-17 03:57:27 --> Could not find the language line "mynt_buy_taobao"
ERROR - 2017-04-17 03:57:27 --> Could not find the language line "mynt_buy_tmall"
ERROR - 2017-04-17 03:57:27 --> Could not find the language line "mynt_buy_youzan"
ERROR - 2017-04-17 03:57:27 --> Could not find the language line "mynt_buy_jd"
ERROR - 2017-04-17 03:57:28 --> Could not find the language line "mynt_buy_taobao"
ERROR - 2017-04-17 03:57:28 --> Could not find the language line "mynt_buy_tmall"
ERROR - 2017-04-17 03:57:28 --> Could not find the language line "mynt_buy_youzan"
ERROR - 2017-04-17 03:57:28 --> Could not find the language line "mynt_buy_jd"
ERROR - 2017-04-17 03:57:28 --> Could not find the language line "mynt_buy_taobao"
ERROR - 2017-04-17 03:57:28 --> Could not find the language line "mynt_buy_tmall"
ERROR - 2017-04-17 03:57:28 --> Could not find the language line "mynt_buy_youzan"
ERROR - 2017-04-17 03:57:28 --> Could not find the language line "mynt_buy_jd"
ERROR - 2017-04-17 03:57:43 --> Could not find the language line "mynt_buy_taobao"
ERROR - 2017-04-17 03:57:43 --> Could not find the language line "mynt_buy_tmall"
ERROR - 2017-04-17 03:57:43 --> Could not find the language line "mynt_buy_youzan"
ERROR - 2017-04-17 03:57:43 --> Could not find the language line "mynt_buy_jd"
ERROR - 2017-04-17 03:57:50 --> Could not find the language line "mynt_buy_taobao"
ERROR - 2017-04-17 03:57:50 --> Could not find the language line "mynt_buy_tmall"
ERROR - 2017-04-17 03:57:50 --> Could not find the language line "mynt_buy_youzan"
ERROR - 2017-04-17 03:57:50 --> Could not find the language line "mynt_buy_jd"
ERROR - 2017-04-17 03:58:01 --> Could not find the language line "mynt_buy_taobao"
ERROR - 2017-04-17 03:58:01 --> Could not find the language line "mynt_buy_tmall"
ERROR - 2017-04-17 03:58:01 --> Could not find the language line "mynt_buy_youzan"
ERROR - 2017-04-17 03:58:01 --> Could not find the language line "mynt_buy_jd"
ERROR - 2017-04-17 03:58:07 --> Could not find the language line "mynt_buy_taobao"
ERROR - 2017-04-17 03:58:07 --> Could not find the language line "mynt_buy_tmall"
ERROR - 2017-04-17 03:58:07 --> Could not find the language line "mynt_buy_youzan"
ERROR - 2017-04-17 03:58:07 --> Could not find the language line "mynt_buy_jd"
ERROR - 2017-04-17 03:58:11 --> Could not find the language line "mynt_buy_taobao"
ERROR - 2017-04-17 03:58:11 --> Could not find the language line "mynt_buy_tmall"
ERROR - 2017-04-17 03:58:11 --> Could not find the language line "mynt_buy_youzan"
ERROR - 2017-04-17 03:58:11 --> Could not find the language line "mynt_buy_jd"
ERROR - 2017-04-17 03:58:15 --> Could not find the language line "mynt_buy_taobao"
ERROR - 2017-04-17 03:58:15 --> Could not find the language line "mynt_buy_tmall"
ERROR - 2017-04-17 03:58:15 --> Could not find the language line "mynt_buy_youzan"
ERROR - 2017-04-17 03:58:15 --> Could not find the language line "mynt_buy_jd"
