ERROR - 2016-10-11 04:00:27 --> Could not find the language line "mynt_buy_taobao"
ERROR - 2016-10-11 04:00:27 --> Could not find the language line "mynt_buy_tmall"
ERROR - 2016-10-11 04:00:27 --> Could not find the language line "mynt_buy_youzan"
ERROR - 2016-10-11 04:00:27 --> Could not find the language line "mynt_buy_jd"
ERROR - 2016-10-11 04:10:26 --> 404 Page Not Found: Uc_client/api
ERROR - 2016-10-11 04:10:26 --> 404 Page Not Found: Uc_client/api
ERROR - 2016-10-11 07:00:12 --> Could not find the language line "mynt_buy_taobao"
ERROR - 2016-10-11 07:00:12 --> Could not find the language line "mynt_buy_tmall"
ERROR - 2016-10-11 07:00:12 --> Could not find the language line "mynt_buy_youzan"
ERROR - 2016-10-11 07:00:12 --> Could not find the language line "mynt_buy_jd"
ERROR - 2016-10-11 07:00:12 --> Could not find the language line "home_cloud_title"
ERROR - 2016-10-11 07:00:12 --> Could not find the language line "home_cloud_intro"
ERROR - 2016-10-11 07:00:12 --> Could not find the language line "mynt_icon_taobao"
ERROR - 2016-10-11 07:00:12 --> Could not find the language line "mynt_icon_tmall"
ERROR - 2016-10-11 07:00:12 --> Could not find the language line "mynt_icon_youzan"
ERROR - 2016-10-11 07:00:15 --> Could not find the language line "mynt_buy_taobao"
ERROR - 2016-10-11 07:00:15 --> Could not find the language line "mynt_buy_tmall"
ERROR - 2016-10-11 07:00:15 --> Could not find the language line "mynt_buy_youzan"
ERROR - 2016-10-11 07:00:15 --> Could not find the language line "mynt_buy_jd"
ERROR - 2016-10-11 07:00:16 --> Could not find the language line "mynt_buy_taobao"
ERROR - 2016-10-11 07:00:16 --> Could not find the language line "mynt_buy_tmall"
ERROR - 2016-10-11 07:00:16 --> Could not find the language line "mynt_buy_youzan"
ERROR - 2016-10-11 07:00:16 --> Could not find the language line "mynt_buy_jd"
ERROR - 2016-10-11 07:00:16 --> Could not find the language line "mynt_buy_taobao"
ERROR - 2016-10-11 07:00:16 --> Could not find the language line "mynt_buy_tmall"
ERROR - 2016-10-11 07:00:16 --> Could not find the language line "mynt_buy_youzan"
ERROR - 2016-10-11 07:00:16 --> Could not find the language line "mynt_buy_jd"
ERROR - 2016-10-11 07:00:18 --> Could not find the language line "mynt_buy_taobao"
ERROR - 2016-10-11 07:00:18 --> Could not find the language line "mynt_buy_tmall"
ERROR - 2016-10-11 07:00:18 --> Could not find the language line "mynt_buy_youzan"
ERROR - 2016-10-11 07:00:18 --> Could not find the language line "mynt_buy_jd"
ERROR - 2016-10-11 07:00:18 --> Could not find the language line "mynt_buy_taobao"
ERROR - 2016-10-11 07:00:18 --> Could not find the language line "mynt_buy_tmall"
ERROR - 2016-10-11 07:00:18 --> Could not find the language line "mynt_buy_youzan"
ERROR - 2016-10-11 07:00:18 --> Could not find the language line "mynt_buy_jd"
ERROR - 2016-10-11 07:00:21 --> Could not find the language line "mynt_buy_taobao"
ERROR - 2016-10-11 07:00:21 --> Could not find the language line "mynt_buy_tmall"
ERROR - 2016-10-11 07:00:21 --> Could not find the language line "mynt_buy_youzan"
ERROR - 2016-10-11 07:00:21 --> Could not find the language line "mynt_buy_jd"
ERROR - 2016-10-11 07:00:25 --> 404 Page Not Found: Es/news
ERROR - 2016-10-11 07:00:42 --> Could not find the language line "mynt_buy_taobao"
ERROR - 2016-10-11 07:00:42 --> Could not find the language line "mynt_buy_tmall"
ERROR - 2016-10-11 07:00:42 --> Could not find the language line "mynt_buy_youzan"
ERROR - 2016-10-11 07:00:42 --> Could not find the language line "mynt_buy_jd"
ERROR - 2016-10-11 07:00:49 --> Could not find the language line "mynt_buy_taobao"
ERROR - 2016-10-11 07:00:49 --> Could not find the language line "mynt_buy_tmall"
ERROR - 2016-10-11 07:00:49 --> Could not find the language line "mynt_buy_youzan"
ERROR - 2016-10-11 07:00:49 --> Could not find the language line "mynt_buy_jd"
ERROR - 2016-10-11 07:00:49 --> Could not find the language line "mynt_buy_taobao"
ERROR - 2016-10-11 07:00:49 --> Could not find the language line "mynt_buy_tmall"
ERROR - 2016-10-11 07:00:49 --> Could not find the language line "mynt_buy_youzan"
ERROR - 2016-10-11 07:00:49 --> Could not find the language line "mynt_buy_jd"
ERROR - 2016-10-11 07:00:54 --> Could not find the language line "mynt_buy_taobao"
ERROR - 2016-10-11 07:00:54 --> Could not find the language line "mynt_buy_tmall"
ERROR - 2016-10-11 07:00:54 --> Could not find the language line "mynt_buy_youzan"
ERROR - 2016-10-11 07:00:54 --> Could not find the language line "mynt_buy_jd"
ERROR - 2016-10-11 07:00:55 --> Could not find the language line "mynt_buy_taobao"
ERROR - 2016-10-11 07:00:55 --> Could not find the language line "mynt_buy_tmall"
ERROR - 2016-10-11 07:00:55 --> Could not find the language line "mynt_buy_youzan"
ERROR - 2016-10-11 07:00:55 --> Could not find the language line "mynt_buy_jd"
ERROR - 2016-10-11 07:01:03 --> Could not find the language line "mynt_buy_taobao"
ERROR - 2016-10-11 07:01:03 --> Could not find the language line "mynt_buy_tmall"
ERROR - 2016-10-11 07:01:03 --> Could not find the language line "mynt_buy_youzan"
ERROR - 2016-10-11 07:01:03 --> Could not find the language line "mynt_buy_jd"
ERROR - 2016-10-11 07:01:11 --> Could not find the language line "mynt_buy_taobao"
ERROR - 2016-10-11 07:01:11 --> Could not find the language line "mynt_buy_tmall"
ERROR - 2016-10-11 07:01:11 --> Could not find the language line "mynt_buy_youzan"
ERROR - 2016-10-11 07:01:11 --> Could not find the language line "mynt_buy_jd"
ERROR - 2016-10-11 07:01:23 --> Could not find the language line "mynt_buy_taobao"
ERROR - 2016-10-11 07:01:23 --> Could not find the language line "mynt_buy_tmall"
ERROR - 2016-10-11 07:01:23 --> Could not find the language line "mynt_buy_youzan"
ERROR - 2016-10-11 07:01:23 --> Could not find the language line "mynt_buy_jd"
ERROR - 2016-10-11 07:01:24 --> Could not find the language line "mynt_buy_taobao"
ERROR - 2016-10-11 07:01:24 --> Could not find the language line "mynt_buy_tmall"
ERROR - 2016-10-11 07:01:24 --> Could not find the language line "mynt_buy_youzan"
ERROR - 2016-10-11 07:01:24 --> Could not find the language line "mynt_buy_jd"
ERROR - 2016-10-11 07:01:37 --> Could not find the language line "mynt_buy_taobao"
ERROR - 2016-10-11 07:01:37 --> Could not find the language line "mynt_buy_tmall"
ERROR - 2016-10-11 07:01:37 --> Could not find the language line "mynt_buy_youzan"
ERROR - 2016-10-11 07:01:37 --> Could not find the language line "mynt_buy_jd"
ERROR - 2016-10-11 07:01:45 --> 404 Page Not Found: Es/news
ERROR - 2016-10-11 07:07:44 --> Could not find the language line "mynt_buy_taobao"
ERROR - 2016-10-11 07:07:44 --> Could not find the language line "mynt_buy_tmall"
ERROR - 2016-10-11 07:07:44 --> Could not find the language line "mynt_buy_youzan"
ERROR - 2016-10-11 07:07:44 --> Could not find the language line "mynt_buy_jd"
ERROR - 2016-10-11 07:08:12 --> Could not find the language line "mynt_buy_taobao"
ERROR - 2016-10-11 07:08:12 --> Could not find the language line "mynt_buy_tmall"
ERROR - 2016-10-11 07:08:12 --> Could not find the language line "mynt_buy_youzan"
ERROR - 2016-10-11 07:08:12 --> Could not find the language line "mynt_buy_jd"
ERROR - 2016-10-11 07:10:07 --> Could not find the language line "mynt_buy_taobao"
ERROR - 2016-10-11 07:10:07 --> Could not find the language line "mynt_buy_tmall"
ERROR - 2016-10-11 07:10:07 --> Could not find the language line "mynt_buy_youzan"
ERROR - 2016-10-11 07:10:07 --> Could not find the language line "mynt_buy_jd"
ERROR - 2016-10-11 07:10:16 --> Could not find the language line "mynt_buy_taobao"
ERROR - 2016-10-11 07:10:16 --> Could not find the language line "mynt_buy_tmall"
ERROR - 2016-10-11 07:10:16 --> Could not find the language line "mynt_buy_youzan"
ERROR - 2016-10-11 07:10:16 --> Could not find the language line "mynt_buy_jd"
ERROR - 2016-10-11 07:10:19 --> Could not find the language line "mynt_buy_taobao"
ERROR - 2016-10-11 07:10:19 --> Could not find the language line "mynt_buy_tmall"
ERROR - 2016-10-11 07:10:19 --> Could not find the language line "mynt_buy_youzan"
ERROR - 2016-10-11 07:10:19 --> Could not find the language line "mynt_buy_jd"
ERROR - 2016-10-11 07:10:24 --> Could not find the language line "mynt_buy_taobao"
ERROR - 2016-10-11 07:10:24 --> Could not find the language line "mynt_buy_tmall"
ERROR - 2016-10-11 07:10:24 --> Could not find the language line "mynt_buy_youzan"
ERROR - 2016-10-11 07:10:24 --> Could not find the language line "mynt_buy_jd"
ERROR - 2016-10-11 07:10:28 --> Could not find the language line "mynt_buy_taobao"
ERROR - 2016-10-11 07:10:28 --> Could not find the language line "mynt_buy_tmall"
ERROR - 2016-10-11 07:10:28 --> Could not find the language line "mynt_buy_youzan"
ERROR - 2016-10-11 07:10:28 --> Could not find the language line "mynt_buy_jd"
ERROR - 2016-10-11 07:10:31 --> Could not find the language line "mynt_buy_taobao"
ERROR - 2016-10-11 07:10:31 --> Could not find the language line "mynt_buy_tmall"
ERROR - 2016-10-11 07:10:31 --> Could not find the language line "mynt_buy_youzan"
ERROR - 2016-10-11 07:10:31 --> Could not find the language line "mynt_buy_jd"
ERROR - 2016-10-11 07:13:02 --> Could not find the language line "mynt_buy_taobao"
ERROR - 2016-10-11 07:13:02 --> Could not find the language line "mynt_buy_tmall"
ERROR - 2016-10-11 07:13:02 --> Could not find the language line "mynt_buy_youzan"
ERROR - 2016-10-11 07:13:02 --> Could not find the language line "mynt_buy_jd"
ERROR - 2016-10-11 07:13:08 --> Could not find the language line "mynt_buy_taobao"
ERROR - 2016-10-11 07:13:08 --> Could not find the language line "mynt_buy_tmall"
ERROR - 2016-10-11 07:13:08 --> Could not find the language line "mynt_buy_youzan"
ERROR - 2016-10-11 07:13:08 --> Could not find the language line "mynt_buy_jd"
ERROR - 2016-10-11 07:15:13 --> Could not find the language line "mynt_buy_taobao"
ERROR - 2016-10-11 07:15:13 --> Could not find the language line "mynt_buy_tmall"
ERROR - 2016-10-11 07:15:13 --> Could not find the language line "mynt_buy_youzan"
ERROR - 2016-10-11 07:15:13 --> Could not find the language line "mynt_buy_jd"
ERROR - 2016-10-11 07:15:21 --> Could not find the language line "mynt_buy_taobao"
ERROR - 2016-10-11 07:15:21 --> Could not find the language line "mynt_buy_tmall"
ERROR - 2016-10-11 07:15:21 --> Could not find the language line "mynt_buy_youzan"
ERROR - 2016-10-11 07:15:21 --> Could not find the language line "mynt_buy_jd"
ERROR - 2016-10-11 07:15:24 --> Could not find the language line "mynt_buy_taobao"
ERROR - 2016-10-11 07:15:24 --> Could not find the language line "mynt_buy_tmall"
ERROR - 2016-10-11 07:15:24 --> Could not find the language line "mynt_buy_youzan"
ERROR - 2016-10-11 07:15:24 --> Could not find the language line "mynt_buy_jd"
ERROR - 2016-10-11 07:15:29 --> 404 Page Not Found: Es/news
ERROR - 2016-10-11 07:15:40 --> 404 Page Not Found: Es/news
ERROR - 2016-10-11 07:17:46 --> Could not find the language line "mynt_buy_taobao"
ERROR - 2016-10-11 07:17:46 --> Could not find the language line "mynt_buy_tmall"
ERROR - 2016-10-11 07:17:46 --> Could not find the language line "mynt_buy_youzan"
ERROR - 2016-10-11 07:17:46 --> Could not find the language line "mynt_buy_jd"
ERROR - 2016-10-11 07:17:50 --> 404 Page Not Found: Es/news
ERROR - 2016-10-11 07:18:12 --> 404 Page Not Found: Es/news
ERROR - 2016-10-11 07:36:11 --> 404 Page Not Found: Es/news
ERROR - 2016-10-11 07:36:18 --> Could not find the language line "mynt_buy_taobao"
ERROR - 2016-10-11 07:36:18 --> Could not find the language line "mynt_buy_tmall"
ERROR - 2016-10-11 07:36:18 --> Could not find the language line "mynt_buy_youzan"
ERROR - 2016-10-11 07:36:18 --> Could not find the language line "mynt_buy_jd"
ERROR - 2016-10-11 07:36:22 --> Could not find the language line "mynt_buy_taobao"
ERROR - 2016-10-11 07:36:22 --> Could not find the language line "mynt_buy_tmall"
ERROR - 2016-10-11 07:36:22 --> Could not find the language line "mynt_buy_youzan"
ERROR - 2016-10-11 07:36:22 --> Could not find the language line "mynt_buy_jd"
ERROR - 2016-10-11 07:41:40 --> Could not find the language line "mynt_buy_taobao"
ERROR - 2016-10-11 07:41:40 --> Could not find the language line "mynt_buy_tmall"
ERROR - 2016-10-11 07:41:40 --> Could not find the language line "mynt_buy_youzan"
ERROR - 2016-10-11 07:41:40 --> Could not find the language line "mynt_buy_jd"
ERROR - 2016-10-11 07:41:41 --> Could not find the language line "mynt_buy_taobao"
ERROR - 2016-10-11 07:41:41 --> Could not find the language line "mynt_buy_tmall"
ERROR - 2016-10-11 07:41:41 --> Could not find the language line "mynt_buy_youzan"
ERROR - 2016-10-11 07:41:41 --> Could not find the language line "mynt_buy_jd"
ERROR - 2016-10-11 07:41:45 --> Could not find the language line "mynt_buy_taobao"
ERROR - 2016-10-11 07:41:45 --> Could not find the language line "mynt_buy_tmall"
ERROR - 2016-10-11 07:41:45 --> Could not find the language line "mynt_buy_youzan"
ERROR - 2016-10-11 07:41:45 --> Could not find the language line "mynt_buy_jd"
ERROR - 2016-10-11 07:41:48 --> 404 Page Not Found: Es/news
ERROR - 2016-10-11 07:41:55 --> 404 Page Not Found: Kr/news
ERROR - 2016-10-11 07:42:00 --> Could not find the language line "mynt_buy_taobao"
ERROR - 2016-10-11 07:42:00 --> Could not find the language line "mynt_buy_tmall"
ERROR - 2016-10-11 07:42:00 --> Could not find the language line "mynt_buy_youzan"
ERROR - 2016-10-11 07:42:00 --> Could not find the language line "mynt_buy_jd"
ERROR - 2016-10-11 07:42:03 --> Could not find the language line "mynt_buy_taobao"
ERROR - 2016-10-11 07:42:03 --> Could not find the language line "mynt_buy_tmall"
ERROR - 2016-10-11 07:42:03 --> Could not find the language line "mynt_buy_youzan"
ERROR - 2016-10-11 07:42:03 --> Could not find the language line "mynt_buy_jd"
ERROR - 2016-10-11 07:54:10 --> Could not find the language line "mynt_buy_taobao"
ERROR - 2016-10-11 07:54:10 --> Could not find the language line "mynt_buy_tmall"
ERROR - 2016-10-11 07:54:10 --> Could not find the language line "mynt_buy_youzan"
ERROR - 2016-10-11 07:54:10 --> Could not find the language line "mynt_buy_jd"
ERROR - 2016-10-11 07:54:16 --> Could not find the language line "mynt_buy_taobao"
ERROR - 2016-10-11 07:54:16 --> Could not find the language line "mynt_buy_tmall"
ERROR - 2016-10-11 07:54:16 --> Could not find the language line "mynt_buy_youzan"
ERROR - 2016-10-11 07:54:16 --> Could not find the language line "mynt_buy_jd"
ERROR - 2016-10-11 07:54:21 --> Could not find the language line "mynt_buy_taobao"
ERROR - 2016-10-11 07:54:21 --> Could not find the language line "mynt_buy_tmall"
ERROR - 2016-10-11 07:54:21 --> Could not find the language line "mynt_buy_youzan"
ERROR - 2016-10-11 07:54:21 --> Could not find the language line "mynt_buy_jd"
ERROR - 2016-10-11 07:54:21 --> Could not find the language line "mynt_buy_taobao"
ERROR - 2016-10-11 07:54:21 --> Could not find the language line "mynt_buy_tmall"
ERROR - 2016-10-11 07:54:21 --> Could not find the language line "mynt_buy_youzan"
ERROR - 2016-10-11 07:54:21 --> Could not find the language line "mynt_buy_jd"
ERROR - 2016-10-11 07:56:33 --> 404 Page Not Found: News/companion.html
ERROR - 2016-10-11 07:56:38 --> 404 Page Not Found: News/companion.html
ERROR - 2016-10-11 07:57:47 --> Could not find the language line "mynt_buy_taobao"
ERROR - 2016-10-11 07:57:47 --> Could not find the language line "mynt_buy_tmall"
ERROR - 2016-10-11 07:57:47 --> Could not find the language line "mynt_buy_youzan"
ERROR - 2016-10-11 07:57:47 --> Could not find the language line "mynt_buy_jd"
ERROR - 2016-10-11 07:57:47 --> Could not find the language line "mynt_buy_taobao"
ERROR - 2016-10-11 07:57:47 --> Could not find the language line "mynt_buy_tmall"
ERROR - 2016-10-11 07:57:47 --> Could not find the language line "mynt_buy_youzan"
ERROR - 2016-10-11 07:57:47 --> Could not find the language line "mynt_buy_jd"
ERROR - 2016-10-11 07:57:52 --> Could not find the language line "mynt_buy_taobao"
ERROR - 2016-10-11 07:57:52 --> Could not find the language line "mynt_buy_tmall"
ERROR - 2016-10-11 07:57:52 --> Could not find the language line "mynt_buy_youzan"
ERROR - 2016-10-11 07:57:52 --> Could not find the language line "mynt_buy_jd"
ERROR - 2016-10-11 07:57:52 --> Could not find the language line "mynt_buy_taobao"
ERROR - 2016-10-11 07:57:52 --> Could not find the language line "mynt_buy_tmall"
ERROR - 2016-10-11 07:57:52 --> Could not find the language line "mynt_buy_youzan"
ERROR - 2016-10-11 07:57:52 --> Could not find the language line "mynt_buy_jd"
ERROR - 2016-10-11 07:57:55 --> Could not find the language line "mynt_buy_taobao"
ERROR - 2016-10-11 07:57:55 --> Could not find the language line "mynt_buy_tmall"
ERROR - 2016-10-11 07:57:55 --> Could not find the language line "mynt_buy_youzan"
ERROR - 2016-10-11 07:57:55 --> Could not find the language line "mynt_buy_jd"
ERROR - 2016-10-11 07:57:56 --> Could not find the language line "mynt_buy_taobao"
ERROR - 2016-10-11 07:57:56 --> Could not find the language line "mynt_buy_tmall"
ERROR - 2016-10-11 07:57:56 --> Could not find the language line "mynt_buy_youzan"
ERROR - 2016-10-11 07:57:56 --> Could not find the language line "mynt_buy_jd"
ERROR - 2016-10-11 07:57:58 --> Could not find the language line "mynt_buy_taobao"
ERROR - 2016-10-11 07:57:58 --> Could not find the language line "mynt_buy_tmall"
ERROR - 2016-10-11 07:57:58 --> Could not find the language line "mynt_buy_youzan"
ERROR - 2016-10-11 07:57:58 --> Could not find the language line "mynt_buy_jd"
ERROR - 2016-10-11 07:58:00 --> Could not find the language line "mynt_buy_taobao"
ERROR - 2016-10-11 07:58:00 --> Could not find the language line "mynt_buy_tmall"
ERROR - 2016-10-11 07:58:00 --> Could not find the language line "mynt_buy_youzan"
ERROR - 2016-10-11 07:58:00 --> Could not find the language line "mynt_buy_jd"
ERROR - 2016-10-11 07:58:04 --> Could not find the language line "mynt_buy_taobao"
ERROR - 2016-10-11 07:58:04 --> Could not find the language line "mynt_buy_tmall"
ERROR - 2016-10-11 07:58:04 --> Could not find the language line "mynt_buy_youzan"
ERROR - 2016-10-11 07:58:04 --> Could not find the language line "mynt_buy_jd"
ERROR - 2016-10-11 07:58:08 --> Could not find the language line "mynt_buy_taobao"
ERROR - 2016-10-11 07:58:08 --> Could not find the language line "mynt_buy_tmall"
ERROR - 2016-10-11 07:58:08 --> Could not find the language line "mynt_buy_youzan"
ERROR - 2016-10-11 07:58:08 --> Could not find the language line "mynt_buy_jd"
ERROR - 2016-10-11 07:58:12 --> Could not find the language line "mynt_buy_taobao"
ERROR - 2016-10-11 07:58:12 --> Could not find the language line "mynt_buy_tmall"
ERROR - 2016-10-11 07:58:12 --> Could not find the language line "mynt_buy_youzan"
ERROR - 2016-10-11 07:58:12 --> Could not find the language line "mynt_buy_jd"
ERROR - 2016-10-11 07:58:14 --> Could not find the language line "mynt_buy_taobao"
ERROR - 2016-10-11 07:58:14 --> Could not find the language line "mynt_buy_tmall"
ERROR - 2016-10-11 07:58:14 --> Could not find the language line "mynt_buy_youzan"
ERROR - 2016-10-11 07:58:14 --> Could not find the language line "mynt_buy_jd"
ERROR - 2016-10-11 07:58:15 --> Could not find the language line "mynt_buy_taobao"
ERROR - 2016-10-11 07:58:15 --> Could not find the language line "mynt_buy_tmall"
ERROR - 2016-10-11 07:58:15 --> Could not find the language line "mynt_buy_youzan"
ERROR - 2016-10-11 07:58:15 --> Could not find the language line "mynt_buy_jd"
ERROR - 2016-10-11 07:58:24 --> Could not find the language line "mynt_buy_taobao"
ERROR - 2016-10-11 07:58:24 --> Could not find the language line "mynt_buy_tmall"
ERROR - 2016-10-11 07:58:24 --> Could not find the language line "mynt_buy_youzan"
ERROR - 2016-10-11 07:58:24 --> Could not find the language line "mynt_buy_jd"
ERROR - 2016-10-11 07:58:30 --> Could not find the language line "mynt_buy_taobao"
ERROR - 2016-10-11 07:58:30 --> Could not find the language line "mynt_buy_tmall"
ERROR - 2016-10-11 07:58:30 --> Could not find the language line "mynt_buy_youzan"
ERROR - 2016-10-11 07:58:30 --> Could not find the language line "mynt_buy_jd"
ERROR - 2016-10-11 07:59:48 --> Could not find the language line "mynt_buy_taobao"
ERROR - 2016-10-11 07:59:48 --> Could not find the language line "mynt_buy_tmall"
ERROR - 2016-10-11 07:59:48 --> Could not find the language line "mynt_buy_youzan"
ERROR - 2016-10-11 07:59:48 --> Could not find the language line "mynt_buy_jd"
ERROR - 2016-10-11 07:59:48 --> Could not find the language line "mynt_buy_taobao"
ERROR - 2016-10-11 07:59:48 --> Could not find the language line "mynt_buy_tmall"
ERROR - 2016-10-11 07:59:48 --> Could not find the language line "mynt_buy_youzan"
ERROR - 2016-10-11 07:59:48 --> Could not find the language line "mynt_buy_jd"
ERROR - 2016-10-11 07:59:55 --> Could not find the language line "mynt_buy_taobao"
ERROR - 2016-10-11 07:59:55 --> Could not find the language line "mynt_buy_tmall"
ERROR - 2016-10-11 07:59:55 --> Could not find the language line "mynt_buy_youzan"
ERROR - 2016-10-11 07:59:55 --> Could not find the language line "mynt_buy_jd"
ERROR - 2016-10-11 07:59:57 --> Could not find the language line "mynt_buy_taobao"
ERROR - 2016-10-11 07:59:57 --> Could not find the language line "mynt_buy_tmall"
ERROR - 2016-10-11 07:59:57 --> Could not find the language line "mynt_buy_youzan"
ERROR - 2016-10-11 07:59:57 --> Could not find the language line "mynt_buy_jd"
ERROR - 2016-10-11 07:59:58 --> Could not find the language line "mynt_buy_taobao"
ERROR - 2016-10-11 07:59:58 --> Could not find the language line "mynt_buy_tmall"
ERROR - 2016-10-11 07:59:58 --> Could not find the language line "mynt_buy_youzan"
ERROR - 2016-10-11 07:59:58 --> Could not find the language line "mynt_buy_jd"
ERROR - 2016-10-11 08:00:02 --> Could not find the language line "mynt_buy_taobao"
ERROR - 2016-10-11 08:00:02 --> Could not find the language line "mynt_buy_tmall"
ERROR - 2016-10-11 08:00:02 --> Could not find the language line "mynt_buy_youzan"
ERROR - 2016-10-11 08:00:02 --> Could not find the language line "mynt_buy_jd"
ERROR - 2016-10-11 08:00:04 --> Could not find the language line "mynt_buy_taobao"
ERROR - 2016-10-11 08:00:04 --> Could not find the language line "mynt_buy_tmall"
ERROR - 2016-10-11 08:00:04 --> Could not find the language line "mynt_buy_youzan"
ERROR - 2016-10-11 08:00:04 --> Could not find the language line "mynt_buy_jd"
ERROR - 2016-10-11 08:00:07 --> Could not find the language line "mynt_buy_taobao"
ERROR - 2016-10-11 08:00:07 --> Could not find the language line "mynt_buy_tmall"
ERROR - 2016-10-11 08:00:07 --> Could not find the language line "mynt_buy_youzan"
ERROR - 2016-10-11 08:00:07 --> Could not find the language line "mynt_buy_jd"
ERROR - 2016-10-11 08:00:09 --> Could not find the language line "mynt_buy_taobao"
ERROR - 2016-10-11 08:00:09 --> Could not find the language line "mynt_buy_tmall"
ERROR - 2016-10-11 08:00:09 --> Could not find the language line "mynt_buy_youzan"
ERROR - 2016-10-11 08:00:09 --> Could not find the language line "mynt_buy_jd"
ERROR - 2016-10-11 08:00:13 --> Could not find the language line "mynt_buy_taobao"
ERROR - 2016-10-11 08:00:13 --> Could not find the language line "mynt_buy_tmall"
ERROR - 2016-10-11 08:00:13 --> Could not find the language line "mynt_buy_youzan"
ERROR - 2016-10-11 08:00:13 --> Could not find the language line "mynt_buy_jd"
ERROR - 2016-10-11 08:00:29 --> Could not find the language line "mynt_buy_taobao"
ERROR - 2016-10-11 08:00:29 --> Could not find the language line "mynt_buy_tmall"
ERROR - 2016-10-11 08:00:29 --> Could not find the language line "mynt_buy_youzan"
ERROR - 2016-10-11 08:00:29 --> Could not find the language line "mynt_buy_jd"
ERROR - 2016-10-11 08:00:32 --> Could not find the language line "mynt_buy_taobao"
ERROR - 2016-10-11 08:00:32 --> Could not find the language line "mynt_buy_tmall"
ERROR - 2016-10-11 08:00:32 --> Could not find the language line "mynt_buy_youzan"
ERROR - 2016-10-11 08:00:32 --> Could not find the language line "mynt_buy_jd"
ERROR - 2016-10-11 08:00:38 --> Could not find the language line "mynt_buy_taobao"
ERROR - 2016-10-11 08:00:38 --> Could not find the language line "mynt_buy_tmall"
ERROR - 2016-10-11 08:00:38 --> Could not find the language line "mynt_buy_youzan"
ERROR - 2016-10-11 08:00:38 --> Could not find the language line "mynt_buy_jd"
ERROR - 2016-10-11 08:02:24 --> Could not find the language line "mynt_buy_taobao"
ERROR - 2016-10-11 08:02:24 --> Could not find the language line "mynt_buy_tmall"
ERROR - 2016-10-11 08:02:24 --> Could not find the language line "mynt_buy_youzan"
ERROR - 2016-10-11 08:02:24 --> Could not find the language line "mynt_buy_jd"
ERROR - 2016-10-11 08:02:24 --> Could not find the language line "mynt_buy_taobao"
ERROR - 2016-10-11 08:02:24 --> Could not find the language line "mynt_buy_tmall"
ERROR - 2016-10-11 08:02:24 --> Could not find the language line "mynt_buy_youzan"
ERROR - 2016-10-11 08:02:24 --> Could not find the language line "mynt_buy_jd"
ERROR - 2016-10-11 08:02:31 --> Could not find the language line "mynt_buy_taobao"
ERROR - 2016-10-11 08:02:31 --> Could not find the language line "mynt_buy_tmall"
ERROR - 2016-10-11 08:02:31 --> Could not find the language line "mynt_buy_youzan"
ERROR - 2016-10-11 08:02:31 --> Could not find the language line "mynt_buy_jd"
ERROR - 2016-10-11 08:02:34 --> Could not find the language line "mynt_buy_taobao"
ERROR - 2016-10-11 08:02:34 --> Could not find the language line "mynt_buy_tmall"
ERROR - 2016-10-11 08:02:34 --> Could not find the language line "mynt_buy_youzan"
ERROR - 2016-10-11 08:02:34 --> Could not find the language line "mynt_buy_jd"
ERROR - 2016-10-11 08:02:38 --> Could not find the language line "mynt_buy_taobao"
ERROR - 2016-10-11 08:02:38 --> Could not find the language line "mynt_buy_tmall"
ERROR - 2016-10-11 08:02:38 --> Could not find the language line "mynt_buy_youzan"
ERROR - 2016-10-11 08:02:38 --> Could not find the language line "mynt_buy_jd"
ERROR - 2016-10-11 08:02:40 --> Could not find the language line "mynt_buy_taobao"
ERROR - 2016-10-11 08:02:40 --> Could not find the language line "mynt_buy_tmall"
ERROR - 2016-10-11 08:02:40 --> Could not find the language line "mynt_buy_youzan"
ERROR - 2016-10-11 08:02:40 --> Could not find the language line "mynt_buy_jd"
ERROR - 2016-10-11 08:02:45 --> Could not find the language line "mynt_buy_taobao"
ERROR - 2016-10-11 08:02:45 --> Could not find the language line "mynt_buy_tmall"
ERROR - 2016-10-11 08:02:45 --> Could not find the language line "mynt_buy_youzan"
ERROR - 2016-10-11 08:02:45 --> Could not find the language line "mynt_buy_jd"
ERROR - 2016-10-11 08:02:48 --> Could not find the language line "mynt_buy_taobao"
ERROR - 2016-10-11 08:02:48 --> Could not find the language line "mynt_buy_tmall"
ERROR - 2016-10-11 08:02:48 --> Could not find the language line "mynt_buy_youzan"
ERROR - 2016-10-11 08:02:48 --> Could not find the language line "mynt_buy_jd"
ERROR - 2016-10-11 08:02:50 --> Could not find the language line "mynt_buy_taobao"
ERROR - 2016-10-11 08:02:50 --> Could not find the language line "mynt_buy_tmall"
ERROR - 2016-10-11 08:02:50 --> Could not find the language line "mynt_buy_youzan"
ERROR - 2016-10-11 08:02:50 --> Could not find the language line "mynt_buy_jd"
ERROR - 2016-10-11 08:02:52 --> Could not find the language line "mynt_buy_taobao"
ERROR - 2016-10-11 08:02:52 --> Could not find the language line "mynt_buy_tmall"
ERROR - 2016-10-11 08:02:52 --> Could not find the language line "mynt_buy_youzan"
ERROR - 2016-10-11 08:02:52 --> Could not find the language line "mynt_buy_jd"
ERROR - 2016-10-11 08:02:55 --> Could not find the language line "mynt_buy_taobao"
ERROR - 2016-10-11 08:02:55 --> Could not find the language line "mynt_buy_tmall"
ERROR - 2016-10-11 08:02:55 --> Could not find the language line "mynt_buy_youzan"
ERROR - 2016-10-11 08:02:55 --> Could not find the language line "mynt_buy_jd"
ERROR - 2016-10-11 08:03:05 --> Could not find the language line "mynt_buy_taobao"
ERROR - 2016-10-11 08:03:05 --> Could not find the language line "mynt_buy_tmall"
ERROR - 2016-10-11 08:03:05 --> Could not find the language line "mynt_buy_youzan"
ERROR - 2016-10-11 08:03:05 --> Could not find the language line "mynt_buy_jd"
ERROR - 2016-10-11 08:22:56 --> Could not find the language line "mynt_buy_taobao"
ERROR - 2016-10-11 08:22:56 --> Could not find the language line "mynt_buy_tmall"
ERROR - 2016-10-11 08:22:56 --> Could not find the language line "mynt_buy_youzan"
ERROR - 2016-10-11 08:22:56 --> Could not find the language line "mynt_buy_jd"
ERROR - 2016-10-11 08:22:57 --> Could not find the language line "mynt_buy_taobao"
ERROR - 2016-10-11 08:22:57 --> Could not find the language line "mynt_buy_tmall"
ERROR - 2016-10-11 08:22:57 --> Could not find the language line "mynt_buy_youzan"
ERROR - 2016-10-11 08:22:57 --> Could not find the language line "mynt_buy_jd"
ERROR - 2016-10-11 08:22:58 --> Could not find the language line "mynt_buy_taobao"
ERROR - 2016-10-11 08:22:58 --> Could not find the language line "mynt_buy_tmall"
ERROR - 2016-10-11 08:22:58 --> Could not find the language line "mynt_buy_youzan"
ERROR - 2016-10-11 08:22:58 --> Could not find the language line "mynt_buy_jd"
ERROR - 2016-10-11 08:23:03 --> Could not find the language line "mynt_buy_taobao"
ERROR - 2016-10-11 08:23:03 --> Could not find the language line "mynt_buy_tmall"
ERROR - 2016-10-11 08:23:03 --> Could not find the language line "mynt_buy_youzan"
ERROR - 2016-10-11 08:23:03 --> Could not find the language line "mynt_buy_jd"
ERROR - 2016-10-11 08:23:06 --> Could not find the language line "mynt_buy_taobao"
ERROR - 2016-10-11 08:23:06 --> Could not find the language line "mynt_buy_tmall"
ERROR - 2016-10-11 08:23:06 --> Could not find the language line "mynt_buy_youzan"
ERROR - 2016-10-11 08:23:06 --> Could not find the language line "mynt_buy_jd"
ERROR - 2016-10-11 08:23:06 --> Could not find the language line "mynt_buy_taobao"
ERROR - 2016-10-11 08:23:06 --> Could not find the language line "mynt_buy_tmall"
ERROR - 2016-10-11 08:23:06 --> Could not find the language line "mynt_buy_youzan"
ERROR - 2016-10-11 08:23:06 --> Could not find the language line "mynt_buy_jd"
ERROR - 2016-10-11 08:23:10 --> Could not find the language line "mynt_buy_taobao"
ERROR - 2016-10-11 08:23:10 --> Could not find the language line "mynt_buy_tmall"
ERROR - 2016-10-11 08:23:10 --> Could not find the language line "mynt_buy_youzan"
ERROR - 2016-10-11 08:23:10 --> Could not find the language line "mynt_buy_jd"
ERROR - 2016-10-11 08:23:12 --> Could not find the language line "mynt_buy_taobao"
ERROR - 2016-10-11 08:23:12 --> Could not find the language line "mynt_buy_tmall"
ERROR - 2016-10-11 08:23:12 --> Could not find the language line "mynt_buy_youzan"
ERROR - 2016-10-11 08:23:12 --> Could not find the language line "mynt_buy_jd"
ERROR - 2016-10-11 08:23:15 --> Could not find the language line "mynt_buy_taobao"
ERROR - 2016-10-11 08:23:15 --> Could not find the language line "mynt_buy_tmall"
ERROR - 2016-10-11 08:23:15 --> Could not find the language line "mynt_buy_youzan"
ERROR - 2016-10-11 08:23:15 --> Could not find the language line "mynt_buy_jd"
ERROR - 2016-10-11 08:23:15 --> Could not find the language line "mynt_buy_taobao"
ERROR - 2016-10-11 08:23:15 --> Could not find the language line "mynt_buy_tmall"
ERROR - 2016-10-11 08:23:15 --> Could not find the language line "mynt_buy_youzan"
ERROR - 2016-10-11 08:23:15 --> Could not find the language line "mynt_buy_jd"
ERROR - 2016-10-11 08:23:16 --> Could not find the language line "mynt_buy_taobao"
ERROR - 2016-10-11 08:23:16 --> Could not find the language line "mynt_buy_tmall"
ERROR - 2016-10-11 08:23:16 --> Could not find the language line "mynt_buy_youzan"
ERROR - 2016-10-11 08:23:16 --> Could not find the language line "mynt_buy_jd"
ERROR - 2016-10-11 08:23:16 --> Could not find the language line "mynt_buy_taobao"
ERROR - 2016-10-11 08:23:16 --> Could not find the language line "mynt_buy_tmall"
ERROR - 2016-10-11 08:23:16 --> Could not find the language line "mynt_buy_youzan"
ERROR - 2016-10-11 08:23:16 --> Could not find the language line "mynt_buy_jd"
ERROR - 2016-10-11 08:23:17 --> Could not find the language line "mynt_buy_taobao"
ERROR - 2016-10-11 08:23:17 --> Could not find the language line "mynt_buy_tmall"
ERROR - 2016-10-11 08:23:17 --> Could not find the language line "mynt_buy_youzan"
ERROR - 2016-10-11 08:23:17 --> Could not find the language line "mynt_buy_jd"
ERROR - 2016-10-11 08:23:17 --> Could not find the language line "mynt_buy_taobao"
ERROR - 2016-10-11 08:23:17 --> Could not find the language line "mynt_buy_tmall"
ERROR - 2016-10-11 08:23:17 --> Could not find the language line "mynt_buy_youzan"
ERROR - 2016-10-11 08:23:17 --> Could not find the language line "mynt_buy_jd"
ERROR - 2016-10-11 08:23:18 --> Could not find the language line "mynt_buy_taobao"
ERROR - 2016-10-11 08:23:18 --> Could not find the language line "mynt_buy_tmall"
ERROR - 2016-10-11 08:23:18 --> Could not find the language line "mynt_buy_youzan"
ERROR - 2016-10-11 08:23:18 --> Could not find the language line "mynt_buy_jd"
ERROR - 2016-10-11 08:23:18 --> Could not find the language line "mynt_buy_taobao"
ERROR - 2016-10-11 08:23:18 --> Could not find the language line "mynt_buy_tmall"
ERROR - 2016-10-11 08:23:18 --> Could not find the language line "mynt_buy_youzan"
ERROR - 2016-10-11 08:23:18 --> Could not find the language line "mynt_buy_jd"
ERROR - 2016-10-11 08:24:15 --> Could not find the language line "mynt_buy_taobao"
ERROR - 2016-10-11 08:24:15 --> Could not find the language line "mynt_buy_tmall"
ERROR - 2016-10-11 08:24:15 --> Could not find the language line "mynt_buy_youzan"
ERROR - 2016-10-11 08:24:15 --> Could not find the language line "mynt_buy_jd"
ERROR - 2016-10-11 08:24:15 --> Could not find the language line "mynt_buy_taobao"
ERROR - 2016-10-11 08:24:15 --> Could not find the language line "mynt_buy_tmall"
ERROR - 2016-10-11 08:24:15 --> Could not find the language line "mynt_buy_youzan"
ERROR - 2016-10-11 08:24:15 --> Could not find the language line "mynt_buy_jd"
ERROR - 2016-10-11 08:25:01 --> Could not find the language line "mynt_buy_taobao"
ERROR - 2016-10-11 08:25:01 --> Could not find the language line "mynt_buy_tmall"
ERROR - 2016-10-11 08:25:01 --> Could not find the language line "mynt_buy_youzan"
ERROR - 2016-10-11 08:25:01 --> Could not find the language line "mynt_buy_jd"
ERROR - 2016-10-11 08:25:02 --> Could not find the language line "mynt_buy_taobao"
ERROR - 2016-10-11 08:25:02 --> Could not find the language line "mynt_buy_tmall"
ERROR - 2016-10-11 08:25:02 --> Could not find the language line "mynt_buy_youzan"
ERROR - 2016-10-11 08:25:02 --> Could not find the language line "mynt_buy_jd"
ERROR - 2016-10-11 08:25:17 --> Could not find the language line "mynt_buy_taobao"
ERROR - 2016-10-11 08:25:17 --> Could not find the language line "mynt_buy_tmall"
ERROR - 2016-10-11 08:25:17 --> Could not find the language line "mynt_buy_youzan"
ERROR - 2016-10-11 08:25:17 --> Could not find the language line "mynt_buy_jd"
ERROR - 2016-10-11 08:25:18 --> Could not find the language line "mynt_buy_taobao"
ERROR - 2016-10-11 08:25:18 --> Could not find the language line "mynt_buy_tmall"
ERROR - 2016-10-11 08:25:18 --> Could not find the language line "mynt_buy_youzan"
ERROR - 2016-10-11 08:25:18 --> Could not find the language line "mynt_buy_jd"
ERROR - 2016-10-11 08:26:07 --> Could not find the language line "mynt_buy_taobao"
ERROR - 2016-10-11 08:26:07 --> Could not find the language line "mynt_buy_tmall"
ERROR - 2016-10-11 08:26:07 --> Could not find the language line "mynt_buy_youzan"
ERROR - 2016-10-11 08:26:07 --> Could not find the language line "mynt_buy_jd"
ERROR - 2016-10-11 08:26:07 --> Could not find the language line "mynt_buy_taobao"
ERROR - 2016-10-11 08:26:07 --> Could not find the language line "mynt_buy_tmall"
ERROR - 2016-10-11 08:26:07 --> Could not find the language line "mynt_buy_youzan"
ERROR - 2016-10-11 08:26:07 --> Could not find the language line "mynt_buy_jd"
ERROR - 2016-10-11 08:26:22 --> Could not find the language line "mynt_buy_taobao"
ERROR - 2016-10-11 08:26:22 --> Could not find the language line "mynt_buy_tmall"
ERROR - 2016-10-11 08:26:22 --> Could not find the language line "mynt_buy_youzan"
ERROR - 2016-10-11 08:26:22 --> Could not find the language line "mynt_buy_jd"
ERROR - 2016-10-11 08:26:22 --> Could not find the language line "mynt_buy_taobao"
ERROR - 2016-10-11 08:26:22 --> Could not find the language line "mynt_buy_tmall"
ERROR - 2016-10-11 08:26:22 --> Could not find the language line "mynt_buy_youzan"
ERROR - 2016-10-11 08:26:22 --> Could not find the language line "mynt_buy_jd"
ERROR - 2016-10-11 08:26:44 --> Could not find the language line "mynt_buy_taobao"
ERROR - 2016-10-11 08:26:44 --> Could not find the language line "mynt_buy_tmall"
ERROR - 2016-10-11 08:26:44 --> Could not find the language line "mynt_buy_youzan"
ERROR - 2016-10-11 08:26:44 --> Could not find the language line "mynt_buy_jd"
ERROR - 2016-10-11 08:26:45 --> Could not find the language line "mynt_buy_taobao"
ERROR - 2016-10-11 08:26:45 --> Could not find the language line "mynt_buy_tmall"
ERROR - 2016-10-11 08:26:45 --> Could not find the language line "mynt_buy_youzan"
ERROR - 2016-10-11 08:26:45 --> Could not find the language line "mynt_buy_jd"
ERROR - 2016-10-11 08:26:53 --> Could not find the language line "mynt_buy_taobao"
ERROR - 2016-10-11 08:26:53 --> Could not find the language line "mynt_buy_tmall"
ERROR - 2016-10-11 08:26:53 --> Could not find the language line "mynt_buy_youzan"
ERROR - 2016-10-11 08:26:53 --> Could not find the language line "mynt_buy_jd"
ERROR - 2016-10-11 08:26:53 --> Could not find the language line "mynt_buy_taobao"
ERROR - 2016-10-11 08:26:53 --> Could not find the language line "mynt_buy_tmall"
ERROR - 2016-10-11 08:26:53 --> Could not find the language line "mynt_buy_youzan"
ERROR - 2016-10-11 08:26:53 --> Could not find the language line "mynt_buy_jd"
ERROR - 2016-10-11 08:27:03 --> Could not find the language line "mynt_buy_taobao"
ERROR - 2016-10-11 08:27:03 --> Could not find the language line "mynt_buy_tmall"
ERROR - 2016-10-11 08:27:03 --> Could not find the language line "mynt_buy_youzan"
ERROR - 2016-10-11 08:27:03 --> Could not find the language line "mynt_buy_jd"
ERROR - 2016-10-11 08:27:04 --> Could not find the language line "mynt_buy_taobao"
ERROR - 2016-10-11 08:27:04 --> Could not find the language line "mynt_buy_tmall"
ERROR - 2016-10-11 08:27:04 --> Could not find the language line "mynt_buy_youzan"
ERROR - 2016-10-11 08:27:04 --> Could not find the language line "mynt_buy_jd"
ERROR - 2016-10-11 08:27:47 --> Could not find the language line "mynt_buy_taobao"
ERROR - 2016-10-11 08:27:47 --> Could not find the language line "mynt_buy_tmall"
ERROR - 2016-10-11 08:27:47 --> Could not find the language line "mynt_buy_youzan"
ERROR - 2016-10-11 08:27:47 --> Could not find the language line "mynt_buy_jd"
ERROR - 2016-10-11 08:27:49 --> Could not find the language line "mynt_buy_taobao"
ERROR - 2016-10-11 08:27:49 --> Could not find the language line "mynt_buy_tmall"
ERROR - 2016-10-11 08:27:49 --> Could not find the language line "mynt_buy_youzan"
ERROR - 2016-10-11 08:27:49 --> Could not find the language line "mynt_buy_jd"
ERROR - 2016-10-11 08:27:49 --> Could not find the language line "mynt_buy_taobao"
ERROR - 2016-10-11 08:27:49 --> Could not find the language line "mynt_buy_tmall"
ERROR - 2016-10-11 08:27:49 --> Could not find the language line "mynt_buy_youzan"
ERROR - 2016-10-11 08:27:49 --> Could not find the language line "mynt_buy_jd"
ERROR - 2016-10-11 08:27:55 --> Could not find the language line "mynt_buy_taobao"
ERROR - 2016-10-11 08:27:55 --> Could not find the language line "mynt_buy_tmall"
ERROR - 2016-10-11 08:27:55 --> Could not find the language line "mynt_buy_youzan"
ERROR - 2016-10-11 08:27:55 --> Could not find the language line "mynt_buy_jd"
ERROR - 2016-10-11 08:27:57 --> Could not find the language line "mynt_buy_taobao"
ERROR - 2016-10-11 08:27:57 --> Could not find the language line "mynt_buy_tmall"
ERROR - 2016-10-11 08:27:57 --> Could not find the language line "mynt_buy_youzan"
ERROR - 2016-10-11 08:27:57 --> Could not find the language line "mynt_buy_jd"
ERROR - 2016-10-11 08:27:57 --> Could not find the language line "mynt_buy_taobao"
ERROR - 2016-10-11 08:27:57 --> Could not find the language line "mynt_buy_tmall"
ERROR - 2016-10-11 08:27:57 --> Could not find the language line "mynt_buy_youzan"
ERROR - 2016-10-11 08:27:57 --> Could not find the language line "mynt_buy_jd"
ERROR - 2016-10-11 08:28:29 --> Could not find the language line "mynt_buy_taobao"
ERROR - 2016-10-11 08:28:29 --> Could not find the language line "mynt_buy_tmall"
ERROR - 2016-10-11 08:28:29 --> Could not find the language line "mynt_buy_youzan"
ERROR - 2016-10-11 08:28:29 --> Could not find the language line "mynt_buy_jd"
ERROR - 2016-10-11 08:28:29 --> Could not find the language line "mynt_buy_taobao"
ERROR - 2016-10-11 08:28:29 --> Could not find the language line "mynt_buy_tmall"
ERROR - 2016-10-11 08:28:29 --> Could not find the language line "mynt_buy_youzan"
ERROR - 2016-10-11 08:28:29 --> Could not find the language line "mynt_buy_jd"
ERROR - 2016-10-11 08:28:36 --> Could not find the language line "mynt_buy_taobao"
ERROR - 2016-10-11 08:28:36 --> Could not find the language line "mynt_buy_tmall"
ERROR - 2016-10-11 08:28:36 --> Could not find the language line "mynt_buy_youzan"
ERROR - 2016-10-11 08:28:36 --> Could not find the language line "mynt_buy_jd"
ERROR - 2016-10-11 08:28:37 --> Could not find the language line "mynt_buy_taobao"
ERROR - 2016-10-11 08:28:37 --> Could not find the language line "mynt_buy_tmall"
ERROR - 2016-10-11 08:28:37 --> Could not find the language line "mynt_buy_youzan"
ERROR - 2016-10-11 08:28:37 --> Could not find the language line "mynt_buy_jd"
ERROR - 2016-10-11 08:28:55 --> Could not find the language line "mynt_buy_taobao"
ERROR - 2016-10-11 08:28:55 --> Could not find the language line "mynt_buy_tmall"
ERROR - 2016-10-11 08:28:55 --> Could not find the language line "mynt_buy_youzan"
ERROR - 2016-10-11 08:28:55 --> Could not find the language line "mynt_buy_jd"
ERROR - 2016-10-11 08:28:55 --> Could not find the language line "mynt_buy_taobao"
ERROR - 2016-10-11 08:28:55 --> Could not find the language line "mynt_buy_tmall"
ERROR - 2016-10-11 08:28:55 --> Could not find the language line "mynt_buy_youzan"
ERROR - 2016-10-11 08:28:55 --> Could not find the language line "mynt_buy_jd"
ERROR - 2016-10-11 08:29:07 --> Could not find the language line "mynt_buy_taobao"
ERROR - 2016-10-11 08:29:07 --> Could not find the language line "mynt_buy_tmall"
ERROR - 2016-10-11 08:29:07 --> Could not find the language line "mynt_buy_youzan"
ERROR - 2016-10-11 08:29:07 --> Could not find the language line "mynt_buy_jd"
ERROR - 2016-10-11 08:31:40 --> Could not find the language line "mynt_buy_taobao"
ERROR - 2016-10-11 08:31:40 --> Could not find the language line "mynt_buy_tmall"
ERROR - 2016-10-11 08:31:40 --> Could not find the language line "mynt_buy_youzan"
ERROR - 2016-10-11 08:31:40 --> Could not find the language line "mynt_buy_jd"
ERROR - 2016-10-11 08:31:43 --> Could not find the language line "mynt_buy_taobao"
ERROR - 2016-10-11 08:31:43 --> Could not find the language line "mynt_buy_tmall"
ERROR - 2016-10-11 08:31:43 --> Could not find the language line "mynt_buy_youzan"
ERROR - 2016-10-11 08:31:43 --> Could not find the language line "mynt_buy_jd"
ERROR - 2016-10-11 08:31:44 --> Could not find the language line "mynt_buy_taobao"
ERROR - 2016-10-11 08:31:44 --> Could not find the language line "mynt_buy_tmall"
ERROR - 2016-10-11 08:31:44 --> Could not find the language line "mynt_buy_youzan"
ERROR - 2016-10-11 08:31:44 --> Could not find the language line "mynt_buy_jd"
ERROR - 2016-10-11 08:31:52 --> Could not find the language line "mynt_buy_taobao"
ERROR - 2016-10-11 08:31:52 --> Could not find the language line "mynt_buy_tmall"
ERROR - 2016-10-11 08:31:52 --> Could not find the language line "mynt_buy_youzan"
ERROR - 2016-10-11 08:31:52 --> Could not find the language line "mynt_buy_jd"
ERROR - 2016-10-11 08:31:52 --> Could not find the language line "mynt_buy_taobao"
ERROR - 2016-10-11 08:31:52 --> Could not find the language line "mynt_buy_tmall"
ERROR - 2016-10-11 08:31:52 --> Could not find the language line "mynt_buy_youzan"
ERROR - 2016-10-11 08:31:52 --> Could not find the language line "mynt_buy_jd"
ERROR - 2016-10-11 08:31:56 --> Could not find the language line "mynt_buy_taobao"
ERROR - 2016-10-11 08:31:56 --> Could not find the language line "mynt_buy_tmall"
ERROR - 2016-10-11 08:31:56 --> Could not find the language line "mynt_buy_youzan"
ERROR - 2016-10-11 08:31:56 --> Could not find the language line "mynt_buy_jd"
ERROR - 2016-10-11 08:31:56 --> Could not find the language line "mynt_buy_taobao"
ERROR - 2016-10-11 08:31:56 --> Could not find the language line "mynt_buy_tmall"
ERROR - 2016-10-11 08:31:56 --> Could not find the language line "mynt_buy_youzan"
ERROR - 2016-10-11 08:31:56 --> Could not find the language line "mynt_buy_jd"
ERROR - 2016-10-11 08:32:01 --> Could not find the language line "mynt_buy_taobao"
ERROR - 2016-10-11 08:32:01 --> Could not find the language line "mynt_buy_tmall"
ERROR - 2016-10-11 08:32:01 --> Could not find the language line "mynt_buy_youzan"
ERROR - 2016-10-11 08:32:01 --> Could not find the language line "mynt_buy_jd"
ERROR - 2016-10-11 08:32:03 --> Could not find the language line "mynt_buy_taobao"
ERROR - 2016-10-11 08:32:03 --> Could not find the language line "mynt_buy_tmall"
ERROR - 2016-10-11 08:32:03 --> Could not find the language line "mynt_buy_youzan"
ERROR - 2016-10-11 08:32:03 --> Could not find the language line "mynt_buy_jd"
