ERROR - 2016-04-28 02:08:42 --> Could not find the language line "mynt_buy_taobao"
ERROR - 2016-04-28 02:08:42 --> Could not find the language line "mynt_buy_tmall"
ERROR - 2016-04-28 02:08:42 --> Could not find the language line "mynt_buy_youzan"
ERROR - 2016-04-28 02:08:42 --> Could not find the language line "mynt_icon_taobao"
ERROR - 2016-04-28 02:08:42 --> Could not find the language line "mynt_icon_tmall"
ERROR - 2016-04-28 02:08:42 --> Could not find the language line "mynt_icon_youzan"
ERROR - 2016-04-28 02:08:50 --> Could not find the language line "mynt_buy_taobao"
ERROR - 2016-04-28 02:08:50 --> Could not find the language line "mynt_buy_tmall"
ERROR - 2016-04-28 02:08:50 --> Could not find the language line "mynt_buy_youzan"
ERROR - 2016-04-28 02:08:57 --> Could not find the language line "mynt_buy_taobao"
ERROR - 2016-04-28 02:08:57 --> Could not find the language line "mynt_buy_tmall"
ERROR - 2016-04-28 02:08:57 --> Could not find the language line "mynt_buy_youzan"
ERROR - 2016-04-28 02:08:57 --> Could not find the language line "mynt_icon_taobao"
ERROR - 2016-04-28 02:08:57 --> Could not find the language line "mynt_icon_tmall"
ERROR - 2016-04-28 02:08:57 --> Could not find the language line "mynt_icon_youzan"
ERROR - 2016-04-28 02:08:57 --> Could not find the language line "mynt_jd_detail"
ERROR - 2016-04-28 02:08:57 --> Could not find the language line "to_buy_wd"
ERROR - 2016-04-28 02:08:57 --> Could not find the language line "slightech_wechat"
ERROR - 2016-04-28 02:08:57 --> Could not find the language line "camera_no_lost"
ERROR - 2016-04-28 02:08:57 --> Could not find the language line "key_no_lost"
ERROR - 2016-04-28 02:08:57 --> Could not find the language line "bag_no_lost"
ERROR - 2016-04-28 02:08:57 --> Could not find the language line "computer_no_lost"
ERROR - 2016-04-28 02:08:57 --> Could not find the language line "pet_no_lost"
ERROR - 2016-04-28 02:08:57 --> Could not find the language line "goal"
ERROR - 2016-04-28 02:08:57 --> Could not find the language line "fund_title"
ERROR - 2016-04-28 02:08:57 --> Could not find the language line "fund_intro"
ERROR - 2016-04-28 02:09:05 --> Could not find the language line "mynt_buy_taobao"
ERROR - 2016-04-28 02:09:05 --> Could not find the language line "mynt_buy_tmall"
ERROR - 2016-04-28 02:09:05 --> Could not find the language line "mynt_buy_youzan"
ERROR - 2016-04-28 02:09:05 --> Could not find the language line "mynt_icon_taobao"
ERROR - 2016-04-28 02:09:05 --> Could not find the language line "mynt_icon_tmall"
ERROR - 2016-04-28 02:09:05 --> Could not find the language line "mynt_icon_youzan"
ERROR - 2016-04-28 03:16:29 --> Could not find the language line "mynt_buy_taobao"
ERROR - 2016-04-28 03:16:29 --> Could not find the language line "mynt_buy_tmall"
ERROR - 2016-04-28 03:16:29 --> Could not find the language line "mynt_buy_youzan"
ERROR - 2016-04-28 03:16:29 --> Could not find the language line "mynt_icon_taobao"
ERROR - 2016-04-28 03:16:29 --> Could not find the language line "mynt_icon_tmall"
ERROR - 2016-04-28 03:16:29 --> Could not find the language line "mynt_icon_youzan"
ERROR - 2016-04-28 03:16:29 --> Session: File 'ci_sessions/ci_session12c98bf045db6f36ef09b1662a9878b3ca18dff9' doesn't exist and cannot be created.
ERROR - 2016-04-28 03:25:48 --> Could not find the language line "mynt_buy_taobao"
ERROR - 2016-04-28 03:25:48 --> Could not find the language line "mynt_buy_tmall"
ERROR - 2016-04-28 03:25:48 --> Could not find the language line "mynt_buy_youzan"
ERROR - 2016-04-28 03:25:48 --> Could not find the language line "mynt_icon_taobao"
ERROR - 2016-04-28 03:25:48 --> Could not find the language line "mynt_icon_tmall"
ERROR - 2016-04-28 03:25:48 --> Could not find the language line "mynt_icon_youzan"
ERROR - 2016-04-28 03:33:34 --> Could not find the language line "mynt_buy_taobao"
ERROR - 2016-04-28 03:33:34 --> Could not find the language line "mynt_buy_tmall"
ERROR - 2016-04-28 03:33:34 --> Could not find the language line "mynt_buy_youzan"
ERROR - 2016-04-28 03:33:34 --> Could not find the language line "mynt_icon_taobao"
ERROR - 2016-04-28 03:33:34 --> Could not find the language line "mynt_icon_tmall"
ERROR - 2016-04-28 03:33:34 --> Could not find the language line "mynt_icon_youzan"
ERROR - 2016-04-28 03:33:36 --> Could not find the language line "mynt_buy_taobao"
ERROR - 2016-04-28 03:33:36 --> Could not find the language line "mynt_buy_tmall"
ERROR - 2016-04-28 03:33:36 --> Could not find the language line "mynt_buy_youzan"
ERROR - 2016-04-28 03:33:36 --> Could not find the language line "mynt_icon_taobao"
ERROR - 2016-04-28 03:33:36 --> Could not find the language line "mynt_icon_tmall"
ERROR - 2016-04-28 03:33:36 --> Could not find the language line "mynt_icon_youzan"
ERROR - 2016-04-28 03:33:44 --> Could not find the language line "mynt_buy_taobao"
ERROR - 2016-04-28 03:33:44 --> Could not find the language line "mynt_buy_tmall"
ERROR - 2016-04-28 03:33:44 --> Could not find the language line "mynt_buy_youzan"
ERROR - 2016-04-28 03:33:44 --> Could not find the language line "mynt_icon_taobao"
ERROR - 2016-04-28 03:33:44 --> Could not find the language line "mynt_icon_tmall"
ERROR - 2016-04-28 03:33:44 --> Could not find the language line "mynt_icon_youzan"
ERROR - 2016-04-28 03:33:46 --> Could not find the language line "mynt_buy_taobao"
ERROR - 2016-04-28 03:33:46 --> Could not find the language line "mynt_buy_tmall"
ERROR - 2016-04-28 03:33:46 --> Could not find the language line "mynt_buy_youzan"
ERROR - 2016-04-28 03:33:47 --> Could not find the language line "mynt_buy_taobao"
ERROR - 2016-04-28 03:33:47 --> Could not find the language line "mynt_buy_tmall"
ERROR - 2016-04-28 03:33:47 --> Could not find the language line "mynt_buy_youzan"
ERROR - 2016-04-28 03:33:47 --> Could not find the language line "mynt_icon_taobao"
ERROR - 2016-04-28 03:33:47 --> Could not find the language line "mynt_icon_tmall"
ERROR - 2016-04-28 03:33:47 --> Could not find the language line "mynt_icon_youzan"
ERROR - 2016-04-28 03:33:47 --> Could not find the language line "mynt_jd_detail"
ERROR - 2016-04-28 03:33:47 --> Could not find the language line "to_buy_wd"
ERROR - 2016-04-28 03:33:47 --> Could not find the language line "slightech_wechat"
ERROR - 2016-04-28 03:33:47 --> Could not find the language line "camera_no_lost"
ERROR - 2016-04-28 03:33:47 --> Could not find the language line "key_no_lost"
ERROR - 2016-04-28 03:33:47 --> Could not find the language line "bag_no_lost"
ERROR - 2016-04-28 03:33:47 --> Could not find the language line "computer_no_lost"
ERROR - 2016-04-28 03:33:47 --> Could not find the language line "pet_no_lost"
ERROR - 2016-04-28 03:33:47 --> Could not find the language line "goal"
ERROR - 2016-04-28 03:33:47 --> Could not find the language line "fund_title"
ERROR - 2016-04-28 03:33:47 --> Could not find the language line "fund_intro"
ERROR - 2016-04-28 03:33:48 --> Could not find the language line "mynt_buy_taobao"
ERROR - 2016-04-28 03:33:48 --> Could not find the language line "mynt_buy_tmall"
ERROR - 2016-04-28 03:33:48 --> Could not find the language line "mynt_buy_youzan"
ERROR - 2016-04-28 03:33:51 --> Could not find the language line "mynt_buy_taobao"
ERROR - 2016-04-28 03:33:51 --> Could not find the language line "mynt_buy_tmall"
ERROR - 2016-04-28 03:33:51 --> Could not find the language line "mynt_buy_youzan"
ERROR - 2016-04-28 03:34:57 --> Could not find the language line "mynt_buy_taobao"
ERROR - 2016-04-28 03:34:57 --> Could not find the language line "mynt_buy_tmall"
ERROR - 2016-04-28 03:34:57 --> Could not find the language line "mynt_buy_youzan"
ERROR - 2016-04-28 03:35:13 --> Could not find the language line "mynt_buy_taobao"
ERROR - 2016-04-28 03:35:13 --> Could not find the language line "mynt_buy_tmall"
ERROR - 2016-04-28 03:35:13 --> Could not find the language line "mynt_buy_youzan"
ERROR - 2016-04-28 03:35:13 --> Could not find the language line "mynt_icon_taobao"
ERROR - 2016-04-28 03:35:13 --> Could not find the language line "mynt_icon_tmall"
ERROR - 2016-04-28 03:35:13 --> Could not find the language line "mynt_icon_youzan"
ERROR - 2016-04-28 05:35:33 --> Could not find the language line "mynt_buy_taobao"
ERROR - 2016-04-28 05:35:33 --> Could not find the language line "mynt_buy_tmall"
ERROR - 2016-04-28 05:35:33 --> Could not find the language line "mynt_buy_youzan"
ERROR - 2016-04-28 05:35:33 --> Could not find the language line "mynt_icon_taobao"
ERROR - 2016-04-28 05:35:33 --> Could not find the language line "mynt_icon_tmall"
ERROR - 2016-04-28 05:35:33 --> Could not find the language line "mynt_icon_youzan"
ERROR - 2016-04-28 05:35:40 --> Could not find the language line "mynt_buy_taobao"
ERROR - 2016-04-28 05:35:40 --> Could not find the language line "mynt_buy_tmall"
ERROR - 2016-04-28 05:35:40 --> Could not find the language line "mynt_buy_youzan"
ERROR - 2016-04-28 05:35:40 --> Could not find the language line "mynt_icon_taobao"
ERROR - 2016-04-28 05:35:40 --> Could not find the language line "mynt_icon_tmall"
ERROR - 2016-04-28 05:35:40 --> Could not find the language line "mynt_icon_youzan"
ERROR - 2016-04-28 05:35:51 --> Could not find the language line "mynt_buy_taobao"
ERROR - 2016-04-28 05:35:51 --> Could not find the language line "mynt_buy_tmall"
ERROR - 2016-04-28 05:35:51 --> Could not find the language line "mynt_buy_youzan"
ERROR - 2016-04-28 05:35:51 --> Could not find the language line "mynt_icon_taobao"
ERROR - 2016-04-28 05:35:51 --> Could not find the language line "mynt_icon_tmall"
ERROR - 2016-04-28 05:35:51 --> Could not find the language line "mynt_icon_youzan"
ERROR - 2016-04-28 05:35:59 --> Could not find the language line "mynt_buy_taobao"
ERROR - 2016-04-28 05:35:59 --> Could not find the language line "mynt_buy_tmall"
ERROR - 2016-04-28 05:35:59 --> Could not find the language line "mynt_buy_youzan"
ERROR - 2016-04-28 05:35:59 --> Could not find the language line "mynt_icon_taobao"
ERROR - 2016-04-28 05:35:59 --> Could not find the language line "mynt_icon_tmall"
ERROR - 2016-04-28 05:35:59 --> Could not find the language line "mynt_icon_youzan"
ERROR - 2016-04-28 06:01:50 --> Could not find the language line "mynt_buy_taobao"
ERROR - 2016-04-28 06:01:50 --> Could not find the language line "mynt_buy_tmall"
ERROR - 2016-04-28 06:01:50 --> Could not find the language line "mynt_buy_youzan"
ERROR - 2016-04-28 06:01:52 --> Could not find the language line "mynt_buy_taobao"
ERROR - 2016-04-28 06:01:52 --> Could not find the language line "mynt_buy_tmall"
ERROR - 2016-04-28 06:01:52 --> Could not find the language line "mynt_buy_youzan"
ERROR - 2016-04-28 06:01:52 --> Could not find the language line "mynt_icon_taobao"
ERROR - 2016-04-28 06:01:52 --> Could not find the language line "mynt_icon_tmall"
ERROR - 2016-04-28 06:01:52 --> Could not find the language line "mynt_icon_youzan"
ERROR - 2016-04-28 06:01:53 --> Could not find the language line "mynt_buy_taobao"
ERROR - 2016-04-28 06:01:53 --> Could not find the language line "mynt_buy_tmall"
ERROR - 2016-04-28 06:01:53 --> Could not find the language line "mynt_buy_youzan"
ERROR - 2016-04-28 06:01:53 --> Could not find the language line "mynt_icon_taobao"
ERROR - 2016-04-28 06:01:53 --> Could not find the language line "mynt_icon_tmall"
ERROR - 2016-04-28 06:01:53 --> Could not find the language line "mynt_icon_youzan"
ERROR - 2016-04-28 06:01:57 --> Could not find the language line "mynt_buy_taobao"
ERROR - 2016-04-28 06:01:57 --> Could not find the language line "mynt_buy_tmall"
ERROR - 2016-04-28 06:01:57 --> Could not find the language line "mynt_buy_youzan"
ERROR - 2016-04-28 06:01:57 --> Could not find the language line "mynt_icon_taobao"
ERROR - 2016-04-28 06:01:57 --> Could not find the language line "mynt_icon_tmall"
ERROR - 2016-04-28 06:01:57 --> Could not find the language line "mynt_icon_youzan"
ERROR - 2016-04-28 06:05:52 --> Could not find the language line "mynt_buy_taobao"
ERROR - 2016-04-28 06:05:52 --> Could not find the language line "mynt_buy_tmall"
ERROR - 2016-04-28 06:05:52 --> Could not find the language line "mynt_buy_youzan"
ERROR - 2016-04-28 06:05:52 --> Could not find the language line "mynt_icon_taobao"
ERROR - 2016-04-28 06:05:52 --> Could not find the language line "mynt_icon_tmall"
ERROR - 2016-04-28 06:05:52 --> Could not find the language line "mynt_icon_youzan"
ERROR - 2016-04-28 06:06:03 --> Could not find the language line "mynt_buy_taobao"
ERROR - 2016-04-28 06:06:03 --> Could not find the language line "mynt_buy_tmall"
ERROR - 2016-04-28 06:06:03 --> Could not find the language line "mynt_buy_youzan"
ERROR - 2016-04-28 06:06:03 --> Could not find the language line "mynt_icon_taobao"
ERROR - 2016-04-28 06:06:03 --> Could not find the language line "mynt_icon_tmall"
ERROR - 2016-04-28 06:06:03 --> Could not find the language line "mynt_icon_youzan"
ERROR - 2016-04-28 06:06:05 --> Could not find the language line "mynt_buy_taobao"
ERROR - 2016-04-28 06:06:05 --> Could not find the language line "mynt_buy_tmall"
ERROR - 2016-04-28 06:06:05 --> Could not find the language line "mynt_buy_youzan"
ERROR - 2016-04-28 06:06:07 --> Could not find the language line "mynt_buy_taobao"
ERROR - 2016-04-28 06:06:07 --> Could not find the language line "mynt_buy_tmall"
ERROR - 2016-04-28 06:06:07 --> Could not find the language line "mynt_buy_youzan"
ERROR - 2016-04-28 06:06:07 --> Could not find the language line "mynt_icon_taobao"
ERROR - 2016-04-28 06:06:07 --> Could not find the language line "mynt_icon_tmall"
ERROR - 2016-04-28 06:06:07 --> Could not find the language line "mynt_icon_youzan"
ERROR - 2016-04-28 06:14:38 --> Could not find the language line "mynt_buy_taobao"
ERROR - 2016-04-28 06:14:38 --> Could not find the language line "mynt_buy_tmall"
ERROR - 2016-04-28 06:14:38 --> Could not find the language line "mynt_buy_youzan"
ERROR - 2016-04-28 06:14:38 --> Could not find the language line "mynt_icon_taobao"
ERROR - 2016-04-28 06:14:38 --> Could not find the language line "mynt_icon_tmall"
ERROR - 2016-04-28 06:14:38 --> Could not find the language line "mynt_icon_youzan"
ERROR - 2016-04-28 06:14:40 --> Could not find the language line "mynt_buy_taobao"
ERROR - 2016-04-28 06:14:40 --> Could not find the language line "mynt_buy_tmall"
ERROR - 2016-04-28 06:14:40 --> Could not find the language line "mynt_buy_youzan"
ERROR - 2016-04-28 06:14:40 --> Could not find the language line "mynt_icon_taobao"
ERROR - 2016-04-28 06:14:40 --> Could not find the language line "mynt_icon_tmall"
ERROR - 2016-04-28 06:14:40 --> Could not find the language line "mynt_icon_youzan"
ERROR - 2016-04-28 06:14:42 --> Could not find the language line "mynt_buy_taobao"
ERROR - 2016-04-28 06:14:42 --> Could not find the language line "mynt_buy_tmall"
ERROR - 2016-04-28 06:14:42 --> Could not find the language line "mynt_buy_youzan"
ERROR - 2016-04-28 06:14:42 --> Could not find the language line "about_keywords"
ERROR - 2016-04-28 06:14:42 --> Could not find the language line "about_facebook"
ERROR - 2016-04-28 06:14:42 --> Could not find the language line "about_twitter"
ERROR - 2016-04-28 06:14:42 --> Could not find the language line "about_weibo"
ERROR - 2016-04-28 06:14:53 --> Could not find the language line "mynt_buy_taobao"
ERROR - 2016-04-28 06:14:53 --> Could not find the language line "mynt_buy_tmall"
ERROR - 2016-04-28 06:14:53 --> Could not find the language line "mynt_buy_youzan"
ERROR - 2016-04-28 06:14:53 --> Could not find the language line "about_keywords"
ERROR - 2016-04-28 06:14:53 --> Could not find the language line "about_facebook"
ERROR - 2016-04-28 06:14:53 --> Could not find the language line "about_twitter"
ERROR - 2016-04-28 06:14:53 --> Could not find the language line "about_weibo"
ERROR - 2016-04-28 14:20:26 --> Could not find the language line "mynt_buy_amazon"
ERROR - 2016-04-28 14:20:26 --> Could not find the language line "mynt_icon_buy"
ERROR - 2016-04-28 14:20:33 --> Could not find the language line "mynt_buy_amazon"
ERROR - 2016-04-28 14:20:34 --> Could not find the language line "mynt_buy_amazon"
ERROR - 2016-04-28 14:20:34 --> Could not find the language line "mynt_icon_buy"
ERROR - 2016-04-28 14:20:34 --> Could not find the language line "mynt_buy_link_kick"
ERROR - 2016-04-28 14:20:35 --> Could not find the language line "mynt_buy_amazon"
