ERROR - 2017-08-31 07:09:21 --> Could not find the language line "mynt_buy_amazon"
ERROR - 2017-08-31 07:09:21 --> Could not find the language line "about_keywords"
ERROR - 2017-08-31 07:09:21 --> Could not find the language line "about_company"
ERROR - 2017-08-31 07:09:24 --> Could not find the language line "mynt_buy_amazon"
ERROR - 2017-08-31 07:09:24 --> Could not find the language line "about_keywords"
ERROR - 2017-08-31 07:09:24 --> Could not find the language line "about_company"
ERROR - 2017-08-31 07:09:26 --> Could not find the language line "mynt_buy_amazon"
ERROR - 2017-08-31 07:09:26 --> Could not find the language line "about_keywords"
ERROR - 2017-08-31 07:09:26 --> Could not find the language line "about_company"
ERROR - 2017-08-31 07:09:45 --> Could not find the language line "mynt_buy_amazon"
ERROR - 2017-08-31 07:09:45 --> Could not find the language line "about_keywords"
ERROR - 2017-08-31 07:09:45 --> Could not find the language line "about_company"
ERROR - 2017-08-31 07:09:46 --> Could not find the language line "mynt_buy_amazon"
ERROR - 2017-08-31 07:09:46 --> Could not find the language line "about_keywords"
ERROR - 2017-08-31 07:09:46 --> Could not find the language line "about_company"
ERROR - 2017-08-31 07:09:57 --> Could not find the language line "mynt_buy_amazon"
ERROR - 2017-08-31 07:09:57 --> Could not find the language line "about_keywords"
ERROR - 2017-08-31 07:09:57 --> Could not find the language line "about_company"
ERROR - 2017-08-31 07:09:58 --> Could not find the language line "mynt_buy_amazon"
ERROR - 2017-08-31 07:09:58 --> Could not find the language line "about_keywords"
ERROR - 2017-08-31 07:09:58 --> Could not find the language line "about_company"
ERROR - 2017-08-31 07:09:58 --> Could not find the language line "mynt_buy_amazon"
ERROR - 2017-08-31 07:09:58 --> Could not find the language line "about_keywords"
ERROR - 2017-08-31 07:09:58 --> Could not find the language line "about_company"
ERROR - 2017-08-31 07:09:59 --> Could not find the language line "mynt_buy_amazon"
ERROR - 2017-08-31 07:09:59 --> Could not find the language line "about_keywords"
ERROR - 2017-08-31 07:09:59 --> Could not find the language line "about_company"
ERROR - 2017-08-31 07:10:00 --> Could not find the language line "mynt_buy_amazon"
ERROR - 2017-08-31 07:10:00 --> Could not find the language line "about_keywords"
ERROR - 2017-08-31 07:10:00 --> Could not find the language line "about_company"
ERROR - 2017-08-31 07:21:45 --> Could not find the language line "mynt_buy_amazon"
ERROR - 2017-08-31 07:22:48 --> Could not find the language line "mynt_buy_amazon"
ERROR - 2017-08-31 07:23:02 --> Could not find the language line "mynt_buy_amazon"
ERROR - 2017-08-31 07:23:24 --> Could not find the language line "mynt_buy_amazon"
ERROR - 2017-08-31 07:23:24 --> Could not find the language line "home_slife_title"
ERROR - 2017-08-31 07:23:24 --> Could not find the language line "mynt_icon_buy"
ERROR - 2017-08-31 07:23:25 --> Could not find the language line "mynt_buy_amazon"
ERROR - 2017-08-31 07:23:25 --> Could not find the language line "home_slife_title"
ERROR - 2017-08-31 07:23:25 --> Could not find the language line "mynt_icon_buy"
ERROR - 2017-08-31 07:23:36 --> Could not find the language line "mynt_buy_amazon"
ERROR - 2017-08-31 07:23:36 --> Could not find the language line "home_slife_title"
ERROR - 2017-08-31 07:23:36 --> Could not find the language line "mynt_icon_buy"
ERROR - 2017-08-31 07:23:37 --> Could not find the language line "mynt_buy_amazon"
ERROR - 2017-08-31 07:23:37 --> Could not find the language line "home_slife_title"
ERROR - 2017-08-31 07:23:37 --> Could not find the language line "mynt_icon_buy"
ERROR - 2017-08-31 07:30:54 --> Could not find the language line "mynt_buy_amazon"
ERROR - 2017-08-31 07:51:24 --> Could not find the language line "mynt_buy_amazon"
ERROR - 2017-08-31 07:54:04 --> Could not find the language line "mynt_buy_amazon"
ERROR - 2017-08-31 07:54:56 --> Could not find the language line "mynt_buy_amazon"
ERROR - 2017-08-31 07:55:15 --> Could not find the language line "mynt_buy_amazon"
ERROR - 2017-08-31 07:59:27 --> Could not find the language line "mynt_buy_amazon"
ERROR - 2017-08-31 07:59:54 --> Could not find the language line "mynt_buy_amazon"
ERROR - 2017-08-31 08:00:27 --> Could not find the language line "mynt_buy_amazon"
ERROR - 2017-08-31 08:00:27 --> Could not find the language line "home_slife_title"
ERROR - 2017-08-31 08:00:27 --> Could not find the language line "mynt_icon_buy"
ERROR - 2017-08-31 08:00:51 --> Could not find the language line "mynt_buy_amazon"
ERROR - 2017-08-31 08:00:51 --> Could not find the language line "home_slife_title"
ERROR - 2017-08-31 08:00:51 --> Could not find the language line "mynt_icon_buy"
ERROR - 2017-08-31 08:00:53 --> Could not find the language line "mynt_buy_amazon"
ERROR - 2017-08-31 08:00:57 --> Could not find the language line "mynt_buy_amazon"
ERROR - 2017-08-31 08:01:03 --> Could not find the language line "mynt_buy_amazon"
ERROR - 2017-08-31 08:01:03 --> Could not find the language line "about_keywords"
ERROR - 2017-08-31 08:01:03 --> Could not find the language line "about_company"
ERROR - 2017-08-31 08:04:39 --> Could not find the language line "mynt_buy_amazon"
ERROR - 2017-08-31 08:04:39 --> Could not find the language line "home_slife_title"
ERROR - 2017-08-31 08:04:39 --> Could not find the language line "mynt_icon_buy"
ERROR - 2017-08-31 08:04:50 --> Could not find the language line "mynt_buy_amazon"
ERROR - 2017-08-31 08:06:18 --> Could not find the language line "mynt_buy_amazon"
ERROR - 2017-08-31 08:06:23 --> Could not find the language line "mynt_buy_amazon"
ERROR - 2017-08-31 08:06:23 --> Could not find the language line "home_slife_title"
ERROR - 2017-08-31 08:06:23 --> Could not find the language line "mynt_icon_buy"
ERROR - 2017-08-31 08:07:21 --> Could not find the language line "mynt_buy_amazon"
ERROR - 2017-08-31 08:07:43 --> Could not find the language line "mynt_buy_amazon"
ERROR - 2017-08-31 08:07:43 --> Could not find the language line "home_slife_title"
ERROR - 2017-08-31 08:07:43 --> Could not find the language line "mynt_icon_buy"
ERROR - 2017-08-31 08:09:34 --> Could not find the language line "mynt_buy_amazon"
ERROR - 2017-08-31 08:09:34 --> Could not find the language line "home_slife_title"
ERROR - 2017-08-31 08:09:34 --> Could not find the language line "mynt_icon_buy"
ERROR - 2017-08-31 08:09:35 --> Could not find the language line "mynt_buy_amazon"
ERROR - 2017-08-31 08:09:35 --> Could not find the language line "home_slife_title"
ERROR - 2017-08-31 08:09:35 --> Could not find the language line "mynt_icon_buy"
ERROR - 2017-08-31 08:32:19 --> Could not find the language line "mynt_buy_amazon"
ERROR - 2017-08-31 08:33:58 --> Could not find the language line "mynt_buy_amazon"
ERROR - 2017-08-31 08:33:58 --> Could not find the language line "about_keywords"
ERROR - 2017-08-31 08:33:58 --> Could not find the language line "about_company"
ERROR - 2017-08-31 08:35:06 --> Could not find the language line "mynt_buy_amazon"
ERROR - 2017-08-31 08:35:06 --> Could not find the language line "about_keywords"
ERROR - 2017-08-31 08:35:06 --> Could not find the language line "about_company"
ERROR - 2017-08-31 08:35:28 --> Could not find the language line "mynt_buy_amazon"
ERROR - 2017-08-31 08:35:28 --> Could not find the language line "about_keywords"
ERROR - 2017-08-31 08:35:28 --> Could not find the language line "about_company"
ERROR - 2017-08-31 08:35:29 --> Could not find the language line "mynt_buy_amazon"
ERROR - 2017-08-31 08:35:29 --> Could not find the language line "about_keywords"
ERROR - 2017-08-31 08:35:29 --> Could not find the language line "about_company"
ERROR - 2017-08-31 08:35:46 --> Could not find the language line "mynt_buy_amazon"
ERROR - 2017-08-31 08:35:46 --> Could not find the language line "about_keywords"
ERROR - 2017-08-31 08:35:46 --> Could not find the language line "about_company"
ERROR - 2017-08-31 08:35:50 --> Could not find the language line "mynt_buy_amazon"
ERROR - 2017-08-31 08:35:53 --> Could not find the language line "mynt_buy_amazon"
ERROR - 2017-08-31 08:36:14 --> Could not find the language line "mynt_buy_amazon"
ERROR - 2017-08-31 08:36:18 --> Could not find the language line "mynt_buy_amazon"
ERROR - 2017-08-31 08:36:20 --> Could not find the language line "mynt_buy_amazon"
ERROR - 2017-08-31 08:36:20 --> Could not find the language line "about_keywords"
ERROR - 2017-08-31 08:36:20 --> Could not find the language line "about_company"
ERROR - 2017-08-31 08:39:53 --> Could not find the language line "mynt_buy_amazon"
ERROR - 2017-08-31 08:39:53 --> Could not find the language line "about_keywords"
ERROR - 2017-08-31 08:39:53 --> Could not find the language line "about_company"
ERROR - 2017-08-31 08:43:22 --> Could not find the language line "mynt_buy_amazon"
ERROR - 2017-08-31 08:43:22 --> Could not find the language line "about_keywords"
ERROR - 2017-08-31 08:43:22 --> Could not find the language line "about_company"
ERROR - 2017-08-31 08:43:23 --> Could not find the language line "mynt_buy_amazon"
ERROR - 2017-08-31 08:43:23 --> Could not find the language line "about_keywords"
ERROR - 2017-08-31 08:43:23 --> Could not find the language line "about_company"
ERROR - 2017-08-31 08:43:24 --> Could not find the language line "mynt_buy_amazon"
ERROR - 2017-08-31 08:43:24 --> Could not find the language line "about_keywords"
ERROR - 2017-08-31 08:43:24 --> Could not find the language line "about_company"
ERROR - 2017-08-31 08:43:24 --> Could not find the language line "mynt_buy_amazon"
ERROR - 2017-08-31 08:43:24 --> Could not find the language line "about_keywords"
ERROR - 2017-08-31 08:43:24 --> Could not find the language line "about_company"
ERROR - 2017-08-31 08:43:24 --> Could not find the language line "mynt_buy_amazon"
ERROR - 2017-08-31 08:43:24 --> Could not find the language line "about_keywords"
ERROR - 2017-08-31 08:43:24 --> Could not find the language line "about_company"
ERROR - 2017-08-31 08:43:25 --> Could not find the language line "mynt_buy_amazon"
ERROR - 2017-08-31 08:43:25 --> Could not find the language line "about_keywords"
ERROR - 2017-08-31 08:43:25 --> Could not find the language line "about_company"
ERROR - 2017-08-31 08:44:02 --> Could not find the language line "mynt_buy_amazon"
ERROR - 2017-08-31 08:44:02 --> Could not find the language line "about_keywords"
ERROR - 2017-08-31 08:44:02 --> Could not find the language line "about_company"
ERROR - 2017-08-31 08:51:08 --> Could not find the language line "mynt_buy_amazon"
ERROR - 2017-08-31 08:51:08 --> Could not find the language line "about_keywords"
ERROR - 2017-08-31 08:51:08 --> Could not find the language line "about_company"
ERROR - 2017-08-31 08:52:05 --> Could not find the language line "mynt_buy_amazon"
ERROR - 2017-08-31 08:52:05 --> Could not find the language line "about_keywords"
ERROR - 2017-08-31 08:52:05 --> Could not find the language line "about_company"
ERROR - 2017-08-31 08:52:07 --> Could not find the language line "mynt_buy_amazon"
ERROR - 2017-08-31 08:52:07 --> Could not find the language line "about_keywords"
ERROR - 2017-08-31 08:52:07 --> Could not find the language line "about_company"
ERROR - 2017-08-31 08:52:42 --> Could not find the language line "mynt_buy_amazon"
ERROR - 2017-08-31 08:52:42 --> Could not find the language line "about_keywords"
ERROR - 2017-08-31 08:52:42 --> Could not find the language line "about_company"
ERROR - 2017-08-31 08:52:43 --> Could not find the language line "mynt_buy_amazon"
ERROR - 2017-08-31 08:52:43 --> Could not find the language line "about_keywords"
ERROR - 2017-08-31 08:52:43 --> Could not find the language line "about_company"
ERROR - 2017-08-31 08:57:05 --> Could not find the language line "mynt_buy_amazon"
ERROR - 2017-08-31 08:57:05 --> Could not find the language line "home_slife_title"
ERROR - 2017-08-31 08:57:05 --> Could not find the language line "mynt_icon_buy"
ERROR - 2017-08-31 08:57:22 --> Could not find the language line "mynt_buy_amazon"
ERROR - 2017-08-31 08:57:22 --> Could not find the language line "home_slife_title"
ERROR - 2017-08-31 08:57:22 --> Could not find the language line "mynt_icon_buy"
ERROR - 2017-08-31 08:57:23 --> Could not find the language line "mynt_buy_amazon"
ERROR - 2017-08-31 08:57:23 --> Could not find the language line "home_slife_title"
ERROR - 2017-08-31 08:57:23 --> Could not find the language line "mynt_icon_buy"
ERROR - 2017-08-31 09:02:14 --> Could not find the language line "mynt_buy_amazon"
ERROR - 2017-08-31 09:02:14 --> Could not find the language line "home_slife_title"
ERROR - 2017-08-31 09:02:14 --> Could not find the language line "mynt_icon_buy"
ERROR - 2017-08-31 09:02:15 --> Could not find the language line "mynt_buy_amazon"
ERROR - 2017-08-31 09:02:15 --> Could not find the language line "home_slife_title"
ERROR - 2017-08-31 09:02:15 --> Could not find the language line "mynt_icon_buy"
ERROR - 2017-08-31 09:02:16 --> Could not find the language line "mynt_buy_amazon"
ERROR - 2017-08-31 09:02:16 --> Could not find the language line "home_slife_title"
ERROR - 2017-08-31 09:02:16 --> Could not find the language line "mynt_icon_buy"
ERROR - 2017-08-31 09:02:18 --> Could not find the language line "mynt_buy_amazon"
ERROR - 2017-08-31 09:02:18 --> Could not find the language line "home_slife_title"
ERROR - 2017-08-31 09:02:18 --> Could not find the language line "mynt_icon_buy"
ERROR - 2017-08-31 09:02:20 --> Could not find the language line "mynt_buy_amazon"
ERROR - 2017-08-31 09:02:20 --> Could not find the language line "home_slife_title"
ERROR - 2017-08-31 09:02:20 --> Could not find the language line "mynt_icon_buy"
ERROR - 2017-08-31 09:02:20 --> Could not find the language line "mynt_buy_amazon"
ERROR - 2017-08-31 09:02:20 --> Could not find the language line "home_slife_title"
ERROR - 2017-08-31 09:02:20 --> Could not find the language line "mynt_icon_buy"
ERROR - 2017-08-31 09:02:21 --> Could not find the language line "mynt_buy_amazon"
ERROR - 2017-08-31 09:02:21 --> Could not find the language line "home_slife_title"
ERROR - 2017-08-31 09:02:21 --> Could not find the language line "mynt_icon_buy"
ERROR - 2017-08-31 09:03:12 --> Could not find the language line "mynt_buy_amazon"
ERROR - 2017-08-31 09:07:08 --> Could not find the language line "mynt_buy_amazon"
ERROR - 2017-08-31 09:07:13 --> Could not find the language line "mynt_buy_amazon"
ERROR - 2017-08-31 09:07:14 --> Could not find the language line "mynt_buy_amazon"
ERROR - 2017-08-31 09:07:19 --> Could not find the language line "mynt_buy_amazon"
ERROR - 2017-08-31 09:07:19 --> Could not find the language line "home_slife_title"
ERROR - 2017-08-31 09:07:19 --> Could not find the language line "mynt_icon_buy"
ERROR - 2017-08-31 09:07:20 --> Could not find the language line "mynt_buy_amazon"
ERROR - 2017-08-31 09:07:20 --> Could not find the language line "home_slife_title"
ERROR - 2017-08-31 09:07:20 --> Could not find the language line "mynt_icon_buy"
ERROR - 2017-08-31 09:07:20 --> Could not find the language line "mynt_buy_amazon"
ERROR - 2017-08-31 09:07:20 --> Could not find the language line "home_slife_title"
ERROR - 2017-08-31 09:07:20 --> Could not find the language line "mynt_icon_buy"
ERROR - 2017-08-31 09:07:21 --> Could not find the language line "mynt_buy_amazon"
ERROR - 2017-08-31 09:07:21 --> Could not find the language line "home_slife_title"
ERROR - 2017-08-31 09:07:21 --> Could not find the language line "mynt_icon_buy"
ERROR - 2017-08-31 09:07:21 --> Could not find the language line "mynt_buy_amazon"
ERROR - 2017-08-31 09:07:21 --> Could not find the language line "home_slife_title"
ERROR - 2017-08-31 09:07:21 --> Could not find the language line "mynt_icon_buy"
ERROR - 2017-08-31 09:07:23 --> Could not find the language line "mynt_buy_amazon"
ERROR - 2017-08-31 09:07:23 --> Could not find the language line "home_slife_title"
ERROR - 2017-08-31 09:07:23 --> Could not find the language line "mynt_icon_buy"
ERROR - 2017-08-31 09:07:25 --> Could not find the language line "mynt_buy_amazon"
ERROR - 2017-08-31 09:07:28 --> Could not find the language line "mynt_buy_amazon"
ERROR - 2017-08-31 09:07:28 --> Could not find the language line "home_slife_title"
ERROR - 2017-08-31 09:07:28 --> Could not find the language line "mynt_icon_buy"
ERROR - 2017-08-31 09:07:29 --> Could not find the language line "mynt_buy_amazon"
ERROR - 2017-08-31 09:07:29 --> Could not find the language line "home_slife_title"
ERROR - 2017-08-31 09:07:29 --> Could not find the language line "mynt_icon_buy"
ERROR - 2017-08-31 09:08:02 --> Could not find the language line "mynt_buy_amazon"
ERROR - 2017-08-31 09:08:02 --> Could not find the language line "home_slife_title"
ERROR - 2017-08-31 09:08:02 --> Could not find the language line "mynt_icon_buy"
ERROR - 2017-08-31 09:08:03 --> Could not find the language line "mynt_buy_amazon"
ERROR - 2017-08-31 09:08:03 --> Could not find the language line "home_slife_title"
ERROR - 2017-08-31 09:08:03 --> Could not find the language line "mynt_icon_buy"
ERROR - 2017-08-31 09:08:04 --> Could not find the language line "mynt_buy_amazon"
ERROR - 2017-08-31 09:08:04 --> Could not find the language line "home_slife_title"
ERROR - 2017-08-31 09:08:04 --> Could not find the language line "mynt_icon_buy"
ERROR - 2017-08-31 09:08:04 --> Could not find the language line "mynt_buy_amazon"
ERROR - 2017-08-31 09:08:04 --> Could not find the language line "home_slife_title"
ERROR - 2017-08-31 09:08:04 --> Could not find the language line "mynt_icon_buy"
ERROR - 2017-08-31 09:08:05 --> Could not find the language line "mynt_buy_amazon"
ERROR - 2017-08-31 09:08:05 --> Could not find the language line "home_slife_title"
ERROR - 2017-08-31 09:08:05 --> Could not find the language line "mynt_icon_buy"
ERROR - 2017-08-31 09:08:05 --> Could not find the language line "mynt_buy_amazon"
ERROR - 2017-08-31 09:08:05 --> Could not find the language line "home_slife_title"
ERROR - 2017-08-31 09:08:05 --> Could not find the language line "mynt_icon_buy"
ERROR - 2017-08-31 09:08:05 --> Could not find the language line "mynt_buy_amazon"
ERROR - 2017-08-31 09:08:05 --> Could not find the language line "home_slife_title"
ERROR - 2017-08-31 09:08:05 --> Could not find the language line "mynt_icon_buy"
ERROR - 2017-08-31 09:08:08 --> Could not find the language line "mynt_buy_amazon"
ERROR - 2017-08-31 09:08:08 --> Could not find the language line "home_slife_title"
ERROR - 2017-08-31 09:08:08 --> Could not find the language line "mynt_icon_buy"
ERROR - 2017-08-31 09:08:08 --> Could not find the language line "mynt_buy_amazon"
ERROR - 2017-08-31 09:08:08 --> Could not find the language line "home_slife_title"
ERROR - 2017-08-31 09:08:08 --> Could not find the language line "mynt_icon_buy"
ERROR - 2017-08-31 09:08:09 --> Could not find the language line "mynt_buy_amazon"
ERROR - 2017-08-31 09:08:09 --> Could not find the language line "home_slife_title"
ERROR - 2017-08-31 09:08:09 --> Could not find the language line "mynt_icon_buy"
ERROR - 2017-08-31 09:08:19 --> Could not find the language line "mynt_buy_amazon"
ERROR - 2017-08-31 09:08:19 --> Could not find the language line "home_slife_title"
ERROR - 2017-08-31 09:08:19 --> Could not find the language line "mynt_icon_buy"
ERROR - 2017-08-31 09:09:44 --> Could not find the language line "mynt_buy_amazon"
ERROR - 2017-08-31 09:09:44 --> Could not find the language line "home_slife_title"
ERROR - 2017-08-31 09:09:44 --> Could not find the language line "mynt_icon_buy"
ERROR - 2017-08-31 09:09:47 --> Could not find the language line "mynt_buy_amazon"
ERROR - 2017-08-31 09:09:47 --> Could not find the language line "home_slife_title"
ERROR - 2017-08-31 09:09:47 --> Could not find the language line "mynt_icon_buy"
ERROR - 2017-08-31 09:11:08 --> Could not find the language line "mynt_buy_amazon"
ERROR - 2017-08-31 09:11:17 --> Could not find the language line "mynt_buy_amazon"
ERROR - 2017-08-31 09:11:35 --> Could not find the language line "mynt_buy_amazon"
ERROR - 2017-08-31 09:11:35 --> Could not find the language line "mynt_buy_amazon"
ERROR - 2017-08-31 09:11:36 --> Could not find the language line "mynt_buy_amazon"
ERROR - 2017-08-31 09:11:36 --> Could not find the language line "mynt_buy_amazon"
ERROR - 2017-08-31 09:12:26 --> Could not find the language line "mynt_buy_amazon"
ERROR - 2017-08-31 09:12:30 --> Could not find the language line "mynt_buy_amazon"
ERROR - 2017-08-31 09:15:55 --> Could not find the language line "mynt_buy_amazon"
ERROR - 2017-08-31 09:15:55 --> Could not find the language line "home_slife_title"
ERROR - 2017-08-31 09:15:55 --> Could not find the language line "mynt_icon_buy"
ERROR - 2017-08-31 09:22:45 --> Could not find the language line "mynt_buy_amazon"
ERROR - 2017-08-31 09:22:45 --> Could not find the language line "home_slife_title"
ERROR - 2017-08-31 09:22:45 --> Could not find the language line "mynt_icon_buy"
ERROR - 2017-08-31 09:22:47 --> Could not find the language line "mynt_buy_amazon"
ERROR - 2017-08-31 09:22:47 --> Could not find the language line "home_slife_title"
ERROR - 2017-08-31 09:22:47 --> Could not find the language line "mynt_icon_buy"
ERROR - 2017-08-31 09:23:43 --> Could not find the language line "mynt_buy_amazon"
ERROR - 2017-08-31 09:23:43 --> Could not find the language line "home_slife_title"
ERROR - 2017-08-31 09:23:43 --> Could not find the language line "mynt_icon_buy"
ERROR - 2017-08-31 09:25:30 --> Could not find the language line "mynt_buy_amazon"
ERROR - 2017-08-31 09:25:32 --> Could not find the language line "mynt_buy_amazon"
ERROR - 2017-08-31 09:26:48 --> Could not find the language line "mynt_buy_amazon"
ERROR - 2017-08-31 09:26:48 --> Could not find the language line "home_slife_title"
ERROR - 2017-08-31 09:26:48 --> Could not find the language line "mynt_icon_buy"
ERROR - 2017-08-31 09:26:59 --> Could not find the language line "mynt_buy_amazon"
ERROR - 2017-08-31 09:26:59 --> Could not find the language line "about_keywords"
ERROR - 2017-08-31 09:26:59 --> Could not find the language line "about_company"
ERROR - 2017-08-31 09:27:05 --> Could not find the language line "mynt_buy_amazon"
ERROR - 2017-08-31 09:27:05 --> Could not find the language line "about_keywords"
ERROR - 2017-08-31 09:27:05 --> Could not find the language line "about_company"
ERROR - 2017-08-31 09:27:09 --> Could not find the language line "mynt_buy_amazon"
ERROR - 2017-08-31 09:27:09 --> Could not find the language line "about_keywords"
ERROR - 2017-08-31 09:27:09 --> Could not find the language line "about_company"
ERROR - 2017-08-31 09:27:25 --> Could not find the language line "mynt_buy_amazon"
ERROR - 2017-08-31 09:30:38 --> Could not find the language line "mynt_buy_amazon"
ERROR - 2017-08-31 09:30:46 --> Could not find the language line "mynt_buy_amazon"
ERROR - 2017-08-31 09:31:02 --> Could not find the language line "mynt_buy_amazon"
ERROR - 2017-08-31 09:39:34 --> Could not find the language line "mynt_buy_amazon"
ERROR - 2017-08-31 09:41:39 --> Could not find the language line "mynt_buy_amazon"
ERROR - 2017-08-31 09:41:46 --> Could not find the language line "mynt_buy_amazon"
ERROR - 2017-08-31 09:41:54 --> Could not find the language line "mynt_buy_amazon"
ERROR - 2017-08-31 09:41:55 --> Could not find the language line "mynt_buy_amazon"
ERROR - 2017-08-31 09:41:55 --> Could not find the language line "about_keywords"
ERROR - 2017-08-31 09:41:55 --> Could not find the language line "about_company"
ERROR - 2017-08-31 09:48:02 --> Could not find the language line "mynt_buy_amazon"
ERROR - 2017-08-31 09:48:02 --> Could not find the language line "about_keywords"
ERROR - 2017-08-31 09:48:02 --> Could not find the language line "about_company"
ERROR - 2017-08-31 09:48:28 --> Could not find the language line "mynt_buy_amazon"
ERROR - 2017-08-31 09:48:28 --> Could not find the language line "about_keywords"
ERROR - 2017-08-31 09:48:28 --> Could not find the language line "about_company"
ERROR - 2017-08-31 09:57:07 --> Could not find the language line "mynt_buy_amazon"
ERROR - 2017-08-31 09:57:07 --> Could not find the language line "about_keywords"
ERROR - 2017-08-31 09:57:07 --> Could not find the language line "about_company"
ERROR - 2017-08-31 09:57:15 --> Could not find the language line "mynt_buy_amazon"
ERROR - 2017-08-31 09:57:19 --> Could not find the language line "mynt_buy_amazon"
ERROR - 2017-08-31 09:57:43 --> Could not find the language line "mynt_buy_amazon"
ERROR - 2017-08-31 10:03:39 --> Could not find the language line "mynt_buy_amazon"
ERROR - 2017-08-31 10:03:39 --> Could not find the language line "home_slife_title"
ERROR - 2017-08-31 10:03:39 --> Could not find the language line "mynt_icon_buy"
ERROR - 2017-08-31 10:03:52 --> Could not find the language line "mynt_buy_amazon"
ERROR - 2017-08-31 10:03:52 --> Could not find the language line "about_keywords"
ERROR - 2017-08-31 10:03:52 --> Could not find the language line "about_company"
ERROR - 2017-08-31 10:03:53 --> Could not find the language line "mynt_buy_amazon"
ERROR - 2017-08-31 10:03:53 --> Could not find the language line "about_keywords"
ERROR - 2017-08-31 10:03:53 --> Could not find the language line "about_company"
ERROR - 2017-08-31 10:03:54 --> Could not find the language line "mynt_buy_amazon"
ERROR - 2017-08-31 10:03:54 --> Could not find the language line "about_keywords"
ERROR - 2017-08-31 10:03:54 --> Could not find the language line "about_company"
ERROR - 2017-08-31 10:03:55 --> Could not find the language line "mynt_buy_amazon"
ERROR - 2017-08-31 10:03:55 --> Could not find the language line "about_keywords"
ERROR - 2017-08-31 10:03:55 --> Could not find the language line "about_company"
ERROR - 2017-08-31 10:03:56 --> Could not find the language line "mynt_buy_amazon"
ERROR - 2017-08-31 10:03:56 --> Could not find the language line "about_keywords"
ERROR - 2017-08-31 10:03:56 --> Could not find the language line "about_company"
ERROR - 2017-08-31 10:03:56 --> Could not find the language line "mynt_buy_amazon"
ERROR - 2017-08-31 10:03:56 --> Could not find the language line "about_keywords"
ERROR - 2017-08-31 10:03:56 --> Could not find the language line "about_company"
ERROR - 2017-08-31 10:03:57 --> Could not find the language line "mynt_buy_amazon"
ERROR - 2017-08-31 10:03:57 --> Could not find the language line "about_keywords"
ERROR - 2017-08-31 10:03:57 --> Could not find the language line "about_company"
ERROR - 2017-08-31 10:03:57 --> Could not find the language line "mynt_buy_amazon"
ERROR - 2017-08-31 10:03:57 --> Could not find the language line "about_keywords"
ERROR - 2017-08-31 10:03:57 --> Could not find the language line "about_company"
ERROR - 2017-08-31 10:03:58 --> Could not find the language line "mynt_buy_amazon"
ERROR - 2017-08-31 10:03:58 --> Could not find the language line "about_keywords"
ERROR - 2017-08-31 10:03:58 --> Could not find the language line "about_company"
ERROR - 2017-08-31 10:03:58 --> Could not find the language line "mynt_buy_amazon"
ERROR - 2017-08-31 10:03:58 --> Could not find the language line "about_keywords"
ERROR - 2017-08-31 10:03:58 --> Could not find the language line "about_company"
ERROR - 2017-08-31 10:04:15 --> Could not find the language line "mynt_buy_amazon"
ERROR - 2017-08-31 10:04:15 --> Could not find the language line "about_keywords"
ERROR - 2017-08-31 10:04:15 --> Could not find the language line "about_company"
ERROR - 2017-08-31 10:04:16 --> Could not find the language line "mynt_buy_amazon"
ERROR - 2017-08-31 10:04:16 --> Could not find the language line "about_keywords"
ERROR - 2017-08-31 10:04:16 --> Could not find the language line "about_company"
ERROR - 2017-08-31 10:04:43 --> Could not find the language line "mynt_buy_amazon"
ERROR - 2017-08-31 10:04:43 --> Could not find the language line "about_keywords"
ERROR - 2017-08-31 10:04:43 --> Could not find the language line "about_company"
ERROR - 2017-08-31 10:04:44 --> Could not find the language line "mynt_buy_amazon"
ERROR - 2017-08-31 10:04:44 --> Could not find the language line "about_keywords"
ERROR - 2017-08-31 10:04:44 --> Could not find the language line "about_company"
ERROR - 2017-08-31 10:04:44 --> Could not find the language line "mynt_buy_amazon"
ERROR - 2017-08-31 10:04:44 --> Could not find the language line "about_keywords"
ERROR - 2017-08-31 10:04:44 --> Could not find the language line "about_company"
ERROR - 2017-08-31 10:04:44 --> Could not find the language line "mynt_buy_amazon"
ERROR - 2017-08-31 10:04:44 --> Could not find the language line "about_keywords"
ERROR - 2017-08-31 10:04:44 --> Could not find the language line "about_company"
ERROR - 2017-08-31 10:04:44 --> Could not find the language line "mynt_buy_amazon"
ERROR - 2017-08-31 10:04:44 --> Could not find the language line "about_keywords"
ERROR - 2017-08-31 10:04:44 --> Could not find the language line "about_company"
ERROR - 2017-08-31 10:04:44 --> Could not find the language line "mynt_buy_amazon"
ERROR - 2017-08-31 10:04:44 --> Could not find the language line "about_keywords"
ERROR - 2017-08-31 10:04:44 --> Could not find the language line "about_company"
ERROR - 2017-08-31 10:04:45 --> Could not find the language line "mynt_buy_amazon"
ERROR - 2017-08-31 10:04:45 --> Could not find the language line "about_keywords"
ERROR - 2017-08-31 10:04:45 --> Could not find the language line "about_company"
ERROR - 2017-08-31 10:04:45 --> Could not find the language line "mynt_buy_amazon"
ERROR - 2017-08-31 10:04:45 --> Could not find the language line "about_keywords"
ERROR - 2017-08-31 10:04:45 --> Could not find the language line "about_company"
ERROR - 2017-08-31 10:04:45 --> Could not find the language line "mynt_buy_amazon"
ERROR - 2017-08-31 10:04:45 --> Could not find the language line "about_keywords"
ERROR - 2017-08-31 10:04:45 --> Could not find the language line "about_company"
ERROR - 2017-08-31 10:04:56 --> Could not find the language line "mynt_buy_amazon"
ERROR - 2017-08-31 10:04:56 --> Could not find the language line "about_keywords"
ERROR - 2017-08-31 10:04:56 --> Could not find the language line "about_company"
ERROR - 2017-08-31 10:11:35 --> Could not find the language line "mynt_buy_amazon"
ERROR - 2017-08-31 10:11:35 --> Could not find the language line "about_keywords"
ERROR - 2017-08-31 10:11:35 --> Could not find the language line "about_company"
ERROR - 2017-08-31 10:50:49 --> Could not find the language line "mynt_buy_amazon"
ERROR - 2017-08-31 11:53:01 --> Could not find the language line "mynt_buy_amazon"
ERROR - 2017-08-31 11:53:01 --> Could not find the language line "about_keywords"
ERROR - 2017-08-31 11:53:01 --> Could not find the language line "about_company"
