ERROR - 2017-09-14 02:36:32 --> Could not find the language line "mynt_buy_amazon"
ERROR - 2017-09-14 02:36:32 --> Could not find the language line "about_keywords"
ERROR - 2017-09-14 02:36:32 --> Could not find the language line "about_company"
ERROR - 2017-09-14 02:39:52 --> Could not find the language line "mynt_buy_amazon"
ERROR - 2017-09-14 02:39:52 --> Could not find the language line "about_keywords"
ERROR - 2017-09-14 02:39:52 --> Could not find the language line "about_company"
ERROR - 2017-09-14 02:42:33 --> Could not find the language line "mynt_buy_amazon"
ERROR - 2017-09-14 02:42:33 --> Could not find the language line "about_keywords"
ERROR - 2017-09-14 02:42:33 --> Could not find the language line "about_company"
ERROR - 2017-09-14 02:43:03 --> Could not find the language line "mynt_buy_amazon"
ERROR - 2017-09-14 02:43:03 --> Could not find the language line "about_keywords"
ERROR - 2017-09-14 02:43:03 --> Could not find the language line "about_company"
ERROR - 2017-09-14 02:44:06 --> Could not find the language line "mynt_buy_amazon"
ERROR - 2017-09-14 02:44:06 --> Could not find the language line "about_keywords"
ERROR - 2017-09-14 02:44:06 --> Could not find the language line "about_company"
ERROR - 2017-09-14 02:44:49 --> Could not find the language line "mynt_buy_amazon"
ERROR - 2017-09-14 02:44:49 --> Could not find the language line "about_keywords"
ERROR - 2017-09-14 02:44:49 --> Could not find the language line "about_company"
ERROR - 2017-09-14 02:45:12 --> Could not find the language line "mynt_buy_amazon"
ERROR - 2017-09-14 02:45:12 --> Could not find the language line "about_keywords"
ERROR - 2017-09-14 02:45:12 --> Could not find the language line "about_company"
ERROR - 2017-09-14 02:51:21 --> Could not find the language line "mynt_buy_amazon"
ERROR - 2017-09-14 02:51:21 --> Could not find the language line "about_keywords"
ERROR - 2017-09-14 02:51:21 --> Could not find the language line "about_company"
ERROR - 2017-09-14 02:51:39 --> Could not find the language line "mynt_buy_amazon"
ERROR - 2017-09-14 02:51:39 --> Could not find the language line "about_keywords"
ERROR - 2017-09-14 02:51:39 --> Could not find the language line "about_company"
ERROR - 2017-09-14 06:15:44 --> Could not find the language line "mynt_buy_amazon"
ERROR - 2017-09-14 06:15:44 --> Could not find the language line "about_keywords"
ERROR - 2017-09-14 06:15:44 --> Could not find the language line "about_company"
ERROR - 2017-09-14 06:16:00 --> Could not find the language line "mynt_buy_amazon"
ERROR - 2017-09-14 06:16:00 --> Could not find the language line "about_keywords"
ERROR - 2017-09-14 06:16:00 --> Could not find the language line "about_company"
ERROR - 2017-09-14 06:16:00 --> Could not find the language line "mynt_buy_amazon"
ERROR - 2017-09-14 06:16:00 --> Could not find the language line "about_keywords"
ERROR - 2017-09-14 06:16:00 --> Could not find the language line "about_company"
ERROR - 2017-09-14 06:16:30 --> Could not find the language line "mynt_buy_amazon"
ERROR - 2017-09-14 06:16:30 --> Could not find the language line "about_keywords"
ERROR - 2017-09-14 06:16:30 --> Could not find the language line "about_company"
ERROR - 2017-09-14 06:27:31 --> Could not find the language line "mynt_buy_amazon"
ERROR - 2017-09-14 06:27:31 --> Could not find the language line "about_keywords"
ERROR - 2017-09-14 06:27:31 --> Could not find the language line "about_company"
ERROR - 2017-09-14 06:31:41 --> Could not find the language line "mynt_buy_amazon"
ERROR - 2017-09-14 06:31:41 --> Could not find the language line "about_keywords"
ERROR - 2017-09-14 06:31:41 --> Could not find the language line "about_company"
ERROR - 2017-09-14 06:33:14 --> Could not find the language line "mynt_buy_amazon"
ERROR - 2017-09-14 06:33:14 --> Could not find the language line "about_keywords"
ERROR - 2017-09-14 06:33:14 --> Could not find the language line "about_company"
ERROR - 2017-09-14 06:35:35 --> Could not find the language line "mynt_buy_amazon"
ERROR - 2017-09-14 06:35:35 --> Could not find the language line "about_keywords"
ERROR - 2017-09-14 06:35:35 --> Could not find the language line "about_company"
ERROR - 2017-09-14 06:35:36 --> Could not find the language line "mynt_buy_amazon"
ERROR - 2017-09-14 06:35:36 --> Could not find the language line "about_keywords"
ERROR - 2017-09-14 06:35:36 --> Could not find the language line "about_company"
ERROR - 2017-09-14 06:37:31 --> Could not find the language line "mynt_buy_amazon"
ERROR - 2017-09-14 06:37:31 --> Could not find the language line "about_keywords"
ERROR - 2017-09-14 06:37:31 --> Could not find the language line "about_company"
ERROR - 2017-09-14 06:38:58 --> Could not find the language line "mynt_buy_amazon"
ERROR - 2017-09-14 06:38:58 --> Could not find the language line "about_keywords"
ERROR - 2017-09-14 06:38:58 --> Could not find the language line "about_company"
ERROR - 2017-09-14 06:42:14 --> Could not find the language line "mynt_buy_amazon"
ERROR - 2017-09-14 06:42:14 --> Could not find the language line "about_keywords"
ERROR - 2017-09-14 06:42:14 --> Could not find the language line "about_company"
ERROR - 2017-09-14 06:44:17 --> Could not find the language line "mynt_buy_amazon"
ERROR - 2017-09-14 06:44:17 --> Could not find the language line "about_keywords"
ERROR - 2017-09-14 06:44:17 --> Could not find the language line "about_company"
ERROR - 2017-09-14 06:46:11 --> Could not find the language line "mynt_buy_amazon"
ERROR - 2017-09-14 06:46:11 --> Could not find the language line "about_keywords"
ERROR - 2017-09-14 06:46:11 --> Could not find the language line "about_company"
ERROR - 2017-09-14 06:49:17 --> Could not find the language line "mynt_buy_amazon"
ERROR - 2017-09-14 06:49:17 --> Could not find the language line "about_keywords"
ERROR - 2017-09-14 06:49:17 --> Could not find the language line "about_company"
ERROR - 2017-09-14 06:50:33 --> Could not find the language line "mynt_buy_amazon"
ERROR - 2017-09-14 06:50:33 --> Could not find the language line "about_keywords"
ERROR - 2017-09-14 06:50:33 --> Could not find the language line "about_company"
ERROR - 2017-09-14 06:50:35 --> Could not find the language line "mynt_buy_amazon"
ERROR - 2017-09-14 06:50:35 --> Could not find the language line "about_keywords"
ERROR - 2017-09-14 06:50:35 --> Could not find the language line "about_company"
ERROR - 2017-09-14 06:51:16 --> Could not find the language line "mynt_buy_amazon"
ERROR - 2017-09-14 06:51:16 --> Could not find the language line "about_keywords"
ERROR - 2017-09-14 06:51:16 --> Could not find the language line "about_company"
ERROR - 2017-09-14 06:51:31 --> Could not find the language line "mynt_buy_amazon"
ERROR - 2017-09-14 06:51:31 --> Could not find the language line "about_keywords"
ERROR - 2017-09-14 06:51:31 --> Could not find the language line "about_company"
ERROR - 2017-09-14 06:52:10 --> Could not find the language line "mynt_buy_amazon"
ERROR - 2017-09-14 06:52:10 --> Could not find the language line "about_keywords"
ERROR - 2017-09-14 06:52:10 --> Could not find the language line "about_company"
ERROR - 2017-09-14 06:54:06 --> Could not find the language line "mynt_buy_amazon"
ERROR - 2017-09-14 06:54:06 --> Could not find the language line "about_keywords"
ERROR - 2017-09-14 06:54:06 --> Could not find the language line "about_company"
ERROR - 2017-09-14 06:54:42 --> Could not find the language line "mynt_buy_amazon"
ERROR - 2017-09-14 06:54:42 --> Could not find the language line "about_keywords"
ERROR - 2017-09-14 06:54:42 --> Could not find the language line "about_company"
ERROR - 2017-09-14 06:54:43 --> Could not find the language line "mynt_buy_amazon"
ERROR - 2017-09-14 06:54:43 --> Could not find the language line "about_keywords"
ERROR - 2017-09-14 06:54:43 --> Could not find the language line "about_company"
ERROR - 2017-09-14 07:24:23 --> Could not find the language line "mynt_buy_amazon"
ERROR - 2017-09-14 07:24:23 --> Could not find the language line "about_keywords"
ERROR - 2017-09-14 07:24:23 --> Could not find the language line "about_company"
ERROR - 2017-09-14 07:24:51 --> Could not find the language line "mynt_buy_amazon"
ERROR - 2017-09-14 07:24:51 --> Could not find the language line "about_keywords"
ERROR - 2017-09-14 07:24:51 --> Could not find the language line "about_company"
ERROR - 2017-09-14 07:26:13 --> Could not find the language line "mynt_buy_amazon"
ERROR - 2017-09-14 07:26:13 --> Could not find the language line "about_keywords"
ERROR - 2017-09-14 07:26:13 --> Could not find the language line "about_company"
ERROR - 2017-09-14 07:28:33 --> Could not find the language line "mynt_buy_amazon"
ERROR - 2017-09-14 07:28:33 --> Could not find the language line "about_keywords"
ERROR - 2017-09-14 07:28:33 --> Could not find the language line "about_company"
ERROR - 2017-09-14 07:28:53 --> Could not find the language line "mynt_buy_amazon"
ERROR - 2017-09-14 07:28:59 --> Could not find the language line "mynt_buy_amazon"
ERROR - 2017-09-14 07:29:05 --> Could not find the language line "mynt_buy_amazon"
ERROR - 2017-09-14 07:29:23 --> Could not find the language line "mynt_buy_amazon"
ERROR - 2017-09-14 07:29:37 --> Could not find the language line "mynt_buy_amazon"
ERROR - 2017-09-14 07:29:37 --> Could not find the language line "home_slife_title"
ERROR - 2017-09-14 07:29:37 --> Could not find the language line "mynt_icon_buy"
ERROR - 2017-09-14 07:34:30 --> Could not find the language line "mynt_buy_amazon"
ERROR - 2017-09-14 08:19:02 --> Could not find the language line "mynt_buy_amazon"
ERROR - 2017-09-14 08:21:28 --> Could not find the language line "mynt_buy_amazon"
ERROR - 2017-09-14 08:22:03 --> Could not find the language line "mynt_buy_amazon"
ERROR - 2017-09-14 08:52:52 --> Could not find the language line "mynt_buy_amazon"
ERROR - 2017-09-14 08:52:52 --> Could not find the language line "about_keywords"
ERROR - 2017-09-14 08:52:52 --> Could not find the language line "about_company"
ERROR - 2017-09-14 08:53:18 --> Could not find the language line "mynt_buy_amazon"
ERROR - 2017-09-14 08:53:18 --> Could not find the language line "about_keywords"
ERROR - 2017-09-14 08:53:18 --> Could not find the language line "about_company"
ERROR - 2017-09-14 08:53:51 --> Could not find the language line "mynt_buy_amazon"
ERROR - 2017-09-14 08:53:51 --> Could not find the language line "about_keywords"
ERROR - 2017-09-14 08:53:51 --> Could not find the language line "about_company"
ERROR - 2017-09-14 09:06:11 --> Could not find the language line "mynt_buy_amazon"
ERROR - 2017-09-14 09:06:11 --> Could not find the language line "home_slife_title"
ERROR - 2017-09-14 09:06:11 --> Could not find the language line "mynt_icon_buy"
ERROR - 2017-09-14 09:06:27 --> Could not find the language line "mynt_buy_amazon"
ERROR - 2017-09-14 09:07:20 --> Could not find the language line "mynt_buy_amazon"
ERROR - 2017-09-14 09:07:29 --> Could not find the language line "mynt_buy_amazon"
ERROR - 2017-09-14 09:07:35 --> Could not find the language line "mynt_buy_amazon"
ERROR - 2017-09-14 09:07:43 --> Could not find the language line "mynt_buy_amazon"
ERROR - 2017-09-14 09:07:55 --> Could not find the language line "mynt_buy_amazon"
ERROR - 2017-09-14 09:07:58 --> Could not find the language line "mynt_buy_amazon"
ERROR - 2017-09-14 09:09:00 --> Could not find the language line "mynt_buy_amazon"
ERROR - 2017-09-14 09:09:00 --> Could not find the language line "about_keywords"
ERROR - 2017-09-14 09:09:00 --> Could not find the language line "about_company"
ERROR - 2017-09-14 09:09:02 --> Could not find the language line "mynt_buy_amazon"
ERROR - 2017-09-14 09:09:05 --> Could not find the language line "mynt_buy_amazon"
ERROR - 2017-09-14 09:10:18 --> Could not find the language line "mynt_buy_amazon"
ERROR - 2017-09-14 09:10:57 --> Could not find the language line "mynt_buy_amazon"
ERROR - 2017-09-14 09:10:57 --> Could not find the language line "about_keywords"
ERROR - 2017-09-14 09:10:57 --> Could not find the language line "about_company"
ERROR - 2017-09-14 09:10:58 --> Could not find the language line "mynt_buy_amazon"
