ERROR - 2016-09-18 09:21:20 --> Could not find the language line "mynt_buy_taobao"
ERROR - 2016-09-18 09:21:20 --> Could not find the language line "mynt_buy_tmall"
ERROR - 2016-09-18 09:21:20 --> Could not find the language line "mynt_buy_youzan"
ERROR - 2016-09-18 09:21:20 --> Could not find the language line "mynt_buy_jd"
ERROR - 2016-09-18 09:21:20 --> Could not find the language line "home_cloud_title"
ERROR - 2016-09-18 09:21:20 --> Could not find the language line "home_cloud_intro"
ERROR - 2016-09-18 09:21:20 --> Could not find the language line "mynt_icon_taobao"
ERROR - 2016-09-18 09:21:20 --> Could not find the language line "mynt_icon_tmall"
ERROR - 2016-09-18 09:21:20 --> Could not find the language line "mynt_icon_youzan"
ERROR - 2016-09-18 09:21:20 --> Could not find the language line "mynt_buy_taobao"
ERROR - 2016-09-18 09:21:20 --> Could not find the language line "mynt_buy_tmall"
ERROR - 2016-09-18 09:21:20 --> Could not find the language line "mynt_buy_youzan"
ERROR - 2016-09-18 09:21:20 --> Could not find the language line "mynt_buy_jd"
ERROR - 2016-09-18 09:21:20 --> Could not find the language line "home_cloud_title"
ERROR - 2016-09-18 09:21:20 --> Could not find the language line "home_cloud_intro"
ERROR - 2016-09-18 09:21:20 --> Could not find the language line "mynt_icon_taobao"
ERROR - 2016-09-18 09:21:20 --> Could not find the language line "mynt_icon_tmall"
ERROR - 2016-09-18 09:21:20 --> Could not find the language line "mynt_icon_youzan"
ERROR - 2016-09-18 09:21:20 --> Could not find the language line "mynt_buy_taobao"
ERROR - 2016-09-18 09:21:20 --> Could not find the language line "mynt_buy_tmall"
ERROR - 2016-09-18 09:21:20 --> Could not find the language line "mynt_buy_youzan"
ERROR - 2016-09-18 09:21:20 --> Could not find the language line "mynt_buy_jd"
ERROR - 2016-09-18 09:21:20 --> Could not find the language line "home_cloud_title"
ERROR - 2016-09-18 09:21:20 --> Could not find the language line "home_cloud_intro"
ERROR - 2016-09-18 09:21:20 --> Could not find the language line "mynt_icon_taobao"
ERROR - 2016-09-18 09:21:20 --> Could not find the language line "mynt_icon_tmall"
ERROR - 2016-09-18 09:21:20 --> Could not find the language line "mynt_icon_youzan"
ERROR - 2016-09-18 09:21:20 --> Could not find the language line "mynt_buy_taobao"
ERROR - 2016-09-18 09:21:20 --> Could not find the language line "mynt_buy_tmall"
ERROR - 2016-09-18 09:21:20 --> Could not find the language line "mynt_buy_youzan"
ERROR - 2016-09-18 09:21:20 --> Could not find the language line "mynt_buy_jd"
ERROR - 2016-09-18 09:21:20 --> Could not find the language line "home_cloud_title"
ERROR - 2016-09-18 09:21:20 --> Could not find the language line "home_cloud_intro"
ERROR - 2016-09-18 09:21:20 --> Could not find the language line "mynt_icon_taobao"
ERROR - 2016-09-18 09:21:20 --> Could not find the language line "mynt_icon_tmall"
ERROR - 2016-09-18 09:21:20 --> Could not find the language line "mynt_icon_youzan"
ERROR - 2016-09-18 09:21:20 --> Could not find the language line "mynt_buy_taobao"
ERROR - 2016-09-18 09:21:20 --> Could not find the language line "mynt_buy_tmall"
ERROR - 2016-09-18 09:21:20 --> Could not find the language line "mynt_buy_youzan"
ERROR - 2016-09-18 09:21:20 --> Could not find the language line "mynt_buy_jd"
ERROR - 2016-09-18 09:21:20 --> Could not find the language line "home_cloud_title"
ERROR - 2016-09-18 09:21:20 --> Could not find the language line "home_cloud_intro"
ERROR - 2016-09-18 09:21:20 --> Could not find the language line "mynt_icon_taobao"
ERROR - 2016-09-18 09:21:20 --> Could not find the language line "mynt_icon_tmall"
ERROR - 2016-09-18 09:21:20 --> Could not find the language line "mynt_icon_youzan"
ERROR - 2016-09-18 09:21:21 --> Could not find the language line "mynt_buy_taobao"
ERROR - 2016-09-18 09:21:21 --> Could not find the language line "mynt_buy_tmall"
ERROR - 2016-09-18 09:21:21 --> Could not find the language line "mynt_buy_youzan"
ERROR - 2016-09-18 09:21:21 --> Could not find the language line "mynt_buy_jd"
ERROR - 2016-09-18 09:21:21 --> Could not find the language line "home_cloud_title"
ERROR - 2016-09-18 09:21:21 --> Could not find the language line "home_cloud_intro"
ERROR - 2016-09-18 09:21:21 --> Could not find the language line "mynt_icon_taobao"
ERROR - 2016-09-18 09:21:21 --> Could not find the language line "mynt_icon_tmall"
ERROR - 2016-09-18 09:21:21 --> Could not find the language line "mynt_icon_youzan"
ERROR - 2016-09-18 09:21:21 --> Could not find the language line "mynt_buy_taobao"
ERROR - 2016-09-18 09:21:21 --> Could not find the language line "mynt_buy_tmall"
ERROR - 2016-09-18 09:21:21 --> Could not find the language line "mynt_buy_youzan"
ERROR - 2016-09-18 09:21:21 --> Could not find the language line "mynt_buy_jd"
ERROR - 2016-09-18 09:21:29 --> Could not find the language line "mynt_buy_taobao"
ERROR - 2016-09-18 09:21:29 --> Could not find the language line "mynt_buy_tmall"
ERROR - 2016-09-18 09:21:29 --> Could not find the language line "mynt_buy_youzan"
ERROR - 2016-09-18 09:21:29 --> Could not find the language line "mynt_buy_jd"
ERROR - 2016-09-18 09:21:29 --> Could not find the language line "home_cloud_title"
ERROR - 2016-09-18 09:21:29 --> Could not find the language line "home_cloud_intro"
ERROR - 2016-09-18 09:21:29 --> Could not find the language line "mynt_icon_taobao"
ERROR - 2016-09-18 09:21:29 --> Could not find the language line "mynt_icon_tmall"
ERROR - 2016-09-18 09:21:29 --> Could not find the language line "mynt_icon_youzan"
ERROR - 2016-09-18 09:21:29 --> Could not find the language line "mynt_buy_taobao"
ERROR - 2016-09-18 09:21:29 --> Could not find the language line "mynt_buy_tmall"
ERROR - 2016-09-18 09:21:29 --> Could not find the language line "mynt_buy_youzan"
ERROR - 2016-09-18 09:21:29 --> Could not find the language line "mynt_buy_jd"
ERROR - 2016-09-18 09:21:30 --> Could not find the language line "mynt_buy_taobao"
ERROR - 2016-09-18 09:21:30 --> Could not find the language line "mynt_buy_tmall"
ERROR - 2016-09-18 09:21:30 --> Could not find the language line "mynt_buy_youzan"
ERROR - 2016-09-18 09:21:30 --> Could not find the language line "mynt_buy_jd"
ERROR - 2016-09-18 09:21:30 --> Could not find the language line "home_cloud_title"
ERROR - 2016-09-18 09:21:30 --> Could not find the language line "home_cloud_intro"
ERROR - 2016-09-18 09:21:30 --> Could not find the language line "mynt_icon_taobao"
ERROR - 2016-09-18 09:21:30 --> Could not find the language line "mynt_icon_tmall"
ERROR - 2016-09-18 09:21:30 --> Could not find the language line "mynt_icon_youzan"
ERROR - 2016-09-18 09:21:30 --> Could not find the language line "mynt_buy_taobao"
ERROR - 2016-09-18 09:21:30 --> Could not find the language line "mynt_buy_tmall"
ERROR - 2016-09-18 09:21:30 --> Could not find the language line "mynt_buy_youzan"
ERROR - 2016-09-18 09:21:30 --> Could not find the language line "mynt_buy_jd"
ERROR - 2016-09-18 09:21:30 --> Could not find the language line "home_cloud_title"
ERROR - 2016-09-18 09:21:30 --> Could not find the language line "home_cloud_intro"
ERROR - 2016-09-18 09:21:30 --> Could not find the language line "mynt_icon_taobao"
ERROR - 2016-09-18 09:21:30 --> Could not find the language line "mynt_icon_tmall"
ERROR - 2016-09-18 09:21:30 --> Could not find the language line "mynt_icon_youzan"
ERROR - 2016-09-18 09:21:30 --> Could not find the language line "mynt_buy_taobao"
ERROR - 2016-09-18 09:21:30 --> Could not find the language line "mynt_buy_tmall"
ERROR - 2016-09-18 09:21:30 --> Could not find the language line "mynt_buy_youzan"
ERROR - 2016-09-18 09:21:30 --> Could not find the language line "mynt_buy_jd"
ERROR - 2016-09-18 09:21:30 --> Could not find the language line "home_cloud_title"
ERROR - 2016-09-18 09:21:30 --> Could not find the language line "home_cloud_intro"
ERROR - 2016-09-18 09:21:30 --> Could not find the language line "mynt_icon_taobao"
ERROR - 2016-09-18 09:21:30 --> Could not find the language line "mynt_icon_tmall"
ERROR - 2016-09-18 09:21:30 --> Could not find the language line "mynt_icon_youzan"
ERROR - 2016-09-18 09:21:30 --> Could not find the language line "mynt_buy_taobao"
ERROR - 2016-09-18 09:21:30 --> Could not find the language line "mynt_buy_tmall"
ERROR - 2016-09-18 09:21:30 --> Could not find the language line "mynt_buy_youzan"
ERROR - 2016-09-18 09:21:30 --> Could not find the language line "mynt_buy_jd"
ERROR - 2016-09-18 09:21:30 --> Could not find the language line "home_cloud_title"
ERROR - 2016-09-18 09:21:30 --> Could not find the language line "home_cloud_intro"
ERROR - 2016-09-18 09:21:30 --> Could not find the language line "mynt_icon_taobao"
ERROR - 2016-09-18 09:21:30 --> Could not find the language line "mynt_icon_tmall"
ERROR - 2016-09-18 09:21:30 --> Could not find the language line "mynt_icon_youzan"
ERROR - 2016-09-18 09:21:30 --> Could not find the language line "mynt_buy_taobao"
ERROR - 2016-09-18 09:21:30 --> Could not find the language line "mynt_buy_tmall"
ERROR - 2016-09-18 09:21:30 --> Could not find the language line "mynt_buy_youzan"
ERROR - 2016-09-18 09:21:30 --> Could not find the language line "mynt_buy_jd"
ERROR - 2016-09-18 09:21:31 --> Could not find the language line "mynt_buy_taobao"
ERROR - 2016-09-18 09:21:31 --> Could not find the language line "mynt_buy_tmall"
ERROR - 2016-09-18 09:21:31 --> Could not find the language line "mynt_buy_youzan"
ERROR - 2016-09-18 09:21:31 --> Could not find the language line "mynt_buy_jd"
ERROR - 2016-09-18 09:21:31 --> Could not find the language line "home_cloud_title"
ERROR - 2016-09-18 09:21:31 --> Could not find the language line "home_cloud_intro"
ERROR - 2016-09-18 09:21:31 --> Could not find the language line "mynt_icon_taobao"
ERROR - 2016-09-18 09:21:31 --> Could not find the language line "mynt_icon_tmall"
ERROR - 2016-09-18 09:21:31 --> Could not find the language line "mynt_icon_youzan"
ERROR - 2016-09-18 09:21:31 --> Could not find the language line "mynt_buy_taobao"
ERROR - 2016-09-18 09:21:31 --> Could not find the language line "mynt_buy_tmall"
ERROR - 2016-09-18 09:21:31 --> Could not find the language line "mynt_buy_youzan"
ERROR - 2016-09-18 09:21:31 --> Could not find the language line "mynt_buy_jd"
ERROR - 2016-09-18 09:21:31 --> Could not find the language line "home_cloud_title"
ERROR - 2016-09-18 09:21:31 --> Could not find the language line "home_cloud_intro"
ERROR - 2016-09-18 09:21:31 --> Could not find the language line "mynt_icon_taobao"
ERROR - 2016-09-18 09:21:31 --> Could not find the language line "mynt_icon_tmall"
ERROR - 2016-09-18 09:21:31 --> Could not find the language line "mynt_icon_youzan"
ERROR - 2016-09-18 09:21:31 --> Could not find the language line "mynt_buy_taobao"
ERROR - 2016-09-18 09:21:31 --> Could not find the language line "mynt_buy_tmall"
ERROR - 2016-09-18 09:21:31 --> Could not find the language line "mynt_buy_youzan"
ERROR - 2016-09-18 09:21:31 --> Could not find the language line "mynt_buy_jd"
ERROR - 2016-09-18 09:21:34 --> Could not find the language line "home_cloud_title"
ERROR - 2016-09-18 09:21:34 --> Could not find the language line "home_cloud_intro"
ERROR - 2016-09-18 09:21:34 --> Could not find the language line "mynt_buy_taobao"
ERROR - 2016-09-18 09:21:34 --> Could not find the language line "mynt_buy_tmall"
ERROR - 2016-09-18 09:21:34 --> Could not find the language line "mynt_buy_youzan"
ERROR - 2016-09-18 09:21:34 --> Could not find the language line "mynt_buy_jd"
ERROR - 2016-09-18 09:22:23 --> Could not find the language line "home_cloud_title"
ERROR - 2016-09-18 09:22:23 --> Could not find the language line "home_cloud_intro"
ERROR - 2016-09-18 09:22:23 --> Could not find the language line "mynt_buy_taobao"
ERROR - 2016-09-18 09:22:23 --> Could not find the language line "mynt_buy_tmall"
ERROR - 2016-09-18 09:22:23 --> Could not find the language line "mynt_buy_youzan"
ERROR - 2016-09-18 09:22:23 --> Could not find the language line "mynt_buy_jd"
ERROR - 2016-09-18 09:22:44 --> Could not find the language line "home_cloud_title"
ERROR - 2016-09-18 09:22:44 --> Could not find the language line "home_cloud_intro"
ERROR - 2016-09-18 09:22:45 --> Could not find the language line "mynt_buy_taobao"
ERROR - 2016-09-18 09:22:45 --> Could not find the language line "mynt_buy_tmall"
ERROR - 2016-09-18 09:22:45 --> Could not find the language line "mynt_buy_youzan"
ERROR - 2016-09-18 09:22:45 --> Could not find the language line "mynt_buy_jd"
ERROR - 2016-09-18 09:22:48 --> 404 Page Not Found: Wwwmiitbeiangovcn/index
ERROR - 2016-09-18 09:23:11 --> Could not find the language line "home_cloud_title"
ERROR - 2016-09-18 09:23:11 --> Could not find the language line "home_cloud_intro"
ERROR - 2016-09-18 09:23:11 --> Could not find the language line "mynt_buy_taobao"
ERROR - 2016-09-18 09:23:11 --> Could not find the language line "mynt_buy_tmall"
ERROR - 2016-09-18 09:23:11 --> Could not find the language line "mynt_buy_youzan"
ERROR - 2016-09-18 09:23:11 --> Could not find the language line "mynt_buy_jd"
ERROR - 2016-09-18 09:27:49 --> Could not find the language line "mynt_buy_taobao"
ERROR - 2016-09-18 09:27:49 --> Could not find the language line "mynt_buy_tmall"
ERROR - 2016-09-18 09:27:49 --> Could not find the language line "mynt_buy_youzan"
ERROR - 2016-09-18 09:27:49 --> Could not find the language line "mynt_buy_jd"
ERROR - 2016-09-18 09:27:52 --> Could not find the language line "mynt_buy_taobao"
ERROR - 2016-09-18 09:27:52 --> Could not find the language line "mynt_buy_tmall"
ERROR - 2016-09-18 09:27:52 --> Could not find the language line "mynt_buy_youzan"
ERROR - 2016-09-18 09:27:52 --> Could not find the language line "mynt_buy_jd"
ERROR - 2016-09-18 09:27:52 --> Could not find the language line "home_cloud_title"
ERROR - 2016-09-18 09:27:52 --> Could not find the language line "home_cloud_intro"
ERROR - 2016-09-18 09:27:52 --> Could not find the language line "mynt_icon_taobao"
ERROR - 2016-09-18 09:27:52 --> Could not find the language line "mynt_icon_tmall"
ERROR - 2016-09-18 09:27:52 --> Could not find the language line "mynt_icon_youzan"
ERROR - 2016-09-18 09:27:52 --> Could not find the language line "mynt_buy_taobao"
ERROR - 2016-09-18 09:27:52 --> Could not find the language line "mynt_buy_tmall"
ERROR - 2016-09-18 09:27:52 --> Could not find the language line "mynt_buy_youzan"
ERROR - 2016-09-18 09:27:52 --> Could not find the language line "mynt_buy_jd"
