ERROR - 2017-08-04 01:14:21 --> Could not find the language line "mynt_buy_taobao"
ERROR - 2017-08-04 01:14:21 --> Could not find the language line "mynt_buy_tmall"
ERROR - 2017-08-04 01:14:21 --> Could not find the language line "mynt_buy_jd"
ERROR - 2017-08-04 01:14:21 --> Could not find the language line "mynt_icon_taobao"
ERROR - 2017-08-04 01:14:21 --> Could not find the language line "mynt_icon_tmall"
ERROR - 2017-08-04 01:14:21 --> Could not find the language line "mynt_icon_youzan"
ERROR - 2017-08-04 01:14:22 --> Could not find the language line "mynt_buy_taobao"
ERROR - 2017-08-04 01:14:22 --> Could not find the language line "mynt_buy_tmall"
ERROR - 2017-08-04 01:14:22 --> Could not find the language line "mynt_buy_jd"
ERROR - 2017-08-04 01:14:29 --> Could not find the language line "mynt_buy_taobao"
ERROR - 2017-08-04 01:14:29 --> Could not find the language line "mynt_buy_tmall"
ERROR - 2017-08-04 01:14:29 --> Could not find the language line "mynt_buy_jd"
ERROR - 2017-08-04 01:14:41 --> Could not find the language line "mynt_buy_taobao"
ERROR - 2017-08-04 01:14:41 --> Could not find the language line "mynt_buy_tmall"
ERROR - 2017-08-04 01:14:41 --> Could not find the language line "mynt_buy_jd"
ERROR - 2017-08-04 01:14:44 --> Could not find the language line "mynt_buy_taobao"
ERROR - 2017-08-04 01:14:44 --> Could not find the language line "mynt_buy_tmall"
ERROR - 2017-08-04 01:14:44 --> Could not find the language line "mynt_buy_jd"
ERROR - 2017-08-04 01:14:44 --> Could not find the language line "mynt_icon_taobao"
ERROR - 2017-08-04 01:14:44 --> Could not find the language line "mynt_icon_tmall"
ERROR - 2017-08-04 01:14:44 --> Could not find the language line "mynt_icon_youzan"
ERROR - 2017-08-04 01:14:44 --> Could not find the language line "mynt_buy_taobao"
ERROR - 2017-08-04 01:14:44 --> Could not find the language line "mynt_buy_tmall"
ERROR - 2017-08-04 01:14:44 --> Could not find the language line "mynt_buy_jd"
ERROR - 2017-08-04 01:14:44 --> Could not find the language line "mynt_buy_taobao"
ERROR - 2017-08-04 01:14:44 --> Could not find the language line "mynt_buy_tmall"
ERROR - 2017-08-04 01:14:44 --> Could not find the language line "mynt_buy_jd"
ERROR - 2017-08-04 01:14:44 --> Could not find the language line "mynt_icon_taobao"
ERROR - 2017-08-04 01:14:44 --> Could not find the language line "mynt_icon_tmall"
ERROR - 2017-08-04 01:14:44 --> Could not find the language line "mynt_icon_youzan"
ERROR - 2017-08-04 01:14:44 --> Could not find the language line "mynt_buy_taobao"
ERROR - 2017-08-04 01:14:44 --> Could not find the language line "mynt_buy_tmall"
ERROR - 2017-08-04 01:14:44 --> Could not find the language line "mynt_buy_jd"
ERROR - 2017-08-04 01:14:44 --> Could not find the language line "mynt_icon_taobao"
ERROR - 2017-08-04 01:14:44 --> Could not find the language line "mynt_icon_tmall"
ERROR - 2017-08-04 01:14:44 --> Could not find the language line "mynt_icon_youzan"
ERROR - 2017-08-04 01:14:44 --> Could not find the language line "mynt_buy_taobao"
ERROR - 2017-08-04 01:14:44 --> Could not find the language line "mynt_buy_tmall"
ERROR - 2017-08-04 01:14:44 --> Could not find the language line "mynt_buy_jd"
ERROR - 2017-08-04 01:14:44 --> Could not find the language line "mynt_icon_taobao"
ERROR - 2017-08-04 01:14:44 --> Could not find the language line "mynt_icon_tmall"
ERROR - 2017-08-04 01:14:44 --> Could not find the language line "mynt_icon_youzan"
ERROR - 2017-08-04 01:14:45 --> Could not find the language line "mynt_buy_taobao"
ERROR - 2017-08-04 01:14:45 --> Could not find the language line "mynt_buy_tmall"
ERROR - 2017-08-04 01:14:45 --> Could not find the language line "mynt_buy_jd"
ERROR - 2017-08-04 01:14:45 --> Could not find the language line "mynt_icon_taobao"
ERROR - 2017-08-04 01:14:45 --> Could not find the language line "mynt_icon_tmall"
ERROR - 2017-08-04 01:14:45 --> Could not find the language line "mynt_icon_youzan"
ERROR - 2017-08-04 01:14:45 --> Could not find the language line "mynt_buy_taobao"
ERROR - 2017-08-04 01:14:45 --> Could not find the language line "mynt_buy_tmall"
ERROR - 2017-08-04 01:14:45 --> Could not find the language line "mynt_buy_jd"
ERROR - 2017-08-04 01:14:45 --> Could not find the language line "mynt_icon_taobao"
ERROR - 2017-08-04 01:14:45 --> Could not find the language line "mynt_icon_tmall"
ERROR - 2017-08-04 01:14:45 --> Could not find the language line "mynt_icon_youzan"
ERROR - 2017-08-04 01:14:45 --> Could not find the language line "mynt_buy_taobao"
ERROR - 2017-08-04 01:14:45 --> Could not find the language line "mynt_buy_tmall"
ERROR - 2017-08-04 01:14:45 --> Could not find the language line "mynt_buy_jd"
ERROR - 2017-08-04 01:14:45 --> Could not find the language line "mynt_icon_taobao"
ERROR - 2017-08-04 01:14:45 --> Could not find the language line "mynt_icon_tmall"
ERROR - 2017-08-04 01:14:45 --> Could not find the language line "mynt_icon_youzan"
ERROR - 2017-08-04 01:14:45 --> Could not find the language line "mynt_buy_taobao"
ERROR - 2017-08-04 01:14:45 --> Could not find the language line "mynt_buy_tmall"
ERROR - 2017-08-04 01:14:45 --> Could not find the language line "mynt_buy_jd"
ERROR - 2017-08-04 01:14:45 --> Could not find the language line "mynt_icon_taobao"
ERROR - 2017-08-04 01:14:45 --> Could not find the language line "mynt_icon_tmall"
ERROR - 2017-08-04 01:14:45 --> Could not find the language line "mynt_icon_youzan"
ERROR - 2017-08-04 01:14:45 --> Could not find the language line "mynt_buy_taobao"
ERROR - 2017-08-04 01:14:45 --> Could not find the language line "mynt_buy_tmall"
ERROR - 2017-08-04 01:14:45 --> Could not find the language line "mynt_buy_jd"
ERROR - 2017-08-04 01:14:45 --> Could not find the language line "mynt_icon_taobao"
ERROR - 2017-08-04 01:14:45 --> Could not find the language line "mynt_icon_tmall"
ERROR - 2017-08-04 01:14:45 --> Could not find the language line "mynt_icon_youzan"
ERROR - 2017-08-04 01:14:45 --> Could not find the language line "mynt_buy_taobao"
ERROR - 2017-08-04 01:14:45 --> Could not find the language line "mynt_buy_tmall"
ERROR - 2017-08-04 01:14:45 --> Could not find the language line "mynt_buy_jd"
ERROR - 2017-08-04 01:14:45 --> Could not find the language line "mynt_icon_taobao"
ERROR - 2017-08-04 01:14:45 --> Could not find the language line "mynt_icon_tmall"
ERROR - 2017-08-04 01:14:45 --> Could not find the language line "mynt_icon_youzan"
ERROR - 2017-08-04 01:14:45 --> Could not find the language line "mynt_buy_taobao"
ERROR - 2017-08-04 01:14:45 --> Could not find the language line "mynt_buy_tmall"
ERROR - 2017-08-04 01:14:45 --> Could not find the language line "mynt_buy_jd"
ERROR - 2017-08-04 01:14:45 --> Could not find the language line "mynt_icon_taobao"
ERROR - 2017-08-04 01:14:45 --> Could not find the language line "mynt_icon_tmall"
ERROR - 2017-08-04 01:14:45 --> Could not find the language line "mynt_icon_youzan"
ERROR - 2017-08-04 01:14:45 --> Could not find the language line "mynt_buy_taobao"
ERROR - 2017-08-04 01:14:45 --> Could not find the language line "mynt_buy_tmall"
ERROR - 2017-08-04 01:14:45 --> Could not find the language line "mynt_buy_jd"
ERROR - 2017-08-04 01:14:45 --> Could not find the language line "mynt_icon_taobao"
ERROR - 2017-08-04 01:14:45 --> Could not find the language line "mynt_icon_tmall"
ERROR - 2017-08-04 01:14:45 --> Could not find the language line "mynt_icon_youzan"
ERROR - 2017-08-04 01:14:45 --> Could not find the language line "mynt_buy_taobao"
ERROR - 2017-08-04 01:14:45 --> Could not find the language line "mynt_buy_tmall"
ERROR - 2017-08-04 01:14:45 --> Could not find the language line "mynt_buy_jd"
ERROR - 2017-08-04 01:14:45 --> Could not find the language line "mynt_icon_taobao"
ERROR - 2017-08-04 01:14:45 --> Could not find the language line "mynt_icon_tmall"
ERROR - 2017-08-04 01:14:45 --> Could not find the language line "mynt_icon_youzan"
ERROR - 2017-08-04 01:14:46 --> Could not find the language line "mynt_buy_taobao"
ERROR - 2017-08-04 01:14:46 --> Could not find the language line "mynt_buy_tmall"
ERROR - 2017-08-04 01:14:46 --> Could not find the language line "mynt_buy_jd"
ERROR - 2017-08-04 01:14:46 --> Could not find the language line "mynt_icon_taobao"
ERROR - 2017-08-04 01:14:46 --> Could not find the language line "mynt_icon_tmall"
ERROR - 2017-08-04 01:14:46 --> Could not find the language line "mynt_icon_youzan"
ERROR - 2017-08-04 01:14:46 --> Could not find the language line "mynt_buy_taobao"
ERROR - 2017-08-04 01:14:46 --> Could not find the language line "mynt_buy_tmall"
ERROR - 2017-08-04 01:14:46 --> Could not find the language line "mynt_buy_jd"
ERROR - 2017-08-04 01:14:46 --> Could not find the language line "mynt_icon_taobao"
ERROR - 2017-08-04 01:14:46 --> Could not find the language line "mynt_icon_tmall"
ERROR - 2017-08-04 01:14:46 --> Could not find the language line "mynt_icon_youzan"
ERROR - 2017-08-04 01:14:46 --> Could not find the language line "mynt_buy_taobao"
ERROR - 2017-08-04 01:14:46 --> Could not find the language line "mynt_buy_tmall"
ERROR - 2017-08-04 01:14:46 --> Could not find the language line "mynt_buy_jd"
ERROR - 2017-08-04 01:14:46 --> Could not find the language line "mynt_icon_taobao"
ERROR - 2017-08-04 01:14:46 --> Could not find the language line "mynt_icon_tmall"
ERROR - 2017-08-04 01:14:46 --> Could not find the language line "mynt_icon_youzan"
ERROR - 2017-08-04 01:14:46 --> Could not find the language line "mynt_buy_taobao"
ERROR - 2017-08-04 01:14:46 --> Could not find the language line "mynt_buy_tmall"
ERROR - 2017-08-04 01:14:46 --> Could not find the language line "mynt_buy_jd"
ERROR - 2017-08-04 01:14:46 --> Could not find the language line "mynt_icon_taobao"
ERROR - 2017-08-04 01:14:46 --> Could not find the language line "mynt_icon_tmall"
ERROR - 2017-08-04 01:14:46 --> Could not find the language line "mynt_icon_youzan"
ERROR - 2017-08-04 01:14:46 --> Could not find the language line "mynt_buy_taobao"
ERROR - 2017-08-04 01:14:46 --> Could not find the language line "mynt_buy_tmall"
ERROR - 2017-08-04 01:14:46 --> Could not find the language line "mynt_buy_jd"
ERROR - 2017-08-04 01:26:36 --> Could not find the language line "mynt_buy_taobao"
ERROR - 2017-08-04 01:26:36 --> Could not find the language line "mynt_buy_tmall"
ERROR - 2017-08-04 01:26:36 --> Could not find the language line "mynt_buy_jd"
ERROR - 2017-08-04 01:26:36 --> Could not find the language line "mynt_icon_taobao"
ERROR - 2017-08-04 01:26:36 --> Could not find the language line "mynt_icon_tmall"
ERROR - 2017-08-04 01:26:36 --> Could not find the language line "mynt_icon_youzan"
ERROR - 2017-08-04 01:26:36 --> Could not find the language line "mynt_buy_taobao"
ERROR - 2017-08-04 01:26:36 --> Could not find the language line "mynt_buy_tmall"
ERROR - 2017-08-04 01:26:36 --> Could not find the language line "mynt_buy_jd"
ERROR - 2017-08-04 01:36:17 --> Could not find the language line "mynt_buy_taobao"
ERROR - 2017-08-04 01:36:17 --> Could not find the language line "mynt_buy_tmall"
ERROR - 2017-08-04 01:36:17 --> Could not find the language line "mynt_buy_jd"
ERROR - 2017-08-04 01:36:19 --> Could not find the language line "mynt_buy_taobao"
ERROR - 2017-08-04 01:36:19 --> Could not find the language line "mynt_buy_tmall"
ERROR - 2017-08-04 01:36:19 --> Could not find the language line "mynt_buy_jd"
ERROR - 2017-08-04 01:36:29 --> Could not find the language line "mynt_buy_taobao"
ERROR - 2017-08-04 01:36:29 --> Could not find the language line "mynt_buy_tmall"
ERROR - 2017-08-04 01:36:29 --> Could not find the language line "mynt_buy_jd"
ERROR - 2017-08-04 01:36:29 --> Could not find the language line "mynt_icon_taobao"
ERROR - 2017-08-04 01:36:29 --> Could not find the language line "mynt_icon_tmall"
ERROR - 2017-08-04 01:36:29 --> Could not find the language line "mynt_icon_youzan"
ERROR - 2017-08-04 01:36:29 --> Could not find the language line "mynt_buy_taobao"
ERROR - 2017-08-04 01:36:29 --> Could not find the language line "mynt_buy_tmall"
ERROR - 2017-08-04 01:36:29 --> Could not find the language line "mynt_buy_jd"
ERROR - 2017-08-04 01:38:47 --> Could not find the language line "mynt_buy_taobao"
ERROR - 2017-08-04 01:38:47 --> Could not find the language line "mynt_buy_tmall"
ERROR - 2017-08-04 01:38:47 --> Could not find the language line "mynt_buy_jd"
ERROR - 2017-08-04 01:38:59 --> Could not find the language line "mynt_buy_taobao"
ERROR - 2017-08-04 01:38:59 --> Could not find the language line "mynt_buy_tmall"
ERROR - 2017-08-04 01:38:59 --> Could not find the language line "mynt_buy_jd"
ERROR - 2017-08-04 01:46:00 --> Could not find the language line "mynt_buy_taobao"
ERROR - 2017-08-04 01:46:00 --> Could not find the language line "mynt_buy_tmall"
ERROR - 2017-08-04 01:46:00 --> Could not find the language line "mynt_buy_jd"
ERROR - 2017-08-04 03:13:48 --> Could not find the language line "mynt_buy_taobao"
ERROR - 2017-08-04 03:13:48 --> Could not find the language line "mynt_buy_tmall"
ERROR - 2017-08-04 03:13:48 --> Could not find the language line "mynt_buy_jd"
ERROR - 2017-08-04 03:13:48 --> Could not find the language line "mynt_icon_taobao"
ERROR - 2017-08-04 03:13:48 --> Could not find the language line "mynt_icon_tmall"
ERROR - 2017-08-04 03:13:48 --> Could not find the language line "mynt_icon_youzan"
ERROR - 2017-08-04 03:13:48 --> Could not find the language line "mynt_buy_taobao"
ERROR - 2017-08-04 03:13:48 --> Could not find the language line "mynt_buy_tmall"
ERROR - 2017-08-04 03:13:48 --> Could not find the language line "mynt_buy_jd"
ERROR - 2017-08-04 03:13:55 --> Could not find the language line "mynt_buy_taobao"
ERROR - 2017-08-04 03:13:55 --> Could not find the language line "mynt_buy_tmall"
ERROR - 2017-08-04 03:13:55 --> Could not find the language line "mynt_buy_jd"
ERROR - 2017-08-04 03:13:59 --> Could not find the language line "mynt_buy_taobao"
ERROR - 2017-08-04 03:13:59 --> Could not find the language line "mynt_buy_tmall"
ERROR - 2017-08-04 03:13:59 --> Could not find the language line "mynt_buy_jd"
ERROR - 2017-08-04 03:13:59 --> Could not find the language line "mynt_buy_taobao"
ERROR - 2017-08-04 03:13:59 --> Could not find the language line "mynt_buy_tmall"
ERROR - 2017-08-04 03:13:59 --> Could not find the language line "mynt_buy_jd"
ERROR - 2017-08-04 03:14:00 --> Could not find the language line "mynt_buy_taobao"
ERROR - 2017-08-04 03:14:00 --> Could not find the language line "mynt_buy_tmall"
ERROR - 2017-08-04 03:14:00 --> Could not find the language line "mynt_buy_jd"
ERROR - 2017-08-04 03:14:00 --> Could not find the language line "mynt_buy_taobao"
ERROR - 2017-08-04 03:14:00 --> Could not find the language line "mynt_buy_tmall"
ERROR - 2017-08-04 03:14:00 --> Could not find the language line "mynt_buy_jd"
ERROR - 2017-08-04 03:14:01 --> Could not find the language line "mynt_buy_taobao"
ERROR - 2017-08-04 03:14:01 --> Could not find the language line "mynt_buy_tmall"
ERROR - 2017-08-04 03:14:01 --> Could not find the language line "mynt_buy_jd"
ERROR - 2017-08-04 03:14:01 --> Could not find the language line "mynt_buy_taobao"
ERROR - 2017-08-04 03:14:01 --> Could not find the language line "mynt_buy_tmall"
ERROR - 2017-08-04 03:14:01 --> Could not find the language line "mynt_buy_jd"
ERROR - 2017-08-04 03:14:02 --> Could not find the language line "mynt_buy_taobao"
ERROR - 2017-08-04 03:14:02 --> Could not find the language line "mynt_buy_tmall"
ERROR - 2017-08-04 03:14:02 --> Could not find the language line "mynt_buy_jd"
ERROR - 2017-08-04 03:14:02 --> Could not find the language line "mynt_buy_taobao"
ERROR - 2017-08-04 03:14:02 --> Could not find the language line "mynt_buy_tmall"
ERROR - 2017-08-04 03:14:02 --> Could not find the language line "mynt_buy_jd"
ERROR - 2017-08-04 03:14:05 --> Could not find the language line "mynt_buy_taobao"
ERROR - 2017-08-04 03:14:05 --> Could not find the language line "mynt_buy_tmall"
ERROR - 2017-08-04 03:14:05 --> Could not find the language line "mynt_buy_jd"
ERROR - 2017-08-04 03:14:05 --> Could not find the language line "mynt_buy_taobao"
ERROR - 2017-08-04 03:14:05 --> Could not find the language line "mynt_buy_tmall"
ERROR - 2017-08-04 03:14:05 --> Could not find the language line "mynt_buy_jd"
ERROR - 2017-08-04 03:14:06 --> Could not find the language line "mynt_buy_taobao"
ERROR - 2017-08-04 03:14:06 --> Could not find the language line "mynt_buy_tmall"
ERROR - 2017-08-04 03:14:06 --> Could not find the language line "mynt_buy_jd"
ERROR - 2017-08-04 03:14:06 --> Could not find the language line "mynt_buy_taobao"
ERROR - 2017-08-04 03:14:06 --> Could not find the language line "mynt_buy_tmall"
ERROR - 2017-08-04 03:14:06 --> Could not find the language line "mynt_buy_jd"
ERROR - 2017-08-04 03:14:07 --> Could not find the language line "mynt_buy_taobao"
ERROR - 2017-08-04 03:14:07 --> Could not find the language line "mynt_buy_tmall"
ERROR - 2017-08-04 03:14:07 --> Could not find the language line "mynt_buy_jd"
ERROR - 2017-08-04 03:14:07 --> Could not find the language line "mynt_buy_taobao"
ERROR - 2017-08-04 03:14:07 --> Could not find the language line "mynt_buy_tmall"
ERROR - 2017-08-04 03:14:07 --> Could not find the language line "mynt_buy_jd"
ERROR - 2017-08-04 03:14:08 --> Could not find the language line "mynt_buy_taobao"
ERROR - 2017-08-04 03:14:08 --> Could not find the language line "mynt_buy_tmall"
ERROR - 2017-08-04 03:14:08 --> Could not find the language line "mynt_buy_jd"
ERROR - 2017-08-04 03:14:08 --> Could not find the language line "mynt_buy_taobao"
ERROR - 2017-08-04 03:14:08 --> Could not find the language line "mynt_buy_tmall"
ERROR - 2017-08-04 03:14:08 --> Could not find the language line "mynt_buy_jd"
ERROR - 2017-08-04 03:14:09 --> Could not find the language line "mynt_buy_taobao"
ERROR - 2017-08-04 03:14:09 --> Could not find the language line "mynt_buy_tmall"
ERROR - 2017-08-04 03:14:09 --> Could not find the language line "mynt_buy_jd"
ERROR - 2017-08-04 03:14:09 --> Could not find the language line "mynt_buy_taobao"
ERROR - 2017-08-04 03:14:09 --> Could not find the language line "mynt_buy_tmall"
ERROR - 2017-08-04 03:14:09 --> Could not find the language line "mynt_buy_jd"
ERROR - 2017-08-04 03:14:10 --> Could not find the language line "mynt_buy_taobao"
ERROR - 2017-08-04 03:14:10 --> Could not find the language line "mynt_buy_tmall"
ERROR - 2017-08-04 03:14:10 --> Could not find the language line "mynt_buy_jd"
ERROR - 2017-08-04 03:14:10 --> Could not find the language line "mynt_buy_taobao"
ERROR - 2017-08-04 03:14:10 --> Could not find the language line "mynt_buy_tmall"
ERROR - 2017-08-04 03:14:10 --> Could not find the language line "mynt_buy_jd"
ERROR - 2017-08-04 03:14:12 --> Could not find the language line "mynt_buy_taobao"
ERROR - 2017-08-04 03:14:12 --> Could not find the language line "mynt_buy_tmall"
ERROR - 2017-08-04 03:14:12 --> Could not find the language line "mynt_buy_jd"
ERROR - 2017-08-04 03:14:13 --> Could not find the language line "mynt_buy_taobao"
ERROR - 2017-08-04 03:14:13 --> Could not find the language line "mynt_buy_tmall"
ERROR - 2017-08-04 03:14:13 --> Could not find the language line "mynt_buy_jd"
ERROR - 2017-08-04 03:14:14 --> Could not find the language line "mynt_buy_taobao"
ERROR - 2017-08-04 03:14:14 --> Could not find the language line "mynt_buy_tmall"
ERROR - 2017-08-04 03:14:14 --> Could not find the language line "mynt_buy_jd"
ERROR - 2017-08-04 03:14:14 --> Could not find the language line "mynt_buy_taobao"
ERROR - 2017-08-04 03:14:14 --> Could not find the language line "mynt_buy_tmall"
ERROR - 2017-08-04 03:14:14 --> Could not find the language line "mynt_buy_jd"
ERROR - 2017-08-04 03:14:15 --> Could not find the language line "mynt_buy_taobao"
ERROR - 2017-08-04 03:14:15 --> Could not find the language line "mynt_buy_tmall"
ERROR - 2017-08-04 03:14:15 --> Could not find the language line "mynt_buy_jd"
ERROR - 2017-08-04 03:14:15 --> Could not find the language line "mynt_buy_taobao"
ERROR - 2017-08-04 03:14:15 --> Could not find the language line "mynt_buy_tmall"
ERROR - 2017-08-04 03:14:15 --> Could not find the language line "mynt_buy_jd"
ERROR - 2017-08-04 03:14:16 --> Could not find the language line "mynt_buy_taobao"
ERROR - 2017-08-04 03:14:16 --> Could not find the language line "mynt_buy_tmall"
ERROR - 2017-08-04 03:14:16 --> Could not find the language line "mynt_buy_jd"
ERROR - 2017-08-04 03:14:16 --> Could not find the language line "mynt_buy_taobao"
ERROR - 2017-08-04 03:14:16 --> Could not find the language line "mynt_buy_tmall"
ERROR - 2017-08-04 03:14:16 --> Could not find the language line "mynt_buy_jd"
ERROR - 2017-08-04 03:14:17 --> Could not find the language line "mynt_buy_taobao"
ERROR - 2017-08-04 03:14:17 --> Could not find the language line "mynt_buy_tmall"
ERROR - 2017-08-04 03:14:17 --> Could not find the language line "mynt_buy_jd"
ERROR - 2017-08-04 03:14:17 --> Could not find the language line "mynt_buy_taobao"
ERROR - 2017-08-04 03:14:17 --> Could not find the language line "mynt_buy_tmall"
ERROR - 2017-08-04 03:14:17 --> Could not find the language line "mynt_buy_jd"
ERROR - 2017-08-04 03:14:18 --> Could not find the language line "mynt_buy_taobao"
ERROR - 2017-08-04 03:14:18 --> Could not find the language line "mynt_buy_tmall"
ERROR - 2017-08-04 03:14:18 --> Could not find the language line "mynt_buy_jd"
ERROR - 2017-08-04 03:14:19 --> Could not find the language line "mynt_buy_taobao"
ERROR - 2017-08-04 03:14:19 --> Could not find the language line "mynt_buy_tmall"
ERROR - 2017-08-04 03:14:19 --> Could not find the language line "mynt_buy_jd"
ERROR - 2017-08-04 03:14:51 --> Could not find the language line "mynt_buy_taobao"
ERROR - 2017-08-04 03:14:51 --> Could not find the language line "mynt_buy_tmall"
ERROR - 2017-08-04 03:14:51 --> Could not find the language line "mynt_buy_jd"
ERROR - 2017-08-04 03:14:55 --> Could not find the language line "mynt_buy_taobao"
ERROR - 2017-08-04 03:14:55 --> Could not find the language line "mynt_buy_tmall"
ERROR - 2017-08-04 03:14:55 --> Could not find the language line "mynt_buy_jd"
ERROR - 2017-08-04 03:14:56 --> Could not find the language line "mynt_buy_taobao"
ERROR - 2017-08-04 03:14:56 --> Could not find the language line "mynt_buy_tmall"
ERROR - 2017-08-04 03:14:56 --> Could not find the language line "mynt_buy_jd"
ERROR - 2017-08-04 03:15:03 --> Could not find the language line "mynt_buy_taobao"
ERROR - 2017-08-04 03:15:03 --> Could not find the language line "mynt_buy_tmall"
ERROR - 2017-08-04 03:15:03 --> Could not find the language line "mynt_buy_jd"
ERROR - 2017-08-04 03:15:03 --> Could not find the language line "mynt_icon_taobao"
ERROR - 2017-08-04 03:15:03 --> Could not find the language line "mynt_icon_tmall"
ERROR - 2017-08-04 03:15:03 --> Could not find the language line "mynt_icon_youzan"
ERROR - 2017-08-04 03:15:03 --> Could not find the language line "mynt_buy_taobao"
ERROR - 2017-08-04 03:15:03 --> Could not find the language line "mynt_buy_tmall"
ERROR - 2017-08-04 03:15:03 --> Could not find the language line "mynt_buy_jd"
ERROR - 2017-08-04 03:15:55 --> Could not find the language line "mynt_buy_taobao"
ERROR - 2017-08-04 03:15:55 --> Could not find the language line "mynt_buy_tmall"
ERROR - 2017-08-04 03:15:55 --> Could not find the language line "mynt_buy_jd"
ERROR - 2017-08-04 03:15:55 --> Could not find the language line "mynt_icon_taobao"
ERROR - 2017-08-04 03:15:55 --> Could not find the language line "mynt_icon_tmall"
ERROR - 2017-08-04 03:15:55 --> Could not find the language line "mynt_icon_youzan"
ERROR - 2017-08-04 03:15:55 --> Could not find the language line "mynt_buy_taobao"
ERROR - 2017-08-04 03:15:55 --> Could not find the language line "mynt_buy_tmall"
ERROR - 2017-08-04 03:15:55 --> Could not find the language line "mynt_buy_jd"
ERROR - 2017-08-04 03:15:57 --> Could not find the language line "mynt_buy_taobao"
ERROR - 2017-08-04 03:15:57 --> Could not find the language line "mynt_buy_tmall"
ERROR - 2017-08-04 03:15:57 --> Could not find the language line "mynt_buy_jd"
ERROR - 2017-08-04 03:15:57 --> Could not find the language line "mynt_buy_taobao"
ERROR - 2017-08-04 03:15:57 --> Could not find the language line "mynt_buy_tmall"
ERROR - 2017-08-04 03:15:57 --> Could not find the language line "mynt_buy_jd"
ERROR - 2017-08-04 03:16:01 --> Could not find the language line "mynt_buy_taobao"
ERROR - 2017-08-04 03:16:01 --> Could not find the language line "mynt_buy_tmall"
ERROR - 2017-08-04 03:16:01 --> Could not find the language line "mynt_buy_jd"
ERROR - 2017-08-04 03:16:03 --> Could not find the language line "mynt_buy_taobao"
ERROR - 2017-08-04 03:16:03 --> Could not find the language line "mynt_buy_tmall"
ERROR - 2017-08-04 03:16:03 --> Could not find the language line "mynt_buy_jd"
ERROR - 2017-08-04 03:16:03 --> Could not find the language line "mynt_icon_taobao"
ERROR - 2017-08-04 03:16:03 --> Could not find the language line "mynt_icon_tmall"
ERROR - 2017-08-04 03:16:03 --> Could not find the language line "mynt_icon_youzan"
ERROR - 2017-08-04 03:16:03 --> Could not find the language line "mynt_buy_taobao"
ERROR - 2017-08-04 03:16:03 --> Could not find the language line "mynt_buy_tmall"
ERROR - 2017-08-04 03:16:03 --> Could not find the language line "mynt_buy_jd"
ERROR - 2017-08-04 03:16:04 --> Could not find the language line "mynt_buy_taobao"
ERROR - 2017-08-04 03:16:04 --> Could not find the language line "mynt_buy_tmall"
ERROR - 2017-08-04 03:16:04 --> Could not find the language line "mynt_buy_jd"
ERROR - 2017-08-04 03:16:04 --> Could not find the language line "mynt_icon_taobao"
ERROR - 2017-08-04 03:16:04 --> Could not find the language line "mynt_icon_tmall"
ERROR - 2017-08-04 03:16:04 --> Could not find the language line "mynt_icon_youzan"
ERROR - 2017-08-04 03:16:04 --> Could not find the language line "mynt_buy_taobao"
ERROR - 2017-08-04 03:16:04 --> Could not find the language line "mynt_buy_tmall"
ERROR - 2017-08-04 03:16:04 --> Could not find the language line "mynt_buy_jd"
ERROR - 2017-08-04 03:16:08 --> Could not find the language line "mynt_buy_taobao"
ERROR - 2017-08-04 03:16:08 --> Could not find the language line "mynt_buy_tmall"
ERROR - 2017-08-04 03:16:08 --> Could not find the language line "mynt_buy_jd"
ERROR - 2017-08-04 03:16:13 --> Could not find the language line "mynt_buy_taobao"
ERROR - 2017-08-04 03:16:13 --> Could not find the language line "mynt_buy_tmall"
ERROR - 2017-08-04 03:16:13 --> Could not find the language line "mynt_buy_jd"
ERROR - 2017-08-04 03:16:14 --> Could not find the language line "mynt_buy_taobao"
ERROR - 2017-08-04 03:16:14 --> Could not find the language line "mynt_buy_tmall"
ERROR - 2017-08-04 03:16:14 --> Could not find the language line "mynt_buy_jd"
ERROR - 2017-08-04 03:16:14 --> Could not find the language line "mynt_buy_taobao"
ERROR - 2017-08-04 03:16:14 --> Could not find the language line "mynt_buy_tmall"
ERROR - 2017-08-04 03:16:14 --> Could not find the language line "mynt_buy_jd"
ERROR - 2017-08-04 03:16:15 --> Could not find the language line "mynt_buy_taobao"
ERROR - 2017-08-04 03:16:15 --> Could not find the language line "mynt_buy_tmall"
ERROR - 2017-08-04 03:16:15 --> Could not find the language line "mynt_buy_jd"
ERROR - 2017-08-04 03:16:16 --> Could not find the language line "mynt_buy_taobao"
ERROR - 2017-08-04 03:16:16 --> Could not find the language line "mynt_buy_tmall"
ERROR - 2017-08-04 03:16:16 --> Could not find the language line "mynt_buy_jd"
ERROR - 2017-08-04 03:16:16 --> Could not find the language line "mynt_buy_taobao"
ERROR - 2017-08-04 03:16:16 --> Could not find the language line "mynt_buy_tmall"
ERROR - 2017-08-04 03:16:16 --> Could not find the language line "mynt_buy_jd"
ERROR - 2017-08-04 03:16:19 --> Could not find the language line "mynt_buy_taobao"
ERROR - 2017-08-04 03:16:19 --> Could not find the language line "mynt_buy_tmall"
ERROR - 2017-08-04 03:16:19 --> Could not find the language line "mynt_buy_jd"
ERROR - 2017-08-04 03:16:19 --> Could not find the language line "mynt_buy_taobao"
ERROR - 2017-08-04 03:16:19 --> Could not find the language line "mynt_buy_tmall"
ERROR - 2017-08-04 03:16:19 --> Could not find the language line "mynt_buy_jd"
ERROR - 2017-08-04 03:16:20 --> Could not find the language line "mynt_buy_taobao"
ERROR - 2017-08-04 03:16:20 --> Could not find the language line "mynt_buy_tmall"
ERROR - 2017-08-04 03:16:20 --> Could not find the language line "mynt_buy_jd"
ERROR - 2017-08-04 03:16:20 --> Could not find the language line "mynt_buy_taobao"
ERROR - 2017-08-04 03:16:20 --> Could not find the language line "mynt_buy_tmall"
ERROR - 2017-08-04 03:16:20 --> Could not find the language line "mynt_buy_jd"
ERROR - 2017-08-04 03:16:21 --> Could not find the language line "mynt_buy_taobao"
ERROR - 2017-08-04 03:16:21 --> Could not find the language line "mynt_buy_tmall"
ERROR - 2017-08-04 03:16:21 --> Could not find the language line "mynt_buy_jd"
ERROR - 2017-08-04 03:16:21 --> Could not find the language line "mynt_buy_taobao"
ERROR - 2017-08-04 03:16:21 --> Could not find the language line "mynt_buy_tmall"
ERROR - 2017-08-04 03:16:21 --> Could not find the language line "mynt_buy_jd"
ERROR - 2017-08-04 03:16:22 --> Could not find the language line "mynt_buy_taobao"
ERROR - 2017-08-04 03:16:22 --> Could not find the language line "mynt_buy_tmall"
ERROR - 2017-08-04 03:16:22 --> Could not find the language line "mynt_buy_jd"
ERROR - 2017-08-04 03:16:23 --> Could not find the language line "mynt_buy_taobao"
ERROR - 2017-08-04 03:16:23 --> Could not find the language line "mynt_buy_tmall"
ERROR - 2017-08-04 03:16:23 --> Could not find the language line "mynt_buy_jd"
ERROR - 2017-08-04 03:16:23 --> Could not find the language line "mynt_buy_taobao"
ERROR - 2017-08-04 03:16:23 --> Could not find the language line "mynt_buy_tmall"
ERROR - 2017-08-04 03:16:23 --> Could not find the language line "mynt_buy_jd"
ERROR - 2017-08-04 03:16:24 --> Could not find the language line "mynt_buy_taobao"
ERROR - 2017-08-04 03:16:24 --> Could not find the language line "mynt_buy_tmall"
ERROR - 2017-08-04 03:16:24 --> Could not find the language line "mynt_buy_jd"
ERROR - 2017-08-04 03:16:25 --> Could not find the language line "mynt_buy_taobao"
ERROR - 2017-08-04 03:16:25 --> Could not find the language line "mynt_buy_tmall"
ERROR - 2017-08-04 03:16:25 --> Could not find the language line "mynt_buy_jd"
ERROR - 2017-08-04 03:16:27 --> Could not find the language line "mynt_buy_taobao"
ERROR - 2017-08-04 03:16:27 --> Could not find the language line "mynt_buy_tmall"
ERROR - 2017-08-04 03:16:27 --> Could not find the language line "mynt_buy_jd"
ERROR - 2017-08-04 03:16:28 --> Could not find the language line "mynt_buy_taobao"
ERROR - 2017-08-04 03:16:28 --> Could not find the language line "mynt_buy_tmall"
ERROR - 2017-08-04 03:16:28 --> Could not find the language line "mynt_buy_jd"
ERROR - 2017-08-04 03:16:28 --> Could not find the language line "mynt_buy_taobao"
ERROR - 2017-08-04 03:16:28 --> Could not find the language line "mynt_buy_tmall"
ERROR - 2017-08-04 03:16:28 --> Could not find the language line "mynt_buy_jd"
ERROR - 2017-08-04 03:16:30 --> Could not find the language line "mynt_buy_taobao"
ERROR - 2017-08-04 03:16:30 --> Could not find the language line "mynt_buy_tmall"
ERROR - 2017-08-04 03:16:30 --> Could not find the language line "mynt_buy_jd"
ERROR - 2017-08-04 03:16:30 --> Could not find the language line "mynt_buy_taobao"
ERROR - 2017-08-04 03:16:30 --> Could not find the language line "mynt_buy_tmall"
ERROR - 2017-08-04 03:16:30 --> Could not find the language line "mynt_buy_jd"
ERROR - 2017-08-04 03:16:31 --> Could not find the language line "mynt_buy_taobao"
ERROR - 2017-08-04 03:16:31 --> Could not find the language line "mynt_buy_tmall"
ERROR - 2017-08-04 03:16:31 --> Could not find the language line "mynt_buy_jd"
ERROR - 2017-08-04 03:16:32 --> Could not find the language line "mynt_buy_taobao"
ERROR - 2017-08-04 03:16:32 --> Could not find the language line "mynt_buy_tmall"
ERROR - 2017-08-04 03:16:32 --> Could not find the language line "mynt_buy_jd"
ERROR - 2017-08-04 03:16:32 --> Could not find the language line "mynt_buy_taobao"
ERROR - 2017-08-04 03:16:32 --> Could not find the language line "mynt_buy_tmall"
ERROR - 2017-08-04 03:16:32 --> Could not find the language line "mynt_buy_jd"
ERROR - 2017-08-04 03:16:33 --> Could not find the language line "mynt_buy_taobao"
ERROR - 2017-08-04 03:16:33 --> Could not find the language line "mynt_buy_tmall"
ERROR - 2017-08-04 03:16:33 --> Could not find the language line "mynt_buy_jd"
ERROR - 2017-08-04 03:16:35 --> Could not find the language line "mynt_buy_taobao"
ERROR - 2017-08-04 03:16:35 --> Could not find the language line "mynt_buy_tmall"
ERROR - 2017-08-04 03:16:35 --> Could not find the language line "mynt_buy_jd"
ERROR - 2017-08-04 03:16:36 --> Could not find the language line "mynt_buy_taobao"
ERROR - 2017-08-04 03:16:36 --> Could not find the language line "mynt_buy_tmall"
ERROR - 2017-08-04 03:16:36 --> Could not find the language line "mynt_buy_jd"
ERROR - 2017-08-04 03:16:36 --> Could not find the language line "mynt_buy_taobao"
ERROR - 2017-08-04 03:16:36 --> Could not find the language line "mynt_buy_tmall"
ERROR - 2017-08-04 03:16:36 --> Could not find the language line "mynt_buy_jd"
ERROR - 2017-08-04 03:16:37 --> Could not find the language line "mynt_buy_taobao"
ERROR - 2017-08-04 03:16:37 --> Could not find the language line "mynt_buy_tmall"
ERROR - 2017-08-04 03:16:37 --> Could not find the language line "mynt_buy_jd"
ERROR - 2017-08-04 03:16:37 --> Could not find the language line "mynt_buy_taobao"
ERROR - 2017-08-04 03:16:37 --> Could not find the language line "mynt_buy_tmall"
ERROR - 2017-08-04 03:16:37 --> Could not find the language line "mynt_buy_jd"
ERROR - 2017-08-04 03:16:38 --> Could not find the language line "mynt_buy_taobao"
ERROR - 2017-08-04 03:16:38 --> Could not find the language line "mynt_buy_tmall"
ERROR - 2017-08-04 03:16:38 --> Could not find the language line "mynt_buy_jd"
ERROR - 2017-08-04 03:16:38 --> Could not find the language line "mynt_buy_taobao"
ERROR - 2017-08-04 03:16:38 --> Could not find the language line "mynt_buy_tmall"
ERROR - 2017-08-04 03:16:38 --> Could not find the language line "mynt_buy_jd"
ERROR - 2017-08-04 03:16:39 --> Could not find the language line "mynt_buy_taobao"
ERROR - 2017-08-04 03:16:39 --> Could not find the language line "mynt_buy_tmall"
ERROR - 2017-08-04 03:16:39 --> Could not find the language line "mynt_buy_jd"
ERROR - 2017-08-04 03:16:39 --> Could not find the language line "mynt_buy_taobao"
ERROR - 2017-08-04 03:16:39 --> Could not find the language line "mynt_buy_tmall"
ERROR - 2017-08-04 03:16:39 --> Could not find the language line "mynt_buy_jd"
ERROR - 2017-08-04 03:16:40 --> Could not find the language line "mynt_buy_taobao"
ERROR - 2017-08-04 03:16:40 --> Could not find the language line "mynt_buy_tmall"
ERROR - 2017-08-04 03:16:40 --> Could not find the language line "mynt_buy_jd"
ERROR - 2017-08-04 03:16:40 --> Could not find the language line "mynt_buy_taobao"
ERROR - 2017-08-04 03:16:40 --> Could not find the language line "mynt_buy_tmall"
ERROR - 2017-08-04 03:16:40 --> Could not find the language line "mynt_buy_jd"
ERROR - 2017-08-04 03:16:41 --> Could not find the language line "mynt_buy_taobao"
ERROR - 2017-08-04 03:16:41 --> Could not find the language line "mynt_buy_tmall"
ERROR - 2017-08-04 03:16:41 --> Could not find the language line "mynt_buy_jd"
ERROR - 2017-08-04 03:16:43 --> Could not find the language line "mynt_buy_taobao"
ERROR - 2017-08-04 03:16:43 --> Could not find the language line "mynt_buy_tmall"
ERROR - 2017-08-04 03:16:43 --> Could not find the language line "mynt_buy_jd"
ERROR - 2017-08-04 03:16:45 --> Could not find the language line "mynt_buy_taobao"
ERROR - 2017-08-04 03:16:45 --> Could not find the language line "mynt_buy_tmall"
ERROR - 2017-08-04 03:16:45 --> Could not find the language line "mynt_buy_jd"
ERROR - 2017-08-04 03:16:45 --> Could not find the language line "mynt_icon_taobao"
ERROR - 2017-08-04 03:16:45 --> Could not find the language line "mynt_icon_tmall"
ERROR - 2017-08-04 03:16:45 --> Could not find the language line "mynt_icon_youzan"
ERROR - 2017-08-04 03:16:45 --> Could not find the language line "mynt_buy_taobao"
ERROR - 2017-08-04 03:16:45 --> Could not find the language line "mynt_buy_tmall"
ERROR - 2017-08-04 03:16:45 --> Could not find the language line "mynt_buy_jd"
ERROR - 2017-08-04 03:16:47 --> Could not find the language line "mynt_buy_taobao"
ERROR - 2017-08-04 03:16:47 --> Could not find the language line "mynt_buy_tmall"
ERROR - 2017-08-04 03:16:47 --> Could not find the language line "mynt_buy_jd"
ERROR - 2017-08-04 03:16:47 --> Could not find the language line "mynt_icon_taobao"
ERROR - 2017-08-04 03:16:47 --> Could not find the language line "mynt_icon_tmall"
ERROR - 2017-08-04 03:16:47 --> Could not find the language line "mynt_icon_youzan"
ERROR - 2017-08-04 03:16:47 --> Could not find the language line "mynt_buy_taobao"
ERROR - 2017-08-04 03:16:47 --> Could not find the language line "mynt_buy_tmall"
ERROR - 2017-08-04 03:16:47 --> Could not find the language line "mynt_buy_jd"
ERROR - 2017-08-04 03:16:49 --> Could not find the language line "mynt_buy_taobao"
ERROR - 2017-08-04 03:16:49 --> Could not find the language line "mynt_buy_tmall"
ERROR - 2017-08-04 03:16:49 --> Could not find the language line "mynt_buy_jd"
ERROR - 2017-08-04 03:16:54 --> Could not find the language line "mynt_buy_taobao"
ERROR - 2017-08-04 03:16:54 --> Could not find the language line "mynt_buy_tmall"
ERROR - 2017-08-04 03:16:54 --> Could not find the language line "mynt_buy_jd"
ERROR - 2017-08-04 03:16:57 --> Could not find the language line "mynt_buy_taobao"
ERROR - 2017-08-04 03:16:57 --> Could not find the language line "mynt_buy_tmall"
ERROR - 2017-08-04 03:16:57 --> Could not find the language line "mynt_buy_jd"
ERROR - 2017-08-04 03:16:57 --> Could not find the language line "mynt_icon_taobao"
ERROR - 2017-08-04 03:16:57 --> Could not find the language line "mynt_icon_tmall"
ERROR - 2017-08-04 03:16:57 --> Could not find the language line "mynt_icon_youzan"
ERROR - 2017-08-04 03:16:57 --> Could not find the language line "mynt_buy_taobao"
ERROR - 2017-08-04 03:16:57 --> Could not find the language line "mynt_buy_tmall"
ERROR - 2017-08-04 03:16:57 --> Could not find the language line "mynt_buy_jd"
ERROR - 2017-08-04 03:17:00 --> Could not find the language line "mynt_buy_taobao"
ERROR - 2017-08-04 03:17:00 --> Could not find the language line "mynt_buy_tmall"
ERROR - 2017-08-04 03:17:00 --> Could not find the language line "mynt_buy_jd"
ERROR - 2017-08-04 03:17:10 --> Could not find the language line "mynt_buy_taobao"
ERROR - 2017-08-04 03:17:10 --> Could not find the language line "mynt_buy_tmall"
ERROR - 2017-08-04 03:17:10 --> Could not find the language line "mynt_buy_jd"
ERROR - 2017-08-04 03:17:11 --> Could not find the language line "mynt_buy_taobao"
ERROR - 2017-08-04 03:17:11 --> Could not find the language line "mynt_buy_tmall"
ERROR - 2017-08-04 03:17:11 --> Could not find the language line "mynt_buy_jd"
ERROR - 2017-08-04 03:17:11 --> Could not find the language line "mynt_buy_taobao"
ERROR - 2017-08-04 03:17:11 --> Could not find the language line "mynt_buy_tmall"
ERROR - 2017-08-04 03:17:11 --> Could not find the language line "mynt_buy_jd"
ERROR - 2017-08-04 03:17:12 --> Could not find the language line "mynt_buy_taobao"
ERROR - 2017-08-04 03:17:12 --> Could not find the language line "mynt_buy_tmall"
ERROR - 2017-08-04 03:17:12 --> Could not find the language line "mynt_buy_jd"
ERROR - 2017-08-04 03:17:12 --> Could not find the language line "mynt_buy_taobao"
ERROR - 2017-08-04 03:17:12 --> Could not find the language line "mynt_buy_tmall"
ERROR - 2017-08-04 03:17:12 --> Could not find the language line "mynt_buy_jd"
ERROR - 2017-08-04 03:17:13 --> Could not find the language line "mynt_buy_taobao"
ERROR - 2017-08-04 03:17:13 --> Could not find the language line "mynt_buy_tmall"
ERROR - 2017-08-04 03:17:13 --> Could not find the language line "mynt_buy_jd"
ERROR - 2017-08-04 03:17:13 --> Could not find the language line "mynt_buy_taobao"
ERROR - 2017-08-04 03:17:13 --> Could not find the language line "mynt_buy_tmall"
ERROR - 2017-08-04 03:17:13 --> Could not find the language line "mynt_buy_jd"
ERROR - 2017-08-04 03:17:14 --> Could not find the language line "mynt_buy_taobao"
ERROR - 2017-08-04 03:17:14 --> Could not find the language line "mynt_buy_tmall"
ERROR - 2017-08-04 03:17:14 --> Could not find the language line "mynt_buy_jd"
ERROR - 2017-08-04 03:17:16 --> Could not find the language line "mynt_buy_taobao"
ERROR - 2017-08-04 03:17:16 --> Could not find the language line "mynt_buy_tmall"
ERROR - 2017-08-04 03:17:16 --> Could not find the language line "mynt_buy_jd"
ERROR - 2017-08-04 03:17:17 --> Could not find the language line "mynt_buy_taobao"
ERROR - 2017-08-04 03:17:17 --> Could not find the language line "mynt_buy_tmall"
ERROR - 2017-08-04 03:17:17 --> Could not find the language line "mynt_buy_jd"
ERROR - 2017-08-04 03:17:18 --> Could not find the language line "mynt_buy_taobao"
ERROR - 2017-08-04 03:17:18 --> Could not find the language line "mynt_buy_tmall"
ERROR - 2017-08-04 03:17:18 --> Could not find the language line "mynt_buy_jd"
ERROR - 2017-08-04 03:17:18 --> Could not find the language line "mynt_buy_taobao"
ERROR - 2017-08-04 03:17:18 --> Could not find the language line "mynt_buy_tmall"
ERROR - 2017-08-04 03:17:18 --> Could not find the language line "mynt_buy_jd"
ERROR - 2017-08-04 03:17:19 --> Could not find the language line "mynt_buy_taobao"
ERROR - 2017-08-04 03:17:19 --> Could not find the language line "mynt_buy_tmall"
ERROR - 2017-08-04 03:17:19 --> Could not find the language line "mynt_buy_jd"
ERROR - 2017-08-04 03:17:19 --> Could not find the language line "mynt_buy_taobao"
ERROR - 2017-08-04 03:17:19 --> Could not find the language line "mynt_buy_tmall"
ERROR - 2017-08-04 03:17:19 --> Could not find the language line "mynt_buy_jd"
ERROR - 2017-08-04 03:31:48 --> Could not find the language line "mynt_buy_taobao"
ERROR - 2017-08-04 03:31:48 --> Could not find the language line "mynt_buy_tmall"
ERROR - 2017-08-04 03:31:48 --> Could not find the language line "mynt_buy_jd"
ERROR - 2017-08-04 07:23:36 --> Severity: Warning --> require_once(Fcrypt.php): failed to open stream: No such file or directory /Users/fantingsheng/website/application/libraries/IdCrypt.php 3
ERROR - 2017-08-04 07:23:36 --> Severity: Compile Error --> require_once(): Failed opening required 'Fcrypt.php' (include_path='.:') /Users/fantingsheng/website/application/libraries/IdCrypt.php 3
ERROR - 2017-08-04 07:32:35 --> Severity: Warning --> require_once(Fcrypt.php): failed to open stream: No such file or directory /Users/fantingsheng/website/application/libraries/IdCrypt.php 3
ERROR - 2017-08-04 07:32:35 --> Severity: Compile Error --> require_once(): Failed opening required 'Fcrypt.php' (include_path='.:') /Users/fantingsheng/website/application/libraries/IdCrypt.php 3
ERROR - 2017-08-04 07:32:36 --> Severity: Warning --> require_once(Fcrypt.php): failed to open stream: No such file or directory /Users/fantingsheng/website/application/libraries/IdCrypt.php 3
ERROR - 2017-08-04 07:32:36 --> Severity: Compile Error --> require_once(): Failed opening required 'Fcrypt.php' (include_path='.:') /Users/fantingsheng/website/application/libraries/IdCrypt.php 3
ERROR - 2017-08-04 07:33:37 --> Could not find the language line "mynt_buy_taobao"
ERROR - 2017-08-04 07:33:37 --> Could not find the language line "mynt_buy_tmall"
ERROR - 2017-08-04 07:33:37 --> Could not find the language line "mynt_buy_jd"
ERROR - 2017-08-04 07:33:37 --> Could not find the language line "mynt_icon_taobao"
ERROR - 2017-08-04 07:33:37 --> Could not find the language line "mynt_icon_tmall"
ERROR - 2017-08-04 07:33:37 --> Could not find the language line "mynt_icon_youzan"
ERROR - 2017-08-04 07:33:37 --> Could not find the language line "mynt_buy_taobao"
ERROR - 2017-08-04 07:33:37 --> Could not find the language line "mynt_buy_tmall"
ERROR - 2017-08-04 07:33:37 --> Could not find the language line "mynt_buy_jd"
ERROR - 2017-08-04 07:33:41 --> Could not find the language line "mynt_buy_taobao"
ERROR - 2017-08-04 07:33:41 --> Could not find the language line "mynt_buy_tmall"
ERROR - 2017-08-04 07:33:41 --> Could not find the language line "mynt_buy_jd"
ERROR - 2017-08-04 07:33:41 --> Could not find the language line "mynt_icon_taobao"
ERROR - 2017-08-04 07:33:41 --> Could not find the language line "mynt_icon_tmall"
ERROR - 2017-08-04 07:33:41 --> Could not find the language line "mynt_icon_youzan"
ERROR - 2017-08-04 07:33:41 --> Could not find the language line "mynt_buy_taobao"
ERROR - 2017-08-04 07:33:41 --> Could not find the language line "mynt_buy_tmall"
ERROR - 2017-08-04 07:33:41 --> Could not find the language line "mynt_buy_jd"
ERROR - 2017-08-04 07:34:28 --> Could not find the language line "mynt_buy_taobao"
ERROR - 2017-08-04 07:34:28 --> Could not find the language line "mynt_buy_tmall"
ERROR - 2017-08-04 07:34:28 --> Could not find the language line "mynt_buy_jd"
ERROR - 2017-08-04 07:34:28 --> Could not find the language line "mynt_icon_taobao"
ERROR - 2017-08-04 07:34:28 --> Could not find the language line "mynt_icon_tmall"
ERROR - 2017-08-04 07:34:28 --> Could not find the language line "mynt_icon_youzan"
ERROR - 2017-08-04 07:34:28 --> Could not find the language line "mynt_buy_taobao"
ERROR - 2017-08-04 07:34:28 --> Could not find the language line "mynt_buy_tmall"
ERROR - 2017-08-04 07:34:28 --> Could not find the language line "mynt_buy_jd"
ERROR - 2017-08-04 07:34:28 --> Could not find the language line "mynt_buy_taobao"
ERROR - 2017-08-04 07:34:28 --> Could not find the language line "mynt_buy_tmall"
ERROR - 2017-08-04 07:34:28 --> Could not find the language line "mynt_buy_jd"
ERROR - 2017-08-04 07:34:28 --> Could not find the language line "mynt_icon_taobao"
ERROR - 2017-08-04 07:34:28 --> Could not find the language line "mynt_icon_tmall"
ERROR - 2017-08-04 07:34:28 --> Could not find the language line "mynt_icon_youzan"
ERROR - 2017-08-04 07:34:28 --> Could not find the language line "mynt_buy_taobao"
ERROR - 2017-08-04 07:34:28 --> Could not find the language line "mynt_buy_tmall"
ERROR - 2017-08-04 07:34:28 --> Could not find the language line "mynt_buy_jd"
ERROR - 2017-08-04 07:34:28 --> Could not find the language line "mynt_icon_taobao"
ERROR - 2017-08-04 07:34:28 --> Could not find the language line "mynt_icon_tmall"
ERROR - 2017-08-04 07:34:28 --> Could not find the language line "mynt_icon_youzan"
ERROR - 2017-08-04 07:34:28 --> Could not find the language line "mynt_buy_taobao"
ERROR - 2017-08-04 07:34:28 --> Could not find the language line "mynt_buy_tmall"
ERROR - 2017-08-04 07:34:28 --> Could not find the language line "mynt_buy_jd"
ERROR - 2017-08-04 07:34:28 --> Could not find the language line "mynt_icon_taobao"
ERROR - 2017-08-04 07:34:28 --> Could not find the language line "mynt_icon_tmall"
ERROR - 2017-08-04 07:34:28 --> Could not find the language line "mynt_icon_youzan"
ERROR - 2017-08-04 07:34:29 --> Could not find the language line "mynt_buy_taobao"
ERROR - 2017-08-04 07:34:29 --> Could not find the language line "mynt_buy_tmall"
ERROR - 2017-08-04 07:34:29 --> Could not find the language line "mynt_buy_jd"
ERROR - 2017-08-04 07:42:46 --> Could not find the language line "mynt_buy_taobao"
ERROR - 2017-08-04 07:42:46 --> Could not find the language line "mynt_buy_tmall"
ERROR - 2017-08-04 07:42:46 --> Could not find the language line "mynt_buy_jd"
ERROR - 2017-08-04 07:42:46 --> Could not find the language line "mynt_icon_taobao"
ERROR - 2017-08-04 07:42:46 --> Could not find the language line "mynt_icon_tmall"
ERROR - 2017-08-04 07:42:46 --> Could not find the language line "mynt_icon_youzan"
ERROR - 2017-08-04 07:42:47 --> Could not find the language line "mynt_buy_taobao"
ERROR - 2017-08-04 07:42:47 --> Could not find the language line "mynt_buy_tmall"
ERROR - 2017-08-04 07:42:47 --> Could not find the language line "mynt_buy_jd"
ERROR - 2017-08-04 07:43:29 --> Could not find the language line "mynt_buy_taobao"
ERROR - 2017-08-04 07:43:29 --> Could not find the language line "mynt_buy_tmall"
ERROR - 2017-08-04 07:43:29 --> Could not find the language line "mynt_buy_jd"
ERROR - 2017-08-04 07:43:29 --> Could not find the language line "mynt_icon_taobao"
ERROR - 2017-08-04 07:43:29 --> Could not find the language line "mynt_icon_tmall"
ERROR - 2017-08-04 07:43:29 --> Could not find the language line "mynt_icon_youzan"
ERROR - 2017-08-04 07:43:29 --> Could not find the language line "mynt_buy_taobao"
ERROR - 2017-08-04 07:43:29 --> Could not find the language line "mynt_buy_tmall"
ERROR - 2017-08-04 07:43:29 --> Could not find the language line "mynt_buy_jd"
ERROR - 2017-08-04 07:43:56 --> Could not find the language line "mynt_buy_taobao"
ERROR - 2017-08-04 07:43:56 --> Could not find the language line "mynt_buy_tmall"
ERROR - 2017-08-04 07:43:56 --> Could not find the language line "mynt_buy_jd"
ERROR - 2017-08-04 07:43:56 --> Could not find the language line "mynt_icon_taobao"
ERROR - 2017-08-04 07:43:56 --> Could not find the language line "mynt_icon_tmall"
ERROR - 2017-08-04 07:43:56 --> Could not find the language line "mynt_icon_youzan"
ERROR - 2017-08-04 07:43:56 --> Could not find the language line "mynt_buy_taobao"
ERROR - 2017-08-04 07:43:56 --> Could not find the language line "mynt_buy_tmall"
ERROR - 2017-08-04 07:43:56 --> Could not find the language line "mynt_buy_jd"
ERROR - 2017-08-04 07:44:21 --> Could not find the language line "mynt_buy_taobao"
ERROR - 2017-08-04 07:44:21 --> Could not find the language line "mynt_buy_tmall"
ERROR - 2017-08-04 07:44:21 --> Could not find the language line "mynt_buy_jd"
ERROR - 2017-08-04 07:44:21 --> Could not find the language line "mynt_icon_taobao"
ERROR - 2017-08-04 07:44:21 --> Could not find the language line "mynt_icon_tmall"
ERROR - 2017-08-04 07:44:21 --> Could not find the language line "mynt_icon_youzan"
ERROR - 2017-08-04 07:44:21 --> Could not find the language line "mynt_buy_taobao"
ERROR - 2017-08-04 07:44:21 --> Could not find the language line "mynt_buy_tmall"
ERROR - 2017-08-04 07:44:21 --> Could not find the language line "mynt_buy_jd"
ERROR - 2017-08-04 07:46:40 --> Could not find the language line "mynt_buy_taobao"
ERROR - 2017-08-04 07:46:40 --> Could not find the language line "mynt_buy_tmall"
ERROR - 2017-08-04 07:46:40 --> Could not find the language line "mynt_buy_jd"
ERROR - 2017-08-04 07:46:40 --> Could not find the language line "mynt_icon_taobao"
ERROR - 2017-08-04 07:46:40 --> Could not find the language line "mynt_icon_tmall"
ERROR - 2017-08-04 07:46:40 --> Could not find the language line "mynt_icon_youzan"
ERROR - 2017-08-04 07:46:40 --> Could not find the language line "mynt_buy_taobao"
ERROR - 2017-08-04 07:46:40 --> Could not find the language line "mynt_buy_tmall"
ERROR - 2017-08-04 07:46:40 --> Could not find the language line "mynt_buy_jd"
ERROR - 2017-08-04 07:47:09 --> Could not find the language line "mynt_buy_taobao"
ERROR - 2017-08-04 07:47:09 --> Could not find the language line "mynt_buy_tmall"
ERROR - 2017-08-04 07:47:09 --> Could not find the language line "mynt_buy_jd"
ERROR - 2017-08-04 07:47:09 --> Could not find the language line "mynt_icon_taobao"
ERROR - 2017-08-04 07:47:09 --> Could not find the language line "mynt_icon_tmall"
ERROR - 2017-08-04 07:47:09 --> Could not find the language line "mynt_icon_youzan"
ERROR - 2017-08-04 07:47:09 --> Could not find the language line "mynt_buy_taobao"
ERROR - 2017-08-04 07:47:09 --> Could not find the language line "mynt_buy_tmall"
ERROR - 2017-08-04 07:47:09 --> Could not find the language line "mynt_buy_jd"
ERROR - 2017-08-04 07:49:57 --> Could not find the language line "mynt_buy_taobao"
ERROR - 2017-08-04 07:49:57 --> Could not find the language line "mynt_buy_tmall"
ERROR - 2017-08-04 07:49:57 --> Could not find the language line "mynt_buy_jd"
ERROR - 2017-08-04 07:49:57 --> Could not find the language line "mynt_icon_taobao"
ERROR - 2017-08-04 07:49:57 --> Could not find the language line "mynt_icon_tmall"
ERROR - 2017-08-04 07:49:57 --> Could not find the language line "mynt_icon_youzan"
ERROR - 2017-08-04 07:49:57 --> Could not find the language line "mynt_buy_taobao"
ERROR - 2017-08-04 07:49:57 --> Could not find the language line "mynt_buy_tmall"
ERROR - 2017-08-04 07:49:57 --> Could not find the language line "mynt_buy_jd"
ERROR - 2017-08-04 07:50:20 --> Could not find the language line "mynt_buy_taobao"
ERROR - 2017-08-04 07:50:20 --> Could not find the language line "mynt_buy_tmall"
ERROR - 2017-08-04 07:50:20 --> Could not find the language line "mynt_buy_jd"
ERROR - 2017-08-04 07:50:20 --> Could not find the language line "mynt_icon_taobao"
ERROR - 2017-08-04 07:50:20 --> Could not find the language line "mynt_icon_tmall"
ERROR - 2017-08-04 07:50:20 --> Could not find the language line "mynt_icon_youzan"
ERROR - 2017-08-04 07:50:20 --> Could not find the language line "mynt_buy_taobao"
ERROR - 2017-08-04 07:50:20 --> Could not find the language line "mynt_buy_tmall"
ERROR - 2017-08-04 07:50:20 --> Could not find the language line "mynt_buy_jd"
ERROR - 2017-08-04 07:53:09 --> Could not find the language line "mynt_buy_taobao"
ERROR - 2017-08-04 07:53:09 --> Could not find the language line "mynt_buy_tmall"
ERROR - 2017-08-04 07:53:09 --> Could not find the language line "mynt_buy_jd"
ERROR - 2017-08-04 07:56:55 --> Could not find the language line "mynt_buy_taobao"
ERROR - 2017-08-04 07:56:55 --> Could not find the language line "mynt_buy_tmall"
ERROR - 2017-08-04 07:56:55 --> Could not find the language line "mynt_buy_jd"
ERROR - 2017-08-04 08:01:52 --> Could not find the language line "mynt_buy_taobao"
ERROR - 2017-08-04 08:01:52 --> Could not find the language line "mynt_buy_tmall"
ERROR - 2017-08-04 08:01:52 --> Could not find the language line "mynt_buy_jd"
ERROR - 2017-08-04 08:01:56 --> Could not find the language line "mynt_buy_taobao"
ERROR - 2017-08-04 08:01:56 --> Could not find the language line "mynt_buy_tmall"
ERROR - 2017-08-04 08:01:56 --> Could not find the language line "mynt_buy_jd"
ERROR - 2017-08-04 08:01:57 --> Could not find the language line "mynt_buy_taobao"
ERROR - 2017-08-04 08:01:57 --> Could not find the language line "mynt_buy_tmall"
ERROR - 2017-08-04 08:01:57 --> Could not find the language line "mynt_buy_jd"
ERROR - 2017-08-04 08:01:57 --> Could not find the language line "mynt_buy_taobao"
ERROR - 2017-08-04 08:01:57 --> Could not find the language line "mynt_buy_tmall"
ERROR - 2017-08-04 08:01:57 --> Could not find the language line "mynt_buy_jd"
ERROR - 2017-08-04 08:01:58 --> Could not find the language line "mynt_buy_taobao"
ERROR - 2017-08-04 08:01:58 --> Could not find the language line "mynt_buy_tmall"
ERROR - 2017-08-04 08:01:58 --> Could not find the language line "mynt_buy_jd"
ERROR - 2017-08-04 08:01:58 --> Could not find the language line "mynt_buy_taobao"
ERROR - 2017-08-04 08:01:58 --> Could not find the language line "mynt_buy_tmall"
ERROR - 2017-08-04 08:01:58 --> Could not find the language line "mynt_buy_jd"
ERROR - 2017-08-04 08:01:58 --> Could not find the language line "mynt_buy_taobao"
ERROR - 2017-08-04 08:01:58 --> Could not find the language line "mynt_buy_tmall"
ERROR - 2017-08-04 08:01:58 --> Could not find the language line "mynt_buy_jd"
ERROR - 2017-08-04 08:02:00 --> Could not find the language line "mynt_buy_taobao"
ERROR - 2017-08-04 08:02:00 --> Could not find the language line "mynt_buy_tmall"
ERROR - 2017-08-04 08:02:00 --> Could not find the language line "mynt_buy_jd"
ERROR - 2017-08-04 08:02:07 --> Could not find the language line "mynt_buy_taobao"
ERROR - 2017-08-04 08:02:07 --> Could not find the language line "mynt_buy_tmall"
ERROR - 2017-08-04 08:02:07 --> Could not find the language line "mynt_buy_jd"
ERROR - 2017-08-04 08:02:26 --> Could not find the language line "mynt_buy_taobao"
ERROR - 2017-08-04 08:02:26 --> Could not find the language line "mynt_buy_tmall"
ERROR - 2017-08-04 08:02:26 --> Could not find the language line "mynt_buy_jd"
ERROR - 2017-08-04 08:03:10 --> Could not find the language line "mynt_buy_taobao"
ERROR - 2017-08-04 08:03:10 --> Could not find the language line "mynt_buy_tmall"
ERROR - 2017-08-04 08:03:10 --> Could not find the language line "mynt_buy_jd"
ERROR - 2017-08-04 08:07:20 --> Could not find the language line "mynt_buy_taobao"
ERROR - 2017-08-04 08:07:20 --> Could not find the language line "mynt_buy_tmall"
ERROR - 2017-08-04 08:07:20 --> Could not find the language line "mynt_buy_jd"
ERROR - 2017-08-04 08:07:27 --> Could not find the language line "mynt_buy_taobao"
ERROR - 2017-08-04 08:07:27 --> Could not find the language line "mynt_buy_tmall"
ERROR - 2017-08-04 08:07:27 --> Could not find the language line "mynt_buy_jd"
ERROR - 2017-08-04 08:07:30 --> Could not find the language line "mynt_buy_taobao"
ERROR - 2017-08-04 08:07:30 --> Could not find the language line "mynt_buy_tmall"
ERROR - 2017-08-04 08:07:30 --> Could not find the language line "mynt_buy_jd"
ERROR - 2017-08-04 08:07:33 --> Could not find the language line "mynt_buy_taobao"
ERROR - 2017-08-04 08:07:33 --> Could not find the language line "mynt_buy_tmall"
ERROR - 2017-08-04 08:07:33 --> Could not find the language line "mynt_buy_jd"
ERROR - 2017-08-04 08:09:50 --> Could not find the language line "mynt_buy_taobao"
ERROR - 2017-08-04 08:09:50 --> Could not find the language line "mynt_buy_tmall"
ERROR - 2017-08-04 08:09:50 --> Could not find the language line "mynt_buy_jd"
ERROR - 2017-08-04 08:10:04 --> Could not find the language line "mynt_buy_taobao"
ERROR - 2017-08-04 08:10:04 --> Could not find the language line "mynt_buy_tmall"
ERROR - 2017-08-04 08:10:04 --> Could not find the language line "mynt_buy_jd"
ERROR - 2017-08-04 08:10:04 --> Could not find the language line "mynt_icon_taobao"
ERROR - 2017-08-04 08:10:04 --> Could not find the language line "mynt_icon_tmall"
ERROR - 2017-08-04 08:10:04 --> Could not find the language line "mynt_icon_youzan"
ERROR - 2017-08-04 08:10:04 --> Could not find the language line "mynt_buy_taobao"
ERROR - 2017-08-04 08:10:04 --> Could not find the language line "mynt_buy_tmall"
ERROR - 2017-08-04 08:10:04 --> Could not find the language line "mynt_buy_jd"
ERROR - 2017-08-04 08:10:13 --> Could not find the language line "mynt_buy_taobao"
ERROR - 2017-08-04 08:10:13 --> Could not find the language line "mynt_buy_tmall"
ERROR - 2017-08-04 08:10:13 --> Could not find the language line "mynt_buy_jd"
ERROR - 2017-08-04 08:14:07 --> Could not find the language line "mynt_buy_taobao"
ERROR - 2017-08-04 08:14:07 --> Could not find the language line "mynt_buy_tmall"
ERROR - 2017-08-04 08:14:07 --> Could not find the language line "mynt_buy_jd"
ERROR - 2017-08-04 08:15:57 --> Could not find the language line "mynt_buy_taobao"
ERROR - 2017-08-04 08:15:57 --> Could not find the language line "mynt_buy_tmall"
ERROR - 2017-08-04 08:15:57 --> Could not find the language line "mynt_buy_jd"
ERROR - 2017-08-04 08:15:57 --> Could not find the language line "mynt_icon_taobao"
ERROR - 2017-08-04 08:15:57 --> Could not find the language line "mynt_icon_tmall"
ERROR - 2017-08-04 08:15:57 --> Could not find the language line "mynt_icon_youzan"
ERROR - 2017-08-04 08:15:58 --> Could not find the language line "mynt_buy_taobao"
ERROR - 2017-08-04 08:15:58 --> Could not find the language line "mynt_buy_tmall"
ERROR - 2017-08-04 08:15:58 --> Could not find the language line "mynt_buy_jd"
ERROR - 2017-08-04 08:15:58 --> Could not find the language line "mynt_buy_taobao"
ERROR - 2017-08-04 08:15:58 --> Could not find the language line "mynt_buy_tmall"
ERROR - 2017-08-04 08:15:58 --> Could not find the language line "mynt_buy_jd"
ERROR - 2017-08-04 08:15:58 --> Could not find the language line "mynt_icon_taobao"
ERROR - 2017-08-04 08:15:58 --> Could not find the language line "mynt_icon_tmall"
ERROR - 2017-08-04 08:15:58 --> Could not find the language line "mynt_icon_youzan"
ERROR - 2017-08-04 08:15:58 --> Could not find the language line "mynt_buy_taobao"
ERROR - 2017-08-04 08:15:58 --> Could not find the language line "mynt_buy_tmall"
ERROR - 2017-08-04 08:15:58 --> Could not find the language line "mynt_buy_jd"
ERROR - 2017-08-04 08:15:58 --> Could not find the language line "mynt_icon_taobao"
ERROR - 2017-08-04 08:15:58 --> Could not find the language line "mynt_icon_tmall"
ERROR - 2017-08-04 08:15:58 --> Could not find the language line "mynt_icon_youzan"
ERROR - 2017-08-04 08:16:00 --> Could not find the language line "mynt_buy_taobao"
ERROR - 2017-08-04 08:16:00 --> Could not find the language line "mynt_buy_tmall"
ERROR - 2017-08-04 08:16:00 --> Could not find the language line "mynt_buy_jd"
ERROR - 2017-08-04 08:16:05 --> Could not find the language line "mynt_buy_taobao"
ERROR - 2017-08-04 08:16:05 --> Could not find the language line "mynt_buy_tmall"
ERROR - 2017-08-04 08:16:05 --> Could not find the language line "mynt_buy_jd"
ERROR - 2017-08-04 08:16:41 --> Could not find the language line "mynt_buy_taobao"
ERROR - 2017-08-04 08:16:41 --> Could not find the language line "mynt_buy_tmall"
ERROR - 2017-08-04 08:16:41 --> Could not find the language line "mynt_buy_jd"
ERROR - 2017-08-04 08:16:42 --> Could not find the language line "mynt_buy_taobao"
ERROR - 2017-08-04 08:16:42 --> Could not find the language line "mynt_buy_tmall"
ERROR - 2017-08-04 08:16:42 --> Could not find the language line "mynt_buy_jd"
ERROR - 2017-08-04 08:16:42 --> Could not find the language line "mynt_icon_taobao"
ERROR - 2017-08-04 08:16:42 --> Could not find the language line "mynt_icon_tmall"
ERROR - 2017-08-04 08:16:42 --> Could not find the language line "mynt_icon_youzan"
ERROR - 2017-08-04 08:16:42 --> Could not find the language line "mynt_buy_taobao"
ERROR - 2017-08-04 08:16:42 --> Could not find the language line "mynt_buy_tmall"
ERROR - 2017-08-04 08:16:42 --> Could not find the language line "mynt_buy_jd"
ERROR - 2017-08-04 08:16:44 --> Could not find the language line "mynt_buy_taobao"
ERROR - 2017-08-04 08:16:44 --> Could not find the language line "mynt_buy_tmall"
ERROR - 2017-08-04 08:16:44 --> Could not find the language line "mynt_buy_jd"
ERROR - 2017-08-04 08:16:44 --> Could not find the language line "mynt_icon_taobao"
ERROR - 2017-08-04 08:16:44 --> Could not find the language line "mynt_icon_tmall"
ERROR - 2017-08-04 08:16:44 --> Could not find the language line "mynt_icon_youzan"
ERROR - 2017-08-04 08:16:44 --> Could not find the language line "mynt_buy_taobao"
ERROR - 2017-08-04 08:16:44 --> Could not find the language line "mynt_buy_tmall"
ERROR - 2017-08-04 08:16:44 --> Could not find the language line "mynt_buy_jd"
ERROR - 2017-08-04 08:16:48 --> Could not find the language line "mynt_buy_taobao"
ERROR - 2017-08-04 08:16:48 --> Could not find the language line "mynt_buy_tmall"
ERROR - 2017-08-04 08:16:48 --> Could not find the language line "mynt_buy_jd"
ERROR - 2017-08-04 08:17:58 --> Could not find the language line "mynt_buy_taobao"
ERROR - 2017-08-04 08:17:58 --> Could not find the language line "mynt_buy_tmall"
ERROR - 2017-08-04 08:17:58 --> Could not find the language line "mynt_buy_jd"
ERROR - 2017-08-04 08:17:58 --> Could not find the language line "mynt_icon_taobao"
ERROR - 2017-08-04 08:17:58 --> Could not find the language line "mynt_icon_tmall"
ERROR - 2017-08-04 08:17:58 --> Could not find the language line "mynt_icon_youzan"
ERROR - 2017-08-04 08:17:58 --> Could not find the language line "mynt_buy_taobao"
ERROR - 2017-08-04 08:17:58 --> Could not find the language line "mynt_buy_tmall"
ERROR - 2017-08-04 08:17:58 --> Could not find the language line "mynt_buy_jd"
ERROR - 2017-08-04 08:17:59 --> Could not find the language line "mynt_buy_taobao"
ERROR - 2017-08-04 08:17:59 --> Could not find the language line "mynt_buy_tmall"
ERROR - 2017-08-04 08:17:59 --> Could not find the language line "mynt_buy_jd"
ERROR - 2017-08-04 08:17:59 --> Could not find the language line "mynt_icon_taobao"
ERROR - 2017-08-04 08:17:59 --> Could not find the language line "mynt_icon_tmall"
ERROR - 2017-08-04 08:17:59 --> Could not find the language line "mynt_icon_youzan"
ERROR - 2017-08-04 08:18:00 --> Could not find the language line "mynt_buy_taobao"
ERROR - 2017-08-04 08:18:00 --> Could not find the language line "mynt_buy_tmall"
ERROR - 2017-08-04 08:18:00 --> Could not find the language line "mynt_buy_jd"
ERROR - 2017-08-04 08:18:17 --> Could not find the language line "mynt_buy_taobao"
ERROR - 2017-08-04 08:18:17 --> Could not find the language line "mynt_buy_tmall"
ERROR - 2017-08-04 08:18:17 --> Could not find the language line "mynt_buy_jd"
ERROR - 2017-08-04 08:18:17 --> Could not find the language line "mynt_icon_taobao"
ERROR - 2017-08-04 08:18:17 --> Could not find the language line "mynt_icon_tmall"
ERROR - 2017-08-04 08:18:17 --> Could not find the language line "mynt_icon_youzan"
ERROR - 2017-08-04 08:18:18 --> Could not find the language line "mynt_buy_taobao"
ERROR - 2017-08-04 08:18:18 --> Could not find the language line "mynt_buy_tmall"
ERROR - 2017-08-04 08:18:18 --> Could not find the language line "mynt_buy_jd"
ERROR - 2017-08-04 08:18:22 --> Could not find the language line "mynt_buy_taobao"
ERROR - 2017-08-04 08:18:22 --> Could not find the language line "mynt_buy_tmall"
ERROR - 2017-08-04 08:18:22 --> Could not find the language line "mynt_buy_jd"
ERROR - 2017-08-04 08:18:45 --> Could not find the language line "mynt_buy_taobao"
ERROR - 2017-08-04 08:18:45 --> Could not find the language line "mynt_buy_tmall"
ERROR - 2017-08-04 08:18:45 --> Could not find the language line "mynt_buy_jd"
ERROR - 2017-08-04 08:18:48 --> Could not find the language line "mynt_buy_taobao"
ERROR - 2017-08-04 08:18:48 --> Could not find the language line "mynt_buy_tmall"
ERROR - 2017-08-04 08:18:48 --> Could not find the language line "mynt_buy_jd"
ERROR - 2017-08-04 08:18:49 --> Could not find the language line "mynt_buy_taobao"
ERROR - 2017-08-04 08:18:49 --> Could not find the language line "mynt_buy_tmall"
ERROR - 2017-08-04 08:18:49 --> Could not find the language line "mynt_buy_jd"
ERROR - 2017-08-04 08:18:49 --> Could not find the language line "mynt_buy_taobao"
ERROR - 2017-08-04 08:18:49 --> Could not find the language line "mynt_buy_tmall"
ERROR - 2017-08-04 08:18:49 --> Could not find the language line "mynt_buy_jd"
ERROR - 2017-08-04 08:19:33 --> Could not find the language line "mynt_buy_taobao"
ERROR - 2017-08-04 08:19:33 --> Could not find the language line "mynt_buy_tmall"
ERROR - 2017-08-04 08:19:33 --> Could not find the language line "mynt_buy_jd"
ERROR - 2017-08-04 08:22:06 --> Could not find the language line "mynt_buy_taobao"
ERROR - 2017-08-04 08:22:06 --> Could not find the language line "mynt_buy_tmall"
ERROR - 2017-08-04 08:22:06 --> Could not find the language line "mynt_buy_jd"
ERROR - 2017-08-04 08:22:06 --> Could not find the language line "mynt_icon_taobao"
ERROR - 2017-08-04 08:22:06 --> Could not find the language line "mynt_icon_tmall"
ERROR - 2017-08-04 08:22:06 --> Could not find the language line "mynt_icon_youzan"
ERROR - 2017-08-04 08:22:07 --> Could not find the language line "mynt_buy_taobao"
ERROR - 2017-08-04 08:22:07 --> Could not find the language line "mynt_buy_tmall"
ERROR - 2017-08-04 08:22:07 --> Could not find the language line "mynt_buy_jd"
ERROR - 2017-08-04 08:22:14 --> Could not find the language line "mynt_buy_taobao"
ERROR - 2017-08-04 08:22:14 --> Could not find the language line "mynt_buy_tmall"
ERROR - 2017-08-04 08:22:14 --> Could not find the language line "mynt_buy_jd"
ERROR - 2017-08-04 08:53:46 --> Could not find the language line "mynt_buy_taobao"
ERROR - 2017-08-04 08:53:46 --> Could not find the language line "mynt_buy_tmall"
ERROR - 2017-08-04 08:53:46 --> Could not find the language line "mynt_buy_jd"
ERROR - 2017-08-04 08:53:46 --> Could not find the language line "mynt_icon_taobao"
ERROR - 2017-08-04 08:53:46 --> Could not find the language line "mynt_icon_tmall"
ERROR - 2017-08-04 08:53:46 --> Could not find the language line "mynt_icon_youzan"
ERROR - 2017-08-04 08:53:47 --> Could not find the language line "mynt_buy_taobao"
ERROR - 2017-08-04 08:53:47 --> Could not find the language line "mynt_buy_tmall"
ERROR - 2017-08-04 08:53:47 --> Could not find the language line "mynt_buy_jd"
ERROR - 2017-08-04 08:54:06 --> Could not find the language line "mynt_buy_taobao"
ERROR - 2017-08-04 08:54:06 --> Could not find the language line "mynt_buy_tmall"
ERROR - 2017-08-04 08:54:06 --> Could not find the language line "mynt_buy_jd"
ERROR - 2017-08-04 08:54:06 --> Could not find the language line "mynt_icon_taobao"
ERROR - 2017-08-04 08:54:06 --> Could not find the language line "mynt_icon_tmall"
ERROR - 2017-08-04 08:54:06 --> Could not find the language line "mynt_icon_youzan"
ERROR - 2017-08-04 08:54:07 --> Could not find the language line "mynt_buy_taobao"
ERROR - 2017-08-04 08:54:07 --> Could not find the language line "mynt_buy_tmall"
ERROR - 2017-08-04 08:54:07 --> Could not find the language line "mynt_buy_jd"
ERROR - 2017-08-04 08:54:20 --> Could not find the language line "mynt_buy_taobao"
ERROR - 2017-08-04 08:54:20 --> Could not find the language line "mynt_buy_tmall"
ERROR - 2017-08-04 08:54:20 --> Could not find the language line "mynt_buy_jd"
ERROR - 2017-08-04 09:05:52 --> Could not find the language line "mynt_buy_taobao"
ERROR - 2017-08-04 09:05:52 --> Could not find the language line "mynt_buy_tmall"
ERROR - 2017-08-04 09:05:52 --> Could not find the language line "mynt_buy_jd"
ERROR - 2017-08-04 09:05:52 --> Could not find the language line "mynt_icon_taobao"
ERROR - 2017-08-04 09:05:52 --> Could not find the language line "mynt_icon_tmall"
ERROR - 2017-08-04 09:05:52 --> Could not find the language line "mynt_icon_youzan"
ERROR - 2017-08-04 09:05:53 --> Could not find the language line "mynt_buy_taobao"
ERROR - 2017-08-04 09:05:53 --> Could not find the language line "mynt_buy_tmall"
ERROR - 2017-08-04 09:05:53 --> Could not find the language line "mynt_buy_jd"
ERROR - 2017-08-04 09:05:57 --> Could not find the language line "mynt_buy_taobao"
ERROR - 2017-08-04 09:05:57 --> Could not find the language line "mynt_buy_tmall"
ERROR - 2017-08-04 09:05:57 --> Could not find the language line "mynt_buy_jd"
ERROR - 2017-08-04 09:06:03 --> Could not find the language line "mynt_buy_taobao"
ERROR - 2017-08-04 09:06:03 --> Could not find the language line "mynt_buy_tmall"
ERROR - 2017-08-04 09:06:03 --> Could not find the language line "mynt_buy_jd"
ERROR - 2017-08-04 09:06:44 --> Could not find the language line "mynt_buy_taobao"
ERROR - 2017-08-04 09:06:44 --> Could not find the language line "mynt_buy_tmall"
ERROR - 2017-08-04 09:06:44 --> Could not find the language line "mynt_buy_jd"
ERROR - 2017-08-04 09:06:46 --> Could not find the language line "mynt_buy_taobao"
ERROR - 2017-08-04 09:06:46 --> Could not find the language line "mynt_buy_tmall"
ERROR - 2017-08-04 09:06:46 --> Could not find the language line "mynt_buy_jd"
ERROR - 2017-08-04 09:06:47 --> Could not find the language line "mynt_buy_taobao"
ERROR - 2017-08-04 09:06:47 --> Could not find the language line "mynt_buy_tmall"
ERROR - 2017-08-04 09:06:47 --> Could not find the language line "mynt_buy_jd"
ERROR - 2017-08-04 09:20:37 --> Could not find the language line "mynt_buy_taobao"
ERROR - 2017-08-04 09:20:37 --> Could not find the language line "mynt_buy_tmall"
ERROR - 2017-08-04 09:20:37 --> Could not find the language line "mynt_buy_jd"
ERROR - 2017-08-04 09:20:37 --> Could not find the language line "mynt_icon_taobao"
ERROR - 2017-08-04 09:20:37 --> Could not find the language line "mynt_icon_tmall"
ERROR - 2017-08-04 09:20:37 --> Could not find the language line "mynt_icon_youzan"
ERROR - 2017-08-04 09:20:37 --> Could not find the language line "mynt_buy_taobao"
ERROR - 2017-08-04 09:20:37 --> Could not find the language line "mynt_buy_tmall"
ERROR - 2017-08-04 09:20:37 --> Could not find the language line "mynt_buy_jd"
ERROR - 2017-08-04 09:20:42 --> Could not find the language line "mynt_buy_taobao"
ERROR - 2017-08-04 09:20:42 --> Could not find the language line "mynt_buy_tmall"
ERROR - 2017-08-04 09:20:42 --> Could not find the language line "mynt_buy_jd"
ERROR - 2017-08-04 09:20:42 --> Could not find the language line "mynt_icon_taobao"
ERROR - 2017-08-04 09:20:42 --> Could not find the language line "mynt_icon_tmall"
ERROR - 2017-08-04 09:20:42 --> Could not find the language line "mynt_icon_youzan"
ERROR - 2017-08-04 09:20:42 --> Could not find the language line "mynt_buy_taobao"
ERROR - 2017-08-04 09:20:42 --> Could not find the language line "mynt_buy_tmall"
ERROR - 2017-08-04 09:20:42 --> Could not find the language line "mynt_buy_jd"
ERROR - 2017-08-04 09:20:47 --> Could not find the language line "mynt_buy_taobao"
ERROR - 2017-08-04 09:20:47 --> Could not find the language line "mynt_buy_tmall"
ERROR - 2017-08-04 09:20:47 --> Could not find the language line "mynt_buy_jd"
ERROR - 2017-08-04 09:22:14 --> Could not find the language line "mynt_buy_taobao"
ERROR - 2017-08-04 09:22:14 --> Could not find the language line "mynt_buy_tmall"
ERROR - 2017-08-04 09:22:14 --> Could not find the language line "mynt_buy_jd"
ERROR - 2017-08-04 09:22:18 --> Could not find the language line "mynt_buy_taobao"
ERROR - 2017-08-04 09:22:18 --> Could not find the language line "mynt_buy_tmall"
ERROR - 2017-08-04 09:22:18 --> Could not find the language line "mynt_buy_jd"
ERROR - 2017-08-04 09:22:18 --> Could not find the language line "mynt_icon_taobao"
ERROR - 2017-08-04 09:22:18 --> Could not find the language line "mynt_icon_tmall"
ERROR - 2017-08-04 09:22:18 --> Could not find the language line "mynt_icon_youzan"
ERROR - 2017-08-04 09:22:18 --> Could not find the language line "mynt_buy_taobao"
ERROR - 2017-08-04 09:22:18 --> Could not find the language line "mynt_buy_tmall"
ERROR - 2017-08-04 09:22:18 --> Could not find the language line "mynt_buy_jd"
ERROR - 2017-08-04 09:26:39 --> Could not find the language line "mynt_buy_taobao"
ERROR - 2017-08-04 09:26:39 --> Could not find the language line "mynt_buy_tmall"
ERROR - 2017-08-04 09:26:39 --> Could not find the language line "mynt_buy_jd"
ERROR - 2017-08-04 09:26:39 --> Could not find the language line "mynt_icon_taobao"
ERROR - 2017-08-04 09:26:39 --> Could not find the language line "mynt_icon_tmall"
ERROR - 2017-08-04 09:26:39 --> Could not find the language line "mynt_icon_youzan"
ERROR - 2017-08-04 09:26:40 --> Could not find the language line "mynt_buy_taobao"
ERROR - 2017-08-04 09:26:40 --> Could not find the language line "mynt_buy_tmall"
ERROR - 2017-08-04 09:26:40 --> Could not find the language line "mynt_buy_jd"
ERROR - 2017-08-04 09:26:47 --> Could not find the language line "mynt_buy_taobao"
ERROR - 2017-08-04 09:26:47 --> Could not find the language line "mynt_buy_tmall"
ERROR - 2017-08-04 09:26:47 --> Could not find the language line "mynt_buy_jd"
ERROR - 2017-08-04 09:27:16 --> Could not find the language line "mynt_buy_taobao"
ERROR - 2017-08-04 09:27:16 --> Could not find the language line "mynt_buy_tmall"
ERROR - 2017-08-04 09:27:16 --> Could not find the language line "mynt_buy_jd"
ERROR - 2017-08-04 09:27:16 --> Could not find the language line "mynt_icon_taobao"
ERROR - 2017-08-04 09:27:16 --> Could not find the language line "mynt_icon_tmall"
ERROR - 2017-08-04 09:27:16 --> Could not find the language line "mynt_icon_youzan"
ERROR - 2017-08-04 09:27:17 --> Could not find the language line "mynt_buy_taobao"
ERROR - 2017-08-04 09:27:17 --> Could not find the language line "mynt_buy_tmall"
ERROR - 2017-08-04 09:27:17 --> Could not find the language line "mynt_buy_jd"
ERROR - 2017-08-04 09:27:18 --> Could not find the language line "mynt_buy_taobao"
ERROR - 2017-08-04 09:27:18 --> Could not find the language line "mynt_buy_tmall"
ERROR - 2017-08-04 09:27:18 --> Could not find the language line "mynt_buy_jd"
ERROR - 2017-08-04 09:27:18 --> Could not find the language line "mynt_icon_taobao"
ERROR - 2017-08-04 09:27:18 --> Could not find the language line "mynt_icon_tmall"
ERROR - 2017-08-04 09:27:18 --> Could not find the language line "mynt_icon_youzan"
ERROR - 2017-08-04 09:27:18 --> Could not find the language line "mynt_buy_taobao"
ERROR - 2017-08-04 09:27:18 --> Could not find the language line "mynt_buy_tmall"
ERROR - 2017-08-04 09:27:18 --> Could not find the language line "mynt_buy_jd"
ERROR - 2017-08-04 09:27:25 --> Could not find the language line "mynt_buy_taobao"
ERROR - 2017-08-04 09:27:25 --> Could not find the language line "mynt_buy_tmall"
ERROR - 2017-08-04 09:27:25 --> Could not find the language line "mynt_buy_jd"
ERROR - 2017-08-04 09:32:56 --> Could not find the language line "mynt_buy_taobao"
ERROR - 2017-08-04 09:32:56 --> Could not find the language line "mynt_buy_tmall"
ERROR - 2017-08-04 09:32:56 --> Could not find the language line "mynt_buy_jd"
ERROR - 2017-08-04 09:32:56 --> Could not find the language line "mynt_icon_taobao"
ERROR - 2017-08-04 09:32:56 --> Could not find the language line "mynt_icon_tmall"
ERROR - 2017-08-04 09:32:56 --> Could not find the language line "mynt_icon_youzan"
ERROR - 2017-08-04 09:32:56 --> Could not find the language line "mynt_buy_taobao"
ERROR - 2017-08-04 09:32:56 --> Could not find the language line "mynt_buy_tmall"
ERROR - 2017-08-04 09:32:56 --> Could not find the language line "mynt_buy_jd"
ERROR - 2017-08-04 09:32:58 --> Could not find the language line "mynt_buy_taobao"
ERROR - 2017-08-04 09:32:58 --> Could not find the language line "mynt_buy_tmall"
ERROR - 2017-08-04 09:32:58 --> Could not find the language line "mynt_buy_jd"
ERROR - 2017-08-04 09:32:58 --> Could not find the language line "mynt_icon_taobao"
ERROR - 2017-08-04 09:32:58 --> Could not find the language line "mynt_icon_tmall"
ERROR - 2017-08-04 09:32:58 --> Could not find the language line "mynt_icon_youzan"
ERROR - 2017-08-04 09:32:58 --> Could not find the language line "mynt_buy_taobao"
ERROR - 2017-08-04 09:32:58 --> Could not find the language line "mynt_buy_tmall"
ERROR - 2017-08-04 09:32:58 --> Could not find the language line "mynt_buy_jd"
ERROR - 2017-08-04 09:33:03 --> Could not find the language line "mynt_buy_taobao"
ERROR - 2017-08-04 09:33:03 --> Could not find the language line "mynt_buy_tmall"
ERROR - 2017-08-04 09:33:03 --> Could not find the language line "mynt_buy_jd"
ERROR - 2017-08-04 09:33:08 --> Could not find the language line "mynt_buy_taobao"
ERROR - 2017-08-04 09:33:08 --> Could not find the language line "mynt_buy_tmall"
ERROR - 2017-08-04 09:33:08 --> Could not find the language line "mynt_buy_jd"
ERROR - 2017-08-04 09:33:09 --> Could not find the language line "mynt_buy_taobao"
ERROR - 2017-08-04 09:33:09 --> Could not find the language line "mynt_buy_tmall"
ERROR - 2017-08-04 09:33:09 --> Could not find the language line "mynt_buy_jd"
ERROR - 2017-08-04 09:33:09 --> Could not find the language line "mynt_icon_taobao"
ERROR - 2017-08-04 09:33:09 --> Could not find the language line "mynt_icon_tmall"
ERROR - 2017-08-04 09:33:09 --> Could not find the language line "mynt_icon_youzan"
ERROR - 2017-08-04 09:33:11 --> Could not find the language line "mynt_buy_taobao"
ERROR - 2017-08-04 09:33:11 --> Could not find the language line "mynt_buy_tmall"
ERROR - 2017-08-04 09:33:11 --> Could not find the language line "mynt_buy_jd"
ERROR - 2017-08-04 09:33:21 --> Could not find the language line "mynt_buy_taobao"
ERROR - 2017-08-04 09:33:21 --> Could not find the language line "mynt_buy_tmall"
ERROR - 2017-08-04 09:33:21 --> Could not find the language line "mynt_buy_jd"
ERROR - 2017-08-04 09:33:43 --> Could not find the language line "mynt_buy_taobao"
ERROR - 2017-08-04 09:33:43 --> Could not find the language line "mynt_buy_tmall"
ERROR - 2017-08-04 09:33:43 --> Could not find the language line "mynt_buy_jd"
ERROR - 2017-08-04 09:33:51 --> Could not find the language line "mynt_buy_taobao"
ERROR - 2017-08-04 09:33:51 --> Could not find the language line "mynt_buy_tmall"
ERROR - 2017-08-04 09:33:51 --> Could not find the language line "mynt_buy_jd"
ERROR - 2017-08-04 09:33:51 --> Could not find the language line "mynt_icon_taobao"
ERROR - 2017-08-04 09:33:51 --> Could not find the language line "mynt_icon_tmall"
ERROR - 2017-08-04 09:33:51 --> Could not find the language line "mynt_icon_youzan"
ERROR - 2017-08-04 09:33:53 --> Could not find the language line "mynt_buy_taobao"
ERROR - 2017-08-04 09:33:53 --> Could not find the language line "mynt_buy_tmall"
ERROR - 2017-08-04 09:33:53 --> Could not find the language line "mynt_buy_jd"
ERROR - 2017-08-04 09:33:54 --> Could not find the language line "mynt_buy_taobao"
ERROR - 2017-08-04 09:33:54 --> Could not find the language line "mynt_buy_tmall"
ERROR - 2017-08-04 09:33:54 --> Could not find the language line "mynt_buy_jd"
ERROR - 2017-08-04 09:33:54 --> Could not find the language line "mynt_icon_taobao"
ERROR - 2017-08-04 09:33:54 --> Could not find the language line "mynt_icon_tmall"
ERROR - 2017-08-04 09:33:54 --> Could not find the language line "mynt_icon_youzan"
ERROR - 2017-08-04 09:33:54 --> Could not find the language line "mynt_buy_taobao"
ERROR - 2017-08-04 09:33:54 --> Could not find the language line "mynt_buy_tmall"
ERROR - 2017-08-04 09:33:54 --> Could not find the language line "mynt_buy_jd"
ERROR - 2017-08-04 09:34:03 --> Could not find the language line "mynt_buy_taobao"
ERROR - 2017-08-04 09:34:03 --> Could not find the language line "mynt_buy_tmall"
ERROR - 2017-08-04 09:34:03 --> Could not find the language line "mynt_buy_jd"
ERROR - 2017-08-04 09:34:06 --> Could not find the language line "mynt_buy_taobao"
ERROR - 2017-08-04 09:34:06 --> Could not find the language line "mynt_buy_tmall"
ERROR - 2017-08-04 09:34:06 --> Could not find the language line "mynt_buy_jd"
ERROR - 2017-08-04 09:34:06 --> Could not find the language line "mynt_icon_taobao"
ERROR - 2017-08-04 09:34:06 --> Could not find the language line "mynt_icon_tmall"
ERROR - 2017-08-04 09:34:06 --> Could not find the language line "mynt_icon_youzan"
ERROR - 2017-08-04 09:34:07 --> Could not find the language line "mynt_buy_taobao"
ERROR - 2017-08-04 09:34:07 --> Could not find the language line "mynt_buy_tmall"
ERROR - 2017-08-04 09:34:07 --> Could not find the language line "mynt_buy_jd"
ERROR - 2017-08-04 09:34:10 --> Could not find the language line "mynt_buy_taobao"
ERROR - 2017-08-04 09:34:10 --> Could not find the language line "mynt_buy_tmall"
ERROR - 2017-08-04 09:34:10 --> Could not find the language line "mynt_buy_jd"
ERROR - 2017-08-04 09:34:10 --> Could not find the language line "mynt_icon_taobao"
ERROR - 2017-08-04 09:34:10 --> Could not find the language line "mynt_icon_tmall"
ERROR - 2017-08-04 09:34:10 --> Could not find the language line "mynt_icon_youzan"
ERROR - 2017-08-04 09:34:10 --> Could not find the language line "mynt_buy_taobao"
ERROR - 2017-08-04 09:34:10 --> Could not find the language line "mynt_buy_tmall"
ERROR - 2017-08-04 09:34:10 --> Could not find the language line "mynt_buy_jd"
ERROR - 2017-08-04 09:35:59 --> Could not find the language line "mynt_buy_taobao"
ERROR - 2017-08-04 09:35:59 --> Could not find the language line "mynt_buy_tmall"
ERROR - 2017-08-04 09:35:59 --> Could not find the language line "mynt_buy_jd"
ERROR - 2017-08-04 10:09:00 --> Could not find the language line "mynt_buy_taobao"
ERROR - 2017-08-04 10:09:00 --> Could not find the language line "mynt_buy_tmall"
ERROR - 2017-08-04 10:09:00 --> Could not find the language line "mynt_buy_jd"
ERROR - 2017-08-04 10:09:00 --> Could not find the language line "mynt_icon_taobao"
ERROR - 2017-08-04 10:09:00 --> Could not find the language line "mynt_icon_tmall"
ERROR - 2017-08-04 10:09:00 --> Could not find the language line "mynt_icon_youzan"
ERROR - 2017-08-04 10:09:02 --> Could not find the language line "mynt_buy_taobao"
ERROR - 2017-08-04 10:09:02 --> Could not find the language line "mynt_buy_tmall"
ERROR - 2017-08-04 10:09:02 --> Could not find the language line "mynt_buy_jd"
ERROR - 2017-08-04 10:09:02 --> Could not find the language line "mynt_buy_taobao"
ERROR - 2017-08-04 10:09:02 --> Could not find the language line "mynt_buy_tmall"
ERROR - 2017-08-04 10:09:02 --> Could not find the language line "mynt_buy_jd"
ERROR - 2017-08-04 10:09:02 --> Could not find the language line "mynt_icon_taobao"
ERROR - 2017-08-04 10:09:02 --> Could not find the language line "mynt_icon_tmall"
ERROR - 2017-08-04 10:09:02 --> Could not find the language line "mynt_icon_youzan"
ERROR - 2017-08-04 10:09:02 --> Could not find the language line "mynt_buy_taobao"
ERROR - 2017-08-04 10:09:02 --> Could not find the language line "mynt_buy_tmall"
ERROR - 2017-08-04 10:09:02 --> Could not find the language line "mynt_buy_jd"
ERROR - 2017-08-04 10:09:07 --> Could not find the language line "mynt_buy_taobao"
ERROR - 2017-08-04 10:09:07 --> Could not find the language line "mynt_buy_tmall"
ERROR - 2017-08-04 10:09:07 --> Could not find the language line "mynt_buy_jd"
ERROR - 2017-08-04 10:09:29 --> Could not find the language line "mynt_buy_taobao"
ERROR - 2017-08-04 10:09:29 --> Could not find the language line "mynt_buy_tmall"
ERROR - 2017-08-04 10:09:29 --> Could not find the language line "mynt_buy_jd"
ERROR - 2017-08-04 10:09:32 --> Could not find the language line "mynt_buy_taobao"
ERROR - 2017-08-04 10:09:32 --> Could not find the language line "mynt_buy_tmall"
ERROR - 2017-08-04 10:09:32 --> Could not find the language line "mynt_buy_jd"
ERROR - 2017-08-04 10:09:32 --> Could not find the language line "mynt_icon_taobao"
ERROR - 2017-08-04 10:09:32 --> Could not find the language line "mynt_icon_tmall"
ERROR - 2017-08-04 10:09:32 --> Could not find the language line "mynt_icon_youzan"
ERROR - 2017-08-04 10:09:32 --> Could not find the language line "mynt_buy_taobao"
ERROR - 2017-08-04 10:09:32 --> Could not find the language line "mynt_buy_tmall"
ERROR - 2017-08-04 10:09:32 --> Could not find the language line "mynt_buy_jd"
ERROR - 2017-08-04 10:09:33 --> Could not find the language line "mynt_buy_taobao"
ERROR - 2017-08-04 10:09:33 --> Could not find the language line "mynt_buy_tmall"
ERROR - 2017-08-04 10:09:33 --> Could not find the language line "mynt_buy_jd"
ERROR - 2017-08-04 10:09:33 --> Could not find the language line "mynt_icon_taobao"
ERROR - 2017-08-04 10:09:33 --> Could not find the language line "mynt_icon_tmall"
ERROR - 2017-08-04 10:09:33 --> Could not find the language line "mynt_icon_youzan"
ERROR - 2017-08-04 10:09:34 --> Could not find the language line "mynt_buy_taobao"
ERROR - 2017-08-04 10:09:34 --> Could not find the language line "mynt_buy_tmall"
ERROR - 2017-08-04 10:09:34 --> Could not find the language line "mynt_buy_jd"
ERROR - 2017-08-04 10:09:34 --> Could not find the language line "mynt_icon_taobao"
ERROR - 2017-08-04 10:09:34 --> Could not find the language line "mynt_icon_tmall"
ERROR - 2017-08-04 10:09:34 --> Could not find the language line "mynt_icon_youzan"
ERROR - 2017-08-04 10:09:35 --> Could not find the language line "mynt_buy_taobao"
ERROR - 2017-08-04 10:09:35 --> Could not find the language line "mynt_buy_tmall"
ERROR - 2017-08-04 10:09:35 --> Could not find the language line "mynt_buy_jd"
ERROR - 2017-08-04 10:09:53 --> Could not find the language line "mynt_buy_taobao"
ERROR - 2017-08-04 10:09:53 --> Could not find the language line "mynt_buy_tmall"
ERROR - 2017-08-04 10:09:53 --> Could not find the language line "mynt_buy_jd"
ERROR - 2017-08-04 10:20:09 --> Could not find the language line "mynt_buy_taobao"
ERROR - 2017-08-04 10:20:09 --> Could not find the language line "mynt_buy_tmall"
ERROR - 2017-08-04 10:20:09 --> Could not find the language line "mynt_buy_jd"
ERROR - 2017-08-04 10:20:09 --> Could not find the language line "mynt_icon_taobao"
ERROR - 2017-08-04 10:20:09 --> Could not find the language line "mynt_icon_tmall"
ERROR - 2017-08-04 10:20:09 --> Could not find the language line "mynt_icon_youzan"
ERROR - 2017-08-04 10:20:09 --> Could not find the language line "mynt_buy_taobao"
ERROR - 2017-08-04 10:20:09 --> Could not find the language line "mynt_buy_tmall"
ERROR - 2017-08-04 10:20:09 --> Could not find the language line "mynt_buy_jd"
ERROR - 2017-08-04 10:20:13 --> Could not find the language line "mynt_buy_taobao"
ERROR - 2017-08-04 10:20:13 --> Could not find the language line "mynt_buy_tmall"
ERROR - 2017-08-04 10:20:13 --> Could not find the language line "mynt_buy_jd"
ERROR - 2017-08-04 10:22:25 --> Could not find the language line "mynt_buy_taobao"
ERROR - 2017-08-04 10:22:25 --> Could not find the language line "mynt_buy_tmall"
ERROR - 2017-08-04 10:22:25 --> Could not find the language line "mynt_buy_jd"
ERROR - 2017-08-04 10:24:35 --> Could not find the language line "mynt_buy_taobao"
ERROR - 2017-08-04 10:24:35 --> Could not find the language line "mynt_buy_tmall"
ERROR - 2017-08-04 10:24:35 --> Could not find the language line "mynt_buy_jd"
ERROR - 2017-08-04 10:25:28 --> Could not find the language line "mynt_buy_taobao"
ERROR - 2017-08-04 10:25:28 --> Could not find the language line "mynt_buy_tmall"
ERROR - 2017-08-04 10:25:28 --> Could not find the language line "mynt_buy_jd"
ERROR - 2017-08-04 10:27:42 --> Could not find the language line "mynt_buy_taobao"
ERROR - 2017-08-04 10:27:42 --> Could not find the language line "mynt_buy_tmall"
ERROR - 2017-08-04 10:27:42 --> Could not find the language line "mynt_buy_jd"
ERROR - 2017-08-04 10:29:14 --> Could not find the language line "mynt_buy_taobao"
ERROR - 2017-08-04 10:29:14 --> Could not find the language line "mynt_buy_tmall"
ERROR - 2017-08-04 10:29:14 --> Could not find the language line "mynt_buy_jd"
ERROR - 2017-08-04 10:29:47 --> Could not find the language line "mynt_buy_taobao"
ERROR - 2017-08-04 10:29:47 --> Could not find the language line "mynt_buy_tmall"
ERROR - 2017-08-04 10:29:47 --> Could not find the language line "mynt_buy_jd"
ERROR - 2017-08-04 10:29:56 --> Could not find the language line "mynt_buy_taobao"
ERROR - 2017-08-04 10:29:56 --> Could not find the language line "mynt_buy_tmall"
ERROR - 2017-08-04 10:29:56 --> Could not find the language line "mynt_buy_jd"
ERROR - 2017-08-04 10:30:25 --> Could not find the language line "mynt_buy_taobao"
ERROR - 2017-08-04 10:30:25 --> Could not find the language line "mynt_buy_tmall"
ERROR - 2017-08-04 10:30:25 --> Could not find the language line "mynt_buy_jd"
ERROR - 2017-08-04 10:30:27 --> Could not find the language line "mynt_buy_taobao"
ERROR - 2017-08-04 10:30:27 --> Could not find the language line "mynt_buy_tmall"
ERROR - 2017-08-04 10:30:27 --> Could not find the language line "mynt_buy_jd"
ERROR - 2017-08-04 10:34:54 --> Could not find the language line "mynt_buy_taobao"
ERROR - 2017-08-04 10:34:54 --> Could not find the language line "mynt_buy_tmall"
ERROR - 2017-08-04 10:34:54 --> Could not find the language line "mynt_buy_jd"
ERROR - 2017-08-04 10:35:58 --> Could not find the language line "mynt_buy_taobao"
ERROR - 2017-08-04 10:35:58 --> Could not find the language line "mynt_buy_tmall"
ERROR - 2017-08-04 10:35:58 --> Could not find the language line "mynt_buy_jd"
ERROR - 2017-08-04 11:12:53 --> Could not find the language line "mynt_buy_taobao"
ERROR - 2017-08-04 11:12:53 --> Could not find the language line "mynt_buy_tmall"
ERROR - 2017-08-04 11:12:53 --> Could not find the language line "mynt_buy_jd"
ERROR - 2017-08-04 11:36:29 --> Could not find the language line "mynt_buy_taobao"
ERROR - 2017-08-04 11:36:29 --> Could not find the language line "mynt_buy_tmall"
ERROR - 2017-08-04 11:36:29 --> Could not find the language line "mynt_buy_jd"
ERROR - 2017-08-04 11:37:07 --> Could not find the language line "mynt_buy_taobao"
ERROR - 2017-08-04 11:37:07 --> Could not find the language line "mynt_buy_tmall"
ERROR - 2017-08-04 11:37:07 --> Could not find the language line "mynt_buy_jd"
ERROR - 2017-08-04 11:38:27 --> Could not find the language line "mynt_buy_taobao"
ERROR - 2017-08-04 11:38:27 --> Could not find the language line "mynt_buy_tmall"
ERROR - 2017-08-04 11:38:27 --> Could not find the language line "mynt_buy_jd"
ERROR - 2017-08-04 11:39:03 --> Could not find the language line "mynt_buy_taobao"
ERROR - 2017-08-04 11:39:03 --> Could not find the language line "mynt_buy_tmall"
ERROR - 2017-08-04 11:39:03 --> Could not find the language line "mynt_buy_jd"
ERROR - 2017-08-04 11:45:28 --> Could not find the language line "mynt_buy_taobao"
ERROR - 2017-08-04 11:45:28 --> Could not find the language line "mynt_buy_tmall"
ERROR - 2017-08-04 11:45:28 --> Could not find the language line "mynt_buy_jd"
