ERROR - 2016-05-05 02:20:09 --> Could not find the language line "mynt_buy_amazon"
ERROR - 2016-05-05 02:20:09 --> Could not find the language line "mynt_icon_buy"
ERROR - 2016-05-05 02:20:09 --> Could not find the language line "mynt_buy_link_kick"
ERROR - 2016-05-05 02:38:45 --> Could not find the language line "mynt_buy_amazon"
ERROR - 2016-05-05 02:38:45 --> Could not find the language line "mynt_icon_buy"
ERROR - 2016-05-05 02:38:45 --> Could not find the language line "mynt_buy_link_kick"
ERROR - 2016-05-05 02:38:47 --> Could not find the language line "mynt_buy_amazon"
ERROR - 2016-05-05 02:38:48 --> Could not find the language line "mynt_buy_amazon"
ERROR - 2016-05-05 02:38:48 --> Could not find the language line "mynt_icon_buy"
ERROR - 2016-05-05 02:38:48 --> Could not find the language line "mynt_buy_link_kick"
ERROR - 2016-05-05 03:11:09 --> Could not find the language line "mynt_buy_amazon"
ERROR - 2016-05-05 03:11:09 --> Could not find the language line "mynt_icon_buy"
ERROR - 2016-05-05 03:11:09 --> Could not find the language line "mynt_buy_link_kick"
ERROR - 2016-05-05 03:11:14 --> Could not find the language line "mynt_buy_amazon"
ERROR - 2016-05-05 03:11:14 --> Could not find the language line "mynt_icon_buy"
ERROR - 2016-05-05 03:11:14 --> Could not find the language line "mynt_buy_link_kick"
ERROR - 2016-05-05 03:11:42 --> Could not find the language line "mynt_buy_amazon"
ERROR - 2016-05-05 03:11:42 --> Could not find the language line "mynt_icon_buy"
ERROR - 2016-05-05 03:11:42 --> Could not find the language line "mynt_buy_link_kick"
ERROR - 2016-05-05 03:11:55 --> Could not find the language line "mynt_buy_amazon"
ERROR - 2016-05-05 03:11:55 --> Could not find the language line "mynt_icon_buy"
ERROR - 2016-05-05 03:11:55 --> Could not find the language line "mynt_buy_link_kick"
ERROR - 2016-05-05 03:12:06 --> Could not find the language line "mynt_buy_amazon"
ERROR - 2016-05-05 03:12:06 --> Could not find the language line "mynt_icon_buy"
ERROR - 2016-05-05 03:12:06 --> Could not find the language line "mynt_buy_link_kick"
ERROR - 2016-05-05 04:05:20 --> Could not find the language line "mynt_buy_amazon"
ERROR - 2016-05-05 04:05:20 --> Could not find the language line "mynt_icon_buy"
ERROR - 2016-05-05 04:05:20 --> Could not find the language line "mynt_buy_link_kick"
ERROR - 2016-05-05 04:05:27 --> Could not find the language line "mynt_buy_amazon"
ERROR - 2016-05-05 04:05:28 --> Could not find the language line "mynt_buy_amazon"
ERROR - 2016-05-05 04:05:28 --> Could not find the language line "mynt_icon_buy"
ERROR - 2016-05-05 04:07:04 --> Could not find the language line "mynt_buy_amazon"
ERROR - 2016-05-05 04:07:37 --> Could not find the language line "mynt_buy_amazon"
ERROR - 2016-05-05 04:07:37 --> Could not find the language line "mynt_icon_buy"
ERROR - 2016-05-05 04:08:15 --> Could not find the language line "mynt_buy_amazon"
ERROR - 2016-05-05 04:08:15 --> Could not find the language line "mynt_icon_buy"
ERROR - 2016-05-05 04:09:30 --> Could not find the language line "mynt_buy_amazon"
ERROR - 2016-05-05 04:09:30 --> Could not find the language line "mynt_icon_buy"
ERROR - 2016-05-05 05:09:10 --> Could not find the language line "mynt_buy_amazon"
ERROR - 2016-05-05 05:09:10 --> Could not find the language line "mynt_icon_buy"
ERROR - 2016-05-05 05:09:16 --> Could not find the language line "mynt_buy_amazon"
ERROR - 2016-05-05 05:09:16 --> Could not find the language line "mynt_icon_buy"
ERROR - 2016-05-05 05:09:34 --> Could not find the language line "mynt_buy_amazon"
ERROR - 2016-05-05 05:09:34 --> Could not find the language line "mynt_icon_buy"
ERROR - 2016-05-05 05:09:36 --> Could not find the language line "mynt_buy_amazon"
ERROR - 2016-05-05 05:09:36 --> Could not find the language line "mynt_icon_buy"
ERROR - 2016-05-05 05:09:51 --> Could not find the language line "mynt_buy_amazon"
ERROR - 2016-05-05 05:09:51 --> Could not find the language line "mynt_icon_buy"
ERROR - 2016-05-05 05:12:44 --> Could not find the language line "mynt_buy_amazon"
ERROR - 2016-05-05 05:12:44 --> Could not find the language line "mynt_icon_buy"
ERROR - 2016-05-05 05:12:51 --> Could not find the language line "mynt_buy_amazon"
ERROR - 2016-05-05 05:12:51 --> Could not find the language line "mynt_icon_buy"
ERROR - 2016-05-05 10:30:36 --> Could not find the language line "mynt_buy_taobao"
ERROR - 2016-05-05 10:30:36 --> Could not find the language line "mynt_buy_tmall"
ERROR - 2016-05-05 10:30:36 --> Could not find the language line "mynt_buy_youzan"
ERROR - 2016-05-05 10:30:36 --> Could not find the language line "about_keywords"
ERROR - 2016-05-05 10:30:36 --> Could not find the language line "about_facebook"
ERROR - 2016-05-05 10:30:36 --> Could not find the language line "about_twitter"
ERROR - 2016-05-05 10:30:36 --> Could not find the language line "about_weibo"
ERROR - 2016-05-05 10:30:38 --> Could not find the language line "mynt_buy_taobao"
ERROR - 2016-05-05 10:30:38 --> Could not find the language line "mynt_buy_tmall"
ERROR - 2016-05-05 10:30:38 --> Could not find the language line "mynt_buy_youzan"
ERROR - 2016-05-05 10:30:38 --> Could not find the language line "about_keywords"
ERROR - 2016-05-05 10:30:38 --> Could not find the language line "about_facebook"
ERROR - 2016-05-05 10:30:38 --> Could not find the language line "about_twitter"
ERROR - 2016-05-05 10:30:38 --> Could not find the language line "about_weibo"
ERROR - 2016-05-05 10:30:46 --> Could not find the language line "mynt_buy_taobao"
ERROR - 2016-05-05 10:30:46 --> Could not find the language line "mynt_buy_tmall"
ERROR - 2016-05-05 10:30:46 --> Could not find the language line "mynt_buy_youzan"
ERROR - 2016-05-05 10:30:46 --> Could not find the language line "about_keywords"
ERROR - 2016-05-05 10:30:46 --> Could not find the language line "about_facebook"
ERROR - 2016-05-05 10:30:46 --> Could not find the language line "about_twitter"
ERROR - 2016-05-05 10:30:46 --> Could not find the language line "about_weibo"
ERROR - 2016-05-05 10:31:06 --> Could not find the language line "mynt_buy_taobao"
ERROR - 2016-05-05 10:31:06 --> Could not find the language line "mynt_buy_tmall"
ERROR - 2016-05-05 10:31:06 --> Could not find the language line "mynt_buy_youzan"
ERROR - 2016-05-05 10:31:06 --> Could not find the language line "about_keywords"
ERROR - 2016-05-05 10:31:06 --> Could not find the language line "about_facebook"
ERROR - 2016-05-05 10:31:06 --> Could not find the language line "about_twitter"
ERROR - 2016-05-05 10:31:06 --> Could not find the language line "about_weibo"
ERROR - 2016-05-05 10:34:36 --> Could not find the language line "mynt_buy_taobao"
ERROR - 2016-05-05 10:34:36 --> Could not find the language line "mynt_buy_tmall"
ERROR - 2016-05-05 10:34:36 --> Could not find the language line "mynt_buy_youzan"
ERROR - 2016-05-05 10:34:36 --> Could not find the language line "mynt_icon_taobao"
ERROR - 2016-05-05 10:34:36 --> Could not find the language line "mynt_icon_tmall"
ERROR - 2016-05-05 10:34:36 --> Could not find the language line "mynt_icon_youzan"
ERROR - 2016-05-05 10:41:44 --> Could not find the language line "mynt_buy_taobao"
ERROR - 2016-05-05 10:41:44 --> Could not find the language line "mynt_buy_tmall"
ERROR - 2016-05-05 10:41:44 --> Could not find the language line "mynt_buy_youzan"
ERROR - 2016-05-05 10:41:44 --> Could not find the language line "mynt_icon_taobao"
ERROR - 2016-05-05 10:41:44 --> Could not find the language line "mynt_icon_tmall"
ERROR - 2016-05-05 10:41:44 --> Could not find the language line "mynt_icon_youzan"
ERROR - 2016-05-05 12:24:57 --> Could not find the language line "mynt_buy_taobao"
ERROR - 2016-05-05 12:24:57 --> Could not find the language line "mynt_buy_tmall"
ERROR - 2016-05-05 12:24:57 --> Could not find the language line "mynt_buy_youzan"
ERROR - 2016-05-05 12:24:57 --> Could not find the language line "mynt_icon_taobao"
ERROR - 2016-05-05 12:24:57 --> Could not find the language line "mynt_icon_tmall"
ERROR - 2016-05-05 12:24:57 --> Could not find the language line "mynt_icon_youzan"
