ERROR - 2017-06-08 01:51:33 --> Could not find the language line "mynt_buy_taobao"
ERROR - 2017-06-08 01:51:33 --> Could not find the language line "mynt_buy_tmall"
ERROR - 2017-06-08 01:51:33 --> Could not find the language line "mynt_buy_youzan"
ERROR - 2017-06-08 01:51:33 --> Could not find the language line "mynt_buy_jd"
ERROR - 2017-06-08 01:51:33 --> Could not find the language line "privacy_title"
ERROR - 2017-06-08 01:51:33 --> Could not find the language line "privacy_keywords"
ERROR - 2017-06-08 01:51:33 --> Could not find the language line "privacy_desc"
ERROR - 2017-06-08 01:51:35 --> Could not find the language line "mynt_buy_taobao"
ERROR - 2017-06-08 01:51:35 --> Could not find the language line "mynt_buy_tmall"
ERROR - 2017-06-08 01:51:35 --> Could not find the language line "mynt_buy_youzan"
ERROR - 2017-06-08 01:51:35 --> Could not find the language line "mynt_buy_jd"
ERROR - 2017-06-08 01:53:03 --> Could not find the language line "privacy_title"
ERROR - 2017-06-08 01:53:03 --> Could not find the language line "privacy_keywords"
ERROR - 2017-06-08 01:53:03 --> Could not find the language line "privacy_desc"
ERROR - 2017-06-08 01:53:03 --> Could not find the language line "mynt_buy_taobao"
ERROR - 2017-06-08 01:53:03 --> Could not find the language line "mynt_buy_tmall"
ERROR - 2017-06-08 01:53:03 --> Could not find the language line "mynt_buy_youzan"
ERROR - 2017-06-08 01:53:03 --> Could not find the language line "mynt_buy_jd"
ERROR - 2017-06-08 01:55:54 --> Could not find the language line "privacy_title"
ERROR - 2017-06-08 01:55:54 --> Could not find the language line "privacy_keywords"
ERROR - 2017-06-08 01:55:54 --> Could not find the language line "privacy_desc"
ERROR - 2017-06-08 01:55:54 --> Could not find the language line "mynt_buy_taobao"
ERROR - 2017-06-08 01:55:54 --> Could not find the language line "mynt_buy_tmall"
ERROR - 2017-06-08 01:55:54 --> Could not find the language line "mynt_buy_youzan"
ERROR - 2017-06-08 01:55:54 --> Could not find the language line "mynt_buy_jd"
ERROR - 2017-06-08 01:57:42 --> Could not find the language line "privacy_title"
ERROR - 2017-06-08 01:57:42 --> Could not find the language line "privacy_keywords"
ERROR - 2017-06-08 01:57:42 --> Could not find the language line "privacy_desc"
ERROR - 2017-06-08 01:57:43 --> Could not find the language line "mynt_buy_taobao"
ERROR - 2017-06-08 01:57:43 --> Could not find the language line "mynt_buy_tmall"
ERROR - 2017-06-08 01:57:43 --> Could not find the language line "mynt_buy_youzan"
ERROR - 2017-06-08 01:57:43 --> Could not find the language line "mynt_buy_jd"
ERROR - 2017-06-08 01:58:01 --> Could not find the language line "privacy_title"
ERROR - 2017-06-08 01:58:01 --> Could not find the language line "privacy_keywords"
ERROR - 2017-06-08 01:58:01 --> Could not find the language line "privacy_desc"
ERROR - 2017-06-08 01:58:05 --> Could not find the language line "mynt_buy_taobao"
ERROR - 2017-06-08 01:58:05 --> Could not find the language line "mynt_buy_tmall"
ERROR - 2017-06-08 01:58:05 --> Could not find the language line "mynt_buy_youzan"
ERROR - 2017-06-08 01:58:05 --> Could not find the language line "mynt_buy_jd"
ERROR - 2017-06-08 02:15:17 --> Could not find the language line "mynt_buy_taobao"
ERROR - 2017-06-08 02:15:17 --> Could not find the language line "mynt_buy_tmall"
ERROR - 2017-06-08 02:15:17 --> Could not find the language line "mynt_buy_youzan"
ERROR - 2017-06-08 02:15:17 --> Could not find the language line "mynt_buy_jd"
ERROR - 2017-06-08 02:16:17 --> Could not find the language line "mynt_buy_taobao"
ERROR - 2017-06-08 02:16:17 --> Could not find the language line "mynt_buy_tmall"
ERROR - 2017-06-08 02:16:17 --> Could not find the language line "mynt_buy_youzan"
ERROR - 2017-06-08 02:16:17 --> Could not find the language line "mynt_buy_jd"
ERROR - 2017-06-08 02:16:51 --> Could not find the language line "mynt_buy_taobao"
ERROR - 2017-06-08 02:16:51 --> Could not find the language line "mynt_buy_tmall"
ERROR - 2017-06-08 02:16:51 --> Could not find the language line "mynt_buy_youzan"
ERROR - 2017-06-08 02:16:51 --> Could not find the language line "mynt_buy_jd"
ERROR - 2017-06-08 02:20:08 --> Could not find the language line "mynt_buy_taobao"
ERROR - 2017-06-08 02:20:08 --> Could not find the language line "mynt_buy_tmall"
ERROR - 2017-06-08 02:20:08 --> Could not find the language line "mynt_buy_youzan"
ERROR - 2017-06-08 02:20:08 --> Could not find the language line "mynt_buy_jd"
ERROR - 2017-06-08 02:20:33 --> Could not find the language line "mynt_buy_taobao"
ERROR - 2017-06-08 02:20:33 --> Could not find the language line "mynt_buy_tmall"
ERROR - 2017-06-08 02:20:33 --> Could not find the language line "mynt_buy_youzan"
ERROR - 2017-06-08 02:20:33 --> Could not find the language line "mynt_buy_jd"
ERROR - 2017-06-08 02:20:42 --> Could not find the language line "mynt_buy_taobao"
ERROR - 2017-06-08 02:20:42 --> Could not find the language line "mynt_buy_tmall"
ERROR - 2017-06-08 02:20:42 --> Could not find the language line "mynt_buy_youzan"
ERROR - 2017-06-08 02:20:42 --> Could not find the language line "mynt_buy_jd"
ERROR - 2017-06-08 02:20:50 --> Could not find the language line "mynt_buy_taobao"
ERROR - 2017-06-08 02:20:50 --> Could not find the language line "mynt_buy_tmall"
ERROR - 2017-06-08 02:20:50 --> Could not find the language line "mynt_buy_youzan"
ERROR - 2017-06-08 02:20:50 --> Could not find the language line "mynt_buy_jd"
ERROR - 2017-06-08 02:20:56 --> Could not find the language line "mynt_buy_taobao"
ERROR - 2017-06-08 02:20:56 --> Could not find the language line "mynt_buy_tmall"
ERROR - 2017-06-08 02:20:56 --> Could not find the language line "mynt_buy_youzan"
ERROR - 2017-06-08 02:20:56 --> Could not find the language line "mynt_buy_jd"
ERROR - 2017-06-08 02:26:30 --> Could not find the language line "home_cloud_title"
ERROR - 2017-06-08 02:26:30 --> Could not find the language line "home_cloud_intro"
ERROR - 2017-06-08 02:26:30 --> Could not find the language line "mynt_buy_taobao"
ERROR - 2017-06-08 02:26:30 --> Could not find the language line "mynt_buy_tmall"
ERROR - 2017-06-08 02:26:30 --> Could not find the language line "mynt_buy_youzan"
ERROR - 2017-06-08 02:26:30 --> Could not find the language line "mynt_buy_jd"
ERROR - 2017-06-08 02:26:36 --> Severity: Parsing Error --> parse error /Users/fantingsheng/website/application/language/japanese/web_lang.php 183
ERROR - 2017-06-08 02:27:28 --> Could not find the language line "mynt_buy_taobao"
ERROR - 2017-06-08 02:27:28 --> Could not find the language line "mynt_buy_tmall"
ERROR - 2017-06-08 02:27:28 --> Could not find the language line "mynt_buy_youzan"
ERROR - 2017-06-08 02:27:28 --> Could not find the language line "mynt_buy_jd"
ERROR - 2017-06-08 02:27:28 --> Could not find the language line "home_cloud_title"
ERROR - 2017-06-08 02:27:28 --> Could not find the language line "home_cloud_intro"
ERROR - 2017-06-08 02:27:28 --> Could not find the language line "mynt_icon_taobao"
ERROR - 2017-06-08 02:27:28 --> Could not find the language line "mynt_icon_tmall"
ERROR - 2017-06-08 02:27:28 --> Could not find the language line "mynt_icon_youzan"
ERROR - 2017-06-08 02:27:29 --> Could not find the language line "mynt_buy_taobao"
ERROR - 2017-06-08 02:27:29 --> Could not find the language line "mynt_buy_tmall"
ERROR - 2017-06-08 02:27:29 --> Could not find the language line "mynt_buy_youzan"
ERROR - 2017-06-08 02:27:29 --> Could not find the language line "mynt_buy_jd"
ERROR - 2017-06-08 02:27:35 --> Could not find the language line "mynt_buy_taobao"
ERROR - 2017-06-08 02:27:35 --> Could not find the language line "mynt_buy_tmall"
ERROR - 2017-06-08 02:27:35 --> Could not find the language line "mynt_buy_youzan"
ERROR - 2017-06-08 02:27:35 --> Could not find the language line "mynt_buy_jd"
ERROR - 2017-06-08 02:59:39 --> Could not find the language line "mynt_buy_taobao"
ERROR - 2017-06-08 02:59:39 --> Could not find the language line "mynt_buy_tmall"
ERROR - 2017-06-08 02:59:39 --> Could not find the language line "mynt_buy_youzan"
ERROR - 2017-06-08 02:59:39 --> Could not find the language line "mynt_buy_jd"
ERROR - 2017-06-08 02:59:56 --> Could not find the language line "mynt_buy_taobao"
ERROR - 2017-06-08 02:59:56 --> Could not find the language line "mynt_buy_tmall"
ERROR - 2017-06-08 02:59:56 --> Could not find the language line "mynt_buy_youzan"
ERROR - 2017-06-08 02:59:56 --> Could not find the language line "mynt_buy_jd"
ERROR - 2017-06-08 03:00:02 --> Could not find the language line "mynt_buy_taobao"
ERROR - 2017-06-08 03:00:02 --> Could not find the language line "mynt_buy_tmall"
ERROR - 2017-06-08 03:00:02 --> Could not find the language line "mynt_buy_youzan"
ERROR - 2017-06-08 03:00:02 --> Could not find the language line "mynt_buy_jd"
ERROR - 2017-06-08 03:00:02 --> Could not find the language line "mynt_buy_taobao"
ERROR - 2017-06-08 03:00:02 --> Could not find the language line "mynt_buy_tmall"
ERROR - 2017-06-08 03:00:02 --> Could not find the language line "mynt_buy_youzan"
ERROR - 2017-06-08 03:00:02 --> Could not find the language line "mynt_buy_jd"
ERROR - 2017-06-08 03:00:07 --> Could not find the language line "mynt_buy_taobao"
ERROR - 2017-06-08 03:00:07 --> Could not find the language line "mynt_buy_tmall"
ERROR - 2017-06-08 03:00:07 --> Could not find the language line "mynt_buy_youzan"
ERROR - 2017-06-08 03:00:07 --> Could not find the language line "mynt_buy_jd"
ERROR - 2017-06-08 03:00:07 --> Could not find the language line "mynt_buy_taobao"
ERROR - 2017-06-08 03:00:07 --> Could not find the language line "mynt_buy_tmall"
ERROR - 2017-06-08 03:00:07 --> Could not find the language line "mynt_buy_youzan"
ERROR - 2017-06-08 03:00:07 --> Could not find the language line "mynt_buy_jd"
ERROR - 2017-06-08 03:00:08 --> Could not find the language line "mynt_buy_taobao"
ERROR - 2017-06-08 03:00:08 --> Could not find the language line "mynt_buy_tmall"
ERROR - 2017-06-08 03:00:08 --> Could not find the language line "mynt_buy_youzan"
ERROR - 2017-06-08 03:00:08 --> Could not find the language line "mynt_buy_jd"
ERROR - 2017-06-08 03:00:08 --> Could not find the language line "mynt_buy_taobao"
ERROR - 2017-06-08 03:00:08 --> Could not find the language line "mynt_buy_tmall"
ERROR - 2017-06-08 03:00:08 --> Could not find the language line "mynt_buy_youzan"
ERROR - 2017-06-08 03:00:08 --> Could not find the language line "mynt_buy_jd"
ERROR - 2017-06-08 03:00:11 --> Could not find the language line "mynt_buy_taobao"
ERROR - 2017-06-08 03:00:11 --> Could not find the language line "mynt_buy_tmall"
ERROR - 2017-06-08 03:00:11 --> Could not find the language line "mynt_buy_youzan"
ERROR - 2017-06-08 03:00:11 --> Could not find the language line "mynt_buy_jd"
ERROR - 2017-06-08 03:00:11 --> Could not find the language line "mynt_buy_taobao"
ERROR - 2017-06-08 03:00:11 --> Could not find the language line "mynt_buy_tmall"
ERROR - 2017-06-08 03:00:11 --> Could not find the language line "mynt_buy_youzan"
ERROR - 2017-06-08 03:00:11 --> Could not find the language line "mynt_buy_jd"
ERROR - 2017-06-08 03:00:11 --> Could not find the language line "mynt_buy_taobao"
ERROR - 2017-06-08 03:00:11 --> Could not find the language line "mynt_buy_tmall"
ERROR - 2017-06-08 03:00:11 --> Could not find the language line "mynt_buy_youzan"
ERROR - 2017-06-08 03:00:11 --> Could not find the language line "mynt_buy_jd"
ERROR - 2017-06-08 03:00:11 --> Could not find the language line "mynt_buy_taobao"
ERROR - 2017-06-08 03:00:11 --> Could not find the language line "mynt_buy_tmall"
ERROR - 2017-06-08 03:00:11 --> Could not find the language line "mynt_buy_youzan"
ERROR - 2017-06-08 03:00:11 --> Could not find the language line "mynt_buy_jd"
ERROR - 2017-06-08 03:00:12 --> Could not find the language line "mynt_buy_taobao"
ERROR - 2017-06-08 03:00:12 --> Could not find the language line "mynt_buy_tmall"
ERROR - 2017-06-08 03:00:12 --> Could not find the language line "mynt_buy_youzan"
ERROR - 2017-06-08 03:00:12 --> Could not find the language line "mynt_buy_jd"
ERROR - 2017-06-08 03:00:12 --> Could not find the language line "mynt_buy_taobao"
ERROR - 2017-06-08 03:00:12 --> Could not find the language line "mynt_buy_tmall"
ERROR - 2017-06-08 03:00:12 --> Could not find the language line "mynt_buy_youzan"
ERROR - 2017-06-08 03:00:12 --> Could not find the language line "mynt_buy_jd"
ERROR - 2017-06-08 03:00:12 --> Could not find the language line "mynt_buy_taobao"
ERROR - 2017-06-08 03:00:12 --> Could not find the language line "mynt_buy_tmall"
ERROR - 2017-06-08 03:00:12 --> Could not find the language line "mynt_buy_youzan"
ERROR - 2017-06-08 03:00:12 --> Could not find the language line "mynt_buy_jd"
ERROR - 2017-06-08 03:00:12 --> Could not find the language line "mynt_buy_taobao"
ERROR - 2017-06-08 03:00:12 --> Could not find the language line "mynt_buy_tmall"
ERROR - 2017-06-08 03:00:12 --> Could not find the language line "mynt_buy_youzan"
ERROR - 2017-06-08 03:00:12 --> Could not find the language line "mynt_buy_jd"
ERROR - 2017-06-08 03:00:13 --> Could not find the language line "mynt_buy_taobao"
ERROR - 2017-06-08 03:00:13 --> Could not find the language line "mynt_buy_tmall"
ERROR - 2017-06-08 03:00:13 --> Could not find the language line "mynt_buy_youzan"
ERROR - 2017-06-08 03:00:13 --> Could not find the language line "mynt_buy_jd"
ERROR - 2017-06-08 03:00:13 --> Could not find the language line "mynt_buy_taobao"
ERROR - 2017-06-08 03:00:13 --> Could not find the language line "mynt_buy_tmall"
ERROR - 2017-06-08 03:00:13 --> Could not find the language line "mynt_buy_youzan"
ERROR - 2017-06-08 03:00:13 --> Could not find the language line "mynt_buy_jd"
ERROR - 2017-06-08 03:00:13 --> Could not find the language line "mynt_buy_taobao"
ERROR - 2017-06-08 03:00:13 --> Could not find the language line "mynt_buy_tmall"
ERROR - 2017-06-08 03:00:13 --> Could not find the language line "mynt_buy_youzan"
ERROR - 2017-06-08 03:00:13 --> Could not find the language line "mynt_buy_jd"
ERROR - 2017-06-08 03:00:13 --> Could not find the language line "mynt_buy_taobao"
ERROR - 2017-06-08 03:00:13 --> Could not find the language line "mynt_buy_tmall"
ERROR - 2017-06-08 03:00:13 --> Could not find the language line "mynt_buy_youzan"
ERROR - 2017-06-08 03:00:13 --> Could not find the language line "mynt_buy_jd"
ERROR - 2017-06-08 03:00:13 --> Could not find the language line "mynt_buy_taobao"
ERROR - 2017-06-08 03:00:13 --> Could not find the language line "mynt_buy_tmall"
ERROR - 2017-06-08 03:00:13 --> Could not find the language line "mynt_buy_youzan"
ERROR - 2017-06-08 03:00:13 --> Could not find the language line "mynt_buy_jd"
ERROR - 2017-06-08 03:00:44 --> Severity: Parsing Error --> parse error /Users/fantingsheng/website/application/language/japanese/web_lang.php 319
ERROR - 2017-06-08 03:01:41 --> Severity: Parsing Error --> parse error /Users/fantingsheng/website/application/language/japanese/web_lang.php 318
ERROR - 2017-06-08 03:01:41 --> Severity: Parsing Error --> parse error /Users/fantingsheng/website/application/language/japanese/web_lang.php 318
ERROR - 2017-06-08 03:01:42 --> Severity: Parsing Error --> parse error /Users/fantingsheng/website/application/language/japanese/web_lang.php 318
ERROR - 2017-06-08 03:01:42 --> Severity: Parsing Error --> parse error /Users/fantingsheng/website/application/language/japanese/web_lang.php 318
ERROR - 2017-06-08 03:01:42 --> Severity: Parsing Error --> parse error /Users/fantingsheng/website/application/language/japanese/web_lang.php 318
ERROR - 2017-06-08 03:01:42 --> Severity: Parsing Error --> parse error /Users/fantingsheng/website/application/language/japanese/web_lang.php 318
ERROR - 2017-06-08 03:01:43 --> Severity: Parsing Error --> parse error /Users/fantingsheng/website/application/language/japanese/web_lang.php 318
ERROR - 2017-06-08 03:01:43 --> Severity: Parsing Error --> parse error /Users/fantingsheng/website/application/language/japanese/web_lang.php 318
ERROR - 2017-06-08 03:01:43 --> Severity: Parsing Error --> parse error /Users/fantingsheng/website/application/language/japanese/web_lang.php 318
ERROR - 2017-06-08 03:01:43 --> Severity: Parsing Error --> parse error /Users/fantingsheng/website/application/language/japanese/web_lang.php 318
ERROR - 2017-06-08 03:01:43 --> Severity: Parsing Error --> parse error /Users/fantingsheng/website/application/language/japanese/web_lang.php 318
ERROR - 2017-06-08 03:01:44 --> Severity: Parsing Error --> parse error /Users/fantingsheng/website/application/language/japanese/web_lang.php 318
ERROR - 2017-06-08 03:01:44 --> Severity: Parsing Error --> parse error /Users/fantingsheng/website/application/language/japanese/web_lang.php 318
ERROR - 2017-06-08 03:01:44 --> Severity: Parsing Error --> parse error /Users/fantingsheng/website/application/language/japanese/web_lang.php 318
ERROR - 2017-06-08 03:01:44 --> Severity: Parsing Error --> parse error /Users/fantingsheng/website/application/language/japanese/web_lang.php 318
ERROR - 2017-06-08 03:01:44 --> Severity: Parsing Error --> parse error /Users/fantingsheng/website/application/language/japanese/web_lang.php 318
ERROR - 2017-06-08 03:02:23 --> Severity: Parsing Error --> parse error /Users/fantingsheng/website/application/language/japanese/web_lang.php 316
ERROR - 2017-06-08 03:02:24 --> Severity: Parsing Error --> parse error /Users/fantingsheng/website/application/language/japanese/web_lang.php 316
ERROR - 2017-06-08 03:02:24 --> Severity: Parsing Error --> parse error /Users/fantingsheng/website/application/language/japanese/web_lang.php 316
ERROR - 2017-06-08 03:02:24 --> Severity: Parsing Error --> parse error /Users/fantingsheng/website/application/language/japanese/web_lang.php 316
ERROR - 2017-06-08 03:02:25 --> Severity: Parsing Error --> parse error /Users/fantingsheng/website/application/language/japanese/web_lang.php 316
ERROR - 2017-06-08 03:02:25 --> Severity: Parsing Error --> parse error /Users/fantingsheng/website/application/language/japanese/web_lang.php 316
ERROR - 2017-06-08 03:02:25 --> Severity: Parsing Error --> parse error /Users/fantingsheng/website/application/language/japanese/web_lang.php 316
ERROR - 2017-06-08 03:02:25 --> Severity: Parsing Error --> parse error /Users/fantingsheng/website/application/language/japanese/web_lang.php 316
ERROR - 2017-06-08 03:03:16 --> Severity: Parsing Error --> parse error /Users/fantingsheng/website/application/language/japanese/web_lang.php 319
ERROR - 2017-06-08 03:03:16 --> Severity: Parsing Error --> parse error /Users/fantingsheng/website/application/language/japanese/web_lang.php 319
ERROR - 2017-06-08 03:03:17 --> Severity: Parsing Error --> parse error /Users/fantingsheng/website/application/language/japanese/web_lang.php 319
ERROR - 2017-06-08 03:03:17 --> Severity: Parsing Error --> parse error /Users/fantingsheng/website/application/language/japanese/web_lang.php 319
ERROR - 2017-06-08 03:03:17 --> Severity: Parsing Error --> parse error /Users/fantingsheng/website/application/language/japanese/web_lang.php 319
ERROR - 2017-06-08 03:03:17 --> Severity: Parsing Error --> parse error /Users/fantingsheng/website/application/language/japanese/web_lang.php 319
ERROR - 2017-06-08 03:06:24 --> Could not find the language line "mynt_buy_taobao"
ERROR - 2017-06-08 03:06:24 --> Could not find the language line "mynt_buy_tmall"
ERROR - 2017-06-08 03:06:24 --> Could not find the language line "mynt_buy_youzan"
ERROR - 2017-06-08 03:06:24 --> Could not find the language line "mynt_buy_jd"
ERROR - 2017-06-08 03:06:24 --> Could not find the language line "mynt_buy_taobao"
ERROR - 2017-06-08 03:06:24 --> Could not find the language line "mynt_buy_tmall"
ERROR - 2017-06-08 03:06:24 --> Could not find the language line "mynt_buy_youzan"
ERROR - 2017-06-08 03:06:24 --> Could not find the language line "mynt_buy_jd"
ERROR - 2017-06-08 03:06:45 --> Could not find the language line "mynt_buy_taobao"
ERROR - 2017-06-08 03:06:45 --> Could not find the language line "mynt_buy_tmall"
ERROR - 2017-06-08 03:06:45 --> Could not find the language line "mynt_buy_youzan"
ERROR - 2017-06-08 03:06:45 --> Could not find the language line "mynt_buy_jd"
ERROR - 2017-06-08 03:06:50 --> Could not find the language line "mynt_buy_taobao"
ERROR - 2017-06-08 03:06:50 --> Could not find the language line "mynt_buy_tmall"
ERROR - 2017-06-08 03:06:50 --> Could not find the language line "mynt_buy_youzan"
ERROR - 2017-06-08 03:06:50 --> Could not find the language line "mynt_buy_jd"
ERROR - 2017-06-08 03:07:34 --> Could not find the language line "mynt_buy_taobao"
ERROR - 2017-06-08 03:07:34 --> Could not find the language line "mynt_buy_tmall"
ERROR - 2017-06-08 03:07:34 --> Could not find the language line "mynt_buy_youzan"
ERROR - 2017-06-08 03:07:34 --> Could not find the language line "mynt_buy_jd"
ERROR - 2017-06-08 11:21:13 --> Could not find the language line "mynt_buy_taobao"
ERROR - 2017-06-08 11:21:13 --> Could not find the language line "mynt_buy_tmall"
ERROR - 2017-06-08 11:21:13 --> Could not find the language line "mynt_buy_youzan"
ERROR - 2017-06-08 11:21:13 --> Could not find the language line "mynt_buy_jd"
ERROR - 2017-06-08 11:21:14 --> Could not find the language line "mynt_buy_taobao"
ERROR - 2017-06-08 11:21:14 --> Could not find the language line "mynt_buy_tmall"
ERROR - 2017-06-08 11:21:14 --> Could not find the language line "mynt_buy_youzan"
ERROR - 2017-06-08 11:21:14 --> Could not find the language line "mynt_buy_jd"
ERROR - 2017-06-08 11:21:14 --> Could not find the language line "home_cloud_title"
ERROR - 2017-06-08 11:21:14 --> Could not find the language line "home_cloud_intro"
ERROR - 2017-06-08 11:21:14 --> Could not find the language line "mynt_icon_taobao"
ERROR - 2017-06-08 11:21:14 --> Could not find the language line "mynt_icon_tmall"
ERROR - 2017-06-08 11:21:14 --> Could not find the language line "mynt_icon_youzan"
