ERROR - 2017-06-02 00:48:42 --> 404 Page Not Found: Fr/index
ERROR - 2017-06-02 00:48:43 --> 404 Page Not Found: Fr/index
ERROR - 2017-06-02 00:55:32 --> 404 Page Not Found: Fr/index
ERROR - 2017-06-02 00:55:33 --> 404 Page Not Found: Fr/index
ERROR - 2017-06-02 00:55:34 --> 404 Page Not Found: Fr/index
ERROR - 2017-06-02 01:02:09 --> 404 Page Not Found: Fr/index
ERROR - 2017-06-02 01:09:26 --> 404 Page Not Found: Fr/index
ERROR - 2017-06-02 01:20:50 --> 404 Page Not Found: Fr/index
ERROR - 2017-06-02 06:17:16 --> 404 Page Not Found: Fr/index
ERROR - 2017-06-02 06:17:17 --> 404 Page Not Found: Fr/index
ERROR - 2017-06-02 06:17:18 --> 404 Page Not Found: Fr/index
ERROR - 2017-06-02 06:17:19 --> 404 Page Not Found: Fr/index
ERROR - 2017-06-02 06:17:23 --> 404 Page Not Found: Fr/index
ERROR - 2017-06-02 06:17:24 --> 404 Page Not Found: Fr/index
ERROR - 2017-06-02 06:17:25 --> 404 Page Not Found: Fr/index
ERROR - 2017-06-02 06:17:25 --> 404 Page Not Found: Fr/index
ERROR - 2017-06-02 06:20:33 --> Could not find the language line "mynt_buy_taobao"
ERROR - 2017-06-02 06:20:33 --> Could not find the language line "mynt_buy_tmall"
ERROR - 2017-06-02 06:20:33 --> Could not find the language line "mynt_buy_youzan"
ERROR - 2017-06-02 06:20:33 --> Could not find the language line "mynt_buy_jd"
ERROR - 2017-06-02 06:20:33 --> Could not find the language line "home_cloud_title"
ERROR - 2017-06-02 06:20:33 --> Could not find the language line "home_cloud_intro"
ERROR - 2017-06-02 06:20:33 --> Could not find the language line "mynt_icon_taobao"
ERROR - 2017-06-02 06:20:33 --> Could not find the language line "mynt_icon_tmall"
ERROR - 2017-06-02 06:20:33 --> Could not find the language line "mynt_icon_youzan"
ERROR - 2017-06-02 06:20:33 --> Could not find the language line "mynt_buy_taobao"
ERROR - 2017-06-02 06:20:33 --> Could not find the language line "mynt_buy_tmall"
ERROR - 2017-06-02 06:20:33 --> Could not find the language line "mynt_buy_youzan"
ERROR - 2017-06-02 06:20:33 --> Could not find the language line "mynt_buy_jd"
ERROR - 2017-06-02 06:22:14 --> Could not find the language line "mynt_buy_taobao"
ERROR - 2017-06-02 06:22:14 --> Could not find the language line "mynt_buy_tmall"
ERROR - 2017-06-02 06:22:14 --> Could not find the language line "mynt_buy_youzan"
ERROR - 2017-06-02 06:22:14 --> Could not find the language line "mynt_buy_jd"
ERROR - 2017-06-02 06:22:14 --> Could not find the language line "mynt_icon_taobao"
ERROR - 2017-06-02 06:22:14 --> Could not find the language line "mynt_icon_tmall"
ERROR - 2017-06-02 06:22:14 --> Could not find the language line "mynt_icon_youzan"
ERROR - 2017-06-02 06:22:14 --> Could not find the language line "mynt_icon_jd"
ERROR - 2017-06-02 06:22:14 --> Could not find the language line "mynt_jd_detail"
ERROR - 2017-06-02 06:22:14 --> Could not find the language line "to_buy_wd"
ERROR - 2017-06-02 06:22:14 --> Could not find the language line "slightech_wechat"
ERROR - 2017-06-02 06:22:14 --> Could not find the language line "key_no_lost"
ERROR - 2017-06-02 06:22:14 --> Could not find the language line "bag_no_lost"
ERROR - 2017-06-02 06:22:14 --> Could not find the language line "computer_no_lost"
ERROR - 2017-06-02 06:22:14 --> Could not find the language line "pet_no_lost"
ERROR - 2017-06-02 06:22:14 --> Could not find the language line "goal"
ERROR - 2017-06-02 06:22:14 --> Could not find the language line "fund_title"
ERROR - 2017-06-02 06:22:14 --> Could not find the language line "fund_intro"
ERROR - 2017-06-02 06:22:15 --> Could not find the language line "mynt_buy_taobao"
ERROR - 2017-06-02 06:22:15 --> Could not find the language line "mynt_buy_tmall"
ERROR - 2017-06-02 06:22:15 --> Could not find the language line "mynt_buy_youzan"
ERROR - 2017-06-02 06:22:15 --> Could not find the language line "mynt_buy_jd"
ERROR - 2017-06-02 06:22:44 --> Could not find the language line "mynt_buy_taobao"
ERROR - 2017-06-02 06:22:44 --> Could not find the language line "mynt_buy_tmall"
ERROR - 2017-06-02 06:22:44 --> Could not find the language line "mynt_buy_youzan"
ERROR - 2017-06-02 06:22:44 --> Could not find the language line "mynt_buy_jd"
ERROR - 2017-06-02 06:22:44 --> Could not find the language line "mynt_icon_taobao"
ERROR - 2017-06-02 06:22:44 --> Could not find the language line "mynt_icon_tmall"
ERROR - 2017-06-02 06:22:44 --> Could not find the language line "mynt_icon_youzan"
ERROR - 2017-06-02 06:22:44 --> Could not find the language line "mynt_icon_jd"
ERROR - 2017-06-02 06:22:44 --> Could not find the language line "mynt_jd_detail"
ERROR - 2017-06-02 06:22:44 --> Could not find the language line "to_buy_wd"
ERROR - 2017-06-02 06:22:44 --> Could not find the language line "slightech_wechat"
ERROR - 2017-06-02 06:22:44 --> Could not find the language line "key_no_lost"
ERROR - 2017-06-02 06:22:44 --> Could not find the language line "bag_no_lost"
ERROR - 2017-06-02 06:22:44 --> Could not find the language line "computer_no_lost"
ERROR - 2017-06-02 06:22:44 --> Could not find the language line "pet_no_lost"
ERROR - 2017-06-02 06:22:44 --> Could not find the language line "goal"
ERROR - 2017-06-02 06:22:44 --> Could not find the language line "fund_title"
ERROR - 2017-06-02 06:22:44 --> Could not find the language line "fund_intro"
ERROR - 2017-06-02 06:22:44 --> Could not find the language line "mynt_buy_taobao"
ERROR - 2017-06-02 06:22:44 --> Could not find the language line "mynt_buy_tmall"
ERROR - 2017-06-02 06:22:44 --> Could not find the language line "mynt_buy_youzan"
ERROR - 2017-06-02 06:22:44 --> Could not find the language line "mynt_buy_jd"
ERROR - 2017-06-02 06:22:45 --> Could not find the language line "mynt_buy_taobao"
ERROR - 2017-06-02 06:22:45 --> Could not find the language line "mynt_buy_tmall"
ERROR - 2017-06-02 06:22:45 --> Could not find the language line "mynt_buy_youzan"
ERROR - 2017-06-02 06:22:45 --> Could not find the language line "mynt_buy_jd"
ERROR - 2017-06-02 06:22:45 --> Could not find the language line "mynt_icon_taobao"
ERROR - 2017-06-02 06:22:45 --> Could not find the language line "mynt_icon_tmall"
ERROR - 2017-06-02 06:22:45 --> Could not find the language line "mynt_icon_youzan"
ERROR - 2017-06-02 06:22:45 --> Could not find the language line "mynt_icon_jd"
ERROR - 2017-06-02 06:22:45 --> Could not find the language line "mynt_jd_detail"
ERROR - 2017-06-02 06:22:45 --> Could not find the language line "to_buy_wd"
ERROR - 2017-06-02 06:22:45 --> Could not find the language line "slightech_wechat"
ERROR - 2017-06-02 06:22:45 --> Could not find the language line "key_no_lost"
ERROR - 2017-06-02 06:22:45 --> Could not find the language line "bag_no_lost"
ERROR - 2017-06-02 06:22:45 --> Could not find the language line "computer_no_lost"
ERROR - 2017-06-02 06:22:45 --> Could not find the language line "pet_no_lost"
ERROR - 2017-06-02 06:22:45 --> Could not find the language line "goal"
ERROR - 2017-06-02 06:22:45 --> Could not find the language line "fund_title"
ERROR - 2017-06-02 06:22:45 --> Could not find the language line "fund_intro"
ERROR - 2017-06-02 06:22:46 --> Could not find the language line "mynt_buy_taobao"
ERROR - 2017-06-02 06:22:46 --> Could not find the language line "mynt_buy_tmall"
ERROR - 2017-06-02 06:22:46 --> Could not find the language line "mynt_buy_youzan"
ERROR - 2017-06-02 06:22:46 --> Could not find the language line "mynt_buy_jd"
ERROR - 2017-06-02 06:22:53 --> Could not find the language line "mynt_buy_taobao"
ERROR - 2017-06-02 06:22:53 --> Could not find the language line "mynt_buy_tmall"
ERROR - 2017-06-02 06:22:53 --> Could not find the language line "mynt_buy_youzan"
ERROR - 2017-06-02 06:22:53 --> Could not find the language line "mynt_buy_jd"
ERROR - 2017-06-02 06:22:53 --> Could not find the language line "mynt_icon_taobao"
ERROR - 2017-06-02 06:22:53 --> Could not find the language line "mynt_icon_tmall"
ERROR - 2017-06-02 06:22:53 --> Could not find the language line "mynt_icon_youzan"
ERROR - 2017-06-02 06:22:53 --> Could not find the language line "mynt_icon_jd"
ERROR - 2017-06-02 06:22:53 --> Could not find the language line "mynt_jd_detail"
ERROR - 2017-06-02 06:22:53 --> Could not find the language line "to_buy_wd"
ERROR - 2017-06-02 06:22:53 --> Could not find the language line "slightech_wechat"
ERROR - 2017-06-02 06:22:53 --> Could not find the language line "key_no_lost"
ERROR - 2017-06-02 06:22:53 --> Could not find the language line "bag_no_lost"
ERROR - 2017-06-02 06:22:53 --> Could not find the language line "computer_no_lost"
ERROR - 2017-06-02 06:22:53 --> Could not find the language line "pet_no_lost"
ERROR - 2017-06-02 06:22:53 --> Could not find the language line "goal"
ERROR - 2017-06-02 06:22:53 --> Could not find the language line "fund_title"
ERROR - 2017-06-02 06:22:53 --> Could not find the language line "fund_intro"
ERROR - 2017-06-02 06:22:53 --> Could not find the language line "mynt_buy_taobao"
ERROR - 2017-06-02 06:22:53 --> Could not find the language line "mynt_buy_tmall"
ERROR - 2017-06-02 06:22:53 --> Could not find the language line "mynt_buy_youzan"
ERROR - 2017-06-02 06:22:53 --> Could not find the language line "mynt_buy_jd"
ERROR - 2017-06-02 06:27:37 --> Could not find the language line "mynt_buy_taobao"
ERROR - 2017-06-02 06:27:37 --> Could not find the language line "mynt_buy_tmall"
ERROR - 2017-06-02 06:27:37 --> Could not find the language line "mynt_buy_youzan"
ERROR - 2017-06-02 06:27:37 --> Could not find the language line "mynt_buy_jd"
ERROR - 2017-06-02 06:30:37 --> Could not find the language line "mynt_buy_taobao"
ERROR - 2017-06-02 06:30:37 --> Could not find the language line "mynt_buy_tmall"
ERROR - 2017-06-02 06:30:37 --> Could not find the language line "mynt_buy_youzan"
ERROR - 2017-06-02 06:30:37 --> Could not find the language line "mynt_buy_jd"
ERROR - 2017-06-02 06:30:37 --> Could not find the language line "home_cloud_title"
ERROR - 2017-06-02 06:30:37 --> Could not find the language line "home_cloud_intro"
ERROR - 2017-06-02 06:30:37 --> Could not find the language line "mynt_icon_taobao"
ERROR - 2017-06-02 06:30:37 --> Could not find the language line "mynt_icon_tmall"
ERROR - 2017-06-02 06:30:37 --> Could not find the language line "mynt_icon_youzan"
ERROR - 2017-06-02 06:30:37 --> Could not find the language line "mynt_buy_taobao"
ERROR - 2017-06-02 06:30:37 --> Could not find the language line "mynt_buy_tmall"
ERROR - 2017-06-02 06:30:37 --> Could not find the language line "mynt_buy_youzan"
ERROR - 2017-06-02 06:30:37 --> Could not find the language line "mynt_buy_jd"
ERROR - 2017-06-02 10:41:31 --> Could not find the language line "mynt_buy_taobao"
ERROR - 2017-06-02 10:41:31 --> Could not find the language line "mynt_buy_tmall"
ERROR - 2017-06-02 10:41:31 --> Could not find the language line "mynt_buy_youzan"
ERROR - 2017-06-02 10:41:31 --> Could not find the language line "mynt_buy_jd"
ERROR - 2017-06-02 10:41:31 --> Could not find the language line "home_cloud_title"
ERROR - 2017-06-02 10:41:31 --> Could not find the language line "home_cloud_intro"
ERROR - 2017-06-02 10:41:31 --> Could not find the language line "mynt_icon_taobao"
ERROR - 2017-06-02 10:41:31 --> Could not find the language line "mynt_icon_tmall"
ERROR - 2017-06-02 10:41:31 --> Could not find the language line "mynt_icon_youzan"
ERROR - 2017-06-02 10:41:31 --> Could not find the language line "mynt_buy_taobao"
ERROR - 2017-06-02 10:41:31 --> Could not find the language line "mynt_buy_tmall"
ERROR - 2017-06-02 10:41:31 --> Could not find the language line "mynt_buy_youzan"
ERROR - 2017-06-02 10:41:31 --> Could not find the language line "mynt_buy_jd"
