ERROR - 2017-09-15 08:04:33 --> Could not find the language line "mynt_buy_amazon"
ERROR - 2017-09-15 08:04:33 --> Could not find the language line "home_slife_title"
ERROR - 2017-09-15 08:04:33 --> Could not find the language line "mynt_icon_buy"
ERROR - 2017-09-15 08:04:44 --> Could not find the language line "mynt_buy_amazon"
ERROR - 2017-09-15 08:04:44 --> Could not find the language line "home_slife_title"
ERROR - 2017-09-15 08:04:44 --> Could not find the language line "mynt_icon_buy"
ERROR - 2017-09-15 08:07:19 --> Could not find the language line "mynt_buy_amazon"
ERROR - 2017-09-15 08:07:19 --> Could not find the language line "home_slife_title"
ERROR - 2017-09-15 08:07:19 --> Could not find the language line "mynt_icon_buy"
ERROR - 2017-09-15 08:07:28 --> Could not find the language line "mynt_buy_amazon"
ERROR - 2017-09-15 08:07:28 --> Could not find the language line "about_keywords"
ERROR - 2017-09-15 08:07:28 --> Could not find the language line "about_company"
ERROR - 2017-09-15 08:31:07 --> Could not find the language line "mynt_buy_amazon"
ERROR - 2017-09-15 08:31:07 --> Could not find the language line "about_keywords"
ERROR - 2017-09-15 08:31:07 --> Could not find the language line "about_company"
ERROR - 2017-09-15 08:31:41 --> Could not find the language line "mynt_buy_amazon"
ERROR - 2017-09-15 08:31:41 --> Could not find the language line "about_keywords"
ERROR - 2017-09-15 08:31:41 --> Could not find the language line "about_company"
ERROR - 2017-09-15 08:32:43 --> Could not find the language line "mynt_buy_amazon"
ERROR - 2017-09-15 08:32:43 --> Could not find the language line "about_keywords"
ERROR - 2017-09-15 08:32:43 --> Could not find the language line "about_company"
ERROR - 2017-09-15 08:32:54 --> Could not find the language line "mynt_buy_amazon"
ERROR - 2017-09-15 08:32:54 --> Could not find the language line "about_keywords"
ERROR - 2017-09-15 08:32:54 --> Could not find the language line "about_company"
ERROR - 2017-09-15 08:39:02 --> Could not find the language line "mynt_buy_amazon"
ERROR - 2017-09-15 08:39:02 --> Could not find the language line "home_slife_title"
ERROR - 2017-09-15 08:39:02 --> Could not find the language line "mynt_icon_buy"
ERROR - 2017-09-15 08:42:37 --> Could not find the language line "mynt_buy_amazon"
ERROR - 2017-09-15 08:42:37 --> Could not find the language line "mynt_buy_amazon"
ERROR - 2017-09-15 08:43:14 --> Could not find the language line "mynt_buy_amazon"
ERROR - 2017-09-15 08:46:08 --> Could not find the language line "mynt_buy_amazon"
ERROR - 2017-09-15 08:50:01 --> Could not find the language line "mynt_buy_amazon"
ERROR - 2017-09-15 08:50:20 --> Could not find the language line "mynt_buy_amazon"
ERROR - 2017-09-15 08:56:37 --> Could not find the language line "mynt_buy_amazon"
ERROR - 2017-09-15 09:00:03 --> Could not find the language line "mynt_buy_amazon"
ERROR - 2017-09-15 09:00:04 --> Could not find the language line "mynt_buy_amazon"
ERROR - 2017-09-15 09:00:04 --> Could not find the language line "mynt_buy_amazon"
ERROR - 2017-09-15 09:00:04 --> Could not find the language line "mynt_buy_amazon"
ERROR - 2017-09-15 09:00:05 --> Could not find the language line "mynt_buy_amazon"
ERROR - 2017-09-15 09:21:40 --> Could not find the language line "mynt_buy_amazon"
ERROR - 2017-09-15 09:21:40 --> Could not find the language line "home_slife_title"
ERROR - 2017-09-15 09:21:40 --> Could not find the language line "mynt_icon_buy"
ERROR - 2017-09-15 09:21:48 --> Could not find the language line "mynt_buy_amazon"
ERROR - 2017-09-15 09:21:48 --> Could not find the language line "about_keywords"
ERROR - 2017-09-15 09:21:48 --> Could not find the language line "about_company"
ERROR - 2017-09-15 09:21:50 --> Could not find the language line "mynt_buy_amazon"
ERROR - 2017-09-15 09:22:44 --> Could not find the language line "mynt_buy_amazon"
ERROR - 2017-09-15 09:23:05 --> Could not find the language line "mynt_buy_amazon"
ERROR - 2017-09-15 09:23:07 --> Could not find the language line "mynt_buy_amazon"
ERROR - 2017-09-15 09:23:18 --> Could not find the language line "mynt_buy_amazon"
ERROR - 2017-09-15 09:23:20 --> Could not find the language line "mynt_buy_amazon"
ERROR - 2017-09-15 09:23:24 --> Could not find the language line "mynt_buy_amazon"
ERROR - 2017-09-15 09:30:23 --> Could not find the language line "mynt_buy_amazon"
ERROR - 2017-09-15 09:30:24 --> Could not find the language line "mynt_buy_amazon"
ERROR - 2017-09-15 09:30:24 --> Could not find the language line "mynt_buy_amazon"
ERROR - 2017-09-15 09:30:24 --> Could not find the language line "mynt_buy_amazon"
ERROR - 2017-09-15 09:31:22 --> Could not find the language line "mynt_buy_amazon"
ERROR - 2017-09-15 09:31:26 --> Could not find the language line "mynt_buy_amazon"
ERROR - 2017-09-15 09:31:30 --> Could not find the language line "mynt_buy_amazon"
ERROR - 2017-09-15 09:31:30 --> Could not find the language line "about_keywords"
ERROR - 2017-09-15 09:31:30 --> Could not find the language line "about_company"
ERROR - 2017-09-15 09:32:02 --> Could not find the language line "mynt_buy_amazon"
ERROR - 2017-09-15 09:32:02 --> Could not find the language line "home_slife_title"
ERROR - 2017-09-15 09:32:02 --> Could not find the language line "mynt_icon_buy"
ERROR - 2017-09-15 09:32:26 --> Could not find the language line "mynt_buy_amazon"
ERROR - 2017-09-15 09:43:49 --> Could not find the language line "mynt_buy_amazon"
ERROR - 2017-09-15 09:43:49 --> Could not find the language line "about_keywords"
ERROR - 2017-09-15 09:43:49 --> Could not find the language line "about_company"
ERROR - 2017-09-15 09:43:54 --> Could not find the language line "mynt_buy_amazon"
ERROR - 2017-09-15 09:44:15 --> Could not find the language line "mynt_buy_amazon"
ERROR - 2017-09-15 09:44:20 --> Could not find the language line "mynt_buy_amazon"
ERROR - 2017-09-15 09:44:20 --> Could not find the language line "about_keywords"
ERROR - 2017-09-15 09:44:20 --> Could not find the language line "about_company"
ERROR - 2017-09-15 09:45:28 --> Could not find the language line "mynt_buy_amazon"
ERROR - 2017-09-15 09:45:28 --> Could not find the language line "about_keywords"
ERROR - 2017-09-15 09:45:28 --> Could not find the language line "about_company"
ERROR - 2017-09-15 09:45:34 --> Could not find the language line "mynt_buy_amazon"
ERROR - 2017-09-15 09:45:34 --> Could not find the language line "about_keywords"
ERROR - 2017-09-15 09:45:34 --> Could not find the language line "about_company"
ERROR - 2017-09-15 09:45:35 --> Could not find the language line "mynt_buy_amazon"
ERROR - 2017-09-15 09:45:35 --> Could not find the language line "about_keywords"
ERROR - 2017-09-15 09:45:35 --> Could not find the language line "about_company"
ERROR - 2017-09-15 09:45:38 --> Could not find the language line "mynt_buy_amazon"
ERROR - 2017-09-15 09:45:38 --> Could not find the language line "about_keywords"
ERROR - 2017-09-15 09:45:38 --> Could not find the language line "about_company"
ERROR - 2017-09-15 09:45:44 --> Could not find the language line "mynt_buy_amazon"
ERROR - 2017-09-15 09:45:53 --> Could not find the language line "mynt_buy_amazon"
ERROR - 2017-09-15 09:45:53 --> Could not find the language line "about_keywords"
ERROR - 2017-09-15 09:45:53 --> Could not find the language line "about_company"
ERROR - 2017-09-15 09:45:57 --> Could not find the language line "mynt_buy_amazon"
ERROR - 2017-09-15 09:45:57 --> Could not find the language line "about_keywords"
ERROR - 2017-09-15 09:45:57 --> Could not find the language line "about_company"
ERROR - 2017-09-15 09:45:59 --> Could not find the language line "mynt_buy_amazon"
ERROR - 2017-09-15 09:45:59 --> Could not find the language line "about_keywords"
ERROR - 2017-09-15 09:45:59 --> Could not find the language line "about_company"
ERROR - 2017-09-15 09:49:06 --> Could not find the language line "mynt_buy_amazon"
ERROR - 2017-09-15 09:49:06 --> Could not find the language line "about_keywords"
ERROR - 2017-09-15 09:49:06 --> Could not find the language line "about_company"
ERROR - 2017-09-15 09:50:33 --> Could not find the language line "mynt_buy_amazon"
ERROR - 2017-09-15 09:50:33 --> Query error: Table 'website.st_maillist' doesn't exist - Invalid query: SELECT *
FROM `st_maillist`
WHERE `mail` = '20983556@qq.com'
ERROR - 2017-09-15 09:50:46 --> Could not find the language line "mynt_buy_amazon"
ERROR - 2017-09-15 09:51:04 --> Could not find the language line "mynt_buy_amazon"
ERROR - 2017-09-15 09:51:04 --> Query error: Table 'website.st_maillist' doesn't exist - Invalid query: SELECT *
FROM `st_maillist`
WHERE `mail` = '20983556@qq.com'
ERROR - 2017-09-15 09:52:45 --> Could not find the language line "mynt_buy_amazon"
ERROR - 2017-09-15 09:52:45 --> Query error: Table 'website.st_maillist' doesn't exist - Invalid query: SELECT *
FROM `st_maillist`
WHERE `mail` = '20983556@qq.com'
ERROR - 2017-09-15 09:53:03 --> Could not find the language line "mynt_buy_amazon"
ERROR - 2017-09-15 09:53:05 --> Could not find the language line "mynt_buy_amazon"
ERROR - 2017-09-15 09:53:06 --> Could not find the language line "mynt_buy_amazon"
ERROR - 2017-09-15 09:53:14 --> Could not find the language line "mynt_buy_amazon"
ERROR - 2017-09-15 09:53:14 --> Could not find the language line "about_keywords"
ERROR - 2017-09-15 09:53:14 --> Could not find the language line "about_company"
ERROR - 2017-09-15 09:53:22 --> Could not find the language line "mynt_buy_amazon"
ERROR - 2017-09-15 09:53:25 --> Could not find the language line "mynt_buy_amazon"
ERROR - 2017-09-15 09:53:25 --> Query error: Table 'website.st_maillist' doesn't exist - Invalid query: SELECT *
FROM `st_maillist`
WHERE `mail` = '20983556@qq.com'
ERROR - 2017-09-15 09:57:26 --> Could not find the language line "mynt_buy_amazon"
ERROR - 2017-09-15 09:57:43 --> Could not find the language line "mynt_buy_amazon"
ERROR - 2017-09-15 09:57:43 --> Could not find the language line "about_keywords"
ERROR - 2017-09-15 09:57:43 --> Could not find the language line "about_company"
ERROR - 2017-09-15 09:57:47 --> Could not find the language line "mynt_buy_amazon"
ERROR - 2017-09-15 09:57:50 --> Could not find the language line "mynt_buy_amazon"
ERROR - 2017-09-15 09:57:50 --> Query error: Table 'website.st_maillist' doesn't exist - Invalid query: SELECT *
FROM `st_maillist`
WHERE `mail` = '20983556@qq.com'
ERROR - 2017-09-15 10:05:37 --> Could not find the language line "mynt_buy_amazon"
ERROR - 2017-09-15 10:05:40 --> Could not find the language line "mynt_buy_amazon"
ERROR - 2017-09-15 10:06:03 --> Could not find the language line "mynt_buy_amazon"
ERROR - 2017-09-15 10:22:02 --> Could not find the language line "mynt_buy_amazon"
ERROR - 2017-09-15 10:22:02 --> Could not find the language line "about_keywords"
ERROR - 2017-09-15 10:22:02 --> Could not find the language line "about_company"
ERROR - 2017-09-15 10:22:19 --> Could not find the language line "mynt_buy_amazon"
ERROR - 2017-09-15 10:25:14 --> Could not find the language line "mynt_buy_amazon"
ERROR - 2017-09-15 10:25:14 --> Could not find the language line "about_keywords"
ERROR - 2017-09-15 10:25:14 --> Could not find the language line "about_company"
ERROR - 2017-09-15 10:25:15 --> Could not find the language line "mynt_buy_amazon"
ERROR - 2017-09-15 10:25:15 --> Could not find the language line "about_keywords"
ERROR - 2017-09-15 10:25:15 --> Could not find the language line "about_company"
ERROR - 2017-09-15 10:25:15 --> Could not find the language line "mynt_buy_amazon"
ERROR - 2017-09-15 10:25:15 --> Could not find the language line "about_keywords"
ERROR - 2017-09-15 10:25:15 --> Could not find the language line "about_company"
ERROR - 2017-09-15 10:25:15 --> Could not find the language line "mynt_buy_amazon"
ERROR - 2017-09-15 10:25:15 --> Could not find the language line "about_keywords"
ERROR - 2017-09-15 10:25:15 --> Could not find the language line "about_company"
ERROR - 2017-09-15 10:25:15 --> Could not find the language line "mynt_buy_amazon"
ERROR - 2017-09-15 10:25:15 --> Could not find the language line "about_keywords"
ERROR - 2017-09-15 10:25:15 --> Could not find the language line "about_company"
ERROR - 2017-09-15 10:25:50 --> Could not find the language line "mynt_buy_amazon"
ERROR - 2017-09-15 10:26:14 --> Could not find the language line "mynt_buy_amazon"
ERROR - 2017-09-15 10:26:16 --> Could not find the language line "mynt_buy_amazon"
ERROR - 2017-09-15 10:26:16 --> Could not find the language line "about_keywords"
ERROR - 2017-09-15 10:26:16 --> Could not find the language line "about_company"
ERROR - 2017-09-15 10:26:17 --> Could not find the language line "mynt_buy_amazon"
ERROR - 2017-09-15 10:26:17 --> Could not find the language line "about_keywords"
ERROR - 2017-09-15 10:26:17 --> Could not find the language line "about_company"
ERROR - 2017-09-15 10:26:24 --> Could not find the language line "mynt_buy_amazon"
ERROR - 2017-09-15 10:26:24 --> Could not find the language line "about_keywords"
ERROR - 2017-09-15 10:26:24 --> Could not find the language line "about_company"
ERROR - 2017-09-15 10:29:13 --> Could not find the language line "mynt_buy_amazon"
ERROR - 2017-09-15 10:29:13 --> Could not find the language line "about_keywords"
ERROR - 2017-09-15 10:29:13 --> Could not find the language line "about_company"
ERROR - 2017-09-15 10:29:21 --> Could not find the language line "mynt_buy_amazon"
ERROR - 2017-09-15 10:29:21 --> Could not find the language line "about_keywords"
ERROR - 2017-09-15 10:29:21 --> Could not find the language line "about_company"
ERROR - 2017-09-15 10:29:24 --> Could not find the language line "mynt_buy_amazon"
ERROR - 2017-09-15 10:29:24 --> Could not find the language line "home_slife_title"
ERROR - 2017-09-15 10:29:24 --> Could not find the language line "mynt_icon_buy"
ERROR - 2017-09-15 10:29:24 --> Could not find the language line "mynt_buy_amazon"
ERROR - 2017-09-15 10:29:24 --> Could not find the language line "home_slife_title"
ERROR - 2017-09-15 10:29:24 --> Could not find the language line "mynt_icon_buy"
ERROR - 2017-09-15 10:29:24 --> Could not find the language line "mynt_buy_amazon"
ERROR - 2017-09-15 10:29:24 --> Could not find the language line "home_slife_title"
ERROR - 2017-09-15 10:29:24 --> Could not find the language line "mynt_icon_buy"
ERROR - 2017-09-15 10:29:25 --> Could not find the language line "mynt_buy_amazon"
ERROR - 2017-09-15 10:29:25 --> Could not find the language line "home_slife_title"
ERROR - 2017-09-15 10:29:25 --> Could not find the language line "mynt_icon_buy"
ERROR - 2017-09-15 10:29:25 --> Could not find the language line "mynt_buy_amazon"
ERROR - 2017-09-15 10:29:25 --> Could not find the language line "home_slife_title"
ERROR - 2017-09-15 10:29:25 --> Could not find the language line "mynt_icon_buy"
ERROR - 2017-09-15 10:29:38 --> Could not find the language line "mynt_buy_amazon"
ERROR - 2017-09-15 10:29:38 --> Could not find the language line "about_keywords"
ERROR - 2017-09-15 10:29:38 --> Could not find the language line "about_company"
ERROR - 2017-09-15 10:29:58 --> Could not find the language line "mynt_buy_amazon"
ERROR - 2017-09-15 10:29:58 --> Could not find the language line "about_keywords"
ERROR - 2017-09-15 10:29:58 --> Could not find the language line "about_company"
ERROR - 2017-09-15 10:29:59 --> Could not find the language line "mynt_buy_amazon"
ERROR - 2017-09-15 10:29:59 --> Could not find the language line "about_keywords"
ERROR - 2017-09-15 10:29:59 --> Could not find the language line "about_company"
ERROR - 2017-09-15 10:30:00 --> Could not find the language line "mynt_buy_amazon"
ERROR - 2017-09-15 10:30:00 --> Could not find the language line "about_keywords"
ERROR - 2017-09-15 10:30:00 --> Could not find the language line "about_company"
ERROR - 2017-09-15 10:30:00 --> Could not find the language line "mynt_buy_amazon"
ERROR - 2017-09-15 10:30:00 --> Could not find the language line "about_keywords"
ERROR - 2017-09-15 10:30:00 --> Could not find the language line "about_company"
ERROR - 2017-09-15 10:30:00 --> Could not find the language line "mynt_buy_amazon"
ERROR - 2017-09-15 10:30:00 --> Could not find the language line "about_keywords"
ERROR - 2017-09-15 10:30:00 --> Could not find the language line "about_company"
ERROR - 2017-09-15 10:30:02 --> Could not find the language line "mynt_buy_amazon"
ERROR - 2017-09-15 10:30:02 --> Could not find the language line "about_keywords"
ERROR - 2017-09-15 10:30:02 --> Could not find the language line "about_company"
ERROR - 2017-09-15 10:30:15 --> Could not find the language line "mynt_buy_amazon"
ERROR - 2017-09-15 10:33:12 --> Could not find the language line "mynt_buy_amazon"
ERROR - 2017-09-15 10:33:12 --> Could not find the language line "about_keywords"
ERROR - 2017-09-15 10:33:12 --> Could not find the language line "about_company"
ERROR - 2017-09-15 10:33:13 --> Could not find the language line "mynt_buy_amazon"
ERROR - 2017-09-15 10:33:13 --> Could not find the language line "about_keywords"
ERROR - 2017-09-15 10:33:13 --> Could not find the language line "about_company"
ERROR - 2017-09-15 10:33:14 --> Could not find the language line "mynt_buy_amazon"
ERROR - 2017-09-15 10:33:14 --> Could not find the language line "about_keywords"
ERROR - 2017-09-15 10:33:14 --> Could not find the language line "about_company"
ERROR - 2017-09-15 10:33:14 --> Could not find the language line "mynt_buy_amazon"
ERROR - 2017-09-15 10:33:14 --> Could not find the language line "about_keywords"
ERROR - 2017-09-15 10:33:14 --> Could not find the language line "about_company"
ERROR - 2017-09-15 10:49:24 --> Could not find the language line "mynt_buy_amazon"
ERROR - 2017-09-15 10:51:31 --> Could not find the language line "mynt_buy_amazon"
ERROR - 2017-09-15 10:51:31 --> Could not find the language line "home_slife_title"
ERROR - 2017-09-15 10:51:31 --> Could not find the language line "mynt_icon_buy"
ERROR - 2017-09-15 10:51:34 --> Could not find the language line "mynt_buy_amazon"
ERROR - 2017-09-15 10:51:34 --> Could not find the language line "home_slife_title"
ERROR - 2017-09-15 10:51:34 --> Could not find the language line "mynt_icon_buy"
ERROR - 2017-09-15 11:48:35 --> Could not find the language line "mynt_buy_amazon"
ERROR - 2017-09-15 11:48:35 --> Could not find the language line "home_slife_title"
ERROR - 2017-09-15 11:48:35 --> Could not find the language line "mynt_icon_buy"
ERROR - 2017-09-15 11:48:44 --> Could not find the language line "mynt_buy_amazon"
ERROR - 2017-09-15 11:48:47 --> Could not find the language line "mynt_buy_amazon"
ERROR - 2017-09-15 11:49:04 --> Could not find the language line "mynt_buy_amazon"
ERROR - 2017-09-15 11:53:13 --> Could not find the language line "mynt_buy_amazon"
ERROR - 2017-09-15 11:53:15 --> Could not find the language line "mynt_buy_amazon"
ERROR - 2017-09-15 11:53:41 --> Could not find the language line "mynt_buy_amazon"
ERROR - 2017-09-15 11:53:43 --> Could not find the language line "mynt_buy_amazon"
ERROR - 2017-09-15 11:58:02 --> Could not find the language line "mynt_buy_amazon"
ERROR - 2017-09-15 11:58:03 --> Could not find the language line "mynt_buy_amazon"
ERROR - 2017-09-15 11:58:27 --> Could not find the language line "mynt_buy_amazon"
ERROR - 2017-09-15 11:59:28 --> Could not find the language line "mynt_buy_amazon"
ERROR - 2017-09-15 11:59:30 --> Could not find the language line "mynt_buy_amazon"
ERROR - 2017-09-15 12:01:23 --> Could not find the language line "mynt_buy_amazon"
