ERROR - 2016-12-29 05:58:39 --> Could not find the language line "mynt_buy_taobao"
ERROR - 2016-12-29 05:58:39 --> Could not find the language line "mynt_buy_tmall"
ERROR - 2016-12-29 05:58:39 --> Could not find the language line "mynt_buy_youzan"
ERROR - 2016-12-29 05:58:39 --> Could not find the language line "mynt_buy_jd"
ERROR - 2016-12-29 05:59:39 --> Could not find the language line "mynt_buy_taobao"
ERROR - 2016-12-29 05:59:39 --> Could not find the language line "mynt_buy_tmall"
ERROR - 2016-12-29 05:59:39 --> Could not find the language line "mynt_buy_youzan"
ERROR - 2016-12-29 05:59:39 --> Could not find the language line "mynt_buy_jd"
ERROR - 2016-12-29 05:59:39 --> Could not find the language line "about_keywords"
ERROR - 2016-12-29 05:59:39 --> Could not find the language line "about_facebook"
ERROR - 2016-12-29 05:59:39 --> Could not find the language line "about_twitter"
ERROR - 2016-12-29 05:59:39 --> Could not find the language line "about_weibo"
ERROR - 2016-12-29 05:59:39 --> Could not find the language line "mynt_buy_taobao"
ERROR - 2016-12-29 05:59:39 --> Could not find the language line "mynt_buy_tmall"
ERROR - 2016-12-29 05:59:39 --> Could not find the language line "mynt_buy_youzan"
ERROR - 2016-12-29 05:59:39 --> Could not find the language line "mynt_buy_jd"
ERROR - 2016-12-29 06:01:02 --> Could not find the language line "mynt_buy_taobao"
ERROR - 2016-12-29 06:01:02 --> Could not find the language line "mynt_buy_tmall"
ERROR - 2016-12-29 06:01:02 --> Could not find the language line "mynt_buy_youzan"
ERROR - 2016-12-29 06:01:02 --> Could not find the language line "mynt_buy_jd"
ERROR - 2016-12-29 06:01:02 --> Could not find the language line "about_keywords"
ERROR - 2016-12-29 06:01:02 --> Could not find the language line "about_facebook"
ERROR - 2016-12-29 06:01:02 --> Could not find the language line "about_twitter"
ERROR - 2016-12-29 06:01:02 --> Could not find the language line "about_weibo"
ERROR - 2016-12-29 06:01:03 --> Could not find the language line "mynt_buy_taobao"
ERROR - 2016-12-29 06:01:03 --> Could not find the language line "mynt_buy_tmall"
ERROR - 2016-12-29 06:01:03 --> Could not find the language line "mynt_buy_youzan"
ERROR - 2016-12-29 06:01:03 --> Could not find the language line "mynt_buy_jd"
ERROR - 2016-12-29 06:01:10 --> Could not find the language line "mynt_buy_taobao"
ERROR - 2016-12-29 06:01:10 --> Could not find the language line "mynt_buy_tmall"
ERROR - 2016-12-29 06:01:10 --> Could not find the language line "mynt_buy_youzan"
ERROR - 2016-12-29 06:01:10 --> Could not find the language line "mynt_buy_jd"
ERROR - 2016-12-29 06:01:10 --> Could not find the language line "about_keywords"
ERROR - 2016-12-29 06:01:10 --> Could not find the language line "about_facebook"
ERROR - 2016-12-29 06:01:10 --> Could not find the language line "about_twitter"
ERROR - 2016-12-29 06:01:10 --> Could not find the language line "about_weibo"
ERROR - 2016-12-29 06:01:10 --> Could not find the language line "mynt_buy_taobao"
ERROR - 2016-12-29 06:01:10 --> Could not find the language line "mynt_buy_tmall"
ERROR - 2016-12-29 06:01:10 --> Could not find the language line "mynt_buy_youzan"
ERROR - 2016-12-29 06:01:10 --> Could not find the language line "mynt_buy_jd"
ERROR - 2016-12-29 06:01:26 --> Could not find the language line "mynt_buy_taobao"
ERROR - 2016-12-29 06:01:26 --> Could not find the language line "mynt_buy_tmall"
ERROR - 2016-12-29 06:01:26 --> Could not find the language line "mynt_buy_youzan"
ERROR - 2016-12-29 06:01:26 --> Could not find the language line "mynt_buy_jd"
ERROR - 2016-12-29 06:01:26 --> Could not find the language line "about_keywords"
ERROR - 2016-12-29 06:01:26 --> Could not find the language line "about_facebook"
ERROR - 2016-12-29 06:01:26 --> Could not find the language line "about_twitter"
ERROR - 2016-12-29 06:01:26 --> Could not find the language line "about_weibo"
ERROR - 2016-12-29 06:01:26 --> Could not find the language line "mynt_buy_taobao"
ERROR - 2016-12-29 06:01:26 --> Could not find the language line "mynt_buy_tmall"
ERROR - 2016-12-29 06:01:26 --> Could not find the language line "mynt_buy_youzan"
ERROR - 2016-12-29 06:01:26 --> Could not find the language line "mynt_buy_jd"
ERROR - 2016-12-29 06:01:50 --> Could not find the language line "mynt_buy_taobao"
ERROR - 2016-12-29 06:01:50 --> Could not find the language line "mynt_buy_tmall"
ERROR - 2016-12-29 06:01:50 --> Could not find the language line "mynt_buy_youzan"
ERROR - 2016-12-29 06:01:50 --> Could not find the language line "mynt_buy_jd"
ERROR - 2016-12-29 06:01:56 --> Could not find the language line "about_keywords"
ERROR - 2016-12-29 06:01:56 --> Could not find the language line "mynt_buy_taobao"
ERROR - 2016-12-29 06:01:56 --> Could not find the language line "mynt_buy_tmall"
ERROR - 2016-12-29 06:01:56 --> Could not find the language line "mynt_buy_youzan"
ERROR - 2016-12-29 06:01:56 --> Could not find the language line "mynt_buy_jd"
ERROR - 2016-12-29 06:02:15 --> Could not find the language line "about_keywords"
ERROR - 2016-12-29 06:02:16 --> Could not find the language line "mynt_buy_taobao"
ERROR - 2016-12-29 06:02:16 --> Could not find the language line "mynt_buy_tmall"
ERROR - 2016-12-29 06:02:16 --> Could not find the language line "mynt_buy_youzan"
ERROR - 2016-12-29 06:02:16 --> Could not find the language line "mynt_buy_jd"
ERROR - 2016-12-29 07:02:21 --> Could not find the language line "home_cloud_title"
ERROR - 2016-12-29 07:02:21 --> Could not find the language line "home_cloud_intro"
ERROR - 2016-12-29 07:02:23 --> Could not find the language line "mynt_buy_taobao"
ERROR - 2016-12-29 07:02:23 --> Could not find the language line "mynt_buy_tmall"
ERROR - 2016-12-29 07:02:23 --> Could not find the language line "mynt_buy_youzan"
ERROR - 2016-12-29 07:02:23 --> Could not find the language line "mynt_buy_jd"
ERROR - 2016-12-29 07:03:35 --> Could not find the language line "mynt_buy_taobao"
ERROR - 2016-12-29 07:03:35 --> Could not find the language line "mynt_buy_tmall"
ERROR - 2016-12-29 07:03:35 --> Could not find the language line "mynt_buy_youzan"
ERROR - 2016-12-29 07:03:35 --> Could not find the language line "mynt_buy_jd"
ERROR - 2016-12-29 07:03:53 --> Could not find the language line "mynt_buy_taobao"
ERROR - 2016-12-29 07:03:53 --> Could not find the language line "mynt_buy_tmall"
ERROR - 2016-12-29 07:03:53 --> Could not find the language line "mynt_buy_youzan"
ERROR - 2016-12-29 07:03:53 --> Could not find the language line "mynt_buy_jd"
ERROR - 2016-12-29 07:03:58 --> Could not find the language line "about_keywords"
ERROR - 2016-12-29 07:04:00 --> Could not find the language line "mynt_buy_taobao"
ERROR - 2016-12-29 07:04:00 --> Could not find the language line "mynt_buy_tmall"
ERROR - 2016-12-29 07:04:00 --> Could not find the language line "mynt_buy_youzan"
ERROR - 2016-12-29 07:04:00 --> Could not find the language line "mynt_buy_jd"
ERROR - 2016-12-29 07:04:23 --> Could not find the language line "mynt_buy_taobao"
ERROR - 2016-12-29 07:04:23 --> Could not find the language line "mynt_buy_tmall"
ERROR - 2016-12-29 07:04:23 --> Could not find the language line "mynt_buy_youzan"
ERROR - 2016-12-29 07:04:23 --> Could not find the language line "mynt_buy_jd"
ERROR - 2016-12-29 07:04:29 --> Could not find the language line "mynt_buy_taobao"
ERROR - 2016-12-29 07:04:29 --> Could not find the language line "mynt_buy_tmall"
ERROR - 2016-12-29 07:04:29 --> Could not find the language line "mynt_buy_youzan"
ERROR - 2016-12-29 07:04:29 --> Could not find the language line "mynt_buy_jd"
ERROR - 2016-12-29 07:04:29 --> Could not find the language line "mynt_buy_taobao"
ERROR - 2016-12-29 07:04:29 --> Could not find the language line "mynt_buy_tmall"
ERROR - 2016-12-29 07:04:29 --> Could not find the language line "mynt_buy_youzan"
ERROR - 2016-12-29 07:04:29 --> Could not find the language line "mynt_buy_jd"
ERROR - 2016-12-29 07:04:51 --> Could not find the language line "mynt_buy_taobao"
ERROR - 2016-12-29 07:04:51 --> Could not find the language line "mynt_buy_tmall"
ERROR - 2016-12-29 07:04:51 --> Could not find the language line "mynt_buy_youzan"
ERROR - 2016-12-29 07:04:51 --> Could not find the language line "mynt_buy_jd"
ERROR - 2016-12-29 07:05:17 --> Could not find the language line "mynt_buy_taobao"
ERROR - 2016-12-29 07:05:17 --> Could not find the language line "mynt_buy_tmall"
ERROR - 2016-12-29 07:05:17 --> Could not find the language line "mynt_buy_youzan"
ERROR - 2016-12-29 07:05:17 --> Could not find the language line "mynt_buy_jd"
ERROR - 2016-12-29 07:05:38 --> Could not find the language line "mynt_buy_taobao"
ERROR - 2016-12-29 07:05:38 --> Could not find the language line "mynt_buy_tmall"
ERROR - 2016-12-29 07:05:38 --> Could not find the language line "mynt_buy_youzan"
ERROR - 2016-12-29 07:05:38 --> Could not find the language line "mynt_buy_jd"
