ERROR - 2017-08-08 02:41:19 --> Could not find the language line "mynt_buy_taobao"
ERROR - 2017-08-08 02:41:19 --> Could not find the language line "mynt_buy_tmall"
ERROR - 2017-08-08 02:41:19 --> Could not find the language line "mynt_buy_jd"
ERROR - 2017-08-08 02:41:36 --> Could not find the language line "mynt_buy_taobao"
ERROR - 2017-08-08 02:41:36 --> Could not find the language line "mynt_buy_tmall"
ERROR - 2017-08-08 02:41:36 --> Could not find the language line "mynt_buy_jd"
ERROR - 2017-08-08 06:02:41 --> Could not find the language line "mynt_buy_taobao"
ERROR - 2017-08-08 06:02:41 --> Could not find the language line "mynt_buy_tmall"
ERROR - 2017-08-08 06:02:41 --> Could not find the language line "mynt_buy_jd"
ERROR - 2017-08-08 06:02:55 --> Could not find the language line "mynt_buy_taobao"
ERROR - 2017-08-08 06:02:55 --> Could not find the language line "mynt_buy_tmall"
ERROR - 2017-08-08 06:02:55 --> Could not find the language line "mynt_buy_jd"
ERROR - 2017-08-08 06:03:12 --> Could not find the language line "mynt_buy_taobao"
ERROR - 2017-08-08 06:03:12 --> Could not find the language line "mynt_buy_tmall"
ERROR - 2017-08-08 06:03:12 --> Could not find the language line "mynt_buy_jd"
ERROR - 2017-08-08 08:21:12 --> Could not find the language line "mynt_buy_taobao"
ERROR - 2017-08-08 08:21:12 --> Could not find the language line "mynt_buy_tmall"
ERROR - 2017-08-08 08:21:12 --> Could not find the language line "mynt_buy_jd"
ERROR - 2017-08-08 08:21:28 --> Could not find the language line "mynt_buy_taobao"
ERROR - 2017-08-08 08:21:28 --> Could not find the language line "mynt_buy_tmall"
ERROR - 2017-08-08 08:21:28 --> Could not find the language line "mynt_buy_jd"
ERROR - 2017-08-08 09:13:13 --> Could not find the language line "mynt_buy_taobao"
ERROR - 2017-08-08 09:13:13 --> Could not find the language line "mynt_buy_tmall"
ERROR - 2017-08-08 09:13:13 --> Could not find the language line "mynt_buy_jd"
ERROR - 2017-08-08 09:20:03 --> Could not find the language line "mynt_buy_taobao"
ERROR - 2017-08-08 09:20:03 --> Could not find the language line "mynt_buy_tmall"
ERROR - 2017-08-08 09:20:03 --> Could not find the language line "mynt_buy_jd"
ERROR - 2017-08-08 09:20:09 --> Could not find the language line "mynt_buy_taobao"
ERROR - 2017-08-08 09:20:09 --> Could not find the language line "mynt_buy_tmall"
ERROR - 2017-08-08 09:20:09 --> Could not find the language line "mynt_buy_jd"
ERROR - 2017-08-08 09:21:39 --> Could not find the language line "mynt_buy_taobao"
ERROR - 2017-08-08 09:21:39 --> Could not find the language line "mynt_buy_tmall"
ERROR - 2017-08-08 09:21:39 --> Could not find the language line "mynt_buy_jd"
ERROR - 2017-08-08 09:21:45 --> Could not find the language line "mynt_buy_taobao"
ERROR - 2017-08-08 09:21:45 --> Could not find the language line "mynt_buy_tmall"
ERROR - 2017-08-08 09:21:45 --> Could not find the language line "mynt_buy_jd"
ERROR - 2017-08-08 09:22:28 --> Could not find the language line "mynt_buy_taobao"
ERROR - 2017-08-08 09:22:28 --> Could not find the language line "mynt_buy_tmall"
ERROR - 2017-08-08 09:22:28 --> Could not find the language line "mynt_buy_jd"
ERROR - 2017-08-08 09:26:25 --> Could not find the language line "mynt_buy_taobao"
ERROR - 2017-08-08 09:26:25 --> Could not find the language line "mynt_buy_tmall"
ERROR - 2017-08-08 09:26:25 --> Could not find the language line "mynt_buy_jd"
ERROR - 2017-08-08 09:32:10 --> Could not find the language line "mynt_buy_taobao"
ERROR - 2017-08-08 09:32:10 --> Could not find the language line "mynt_buy_tmall"
ERROR - 2017-08-08 09:32:10 --> Could not find the language line "mynt_buy_jd"
ERROR - 2017-08-08 09:46:57 --> Could not find the language line "mynt_buy_taobao"
ERROR - 2017-08-08 09:46:57 --> Could not find the language line "mynt_buy_tmall"
ERROR - 2017-08-08 09:46:57 --> Could not find the language line "mynt_buy_jd"
ERROR - 2017-08-08 09:53:51 --> Could not find the language line "mynt_buy_taobao"
ERROR - 2017-08-08 09:53:51 --> Could not find the language line "mynt_buy_tmall"
ERROR - 2017-08-08 09:53:51 --> Could not find the language line "mynt_buy_jd"
ERROR - 2017-08-08 09:53:58 --> Could not find the language line "mynt_buy_taobao"
ERROR - 2017-08-08 09:53:58 --> Could not find the language line "mynt_buy_tmall"
ERROR - 2017-08-08 09:53:58 --> Could not find the language line "mynt_buy_jd"
ERROR - 2017-08-08 10:01:51 --> Could not find the language line "mynt_buy_taobao"
ERROR - 2017-08-08 10:01:51 --> Could not find the language line "mynt_buy_tmall"
ERROR - 2017-08-08 10:01:51 --> Could not find the language line "mynt_buy_jd"
ERROR - 2017-08-08 10:01:51 --> Could not find the language line "mynt_icon_taobao"
ERROR - 2017-08-08 10:01:51 --> Could not find the language line "mynt_icon_tmall"
ERROR - 2017-08-08 10:01:51 --> Could not find the language line "mynt_icon_youzan"
ERROR - 2017-08-08 10:01:51 --> Could not find the language line "mynt_buy_taobao"
ERROR - 2017-08-08 10:01:51 --> Could not find the language line "mynt_buy_tmall"
ERROR - 2017-08-08 10:01:51 --> Could not find the language line "mynt_buy_jd"
ERROR - 2017-08-08 10:18:07 --> Could not find the language line "mynt_buy_taobao"
ERROR - 2017-08-08 10:18:07 --> Could not find the language line "mynt_buy_tmall"
ERROR - 2017-08-08 10:18:07 --> Could not find the language line "mynt_buy_jd"
ERROR - 2017-08-08 10:20:52 --> Could not find the language line "mynt_buy_taobao"
ERROR - 2017-08-08 10:20:52 --> Could not find the language line "mynt_buy_tmall"
ERROR - 2017-08-08 10:20:52 --> Could not find the language line "mynt_buy_jd"
ERROR - 2017-08-08 10:21:10 --> Could not find the language line "mynt_buy_taobao"
ERROR - 2017-08-08 10:21:10 --> Could not find the language line "mynt_buy_tmall"
ERROR - 2017-08-08 10:21:10 --> Could not find the language line "mynt_buy_jd"
ERROR - 2017-08-08 10:21:12 --> Could not find the language line "mynt_buy_taobao"
ERROR - 2017-08-08 10:21:12 --> Could not find the language line "mynt_buy_tmall"
ERROR - 2017-08-08 10:21:12 --> Could not find the language line "mynt_buy_jd"
ERROR - 2017-08-08 10:21:29 --> Could not find the language line "mynt_buy_taobao"
ERROR - 2017-08-08 10:21:29 --> Could not find the language line "mynt_buy_tmall"
ERROR - 2017-08-08 10:21:29 --> Could not find the language line "mynt_buy_jd"
ERROR - 2017-08-08 10:21:29 --> Could not find the language line "mynt_icon_taobao"
ERROR - 2017-08-08 10:21:29 --> Could not find the language line "mynt_icon_tmall"
ERROR - 2017-08-08 10:21:29 --> Could not find the language line "mynt_icon_youzan"
ERROR - 2017-08-08 10:21:29 --> Could not find the language line "mynt_buy_taobao"
ERROR - 2017-08-08 10:21:29 --> Could not find the language line "mynt_buy_tmall"
ERROR - 2017-08-08 10:21:29 --> Could not find the language line "mynt_buy_jd"
ERROR - 2017-08-08 10:21:38 --> Could not find the language line "mynt_buy_taobao"
ERROR - 2017-08-08 10:21:38 --> Could not find the language line "mynt_buy_tmall"
ERROR - 2017-08-08 10:21:38 --> Could not find the language line "mynt_buy_jd"
ERROR - 2017-08-08 10:25:49 --> Could not find the language line "mynt_buy_taobao"
ERROR - 2017-08-08 10:25:49 --> Could not find the language line "mynt_buy_tmall"
ERROR - 2017-08-08 10:25:49 --> Could not find the language line "mynt_buy_jd"
ERROR - 2017-08-08 10:25:49 --> Could not find the language line "mynt_icon_taobao"
ERROR - 2017-08-08 10:25:49 --> Could not find the language line "mynt_icon_tmall"
ERROR - 2017-08-08 10:25:49 --> Could not find the language line "mynt_icon_youzan"
ERROR - 2017-08-08 10:25:50 --> Could not find the language line "mynt_buy_taobao"
ERROR - 2017-08-08 10:25:50 --> Could not find the language line "mynt_buy_tmall"
ERROR - 2017-08-08 10:25:50 --> Could not find the language line "mynt_buy_jd"
ERROR - 2017-08-08 10:27:07 --> Could not find the language line "mynt_buy_taobao"
ERROR - 2017-08-08 10:27:07 --> Could not find the language line "mynt_buy_tmall"
ERROR - 2017-08-08 10:27:07 --> Could not find the language line "mynt_buy_jd"
ERROR - 2017-08-08 10:27:45 --> Could not find the language line "mynt_buy_taobao"
ERROR - 2017-08-08 10:27:45 --> Could not find the language line "mynt_buy_tmall"
ERROR - 2017-08-08 10:27:45 --> Could not find the language line "mynt_buy_jd"
ERROR - 2017-08-08 10:30:45 --> Could not find the language line "mynt_buy_taobao"
ERROR - 2017-08-08 10:30:45 --> Could not find the language line "mynt_buy_tmall"
ERROR - 2017-08-08 10:30:45 --> Could not find the language line "mynt_buy_jd"
ERROR - 2017-08-08 10:38:38 --> Severity: Parsing Error --> parse error /Users/fantingsheng/website/application/controllers/User.php 48
ERROR - 2017-08-08 10:55:15 --> Could not find the language line "mynt_buy_taobao"
ERROR - 2017-08-08 10:55:15 --> Could not find the language line "mynt_buy_tmall"
ERROR - 2017-08-08 10:55:15 --> Could not find the language line "mynt_buy_jd"
ERROR - 2017-08-08 10:55:16 --> Could not find the language line "mynt_buy_taobao"
ERROR - 2017-08-08 10:55:16 --> Could not find the language line "mynt_buy_tmall"
ERROR - 2017-08-08 10:55:16 --> Could not find the language line "mynt_buy_jd"
ERROR - 2017-08-08 10:55:16 --> Could not find the language line "mynt_buy_taobao"
ERROR - 2017-08-08 10:55:16 --> Could not find the language line "mynt_buy_tmall"
ERROR - 2017-08-08 10:55:16 --> Could not find the language line "mynt_buy_jd"
ERROR - 2017-08-08 10:55:16 --> Could not find the language line "mynt_buy_taobao"
ERROR - 2017-08-08 10:55:16 --> Could not find the language line "mynt_buy_tmall"
ERROR - 2017-08-08 10:55:16 --> Could not find the language line "mynt_buy_jd"
ERROR - 2017-08-08 10:55:17 --> Could not find the language line "mynt_buy_taobao"
ERROR - 2017-08-08 10:55:17 --> Could not find the language line "mynt_buy_tmall"
ERROR - 2017-08-08 10:55:17 --> Could not find the language line "mynt_buy_jd"
ERROR - 2017-08-08 10:55:30 --> Could not find the language line "mynt_buy_taobao"
ERROR - 2017-08-08 10:55:30 --> Could not find the language line "mynt_buy_tmall"
ERROR - 2017-08-08 10:55:30 --> Could not find the language line "mynt_buy_jd"
ERROR - 2017-08-08 10:56:11 --> Could not find the language line "mynt_buy_taobao"
ERROR - 2017-08-08 10:56:11 --> Could not find the language line "mynt_buy_tmall"
ERROR - 2017-08-08 10:56:11 --> Could not find the language line "mynt_buy_jd"
ERROR - 2017-08-08 10:56:17 --> Could not find the language line "mynt_buy_taobao"
ERROR - 2017-08-08 10:56:17 --> Could not find the language line "mynt_buy_tmall"
ERROR - 2017-08-08 10:56:17 --> Could not find the language line "mynt_buy_jd"
ERROR - 2017-08-08 10:58:46 --> Could not find the language line "mynt_buy_taobao"
ERROR - 2017-08-08 10:58:46 --> Could not find the language line "mynt_buy_tmall"
ERROR - 2017-08-08 10:58:46 --> Could not find the language line "mynt_buy_jd"
ERROR - 2017-08-08 10:58:51 --> Could not find the language line "mynt_buy_taobao"
ERROR - 2017-08-08 10:58:51 --> Could not find the language line "mynt_buy_tmall"
ERROR - 2017-08-08 10:58:51 --> Could not find the language line "mynt_buy_jd"
ERROR - 2017-08-08 10:59:02 --> Could not find the language line "mynt_buy_taobao"
ERROR - 2017-08-08 10:59:02 --> Could not find the language line "mynt_buy_tmall"
ERROR - 2017-08-08 10:59:02 --> Could not find the language line "mynt_buy_jd"
ERROR - 2017-08-08 10:59:02 --> Could not find the language line "mynt_icon_taobao"
ERROR - 2017-08-08 10:59:02 --> Could not find the language line "mynt_icon_tmall"
ERROR - 2017-08-08 10:59:02 --> Could not find the language line "mynt_icon_youzan"
ERROR - 2017-08-08 10:59:03 --> Could not find the language line "mynt_buy_taobao"
ERROR - 2017-08-08 10:59:03 --> Could not find the language line "mynt_buy_tmall"
ERROR - 2017-08-08 10:59:03 --> Could not find the language line "mynt_buy_jd"
ERROR - 2017-08-08 10:59:03 --> Could not find the language line "mynt_buy_taobao"
ERROR - 2017-08-08 10:59:03 --> Could not find the language line "mynt_buy_tmall"
ERROR - 2017-08-08 10:59:03 --> Could not find the language line "mynt_buy_jd"
ERROR - 2017-08-08 10:59:03 --> Could not find the language line "mynt_icon_taobao"
ERROR - 2017-08-08 10:59:03 --> Could not find the language line "mynt_icon_tmall"
ERROR - 2017-08-08 10:59:03 --> Could not find the language line "mynt_icon_youzan"
ERROR - 2017-08-08 10:59:03 --> Could not find the language line "mynt_buy_taobao"
ERROR - 2017-08-08 10:59:04 --> Could not find the language line "mynt_buy_tmall"
ERROR - 2017-08-08 10:59:04 --> Could not find the language line "mynt_buy_jd"
ERROR - 2017-08-08 10:59:04 --> Could not find the language line "mynt_buy_taobao"
ERROR - 2017-08-08 10:59:04 --> Could not find the language line "mynt_buy_tmall"
ERROR - 2017-08-08 10:59:04 --> Could not find the language line "mynt_buy_jd"
ERROR - 2017-08-08 10:59:04 --> Could not find the language line "mynt_icon_taobao"
ERROR - 2017-08-08 10:59:04 --> Could not find the language line "mynt_icon_tmall"
ERROR - 2017-08-08 10:59:04 --> Could not find the language line "mynt_icon_youzan"
ERROR - 2017-08-08 10:59:04 --> Could not find the language line "mynt_buy_taobao"
ERROR - 2017-08-08 10:59:04 --> Could not find the language line "mynt_buy_tmall"
ERROR - 2017-08-08 10:59:04 --> Could not find the language line "mynt_buy_jd"
ERROR - 2017-08-08 10:59:05 --> Could not find the language line "mynt_buy_taobao"
ERROR - 2017-08-08 10:59:05 --> Could not find the language line "mynt_buy_tmall"
ERROR - 2017-08-08 10:59:05 --> Could not find the language line "mynt_buy_jd"
ERROR - 2017-08-08 10:59:05 --> Could not find the language line "mynt_icon_taobao"
ERROR - 2017-08-08 10:59:05 --> Could not find the language line "mynt_icon_tmall"
ERROR - 2017-08-08 10:59:05 --> Could not find the language line "mynt_icon_youzan"
ERROR - 2017-08-08 10:59:05 --> Could not find the language line "mynt_buy_taobao"
ERROR - 2017-08-08 10:59:05 --> Could not find the language line "mynt_buy_tmall"
ERROR - 2017-08-08 10:59:05 --> Could not find the language line "mynt_buy_jd"
ERROR - 2017-08-08 10:59:12 --> Could not find the language line "mynt_buy_taobao"
ERROR - 2017-08-08 10:59:12 --> Could not find the language line "mynt_buy_tmall"
ERROR - 2017-08-08 10:59:12 --> Could not find the language line "mynt_buy_jd"
ERROR - 2017-08-08 11:02:25 --> Could not find the language line "mynt_buy_taobao"
ERROR - 2017-08-08 11:02:25 --> Could not find the language line "mynt_buy_tmall"
ERROR - 2017-08-08 11:02:25 --> Could not find the language line "mynt_buy_jd"
ERROR - 2017-08-08 11:07:55 --> Could not find the language line "mynt_buy_taobao"
ERROR - 2017-08-08 11:07:55 --> Could not find the language line "mynt_buy_tmall"
ERROR - 2017-08-08 11:07:55 --> Could not find the language line "mynt_buy_jd"
ERROR - 2017-08-08 11:07:55 --> Could not find the language line "mynt_icon_taobao"
ERROR - 2017-08-08 11:07:55 --> Could not find the language line "mynt_icon_tmall"
ERROR - 2017-08-08 11:07:55 --> Could not find the language line "mynt_icon_youzan"
ERROR - 2017-08-08 11:07:55 --> Could not find the language line "mynt_buy_taobao"
ERROR - 2017-08-08 11:07:55 --> Could not find the language line "mynt_buy_tmall"
ERROR - 2017-08-08 11:07:55 --> Could not find the language line "mynt_buy_jd"
ERROR - 2017-08-08 11:07:56 --> Could not find the language line "mynt_buy_taobao"
ERROR - 2017-08-08 11:07:56 --> Could not find the language line "mynt_buy_tmall"
ERROR - 2017-08-08 11:07:56 --> Could not find the language line "mynt_buy_jd"
ERROR - 2017-08-08 11:07:56 --> Could not find the language line "mynt_icon_taobao"
ERROR - 2017-08-08 11:07:56 --> Could not find the language line "mynt_icon_tmall"
ERROR - 2017-08-08 11:07:56 --> Could not find the language line "mynt_icon_youzan"
ERROR - 2017-08-08 11:07:56 --> Could not find the language line "mynt_buy_taobao"
ERROR - 2017-08-08 11:07:56 --> Could not find the language line "mynt_buy_tmall"
ERROR - 2017-08-08 11:07:56 --> Could not find the language line "mynt_buy_jd"
ERROR - 2017-08-08 11:07:56 --> Could not find the language line "mynt_buy_taobao"
ERROR - 2017-08-08 11:07:56 --> Could not find the language line "mynt_buy_tmall"
ERROR - 2017-08-08 11:07:56 --> Could not find the language line "mynt_buy_jd"
ERROR - 2017-08-08 11:07:56 --> Could not find the language line "mynt_icon_taobao"
ERROR - 2017-08-08 11:07:56 --> Could not find the language line "mynt_icon_tmall"
ERROR - 2017-08-08 11:07:56 --> Could not find the language line "mynt_icon_youzan"
ERROR - 2017-08-08 11:07:56 --> Could not find the language line "mynt_buy_taobao"
ERROR - 2017-08-08 11:07:56 --> Could not find the language line "mynt_buy_tmall"
ERROR - 2017-08-08 11:07:56 --> Could not find the language line "mynt_buy_jd"
ERROR - 2017-08-08 11:07:56 --> Could not find the language line "mynt_buy_taobao"
ERROR - 2017-08-08 11:07:56 --> Could not find the language line "mynt_buy_tmall"
ERROR - 2017-08-08 11:07:56 --> Could not find the language line "mynt_buy_jd"
ERROR - 2017-08-08 11:07:56 --> Could not find the language line "mynt_icon_taobao"
ERROR - 2017-08-08 11:07:56 --> Could not find the language line "mynt_icon_tmall"
ERROR - 2017-08-08 11:07:56 --> Could not find the language line "mynt_icon_youzan"
ERROR - 2017-08-08 11:07:57 --> Could not find the language line "mynt_buy_taobao"
ERROR - 2017-08-08 11:07:57 --> Could not find the language line "mynt_buy_tmall"
ERROR - 2017-08-08 11:07:57 --> Could not find the language line "mynt_buy_jd"
ERROR - 2017-08-08 11:07:57 --> Could not find the language line "mynt_icon_taobao"
ERROR - 2017-08-08 11:07:57 --> Could not find the language line "mynt_icon_tmall"
ERROR - 2017-08-08 11:07:57 --> Could not find the language line "mynt_icon_youzan"
ERROR - 2017-08-08 11:07:57 --> Could not find the language line "mynt_buy_taobao"
ERROR - 2017-08-08 11:07:57 --> Could not find the language line "mynt_buy_tmall"
ERROR - 2017-08-08 11:07:57 --> Could not find the language line "mynt_buy_jd"
ERROR - 2017-08-08 11:07:57 --> Could not find the language line "mynt_icon_taobao"
ERROR - 2017-08-08 11:07:57 --> Could not find the language line "mynt_icon_tmall"
ERROR - 2017-08-08 11:07:57 --> Could not find the language line "mynt_icon_youzan"
ERROR - 2017-08-08 11:07:57 --> Could not find the language line "mynt_buy_taobao"
ERROR - 2017-08-08 11:07:57 --> Could not find the language line "mynt_buy_tmall"
ERROR - 2017-08-08 11:07:57 --> Could not find the language line "mynt_buy_jd"
ERROR - 2017-08-08 11:08:00 --> Could not find the language line "mynt_buy_taobao"
ERROR - 2017-08-08 11:08:00 --> Could not find the language line "mynt_buy_tmall"
ERROR - 2017-08-08 11:08:00 --> Could not find the language line "mynt_buy_jd"
ERROR - 2017-08-08 11:08:14 --> Could not find the language line "mynt_buy_taobao"
ERROR - 2017-08-08 11:08:14 --> Could not find the language line "mynt_buy_tmall"
ERROR - 2017-08-08 11:08:14 --> Could not find the language line "mynt_buy_jd"
ERROR - 2017-08-08 11:08:24 --> Unable to connect to the database
ERROR - 2017-08-08 11:08:24 --> Could not find the language line "mynt_buy_taobao"
ERROR - 2017-08-08 11:08:24 --> Could not find the language line "mynt_buy_tmall"
ERROR - 2017-08-08 11:08:24 --> Could not find the language line "mynt_buy_jd"
ERROR - 2017-08-08 11:08:34 --> Unable to connect to the database
ERROR - 2017-08-08 11:08:34 --> Could not find the language line "mynt_buy_taobao"
ERROR - 2017-08-08 11:08:34 --> Could not find the language line "mynt_buy_tmall"
ERROR - 2017-08-08 11:08:34 --> Could not find the language line "mynt_buy_jd"
ERROR - 2017-08-08 11:08:44 --> Unable to connect to the database
ERROR - 2017-08-08 11:08:44 --> Could not find the language line "mynt_buy_taobao"
ERROR - 2017-08-08 11:08:44 --> Could not find the language line "mynt_buy_tmall"
ERROR - 2017-08-08 11:08:44 --> Could not find the language line "mynt_buy_jd"
ERROR - 2017-08-08 11:08:44 --> Could not find the language line "mynt_icon_taobao"
ERROR - 2017-08-08 11:08:44 --> Could not find the language line "mynt_icon_tmall"
ERROR - 2017-08-08 11:08:44 --> Could not find the language line "mynt_icon_youzan"
ERROR - 2017-08-08 11:08:44 --> Could not find the language line "mynt_buy_taobao"
ERROR - 2017-08-08 11:08:44 --> Could not find the language line "mynt_buy_tmall"
ERROR - 2017-08-08 11:08:44 --> Could not find the language line "mynt_buy_jd"
ERROR - 2017-08-08 11:08:46 --> Could not find the language line "mynt_buy_taobao"
ERROR - 2017-08-08 11:08:46 --> Could not find the language line "mynt_buy_tmall"
ERROR - 2017-08-08 11:08:46 --> Could not find the language line "mynt_buy_jd"
ERROR - 2017-08-08 11:08:56 --> Unable to connect to the database
ERROR - 2017-08-08 11:08:56 --> Could not find the language line "mynt_buy_taobao"
ERROR - 2017-08-08 11:08:56 --> Could not find the language line "mynt_buy_tmall"
ERROR - 2017-08-08 11:08:56 --> Could not find the language line "mynt_buy_jd"
ERROR - 2017-08-08 11:09:06 --> Unable to connect to the database
ERROR - 2017-08-08 11:09:08 --> Could not find the language line "mynt_buy_taobao"
ERROR - 2017-08-08 11:09:08 --> Could not find the language line "mynt_buy_tmall"
ERROR - 2017-08-08 11:09:08 --> Could not find the language line "mynt_buy_jd"
ERROR - 2017-08-08 11:09:14 --> Could not find the language line "mynt_buy_taobao"
ERROR - 2017-08-08 11:09:14 --> Could not find the language line "mynt_buy_tmall"
ERROR - 2017-08-08 11:09:14 --> Could not find the language line "mynt_buy_jd"
ERROR - 2017-08-08 11:09:24 --> Unable to connect to the database
ERROR - 2017-08-08 11:10:51 --> Could not find the language line "mynt_buy_taobao"
ERROR - 2017-08-08 11:10:51 --> Could not find the language line "mynt_buy_tmall"
ERROR - 2017-08-08 11:10:51 --> Could not find the language line "mynt_buy_jd"
ERROR - 2017-08-08 11:11:01 --> Unable to connect to the database
ERROR - 2017-08-08 11:11:53 --> Could not find the language line "mynt_buy_taobao"
ERROR - 2017-08-08 11:11:53 --> Could not find the language line "mynt_buy_tmall"
ERROR - 2017-08-08 11:11:53 --> Could not find the language line "mynt_buy_jd"
ERROR - 2017-08-08 11:11:55 --> Could not find the language line "mynt_buy_taobao"
ERROR - 2017-08-08 11:11:55 --> Could not find the language line "mynt_buy_tmall"
ERROR - 2017-08-08 11:11:55 --> Could not find the language line "mynt_buy_jd"
ERROR - 2017-08-08 11:12:05 --> Unable to connect to the database
ERROR - 2017-08-08 11:12:06 --> Could not find the language line "mynt_buy_taobao"
ERROR - 2017-08-08 11:12:06 --> Could not find the language line "mynt_buy_tmall"
ERROR - 2017-08-08 11:12:06 --> Could not find the language line "mynt_buy_jd"
ERROR - 2017-08-08 11:12:48 --> Could not find the language line "mynt_buy_taobao"
ERROR - 2017-08-08 11:12:48 --> Could not find the language line "mynt_buy_tmall"
ERROR - 2017-08-08 11:12:48 --> Could not find the language line "mynt_buy_jd"
ERROR - 2017-08-08 11:12:50 --> Could not find the language line "mynt_buy_taobao"
ERROR - 2017-08-08 11:12:50 --> Could not find the language line "mynt_buy_tmall"
ERROR - 2017-08-08 11:12:50 --> Could not find the language line "mynt_buy_jd"
ERROR - 2017-08-08 11:13:00 --> Unable to connect to the database
ERROR - 2017-08-08 11:13:11 --> Could not find the language line "mynt_buy_taobao"
ERROR - 2017-08-08 11:13:11 --> Could not find the language line "mynt_buy_tmall"
ERROR - 2017-08-08 11:13:11 --> Could not find the language line "mynt_buy_jd"
ERROR - 2017-08-08 11:13:13 --> Could not find the language line "mynt_buy_taobao"
ERROR - 2017-08-08 11:13:13 --> Could not find the language line "mynt_buy_tmall"
ERROR - 2017-08-08 11:13:13 --> Could not find the language line "mynt_buy_jd"
ERROR - 2017-08-08 11:13:14 --> Could not find the language line "mynt_buy_taobao"
ERROR - 2017-08-08 11:13:14 --> Could not find the language line "mynt_buy_tmall"
ERROR - 2017-08-08 11:13:14 --> Could not find the language line "mynt_buy_jd"
ERROR - 2017-08-08 11:13:24 --> Unable to connect to the database
ERROR - 2017-08-08 11:13:26 --> Could not find the language line "mynt_buy_taobao"
ERROR - 2017-08-08 11:13:26 --> Could not find the language line "mynt_buy_tmall"
ERROR - 2017-08-08 11:13:26 --> Could not find the language line "mynt_buy_jd"
ERROR - 2017-08-08 11:13:28 --> Could not find the language line "mynt_buy_taobao"
ERROR - 2017-08-08 11:13:28 --> Could not find the language line "mynt_buy_tmall"
ERROR - 2017-08-08 11:13:28 --> Could not find the language line "mynt_buy_jd"
ERROR - 2017-08-08 11:13:38 --> Unable to connect to the database
ERROR - 2017-08-08 11:13:39 --> Could not find the language line "mynt_buy_taobao"
ERROR - 2017-08-08 11:13:39 --> Could not find the language line "mynt_buy_tmall"
ERROR - 2017-08-08 11:13:39 --> Could not find the language line "mynt_buy_jd"
ERROR - 2017-08-08 11:13:49 --> Unable to connect to the database
ERROR - 2017-08-08 11:13:53 --> Could not find the language line "mynt_buy_taobao"
ERROR - 2017-08-08 11:13:53 --> Could not find the language line "mynt_buy_tmall"
ERROR - 2017-08-08 11:13:53 --> Could not find the language line "mynt_buy_jd"
ERROR - 2017-08-08 11:13:54 --> Could not find the language line "mynt_buy_taobao"
ERROR - 2017-08-08 11:13:54 --> Could not find the language line "mynt_buy_tmall"
ERROR - 2017-08-08 11:13:54 --> Could not find the language line "mynt_buy_jd"
ERROR - 2017-08-08 11:13:55 --> Could not find the language line "mynt_buy_taobao"
ERROR - 2017-08-08 11:13:55 --> Could not find the language line "mynt_buy_tmall"
ERROR - 2017-08-08 11:13:55 --> Could not find the language line "mynt_buy_jd"
ERROR - 2017-08-08 11:14:05 --> Unable to connect to the database
ERROR - 2017-08-08 11:14:43 --> Could not find the language line "mynt_buy_taobao"
ERROR - 2017-08-08 11:14:43 --> Could not find the language line "mynt_buy_tmall"
ERROR - 2017-08-08 11:14:43 --> Could not find the language line "mynt_buy_jd"
ERROR - 2017-08-08 11:14:45 --> Could not find the language line "mynt_buy_taobao"
ERROR - 2017-08-08 11:14:45 --> Could not find the language line "mynt_buy_tmall"
ERROR - 2017-08-08 11:14:45 --> Could not find the language line "mynt_buy_jd"
ERROR - 2017-08-08 11:14:53 --> Could not find the language line "mynt_buy_taobao"
ERROR - 2017-08-08 11:14:53 --> Could not find the language line "mynt_buy_tmall"
ERROR - 2017-08-08 11:14:53 --> Could not find the language line "mynt_buy_jd"
ERROR - 2017-08-08 11:14:56 --> Unable to connect to the database
ERROR - 2017-08-08 11:14:57 --> Could not find the language line "mynt_buy_taobao"
ERROR - 2017-08-08 11:14:57 --> Could not find the language line "mynt_buy_tmall"
ERROR - 2017-08-08 11:14:57 --> Could not find the language line "mynt_buy_jd"
ERROR - 2017-08-08 11:15:07 --> Unable to connect to the database
ERROR - 2017-08-08 11:22:59 --> Could not find the language line "mynt_buy_taobao"
ERROR - 2017-08-08 11:22:59 --> Could not find the language line "mynt_buy_tmall"
ERROR - 2017-08-08 11:22:59 --> Could not find the language line "mynt_buy_jd"
ERROR - 2017-08-08 11:23:05 --> Could not find the language line "mynt_buy_taobao"
ERROR - 2017-08-08 11:23:05 --> Could not find the language line "mynt_buy_tmall"
ERROR - 2017-08-08 11:23:05 --> Could not find the language line "mynt_buy_jd"
ERROR - 2017-08-08 11:23:15 --> Unable to connect to the database
ERROR - 2017-08-08 11:23:23 --> Could not find the language line "mynt_buy_taobao"
ERROR - 2017-08-08 11:23:23 --> Could not find the language line "mynt_buy_tmall"
ERROR - 2017-08-08 11:23:23 --> Could not find the language line "mynt_buy_jd"
ERROR - 2017-08-08 11:23:33 --> Unable to connect to the database
ERROR - 2017-08-08 11:23:48 --> Could not find the language line "mynt_buy_taobao"
ERROR - 2017-08-08 11:23:48 --> Could not find the language line "mynt_buy_tmall"
ERROR - 2017-08-08 11:23:48 --> Could not find the language line "mynt_buy_jd"
ERROR - 2017-08-08 11:26:05 --> Could not find the language line "mynt_buy_taobao"
ERROR - 2017-08-08 11:26:05 --> Could not find the language line "mynt_buy_tmall"
ERROR - 2017-08-08 11:26:05 --> Could not find the language line "mynt_buy_jd"
ERROR - 2017-08-08 11:26:08 --> Could not find the language line "mynt_buy_taobao"
ERROR - 2017-08-08 11:26:08 --> Could not find the language line "mynt_buy_tmall"
ERROR - 2017-08-08 11:26:08 --> Could not find the language line "mynt_buy_jd"
ERROR - 2017-08-08 11:26:15 --> Could not find the language line "mynt_buy_taobao"
ERROR - 2017-08-08 11:26:15 --> Could not find the language line "mynt_buy_tmall"
ERROR - 2017-08-08 11:26:15 --> Could not find the language line "mynt_buy_jd"
ERROR - 2017-08-08 11:26:25 --> Unable to connect to the database
ERROR - 2017-08-08 11:27:24 --> Could not find the language line "mynt_buy_taobao"
ERROR - 2017-08-08 11:27:24 --> Could not find the language line "mynt_buy_tmall"
ERROR - 2017-08-08 11:27:24 --> Could not find the language line "mynt_buy_jd"
