ERROR - 2017-09-18 01:45:46 --> Could not find the language line "mynt_buy_amazon"
ERROR - 2017-09-18 01:45:46 --> Could not find the language line "home_slife_title"
ERROR - 2017-09-18 01:45:46 --> Could not find the language line "mynt_icon_buy"
ERROR - 2017-09-18 01:45:49 --> Could not find the language line "mynt_buy_amazon"
ERROR - 2017-09-18 01:45:49 --> Could not find the language line "about_keywords"
ERROR - 2017-09-18 01:45:49 --> Could not find the language line "about_company"
ERROR - 2017-09-18 01:46:38 --> Could not find the language line "mynt_buy_amazon"
ERROR - 2017-09-18 01:46:38 --> Could not find the language line "about_keywords"
ERROR - 2017-09-18 01:46:38 --> Could not find the language line "about_company"
ERROR - 2017-09-18 01:47:09 --> Could not find the language line "mynt_buy_amazon"
ERROR - 2017-09-18 01:47:09 --> Could not find the language line "about_keywords"
ERROR - 2017-09-18 01:47:09 --> Could not find the language line "about_company"
ERROR - 2017-09-18 01:47:20 --> Could not find the language line "mynt_buy_amazon"
ERROR - 2017-09-18 01:47:22 --> Could not find the language line "mynt_buy_amazon"
ERROR - 2017-09-18 01:47:22 --> Could not find the language line "about_keywords"
ERROR - 2017-09-18 01:47:22 --> Could not find the language line "about_company"
ERROR - 2017-09-18 01:53:43 --> Could not find the language line "mynt_buy_amazon"
ERROR - 2017-09-18 01:53:43 --> Could not find the language line "home_slife_title"
ERROR - 2017-09-18 01:53:43 --> Could not find the language line "mynt_icon_buy"
ERROR - 2017-09-18 01:53:56 --> Could not find the language line "mynt_buy_amazon"
ERROR - 2017-09-18 01:53:56 --> Could not find the language line "home_slife_title"
ERROR - 2017-09-18 01:53:56 --> Could not find the language line "mynt_icon_buy"
ERROR - 2017-09-18 01:54:26 --> Could not find the language line "mynt_buy_amazon"
ERROR - 2017-09-18 01:54:26 --> Could not find the language line "home_slife_title"
ERROR - 2017-09-18 01:54:26 --> Could not find the language line "mynt_icon_buy"
ERROR - 2017-09-18 01:54:38 --> Could not find the language line "mynt_buy_amazon"
ERROR - 2017-09-18 01:54:55 --> Could not find the language line "mynt_buy_amazon"
ERROR - 2017-09-18 01:57:33 --> Could not find the language line "mynt_buy_amazon"
ERROR - 2017-09-18 01:59:10 --> Could not find the language line "mynt_buy_amazon"
ERROR - 2017-09-18 01:59:10 --> Could not find the language line "about_keywords"
ERROR - 2017-09-18 01:59:10 --> Could not find the language line "about_company"
ERROR - 2017-09-18 02:02:44 --> Could not find the language line "mynt_buy_amazon"
ERROR - 2017-09-18 02:02:44 --> Could not find the language line "about_keywords"
ERROR - 2017-09-18 02:02:44 --> Could not find the language line "about_company"
ERROR - 2017-09-18 02:04:20 --> Could not find the language line "mynt_buy_amazon"
ERROR - 2017-09-18 02:04:20 --> Could not find the language line "about_keywords"
ERROR - 2017-09-18 02:04:20 --> Could not find the language line "about_company"
ERROR - 2017-09-18 02:06:38 --> Could not find the language line "mynt_buy_amazon"
ERROR - 2017-09-18 02:06:38 --> Could not find the language line "about_keywords"
ERROR - 2017-09-18 02:06:38 --> Could not find the language line "about_company"
ERROR - 2017-09-18 02:06:48 --> Could not find the language line "mynt_buy_amazon"
ERROR - 2017-09-18 02:06:48 --> Could not find the language line "about_keywords"
ERROR - 2017-09-18 02:06:48 --> Could not find the language line "about_company"
ERROR - 2017-09-18 02:06:59 --> Could not find the language line "mynt_buy_amazon"
ERROR - 2017-09-18 02:06:59 --> Could not find the language line "about_keywords"
ERROR - 2017-09-18 02:06:59 --> Could not find the language line "about_company"
ERROR - 2017-09-18 02:08:01 --> Could not find the language line "mynt_buy_amazon"
ERROR - 2017-09-18 02:08:01 --> Could not find the language line "about_keywords"
ERROR - 2017-09-18 02:08:01 --> Could not find the language line "about_company"
ERROR - 2017-09-18 02:09:24 --> Could not find the language line "mynt_buy_amazon"
ERROR - 2017-09-18 02:09:24 --> Could not find the language line "about_keywords"
ERROR - 2017-09-18 02:09:24 --> Could not find the language line "about_company"
ERROR - 2017-09-18 02:09:47 --> Could not find the language line "mynt_buy_amazon"
ERROR - 2017-09-18 02:09:47 --> Could not find the language line "about_keywords"
ERROR - 2017-09-18 02:09:47 --> Could not find the language line "about_company"
ERROR - 2017-09-18 02:10:00 --> Could not find the language line "mynt_buy_amazon"
ERROR - 2017-09-18 02:10:08 --> Could not find the language line "mynt_buy_amazon"
ERROR - 2017-09-18 02:10:08 --> Could not find the language line "home_slife_title"
ERROR - 2017-09-18 02:10:08 --> Could not find the language line "mynt_icon_buy"
ERROR - 2017-09-18 02:10:54 --> Could not find the language line "mynt_buy_amazon"
ERROR - 2017-09-18 02:10:54 --> Could not find the language line "home_slife_title"
ERROR - 2017-09-18 02:10:54 --> Could not find the language line "mynt_icon_buy"
ERROR - 2017-09-18 02:11:09 --> Could not find the language line "mynt_buy_amazon"
ERROR - 2017-09-18 02:11:09 --> Could not find the language line "home_slife_title"
ERROR - 2017-09-18 02:11:09 --> Could not find the language line "mynt_icon_buy"
ERROR - 2017-09-18 02:11:17 --> Could not find the language line "mynt_buy_amazon"
ERROR - 2017-09-18 02:11:17 --> Could not find the language line "home_slife_title"
ERROR - 2017-09-18 02:11:17 --> Could not find the language line "mynt_icon_buy"
ERROR - 2017-09-18 02:18:34 --> Could not find the language line "mynt_buy_amazon"
ERROR - 2017-09-18 02:18:34 --> Could not find the language line "home_slife_title"
ERROR - 2017-09-18 02:18:34 --> Could not find the language line "mynt_icon_buy"
ERROR - 2017-09-18 02:18:42 --> Could not find the language line "mynt_buy_amazon"
ERROR - 2017-09-18 02:18:42 --> Could not find the language line "about_keywords"
ERROR - 2017-09-18 02:18:42 --> Could not find the language line "about_company"
ERROR - 2017-09-18 02:18:42 --> Could not find the language line "mynt_buy_amazon"
ERROR - 2017-09-18 02:19:04 --> Could not find the language line "mynt_buy_amazon"
ERROR - 2017-09-18 02:19:04 --> Could not find the language line "home_slife_title"
ERROR - 2017-09-18 02:19:04 --> Could not find the language line "mynt_icon_buy"
ERROR - 2017-09-18 02:24:41 --> Could not find the language line "mynt_buy_amazon"
ERROR - 2017-09-18 02:24:44 --> Could not find the language line "mynt_buy_amazon"
ERROR - 2017-09-18 02:25:02 --> Could not find the language line "mynt_buy_amazon"
ERROR - 2017-09-18 02:25:03 --> Could not find the language line "mynt_buy_amazon"
ERROR - 2017-09-18 02:25:10 --> Could not find the language line "mynt_buy_amazon"
ERROR - 2017-09-18 02:47:55 --> Could not find the language line "mynt_buy_amazon"
ERROR - 2017-09-18 02:47:57 --> Could not find the language line "mynt_buy_amazon"
ERROR - 2017-09-18 02:47:59 --> Could not find the language line "mynt_buy_amazon"
ERROR - 2017-09-18 02:48:02 --> Could not find the language line "mynt_buy_amazon"
ERROR - 2017-09-18 02:48:06 --> Could not find the language line "mynt_buy_amazon"
ERROR - 2017-09-18 02:48:07 --> Could not find the language line "mynt_buy_amazon"
ERROR - 2017-09-18 02:48:07 --> Could not find the language line "mynt_buy_amazon"
ERROR - 2017-09-18 02:48:07 --> Could not find the language line "mynt_buy_amazon"
ERROR - 2017-09-18 02:48:07 --> Could not find the language line "mynt_buy_amazon"
ERROR - 2017-09-18 02:48:08 --> Could not find the language line "mynt_buy_amazon"
ERROR - 2017-09-18 02:48:08 --> Could not find the language line "mynt_buy_amazon"
ERROR - 2017-09-18 02:48:08 --> Could not find the language line "mynt_buy_amazon"
ERROR - 2017-09-18 02:48:14 --> Could not find the language line "mynt_buy_amazon"
ERROR - 2017-09-18 02:48:19 --> Could not find the language line "mynt_buy_amazon"
ERROR - 2017-09-18 06:09:38 --> Could not find the language line "mynt_buy_amazon"
ERROR - 2017-09-18 06:09:43 --> Could not find the language line "mynt_buy_amazon"
ERROR - 2017-09-18 06:09:44 --> Could not find the language line "mynt_buy_amazon"
ERROR - 2017-09-18 06:10:21 --> Could not find the language line "mynt_buy_amazon"
ERROR - 2017-09-18 06:10:33 --> Could not find the language line "mynt_buy_amazon"
ERROR - 2017-09-18 06:11:06 --> Could not find the language line "mynt_buy_amazon"
ERROR - 2017-09-18 06:23:50 --> Could not find the language line "mynt_buy_amazon"
ERROR - 2017-09-18 06:23:58 --> Could not find the language line "mynt_buy_amazon"
ERROR - 2017-09-18 06:24:13 --> Could not find the language line "mynt_buy_amazon"
ERROR - 2017-09-18 06:24:18 --> Could not find the language line "mynt_buy_amazon"
ERROR - 2017-09-18 06:24:46 --> Could not find the language line "mynt_buy_amazon"
ERROR - 2017-09-18 06:30:20 --> Could not find the language line "mynt_buy_amazon"
ERROR - 2017-09-18 07:46:41 --> Could not find the language line "mynt_buy_amazon"
ERROR - 2017-09-18 07:46:41 --> Could not find the language line "home_slife_title"
ERROR - 2017-09-18 07:46:41 --> Could not find the language line "mynt_icon_buy"
ERROR - 2017-09-18 07:54:46 --> Could not find the language line "mynt_buy_amazon"
ERROR - 2017-09-18 07:54:46 --> Could not find the language line "home_slife_title"
ERROR - 2017-09-18 07:54:46 --> Could not find the language line "mynt_icon_buy"
ERROR - 2017-09-18 07:55:37 --> Could not find the language line "mynt_buy_amazon"
ERROR - 2017-09-18 07:55:37 --> Could not find the language line "home_slife_title"
ERROR - 2017-09-18 07:55:37 --> Could not find the language line "mynt_icon_buy"
ERROR - 2017-09-18 07:56:56 --> Could not find the language line "mynt_buy_amazon"
ERROR - 2017-09-18 07:56:56 --> Could not find the language line "home_slife_title"
ERROR - 2017-09-18 07:56:56 --> Could not find the language line "mynt_icon_buy"
ERROR - 2017-09-18 07:57:33 --> Could not find the language line "mynt_buy_amazon"
ERROR - 2017-09-18 07:57:33 --> Could not find the language line "home_slife_title"
ERROR - 2017-09-18 07:57:33 --> Could not find the language line "mynt_icon_buy"
ERROR - 2017-09-18 07:57:50 --> Could not find the language line "mynt_buy_amazon"
ERROR - 2017-09-18 07:57:50 --> Could not find the language line "home_slife_title"
ERROR - 2017-09-18 07:57:50 --> Could not find the language line "mynt_icon_buy"
ERROR - 2017-09-18 07:58:38 --> Could not find the language line "mynt_buy_amazon"
ERROR - 2017-09-18 07:58:38 --> Could not find the language line "home_slife_title"
ERROR - 2017-09-18 07:58:38 --> Could not find the language line "mynt_icon_buy"
ERROR - 2017-09-18 07:59:16 --> Could not find the language line "mynt_buy_amazon"
ERROR - 2017-09-18 07:59:16 --> Could not find the language line "home_slife_title"
ERROR - 2017-09-18 07:59:16 --> Could not find the language line "mynt_icon_buy"
ERROR - 2017-09-18 08:03:31 --> Could not find the language line "mynt_buy_amazon"
ERROR - 2017-09-18 08:03:31 --> Could not find the language line "home_slife_title"
ERROR - 2017-09-18 08:03:31 --> Could not find the language line "mynt_icon_buy"
ERROR - 2017-09-18 08:05:35 --> Could not find the language line "mynt_buy_amazon"
ERROR - 2017-09-18 08:05:35 --> Could not find the language line "home_slife_title"
ERROR - 2017-09-18 08:05:35 --> Could not find the language line "mynt_icon_buy"
ERROR - 2017-09-18 08:06:23 --> Could not find the language line "mynt_buy_amazon"
ERROR - 2017-09-18 08:06:23 --> Could not find the language line "home_slife_title"
ERROR - 2017-09-18 08:06:23 --> Could not find the language line "mynt_icon_buy"
ERROR - 2017-09-18 08:07:24 --> Could not find the language line "mynt_buy_amazon"
ERROR - 2017-09-18 08:07:24 --> Could not find the language line "home_slife_title"
ERROR - 2017-09-18 08:07:24 --> Could not find the language line "mynt_icon_buy"
ERROR - 2017-09-18 08:07:32 --> Could not find the language line "mynt_buy_amazon"
ERROR - 2017-09-18 08:07:32 --> Could not find the language line "home_slife_title"
ERROR - 2017-09-18 08:07:32 --> Could not find the language line "mynt_icon_buy"
ERROR - 2017-09-18 08:07:44 --> Could not find the language line "mynt_buy_amazon"
ERROR - 2017-09-18 08:07:44 --> Could not find the language line "home_slife_title"
ERROR - 2017-09-18 08:07:44 --> Could not find the language line "mynt_icon_buy"
ERROR - 2017-09-18 08:07:58 --> Could not find the language line "mynt_buy_amazon"
ERROR - 2017-09-18 08:07:58 --> Could not find the language line "home_slife_title"
ERROR - 2017-09-18 08:07:58 --> Could not find the language line "mynt_icon_buy"
ERROR - 2017-09-18 08:13:31 --> Could not find the language line "mynt_buy_amazon"
ERROR - 2017-09-18 08:13:31 --> Could not find the language line "home_slife_title"
ERROR - 2017-09-18 08:13:31 --> Could not find the language line "mynt_icon_buy"
ERROR - 2017-09-18 08:13:56 --> Could not find the language line "mynt_buy_amazon"
ERROR - 2017-09-18 08:13:56 --> Could not find the language line "home_slife_title"
ERROR - 2017-09-18 08:13:56 --> Could not find the language line "mynt_icon_buy"
ERROR - 2017-09-18 08:21:12 --> Could not find the language line "mynt_buy_amazon"
ERROR - 2017-09-18 08:21:12 --> Could not find the language line "home_slife_title"
ERROR - 2017-09-18 08:21:12 --> Could not find the language line "mynt_icon_buy"
ERROR - 2017-09-18 08:25:29 --> Could not find the language line "mynt_buy_amazon"
ERROR - 2017-09-18 08:25:56 --> Could not find the language line "mynt_buy_amazon"
ERROR - 2017-09-18 08:26:32 --> Could not find the language line "mynt_buy_amazon"
ERROR - 2017-09-18 08:28:20 --> Could not find the language line "mynt_buy_amazon"
ERROR - 2017-09-18 08:33:55 --> Could not find the language line "mynt_buy_amazon"
ERROR - 2017-09-18 08:34:11 --> Could not find the language line "mynt_buy_amazon"
ERROR - 2017-09-18 08:39:54 --> Could not find the language line "mynt_buy_amazon"
ERROR - 2017-09-18 08:40:39 --> Could not find the language line "mynt_buy_amazon"
ERROR - 2017-09-18 08:42:27 --> Could not find the language line "mynt_buy_amazon"
ERROR - 2017-09-18 08:44:49 --> Could not find the language line "mynt_buy_amazon"
ERROR - 2017-09-18 08:46:17 --> Could not find the language line "mynt_buy_amazon"
ERROR - 2017-09-18 08:46:42 --> Could not find the language line "mynt_buy_amazon"
ERROR - 2017-09-18 08:47:28 --> Could not find the language line "mynt_buy_amazon"
ERROR - 2017-09-18 08:48:23 --> Could not find the language line "mynt_buy_amazon"
ERROR - 2017-09-18 08:49:10 --> Could not find the language line "mynt_buy_amazon"
ERROR - 2017-09-18 08:49:55 --> Could not find the language line "mynt_buy_amazon"
ERROR - 2017-09-18 08:51:30 --> Could not find the language line "mynt_buy_amazon"
ERROR - 2017-09-18 08:54:39 --> Could not find the language line "mynt_buy_amazon"
ERROR - 2017-09-18 08:55:56 --> Could not find the language line "mynt_buy_amazon"
ERROR - 2017-09-18 08:57:30 --> Could not find the language line "mynt_buy_amazon"
ERROR - 2017-09-18 09:02:26 --> Could not find the language line "mynt_buy_amazon"
ERROR - 2017-09-18 09:03:31 --> Could not find the language line "mynt_buy_amazon"
ERROR - 2017-09-18 09:04:26 --> Could not find the language line "mynt_buy_amazon"
ERROR - 2017-09-18 09:04:59 --> Could not find the language line "mynt_buy_amazon"
ERROR - 2017-09-18 09:05:29 --> Could not find the language line "mynt_buy_amazon"
ERROR - 2017-09-18 09:06:24 --> Could not find the language line "mynt_buy_amazon"
ERROR - 2017-09-18 09:12:56 --> Could not find the language line "mynt_buy_amazon"
ERROR - 2017-09-18 09:14:24 --> Could not find the language line "mynt_buy_amazon"
ERROR - 2017-09-18 09:16:37 --> Could not find the language line "mynt_buy_amazon"
ERROR - 2017-09-18 09:17:28 --> Could not find the language line "mynt_buy_amazon"
ERROR - 2017-09-18 09:18:32 --> Could not find the language line "mynt_buy_amazon"
ERROR - 2017-09-18 09:20:29 --> Could not find the language line "mynt_buy_amazon"
ERROR - 2017-09-18 09:23:18 --> Could not find the language line "mynt_buy_amazon"
ERROR - 2017-09-18 09:23:31 --> Could not find the language line "mynt_buy_amazon"
ERROR - 2017-09-18 09:23:45 --> Could not find the language line "mynt_buy_amazon"
ERROR - 2017-09-18 09:24:41 --> Could not find the language line "mynt_buy_amazon"
ERROR - 2017-09-18 09:24:54 --> Could not find the language line "mynt_buy_amazon"
ERROR - 2017-09-18 09:26:21 --> Could not find the language line "mynt_buy_amazon"
ERROR - 2017-09-18 09:26:50 --> Could not find the language line "mynt_buy_amazon"
ERROR - 2017-09-18 09:27:02 --> Could not find the language line "mynt_buy_amazon"
ERROR - 2017-09-18 09:27:58 --> Could not find the language line "mynt_buy_amazon"
ERROR - 2017-09-18 09:28:26 --> Could not find the language line "mynt_buy_amazon"
ERROR - 2017-09-18 09:28:47 --> Could not find the language line "mynt_buy_amazon"
ERROR - 2017-09-18 09:30:30 --> Could not find the language line "mynt_buy_amazon"
ERROR - 2017-09-18 09:31:03 --> Could not find the language line "mynt_buy_amazon"
ERROR - 2017-09-18 09:31:09 --> Could not find the language line "mynt_buy_amazon"
ERROR - 2017-09-18 09:31:20 --> Could not find the language line "mynt_buy_amazon"
ERROR - 2017-09-18 09:31:41 --> Could not find the language line "mynt_buy_amazon"
ERROR - 2017-09-18 09:31:50 --> Could not find the language line "mynt_buy_amazon"
ERROR - 2017-09-18 09:32:37 --> Could not find the language line "mynt_buy_amazon"
ERROR - 2017-09-18 09:32:51 --> Could not find the language line "mynt_buy_amazon"
ERROR - 2017-09-18 09:32:56 --> Could not find the language line "mynt_buy_amazon"
ERROR - 2017-09-18 09:33:18 --> Could not find the language line "mynt_buy_amazon"
ERROR - 2017-09-18 09:33:25 --> Could not find the language line "mynt_buy_amazon"
ERROR - 2017-09-18 09:33:43 --> Could not find the language line "mynt_buy_amazon"
ERROR - 2017-09-18 09:34:51 --> Could not find the language line "mynt_buy_amazon"
ERROR - 2017-09-18 09:35:14 --> Could not find the language line "mynt_buy_amazon"
ERROR - 2017-09-18 09:35:45 --> Could not find the language line "mynt_buy_amazon"
ERROR - 2017-09-18 09:36:55 --> Could not find the language line "mynt_buy_amazon"
ERROR - 2017-09-18 09:38:07 --> Could not find the language line "mynt_buy_amazon"
ERROR - 2017-09-18 09:39:14 --> Could not find the language line "mynt_buy_amazon"
ERROR - 2017-09-18 09:40:28 --> Could not find the language line "mynt_buy_amazon"
ERROR - 2017-09-18 09:42:14 --> Could not find the language line "mynt_buy_amazon"
