ERROR - 2017-07-08 14:38:58 --> Could not find the language line "mynt_buy_taobao"
ERROR - 2017-07-08 14:38:58 --> Could not find the language line "mynt_buy_tmall"
ERROR - 2017-07-08 14:38:58 --> Could not find the language line "mynt_buy_jd"
ERROR - 2017-07-08 14:38:58 --> Could not find the language line "home_cloud_title"
ERROR - 2017-07-08 14:38:58 --> Could not find the language line "home_cloud_intro"
ERROR - 2017-07-08 14:38:58 --> Could not find the language line "mynt_icon_taobao"
ERROR - 2017-07-08 14:38:58 --> Could not find the language line "mynt_icon_tmall"
ERROR - 2017-07-08 14:38:58 --> Could not find the language line "mynt_icon_youzan"
ERROR - 2017-07-08 14:39:03 --> Could not find the language line "mynt_buy_taobao"
ERROR - 2017-07-08 14:39:03 --> Could not find the language line "mynt_buy_tmall"
ERROR - 2017-07-08 14:39:03 --> Could not find the language line "mynt_buy_jd"
ERROR - 2017-07-08 14:39:04 --> Could not find the language line "mynt_buy_taobao"
ERROR - 2017-07-08 14:39:04 --> Could not find the language line "mynt_buy_tmall"
ERROR - 2017-07-08 14:39:04 --> Could not find the language line "mynt_buy_jd"
ERROR - 2017-07-08 14:39:05 --> Could not find the language line "mynt_buy_taobao"
ERROR - 2017-07-08 14:39:05 --> Could not find the language line "mynt_buy_tmall"
ERROR - 2017-07-08 14:39:05 --> Could not find the language line "mynt_buy_jd"
ERROR - 2017-07-08 14:42:40 --> Could not find the language line "mynt_buy_taobao"
ERROR - 2017-07-08 14:42:40 --> Could not find the language line "mynt_buy_tmall"
ERROR - 2017-07-08 14:42:40 --> Could not find the language line "mynt_buy_jd"
ERROR - 2017-07-08 14:42:41 --> Could not find the language line "mynt_buy_taobao"
ERROR - 2017-07-08 14:42:41 --> Could not find the language line "mynt_buy_tmall"
ERROR - 2017-07-08 14:42:41 --> Could not find the language line "mynt_buy_jd"
ERROR - 2017-07-08 14:42:41 --> Could not find the language line "home_cloud_title"
ERROR - 2017-07-08 14:42:41 --> Could not find the language line "home_cloud_intro"
ERROR - 2017-07-08 14:42:41 --> Could not find the language line "mynt_icon_taobao"
ERROR - 2017-07-08 14:42:41 --> Could not find the language line "mynt_icon_tmall"
ERROR - 2017-07-08 14:42:41 --> Could not find the language line "mynt_icon_youzan"
ERROR - 2017-07-08 14:42:44 --> Could not find the language line "mynt_buy_taobao"
ERROR - 2017-07-08 14:42:44 --> Could not find the language line "mynt_buy_tmall"
ERROR - 2017-07-08 14:42:44 --> Could not find the language line "mynt_buy_jd"
ERROR - 2017-07-08 14:42:53 --> Could not find the language line "mynt_buy_taobao"
ERROR - 2017-07-08 14:42:53 --> Could not find the language line "mynt_buy_tmall"
ERROR - 2017-07-08 14:42:53 --> Could not find the language line "mynt_buy_jd"
ERROR - 2017-07-08 14:42:53 --> Could not find the language line "home_cloud_title"
ERROR - 2017-07-08 14:42:53 --> Could not find the language line "home_cloud_intro"
ERROR - 2017-07-08 14:42:53 --> Could not find the language line "mynt_icon_taobao"
ERROR - 2017-07-08 14:42:53 --> Could not find the language line "mynt_icon_tmall"
ERROR - 2017-07-08 14:42:53 --> Could not find the language line "mynt_icon_youzan"
ERROR - 2017-07-08 14:42:55 --> Could not find the language line "mynt_buy_taobao"
ERROR - 2017-07-08 14:42:55 --> Could not find the language line "mynt_buy_tmall"
ERROR - 2017-07-08 14:42:55 --> Could not find the language line "mynt_buy_jd"
ERROR - 2017-07-08 14:43:01 --> Could not find the language line "mynt_buy_taobao"
ERROR - 2017-07-08 14:43:01 --> Could not find the language line "mynt_buy_tmall"
ERROR - 2017-07-08 14:43:01 --> Could not find the language line "mynt_buy_jd"
ERROR - 2017-07-08 14:43:01 --> Could not find the language line "home_cloud_title"
ERROR - 2017-07-08 14:43:01 --> Could not find the language line "home_cloud_intro"
ERROR - 2017-07-08 14:43:01 --> Could not find the language line "mynt_icon_taobao"
ERROR - 2017-07-08 14:43:01 --> Could not find the language line "mynt_icon_tmall"
ERROR - 2017-07-08 14:43:01 --> Could not find the language line "mynt_icon_youzan"
ERROR - 2017-07-08 14:43:03 --> Could not find the language line "mynt_buy_taobao"
ERROR - 2017-07-08 14:43:03 --> Could not find the language line "mynt_buy_tmall"
ERROR - 2017-07-08 14:43:03 --> Could not find the language line "mynt_buy_jd"
ERROR - 2017-07-08 14:43:21 --> Could not find the language line "mynt_buy_taobao"
ERROR - 2017-07-08 14:43:21 --> Could not find the language line "mynt_buy_tmall"
ERROR - 2017-07-08 14:43:21 --> Could not find the language line "mynt_buy_jd"
ERROR - 2017-07-08 14:43:21 --> Could not find the language line "home_cloud_title"
ERROR - 2017-07-08 14:43:21 --> Could not find the language line "home_cloud_intro"
ERROR - 2017-07-08 14:43:21 --> Could not find the language line "mynt_icon_taobao"
ERROR - 2017-07-08 14:43:21 --> Could not find the language line "mynt_icon_tmall"
ERROR - 2017-07-08 14:43:21 --> Could not find the language line "mynt_icon_youzan"
ERROR - 2017-07-08 14:43:21 --> Could not find the language line "mynt_buy_taobao"
ERROR - 2017-07-08 14:43:21 --> Could not find the language line "mynt_buy_tmall"
ERROR - 2017-07-08 14:43:21 --> Could not find the language line "mynt_buy_jd"
