ERROR - 2016-06-03 01:37:17 --> Could not find the language line "mynt_buy_taobao"
ERROR - 2016-06-03 01:37:17 --> Could not find the language line "mynt_buy_tmall"
ERROR - 2016-06-03 01:37:17 --> Could not find the language line "mynt_buy_youzan"
ERROR - 2016-06-03 01:37:17 --> Could not find the language line "home_cloud_title"
ERROR - 2016-06-03 01:37:17 --> Could not find the language line "home_cloud_intro"
ERROR - 2016-06-03 01:37:17 --> Could not find the language line "mynt_icon_taobao"
ERROR - 2016-06-03 01:37:17 --> Could not find the language line "mynt_icon_tmall"
ERROR - 2016-06-03 01:37:17 --> Could not find the language line "mynt_icon_youzan"
ERROR - 2016-06-03 01:37:23 --> Could not find the language line "mynt_buy_taobao"
ERROR - 2016-06-03 01:37:23 --> Could not find the language line "mynt_buy_tmall"
ERROR - 2016-06-03 01:37:23 --> Could not find the language line "mynt_buy_youzan"
ERROR - 2016-06-03 01:37:23 --> Could not find the language line "home_cloud_title"
ERROR - 2016-06-03 01:37:23 --> Could not find the language line "home_cloud_intro"
ERROR - 2016-06-03 01:37:23 --> Could not find the language line "mynt_icon_taobao"
ERROR - 2016-06-03 01:37:23 --> Could not find the language line "mynt_icon_tmall"
ERROR - 2016-06-03 01:37:23 --> Could not find the language line "mynt_icon_youzan"
ERROR - 2016-06-03 01:38:01 --> Could not find the language line "mynt_buy_taobao"
ERROR - 2016-06-03 01:38:01 --> Could not find the language line "mynt_buy_tmall"
ERROR - 2016-06-03 01:38:01 --> Could not find the language line "mynt_buy_youzan"
ERROR - 2016-06-03 01:38:01 --> Could not find the language line "home_cloud_title"
ERROR - 2016-06-03 01:38:01 --> Could not find the language line "home_cloud_intro"
ERROR - 2016-06-03 01:38:01 --> Could not find the language line "mynt_icon_taobao"
ERROR - 2016-06-03 01:38:01 --> Could not find the language line "mynt_icon_tmall"
ERROR - 2016-06-03 01:38:01 --> Could not find the language line "mynt_icon_youzan"
ERROR - 2016-06-03 01:38:28 --> Could not find the language line "mynt_buy_amazon"
ERROR - 2016-06-03 01:38:28 --> Could not find the language line "home_slife_title"
ERROR - 2016-06-03 01:38:28 --> Could not find the language line "home_cloud_title"
ERROR - 2016-06-03 01:38:28 --> Could not find the language line "home_cloud_intro"
ERROR - 2016-06-03 01:38:28 --> Could not find the language line "mynt_icon_buy"
ERROR - 2016-06-03 01:39:02 --> Could not find the language line "mynt_buy_amazon"
ERROR - 2016-06-03 01:39:02 --> Could not find the language line "home_slife_title"
ERROR - 2016-06-03 01:39:02 --> Could not find the language line "home_cloud_title"
ERROR - 2016-06-03 01:39:02 --> Could not find the language line "home_cloud_intro"
ERROR - 2016-06-03 01:39:02 --> Could not find the language line "mynt_icon_buy"
ERROR - 2016-06-03 01:39:06 --> Could not find the language line "mynt_buy_taobao"
ERROR - 2016-06-03 01:39:06 --> Could not find the language line "mynt_buy_tmall"
ERROR - 2016-06-03 01:39:06 --> Could not find the language line "mynt_buy_youzan"
ERROR - 2016-06-03 01:39:06 --> Could not find the language line "home_cloud_title"
ERROR - 2016-06-03 01:39:06 --> Could not find the language line "home_cloud_intro"
ERROR - 2016-06-03 01:39:06 --> Could not find the language line "mynt_icon_taobao"
ERROR - 2016-06-03 01:39:06 --> Could not find the language line "mynt_icon_tmall"
ERROR - 2016-06-03 01:39:06 --> Could not find the language line "mynt_icon_youzan"
ERROR - 2016-06-03 01:42:55 --> Could not find the language line "mynt_buy_amazon"
ERROR - 2016-06-03 01:42:55 --> Could not find the language line "home_slife_title"
ERROR - 2016-06-03 01:42:55 --> Could not find the language line "home_cloud_title"
ERROR - 2016-06-03 01:42:55 --> Could not find the language line "home_cloud_intro"
ERROR - 2016-06-03 01:42:55 --> Could not find the language line "mynt_icon_buy"
ERROR - 2016-06-03 01:43:54 --> Could not find the language line "mynt_buy_amazon"
ERROR - 2016-06-03 01:43:54 --> Could not find the language line "home_slife_title"
ERROR - 2016-06-03 01:43:54 --> Could not find the language line "home_cloud_title"
ERROR - 2016-06-03 01:43:54 --> Could not find the language line "home_cloud_intro"
ERROR - 2016-06-03 01:43:54 --> Could not find the language line "mynt_icon_buy"
ERROR - 2016-06-03 01:44:53 --> Could not find the language line "mynt_buy_amazon"
ERROR - 2016-06-03 01:44:53 --> Could not find the language line "home_slife_title"
ERROR - 2016-06-03 01:44:53 --> Could not find the language line "home_cloud_title"
ERROR - 2016-06-03 01:44:53 --> Could not find the language line "home_cloud_intro"
ERROR - 2016-06-03 01:44:53 --> Could not find the language line "mynt_icon_buy"
ERROR - 2016-06-03 01:51:29 --> Could not find the language line "mynt_buy_amazon"
ERROR - 2016-06-03 01:51:29 --> Could not find the language line "home_slife_title"
ERROR - 2016-06-03 01:51:29 --> Could not find the language line "home_cloud_title"
ERROR - 2016-06-03 01:51:29 --> Could not find the language line "home_cloud_intro"
ERROR - 2016-06-03 01:51:29 --> Could not find the language line "mynt_icon_buy"
ERROR - 2016-06-03 02:18:56 --> Could not find the language line "mynt_buy_amazon"
ERROR - 2016-06-03 02:18:56 --> Could not find the language line "home_slife_title"
ERROR - 2016-06-03 02:18:56 --> Could not find the language line "home_cloud_title"
ERROR - 2016-06-03 02:18:56 --> Could not find the language line "home_cloud_intro"
ERROR - 2016-06-03 02:18:56 --> Could not find the language line "mynt_icon_buy"
ERROR - 2016-06-03 02:20:14 --> Could not find the language line "mynt_buy_amazon"
ERROR - 2016-06-03 02:20:14 --> Could not find the language line "home_slife_title"
ERROR - 2016-06-03 02:20:14 --> Could not find the language line "home_cloud_title"
ERROR - 2016-06-03 02:20:14 --> Could not find the language line "home_cloud_intro"
ERROR - 2016-06-03 02:20:14 --> Could not find the language line "mynt_icon_buy"
ERROR - 2016-06-03 02:20:36 --> Could not find the language line "mynt_buy_amazon"
ERROR - 2016-06-03 02:20:36 --> Could not find the language line "home_slife_title"
ERROR - 2016-06-03 02:20:36 --> Could not find the language line "home_cloud_title"
ERROR - 2016-06-03 02:20:36 --> Could not find the language line "home_cloud_intro"
ERROR - 2016-06-03 02:20:36 --> Could not find the language line "mynt_icon_buy"
ERROR - 2016-06-03 02:23:04 --> Could not find the language line "mynt_buy_amazon"
ERROR - 2016-06-03 02:23:04 --> Could not find the language line "home_slife_title"
ERROR - 2016-06-03 02:23:04 --> Could not find the language line "home_cloud_title"
ERROR - 2016-06-03 02:23:04 --> Could not find the language line "home_cloud_intro"
ERROR - 2016-06-03 02:23:04 --> Could not find the language line "mynt_icon_buy"
ERROR - 2016-06-03 02:26:17 --> Could not find the language line "mynt_buy_amazon"
ERROR - 2016-06-03 02:26:17 --> Could not find the language line "home_slife_title"
ERROR - 2016-06-03 02:26:17 --> Could not find the language line "home_cloud_title"
ERROR - 2016-06-03 02:26:17 --> Could not find the language line "home_cloud_intro"
ERROR - 2016-06-03 02:26:17 --> Could not find the language line "mynt_icon_buy"
ERROR - 2016-06-03 02:37:47 --> Could not find the language line "mynt_buy_amazon"
ERROR - 2016-06-03 02:37:47 --> Could not find the language line "home_slife_title"
ERROR - 2016-06-03 02:37:47 --> Could not find the language line "home_cloud_title"
ERROR - 2016-06-03 02:37:47 --> Could not find the language line "home_cloud_intro"
ERROR - 2016-06-03 02:37:47 --> Could not find the language line "mynt_icon_buy"
ERROR - 2016-06-03 02:46:25 --> Could not find the language line "mynt_buy_amazon"
ERROR - 2016-06-03 02:46:25 --> Could not find the language line "home_slife_title"
ERROR - 2016-06-03 02:46:25 --> Could not find the language line "home_cloud_title"
ERROR - 2016-06-03 02:46:25 --> Could not find the language line "home_cloud_intro"
ERROR - 2016-06-03 02:46:25 --> Could not find the language line "mynt_icon_buy"
ERROR - 2016-06-03 02:46:41 --> Could not find the language line "mynt_buy_amazon"
ERROR - 2016-06-03 02:46:41 --> Could not find the language line "home_slife_title"
ERROR - 2016-06-03 02:46:41 --> Could not find the language line "home_cloud_title"
ERROR - 2016-06-03 02:46:41 --> Could not find the language line "home_cloud_intro"
ERROR - 2016-06-03 02:46:41 --> Could not find the language line "mynt_icon_buy"
ERROR - 2016-06-03 02:46:44 --> Could not find the language line "mynt_buy_amazon"
ERROR - 2016-06-03 02:46:44 --> Could not find the language line "home_slife_title"
ERROR - 2016-06-03 02:46:44 --> Could not find the language line "home_cloud_title"
ERROR - 2016-06-03 02:46:44 --> Could not find the language line "home_cloud_intro"
ERROR - 2016-06-03 02:46:44 --> Could not find the language line "mynt_icon_buy"
ERROR - 2016-06-03 02:48:31 --> Could not find the language line "mynt_buy_amazon"
ERROR - 2016-06-03 02:48:31 --> Could not find the language line "home_slife_title"
ERROR - 2016-06-03 02:48:31 --> Could not find the language line "home_cloud_title"
ERROR - 2016-06-03 02:48:31 --> Could not find the language line "home_cloud_intro"
ERROR - 2016-06-03 02:48:31 --> Could not find the language line "mynt_icon_buy"
ERROR - 2016-06-03 02:48:33 --> Could not find the language line "mynt_buy_amazon"
ERROR - 2016-06-03 02:48:33 --> Could not find the language line "home_slife_title"
ERROR - 2016-06-03 02:48:33 --> Could not find the language line "home_cloud_title"
ERROR - 2016-06-03 02:48:33 --> Could not find the language line "home_cloud_intro"
ERROR - 2016-06-03 02:48:33 --> Could not find the language line "mynt_icon_buy"
ERROR - 2016-06-03 02:49:19 --> Could not find the language line "mynt_buy_amazon"
ERROR - 2016-06-03 02:49:19 --> Could not find the language line "home_slife_title"
ERROR - 2016-06-03 02:49:19 --> Could not find the language line "home_cloud_title"
ERROR - 2016-06-03 02:49:19 --> Could not find the language line "home_cloud_intro"
ERROR - 2016-06-03 02:49:19 --> Could not find the language line "mynt_icon_buy"
ERROR - 2016-06-03 02:54:24 --> Could not find the language line "mynt_buy_amazon"
ERROR - 2016-06-03 02:54:24 --> Could not find the language line "home_slife_title"
ERROR - 2016-06-03 02:54:24 --> Could not find the language line "home_cloud_title"
ERROR - 2016-06-03 02:54:24 --> Could not find the language line "home_cloud_intro"
ERROR - 2016-06-03 02:54:24 --> Could not find the language line "mynt_icon_buy"
ERROR - 2016-06-03 02:54:41 --> Could not find the language line "mynt_buy_amazon"
ERROR - 2016-06-03 02:54:41 --> Could not find the language line "home_slife_title"
ERROR - 2016-06-03 02:54:41 --> Could not find the language line "home_cloud_title"
ERROR - 2016-06-03 02:54:41 --> Could not find the language line "home_cloud_intro"
ERROR - 2016-06-03 02:54:41 --> Could not find the language line "mynt_icon_buy"
ERROR - 2016-06-03 02:54:46 --> Could not find the language line "mynt_buy_amazon"
ERROR - 2016-06-03 02:54:46 --> Could not find the language line "home_slife_title"
ERROR - 2016-06-03 02:54:46 --> Could not find the language line "home_cloud_title"
ERROR - 2016-06-03 02:54:46 --> Could not find the language line "home_cloud_intro"
ERROR - 2016-06-03 02:54:46 --> Could not find the language line "mynt_icon_buy"
ERROR - 2016-06-03 03:03:08 --> Could not find the language line "mynt_buy_amazon"
ERROR - 2016-06-03 03:03:08 --> Could not find the language line "home_slife_title"
ERROR - 2016-06-03 03:03:08 --> Could not find the language line "home_cloud_title"
ERROR - 2016-06-03 03:03:08 --> Could not find the language line "home_cloud_intro"
ERROR - 2016-06-03 03:03:08 --> Could not find the language line "mynt_icon_buy"
ERROR - 2016-06-03 03:17:55 --> Could not find the language line "mynt_buy_amazon"
ERROR - 2016-06-03 03:17:55 --> Could not find the language line "home_slife_title"
ERROR - 2016-06-03 03:17:55 --> Could not find the language line "home_cloud_title"
ERROR - 2016-06-03 03:17:55 --> Could not find the language line "home_cloud_intro"
ERROR - 2016-06-03 03:17:55 --> Could not find the language line "mynt_icon_buy"
ERROR - 2016-06-03 03:18:00 --> Could not find the language line "mynt_buy_amazon"
ERROR - 2016-06-03 03:18:00 --> Could not find the language line "home_slife_title"
ERROR - 2016-06-03 03:18:00 --> Could not find the language line "home_cloud_title"
ERROR - 2016-06-03 03:18:00 --> Could not find the language line "home_cloud_intro"
ERROR - 2016-06-03 03:18:00 --> Could not find the language line "mynt_icon_buy"
ERROR - 2016-06-03 03:19:50 --> Could not find the language line "mynt_buy_amazon"
ERROR - 2016-06-03 03:19:50 --> Could not find the language line "home_slife_title"
ERROR - 2016-06-03 03:19:50 --> Could not find the language line "home_cloud_title"
ERROR - 2016-06-03 03:19:50 --> Could not find the language line "home_cloud_intro"
ERROR - 2016-06-03 03:19:50 --> Could not find the language line "mynt_icon_buy"
ERROR - 2016-06-03 03:22:32 --> Could not find the language line "mynt_buy_amazon"
ERROR - 2016-06-03 03:22:32 --> Could not find the language line "home_slife_title"
ERROR - 2016-06-03 03:22:32 --> Could not find the language line "home_cloud_title"
ERROR - 2016-06-03 03:22:32 --> Could not find the language line "home_cloud_intro"
ERROR - 2016-06-03 03:22:32 --> Could not find the language line "mynt_icon_buy"
ERROR - 2016-06-03 03:26:08 --> Could not find the language line "mynt_buy_amazon"
ERROR - 2016-06-03 03:26:08 --> Could not find the language line "home_slife_title"
ERROR - 2016-06-03 03:26:08 --> Could not find the language line "home_cloud_title"
ERROR - 2016-06-03 03:26:08 --> Could not find the language line "home_cloud_intro"
ERROR - 2016-06-03 03:26:08 --> Could not find the language line "mynt_icon_buy"
ERROR - 2016-06-03 03:38:42 --> Could not find the language line "mynt_buy_amazon"
ERROR - 2016-06-03 03:38:42 --> Could not find the language line "home_slife_title"
ERROR - 2016-06-03 03:38:42 --> Could not find the language line "home_cloud_title"
ERROR - 2016-06-03 03:38:42 --> Could not find the language line "home_cloud_intro"
ERROR - 2016-06-03 03:38:42 --> Could not find the language line "mynt_icon_buy"
ERROR - 2016-06-03 03:45:35 --> Could not find the language line "mynt_buy_amazon"
ERROR - 2016-06-03 03:45:35 --> Could not find the language line "home_slife_title"
ERROR - 2016-06-03 03:45:35 --> Could not find the language line "home_cloud_title"
ERROR - 2016-06-03 03:45:35 --> Could not find the language line "home_cloud_intro"
ERROR - 2016-06-03 03:45:35 --> Could not find the language line "mynt_icon_buy"
ERROR - 2016-06-03 03:46:41 --> Could not find the language line "mynt_buy_amazon"
ERROR - 2016-06-03 03:46:41 --> Could not find the language line "home_slife_title"
ERROR - 2016-06-03 03:46:41 --> Could not find the language line "home_cloud_title"
ERROR - 2016-06-03 03:46:41 --> Could not find the language line "home_cloud_intro"
ERROR - 2016-06-03 03:46:41 --> Could not find the language line "mynt_icon_buy"
ERROR - 2016-06-03 03:48:55 --> Could not find the language line "mynt_buy_amazon"
ERROR - 2016-06-03 03:48:55 --> Could not find the language line "home_slife_title"
ERROR - 2016-06-03 03:48:55 --> Could not find the language line "home_cloud_title"
ERROR - 2016-06-03 03:48:55 --> Could not find the language line "home_cloud_intro"
ERROR - 2016-06-03 03:48:55 --> Could not find the language line "mynt_icon_buy"
ERROR - 2016-06-03 03:49:07 --> Could not find the language line "mynt_buy_amazon"
ERROR - 2016-06-03 03:49:09 --> Could not find the language line "mynt_buy_amazon"
ERROR - 2016-06-03 03:49:09 --> Could not find the language line "home_slife_title"
ERROR - 2016-06-03 03:49:09 --> Could not find the language line "home_cloud_title"
ERROR - 2016-06-03 03:49:09 --> Could not find the language line "home_cloud_intro"
ERROR - 2016-06-03 03:49:09 --> Could not find the language line "mynt_icon_buy"
ERROR - 2016-06-03 03:50:07 --> Could not find the language line "mynt_buy_amazon"
ERROR - 2016-06-03 03:50:07 --> Could not find the language line "home_slife_title"
ERROR - 2016-06-03 03:50:07 --> Could not find the language line "home_cloud_title"
ERROR - 2016-06-03 03:50:07 --> Could not find the language line "home_cloud_intro"
ERROR - 2016-06-03 03:50:07 --> Could not find the language line "mynt_icon_buy"
ERROR - 2016-06-03 03:50:57 --> Could not find the language line "mynt_buy_amazon"
ERROR - 2016-06-03 03:50:57 --> Could not find the language line "home_slife_title"
ERROR - 2016-06-03 03:50:57 --> Could not find the language line "home_cloud_title"
ERROR - 2016-06-03 03:50:57 --> Could not find the language line "home_cloud_intro"
ERROR - 2016-06-03 03:50:57 --> Could not find the language line "mynt_icon_buy"
ERROR - 2016-06-03 03:51:06 --> Could not find the language line "mynt_buy_amazon"
ERROR - 2016-06-03 03:51:06 --> Could not find the language line "home_slife_title"
ERROR - 2016-06-03 03:51:06 --> Could not find the language line "home_cloud_title"
ERROR - 2016-06-03 03:51:06 --> Could not find the language line "home_cloud_intro"
ERROR - 2016-06-03 03:51:06 --> Could not find the language line "mynt_icon_buy"
ERROR - 2016-06-03 03:53:52 --> Could not find the language line "mynt_buy_amazon"
ERROR - 2016-06-03 03:53:52 --> Could not find the language line "home_slife_title"
ERROR - 2016-06-03 03:53:52 --> Could not find the language line "home_cloud_title"
ERROR - 2016-06-03 03:53:52 --> Could not find the language line "home_cloud_intro"
ERROR - 2016-06-03 03:53:52 --> Could not find the language line "mynt_icon_buy"
ERROR - 2016-06-03 03:53:54 --> Could not find the language line "mynt_buy_amazon"
ERROR - 2016-06-03 03:53:54 --> Could not find the language line "home_slife_title"
ERROR - 2016-06-03 03:53:54 --> Could not find the language line "home_cloud_title"
ERROR - 2016-06-03 03:53:54 --> Could not find the language line "home_cloud_intro"
ERROR - 2016-06-03 03:53:54 --> Could not find the language line "mynt_icon_buy"
ERROR - 2016-06-03 03:53:54 --> Could not find the language line "mynt_buy_amazon"
ERROR - 2016-06-03 03:53:54 --> Could not find the language line "home_slife_title"
ERROR - 2016-06-03 03:53:54 --> Could not find the language line "home_cloud_title"
ERROR - 2016-06-03 03:53:54 --> Could not find the language line "home_cloud_intro"
ERROR - 2016-06-03 03:53:54 --> Could not find the language line "mynt_icon_buy"
ERROR - 2016-06-03 03:53:55 --> Could not find the language line "mynt_buy_amazon"
ERROR - 2016-06-03 03:53:55 --> Could not find the language line "home_slife_title"
ERROR - 2016-06-03 03:53:55 --> Could not find the language line "home_cloud_title"
ERROR - 2016-06-03 03:53:55 --> Could not find the language line "home_cloud_intro"
ERROR - 2016-06-03 03:53:55 --> Could not find the language line "mynt_icon_buy"
ERROR - 2016-06-03 03:53:59 --> Could not find the language line "mynt_buy_amazon"
ERROR - 2016-06-03 03:53:59 --> Could not find the language line "home_slife_title"
ERROR - 2016-06-03 03:53:59 --> Could not find the language line "home_cloud_title"
ERROR - 2016-06-03 03:53:59 --> Could not find the language line "home_cloud_intro"
ERROR - 2016-06-03 03:53:59 --> Could not find the language line "mynt_icon_buy"
ERROR - 2016-06-03 03:54:01 --> Could not find the language line "mynt_buy_amazon"
ERROR - 2016-06-03 03:54:01 --> Could not find the language line "home_slife_title"
ERROR - 2016-06-03 03:54:01 --> Could not find the language line "home_cloud_title"
ERROR - 2016-06-03 03:54:01 --> Could not find the language line "home_cloud_intro"
ERROR - 2016-06-03 03:54:01 --> Could not find the language line "mynt_icon_buy"
ERROR - 2016-06-03 03:54:20 --> Could not find the language line "mynt_buy_taobao"
ERROR - 2016-06-03 03:54:20 --> Could not find the language line "mynt_buy_tmall"
ERROR - 2016-06-03 03:54:20 --> Could not find the language line "mynt_buy_youzan"
ERROR - 2016-06-03 03:54:20 --> Could not find the language line "home_cloud_title"
ERROR - 2016-06-03 03:54:20 --> Could not find the language line "home_cloud_intro"
ERROR - 2016-06-03 03:54:20 --> Could not find the language line "mynt_icon_taobao"
ERROR - 2016-06-03 03:54:20 --> Could not find the language line "mynt_icon_tmall"
ERROR - 2016-06-03 03:54:20 --> Could not find the language line "mynt_icon_youzan"
ERROR - 2016-06-03 03:57:17 --> Could not find the language line "mynt_buy_taobao"
ERROR - 2016-06-03 03:57:17 --> Could not find the language line "mynt_buy_tmall"
ERROR - 2016-06-03 03:57:17 --> Could not find the language line "mynt_buy_youzan"
ERROR - 2016-06-03 03:57:17 --> Could not find the language line "home_cloud_title"
ERROR - 2016-06-03 03:57:17 --> Could not find the language line "home_cloud_intro"
ERROR - 2016-06-03 03:57:17 --> Could not find the language line "mynt_icon_taobao"
ERROR - 2016-06-03 03:57:17 --> Could not find the language line "mynt_icon_tmall"
ERROR - 2016-06-03 03:57:17 --> Could not find the language line "mynt_icon_youzan"
ERROR - 2016-06-03 03:57:19 --> Could not find the language line "mynt_buy_amazon"
ERROR - 2016-06-03 03:57:19 --> Could not find the language line "home_slife_title"
ERROR - 2016-06-03 03:57:19 --> Could not find the language line "home_cloud_title"
ERROR - 2016-06-03 03:57:19 --> Could not find the language line "home_cloud_intro"
ERROR - 2016-06-03 03:57:19 --> Could not find the language line "mynt_icon_buy"
ERROR - 2016-06-03 03:58:24 --> Could not find the language line "mynt_buy_amazon"
ERROR - 2016-06-03 03:58:24 --> Could not find the language line "home_slife_title"
ERROR - 2016-06-03 03:58:24 --> Could not find the language line "home_cloud_title"
ERROR - 2016-06-03 03:58:24 --> Could not find the language line "home_cloud_intro"
ERROR - 2016-06-03 03:58:24 --> Could not find the language line "mynt_icon_buy"
ERROR - 2016-06-03 04:00:29 --> Could not find the language line "mynt_buy_amazon"
ERROR - 2016-06-03 04:00:29 --> Could not find the language line "home_slife_title"
ERROR - 2016-06-03 04:00:29 --> Could not find the language line "home_cloud_title"
ERROR - 2016-06-03 04:00:29 --> Could not find the language line "home_cloud_intro"
ERROR - 2016-06-03 04:00:29 --> Could not find the language line "mynt_icon_buy"
ERROR - 2016-06-03 04:00:33 --> Could not find the language line "mynt_buy_taobao"
ERROR - 2016-06-03 04:00:33 --> Could not find the language line "mynt_buy_tmall"
ERROR - 2016-06-03 04:00:33 --> Could not find the language line "mynt_buy_youzan"
ERROR - 2016-06-03 04:00:33 --> Could not find the language line "home_cloud_title"
ERROR - 2016-06-03 04:00:33 --> Could not find the language line "home_cloud_intro"
ERROR - 2016-06-03 04:00:33 --> Could not find the language line "mynt_icon_taobao"
ERROR - 2016-06-03 04:00:33 --> Could not find the language line "mynt_icon_tmall"
ERROR - 2016-06-03 04:00:33 --> Could not find the language line "mynt_icon_youzan"
ERROR - 2016-06-03 04:00:37 --> Could not find the language line "mynt_buy_taobao"
ERROR - 2016-06-03 04:00:37 --> Could not find the language line "mynt_buy_tmall"
ERROR - 2016-06-03 04:00:37 --> Could not find the language line "mynt_buy_youzan"
ERROR - 2016-06-03 04:00:37 --> Could not find the language line "home_cloud_title"
ERROR - 2016-06-03 04:00:37 --> Could not find the language line "home_cloud_intro"
ERROR - 2016-06-03 04:00:37 --> Could not find the language line "mynt_icon_taobao"
ERROR - 2016-06-03 04:00:37 --> Could not find the language line "mynt_icon_tmall"
ERROR - 2016-06-03 04:00:37 --> Could not find the language line "mynt_icon_youzan"
ERROR - 2016-06-03 04:00:42 --> Could not find the language line "mynt_buy_amazon"
ERROR - 2016-06-03 04:00:42 --> Could not find the language line "home_slife_title"
ERROR - 2016-06-03 04:00:42 --> Could not find the language line "home_cloud_title"
ERROR - 2016-06-03 04:00:42 --> Could not find the language line "home_cloud_intro"
ERROR - 2016-06-03 04:00:42 --> Could not find the language line "mynt_icon_buy"
ERROR - 2016-06-03 04:07:52 --> Could not find the language line "mynt_buy_amazon"
ERROR - 2016-06-03 04:07:52 --> Could not find the language line "home_slife_title"
ERROR - 2016-06-03 04:07:52 --> Could not find the language line "home_cloud_title"
ERROR - 2016-06-03 04:07:52 --> Could not find the language line "home_cloud_intro"
ERROR - 2016-06-03 04:07:52 --> Could not find the language line "mynt_icon_buy"
ERROR - 2016-06-03 06:28:06 --> Could not find the language line "mynt_buy_taobao"
ERROR - 2016-06-03 06:28:06 --> Could not find the language line "mynt_buy_tmall"
ERROR - 2016-06-03 06:28:06 --> Could not find the language line "mynt_buy_youzan"
ERROR - 2016-06-03 06:28:06 --> Could not find the language line "home_cloud_title"
ERROR - 2016-06-03 06:28:06 --> Could not find the language line "home_cloud_intro"
ERROR - 2016-06-03 06:28:06 --> Could not find the language line "mynt_icon_taobao"
ERROR - 2016-06-03 06:28:06 --> Could not find the language line "mynt_icon_tmall"
ERROR - 2016-06-03 06:28:06 --> Could not find the language line "mynt_icon_youzan"
ERROR - 2016-06-03 06:28:24 --> Could not find the language line "mynt_buy_taobao"
ERROR - 2016-06-03 06:28:24 --> Could not find the language line "mynt_buy_tmall"
ERROR - 2016-06-03 06:28:24 --> Could not find the language line "mynt_buy_youzan"
ERROR - 2016-06-03 06:28:24 --> Could not find the language line "mynt_icon_taobao"
ERROR - 2016-06-03 06:28:24 --> Could not find the language line "mynt_icon_tmall"
ERROR - 2016-06-03 06:28:24 --> Could not find the language line "mynt_icon_youzan"
ERROR - 2016-06-03 06:28:24 --> Could not find the language line "mynt_jd_detail"
ERROR - 2016-06-03 06:28:24 --> Could not find the language line "to_buy_wd"
ERROR - 2016-06-03 06:28:24 --> Could not find the language line "slightech_wechat"
ERROR - 2016-06-03 06:28:24 --> Could not find the language line "camera_no_lost"
ERROR - 2016-06-03 06:28:24 --> Could not find the language line "key_no_lost"
ERROR - 2016-06-03 06:28:24 --> Could not find the language line "bag_no_lost"
ERROR - 2016-06-03 06:28:24 --> Could not find the language line "computer_no_lost"
ERROR - 2016-06-03 06:28:24 --> Could not find the language line "pet_no_lost"
ERROR - 2016-06-03 06:28:24 --> Could not find the language line "goal"
ERROR - 2016-06-03 06:28:24 --> Could not find the language line "fund_title"
ERROR - 2016-06-03 06:28:24 --> Could not find the language line "fund_intro"
ERROR - 2016-06-03 06:28:26 --> Could not find the language line "mynt_buy_taobao"
ERROR - 2016-06-03 06:28:26 --> Could not find the language line "mynt_buy_tmall"
ERROR - 2016-06-03 06:28:26 --> Could not find the language line "mynt_buy_youzan"
ERROR - 2016-06-03 06:28:26 --> Could not find the language line "home_cloud_title"
ERROR - 2016-06-03 06:28:26 --> Could not find the language line "home_cloud_intro"
ERROR - 2016-06-03 06:28:26 --> Could not find the language line "mynt_icon_taobao"
ERROR - 2016-06-03 06:28:26 --> Could not find the language line "mynt_icon_tmall"
ERROR - 2016-06-03 06:28:26 --> Could not find the language line "mynt_icon_youzan"
ERROR - 2016-06-03 06:28:28 --> Could not find the language line "mynt_buy_taobao"
ERROR - 2016-06-03 06:28:28 --> Could not find the language line "mynt_buy_tmall"
ERROR - 2016-06-03 06:28:28 --> Could not find the language line "mynt_buy_youzan"
ERROR - 2016-06-03 06:28:28 --> Could not find the language line "home_cloud_title"
ERROR - 2016-06-03 06:28:28 --> Could not find the language line "home_cloud_intro"
ERROR - 2016-06-03 06:28:28 --> Could not find the language line "mynt_icon_taobao"
ERROR - 2016-06-03 06:28:28 --> Could not find the language line "mynt_icon_tmall"
ERROR - 2016-06-03 06:28:28 --> Could not find the language line "mynt_icon_youzan"
ERROR - 2016-06-03 06:28:28 --> Could not find the language line "mynt_buy_taobao"
ERROR - 2016-06-03 06:28:28 --> Could not find the language line "mynt_buy_tmall"
ERROR - 2016-06-03 06:28:28 --> Could not find the language line "mynt_buy_youzan"
ERROR - 2016-06-03 06:28:28 --> Could not find the language line "home_cloud_title"
ERROR - 2016-06-03 06:28:28 --> Could not find the language line "home_cloud_intro"
ERROR - 2016-06-03 06:28:28 --> Could not find the language line "mynt_icon_taobao"
ERROR - 2016-06-03 06:28:28 --> Could not find the language line "mynt_icon_tmall"
ERROR - 2016-06-03 06:28:28 --> Could not find the language line "mynt_icon_youzan"
ERROR - 2016-06-03 06:28:28 --> Could not find the language line "mynt_buy_taobao"
ERROR - 2016-06-03 06:28:28 --> Could not find the language line "mynt_buy_tmall"
ERROR - 2016-06-03 06:28:28 --> Could not find the language line "mynt_buy_youzan"
ERROR - 2016-06-03 06:28:28 --> Could not find the language line "home_cloud_title"
ERROR - 2016-06-03 06:28:28 --> Could not find the language line "home_cloud_intro"
ERROR - 2016-06-03 06:28:28 --> Could not find the language line "mynt_icon_taobao"
ERROR - 2016-06-03 06:28:28 --> Could not find the language line "mynt_icon_tmall"
ERROR - 2016-06-03 06:28:28 --> Could not find the language line "mynt_icon_youzan"
ERROR - 2016-06-03 06:28:36 --> Could not find the language line "mynt_buy_taobao"
ERROR - 2016-06-03 06:28:36 --> Could not find the language line "mynt_buy_tmall"
ERROR - 2016-06-03 06:28:37 --> Could not find the language line "mynt_buy_youzan"
ERROR - 2016-06-03 06:28:37 --> Could not find the language line "mynt_icon_taobao"
ERROR - 2016-06-03 06:28:37 --> Could not find the language line "mynt_icon_tmall"
ERROR - 2016-06-03 06:28:37 --> Could not find the language line "mynt_icon_youzan"
ERROR - 2016-06-03 06:28:37 --> Could not find the language line "mynt_jd_detail"
ERROR - 2016-06-03 06:28:37 --> Could not find the language line "to_buy_wd"
ERROR - 2016-06-03 06:28:37 --> Could not find the language line "slightech_wechat"
ERROR - 2016-06-03 06:28:37 --> Could not find the language line "camera_no_lost"
ERROR - 2016-06-03 06:28:37 --> Could not find the language line "key_no_lost"
ERROR - 2016-06-03 06:28:37 --> Could not find the language line "bag_no_lost"
ERROR - 2016-06-03 06:28:37 --> Could not find the language line "computer_no_lost"
ERROR - 2016-06-03 06:28:37 --> Could not find the language line "pet_no_lost"
ERROR - 2016-06-03 06:28:37 --> Could not find the language line "goal"
ERROR - 2016-06-03 06:28:37 --> Could not find the language line "fund_title"
ERROR - 2016-06-03 06:28:37 --> Could not find the language line "fund_intro"
ERROR - 2016-06-03 06:28:48 --> Could not find the language line "mynt_buy_taobao"
ERROR - 2016-06-03 06:28:48 --> Could not find the language line "mynt_buy_tmall"
ERROR - 2016-06-03 06:28:48 --> Could not find the language line "mynt_buy_youzan"
ERROR - 2016-06-03 06:28:48 --> Could not find the language line "mynt_icon_taobao"
ERROR - 2016-06-03 06:28:48 --> Could not find the language line "mynt_icon_tmall"
ERROR - 2016-06-03 06:28:48 --> Could not find the language line "mynt_icon_youzan"
ERROR - 2016-06-03 06:28:48 --> Could not find the language line "mynt_jd_detail"
ERROR - 2016-06-03 06:28:48 --> Could not find the language line "to_buy_wd"
ERROR - 2016-06-03 06:28:48 --> Could not find the language line "slightech_wechat"
ERROR - 2016-06-03 06:28:48 --> Could not find the language line "camera_no_lost"
ERROR - 2016-06-03 06:28:48 --> Could not find the language line "key_no_lost"
ERROR - 2016-06-03 06:28:48 --> Could not find the language line "bag_no_lost"
ERROR - 2016-06-03 06:28:48 --> Could not find the language line "computer_no_lost"
ERROR - 2016-06-03 06:28:48 --> Could not find the language line "pet_no_lost"
ERROR - 2016-06-03 06:28:48 --> Could not find the language line "goal"
ERROR - 2016-06-03 06:28:48 --> Could not find the language line "fund_title"
ERROR - 2016-06-03 06:28:48 --> Could not find the language line "fund_intro"
ERROR - 2016-06-03 06:28:56 --> Could not find the language line "mynt_buy_taobao"
ERROR - 2016-06-03 06:28:56 --> Could not find the language line "mynt_buy_tmall"
ERROR - 2016-06-03 06:28:56 --> Could not find the language line "mynt_buy_youzan"
ERROR - 2016-06-03 06:28:56 --> Could not find the language line "mynt_icon_taobao"
ERROR - 2016-06-03 06:28:56 --> Could not find the language line "mynt_icon_tmall"
ERROR - 2016-06-03 06:28:56 --> Could not find the language line "mynt_icon_youzan"
ERROR - 2016-06-03 06:28:56 --> Could not find the language line "mynt_jd_detail"
ERROR - 2016-06-03 06:28:56 --> Could not find the language line "to_buy_wd"
ERROR - 2016-06-03 06:28:56 --> Could not find the language line "slightech_wechat"
ERROR - 2016-06-03 06:28:56 --> Could not find the language line "camera_no_lost"
ERROR - 2016-06-03 06:28:56 --> Could not find the language line "key_no_lost"
ERROR - 2016-06-03 06:28:56 --> Could not find the language line "bag_no_lost"
ERROR - 2016-06-03 06:28:56 --> Could not find the language line "computer_no_lost"
ERROR - 2016-06-03 06:28:56 --> Could not find the language line "pet_no_lost"
ERROR - 2016-06-03 06:28:56 --> Could not find the language line "goal"
ERROR - 2016-06-03 06:28:56 --> Could not find the language line "fund_title"
ERROR - 2016-06-03 06:28:56 --> Could not find the language line "fund_intro"
ERROR - 2016-06-03 06:28:59 --> Could not find the language line "mynt_buy_taobao"
ERROR - 2016-06-03 06:28:59 --> Could not find the language line "mynt_buy_tmall"
ERROR - 2016-06-03 06:28:59 --> Could not find the language line "mynt_buy_youzan"
ERROR - 2016-06-03 06:28:59 --> Could not find the language line "home_cloud_title"
ERROR - 2016-06-03 06:28:59 --> Could not find the language line "home_cloud_intro"
ERROR - 2016-06-03 06:28:59 --> Could not find the language line "mynt_icon_taobao"
ERROR - 2016-06-03 06:28:59 --> Could not find the language line "mynt_icon_tmall"
ERROR - 2016-06-03 06:28:59 --> Could not find the language line "mynt_icon_youzan"
ERROR - 2016-06-03 06:28:59 --> Could not find the language line "mynt_buy_taobao"
ERROR - 2016-06-03 06:28:59 --> Could not find the language line "mynt_buy_tmall"
ERROR - 2016-06-03 06:28:59 --> Could not find the language line "mynt_buy_youzan"
ERROR - 2016-06-03 06:28:59 --> Could not find the language line "home_cloud_title"
ERROR - 2016-06-03 06:28:59 --> Could not find the language line "home_cloud_intro"
ERROR - 2016-06-03 06:28:59 --> Could not find the language line "mynt_icon_taobao"
ERROR - 2016-06-03 06:28:59 --> Could not find the language line "mynt_icon_tmall"
ERROR - 2016-06-03 06:28:59 --> Could not find the language line "mynt_icon_youzan"
ERROR - 2016-06-03 06:29:00 --> Could not find the language line "mynt_buy_taobao"
ERROR - 2016-06-03 06:29:00 --> Could not find the language line "mynt_buy_tmall"
ERROR - 2016-06-03 06:29:00 --> Could not find the language line "mynt_buy_youzan"
ERROR - 2016-06-03 06:29:00 --> Could not find the language line "home_cloud_title"
ERROR - 2016-06-03 06:29:00 --> Could not find the language line "home_cloud_intro"
ERROR - 2016-06-03 06:29:00 --> Could not find the language line "mynt_icon_taobao"
ERROR - 2016-06-03 06:29:00 --> Could not find the language line "mynt_icon_tmall"
ERROR - 2016-06-03 06:29:00 --> Could not find the language line "mynt_icon_youzan"
ERROR - 2016-06-03 06:29:00 --> Could not find the language line "mynt_buy_taobao"
ERROR - 2016-06-03 06:29:00 --> Could not find the language line "mynt_buy_tmall"
ERROR - 2016-06-03 06:29:00 --> Could not find the language line "mynt_buy_youzan"
ERROR - 2016-06-03 06:29:00 --> Could not find the language line "home_cloud_title"
ERROR - 2016-06-03 06:29:00 --> Could not find the language line "home_cloud_intro"
ERROR - 2016-06-03 06:29:00 --> Could not find the language line "mynt_icon_taobao"
ERROR - 2016-06-03 06:29:00 --> Could not find the language line "mynt_icon_tmall"
ERROR - 2016-06-03 06:29:00 --> Could not find the language line "mynt_icon_youzan"
ERROR - 2016-06-03 06:29:00 --> Could not find the language line "mynt_buy_taobao"
ERROR - 2016-06-03 06:29:00 --> Could not find the language line "mynt_buy_tmall"
ERROR - 2016-06-03 06:29:00 --> Could not find the language line "mynt_buy_youzan"
ERROR - 2016-06-03 06:29:00 --> Could not find the language line "home_cloud_title"
ERROR - 2016-06-03 06:29:00 --> Could not find the language line "home_cloud_intro"
ERROR - 2016-06-03 06:29:00 --> Could not find the language line "mynt_icon_taobao"
ERROR - 2016-06-03 06:29:00 --> Could not find the language line "mynt_icon_tmall"
ERROR - 2016-06-03 06:29:00 --> Could not find the language line "mynt_icon_youzan"
ERROR - 2016-06-03 06:29:01 --> Could not find the language line "mynt_buy_taobao"
ERROR - 2016-06-03 06:29:01 --> Could not find the language line "mynt_buy_tmall"
ERROR - 2016-06-03 06:29:01 --> Could not find the language line "mynt_buy_youzan"
ERROR - 2016-06-03 06:29:01 --> Could not find the language line "home_cloud_title"
ERROR - 2016-06-03 06:29:01 --> Could not find the language line "home_cloud_intro"
ERROR - 2016-06-03 06:29:01 --> Could not find the language line "mynt_icon_taobao"
ERROR - 2016-06-03 06:29:01 --> Could not find the language line "mynt_icon_tmall"
ERROR - 2016-06-03 06:29:01 --> Could not find the language line "mynt_icon_youzan"
ERROR - 2016-06-03 06:29:05 --> Could not find the language line "mynt_buy_taobao"
ERROR - 2016-06-03 06:29:05 --> Could not find the language line "mynt_buy_tmall"
ERROR - 2016-06-03 06:29:05 --> Could not find the language line "mynt_buy_youzan"
ERROR - 2016-06-03 06:29:05 --> Could not find the language line "mynt_icon_taobao"
ERROR - 2016-06-03 06:29:05 --> Could not find the language line "mynt_icon_tmall"
ERROR - 2016-06-03 06:29:05 --> Could not find the language line "mynt_icon_youzan"
ERROR - 2016-06-03 06:29:05 --> Could not find the language line "mynt_jd_detail"
ERROR - 2016-06-03 06:29:05 --> Could not find the language line "to_buy_wd"
ERROR - 2016-06-03 06:29:05 --> Could not find the language line "slightech_wechat"
ERROR - 2016-06-03 06:29:05 --> Could not find the language line "camera_no_lost"
ERROR - 2016-06-03 06:29:05 --> Could not find the language line "key_no_lost"
ERROR - 2016-06-03 06:29:05 --> Could not find the language line "bag_no_lost"
ERROR - 2016-06-03 06:29:05 --> Could not find the language line "computer_no_lost"
ERROR - 2016-06-03 06:29:05 --> Could not find the language line "pet_no_lost"
ERROR - 2016-06-03 06:29:05 --> Could not find the language line "goal"
ERROR - 2016-06-03 06:29:05 --> Could not find the language line "fund_title"
ERROR - 2016-06-03 06:29:05 --> Could not find the language line "fund_intro"
ERROR - 2016-06-03 06:41:07 --> Could not find the language line "mynt_buy_taobao"
ERROR - 2016-06-03 06:41:07 --> Could not find the language line "mynt_buy_tmall"
ERROR - 2016-06-03 06:41:07 --> Could not find the language line "mynt_buy_youzan"
ERROR - 2016-06-03 06:41:07 --> Could not find the language line "home_cloud_title"
ERROR - 2016-06-03 06:41:07 --> Could not find the language line "home_cloud_intro"
ERROR - 2016-06-03 06:41:07 --> Could not find the language line "mynt_icon_taobao"
ERROR - 2016-06-03 06:41:07 --> Could not find the language line "mynt_icon_tmall"
ERROR - 2016-06-03 06:41:07 --> Could not find the language line "mynt_icon_youzan"
ERROR - 2016-06-03 06:41:07 --> Session: File 'ci_sessions/ci_sessiona32704d32c5cf2adfd1961b9a895681ed4864939' doesn't exist and cannot be created.
ERROR - 2016-06-03 06:41:13 --> Could not find the language line "mynt_buy_amazon"
ERROR - 2016-06-03 06:41:13 --> Could not find the language line "home_slife_title"
ERROR - 2016-06-03 06:41:13 --> Could not find the language line "home_cloud_title"
ERROR - 2016-06-03 06:41:13 --> Could not find the language line "home_cloud_intro"
ERROR - 2016-06-03 06:41:13 --> Could not find the language line "mynt_icon_buy"
ERROR - 2016-06-03 06:41:34 --> Could not find the language line "mynt_buy_amazon"
ERROR - 2016-06-03 06:41:34 --> Could not find the language line "home_slife_title"
ERROR - 2016-06-03 06:41:34 --> Could not find the language line "home_cloud_title"
ERROR - 2016-06-03 06:41:34 --> Could not find the language line "home_cloud_intro"
ERROR - 2016-06-03 06:41:34 --> Could not find the language line "mynt_icon_buy"
ERROR - 2016-06-03 08:18:11 --> Could not find the language line "mynt_buy_taobao"
ERROR - 2016-06-03 08:18:11 --> Could not find the language line "mynt_buy_tmall"
ERROR - 2016-06-03 08:18:11 --> Could not find the language line "mynt_buy_youzan"
ERROR - 2016-06-03 08:18:11 --> Could not find the language line "home_cloud_title"
ERROR - 2016-06-03 08:18:11 --> Could not find the language line "home_cloud_intro"
ERROR - 2016-06-03 08:18:11 --> Could not find the language line "mynt_icon_taobao"
ERROR - 2016-06-03 08:18:11 --> Could not find the language line "mynt_icon_tmall"
ERROR - 2016-06-03 08:18:11 --> Could not find the language line "mynt_icon_youzan"
ERROR - 2016-06-03 08:18:11 --> Session: File 'ci_sessions/ci_session4e1051b3c983f2614d7a793ca612f02232100c7c' doesn't exist and cannot be created.
ERROR - 2016-06-03 08:18:12 --> Could not find the language line "mynt_buy_taobao"
ERROR - 2016-06-03 08:18:12 --> Could not find the language line "mynt_buy_tmall"
ERROR - 2016-06-03 08:18:12 --> Could not find the language line "mynt_buy_youzan"
ERROR - 2016-06-03 08:18:12 --> Could not find the language line "home_cloud_title"
ERROR - 2016-06-03 08:18:12 --> Could not find the language line "home_cloud_intro"
ERROR - 2016-06-03 08:18:12 --> Could not find the language line "mynt_icon_taobao"
ERROR - 2016-06-03 08:18:12 --> Could not find the language line "mynt_icon_tmall"
ERROR - 2016-06-03 08:18:12 --> Could not find the language line "mynt_icon_youzan"
ERROR - 2016-06-03 08:18:12 --> Could not find the language line "mynt_buy_taobao"
ERROR - 2016-06-03 08:18:12 --> Could not find the language line "mynt_buy_tmall"
ERROR - 2016-06-03 08:18:12 --> Could not find the language line "mynt_buy_youzan"
ERROR - 2016-06-03 08:18:12 --> Could not find the language line "home_cloud_title"
ERROR - 2016-06-03 08:18:12 --> Could not find the language line "home_cloud_intro"
ERROR - 2016-06-03 08:18:12 --> Could not find the language line "mynt_icon_taobao"
ERROR - 2016-06-03 08:18:12 --> Could not find the language line "mynt_icon_tmall"
ERROR - 2016-06-03 08:18:12 --> Could not find the language line "mynt_icon_youzan"
ERROR - 2016-06-03 08:18:12 --> Could not find the language line "mynt_buy_taobao"
ERROR - 2016-06-03 08:18:12 --> Could not find the language line "mynt_buy_tmall"
ERROR - 2016-06-03 08:18:12 --> Could not find the language line "mynt_buy_youzan"
ERROR - 2016-06-03 08:18:12 --> Could not find the language line "home_cloud_title"
ERROR - 2016-06-03 08:18:12 --> Could not find the language line "home_cloud_intro"
ERROR - 2016-06-03 08:18:12 --> Could not find the language line "mynt_icon_taobao"
ERROR - 2016-06-03 08:18:12 --> Could not find the language line "mynt_icon_tmall"
ERROR - 2016-06-03 08:18:12 --> Could not find the language line "mynt_icon_youzan"
ERROR - 2016-06-03 08:18:12 --> Could not find the language line "mynt_buy_taobao"
ERROR - 2016-06-03 08:18:12 --> Could not find the language line "mynt_buy_tmall"
ERROR - 2016-06-03 08:18:12 --> Could not find the language line "mynt_buy_youzan"
ERROR - 2016-06-03 08:18:12 --> Could not find the language line "home_cloud_title"
ERROR - 2016-06-03 08:18:12 --> Could not find the language line "home_cloud_intro"
ERROR - 2016-06-03 08:18:12 --> Could not find the language line "mynt_icon_taobao"
ERROR - 2016-06-03 08:18:12 --> Could not find the language line "mynt_icon_tmall"
ERROR - 2016-06-03 08:18:12 --> Could not find the language line "mynt_icon_youzan"
ERROR - 2016-06-03 08:18:12 --> Could not find the language line "mynt_buy_taobao"
ERROR - 2016-06-03 08:18:12 --> Could not find the language line "mynt_buy_tmall"
ERROR - 2016-06-03 08:18:12 --> Could not find the language line "mynt_buy_youzan"
ERROR - 2016-06-03 08:18:12 --> Could not find the language line "home_cloud_title"
ERROR - 2016-06-03 08:18:12 --> Could not find the language line "home_cloud_intro"
ERROR - 2016-06-03 08:18:12 --> Could not find the language line "mynt_icon_taobao"
ERROR - 2016-06-03 08:18:12 --> Could not find the language line "mynt_icon_tmall"
ERROR - 2016-06-03 08:18:12 --> Could not find the language line "mynt_icon_youzan"
ERROR - 2016-06-03 08:18:12 --> Could not find the language line "mynt_buy_taobao"
ERROR - 2016-06-03 08:18:12 --> Could not find the language line "mynt_buy_tmall"
ERROR - 2016-06-03 08:18:12 --> Could not find the language line "mynt_buy_youzan"
ERROR - 2016-06-03 08:18:12 --> Could not find the language line "home_cloud_title"
ERROR - 2016-06-03 08:18:12 --> Could not find the language line "home_cloud_intro"
ERROR - 2016-06-03 08:18:12 --> Could not find the language line "mynt_icon_taobao"
ERROR - 2016-06-03 08:18:12 --> Could not find the language line "mynt_icon_tmall"
ERROR - 2016-06-03 08:18:12 --> Could not find the language line "mynt_icon_youzan"
ERROR - 2016-06-03 08:18:13 --> Could not find the language line "mynt_buy_taobao"
ERROR - 2016-06-03 08:18:13 --> Could not find the language line "mynt_buy_tmall"
ERROR - 2016-06-03 08:18:13 --> Could not find the language line "mynt_buy_youzan"
ERROR - 2016-06-03 08:18:13 --> Could not find the language line "home_cloud_title"
ERROR - 2016-06-03 08:18:13 --> Could not find the language line "home_cloud_intro"
ERROR - 2016-06-03 08:18:13 --> Could not find the language line "mynt_icon_taobao"
ERROR - 2016-06-03 08:18:13 --> Could not find the language line "mynt_icon_tmall"
ERROR - 2016-06-03 08:18:13 --> Could not find the language line "mynt_icon_youzan"
ERROR - 2016-06-03 08:18:13 --> Could not find the language line "mynt_buy_taobao"
ERROR - 2016-06-03 08:18:13 --> Could not find the language line "mynt_buy_tmall"
ERROR - 2016-06-03 08:18:13 --> Could not find the language line "mynt_buy_youzan"
ERROR - 2016-06-03 08:18:13 --> Could not find the language line "home_cloud_title"
ERROR - 2016-06-03 08:18:13 --> Could not find the language line "home_cloud_intro"
ERROR - 2016-06-03 08:18:13 --> Could not find the language line "mynt_icon_taobao"
ERROR - 2016-06-03 08:18:13 --> Could not find the language line "mynt_icon_tmall"
ERROR - 2016-06-03 08:18:13 --> Could not find the language line "mynt_icon_youzan"
ERROR - 2016-06-03 08:18:16 --> Could not find the language line "mynt_buy_amazon"
ERROR - 2016-06-03 08:18:16 --> Could not find the language line "home_slife_title"
ERROR - 2016-06-03 08:18:16 --> Could not find the language line "home_cloud_title"
ERROR - 2016-06-03 08:18:16 --> Could not find the language line "home_cloud_intro"
ERROR - 2016-06-03 08:18:16 --> Could not find the language line "mynt_icon_buy"
ERROR - 2016-06-03 08:18:26 --> Could not find the language line "mynt_buy_amazon"
ERROR - 2016-06-03 08:18:26 --> Could not find the language line "home_slife_title"
ERROR - 2016-06-03 08:18:26 --> Could not find the language line "home_cloud_title"
ERROR - 2016-06-03 08:18:26 --> Could not find the language line "home_cloud_intro"
ERROR - 2016-06-03 08:18:26 --> Could not find the language line "mynt_icon_buy"
ERROR - 2016-06-03 08:20:01 --> Could not find the language line "mynt_buy_amazon"
ERROR - 2016-06-03 08:20:01 --> Could not find the language line "home_slife_title"
ERROR - 2016-06-03 08:20:01 --> Could not find the language line "home_cloud_title"
ERROR - 2016-06-03 08:20:01 --> Could not find the language line "home_cloud_intro"
ERROR - 2016-06-03 08:20:01 --> Could not find the language line "mynt_icon_buy"
ERROR - 2016-06-03 08:22:41 --> Could not find the language line "mynt_buy_amazon"
ERROR - 2016-06-03 08:22:41 --> Could not find the language line "home_slife_title"
ERROR - 2016-06-03 08:22:41 --> Could not find the language line "home_cloud_title"
ERROR - 2016-06-03 08:22:41 --> Could not find the language line "home_cloud_intro"
ERROR - 2016-06-03 08:22:41 --> Could not find the language line "mynt_icon_buy"
ERROR - 2016-06-03 08:23:27 --> Could not find the language line "mynt_buy_amazon"
ERROR - 2016-06-03 08:23:27 --> Could not find the language line "home_slife_title"
ERROR - 2016-06-03 08:23:27 --> Could not find the language line "home_cloud_title"
ERROR - 2016-06-03 08:23:27 --> Could not find the language line "home_cloud_intro"
ERROR - 2016-06-03 08:23:27 --> Could not find the language line "mynt_icon_buy"
ERROR - 2016-06-03 08:23:27 --> Session: File 'ci_sessions/ci_session260b8d4808758871d10112a813b9c313cdb531a2' doesn't exist and cannot be created.
ERROR - 2016-06-03 08:31:17 --> Could not find the language line "mynt_buy_amazon"
ERROR - 2016-06-03 08:31:17 --> Could not find the language line "home_slife_title"
ERROR - 2016-06-03 08:31:17 --> Could not find the language line "home_cloud_title"
ERROR - 2016-06-03 08:31:17 --> Could not find the language line "home_cloud_intro"
ERROR - 2016-06-03 08:31:17 --> Could not find the language line "mynt_icon_buy"
ERROR - 2016-06-03 08:33:42 --> Could not find the language line "mynt_buy_amazon"
ERROR - 2016-06-03 08:33:42 --> Could not find the language line "home_slife_title"
ERROR - 2016-06-03 08:33:42 --> Could not find the language line "home_cloud_title"
ERROR - 2016-06-03 08:33:42 --> Could not find the language line "home_cloud_intro"
ERROR - 2016-06-03 08:33:42 --> Could not find the language line "mynt_icon_buy"
ERROR - 2016-06-03 08:33:44 --> Could not find the language line "mynt_buy_taobao"
ERROR - 2016-06-03 08:33:44 --> Could not find the language line "mynt_buy_tmall"
ERROR - 2016-06-03 08:33:44 --> Could not find the language line "mynt_buy_youzan"
ERROR - 2016-06-03 08:33:44 --> Could not find the language line "home_cloud_title"
ERROR - 2016-06-03 08:33:44 --> Could not find the language line "home_cloud_intro"
ERROR - 2016-06-03 08:33:44 --> Could not find the language line "mynt_icon_taobao"
ERROR - 2016-06-03 08:33:44 --> Could not find the language line "mynt_icon_tmall"
ERROR - 2016-06-03 08:33:44 --> Could not find the language line "mynt_icon_youzan"
ERROR - 2016-06-03 08:33:47 --> Could not find the language line "mynt_buy_taobao"
ERROR - 2016-06-03 08:33:47 --> Could not find the language line "mynt_buy_tmall"
ERROR - 2016-06-03 08:33:47 --> Could not find the language line "mynt_buy_youzan"
ERROR - 2016-06-03 08:33:47 --> Could not find the language line "home_cloud_title"
ERROR - 2016-06-03 08:33:47 --> Could not find the language line "home_cloud_intro"
ERROR - 2016-06-03 08:33:47 --> Could not find the language line "mynt_icon_taobao"
ERROR - 2016-06-03 08:33:47 --> Could not find the language line "mynt_icon_tmall"
ERROR - 2016-06-03 08:33:47 --> Could not find the language line "mynt_icon_youzan"
ERROR - 2016-06-03 08:36:53 --> Could not find the language line "mynt_buy_taobao"
ERROR - 2016-06-03 08:36:53 --> Could not find the language line "mynt_buy_tmall"
ERROR - 2016-06-03 08:36:53 --> Could not find the language line "mynt_buy_youzan"
ERROR - 2016-06-03 08:36:53 --> Could not find the language line "home_cloud_title"
ERROR - 2016-06-03 08:36:53 --> Could not find the language line "home_cloud_intro"
ERROR - 2016-06-03 08:36:53 --> Could not find the language line "mynt_icon_taobao"
ERROR - 2016-06-03 08:36:53 --> Could not find the language line "mynt_icon_tmall"
ERROR - 2016-06-03 08:36:53 --> Could not find the language line "mynt_icon_youzan"
ERROR - 2016-06-03 08:36:58 --> Could not find the language line "mynt_buy_amazon"
ERROR - 2016-06-03 08:36:58 --> Could not find the language line "home_slife_title"
ERROR - 2016-06-03 08:36:58 --> Could not find the language line "home_cloud_title"
ERROR - 2016-06-03 08:36:58 --> Could not find the language line "home_cloud_intro"
ERROR - 2016-06-03 08:36:58 --> Could not find the language line "mynt_icon_buy"
ERROR - 2016-06-03 08:38:33 --> Could not find the language line "mynt_buy_taobao"
ERROR - 2016-06-03 08:38:33 --> Could not find the language line "mynt_buy_tmall"
ERROR - 2016-06-03 08:38:33 --> Could not find the language line "mynt_buy_youzan"
ERROR - 2016-06-03 08:38:33 --> Could not find the language line "home_cloud_title"
ERROR - 2016-06-03 08:38:33 --> Could not find the language line "home_cloud_intro"
ERROR - 2016-06-03 08:38:33 --> Could not find the language line "mynt_icon_taobao"
ERROR - 2016-06-03 08:38:33 --> Could not find the language line "mynt_icon_tmall"
ERROR - 2016-06-03 08:38:33 --> Could not find the language line "mynt_icon_youzan"
ERROR - 2016-06-03 08:38:33 --> Session: File 'ci_sessions/ci_sessione568d6162defbead94b9342efa157c5b58767932' doesn't exist and cannot be created.
ERROR - 2016-06-03 08:38:36 --> Could not find the language line "mynt_buy_amazon"
ERROR - 2016-06-03 08:38:36 --> Could not find the language line "home_slife_title"
ERROR - 2016-06-03 08:38:36 --> Could not find the language line "home_cloud_title"
ERROR - 2016-06-03 08:38:36 --> Could not find the language line "home_cloud_intro"
ERROR - 2016-06-03 08:38:36 --> Could not find the language line "mynt_icon_buy"
