ERROR - 2016-05-31 05:55:32 --> Could not find the language line "mynt_buy_taobao"
ERROR - 2016-05-31 05:55:32 --> Could not find the language line "mynt_buy_tmall"
ERROR - 2016-05-31 05:55:32 --> Could not find the language line "mynt_buy_youzan"
ERROR - 2016-05-31 05:55:36 --> Could not find the language line "mynt_buy_taobao"
ERROR - 2016-05-31 05:55:36 --> Could not find the language line "mynt_buy_tmall"
ERROR - 2016-05-31 05:55:36 --> Could not find the language line "mynt_buy_youzan"
ERROR - 2016-05-31 05:55:55 --> Could not find the language line "mynt_buy_taobao"
ERROR - 2016-05-31 05:55:55 --> Could not find the language line "mynt_buy_tmall"
ERROR - 2016-05-31 05:55:55 --> Could not find the language line "mynt_buy_youzan"
ERROR - 2016-05-31 05:56:08 --> Could not find the language line "mynt_buy_taobao"
ERROR - 2016-05-31 05:56:08 --> Could not find the language line "mynt_buy_tmall"
ERROR - 2016-05-31 05:56:08 --> Could not find the language line "mynt_buy_youzan"
ERROR - 2016-05-31 05:56:11 --> Could not find the language line "mynt_buy_taobao"
ERROR - 2016-05-31 05:56:11 --> Could not find the language line "mynt_buy_tmall"
ERROR - 2016-05-31 05:56:11 --> Could not find the language line "mynt_buy_youzan"
ERROR - 2016-05-31 05:56:15 --> Could not find the language line "mynt_buy_taobao"
ERROR - 2016-05-31 05:56:15 --> Could not find the language line "mynt_buy_tmall"
ERROR - 2016-05-31 05:56:15 --> Could not find the language line "mynt_buy_youzan"
ERROR - 2016-05-31 05:56:19 --> Could not find the language line "mynt_buy_taobao"
ERROR - 2016-05-31 05:56:19 --> Could not find the language line "mynt_buy_tmall"
ERROR - 2016-05-31 05:56:19 --> Could not find the language line "mynt_buy_youzan"
ERROR - 2016-05-31 05:56:22 --> Could not find the language line "mynt_buy_taobao"
ERROR - 2016-05-31 05:56:22 --> Could not find the language line "mynt_buy_tmall"
ERROR - 2016-05-31 05:56:22 --> Could not find the language line "mynt_buy_youzan"
ERROR - 2016-05-31 05:56:26 --> Could not find the language line "mynt_buy_taobao"
ERROR - 2016-05-31 05:56:26 --> Could not find the language line "mynt_buy_tmall"
ERROR - 2016-05-31 05:56:26 --> Could not find the language line "mynt_buy_youzan"
ERROR - 2016-05-31 05:56:34 --> Could not find the language line "mynt_buy_taobao"
ERROR - 2016-05-31 05:56:34 --> Could not find the language line "mynt_buy_tmall"
ERROR - 2016-05-31 05:56:34 --> Could not find the language line "mynt_buy_youzan"
ERROR - 2016-05-31 05:56:34 --> Could not find the language line "mynt_icon_taobao"
ERROR - 2016-05-31 05:56:34 --> Could not find the language line "mynt_icon_tmall"
ERROR - 2016-05-31 05:56:34 --> Could not find the language line "mynt_icon_youzan"
ERROR - 2016-05-31 05:56:34 --> Could not find the language line "mynt_jd_detail"
ERROR - 2016-05-31 05:56:34 --> Could not find the language line "to_buy_wd"
ERROR - 2016-05-31 05:56:34 --> Could not find the language line "slightech_wechat"
ERROR - 2016-05-31 05:56:34 --> Could not find the language line "camera_no_lost"
ERROR - 2016-05-31 05:56:34 --> Could not find the language line "key_no_lost"
ERROR - 2016-05-31 05:56:34 --> Could not find the language line "bag_no_lost"
ERROR - 2016-05-31 05:56:34 --> Could not find the language line "computer_no_lost"
ERROR - 2016-05-31 05:56:34 --> Could not find the language line "pet_no_lost"
ERROR - 2016-05-31 05:56:34 --> Could not find the language line "goal"
ERROR - 2016-05-31 05:56:34 --> Could not find the language line "fund_title"
ERROR - 2016-05-31 05:56:34 --> Could not find the language line "fund_intro"
ERROR - 2016-05-31 05:56:37 --> Could not find the language line "mynt_buy_taobao"
ERROR - 2016-05-31 05:56:37 --> Could not find the language line "mynt_buy_tmall"
ERROR - 2016-05-31 05:56:37 --> Could not find the language line "mynt_buy_youzan"
ERROR - 2016-05-31 05:56:37 --> Could not find the language line "home_cloud_title"
ERROR - 2016-05-31 05:56:37 --> Could not find the language line "home_cloud_intro"
ERROR - 2016-05-31 05:56:37 --> Could not find the language line "mynt_icon_taobao"
ERROR - 2016-05-31 05:56:37 --> Could not find the language line "mynt_icon_tmall"
ERROR - 2016-05-31 05:56:37 --> Could not find the language line "mynt_icon_youzan"
ERROR - 2016-05-31 06:10:28 --> Could not find the language line "mynt_buy_amazon"
ERROR - 2016-05-31 06:10:31 --> Could not find the language line "mynt_buy_taobao"
ERROR - 2016-05-31 06:10:31 --> Could not find the language line "mynt_buy_tmall"
ERROR - 2016-05-31 06:10:31 --> Could not find the language line "mynt_buy_youzan"
ERROR - 2016-05-31 06:31:44 --> Could not find the language line "mynt_buy_taobao"
ERROR - 2016-05-31 06:31:44 --> Could not find the language line "mynt_buy_tmall"
ERROR - 2016-05-31 06:31:44 --> Could not find the language line "mynt_buy_youzan"
ERROR - 2016-05-31 06:31:44 --> Could not find the language line "home_cloud_title"
ERROR - 2016-05-31 06:31:44 --> Could not find the language line "home_cloud_intro"
ERROR - 2016-05-31 06:31:44 --> Could not find the language line "mynt_icon_taobao"
ERROR - 2016-05-31 06:31:44 --> Could not find the language line "mynt_icon_tmall"
ERROR - 2016-05-31 06:31:44 --> Could not find the language line "mynt_icon_youzan"
ERROR - 2016-05-31 06:31:47 --> Could not find the language line "mynt_buy_taobao"
ERROR - 2016-05-31 06:31:47 --> Could not find the language line "mynt_buy_tmall"
ERROR - 2016-05-31 06:31:47 --> Could not find the language line "mynt_buy_youzan"
ERROR - 2016-05-31 06:31:53 --> Could not find the language line "mynt_buy_taobao"
ERROR - 2016-05-31 06:31:53 --> Could not find the language line "mynt_buy_tmall"
ERROR - 2016-05-31 06:31:53 --> Could not find the language line "mynt_buy_youzan"
ERROR - 2016-05-31 06:31:54 --> Could not find the language line "mynt_buy_taobao"
ERROR - 2016-05-31 06:31:54 --> Could not find the language line "mynt_buy_tmall"
ERROR - 2016-05-31 06:31:54 --> Could not find the language line "mynt_buy_youzan"
ERROR - 2016-05-31 06:31:56 --> Could not find the language line "mynt_buy_taobao"
ERROR - 2016-05-31 06:31:56 --> Could not find the language line "mynt_buy_tmall"
ERROR - 2016-05-31 06:31:56 --> Could not find the language line "mynt_buy_youzan"
ERROR - 2016-05-31 06:31:58 --> Could not find the language line "mynt_buy_taobao"
ERROR - 2016-05-31 06:31:58 --> Could not find the language line "mynt_buy_tmall"
ERROR - 2016-05-31 06:31:58 --> Could not find the language line "mynt_buy_youzan"
ERROR - 2016-05-31 06:31:59 --> Could not find the language line "mynt_buy_taobao"
ERROR - 2016-05-31 06:31:59 --> Could not find the language line "mynt_buy_tmall"
ERROR - 2016-05-31 06:31:59 --> Could not find the language line "mynt_buy_youzan"
ERROR - 2016-05-31 06:32:06 --> Could not find the language line "mynt_buy_amazon"
ERROR - 2016-05-31 06:32:14 --> Could not find the language line "mynt_buy_amazon"
ERROR - 2016-05-31 06:33:45 --> Could not find the language line "mynt_buy_taobao"
ERROR - 2016-05-31 06:33:45 --> Could not find the language line "mynt_buy_tmall"
ERROR - 2016-05-31 06:33:45 --> Could not find the language line "mynt_buy_youzan"
ERROR - 2016-05-31 06:33:50 --> Could not find the language line "mynt_buy_taobao"
ERROR - 2016-05-31 06:33:50 --> Could not find the language line "mynt_buy_tmall"
ERROR - 2016-05-31 06:33:50 --> Could not find the language line "mynt_buy_youzan"
ERROR - 2016-05-31 06:34:04 --> Could not find the language line "mynt_buy_amazon"
ERROR - 2016-05-31 06:34:08 --> Could not find the language line "mynt_buy_amazon"
ERROR - 2016-05-31 06:42:54 --> Could not find the language line "mynt_buy_taobao"
ERROR - 2016-05-31 06:42:54 --> Could not find the language line "mynt_buy_tmall"
ERROR - 2016-05-31 06:42:54 --> Could not find the language line "mynt_buy_youzan"
ERROR - 2016-05-31 06:44:34 --> Could not find the language line "mynt_buy_taobao"
ERROR - 2016-05-31 06:44:34 --> Could not find the language line "mynt_buy_tmall"
ERROR - 2016-05-31 06:44:34 --> Could not find the language line "mynt_buy_youzan"
ERROR - 2016-05-31 06:45:22 --> Could not find the language line "mynt_buy_taobao"
ERROR - 2016-05-31 06:45:22 --> Could not find the language line "mynt_buy_tmall"
ERROR - 2016-05-31 06:45:22 --> Could not find the language line "mynt_buy_youzan"
ERROR - 2016-05-31 06:45:40 --> Could not find the language line "mynt_buy_taobao"
ERROR - 2016-05-31 06:45:40 --> Could not find the language line "mynt_buy_tmall"
ERROR - 2016-05-31 06:45:40 --> Could not find the language line "mynt_buy_youzan"
ERROR - 2016-05-31 06:47:36 --> Could not find the language line "mynt_buy_taobao"
ERROR - 2016-05-31 06:47:36 --> Could not find the language line "mynt_buy_tmall"
ERROR - 2016-05-31 06:47:36 --> Could not find the language line "mynt_buy_youzan"
ERROR - 2016-05-31 06:47:50 --> Could not find the language line "mynt_buy_taobao"
ERROR - 2016-05-31 06:47:50 --> Could not find the language line "mynt_buy_tmall"
ERROR - 2016-05-31 06:47:50 --> Could not find the language line "mynt_buy_youzan"
ERROR - 2016-05-31 06:49:48 --> Could not find the language line "mynt_buy_taobao"
ERROR - 2016-05-31 06:49:48 --> Could not find the language line "mynt_buy_tmall"
ERROR - 2016-05-31 06:49:48 --> Could not find the language line "mynt_buy_youzan"
ERROR - 2016-05-31 06:55:10 --> Could not find the language line "mynt_buy_taobao"
ERROR - 2016-05-31 06:55:10 --> Could not find the language line "mynt_buy_tmall"
ERROR - 2016-05-31 06:55:10 --> Could not find the language line "mynt_buy_youzan"
ERROR - 2016-05-31 07:10:54 --> Could not find the language line "mynt_buy_taobao"
ERROR - 2016-05-31 07:10:54 --> Could not find the language line "mynt_buy_tmall"
ERROR - 2016-05-31 07:10:54 --> Could not find the language line "mynt_buy_youzan"
ERROR - 2016-05-31 07:20:48 --> Could not find the language line "mynt_buy_taobao"
ERROR - 2016-05-31 07:20:48 --> Could not find the language line "mynt_buy_tmall"
ERROR - 2016-05-31 07:20:48 --> Could not find the language line "mynt_buy_youzan"
ERROR - 2016-05-31 07:21:12 --> Could not find the language line "mynt_buy_taobao"
ERROR - 2016-05-31 07:21:12 --> Could not find the language line "mynt_buy_tmall"
ERROR - 2016-05-31 07:21:12 --> Could not find the language line "mynt_buy_youzan"
ERROR - 2016-05-31 07:23:09 --> Could not find the language line "mynt_buy_taobao"
ERROR - 2016-05-31 07:23:09 --> Could not find the language line "mynt_buy_tmall"
ERROR - 2016-05-31 07:23:09 --> Could not find the language line "mynt_buy_youzan"
ERROR - 2016-05-31 07:23:24 --> Could not find the language line "mynt_buy_taobao"
ERROR - 2016-05-31 07:23:24 --> Could not find the language line "mynt_buy_tmall"
ERROR - 2016-05-31 07:23:24 --> Could not find the language line "mynt_buy_youzan"
ERROR - 2016-05-31 07:24:21 --> Could not find the language line "mynt_buy_taobao"
ERROR - 2016-05-31 07:24:21 --> Could not find the language line "mynt_buy_tmall"
ERROR - 2016-05-31 07:24:21 --> Could not find the language line "mynt_buy_youzan"
ERROR - 2016-05-31 07:24:34 --> Could not find the language line "mynt_buy_taobao"
ERROR - 2016-05-31 07:24:34 --> Could not find the language line "mynt_buy_tmall"
ERROR - 2016-05-31 07:24:34 --> Could not find the language line "mynt_buy_youzan"
ERROR - 2016-05-31 07:25:35 --> Could not find the language line "mynt_buy_taobao"
ERROR - 2016-05-31 07:25:35 --> Could not find the language line "mynt_buy_tmall"
ERROR - 2016-05-31 07:25:35 --> Could not find the language line "mynt_buy_youzan"
ERROR - 2016-05-31 07:25:47 --> Could not find the language line "mynt_buy_taobao"
ERROR - 2016-05-31 07:25:47 --> Could not find the language line "mynt_buy_tmall"
ERROR - 2016-05-31 07:25:47 --> Could not find the language line "mynt_buy_youzan"
ERROR - 2016-05-31 07:26:07 --> Could not find the language line "mynt_buy_taobao"
ERROR - 2016-05-31 07:26:07 --> Could not find the language line "mynt_buy_tmall"
ERROR - 2016-05-31 07:26:07 --> Could not find the language line "mynt_buy_youzan"
ERROR - 2016-05-31 07:40:51 --> Could not find the language line "mynt_buy_taobao"
ERROR - 2016-05-31 07:40:51 --> Could not find the language line "mynt_buy_tmall"
ERROR - 2016-05-31 07:40:51 --> Could not find the language line "mynt_buy_youzan"
ERROR - 2016-05-31 07:40:56 --> Could not find the language line "mynt_buy_taobao"
ERROR - 2016-05-31 07:40:56 --> Could not find the language line "mynt_buy_tmall"
ERROR - 2016-05-31 07:40:56 --> Could not find the language line "mynt_buy_youzan"
ERROR - 2016-05-31 07:45:00 --> Could not find the language line "mynt_buy_taobao"
ERROR - 2016-05-31 07:45:00 --> Could not find the language line "mynt_buy_tmall"
ERROR - 2016-05-31 07:45:00 --> Could not find the language line "mynt_buy_youzan"
ERROR - 2016-05-31 07:45:19 --> Could not find the language line "mynt_buy_taobao"
ERROR - 2016-05-31 07:45:19 --> Could not find the language line "mynt_buy_tmall"
ERROR - 2016-05-31 07:45:19 --> Could not find the language line "mynt_buy_youzan"
ERROR - 2016-05-31 07:45:30 --> Could not find the language line "mynt_buy_taobao"
ERROR - 2016-05-31 07:45:30 --> Could not find the language line "mynt_buy_tmall"
ERROR - 2016-05-31 07:45:30 --> Could not find the language line "mynt_buy_youzan"
ERROR - 2016-05-31 07:47:00 --> Could not find the language line "mynt_buy_taobao"
ERROR - 2016-05-31 07:47:00 --> Could not find the language line "mynt_buy_tmall"
ERROR - 2016-05-31 07:47:00 --> Could not find the language line "mynt_buy_youzan"
ERROR - 2016-05-31 07:47:04 --> Could not find the language line "mynt_buy_taobao"
ERROR - 2016-05-31 07:47:04 --> Could not find the language line "mynt_buy_tmall"
ERROR - 2016-05-31 07:47:04 --> Could not find the language line "mynt_buy_youzan"
ERROR - 2016-05-31 08:00:20 --> Could not find the language line "mynt_buy_taobao"
ERROR - 2016-05-31 08:00:20 --> Could not find the language line "mynt_buy_tmall"
ERROR - 2016-05-31 08:00:20 --> Could not find the language line "mynt_buy_youzan"
ERROR - 2016-05-31 08:00:22 --> Could not find the language line "mynt_buy_taobao"
ERROR - 2016-05-31 08:00:22 --> Could not find the language line "mynt_buy_tmall"
ERROR - 2016-05-31 08:00:22 --> Could not find the language line "mynt_buy_youzan"
ERROR - 2016-05-31 08:00:27 --> Could not find the language line "mynt_buy_amazon"
ERROR - 2016-05-31 08:00:32 --> Could not find the language line "mynt_buy_taobao"
ERROR - 2016-05-31 08:00:32 --> Could not find the language line "mynt_buy_tmall"
ERROR - 2016-05-31 08:00:32 --> Could not find the language line "mynt_buy_youzan"
ERROR - 2016-05-31 08:01:56 --> Could not find the language line "mynt_buy_taobao"
ERROR - 2016-05-31 08:01:56 --> Could not find the language line "mynt_buy_tmall"
ERROR - 2016-05-31 08:01:56 --> Could not find the language line "mynt_buy_youzan"
ERROR - 2016-05-31 08:02:00 --> Could not find the language line "mynt_buy_taobao"
ERROR - 2016-05-31 08:02:00 --> Could not find the language line "mynt_buy_tmall"
ERROR - 2016-05-31 08:02:00 --> Could not find the language line "mynt_buy_youzan"
ERROR - 2016-05-31 08:02:03 --> Could not find the language line "mynt_buy_taobao"
ERROR - 2016-05-31 08:02:03 --> Could not find the language line "mynt_buy_tmall"
ERROR - 2016-05-31 08:02:03 --> Could not find the language line "mynt_buy_youzan"
ERROR - 2016-05-31 08:02:10 --> Could not find the language line "mynt_buy_amazon"
ERROR - 2016-05-31 08:02:12 --> Could not find the language line "mynt_buy_taobao"
ERROR - 2016-05-31 08:02:12 --> Could not find the language line "mynt_buy_tmall"
ERROR - 2016-05-31 08:02:12 --> Could not find the language line "mynt_buy_youzan"
ERROR - 2016-05-31 08:19:20 --> Could not find the language line "mynt_buy_taobao"
ERROR - 2016-05-31 08:19:20 --> Could not find the language line "mynt_buy_tmall"
ERROR - 2016-05-31 08:19:20 --> Could not find the language line "mynt_buy_youzan"
ERROR - 2016-05-31 08:22:33 --> Could not find the language line "mynt_buy_taobao"
ERROR - 2016-05-31 08:22:33 --> Could not find the language line "mynt_buy_tmall"
ERROR - 2016-05-31 08:22:33 --> Could not find the language line "mynt_buy_youzan"
ERROR - 2016-05-31 08:28:07 --> Could not find the language line "mynt_buy_taobao"
ERROR - 2016-05-31 08:28:07 --> Could not find the language line "mynt_buy_tmall"
ERROR - 2016-05-31 08:28:07 --> Could not find the language line "mynt_buy_youzan"
ERROR - 2016-05-31 08:28:10 --> Could not find the language line "mynt_buy_taobao"
ERROR - 2016-05-31 08:28:10 --> Could not find the language line "mynt_buy_tmall"
ERROR - 2016-05-31 08:28:10 --> Could not find the language line "mynt_buy_youzan"
ERROR - 2016-05-31 08:28:47 --> Could not find the language line "mynt_buy_taobao"
ERROR - 2016-05-31 08:28:47 --> Could not find the language line "mynt_buy_tmall"
ERROR - 2016-05-31 08:28:47 --> Could not find the language line "mynt_buy_youzan"
ERROR - 2016-05-31 08:28:55 --> Could not find the language line "mynt_buy_amazon"
ERROR - 2016-05-31 08:29:09 --> Could not find the language line "mynt_buy_amazon"
ERROR - 2016-05-31 08:29:15 --> Could not find the language line "mynt_buy_amazon"
ERROR - 2016-05-31 08:29:29 --> Could not find the language line "mynt_buy_amazon"
ERROR - 2016-05-31 08:37:56 --> Could not find the language line "mynt_buy_amazon"
ERROR - 2016-05-31 08:38:01 --> Could not find the language line "mynt_buy_amazon"
ERROR - 2016-05-31 08:38:18 --> Could not find the language line "mynt_buy_amazon"
ERROR - 2016-05-31 08:41:37 --> Could not find the language line "mynt_buy_amazon"
ERROR - 2016-05-31 08:41:43 --> Could not find the language line "mynt_buy_taobao"
ERROR - 2016-05-31 08:41:43 --> Could not find the language line "mynt_buy_tmall"
ERROR - 2016-05-31 08:41:43 --> Could not find the language line "mynt_buy_youzan"
ERROR - 2016-05-31 08:47:09 --> Could not find the language line "mynt_buy_taobao"
ERROR - 2016-05-31 08:47:09 --> Could not find the language line "mynt_buy_tmall"
ERROR - 2016-05-31 08:47:09 --> Could not find the language line "mynt_buy_youzan"
ERROR - 2016-05-31 08:50:53 --> Severity: Parsing Error --> syntax error, unexpected '}' /Users/fantingsheng/website/application/controllers/News.php 31
ERROR - 2016-05-31 08:51:17 --> Could not find the language line "mynt_buy_taobao"
ERROR - 2016-05-31 08:51:17 --> Could not find the language line "mynt_buy_tmall"
ERROR - 2016-05-31 08:51:17 --> Could not find the language line "mynt_buy_youzan"
ERROR - 2016-05-31 08:51:35 --> Could not find the language line "mynt_buy_taobao"
ERROR - 2016-05-31 08:51:35 --> Could not find the language line "mynt_buy_tmall"
ERROR - 2016-05-31 08:51:35 --> Could not find the language line "mynt_buy_youzan"
ERROR - 2016-05-31 08:53:48 --> Could not find the language line "mynt_buy_taobao"
ERROR - 2016-05-31 08:53:48 --> Could not find the language line "mynt_buy_tmall"
ERROR - 2016-05-31 08:53:48 --> Could not find the language line "mynt_buy_youzan"
ERROR - 2016-05-31 09:00:27 --> Could not find the language line "mynt_buy_taobao"
ERROR - 2016-05-31 09:00:27 --> Could not find the language line "mynt_buy_tmall"
ERROR - 2016-05-31 09:00:27 --> Could not find the language line "mynt_buy_youzan"
ERROR - 2016-05-31 09:03:31 --> Could not find the language line "mynt_buy_taobao"
ERROR - 2016-05-31 09:03:31 --> Could not find the language line "mynt_buy_tmall"
ERROR - 2016-05-31 09:03:31 --> Could not find the language line "mynt_buy_youzan"
ERROR - 2016-05-31 09:04:18 --> Could not find the language line "mynt_buy_taobao"
ERROR - 2016-05-31 09:04:18 --> Could not find the language line "mynt_buy_tmall"
ERROR - 2016-05-31 09:04:18 --> Could not find the language line "mynt_buy_youzan"
ERROR - 2016-05-31 09:04:27 --> Could not find the language line "mynt_buy_taobao"
ERROR - 2016-05-31 09:04:27 --> Could not find the language line "mynt_buy_tmall"
ERROR - 2016-05-31 09:04:27 --> Could not find the language line "mynt_buy_youzan"
ERROR - 2016-05-31 09:09:31 --> Could not find the language line "mynt_buy_taobao"
ERROR - 2016-05-31 09:09:31 --> Could not find the language line "mynt_buy_tmall"
ERROR - 2016-05-31 09:09:31 --> Could not find the language line "mynt_buy_youzan"
ERROR - 2016-05-31 09:10:21 --> Could not find the language line "mynt_buy_taobao"
ERROR - 2016-05-31 09:10:21 --> Could not find the language line "mynt_buy_tmall"
ERROR - 2016-05-31 09:10:21 --> Could not find the language line "mynt_buy_youzan"
ERROR - 2016-05-31 09:10:23 --> Could not find the language line "mynt_buy_taobao"
ERROR - 2016-05-31 09:10:23 --> Could not find the language line "mynt_buy_tmall"
ERROR - 2016-05-31 09:10:23 --> Could not find the language line "mynt_buy_youzan"
ERROR - 2016-05-31 09:11:38 --> Could not find the language line "mynt_buy_taobao"
ERROR - 2016-05-31 09:11:38 --> Could not find the language line "mynt_buy_tmall"
ERROR - 2016-05-31 09:11:38 --> Could not find the language line "mynt_buy_youzan"
ERROR - 2016-05-31 09:12:05 --> Could not find the language line "mynt_buy_taobao"
ERROR - 2016-05-31 09:12:05 --> Could not find the language line "mynt_buy_tmall"
ERROR - 2016-05-31 09:12:05 --> Could not find the language line "mynt_buy_youzan"
ERROR - 2016-05-31 09:12:12 --> Could not find the language line "mynt_buy_taobao"
ERROR - 2016-05-31 09:12:12 --> Could not find the language line "mynt_buy_tmall"
ERROR - 2016-05-31 09:12:12 --> Could not find the language line "mynt_buy_youzan"
ERROR - 2016-05-31 09:12:16 --> Could not find the language line "mynt_buy_amazon"
ERROR - 2016-05-31 09:12:57 --> Could not find the language line "mynt_buy_amazon"
ERROR - 2016-05-31 09:13:05 --> Could not find the language line "mynt_buy_taobao"
ERROR - 2016-05-31 09:13:05 --> Could not find the language line "mynt_buy_tmall"
ERROR - 2016-05-31 09:13:05 --> Could not find the language line "mynt_buy_youzan"
ERROR - 2016-05-31 09:13:07 --> Could not find the language line "mynt_buy_taobao"
ERROR - 2016-05-31 09:13:07 --> Could not find the language line "mynt_buy_tmall"
ERROR - 2016-05-31 09:13:07 --> Could not find the language line "mynt_buy_youzan"
ERROR - 2016-05-31 09:13:32 --> Could not find the language line "mynt_buy_taobao"
ERROR - 2016-05-31 09:13:32 --> Could not find the language line "mynt_buy_tmall"
ERROR - 2016-05-31 09:13:32 --> Could not find the language line "mynt_buy_youzan"
ERROR - 2016-05-31 09:13:37 --> Could not find the language line "mynt_buy_taobao"
ERROR - 2016-05-31 09:13:37 --> Could not find the language line "mynt_buy_tmall"
ERROR - 2016-05-31 09:13:37 --> Could not find the language line "mynt_buy_youzan"
ERROR - 2016-05-31 09:13:38 --> Could not find the language line "mynt_buy_taobao"
ERROR - 2016-05-31 09:13:38 --> Could not find the language line "mynt_buy_tmall"
ERROR - 2016-05-31 09:13:38 --> Could not find the language line "mynt_buy_youzan"
ERROR - 2016-05-31 09:13:40 --> Could not find the language line "mynt_buy_taobao"
ERROR - 2016-05-31 09:13:40 --> Could not find the language line "mynt_buy_tmall"
ERROR - 2016-05-31 09:13:40 --> Could not find the language line "mynt_buy_youzan"
ERROR - 2016-05-31 09:13:42 --> Could not find the language line "mynt_buy_taobao"
ERROR - 2016-05-31 09:13:42 --> Could not find the language line "mynt_buy_tmall"
ERROR - 2016-05-31 09:13:42 --> Could not find the language line "mynt_buy_youzan"
ERROR - 2016-05-31 09:13:44 --> Could not find the language line "mynt_buy_taobao"
ERROR - 2016-05-31 09:13:44 --> Could not find the language line "mynt_buy_tmall"
ERROR - 2016-05-31 09:13:44 --> Could not find the language line "mynt_buy_youzan"
ERROR - 2016-05-31 09:13:45 --> Could not find the language line "mynt_buy_taobao"
ERROR - 2016-05-31 09:13:45 --> Could not find the language line "mynt_buy_tmall"
ERROR - 2016-05-31 09:13:45 --> Could not find the language line "mynt_buy_youzan"
ERROR - 2016-05-31 09:17:25 --> Could not find the language line "mynt_buy_taobao"
ERROR - 2016-05-31 09:17:25 --> Could not find the language line "mynt_buy_tmall"
ERROR - 2016-05-31 09:17:25 --> Could not find the language line "mynt_buy_youzan"
ERROR - 2016-05-31 09:17:26 --> Could not find the language line "mynt_buy_taobao"
ERROR - 2016-05-31 09:17:26 --> Could not find the language line "mynt_buy_tmall"
ERROR - 2016-05-31 09:17:26 --> Could not find the language line "mynt_buy_youzan"
ERROR - 2016-05-31 09:17:29 --> Could not find the language line "mynt_buy_taobao"
ERROR - 2016-05-31 09:17:29 --> Could not find the language line "mynt_buy_tmall"
ERROR - 2016-05-31 09:17:29 --> Could not find the language line "mynt_buy_youzan"
ERROR - 2016-05-31 09:17:29 --> Could not find the language line "home_cloud_title"
ERROR - 2016-05-31 09:17:29 --> Could not find the language line "home_cloud_intro"
ERROR - 2016-05-31 09:17:29 --> Could not find the language line "mynt_icon_taobao"
ERROR - 2016-05-31 09:17:29 --> Could not find the language line "mynt_icon_tmall"
ERROR - 2016-05-31 09:17:29 --> Could not find the language line "mynt_icon_youzan"
ERROR - 2016-05-31 09:17:40 --> Could not find the language line "mynt_buy_taobao"
ERROR - 2016-05-31 09:17:40 --> Could not find the language line "mynt_buy_tmall"
ERROR - 2016-05-31 09:17:40 --> Could not find the language line "mynt_buy_youzan"
ERROR - 2016-05-31 09:17:53 --> Could not find the language line "mynt_buy_taobao"
ERROR - 2016-05-31 09:17:53 --> Could not find the language line "mynt_buy_tmall"
ERROR - 2016-05-31 09:17:53 --> Could not find the language line "mynt_buy_youzan"
ERROR - 2016-05-31 09:18:19 --> Could not find the language line "mynt_buy_taobao"
ERROR - 2016-05-31 09:18:19 --> Could not find the language line "mynt_buy_tmall"
ERROR - 2016-05-31 09:18:19 --> Could not find the language line "mynt_buy_youzan"
ERROR - 2016-05-31 09:18:34 --> Could not find the language line "mynt_buy_taobao"
ERROR - 2016-05-31 09:18:34 --> Could not find the language line "mynt_buy_tmall"
ERROR - 2016-05-31 09:18:34 --> Could not find the language line "mynt_buy_youzan"
ERROR - 2016-05-31 09:18:40 --> Could not find the language line "mynt_buy_taobao"
ERROR - 2016-05-31 09:18:40 --> Could not find the language line "mynt_buy_tmall"
ERROR - 2016-05-31 09:18:40 --> Could not find the language line "mynt_buy_youzan"
ERROR - 2016-05-31 09:23:52 --> Could not find the language line "mynt_buy_taobao"
ERROR - 2016-05-31 09:23:52 --> Could not find the language line "mynt_buy_tmall"
ERROR - 2016-05-31 09:23:52 --> Could not find the language line "mynt_buy_youzan"
ERROR - 2016-05-31 09:23:56 --> Could not find the language line "mynt_buy_taobao"
ERROR - 2016-05-31 09:23:56 --> Could not find the language line "mynt_buy_tmall"
ERROR - 2016-05-31 09:23:56 --> Could not find the language line "mynt_buy_youzan"
ERROR - 2016-05-31 09:24:03 --> Could not find the language line "mynt_buy_taobao"
ERROR - 2016-05-31 09:24:03 --> Could not find the language line "mynt_buy_tmall"
ERROR - 2016-05-31 09:24:03 --> Could not find the language line "mynt_buy_youzan"
ERROR - 2016-05-31 09:32:47 --> Could not find the language line "mynt_buy_taobao"
ERROR - 2016-05-31 09:32:47 --> Could not find the language line "mynt_buy_tmall"
ERROR - 2016-05-31 09:32:47 --> Could not find the language line "mynt_buy_youzan"
ERROR - 2016-05-31 09:32:49 --> Could not find the language line "mynt_buy_taobao"
ERROR - 2016-05-31 09:32:49 --> Could not find the language line "mynt_buy_tmall"
ERROR - 2016-05-31 09:32:49 --> Could not find the language line "mynt_buy_youzan"
ERROR - 2016-05-31 09:37:59 --> Could not find the language line "mynt_buy_taobao"
ERROR - 2016-05-31 09:37:59 --> Could not find the language line "mynt_buy_tmall"
ERROR - 2016-05-31 09:37:59 --> Could not find the language line "mynt_buy_youzan"
ERROR - 2016-05-31 09:39:08 --> Could not find the language line "mynt_buy_taobao"
ERROR - 2016-05-31 09:39:08 --> Could not find the language line "mynt_buy_tmall"
ERROR - 2016-05-31 09:39:08 --> Could not find the language line "mynt_buy_youzan"
ERROR - 2016-05-31 09:44:13 --> Could not find the language line "mynt_buy_taobao"
ERROR - 2016-05-31 09:44:13 --> Could not find the language line "mynt_buy_tmall"
ERROR - 2016-05-31 09:44:13 --> Could not find the language line "mynt_buy_youzan"
ERROR - 2016-05-31 09:46:24 --> Could not find the language line "mynt_buy_taobao"
ERROR - 2016-05-31 09:46:24 --> Could not find the language line "mynt_buy_tmall"
ERROR - 2016-05-31 09:46:24 --> Could not find the language line "mynt_buy_youzan"
ERROR - 2016-05-31 09:52:00 --> Could not find the language line "mynt_buy_taobao"
ERROR - 2016-05-31 09:52:00 --> Could not find the language line "mynt_buy_tmall"
ERROR - 2016-05-31 09:52:00 --> Could not find the language line "mynt_buy_youzan"
ERROR - 2016-05-31 09:52:09 --> Could not find the language line "mynt_buy_taobao"
ERROR - 2016-05-31 09:52:09 --> Could not find the language line "mynt_buy_tmall"
ERROR - 2016-05-31 09:52:09 --> Could not find the language line "mynt_buy_youzan"
ERROR - 2016-05-31 09:52:09 --> Could not find the language line "mynt_buy_taobao"
ERROR - 2016-05-31 09:52:09 --> Could not find the language line "mynt_buy_tmall"
ERROR - 2016-05-31 09:52:09 --> Could not find the language line "mynt_buy_youzan"
ERROR - 2016-05-31 09:52:10 --> Could not find the language line "mynt_buy_taobao"
ERROR - 2016-05-31 09:52:10 --> Could not find the language line "mynt_buy_tmall"
ERROR - 2016-05-31 09:52:10 --> Could not find the language line "mynt_buy_youzan"
ERROR - 2016-05-31 09:52:10 --> Could not find the language line "mynt_buy_taobao"
ERROR - 2016-05-31 09:52:10 --> Could not find the language line "mynt_buy_tmall"
ERROR - 2016-05-31 09:52:10 --> Could not find the language line "mynt_buy_youzan"
ERROR - 2016-05-31 09:54:47 --> Could not find the language line "mynt_buy_taobao"
ERROR - 2016-05-31 09:54:47 --> Could not find the language line "mynt_buy_tmall"
ERROR - 2016-05-31 09:54:47 --> Could not find the language line "mynt_buy_youzan"
ERROR - 2016-05-31 09:54:47 --> Could not find the language line "home_cloud_title"
ERROR - 2016-05-31 09:54:47 --> Could not find the language line "home_cloud_intro"
ERROR - 2016-05-31 09:54:47 --> Could not find the language line "mynt_icon_taobao"
ERROR - 2016-05-31 09:54:47 --> Could not find the language line "mynt_icon_tmall"
ERROR - 2016-05-31 09:54:47 --> Could not find the language line "mynt_icon_youzan"
ERROR - 2016-05-31 09:54:52 --> Could not find the language line "mynt_buy_taobao"
ERROR - 2016-05-31 09:54:52 --> Could not find the language line "mynt_buy_tmall"
ERROR - 2016-05-31 09:54:52 --> Could not find the language line "mynt_buy_youzan"
ERROR - 2016-05-31 09:55:00 --> Could not find the language line "mynt_buy_taobao"
ERROR - 2016-05-31 09:55:00 --> Could not find the language line "mynt_buy_tmall"
ERROR - 2016-05-31 09:55:00 --> Could not find the language line "mynt_buy_youzan"
ERROR - 2016-05-31 09:55:04 --> Could not find the language line "mynt_buy_taobao"
ERROR - 2016-05-31 09:55:04 --> Could not find the language line "mynt_buy_tmall"
ERROR - 2016-05-31 09:55:04 --> Could not find the language line "mynt_buy_youzan"
ERROR - 2016-05-31 09:56:23 --> Could not find the language line "mynt_buy_taobao"
ERROR - 2016-05-31 09:56:23 --> Could not find the language line "mynt_buy_tmall"
ERROR - 2016-05-31 09:56:23 --> Could not find the language line "mynt_buy_youzan"
ERROR - 2016-05-31 09:56:31 --> Could not find the language line "mynt_buy_taobao"
ERROR - 2016-05-31 09:56:31 --> Could not find the language line "mynt_buy_tmall"
ERROR - 2016-05-31 09:56:31 --> Could not find the language line "mynt_buy_youzan"
ERROR - 2016-05-31 09:56:36 --> Could not find the language line "mynt_buy_taobao"
ERROR - 2016-05-31 09:56:36 --> Could not find the language line "mynt_buy_tmall"
ERROR - 2016-05-31 09:56:36 --> Could not find the language line "mynt_buy_youzan"
ERROR - 2016-05-31 09:56:38 --> Could not find the language line "mynt_buy_taobao"
ERROR - 2016-05-31 09:56:38 --> Could not find the language line "mynt_buy_tmall"
ERROR - 2016-05-31 09:56:38 --> Could not find the language line "mynt_buy_youzan"
ERROR - 2016-05-31 09:56:39 --> Could not find the language line "mynt_buy_taobao"
ERROR - 2016-05-31 09:56:39 --> Could not find the language line "mynt_buy_tmall"
ERROR - 2016-05-31 09:56:39 --> Could not find the language line "mynt_buy_youzan"
ERROR - 2016-05-31 09:56:43 --> Could not find the language line "mynt_buy_taobao"
ERROR - 2016-05-31 09:56:43 --> Could not find the language line "mynt_buy_tmall"
ERROR - 2016-05-31 09:56:43 --> Could not find the language line "mynt_buy_youzan"
ERROR - 2016-05-31 09:57:02 --> Could not find the language line "mynt_buy_taobao"
ERROR - 2016-05-31 09:57:02 --> Could not find the language line "mynt_buy_tmall"
ERROR - 2016-05-31 09:57:02 --> Could not find the language line "mynt_buy_youzan"
ERROR - 2016-05-31 09:57:16 --> Could not find the language line "mynt_buy_amazon"
ERROR - 2016-05-31 09:57:34 --> Could not find the language line "mynt_buy_amazon"
ERROR - 2016-05-31 09:57:46 --> Could not find the language line "mynt_buy_amazon"
ERROR - 2016-05-31 09:59:46 --> Could not find the language line "mynt_buy_amazon"
ERROR - 2016-05-31 09:59:53 --> Could not find the language line "mynt_buy_taobao"
ERROR - 2016-05-31 09:59:53 --> Could not find the language line "mynt_buy_tmall"
ERROR - 2016-05-31 09:59:53 --> Could not find the language line "mynt_buy_youzan"
ERROR - 2016-05-31 09:59:57 --> Could not find the language line "mynt_buy_taobao"
ERROR - 2016-05-31 09:59:57 --> Could not find the language line "mynt_buy_tmall"
ERROR - 2016-05-31 09:59:57 --> Could not find the language line "mynt_buy_youzan"
ERROR - 2016-05-31 10:00:04 --> Could not find the language line "mynt_buy_taobao"
ERROR - 2016-05-31 10:00:04 --> Could not find the language line "mynt_buy_tmall"
ERROR - 2016-05-31 10:00:04 --> Could not find the language line "mynt_buy_youzan"
ERROR - 2016-05-31 10:09:44 --> Could not find the language line "mynt_buy_taobao"
ERROR - 2016-05-31 10:09:44 --> Could not find the language line "mynt_buy_tmall"
ERROR - 2016-05-31 10:09:44 --> Could not find the language line "mynt_buy_youzan"
ERROR - 2016-05-31 10:09:46 --> Could not find the language line "mynt_buy_taobao"
ERROR - 2016-05-31 10:09:46 --> Could not find the language line "mynt_buy_tmall"
ERROR - 2016-05-31 10:09:46 --> Could not find the language line "mynt_buy_youzan"
ERROR - 2016-05-31 10:09:51 --> Could not find the language line "mynt_buy_taobao"
ERROR - 2016-05-31 10:09:51 --> Could not find the language line "mynt_buy_tmall"
ERROR - 2016-05-31 10:09:51 --> Could not find the language line "mynt_buy_youzan"
ERROR - 2016-05-31 10:09:55 --> Could not find the language line "mynt_buy_taobao"
ERROR - 2016-05-31 10:09:55 --> Could not find the language line "mynt_buy_tmall"
ERROR - 2016-05-31 10:09:55 --> Could not find the language line "mynt_buy_youzan"
ERROR - 2016-05-31 10:10:01 --> Could not find the language line "mynt_buy_taobao"
ERROR - 2016-05-31 10:10:01 --> Could not find the language line "mynt_buy_tmall"
ERROR - 2016-05-31 10:10:01 --> Could not find the language line "mynt_buy_youzan"
ERROR - 2016-05-31 10:10:03 --> Could not find the language line "mynt_buy_taobao"
ERROR - 2016-05-31 10:10:03 --> Could not find the language line "mynt_buy_tmall"
ERROR - 2016-05-31 10:10:03 --> Could not find the language line "mynt_buy_youzan"
ERROR - 2016-05-31 10:10:04 --> Could not find the language line "mynt_buy_taobao"
ERROR - 2016-05-31 10:10:04 --> Could not find the language line "mynt_buy_tmall"
ERROR - 2016-05-31 10:10:04 --> Could not find the language line "mynt_buy_youzan"
ERROR - 2016-05-31 10:13:19 --> Could not find the language line "mynt_buy_taobao"
ERROR - 2016-05-31 10:13:19 --> Could not find the language line "mynt_buy_tmall"
ERROR - 2016-05-31 10:13:19 --> Could not find the language line "mynt_buy_youzan"
ERROR - 2016-05-31 10:13:20 --> Could not find the language line "mynt_buy_taobao"
ERROR - 2016-05-31 10:13:20 --> Could not find the language line "mynt_buy_tmall"
ERROR - 2016-05-31 10:13:20 --> Could not find the language line "mynt_buy_youzan"
ERROR - 2016-05-31 10:13:33 --> Could not find the language line "mynt_buy_taobao"
ERROR - 2016-05-31 10:13:33 --> Could not find the language line "mynt_buy_tmall"
ERROR - 2016-05-31 10:13:33 --> Could not find the language line "mynt_buy_youzan"
ERROR - 2016-05-31 10:13:43 --> Could not find the language line "mynt_buy_taobao"
ERROR - 2016-05-31 10:13:43 --> Could not find the language line "mynt_buy_tmall"
ERROR - 2016-05-31 10:13:43 --> Could not find the language line "mynt_buy_youzan"
ERROR - 2016-05-31 10:13:53 --> Could not find the language line "mynt_buy_taobao"
ERROR - 2016-05-31 10:13:53 --> Could not find the language line "mynt_buy_tmall"
ERROR - 2016-05-31 10:13:53 --> Could not find the language line "mynt_buy_youzan"
ERROR - 2016-05-31 10:13:58 --> Could not find the language line "mynt_buy_taobao"
ERROR - 2016-05-31 10:13:58 --> Could not find the language line "mynt_buy_tmall"
ERROR - 2016-05-31 10:13:58 --> Could not find the language line "mynt_buy_youzan"
ERROR - 2016-05-31 10:13:59 --> Could not find the language line "mynt_buy_taobao"
ERROR - 2016-05-31 10:13:59 --> Could not find the language line "mynt_buy_tmall"
ERROR - 2016-05-31 10:13:59 --> Could not find the language line "mynt_buy_youzan"
ERROR - 2016-05-31 10:14:02 --> Could not find the language line "mynt_buy_taobao"
ERROR - 2016-05-31 10:14:02 --> Could not find the language line "mynt_buy_tmall"
ERROR - 2016-05-31 10:14:02 --> Could not find the language line "mynt_buy_youzan"
ERROR - 2016-05-31 10:14:17 --> Could not find the language line "mynt_buy_taobao"
ERROR - 2016-05-31 10:14:17 --> Could not find the language line "mynt_buy_tmall"
ERROR - 2016-05-31 10:14:17 --> Could not find the language line "mynt_buy_youzan"
ERROR - 2016-05-31 10:14:26 --> Could not find the language line "mynt_buy_taobao"
ERROR - 2016-05-31 10:14:26 --> Could not find the language line "mynt_buy_tmall"
ERROR - 2016-05-31 10:14:26 --> Could not find the language line "mynt_buy_youzan"
ERROR - 2016-05-31 10:14:37 --> Could not find the language line "mynt_buy_taobao"
ERROR - 2016-05-31 10:14:37 --> Could not find the language line "mynt_buy_tmall"
ERROR - 2016-05-31 10:14:37 --> Could not find the language line "mynt_buy_youzan"
ERROR - 2016-05-31 10:14:41 --> Could not find the language line "mynt_buy_taobao"
ERROR - 2016-05-31 10:14:41 --> Could not find the language line "mynt_buy_tmall"
ERROR - 2016-05-31 10:14:41 --> Could not find the language line "mynt_buy_youzan"
ERROR - 2016-05-31 10:14:49 --> Could not find the language line "mynt_buy_amazon"
ERROR - 2016-05-31 10:14:56 --> Could not find the language line "mynt_buy_taobao"
ERROR - 2016-05-31 10:14:56 --> Could not find the language line "mynt_buy_tmall"
ERROR - 2016-05-31 10:14:56 --> Could not find the language line "mynt_buy_youzan"
ERROR - 2016-05-31 10:15:06 --> Could not find the language line "mynt_buy_amazon"
ERROR - 2016-05-31 10:50:00 --> Could not find the language line "mynt_buy_taobao"
ERROR - 2016-05-31 10:50:00 --> Could not find the language line "mynt_buy_tmall"
ERROR - 2016-05-31 10:50:00 --> Could not find the language line "mynt_buy_youzan"
ERROR - 2016-05-31 10:50:11 --> 404 Page Not Found: Page/2.html
ERROR - 2016-05-31 10:50:14 --> Could not find the language line "mynt_buy_taobao"
ERROR - 2016-05-31 10:50:14 --> Could not find the language line "mynt_buy_tmall"
ERROR - 2016-05-31 10:50:14 --> Could not find the language line "mynt_buy_youzan"
ERROR - 2016-05-31 10:50:29 --> 404 Page Not Found: Page/index
ERROR - 2016-05-31 10:50:32 --> Could not find the language line "mynt_buy_taobao"
ERROR - 2016-05-31 10:50:32 --> Could not find the language line "mynt_buy_tmall"
ERROR - 2016-05-31 10:50:32 --> Could not find the language line "mynt_buy_youzan"
ERROR - 2016-05-31 10:57:00 --> Could not find the language line "mynt_buy_taobao"
ERROR - 2016-05-31 10:57:00 --> Could not find the language line "mynt_buy_tmall"
ERROR - 2016-05-31 10:57:00 --> Could not find the language line "mynt_buy_youzan"
ERROR - 2016-05-31 10:57:05 --> Could not find the language line "mynt_buy_taobao"
ERROR - 2016-05-31 10:57:05 --> Could not find the language line "mynt_buy_tmall"
ERROR - 2016-05-31 10:57:05 --> Could not find the language line "mynt_buy_youzan"
ERROR - 2016-05-31 10:57:15 --> Could not find the language line "mynt_buy_taobao"
ERROR - 2016-05-31 10:57:15 --> Could not find the language line "mynt_buy_tmall"
ERROR - 2016-05-31 10:57:15 --> Could not find the language line "mynt_buy_youzan"
ERROR - 2016-05-31 11:00:28 --> 404 Page Not Found: Page/2.html
ERROR - 2016-05-31 11:01:44 --> Could not find the language line "mynt_buy_amazon"
ERROR - 2016-05-31 11:03:10 --> 404 Page Not Found: Page/index
ERROR - 2016-05-31 11:03:16 --> Could not find the language line "mynt_buy_amazon"
ERROR - 2016-05-31 11:03:29 --> Could not find the language line "mynt_buy_taobao"
ERROR - 2016-05-31 11:03:29 --> Could not find the language line "mynt_buy_tmall"
ERROR - 2016-05-31 11:03:29 --> Could not find the language line "mynt_buy_youzan"
ERROR - 2016-05-31 11:03:34 --> Could not find the language line "mynt_buy_amazon"
ERROR - 2016-05-31 11:03:48 --> Could not find the language line "mynt_buy_amazon"
ERROR - 2016-05-31 11:03:55 --> Could not find the language line "mynt_buy_taobao"
ERROR - 2016-05-31 11:03:55 --> Could not find the language line "mynt_buy_tmall"
ERROR - 2016-05-31 11:03:55 --> Could not find the language line "mynt_buy_youzan"
ERROR - 2016-05-31 11:05:48 --> Could not find the language line "mynt_buy_taobao"
ERROR - 2016-05-31 11:05:48 --> Could not find the language line "mynt_buy_tmall"
ERROR - 2016-05-31 11:05:48 --> Could not find the language line "mynt_buy_youzan"
ERROR - 2016-05-31 11:06:29 --> Could not find the language line "mynt_buy_taobao"
ERROR - 2016-05-31 11:06:29 --> Could not find the language line "mynt_buy_tmall"
ERROR - 2016-05-31 11:06:29 --> Could not find the language line "mynt_buy_youzan"
ERROR - 2016-05-31 11:12:19 --> Could not find the language line "mynt_buy_taobao"
ERROR - 2016-05-31 11:12:19 --> Could not find the language line "mynt_buy_tmall"
ERROR - 2016-05-31 11:12:19 --> Could not find the language line "mynt_buy_youzan"
ERROR - 2016-05-31 11:27:40 --> Severity: Parsing Error --> syntax error, unexpected '{' /Users/fantingsheng/website/application/core/MY_Controller.php 125
ERROR - 2016-05-31 11:28:28 --> Severity: Parsing Error --> syntax error, unexpected '{' /Users/fantingsheng/website/application/core/MY_Controller.php 125
ERROR - 2016-05-31 11:28:30 --> Severity: Parsing Error --> syntax error, unexpected '{' /Users/fantingsheng/website/application/core/MY_Controller.php 125
ERROR - 2016-05-31 11:28:30 --> Severity: Parsing Error --> syntax error, unexpected '{' /Users/fantingsheng/website/application/core/MY_Controller.php 125
ERROR - 2016-05-31 11:28:31 --> Severity: Parsing Error --> syntax error, unexpected '{' /Users/fantingsheng/website/application/core/MY_Controller.php 125
ERROR - 2016-05-31 11:28:31 --> Severity: Parsing Error --> syntax error, unexpected '{' /Users/fantingsheng/website/application/core/MY_Controller.php 125
ERROR - 2016-05-31 11:28:31 --> Severity: Parsing Error --> syntax error, unexpected '{' /Users/fantingsheng/website/application/core/MY_Controller.php 125
ERROR - 2016-05-31 11:30:08 --> Severity: Parsing Error --> syntax error, unexpected '{' /Users/fantingsheng/website/application/core/MY_Controller.php 140
ERROR - 2016-05-31 11:30:10 --> Severity: Parsing Error --> syntax error, unexpected '{' /Users/fantingsheng/website/application/core/MY_Controller.php 140
ERROR - 2016-05-31 11:30:36 --> Could not find the language line "mynt_buy_taobao"
ERROR - 2016-05-31 11:30:36 --> Could not find the language line "mynt_buy_tmall"
ERROR - 2016-05-31 11:30:36 --> Could not find the language line "mynt_buy_youzan"
ERROR - 2016-05-31 11:30:50 --> Could not find the language line "mynt_buy_amazon"
ERROR - 2016-05-31 11:30:59 --> Could not find the language line "mynt_buy_amazon"
ERROR - 2016-05-31 11:30:59 --> Could not find the language line "home_slife_title"
ERROR - 2016-05-31 11:30:59 --> Could not find the language line "home_cloud_title"
ERROR - 2016-05-31 11:30:59 --> Could not find the language line "home_cloud_intro"
ERROR - 2016-05-31 11:30:59 --> Could not find the language line "mynt_icon_buy"
ERROR - 2016-05-31 11:31:09 --> Could not find the language line "mynt_buy_amazon"
ERROR - 2016-05-31 11:31:09 --> Could not find the language line "home_slife_title"
ERROR - 2016-05-31 11:31:09 --> Could not find the language line "home_cloud_title"
ERROR - 2016-05-31 11:31:09 --> Could not find the language line "home_cloud_intro"
ERROR - 2016-05-31 11:31:09 --> Could not find the language line "mynt_icon_buy"
ERROR - 2016-05-31 11:31:11 --> Could not find the language line "mynt_buy_amazon"
ERROR - 2016-05-31 11:31:11 --> Could not find the language line "mynt_icon_buy"
ERROR - 2016-05-31 11:31:11 --> Could not find the language line "mynt_buy_link_kick"
ERROR - 2016-05-31 11:31:19 --> Could not find the language line "mynt_buy_amazon"
ERROR - 2016-05-31 11:31:26 --> Could not find the language line "mynt_buy_taobao"
ERROR - 2016-05-31 11:31:26 --> Could not find the language line "mynt_buy_tmall"
ERROR - 2016-05-31 11:31:26 --> Could not find the language line "mynt_buy_youzan"
ERROR - 2016-05-31 11:36:25 --> 404 Page Not Found: News/sdeno_on_nvidia%25E5%2589%25AF%25E6%259C%25AC%2B4.html
ERROR - 2016-05-31 11:36:28 --> Could not find the language line "mynt_buy_taobao"
ERROR - 2016-05-31 11:36:28 --> Could not find the language line "mynt_buy_tmall"
ERROR - 2016-05-31 11:36:28 --> Could not find the language line "mynt_buy_youzan"
ERROR - 2016-05-31 11:36:49 --> 404 Page Not Found: News/sdeno_on_nvidia%25E5%2589%25AF%25E6%259C%25AC%2B4.html
ERROR - 2016-05-31 11:38:27 --> Could not find the language line "mynt_buy_taobao"
ERROR - 2016-05-31 11:38:27 --> Could not find the language line "mynt_buy_tmall"
ERROR - 2016-05-31 11:38:27 --> Could not find the language line "mynt_buy_youzan"
ERROR - 2016-05-31 11:38:29 --> Could not find the language line "mynt_buy_amazon"
ERROR - 2016-05-31 11:38:34 --> Could not find the language line "mynt_buy_taobao"
ERROR - 2016-05-31 11:38:34 --> Could not find the language line "mynt_buy_tmall"
ERROR - 2016-05-31 11:38:34 --> Could not find the language line "mynt_buy_youzan"
ERROR - 2016-05-31 11:38:38 --> Could not find the language line "mynt_buy_amazon"
ERROR - 2016-05-31 11:40:27 --> Could not find the language line "mynt_buy_amazon"
ERROR - 2016-05-31 11:40:29 --> Could not find the language line "mynt_buy_taobao"
ERROR - 2016-05-31 11:40:29 --> Could not find the language line "mynt_buy_tmall"
ERROR - 2016-05-31 11:40:29 --> Could not find the language line "mynt_buy_youzan"
ERROR - 2016-05-31 11:40:37 --> 404 Page Not Found: News/ews.html
ERROR - 2016-05-31 11:41:36 --> 404 Page Not Found: News/ews.html
ERROR - 2016-05-31 11:41:38 --> 404 Page Not Found: News/ews.html
ERROR - 2016-05-31 11:41:39 --> 404 Page Not Found: News/ews.html
ERROR - 2016-05-31 11:41:40 --> Could not find the language line "mynt_buy_taobao"
ERROR - 2016-05-31 11:41:40 --> Could not find the language line "mynt_buy_tmall"
ERROR - 2016-05-31 11:41:40 --> Could not find the language line "mynt_buy_youzan"
ERROR - 2016-05-31 11:41:43 --> Could not find the language line "mynt_buy_taobao"
ERROR - 2016-05-31 11:41:43 --> Could not find the language line "mynt_buy_tmall"
ERROR - 2016-05-31 11:41:43 --> Could not find the language line "mynt_buy_youzan"
ERROR - 2016-05-31 11:41:49 --> 404 Page Not Found: News/ews.html
ERROR - 2016-05-31 11:41:54 --> 404 Page Not Found: News/ews.html
ERROR - 2016-05-31 11:42:26 --> Could not find the language line "mynt_buy_taobao"
ERROR - 2016-05-31 11:42:26 --> Could not find the language line "mynt_buy_tmall"
ERROR - 2016-05-31 11:42:26 --> Could not find the language line "mynt_buy_youzan"
ERROR - 2016-05-31 11:42:29 --> Could not find the language line "mynt_buy_amazon"
ERROR - 2016-05-31 11:42:30 --> Could not find the language line "mynt_buy_taobao"
ERROR - 2016-05-31 11:42:30 --> Could not find the language line "mynt_buy_tmall"
ERROR - 2016-05-31 11:42:30 --> Could not find the language line "mynt_buy_youzan"
ERROR - 2016-05-31 11:42:38 --> Could not find the language line "mynt_buy_amazon"
ERROR - 2016-05-31 11:43:12 --> Could not find the language line "mynt_buy_taobao"
ERROR - 2016-05-31 11:43:12 --> Could not find the language line "mynt_buy_tmall"
ERROR - 2016-05-31 11:43:12 --> Could not find the language line "mynt_buy_youzan"
ERROR - 2016-05-31 11:43:15 --> Could not find the language line "mynt_buy_amazon"
ERROR - 2016-05-31 11:43:17 --> Could not find the language line "mynt_buy_taobao"
ERROR - 2016-05-31 11:43:17 --> Could not find the language line "mynt_buy_tmall"
ERROR - 2016-05-31 11:43:17 --> Could not find the language line "mynt_buy_youzan"
ERROR - 2016-05-31 11:43:21 --> 404 Page Not Found: News/wsd.html
ERROR - 2016-05-31 11:43:58 --> 404 Page Not Found: News/wsd.html
ERROR - 2016-05-31 11:44:00 --> 404 Page Not Found: News/wsd.html
ERROR - 2016-05-31 11:44:39 --> 404 Page Not Found: News/wsd.html
ERROR - 2016-05-31 11:46:57 --> 404 Page Not Found: News/wsd.html
ERROR - 2016-05-31 11:46:58 --> 404 Page Not Found: News/wsd.html
ERROR - 2016-05-31 11:46:59 --> 404 Page Not Found: News/wsd.html
ERROR - 2016-05-31 11:47:00 --> 404 Page Not Found: News/wsd.html
ERROR - 2016-05-31 11:47:49 --> 404 Page Not Found: News/wsd.html
ERROR - 2016-05-31 11:47:49 --> 404 Page Not Found: News/wsd.html
ERROR - 2016-05-31 11:47:49 --> 404 Page Not Found: News/wsd.html
ERROR - 2016-05-31 11:47:50 --> 404 Page Not Found: News/wsd.html
ERROR - 2016-05-31 11:47:50 --> 404 Page Not Found: News/wsd.html
ERROR - 2016-05-31 11:48:07 --> 404 Page Not Found: News/wsd.html
ERROR - 2016-05-31 11:48:10 --> 404 Page Not Found: News/wsd.html
ERROR - 2016-05-31 11:56:28 --> 404 Page Not Found: News/wsd.html
ERROR - 2016-05-31 11:56:30 --> 404 Page Not Found: News/wsd.html
ERROR - 2016-05-31 11:56:30 --> 404 Page Not Found: News/wsd.html
ERROR - 2016-05-31 11:56:30 --> 404 Page Not Found: News/wsd.html
ERROR - 2016-05-31 11:56:30 --> 404 Page Not Found: News/wsd.html
ERROR - 2016-05-31 11:56:30 --> 404 Page Not Found: News/wsd.html
ERROR - 2016-05-31 11:56:40 --> 404 Page Not Found: News/wsd.html
ERROR - 2016-05-31 11:56:42 --> 404 Page Not Found: News/wsd.html
ERROR - 2016-05-31 11:56:43 --> 404 Page Not Found: News/wsd.html
ERROR - 2016-05-31 11:56:43 --> 404 Page Not Found: News/wsd.html
ERROR - 2016-05-31 11:56:44 --> 404 Page Not Found: News/wsd.html
ERROR - 2016-05-31 11:56:44 --> 404 Page Not Found: News/wsd.html
ERROR - 2016-05-31 11:56:48 --> Could not find the language line "mynt_buy_amazon"
ERROR - 2016-05-31 11:56:50 --> 404 Page Not Found: News/wsd.html
ERROR - 2016-05-31 11:56:52 --> Could not find the language line "mynt_buy_amazon"
ERROR - 2016-05-31 11:56:59 --> Could not find the language line "mynt_buy_amazon"
ERROR - 2016-05-31 11:57:00 --> Could not find the language line "mynt_buy_taobao"
ERROR - 2016-05-31 11:57:00 --> Could not find the language line "mynt_buy_tmall"
ERROR - 2016-05-31 11:57:00 --> Could not find the language line "mynt_buy_youzan"
ERROR - 2016-05-31 11:58:21 --> Could not find the language line "mynt_buy_taobao"
ERROR - 2016-05-31 11:58:21 --> Could not find the language line "mynt_buy_tmall"
ERROR - 2016-05-31 11:58:21 --> Could not find the language line "mynt_buy_youzan"
ERROR - 2016-05-31 11:58:26 --> Could not find the language line "mynt_buy_amazon"
ERROR - 2016-05-31 11:58:40 --> Could not find the language line "mynt_buy_amazon"
ERROR - 2016-05-31 11:58:42 --> Could not find the language line "mynt_buy_taobao"
ERROR - 2016-05-31 11:58:42 --> Could not find the language line "mynt_buy_tmall"
ERROR - 2016-05-31 11:58:42 --> Could not find the language line "mynt_buy_youzan"
ERROR - 2016-05-31 11:58:56 --> Could not find the language line "mynt_buy_amazon"
ERROR - 2016-05-31 12:00:05 --> Could not find the language line "mynt_buy_taobao"
ERROR - 2016-05-31 12:00:05 --> Could not find the language line "mynt_buy_tmall"
ERROR - 2016-05-31 12:00:05 --> Could not find the language line "mynt_buy_youzan"
ERROR - 2016-05-31 12:00:09 --> Could not find the language line "mynt_buy_amazon"
ERROR - 2016-05-31 12:01:06 --> Could not find the language line "mynt_buy_taobao"
ERROR - 2016-05-31 12:01:06 --> Could not find the language line "mynt_buy_tmall"
ERROR - 2016-05-31 12:01:06 --> Could not find the language line "mynt_buy_youzan"
ERROR - 2016-05-31 12:01:20 --> Could not find the language line "mynt_buy_taobao"
ERROR - 2016-05-31 12:01:20 --> Could not find the language line "mynt_buy_tmall"
ERROR - 2016-05-31 12:01:20 --> Could not find the language line "mynt_buy_youzan"
ERROR - 2016-05-31 12:01:25 --> Could not find the language line "mynt_buy_taobao"
ERROR - 2016-05-31 12:01:25 --> Could not find the language line "mynt_buy_tmall"
ERROR - 2016-05-31 12:01:25 --> Could not find the language line "mynt_buy_youzan"
ERROR - 2016-05-31 12:01:27 --> Could not find the language line "mynt_buy_taobao"
ERROR - 2016-05-31 12:01:27 --> Could not find the language line "mynt_buy_tmall"
ERROR - 2016-05-31 12:01:27 --> Could not find the language line "mynt_buy_youzan"
ERROR - 2016-05-31 12:01:33 --> Could not find the language line "mynt_buy_amazon"
ERROR - 2016-05-31 12:01:42 --> Could not find the language line "mynt_buy_taobao"
ERROR - 2016-05-31 12:01:42 --> Could not find the language line "mynt_buy_tmall"
ERROR - 2016-05-31 12:01:42 --> Could not find the language line "mynt_buy_youzan"
ERROR - 2016-05-31 12:02:42 --> Could not find the language line "mynt_buy_taobao"
ERROR - 2016-05-31 12:02:42 --> Could not find the language line "mynt_buy_tmall"
ERROR - 2016-05-31 12:02:42 --> Could not find the language line "mynt_buy_youzan"
ERROR - 2016-05-31 12:06:22 --> Could not find the language line "mynt_buy_taobao"
ERROR - 2016-05-31 12:06:22 --> Could not find the language line "mynt_buy_tmall"
ERROR - 2016-05-31 12:06:22 --> Could not find the language line "mynt_buy_youzan"
ERROR - 2016-05-31 12:06:42 --> Could not find the language line "mynt_buy_taobao"
ERROR - 2016-05-31 12:06:42 --> Could not find the language line "mynt_buy_tmall"
ERROR - 2016-05-31 12:06:42 --> Could not find the language line "mynt_buy_youzan"
ERROR - 2016-05-31 12:13:14 --> Could not find the language line "mynt_buy_taobao"
ERROR - 2016-05-31 12:13:14 --> Could not find the language line "mynt_buy_tmall"
ERROR - 2016-05-31 12:13:14 --> Could not find the language line "mynt_buy_youzan"
ERROR - 2016-05-31 12:13:20 --> Could not find the language line "mynt_buy_amazon"
ERROR - 2016-05-31 12:14:42 --> Could not find the language line "mynt_buy_amazon"
ERROR - 2016-05-31 12:15:05 --> Could not find the language line "mynt_buy_amazon"
ERROR - 2016-05-31 12:19:04 --> Could not find the language line "mynt_buy_amazon"
ERROR - 2016-05-31 12:20:24 --> Could not find the language line "mynt_buy_amazon"
ERROR - 2016-05-31 12:21:58 --> Could not find the language line "mynt_buy_amazon"
ERROR - 2016-05-31 12:22:35 --> Could not find the language line "mynt_buy_amazon"
ERROR - 2016-05-31 12:24:13 --> Could not find the language line "mynt_buy_amazon"
ERROR - 2016-05-31 12:24:21 --> Could not find the language line "mynt_buy_amazon"
ERROR - 2016-05-31 12:24:24 --> Could not find the language line "mynt_buy_amazon"
ERROR - 2016-05-31 12:24:29 --> Could not find the language line "mynt_buy_amazon"
ERROR - 2016-05-31 12:24:34 --> Could not find the language line "mynt_buy_amazon"
ERROR - 2016-05-31 12:24:34 --> Could not find the language line "home_slife_title"
ERROR - 2016-05-31 12:24:34 --> Could not find the language line "home_cloud_title"
ERROR - 2016-05-31 12:24:34 --> Could not find the language line "home_cloud_intro"
ERROR - 2016-05-31 12:24:34 --> Could not find the language line "mynt_icon_buy"
ERROR - 2016-05-31 12:24:37 --> Could not find the language line "mynt_buy_amazon"
ERROR - 2016-05-31 12:24:53 --> Could not find the language line "mynt_buy_amazon"
ERROR - 2016-05-31 12:25:26 --> Could not find the language line "mynt_buy_amazon"
ERROR - 2016-05-31 12:25:32 --> Could not find the language line "mynt_buy_taobao"
ERROR - 2016-05-31 12:25:32 --> Could not find the language line "mynt_buy_tmall"
ERROR - 2016-05-31 12:25:32 --> Could not find the language line "mynt_buy_youzan"
ERROR - 2016-05-31 12:25:41 --> Could not find the language line "mynt_buy_taobao"
ERROR - 2016-05-31 12:25:41 --> Could not find the language line "mynt_buy_tmall"
ERROR - 2016-05-31 12:25:41 --> Could not find the language line "mynt_buy_youzan"
ERROR - 2016-05-31 12:25:44 --> Could not find the language line "mynt_buy_taobao"
ERROR - 2016-05-31 12:25:44 --> Could not find the language line "mynt_buy_tmall"
ERROR - 2016-05-31 12:25:44 --> Could not find the language line "mynt_buy_youzan"
ERROR - 2016-05-31 12:25:47 --> Could not find the language line "mynt_buy_amazon"
ERROR - 2016-05-31 12:25:54 --> Could not find the language line "mynt_buy_taobao"
ERROR - 2016-05-31 12:25:54 --> Could not find the language line "mynt_buy_tmall"
ERROR - 2016-05-31 12:25:54 --> Could not find the language line "mynt_buy_youzan"
ERROR - 2016-05-31 12:25:58 --> Could not find the language line "mynt_buy_amazon"
ERROR - 2016-05-31 12:26:58 --> Could not find the language line "mynt_buy_amazon"
ERROR - 2016-05-31 12:27:04 --> Could not find the language line "mynt_buy_taobao"
ERROR - 2016-05-31 12:27:04 --> Could not find the language line "mynt_buy_tmall"
ERROR - 2016-05-31 12:27:04 --> Could not find the language line "mynt_buy_youzan"
ERROR - 2016-05-31 12:27:08 --> Could not find the language line "mynt_buy_taobao"
ERROR - 2016-05-31 12:27:08 --> Could not find the language line "mynt_buy_tmall"
ERROR - 2016-05-31 12:27:08 --> Could not find the language line "mynt_buy_youzan"
ERROR - 2016-05-31 12:27:14 --> Could not find the language line "mynt_buy_amazon"
ERROR - 2016-05-31 12:27:21 --> Could not find the language line "mynt_buy_taobao"
ERROR - 2016-05-31 12:27:21 --> Could not find the language line "mynt_buy_tmall"
ERROR - 2016-05-31 12:27:21 --> Could not find the language line "mynt_buy_youzan"
ERROR - 2016-05-31 12:27:23 --> Could not find the language line "mynt_buy_taobao"
ERROR - 2016-05-31 12:27:23 --> Could not find the language line "mynt_buy_tmall"
ERROR - 2016-05-31 12:27:23 --> Could not find the language line "mynt_buy_youzan"
ERROR - 2016-05-31 12:27:27 --> Could not find the language line "mynt_buy_amazon"
ERROR - 2016-05-31 12:28:25 --> Could not find the language line "mynt_buy_amazon"
ERROR - 2016-05-31 12:28:43 --> Could not find the language line "mynt_buy_amazon"
ERROR - 2016-05-31 12:29:07 --> Could not find the language line "mynt_buy_amazon"
ERROR - 2016-05-31 12:29:08 --> Could not find the language line "mynt_buy_amazon"
ERROR - 2016-05-31 12:29:08 --> Could not find the language line "home_slife_title"
ERROR - 2016-05-31 12:29:08 --> Could not find the language line "home_cloud_title"
ERROR - 2016-05-31 12:29:08 --> Could not find the language line "home_cloud_intro"
ERROR - 2016-05-31 12:29:08 --> Could not find the language line "mynt_icon_buy"
ERROR - 2016-05-31 12:29:11 --> Could not find the language line "mynt_buy_amazon"
ERROR - 2016-05-31 12:29:21 --> Could not find the language line "mynt_buy_amazon"
ERROR - 2016-05-31 12:29:21 --> Could not find the language line "home_slife_title"
ERROR - 2016-05-31 12:29:21 --> Could not find the language line "home_cloud_title"
ERROR - 2016-05-31 12:29:21 --> Could not find the language line "home_cloud_intro"
ERROR - 2016-05-31 12:29:21 --> Could not find the language line "mynt_icon_buy"
ERROR - 2016-05-31 12:29:23 --> Could not find the language line "mynt_buy_amazon"
ERROR - 2016-05-31 12:29:24 --> Could not find the language line "mynt_buy_amazon"
ERROR - 2016-05-31 12:29:29 --> Could not find the language line "mynt_buy_amazon"
ERROR - 2016-05-31 12:29:48 --> Could not find the language line "mynt_buy_amazon"
ERROR - 2016-05-31 12:30:26 --> Could not find the language line "mynt_buy_amazon"
ERROR - 2016-05-31 12:30:53 --> Could not find the language line "mynt_buy_amazon"
ERROR - 2016-05-31 12:32:47 --> Could not find the language line "mynt_buy_amazon"
ERROR - 2016-05-31 12:33:14 --> Could not find the language line "mynt_buy_amazon"
ERROR - 2016-05-31 12:33:21 --> Could not find the language line "mynt_buy_amazon"
ERROR - 2016-05-31 12:33:24 --> Could not find the language line "mynt_buy_amazon"
ERROR - 2016-05-31 12:33:27 --> Could not find the language line "mynt_buy_amazon"
ERROR - 2016-05-31 12:35:54 --> Could not find the language line "mynt_buy_amazon"
ERROR - 2016-05-31 12:36:15 --> Could not find the language line "mynt_buy_amazon"
ERROR - 2016-05-31 12:36:26 --> Could not find the language line "mynt_buy_amazon"
ERROR - 2016-05-31 12:36:38 --> Could not find the language line "mynt_buy_amazon"
ERROR - 2016-05-31 12:36:45 --> Could not find the language line "mynt_buy_taobao"
ERROR - 2016-05-31 12:36:45 --> Could not find the language line "mynt_buy_tmall"
ERROR - 2016-05-31 12:36:45 --> Could not find the language line "mynt_buy_youzan"
ERROR - 2016-05-31 12:36:48 --> Could not find the language line "mynt_buy_taobao"
ERROR - 2016-05-31 12:36:48 --> Could not find the language line "mynt_buy_tmall"
ERROR - 2016-05-31 12:36:48 --> Could not find the language line "mynt_buy_youzan"
ERROR - 2016-05-31 12:37:32 --> Could not find the language line "mynt_buy_taobao"
ERROR - 2016-05-31 12:37:32 --> Could not find the language line "mynt_buy_tmall"
ERROR - 2016-05-31 12:37:32 --> Could not find the language line "mynt_buy_youzan"
ERROR - 2016-05-31 12:37:43 --> Could not find the language line "mynt_buy_amazon"
ERROR - 2016-05-31 12:37:48 --> Could not find the language line "mynt_buy_taobao"
ERROR - 2016-05-31 12:37:48 --> Could not find the language line "mynt_buy_tmall"
ERROR - 2016-05-31 12:37:48 --> Could not find the language line "mynt_buy_youzan"
ERROR - 2016-05-31 12:38:01 --> Could not find the language line "mynt_buy_amazon"
ERROR - 2016-05-31 12:38:08 --> Could not find the language line "mynt_buy_taobao"
ERROR - 2016-05-31 12:38:08 --> Could not find the language line "mynt_buy_tmall"
ERROR - 2016-05-31 12:38:08 --> Could not find the language line "mynt_buy_youzan"
ERROR - 2016-05-31 12:38:12 --> Could not find the language line "mynt_buy_taobao"
ERROR - 2016-05-31 12:38:12 --> Could not find the language line "mynt_buy_tmall"
ERROR - 2016-05-31 12:38:12 --> Could not find the language line "mynt_buy_youzan"
ERROR - 2016-05-31 12:38:14 --> Could not find the language line "mynt_buy_amazon"
ERROR - 2016-05-31 12:38:18 --> Could not find the language line "mynt_buy_taobao"
ERROR - 2016-05-31 12:38:18 --> Could not find the language line "mynt_buy_tmall"
ERROR - 2016-05-31 12:38:18 --> Could not find the language line "mynt_buy_youzan"
ERROR - 2016-05-31 12:38:25 --> Could not find the language line "mynt_buy_amazon"
ERROR - 2016-05-31 12:38:30 --> Could not find the language line "mynt_buy_taobao"
ERROR - 2016-05-31 12:38:30 --> Could not find the language line "mynt_buy_tmall"
ERROR - 2016-05-31 12:38:30 --> Could not find the language line "mynt_buy_youzan"
ERROR - 2016-05-31 12:38:40 --> Could not find the language line "mynt_buy_amazon"
ERROR - 2016-05-31 12:39:10 --> Could not find the language line "mynt_buy_amazon"
ERROR - 2016-05-31 12:39:40 --> Could not find the language line "mynt_buy_amazon"
ERROR - 2016-05-31 12:39:49 --> Could not find the language line "mynt_buy_taobao"
ERROR - 2016-05-31 12:39:49 --> Could not find the language line "mynt_buy_tmall"
ERROR - 2016-05-31 12:39:49 --> Could not find the language line "mynt_buy_youzan"
ERROR - 2016-05-31 12:40:10 --> Could not find the language line "mynt_buy_amazon"
ERROR - 2016-05-31 12:40:20 --> Could not find the language line "mynt_buy_taobao"
ERROR - 2016-05-31 12:40:20 --> Could not find the language line "mynt_buy_tmall"
ERROR - 2016-05-31 12:40:20 --> Could not find the language line "mynt_buy_youzan"
ERROR - 2016-05-31 12:40:25 --> Could not find the language line "mynt_buy_taobao"
ERROR - 2016-05-31 12:40:25 --> Could not find the language line "mynt_buy_tmall"
ERROR - 2016-05-31 12:40:25 --> Could not find the language line "mynt_buy_youzan"
ERROR - 2016-05-31 12:40:51 --> Could not find the language line "mynt_buy_taobao"
ERROR - 2016-05-31 12:40:51 --> Could not find the language line "mynt_buy_tmall"
ERROR - 2016-05-31 12:40:51 --> Could not find the language line "mynt_buy_youzan"
ERROR - 2016-05-31 15:32:11 --> Could not find the language line "mynt_buy_amazon"
ERROR - 2016-05-31 15:32:14 --> Could not find the language line "mynt_buy_taobao"
ERROR - 2016-05-31 15:32:14 --> Could not find the language line "mynt_buy_tmall"
ERROR - 2016-05-31 15:32:14 --> Could not find the language line "mynt_buy_youzan"
ERROR - 2016-05-31 15:32:19 --> Could not find the language line "mynt_buy_amazon"
ERROR - 2016-05-31 15:32:49 --> Could not find the language line "mynt_buy_amazon"
ERROR - 2016-05-31 15:32:56 --> Could not find the language line "mynt_buy_amazon"
ERROR - 2016-05-31 15:32:59 --> Could not find the language line "mynt_buy_amazon"
ERROR - 2016-05-31 16:03:34 --> Severity: Notice --> Undefined property: Welcome::$url /Users/fantingsheng/website/application/core/MY_Controller.php 124
ERROR - 2016-05-31 16:03:34 --> Severity: Error --> Call to a member function segment() on null /Users/fantingsheng/website/application/core/MY_Controller.php 124
ERROR - 2016-05-31 16:05:17 --> Severity: Notice --> Undefined property: Welcome::$url /Users/fantingsheng/website/application/core/MY_Controller.php 124
ERROR - 2016-05-31 16:05:17 --> Severity: Error --> Call to a member function segment() on null /Users/fantingsheng/website/application/core/MY_Controller.php 124
ERROR - 2016-05-31 16:06:43 --> Could not find the language line "mynt_buy_amazon"
ERROR - 2016-05-31 16:06:43 --> Could not find the language line "home_slife_title"
ERROR - 2016-05-31 16:06:43 --> Could not find the language line "home_cloud_title"
ERROR - 2016-05-31 16:06:43 --> Could not find the language line "home_cloud_intro"
ERROR - 2016-05-31 16:06:43 --> Could not find the language line "mynt_icon_buy"
ERROR - 2016-05-31 16:06:46 --> Could not find the language line "mynt_buy_amazon"
ERROR - 2016-05-31 16:06:46 --> Could not find the language line "home_slife_title"
ERROR - 2016-05-31 16:06:46 --> Could not find the language line "home_cloud_title"
ERROR - 2016-05-31 16:06:46 --> Could not find the language line "home_cloud_intro"
ERROR - 2016-05-31 16:06:46 --> Could not find the language line "mynt_icon_buy"
ERROR - 2016-05-31 16:06:53 --> Could not find the language line "mynt_buy_amazon"
ERROR - 2016-05-31 16:06:57 --> Could not find the language line "mynt_buy_taobao"
ERROR - 2016-05-31 16:06:57 --> Could not find the language line "mynt_buy_tmall"
ERROR - 2016-05-31 16:06:57 --> Could not find the language line "mynt_buy_youzan"
ERROR - 2016-05-31 16:07:01 --> Could not find the language line "mynt_buy_amazon"
ERROR - 2016-05-31 16:07:05 --> Could not find the language line "mynt_buy_amazon"
ERROR - 2016-05-31 16:07:08 --> Could not find the language line "mynt_buy_taobao"
ERROR - 2016-05-31 16:07:08 --> Could not find the language line "mynt_buy_tmall"
ERROR - 2016-05-31 16:07:08 --> Could not find the language line "mynt_buy_youzan"
ERROR - 2016-05-31 16:07:12 --> Could not find the language line "mynt_buy_amazon"
ERROR - 2016-05-31 16:07:14 --> Could not find the language line "mynt_buy_taobao"
ERROR - 2016-05-31 16:07:14 --> Could not find the language line "mynt_buy_tmall"
ERROR - 2016-05-31 16:07:14 --> Could not find the language line "mynt_buy_youzan"
ERROR - 2016-05-31 16:07:19 --> Could not find the language line "mynt_buy_amazon"
ERROR - 2016-05-31 16:07:25 --> Could not find the language line "mynt_buy_taobao"
ERROR - 2016-05-31 16:07:25 --> Could not find the language line "mynt_buy_tmall"
ERROR - 2016-05-31 16:07:25 --> Could not find the language line "mynt_buy_youzan"
ERROR - 2016-05-31 16:07:29 --> Could not find the language line "mynt_buy_amazon"
ERROR - 2016-05-31 16:07:34 --> Could not find the language line "mynt_buy_taobao"
ERROR - 2016-05-31 16:07:34 --> Could not find the language line "mynt_buy_tmall"
ERROR - 2016-05-31 16:07:34 --> Could not find the language line "mynt_buy_youzan"
ERROR - 2016-05-31 16:07:44 --> Could not find the language line "mynt_buy_taobao"
ERROR - 2016-05-31 16:07:44 --> Could not find the language line "mynt_buy_tmall"
ERROR - 2016-05-31 16:07:44 --> Could not find the language line "mynt_buy_youzan"
ERROR - 2016-05-31 16:07:48 --> Could not find the language line "mynt_buy_taobao"
ERROR - 2016-05-31 16:07:48 --> Could not find the language line "mynt_buy_tmall"
ERROR - 2016-05-31 16:07:48 --> Could not find the language line "mynt_buy_youzan"
ERROR - 2016-05-31 16:07:51 --> Could not find the language line "mynt_buy_taobao"
ERROR - 2016-05-31 16:07:51 --> Could not find the language line "mynt_buy_tmall"
ERROR - 2016-05-31 16:07:51 --> Could not find the language line "mynt_buy_youzan"
ERROR - 2016-05-31 16:07:54 --> Could not find the language line "mynt_buy_taobao"
ERROR - 2016-05-31 16:07:54 --> Could not find the language line "mynt_buy_tmall"
ERROR - 2016-05-31 16:07:54 --> Could not find the language line "mynt_buy_youzan"
ERROR - 2016-05-31 16:08:02 --> Could not find the language line "mynt_buy_taobao"
ERROR - 2016-05-31 16:08:02 --> Could not find the language line "mynt_buy_tmall"
ERROR - 2016-05-31 16:08:02 --> Could not find the language line "mynt_buy_youzan"
ERROR - 2016-05-31 16:08:07 --> Could not find the language line "mynt_buy_taobao"
ERROR - 2016-05-31 16:08:07 --> Could not find the language line "mynt_buy_tmall"
ERROR - 2016-05-31 16:08:07 --> Could not find the language line "mynt_buy_youzan"
ERROR - 2016-05-31 16:08:07 --> Could not find the language line "home_cloud_title"
ERROR - 2016-05-31 16:08:07 --> Could not find the language line "home_cloud_intro"
ERROR - 2016-05-31 16:08:07 --> Could not find the language line "mynt_icon_taobao"
ERROR - 2016-05-31 16:08:07 --> Could not find the language line "mynt_icon_tmall"
ERROR - 2016-05-31 16:08:07 --> Could not find the language line "mynt_icon_youzan"
ERROR - 2016-05-31 16:08:08 --> Could not find the language line "mynt_buy_taobao"
ERROR - 2016-05-31 16:08:08 --> Could not find the language line "mynt_buy_tmall"
ERROR - 2016-05-31 16:08:08 --> Could not find the language line "mynt_buy_youzan"
ERROR - 2016-05-31 16:08:08 --> Could not find the language line "mynt_icon_taobao"
ERROR - 2016-05-31 16:08:08 --> Could not find the language line "mynt_icon_tmall"
ERROR - 2016-05-31 16:08:08 --> Could not find the language line "mynt_icon_youzan"
ERROR - 2016-05-31 16:08:08 --> Could not find the language line "mynt_jd_detail"
ERROR - 2016-05-31 16:08:08 --> Could not find the language line "to_buy_wd"
ERROR - 2016-05-31 16:08:08 --> Could not find the language line "slightech_wechat"
ERROR - 2016-05-31 16:08:08 --> Could not find the language line "camera_no_lost"
ERROR - 2016-05-31 16:08:08 --> Could not find the language line "key_no_lost"
ERROR - 2016-05-31 16:08:08 --> Could not find the language line "bag_no_lost"
ERROR - 2016-05-31 16:08:08 --> Could not find the language line "computer_no_lost"
ERROR - 2016-05-31 16:08:08 --> Could not find the language line "pet_no_lost"
ERROR - 2016-05-31 16:08:08 --> Could not find the language line "goal"
ERROR - 2016-05-31 16:08:08 --> Could not find the language line "fund_title"
ERROR - 2016-05-31 16:08:08 --> Could not find the language line "fund_intro"
ERROR - 2016-05-31 16:08:10 --> Could not find the language line "mynt_buy_taobao"
ERROR - 2016-05-31 16:08:10 --> Could not find the language line "mynt_buy_tmall"
ERROR - 2016-05-31 16:08:10 --> Could not find the language line "mynt_buy_youzan"
ERROR - 2016-05-31 16:08:10 --> Could not find the language line "home_cloud_title"
ERROR - 2016-05-31 16:08:10 --> Could not find the language line "home_cloud_intro"
ERROR - 2016-05-31 16:08:10 --> Could not find the language line "mynt_icon_taobao"
ERROR - 2016-05-31 16:08:10 --> Could not find the language line "mynt_icon_tmall"
ERROR - 2016-05-31 16:08:10 --> Could not find the language line "mynt_icon_youzan"
ERROR - 2016-05-31 16:08:20 --> Could not find the language line "mynt_buy_amazon"
ERROR - 2016-05-31 16:08:20 --> Could not find the language line "home_slife_title"
ERROR - 2016-05-31 16:08:20 --> Could not find the language line "home_cloud_title"
ERROR - 2016-05-31 16:08:20 --> Could not find the language line "home_cloud_intro"
ERROR - 2016-05-31 16:08:20 --> Could not find the language line "mynt_icon_buy"
ERROR - 2016-05-31 16:08:22 --> Could not find the language line "mynt_buy_amazon"
ERROR - 2016-05-31 16:08:23 --> Could not find the language line "mynt_buy_amazon"
ERROR - 2016-05-31 16:08:23 --> Could not find the language line "mynt_buy_amazon"
ERROR - 2016-05-31 16:08:24 --> Could not find the language line "mynt_buy_amazon"
ERROR - 2016-05-31 16:08:24 --> Could not find the language line "mynt_buy_amazon"
ERROR - 2016-05-31 16:08:24 --> Could not find the language line "mynt_buy_amazon"
ERROR - 2016-05-31 16:08:24 --> Could not find the language line "mynt_buy_amazon"
ERROR - 2016-05-31 16:08:24 --> Could not find the language line "mynt_buy_amazon"
