ERROR - 2016-06-18 02:55:03 --> Could not find the language line "mynt_buy_taobao"
ERROR - 2016-06-18 02:55:03 --> Could not find the language line "mynt_buy_tmall"
ERROR - 2016-06-18 02:55:03 --> Could not find the language line "mynt_buy_youzan"
ERROR - 2016-06-18 02:55:03 --> Could not find the language line "home_cloud_title"
ERROR - 2016-06-18 02:55:03 --> Could not find the language line "home_cloud_intro"
ERROR - 2016-06-18 02:55:03 --> Could not find the language line "mynt_icon_taobao"
ERROR - 2016-06-18 02:55:03 --> Could not find the language line "mynt_icon_tmall"
ERROR - 2016-06-18 02:55:03 --> Could not find the language line "mynt_icon_youzan"
ERROR - 2016-06-18 02:55:13 --> Could not find the language line "mynt_buy_taobao"
ERROR - 2016-06-18 02:55:13 --> Could not find the language line "mynt_buy_tmall"
ERROR - 2016-06-18 02:55:13 --> Could not find the language line "mynt_buy_youzan"
ERROR - 2016-06-18 02:55:13 --> Could not find the language line "home_cloud_title"
ERROR - 2016-06-18 02:55:13 --> Could not find the language line "home_cloud_intro"
ERROR - 2016-06-18 02:55:13 --> Could not find the language line "mynt_icon_taobao"
ERROR - 2016-06-18 02:55:13 --> Could not find the language line "mynt_icon_tmall"
ERROR - 2016-06-18 02:55:13 --> Could not find the language line "mynt_icon_youzan"
ERROR - 2016-06-18 02:55:17 --> Could not find the language line "mynt_buy_taobao"
ERROR - 2016-06-18 02:55:17 --> Could not find the language line "mynt_buy_tmall"
ERROR - 2016-06-18 02:55:17 --> Could not find the language line "mynt_buy_youzan"
ERROR - 2016-06-18 02:55:17 --> Could not find the language line "home_cloud_title"
ERROR - 2016-06-18 02:55:17 --> Could not find the language line "home_cloud_intro"
ERROR - 2016-06-18 02:55:17 --> Could not find the language line "mynt_icon_taobao"
ERROR - 2016-06-18 02:55:17 --> Could not find the language line "mynt_icon_tmall"
ERROR - 2016-06-18 02:55:17 --> Could not find the language line "mynt_icon_youzan"
ERROR - 2016-06-18 03:04:59 --> Could not find the language line "mynt_buy_taobao"
ERROR - 2016-06-18 03:04:59 --> Could not find the language line "mynt_buy_tmall"
ERROR - 2016-06-18 03:04:59 --> Could not find the language line "mynt_buy_youzan"
ERROR - 2016-06-18 03:05:43 --> Could not find the language line "mynt_buy_taobao"
ERROR - 2016-06-18 03:05:43 --> Could not find the language line "mynt_buy_tmall"
ERROR - 2016-06-18 03:05:43 --> Could not find the language line "mynt_buy_youzan"
ERROR - 2016-06-18 03:06:16 --> Could not find the language line "mynt_buy_taobao"
ERROR - 2016-06-18 03:06:16 --> Could not find the language line "mynt_buy_tmall"
ERROR - 2016-06-18 03:06:16 --> Could not find the language line "mynt_buy_youzan"
ERROR - 2016-06-18 03:06:32 --> Could not find the language line "mynt_buy_taobao"
ERROR - 2016-06-18 03:06:32 --> Could not find the language line "mynt_buy_tmall"
ERROR - 2016-06-18 03:06:32 --> Could not find the language line "mynt_buy_youzan"
ERROR - 2016-06-18 03:06:32 --> Could not find the language line "home_cloud_title"
ERROR - 2016-06-18 03:06:32 --> Could not find the language line "home_cloud_intro"
ERROR - 2016-06-18 03:06:32 --> Could not find the language line "mynt_icon_taobao"
ERROR - 2016-06-18 03:06:32 --> Could not find the language line "mynt_icon_tmall"
ERROR - 2016-06-18 03:06:32 --> Could not find the language line "mynt_icon_youzan"
ERROR - 2016-06-18 03:06:36 --> Could not find the language line "mynt_buy_amazon"
ERROR - 2016-06-18 03:06:36 --> Could not find the language line "home_slife_title"
ERROR - 2016-06-18 03:06:36 --> Could not find the language line "home_cloud_title"
ERROR - 2016-06-18 03:06:36 --> Could not find the language line "home_cloud_intro"
ERROR - 2016-06-18 03:06:36 --> Could not find the language line "mynt_icon_buy"
ERROR - 2016-06-18 03:08:43 --> Could not find the language line "mynt_buy_taobao"
ERROR - 2016-06-18 03:08:43 --> Could not find the language line "mynt_buy_tmall"
ERROR - 2016-06-18 03:08:43 --> Could not find the language line "mynt_buy_youzan"
ERROR - 2016-06-18 03:10:33 --> Could not find the language line "mynt_buy_taobao"
ERROR - 2016-06-18 03:10:33 --> Could not find the language line "mynt_buy_tmall"
ERROR - 2016-06-18 03:10:33 --> Could not find the language line "mynt_buy_youzan"
ERROR - 2016-06-18 03:12:16 --> Could not find the language line "mynt_buy_taobao"
ERROR - 2016-06-18 03:12:16 --> Could not find the language line "mynt_buy_tmall"
ERROR - 2016-06-18 03:12:16 --> Could not find the language line "mynt_buy_youzan"
ERROR - 2016-06-18 03:12:36 --> Could not find the language line "mynt_buy_taobao"
ERROR - 2016-06-18 03:12:36 --> Could not find the language line "mynt_buy_tmall"
ERROR - 2016-06-18 03:12:36 --> Could not find the language line "mynt_buy_youzan"
ERROR - 2016-06-18 03:13:01 --> Could not find the language line "mynt_buy_taobao"
ERROR - 2016-06-18 03:13:01 --> Could not find the language line "mynt_buy_tmall"
ERROR - 2016-06-18 03:13:01 --> Could not find the language line "mynt_buy_youzan"
ERROR - 2016-06-18 03:13:40 --> Could not find the language line "mynt_buy_taobao"
ERROR - 2016-06-18 03:13:40 --> Could not find the language line "mynt_buy_tmall"
ERROR - 2016-06-18 03:13:40 --> Could not find the language line "mynt_buy_youzan"
ERROR - 2016-06-18 03:16:33 --> Could not find the language line "mynt_buy_taobao"
ERROR - 2016-06-18 03:16:33 --> Could not find the language line "mynt_buy_tmall"
ERROR - 2016-06-18 03:16:33 --> Could not find the language line "mynt_buy_youzan"
ERROR - 2016-06-18 03:16:41 --> Could not find the language line "mynt_buy_taobao"
ERROR - 2016-06-18 03:16:41 --> Could not find the language line "mynt_buy_tmall"
ERROR - 2016-06-18 03:16:41 --> Could not find the language line "mynt_buy_youzan"
ERROR - 2016-06-18 03:17:00 --> Could not find the language line "mynt_buy_taobao"
ERROR - 2016-06-18 03:17:00 --> Could not find the language line "mynt_buy_tmall"
ERROR - 2016-06-18 03:17:00 --> Could not find the language line "mynt_buy_youzan"
ERROR - 2016-06-18 03:17:48 --> Could not find the language line "mynt_buy_taobao"
ERROR - 2016-06-18 03:17:48 --> Could not find the language line "mynt_buy_tmall"
ERROR - 2016-06-18 03:17:48 --> Could not find the language line "mynt_buy_youzan"
ERROR - 2016-06-18 03:17:56 --> Could not find the language line "mynt_buy_taobao"
ERROR - 2016-06-18 03:17:56 --> Could not find the language line "mynt_buy_tmall"
ERROR - 2016-06-18 03:17:56 --> Could not find the language line "mynt_buy_youzan"
ERROR - 2016-06-18 03:18:21 --> Could not find the language line "mynt_buy_taobao"
ERROR - 2016-06-18 03:18:21 --> Could not find the language line "mynt_buy_tmall"
ERROR - 2016-06-18 03:18:21 --> Could not find the language line "mynt_buy_youzan"
ERROR - 2016-06-18 03:19:00 --> Could not find the language line "mynt_buy_taobao"
ERROR - 2016-06-18 03:19:00 --> Could not find the language line "mynt_buy_tmall"
ERROR - 2016-06-18 03:19:00 --> Could not find the language line "mynt_buy_youzan"
ERROR - 2016-06-18 03:19:49 --> Could not find the language line "mynt_buy_taobao"
ERROR - 2016-06-18 03:19:49 --> Could not find the language line "mynt_buy_tmall"
ERROR - 2016-06-18 03:19:49 --> Could not find the language line "mynt_buy_youzan"
ERROR - 2016-06-18 03:20:04 --> Could not find the language line "mynt_buy_taobao"
ERROR - 2016-06-18 03:20:04 --> Could not find the language line "mynt_buy_tmall"
ERROR - 2016-06-18 03:20:04 --> Could not find the language line "mynt_buy_youzan"
ERROR - 2016-06-18 03:20:17 --> Could not find the language line "mynt_buy_taobao"
ERROR - 2016-06-18 03:20:17 --> Could not find the language line "mynt_buy_tmall"
ERROR - 2016-06-18 03:20:17 --> Could not find the language line "mynt_buy_youzan"
ERROR - 2016-06-18 03:20:53 --> Could not find the language line "mynt_buy_taobao"
ERROR - 2016-06-18 03:20:53 --> Could not find the language line "mynt_buy_tmall"
ERROR - 2016-06-18 03:20:53 --> Could not find the language line "mynt_buy_youzan"
ERROR - 2016-06-18 03:24:01 --> Could not find the language line "mynt_buy_taobao"
ERROR - 2016-06-18 03:24:01 --> Could not find the language line "mynt_buy_tmall"
ERROR - 2016-06-18 03:24:01 --> Could not find the language line "mynt_buy_youzan"
ERROR - 2016-06-18 03:29:38 --> Could not find the language line "mynt_buy_taobao"
ERROR - 2016-06-18 03:29:38 --> Could not find the language line "mynt_buy_tmall"
ERROR - 2016-06-18 03:29:38 --> Could not find the language line "mynt_buy_youzan"
ERROR - 2016-06-18 06:51:26 --> Could not find the language line "mynt_buy_taobao"
ERROR - 2016-06-18 06:51:26 --> Could not find the language line "mynt_buy_tmall"
ERROR - 2016-06-18 06:51:26 --> Could not find the language line "mynt_buy_youzan"
ERROR - 2016-06-18 06:52:00 --> Could not find the language line "mynt_buy_taobao"
ERROR - 2016-06-18 06:52:00 --> Could not find the language line "mynt_buy_tmall"
ERROR - 2016-06-18 06:52:00 --> Could not find the language line "mynt_buy_youzan"
ERROR - 2016-06-18 06:53:29 --> Could not find the language line "mynt_buy_taobao"
ERROR - 2016-06-18 06:53:29 --> Could not find the language line "mynt_buy_tmall"
ERROR - 2016-06-18 06:53:29 --> Could not find the language line "mynt_buy_youzan"
ERROR - 2016-06-18 06:57:02 --> Could not find the language line "mynt_buy_taobao"
ERROR - 2016-06-18 06:57:02 --> Could not find the language line "mynt_buy_tmall"
ERROR - 2016-06-18 06:57:02 --> Could not find the language line "mynt_buy_youzan"
ERROR - 2016-06-18 06:58:52 --> Could not find the language line "mynt_buy_taobao"
ERROR - 2016-06-18 06:58:52 --> Could not find the language line "mynt_buy_tmall"
ERROR - 2016-06-18 06:58:52 --> Could not find the language line "mynt_buy_youzan"
ERROR - 2016-06-18 06:59:56 --> Could not find the language line "mynt_buy_taobao"
ERROR - 2016-06-18 06:59:56 --> Could not find the language line "mynt_buy_tmall"
ERROR - 2016-06-18 06:59:56 --> Could not find the language line "mynt_buy_youzan"
ERROR - 2016-06-18 07:00:36 --> Could not find the language line "mynt_buy_taobao"
ERROR - 2016-06-18 07:00:36 --> Could not find the language line "mynt_buy_tmall"
ERROR - 2016-06-18 07:00:36 --> Could not find the language line "mynt_buy_youzan"
ERROR - 2016-06-18 07:02:45 --> Could not find the language line "mynt_buy_taobao"
ERROR - 2016-06-18 07:02:45 --> Could not find the language line "mynt_buy_tmall"
ERROR - 2016-06-18 07:02:45 --> Could not find the language line "mynt_buy_youzan"
ERROR - 2016-06-18 07:03:06 --> Could not find the language line "mynt_buy_taobao"
ERROR - 2016-06-18 07:03:06 --> Could not find the language line "mynt_buy_tmall"
ERROR - 2016-06-18 07:03:06 --> Could not find the language line "mynt_buy_youzan"
ERROR - 2016-06-18 07:03:30 --> Could not find the language line "mynt_buy_taobao"
ERROR - 2016-06-18 07:03:30 --> Could not find the language line "mynt_buy_tmall"
ERROR - 2016-06-18 07:03:30 --> Could not find the language line "mynt_buy_youzan"
ERROR - 2016-06-18 07:03:47 --> Could not find the language line "mynt_buy_taobao"
ERROR - 2016-06-18 07:03:47 --> Could not find the language line "mynt_buy_tmall"
ERROR - 2016-06-18 07:03:47 --> Could not find the language line "mynt_buy_youzan"
ERROR - 2016-06-18 07:04:28 --> Could not find the language line "mynt_buy_taobao"
ERROR - 2016-06-18 07:04:28 --> Could not find the language line "mynt_buy_tmall"
ERROR - 2016-06-18 07:04:28 --> Could not find the language line "mynt_buy_youzan"
ERROR - 2016-06-18 07:05:39 --> Could not find the language line "mynt_buy_taobao"
ERROR - 2016-06-18 07:05:39 --> Could not find the language line "mynt_buy_tmall"
ERROR - 2016-06-18 07:05:39 --> Could not find the language line "mynt_buy_youzan"
ERROR - 2016-06-18 07:06:36 --> Could not find the language line "mynt_buy_taobao"
ERROR - 2016-06-18 07:06:36 --> Could not find the language line "mynt_buy_tmall"
ERROR - 2016-06-18 07:06:36 --> Could not find the language line "mynt_buy_youzan"
ERROR - 2016-06-18 07:06:53 --> Could not find the language line "mynt_buy_taobao"
ERROR - 2016-06-18 07:06:53 --> Could not find the language line "mynt_buy_tmall"
ERROR - 2016-06-18 07:06:53 --> Could not find the language line "mynt_buy_youzan"
ERROR - 2016-06-18 07:07:38 --> Could not find the language line "mynt_buy_taobao"
ERROR - 2016-06-18 07:07:38 --> Could not find the language line "mynt_buy_tmall"
ERROR - 2016-06-18 07:07:38 --> Could not find the language line "mynt_buy_youzan"
ERROR - 2016-06-18 07:08:11 --> Could not find the language line "mynt_buy_taobao"
ERROR - 2016-06-18 07:08:11 --> Could not find the language line "mynt_buy_tmall"
ERROR - 2016-06-18 07:08:11 --> Could not find the language line "mynt_buy_youzan"
ERROR - 2016-06-18 07:08:19 --> Could not find the language line "mynt_buy_taobao"
ERROR - 2016-06-18 07:08:19 --> Could not find the language line "mynt_buy_tmall"
ERROR - 2016-06-18 07:08:19 --> Could not find the language line "mynt_buy_youzan"
ERROR - 2016-06-18 07:08:33 --> Could not find the language line "mynt_buy_taobao"
ERROR - 2016-06-18 07:08:33 --> Could not find the language line "mynt_buy_tmall"
ERROR - 2016-06-18 07:08:33 --> Could not find the language line "mynt_buy_youzan"
ERROR - 2016-06-18 07:09:05 --> Could not find the language line "mynt_buy_taobao"
ERROR - 2016-06-18 07:09:05 --> Could not find the language line "mynt_buy_tmall"
ERROR - 2016-06-18 07:09:05 --> Could not find the language line "mynt_buy_youzan"
ERROR - 2016-06-18 07:09:13 --> Could not find the language line "mynt_buy_taobao"
ERROR - 2016-06-18 07:09:13 --> Could not find the language line "mynt_buy_tmall"
ERROR - 2016-06-18 07:09:13 --> Could not find the language line "mynt_buy_youzan"
ERROR - 2016-06-18 07:13:18 --> Could not find the language line "mynt_buy_taobao"
ERROR - 2016-06-18 07:13:18 --> Could not find the language line "mynt_buy_tmall"
ERROR - 2016-06-18 07:13:18 --> Could not find the language line "mynt_buy_youzan"
ERROR - 2016-06-18 07:14:23 --> Could not find the language line "mynt_buy_taobao"
ERROR - 2016-06-18 07:14:23 --> Could not find the language line "mynt_buy_tmall"
ERROR - 2016-06-18 07:14:23 --> Could not find the language line "mynt_buy_youzan"
ERROR - 2016-06-18 07:15:38 --> Could not find the language line "mynt_buy_taobao"
ERROR - 2016-06-18 07:15:38 --> Could not find the language line "mynt_buy_tmall"
ERROR - 2016-06-18 07:15:38 --> Could not find the language line "mynt_buy_youzan"
ERROR - 2016-06-18 07:16:36 --> Could not find the language line "mynt_buy_taobao"
ERROR - 2016-06-18 07:16:36 --> Could not find the language line "mynt_buy_tmall"
ERROR - 2016-06-18 07:16:36 --> Could not find the language line "mynt_buy_youzan"
ERROR - 2016-06-18 07:18:04 --> Could not find the language line "mynt_buy_taobao"
ERROR - 2016-06-18 07:18:04 --> Could not find the language line "mynt_buy_tmall"
ERROR - 2016-06-18 07:18:04 --> Could not find the language line "mynt_buy_youzan"
ERROR - 2016-06-18 07:19:14 --> Could not find the language line "mynt_buy_taobao"
ERROR - 2016-06-18 07:19:14 --> Could not find the language line "mynt_buy_tmall"
ERROR - 2016-06-18 07:19:14 --> Could not find the language line "mynt_buy_youzan"
ERROR - 2016-06-18 07:19:24 --> Could not find the language line "mynt_buy_taobao"
ERROR - 2016-06-18 07:19:24 --> Could not find the language line "mynt_buy_tmall"
ERROR - 2016-06-18 07:19:24 --> Could not find the language line "mynt_buy_youzan"
ERROR - 2016-06-18 07:20:16 --> Could not find the language line "mynt_buy_taobao"
ERROR - 2016-06-18 07:20:16 --> Could not find the language line "mynt_buy_tmall"
ERROR - 2016-06-18 07:20:16 --> Could not find the language line "mynt_buy_youzan"
ERROR - 2016-06-18 07:20:59 --> Could not find the language line "mynt_buy_taobao"
ERROR - 2016-06-18 07:20:59 --> Could not find the language line "mynt_buy_tmall"
ERROR - 2016-06-18 07:20:59 --> Could not find the language line "mynt_buy_youzan"
ERROR - 2016-06-18 07:22:50 --> Could not find the language line "mynt_buy_taobao"
ERROR - 2016-06-18 07:22:50 --> Could not find the language line "mynt_buy_tmall"
ERROR - 2016-06-18 07:22:50 --> Could not find the language line "mynt_buy_youzan"
ERROR - 2016-06-18 07:24:04 --> Could not find the language line "mynt_buy_taobao"
ERROR - 2016-06-18 07:24:04 --> Could not find the language line "mynt_buy_tmall"
ERROR - 2016-06-18 07:24:04 --> Could not find the language line "mynt_buy_youzan"
ERROR - 2016-06-18 07:24:12 --> Could not find the language line "mynt_buy_taobao"
ERROR - 2016-06-18 07:24:12 --> Could not find the language line "mynt_buy_tmall"
ERROR - 2016-06-18 07:24:12 --> Could not find the language line "mynt_buy_youzan"
ERROR - 2016-06-18 07:25:12 --> Could not find the language line "mynt_buy_taobao"
ERROR - 2016-06-18 07:25:12 --> Could not find the language line "mynt_buy_tmall"
ERROR - 2016-06-18 07:25:12 --> Could not find the language line "mynt_buy_youzan"
ERROR - 2016-06-18 07:25:52 --> Could not find the language line "mynt_buy_taobao"
ERROR - 2016-06-18 07:25:52 --> Could not find the language line "mynt_buy_tmall"
ERROR - 2016-06-18 07:25:52 --> Could not find the language line "mynt_buy_youzan"
ERROR - 2016-06-18 07:27:23 --> Could not find the language line "mynt_buy_taobao"
ERROR - 2016-06-18 07:27:23 --> Could not find the language line "mynt_buy_tmall"
ERROR - 2016-06-18 07:27:23 --> Could not find the language line "mynt_buy_youzan"
ERROR - 2016-06-18 07:32:14 --> Could not find the language line "mynt_buy_taobao"
ERROR - 2016-06-18 07:32:14 --> Could not find the language line "mynt_buy_tmall"
ERROR - 2016-06-18 07:32:14 --> Could not find the language line "mynt_buy_youzan"
ERROR - 2016-06-18 07:33:00 --> Could not find the language line "mynt_buy_taobao"
ERROR - 2016-06-18 07:33:00 --> Could not find the language line "mynt_buy_tmall"
ERROR - 2016-06-18 07:33:00 --> Could not find the language line "mynt_buy_youzan"
ERROR - 2016-06-18 07:33:16 --> Could not find the language line "mynt_buy_taobao"
ERROR - 2016-06-18 07:33:16 --> Could not find the language line "mynt_buy_tmall"
ERROR - 2016-06-18 07:33:16 --> Could not find the language line "mynt_buy_youzan"
ERROR - 2016-06-18 07:33:16 --> Could not find the language line "mynt_icon_taobao"
ERROR - 2016-06-18 07:33:16 --> Could not find the language line "mynt_icon_tmall"
ERROR - 2016-06-18 07:33:16 --> Could not find the language line "mynt_icon_youzan"
ERROR - 2016-06-18 07:33:16 --> Could not find the language line "mynt_jd_detail"
ERROR - 2016-06-18 07:33:16 --> Could not find the language line "to_buy_wd"
ERROR - 2016-06-18 07:33:16 --> Could not find the language line "slightech_wechat"
ERROR - 2016-06-18 07:33:16 --> Could not find the language line "camera_no_lost"
ERROR - 2016-06-18 07:33:16 --> Could not find the language line "key_no_lost"
ERROR - 2016-06-18 07:33:16 --> Could not find the language line "bag_no_lost"
ERROR - 2016-06-18 07:33:16 --> Could not find the language line "computer_no_lost"
ERROR - 2016-06-18 07:33:16 --> Could not find the language line "pet_no_lost"
ERROR - 2016-06-18 07:33:16 --> Could not find the language line "goal"
ERROR - 2016-06-18 07:33:16 --> Could not find the language line "fund_title"
ERROR - 2016-06-18 07:33:16 --> Could not find the language line "fund_intro"
ERROR - 2016-06-18 07:33:28 --> Could not find the language line "mynt_buy_taobao"
ERROR - 2016-06-18 07:33:28 --> Could not find the language line "mynt_buy_tmall"
ERROR - 2016-06-18 07:33:28 --> Could not find the language line "mynt_buy_youzan"
ERROR - 2016-06-18 07:35:14 --> Could not find the language line "mynt_buy_taobao"
ERROR - 2016-06-18 07:35:14 --> Could not find the language line "mynt_buy_tmall"
ERROR - 2016-06-18 07:35:14 --> Could not find the language line "mynt_buy_youzan"
ERROR - 2016-06-18 07:36:33 --> Could not find the language line "mynt_buy_amazon"
ERROR - 2016-06-18 07:39:47 --> Could not find the language line "mynt_buy_taobao"
ERROR - 2016-06-18 07:39:47 --> Could not find the language line "mynt_buy_tmall"
ERROR - 2016-06-18 07:39:47 --> Could not find the language line "mynt_buy_youzan"
ERROR - 2016-06-18 07:41:46 --> Could not find the language line "mynt_buy_taobao"
ERROR - 2016-06-18 07:41:46 --> Could not find the language line "mynt_buy_tmall"
ERROR - 2016-06-18 07:41:46 --> Could not find the language line "mynt_buy_youzan"
ERROR - 2016-06-18 07:42:22 --> Could not find the language line "mynt_buy_taobao"
ERROR - 2016-06-18 07:42:22 --> Could not find the language line "mynt_buy_tmall"
ERROR - 2016-06-18 07:42:22 --> Could not find the language line "mynt_buy_youzan"
ERROR - 2016-06-18 07:43:26 --> Could not find the language line "mynt_buy_taobao"
ERROR - 2016-06-18 07:43:26 --> Could not find the language line "mynt_buy_tmall"
ERROR - 2016-06-18 07:43:26 --> Could not find the language line "mynt_buy_youzan"
ERROR - 2016-06-18 07:44:00 --> Could not find the language line "mynt_buy_taobao"
ERROR - 2016-06-18 07:44:00 --> Could not find the language line "mynt_buy_tmall"
ERROR - 2016-06-18 07:44:00 --> Could not find the language line "mynt_buy_youzan"
ERROR - 2016-06-18 07:45:13 --> Could not find the language line "mynt_buy_taobao"
ERROR - 2016-06-18 07:45:13 --> Could not find the language line "mynt_buy_tmall"
ERROR - 2016-06-18 07:45:13 --> Could not find the language line "mynt_buy_youzan"
ERROR - 2016-06-18 07:45:47 --> Could not find the language line "mynt_buy_taobao"
ERROR - 2016-06-18 07:45:47 --> Could not find the language line "mynt_buy_tmall"
ERROR - 2016-06-18 07:45:48 --> Could not find the language line "mynt_buy_youzan"
ERROR - 2016-06-18 07:46:01 --> Could not find the language line "mynt_buy_taobao"
ERROR - 2016-06-18 07:46:01 --> Could not find the language line "mynt_buy_tmall"
ERROR - 2016-06-18 07:46:01 --> Could not find the language line "mynt_buy_youzan"
ERROR - 2016-06-18 07:46:08 --> Could not find the language line "mynt_buy_taobao"
ERROR - 2016-06-18 07:46:08 --> Could not find the language line "mynt_buy_tmall"
ERROR - 2016-06-18 07:46:08 --> Could not find the language line "mynt_buy_youzan"
ERROR - 2016-06-18 07:47:44 --> Could not find the language line "mynt_buy_taobao"
ERROR - 2016-06-18 07:47:44 --> Could not find the language line "mynt_buy_tmall"
ERROR - 2016-06-18 07:47:44 --> Could not find the language line "mynt_buy_youzan"
ERROR - 2016-06-18 07:54:22 --> Could not find the language line "mynt_buy_taobao"
ERROR - 2016-06-18 07:54:22 --> Could not find the language line "mynt_buy_tmall"
ERROR - 2016-06-18 07:54:22 --> Could not find the language line "mynt_buy_youzan"
ERROR - 2016-06-18 07:55:00 --> Could not find the language line "mynt_buy_taobao"
ERROR - 2016-06-18 07:55:00 --> Could not find the language line "mynt_buy_tmall"
ERROR - 2016-06-18 07:55:00 --> Could not find the language line "mynt_buy_youzan"
ERROR - 2016-06-18 07:55:23 --> Could not find the language line "mynt_buy_taobao"
ERROR - 2016-06-18 07:55:23 --> Could not find the language line "mynt_buy_tmall"
ERROR - 2016-06-18 07:55:23 --> Could not find the language line "mynt_buy_youzan"
ERROR - 2016-06-18 07:56:58 --> Could not find the language line "mynt_buy_taobao"
ERROR - 2016-06-18 07:56:58 --> Could not find the language line "mynt_buy_tmall"
ERROR - 2016-06-18 07:56:58 --> Could not find the language line "mynt_buy_youzan"
ERROR - 2016-06-18 08:01:21 --> Could not find the language line "mynt_buy_taobao"
ERROR - 2016-06-18 08:01:21 --> Could not find the language line "mynt_buy_tmall"
ERROR - 2016-06-18 08:01:21 --> Could not find the language line "mynt_buy_youzan"
ERROR - 2016-06-18 08:01:48 --> Could not find the language line "mynt_buy_taobao"
ERROR - 2016-06-18 08:01:48 --> Could not find the language line "mynt_buy_tmall"
ERROR - 2016-06-18 08:01:48 --> Could not find the language line "mynt_buy_youzan"
ERROR - 2016-06-18 08:01:49 --> Could not find the language line "mynt_buy_taobao"
ERROR - 2016-06-18 08:01:49 --> Could not find the language line "mynt_buy_tmall"
ERROR - 2016-06-18 08:01:49 --> Could not find the language line "mynt_buy_youzan"
ERROR - 2016-06-18 08:01:49 --> Could not find the language line "mynt_buy_taobao"
ERROR - 2016-06-18 08:01:49 --> Could not find the language line "mynt_buy_tmall"
ERROR - 2016-06-18 08:01:49 --> Could not find the language line "mynt_buy_youzan"
ERROR - 2016-06-18 08:01:49 --> Could not find the language line "mynt_buy_taobao"
ERROR - 2016-06-18 08:01:49 --> Could not find the language line "mynt_buy_tmall"
ERROR - 2016-06-18 08:01:49 --> Could not find the language line "mynt_buy_youzan"
ERROR - 2016-06-18 08:01:50 --> Could not find the language line "mynt_buy_taobao"
ERROR - 2016-06-18 08:01:50 --> Could not find the language line "mynt_buy_tmall"
ERROR - 2016-06-18 08:01:50 --> Could not find the language line "mynt_buy_youzan"
ERROR - 2016-06-18 08:01:50 --> Could not find the language line "mynt_buy_taobao"
ERROR - 2016-06-18 08:01:50 --> Could not find the language line "mynt_buy_tmall"
ERROR - 2016-06-18 08:01:50 --> Could not find the language line "mynt_buy_youzan"
ERROR - 2016-06-18 08:01:50 --> Could not find the language line "mynt_buy_taobao"
ERROR - 2016-06-18 08:01:50 --> Could not find the language line "mynt_buy_tmall"
ERROR - 2016-06-18 08:01:50 --> Could not find the language line "mynt_buy_youzan"
ERROR - 2016-06-18 08:01:50 --> Could not find the language line "mynt_buy_taobao"
ERROR - 2016-06-18 08:01:50 --> Could not find the language line "mynt_buy_tmall"
ERROR - 2016-06-18 08:01:50 --> Could not find the language line "mynt_buy_youzan"
ERROR - 2016-06-18 08:01:50 --> Could not find the language line "mynt_buy_taobao"
ERROR - 2016-06-18 08:01:50 --> Could not find the language line "mynt_buy_tmall"
ERROR - 2016-06-18 08:01:50 --> Could not find the language line "mynt_buy_youzan"
ERROR - 2016-06-18 08:01:50 --> Could not find the language line "mynt_buy_taobao"
ERROR - 2016-06-18 08:01:50 --> Could not find the language line "mynt_buy_tmall"
ERROR - 2016-06-18 08:01:51 --> Could not find the language line "mynt_buy_youzan"
ERROR - 2016-06-18 08:01:51 --> Could not find the language line "mynt_buy_taobao"
ERROR - 2016-06-18 08:01:51 --> Could not find the language line "mynt_buy_tmall"
ERROR - 2016-06-18 08:01:51 --> Could not find the language line "mynt_buy_youzan"
ERROR - 2016-06-18 08:01:55 --> Could not find the language line "mynt_buy_taobao"
ERROR - 2016-06-18 08:01:55 --> Could not find the language line "mynt_buy_tmall"
ERROR - 2016-06-18 08:01:55 --> Could not find the language line "mynt_buy_youzan"
ERROR - 2016-06-18 08:12:32 --> Could not find the language line "mynt_buy_taobao"
ERROR - 2016-06-18 08:12:32 --> Could not find the language line "mynt_buy_tmall"
ERROR - 2016-06-18 08:12:32 --> Could not find the language line "mynt_buy_youzan"
ERROR - 2016-06-18 08:13:55 --> Could not find the language line "mynt_buy_taobao"
ERROR - 2016-06-18 08:13:55 --> Could not find the language line "mynt_buy_tmall"
ERROR - 2016-06-18 08:13:55 --> Could not find the language line "mynt_buy_youzan"
ERROR - 2016-06-18 08:14:58 --> Could not find the language line "mynt_buy_taobao"
ERROR - 2016-06-18 08:14:58 --> Could not find the language line "mynt_buy_tmall"
ERROR - 2016-06-18 08:14:58 --> Could not find the language line "mynt_buy_youzan"
ERROR - 2016-06-18 08:15:02 --> Could not find the language line "mynt_buy_taobao"
ERROR - 2016-06-18 08:15:02 --> Could not find the language line "mynt_buy_tmall"
ERROR - 2016-06-18 08:15:02 --> Could not find the language line "mynt_buy_youzan"
ERROR - 2016-06-18 08:15:26 --> Could not find the language line "mynt_buy_taobao"
ERROR - 2016-06-18 08:15:26 --> Could not find the language line "mynt_buy_tmall"
ERROR - 2016-06-18 08:15:26 --> Could not find the language line "mynt_buy_youzan"
ERROR - 2016-06-18 08:15:35 --> Could not find the language line "mynt_buy_taobao"
ERROR - 2016-06-18 08:15:35 --> Could not find the language line "mynt_buy_tmall"
ERROR - 2016-06-18 08:15:35 --> Could not find the language line "mynt_buy_youzan"
ERROR - 2016-06-18 08:15:45 --> Could not find the language line "mynt_buy_taobao"
ERROR - 2016-06-18 08:15:45 --> Could not find the language line "mynt_buy_tmall"
ERROR - 2016-06-18 08:15:45 --> Could not find the language line "mynt_buy_youzan"
ERROR - 2016-06-18 08:15:49 --> Could not find the language line "mynt_buy_taobao"
ERROR - 2016-06-18 08:15:49 --> Could not find the language line "mynt_buy_tmall"
ERROR - 2016-06-18 08:15:49 --> Could not find the language line "mynt_buy_youzan"
ERROR - 2016-06-18 08:15:49 --> Could not find the language line "mynt_buy_taobao"
ERROR - 2016-06-18 08:15:49 --> Could not find the language line "mynt_buy_tmall"
ERROR - 2016-06-18 08:15:49 --> Could not find the language line "mynt_buy_youzan"
ERROR - 2016-06-18 08:15:50 --> Could not find the language line "mynt_buy_taobao"
ERROR - 2016-06-18 08:15:50 --> Could not find the language line "mynt_buy_tmall"
ERROR - 2016-06-18 08:15:50 --> Could not find the language line "mynt_buy_youzan"
ERROR - 2016-06-18 08:15:50 --> Could not find the language line "mynt_buy_taobao"
ERROR - 2016-06-18 08:15:50 --> Could not find the language line "mynt_buy_tmall"
ERROR - 2016-06-18 08:15:50 --> Could not find the language line "mynt_buy_youzan"
ERROR - 2016-06-18 08:15:50 --> Could not find the language line "mynt_buy_taobao"
ERROR - 2016-06-18 08:15:50 --> Could not find the language line "mynt_buy_tmall"
ERROR - 2016-06-18 08:15:50 --> Could not find the language line "mynt_buy_youzan"
ERROR - 2016-06-18 08:15:50 --> Could not find the language line "mynt_buy_taobao"
ERROR - 2016-06-18 08:15:50 --> Could not find the language line "mynt_buy_tmall"
ERROR - 2016-06-18 08:15:50 --> Could not find the language line "mynt_buy_youzan"
ERROR - 2016-06-18 08:15:50 --> Could not find the language line "mynt_buy_taobao"
ERROR - 2016-06-18 08:15:50 --> Could not find the language line "mynt_buy_tmall"
ERROR - 2016-06-18 08:15:50 --> Could not find the language line "mynt_buy_youzan"
ERROR - 2016-06-18 08:15:51 --> Could not find the language line "mynt_buy_taobao"
ERROR - 2016-06-18 08:15:51 --> Could not find the language line "mynt_buy_tmall"
ERROR - 2016-06-18 08:15:51 --> Could not find the language line "mynt_buy_youzan"
ERROR - 2016-06-18 08:15:51 --> Could not find the language line "mynt_buy_taobao"
ERROR - 2016-06-18 08:15:51 --> Could not find the language line "mynt_buy_tmall"
ERROR - 2016-06-18 08:15:51 --> Could not find the language line "mynt_buy_youzan"
ERROR - 2016-06-18 08:16:09 --> Could not find the language line "mynt_buy_taobao"
ERROR - 2016-06-18 08:16:09 --> Could not find the language line "mynt_buy_tmall"
ERROR - 2016-06-18 08:16:09 --> Could not find the language line "mynt_buy_youzan"
ERROR - 2016-06-18 08:16:15 --> Could not find the language line "mynt_buy_taobao"
ERROR - 2016-06-18 08:16:15 --> Could not find the language line "mynt_buy_tmall"
ERROR - 2016-06-18 08:16:15 --> Could not find the language line "mynt_buy_youzan"
ERROR - 2016-06-18 08:18:39 --> Could not find the language line "mynt_buy_taobao"
ERROR - 2016-06-18 08:18:39 --> Could not find the language line "mynt_buy_tmall"
ERROR - 2016-06-18 08:18:39 --> Could not find the language line "mynt_buy_youzan"
ERROR - 2016-06-18 08:20:37 --> Could not find the language line "mynt_buy_taobao"
ERROR - 2016-06-18 08:20:37 --> Could not find the language line "mynt_buy_tmall"
ERROR - 2016-06-18 08:20:37 --> Could not find the language line "mynt_buy_youzan"
ERROR - 2016-06-18 08:29:08 --> Could not find the language line "mynt_buy_taobao"
ERROR - 2016-06-18 08:29:08 --> Could not find the language line "mynt_buy_tmall"
ERROR - 2016-06-18 08:29:08 --> Could not find the language line "mynt_buy_youzan"
ERROR - 2016-06-18 08:32:42 --> Could not find the language line "mynt_buy_taobao"
ERROR - 2016-06-18 08:32:42 --> Could not find the language line "mynt_buy_tmall"
ERROR - 2016-06-18 08:32:42 --> Could not find the language line "mynt_buy_youzan"
ERROR - 2016-06-18 08:33:21 --> Could not find the language line "mynt_buy_taobao"
ERROR - 2016-06-18 08:33:21 --> Could not find the language line "mynt_buy_tmall"
ERROR - 2016-06-18 08:33:21 --> Could not find the language line "mynt_buy_youzan"
ERROR - 2016-06-18 08:33:59 --> Could not find the language line "mynt_buy_taobao"
ERROR - 2016-06-18 08:33:59 --> Could not find the language line "mynt_buy_tmall"
ERROR - 2016-06-18 08:33:59 --> Could not find the language line "mynt_buy_youzan"
ERROR - 2016-06-18 08:38:44 --> Could not find the language line "mynt_buy_taobao"
ERROR - 2016-06-18 08:38:44 --> Could not find the language line "mynt_buy_tmall"
ERROR - 2016-06-18 08:38:44 --> Could not find the language line "mynt_buy_youzan"
ERROR - 2016-06-18 08:45:52 --> Could not find the language line "mynt_buy_taobao"
ERROR - 2016-06-18 08:45:52 --> Could not find the language line "mynt_buy_tmall"
ERROR - 2016-06-18 08:45:52 --> Could not find the language line "mynt_buy_youzan"
ERROR - 2016-06-18 08:48:17 --> Could not find the language line "mynt_buy_taobao"
ERROR - 2016-06-18 08:48:17 --> Could not find the language line "mynt_buy_tmall"
ERROR - 2016-06-18 08:48:17 --> Could not find the language line "mynt_buy_youzan"
ERROR - 2016-06-18 08:48:30 --> Could not find the language line "mynt_buy_taobao"
ERROR - 2016-06-18 08:48:30 --> Could not find the language line "mynt_buy_tmall"
ERROR - 2016-06-18 08:48:30 --> Could not find the language line "mynt_buy_youzan"
ERROR - 2016-06-18 08:49:15 --> Could not find the language line "mynt_buy_taobao"
ERROR - 2016-06-18 08:49:15 --> Could not find the language line "mynt_buy_tmall"
ERROR - 2016-06-18 08:49:15 --> Could not find the language line "mynt_buy_youzan"
ERROR - 2016-06-18 08:49:26 --> Could not find the language line "mynt_buy_taobao"
ERROR - 2016-06-18 08:49:26 --> Could not find the language line "mynt_buy_tmall"
ERROR - 2016-06-18 08:49:26 --> Could not find the language line "mynt_buy_youzan"
ERROR - 2016-06-18 08:50:15 --> Could not find the language line "mynt_buy_taobao"
ERROR - 2016-06-18 08:50:15 --> Could not find the language line "mynt_buy_tmall"
ERROR - 2016-06-18 08:50:15 --> Could not find the language line "mynt_buy_youzan"
ERROR - 2016-06-18 08:50:38 --> Could not find the language line "mynt_buy_taobao"
ERROR - 2016-06-18 08:50:38 --> Could not find the language line "mynt_buy_tmall"
ERROR - 2016-06-18 08:50:38 --> Could not find the language line "mynt_buy_youzan"
ERROR - 2016-06-18 08:51:06 --> Could not find the language line "mynt_buy_taobao"
ERROR - 2016-06-18 08:51:06 --> Could not find the language line "mynt_buy_tmall"
ERROR - 2016-06-18 08:51:06 --> Could not find the language line "mynt_buy_youzan"
ERROR - 2016-06-18 09:15:42 --> Could not find the language line "mynt_buy_taobao"
ERROR - 2016-06-18 09:15:42 --> Could not find the language line "mynt_buy_tmall"
ERROR - 2016-06-18 09:15:42 --> Could not find the language line "mynt_buy_youzan"
ERROR - 2016-06-18 09:32:52 --> Could not find the language line "mynt_buy_taobao"
ERROR - 2016-06-18 09:32:52 --> Could not find the language line "mynt_buy_tmall"
ERROR - 2016-06-18 09:32:52 --> Could not find the language line "mynt_buy_youzan"
ERROR - 2016-06-18 09:32:57 --> Could not find the language line "mynt_buy_taobao"
ERROR - 2016-06-18 09:32:57 --> Could not find the language line "mynt_buy_tmall"
ERROR - 2016-06-18 09:32:57 --> Could not find the language line "mynt_buy_youzan"
ERROR - 2016-06-18 09:33:00 --> Could not find the language line "mynt_buy_taobao"
ERROR - 2016-06-18 09:33:00 --> Could not find the language line "mynt_buy_tmall"
ERROR - 2016-06-18 09:33:00 --> Could not find the language line "mynt_buy_youzan"
