ERROR - 2017-06-16 09:03:21 --> Could not find the language line "mynt_buy_taobao"
ERROR - 2017-06-16 09:03:21 --> Could not find the language line "mynt_buy_tmall"
ERROR - 2017-06-16 09:03:21 --> Could not find the language line "mynt_buy_youzan"
ERROR - 2017-06-16 09:03:21 --> Could not find the language line "mynt_buy_jd"
ERROR - 2017-06-16 09:03:21 --> Could not find the language line "home_cloud_title"
ERROR - 2017-06-16 09:03:21 --> Could not find the language line "home_cloud_intro"
ERROR - 2017-06-16 09:03:21 --> Could not find the language line "mynt_icon_taobao"
ERROR - 2017-06-16 09:03:21 --> Could not find the language line "mynt_icon_tmall"
ERROR - 2017-06-16 09:03:21 --> Could not find the language line "mynt_icon_youzan"
ERROR - 2017-06-16 09:03:23 --> Could not find the language line "mynt_buy_taobao"
ERROR - 2017-06-16 09:03:23 --> Could not find the language line "mynt_buy_tmall"
ERROR - 2017-06-16 09:03:23 --> Could not find the language line "mynt_buy_youzan"
ERROR - 2017-06-16 09:03:23 --> Could not find the language line "mynt_buy_jd"
ERROR - 2017-06-16 09:32:42 --> Could not find the language line "mynt_buy_taobao"
ERROR - 2017-06-16 09:32:42 --> Could not find the language line "mynt_buy_tmall"
ERROR - 2017-06-16 09:32:42 --> Could not find the language line "mynt_buy_youzan"
ERROR - 2017-06-16 09:32:42 --> Could not find the language line "mynt_buy_jd"
ERROR - 2017-06-16 09:32:42 --> Could not find the language line "home_cloud_title"
ERROR - 2017-06-16 09:32:42 --> Could not find the language line "home_cloud_intro"
ERROR - 2017-06-16 09:32:42 --> Could not find the language line "mynt_icon_taobao"
ERROR - 2017-06-16 09:32:42 --> Could not find the language line "mynt_icon_tmall"
ERROR - 2017-06-16 09:32:42 --> Could not find the language line "mynt_icon_youzan"
ERROR - 2017-06-16 09:32:43 --> Could not find the language line "mynt_buy_taobao"
ERROR - 2017-06-16 09:32:43 --> Could not find the language line "mynt_buy_tmall"
ERROR - 2017-06-16 09:32:43 --> Could not find the language line "mynt_buy_youzan"
ERROR - 2017-06-16 09:32:43 --> Could not find the language line "mynt_buy_jd"
ERROR - 2017-06-16 09:41:44 --> Could not find the language line "mynt_buy_taobao"
ERROR - 2017-06-16 09:41:44 --> Could not find the language line "mynt_buy_tmall"
ERROR - 2017-06-16 09:41:44 --> Could not find the language line "mynt_buy_youzan"
ERROR - 2017-06-16 09:41:44 --> Could not find the language line "mynt_buy_jd"
ERROR - 2017-06-16 09:41:44 --> Could not find the language line "home_cloud_title"
ERROR - 2017-06-16 09:41:44 --> Could not find the language line "home_cloud_intro"
ERROR - 2017-06-16 09:41:44 --> Could not find the language line "mynt_icon_taobao"
ERROR - 2017-06-16 09:41:44 --> Could not find the language line "mynt_icon_tmall"
ERROR - 2017-06-16 09:41:44 --> Could not find the language line "mynt_icon_youzan"
ERROR - 2017-06-16 09:41:45 --> Could not find the language line "mynt_buy_taobao"
ERROR - 2017-06-16 09:41:45 --> Could not find the language line "mynt_buy_tmall"
ERROR - 2017-06-16 09:41:45 --> Could not find the language line "mynt_buy_youzan"
ERROR - 2017-06-16 09:41:45 --> Could not find the language line "mynt_buy_jd"
ERROR - 2017-06-16 09:41:46 --> Could not find the language line "mynt_buy_taobao"
ERROR - 2017-06-16 09:41:46 --> Could not find the language line "mynt_buy_tmall"
ERROR - 2017-06-16 09:41:46 --> Could not find the language line "mynt_buy_youzan"
ERROR - 2017-06-16 09:41:46 --> Could not find the language line "mynt_buy_jd"
ERROR - 2017-06-16 09:41:46 --> Could not find the language line "home_cloud_title"
ERROR - 2017-06-16 09:41:46 --> Could not find the language line "home_cloud_intro"
ERROR - 2017-06-16 09:41:46 --> Could not find the language line "mynt_icon_taobao"
ERROR - 2017-06-16 09:41:46 --> Could not find the language line "mynt_icon_tmall"
ERROR - 2017-06-16 09:41:46 --> Could not find the language line "mynt_icon_youzan"
ERROR - 2017-06-16 09:41:46 --> Could not find the language line "mynt_buy_taobao"
ERROR - 2017-06-16 09:41:46 --> Could not find the language line "mynt_buy_tmall"
ERROR - 2017-06-16 09:41:46 --> Could not find the language line "mynt_buy_youzan"
ERROR - 2017-06-16 09:41:46 --> Could not find the language line "mynt_buy_jd"
ERROR - 2017-06-16 09:41:46 --> Could not find the language line "mynt_buy_taobao"
ERROR - 2017-06-16 09:41:46 --> Could not find the language line "mynt_buy_tmall"
ERROR - 2017-06-16 09:41:46 --> Could not find the language line "mynt_buy_youzan"
ERROR - 2017-06-16 09:41:46 --> Could not find the language line "mynt_buy_jd"
ERROR - 2017-06-16 09:41:46 --> Could not find the language line "home_cloud_title"
ERROR - 2017-06-16 09:41:46 --> Could not find the language line "home_cloud_intro"
ERROR - 2017-06-16 09:41:46 --> Could not find the language line "mynt_icon_taobao"
ERROR - 2017-06-16 09:41:46 --> Could not find the language line "mynt_icon_tmall"
ERROR - 2017-06-16 09:41:46 --> Could not find the language line "mynt_icon_youzan"
ERROR - 2017-06-16 09:41:46 --> Could not find the language line "mynt_buy_taobao"
ERROR - 2017-06-16 09:41:46 --> Could not find the language line "mynt_buy_tmall"
ERROR - 2017-06-16 09:41:46 --> Could not find the language line "mynt_buy_youzan"
ERROR - 2017-06-16 09:41:46 --> Could not find the language line "mynt_buy_jd"
ERROR - 2017-06-16 09:41:46 --> Could not find the language line "home_cloud_title"
ERROR - 2017-06-16 09:41:46 --> Could not find the language line "home_cloud_intro"
ERROR - 2017-06-16 09:41:46 --> Could not find the language line "mynt_icon_taobao"
ERROR - 2017-06-16 09:41:46 --> Could not find the language line "mynt_icon_tmall"
ERROR - 2017-06-16 09:41:46 --> Could not find the language line "mynt_icon_youzan"
ERROR - 2017-06-16 09:41:46 --> Could not find the language line "mynt_buy_taobao"
ERROR - 2017-06-16 09:41:46 --> Could not find the language line "mynt_buy_tmall"
ERROR - 2017-06-16 09:41:46 --> Could not find the language line "mynt_buy_youzan"
ERROR - 2017-06-16 09:41:46 --> Could not find the language line "mynt_buy_jd"
ERROR - 2017-06-16 09:41:57 --> Could not find the language line "mynt_buy_taobao"
ERROR - 2017-06-16 09:41:57 --> Could not find the language line "mynt_buy_tmall"
ERROR - 2017-06-16 09:41:57 --> Could not find the language line "mynt_buy_youzan"
ERROR - 2017-06-16 09:41:57 --> Could not find the language line "mynt_buy_jd"
ERROR - 2017-06-16 09:41:57 --> Could not find the language line "home_cloud_title"
ERROR - 2017-06-16 09:41:57 --> Could not find the language line "home_cloud_intro"
ERROR - 2017-06-16 09:41:57 --> Could not find the language line "mynt_icon_taobao"
ERROR - 2017-06-16 09:41:57 --> Could not find the language line "mynt_icon_tmall"
ERROR - 2017-06-16 09:41:57 --> Could not find the language line "mynt_icon_youzan"
ERROR - 2017-06-16 09:41:57 --> Could not find the language line "mynt_buy_taobao"
ERROR - 2017-06-16 09:41:57 --> Could not find the language line "mynt_buy_tmall"
ERROR - 2017-06-16 09:41:57 --> Could not find the language line "mynt_buy_youzan"
ERROR - 2017-06-16 09:41:57 --> Could not find the language line "mynt_buy_jd"
ERROR - 2017-06-16 09:44:15 --> Could not find the language line "mynt_buy_taobao"
ERROR - 2017-06-16 09:44:15 --> Could not find the language line "mynt_buy_tmall"
ERROR - 2017-06-16 09:44:15 --> Could not find the language line "mynt_buy_youzan"
ERROR - 2017-06-16 09:44:15 --> Could not find the language line "mynt_buy_jd"
ERROR - 2017-06-16 09:44:15 --> Could not find the language line "home_cloud_title"
ERROR - 2017-06-16 09:44:15 --> Could not find the language line "home_cloud_intro"
ERROR - 2017-06-16 09:44:15 --> Could not find the language line "mynt_icon_taobao"
ERROR - 2017-06-16 09:44:15 --> Could not find the language line "mynt_icon_tmall"
ERROR - 2017-06-16 09:44:15 --> Could not find the language line "mynt_icon_youzan"
ERROR - 2017-06-16 09:44:16 --> Could not find the language line "mynt_buy_taobao"
ERROR - 2017-06-16 09:44:16 --> Could not find the language line "mynt_buy_tmall"
ERROR - 2017-06-16 09:44:16 --> Could not find the language line "mynt_buy_youzan"
ERROR - 2017-06-16 09:44:16 --> Could not find the language line "mynt_buy_jd"
ERROR - 2017-06-16 09:44:16 --> Could not find the language line "home_cloud_title"
ERROR - 2017-06-16 09:44:16 --> Could not find the language line "home_cloud_intro"
ERROR - 2017-06-16 09:44:16 --> Could not find the language line "mynt_icon_taobao"
ERROR - 2017-06-16 09:44:16 --> Could not find the language line "mynt_icon_tmall"
ERROR - 2017-06-16 09:44:16 --> Could not find the language line "mynt_icon_youzan"
ERROR - 2017-06-16 09:44:16 --> Could not find the language line "mynt_buy_taobao"
ERROR - 2017-06-16 09:44:16 --> Could not find the language line "mynt_buy_tmall"
ERROR - 2017-06-16 09:44:16 --> Could not find the language line "mynt_buy_youzan"
ERROR - 2017-06-16 09:44:16 --> Could not find the language line "mynt_buy_jd"
ERROR - 2017-06-16 09:46:10 --> Could not find the language line "mynt_buy_taobao"
ERROR - 2017-06-16 09:46:10 --> Could not find the language line "mynt_buy_tmall"
ERROR - 2017-06-16 09:46:10 --> Could not find the language line "mynt_buy_youzan"
ERROR - 2017-06-16 09:46:10 --> Could not find the language line "mynt_buy_jd"
ERROR - 2017-06-16 09:46:10 --> Could not find the language line "home_cloud_title"
ERROR - 2017-06-16 09:46:10 --> Could not find the language line "home_cloud_intro"
ERROR - 2017-06-16 09:46:10 --> Could not find the language line "mynt_icon_taobao"
ERROR - 2017-06-16 09:46:10 --> Could not find the language line "mynt_icon_tmall"
ERROR - 2017-06-16 09:46:10 --> Could not find the language line "mynt_icon_youzan"
ERROR - 2017-06-16 09:46:10 --> Could not find the language line "mynt_buy_taobao"
ERROR - 2017-06-16 09:46:10 --> Could not find the language line "mynt_buy_tmall"
ERROR - 2017-06-16 09:46:10 --> Could not find the language line "mynt_buy_youzan"
ERROR - 2017-06-16 09:46:10 --> Could not find the language line "mynt_buy_jd"
ERROR - 2017-06-16 09:46:11 --> Could not find the language line "mynt_buy_taobao"
ERROR - 2017-06-16 09:46:11 --> Could not find the language line "mynt_buy_tmall"
ERROR - 2017-06-16 09:46:11 --> Could not find the language line "mynt_buy_youzan"
ERROR - 2017-06-16 09:46:11 --> Could not find the language line "mynt_buy_jd"
ERROR - 2017-06-16 09:46:11 --> Could not find the language line "home_cloud_title"
ERROR - 2017-06-16 09:46:11 --> Could not find the language line "home_cloud_intro"
ERROR - 2017-06-16 09:46:11 --> Could not find the language line "mynt_icon_taobao"
ERROR - 2017-06-16 09:46:11 --> Could not find the language line "mynt_icon_tmall"
ERROR - 2017-06-16 09:46:11 --> Could not find the language line "mynt_icon_youzan"
ERROR - 2017-06-16 09:46:11 --> Could not find the language line "mynt_buy_taobao"
ERROR - 2017-06-16 09:46:11 --> Could not find the language line "mynt_buy_tmall"
ERROR - 2017-06-16 09:46:11 --> Could not find the language line "mynt_buy_youzan"
ERROR - 2017-06-16 09:46:11 --> Could not find the language line "mynt_buy_jd"
ERROR - 2017-06-16 09:46:11 --> Could not find the language line "mynt_buy_taobao"
ERROR - 2017-06-16 09:46:11 --> Could not find the language line "mynt_buy_tmall"
ERROR - 2017-06-16 09:46:11 --> Could not find the language line "mynt_buy_youzan"
ERROR - 2017-06-16 09:46:11 --> Could not find the language line "mynt_buy_jd"
ERROR - 2017-06-16 09:46:11 --> Could not find the language line "home_cloud_title"
ERROR - 2017-06-16 09:46:11 --> Could not find the language line "home_cloud_intro"
ERROR - 2017-06-16 09:46:11 --> Could not find the language line "mynt_icon_taobao"
ERROR - 2017-06-16 09:46:11 --> Could not find the language line "mynt_icon_tmall"
ERROR - 2017-06-16 09:46:11 --> Could not find the language line "mynt_icon_youzan"
ERROR - 2017-06-16 09:46:11 --> Could not find the language line "mynt_buy_taobao"
ERROR - 2017-06-16 09:46:11 --> Could not find the language line "mynt_buy_tmall"
ERROR - 2017-06-16 09:46:11 --> Could not find the language line "mynt_buy_youzan"
ERROR - 2017-06-16 09:46:11 --> Could not find the language line "mynt_buy_jd"
ERROR - 2017-06-16 09:46:11 --> Could not find the language line "home_cloud_title"
ERROR - 2017-06-16 09:46:11 --> Could not find the language line "home_cloud_intro"
ERROR - 2017-06-16 09:46:11 --> Could not find the language line "mynt_icon_taobao"
ERROR - 2017-06-16 09:46:11 --> Could not find the language line "mynt_icon_tmall"
ERROR - 2017-06-16 09:46:11 --> Could not find the language line "mynt_icon_youzan"
ERROR - 2017-06-16 09:46:11 --> Could not find the language line "mynt_buy_taobao"
ERROR - 2017-06-16 09:46:11 --> Could not find the language line "mynt_buy_tmall"
ERROR - 2017-06-16 09:46:11 --> Could not find the language line "mynt_buy_youzan"
ERROR - 2017-06-16 09:46:11 --> Could not find the language line "mynt_buy_jd"
ERROR - 2017-06-16 09:46:11 --> Could not find the language line "home_cloud_title"
ERROR - 2017-06-16 09:46:11 --> Could not find the language line "home_cloud_intro"
ERROR - 2017-06-16 09:46:11 --> Could not find the language line "mynt_icon_taobao"
ERROR - 2017-06-16 09:46:11 --> Could not find the language line "mynt_icon_tmall"
ERROR - 2017-06-16 09:46:11 --> Could not find the language line "mynt_icon_youzan"
ERROR - 2017-06-16 09:46:11 --> Could not find the language line "mynt_buy_taobao"
ERROR - 2017-06-16 09:46:11 --> Could not find the language line "mynt_buy_tmall"
ERROR - 2017-06-16 09:46:11 --> Could not find the language line "mynt_buy_youzan"
ERROR - 2017-06-16 09:46:11 --> Could not find the language line "mynt_buy_jd"
ERROR - 2017-06-16 09:47:04 --> Could not find the language line "mynt_buy_taobao"
ERROR - 2017-06-16 09:47:04 --> Could not find the language line "mynt_buy_tmall"
ERROR - 2017-06-16 09:47:04 --> Could not find the language line "mynt_buy_youzan"
ERROR - 2017-06-16 09:47:04 --> Could not find the language line "mynt_buy_jd"
ERROR - 2017-06-16 09:47:04 --> Could not find the language line "home_cloud_title"
ERROR - 2017-06-16 09:47:04 --> Could not find the language line "home_cloud_intro"
ERROR - 2017-06-16 09:47:04 --> Could not find the language line "mynt_icon_taobao"
ERROR - 2017-06-16 09:47:04 --> Could not find the language line "mynt_icon_tmall"
ERROR - 2017-06-16 09:47:04 --> Could not find the language line "mynt_icon_youzan"
ERROR - 2017-06-16 09:47:04 --> Could not find the language line "mynt_buy_taobao"
ERROR - 2017-06-16 09:47:04 --> Could not find the language line "mynt_buy_tmall"
ERROR - 2017-06-16 09:47:04 --> Could not find the language line "mynt_buy_youzan"
ERROR - 2017-06-16 09:47:04 --> Could not find the language line "mynt_buy_jd"
ERROR - 2017-06-16 09:47:04 --> Could not find the language line "mynt_buy_taobao"
ERROR - 2017-06-16 09:47:04 --> Could not find the language line "mynt_buy_tmall"
ERROR - 2017-06-16 09:47:04 --> Could not find the language line "mynt_buy_youzan"
ERROR - 2017-06-16 09:47:04 --> Could not find the language line "mynt_buy_jd"
ERROR - 2017-06-16 09:47:04 --> Could not find the language line "home_cloud_title"
ERROR - 2017-06-16 09:47:04 --> Could not find the language line "home_cloud_intro"
ERROR - 2017-06-16 09:47:04 --> Could not find the language line "mynt_icon_taobao"
ERROR - 2017-06-16 09:47:04 --> Could not find the language line "mynt_icon_tmall"
ERROR - 2017-06-16 09:47:04 --> Could not find the language line "mynt_icon_youzan"
ERROR - 2017-06-16 09:47:05 --> Could not find the language line "mynt_buy_taobao"
ERROR - 2017-06-16 09:47:05 --> Could not find the language line "mynt_buy_tmall"
ERROR - 2017-06-16 09:47:05 --> Could not find the language line "mynt_buy_youzan"
ERROR - 2017-06-16 09:47:05 --> Could not find the language line "mynt_buy_jd"
ERROR - 2017-06-16 09:47:05 --> Could not find the language line "home_cloud_title"
ERROR - 2017-06-16 09:47:05 --> Could not find the language line "home_cloud_intro"
ERROR - 2017-06-16 09:47:05 --> Could not find the language line "mynt_icon_taobao"
ERROR - 2017-06-16 09:47:05 --> Could not find the language line "mynt_icon_tmall"
ERROR - 2017-06-16 09:47:05 --> Could not find the language line "mynt_icon_youzan"
ERROR - 2017-06-16 09:47:05 --> Could not find the language line "mynt_buy_taobao"
ERROR - 2017-06-16 09:47:05 --> Could not find the language line "mynt_buy_tmall"
ERROR - 2017-06-16 09:47:05 --> Could not find the language line "mynt_buy_youzan"
ERROR - 2017-06-16 09:47:05 --> Could not find the language line "mynt_buy_jd"
ERROR - 2017-06-16 09:47:05 --> Could not find the language line "home_cloud_title"
ERROR - 2017-06-16 09:47:05 --> Could not find the language line "home_cloud_intro"
ERROR - 2017-06-16 09:47:05 --> Could not find the language line "mynt_icon_taobao"
ERROR - 2017-06-16 09:47:05 --> Could not find the language line "mynt_icon_tmall"
ERROR - 2017-06-16 09:47:05 --> Could not find the language line "mynt_icon_youzan"
ERROR - 2017-06-16 09:47:05 --> Could not find the language line "mynt_buy_taobao"
ERROR - 2017-06-16 09:47:05 --> Could not find the language line "mynt_buy_tmall"
ERROR - 2017-06-16 09:47:05 --> Could not find the language line "mynt_buy_youzan"
ERROR - 2017-06-16 09:47:05 --> Could not find the language line "mynt_buy_jd"
ERROR - 2017-06-16 09:47:06 --> Could not find the language line "home_cloud_title"
ERROR - 2017-06-16 09:47:06 --> Could not find the language line "home_cloud_intro"
ERROR - 2017-06-16 09:47:06 --> Could not find the language line "mynt_icon_taobao"
ERROR - 2017-06-16 09:47:06 --> Could not find the language line "mynt_icon_tmall"
ERROR - 2017-06-16 09:47:06 --> Could not find the language line "mynt_icon_youzan"
ERROR - 2017-06-16 09:47:06 --> Could not find the language line "mynt_buy_taobao"
ERROR - 2017-06-16 09:47:06 --> Could not find the language line "mynt_buy_tmall"
ERROR - 2017-06-16 09:47:06 --> Could not find the language line "mynt_buy_youzan"
ERROR - 2017-06-16 09:47:06 --> Could not find the language line "mynt_buy_jd"
ERROR - 2017-06-16 09:47:15 --> Could not find the language line "mynt_buy_taobao"
ERROR - 2017-06-16 09:47:15 --> Could not find the language line "mynt_buy_tmall"
ERROR - 2017-06-16 09:47:15 --> Could not find the language line "mynt_buy_youzan"
ERROR - 2017-06-16 09:47:15 --> Could not find the language line "mynt_buy_jd"
ERROR - 2017-06-16 09:47:15 --> Could not find the language line "home_cloud_title"
ERROR - 2017-06-16 09:47:15 --> Could not find the language line "home_cloud_intro"
ERROR - 2017-06-16 09:47:15 --> Could not find the language line "mynt_icon_taobao"
ERROR - 2017-06-16 09:47:15 --> Could not find the language line "mynt_icon_tmall"
ERROR - 2017-06-16 09:47:15 --> Could not find the language line "mynt_icon_youzan"
ERROR - 2017-06-16 09:47:16 --> Could not find the language line "mynt_buy_taobao"
ERROR - 2017-06-16 09:47:16 --> Could not find the language line "mynt_buy_tmall"
ERROR - 2017-06-16 09:47:16 --> Could not find the language line "mynt_buy_youzan"
ERROR - 2017-06-16 09:47:16 --> Could not find the language line "mynt_buy_jd"
ERROR - 2017-06-16 09:47:18 --> Could not find the language line "mynt_buy_taobao"
ERROR - 2017-06-16 09:47:18 --> Could not find the language line "mynt_buy_tmall"
ERROR - 2017-06-16 09:47:18 --> Could not find the language line "mynt_buy_youzan"
ERROR - 2017-06-16 09:47:18 --> Could not find the language line "mynt_buy_jd"
ERROR - 2017-06-16 09:47:18 --> Could not find the language line "home_cloud_title"
ERROR - 2017-06-16 09:47:18 --> Could not find the language line "home_cloud_intro"
ERROR - 2017-06-16 09:47:18 --> Could not find the language line "mynt_icon_taobao"
ERROR - 2017-06-16 09:47:18 --> Could not find the language line "mynt_icon_tmall"
ERROR - 2017-06-16 09:47:18 --> Could not find the language line "mynt_icon_youzan"
ERROR - 2017-06-16 09:47:18 --> Could not find the language line "mynt_buy_taobao"
ERROR - 2017-06-16 09:47:18 --> Could not find the language line "mynt_buy_tmall"
ERROR - 2017-06-16 09:47:18 --> Could not find the language line "mynt_buy_youzan"
ERROR - 2017-06-16 09:47:18 --> Could not find the language line "mynt_buy_jd"
ERROR - 2017-06-16 09:47:18 --> Could not find the language line "mynt_buy_taobao"
ERROR - 2017-06-16 09:47:18 --> Could not find the language line "mynt_buy_tmall"
ERROR - 2017-06-16 09:47:18 --> Could not find the language line "mynt_buy_youzan"
ERROR - 2017-06-16 09:47:18 --> Could not find the language line "mynt_buy_jd"
ERROR - 2017-06-16 09:47:18 --> Could not find the language line "home_cloud_title"
ERROR - 2017-06-16 09:47:18 --> Could not find the language line "home_cloud_intro"
ERROR - 2017-06-16 09:47:18 --> Could not find the language line "mynt_icon_taobao"
ERROR - 2017-06-16 09:47:18 --> Could not find the language line "mynt_icon_tmall"
ERROR - 2017-06-16 09:47:18 --> Could not find the language line "mynt_icon_youzan"
ERROR - 2017-06-16 09:47:18 --> Could not find the language line "mynt_buy_taobao"
ERROR - 2017-06-16 09:47:18 --> Could not find the language line "mynt_buy_tmall"
ERROR - 2017-06-16 09:47:18 --> Could not find the language line "mynt_buy_youzan"
ERROR - 2017-06-16 09:47:18 --> Could not find the language line "mynt_buy_jd"
ERROR - 2017-06-16 09:47:18 --> Could not find the language line "mynt_buy_taobao"
ERROR - 2017-06-16 09:47:18 --> Could not find the language line "mynt_buy_tmall"
ERROR - 2017-06-16 09:47:18 --> Could not find the language line "mynt_buy_youzan"
ERROR - 2017-06-16 09:47:18 --> Could not find the language line "mynt_buy_jd"
ERROR - 2017-06-16 09:47:18 --> Could not find the language line "home_cloud_title"
ERROR - 2017-06-16 09:47:18 --> Could not find the language line "home_cloud_intro"
ERROR - 2017-06-16 09:47:18 --> Could not find the language line "mynt_icon_taobao"
ERROR - 2017-06-16 09:47:18 --> Could not find the language line "mynt_icon_tmall"
ERROR - 2017-06-16 09:47:18 --> Could not find the language line "mynt_icon_youzan"
ERROR - 2017-06-16 09:47:19 --> Could not find the language line "mynt_buy_taobao"
ERROR - 2017-06-16 09:47:19 --> Could not find the language line "mynt_buy_tmall"
ERROR - 2017-06-16 09:47:19 --> Could not find the language line "mynt_buy_youzan"
ERROR - 2017-06-16 09:47:19 --> Could not find the language line "mynt_buy_jd"
ERROR - 2017-06-16 09:47:32 --> Could not find the language line "mynt_buy_taobao"
ERROR - 2017-06-16 09:47:32 --> Could not find the language line "mynt_buy_tmall"
ERROR - 2017-06-16 09:47:32 --> Could not find the language line "mynt_buy_youzan"
ERROR - 2017-06-16 09:47:32 --> Could not find the language line "mynt_buy_jd"
ERROR - 2017-06-16 09:47:32 --> Could not find the language line "home_cloud_title"
ERROR - 2017-06-16 09:47:32 --> Could not find the language line "home_cloud_intro"
ERROR - 2017-06-16 09:47:32 --> Could not find the language line "mynt_icon_taobao"
ERROR - 2017-06-16 09:47:32 --> Could not find the language line "mynt_icon_tmall"
ERROR - 2017-06-16 09:47:32 --> Could not find the language line "mynt_icon_youzan"
ERROR - 2017-06-16 09:47:32 --> Could not find the language line "mynt_buy_taobao"
ERROR - 2017-06-16 09:47:32 --> Could not find the language line "mynt_buy_tmall"
ERROR - 2017-06-16 09:47:32 --> Could not find the language line "mynt_buy_youzan"
ERROR - 2017-06-16 09:47:32 --> Could not find the language line "mynt_buy_jd"
ERROR - 2017-06-16 09:47:40 --> Could not find the language line "mynt_buy_taobao"
ERROR - 2017-06-16 09:47:40 --> Could not find the language line "mynt_buy_tmall"
ERROR - 2017-06-16 09:47:40 --> Could not find the language line "mynt_buy_youzan"
ERROR - 2017-06-16 09:47:40 --> Could not find the language line "mynt_buy_jd"
ERROR - 2017-06-16 09:47:40 --> Could not find the language line "home_cloud_title"
ERROR - 2017-06-16 09:47:40 --> Could not find the language line "home_cloud_intro"
ERROR - 2017-06-16 09:47:40 --> Could not find the language line "mynt_icon_taobao"
ERROR - 2017-06-16 09:47:40 --> Could not find the language line "mynt_icon_tmall"
ERROR - 2017-06-16 09:47:40 --> Could not find the language line "mynt_icon_youzan"
ERROR - 2017-06-16 09:47:41 --> Could not find the language line "mynt_buy_taobao"
ERROR - 2017-06-16 09:47:41 --> Could not find the language line "mynt_buy_tmall"
ERROR - 2017-06-16 09:47:41 --> Could not find the language line "mynt_buy_youzan"
ERROR - 2017-06-16 09:47:41 --> Could not find the language line "mynt_buy_jd"
ERROR - 2017-06-16 09:49:12 --> Could not find the language line "mynt_buy_taobao"
ERROR - 2017-06-16 09:49:12 --> Could not find the language line "mynt_buy_tmall"
ERROR - 2017-06-16 09:49:12 --> Could not find the language line "mynt_buy_youzan"
ERROR - 2017-06-16 09:49:12 --> Could not find the language line "mynt_buy_jd"
ERROR - 2017-06-16 09:49:12 --> Could not find the language line "home_cloud_title"
ERROR - 2017-06-16 09:49:12 --> Could not find the language line "home_cloud_intro"
ERROR - 2017-06-16 09:49:12 --> Could not find the language line "mynt_icon_taobao"
ERROR - 2017-06-16 09:49:12 --> Could not find the language line "mynt_icon_tmall"
ERROR - 2017-06-16 09:49:12 --> Could not find the language line "mynt_icon_youzan"
ERROR - 2017-06-16 09:49:13 --> Could not find the language line "mynt_buy_taobao"
ERROR - 2017-06-16 09:49:13 --> Could not find the language line "mynt_buy_tmall"
ERROR - 2017-06-16 09:49:13 --> Could not find the language line "mynt_buy_youzan"
ERROR - 2017-06-16 09:49:13 --> Could not find the language line "mynt_buy_jd"
ERROR - 2017-06-16 09:49:24 --> Could not find the language line "mynt_buy_taobao"
ERROR - 2017-06-16 09:49:24 --> Could not find the language line "mynt_buy_tmall"
ERROR - 2017-06-16 09:49:24 --> Could not find the language line "mynt_buy_youzan"
ERROR - 2017-06-16 09:49:24 --> Could not find the language line "mynt_buy_jd"
ERROR - 2017-06-16 09:49:24 --> Could not find the language line "home_cloud_title"
ERROR - 2017-06-16 09:49:24 --> Could not find the language line "home_cloud_intro"
ERROR - 2017-06-16 09:49:24 --> Could not find the language line "mynt_icon_taobao"
ERROR - 2017-06-16 09:49:24 --> Could not find the language line "mynt_icon_tmall"
ERROR - 2017-06-16 09:49:24 --> Could not find the language line "mynt_icon_youzan"
ERROR - 2017-06-16 09:49:25 --> Could not find the language line "mynt_buy_taobao"
ERROR - 2017-06-16 09:49:25 --> Could not find the language line "mynt_buy_tmall"
ERROR - 2017-06-16 09:49:25 --> Could not find the language line "mynt_buy_youzan"
ERROR - 2017-06-16 09:49:25 --> Could not find the language line "mynt_buy_jd"
ERROR - 2017-06-16 09:49:34 --> Could not find the language line "mynt_buy_taobao"
ERROR - 2017-06-16 09:49:34 --> Could not find the language line "mynt_buy_tmall"
ERROR - 2017-06-16 09:49:34 --> Could not find the language line "mynt_buy_youzan"
ERROR - 2017-06-16 09:49:34 --> Could not find the language line "mynt_buy_jd"
ERROR - 2017-06-16 09:49:34 --> Could not find the language line "home_cloud_title"
ERROR - 2017-06-16 09:49:34 --> Could not find the language line "home_cloud_intro"
ERROR - 2017-06-16 09:49:34 --> Could not find the language line "mynt_icon_taobao"
ERROR - 2017-06-16 09:49:34 --> Could not find the language line "mynt_icon_tmall"
ERROR - 2017-06-16 09:49:34 --> Could not find the language line "mynt_icon_youzan"
ERROR - 2017-06-16 09:49:34 --> Could not find the language line "mynt_buy_taobao"
ERROR - 2017-06-16 09:49:34 --> Could not find the language line "mynt_buy_tmall"
ERROR - 2017-06-16 09:49:34 --> Could not find the language line "mynt_buy_youzan"
ERROR - 2017-06-16 09:49:34 --> Could not find the language line "mynt_buy_jd"
ERROR - 2017-06-16 09:49:48 --> Could not find the language line "mynt_buy_taobao"
ERROR - 2017-06-16 09:49:48 --> Could not find the language line "mynt_buy_tmall"
ERROR - 2017-06-16 09:49:48 --> Could not find the language line "mynt_buy_youzan"
ERROR - 2017-06-16 09:49:48 --> Could not find the language line "mynt_buy_jd"
ERROR - 2017-06-16 09:49:48 --> Could not find the language line "home_cloud_title"
ERROR - 2017-06-16 09:49:48 --> Could not find the language line "home_cloud_intro"
ERROR - 2017-06-16 09:49:48 --> Could not find the language line "mynt_icon_taobao"
ERROR - 2017-06-16 09:49:48 --> Could not find the language line "mynt_icon_tmall"
ERROR - 2017-06-16 09:49:48 --> Could not find the language line "mynt_icon_youzan"
ERROR - 2017-06-16 09:49:48 --> Could not find the language line "mynt_buy_taobao"
ERROR - 2017-06-16 09:49:48 --> Could not find the language line "mynt_buy_tmall"
ERROR - 2017-06-16 09:49:48 --> Could not find the language line "mynt_buy_youzan"
ERROR - 2017-06-16 09:49:48 --> Could not find the language line "mynt_buy_jd"
ERROR - 2017-06-16 09:49:50 --> Could not find the language line "mynt_buy_taobao"
ERROR - 2017-06-16 09:49:50 --> Could not find the language line "mynt_buy_tmall"
ERROR - 2017-06-16 09:49:50 --> Could not find the language line "mynt_buy_youzan"
ERROR - 2017-06-16 09:49:50 --> Could not find the language line "mynt_buy_jd"
ERROR - 2017-06-16 09:49:50 --> Could not find the language line "home_cloud_title"
ERROR - 2017-06-16 09:49:50 --> Could not find the language line "home_cloud_intro"
ERROR - 2017-06-16 09:49:50 --> Could not find the language line "mynt_icon_taobao"
ERROR - 2017-06-16 09:49:50 --> Could not find the language line "mynt_icon_tmall"
ERROR - 2017-06-16 09:49:50 --> Could not find the language line "mynt_icon_youzan"
ERROR - 2017-06-16 09:49:51 --> Could not find the language line "mynt_buy_taobao"
ERROR - 2017-06-16 09:49:51 --> Could not find the language line "mynt_buy_tmall"
ERROR - 2017-06-16 09:49:51 --> Could not find the language line "mynt_buy_youzan"
ERROR - 2017-06-16 09:49:51 --> Could not find the language line "mynt_buy_jd"
ERROR - 2017-06-16 10:10:57 --> Could not find the language line "mynt_buy_taobao"
ERROR - 2017-06-16 10:10:57 --> Could not find the language line "mynt_buy_tmall"
ERROR - 2017-06-16 10:10:57 --> Could not find the language line "mynt_buy_youzan"
ERROR - 2017-06-16 10:10:57 --> Could not find the language line "mynt_buy_jd"
ERROR - 2017-06-16 10:10:57 --> Could not find the language line "home_cloud_title"
ERROR - 2017-06-16 10:10:57 --> Could not find the language line "home_cloud_intro"
ERROR - 2017-06-16 10:10:57 --> Could not find the language line "mynt_icon_taobao"
ERROR - 2017-06-16 10:10:57 --> Could not find the language line "mynt_icon_tmall"
ERROR - 2017-06-16 10:10:57 --> Could not find the language line "mynt_icon_youzan"
ERROR - 2017-06-16 10:10:58 --> Could not find the language line "mynt_buy_taobao"
ERROR - 2017-06-16 10:10:58 --> Could not find the language line "mynt_buy_tmall"
ERROR - 2017-06-16 10:10:58 --> Could not find the language line "mynt_buy_youzan"
ERROR - 2017-06-16 10:10:58 --> Could not find the language line "mynt_buy_jd"
ERROR - 2017-06-16 10:18:06 --> Could not find the language line "mynt_buy_taobao"
ERROR - 2017-06-16 10:18:06 --> Could not find the language line "mynt_buy_tmall"
ERROR - 2017-06-16 10:18:06 --> Could not find the language line "mynt_buy_youzan"
ERROR - 2017-06-16 10:18:06 --> Could not find the language line "mynt_buy_jd"
ERROR - 2017-06-16 10:18:06 --> Could not find the language line "home_cloud_title"
ERROR - 2017-06-16 10:18:06 --> Could not find the language line "home_cloud_intro"
ERROR - 2017-06-16 10:18:06 --> Could not find the language line "mynt_icon_taobao"
ERROR - 2017-06-16 10:18:06 --> Could not find the language line "mynt_icon_tmall"
ERROR - 2017-06-16 10:18:06 --> Could not find the language line "mynt_icon_youzan"
ERROR - 2017-06-16 10:18:07 --> Could not find the language line "mynt_buy_taobao"
ERROR - 2017-06-16 10:18:07 --> Could not find the language line "mynt_buy_tmall"
ERROR - 2017-06-16 10:18:07 --> Could not find the language line "mynt_buy_youzan"
ERROR - 2017-06-16 10:18:07 --> Could not find the language line "mynt_buy_jd"
ERROR - 2017-06-16 10:18:07 --> Could not find the language line "mynt_buy_taobao"
ERROR - 2017-06-16 10:18:07 --> Could not find the language line "mynt_buy_tmall"
ERROR - 2017-06-16 10:18:07 --> Could not find the language line "mynt_buy_youzan"
ERROR - 2017-06-16 10:18:07 --> Could not find the language line "mynt_buy_jd"
ERROR - 2017-06-16 10:18:07 --> Could not find the language line "home_cloud_title"
ERROR - 2017-06-16 10:18:07 --> Could not find the language line "home_cloud_intro"
ERROR - 2017-06-16 10:18:07 --> Could not find the language line "mynt_icon_taobao"
ERROR - 2017-06-16 10:18:07 --> Could not find the language line "mynt_icon_tmall"
ERROR - 2017-06-16 10:18:07 --> Could not find the language line "mynt_icon_youzan"
ERROR - 2017-06-16 10:18:07 --> Could not find the language line "mynt_buy_taobao"
ERROR - 2017-06-16 10:18:07 --> Could not find the language line "mynt_buy_tmall"
ERROR - 2017-06-16 10:18:07 --> Could not find the language line "mynt_buy_youzan"
ERROR - 2017-06-16 10:18:07 --> Could not find the language line "mynt_buy_jd"
ERROR - 2017-06-16 10:18:07 --> Could not find the language line "mynt_buy_taobao"
ERROR - 2017-06-16 10:18:07 --> Could not find the language line "mynt_buy_tmall"
ERROR - 2017-06-16 10:18:07 --> Could not find the language line "mynt_buy_youzan"
ERROR - 2017-06-16 10:18:07 --> Could not find the language line "mynt_buy_jd"
ERROR - 2017-06-16 10:18:07 --> Could not find the language line "home_cloud_title"
ERROR - 2017-06-16 10:18:07 --> Could not find the language line "home_cloud_intro"
ERROR - 2017-06-16 10:18:07 --> Could not find the language line "mynt_icon_taobao"
ERROR - 2017-06-16 10:18:07 --> Could not find the language line "mynt_icon_tmall"
ERROR - 2017-06-16 10:18:07 --> Could not find the language line "mynt_icon_youzan"
ERROR - 2017-06-16 10:18:08 --> Could not find the language line "mynt_buy_taobao"
ERROR - 2017-06-16 10:18:08 --> Could not find the language line "mynt_buy_tmall"
ERROR - 2017-06-16 10:18:08 --> Could not find the language line "mynt_buy_youzan"
ERROR - 2017-06-16 10:18:08 --> Could not find the language line "mynt_buy_jd"
ERROR - 2017-06-16 10:18:08 --> Could not find the language line "home_cloud_title"
ERROR - 2017-06-16 10:18:08 --> Could not find the language line "home_cloud_intro"
ERROR - 2017-06-16 10:18:08 --> Could not find the language line "mynt_icon_taobao"
ERROR - 2017-06-16 10:18:08 --> Could not find the language line "mynt_icon_tmall"
ERROR - 2017-06-16 10:18:08 --> Could not find the language line "mynt_icon_youzan"
ERROR - 2017-06-16 10:18:08 --> Could not find the language line "mynt_buy_taobao"
ERROR - 2017-06-16 10:18:08 --> Could not find the language line "mynt_buy_tmall"
ERROR - 2017-06-16 10:18:08 --> Could not find the language line "mynt_buy_youzan"
ERROR - 2017-06-16 10:18:08 --> Could not find the language line "mynt_buy_jd"
ERROR - 2017-06-16 10:18:08 --> Could not find the language line "home_cloud_title"
ERROR - 2017-06-16 10:18:08 --> Could not find the language line "home_cloud_intro"
ERROR - 2017-06-16 10:18:08 --> Could not find the language line "mynt_icon_taobao"
ERROR - 2017-06-16 10:18:08 --> Could not find the language line "mynt_icon_tmall"
ERROR - 2017-06-16 10:18:08 --> Could not find the language line "mynt_icon_youzan"
ERROR - 2017-06-16 10:18:09 --> Could not find the language line "mynt_buy_taobao"
ERROR - 2017-06-16 10:18:09 --> Could not find the language line "mynt_buy_tmall"
ERROR - 2017-06-16 10:18:09 --> Could not find the language line "mynt_buy_youzan"
ERROR - 2017-06-16 10:18:09 --> Could not find the language line "mynt_buy_jd"
ERROR - 2017-06-16 10:22:15 --> Could not find the language line "mynt_buy_taobao"
ERROR - 2017-06-16 10:22:15 --> Could not find the language line "mynt_buy_tmall"
ERROR - 2017-06-16 10:22:15 --> Could not find the language line "mynt_buy_youzan"
ERROR - 2017-06-16 10:22:15 --> Could not find the language line "mynt_buy_jd"
ERROR - 2017-06-16 10:22:15 --> Could not find the language line "home_cloud_title"
ERROR - 2017-06-16 10:22:15 --> Could not find the language line "home_cloud_intro"
ERROR - 2017-06-16 10:22:15 --> Could not find the language line "mynt_icon_taobao"
ERROR - 2017-06-16 10:22:15 --> Could not find the language line "mynt_icon_tmall"
ERROR - 2017-06-16 10:22:15 --> Could not find the language line "mynt_icon_youzan"
ERROR - 2017-06-16 10:22:15 --> Could not find the language line "mynt_buy_taobao"
ERROR - 2017-06-16 10:22:15 --> Could not find the language line "mynt_buy_tmall"
ERROR - 2017-06-16 10:22:15 --> Could not find the language line "mynt_buy_youzan"
ERROR - 2017-06-16 10:22:15 --> Could not find the language line "mynt_buy_jd"
ERROR - 2017-06-16 10:22:19 --> Could not find the language line "mynt_buy_taobao"
ERROR - 2017-06-16 10:22:19 --> Could not find the language line "mynt_buy_tmall"
ERROR - 2017-06-16 10:22:19 --> Could not find the language line "mynt_buy_youzan"
ERROR - 2017-06-16 10:22:19 --> Could not find the language line "mynt_buy_jd"
ERROR - 2017-06-16 10:22:19 --> Could not find the language line "home_cloud_title"
ERROR - 2017-06-16 10:22:19 --> Could not find the language line "home_cloud_intro"
ERROR - 2017-06-16 10:22:19 --> Could not find the language line "mynt_icon_taobao"
ERROR - 2017-06-16 10:22:19 --> Could not find the language line "mynt_icon_tmall"
ERROR - 2017-06-16 10:22:19 --> Could not find the language line "mynt_icon_youzan"
ERROR - 2017-06-16 10:22:19 --> Could not find the language line "mynt_buy_taobao"
ERROR - 2017-06-16 10:22:19 --> Could not find the language line "mynt_buy_tmall"
ERROR - 2017-06-16 10:22:19 --> Could not find the language line "mynt_buy_youzan"
ERROR - 2017-06-16 10:22:19 --> Could not find the language line "mynt_buy_jd"
ERROR - 2017-06-16 10:22:39 --> Could not find the language line "mynt_buy_taobao"
ERROR - 2017-06-16 10:22:39 --> Could not find the language line "mynt_buy_tmall"
ERROR - 2017-06-16 10:22:39 --> Could not find the language line "mynt_buy_youzan"
ERROR - 2017-06-16 10:22:39 --> Could not find the language line "mynt_buy_jd"
ERROR - 2017-06-16 10:22:39 --> Could not find the language line "home_cloud_title"
ERROR - 2017-06-16 10:22:39 --> Could not find the language line "home_cloud_intro"
ERROR - 2017-06-16 10:22:39 --> Could not find the language line "mynt_icon_taobao"
ERROR - 2017-06-16 10:22:39 --> Could not find the language line "mynt_icon_tmall"
ERROR - 2017-06-16 10:22:39 --> Could not find the language line "mynt_icon_youzan"
ERROR - 2017-06-16 10:22:40 --> Could not find the language line "mynt_buy_taobao"
ERROR - 2017-06-16 10:22:40 --> Could not find the language line "mynt_buy_tmall"
ERROR - 2017-06-16 10:22:40 --> Could not find the language line "mynt_buy_youzan"
ERROR - 2017-06-16 10:22:40 --> Could not find the language line "mynt_buy_jd"
ERROR - 2017-06-16 10:49:13 --> Could not find the language line "mynt_buy_taobao"
ERROR - 2017-06-16 10:49:13 --> Could not find the language line "mynt_buy_tmall"
ERROR - 2017-06-16 10:49:13 --> Could not find the language line "mynt_buy_youzan"
ERROR - 2017-06-16 10:49:13 --> Could not find the language line "mynt_buy_jd"
ERROR - 2017-06-16 10:49:13 --> Could not find the language line "home_cloud_title"
ERROR - 2017-06-16 10:49:13 --> Could not find the language line "home_cloud_intro"
ERROR - 2017-06-16 10:49:13 --> Could not find the language line "mynt_icon_taobao"
ERROR - 2017-06-16 10:49:13 --> Could not find the language line "mynt_icon_tmall"
ERROR - 2017-06-16 10:49:13 --> Could not find the language line "mynt_icon_youzan"
ERROR - 2017-06-16 10:49:14 --> Could not find the language line "mynt_buy_taobao"
ERROR - 2017-06-16 10:49:14 --> Could not find the language line "mynt_buy_tmall"
ERROR - 2017-06-16 10:49:14 --> Could not find the language line "mynt_buy_youzan"
ERROR - 2017-06-16 10:49:14 --> Could not find the language line "mynt_buy_jd"
ERROR - 2017-06-16 10:49:18 --> Could not find the language line "mynt_buy_taobao"
ERROR - 2017-06-16 10:49:18 --> Could not find the language line "mynt_buy_tmall"
ERROR - 2017-06-16 10:49:18 --> Could not find the language line "mynt_buy_youzan"
ERROR - 2017-06-16 10:49:18 --> Could not find the language line "mynt_buy_jd"
ERROR - 2017-06-16 10:49:18 --> Could not find the language line "home_cloud_title"
ERROR - 2017-06-16 10:49:18 --> Could not find the language line "home_cloud_intro"
ERROR - 2017-06-16 10:49:18 --> Could not find the language line "mynt_icon_taobao"
ERROR - 2017-06-16 10:49:18 --> Could not find the language line "mynt_icon_tmall"
ERROR - 2017-06-16 10:49:18 --> Could not find the language line "mynt_icon_youzan"
ERROR - 2017-06-16 10:49:19 --> Could not find the language line "mynt_buy_taobao"
ERROR - 2017-06-16 10:49:19 --> Could not find the language line "mynt_buy_tmall"
ERROR - 2017-06-16 10:49:19 --> Could not find the language line "mynt_buy_youzan"
ERROR - 2017-06-16 10:49:19 --> Could not find the language line "mynt_buy_jd"
ERROR - 2017-06-16 10:49:23 --> Could not find the language line "mynt_buy_taobao"
ERROR - 2017-06-16 10:49:23 --> Could not find the language line "mynt_buy_tmall"
ERROR - 2017-06-16 10:49:23 --> Could not find the language line "mynt_buy_youzan"
ERROR - 2017-06-16 10:49:23 --> Could not find the language line "mynt_buy_jd"
ERROR - 2017-06-16 10:49:23 --> Could not find the language line "home_cloud_title"
ERROR - 2017-06-16 10:49:23 --> Could not find the language line "home_cloud_intro"
ERROR - 2017-06-16 10:49:23 --> Could not find the language line "mynt_icon_taobao"
ERROR - 2017-06-16 10:49:23 --> Could not find the language line "mynt_icon_tmall"
ERROR - 2017-06-16 10:49:23 --> Could not find the language line "mynt_icon_youzan"
ERROR - 2017-06-16 10:49:23 --> Could not find the language line "mynt_buy_taobao"
ERROR - 2017-06-16 10:49:23 --> Could not find the language line "mynt_buy_tmall"
ERROR - 2017-06-16 10:49:23 --> Could not find the language line "mynt_buy_youzan"
ERROR - 2017-06-16 10:49:23 --> Could not find the language line "mynt_buy_jd"
ERROR - 2017-06-16 10:49:59 --> Could not find the language line "mynt_buy_taobao"
ERROR - 2017-06-16 10:49:59 --> Could not find the language line "mynt_buy_tmall"
ERROR - 2017-06-16 10:49:59 --> Could not find the language line "mynt_buy_youzan"
ERROR - 2017-06-16 10:49:59 --> Could not find the language line "mynt_buy_jd"
ERROR - 2017-06-16 10:49:59 --> Could not find the language line "home_cloud_title"
ERROR - 2017-06-16 10:49:59 --> Could not find the language line "home_cloud_intro"
ERROR - 2017-06-16 10:49:59 --> Could not find the language line "mynt_icon_taobao"
ERROR - 2017-06-16 10:49:59 --> Could not find the language line "mynt_icon_tmall"
ERROR - 2017-06-16 10:49:59 --> Could not find the language line "mynt_icon_youzan"
ERROR - 2017-06-16 10:49:59 --> Could not find the language line "mynt_buy_taobao"
ERROR - 2017-06-16 10:49:59 --> Could not find the language line "mynt_buy_tmall"
ERROR - 2017-06-16 10:49:59 --> Could not find the language line "mynt_buy_youzan"
ERROR - 2017-06-16 10:49:59 --> Could not find the language line "mynt_buy_jd"
ERROR - 2017-06-16 10:50:00 --> Could not find the language line "mynt_buy_taobao"
ERROR - 2017-06-16 10:50:00 --> Could not find the language line "mynt_buy_tmall"
ERROR - 2017-06-16 10:50:00 --> Could not find the language line "mynt_buy_youzan"
ERROR - 2017-06-16 10:50:00 --> Could not find the language line "mynt_buy_jd"
ERROR - 2017-06-16 10:50:00 --> Could not find the language line "home_cloud_title"
ERROR - 2017-06-16 10:50:00 --> Could not find the language line "home_cloud_intro"
ERROR - 2017-06-16 10:50:00 --> Could not find the language line "mynt_icon_taobao"
ERROR - 2017-06-16 10:50:00 --> Could not find the language line "mynt_icon_tmall"
ERROR - 2017-06-16 10:50:00 --> Could not find the language line "mynt_icon_youzan"
ERROR - 2017-06-16 10:50:00 --> Could not find the language line "mynt_buy_taobao"
ERROR - 2017-06-16 10:50:00 --> Could not find the language line "mynt_buy_tmall"
ERROR - 2017-06-16 10:50:00 --> Could not find the language line "mynt_buy_youzan"
ERROR - 2017-06-16 10:50:00 --> Could not find the language line "mynt_buy_jd"
ERROR - 2017-06-16 10:50:00 --> Could not find the language line "mynt_buy_taobao"
ERROR - 2017-06-16 10:50:00 --> Could not find the language line "mynt_buy_tmall"
ERROR - 2017-06-16 10:50:00 --> Could not find the language line "mynt_buy_youzan"
ERROR - 2017-06-16 10:50:00 --> Could not find the language line "mynt_buy_jd"
ERROR - 2017-06-16 10:50:00 --> Could not find the language line "home_cloud_title"
ERROR - 2017-06-16 10:50:00 --> Could not find the language line "home_cloud_intro"
ERROR - 2017-06-16 10:50:00 --> Could not find the language line "mynt_icon_taobao"
ERROR - 2017-06-16 10:50:00 --> Could not find the language line "mynt_icon_tmall"
ERROR - 2017-06-16 10:50:00 --> Could not find the language line "mynt_icon_youzan"
ERROR - 2017-06-16 10:50:02 --> Could not find the language line "mynt_buy_taobao"
ERROR - 2017-06-16 10:50:02 --> Could not find the language line "mynt_buy_tmall"
ERROR - 2017-06-16 10:50:02 --> Could not find the language line "mynt_buy_youzan"
ERROR - 2017-06-16 10:50:02 --> Could not find the language line "mynt_buy_jd"
ERROR - 2017-06-16 10:50:09 --> Could not find the language line "mynt_buy_taobao"
ERROR - 2017-06-16 10:50:09 --> Could not find the language line "mynt_buy_tmall"
ERROR - 2017-06-16 10:50:09 --> Could not find the language line "mynt_buy_youzan"
ERROR - 2017-06-16 10:50:09 --> Could not find the language line "mynt_buy_jd"
ERROR - 2017-06-16 10:50:09 --> Could not find the language line "home_cloud_title"
ERROR - 2017-06-16 10:50:09 --> Could not find the language line "home_cloud_intro"
ERROR - 2017-06-16 10:50:09 --> Could not find the language line "mynt_icon_taobao"
ERROR - 2017-06-16 10:50:09 --> Could not find the language line "mynt_icon_tmall"
ERROR - 2017-06-16 10:50:09 --> Could not find the language line "mynt_icon_youzan"
ERROR - 2017-06-16 10:50:10 --> Could not find the language line "mynt_buy_taobao"
ERROR - 2017-06-16 10:50:10 --> Could not find the language line "mynt_buy_tmall"
ERROR - 2017-06-16 10:50:10 --> Could not find the language line "mynt_buy_youzan"
ERROR - 2017-06-16 10:50:10 --> Could not find the language line "mynt_buy_jd"
ERROR - 2017-06-16 10:50:35 --> Could not find the language line "mynt_buy_taobao"
ERROR - 2017-06-16 10:50:35 --> Could not find the language line "mynt_buy_tmall"
ERROR - 2017-06-16 10:50:35 --> Could not find the language line "mynt_buy_youzan"
ERROR - 2017-06-16 10:50:35 --> Could not find the language line "mynt_buy_jd"
ERROR - 2017-06-16 10:50:35 --> Could not find the language line "home_cloud_title"
ERROR - 2017-06-16 10:50:35 --> Could not find the language line "home_cloud_intro"
ERROR - 2017-06-16 10:50:35 --> Could not find the language line "mynt_icon_taobao"
ERROR - 2017-06-16 10:50:35 --> Could not find the language line "mynt_icon_tmall"
ERROR - 2017-06-16 10:50:35 --> Could not find the language line "mynt_icon_youzan"
ERROR - 2017-06-16 10:50:35 --> Could not find the language line "mynt_buy_taobao"
ERROR - 2017-06-16 10:50:35 --> Could not find the language line "mynt_buy_tmall"
ERROR - 2017-06-16 10:50:35 --> Could not find the language line "mynt_buy_youzan"
ERROR - 2017-06-16 10:50:35 --> Could not find the language line "mynt_buy_jd"
ERROR - 2017-06-16 10:50:51 --> Could not find the language line "mynt_buy_taobao"
ERROR - 2017-06-16 10:50:51 --> Could not find the language line "mynt_buy_tmall"
ERROR - 2017-06-16 10:50:51 --> Could not find the language line "mynt_buy_youzan"
ERROR - 2017-06-16 10:50:51 --> Could not find the language line "mynt_buy_jd"
ERROR - 2017-06-16 10:50:51 --> Could not find the language line "home_cloud_title"
ERROR - 2017-06-16 10:50:51 --> Could not find the language line "home_cloud_intro"
ERROR - 2017-06-16 10:50:51 --> Could not find the language line "mynt_icon_taobao"
ERROR - 2017-06-16 10:50:51 --> Could not find the language line "mynt_icon_tmall"
ERROR - 2017-06-16 10:50:51 --> Could not find the language line "mynt_icon_youzan"
ERROR - 2017-06-16 10:50:52 --> Could not find the language line "mynt_buy_taobao"
ERROR - 2017-06-16 10:50:52 --> Could not find the language line "mynt_buy_tmall"
ERROR - 2017-06-16 10:50:52 --> Could not find the language line "mynt_buy_youzan"
ERROR - 2017-06-16 10:50:52 --> Could not find the language line "mynt_buy_jd"
ERROR - 2017-06-16 10:52:16 --> Could not find the language line "mynt_buy_taobao"
ERROR - 2017-06-16 10:52:16 --> Could not find the language line "mynt_buy_tmall"
ERROR - 2017-06-16 10:52:16 --> Could not find the language line "mynt_buy_youzan"
ERROR - 2017-06-16 10:52:16 --> Could not find the language line "mynt_buy_jd"
ERROR - 2017-06-16 10:52:16 --> Could not find the language line "home_cloud_title"
ERROR - 2017-06-16 10:52:16 --> Could not find the language line "home_cloud_intro"
ERROR - 2017-06-16 10:52:16 --> Could not find the language line "mynt_icon_taobao"
ERROR - 2017-06-16 10:52:16 --> Could not find the language line "mynt_icon_tmall"
ERROR - 2017-06-16 10:52:16 --> Could not find the language line "mynt_icon_youzan"
ERROR - 2017-06-16 10:52:17 --> Could not find the language line "mynt_buy_taobao"
ERROR - 2017-06-16 10:52:17 --> Could not find the language line "mynt_buy_tmall"
ERROR - 2017-06-16 10:52:17 --> Could not find the language line "mynt_buy_youzan"
ERROR - 2017-06-16 10:52:17 --> Could not find the language line "mynt_buy_jd"
ERROR - 2017-06-16 10:53:13 --> Could not find the language line "mynt_buy_taobao"
ERROR - 2017-06-16 10:53:13 --> Could not find the language line "mynt_buy_tmall"
ERROR - 2017-06-16 10:53:13 --> Could not find the language line "mynt_buy_youzan"
ERROR - 2017-06-16 10:53:13 --> Could not find the language line "mynt_buy_jd"
ERROR - 2017-06-16 10:53:13 --> Could not find the language line "home_cloud_title"
ERROR - 2017-06-16 10:53:13 --> Could not find the language line "home_cloud_intro"
ERROR - 2017-06-16 10:53:13 --> Could not find the language line "mynt_icon_taobao"
ERROR - 2017-06-16 10:53:13 --> Could not find the language line "mynt_icon_tmall"
ERROR - 2017-06-16 10:53:13 --> Could not find the language line "mynt_icon_youzan"
ERROR - 2017-06-16 10:53:14 --> Could not find the language line "mynt_buy_taobao"
ERROR - 2017-06-16 10:53:14 --> Could not find the language line "mynt_buy_tmall"
ERROR - 2017-06-16 10:53:14 --> Could not find the language line "mynt_buy_youzan"
ERROR - 2017-06-16 10:53:14 --> Could not find the language line "mynt_buy_jd"
ERROR - 2017-06-16 10:54:03 --> Could not find the language line "mynt_buy_taobao"
ERROR - 2017-06-16 10:54:03 --> Could not find the language line "mynt_buy_tmall"
ERROR - 2017-06-16 10:54:03 --> Could not find the language line "mynt_buy_youzan"
ERROR - 2017-06-16 10:54:03 --> Could not find the language line "mynt_buy_jd"
ERROR - 2017-06-16 10:54:03 --> Could not find the language line "home_cloud_title"
ERROR - 2017-06-16 10:54:03 --> Could not find the language line "home_cloud_intro"
ERROR - 2017-06-16 10:54:03 --> Could not find the language line "mynt_icon_taobao"
ERROR - 2017-06-16 10:54:03 --> Could not find the language line "mynt_icon_tmall"
ERROR - 2017-06-16 10:54:03 --> Could not find the language line "mynt_icon_youzan"
ERROR - 2017-06-16 10:54:03 --> Could not find the language line "mynt_buy_taobao"
ERROR - 2017-06-16 10:54:03 --> Could not find the language line "mynt_buy_tmall"
ERROR - 2017-06-16 10:54:03 --> Could not find the language line "mynt_buy_youzan"
ERROR - 2017-06-16 10:54:03 --> Could not find the language line "mynt_buy_jd"
ERROR - 2017-06-16 10:56:15 --> Could not find the language line "mynt_buy_taobao"
ERROR - 2017-06-16 10:56:15 --> Could not find the language line "mynt_buy_tmall"
ERROR - 2017-06-16 10:56:15 --> Could not find the language line "mynt_buy_youzan"
ERROR - 2017-06-16 10:56:15 --> Could not find the language line "mynt_buy_jd"
ERROR - 2017-06-16 10:56:15 --> Could not find the language line "home_cloud_title"
ERROR - 2017-06-16 10:56:15 --> Could not find the language line "home_cloud_intro"
ERROR - 2017-06-16 10:56:15 --> Could not find the language line "mynt_icon_taobao"
ERROR - 2017-06-16 10:56:15 --> Could not find the language line "mynt_icon_tmall"
ERROR - 2017-06-16 10:56:15 --> Could not find the language line "mynt_icon_youzan"
ERROR - 2017-06-16 10:56:16 --> Could not find the language line "mynt_buy_taobao"
ERROR - 2017-06-16 10:56:16 --> Could not find the language line "mynt_buy_tmall"
ERROR - 2017-06-16 10:56:16 --> Could not find the language line "mynt_buy_youzan"
ERROR - 2017-06-16 10:56:16 --> Could not find the language line "mynt_buy_jd"
ERROR - 2017-06-16 10:56:21 --> Could not find the language line "mynt_buy_taobao"
ERROR - 2017-06-16 10:56:21 --> Could not find the language line "mynt_buy_tmall"
ERROR - 2017-06-16 10:56:21 --> Could not find the language line "mynt_buy_youzan"
ERROR - 2017-06-16 10:56:21 --> Could not find the language line "mynt_buy_jd"
ERROR - 2017-06-16 10:56:21 --> Could not find the language line "home_cloud_title"
ERROR - 2017-06-16 10:56:21 --> Could not find the language line "home_cloud_intro"
ERROR - 2017-06-16 10:56:21 --> Could not find the language line "mynt_icon_taobao"
ERROR - 2017-06-16 10:56:21 --> Could not find the language line "mynt_icon_tmall"
ERROR - 2017-06-16 10:56:21 --> Could not find the language line "mynt_icon_youzan"
ERROR - 2017-06-16 10:56:21 --> Could not find the language line "mynt_buy_taobao"
ERROR - 2017-06-16 10:56:21 --> Could not find the language line "mynt_buy_tmall"
ERROR - 2017-06-16 10:56:21 --> Could not find the language line "mynt_buy_youzan"
ERROR - 2017-06-16 10:56:21 --> Could not find the language line "mynt_buy_jd"
ERROR - 2017-06-16 10:58:10 --> Could not find the language line "mynt_buy_taobao"
ERROR - 2017-06-16 10:58:10 --> Could not find the language line "mynt_buy_tmall"
ERROR - 2017-06-16 10:58:10 --> Could not find the language line "mynt_buy_youzan"
ERROR - 2017-06-16 10:58:10 --> Could not find the language line "mynt_buy_jd"
ERROR - 2017-06-16 10:58:10 --> Could not find the language line "home_cloud_title"
ERROR - 2017-06-16 10:58:10 --> Could not find the language line "home_cloud_intro"
ERROR - 2017-06-16 10:58:10 --> Could not find the language line "mynt_icon_taobao"
ERROR - 2017-06-16 10:58:10 --> Could not find the language line "mynt_icon_tmall"
ERROR - 2017-06-16 10:58:10 --> Could not find the language line "mynt_icon_youzan"
ERROR - 2017-06-16 10:58:12 --> Could not find the language line "mynt_buy_taobao"
ERROR - 2017-06-16 10:58:12 --> Could not find the language line "mynt_buy_tmall"
ERROR - 2017-06-16 10:58:12 --> Could not find the language line "mynt_buy_youzan"
ERROR - 2017-06-16 10:58:12 --> Could not find the language line "mynt_buy_jd"
ERROR - 2017-06-16 10:59:01 --> Could not find the language line "mynt_buy_taobao"
ERROR - 2017-06-16 10:59:01 --> Could not find the language line "mynt_buy_tmall"
ERROR - 2017-06-16 10:59:01 --> Could not find the language line "mynt_buy_youzan"
ERROR - 2017-06-16 10:59:01 --> Could not find the language line "mynt_buy_jd"
ERROR - 2017-06-16 10:59:01 --> Could not find the language line "home_cloud_title"
ERROR - 2017-06-16 10:59:01 --> Could not find the language line "home_cloud_intro"
ERROR - 2017-06-16 10:59:01 --> Could not find the language line "mynt_icon_taobao"
ERROR - 2017-06-16 10:59:01 --> Could not find the language line "mynt_icon_tmall"
ERROR - 2017-06-16 10:59:01 --> Could not find the language line "mynt_icon_youzan"
ERROR - 2017-06-16 10:59:02 --> Could not find the language line "mynt_buy_taobao"
ERROR - 2017-06-16 10:59:02 --> Could not find the language line "mynt_buy_tmall"
ERROR - 2017-06-16 10:59:02 --> Could not find the language line "mynt_buy_youzan"
ERROR - 2017-06-16 10:59:02 --> Could not find the language line "mynt_buy_jd"
ERROR - 2017-06-16 10:59:02 --> Could not find the language line "home_cloud_title"
ERROR - 2017-06-16 10:59:02 --> Could not find the language line "home_cloud_intro"
ERROR - 2017-06-16 10:59:02 --> Could not find the language line "mynt_icon_taobao"
ERROR - 2017-06-16 10:59:02 --> Could not find the language line "mynt_icon_tmall"
ERROR - 2017-06-16 10:59:02 --> Could not find the language line "mynt_icon_youzan"
ERROR - 2017-06-16 10:59:02 --> Could not find the language line "mynt_buy_taobao"
ERROR - 2017-06-16 10:59:02 --> Could not find the language line "mynt_buy_tmall"
ERROR - 2017-06-16 10:59:02 --> Could not find the language line "mynt_buy_youzan"
ERROR - 2017-06-16 10:59:02 --> Could not find the language line "mynt_buy_jd"
ERROR - 2017-06-16 10:59:02 --> Could not find the language line "mynt_buy_taobao"
ERROR - 2017-06-16 10:59:02 --> Could not find the language line "mynt_buy_tmall"
ERROR - 2017-06-16 10:59:02 --> Could not find the language line "mynt_buy_youzan"
ERROR - 2017-06-16 10:59:02 --> Could not find the language line "mynt_buy_jd"
ERROR - 2017-06-16 10:59:02 --> Could not find the language line "home_cloud_title"
ERROR - 2017-06-16 10:59:02 --> Could not find the language line "home_cloud_intro"
ERROR - 2017-06-16 10:59:02 --> Could not find the language line "mynt_icon_taobao"
ERROR - 2017-06-16 10:59:02 --> Could not find the language line "mynt_icon_tmall"
ERROR - 2017-06-16 10:59:02 --> Could not find the language line "mynt_icon_youzan"
ERROR - 2017-06-16 10:59:03 --> Could not find the language line "mynt_buy_taobao"
ERROR - 2017-06-16 10:59:03 --> Could not find the language line "mynt_buy_tmall"
ERROR - 2017-06-16 10:59:03 --> Could not find the language line "mynt_buy_youzan"
ERROR - 2017-06-16 10:59:03 --> Could not find the language line "mynt_buy_jd"
ERROR - 2017-06-16 11:10:11 --> Could not find the language line "mynt_buy_taobao"
ERROR - 2017-06-16 11:10:11 --> Could not find the language line "mynt_buy_tmall"
ERROR - 2017-06-16 11:10:11 --> Could not find the language line "mynt_buy_youzan"
ERROR - 2017-06-16 11:10:11 --> Could not find the language line "mynt_buy_jd"
ERROR - 2017-06-16 11:10:11 --> Could not find the language line "home_cloud_title"
ERROR - 2017-06-16 11:10:11 --> Could not find the language line "home_cloud_intro"
ERROR - 2017-06-16 11:10:11 --> Could not find the language line "mynt_icon_taobao"
ERROR - 2017-06-16 11:10:11 --> Could not find the language line "mynt_icon_tmall"
ERROR - 2017-06-16 11:10:11 --> Could not find the language line "mynt_icon_youzan"
ERROR - 2017-06-16 11:10:12 --> Could not find the language line "mynt_buy_taobao"
ERROR - 2017-06-16 11:10:12 --> Could not find the language line "mynt_buy_tmall"
ERROR - 2017-06-16 11:10:12 --> Could not find the language line "mynt_buy_youzan"
ERROR - 2017-06-16 11:10:12 --> Could not find the language line "mynt_buy_jd"
ERROR - 2017-06-16 11:10:17 --> Could not find the language line "mynt_buy_taobao"
ERROR - 2017-06-16 11:10:17 --> Could not find the language line "mynt_buy_tmall"
ERROR - 2017-06-16 11:10:17 --> Could not find the language line "mynt_buy_youzan"
ERROR - 2017-06-16 11:10:17 --> Could not find the language line "mynt_buy_jd"
ERROR - 2017-06-16 11:10:17 --> Could not find the language line "home_cloud_title"
ERROR - 2017-06-16 11:10:17 --> Could not find the language line "home_cloud_intro"
ERROR - 2017-06-16 11:10:17 --> Could not find the language line "mynt_icon_taobao"
ERROR - 2017-06-16 11:10:17 --> Could not find the language line "mynt_icon_tmall"
ERROR - 2017-06-16 11:10:17 --> Could not find the language line "mynt_icon_youzan"
ERROR - 2017-06-16 11:10:17 --> Could not find the language line "mynt_buy_taobao"
ERROR - 2017-06-16 11:10:17 --> Could not find the language line "mynt_buy_tmall"
ERROR - 2017-06-16 11:10:17 --> Could not find the language line "mynt_buy_youzan"
ERROR - 2017-06-16 11:10:17 --> Could not find the language line "mynt_buy_jd"
ERROR - 2017-06-16 11:10:21 --> Could not find the language line "mynt_buy_taobao"
ERROR - 2017-06-16 11:10:21 --> Could not find the language line "mynt_buy_tmall"
ERROR - 2017-06-16 11:10:21 --> Could not find the language line "mynt_buy_youzan"
ERROR - 2017-06-16 11:10:21 --> Could not find the language line "mynt_buy_jd"
ERROR - 2017-06-16 11:10:21 --> Could not find the language line "home_cloud_title"
ERROR - 2017-06-16 11:10:21 --> Could not find the language line "home_cloud_intro"
ERROR - 2017-06-16 11:10:21 --> Could not find the language line "mynt_icon_taobao"
ERROR - 2017-06-16 11:10:21 --> Could not find the language line "mynt_icon_tmall"
ERROR - 2017-06-16 11:10:21 --> Could not find the language line "mynt_icon_youzan"
ERROR - 2017-06-16 11:10:21 --> Could not find the language line "mynt_buy_taobao"
ERROR - 2017-06-16 11:10:21 --> Could not find the language line "mynt_buy_tmall"
ERROR - 2017-06-16 11:10:21 --> Could not find the language line "mynt_buy_youzan"
ERROR - 2017-06-16 11:10:21 --> Could not find the language line "mynt_buy_jd"
ERROR - 2017-06-16 11:10:31 --> Could not find the language line "mynt_buy_taobao"
ERROR - 2017-06-16 11:10:31 --> Could not find the language line "mynt_buy_tmall"
ERROR - 2017-06-16 11:10:31 --> Could not find the language line "mynt_buy_youzan"
ERROR - 2017-06-16 11:10:31 --> Could not find the language line "mynt_buy_jd"
ERROR - 2017-06-16 11:10:31 --> Could not find the language line "home_cloud_title"
ERROR - 2017-06-16 11:10:31 --> Could not find the language line "home_cloud_intro"
ERROR - 2017-06-16 11:10:31 --> Could not find the language line "mynt_icon_taobao"
ERROR - 2017-06-16 11:10:31 --> Could not find the language line "mynt_icon_tmall"
ERROR - 2017-06-16 11:10:31 --> Could not find the language line "mynt_icon_youzan"
ERROR - 2017-06-16 11:10:31 --> Could not find the language line "mynt_buy_taobao"
ERROR - 2017-06-16 11:10:31 --> Could not find the language line "mynt_buy_tmall"
ERROR - 2017-06-16 11:10:31 --> Could not find the language line "mynt_buy_youzan"
ERROR - 2017-06-16 11:10:31 --> Could not find the language line "mynt_buy_jd"
ERROR - 2017-06-16 11:12:42 --> Could not find the language line "mynt_buy_taobao"
ERROR - 2017-06-16 11:12:42 --> Could not find the language line "mynt_buy_tmall"
ERROR - 2017-06-16 11:12:42 --> Could not find the language line "mynt_buy_youzan"
ERROR - 2017-06-16 11:12:42 --> Could not find the language line "mynt_buy_jd"
ERROR - 2017-06-16 11:12:42 --> Could not find the language line "home_cloud_title"
ERROR - 2017-06-16 11:12:42 --> Could not find the language line "home_cloud_intro"
ERROR - 2017-06-16 11:12:42 --> Could not find the language line "mynt_icon_taobao"
ERROR - 2017-06-16 11:12:42 --> Could not find the language line "mynt_icon_tmall"
ERROR - 2017-06-16 11:12:42 --> Could not find the language line "mynt_icon_youzan"
ERROR - 2017-06-16 11:12:43 --> Could not find the language line "mynt_buy_taobao"
ERROR - 2017-06-16 11:12:43 --> Could not find the language line "mynt_buy_tmall"
ERROR - 2017-06-16 11:12:43 --> Could not find the language line "mynt_buy_youzan"
ERROR - 2017-06-16 11:12:43 --> Could not find the language line "mynt_buy_jd"
ERROR - 2017-06-16 11:14:00 --> Could not find the language line "mynt_buy_taobao"
ERROR - 2017-06-16 11:14:00 --> Could not find the language line "mynt_buy_tmall"
ERROR - 2017-06-16 11:14:00 --> Could not find the language line "mynt_buy_youzan"
ERROR - 2017-06-16 11:14:00 --> Could not find the language line "mynt_buy_jd"
ERROR - 2017-06-16 11:14:00 --> Could not find the language line "home_cloud_title"
ERROR - 2017-06-16 11:14:00 --> Could not find the language line "home_cloud_intro"
ERROR - 2017-06-16 11:14:00 --> Could not find the language line "mynt_icon_taobao"
ERROR - 2017-06-16 11:14:00 --> Could not find the language line "mynt_icon_tmall"
ERROR - 2017-06-16 11:14:00 --> Could not find the language line "mynt_icon_youzan"
ERROR - 2017-06-16 11:14:00 --> Could not find the language line "mynt_buy_taobao"
ERROR - 2017-06-16 11:14:00 --> Could not find the language line "mynt_buy_tmall"
ERROR - 2017-06-16 11:14:00 --> Could not find the language line "mynt_buy_youzan"
ERROR - 2017-06-16 11:14:00 --> Could not find the language line "mynt_buy_jd"
ERROR - 2017-06-16 11:14:01 --> Could not find the language line "mynt_buy_taobao"
ERROR - 2017-06-16 11:14:01 --> Could not find the language line "mynt_buy_tmall"
ERROR - 2017-06-16 11:14:01 --> Could not find the language line "mynt_buy_youzan"
ERROR - 2017-06-16 11:14:01 --> Could not find the language line "mynt_buy_jd"
ERROR - 2017-06-16 11:14:01 --> Could not find the language line "home_cloud_title"
ERROR - 2017-06-16 11:14:01 --> Could not find the language line "home_cloud_intro"
ERROR - 2017-06-16 11:14:01 --> Could not find the language line "mynt_icon_taobao"
ERROR - 2017-06-16 11:14:01 --> Could not find the language line "mynt_icon_tmall"
ERROR - 2017-06-16 11:14:01 --> Could not find the language line "mynt_icon_youzan"
ERROR - 2017-06-16 11:14:02 --> Could not find the language line "mynt_buy_taobao"
ERROR - 2017-06-16 11:14:02 --> Could not find the language line "mynt_buy_tmall"
ERROR - 2017-06-16 11:14:02 --> Could not find the language line "mynt_buy_youzan"
ERROR - 2017-06-16 11:14:02 --> Could not find the language line "mynt_buy_jd"
ERROR - 2017-06-16 11:15:02 --> Could not find the language line "mynt_buy_taobao"
ERROR - 2017-06-16 11:15:02 --> Could not find the language line "mynt_buy_tmall"
ERROR - 2017-06-16 11:15:02 --> Could not find the language line "mynt_buy_youzan"
ERROR - 2017-06-16 11:15:02 --> Could not find the language line "mynt_buy_jd"
ERROR - 2017-06-16 11:15:02 --> Could not find the language line "home_cloud_title"
ERROR - 2017-06-16 11:15:02 --> Could not find the language line "home_cloud_intro"
ERROR - 2017-06-16 11:15:02 --> Could not find the language line "mynt_icon_taobao"
ERROR - 2017-06-16 11:15:02 --> Could not find the language line "mynt_icon_tmall"
ERROR - 2017-06-16 11:15:02 --> Could not find the language line "mynt_icon_youzan"
ERROR - 2017-06-16 11:15:02 --> Could not find the language line "mynt_buy_taobao"
ERROR - 2017-06-16 11:15:02 --> Could not find the language line "mynt_buy_tmall"
ERROR - 2017-06-16 11:15:02 --> Could not find the language line "mynt_buy_youzan"
ERROR - 2017-06-16 11:15:02 --> Could not find the language line "mynt_buy_jd"
ERROR - 2017-06-16 11:21:08 --> Could not find the language line "mynt_buy_taobao"
ERROR - 2017-06-16 11:21:08 --> Could not find the language line "mynt_buy_tmall"
ERROR - 2017-06-16 11:21:08 --> Could not find the language line "mynt_buy_youzan"
ERROR - 2017-06-16 11:21:08 --> Could not find the language line "mynt_buy_jd"
ERROR - 2017-06-16 11:21:08 --> Could not find the language line "home_cloud_title"
ERROR - 2017-06-16 11:21:08 --> Could not find the language line "home_cloud_intro"
ERROR - 2017-06-16 11:21:08 --> Could not find the language line "mynt_icon_taobao"
ERROR - 2017-06-16 11:21:08 --> Could not find the language line "mynt_icon_tmall"
ERROR - 2017-06-16 11:21:08 --> Could not find the language line "mynt_icon_youzan"
ERROR - 2017-06-16 11:21:08 --> Could not find the language line "mynt_buy_taobao"
ERROR - 2017-06-16 11:21:08 --> Could not find the language line "mynt_buy_tmall"
ERROR - 2017-06-16 11:21:08 --> Could not find the language line "mynt_buy_youzan"
ERROR - 2017-06-16 11:21:08 --> Could not find the language line "mynt_buy_jd"
ERROR - 2017-06-16 11:21:18 --> Could not find the language line "mynt_buy_taobao"
ERROR - 2017-06-16 11:21:18 --> Could not find the language line "mynt_buy_tmall"
ERROR - 2017-06-16 11:21:18 --> Could not find the language line "mynt_buy_youzan"
ERROR - 2017-06-16 11:21:18 --> Could not find the language line "mynt_buy_jd"
ERROR - 2017-06-16 11:21:18 --> Could not find the language line "home_cloud_title"
ERROR - 2017-06-16 11:21:18 --> Could not find the language line "home_cloud_intro"
ERROR - 2017-06-16 11:21:18 --> Could not find the language line "mynt_icon_taobao"
ERROR - 2017-06-16 11:21:18 --> Could not find the language line "mynt_icon_tmall"
ERROR - 2017-06-16 11:21:18 --> Could not find the language line "mynt_icon_youzan"
ERROR - 2017-06-16 11:21:18 --> Could not find the language line "mynt_buy_taobao"
ERROR - 2017-06-16 11:21:18 --> Could not find the language line "mynt_buy_tmall"
ERROR - 2017-06-16 11:21:18 --> Could not find the language line "mynt_buy_youzan"
ERROR - 2017-06-16 11:21:18 --> Could not find the language line "mynt_buy_jd"
ERROR - 2017-06-16 11:22:31 --> Could not find the language line "mynt_buy_taobao"
ERROR - 2017-06-16 11:22:31 --> Could not find the language line "mynt_buy_tmall"
ERROR - 2017-06-16 11:22:31 --> Could not find the language line "mynt_buy_youzan"
ERROR - 2017-06-16 11:22:31 --> Could not find the language line "mynt_buy_jd"
ERROR - 2017-06-16 11:22:31 --> Could not find the language line "home_cloud_title"
ERROR - 2017-06-16 11:22:31 --> Could not find the language line "home_cloud_intro"
ERROR - 2017-06-16 11:22:31 --> Could not find the language line "mynt_icon_taobao"
ERROR - 2017-06-16 11:22:31 --> Could not find the language line "mynt_icon_tmall"
ERROR - 2017-06-16 11:22:31 --> Could not find the language line "mynt_icon_youzan"
ERROR - 2017-06-16 11:22:31 --> Could not find the language line "mynt_buy_taobao"
ERROR - 2017-06-16 11:22:31 --> Could not find the language line "mynt_buy_tmall"
ERROR - 2017-06-16 11:22:31 --> Could not find the language line "mynt_buy_youzan"
ERROR - 2017-06-16 11:22:31 --> Could not find the language line "mynt_buy_jd"
ERROR - 2017-06-16 11:23:57 --> Could not find the language line "mynt_buy_taobao"
ERROR - 2017-06-16 11:23:57 --> Could not find the language line "mynt_buy_tmall"
ERROR - 2017-06-16 11:23:57 --> Could not find the language line "mynt_buy_youzan"
ERROR - 2017-06-16 11:23:57 --> Could not find the language line "mynt_buy_jd"
ERROR - 2017-06-16 11:23:57 --> Could not find the language line "home_cloud_title"
ERROR - 2017-06-16 11:23:57 --> Could not find the language line "home_cloud_intro"
ERROR - 2017-06-16 11:23:57 --> Could not find the language line "mynt_icon_taobao"
ERROR - 2017-06-16 11:23:57 --> Could not find the language line "mynt_icon_tmall"
ERROR - 2017-06-16 11:23:57 --> Could not find the language line "mynt_icon_youzan"
ERROR - 2017-06-16 11:23:57 --> Could not find the language line "mynt_buy_taobao"
ERROR - 2017-06-16 11:23:57 --> Could not find the language line "mynt_buy_tmall"
ERROR - 2017-06-16 11:23:57 --> Could not find the language line "mynt_buy_youzan"
ERROR - 2017-06-16 11:23:57 --> Could not find the language line "mynt_buy_jd"
ERROR - 2017-06-16 11:25:15 --> Could not find the language line "mynt_buy_taobao"
ERROR - 2017-06-16 11:25:15 --> Could not find the language line "mynt_buy_tmall"
ERROR - 2017-06-16 11:25:15 --> Could not find the language line "mynt_buy_youzan"
ERROR - 2017-06-16 11:25:15 --> Could not find the language line "mynt_buy_jd"
ERROR - 2017-06-16 11:25:15 --> Could not find the language line "home_cloud_title"
ERROR - 2017-06-16 11:25:15 --> Could not find the language line "home_cloud_intro"
ERROR - 2017-06-16 11:25:15 --> Could not find the language line "mynt_icon_taobao"
ERROR - 2017-06-16 11:25:15 --> Could not find the language line "mynt_icon_tmall"
ERROR - 2017-06-16 11:25:15 --> Could not find the language line "mynt_icon_youzan"
ERROR - 2017-06-16 11:25:17 --> Could not find the language line "mynt_buy_taobao"
ERROR - 2017-06-16 11:25:17 --> Could not find the language line "mynt_buy_tmall"
ERROR - 2017-06-16 11:25:17 --> Could not find the language line "mynt_buy_youzan"
ERROR - 2017-06-16 11:25:17 --> Could not find the language line "mynt_buy_jd"
ERROR - 2017-06-16 11:25:22 --> Could not find the language line "mynt_buy_taobao"
ERROR - 2017-06-16 11:25:22 --> Could not find the language line "mynt_buy_tmall"
ERROR - 2017-06-16 11:25:22 --> Could not find the language line "mynt_buy_youzan"
ERROR - 2017-06-16 11:25:22 --> Could not find the language line "mynt_buy_jd"
ERROR - 2017-06-16 11:25:22 --> Could not find the language line "home_cloud_title"
ERROR - 2017-06-16 11:25:22 --> Could not find the language line "home_cloud_intro"
ERROR - 2017-06-16 11:25:22 --> Could not find the language line "mynt_icon_taobao"
ERROR - 2017-06-16 11:25:22 --> Could not find the language line "mynt_icon_tmall"
ERROR - 2017-06-16 11:25:22 --> Could not find the language line "mynt_icon_youzan"
ERROR - 2017-06-16 11:25:22 --> Could not find the language line "mynt_buy_taobao"
ERROR - 2017-06-16 11:25:22 --> Could not find the language line "mynt_buy_tmall"
ERROR - 2017-06-16 11:25:22 --> Could not find the language line "mynt_buy_youzan"
ERROR - 2017-06-16 11:25:22 --> Could not find the language line "mynt_buy_jd"
ERROR - 2017-06-16 11:26:08 --> Could not find the language line "mynt_buy_taobao"
ERROR - 2017-06-16 11:26:08 --> Could not find the language line "mynt_buy_tmall"
ERROR - 2017-06-16 11:26:08 --> Could not find the language line "mynt_buy_youzan"
ERROR - 2017-06-16 11:26:08 --> Could not find the language line "mynt_buy_jd"
ERROR - 2017-06-16 11:26:08 --> Could not find the language line "home_cloud_title"
ERROR - 2017-06-16 11:26:08 --> Could not find the language line "home_cloud_intro"
ERROR - 2017-06-16 11:26:08 --> Could not find the language line "mynt_icon_taobao"
ERROR - 2017-06-16 11:26:08 --> Could not find the language line "mynt_icon_tmall"
ERROR - 2017-06-16 11:26:08 --> Could not find the language line "mynt_icon_youzan"
ERROR - 2017-06-16 11:26:08 --> Could not find the language line "mynt_buy_taobao"
ERROR - 2017-06-16 11:26:08 --> Could not find the language line "mynt_buy_tmall"
ERROR - 2017-06-16 11:26:08 --> Could not find the language line "mynt_buy_youzan"
ERROR - 2017-06-16 11:26:08 --> Could not find the language line "mynt_buy_jd"
ERROR - 2017-06-16 11:26:15 --> Could not find the language line "mynt_buy_taobao"
ERROR - 2017-06-16 11:26:15 --> Could not find the language line "mynt_buy_tmall"
ERROR - 2017-06-16 11:26:15 --> Could not find the language line "mynt_buy_youzan"
ERROR - 2017-06-16 11:26:15 --> Could not find the language line "mynt_buy_jd"
ERROR - 2017-06-16 11:26:15 --> Could not find the language line "home_cloud_title"
ERROR - 2017-06-16 11:26:15 --> Could not find the language line "home_cloud_intro"
ERROR - 2017-06-16 11:26:15 --> Could not find the language line "mynt_icon_taobao"
ERROR - 2017-06-16 11:26:15 --> Could not find the language line "mynt_icon_tmall"
ERROR - 2017-06-16 11:26:15 --> Could not find the language line "mynt_icon_youzan"
ERROR - 2017-06-16 11:26:16 --> Could not find the language line "mynt_buy_taobao"
ERROR - 2017-06-16 11:26:16 --> Could not find the language line "mynt_buy_tmall"
ERROR - 2017-06-16 11:26:16 --> Could not find the language line "mynt_buy_youzan"
ERROR - 2017-06-16 11:26:16 --> Could not find the language line "mynt_buy_jd"
ERROR - 2017-06-16 11:26:52 --> Could not find the language line "mynt_buy_taobao"
ERROR - 2017-06-16 11:26:52 --> Could not find the language line "mynt_buy_tmall"
ERROR - 2017-06-16 11:26:52 --> Could not find the language line "mynt_buy_youzan"
ERROR - 2017-06-16 11:26:52 --> Could not find the language line "mynt_buy_jd"
ERROR - 2017-06-16 11:26:52 --> Could not find the language line "home_cloud_title"
ERROR - 2017-06-16 11:26:52 --> Could not find the language line "home_cloud_intro"
ERROR - 2017-06-16 11:26:52 --> Could not find the language line "mynt_icon_taobao"
ERROR - 2017-06-16 11:26:52 --> Could not find the language line "mynt_icon_tmall"
ERROR - 2017-06-16 11:26:52 --> Could not find the language line "mynt_icon_youzan"
ERROR - 2017-06-16 11:26:52 --> Could not find the language line "mynt_buy_taobao"
ERROR - 2017-06-16 11:26:52 --> Could not find the language line "mynt_buy_tmall"
ERROR - 2017-06-16 11:26:52 --> Could not find the language line "mynt_buy_youzan"
ERROR - 2017-06-16 11:26:52 --> Could not find the language line "mynt_buy_jd"
ERROR - 2017-06-16 11:26:53 --> Could not find the language line "mynt_buy_taobao"
ERROR - 2017-06-16 11:26:53 --> Could not find the language line "mynt_buy_tmall"
ERROR - 2017-06-16 11:26:53 --> Could not find the language line "mynt_buy_youzan"
ERROR - 2017-06-16 11:26:53 --> Could not find the language line "mynt_buy_jd"
ERROR - 2017-06-16 11:26:53 --> Could not find the language line "home_cloud_title"
ERROR - 2017-06-16 11:26:53 --> Could not find the language line "home_cloud_intro"
ERROR - 2017-06-16 11:26:53 --> Could not find the language line "mynt_icon_taobao"
ERROR - 2017-06-16 11:26:53 --> Could not find the language line "mynt_icon_tmall"
ERROR - 2017-06-16 11:26:53 --> Could not find the language line "mynt_icon_youzan"
ERROR - 2017-06-16 11:26:54 --> Could not find the language line "mynt_buy_taobao"
ERROR - 2017-06-16 11:26:54 --> Could not find the language line "mynt_buy_tmall"
ERROR - 2017-06-16 11:26:54 --> Could not find the language line "mynt_buy_youzan"
ERROR - 2017-06-16 11:26:54 --> Could not find the language line "mynt_buy_jd"
ERROR - 2017-06-16 11:30:02 --> Could not find the language line "mynt_buy_taobao"
ERROR - 2017-06-16 11:30:02 --> Could not find the language line "mynt_buy_tmall"
ERROR - 2017-06-16 11:30:02 --> Could not find the language line "mynt_buy_youzan"
ERROR - 2017-06-16 11:30:02 --> Could not find the language line "mynt_buy_jd"
ERROR - 2017-06-16 11:30:02 --> Could not find the language line "about_keywords"
ERROR - 2017-06-16 11:30:02 --> Could not find the language line "about_facebook"
ERROR - 2017-06-16 11:30:02 --> Could not find the language line "about_twitter"
ERROR - 2017-06-16 11:30:02 --> Could not find the language line "about_weibo"
ERROR - 2017-06-16 11:30:02 --> Could not find the language line "mynt_buy_taobao"
ERROR - 2017-06-16 11:30:02 --> Could not find the language line "mynt_buy_tmall"
ERROR - 2017-06-16 11:30:02 --> Could not find the language line "mynt_buy_youzan"
ERROR - 2017-06-16 11:30:02 --> Could not find the language line "mynt_buy_jd"
ERROR - 2017-06-16 11:31:17 --> Could not find the language line "mynt_buy_taobao"
ERROR - 2017-06-16 11:31:17 --> Could not find the language line "mynt_buy_tmall"
ERROR - 2017-06-16 11:31:17 --> Could not find the language line "mynt_buy_youzan"
ERROR - 2017-06-16 11:31:17 --> Could not find the language line "mynt_buy_jd"
ERROR - 2017-06-16 11:31:17 --> Could not find the language line "about_keywords"
ERROR - 2017-06-16 11:31:17 --> Could not find the language line "about_facebook"
ERROR - 2017-06-16 11:31:17 --> Could not find the language line "about_twitter"
ERROR - 2017-06-16 11:31:17 --> Could not find the language line "about_weibo"
ERROR - 2017-06-16 11:31:17 --> Could not find the language line "mynt_buy_taobao"
ERROR - 2017-06-16 11:31:17 --> Could not find the language line "mynt_buy_tmall"
ERROR - 2017-06-16 11:31:17 --> Could not find the language line "mynt_buy_youzan"
ERROR - 2017-06-16 11:31:17 --> Could not find the language line "mynt_buy_jd"
ERROR - 2017-06-16 11:31:49 --> Could not find the language line "mynt_buy_taobao"
ERROR - 2017-06-16 11:31:49 --> Could not find the language line "mynt_buy_tmall"
ERROR - 2017-06-16 11:31:49 --> Could not find the language line "mynt_buy_youzan"
ERROR - 2017-06-16 11:31:49 --> Could not find the language line "mynt_buy_jd"
ERROR - 2017-06-16 11:31:49 --> Could not find the language line "about_keywords"
ERROR - 2017-06-16 11:31:49 --> Could not find the language line "about_facebook"
ERROR - 2017-06-16 11:31:49 --> Could not find the language line "about_twitter"
ERROR - 2017-06-16 11:31:49 --> Could not find the language line "about_weibo"
ERROR - 2017-06-16 11:31:49 --> Could not find the language line "mynt_buy_taobao"
ERROR - 2017-06-16 11:31:49 --> Could not find the language line "mynt_buy_tmall"
ERROR - 2017-06-16 11:31:49 --> Could not find the language line "mynt_buy_youzan"
ERROR - 2017-06-16 11:31:49 --> Could not find the language line "mynt_buy_jd"
ERROR - 2017-06-16 11:32:13 --> Could not find the language line "mynt_buy_taobao"
ERROR - 2017-06-16 11:32:13 --> Could not find the language line "mynt_buy_tmall"
ERROR - 2017-06-16 11:32:13 --> Could not find the language line "mynt_buy_youzan"
ERROR - 2017-06-16 11:32:13 --> Could not find the language line "mynt_buy_jd"
ERROR - 2017-06-16 11:32:13 --> Could not find the language line "about_keywords"
ERROR - 2017-06-16 11:32:13 --> Could not find the language line "about_facebook"
ERROR - 2017-06-16 11:32:13 --> Could not find the language line "about_twitter"
ERROR - 2017-06-16 11:32:13 --> Could not find the language line "about_weibo"
ERROR - 2017-06-16 11:32:13 --> Could not find the language line "mynt_buy_taobao"
ERROR - 2017-06-16 11:32:13 --> Could not find the language line "mynt_buy_tmall"
ERROR - 2017-06-16 11:32:13 --> Could not find the language line "mynt_buy_youzan"
ERROR - 2017-06-16 11:32:13 --> Could not find the language line "mynt_buy_jd"
ERROR - 2017-06-16 11:33:12 --> Could not find the language line "mynt_buy_taobao"
ERROR - 2017-06-16 11:33:12 --> Could not find the language line "mynt_buy_tmall"
ERROR - 2017-06-16 11:33:12 --> Could not find the language line "mynt_buy_youzan"
ERROR - 2017-06-16 11:33:12 --> Could not find the language line "mynt_buy_jd"
ERROR - 2017-06-16 11:33:12 --> Could not find the language line "about_keywords"
ERROR - 2017-06-16 11:33:12 --> Could not find the language line "about_facebook"
ERROR - 2017-06-16 11:33:12 --> Could not find the language line "about_twitter"
ERROR - 2017-06-16 11:33:12 --> Could not find the language line "about_weibo"
ERROR - 2017-06-16 11:33:12 --> Could not find the language line "mynt_buy_taobao"
ERROR - 2017-06-16 11:33:12 --> Could not find the language line "mynt_buy_tmall"
ERROR - 2017-06-16 11:33:12 --> Could not find the language line "mynt_buy_youzan"
ERROR - 2017-06-16 11:33:12 --> Could not find the language line "mynt_buy_jd"
ERROR - 2017-06-16 11:36:52 --> 404 Page Not Found: About/ar
ERROR - 2017-06-16 11:37:11 --> Could not find the language line "mynt_buy_taobao"
ERROR - 2017-06-16 11:37:11 --> Could not find the language line "mynt_buy_tmall"
ERROR - 2017-06-16 11:37:11 --> Could not find the language line "mynt_buy_youzan"
ERROR - 2017-06-16 11:37:11 --> Could not find the language line "mynt_buy_jd"
ERROR - 2017-06-16 11:37:11 --> Could not find the language line "about_keywords"
ERROR - 2017-06-16 11:37:11 --> Could not find the language line "about_facebook"
ERROR - 2017-06-16 11:37:11 --> Could not find the language line "about_twitter"
ERROR - 2017-06-16 11:37:11 --> Could not find the language line "about_weibo"
ERROR - 2017-06-16 11:37:11 --> Could not find the language line "mynt_buy_taobao"
ERROR - 2017-06-16 11:37:11 --> Could not find the language line "mynt_buy_tmall"
ERROR - 2017-06-16 11:37:11 --> Could not find the language line "mynt_buy_youzan"
ERROR - 2017-06-16 11:37:11 --> Could not find the language line "mynt_buy_jd"
ERROR - 2017-06-16 11:38:40 --> Could not find the language line "mynt_buy_taobao"
ERROR - 2017-06-16 11:38:40 --> Could not find the language line "mynt_buy_tmall"
ERROR - 2017-06-16 11:38:40 --> Could not find the language line "mynt_buy_youzan"
ERROR - 2017-06-16 11:38:40 --> Could not find the language line "mynt_buy_jd"
ERROR - 2017-06-16 11:38:40 --> Could not find the language line "about_keywords"
ERROR - 2017-06-16 11:38:40 --> Could not find the language line "about_facebook"
ERROR - 2017-06-16 11:38:40 --> Could not find the language line "about_twitter"
ERROR - 2017-06-16 11:38:40 --> Could not find the language line "about_weibo"
ERROR - 2017-06-16 11:38:40 --> Could not find the language line "mynt_buy_taobao"
ERROR - 2017-06-16 11:38:40 --> Could not find the language line "mynt_buy_tmall"
ERROR - 2017-06-16 11:38:40 --> Could not find the language line "mynt_buy_youzan"
ERROR - 2017-06-16 11:38:40 --> Could not find the language line "mynt_buy_jd"
ERROR - 2017-06-16 11:38:57 --> Could not find the language line "mynt_buy_taobao"
ERROR - 2017-06-16 11:38:57 --> Could not find the language line "mynt_buy_tmall"
ERROR - 2017-06-16 11:38:57 --> Could not find the language line "mynt_buy_youzan"
ERROR - 2017-06-16 11:38:57 --> Could not find the language line "mynt_buy_jd"
ERROR - 2017-06-16 11:38:57 --> Could not find the language line "about_keywords"
ERROR - 2017-06-16 11:38:57 --> Could not find the language line "about_facebook"
ERROR - 2017-06-16 11:38:57 --> Could not find the language line "about_twitter"
ERROR - 2017-06-16 11:38:57 --> Could not find the language line "about_weibo"
ERROR - 2017-06-16 11:38:57 --> Could not find the language line "mynt_buy_taobao"
ERROR - 2017-06-16 11:38:57 --> Could not find the language line "mynt_buy_tmall"
ERROR - 2017-06-16 11:38:57 --> Could not find the language line "mynt_buy_youzan"
ERROR - 2017-06-16 11:38:57 --> Could not find the language line "mynt_buy_jd"
ERROR - 2017-06-16 11:38:58 --> Could not find the language line "mynt_buy_taobao"
ERROR - 2017-06-16 11:38:58 --> Could not find the language line "mynt_buy_tmall"
ERROR - 2017-06-16 11:38:58 --> Could not find the language line "mynt_buy_youzan"
ERROR - 2017-06-16 11:38:58 --> Could not find the language line "mynt_buy_jd"
ERROR - 2017-06-16 11:38:58 --> Could not find the language line "about_keywords"
ERROR - 2017-06-16 11:38:58 --> Could not find the language line "about_facebook"
ERROR - 2017-06-16 11:38:58 --> Could not find the language line "about_twitter"
ERROR - 2017-06-16 11:38:58 --> Could not find the language line "about_weibo"
ERROR - 2017-06-16 11:38:58 --> Could not find the language line "mynt_buy_taobao"
ERROR - 2017-06-16 11:38:58 --> Could not find the language line "mynt_buy_tmall"
ERROR - 2017-06-16 11:38:58 --> Could not find the language line "mynt_buy_youzan"
ERROR - 2017-06-16 11:38:58 --> Could not find the language line "mynt_buy_jd"
ERROR - 2017-06-16 11:39:09 --> Could not find the language line "mynt_buy_taobao"
ERROR - 2017-06-16 11:39:09 --> Could not find the language line "mynt_buy_tmall"
ERROR - 2017-06-16 11:39:09 --> Could not find the language line "mynt_buy_youzan"
ERROR - 2017-06-16 11:39:09 --> Could not find the language line "mynt_buy_jd"
ERROR - 2017-06-16 11:39:15 --> Could not find the language line "mynt_buy_taobao"
ERROR - 2017-06-16 11:39:15 --> Could not find the language line "mynt_buy_tmall"
ERROR - 2017-06-16 11:39:15 --> Could not find the language line "mynt_buy_youzan"
ERROR - 2017-06-16 11:39:15 --> Could not find the language line "mynt_buy_jd"
ERROR - 2017-06-16 11:41:23 --> Could not find the language line "mynt_buy_taobao"
ERROR - 2017-06-16 11:41:23 --> Could not find the language line "mynt_buy_tmall"
ERROR - 2017-06-16 11:41:23 --> Could not find the language line "mynt_buy_youzan"
ERROR - 2017-06-16 11:41:23 --> Could not find the language line "mynt_buy_jd"
ERROR - 2017-06-16 11:41:23 --> Could not find the language line "about_keywords"
ERROR - 2017-06-16 11:41:23 --> Could not find the language line "about_facebook"
ERROR - 2017-06-16 11:41:23 --> Could not find the language line "about_twitter"
ERROR - 2017-06-16 11:41:23 --> Could not find the language line "about_weibo"
ERROR - 2017-06-16 11:41:23 --> Could not find the language line "mynt_buy_taobao"
ERROR - 2017-06-16 11:41:23 --> Could not find the language line "mynt_buy_tmall"
ERROR - 2017-06-16 11:41:23 --> Could not find the language line "mynt_buy_youzan"
ERROR - 2017-06-16 11:41:23 --> Could not find the language line "mynt_buy_jd"
ERROR - 2017-06-16 14:36:38 --> Could not find the language line "about_keywords"
ERROR - 2017-06-16 14:36:38 --> Could not find the language line "mynt_buy_taobao"
ERROR - 2017-06-16 14:36:38 --> Could not find the language line "mynt_buy_tmall"
ERROR - 2017-06-16 14:36:38 --> Could not find the language line "mynt_buy_youzan"
ERROR - 2017-06-16 14:36:38 --> Could not find the language line "mynt_buy_jd"
