ERROR - 2017-09-19 01:53:46 --> Could not find the language line "mynt_buy_amazon"
ERROR - 2017-09-19 01:55:04 --> Could not find the language line "mynt_buy_amazon"
ERROR - 2017-09-19 01:58:07 --> Could not find the language line "mynt_buy_amazon"
ERROR - 2017-09-19 01:58:07 --> Could not find the language line "about_keywords"
ERROR - 2017-09-19 01:58:07 --> Could not find the language line "about_company"
ERROR - 2017-09-19 01:58:36 --> Could not find the language line "mynt_buy_amazon"
ERROR - 2017-09-19 01:58:50 --> Could not find the language line "mynt_buy_amazon"
ERROR - 2017-09-19 01:59:18 --> Could not find the language line "mynt_buy_amazon"
ERROR - 2017-09-19 01:59:28 --> Could not find the language line "mynt_buy_amazon"
ERROR - 2017-09-19 02:00:13 --> Could not find the language line "mynt_buy_amazon"
ERROR - 2017-09-19 02:01:35 --> Could not find the language line "mynt_buy_amazon"
ERROR - 2017-09-19 02:06:43 --> Could not find the language line "mynt_buy_amazon"
ERROR - 2017-09-19 02:08:36 --> Could not find the language line "mynt_buy_amazon"
ERROR - 2017-09-19 02:09:44 --> Could not find the language line "mynt_buy_amazon"
ERROR - 2017-09-19 02:11:03 --> Could not find the language line "mynt_buy_amazon"
ERROR - 2017-09-19 02:11:24 --> Could not find the language line "mynt_buy_amazon"
ERROR - 2017-09-19 02:15:38 --> Could not find the language line "mynt_buy_amazon"
ERROR - 2017-09-19 02:16:20 --> Could not find the language line "mynt_buy_amazon"
ERROR - 2017-09-19 02:25:02 --> Could not find the language line "mynt_buy_amazon"
ERROR - 2017-09-19 02:26:40 --> Could not find the language line "mynt_buy_amazon"
ERROR - 2017-09-19 02:27:03 --> Could not find the language line "mynt_buy_amazon"
ERROR - 2017-09-19 02:28:18 --> Could not find the language line "mynt_buy_amazon"
ERROR - 2017-09-19 02:31:51 --> Could not find the language line "mynt_buy_amazon"
ERROR - 2017-09-19 02:31:52 --> Could not find the language line "mynt_buy_amazon"
ERROR - 2017-09-19 02:31:53 --> Could not find the language line "mynt_buy_amazon"
ERROR - 2017-09-19 02:31:53 --> Could not find the language line "mynt_buy_amazon"
ERROR - 2017-09-19 02:31:58 --> Could not find the language line "mynt_buy_amazon"
ERROR - 2017-09-19 02:31:58 --> Could not find the language line "home_slife_title"
ERROR - 2017-09-19 02:31:58 --> Could not find the language line "mynt_icon_buy"
ERROR - 2017-09-19 02:32:03 --> Could not find the language line "mynt_buy_amazon"
ERROR - 2017-09-19 02:32:08 --> Could not find the language line "mynt_buy_amazon"
ERROR - 2017-09-19 02:36:27 --> Could not find the language line "mynt_buy_amazon"
ERROR - 2017-09-19 02:37:32 --> Could not find the language line "mynt_buy_amazon"
ERROR - 2017-09-19 02:40:44 --> Could not find the language line "mynt_buy_amazon"
ERROR - 2017-09-19 02:41:06 --> Could not find the language line "mynt_buy_amazon"
ERROR - 2017-09-19 02:41:06 --> Could not find the language line "home_slife_title"
ERROR - 2017-09-19 02:41:06 --> Could not find the language line "mynt_icon_buy"
ERROR - 2017-09-19 02:45:00 --> Could not find the language line "mynt_buy_amazon"
ERROR - 2017-09-19 02:46:29 --> Could not find the language line "mynt_buy_amazon"
ERROR - 2017-09-19 02:46:30 --> Could not find the language line "mynt_buy_amazon"
ERROR - 2017-09-19 02:46:31 --> Could not find the language line "mynt_buy_amazon"
ERROR - 2017-09-19 02:46:31 --> Could not find the language line "about_keywords"
ERROR - 2017-09-19 02:46:31 --> Could not find the language line "about_company"
ERROR - 2017-09-19 02:46:33 --> Could not find the language line "mynt_buy_amazon"
ERROR - 2017-09-19 02:52:39 --> Could not find the language line "mynt_buy_amazon"
ERROR - 2017-09-19 03:11:28 --> Could not find the language line "mynt_buy_amazon"
ERROR - 2017-09-19 03:11:28 --> Could not find the language line "home_slife_title"
ERROR - 2017-09-19 03:11:28 --> Could not find the language line "mynt_icon_buy"
ERROR - 2017-09-19 03:46:56 --> Could not find the language line "mynt_buy_amazon"
ERROR - 2017-09-19 03:46:56 --> Could not find the language line "home_slife_title"
ERROR - 2017-09-19 03:46:56 --> Could not find the language line "mynt_icon_buy"
ERROR - 2017-09-19 03:47:21 --> Could not find the language line "mynt_buy_amazon"
ERROR - 2017-09-19 03:47:21 --> Could not find the language line "home_slife_title"
ERROR - 2017-09-19 03:47:21 --> Could not find the language line "mynt_icon_buy"
ERROR - 2017-09-19 03:55:46 --> Could not find the language line "mynt_buy_amazon"
ERROR - 2017-09-19 03:55:46 --> Could not find the language line "home_slife_title"
ERROR - 2017-09-19 03:55:46 --> Could not find the language line "mynt_icon_buy"
ERROR - 2017-09-19 03:55:53 --> Could not find the language line "mynt_buy_amazon"
ERROR - 2017-09-19 03:55:53 --> Could not find the language line "home_slife_title"
ERROR - 2017-09-19 03:55:53 --> Could not find the language line "mynt_icon_buy"
ERROR - 2017-09-19 03:55:57 --> Could not find the language line "mynt_buy_amazon"
ERROR - 2017-09-19 03:56:00 --> Could not find the language line "mynt_buy_amazon"
ERROR - 2017-09-19 03:56:00 --> Could not find the language line "home_slife_title"
ERROR - 2017-09-19 03:56:00 --> Could not find the language line "mynt_icon_buy"
ERROR - 2017-09-19 05:57:51 --> Could not find the language line "mynt_buy_amazon"
ERROR - 2017-09-19 05:57:51 --> Could not find the language line "home_slife_title"
ERROR - 2017-09-19 05:57:51 --> Could not find the language line "mynt_icon_buy"
ERROR - 2017-09-19 05:58:52 --> Could not find the language line "mynt_buy_amazon"
ERROR - 2017-09-19 05:58:52 --> Could not find the language line "home_slife_title"
ERROR - 2017-09-19 05:58:52 --> Could not find the language line "mynt_icon_buy"
ERROR - 2017-09-19 05:58:53 --> Could not find the language line "mynt_buy_amazon"
ERROR - 2017-09-19 05:58:53 --> Could not find the language line "home_slife_title"
ERROR - 2017-09-19 05:58:53 --> Could not find the language line "mynt_icon_buy"
ERROR - 2017-09-19 05:58:57 --> Could not find the language line "mynt_buy_amazon"
ERROR - 2017-09-19 05:59:01 --> Could not find the language line "mynt_buy_amazon"
ERROR - 2017-09-19 05:59:01 --> Could not find the language line "home_slife_title"
ERROR - 2017-09-19 05:59:01 --> Could not find the language line "mynt_icon_buy"
ERROR - 2017-09-19 06:01:02 --> Could not find the language line "mynt_buy_amazon"
ERROR - 2017-09-19 06:01:02 --> Could not find the language line "home_slife_title"
ERROR - 2017-09-19 06:01:02 --> Could not find the language line "mynt_icon_buy"
ERROR - 2017-09-19 06:01:09 --> Could not find the language line "mynt_buy_amazon"
ERROR - 2017-09-19 06:01:09 --> Could not find the language line "home_slife_title"
ERROR - 2017-09-19 06:01:09 --> Could not find the language line "mynt_icon_buy"
ERROR - 2017-09-19 06:01:10 --> Could not find the language line "mynt_buy_amazon"
ERROR - 2017-09-19 06:01:10 --> Could not find the language line "home_slife_title"
ERROR - 2017-09-19 06:01:10 --> Could not find the language line "mynt_icon_buy"
ERROR - 2017-09-19 06:01:11 --> Could not find the language line "mynt_buy_amazon"
ERROR - 2017-09-19 06:01:11 --> Could not find the language line "home_slife_title"
ERROR - 2017-09-19 06:01:11 --> Could not find the language line "mynt_icon_buy"
ERROR - 2017-09-19 06:01:11 --> Could not find the language line "mynt_buy_amazon"
ERROR - 2017-09-19 06:01:11 --> Could not find the language line "home_slife_title"
ERROR - 2017-09-19 06:01:11 --> Could not find the language line "mynt_icon_buy"
ERROR - 2017-09-19 06:01:12 --> Could not find the language line "mynt_buy_amazon"
ERROR - 2017-09-19 06:01:12 --> Could not find the language line "home_slife_title"
ERROR - 2017-09-19 06:01:12 --> Could not find the language line "mynt_icon_buy"
ERROR - 2017-09-19 06:01:12 --> Could not find the language line "mynt_buy_amazon"
ERROR - 2017-09-19 06:01:12 --> Could not find the language line "home_slife_title"
ERROR - 2017-09-19 06:01:12 --> Could not find the language line "mynt_icon_buy"
ERROR - 2017-09-19 06:01:13 --> Could not find the language line "mynt_buy_amazon"
ERROR - 2017-09-19 06:01:13 --> Could not find the language line "home_slife_title"
ERROR - 2017-09-19 06:01:13 --> Could not find the language line "mynt_icon_buy"
ERROR - 2017-09-19 06:01:13 --> Could not find the language line "mynt_buy_amazon"
ERROR - 2017-09-19 06:01:13 --> Could not find the language line "home_slife_title"
ERROR - 2017-09-19 06:01:13 --> Could not find the language line "mynt_icon_buy"
ERROR - 2017-09-19 06:01:13 --> Could not find the language line "mynt_buy_amazon"
ERROR - 2017-09-19 06:01:13 --> Could not find the language line "home_slife_title"
ERROR - 2017-09-19 06:01:13 --> Could not find the language line "mynt_icon_buy"
ERROR - 2017-09-19 06:01:13 --> Could not find the language line "mynt_buy_amazon"
ERROR - 2017-09-19 06:01:13 --> Could not find the language line "home_slife_title"
ERROR - 2017-09-19 06:01:13 --> Could not find the language line "mynt_icon_buy"
ERROR - 2017-09-19 06:01:13 --> Could not find the language line "mynt_buy_amazon"
ERROR - 2017-09-19 06:01:13 --> Could not find the language line "home_slife_title"
ERROR - 2017-09-19 06:01:13 --> Could not find the language line "mynt_icon_buy"
ERROR - 2017-09-19 06:01:13 --> Could not find the language line "mynt_buy_amazon"
ERROR - 2017-09-19 06:01:13 --> Could not find the language line "home_slife_title"
ERROR - 2017-09-19 06:01:13 --> Could not find the language line "mynt_icon_buy"
ERROR - 2017-09-19 06:01:13 --> Could not find the language line "mynt_buy_amazon"
ERROR - 2017-09-19 06:01:13 --> Could not find the language line "home_slife_title"
ERROR - 2017-09-19 06:01:13 --> Could not find the language line "mynt_icon_buy"
ERROR - 2017-09-19 06:01:13 --> Could not find the language line "mynt_buy_amazon"
ERROR - 2017-09-19 06:01:13 --> Could not find the language line "home_slife_title"
ERROR - 2017-09-19 06:01:13 --> Could not find the language line "mynt_icon_buy"
ERROR - 2017-09-19 06:01:13 --> Could not find the language line "mynt_buy_amazon"
ERROR - 2017-09-19 06:01:13 --> Could not find the language line "home_slife_title"
ERROR - 2017-09-19 06:01:13 --> Could not find the language line "mynt_icon_buy"
ERROR - 2017-09-19 06:01:14 --> Could not find the language line "mynt_buy_amazon"
ERROR - 2017-09-19 06:01:14 --> Could not find the language line "home_slife_title"
ERROR - 2017-09-19 06:01:14 --> Could not find the language line "mynt_icon_buy"
ERROR - 2017-09-19 06:02:16 --> Could not find the language line "mynt_buy_amazon"
ERROR - 2017-09-19 06:02:16 --> Could not find the language line "home_slife_title"
ERROR - 2017-09-19 06:02:16 --> Could not find the language line "mynt_icon_buy"
ERROR - 2017-09-19 06:02:20 --> Could not find the language line "mynt_buy_amazon"
ERROR - 2017-09-19 06:02:20 --> Could not find the language line "home_slife_title"
ERROR - 2017-09-19 06:02:20 --> Could not find the language line "mynt_icon_buy"
ERROR - 2017-09-19 06:05:04 --> Could not find the language line "mynt_buy_amazon"
ERROR - 2017-09-19 06:05:04 --> Could not find the language line "home_slife_title"
ERROR - 2017-09-19 06:05:04 --> Could not find the language line "mynt_icon_buy"
ERROR - 2017-09-19 06:05:06 --> Could not find the language line "mynt_buy_amazon"
ERROR - 2017-09-19 06:05:07 --> Could not find the language line "mynt_buy_amazon"
ERROR - 2017-09-19 06:05:07 --> Could not find the language line "home_slife_title"
ERROR - 2017-09-19 06:05:07 --> Could not find the language line "mynt_icon_buy"
ERROR - 2017-09-19 06:05:10 --> Could not find the language line "mynt_buy_amazon"
ERROR - 2017-09-19 06:05:10 --> Could not find the language line "home_slife_title"
ERROR - 2017-09-19 06:05:10 --> Could not find the language line "mynt_icon_buy"
ERROR - 2017-09-19 06:05:13 --> Could not find the language line "mynt_buy_amazon"
ERROR - 2017-09-19 06:05:17 --> Could not find the language line "mynt_buy_amazon"
ERROR - 2017-09-19 06:05:19 --> Could not find the language line "mynt_buy_amazon"
ERROR - 2017-09-19 06:05:24 --> Could not find the language line "mynt_buy_amazon"
ERROR - 2017-09-19 06:05:25 --> Could not find the language line "mynt_buy_amazon"
ERROR - 2017-09-19 06:05:29 --> Could not find the language line "mynt_buy_amazon"
ERROR - 2017-09-19 06:05:29 --> Could not find the language line "mynt_buy_amazon"
ERROR - 2017-09-19 06:05:30 --> Could not find the language line "mynt_buy_amazon"
ERROR - 2017-09-19 06:05:31 --> Could not find the language line "mynt_buy_amazon"
ERROR - 2017-09-19 06:05:32 --> Could not find the language line "mynt_buy_amazon"
ERROR - 2017-09-19 06:05:33 --> Could not find the language line "mynt_buy_amazon"
ERROR - 2017-09-19 06:05:34 --> Could not find the language line "mynt_buy_amazon"
ERROR - 2017-09-19 06:05:35 --> Could not find the language line "mynt_buy_amazon"
ERROR - 2017-09-19 06:05:38 --> Could not find the language line "mynt_buy_amazon"
ERROR - 2017-09-19 06:05:39 --> Could not find the language line "mynt_buy_amazon"
ERROR - 2017-09-19 06:05:39 --> Could not find the language line "mynt_buy_amazon"
ERROR - 2017-09-19 06:05:40 --> Could not find the language line "mynt_buy_amazon"
ERROR - 2017-09-19 06:05:41 --> Could not find the language line "mynt_buy_amazon"
ERROR - 2017-09-19 06:05:42 --> Could not find the language line "mynt_buy_amazon"
ERROR - 2017-09-19 06:05:43 --> Could not find the language line "mynt_buy_amazon"
ERROR - 2017-09-19 06:05:44 --> Could not find the language line "mynt_buy_amazon"
ERROR - 2017-09-19 06:05:46 --> Could not find the language line "mynt_buy_amazon"
ERROR - 2017-09-19 06:05:47 --> Could not find the language line "mynt_buy_amazon"
ERROR - 2017-09-19 06:05:50 --> Could not find the language line "mynt_buy_amazon"
ERROR - 2017-09-19 06:05:51 --> Could not find the language line "mynt_buy_amazon"
ERROR - 2017-09-19 06:05:55 --> Could not find the language line "mynt_buy_amazon"
ERROR - 2017-09-19 06:06:41 --> Could not find the language line "mynt_buy_amazon"
ERROR - 2017-09-19 06:06:41 --> Could not find the language line "home_slife_title"
ERROR - 2017-09-19 06:06:41 --> Could not find the language line "mynt_icon_buy"
ERROR - 2017-09-19 06:06:41 --> Could not find the language line "mynt_buy_amazon"
ERROR - 2017-09-19 06:06:41 --> Could not find the language line "home_slife_title"
ERROR - 2017-09-19 06:06:41 --> Could not find the language line "mynt_icon_buy"
ERROR - 2017-09-19 06:06:42 --> Could not find the language line "mynt_buy_amazon"
ERROR - 2017-09-19 06:06:42 --> Could not find the language line "home_slife_title"
ERROR - 2017-09-19 06:06:42 --> Could not find the language line "mynt_icon_buy"
ERROR - 2017-09-19 06:06:42 --> Could not find the language line "mynt_buy_amazon"
ERROR - 2017-09-19 06:06:42 --> Could not find the language line "home_slife_title"
ERROR - 2017-09-19 06:06:42 --> Could not find the language line "mynt_icon_buy"
ERROR - 2017-09-19 06:06:42 --> Could not find the language line "mynt_buy_amazon"
ERROR - 2017-09-19 06:06:42 --> Could not find the language line "home_slife_title"
ERROR - 2017-09-19 06:06:42 --> Could not find the language line "mynt_icon_buy"
ERROR - 2017-09-19 06:06:45 --> Could not find the language line "mynt_buy_amazon"
ERROR - 2017-09-19 06:06:45 --> Could not find the language line "home_slife_title"
ERROR - 2017-09-19 06:06:45 --> Could not find the language line "mynt_icon_buy"
ERROR - 2017-09-19 06:06:46 --> Could not find the language line "mynt_buy_amazon"
ERROR - 2017-09-19 06:06:46 --> Could not find the language line "home_slife_title"
ERROR - 2017-09-19 06:06:46 --> Could not find the language line "mynt_icon_buy"
ERROR - 2017-09-19 06:06:46 --> Could not find the language line "mynt_buy_amazon"
ERROR - 2017-09-19 06:06:46 --> Could not find the language line "home_slife_title"
ERROR - 2017-09-19 06:06:46 --> Could not find the language line "mynt_icon_buy"
ERROR - 2017-09-19 06:06:47 --> Could not find the language line "mynt_buy_amazon"
ERROR - 2017-09-19 06:06:47 --> Could not find the language line "home_slife_title"
ERROR - 2017-09-19 06:06:47 --> Could not find the language line "mynt_icon_buy"
ERROR - 2017-09-19 06:06:47 --> Could not find the language line "mynt_buy_amazon"
ERROR - 2017-09-19 06:06:47 --> Could not find the language line "home_slife_title"
ERROR - 2017-09-19 06:06:47 --> Could not find the language line "mynt_icon_buy"
ERROR - 2017-09-19 06:06:47 --> Could not find the language line "mynt_buy_amazon"
ERROR - 2017-09-19 06:06:47 --> Could not find the language line "home_slife_title"
ERROR - 2017-09-19 06:06:47 --> Could not find the language line "mynt_icon_buy"
ERROR - 2017-09-19 06:06:47 --> Could not find the language line "mynt_buy_amazon"
ERROR - 2017-09-19 06:06:47 --> Could not find the language line "home_slife_title"
ERROR - 2017-09-19 06:06:47 --> Could not find the language line "mynt_icon_buy"
ERROR - 2017-09-19 06:06:48 --> Could not find the language line "mynt_buy_amazon"
ERROR - 2017-09-19 06:06:48 --> Could not find the language line "home_slife_title"
ERROR - 2017-09-19 06:06:48 --> Could not find the language line "mynt_icon_buy"
ERROR - 2017-09-19 06:06:48 --> Could not find the language line "mynt_buy_amazon"
ERROR - 2017-09-19 06:06:48 --> Could not find the language line "home_slife_title"
ERROR - 2017-09-19 06:06:48 --> Could not find the language line "mynt_icon_buy"
ERROR - 2017-09-19 06:06:54 --> Could not find the language line "mynt_buy_amazon"
ERROR - 2017-09-19 06:06:54 --> Could not find the language line "home_slife_title"
ERROR - 2017-09-19 06:06:54 --> Could not find the language line "mynt_icon_buy"
ERROR - 2017-09-19 06:06:57 --> Could not find the language line "mynt_buy_amazon"
ERROR - 2017-09-19 06:06:57 --> Could not find the language line "home_slife_title"
ERROR - 2017-09-19 06:06:57 --> Could not find the language line "mynt_icon_buy"
ERROR - 2017-09-19 06:07:04 --> Could not find the language line "mynt_buy_amazon"
ERROR - 2017-09-19 06:07:05 --> Could not find the language line "mynt_buy_amazon"
ERROR - 2017-09-19 06:07:05 --> Could not find the language line "home_slife_title"
ERROR - 2017-09-19 06:07:05 --> Could not find the language line "mynt_icon_buy"
ERROR - 2017-09-19 06:07:07 --> Could not find the language line "mynt_buy_amazon"
ERROR - 2017-09-19 06:07:07 --> Could not find the language line "home_slife_title"
ERROR - 2017-09-19 06:07:07 --> Could not find the language line "mynt_icon_buy"
ERROR - 2017-09-19 06:07:12 --> Could not find the language line "mynt_buy_amazon"
ERROR - 2017-09-19 06:07:13 --> Could not find the language line "mynt_buy_amazon"
ERROR - 2017-09-19 06:07:13 --> Could not find the language line "home_slife_title"
ERROR - 2017-09-19 06:07:13 --> Could not find the language line "mynt_icon_buy"
ERROR - 2017-09-19 06:07:19 --> Could not find the language line "mynt_buy_amazon"
ERROR - 2017-09-19 06:07:20 --> Could not find the language line "mynt_buy_amazon"
ERROR - 2017-09-19 06:07:20 --> Could not find the language line "home_slife_title"
ERROR - 2017-09-19 06:07:20 --> Could not find the language line "mynt_icon_buy"
ERROR - 2017-09-19 06:07:25 --> Could not find the language line "mynt_buy_amazon"
ERROR - 2017-09-19 06:07:26 --> Could not find the language line "mynt_buy_amazon"
ERROR - 2017-09-19 06:07:26 --> Could not find the language line "home_slife_title"
ERROR - 2017-09-19 06:07:26 --> Could not find the language line "mynt_icon_buy"
ERROR - 2017-09-19 06:19:08 --> Could not find the language line "mynt_buy_amazon"
ERROR - 2017-09-19 06:19:08 --> Could not find the language line "home_slife_title"
ERROR - 2017-09-19 06:19:08 --> Could not find the language line "mynt_icon_buy"
ERROR - 2017-09-19 06:19:10 --> Could not find the language line "mynt_buy_amazon"
ERROR - 2017-09-19 06:19:10 --> Could not find the language line "home_slife_title"
ERROR - 2017-09-19 06:19:10 --> Could not find the language line "mynt_icon_buy"
ERROR - 2017-09-19 06:19:15 --> Could not find the language line "mynt_buy_amazon"
ERROR - 2017-09-19 06:19:15 --> Could not find the language line "home_slife_title"
ERROR - 2017-09-19 06:19:15 --> Could not find the language line "mynt_icon_buy"
ERROR - 2017-09-19 06:19:22 --> Could not find the language line "mynt_buy_amazon"
ERROR - 2017-09-19 06:19:23 --> Could not find the language line "mynt_buy_amazon"
ERROR - 2017-09-19 06:19:23 --> Could not find the language line "home_slife_title"
ERROR - 2017-09-19 06:19:23 --> Could not find the language line "mynt_icon_buy"
ERROR - 2017-09-19 06:19:27 --> Could not find the language line "mynt_buy_amazon"
ERROR - 2017-09-19 06:19:29 --> Could not find the language line "mynt_buy_amazon"
ERROR - 2017-09-19 06:19:29 --> Could not find the language line "home_slife_title"
ERROR - 2017-09-19 06:19:29 --> Could not find the language line "mynt_icon_buy"
ERROR - 2017-09-19 06:36:54 --> Could not find the language line "mynt_buy_amazon"
ERROR - 2017-09-19 06:36:54 --> Could not find the language line "home_slife_title"
ERROR - 2017-09-19 06:36:54 --> Could not find the language line "mynt_icon_buy"
ERROR - 2017-09-19 06:36:57 --> Could not find the language line "mynt_buy_amazon"
ERROR - 2017-09-19 06:36:57 --> Could not find the language line "home_slife_title"
ERROR - 2017-09-19 06:36:57 --> Could not find the language line "mynt_icon_buy"
ERROR - 2017-09-19 06:37:02 --> Could not find the language line "mynt_buy_amazon"
ERROR - 2017-09-19 06:37:02 --> Could not find the language line "home_slife_title"
ERROR - 2017-09-19 06:37:02 --> Could not find the language line "mynt_icon_buy"
ERROR - 2017-09-19 06:37:03 --> Could not find the language line "mynt_buy_amazon"
ERROR - 2017-09-19 06:37:03 --> Could not find the language line "home_slife_title"
ERROR - 2017-09-19 06:37:03 --> Could not find the language line "mynt_icon_buy"
ERROR - 2017-09-19 06:37:03 --> Could not find the language line "mynt_buy_amazon"
ERROR - 2017-09-19 06:37:03 --> Could not find the language line "home_slife_title"
ERROR - 2017-09-19 06:37:03 --> Could not find the language line "mynt_icon_buy"
ERROR - 2017-09-19 06:37:03 --> Could not find the language line "mynt_buy_amazon"
ERROR - 2017-09-19 06:37:03 --> Could not find the language line "home_slife_title"
ERROR - 2017-09-19 06:37:03 --> Could not find the language line "mynt_icon_buy"
ERROR - 2017-09-19 06:37:04 --> Could not find the language line "mynt_buy_amazon"
ERROR - 2017-09-19 06:37:04 --> Could not find the language line "home_slife_title"
ERROR - 2017-09-19 06:37:04 --> Could not find the language line "mynt_icon_buy"
ERROR - 2017-09-19 06:37:04 --> Could not find the language line "mynt_buy_amazon"
ERROR - 2017-09-19 06:37:04 --> Could not find the language line "home_slife_title"
ERROR - 2017-09-19 06:37:04 --> Could not find the language line "mynt_icon_buy"
ERROR - 2017-09-19 06:37:04 --> Could not find the language line "mynt_buy_amazon"
ERROR - 2017-09-19 06:37:04 --> Could not find the language line "home_slife_title"
ERROR - 2017-09-19 06:37:04 --> Could not find the language line "mynt_icon_buy"
ERROR - 2017-09-19 06:37:04 --> Could not find the language line "mynt_buy_amazon"
ERROR - 2017-09-19 06:37:04 --> Could not find the language line "home_slife_title"
ERROR - 2017-09-19 06:37:04 --> Could not find the language line "mynt_icon_buy"
ERROR - 2017-09-19 06:37:15 --> Could not find the language line "mynt_buy_amazon"
ERROR - 2017-09-19 06:37:15 --> Could not find the language line "home_slife_title"
ERROR - 2017-09-19 06:37:15 --> Could not find the language line "mynt_icon_buy"
ERROR - 2017-09-19 06:37:17 --> Could not find the language line "mynt_buy_amazon"
ERROR - 2017-09-19 06:37:17 --> Could not find the language line "home_slife_title"
ERROR - 2017-09-19 06:37:17 --> Could not find the language line "mynt_icon_buy"
ERROR - 2017-09-19 06:37:19 --> Could not find the language line "mynt_buy_amazon"
ERROR - 2017-09-19 06:37:19 --> Could not find the language line "home_slife_title"
ERROR - 2017-09-19 06:37:19 --> Could not find the language line "mynt_icon_buy"
ERROR - 2017-09-19 06:37:23 --> Could not find the language line "mynt_buy_amazon"
ERROR - 2017-09-19 06:37:23 --> Could not find the language line "home_slife_title"
ERROR - 2017-09-19 06:37:23 --> Could not find the language line "mynt_icon_buy"
ERROR - 2017-09-19 06:37:24 --> Could not find the language line "mynt_buy_amazon"
ERROR - 2017-09-19 06:37:24 --> Could not find the language line "home_slife_title"
ERROR - 2017-09-19 06:37:24 --> Could not find the language line "mynt_icon_buy"
ERROR - 2017-09-19 06:37:24 --> Could not find the language line "mynt_buy_amazon"
ERROR - 2017-09-19 06:37:24 --> Could not find the language line "home_slife_title"
ERROR - 2017-09-19 06:37:24 --> Could not find the language line "mynt_icon_buy"
ERROR - 2017-09-19 06:37:24 --> Could not find the language line "mynt_buy_amazon"
ERROR - 2017-09-19 06:37:24 --> Could not find the language line "home_slife_title"
ERROR - 2017-09-19 06:37:24 --> Could not find the language line "mynt_icon_buy"
ERROR - 2017-09-19 06:37:24 --> Could not find the language line "mynt_buy_amazon"
ERROR - 2017-09-19 06:37:24 --> Could not find the language line "home_slife_title"
ERROR - 2017-09-19 06:37:24 --> Could not find the language line "mynt_icon_buy"
ERROR - 2017-09-19 06:37:25 --> Could not find the language line "mynt_buy_amazon"
ERROR - 2017-09-19 06:37:25 --> Could not find the language line "home_slife_title"
ERROR - 2017-09-19 06:37:25 --> Could not find the language line "mynt_icon_buy"
ERROR - 2017-09-19 06:37:25 --> Could not find the language line "mynt_buy_amazon"
ERROR - 2017-09-19 06:37:25 --> Could not find the language line "home_slife_title"
ERROR - 2017-09-19 06:37:25 --> Could not find the language line "mynt_icon_buy"
ERROR - 2017-09-19 06:37:28 --> Could not find the language line "mynt_buy_amazon"
ERROR - 2017-09-19 06:37:28 --> Could not find the language line "home_slife_title"
ERROR - 2017-09-19 06:37:28 --> Could not find the language line "mynt_icon_buy"
ERROR - 2017-09-19 06:37:28 --> Could not find the language line "mynt_buy_amazon"
ERROR - 2017-09-19 06:37:28 --> Could not find the language line "home_slife_title"
ERROR - 2017-09-19 06:37:28 --> Could not find the language line "mynt_icon_buy"
ERROR - 2017-09-19 06:37:29 --> Could not find the language line "mynt_buy_amazon"
ERROR - 2017-09-19 06:37:29 --> Could not find the language line "home_slife_title"
ERROR - 2017-09-19 06:37:29 --> Could not find the language line "mynt_icon_buy"
ERROR - 2017-09-19 06:37:29 --> Could not find the language line "mynt_buy_amazon"
ERROR - 2017-09-19 06:37:29 --> Could not find the language line "home_slife_title"
ERROR - 2017-09-19 06:37:29 --> Could not find the language line "mynt_icon_buy"
ERROR - 2017-09-19 06:37:29 --> Could not find the language line "mynt_buy_amazon"
ERROR - 2017-09-19 06:37:29 --> Could not find the language line "home_slife_title"
ERROR - 2017-09-19 06:37:29 --> Could not find the language line "mynt_icon_buy"
ERROR - 2017-09-19 06:37:29 --> Could not find the language line "mynt_buy_amazon"
ERROR - 2017-09-19 06:37:29 --> Could not find the language line "home_slife_title"
ERROR - 2017-09-19 06:37:29 --> Could not find the language line "mynt_icon_buy"
ERROR - 2017-09-19 06:37:30 --> Could not find the language line "mynt_buy_amazon"
ERROR - 2017-09-19 06:37:30 --> Could not find the language line "home_slife_title"
ERROR - 2017-09-19 06:37:30 --> Could not find the language line "mynt_icon_buy"
ERROR - 2017-09-19 06:37:30 --> Could not find the language line "mynt_buy_amazon"
ERROR - 2017-09-19 06:37:30 --> Could not find the language line "home_slife_title"
ERROR - 2017-09-19 06:37:30 --> Could not find the language line "mynt_icon_buy"
ERROR - 2017-09-19 06:37:40 --> Could not find the language line "mynt_buy_amazon"
ERROR - 2017-09-19 06:37:40 --> Could not find the language line "home_slife_title"
ERROR - 2017-09-19 06:37:40 --> Could not find the language line "mynt_icon_buy"
ERROR - 2017-09-19 06:37:42 --> Could not find the language line "mynt_buy_amazon"
ERROR - 2017-09-19 06:37:43 --> Could not find the language line "mynt_buy_amazon"
ERROR - 2017-09-19 06:37:43 --> Could not find the language line "home_slife_title"
ERROR - 2017-09-19 06:37:43 --> Could not find the language line "mynt_icon_buy"
ERROR - 2017-09-19 06:37:48 --> Could not find the language line "mynt_buy_amazon"
ERROR - 2017-09-19 06:37:48 --> Could not find the language line "home_slife_title"
ERROR - 2017-09-19 06:37:48 --> Could not find the language line "mynt_icon_buy"
ERROR - 2017-09-19 06:37:52 --> Could not find the language line "mynt_buy_amazon"
ERROR - 2017-09-19 06:37:58 --> Could not find the language line "mynt_buy_amazon"
ERROR - 2017-09-19 06:37:58 --> Could not find the language line "home_slife_title"
ERROR - 2017-09-19 06:37:58 --> Could not find the language line "mynt_icon_buy"
ERROR - 2017-09-19 06:38:07 --> Could not find the language line "mynt_buy_amazon"
ERROR - 2017-09-19 06:38:07 --> Could not find the language line "home_slife_title"
ERROR - 2017-09-19 06:38:07 --> Could not find the language line "mynt_icon_buy"
ERROR - 2017-09-19 06:38:08 --> Could not find the language line "mynt_buy_amazon"
ERROR - 2017-09-19 06:38:08 --> Could not find the language line "home_slife_title"
ERROR - 2017-09-19 06:38:08 --> Could not find the language line "mynt_icon_buy"
ERROR - 2017-09-19 06:38:08 --> Could not find the language line "mynt_buy_amazon"
ERROR - 2017-09-19 06:38:08 --> Could not find the language line "home_slife_title"
ERROR - 2017-09-19 06:38:08 --> Could not find the language line "mynt_icon_buy"
ERROR - 2017-09-19 06:38:08 --> Could not find the language line "mynt_buy_amazon"
ERROR - 2017-09-19 06:38:08 --> Could not find the language line "home_slife_title"
ERROR - 2017-09-19 06:38:08 --> Could not find the language line "mynt_icon_buy"
ERROR - 2017-09-19 06:38:08 --> Could not find the language line "mynt_buy_amazon"
ERROR - 2017-09-19 06:38:08 --> Could not find the language line "home_slife_title"
ERROR - 2017-09-19 06:38:08 --> Could not find the language line "mynt_icon_buy"
ERROR - 2017-09-19 06:38:08 --> Could not find the language line "mynt_buy_amazon"
ERROR - 2017-09-19 06:38:08 --> Could not find the language line "home_slife_title"
ERROR - 2017-09-19 06:38:08 --> Could not find the language line "mynt_icon_buy"
ERROR - 2017-09-19 06:38:09 --> Could not find the language line "mynt_buy_amazon"
ERROR - 2017-09-19 06:38:09 --> Could not find the language line "home_slife_title"
ERROR - 2017-09-19 06:38:09 --> Could not find the language line "mynt_icon_buy"
ERROR - 2017-09-19 06:38:09 --> Could not find the language line "mynt_buy_amazon"
ERROR - 2017-09-19 06:38:09 --> Could not find the language line "home_slife_title"
ERROR - 2017-09-19 06:38:09 --> Could not find the language line "mynt_icon_buy"
ERROR - 2017-09-19 06:38:09 --> Could not find the language line "mynt_buy_amazon"
ERROR - 2017-09-19 06:38:09 --> Could not find the language line "home_slife_title"
ERROR - 2017-09-19 06:38:09 --> Could not find the language line "mynt_icon_buy"
ERROR - 2017-09-19 06:38:09 --> Could not find the language line "mynt_buy_amazon"
ERROR - 2017-09-19 06:38:09 --> Could not find the language line "home_slife_title"
ERROR - 2017-09-19 06:38:09 --> Could not find the language line "mynt_icon_buy"
ERROR - 2017-09-19 06:38:10 --> Could not find the language line "mynt_buy_amazon"
ERROR - 2017-09-19 06:38:10 --> Could not find the language line "home_slife_title"
ERROR - 2017-09-19 06:38:10 --> Could not find the language line "mynt_icon_buy"
ERROR - 2017-09-19 06:38:10 --> Could not find the language line "mynt_buy_amazon"
ERROR - 2017-09-19 06:38:10 --> Could not find the language line "home_slife_title"
ERROR - 2017-09-19 06:38:10 --> Could not find the language line "mynt_icon_buy"
ERROR - 2017-09-19 06:38:13 --> Could not find the language line "mynt_buy_amazon"
ERROR - 2017-09-19 06:38:13 --> Could not find the language line "home_slife_title"
ERROR - 2017-09-19 06:38:13 --> Could not find the language line "mynt_icon_buy"
ERROR - 2017-09-19 06:38:14 --> Could not find the language line "mynt_buy_amazon"
ERROR - 2017-09-19 06:38:14 --> Could not find the language line "home_slife_title"
ERROR - 2017-09-19 06:38:14 --> Could not find the language line "mynt_icon_buy"
ERROR - 2017-09-19 06:38:14 --> Could not find the language line "mynt_buy_amazon"
ERROR - 2017-09-19 06:38:14 --> Could not find the language line "home_slife_title"
ERROR - 2017-09-19 06:38:14 --> Could not find the language line "mynt_icon_buy"
ERROR - 2017-09-19 06:38:14 --> Could not find the language line "mynt_buy_amazon"
ERROR - 2017-09-19 06:38:14 --> Could not find the language line "home_slife_title"
ERROR - 2017-09-19 06:38:14 --> Could not find the language line "mynt_icon_buy"
ERROR - 2017-09-19 06:38:15 --> Could not find the language line "mynt_buy_amazon"
ERROR - 2017-09-19 06:38:15 --> Could not find the language line "home_slife_title"
ERROR - 2017-09-19 06:38:15 --> Could not find the language line "mynt_icon_buy"
ERROR - 2017-09-19 06:38:18 --> Could not find the language line "mynt_buy_amazon"
ERROR - 2017-09-19 06:38:18 --> Could not find the language line "home_slife_title"
ERROR - 2017-09-19 06:38:18 --> Could not find the language line "mynt_icon_buy"
ERROR - 2017-09-19 06:38:19 --> Could not find the language line "mynt_buy_amazon"
ERROR - 2017-09-19 06:38:19 --> Could not find the language line "home_slife_title"
ERROR - 2017-09-19 06:38:19 --> Could not find the language line "mynt_icon_buy"
ERROR - 2017-09-19 06:38:59 --> Could not find the language line "mynt_buy_amazon"
ERROR - 2017-09-19 06:38:59 --> Could not find the language line "home_slife_title"
ERROR - 2017-09-19 06:38:59 --> Could not find the language line "mynt_icon_buy"
ERROR - 2017-09-19 06:39:04 --> Could not find the language line "mynt_buy_amazon"
ERROR - 2017-09-19 06:39:04 --> Could not find the language line "home_slife_title"
ERROR - 2017-09-19 06:39:04 --> Could not find the language line "mynt_icon_buy"
ERROR - 2017-09-19 06:39:04 --> Could not find the language line "mynt_buy_amazon"
ERROR - 2017-09-19 06:39:04 --> Could not find the language line "home_slife_title"
ERROR - 2017-09-19 06:39:04 --> Could not find the language line "mynt_icon_buy"
ERROR - 2017-09-19 06:39:04 --> Could not find the language line "mynt_buy_amazon"
ERROR - 2017-09-19 06:39:04 --> Could not find the language line "home_slife_title"
ERROR - 2017-09-19 06:39:04 --> Could not find the language line "mynt_icon_buy"
ERROR - 2017-09-19 06:39:05 --> Could not find the language line "mynt_buy_amazon"
ERROR - 2017-09-19 06:39:05 --> Could not find the language line "home_slife_title"
ERROR - 2017-09-19 06:39:05 --> Could not find the language line "mynt_icon_buy"
ERROR - 2017-09-19 06:39:05 --> Could not find the language line "mynt_buy_amazon"
ERROR - 2017-09-19 06:39:05 --> Could not find the language line "home_slife_title"
ERROR - 2017-09-19 06:39:05 --> Could not find the language line "mynt_icon_buy"
ERROR - 2017-09-19 06:39:05 --> Could not find the language line "mynt_buy_amazon"
ERROR - 2017-09-19 06:39:05 --> Could not find the language line "home_slife_title"
ERROR - 2017-09-19 06:39:05 --> Could not find the language line "mynt_icon_buy"
ERROR - 2017-09-19 06:39:05 --> Could not find the language line "mynt_buy_amazon"
ERROR - 2017-09-19 06:39:05 --> Could not find the language line "home_slife_title"
ERROR - 2017-09-19 06:39:05 --> Could not find the language line "mynt_icon_buy"
ERROR - 2017-09-19 06:39:22 --> Could not find the language line "mynt_buy_amazon"
ERROR - 2017-09-19 06:39:22 --> Could not find the language line "home_slife_title"
ERROR - 2017-09-19 06:39:22 --> Could not find the language line "mynt_icon_buy"
ERROR - 2017-09-19 06:39:24 --> Could not find the language line "mynt_buy_amazon"
ERROR - 2017-09-19 06:39:24 --> Could not find the language line "home_slife_title"
ERROR - 2017-09-19 06:39:24 --> Could not find the language line "mynt_icon_buy"
ERROR - 2017-09-19 06:39:34 --> Could not find the language line "mynt_buy_amazon"
ERROR - 2017-09-19 06:39:34 --> Could not find the language line "home_slife_title"
ERROR - 2017-09-19 06:39:34 --> Could not find the language line "mynt_icon_buy"
ERROR - 2017-09-19 06:39:40 --> Could not find the language line "mynt_buy_amazon"
ERROR - 2017-09-19 06:39:41 --> Could not find the language line "mynt_buy_amazon"
ERROR - 2017-09-19 06:39:41 --> Could not find the language line "home_slife_title"
ERROR - 2017-09-19 06:39:41 --> Could not find the language line "mynt_icon_buy"
ERROR - 2017-09-19 06:40:02 --> Could not find the language line "mynt_buy_amazon"
ERROR - 2017-09-19 06:40:02 --> Could not find the language line "home_slife_title"
ERROR - 2017-09-19 06:40:02 --> Could not find the language line "mynt_icon_buy"
ERROR - 2017-09-19 06:40:06 --> Could not find the language line "mynt_buy_amazon"
ERROR - 2017-09-19 06:40:07 --> Could not find the language line "mynt_buy_amazon"
ERROR - 2017-09-19 06:40:07 --> Could not find the language line "home_slife_title"
ERROR - 2017-09-19 06:40:07 --> Could not find the language line "mynt_icon_buy"
ERROR - 2017-09-19 06:40:09 --> Could not find the language line "mynt_buy_amazon"
ERROR - 2017-09-19 06:40:10 --> Could not find the language line "mynt_buy_amazon"
ERROR - 2017-09-19 06:40:10 --> Could not find the language line "home_slife_title"
ERROR - 2017-09-19 06:40:10 --> Could not find the language line "mynt_icon_buy"
ERROR - 2017-09-19 06:40:14 --> Could not find the language line "mynt_buy_amazon"
ERROR - 2017-09-19 06:40:19 --> Could not find the language line "mynt_buy_amazon"
ERROR - 2017-09-19 06:40:23 --> Could not find the language line "mynt_buy_amazon"
ERROR - 2017-09-19 06:40:23 --> Could not find the language line "home_slife_title"
ERROR - 2017-09-19 06:40:23 --> Could not find the language line "mynt_icon_buy"
ERROR - 2017-09-19 06:40:28 --> Could not find the language line "mynt_buy_amazon"
ERROR - 2017-09-19 06:40:28 --> Could not find the language line "home_slife_title"
ERROR - 2017-09-19 06:40:28 --> Could not find the language line "mynt_icon_buy"
ERROR - 2017-09-19 06:40:29 --> Could not find the language line "mynt_buy_amazon"
ERROR - 2017-09-19 06:40:29 --> Could not find the language line "home_slife_title"
ERROR - 2017-09-19 06:40:29 --> Could not find the language line "mynt_icon_buy"
ERROR - 2017-09-19 06:40:29 --> Could not find the language line "mynt_buy_amazon"
ERROR - 2017-09-19 06:40:29 --> Could not find the language line "home_slife_title"
ERROR - 2017-09-19 06:40:29 --> Could not find the language line "mynt_icon_buy"
ERROR - 2017-09-19 06:40:29 --> Could not find the language line "mynt_buy_amazon"
ERROR - 2017-09-19 06:40:29 --> Could not find the language line "home_slife_title"
ERROR - 2017-09-19 06:40:29 --> Could not find the language line "mynt_icon_buy"
ERROR - 2017-09-19 06:40:30 --> Could not find the language line "mynt_buy_amazon"
ERROR - 2017-09-19 06:40:30 --> Could not find the language line "home_slife_title"
ERROR - 2017-09-19 06:40:30 --> Could not find the language line "mynt_icon_buy"
ERROR - 2017-09-19 06:40:30 --> Could not find the language line "mynt_buy_amazon"
ERROR - 2017-09-19 06:40:30 --> Could not find the language line "home_slife_title"
ERROR - 2017-09-19 06:40:30 --> Could not find the language line "mynt_icon_buy"
ERROR - 2017-09-19 06:40:30 --> Could not find the language line "mynt_buy_amazon"
ERROR - 2017-09-19 06:40:30 --> Could not find the language line "home_slife_title"
ERROR - 2017-09-19 06:40:30 --> Could not find the language line "mynt_icon_buy"
ERROR - 2017-09-19 06:40:30 --> Could not find the language line "mynt_buy_amazon"
ERROR - 2017-09-19 06:40:30 --> Could not find the language line "home_slife_title"
ERROR - 2017-09-19 06:40:30 --> Could not find the language line "mynt_icon_buy"
ERROR - 2017-09-19 06:40:30 --> Could not find the language line "mynt_buy_amazon"
ERROR - 2017-09-19 06:40:30 --> Could not find the language line "home_slife_title"
ERROR - 2017-09-19 06:40:30 --> Could not find the language line "mynt_icon_buy"
ERROR - 2017-09-19 06:40:31 --> Could not find the language line "mynt_buy_amazon"
ERROR - 2017-09-19 06:40:31 --> Could not find the language line "home_slife_title"
ERROR - 2017-09-19 06:40:31 --> Could not find the language line "mynt_icon_buy"
ERROR - 2017-09-19 06:40:31 --> Could not find the language line "mynt_buy_amazon"
ERROR - 2017-09-19 06:40:31 --> Could not find the language line "home_slife_title"
ERROR - 2017-09-19 06:40:31 --> Could not find the language line "mynt_icon_buy"
ERROR - 2017-09-19 06:43:13 --> Could not find the language line "mynt_buy_amazon"
ERROR - 2017-09-19 06:43:13 --> Could not find the language line "home_slife_title"
ERROR - 2017-09-19 06:43:13 --> Could not find the language line "mynt_icon_buy"
ERROR - 2017-09-19 06:43:17 --> Could not find the language line "mynt_buy_amazon"
ERROR - 2017-09-19 06:43:17 --> Could not find the language line "home_slife_title"
ERROR - 2017-09-19 06:43:17 --> Could not find the language line "mynt_icon_buy"
ERROR - 2017-09-19 06:43:20 --> Could not find the language line "mynt_buy_amazon"
ERROR - 2017-09-19 06:43:20 --> Could not find the language line "home_slife_title"
ERROR - 2017-09-19 06:43:20 --> Could not find the language line "mynt_icon_buy"
ERROR - 2017-09-19 06:43:20 --> Could not find the language line "mynt_buy_amazon"
ERROR - 2017-09-19 06:43:20 --> Could not find the language line "home_slife_title"
ERROR - 2017-09-19 06:43:20 --> Could not find the language line "mynt_icon_buy"
ERROR - 2017-09-19 06:43:21 --> Could not find the language line "mynt_buy_amazon"
ERROR - 2017-09-19 06:43:21 --> Could not find the language line "home_slife_title"
ERROR - 2017-09-19 06:43:21 --> Could not find the language line "mynt_icon_buy"
ERROR - 2017-09-19 06:43:21 --> Could not find the language line "mynt_buy_amazon"
ERROR - 2017-09-19 06:43:21 --> Could not find the language line "home_slife_title"
ERROR - 2017-09-19 06:43:21 --> Could not find the language line "mynt_icon_buy"
ERROR - 2017-09-19 06:43:23 --> Could not find the language line "mynt_buy_amazon"
ERROR - 2017-09-19 06:43:23 --> Could not find the language line "home_slife_title"
ERROR - 2017-09-19 06:43:23 --> Could not find the language line "mynt_icon_buy"
ERROR - 2017-09-19 06:43:23 --> Could not find the language line "mynt_buy_amazon"
ERROR - 2017-09-19 06:43:23 --> Could not find the language line "home_slife_title"
ERROR - 2017-09-19 06:43:23 --> Could not find the language line "mynt_icon_buy"
ERROR - 2017-09-19 06:43:25 --> Could not find the language line "mynt_buy_amazon"
ERROR - 2017-09-19 06:43:25 --> Could not find the language line "home_slife_title"
ERROR - 2017-09-19 06:43:25 --> Could not find the language line "mynt_icon_buy"
ERROR - 2017-09-19 06:43:26 --> Could not find the language line "mynt_buy_amazon"
ERROR - 2017-09-19 06:43:26 --> Could not find the language line "home_slife_title"
ERROR - 2017-09-19 06:43:26 --> Could not find the language line "mynt_icon_buy"
ERROR - 2017-09-19 06:43:42 --> Could not find the language line "mynt_buy_amazon"
ERROR - 2017-09-19 06:43:42 --> Could not find the language line "home_slife_title"
ERROR - 2017-09-19 06:43:42 --> Could not find the language line "mynt_icon_buy"
ERROR - 2017-09-19 06:44:19 --> Could not find the language line "mynt_buy_amazon"
ERROR - 2017-09-19 06:44:19 --> Could not find the language line "home_slife_title"
ERROR - 2017-09-19 06:44:19 --> Could not find the language line "mynt_icon_buy"
ERROR - 2017-09-19 06:44:20 --> Could not find the language line "mynt_buy_amazon"
ERROR - 2017-09-19 06:44:20 --> Could not find the language line "home_slife_title"
ERROR - 2017-09-19 06:44:20 --> Could not find the language line "mynt_icon_buy"
ERROR - 2017-09-19 06:44:25 --> Could not find the language line "mynt_buy_amazon"
ERROR - 2017-09-19 06:44:25 --> Could not find the language line "mynt_buy_amazon"
ERROR - 2017-09-19 06:44:25 --> Could not find the language line "home_slife_title"
ERROR - 2017-09-19 06:44:25 --> Could not find the language line "mynt_icon_buy"
ERROR - 2017-09-19 06:44:27 --> Could not find the language line "mynt_buy_amazon"
ERROR - 2017-09-19 06:44:27 --> Could not find the language line "home_slife_title"
ERROR - 2017-09-19 06:44:27 --> Could not find the language line "mynt_icon_buy"
ERROR - 2017-09-19 06:44:28 --> Could not find the language line "mynt_buy_amazon"
ERROR - 2017-09-19 06:44:28 --> Could not find the language line "home_slife_title"
ERROR - 2017-09-19 06:44:28 --> Could not find the language line "mynt_icon_buy"
ERROR - 2017-09-19 06:44:28 --> Could not find the language line "mynt_buy_amazon"
ERROR - 2017-09-19 06:44:28 --> Could not find the language line "home_slife_title"
ERROR - 2017-09-19 06:44:28 --> Could not find the language line "mynt_icon_buy"
ERROR - 2017-09-19 06:44:47 --> Could not find the language line "mynt_buy_amazon"
ERROR - 2017-09-19 06:44:47 --> Could not find the language line "home_slife_title"
ERROR - 2017-09-19 06:44:47 --> Could not find the language line "mynt_icon_buy"
ERROR - 2017-09-19 06:44:48 --> Could not find the language line "mynt_buy_amazon"
ERROR - 2017-09-19 06:44:48 --> Could not find the language line "home_slife_title"
ERROR - 2017-09-19 06:44:48 --> Could not find the language line "mynt_icon_buy"
ERROR - 2017-09-19 06:44:59 --> Could not find the language line "mynt_buy_amazon"
ERROR - 2017-09-19 06:45:03 --> Could not find the language line "mynt_buy_amazon"
ERROR - 2017-09-19 06:45:03 --> Could not find the language line "home_slife_title"
ERROR - 2017-09-19 06:45:03 --> Could not find the language line "mynt_icon_buy"
ERROR - 2017-09-19 06:45:09 --> Could not find the language line "mynt_buy_amazon"
ERROR - 2017-09-19 06:45:15 --> Could not find the language line "mynt_buy_amazon"
ERROR - 2017-09-19 06:45:15 --> Could not find the language line "home_slife_title"
ERROR - 2017-09-19 06:45:15 --> Could not find the language line "mynt_icon_buy"
ERROR - 2017-09-19 06:46:23 --> Could not find the language line "mynt_buy_amazon"
ERROR - 2017-09-19 06:46:27 --> Could not find the language line "mynt_buy_amazon"
ERROR - 2017-09-19 06:46:27 --> Could not find the language line "home_slife_title"
ERROR - 2017-09-19 06:46:27 --> Could not find the language line "mynt_icon_buy"
ERROR - 2017-09-19 06:46:32 --> Could not find the language line "mynt_buy_amazon"
ERROR - 2017-09-19 06:46:32 --> Could not find the language line "home_slife_title"
ERROR - 2017-09-19 06:46:32 --> Could not find the language line "mynt_icon_buy"
ERROR - 2017-09-19 06:46:34 --> Could not find the language line "mynt_buy_amazon"
ERROR - 2017-09-19 06:46:34 --> Could not find the language line "home_slife_title"
ERROR - 2017-09-19 06:46:34 --> Could not find the language line "mynt_icon_buy"
ERROR - 2017-09-19 06:47:57 --> Could not find the language line "mynt_buy_amazon"
ERROR - 2017-09-19 06:47:57 --> Could not find the language line "home_slife_title"
ERROR - 2017-09-19 06:47:57 --> Could not find the language line "mynt_icon_buy"
ERROR - 2017-09-19 06:47:58 --> Could not find the language line "mynt_buy_amazon"
ERROR - 2017-09-19 06:47:58 --> Could not find the language line "home_slife_title"
ERROR - 2017-09-19 06:47:58 --> Could not find the language line "mynt_icon_buy"
ERROR - 2017-09-19 06:48:03 --> Could not find the language line "mynt_buy_amazon"
ERROR - 2017-09-19 06:48:03 --> Could not find the language line "home_slife_title"
ERROR - 2017-09-19 06:48:03 --> Could not find the language line "mynt_icon_buy"
ERROR - 2017-09-19 06:48:06 --> Could not find the language line "mynt_buy_amazon"
ERROR - 2017-09-19 06:48:08 --> Could not find the language line "mynt_buy_amazon"
ERROR - 2017-09-19 06:48:08 --> Could not find the language line "home_slife_title"
ERROR - 2017-09-19 06:48:08 --> Could not find the language line "mynt_icon_buy"
ERROR - 2017-09-19 06:48:09 --> Could not find the language line "mynt_buy_amazon"
ERROR - 2017-09-19 06:48:09 --> Could not find the language line "home_slife_title"
ERROR - 2017-09-19 06:48:09 --> Could not find the language line "mynt_icon_buy"
ERROR - 2017-09-19 06:48:13 --> Could not find the language line "mynt_buy_amazon"
ERROR - 2017-09-19 06:48:13 --> Could not find the language line "mynt_buy_amazon"
ERROR - 2017-09-19 06:48:13 --> Could not find the language line "home_slife_title"
ERROR - 2017-09-19 06:48:13 --> Could not find the language line "mynt_icon_buy"
ERROR - 2017-09-19 06:48:19 --> Could not find the language line "mynt_buy_amazon"
ERROR - 2017-09-19 06:48:19 --> Could not find the language line "mynt_buy_amazon"
ERROR - 2017-09-19 06:48:19 --> Could not find the language line "home_slife_title"
ERROR - 2017-09-19 06:48:19 --> Could not find the language line "mynt_icon_buy"
ERROR - 2017-09-19 06:48:25 --> Could not find the language line "mynt_buy_amazon"
ERROR - 2017-09-19 06:48:26 --> Could not find the language line "mynt_buy_amazon"
ERROR - 2017-09-19 06:48:26 --> Could not find the language line "home_slife_title"
ERROR - 2017-09-19 06:48:26 --> Could not find the language line "mynt_icon_buy"
ERROR - 2017-09-19 06:48:30 --> Could not find the language line "mynt_buy_amazon"
ERROR - 2017-09-19 06:48:31 --> Could not find the language line "mynt_buy_amazon"
ERROR - 2017-09-19 06:48:31 --> Could not find the language line "home_slife_title"
ERROR - 2017-09-19 06:48:31 --> Could not find the language line "mynt_icon_buy"
ERROR - 2017-09-19 06:48:48 --> Could not find the language line "mynt_buy_amazon"
ERROR - 2017-09-19 06:48:48 --> Could not find the language line "home_slife_title"
ERROR - 2017-09-19 06:48:48 --> Could not find the language line "mynt_icon_buy"
ERROR - 2017-09-19 06:48:53 --> Could not find the language line "mynt_buy_amazon"
ERROR - 2017-09-19 06:48:56 --> Could not find the language line "mynt_buy_amazon"
ERROR - 2017-09-19 06:48:56 --> Could not find the language line "home_slife_title"
ERROR - 2017-09-19 06:48:56 --> Could not find the language line "mynt_icon_buy"
ERROR - 2017-09-19 06:48:56 --> Could not find the language line "mynt_buy_amazon"
ERROR - 2017-09-19 06:48:56 --> Could not find the language line "home_slife_title"
ERROR - 2017-09-19 06:48:56 --> Could not find the language line "mynt_icon_buy"
ERROR - 2017-09-19 06:48:56 --> Could not find the language line "mynt_buy_amazon"
ERROR - 2017-09-19 06:48:56 --> Could not find the language line "home_slife_title"
ERROR - 2017-09-19 06:48:56 --> Could not find the language line "mynt_icon_buy"
ERROR - 2017-09-19 06:48:56 --> Could not find the language line "mynt_buy_amazon"
ERROR - 2017-09-19 06:48:56 --> Could not find the language line "home_slife_title"
ERROR - 2017-09-19 06:48:56 --> Could not find the language line "mynt_icon_buy"
ERROR - 2017-09-19 06:48:57 --> Could not find the language line "mynt_buy_amazon"
ERROR - 2017-09-19 06:48:57 --> Could not find the language line "home_slife_title"
ERROR - 2017-09-19 06:48:57 --> Could not find the language line "mynt_icon_buy"
ERROR - 2017-09-19 06:48:57 --> Could not find the language line "mynt_buy_amazon"
ERROR - 2017-09-19 06:48:57 --> Could not find the language line "home_slife_title"
ERROR - 2017-09-19 06:48:57 --> Could not find the language line "mynt_icon_buy"
ERROR - 2017-09-19 06:49:00 --> Could not find the language line "mynt_buy_amazon"
ERROR - 2017-09-19 06:49:00 --> Could not find the language line "home_slife_title"
ERROR - 2017-09-19 06:49:00 --> Could not find the language line "mynt_icon_buy"
ERROR - 2017-09-19 06:49:01 --> Could not find the language line "mynt_buy_amazon"
ERROR - 2017-09-19 06:49:01 --> Could not find the language line "home_slife_title"
ERROR - 2017-09-19 06:49:01 --> Could not find the language line "mynt_icon_buy"
ERROR - 2017-09-19 06:49:01 --> Could not find the language line "mynt_buy_amazon"
ERROR - 2017-09-19 06:49:01 --> Could not find the language line "home_slife_title"
ERROR - 2017-09-19 06:49:01 --> Could not find the language line "mynt_icon_buy"
ERROR - 2017-09-19 06:49:02 --> Could not find the language line "mynt_buy_amazon"
ERROR - 2017-09-19 06:49:02 --> Could not find the language line "home_slife_title"
ERROR - 2017-09-19 06:49:02 --> Could not find the language line "mynt_icon_buy"
ERROR - 2017-09-19 06:49:02 --> Could not find the language line "mynt_buy_amazon"
ERROR - 2017-09-19 06:49:02 --> Could not find the language line "home_slife_title"
ERROR - 2017-09-19 06:49:02 --> Could not find the language line "mynt_icon_buy"
ERROR - 2017-09-19 06:49:13 --> Could not find the language line "mynt_buy_amazon"
ERROR - 2017-09-19 06:49:13 --> Could not find the language line "home_slife_title"
ERROR - 2017-09-19 06:49:13 --> Could not find the language line "mynt_icon_buy"
ERROR - 2017-09-19 06:49:14 --> Could not find the language line "mynt_buy_amazon"
ERROR - 2017-09-19 06:49:14 --> Could not find the language line "home_slife_title"
ERROR - 2017-09-19 06:49:14 --> Could not find the language line "mynt_icon_buy"
ERROR - 2017-09-19 07:16:00 --> Could not find the language line "mynt_buy_amazon"
ERROR - 2017-09-19 07:17:06 --> Could not find the language line "mynt_buy_amazon"
ERROR - 2017-09-19 07:17:24 --> Could not find the language line "mynt_buy_amazon"
ERROR - 2017-09-19 07:17:26 --> Could not find the language line "mynt_buy_amazon"
ERROR - 2017-09-19 07:17:27 --> Could not find the language line "mynt_buy_amazon"
ERROR - 2017-09-19 07:17:27 --> Could not find the language line "mynt_buy_amazon"
ERROR - 2017-09-19 07:17:27 --> Could not find the language line "mynt_buy_amazon"
ERROR - 2017-09-19 07:17:27 --> Could not find the language line "mynt_buy_amazon"
ERROR - 2017-09-19 07:17:28 --> Could not find the language line "mynt_buy_amazon"
ERROR - 2017-09-19 07:17:28 --> Could not find the language line "mynt_buy_amazon"
ERROR - 2017-09-19 07:17:28 --> Could not find the language line "mynt_buy_amazon"
ERROR - 2017-09-19 07:17:28 --> Could not find the language line "mynt_buy_amazon"
ERROR - 2017-09-19 07:17:29 --> Could not find the language line "mynt_buy_amazon"
ERROR - 2017-09-19 07:17:29 --> Could not find the language line "mynt_buy_amazon"
ERROR - 2017-09-19 07:17:29 --> Could not find the language line "mynt_buy_amazon"
ERROR - 2017-09-19 07:17:29 --> Could not find the language line "mynt_buy_amazon"
ERROR - 2017-09-19 07:17:29 --> Could not find the language line "mynt_buy_amazon"
ERROR - 2017-09-19 07:17:30 --> Could not find the language line "mynt_buy_amazon"
ERROR - 2017-09-19 07:17:30 --> Could not find the language line "mynt_buy_amazon"
ERROR - 2017-09-19 07:17:30 --> Could not find the language line "mynt_buy_amazon"
ERROR - 2017-09-19 07:17:31 --> Could not find the language line "mynt_buy_amazon"
ERROR - 2017-09-19 07:17:31 --> Could not find the language line "mynt_buy_amazon"
ERROR - 2017-09-19 07:17:39 --> Could not find the language line "mynt_buy_amazon"
ERROR - 2017-09-19 07:17:40 --> Could not find the language line "mynt_buy_amazon"
ERROR - 2017-09-19 07:18:46 --> Could not find the language line "mynt_buy_amazon"
ERROR - 2017-09-19 07:18:50 --> Could not find the language line "mynt_buy_amazon"
ERROR - 2017-09-19 07:18:50 --> Could not find the language line "home_slife_title"
ERROR - 2017-09-19 07:18:50 --> Could not find the language line "mynt_icon_buy"
ERROR - 2017-09-19 07:18:56 --> Could not find the language line "mynt_buy_amazon"
ERROR - 2017-09-19 07:18:56 --> Could not find the language line "mynt_buy_amazon"
ERROR - 2017-09-19 07:18:56 --> Could not find the language line "home_slife_title"
ERROR - 2017-09-19 07:18:56 --> Could not find the language line "mynt_icon_buy"
ERROR - 2017-09-19 07:19:00 --> Could not find the language line "mynt_buy_amazon"
ERROR - 2017-09-19 07:19:03 --> Could not find the language line "mynt_buy_amazon"
ERROR - 2017-09-19 07:19:09 --> Could not find the language line "mynt_buy_amazon"
ERROR - 2017-09-19 07:19:10 --> Could not find the language line "mynt_buy_amazon"
ERROR - 2017-09-19 07:19:10 --> Could not find the language line "home_slife_title"
ERROR - 2017-09-19 07:19:10 --> Could not find the language line "mynt_icon_buy"
ERROR - 2017-09-19 07:19:12 --> Could not find the language line "mynt_buy_amazon"
ERROR - 2017-09-19 07:19:26 --> Could not find the language line "mynt_buy_amazon"
ERROR - 2017-09-19 07:19:30 --> Could not find the language line "mynt_buy_amazon"
ERROR - 2017-09-19 07:19:30 --> Could not find the language line "home_slife_title"
ERROR - 2017-09-19 07:19:30 --> Could not find the language line "mynt_icon_buy"
ERROR - 2017-09-19 07:19:56 --> Could not find the language line "mynt_buy_amazon"
ERROR - 2017-09-19 07:20:00 --> Could not find the language line "mynt_buy_amazon"
ERROR - 2017-09-19 07:20:00 --> Could not find the language line "home_slife_title"
ERROR - 2017-09-19 07:20:00 --> Could not find the language line "mynt_icon_buy"
ERROR - 2017-09-19 07:20:05 --> Could not find the language line "mynt_buy_amazon"
ERROR - 2017-09-19 07:20:05 --> Could not find the language line "mynt_buy_amazon"
ERROR - 2017-09-19 07:20:05 --> Could not find the language line "home_slife_title"
ERROR - 2017-09-19 07:20:05 --> Could not find the language line "mynt_icon_buy"
ERROR - 2017-09-19 07:20:08 --> Could not find the language line "mynt_buy_amazon"
ERROR - 2017-09-19 07:24:48 --> Could not find the language line "mynt_buy_amazon"
ERROR - 2017-09-19 07:24:48 --> Could not find the language line "home_slife_title"
ERROR - 2017-09-19 07:24:48 --> Could not find the language line "mynt_icon_buy"
ERROR - 2017-09-19 07:24:49 --> Could not find the language line "mynt_buy_amazon"
ERROR - 2017-09-19 07:24:49 --> Could not find the language line "home_slife_title"
ERROR - 2017-09-19 07:24:49 --> Could not find the language line "mynt_icon_buy"
ERROR - 2017-09-19 07:24:51 --> Could not find the language line "mynt_buy_amazon"
ERROR - 2017-09-19 07:24:51 --> Could not find the language line "mynt_buy_amazon"
ERROR - 2017-09-19 07:24:55 --> Could not find the language line "mynt_buy_amazon"
ERROR - 2017-09-19 07:24:55 --> Could not find the language line "mynt_buy_amazon"
ERROR - 2017-09-19 07:24:55 --> Could not find the language line "home_slife_title"
ERROR - 2017-09-19 07:24:55 --> Could not find the language line "mynt_icon_buy"
ERROR - 2017-09-19 07:24:56 --> Could not find the language line "mynt_buy_amazon"
ERROR - 2017-09-19 07:24:58 --> Could not find the language line "mynt_buy_amazon"
ERROR - 2017-09-19 07:24:58 --> Could not find the language line "home_slife_title"
ERROR - 2017-09-19 07:24:58 --> Could not find the language line "mynt_icon_buy"
ERROR - 2017-09-19 07:25:01 --> Could not find the language line "mynt_buy_amazon"
ERROR - 2017-09-19 07:25:01 --> Could not find the language line "mynt_buy_amazon"
ERROR - 2017-09-19 07:25:01 --> Could not find the language line "home_slife_title"
ERROR - 2017-09-19 07:25:01 --> Could not find the language line "mynt_icon_buy"
ERROR - 2017-09-19 07:25:03 --> Could not find the language line "mynt_buy_amazon"
ERROR - 2017-09-19 07:25:03 --> Could not find the language line "home_slife_title"
ERROR - 2017-09-19 07:25:03 --> Could not find the language line "mynt_icon_buy"
ERROR - 2017-09-19 07:25:04 --> Could not find the language line "mynt_buy_amazon"
ERROR - 2017-09-19 07:25:10 --> Could not find the language line "mynt_buy_amazon"
ERROR - 2017-09-19 07:25:12 --> Could not find the language line "mynt_buy_amazon"
ERROR - 2017-09-19 07:25:12 --> Could not find the language line "home_slife_title"
ERROR - 2017-09-19 07:25:12 --> Could not find the language line "mynt_icon_buy"
ERROR - 2017-09-19 07:25:13 --> Could not find the language line "mynt_buy_amazon"
ERROR - 2017-09-19 07:25:16 --> Could not find the language line "mynt_buy_amazon"
ERROR - 2017-09-19 07:25:16 --> Could not find the language line "home_slife_title"
ERROR - 2017-09-19 07:25:16 --> Could not find the language line "mynt_icon_buy"
ERROR - 2017-09-19 07:25:19 --> Could not find the language line "mynt_buy_amazon"
ERROR - 2017-09-19 07:25:20 --> Could not find the language line "mynt_buy_amazon"
ERROR - 2017-09-19 07:25:21 --> Could not find the language line "mynt_buy_amazon"
ERROR - 2017-09-19 07:25:21 --> Could not find the language line "home_slife_title"
ERROR - 2017-09-19 07:25:21 --> Could not find the language line "mynt_icon_buy"
ERROR - 2017-09-19 07:25:23 --> Could not find the language line "mynt_buy_amazon"
ERROR - 2017-09-19 07:25:23 --> Could not find the language line "home_slife_title"
ERROR - 2017-09-19 07:25:23 --> Could not find the language line "mynt_icon_buy"
ERROR - 2017-09-19 07:25:24 --> Could not find the language line "mynt_buy_amazon"
ERROR - 2017-09-19 07:29:37 --> Could not find the language line "mynt_buy_amazon"
ERROR - 2017-09-19 07:37:45 --> Could not find the language line "mynt_buy_amazon"
ERROR - 2017-09-19 07:37:54 --> Could not find the language line "mynt_buy_amazon"
ERROR - 2017-09-19 07:37:54 --> Could not find the language line "home_slife_title"
ERROR - 2017-09-19 07:37:54 --> Could not find the language line "mynt_icon_buy"
ERROR - 2017-09-19 07:37:58 --> Could not find the language line "mynt_buy_amazon"
ERROR - 2017-09-19 07:37:58 --> Could not find the language line "home_slife_title"
ERROR - 2017-09-19 07:37:58 --> Could not find the language line "mynt_icon_buy"
ERROR - 2017-09-19 07:37:59 --> Could not find the language line "mynt_buy_amazon"
ERROR - 2017-09-19 07:37:59 --> Could not find the language line "home_slife_title"
ERROR - 2017-09-19 07:37:59 --> Could not find the language line "mynt_icon_buy"
ERROR - 2017-09-19 07:38:01 --> Could not find the language line "mynt_buy_amazon"
ERROR - 2017-09-19 07:38:01 --> Could not find the language line "home_slife_title"
ERROR - 2017-09-19 07:38:01 --> Could not find the language line "mynt_icon_buy"
ERROR - 2017-09-19 07:38:01 --> Could not find the language line "mynt_buy_amazon"
ERROR - 2017-09-19 07:38:01 --> Could not find the language line "home_slife_title"
ERROR - 2017-09-19 07:38:01 --> Could not find the language line "mynt_icon_buy"
ERROR - 2017-09-19 07:38:02 --> Could not find the language line "mynt_buy_amazon"
ERROR - 2017-09-19 07:38:02 --> Could not find the language line "home_slife_title"
ERROR - 2017-09-19 07:38:02 --> Could not find the language line "mynt_icon_buy"
ERROR - 2017-09-19 07:38:02 --> Could not find the language line "mynt_buy_amazon"
ERROR - 2017-09-19 07:38:02 --> Could not find the language line "home_slife_title"
ERROR - 2017-09-19 07:38:02 --> Could not find the language line "mynt_icon_buy"
ERROR - 2017-09-19 07:38:02 --> Could not find the language line "mynt_buy_amazon"
ERROR - 2017-09-19 07:38:02 --> Could not find the language line "home_slife_title"
ERROR - 2017-09-19 07:38:02 --> Could not find the language line "mynt_icon_buy"
ERROR - 2017-09-19 07:38:02 --> Could not find the language line "mynt_buy_amazon"
ERROR - 2017-09-19 07:38:02 --> Could not find the language line "home_slife_title"
ERROR - 2017-09-19 07:38:02 --> Could not find the language line "mynt_icon_buy"
ERROR - 2017-09-19 07:38:12 --> Could not find the language line "mynt_buy_amazon"
ERROR - 2017-09-19 07:38:12 --> Could not find the language line "home_slife_title"
ERROR - 2017-09-19 07:38:12 --> Could not find the language line "mynt_icon_buy"
ERROR - 2017-09-19 07:38:13 --> Could not find the language line "mynt_buy_amazon"
ERROR - 2017-09-19 07:38:13 --> Could not find the language line "home_slife_title"
ERROR - 2017-09-19 07:38:13 --> Could not find the language line "mynt_icon_buy"
ERROR - 2017-09-19 07:38:13 --> Could not find the language line "mynt_buy_amazon"
ERROR - 2017-09-19 07:38:13 --> Could not find the language line "home_slife_title"
ERROR - 2017-09-19 07:38:13 --> Could not find the language line "mynt_icon_buy"
ERROR - 2017-09-19 07:38:14 --> Could not find the language line "mynt_buy_amazon"
ERROR - 2017-09-19 07:38:14 --> Could not find the language line "home_slife_title"
ERROR - 2017-09-19 07:38:14 --> Could not find the language line "mynt_icon_buy"
ERROR - 2017-09-19 07:38:14 --> Could not find the language line "mynt_buy_amazon"
ERROR - 2017-09-19 07:38:14 --> Could not find the language line "home_slife_title"
ERROR - 2017-09-19 07:38:14 --> Could not find the language line "mynt_icon_buy"
ERROR - 2017-09-19 07:38:36 --> 404 Page Not Found: Userlogin/index
ERROR - 2017-09-19 07:38:41 --> Could not find the language line "mynt_buy_amazon"
ERROR - 2017-09-19 07:41:31 --> Could not find the language line "mynt_buy_amazon"
ERROR - 2017-09-19 07:42:12 --> Could not find the language line "mynt_buy_amazon"
ERROR - 2017-09-19 07:42:12 --> Could not find the language line "home_slife_title"
ERROR - 2017-09-19 07:42:12 --> Could not find the language line "mynt_icon_buy"
ERROR - 2017-09-19 07:42:16 --> Could not find the language line "mynt_buy_amazon"
ERROR - 2017-09-19 07:48:46 --> Could not find the language line "mynt_buy_amazon"
ERROR - 2017-09-19 07:48:50 --> Could not find the language line "mynt_buy_amazon"
ERROR - 2017-09-19 07:48:58 --> Could not find the language line "mynt_buy_amazon"
ERROR - 2017-09-19 07:49:04 --> Could not find the language line "mynt_buy_amazon"
ERROR - 2017-09-19 07:49:10 --> Could not find the language line "mynt_buy_amazon"
ERROR - 2017-09-19 07:49:12 --> Could not find the language line "mynt_buy_amazon"
ERROR - 2017-09-19 07:49:14 --> Could not find the language line "mynt_buy_amazon"
ERROR - 2017-09-19 07:49:16 --> Could not find the language line "mynt_buy_amazon"
ERROR - 2017-09-19 07:49:17 --> Could not find the language line "mynt_buy_amazon"
ERROR - 2017-09-19 07:49:18 --> Could not find the language line "mynt_buy_amazon"
ERROR - 2017-09-19 07:50:19 --> Could not find the language line "mynt_buy_amazon"
ERROR - 2017-09-19 07:50:19 --> Could not find the language line "home_slife_title"
ERROR - 2017-09-19 07:50:19 --> Could not find the language line "mynt_icon_buy"
ERROR - 2017-09-19 07:51:21 --> Could not find the language line "mynt_buy_amazon"
ERROR - 2017-09-19 07:51:21 --> Could not find the language line "home_slife_title"
ERROR - 2017-09-19 07:51:21 --> Could not find the language line "mynt_icon_buy"
ERROR - 2017-09-19 07:51:24 --> Could not find the language line "mynt_buy_amazon"
ERROR - 2017-09-19 07:51:28 --> Could not find the language line "mynt_buy_amazon"
ERROR - 2017-09-19 07:51:32 --> Could not find the language line "mynt_buy_amazon"
ERROR - 2017-09-19 07:51:32 --> Could not find the language line "home_slife_title"
ERROR - 2017-09-19 07:51:32 --> Could not find the language line "mynt_icon_buy"
ERROR - 2017-09-19 07:52:01 --> Could not find the language line "mynt_buy_amazon"
ERROR - 2017-09-19 07:52:04 --> Could not find the language line "mynt_buy_amazon"
ERROR - 2017-09-19 07:52:05 --> Could not find the language line "mynt_buy_amazon"
ERROR - 2017-09-19 07:52:08 --> Could not find the language line "mynt_buy_amazon"
ERROR - 2017-09-19 07:52:10 --> Could not find the language line "mynt_buy_amazon"
ERROR - 2017-09-19 07:52:13 --> Could not find the language line "mynt_buy_amazon"
ERROR - 2017-09-19 07:52:15 --> Could not find the language line "mynt_buy_amazon"
ERROR - 2017-09-19 07:52:16 --> Could not find the language line "mynt_buy_amazon"
ERROR - 2017-09-19 07:52:16 --> Could not find the language line "home_slife_title"
ERROR - 2017-09-19 07:52:16 --> Could not find the language line "mynt_icon_buy"
ERROR - 2017-09-19 07:52:20 --> Could not find the language line "mynt_buy_amazon"
ERROR - 2017-09-19 07:52:21 --> Could not find the language line "mynt_buy_amazon"
ERROR - 2017-09-19 08:07:07 --> Could not find the language line "mynt_buy_amazon"
ERROR - 2017-09-19 08:07:07 --> Could not find the language line "home_slife_title"
ERROR - 2017-09-19 08:07:07 --> Could not find the language line "mynt_icon_buy"
ERROR - 2017-09-19 08:07:44 --> Could not find the language line "mynt_buy_amazon"
ERROR - 2017-09-19 08:07:44 --> Could not find the language line "home_slife_title"
ERROR - 2017-09-19 08:07:44 --> Could not find the language line "mynt_icon_buy"
ERROR - 2017-09-19 08:07:44 --> Could not find the language line "mynt_buy_amazon"
ERROR - 2017-09-19 08:07:45 --> Could not find the language line "mynt_buy_amazon"
ERROR - 2017-09-19 08:07:45 --> Could not find the language line "home_slife_title"
ERROR - 2017-09-19 08:07:45 --> Could not find the language line "mynt_icon_buy"
ERROR - 2017-09-19 08:07:45 --> Could not find the language line "mynt_buy_amazon"
ERROR - 2017-09-19 08:07:46 --> Could not find the language line "mynt_buy_amazon"
ERROR - 2017-09-19 08:07:46 --> Could not find the language line "home_slife_title"
ERROR - 2017-09-19 08:07:46 --> Could not find the language line "mynt_icon_buy"
ERROR - 2017-09-19 08:07:46 --> Could not find the language line "mynt_buy_amazon"
ERROR - 2017-09-19 08:07:46 --> Could not find the language line "mynt_buy_amazon"
ERROR - 2017-09-19 08:07:46 --> Could not find the language line "home_slife_title"
ERROR - 2017-09-19 08:07:46 --> Could not find the language line "mynt_icon_buy"
ERROR - 2017-09-19 08:07:46 --> Could not find the language line "mynt_buy_amazon"
ERROR - 2017-09-19 08:07:46 --> Could not find the language line "mynt_buy_amazon"
ERROR - 2017-09-19 08:07:46 --> Could not find the language line "home_slife_title"
ERROR - 2017-09-19 08:07:46 --> Could not find the language line "mynt_icon_buy"
ERROR - 2017-09-19 08:07:46 --> Could not find the language line "mynt_buy_amazon"
ERROR - 2017-09-19 08:07:46 --> Could not find the language line "mynt_buy_amazon"
ERROR - 2017-09-19 08:07:46 --> Could not find the language line "home_slife_title"
ERROR - 2017-09-19 08:07:46 --> Could not find the language line "mynt_icon_buy"
ERROR - 2017-09-19 08:07:46 --> Could not find the language line "mynt_buy_amazon"
ERROR - 2017-09-19 08:07:47 --> Could not find the language line "mynt_buy_amazon"
ERROR - 2017-09-19 08:07:47 --> Could not find the language line "home_slife_title"
ERROR - 2017-09-19 08:07:47 --> Could not find the language line "mynt_icon_buy"
ERROR - 2017-09-19 08:07:47 --> Could not find the language line "mynt_buy_amazon"
ERROR - 2017-09-19 08:07:47 --> Could not find the language line "home_slife_title"
ERROR - 2017-09-19 08:07:47 --> Could not find the language line "mynt_icon_buy"
ERROR - 2017-09-19 08:07:47 --> Could not find the language line "mynt_buy_amazon"
ERROR - 2017-09-19 08:07:50 --> Could not find the language line "mynt_buy_amazon"
ERROR - 2017-09-19 08:07:50 --> Could not find the language line "home_slife_title"
ERROR - 2017-09-19 08:07:50 --> Could not find the language line "mynt_icon_buy"
ERROR - 2017-09-19 08:07:50 --> Could not find the language line "mynt_buy_amazon"
ERROR - 2017-09-19 08:07:51 --> Could not find the language line "mynt_buy_amazon"
ERROR - 2017-09-19 08:07:51 --> Could not find the language line "home_slife_title"
ERROR - 2017-09-19 08:07:51 --> Could not find the language line "mynt_icon_buy"
ERROR - 2017-09-19 08:07:51 --> Could not find the language line "mynt_buy_amazon"
ERROR - 2017-09-19 08:07:53 --> Could not find the language line "mynt_buy_amazon"
ERROR - 2017-09-19 08:07:53 --> Could not find the language line "home_slife_title"
ERROR - 2017-09-19 08:07:53 --> Could not find the language line "mynt_icon_buy"
ERROR - 2017-09-19 08:07:56 --> Could not find the language line "mynt_buy_amazon"
ERROR - 2017-09-19 08:08:01 --> Could not find the language line "mynt_buy_amazon"
ERROR - 2017-09-19 08:08:01 --> Could not find the language line "home_slife_title"
ERROR - 2017-09-19 08:08:01 --> Could not find the language line "mynt_icon_buy"
ERROR - 2017-09-19 08:08:02 --> Could not find the language line "mynt_buy_amazon"
ERROR - 2017-09-19 08:08:02 --> Could not find the language line "home_slife_title"
ERROR - 2017-09-19 08:08:02 --> Could not find the language line "mynt_icon_buy"
ERROR - 2017-09-19 08:08:02 --> Could not find the language line "mynt_buy_amazon"
ERROR - 2017-09-19 08:08:02 --> Could not find the language line "home_slife_title"
ERROR - 2017-09-19 08:08:02 --> Could not find the language line "mynt_icon_buy"
ERROR - 2017-09-19 08:08:03 --> Could not find the language line "mynt_buy_amazon"
ERROR - 2017-09-19 08:08:03 --> Could not find the language line "home_slife_title"
ERROR - 2017-09-19 08:08:03 --> Could not find the language line "mynt_icon_buy"
ERROR - 2017-09-19 08:08:03 --> Could not find the language line "mynt_buy_amazon"
ERROR - 2017-09-19 08:08:03 --> Could not find the language line "home_slife_title"
ERROR - 2017-09-19 08:08:03 --> Could not find the language line "mynt_icon_buy"
ERROR - 2017-09-19 08:08:03 --> Could not find the language line "mynt_buy_amazon"
ERROR - 2017-09-19 08:08:03 --> Could not find the language line "home_slife_title"
ERROR - 2017-09-19 08:08:03 --> Could not find the language line "mynt_icon_buy"
ERROR - 2017-09-19 08:08:04 --> Could not find the language line "mynt_buy_amazon"
ERROR - 2017-09-19 08:08:10 --> Could not find the language line "mynt_buy_amazon"
ERROR - 2017-09-19 08:08:12 --> Could not find the language line "mynt_buy_amazon"
ERROR - 2017-09-19 08:08:12 --> Could not find the language line "home_slife_title"
ERROR - 2017-09-19 08:08:12 --> Could not find the language line "mynt_icon_buy"
ERROR - 2017-09-19 08:08:46 --> Could not find the language line "mynt_buy_amazon"
ERROR - 2017-09-19 08:08:46 --> Could not find the language line "home_slife_title"
ERROR - 2017-09-19 08:08:46 --> Could not find the language line "mynt_icon_buy"
ERROR - 2017-09-19 08:08:47 --> Could not find the language line "mynt_buy_amazon"
ERROR - 2017-09-19 08:08:53 --> Could not find the language line "mynt_buy_amazon"
ERROR - 2017-09-19 08:08:54 --> Could not find the language line "mynt_buy_amazon"
ERROR - 2017-09-19 08:09:23 --> Could not find the language line "mynt_buy_amazon"
ERROR - 2017-09-19 08:09:23 --> Could not find the language line "home_slife_title"
ERROR - 2017-09-19 08:09:23 --> Could not find the language line "mynt_icon_buy"
ERROR - 2017-09-19 08:09:25 --> Could not find the language line "mynt_buy_amazon"
ERROR - 2017-09-19 08:09:25 --> Could not find the language line "home_slife_title"
ERROR - 2017-09-19 08:09:25 --> Could not find the language line "mynt_icon_buy"
ERROR - 2017-09-19 08:09:28 --> Could not find the language line "mynt_buy_amazon"
ERROR - 2017-09-19 08:09:28 --> Could not find the language line "home_slife_title"
ERROR - 2017-09-19 08:09:28 --> Could not find the language line "mynt_icon_buy"
ERROR - 2017-09-19 08:09:28 --> Could not find the language line "mynt_buy_amazon"
ERROR - 2017-09-19 08:09:28 --> Could not find the language line "home_slife_title"
ERROR - 2017-09-19 08:09:28 --> Could not find the language line "mynt_icon_buy"
ERROR - 2017-09-19 08:09:28 --> Could not find the language line "mynt_buy_amazon"
ERROR - 2017-09-19 08:09:28 --> Could not find the language line "home_slife_title"
ERROR - 2017-09-19 08:09:28 --> Could not find the language line "mynt_icon_buy"
ERROR - 2017-09-19 08:09:29 --> Could not find the language line "mynt_buy_amazon"
ERROR - 2017-09-19 08:09:29 --> Could not find the language line "about_keywords"
ERROR - 2017-09-19 08:09:29 --> Could not find the language line "about_company"
ERROR - 2017-09-19 08:09:31 --> Could not find the language line "mynt_buy_amazon"
ERROR - 2017-09-19 08:09:31 --> Could not find the language line "about_keywords"
ERROR - 2017-09-19 08:09:31 --> Could not find the language line "about_company"
ERROR - 2017-09-19 08:09:32 --> Could not find the language line "mynt_buy_amazon"
ERROR - 2017-09-19 08:09:32 --> Could not find the language line "home_slife_title"
ERROR - 2017-09-19 08:09:32 --> Could not find the language line "mynt_icon_buy"
ERROR - 2017-09-19 08:09:32 --> Could not find the language line "mynt_buy_amazon"
ERROR - 2017-09-19 08:09:32 --> Could not find the language line "home_slife_title"
ERROR - 2017-09-19 08:09:32 --> Could not find the language line "mynt_icon_buy"
ERROR - 2017-09-19 08:09:33 --> Could not find the language line "mynt_buy_amazon"
ERROR - 2017-09-19 08:09:33 --> Could not find the language line "home_slife_title"
ERROR - 2017-09-19 08:09:33 --> Could not find the language line "mynt_icon_buy"
ERROR - 2017-09-19 08:09:34 --> Could not find the language line "mynt_buy_amazon"
ERROR - 2017-09-19 08:09:34 --> Could not find the language line "home_slife_title"
ERROR - 2017-09-19 08:09:34 --> Could not find the language line "mynt_icon_buy"
ERROR - 2017-09-19 08:09:34 --> Could not find the language line "mynt_buy_amazon"
ERROR - 2017-09-19 08:09:34 --> Could not find the language line "home_slife_title"
ERROR - 2017-09-19 08:09:34 --> Could not find the language line "mynt_icon_buy"
ERROR - 2017-09-19 08:09:34 --> Could not find the language line "mynt_buy_amazon"
ERROR - 2017-09-19 08:09:34 --> Could not find the language line "home_slife_title"
ERROR - 2017-09-19 08:09:34 --> Could not find the language line "mynt_icon_buy"
ERROR - 2017-09-19 08:09:34 --> Could not find the language line "mynt_buy_amazon"
ERROR - 2017-09-19 08:09:34 --> Could not find the language line "home_slife_title"
ERROR - 2017-09-19 08:09:34 --> Could not find the language line "mynt_icon_buy"
ERROR - 2017-09-19 08:09:34 --> Could not find the language line "mynt_buy_amazon"
ERROR - 2017-09-19 08:09:34 --> Could not find the language line "home_slife_title"
ERROR - 2017-09-19 08:09:34 --> Could not find the language line "mynt_icon_buy"
ERROR - 2017-09-19 08:09:34 --> Could not find the language line "mynt_buy_amazon"
ERROR - 2017-09-19 08:09:34 --> Could not find the language line "home_slife_title"
ERROR - 2017-09-19 08:09:34 --> Could not find the language line "mynt_icon_buy"
ERROR - 2017-09-19 08:09:57 --> Could not find the language line "mynt_buy_amazon"
ERROR - 2017-09-19 08:09:57 --> Could not find the language line "home_slife_title"
ERROR - 2017-09-19 08:09:57 --> Could not find the language line "mynt_icon_buy"
ERROR - 2017-09-19 08:09:58 --> Could not find the language line "mynt_buy_amazon"
ERROR - 2017-09-19 08:09:58 --> Could not find the language line "home_slife_title"
ERROR - 2017-09-19 08:09:58 --> Could not find the language line "mynt_icon_buy"
ERROR - 2017-09-19 08:09:59 --> Could not find the language line "mynt_buy_amazon"
ERROR - 2017-09-19 08:09:59 --> Could not find the language line "home_slife_title"
ERROR - 2017-09-19 08:09:59 --> Could not find the language line "mynt_icon_buy"
ERROR - 2017-09-19 08:10:00 --> Could not find the language line "mynt_buy_amazon"
ERROR - 2017-09-19 08:10:00 --> Could not find the language line "home_slife_title"
ERROR - 2017-09-19 08:10:00 --> Could not find the language line "mynt_icon_buy"
ERROR - 2017-09-19 08:10:00 --> Could not find the language line "mynt_buy_amazon"
ERROR - 2017-09-19 08:10:00 --> Could not find the language line "home_slife_title"
ERROR - 2017-09-19 08:10:00 --> Could not find the language line "mynt_icon_buy"
ERROR - 2017-09-19 08:10:00 --> Could not find the language line "mynt_buy_amazon"
ERROR - 2017-09-19 08:10:00 --> Could not find the language line "home_slife_title"
ERROR - 2017-09-19 08:10:00 --> Could not find the language line "mynt_icon_buy"
ERROR - 2017-09-19 08:10:01 --> Could not find the language line "mynt_buy_amazon"
ERROR - 2017-09-19 08:10:01 --> Could not find the language line "home_slife_title"
ERROR - 2017-09-19 08:10:01 --> Could not find the language line "mynt_icon_buy"
ERROR - 2017-09-19 08:10:01 --> Could not find the language line "mynt_buy_amazon"
ERROR - 2017-09-19 08:10:01 --> Could not find the language line "home_slife_title"
ERROR - 2017-09-19 08:10:01 --> Could not find the language line "mynt_icon_buy"
ERROR - 2017-09-19 08:10:01 --> Could not find the language line "mynt_buy_amazon"
ERROR - 2017-09-19 08:10:01 --> Could not find the language line "home_slife_title"
ERROR - 2017-09-19 08:10:01 --> Could not find the language line "mynt_icon_buy"
ERROR - 2017-09-19 08:10:01 --> Could not find the language line "mynt_buy_amazon"
ERROR - 2017-09-19 08:10:01 --> Could not find the language line "home_slife_title"
ERROR - 2017-09-19 08:10:01 --> Could not find the language line "mynt_icon_buy"
ERROR - 2017-09-19 08:10:01 --> Could not find the language line "mynt_buy_amazon"
ERROR - 2017-09-19 08:10:01 --> Could not find the language line "home_slife_title"
ERROR - 2017-09-19 08:10:01 --> Could not find the language line "mynt_icon_buy"
ERROR - 2017-09-19 08:10:04 --> Could not find the language line "mynt_buy_amazon"
ERROR - 2017-09-19 08:10:04 --> Could not find the language line "home_slife_title"
ERROR - 2017-09-19 08:10:04 --> Could not find the language line "mynt_icon_buy"
ERROR - 2017-09-19 08:10:05 --> Could not find the language line "mynt_buy_amazon"
ERROR - 2017-09-19 08:10:05 --> Could not find the language line "home_slife_title"
ERROR - 2017-09-19 08:10:05 --> Could not find the language line "mynt_icon_buy"
ERROR - 2017-09-19 08:10:07 --> Could not find the language line "mynt_buy_amazon"
ERROR - 2017-09-19 08:10:07 --> Could not find the language line "home_slife_title"
ERROR - 2017-09-19 08:10:07 --> Could not find the language line "mynt_icon_buy"
ERROR - 2017-09-19 08:10:18 --> Could not find the language line "mynt_buy_amazon"
ERROR - 2017-09-19 08:10:18 --> Could not find the language line "home_slife_title"
ERROR - 2017-09-19 08:10:18 --> Could not find the language line "mynt_icon_buy"
ERROR - 2017-09-19 08:10:19 --> Could not find the language line "mynt_buy_amazon"
ERROR - 2017-09-19 08:10:19 --> Could not find the language line "home_slife_title"
ERROR - 2017-09-19 08:10:19 --> Could not find the language line "mynt_icon_buy"
ERROR - 2017-09-19 08:10:19 --> Could not find the language line "mynt_buy_amazon"
ERROR - 2017-09-19 08:10:19 --> Could not find the language line "home_slife_title"
ERROR - 2017-09-19 08:10:19 --> Could not find the language line "mynt_icon_buy"
ERROR - 2017-09-19 08:11:00 --> Could not find the language line "mynt_buy_amazon"
ERROR - 2017-09-19 08:11:00 --> Could not find the language line "home_slife_title"
ERROR - 2017-09-19 08:11:00 --> Could not find the language line "mynt_icon_buy"
ERROR - 2017-09-19 08:11:00 --> Could not find the language line "mynt_buy_amazon"
ERROR - 2017-09-19 08:11:00 --> Could not find the language line "mynt_buy_amazon"
ERROR - 2017-09-19 08:11:01 --> Could not find the language line "home_slife_title"
ERROR - 2017-09-19 08:11:01 --> Could not find the language line "mynt_icon_buy"
ERROR - 2017-09-19 08:11:01 --> Could not find the language line "mynt_buy_amazon"
ERROR - 2017-09-19 08:11:02 --> Could not find the language line "mynt_buy_amazon"
ERROR - 2017-09-19 08:11:02 --> Could not find the language line "home_slife_title"
ERROR - 2017-09-19 08:11:02 --> Could not find the language line "mynt_icon_buy"
ERROR - 2017-09-19 08:11:10 --> Could not find the language line "mynt_buy_amazon"
ERROR - 2017-09-19 08:11:11 --> Could not find the language line "mynt_buy_amazon"
ERROR - 2017-09-19 08:11:11 --> Could not find the language line "home_slife_title"
ERROR - 2017-09-19 08:11:11 --> Could not find the language line "mynt_icon_buy"
ERROR - 2017-09-19 08:11:11 --> Could not find the language line "mynt_buy_amazon"
ERROR - 2017-09-19 08:11:36 --> Could not find the language line "mynt_buy_amazon"
ERROR - 2017-09-19 08:11:37 --> Could not find the language line "mynt_buy_amazon"
ERROR - 2017-09-19 08:11:37 --> Could not find the language line "home_slife_title"
ERROR - 2017-09-19 08:11:37 --> Could not find the language line "mynt_icon_buy"
ERROR - 2017-09-19 08:11:39 --> Could not find the language line "mynt_buy_amazon"
ERROR - 2017-09-19 08:11:41 --> Could not find the language line "mynt_buy_amazon"
ERROR - 2017-09-19 08:11:41 --> Could not find the language line "home_slife_title"
ERROR - 2017-09-19 08:11:41 --> Could not find the language line "mynt_icon_buy"
ERROR - 2017-09-19 08:11:41 --> Could not find the language line "mynt_buy_amazon"
ERROR - 2017-09-19 08:11:42 --> Could not find the language line "mynt_buy_amazon"
ERROR - 2017-09-19 08:11:42 --> Could not find the language line "home_slife_title"
ERROR - 2017-09-19 08:11:42 --> Could not find the language line "mynt_icon_buy"
ERROR - 2017-09-19 08:11:43 --> Could not find the language line "mynt_buy_amazon"
ERROR - 2017-09-19 08:11:43 --> Could not find the language line "mynt_buy_amazon"
ERROR - 2017-09-19 08:11:43 --> Could not find the language line "home_slife_title"
ERROR - 2017-09-19 08:11:43 --> Could not find the language line "mynt_icon_buy"
ERROR - 2017-09-19 08:11:44 --> Could not find the language line "mynt_buy_amazon"
ERROR - 2017-09-19 08:11:47 --> Could not find the language line "mynt_buy_amazon"
ERROR - 2017-09-19 08:11:47 --> Could not find the language line "home_slife_title"
ERROR - 2017-09-19 08:11:47 --> Could not find the language line "mynt_icon_buy"
ERROR - 2017-09-19 08:13:16 --> Could not find the language line "mynt_buy_amazon"
ERROR - 2017-09-19 08:13:16 --> Could not find the language line "home_slife_title"
ERROR - 2017-09-19 08:13:16 --> Could not find the language line "mynt_icon_buy"
ERROR - 2017-09-19 08:13:17 --> Could not find the language line "mynt_buy_amazon"
ERROR - 2017-09-19 08:13:26 --> Could not find the language line "mynt_buy_amazon"
ERROR - 2017-09-19 08:13:26 --> Could not find the language line "home_slife_title"
ERROR - 2017-09-19 08:13:26 --> Could not find the language line "mynt_icon_buy"
ERROR - 2017-09-19 08:13:26 --> Could not find the language line "mynt_buy_amazon"
ERROR - 2017-09-19 08:13:26 --> Could not find the language line "mynt_buy_amazon"
ERROR - 2017-09-19 08:13:26 --> Could not find the language line "home_slife_title"
ERROR - 2017-09-19 08:13:26 --> Could not find the language line "mynt_icon_buy"
ERROR - 2017-09-19 08:13:26 --> Could not find the language line "mynt_buy_amazon"
ERROR - 2017-09-19 08:13:26 --> Could not find the language line "mynt_buy_amazon"
ERROR - 2017-09-19 08:13:26 --> Could not find the language line "home_slife_title"
ERROR - 2017-09-19 08:13:26 --> Could not find the language line "mynt_icon_buy"
ERROR - 2017-09-19 08:13:27 --> Could not find the language line "mynt_buy_amazon"
ERROR - 2017-09-19 08:13:42 --> Could not find the language line "mynt_buy_amazon"
ERROR - 2017-09-19 08:13:42 --> Could not find the language line "home_slife_title"
ERROR - 2017-09-19 08:13:42 --> Could not find the language line "mynt_icon_buy"
ERROR - 2017-09-19 08:13:42 --> Could not find the language line "mynt_buy_amazon"
ERROR - 2017-09-19 08:13:46 --> Could not find the language line "mynt_buy_amazon"
ERROR - 2017-09-19 08:13:46 --> Could not find the language line "mynt_buy_amazon"
ERROR - 2017-09-19 08:13:46 --> Could not find the language line "home_slife_title"
ERROR - 2017-09-19 08:13:46 --> Could not find the language line "mynt_icon_buy"
ERROR - 2017-09-19 08:13:46 --> Could not find the language line "mynt_buy_amazon"
ERROR - 2017-09-19 08:13:49 --> Could not find the language line "mynt_buy_amazon"
ERROR - 2017-09-19 08:13:49 --> Could not find the language line "home_slife_title"
ERROR - 2017-09-19 08:13:49 --> Could not find the language line "mynt_icon_buy"
ERROR - 2017-09-19 08:13:49 --> Could not find the language line "mynt_buy_amazon"
ERROR - 2017-09-19 08:14:26 --> Could not find the language line "mynt_buy_amazon"
ERROR - 2017-09-19 08:14:30 --> Could not find the language line "mynt_buy_amazon"
ERROR - 2017-09-19 08:14:30 --> Could not find the language line "home_slife_title"
ERROR - 2017-09-19 08:14:30 --> Could not find the language line "mynt_icon_buy"
ERROR - 2017-09-19 08:14:30 --> Could not find the language line "mynt_buy_amazon"
ERROR - 2017-09-19 08:14:56 --> Could not find the language line "mynt_buy_amazon"
ERROR - 2017-09-19 08:14:56 --> Could not find the language line "home_slife_title"
ERROR - 2017-09-19 08:14:56 --> Could not find the language line "mynt_icon_buy"
ERROR - 2017-09-19 08:14:57 --> Could not find the language line "mynt_buy_amazon"
ERROR - 2017-09-19 08:14:58 --> Could not find the language line "mynt_buy_amazon"
ERROR - 2017-09-19 08:14:58 --> Could not find the language line "home_slife_title"
ERROR - 2017-09-19 08:14:58 --> Could not find the language line "mynt_icon_buy"
ERROR - 2017-09-19 08:14:58 --> Could not find the language line "mynt_buy_amazon"
ERROR - 2017-09-19 08:14:59 --> Could not find the language line "mynt_buy_amazon"
ERROR - 2017-09-19 08:14:59 --> Could not find the language line "home_slife_title"
ERROR - 2017-09-19 08:14:59 --> Could not find the language line "mynt_icon_buy"
ERROR - 2017-09-19 08:14:59 --> Could not find the language line "mynt_buy_amazon"
ERROR - 2017-09-19 08:17:42 --> Could not find the language line "mynt_buy_amazon"
ERROR - 2017-09-19 08:17:42 --> Could not find the language line "home_slife_title"
ERROR - 2017-09-19 08:17:42 --> Could not find the language line "mynt_icon_buy"
ERROR - 2017-09-19 08:17:42 --> Could not find the language line "mynt_buy_amazon"
ERROR - 2017-09-19 08:17:56 --> Could not find the language line "mynt_buy_amazon"
ERROR - 2017-09-19 08:17:56 --> Could not find the language line "home_slife_title"
ERROR - 2017-09-19 08:17:56 --> Could not find the language line "mynt_icon_buy"
ERROR - 2017-09-19 08:17:56 --> Could not find the language line "mynt_buy_amazon"
ERROR - 2017-09-19 08:19:04 --> Could not find the language line "mynt_buy_amazon"
ERROR - 2017-09-19 08:19:04 --> Could not find the language line "home_slife_title"
ERROR - 2017-09-19 08:19:04 --> Could not find the language line "mynt_icon_buy"
ERROR - 2017-09-19 08:19:05 --> Could not find the language line "mynt_buy_amazon"
ERROR - 2017-09-19 08:22:06 --> Could not find the language line "mynt_buy_amazon"
ERROR - 2017-09-19 08:22:06 --> Could not find the language line "home_slife_title"
ERROR - 2017-09-19 08:22:06 --> Could not find the language line "mynt_icon_buy"
ERROR - 2017-09-19 08:22:06 --> Could not find the language line "mynt_buy_amazon"
ERROR - 2017-09-19 08:22:41 --> Could not find the language line "mynt_buy_amazon"
ERROR - 2017-09-19 08:22:41 --> Could not find the language line "home_slife_title"
ERROR - 2017-09-19 08:22:41 --> Could not find the language line "mynt_icon_buy"
ERROR - 2017-09-19 08:22:41 --> Could not find the language line "mynt_buy_amazon"
ERROR - 2017-09-19 08:23:10 --> Could not find the language line "mynt_buy_amazon"
ERROR - 2017-09-19 08:23:10 --> Could not find the language line "home_slife_title"
ERROR - 2017-09-19 08:23:10 --> Could not find the language line "mynt_icon_buy"
ERROR - 2017-09-19 08:23:10 --> Could not find the language line "mynt_buy_amazon"
ERROR - 2017-09-19 08:23:12 --> Could not find the language line "mynt_buy_amazon"
ERROR - 2017-09-19 08:23:12 --> Could not find the language line "home_slife_title"
ERROR - 2017-09-19 08:23:12 --> Could not find the language line "mynt_icon_buy"
ERROR - 2017-09-19 08:23:12 --> Could not find the language line "mynt_buy_amazon"
ERROR - 2017-09-19 08:23:26 --> Could not find the language line "mynt_buy_amazon"
ERROR - 2017-09-19 08:23:26 --> Could not find the language line "home_slife_title"
ERROR - 2017-09-19 08:23:26 --> Could not find the language line "mynt_icon_buy"
ERROR - 2017-09-19 08:23:26 --> Could not find the language line "mynt_buy_amazon"
ERROR - 2017-09-19 08:23:35 --> Could not find the language line "mynt_buy_amazon"
ERROR - 2017-09-19 08:23:35 --> Could not find the language line "home_slife_title"
ERROR - 2017-09-19 08:23:35 --> Could not find the language line "mynt_icon_buy"
ERROR - 2017-09-19 08:23:35 --> Could not find the language line "mynt_buy_amazon"
ERROR - 2017-09-19 08:23:43 --> Could not find the language line "mynt_buy_amazon"
ERROR - 2017-09-19 08:23:43 --> Could not find the language line "home_slife_title"
ERROR - 2017-09-19 08:23:43 --> Could not find the language line "mynt_icon_buy"
ERROR - 2017-09-19 08:23:44 --> Could not find the language line "mynt_buy_amazon"
ERROR - 2017-09-19 08:24:07 --> Could not find the language line "mynt_buy_amazon"
ERROR - 2017-09-19 08:24:07 --> Could not find the language line "mynt_buy_amazon"
ERROR - 2017-09-19 08:24:07 --> Could not find the language line "home_slife_title"
ERROR - 2017-09-19 08:24:07 --> Could not find the language line "mynt_icon_buy"
ERROR - 2017-09-19 08:24:07 --> Could not find the language line "mynt_buy_amazon"
ERROR - 2017-09-19 08:24:12 --> Could not find the language line "mynt_buy_amazon"
ERROR - 2017-09-19 08:24:12 --> Could not find the language line "mynt_buy_amazon"
ERROR - 2017-09-19 08:24:12 --> Could not find the language line "home_slife_title"
ERROR - 2017-09-19 08:24:12 --> Could not find the language line "mynt_icon_buy"
ERROR - 2017-09-19 08:24:12 --> Could not find the language line "mynt_buy_amazon"
ERROR - 2017-09-19 08:24:42 --> Could not find the language line "mynt_buy_amazon"
ERROR - 2017-09-19 08:24:42 --> Could not find the language line "home_slife_title"
ERROR - 2017-09-19 08:24:42 --> Could not find the language line "mynt_icon_buy"
ERROR - 2017-09-19 08:24:43 --> Could not find the language line "mynt_buy_amazon"
ERROR - 2017-09-19 08:24:47 --> Could not find the language line "mynt_buy_amazon"
ERROR - 2017-09-19 08:24:47 --> Could not find the language line "mynt_buy_amazon"
ERROR - 2017-09-19 08:24:47 --> Could not find the language line "home_slife_title"
ERROR - 2017-09-19 08:24:47 --> Could not find the language line "mynt_icon_buy"
ERROR - 2017-09-19 08:24:47 --> Could not find the language line "mynt_buy_amazon"
ERROR - 2017-09-19 08:24:50 --> Could not find the language line "mynt_buy_amazon"
ERROR - 2017-09-19 08:24:52 --> Could not find the language line "mynt_buy_amazon"
ERROR - 2017-09-19 08:24:52 --> Could not find the language line "home_slife_title"
ERROR - 2017-09-19 08:24:52 --> Could not find the language line "mynt_icon_buy"
ERROR - 2017-09-19 08:24:52 --> Could not find the language line "mynt_buy_amazon"
ERROR - 2017-09-19 08:29:58 --> Could not find the language line "mynt_buy_amazon"
ERROR - 2017-09-19 08:29:58 --> Could not find the language line "home_slife_title"
ERROR - 2017-09-19 08:29:58 --> Could not find the language line "mynt_icon_buy"
ERROR - 2017-09-19 08:29:58 --> Could not find the language line "mynt_buy_amazon"
ERROR - 2017-09-19 08:30:20 --> Could not find the language line "mynt_buy_amazon"
ERROR - 2017-09-19 08:30:20 --> Could not find the language line "mynt_buy_amazon"
ERROR - 2017-09-19 08:30:24 --> Could not find the language line "mynt_buy_amazon"
ERROR - 2017-09-19 08:30:24 --> Could not find the language line "mynt_buy_amazon"
ERROR - 2017-09-19 08:30:35 --> Could not find the language line "mynt_buy_amazon"
ERROR - 2017-09-19 08:30:52 --> Could not find the language line "mynt_buy_amazon"
ERROR - 2017-09-19 08:30:52 --> Could not find the language line "mynt_buy_amazon"
ERROR - 2017-09-19 08:31:33 --> Could not find the language line "mynt_buy_amazon"
ERROR - 2017-09-19 08:31:33 --> Could not find the language line "mynt_buy_amazon"
ERROR - 2017-09-19 08:32:02 --> Could not find the language line "mynt_buy_amazon"
ERROR - 2017-09-19 08:32:02 --> Could not find the language line "about_keywords"
ERROR - 2017-09-19 08:32:02 --> Could not find the language line "about_company"
ERROR - 2017-09-19 08:32:03 --> Could not find the language line "mynt_buy_amazon"
ERROR - 2017-09-19 08:32:05 --> Could not find the language line "mynt_buy_amazon"
ERROR - 2017-09-19 08:32:05 --> Could not find the language line "mynt_buy_amazon"
ERROR - 2017-09-19 08:32:11 --> Could not find the language line "mynt_buy_amazon"
ERROR - 2017-09-19 08:32:12 --> Could not find the language line "mynt_buy_amazon"
ERROR - 2017-09-19 08:44:49 --> Could not find the language line "mynt_buy_amazon"
ERROR - 2017-09-19 08:44:57 --> Could not find the language line "mynt_buy_amazon"
ERROR - 2017-09-19 08:45:03 --> Could not find the language line "mynt_buy_amazon"
ERROR - 2017-09-19 08:45:04 --> Could not find the language line "mynt_buy_amazon"
ERROR - 2017-09-19 08:46:06 --> Could not find the language line "mynt_buy_amazon"
ERROR - 2017-09-19 08:52:32 --> Could not find the language line "mynt_buy_amazon"
ERROR - 2017-09-19 08:52:36 --> Could not find the language line "mynt_buy_amazon"
ERROR - 2017-09-19 08:52:39 --> Could not find the language line "mynt_buy_amazon"
ERROR - 2017-09-19 08:52:39 --> Could not find the language line "mynt_buy_amazon"
ERROR - 2017-09-19 08:55:19 --> Could not find the language line "mynt_buy_amazon"
ERROR - 2017-09-19 08:55:19 --> Could not find the language line "about_keywords"
ERROR - 2017-09-19 08:55:19 --> Could not find the language line "about_company"
ERROR - 2017-09-19 08:55:42 --> Could not find the language line "mynt_buy_amazon"
ERROR - 2017-09-19 08:55:45 --> Could not find the language line "mynt_buy_amazon"
ERROR - 2017-09-19 08:55:45 --> Could not find the language line "about_keywords"
ERROR - 2017-09-19 08:55:45 --> Could not find the language line "about_company"
ERROR - 2017-09-19 08:55:46 --> Could not find the language line "mynt_buy_amazon"
ERROR - 2017-09-19 08:55:53 --> Could not find the language line "mynt_buy_amazon"
ERROR - 2017-09-19 08:55:53 --> Could not find the language line "about_keywords"
ERROR - 2017-09-19 08:55:53 --> Could not find the language line "about_company"
ERROR - 2017-09-19 08:55:55 --> Could not find the language line "mynt_buy_amazon"
ERROR - 2017-09-19 08:57:09 --> Could not find the language line "mynt_buy_amazon"
ERROR - 2017-09-19 08:57:09 --> Could not find the language line "about_keywords"
ERROR - 2017-09-19 08:57:09 --> Could not find the language line "about_company"
ERROR - 2017-09-19 08:57:09 --> Could not find the language line "mynt_buy_amazon"
ERROR - 2017-09-19 08:57:28 --> Could not find the language line "mynt_buy_amazon"
ERROR - 2017-09-19 08:57:28 --> Could not find the language line "about_keywords"
ERROR - 2017-09-19 08:57:28 --> Could not find the language line "about_company"
ERROR - 2017-09-19 08:57:29 --> Could not find the language line "mynt_buy_amazon"
ERROR - 2017-09-19 09:01:04 --> Could not find the language line "mynt_buy_amazon"
ERROR - 2017-09-19 09:01:04 --> Could not find the language line "about_keywords"
ERROR - 2017-09-19 09:01:04 --> Could not find the language line "about_company"
ERROR - 2017-09-19 09:01:04 --> Could not find the language line "mynt_buy_amazon"
ERROR - 2017-09-19 09:03:30 --> Could not find the language line "mynt_buy_amazon"
