ERROR - 2017-04-24 00:55:15 --> Could not find the language line "mynt_buy_taobao"
ERROR - 2017-04-24 00:55:15 --> Could not find the language line "mynt_buy_tmall"
ERROR - 2017-04-24 00:55:15 --> Could not find the language line "mynt_buy_youzan"
ERROR - 2017-04-24 00:55:15 --> Could not find the language line "mynt_buy_jd"
ERROR - 2017-04-24 00:58:49 --> Could not find the language line "mynt_buy_taobao"
ERROR - 2017-04-24 00:58:49 --> Could not find the language line "mynt_buy_tmall"
ERROR - 2017-04-24 00:58:49 --> Could not find the language line "mynt_buy_youzan"
ERROR - 2017-04-24 00:58:49 --> Could not find the language line "mynt_buy_jd"
ERROR - 2017-04-24 00:59:45 --> Could not find the language line "mynt_buy_taobao"
ERROR - 2017-04-24 00:59:45 --> Could not find the language line "mynt_buy_tmall"
ERROR - 2017-04-24 00:59:45 --> Could not find the language line "mynt_buy_youzan"
ERROR - 2017-04-24 00:59:45 --> Could not find the language line "mynt_buy_jd"
ERROR - 2017-04-24 01:00:18 --> Could not find the language line "mynt_buy_taobao"
ERROR - 2017-04-24 01:00:18 --> Could not find the language line "mynt_buy_tmall"
ERROR - 2017-04-24 01:00:18 --> Could not find the language line "mynt_buy_youzan"
ERROR - 2017-04-24 01:00:18 --> Could not find the language line "mynt_buy_jd"
ERROR - 2017-04-24 01:01:31 --> Could not find the language line "mynt_buy_taobao"
ERROR - 2017-04-24 01:01:31 --> Could not find the language line "mynt_buy_tmall"
ERROR - 2017-04-24 01:01:31 --> Could not find the language line "mynt_buy_youzan"
ERROR - 2017-04-24 01:01:31 --> Could not find the language line "mynt_buy_jd"
ERROR - 2017-04-24 01:09:22 --> Could not find the language line "mynt_buy_taobao"
ERROR - 2017-04-24 01:09:22 --> Could not find the language line "mynt_buy_tmall"
ERROR - 2017-04-24 01:09:22 --> Could not find the language line "mynt_buy_youzan"
ERROR - 2017-04-24 01:09:22 --> Could not find the language line "mynt_buy_jd"
ERROR - 2017-04-24 01:10:38 --> Could not find the language line "mynt_buy_taobao"
ERROR - 2017-04-24 01:10:38 --> Could not find the language line "mynt_buy_tmall"
ERROR - 2017-04-24 01:10:38 --> Could not find the language line "mynt_buy_youzan"
ERROR - 2017-04-24 01:10:38 --> Could not find the language line "mynt_buy_jd"
ERROR - 2017-04-24 01:11:05 --> Could not find the language line "mynt_buy_taobao"
ERROR - 2017-04-24 01:11:05 --> Could not find the language line "mynt_buy_tmall"
ERROR - 2017-04-24 01:11:05 --> Could not find the language line "mynt_buy_youzan"
ERROR - 2017-04-24 01:11:05 --> Could not find the language line "mynt_buy_jd"
ERROR - 2017-04-24 01:11:16 --> Could not find the language line "mynt_buy_taobao"
ERROR - 2017-04-24 01:11:16 --> Could not find the language line "mynt_buy_tmall"
ERROR - 2017-04-24 01:11:16 --> Could not find the language line "mynt_buy_youzan"
ERROR - 2017-04-24 01:11:16 --> Could not find the language line "mynt_buy_jd"
ERROR - 2017-04-24 01:13:05 --> Could not find the language line "mynt_buy_taobao"
ERROR - 2017-04-24 01:13:05 --> Could not find the language line "mynt_buy_tmall"
ERROR - 2017-04-24 01:13:05 --> Could not find the language line "mynt_buy_youzan"
ERROR - 2017-04-24 01:13:05 --> Could not find the language line "mynt_buy_jd"
ERROR - 2017-04-24 01:23:31 --> Could not find the language line "mynt_buy_taobao"
ERROR - 2017-04-24 01:23:31 --> Could not find the language line "mynt_buy_tmall"
ERROR - 2017-04-24 01:23:31 --> Could not find the language line "mynt_buy_youzan"
ERROR - 2017-04-24 01:23:31 --> Could not find the language line "mynt_buy_jd"
ERROR - 2017-04-24 01:25:04 --> Could not find the language line "mynt_buy_taobao"
ERROR - 2017-04-24 01:25:04 --> Could not find the language line "mynt_buy_tmall"
ERROR - 2017-04-24 01:25:04 --> Could not find the language line "mynt_buy_youzan"
ERROR - 2017-04-24 01:25:04 --> Could not find the language line "mynt_buy_jd"
ERROR - 2017-04-24 01:26:59 --> Could not find the language line "mynt_buy_taobao"
ERROR - 2017-04-24 01:26:59 --> Could not find the language line "mynt_buy_tmall"
ERROR - 2017-04-24 01:26:59 --> Could not find the language line "mynt_buy_youzan"
ERROR - 2017-04-24 01:26:59 --> Could not find the language line "mynt_buy_jd"
ERROR - 2017-04-24 01:27:34 --> Could not find the language line "mynt_buy_taobao"
ERROR - 2017-04-24 01:27:34 --> Could not find the language line "mynt_buy_tmall"
ERROR - 2017-04-24 01:27:34 --> Could not find the language line "mynt_buy_youzan"
ERROR - 2017-04-24 01:27:34 --> Could not find the language line "mynt_buy_jd"
ERROR - 2017-04-24 01:48:47 --> Could not find the language line "mynt_buy_taobao"
ERROR - 2017-04-24 01:48:47 --> Could not find the language line "mynt_buy_tmall"
ERROR - 2017-04-24 01:48:47 --> Could not find the language line "mynt_buy_youzan"
ERROR - 2017-04-24 01:48:47 --> Could not find the language line "mynt_buy_jd"
ERROR - 2017-04-24 01:49:28 --> Could not find the language line "mynt_buy_taobao"
ERROR - 2017-04-24 01:49:28 --> Could not find the language line "mynt_buy_tmall"
ERROR - 2017-04-24 01:49:28 --> Could not find the language line "mynt_buy_youzan"
ERROR - 2017-04-24 01:49:28 --> Could not find the language line "mynt_buy_jd"
ERROR - 2017-04-24 01:50:00 --> Could not find the language line "mynt_buy_taobao"
ERROR - 2017-04-24 01:50:00 --> Could not find the language line "mynt_buy_tmall"
ERROR - 2017-04-24 01:50:00 --> Could not find the language line "mynt_buy_youzan"
ERROR - 2017-04-24 01:50:00 --> Could not find the language line "mynt_buy_jd"
ERROR - 2017-04-24 01:50:17 --> Could not find the language line "mynt_buy_taobao"
ERROR - 2017-04-24 01:50:17 --> Could not find the language line "mynt_buy_tmall"
ERROR - 2017-04-24 01:50:17 --> Could not find the language line "mynt_buy_youzan"
ERROR - 2017-04-24 01:50:17 --> Could not find the language line "mynt_buy_jd"
ERROR - 2017-04-24 01:51:10 --> Could not find the language line "mynt_buy_taobao"
ERROR - 2017-04-24 01:51:10 --> Could not find the language line "mynt_buy_tmall"
ERROR - 2017-04-24 01:51:10 --> Could not find the language line "mynt_buy_youzan"
ERROR - 2017-04-24 01:51:10 --> Could not find the language line "mynt_buy_jd"
ERROR - 2017-04-24 01:51:21 --> Could not find the language line "mynt_buy_taobao"
ERROR - 2017-04-24 01:51:21 --> Could not find the language line "mynt_buy_tmall"
ERROR - 2017-04-24 01:51:21 --> Could not find the language line "mynt_buy_youzan"
ERROR - 2017-04-24 01:51:21 --> Could not find the language line "mynt_buy_jd"
ERROR - 2017-04-24 01:51:41 --> Could not find the language line "mynt_buy_taobao"
ERROR - 2017-04-24 01:51:41 --> Could not find the language line "mynt_buy_tmall"
ERROR - 2017-04-24 01:51:41 --> Could not find the language line "mynt_buy_youzan"
ERROR - 2017-04-24 01:51:41 --> Could not find the language line "mynt_buy_jd"
ERROR - 2017-04-24 02:01:38 --> Could not find the language line "mynt_buy_taobao"
ERROR - 2017-04-24 02:01:38 --> Could not find the language line "mynt_buy_tmall"
ERROR - 2017-04-24 02:01:38 --> Could not find the language line "mynt_buy_youzan"
ERROR - 2017-04-24 02:01:38 --> Could not find the language line "mynt_buy_jd"
ERROR - 2017-04-24 02:03:18 --> Could not find the language line "mynt_buy_taobao"
ERROR - 2017-04-24 02:03:18 --> Could not find the language line "mynt_buy_tmall"
ERROR - 2017-04-24 02:03:18 --> Could not find the language line "mynt_buy_youzan"
ERROR - 2017-04-24 02:03:18 --> Could not find the language line "mynt_buy_jd"
ERROR - 2017-04-24 02:03:27 --> Could not find the language line "mynt_buy_taobao"
ERROR - 2017-04-24 02:03:27 --> Could not find the language line "mynt_buy_tmall"
ERROR - 2017-04-24 02:03:27 --> Could not find the language line "mynt_buy_youzan"
ERROR - 2017-04-24 02:03:27 --> Could not find the language line "mynt_buy_jd"
ERROR - 2017-04-24 02:05:14 --> Could not find the language line "mynt_buy_taobao"
ERROR - 2017-04-24 02:05:14 --> Could not find the language line "mynt_buy_tmall"
ERROR - 2017-04-24 02:05:14 --> Could not find the language line "mynt_buy_youzan"
ERROR - 2017-04-24 02:05:14 --> Could not find the language line "mynt_buy_jd"
ERROR - 2017-04-24 02:05:21 --> Could not find the language line "mynt_buy_taobao"
ERROR - 2017-04-24 02:05:21 --> Could not find the language line "mynt_buy_tmall"
ERROR - 2017-04-24 02:05:21 --> Could not find the language line "mynt_buy_youzan"
ERROR - 2017-04-24 02:05:21 --> Could not find the language line "mynt_buy_jd"
ERROR - 2017-04-24 02:05:41 --> Could not find the language line "mynt_buy_taobao"
ERROR - 2017-04-24 02:05:41 --> Could not find the language line "mynt_buy_tmall"
ERROR - 2017-04-24 02:05:41 --> Could not find the language line "mynt_buy_youzan"
ERROR - 2017-04-24 02:05:41 --> Could not find the language line "mynt_buy_jd"
ERROR - 2017-04-24 02:06:08 --> Could not find the language line "mynt_buy_taobao"
ERROR - 2017-04-24 02:06:08 --> Could not find the language line "mynt_buy_tmall"
ERROR - 2017-04-24 02:06:08 --> Could not find the language line "mynt_buy_youzan"
ERROR - 2017-04-24 02:06:08 --> Could not find the language line "mynt_buy_jd"
ERROR - 2017-04-24 02:06:48 --> Could not find the language line "mynt_buy_taobao"
ERROR - 2017-04-24 02:06:48 --> Could not find the language line "mynt_buy_tmall"
ERROR - 2017-04-24 02:06:48 --> Could not find the language line "mynt_buy_youzan"
ERROR - 2017-04-24 02:06:48 --> Could not find the language line "mynt_buy_jd"
ERROR - 2017-04-24 02:08:14 --> Could not find the language line "mynt_buy_taobao"
ERROR - 2017-04-24 02:08:14 --> Could not find the language line "mynt_buy_tmall"
ERROR - 2017-04-24 02:08:14 --> Could not find the language line "mynt_buy_youzan"
ERROR - 2017-04-24 02:08:14 --> Could not find the language line "mynt_buy_jd"
ERROR - 2017-04-24 02:09:17 --> Could not find the language line "mynt_buy_taobao"
ERROR - 2017-04-24 02:09:17 --> Could not find the language line "mynt_buy_tmall"
ERROR - 2017-04-24 02:09:17 --> Could not find the language line "mynt_buy_youzan"
ERROR - 2017-04-24 02:09:17 --> Could not find the language line "mynt_buy_jd"
ERROR - 2017-04-24 02:10:04 --> Could not find the language line "mynt_buy_taobao"
ERROR - 2017-04-24 02:10:04 --> Could not find the language line "mynt_buy_tmall"
ERROR - 2017-04-24 02:10:04 --> Could not find the language line "mynt_buy_youzan"
ERROR - 2017-04-24 02:10:04 --> Could not find the language line "mynt_buy_jd"
ERROR - 2017-04-24 02:11:42 --> Could not find the language line "mynt_buy_taobao"
ERROR - 2017-04-24 02:11:42 --> Could not find the language line "mynt_buy_tmall"
ERROR - 2017-04-24 02:11:42 --> Could not find the language line "mynt_buy_youzan"
ERROR - 2017-04-24 02:11:42 --> Could not find the language line "mynt_buy_jd"
ERROR - 2017-04-24 02:13:27 --> Could not find the language line "mynt_buy_taobao"
ERROR - 2017-04-24 02:13:27 --> Could not find the language line "mynt_buy_tmall"
ERROR - 2017-04-24 02:13:27 --> Could not find the language line "mynt_buy_youzan"
ERROR - 2017-04-24 02:13:27 --> Could not find the language line "mynt_buy_jd"
ERROR - 2017-04-24 02:16:26 --> Could not find the language line "mynt_buy_taobao"
ERROR - 2017-04-24 02:16:26 --> Could not find the language line "mynt_buy_tmall"
ERROR - 2017-04-24 02:16:26 --> Could not find the language line "mynt_buy_youzan"
ERROR - 2017-04-24 02:16:26 --> Could not find the language line "mynt_buy_jd"
ERROR - 2017-04-24 02:16:50 --> Could not find the language line "mynt_buy_taobao"
ERROR - 2017-04-24 02:16:50 --> Could not find the language line "mynt_buy_tmall"
ERROR - 2017-04-24 02:16:50 --> Could not find the language line "mynt_buy_youzan"
ERROR - 2017-04-24 02:16:50 --> Could not find the language line "mynt_buy_jd"
ERROR - 2017-04-24 02:17:18 --> Could not find the language line "mynt_buy_taobao"
ERROR - 2017-04-24 02:17:18 --> Could not find the language line "mynt_buy_tmall"
ERROR - 2017-04-24 02:17:18 --> Could not find the language line "mynt_buy_youzan"
ERROR - 2017-04-24 02:17:18 --> Could not find the language line "mynt_buy_jd"
ERROR - 2017-04-24 02:18:15 --> Could not find the language line "mynt_buy_taobao"
ERROR - 2017-04-24 02:18:15 --> Could not find the language line "mynt_buy_tmall"
ERROR - 2017-04-24 02:18:15 --> Could not find the language line "mynt_buy_youzan"
ERROR - 2017-04-24 02:18:15 --> Could not find the language line "mynt_buy_jd"
ERROR - 2017-04-24 02:20:39 --> Could not find the language line "mynt_buy_taobao"
ERROR - 2017-04-24 02:20:39 --> Could not find the language line "mynt_buy_tmall"
ERROR - 2017-04-24 02:20:39 --> Could not find the language line "mynt_buy_youzan"
ERROR - 2017-04-24 02:20:39 --> Could not find the language line "mynt_buy_jd"
ERROR - 2017-04-24 02:21:16 --> Could not find the language line "mynt_buy_taobao"
ERROR - 2017-04-24 02:21:16 --> Could not find the language line "mynt_buy_tmall"
ERROR - 2017-04-24 02:21:16 --> Could not find the language line "mynt_buy_youzan"
ERROR - 2017-04-24 02:21:16 --> Could not find the language line "mynt_buy_jd"
ERROR - 2017-04-24 02:22:12 --> Could not find the language line "mynt_buy_taobao"
ERROR - 2017-04-24 02:22:12 --> Could not find the language line "mynt_buy_tmall"
ERROR - 2017-04-24 02:22:12 --> Could not find the language line "mynt_buy_youzan"
ERROR - 2017-04-24 02:22:12 --> Could not find the language line "mynt_buy_jd"
ERROR - 2017-04-24 02:22:51 --> Could not find the language line "mynt_buy_taobao"
ERROR - 2017-04-24 02:22:51 --> Could not find the language line "mynt_buy_tmall"
ERROR - 2017-04-24 02:22:51 --> Could not find the language line "mynt_buy_youzan"
ERROR - 2017-04-24 02:22:51 --> Could not find the language line "mynt_buy_jd"
ERROR - 2017-04-24 02:22:54 --> Could not find the language line "mynt_buy_taobao"
ERROR - 2017-04-24 02:22:54 --> Could not find the language line "mynt_buy_tmall"
ERROR - 2017-04-24 02:22:54 --> Could not find the language line "mynt_buy_youzan"
ERROR - 2017-04-24 02:22:54 --> Could not find the language line "mynt_buy_jd"
ERROR - 2017-04-24 02:23:43 --> Could not find the language line "mynt_buy_taobao"
ERROR - 2017-04-24 02:23:43 --> Could not find the language line "mynt_buy_tmall"
ERROR - 2017-04-24 02:23:43 --> Could not find the language line "mynt_buy_youzan"
ERROR - 2017-04-24 02:23:43 --> Could not find the language line "mynt_buy_jd"
ERROR - 2017-04-24 02:24:00 --> Could not find the language line "mynt_buy_taobao"
ERROR - 2017-04-24 02:24:00 --> Could not find the language line "mynt_buy_tmall"
ERROR - 2017-04-24 02:24:00 --> Could not find the language line "mynt_buy_youzan"
ERROR - 2017-04-24 02:24:00 --> Could not find the language line "mynt_buy_jd"
ERROR - 2017-04-24 02:25:16 --> Could not find the language line "mynt_buy_taobao"
ERROR - 2017-04-24 02:25:16 --> Could not find the language line "mynt_buy_tmall"
ERROR - 2017-04-24 02:25:16 --> Could not find the language line "mynt_buy_youzan"
ERROR - 2017-04-24 02:25:16 --> Could not find the language line "mynt_buy_jd"
ERROR - 2017-04-24 02:25:46 --> Could not find the language line "mynt_buy_taobao"
ERROR - 2017-04-24 02:25:46 --> Could not find the language line "mynt_buy_tmall"
ERROR - 2017-04-24 02:25:46 --> Could not find the language line "mynt_buy_youzan"
ERROR - 2017-04-24 02:25:46 --> Could not find the language line "mynt_buy_jd"
ERROR - 2017-04-24 02:26:18 --> Could not find the language line "mynt_buy_taobao"
ERROR - 2017-04-24 02:26:18 --> Could not find the language line "mynt_buy_tmall"
ERROR - 2017-04-24 02:26:18 --> Could not find the language line "mynt_buy_youzan"
ERROR - 2017-04-24 02:26:18 --> Could not find the language line "mynt_buy_jd"
ERROR - 2017-04-24 02:56:08 --> Could not find the language line "mynt_buy_taobao"
ERROR - 2017-04-24 02:56:08 --> Could not find the language line "mynt_buy_tmall"
ERROR - 2017-04-24 02:56:08 --> Could not find the language line "mynt_buy_youzan"
ERROR - 2017-04-24 02:56:08 --> Could not find the language line "mynt_buy_jd"
ERROR - 2017-04-24 02:56:55 --> Could not find the language line "mynt_buy_taobao"
ERROR - 2017-04-24 02:56:55 --> Could not find the language line "mynt_buy_tmall"
ERROR - 2017-04-24 02:56:55 --> Could not find the language line "mynt_buy_youzan"
ERROR - 2017-04-24 02:56:55 --> Could not find the language line "mynt_buy_jd"
ERROR - 2017-04-24 02:57:01 --> Could not find the language line "mynt_buy_taobao"
ERROR - 2017-04-24 02:57:01 --> Could not find the language line "mynt_buy_tmall"
ERROR - 2017-04-24 02:57:01 --> Could not find the language line "mynt_buy_youzan"
ERROR - 2017-04-24 02:57:01 --> Could not find the language line "mynt_buy_jd"
ERROR - 2017-04-24 03:14:02 --> Could not find the language line "mynt_buy_taobao"
ERROR - 2017-04-24 03:14:02 --> Could not find the language line "mynt_buy_tmall"
ERROR - 2017-04-24 03:14:02 --> Could not find the language line "mynt_buy_youzan"
ERROR - 2017-04-24 03:14:02 --> Could not find the language line "mynt_buy_jd"
ERROR - 2017-04-24 03:14:15 --> Could not find the language line "mynt_buy_taobao"
ERROR - 2017-04-24 03:14:15 --> Could not find the language line "mynt_buy_tmall"
ERROR - 2017-04-24 03:14:15 --> Could not find the language line "mynt_buy_youzan"
ERROR - 2017-04-24 03:14:15 --> Could not find the language line "mynt_buy_jd"
ERROR - 2017-04-24 03:16:25 --> Could not find the language line "mynt_buy_taobao"
ERROR - 2017-04-24 03:16:25 --> Could not find the language line "mynt_buy_tmall"
ERROR - 2017-04-24 03:16:25 --> Could not find the language line "mynt_buy_youzan"
ERROR - 2017-04-24 03:16:25 --> Could not find the language line "mynt_buy_jd"
ERROR - 2017-04-24 03:16:49 --> Could not find the language line "mynt_buy_taobao"
ERROR - 2017-04-24 03:16:49 --> Could not find the language line "mynt_buy_tmall"
ERROR - 2017-04-24 03:16:49 --> Could not find the language line "mynt_buy_youzan"
ERROR - 2017-04-24 03:16:49 --> Could not find the language line "mynt_buy_jd"
ERROR - 2017-04-24 03:24:30 --> Could not find the language line "mynt_buy_taobao"
ERROR - 2017-04-24 03:24:30 --> Could not find the language line "mynt_buy_tmall"
ERROR - 2017-04-24 03:24:30 --> Could not find the language line "mynt_buy_youzan"
ERROR - 2017-04-24 03:24:30 --> Could not find the language line "mynt_buy_jd"
ERROR - 2017-04-24 03:25:46 --> Could not find the language line "mynt_buy_taobao"
ERROR - 2017-04-24 03:25:46 --> Could not find the language line "mynt_buy_tmall"
ERROR - 2017-04-24 03:25:46 --> Could not find the language line "mynt_buy_youzan"
ERROR - 2017-04-24 03:25:46 --> Could not find the language line "mynt_buy_jd"
ERROR - 2017-04-24 03:28:33 --> Could not find the language line "mynt_buy_taobao"
ERROR - 2017-04-24 03:28:33 --> Could not find the language line "mynt_buy_tmall"
ERROR - 2017-04-24 03:28:33 --> Could not find the language line "mynt_buy_youzan"
ERROR - 2017-04-24 03:28:33 --> Could not find the language line "mynt_buy_jd"
ERROR - 2017-04-24 03:38:03 --> Could not find the language line "mynt_buy_taobao"
ERROR - 2017-04-24 03:38:03 --> Could not find the language line "mynt_buy_tmall"
ERROR - 2017-04-24 03:38:03 --> Could not find the language line "mynt_buy_youzan"
ERROR - 2017-04-24 03:38:03 --> Could not find the language line "mynt_buy_jd"
ERROR - 2017-04-24 03:38:28 --> Could not find the language line "mynt_buy_taobao"
ERROR - 2017-04-24 03:38:28 --> Could not find the language line "mynt_buy_tmall"
ERROR - 2017-04-24 03:38:28 --> Could not find the language line "mynt_buy_youzan"
ERROR - 2017-04-24 03:38:28 --> Could not find the language line "mynt_buy_jd"
ERROR - 2017-04-24 03:41:41 --> Could not find the language line "mynt_buy_taobao"
ERROR - 2017-04-24 03:41:41 --> Could not find the language line "mynt_buy_tmall"
ERROR - 2017-04-24 03:41:41 --> Could not find the language line "mynt_buy_youzan"
ERROR - 2017-04-24 03:41:41 --> Could not find the language line "mynt_buy_jd"
ERROR - 2017-04-24 03:42:07 --> Could not find the language line "mynt_buy_taobao"
ERROR - 2017-04-24 03:42:07 --> Could not find the language line "mynt_buy_tmall"
ERROR - 2017-04-24 03:42:07 --> Could not find the language line "mynt_buy_youzan"
ERROR - 2017-04-24 03:42:07 --> Could not find the language line "mynt_buy_jd"
ERROR - 2017-04-24 03:45:23 --> Could not find the language line "mynt_buy_taobao"
ERROR - 2017-04-24 03:45:23 --> Could not find the language line "mynt_buy_tmall"
ERROR - 2017-04-24 03:45:23 --> Could not find the language line "mynt_buy_youzan"
ERROR - 2017-04-24 03:45:23 --> Could not find the language line "mynt_buy_jd"
ERROR - 2017-04-24 03:46:20 --> Could not find the language line "mynt_buy_taobao"
ERROR - 2017-04-24 03:46:20 --> Could not find the language line "mynt_buy_tmall"
ERROR - 2017-04-24 03:46:20 --> Could not find the language line "mynt_buy_youzan"
ERROR - 2017-04-24 03:46:20 --> Could not find the language line "mynt_buy_jd"
ERROR - 2017-04-24 03:55:14 --> Could not find the language line "mynt_buy_taobao"
ERROR - 2017-04-24 03:55:14 --> Could not find the language line "mynt_buy_tmall"
ERROR - 2017-04-24 03:55:14 --> Could not find the language line "mynt_buy_youzan"
ERROR - 2017-04-24 03:55:14 --> Could not find the language line "mynt_buy_jd"
ERROR - 2017-04-24 03:55:54 --> Could not find the language line "mynt_buy_taobao"
ERROR - 2017-04-24 03:55:54 --> Could not find the language line "mynt_buy_tmall"
ERROR - 2017-04-24 03:55:54 --> Could not find the language line "mynt_buy_youzan"
ERROR - 2017-04-24 03:55:54 --> Could not find the language line "mynt_buy_jd"
ERROR - 2017-04-24 03:56:34 --> Could not find the language line "mynt_buy_taobao"
ERROR - 2017-04-24 03:56:34 --> Could not find the language line "mynt_buy_tmall"
ERROR - 2017-04-24 03:56:34 --> Could not find the language line "mynt_buy_youzan"
ERROR - 2017-04-24 03:56:34 --> Could not find the language line "mynt_buy_jd"
ERROR - 2017-04-24 03:56:51 --> Could not find the language line "mynt_buy_taobao"
ERROR - 2017-04-24 03:56:51 --> Could not find the language line "mynt_buy_tmall"
ERROR - 2017-04-24 03:56:51 --> Could not find the language line "mynt_buy_youzan"
ERROR - 2017-04-24 03:56:51 --> Could not find the language line "mynt_buy_jd"
ERROR - 2017-04-24 03:58:05 --> Could not find the language line "mynt_buy_taobao"
ERROR - 2017-04-24 03:58:05 --> Could not find the language line "mynt_buy_tmall"
ERROR - 2017-04-24 03:58:05 --> Could not find the language line "mynt_buy_youzan"
ERROR - 2017-04-24 03:58:05 --> Could not find the language line "mynt_buy_jd"
ERROR - 2017-04-24 04:03:39 --> Could not find the language line "mynt_buy_taobao"
ERROR - 2017-04-24 04:03:39 --> Could not find the language line "mynt_buy_tmall"
ERROR - 2017-04-24 04:03:39 --> Could not find the language line "mynt_buy_youzan"
ERROR - 2017-04-24 04:03:39 --> Could not find the language line "mynt_buy_jd"
ERROR - 2017-04-24 04:04:09 --> Could not find the language line "mynt_buy_taobao"
ERROR - 2017-04-24 04:04:09 --> Could not find the language line "mynt_buy_tmall"
ERROR - 2017-04-24 04:04:09 --> Could not find the language line "mynt_buy_youzan"
ERROR - 2017-04-24 04:04:09 --> Could not find the language line "mynt_buy_jd"
ERROR - 2017-04-24 04:04:50 --> Could not find the language line "mynt_buy_taobao"
ERROR - 2017-04-24 04:04:50 --> Could not find the language line "mynt_buy_tmall"
ERROR - 2017-04-24 04:04:50 --> Could not find the language line "mynt_buy_youzan"
ERROR - 2017-04-24 04:04:50 --> Could not find the language line "mynt_buy_jd"
ERROR - 2017-04-24 04:05:20 --> Could not find the language line "mynt_buy_taobao"
ERROR - 2017-04-24 04:05:20 --> Could not find the language line "mynt_buy_tmall"
ERROR - 2017-04-24 04:05:20 --> Could not find the language line "mynt_buy_youzan"
ERROR - 2017-04-24 04:05:20 --> Could not find the language line "mynt_buy_jd"
ERROR - 2017-04-24 04:06:31 --> Could not find the language line "mynt_buy_taobao"
ERROR - 2017-04-24 04:06:31 --> Could not find the language line "mynt_buy_tmall"
ERROR - 2017-04-24 04:06:31 --> Could not find the language line "mynt_buy_youzan"
ERROR - 2017-04-24 04:06:31 --> Could not find the language line "mynt_buy_jd"
ERROR - 2017-04-24 06:08:05 --> Could not find the language line "mynt_buy_taobao"
ERROR - 2017-04-24 06:08:05 --> Could not find the language line "mynt_buy_tmall"
ERROR - 2017-04-24 06:08:05 --> Could not find the language line "mynt_buy_youzan"
ERROR - 2017-04-24 06:08:05 --> Could not find the language line "mynt_buy_jd"
ERROR - 2017-04-24 06:11:52 --> Could not find the language line "mynt_buy_taobao"
ERROR - 2017-04-24 06:11:52 --> Could not find the language line "mynt_buy_tmall"
ERROR - 2017-04-24 06:11:52 --> Could not find the language line "mynt_buy_youzan"
ERROR - 2017-04-24 06:11:52 --> Could not find the language line "mynt_buy_jd"
ERROR - 2017-04-24 06:12:21 --> Could not find the language line "mynt_buy_taobao"
ERROR - 2017-04-24 06:12:21 --> Could not find the language line "mynt_buy_tmall"
ERROR - 2017-04-24 06:12:21 --> Could not find the language line "mynt_buy_youzan"
ERROR - 2017-04-24 06:12:21 --> Could not find the language line "mynt_buy_jd"
ERROR - 2017-04-24 06:14:05 --> Could not find the language line "mynt_buy_taobao"
ERROR - 2017-04-24 06:14:05 --> Could not find the language line "mynt_buy_tmall"
ERROR - 2017-04-24 06:14:05 --> Could not find the language line "mynt_buy_youzan"
ERROR - 2017-04-24 06:14:05 --> Could not find the language line "mynt_buy_jd"
ERROR - 2017-04-24 06:14:38 --> Could not find the language line "mynt_buy_taobao"
ERROR - 2017-04-24 06:14:38 --> Could not find the language line "mynt_buy_tmall"
ERROR - 2017-04-24 06:14:38 --> Could not find the language line "mynt_buy_youzan"
ERROR - 2017-04-24 06:14:38 --> Could not find the language line "mynt_buy_jd"
ERROR - 2017-04-24 06:15:37 --> Could not find the language line "mynt_buy_taobao"
ERROR - 2017-04-24 06:15:37 --> Could not find the language line "mynt_buy_tmall"
ERROR - 2017-04-24 06:15:37 --> Could not find the language line "mynt_buy_youzan"
ERROR - 2017-04-24 06:15:37 --> Could not find the language line "mynt_buy_jd"
ERROR - 2017-04-24 06:17:19 --> Could not find the language line "mynt_buy_taobao"
ERROR - 2017-04-24 06:17:19 --> Could not find the language line "mynt_buy_tmall"
ERROR - 2017-04-24 06:17:19 --> Could not find the language line "mynt_buy_youzan"
ERROR - 2017-04-24 06:17:19 --> Could not find the language line "mynt_buy_jd"
ERROR - 2017-04-24 06:19:04 --> Could not find the language line "mynt_buy_taobao"
ERROR - 2017-04-24 06:19:04 --> Could not find the language line "mynt_buy_tmall"
ERROR - 2017-04-24 06:19:04 --> Could not find the language line "mynt_buy_youzan"
ERROR - 2017-04-24 06:19:04 --> Could not find the language line "mynt_buy_jd"
ERROR - 2017-04-24 06:19:15 --> Could not find the language line "mynt_buy_taobao"
ERROR - 2017-04-24 06:19:15 --> Could not find the language line "mynt_buy_tmall"
ERROR - 2017-04-24 06:19:15 --> Could not find the language line "mynt_buy_youzan"
ERROR - 2017-04-24 06:19:15 --> Could not find the language line "mynt_buy_jd"
ERROR - 2017-04-24 06:19:31 --> Could not find the language line "mynt_buy_taobao"
ERROR - 2017-04-24 06:19:31 --> Could not find the language line "mynt_buy_tmall"
ERROR - 2017-04-24 06:19:31 --> Could not find the language line "mynt_buy_youzan"
ERROR - 2017-04-24 06:19:31 --> Could not find the language line "mynt_buy_jd"
ERROR - 2017-04-24 06:20:13 --> Could not find the language line "mynt_buy_taobao"
ERROR - 2017-04-24 06:20:13 --> Could not find the language line "mynt_buy_tmall"
ERROR - 2017-04-24 06:20:13 --> Could not find the language line "mynt_buy_youzan"
ERROR - 2017-04-24 06:20:13 --> Could not find the language line "mynt_buy_jd"
ERROR - 2017-04-24 06:25:57 --> Could not find the language line "mynt_buy_taobao"
ERROR - 2017-04-24 06:25:57 --> Could not find the language line "mynt_buy_tmall"
ERROR - 2017-04-24 06:25:57 --> Could not find the language line "mynt_buy_youzan"
ERROR - 2017-04-24 06:25:57 --> Could not find the language line "mynt_buy_jd"
ERROR - 2017-04-24 06:28:53 --> Could not find the language line "mynt_buy_taobao"
ERROR - 2017-04-24 06:28:53 --> Could not find the language line "mynt_buy_tmall"
ERROR - 2017-04-24 06:28:53 --> Could not find the language line "mynt_buy_youzan"
ERROR - 2017-04-24 06:28:53 --> Could not find the language line "mynt_buy_jd"
ERROR - 2017-04-24 06:29:23 --> Could not find the language line "mynt_buy_taobao"
ERROR - 2017-04-24 06:29:23 --> Could not find the language line "mynt_buy_tmall"
ERROR - 2017-04-24 06:29:23 --> Could not find the language line "mynt_buy_youzan"
ERROR - 2017-04-24 06:29:23 --> Could not find the language line "mynt_buy_jd"
ERROR - 2017-04-24 06:31:54 --> Could not find the language line "mynt_buy_taobao"
ERROR - 2017-04-24 06:31:54 --> Could not find the language line "mynt_buy_tmall"
ERROR - 2017-04-24 06:31:54 --> Could not find the language line "mynt_buy_youzan"
ERROR - 2017-04-24 06:31:54 --> Could not find the language line "mynt_buy_jd"
ERROR - 2017-04-24 06:32:06 --> Could not find the language line "mynt_buy_taobao"
ERROR - 2017-04-24 06:32:06 --> Could not find the language line "mynt_buy_tmall"
ERROR - 2017-04-24 06:32:06 --> Could not find the language line "mynt_buy_youzan"
ERROR - 2017-04-24 06:32:06 --> Could not find the language line "mynt_buy_jd"
ERROR - 2017-04-24 06:34:46 --> Could not find the language line "mynt_buy_taobao"
ERROR - 2017-04-24 06:34:46 --> Could not find the language line "mynt_buy_tmall"
ERROR - 2017-04-24 06:34:46 --> Could not find the language line "mynt_buy_youzan"
ERROR - 2017-04-24 06:34:46 --> Could not find the language line "mynt_buy_jd"
ERROR - 2017-04-24 06:34:55 --> Could not find the language line "mynt_buy_taobao"
ERROR - 2017-04-24 06:34:55 --> Could not find the language line "mynt_buy_tmall"
ERROR - 2017-04-24 06:34:55 --> Could not find the language line "mynt_buy_youzan"
ERROR - 2017-04-24 06:34:55 --> Could not find the language line "mynt_buy_jd"
ERROR - 2017-04-24 06:34:57 --> Could not find the language line "mynt_buy_taobao"
ERROR - 2017-04-24 06:34:57 --> Could not find the language line "mynt_buy_tmall"
ERROR - 2017-04-24 06:34:57 --> Could not find the language line "mynt_buy_youzan"
ERROR - 2017-04-24 06:34:57 --> Could not find the language line "mynt_buy_jd"
ERROR - 2017-04-24 06:34:57 --> Could not find the language line "mynt_buy_taobao"
ERROR - 2017-04-24 06:34:57 --> Could not find the language line "mynt_buy_tmall"
ERROR - 2017-04-24 06:34:57 --> Could not find the language line "mynt_buy_youzan"
ERROR - 2017-04-24 06:34:57 --> Could not find the language line "mynt_buy_jd"
ERROR - 2017-04-24 06:34:59 --> Could not find the language line "mynt_buy_taobao"
ERROR - 2017-04-24 06:34:59 --> Could not find the language line "mynt_buy_tmall"
ERROR - 2017-04-24 06:34:59 --> Could not find the language line "mynt_buy_youzan"
ERROR - 2017-04-24 06:34:59 --> Could not find the language line "mynt_buy_jd"
ERROR - 2017-04-24 06:34:59 --> Could not find the language line "mynt_buy_taobao"
ERROR - 2017-04-24 06:34:59 --> Could not find the language line "mynt_buy_tmall"
ERROR - 2017-04-24 06:34:59 --> Could not find the language line "mynt_buy_youzan"
ERROR - 2017-04-24 06:34:59 --> Could not find the language line "mynt_buy_jd"
ERROR - 2017-04-24 06:35:00 --> Could not find the language line "mynt_buy_taobao"
ERROR - 2017-04-24 06:35:00 --> Could not find the language line "mynt_buy_tmall"
ERROR - 2017-04-24 06:35:00 --> Could not find the language line "mynt_buy_youzan"
ERROR - 2017-04-24 06:35:00 --> Could not find the language line "mynt_buy_jd"
ERROR - 2017-04-24 06:35:00 --> Could not find the language line "mynt_buy_taobao"
ERROR - 2017-04-24 06:35:00 --> Could not find the language line "mynt_buy_tmall"
ERROR - 2017-04-24 06:35:00 --> Could not find the language line "mynt_buy_youzan"
ERROR - 2017-04-24 06:35:00 --> Could not find the language line "mynt_buy_jd"
ERROR - 2017-04-24 06:35:00 --> Could not find the language line "mynt_buy_taobao"
ERROR - 2017-04-24 06:35:00 --> Could not find the language line "mynt_buy_tmall"
ERROR - 2017-04-24 06:35:00 --> Could not find the language line "mynt_buy_youzan"
ERROR - 2017-04-24 06:35:00 --> Could not find the language line "mynt_buy_jd"
ERROR - 2017-04-24 06:35:12 --> Could not find the language line "mynt_buy_taobao"
ERROR - 2017-04-24 06:35:12 --> Could not find the language line "mynt_buy_tmall"
ERROR - 2017-04-24 06:35:12 --> Could not find the language line "mynt_buy_youzan"
ERROR - 2017-04-24 06:35:12 --> Could not find the language line "mynt_buy_jd"
ERROR - 2017-04-24 06:35:42 --> Could not find the language line "mynt_buy_taobao"
ERROR - 2017-04-24 06:35:42 --> Could not find the language line "mynt_buy_tmall"
ERROR - 2017-04-24 06:35:42 --> Could not find the language line "mynt_buy_youzan"
ERROR - 2017-04-24 06:35:42 --> Could not find the language line "mynt_buy_jd"
ERROR - 2017-04-24 06:35:49 --> Could not find the language line "mynt_buy_taobao"
ERROR - 2017-04-24 06:35:49 --> Could not find the language line "mynt_buy_tmall"
ERROR - 2017-04-24 06:35:49 --> Could not find the language line "mynt_buy_youzan"
ERROR - 2017-04-24 06:35:49 --> Could not find the language line "mynt_buy_jd"
ERROR - 2017-04-24 06:36:07 --> Could not find the language line "mynt_buy_taobao"
ERROR - 2017-04-24 06:36:07 --> Could not find the language line "mynt_buy_tmall"
ERROR - 2017-04-24 06:36:07 --> Could not find the language line "mynt_buy_youzan"
ERROR - 2017-04-24 06:36:07 --> Could not find the language line "mynt_buy_jd"
ERROR - 2017-04-24 07:34:50 --> Could not find the language line "mynt_buy_taobao"
ERROR - 2017-04-24 07:34:50 --> Could not find the language line "mynt_buy_tmall"
ERROR - 2017-04-24 07:34:50 --> Could not find the language line "mynt_buy_youzan"
ERROR - 2017-04-24 07:34:50 --> Could not find the language line "mynt_buy_jd"
ERROR - 2017-04-24 07:36:19 --> Could not find the language line "mynt_buy_taobao"
ERROR - 2017-04-24 07:36:19 --> Could not find the language line "mynt_buy_tmall"
ERROR - 2017-04-24 07:36:19 --> Could not find the language line "mynt_buy_youzan"
ERROR - 2017-04-24 07:36:19 --> Could not find the language line "mynt_buy_jd"
ERROR - 2017-04-24 07:38:03 --> Could not find the language line "mynt_buy_taobao"
ERROR - 2017-04-24 07:38:03 --> Could not find the language line "mynt_buy_tmall"
ERROR - 2017-04-24 07:38:03 --> Could not find the language line "mynt_buy_youzan"
ERROR - 2017-04-24 07:38:03 --> Could not find the language line "mynt_buy_jd"
ERROR - 2017-04-24 07:39:19 --> Could not find the language line "mynt_buy_taobao"
ERROR - 2017-04-24 07:39:19 --> Could not find the language line "mynt_buy_tmall"
ERROR - 2017-04-24 07:39:19 --> Could not find the language line "mynt_buy_youzan"
ERROR - 2017-04-24 07:39:19 --> Could not find the language line "mynt_buy_jd"
ERROR - 2017-04-24 07:40:14 --> Could not find the language line "mynt_buy_taobao"
ERROR - 2017-04-24 07:40:14 --> Could not find the language line "mynt_buy_tmall"
ERROR - 2017-04-24 07:40:14 --> Could not find the language line "mynt_buy_youzan"
ERROR - 2017-04-24 07:40:14 --> Could not find the language line "mynt_buy_jd"
ERROR - 2017-04-24 07:49:33 --> Could not find the language line "mynt_buy_taobao"
ERROR - 2017-04-24 07:49:33 --> Could not find the language line "mynt_buy_tmall"
ERROR - 2017-04-24 07:49:33 --> Could not find the language line "mynt_buy_youzan"
ERROR - 2017-04-24 07:49:33 --> Could not find the language line "mynt_buy_jd"
ERROR - 2017-04-24 07:50:40 --> Could not find the language line "mynt_buy_taobao"
ERROR - 2017-04-24 07:50:40 --> Could not find the language line "mynt_buy_tmall"
ERROR - 2017-04-24 07:50:40 --> Could not find the language line "mynt_buy_youzan"
ERROR - 2017-04-24 07:50:40 --> Could not find the language line "mynt_buy_jd"
ERROR - 2017-04-24 07:52:46 --> Could not find the language line "mynt_buy_taobao"
ERROR - 2017-04-24 07:52:46 --> Could not find the language line "mynt_buy_tmall"
ERROR - 2017-04-24 07:52:46 --> Could not find the language line "mynt_buy_youzan"
ERROR - 2017-04-24 07:52:46 --> Could not find the language line "mynt_buy_jd"
ERROR - 2017-04-24 07:52:56 --> Could not find the language line "mynt_buy_taobao"
ERROR - 2017-04-24 07:52:56 --> Could not find the language line "mynt_buy_tmall"
ERROR - 2017-04-24 07:52:56 --> Could not find the language line "mynt_buy_youzan"
ERROR - 2017-04-24 07:52:56 --> Could not find the language line "mynt_buy_jd"
ERROR - 2017-04-24 07:53:12 --> Could not find the language line "mynt_buy_taobao"
ERROR - 2017-04-24 07:53:12 --> Could not find the language line "mynt_buy_tmall"
ERROR - 2017-04-24 07:53:12 --> Could not find the language line "mynt_buy_youzan"
ERROR - 2017-04-24 07:53:12 --> Could not find the language line "mynt_buy_jd"
ERROR - 2017-04-24 07:53:28 --> Could not find the language line "mynt_buy_taobao"
ERROR - 2017-04-24 07:53:28 --> Could not find the language line "mynt_buy_tmall"
ERROR - 2017-04-24 07:53:28 --> Could not find the language line "mynt_buy_youzan"
ERROR - 2017-04-24 07:53:28 --> Could not find the language line "mynt_buy_jd"
ERROR - 2017-04-24 07:57:45 --> Could not find the language line "mynt_buy_taobao"
ERROR - 2017-04-24 07:57:45 --> Could not find the language line "mynt_buy_tmall"
ERROR - 2017-04-24 07:57:45 --> Could not find the language line "mynt_buy_youzan"
ERROR - 2017-04-24 07:57:45 --> Could not find the language line "mynt_buy_jd"
ERROR - 2017-04-24 07:58:24 --> Could not find the language line "mynt_buy_taobao"
ERROR - 2017-04-24 07:58:24 --> Could not find the language line "mynt_buy_tmall"
ERROR - 2017-04-24 07:58:24 --> Could not find the language line "mynt_buy_youzan"
ERROR - 2017-04-24 07:58:24 --> Could not find the language line "mynt_buy_jd"
ERROR - 2017-04-24 07:58:43 --> Could not find the language line "mynt_buy_taobao"
ERROR - 2017-04-24 07:58:43 --> Could not find the language line "mynt_buy_tmall"
ERROR - 2017-04-24 07:58:43 --> Could not find the language line "mynt_buy_youzan"
ERROR - 2017-04-24 07:58:43 --> Could not find the language line "mynt_buy_jd"
ERROR - 2017-04-24 07:58:45 --> Could not find the language line "mynt_buy_taobao"
ERROR - 2017-04-24 07:58:45 --> Could not find the language line "mynt_buy_tmall"
ERROR - 2017-04-24 07:58:45 --> Could not find the language line "mynt_buy_youzan"
ERROR - 2017-04-24 07:58:45 --> Could not find the language line "mynt_buy_jd"
ERROR - 2017-04-24 07:59:00 --> Could not find the language line "mynt_buy_taobao"
ERROR - 2017-04-24 07:59:00 --> Could not find the language line "mynt_buy_tmall"
ERROR - 2017-04-24 07:59:00 --> Could not find the language line "mynt_buy_youzan"
ERROR - 2017-04-24 07:59:00 --> Could not find the language line "mynt_buy_jd"
ERROR - 2017-04-24 07:59:41 --> Could not find the language line "mynt_buy_taobao"
ERROR - 2017-04-24 07:59:41 --> Could not find the language line "mynt_buy_tmall"
ERROR - 2017-04-24 07:59:41 --> Could not find the language line "mynt_buy_youzan"
ERROR - 2017-04-24 07:59:41 --> Could not find the language line "mynt_buy_jd"
ERROR - 2017-04-24 07:59:43 --> Could not find the language line "mynt_buy_taobao"
ERROR - 2017-04-24 07:59:43 --> Could not find the language line "mynt_buy_tmall"
ERROR - 2017-04-24 07:59:43 --> Could not find the language line "mynt_buy_youzan"
ERROR - 2017-04-24 07:59:43 --> Could not find the language line "mynt_buy_jd"
ERROR - 2017-04-24 07:59:45 --> Could not find the language line "mynt_buy_taobao"
ERROR - 2017-04-24 07:59:45 --> Could not find the language line "mynt_buy_tmall"
ERROR - 2017-04-24 07:59:45 --> Could not find the language line "mynt_buy_youzan"
ERROR - 2017-04-24 07:59:45 --> Could not find the language line "mynt_buy_jd"
ERROR - 2017-04-24 07:59:56 --> Could not find the language line "mynt_buy_taobao"
ERROR - 2017-04-24 07:59:56 --> Could not find the language line "mynt_buy_tmall"
ERROR - 2017-04-24 07:59:56 --> Could not find the language line "mynt_buy_youzan"
ERROR - 2017-04-24 07:59:56 --> Could not find the language line "mynt_buy_jd"
ERROR - 2017-04-24 08:09:52 --> Could not find the language line "mynt_buy_taobao"
ERROR - 2017-04-24 08:09:52 --> Could not find the language line "mynt_buy_tmall"
ERROR - 2017-04-24 08:09:52 --> Could not find the language line "mynt_buy_youzan"
ERROR - 2017-04-24 08:09:52 --> Could not find the language line "mynt_buy_jd"
ERROR - 2017-04-24 08:10:22 --> Could not find the language line "mynt_buy_taobao"
ERROR - 2017-04-24 08:10:22 --> Could not find the language line "mynt_buy_tmall"
ERROR - 2017-04-24 08:10:22 --> Could not find the language line "mynt_buy_youzan"
ERROR - 2017-04-24 08:10:22 --> Could not find the language line "mynt_buy_jd"
ERROR - 2017-04-24 08:10:30 --> Could not find the language line "mynt_buy_taobao"
ERROR - 2017-04-24 08:10:30 --> Could not find the language line "mynt_buy_tmall"
ERROR - 2017-04-24 08:10:30 --> Could not find the language line "mynt_buy_youzan"
ERROR - 2017-04-24 08:10:30 --> Could not find the language line "mynt_buy_jd"
ERROR - 2017-04-24 09:48:40 --> Could not find the language line "mynt_buy_taobao"
ERROR - 2017-04-24 09:48:40 --> Could not find the language line "mynt_buy_tmall"
ERROR - 2017-04-24 09:48:40 --> Could not find the language line "mynt_buy_youzan"
ERROR - 2017-04-24 09:48:40 --> Could not find the language line "mynt_buy_jd"
ERROR - 2017-04-24 09:48:41 --> Could not find the language line "mynt_buy_taobao"
ERROR - 2017-04-24 09:48:41 --> Could not find the language line "mynt_buy_tmall"
ERROR - 2017-04-24 09:48:41 --> Could not find the language line "mynt_buy_youzan"
ERROR - 2017-04-24 09:48:41 --> Could not find the language line "mynt_buy_jd"
ERROR - 2017-04-24 09:52:16 --> Could not find the language line "mynt_buy_taobao"
ERROR - 2017-04-24 09:52:16 --> Could not find the language line "mynt_buy_tmall"
ERROR - 2017-04-24 09:52:16 --> Could not find the language line "mynt_buy_youzan"
ERROR - 2017-04-24 09:52:16 --> Could not find the language line "mynt_buy_jd"
ERROR - 2017-04-24 09:52:22 --> Could not find the language line "mynt_buy_taobao"
ERROR - 2017-04-24 09:52:22 --> Could not find the language line "mynt_buy_tmall"
ERROR - 2017-04-24 09:52:22 --> Could not find the language line "mynt_buy_youzan"
ERROR - 2017-04-24 09:52:22 --> Could not find the language line "mynt_buy_jd"
ERROR - 2017-04-24 09:57:30 --> Could not find the language line "mynt_buy_taobao"
ERROR - 2017-04-24 09:57:30 --> Could not find the language line "mynt_buy_tmall"
ERROR - 2017-04-24 09:57:30 --> Could not find the language line "mynt_buy_youzan"
ERROR - 2017-04-24 09:57:30 --> Could not find the language line "mynt_buy_jd"
ERROR - 2017-04-24 09:57:35 --> Could not find the language line "mynt_buy_taobao"
ERROR - 2017-04-24 09:57:35 --> Could not find the language line "mynt_buy_tmall"
ERROR - 2017-04-24 09:57:35 --> Could not find the language line "mynt_buy_youzan"
ERROR - 2017-04-24 09:57:35 --> Could not find the language line "mynt_buy_jd"
ERROR - 2017-04-24 09:57:36 --> Could not find the language line "mynt_buy_taobao"
ERROR - 2017-04-24 09:57:36 --> Could not find the language line "mynt_buy_tmall"
ERROR - 2017-04-24 09:57:36 --> Could not find the language line "mynt_buy_youzan"
ERROR - 2017-04-24 09:57:36 --> Could not find the language line "mynt_buy_jd"
ERROR - 2017-04-24 09:57:37 --> Could not find the language line "mynt_buy_taobao"
ERROR - 2017-04-24 09:57:37 --> Could not find the language line "mynt_buy_tmall"
ERROR - 2017-04-24 09:57:37 --> Could not find the language line "mynt_buy_youzan"
ERROR - 2017-04-24 09:57:37 --> Could not find the language line "mynt_buy_jd"
ERROR - 2017-04-24 09:57:38 --> Could not find the language line "mynt_buy_taobao"
ERROR - 2017-04-24 09:57:38 --> Could not find the language line "mynt_buy_tmall"
ERROR - 2017-04-24 09:57:38 --> Could not find the language line "mynt_buy_youzan"
ERROR - 2017-04-24 09:57:38 --> Could not find the language line "mynt_buy_jd"
ERROR - 2017-04-24 09:57:38 --> Could not find the language line "mynt_buy_taobao"
ERROR - 2017-04-24 09:57:38 --> Could not find the language line "mynt_buy_tmall"
ERROR - 2017-04-24 09:57:38 --> Could not find the language line "mynt_buy_youzan"
ERROR - 2017-04-24 09:57:38 --> Could not find the language line "mynt_buy_jd"
ERROR - 2017-04-24 09:57:38 --> Could not find the language line "mynt_buy_taobao"
ERROR - 2017-04-24 09:57:38 --> Could not find the language line "mynt_buy_tmall"
ERROR - 2017-04-24 09:57:38 --> Could not find the language line "mynt_buy_youzan"
ERROR - 2017-04-24 09:57:38 --> Could not find the language line "mynt_buy_jd"
ERROR - 2017-04-24 09:57:59 --> Could not find the language line "mynt_buy_taobao"
ERROR - 2017-04-24 09:57:59 --> Could not find the language line "mynt_buy_tmall"
ERROR - 2017-04-24 09:57:59 --> Could not find the language line "mynt_buy_youzan"
ERROR - 2017-04-24 09:57:59 --> Could not find the language line "mynt_buy_jd"
ERROR - 2017-04-24 09:58:00 --> Could not find the language line "mynt_buy_taobao"
ERROR - 2017-04-24 09:58:00 --> Could not find the language line "mynt_buy_tmall"
ERROR - 2017-04-24 09:58:00 --> Could not find the language line "mynt_buy_youzan"
ERROR - 2017-04-24 09:58:00 --> Could not find the language line "mynt_buy_jd"
ERROR - 2017-04-24 09:58:08 --> Could not find the language line "mynt_buy_taobao"
ERROR - 2017-04-24 09:58:08 --> Could not find the language line "mynt_buy_tmall"
ERROR - 2017-04-24 09:58:08 --> Could not find the language line "mynt_buy_youzan"
ERROR - 2017-04-24 09:58:08 --> Could not find the language line "mynt_buy_jd"
ERROR - 2017-04-24 10:00:25 --> Could not find the language line "mynt_buy_taobao"
ERROR - 2017-04-24 10:00:25 --> Could not find the language line "mynt_buy_tmall"
ERROR - 2017-04-24 10:00:25 --> Could not find the language line "mynt_buy_youzan"
ERROR - 2017-04-24 10:00:25 --> Could not find the language line "mynt_buy_jd"
ERROR - 2017-04-24 10:00:40 --> Could not find the language line "mynt_buy_taobao"
ERROR - 2017-04-24 10:00:40 --> Could not find the language line "mynt_buy_tmall"
ERROR - 2017-04-24 10:00:40 --> Could not find the language line "mynt_buy_youzan"
ERROR - 2017-04-24 10:00:40 --> Could not find the language line "mynt_buy_jd"
ERROR - 2017-04-24 10:01:42 --> Could not find the language line "mynt_buy_taobao"
ERROR - 2017-04-24 10:01:42 --> Could not find the language line "mynt_buy_tmall"
ERROR - 2017-04-24 10:01:42 --> Could not find the language line "mynt_buy_youzan"
ERROR - 2017-04-24 10:01:42 --> Could not find the language line "mynt_buy_jd"
ERROR - 2017-04-24 10:02:03 --> Could not find the language line "mynt_buy_taobao"
ERROR - 2017-04-24 10:02:03 --> Could not find the language line "mynt_buy_tmall"
ERROR - 2017-04-24 10:02:03 --> Could not find the language line "mynt_buy_youzan"
ERROR - 2017-04-24 10:02:03 --> Could not find the language line "mynt_buy_jd"
ERROR - 2017-04-24 10:02:18 --> Could not find the language line "mynt_buy_taobao"
ERROR - 2017-04-24 10:02:18 --> Could not find the language line "mynt_buy_tmall"
ERROR - 2017-04-24 10:02:18 --> Could not find the language line "mynt_buy_youzan"
ERROR - 2017-04-24 10:02:18 --> Could not find the language line "mynt_buy_jd"
ERROR - 2017-04-24 10:02:28 --> Could not find the language line "mynt_buy_taobao"
ERROR - 2017-04-24 10:02:28 --> Could not find the language line "mynt_buy_tmall"
ERROR - 2017-04-24 10:02:28 --> Could not find the language line "mynt_buy_youzan"
ERROR - 2017-04-24 10:02:28 --> Could not find the language line "mynt_buy_jd"
ERROR - 2017-04-24 10:03:27 --> Could not find the language line "mynt_buy_taobao"
ERROR - 2017-04-24 10:03:27 --> Could not find the language line "mynt_buy_tmall"
ERROR - 2017-04-24 10:03:27 --> Could not find the language line "mynt_buy_youzan"
ERROR - 2017-04-24 10:03:27 --> Could not find the language line "mynt_buy_jd"
ERROR - 2017-04-24 10:49:40 --> Could not find the language line "mynt_buy_taobao"
ERROR - 2017-04-24 10:49:40 --> Could not find the language line "mynt_buy_tmall"
ERROR - 2017-04-24 10:49:40 --> Could not find the language line "mynt_buy_youzan"
ERROR - 2017-04-24 10:49:40 --> Could not find the language line "mynt_buy_jd"
ERROR - 2017-04-24 10:50:46 --> Could not find the language line "mynt_buy_taobao"
ERROR - 2017-04-24 10:50:46 --> Could not find the language line "mynt_buy_tmall"
ERROR - 2017-04-24 10:50:46 --> Could not find the language line "mynt_buy_youzan"
ERROR - 2017-04-24 10:50:46 --> Could not find the language line "mynt_buy_jd"
ERROR - 2017-04-24 10:51:07 --> Could not find the language line "mynt_buy_taobao"
ERROR - 2017-04-24 10:51:07 --> Could not find the language line "mynt_buy_tmall"
ERROR - 2017-04-24 10:51:07 --> Could not find the language line "mynt_buy_youzan"
ERROR - 2017-04-24 10:51:07 --> Could not find the language line "mynt_buy_jd"
ERROR - 2017-04-24 10:52:21 --> Could not find the language line "mynt_buy_taobao"
ERROR - 2017-04-24 10:52:21 --> Could not find the language line "mynt_buy_tmall"
ERROR - 2017-04-24 10:52:21 --> Could not find the language line "mynt_buy_youzan"
ERROR - 2017-04-24 10:52:21 --> Could not find the language line "mynt_buy_jd"
ERROR - 2017-04-24 10:54:23 --> Could not find the language line "mynt_buy_taobao"
ERROR - 2017-04-24 10:54:23 --> Could not find the language line "mynt_buy_tmall"
ERROR - 2017-04-24 10:54:23 --> Could not find the language line "mynt_buy_youzan"
ERROR - 2017-04-24 10:54:23 --> Could not find the language line "mynt_buy_jd"
ERROR - 2017-04-24 10:55:38 --> Could not find the language line "mynt_buy_taobao"
ERROR - 2017-04-24 10:55:38 --> Could not find the language line "mynt_buy_tmall"
ERROR - 2017-04-24 10:55:38 --> Could not find the language line "mynt_buy_youzan"
ERROR - 2017-04-24 10:55:38 --> Could not find the language line "mynt_buy_jd"
ERROR - 2017-04-24 10:55:52 --> Could not find the language line "mynt_buy_taobao"
ERROR - 2017-04-24 10:55:52 --> Could not find the language line "mynt_buy_tmall"
ERROR - 2017-04-24 10:55:52 --> Could not find the language line "mynt_buy_youzan"
ERROR - 2017-04-24 10:55:52 --> Could not find the language line "mynt_buy_jd"
ERROR - 2017-04-24 10:56:01 --> Could not find the language line "mynt_buy_taobao"
ERROR - 2017-04-24 10:56:01 --> Could not find the language line "mynt_buy_tmall"
ERROR - 2017-04-24 10:56:01 --> Could not find the language line "mynt_buy_youzan"
ERROR - 2017-04-24 10:56:01 --> Could not find the language line "mynt_buy_jd"
ERROR - 2017-04-24 10:58:11 --> Could not find the language line "mynt_buy_taobao"
ERROR - 2017-04-24 10:58:11 --> Could not find the language line "mynt_buy_tmall"
ERROR - 2017-04-24 10:58:11 --> Could not find the language line "mynt_buy_youzan"
ERROR - 2017-04-24 10:58:11 --> Could not find the language line "mynt_buy_jd"
ERROR - 2017-04-24 10:59:21 --> Could not find the language line "mynt_buy_taobao"
ERROR - 2017-04-24 10:59:21 --> Could not find the language line "mynt_buy_tmall"
ERROR - 2017-04-24 10:59:21 --> Could not find the language line "mynt_buy_youzan"
ERROR - 2017-04-24 10:59:21 --> Could not find the language line "mynt_buy_jd"
ERROR - 2017-04-24 10:59:27 --> Could not find the language line "mynt_buy_taobao"
ERROR - 2017-04-24 10:59:27 --> Could not find the language line "mynt_buy_tmall"
ERROR - 2017-04-24 10:59:27 --> Could not find the language line "mynt_buy_youzan"
ERROR - 2017-04-24 10:59:27 --> Could not find the language line "mynt_buy_jd"
ERROR - 2017-04-24 11:01:16 --> Could not find the language line "mynt_buy_taobao"
ERROR - 2017-04-24 11:01:16 --> Could not find the language line "mynt_buy_tmall"
ERROR - 2017-04-24 11:01:16 --> Could not find the language line "mynt_buy_youzan"
ERROR - 2017-04-24 11:01:16 --> Could not find the language line "mynt_buy_jd"
ERROR - 2017-04-24 11:10:32 --> Could not find the language line "mynt_buy_taobao"
ERROR - 2017-04-24 11:10:32 --> Could not find the language line "mynt_buy_tmall"
ERROR - 2017-04-24 11:10:32 --> Could not find the language line "mynt_buy_youzan"
ERROR - 2017-04-24 11:10:32 --> Could not find the language line "mynt_buy_jd"
ERROR - 2017-04-24 11:13:21 --> Could not find the language line "mynt_buy_taobao"
ERROR - 2017-04-24 11:13:21 --> Could not find the language line "mynt_buy_tmall"
ERROR - 2017-04-24 11:13:21 --> Could not find the language line "mynt_buy_youzan"
ERROR - 2017-04-24 11:13:21 --> Could not find the language line "mynt_buy_jd"
ERROR - 2017-04-24 11:13:47 --> Could not find the language line "mynt_buy_taobao"
ERROR - 2017-04-24 11:13:47 --> Could not find the language line "mynt_buy_tmall"
ERROR - 2017-04-24 11:13:47 --> Could not find the language line "mynt_buy_youzan"
ERROR - 2017-04-24 11:13:47 --> Could not find the language line "mynt_buy_jd"
ERROR - 2017-04-24 11:15:42 --> Could not find the language line "mynt_buy_taobao"
ERROR - 2017-04-24 11:15:42 --> Could not find the language line "mynt_buy_tmall"
ERROR - 2017-04-24 11:15:42 --> Could not find the language line "mynt_buy_youzan"
ERROR - 2017-04-24 11:15:42 --> Could not find the language line "mynt_buy_jd"
ERROR - 2017-04-24 11:15:44 --> Could not find the language line "mynt_buy_taobao"
ERROR - 2017-04-24 11:15:44 --> Could not find the language line "mynt_buy_tmall"
ERROR - 2017-04-24 11:15:44 --> Could not find the language line "mynt_buy_youzan"
ERROR - 2017-04-24 11:15:44 --> Could not find the language line "mynt_buy_jd"
ERROR - 2017-04-24 11:15:45 --> Could not find the language line "mynt_buy_taobao"
ERROR - 2017-04-24 11:15:45 --> Could not find the language line "mynt_buy_tmall"
ERROR - 2017-04-24 11:15:45 --> Could not find the language line "mynt_buy_youzan"
ERROR - 2017-04-24 11:15:45 --> Could not find the language line "mynt_buy_jd"
ERROR - 2017-04-24 11:16:04 --> Could not find the language line "mynt_buy_taobao"
ERROR - 2017-04-24 11:16:04 --> Could not find the language line "mynt_buy_tmall"
ERROR - 2017-04-24 11:16:04 --> Could not find the language line "mynt_buy_youzan"
ERROR - 2017-04-24 11:16:04 --> Could not find the language line "mynt_buy_jd"
ERROR - 2017-04-24 11:16:06 --> Could not find the language line "mynt_buy_taobao"
ERROR - 2017-04-24 11:16:06 --> Could not find the language line "mynt_buy_tmall"
ERROR - 2017-04-24 11:16:06 --> Could not find the language line "mynt_buy_youzan"
ERROR - 2017-04-24 11:16:06 --> Could not find the language line "mynt_buy_jd"
ERROR - 2017-04-24 11:16:29 --> Could not find the language line "mynt_buy_taobao"
ERROR - 2017-04-24 11:16:29 --> Could not find the language line "mynt_buy_tmall"
ERROR - 2017-04-24 11:16:29 --> Could not find the language line "mynt_buy_youzan"
ERROR - 2017-04-24 11:16:29 --> Could not find the language line "mynt_buy_jd"
ERROR - 2017-04-24 11:16:33 --> Could not find the language line "mynt_buy_taobao"
ERROR - 2017-04-24 11:16:33 --> Could not find the language line "mynt_buy_tmall"
ERROR - 2017-04-24 11:16:33 --> Could not find the language line "mynt_buy_youzan"
ERROR - 2017-04-24 11:16:33 --> Could not find the language line "mynt_buy_jd"
ERROR - 2017-04-24 11:16:57 --> Could not find the language line "mynt_buy_taobao"
ERROR - 2017-04-24 11:16:57 --> Could not find the language line "mynt_buy_tmall"
ERROR - 2017-04-24 11:16:57 --> Could not find the language line "mynt_buy_youzan"
ERROR - 2017-04-24 11:16:57 --> Could not find the language line "mynt_buy_jd"
ERROR - 2017-04-24 11:17:06 --> Could not find the language line "mynt_buy_taobao"
ERROR - 2017-04-24 11:17:06 --> Could not find the language line "mynt_buy_tmall"
ERROR - 2017-04-24 11:17:06 --> Could not find the language line "mynt_buy_youzan"
ERROR - 2017-04-24 11:17:06 --> Could not find the language line "mynt_buy_jd"
ERROR - 2017-04-24 11:17:51 --> Could not find the language line "mynt_buy_taobao"
ERROR - 2017-04-24 11:17:51 --> Could not find the language line "mynt_buy_tmall"
ERROR - 2017-04-24 11:17:51 --> Could not find the language line "mynt_buy_youzan"
ERROR - 2017-04-24 11:17:51 --> Could not find the language line "mynt_buy_jd"
ERROR - 2017-04-24 11:18:06 --> Could not find the language line "mynt_buy_taobao"
ERROR - 2017-04-24 11:18:06 --> Could not find the language line "mynt_buy_tmall"
ERROR - 2017-04-24 11:18:06 --> Could not find the language line "mynt_buy_youzan"
ERROR - 2017-04-24 11:18:06 --> Could not find the language line "mynt_buy_jd"
ERROR - 2017-04-24 11:18:07 --> Could not find the language line "mynt_buy_taobao"
ERROR - 2017-04-24 11:18:07 --> Could not find the language line "mynt_buy_tmall"
ERROR - 2017-04-24 11:18:07 --> Could not find the language line "mynt_buy_youzan"
ERROR - 2017-04-24 11:18:07 --> Could not find the language line "mynt_buy_jd"
ERROR - 2017-04-24 11:18:27 --> Could not find the language line "mynt_buy_taobao"
ERROR - 2017-04-24 11:18:27 --> Could not find the language line "mynt_buy_tmall"
ERROR - 2017-04-24 11:18:27 --> Could not find the language line "mynt_buy_youzan"
ERROR - 2017-04-24 11:18:27 --> Could not find the language line "mynt_buy_jd"
ERROR - 2017-04-24 11:20:21 --> Could not find the language line "mynt_buy_taobao"
ERROR - 2017-04-24 11:20:21 --> Could not find the language line "mynt_buy_tmall"
ERROR - 2017-04-24 11:20:21 --> Could not find the language line "mynt_buy_youzan"
ERROR - 2017-04-24 11:20:21 --> Could not find the language line "mynt_buy_jd"
ERROR - 2017-04-24 11:23:25 --> Could not find the language line "mynt_buy_taobao"
ERROR - 2017-04-24 11:23:25 --> Could not find the language line "mynt_buy_tmall"
ERROR - 2017-04-24 11:23:25 --> Could not find the language line "mynt_buy_youzan"
ERROR - 2017-04-24 11:23:25 --> Could not find the language line "mynt_buy_jd"
ERROR - 2017-04-24 11:26:22 --> Could not find the language line "mynt_buy_taobao"
ERROR - 2017-04-24 11:26:22 --> Could not find the language line "mynt_buy_tmall"
ERROR - 2017-04-24 11:26:22 --> Could not find the language line "mynt_buy_youzan"
ERROR - 2017-04-24 11:26:22 --> Could not find the language line "mynt_buy_jd"
ERROR - 2017-04-24 11:26:32 --> Could not find the language line "mynt_buy_taobao"
ERROR - 2017-04-24 11:26:32 --> Could not find the language line "mynt_buy_tmall"
ERROR - 2017-04-24 11:26:32 --> Could not find the language line "mynt_buy_youzan"
ERROR - 2017-04-24 11:26:32 --> Could not find the language line "mynt_buy_jd"
ERROR - 2017-04-24 11:27:10 --> Could not find the language line "mynt_buy_taobao"
ERROR - 2017-04-24 11:27:10 --> Could not find the language line "mynt_buy_tmall"
ERROR - 2017-04-24 11:27:10 --> Could not find the language line "mynt_buy_youzan"
ERROR - 2017-04-24 11:27:10 --> Could not find the language line "mynt_buy_jd"
ERROR - 2017-04-24 11:27:20 --> Could not find the language line "mynt_buy_taobao"
ERROR - 2017-04-24 11:27:20 --> Could not find the language line "mynt_buy_tmall"
ERROR - 2017-04-24 11:27:20 --> Could not find the language line "mynt_buy_youzan"
ERROR - 2017-04-24 11:27:20 --> Could not find the language line "mynt_buy_jd"
ERROR - 2017-04-24 11:31:45 --> Could not find the language line "mynt_buy_taobao"
ERROR - 2017-04-24 11:31:45 --> Could not find the language line "mynt_buy_tmall"
ERROR - 2017-04-24 11:31:45 --> Could not find the language line "mynt_buy_youzan"
ERROR - 2017-04-24 11:31:45 --> Could not find the language line "mynt_buy_jd"
ERROR - 2017-04-24 11:32:39 --> Could not find the language line "mynt_buy_taobao"
ERROR - 2017-04-24 11:32:39 --> Could not find the language line "mynt_buy_tmall"
ERROR - 2017-04-24 11:32:39 --> Could not find the language line "mynt_buy_youzan"
ERROR - 2017-04-24 11:32:39 --> Could not find the language line "mynt_buy_jd"
ERROR - 2017-04-24 11:34:27 --> Could not find the language line "mynt_buy_taobao"
ERROR - 2017-04-24 11:34:27 --> Could not find the language line "mynt_buy_tmall"
ERROR - 2017-04-24 11:34:27 --> Could not find the language line "mynt_buy_youzan"
ERROR - 2017-04-24 11:34:27 --> Could not find the language line "mynt_buy_jd"
ERROR - 2017-04-24 11:40:45 --> Could not find the language line "mynt_buy_taobao"
ERROR - 2017-04-24 11:40:45 --> Could not find the language line "mynt_buy_tmall"
ERROR - 2017-04-24 11:40:45 --> Could not find the language line "mynt_buy_youzan"
ERROR - 2017-04-24 11:40:45 --> Could not find the language line "mynt_buy_jd"
ERROR - 2017-04-24 11:45:27 --> Could not find the language line "mynt_buy_taobao"
ERROR - 2017-04-24 11:45:27 --> Could not find the language line "mynt_buy_tmall"
ERROR - 2017-04-24 11:45:27 --> Could not find the language line "mynt_buy_youzan"
ERROR - 2017-04-24 11:45:27 --> Could not find the language line "mynt_buy_jd"
ERROR - 2017-04-24 11:47:26 --> Could not find the language line "mynt_buy_taobao"
ERROR - 2017-04-24 11:47:26 --> Could not find the language line "mynt_buy_tmall"
ERROR - 2017-04-24 11:47:26 --> Could not find the language line "mynt_buy_youzan"
ERROR - 2017-04-24 11:47:26 --> Could not find the language line "mynt_buy_jd"
ERROR - 2017-04-24 11:48:55 --> Could not find the language line "mynt_buy_taobao"
ERROR - 2017-04-24 11:48:55 --> Could not find the language line "mynt_buy_tmall"
ERROR - 2017-04-24 11:48:55 --> Could not find the language line "mynt_buy_youzan"
ERROR - 2017-04-24 11:48:55 --> Could not find the language line "mynt_buy_jd"
ERROR - 2017-04-24 11:50:32 --> Could not find the language line "mynt_buy_taobao"
ERROR - 2017-04-24 11:50:32 --> Could not find the language line "mynt_buy_tmall"
ERROR - 2017-04-24 11:50:32 --> Could not find the language line "mynt_buy_youzan"
ERROR - 2017-04-24 11:50:32 --> Could not find the language line "mynt_buy_jd"
ERROR - 2017-04-24 11:51:04 --> Could not find the language line "mynt_buy_taobao"
ERROR - 2017-04-24 11:51:04 --> Could not find the language line "mynt_buy_tmall"
ERROR - 2017-04-24 11:51:04 --> Could not find the language line "mynt_buy_youzan"
ERROR - 2017-04-24 11:51:04 --> Could not find the language line "mynt_buy_jd"
ERROR - 2017-04-24 11:54:09 --> Could not find the language line "mynt_buy_taobao"
ERROR - 2017-04-24 11:54:09 --> Could not find the language line "mynt_buy_tmall"
ERROR - 2017-04-24 11:54:09 --> Could not find the language line "mynt_buy_youzan"
ERROR - 2017-04-24 11:54:09 --> Could not find the language line "mynt_buy_jd"
ERROR - 2017-04-24 11:56:51 --> Could not find the language line "mynt_buy_taobao"
ERROR - 2017-04-24 11:56:51 --> Could not find the language line "mynt_buy_tmall"
ERROR - 2017-04-24 11:56:51 --> Could not find the language line "mynt_buy_youzan"
ERROR - 2017-04-24 11:56:51 --> Could not find the language line "mynt_buy_jd"
ERROR - 2017-04-24 11:57:07 --> Could not find the language line "mynt_buy_taobao"
ERROR - 2017-04-24 11:57:07 --> Could not find the language line "mynt_buy_tmall"
ERROR - 2017-04-24 11:57:07 --> Could not find the language line "mynt_buy_youzan"
ERROR - 2017-04-24 11:57:07 --> Could not find the language line "mynt_buy_jd"
ERROR - 2017-04-24 11:57:31 --> Could not find the language line "mynt_buy_taobao"
ERROR - 2017-04-24 11:57:31 --> Could not find the language line "mynt_buy_tmall"
ERROR - 2017-04-24 11:57:31 --> Could not find the language line "mynt_buy_youzan"
ERROR - 2017-04-24 11:57:31 --> Could not find the language line "mynt_buy_jd"
