ERROR - 2016-04-27 15:07:23 --> Could not find the language line "mynt_buy_taobao"
ERROR - 2016-04-27 15:07:23 --> Could not find the language line "mynt_buy_tmall"
ERROR - 2016-04-27 15:07:23 --> Could not find the language line "mynt_buy_youzan"
ERROR - 2016-04-27 15:07:23 --> Could not find the language line "mynt_icon_taobao"
ERROR - 2016-04-27 15:07:23 --> Could not find the language line "mynt_icon_tmall"
ERROR - 2016-04-27 15:07:23 --> Could not find the language line "mynt_icon_youzan"
ERROR - 2016-04-27 15:19:00 --> Could not find the language line "mynt_buy_taobao"
ERROR - 2016-04-27 15:19:00 --> Could not find the language line "mynt_buy_tmall"
ERROR - 2016-04-27 15:19:00 --> Could not find the language line "mynt_buy_youzan"
ERROR - 2016-04-27 15:19:00 --> Could not find the language line "mynt_icon_taobao"
ERROR - 2016-04-27 15:19:00 --> Could not find the language line "mynt_icon_tmall"
ERROR - 2016-04-27 15:19:00 --> Could not find the language line "mynt_icon_youzan"
ERROR - 2016-04-27 15:19:00 --> Session: File 'ci_sessions/ci_sessionef50053f041ea60db60b564eee80105930bdaf33' doesn't exist and cannot be created.
ERROR - 2016-04-27 15:19:08 --> Could not find the language line "mynt_buy_taobao"
ERROR - 2016-04-27 15:19:08 --> Could not find the language line "mynt_buy_tmall"
ERROR - 2016-04-27 15:19:08 --> Could not find the language line "mynt_buy_youzan"
ERROR - 2016-04-27 15:19:08 --> Could not find the language line "mynt_icon_taobao"
ERROR - 2016-04-27 15:19:08 --> Could not find the language line "mynt_icon_tmall"
ERROR - 2016-04-27 15:19:08 --> Could not find the language line "mynt_icon_youzan"
ERROR - 2016-04-27 15:32:39 --> Could not find the language line "mynt_buy_taobao"
ERROR - 2016-04-27 15:32:39 --> Could not find the language line "mynt_buy_tmall"
ERROR - 2016-04-27 15:32:39 --> Could not find the language line "mynt_buy_youzan"
ERROR - 2016-04-27 15:32:39 --> Could not find the language line "mynt_icon_taobao"
ERROR - 2016-04-27 15:32:39 --> Could not find the language line "mynt_icon_tmall"
ERROR - 2016-04-27 15:32:39 --> Could not find the language line "mynt_icon_youzan"
ERROR - 2016-04-27 15:32:39 --> Session: File 'ci_sessions/ci_sessiond8c94b789e72ccf297071dca6ff107535debee43' doesn't exist and cannot be created.
ERROR - 2016-04-27 15:35:48 --> Could not find the language line "mynt_buy_taobao"
ERROR - 2016-04-27 15:35:48 --> Could not find the language line "mynt_buy_tmall"
ERROR - 2016-04-27 15:35:48 --> Could not find the language line "mynt_buy_youzan"
ERROR - 2016-04-27 15:35:48 --> Could not find the language line "mynt_icon_taobao"
ERROR - 2016-04-27 15:35:48 --> Could not find the language line "mynt_icon_tmall"
ERROR - 2016-04-27 15:35:48 --> Could not find the language line "mynt_icon_youzan"
ERROR - 2016-04-27 15:36:01 --> Could not find the language line "mynt_buy_taobao"
ERROR - 2016-04-27 15:36:01 --> Could not find the language line "mynt_buy_tmall"
ERROR - 2016-04-27 15:36:01 --> Could not find the language line "mynt_buy_youzan"
ERROR - 2016-04-27 15:36:01 --> Could not find the language line "mynt_icon_taobao"
ERROR - 2016-04-27 15:36:01 --> Could not find the language line "mynt_icon_tmall"
ERROR - 2016-04-27 15:36:01 --> Could not find the language line "mynt_icon_youzan"
ERROR - 2016-04-27 15:43:35 --> Could not find the language line "mynt_buy_taobao"
ERROR - 2016-04-27 15:43:35 --> Could not find the language line "mynt_buy_tmall"
ERROR - 2016-04-27 15:43:35 --> Could not find the language line "mynt_buy_youzan"
ERROR - 2016-04-27 15:43:35 --> Could not find the language line "mynt_icon_taobao"
ERROR - 2016-04-27 15:43:35 --> Could not find the language line "mynt_icon_tmall"
ERROR - 2016-04-27 15:43:35 --> Could not find the language line "mynt_icon_youzan"
ERROR - 2016-04-27 15:43:35 --> Session: File 'ci_sessions/ci_session662df49a620ef5e4da8740b41d120a8bfda6fdbf' doesn't exist and cannot be created.
ERROR - 2016-04-27 15:43:47 --> Could not find the language line "mynt_buy_taobao"
ERROR - 2016-04-27 15:43:47 --> Could not find the language line "mynt_buy_tmall"
ERROR - 2016-04-27 15:43:47 --> Could not find the language line "mynt_buy_youzan"
ERROR - 2016-04-27 15:43:54 --> Could not find the language line "mynt_buy_taobao"
ERROR - 2016-04-27 15:43:54 --> Could not find the language line "mynt_buy_tmall"
ERROR - 2016-04-27 15:43:54 --> Could not find the language line "mynt_buy_youzan"
ERROR - 2016-04-27 15:43:54 --> Could not find the language line "mynt_icon_taobao"
ERROR - 2016-04-27 15:43:54 --> Could not find the language line "mynt_icon_tmall"
ERROR - 2016-04-27 15:43:54 --> Could not find the language line "mynt_icon_youzan"
ERROR - 2016-04-27 15:43:54 --> Could not find the language line "mynt_jd_detail"
ERROR - 2016-04-27 15:43:54 --> Could not find the language line "to_buy_wd"
ERROR - 2016-04-27 15:43:54 --> Could not find the language line "slightech_wechat"
ERROR - 2016-04-27 15:43:54 --> Could not find the language line "camera_no_lost"
ERROR - 2016-04-27 15:43:54 --> Could not find the language line "key_no_lost"
ERROR - 2016-04-27 15:43:54 --> Could not find the language line "bag_no_lost"
ERROR - 2016-04-27 15:43:54 --> Could not find the language line "computer_no_lost"
ERROR - 2016-04-27 15:43:54 --> Could not find the language line "pet_no_lost"
ERROR - 2016-04-27 15:43:54 --> Could not find the language line "goal"
ERROR - 2016-04-27 15:43:54 --> Could not find the language line "fund_title"
ERROR - 2016-04-27 15:43:54 --> Could not find the language line "fund_intro"
ERROR - 2016-04-27 15:43:56 --> Could not find the language line "mynt_buy_taobao"
ERROR - 2016-04-27 15:43:56 --> Could not find the language line "mynt_buy_tmall"
ERROR - 2016-04-27 15:43:56 --> Could not find the language line "mynt_buy_youzan"
ERROR - 2016-04-27 15:43:57 --> Could not find the language line "mynt_buy_taobao"
ERROR - 2016-04-27 15:43:57 --> Could not find the language line "mynt_buy_tmall"
ERROR - 2016-04-27 15:43:57 --> Could not find the language line "mynt_buy_youzan"
ERROR - 2016-04-27 15:43:57 --> Could not find the language line "mynt_icon_taobao"
ERROR - 2016-04-27 15:43:57 --> Could not find the language line "mynt_icon_tmall"
ERROR - 2016-04-27 15:43:57 --> Could not find the language line "mynt_icon_youzan"
ERROR - 2016-04-27 15:43:57 --> Could not find the language line "mynt_jd_detail"
ERROR - 2016-04-27 15:43:57 --> Could not find the language line "to_buy_wd"
ERROR - 2016-04-27 15:43:57 --> Could not find the language line "slightech_wechat"
ERROR - 2016-04-27 15:43:57 --> Could not find the language line "camera_no_lost"
ERROR - 2016-04-27 15:43:57 --> Could not find the language line "key_no_lost"
ERROR - 2016-04-27 15:43:57 --> Could not find the language line "bag_no_lost"
ERROR - 2016-04-27 15:43:57 --> Could not find the language line "computer_no_lost"
ERROR - 2016-04-27 15:43:57 --> Could not find the language line "pet_no_lost"
ERROR - 2016-04-27 15:43:57 --> Could not find the language line "goal"
ERROR - 2016-04-27 15:43:57 --> Could not find the language line "fund_title"
ERROR - 2016-04-27 15:43:57 --> Could not find the language line "fund_intro"
ERROR - 2016-04-27 15:43:59 --> Could not find the language line "mynt_buy_taobao"
ERROR - 2016-04-27 15:43:59 --> Could not find the language line "mynt_buy_tmall"
ERROR - 2016-04-27 15:43:59 --> Could not find the language line "mynt_buy_youzan"
ERROR - 2016-04-27 15:44:02 --> Could not find the language line "mynt_buy_taobao"
ERROR - 2016-04-27 15:44:02 --> Could not find the language line "mynt_buy_tmall"
ERROR - 2016-04-27 15:44:02 --> Could not find the language line "mynt_buy_youzan"
ERROR - 2016-04-27 15:44:02 --> Could not find the language line "mynt_icon_taobao"
ERROR - 2016-04-27 15:44:02 --> Could not find the language line "mynt_icon_tmall"
ERROR - 2016-04-27 15:44:02 --> Could not find the language line "mynt_icon_youzan"
ERROR - 2016-04-27 15:44:06 --> Could not find the language line "mynt_buy_taobao"
ERROR - 2016-04-27 15:44:06 --> Could not find the language line "mynt_buy_tmall"
ERROR - 2016-04-27 15:44:06 --> Could not find the language line "mynt_buy_youzan"
ERROR - 2016-04-27 15:44:06 --> Could not find the language line "mynt_icon_taobao"
ERROR - 2016-04-27 15:44:06 --> Could not find the language line "mynt_icon_tmall"
ERROR - 2016-04-27 15:44:06 --> Could not find the language line "mynt_icon_youzan"
ERROR - 2016-04-27 15:44:08 --> Could not find the language line "mynt_buy_taobao"
ERROR - 2016-04-27 15:44:08 --> Could not find the language line "mynt_buy_tmall"
ERROR - 2016-04-27 15:44:08 --> Could not find the language line "mynt_buy_youzan"
ERROR - 2016-04-27 15:44:08 --> Could not find the language line "mynt_icon_taobao"
ERROR - 2016-04-27 15:44:08 --> Could not find the language line "mynt_icon_tmall"
ERROR - 2016-04-27 15:44:08 --> Could not find the language line "mynt_icon_youzan"
ERROR - 2016-04-27 15:44:09 --> Could not find the language line "mynt_buy_taobao"
ERROR - 2016-04-27 15:44:09 --> Could not find the language line "mynt_buy_tmall"
ERROR - 2016-04-27 15:44:09 --> Could not find the language line "mynt_buy_youzan"
ERROR - 2016-04-27 15:44:09 --> Could not find the language line "mynt_icon_taobao"
ERROR - 2016-04-27 15:44:09 --> Could not find the language line "mynt_icon_tmall"
ERROR - 2016-04-27 15:44:09 --> Could not find the language line "mynt_icon_youzan"
ERROR - 2016-04-27 15:44:10 --> Could not find the language line "mynt_buy_taobao"
ERROR - 2016-04-27 15:44:10 --> Could not find the language line "mynt_buy_tmall"
ERROR - 2016-04-27 15:44:10 --> Could not find the language line "mynt_buy_youzan"
ERROR - 2016-04-27 15:44:10 --> Could not find the language line "mynt_icon_taobao"
ERROR - 2016-04-27 15:44:10 --> Could not find the language line "mynt_icon_tmall"
ERROR - 2016-04-27 15:44:10 --> Could not find the language line "mynt_icon_youzan"
ERROR - 2016-04-27 15:44:38 --> Could not find the language line "mynt_buy_taobao"
ERROR - 2016-04-27 15:44:38 --> Could not find the language line "mynt_buy_tmall"
ERROR - 2016-04-27 15:44:38 --> Could not find the language line "mynt_buy_youzan"
ERROR - 2016-04-27 15:44:38 --> Could not find the language line "mynt_icon_taobao"
ERROR - 2016-04-27 15:44:38 --> Could not find the language line "mynt_icon_tmall"
ERROR - 2016-04-27 15:44:38 --> Could not find the language line "mynt_icon_youzan"
ERROR - 2016-04-27 15:44:41 --> Could not find the language line "mynt_buy_taobao"
ERROR - 2016-04-27 15:44:41 --> Could not find the language line "mynt_buy_tmall"
ERROR - 2016-04-27 15:44:41 --> Could not find the language line "mynt_buy_youzan"
ERROR - 2016-04-27 15:44:41 --> Could not find the language line "mynt_icon_taobao"
ERROR - 2016-04-27 15:44:41 --> Could not find the language line "mynt_icon_tmall"
ERROR - 2016-04-27 15:44:41 --> Could not find the language line "mynt_icon_youzan"
ERROR - 2016-04-27 15:44:42 --> Could not find the language line "mynt_buy_taobao"
ERROR - 2016-04-27 15:44:42 --> Could not find the language line "mynt_buy_tmall"
ERROR - 2016-04-27 15:44:42 --> Could not find the language line "mynt_buy_youzan"
ERROR - 2016-04-27 15:44:42 --> Could not find the language line "mynt_icon_taobao"
ERROR - 2016-04-27 15:44:42 --> Could not find the language line "mynt_icon_tmall"
ERROR - 2016-04-27 15:44:42 --> Could not find the language line "mynt_icon_youzan"
ERROR - 2016-04-27 15:44:44 --> Could not find the language line "mynt_buy_taobao"
ERROR - 2016-04-27 15:44:44 --> Could not find the language line "mynt_buy_tmall"
ERROR - 2016-04-27 15:44:44 --> Could not find the language line "mynt_buy_youzan"
ERROR - 2016-04-27 15:44:46 --> Could not find the language line "mynt_buy_taobao"
ERROR - 2016-04-27 15:44:46 --> Could not find the language line "mynt_buy_tmall"
ERROR - 2016-04-27 15:44:46 --> Could not find the language line "mynt_buy_youzan"
ERROR - 2016-04-27 15:44:48 --> Could not find the language line "mynt_buy_taobao"
ERROR - 2016-04-27 15:44:48 --> Could not find the language line "mynt_buy_tmall"
ERROR - 2016-04-27 15:44:48 --> Could not find the language line "mynt_buy_youzan"
ERROR - 2016-04-27 15:44:48 --> Could not find the language line "mynt_icon_taobao"
ERROR - 2016-04-27 15:44:48 --> Could not find the language line "mynt_icon_tmall"
ERROR - 2016-04-27 15:44:48 --> Could not find the language line "mynt_icon_youzan"
ERROR - 2016-04-27 15:44:48 --> Could not find the language line "mynt_jd_detail"
ERROR - 2016-04-27 15:44:48 --> Could not find the language line "to_buy_wd"
ERROR - 2016-04-27 15:44:48 --> Could not find the language line "slightech_wechat"
ERROR - 2016-04-27 15:44:48 --> Could not find the language line "camera_no_lost"
ERROR - 2016-04-27 15:44:48 --> Could not find the language line "key_no_lost"
ERROR - 2016-04-27 15:44:48 --> Could not find the language line "bag_no_lost"
ERROR - 2016-04-27 15:44:48 --> Could not find the language line "computer_no_lost"
ERROR - 2016-04-27 15:44:48 --> Could not find the language line "pet_no_lost"
ERROR - 2016-04-27 15:44:48 --> Could not find the language line "goal"
ERROR - 2016-04-27 15:44:48 --> Could not find the language line "fund_title"
ERROR - 2016-04-27 15:44:48 --> Could not find the language line "fund_intro"
ERROR - 2016-04-27 15:44:50 --> Could not find the language line "mynt_buy_taobao"
ERROR - 2016-04-27 15:44:50 --> Could not find the language line "mynt_buy_tmall"
ERROR - 2016-04-27 15:44:50 --> Could not find the language line "mynt_buy_youzan"
ERROR - 2016-04-27 15:44:50 --> Could not find the language line "mynt_icon_taobao"
ERROR - 2016-04-27 15:44:50 --> Could not find the language line "mynt_icon_tmall"
ERROR - 2016-04-27 15:44:50 --> Could not find the language line "mynt_icon_youzan"
ERROR - 2016-04-27 15:44:50 --> Could not find the language line "mynt_jd_detail"
ERROR - 2016-04-27 15:44:50 --> Could not find the language line "to_buy_wd"
ERROR - 2016-04-27 15:44:50 --> Could not find the language line "slightech_wechat"
ERROR - 2016-04-27 15:44:50 --> Could not find the language line "camera_no_lost"
ERROR - 2016-04-27 15:44:50 --> Could not find the language line "key_no_lost"
ERROR - 2016-04-27 15:44:50 --> Could not find the language line "bag_no_lost"
ERROR - 2016-04-27 15:44:50 --> Could not find the language line "computer_no_lost"
ERROR - 2016-04-27 15:44:50 --> Could not find the language line "pet_no_lost"
ERROR - 2016-04-27 15:44:50 --> Could not find the language line "goal"
ERROR - 2016-04-27 15:44:50 --> Could not find the language line "fund_title"
ERROR - 2016-04-27 15:44:50 --> Could not find the language line "fund_intro"
ERROR - 2016-04-27 15:44:56 --> Could not find the language line "mynt_buy_taobao"
ERROR - 2016-04-27 15:44:56 --> Could not find the language line "mynt_buy_tmall"
ERROR - 2016-04-27 15:44:56 --> Could not find the language line "mynt_buy_youzan"
ERROR - 2016-04-27 15:44:57 --> Could not find the language line "mynt_buy_taobao"
ERROR - 2016-04-27 15:44:57 --> Could not find the language line "mynt_buy_tmall"
ERROR - 2016-04-27 15:44:57 --> Could not find the language line "mynt_buy_youzan"
ERROR - 2016-04-27 15:44:57 --> Could not find the language line "mynt_icon_taobao"
ERROR - 2016-04-27 15:44:57 --> Could not find the language line "mynt_icon_tmall"
ERROR - 2016-04-27 15:44:57 --> Could not find the language line "mynt_icon_youzan"
ERROR - 2016-04-27 15:44:57 --> Could not find the language line "mynt_jd_detail"
ERROR - 2016-04-27 15:44:57 --> Could not find the language line "to_buy_wd"
ERROR - 2016-04-27 15:44:57 --> Could not find the language line "slightech_wechat"
ERROR - 2016-04-27 15:44:57 --> Could not find the language line "camera_no_lost"
ERROR - 2016-04-27 15:44:57 --> Could not find the language line "key_no_lost"
ERROR - 2016-04-27 15:44:57 --> Could not find the language line "bag_no_lost"
ERROR - 2016-04-27 15:44:57 --> Could not find the language line "computer_no_lost"
ERROR - 2016-04-27 15:44:57 --> Could not find the language line "pet_no_lost"
ERROR - 2016-04-27 15:44:57 --> Could not find the language line "goal"
ERROR - 2016-04-27 15:44:57 --> Could not find the language line "fund_title"
ERROR - 2016-04-27 15:44:57 --> Could not find the language line "fund_intro"
ERROR - 2016-04-27 15:45:16 --> Could not find the language line "mynt_buy_taobao"
ERROR - 2016-04-27 15:45:16 --> Could not find the language line "mynt_buy_tmall"
ERROR - 2016-04-27 15:45:16 --> Could not find the language line "mynt_buy_youzan"
ERROR - 2016-04-27 15:45:16 --> Could not find the language line "mynt_icon_taobao"
ERROR - 2016-04-27 15:45:16 --> Could not find the language line "mynt_icon_tmall"
ERROR - 2016-04-27 15:45:16 --> Could not find the language line "mynt_icon_youzan"
ERROR - 2016-04-27 15:45:16 --> Could not find the language line "mynt_jd_detail"
ERROR - 2016-04-27 15:45:16 --> Could not find the language line "to_buy_wd"
ERROR - 2016-04-27 15:45:16 --> Could not find the language line "slightech_wechat"
ERROR - 2016-04-27 15:45:16 --> Could not find the language line "camera_no_lost"
ERROR - 2016-04-27 15:45:16 --> Could not find the language line "key_no_lost"
ERROR - 2016-04-27 15:45:16 --> Could not find the language line "bag_no_lost"
ERROR - 2016-04-27 15:45:16 --> Could not find the language line "computer_no_lost"
ERROR - 2016-04-27 15:45:16 --> Could not find the language line "pet_no_lost"
ERROR - 2016-04-27 15:45:16 --> Could not find the language line "goal"
ERROR - 2016-04-27 15:45:16 --> Could not find the language line "fund_title"
ERROR - 2016-04-27 15:45:16 --> Could not find the language line "fund_intro"
ERROR - 2016-04-27 15:45:26 --> Could not find the language line "mynt_buy_taobao"
ERROR - 2016-04-27 15:45:26 --> Could not find the language line "mynt_buy_tmall"
ERROR - 2016-04-27 15:45:26 --> Could not find the language line "mynt_buy_youzan"
ERROR - 2016-04-27 15:45:36 --> Could not find the language line "mynt_buy_taobao"
ERROR - 2016-04-27 15:45:36 --> Could not find the language line "mynt_buy_tmall"
ERROR - 2016-04-27 15:45:36 --> Could not find the language line "mynt_buy_youzan"
ERROR - 2016-04-27 15:45:36 --> Could not find the language line "mynt_icon_taobao"
ERROR - 2016-04-27 15:45:36 --> Could not find the language line "mynt_icon_tmall"
ERROR - 2016-04-27 15:45:36 --> Could not find the language line "mynt_icon_youzan"
ERROR - 2016-04-27 15:45:38 --> Could not find the language line "mynt_buy_taobao"
ERROR - 2016-04-27 15:45:38 --> Could not find the language line "mynt_buy_tmall"
ERROR - 2016-04-27 15:45:38 --> Could not find the language line "mynt_buy_youzan"
ERROR - 2016-04-27 15:45:38 --> Could not find the language line "mynt_icon_taobao"
ERROR - 2016-04-27 15:45:38 --> Could not find the language line "mynt_icon_tmall"
ERROR - 2016-04-27 15:45:38 --> Could not find the language line "mynt_icon_youzan"
ERROR - 2016-04-27 15:45:45 --> Could not find the language line "mynt_buy_taobao"
ERROR - 2016-04-27 15:45:45 --> Could not find the language line "mynt_buy_tmall"
ERROR - 2016-04-27 15:45:45 --> Could not find the language line "mynt_buy_youzan"
ERROR - 2016-04-27 15:45:47 --> Could not find the language line "mynt_buy_taobao"
ERROR - 2016-04-27 15:45:47 --> Could not find the language line "mynt_buy_tmall"
ERROR - 2016-04-27 15:45:47 --> Could not find the language line "mynt_buy_youzan"
ERROR - 2016-04-27 15:45:49 --> Could not find the language line "mynt_buy_taobao"
ERROR - 2016-04-27 15:45:49 --> Could not find the language line "mynt_buy_tmall"
ERROR - 2016-04-27 15:45:49 --> Could not find the language line "mynt_buy_youzan"
ERROR - 2016-04-27 15:45:49 --> Could not find the language line "mynt_icon_taobao"
ERROR - 2016-04-27 15:45:49 --> Could not find the language line "mynt_icon_tmall"
ERROR - 2016-04-27 15:45:49 --> Could not find the language line "mynt_icon_youzan"
ERROR - 2016-04-27 15:48:07 --> Could not find the language line "mynt_buy_taobao"
ERROR - 2016-04-27 15:48:07 --> Could not find the language line "mynt_buy_tmall"
ERROR - 2016-04-27 15:48:07 --> Could not find the language line "mynt_buy_youzan"
ERROR - 2016-04-27 15:48:07 --> Could not find the language line "mynt_icon_taobao"
ERROR - 2016-04-27 15:48:07 --> Could not find the language line "mynt_icon_tmall"
ERROR - 2016-04-27 15:48:07 --> Could not find the language line "mynt_icon_youzan"
ERROR - 2016-04-27 15:48:10 --> Could not find the language line "mynt_buy_taobao"
ERROR - 2016-04-27 15:48:10 --> Could not find the language line "mynt_buy_tmall"
ERROR - 2016-04-27 15:48:10 --> Could not find the language line "mynt_buy_youzan"
ERROR - 2016-04-27 15:48:18 --> Could not find the language line "mynt_buy_taobao"
ERROR - 2016-04-27 15:48:18 --> Could not find the language line "mynt_buy_tmall"
ERROR - 2016-04-27 15:48:18 --> Could not find the language line "mynt_buy_youzan"
ERROR - 2016-04-27 16:07:38 --> Could not find the language line "mynt_buy_taobao"
ERROR - 2016-04-27 16:07:38 --> Could not find the language line "mynt_buy_tmall"
ERROR - 2016-04-27 16:07:38 --> Could not find the language line "mynt_buy_youzan"
ERROR - 2016-04-27 16:07:38 --> Session: File 'ci_sessions/ci_session8ca40b6a9ce8101055a3264a5f336081a276f0ff' doesn't exist and cannot be created.
ERROR - 2016-04-27 16:07:40 --> Could not find the language line "mynt_buy_taobao"
ERROR - 2016-04-27 16:07:40 --> Could not find the language line "mynt_buy_tmall"
ERROR - 2016-04-27 16:07:40 --> Could not find the language line "mynt_buy_youzan"
ERROR - 2016-04-27 16:08:40 --> Could not find the language line "mynt_buy_taobao"
ERROR - 2016-04-27 16:08:40 --> Could not find the language line "mynt_buy_tmall"
ERROR - 2016-04-27 16:08:40 --> Could not find the language line "mynt_buy_youzan"
ERROR - 2016-04-27 16:08:40 --> Could not find the language line "mynt_icon_taobao"
ERROR - 2016-04-27 16:08:40 --> Could not find the language line "mynt_icon_tmall"
ERROR - 2016-04-27 16:08:40 --> Could not find the language line "mynt_icon_youzan"
ERROR - 2016-04-27 16:08:40 --> Could not find the language line "mynt_jd_detail"
ERROR - 2016-04-27 16:08:40 --> Could not find the language line "to_buy_wd"
ERROR - 2016-04-27 16:08:40 --> Could not find the language line "slightech_wechat"
ERROR - 2016-04-27 16:08:40 --> Could not find the language line "camera_no_lost"
ERROR - 2016-04-27 16:08:40 --> Could not find the language line "key_no_lost"
ERROR - 2016-04-27 16:08:40 --> Could not find the language line "bag_no_lost"
ERROR - 2016-04-27 16:08:40 --> Could not find the language line "computer_no_lost"
ERROR - 2016-04-27 16:08:40 --> Could not find the language line "pet_no_lost"
ERROR - 2016-04-27 16:08:40 --> Could not find the language line "goal"
ERROR - 2016-04-27 16:08:40 --> Could not find the language line "fund_title"
ERROR - 2016-04-27 16:08:40 --> Could not find the language line "fund_intro"
ERROR - 2016-04-27 16:08:40 --> Session: File 'ci_sessions/ci_session0a8f391c0483fda709dab042d27c4a12adc4c090' doesn't exist and cannot be created.
ERROR - 2016-04-27 16:08:42 --> Could not find the language line "mynt_buy_taobao"
ERROR - 2016-04-27 16:08:42 --> Could not find the language line "mynt_buy_tmall"
ERROR - 2016-04-27 16:08:42 --> Could not find the language line "mynt_buy_youzan"
ERROR - 2016-04-27 16:08:43 --> Could not find the language line "mynt_buy_taobao"
ERROR - 2016-04-27 16:08:43 --> Could not find the language line "mynt_buy_tmall"
ERROR - 2016-04-27 16:08:43 --> Could not find the language line "mynt_buy_youzan"
ERROR - 2016-04-27 16:08:43 --> Could not find the language line "mynt_icon_taobao"
ERROR - 2016-04-27 16:08:43 --> Could not find the language line "mynt_icon_tmall"
ERROR - 2016-04-27 16:08:43 --> Could not find the language line "mynt_icon_youzan"
ERROR - 2016-04-27 16:08:43 --> Session: File 'ci_sessions/ci_session5076f7b590e0dd856431b6fbb3e9824e79af1693' doesn't exist and cannot be created.
ERROR - 2016-04-27 16:08:45 --> Could not find the language line "mynt_buy_taobao"
ERROR - 2016-04-27 16:08:45 --> Could not find the language line "mynt_buy_tmall"
ERROR - 2016-04-27 16:08:45 --> Could not find the language line "mynt_buy_youzan"
ERROR - 2016-04-27 16:08:47 --> Could not find the language line "mynt_buy_taobao"
ERROR - 2016-04-27 16:08:47 --> Could not find the language line "mynt_buy_tmall"
ERROR - 2016-04-27 16:08:47 --> Could not find the language line "mynt_buy_youzan"
ERROR - 2016-04-27 16:08:47 --> Could not find the language line "mynt_icon_taobao"
ERROR - 2016-04-27 16:08:47 --> Could not find the language line "mynt_icon_tmall"
ERROR - 2016-04-27 16:08:47 --> Could not find the language line "mynt_icon_youzan"
ERROR - 2016-04-27 16:09:19 --> Could not find the language line "mynt_buy_taobao"
ERROR - 2016-04-27 16:09:19 --> Could not find the language line "mynt_buy_tmall"
ERROR - 2016-04-27 16:09:19 --> Could not find the language line "mynt_buy_youzan"
ERROR - 2016-04-27 16:09:19 --> Could not find the language line "mynt_icon_taobao"
ERROR - 2016-04-27 16:09:19 --> Could not find the language line "mynt_icon_tmall"
ERROR - 2016-04-27 16:09:19 --> Could not find the language line "mynt_icon_youzan"
ERROR - 2016-04-27 16:09:21 --> Could not find the language line "mynt_buy_taobao"
ERROR - 2016-04-27 16:09:21 --> Could not find the language line "mynt_buy_tmall"
ERROR - 2016-04-27 16:09:21 --> Could not find the language line "mynt_buy_youzan"
ERROR - 2016-04-27 16:09:21 --> Could not find the language line "mynt_icon_taobao"
ERROR - 2016-04-27 16:09:21 --> Could not find the language line "mynt_icon_tmall"
ERROR - 2016-04-27 16:09:21 --> Could not find the language line "mynt_icon_youzan"
ERROR - 2016-04-27 16:09:22 --> Could not find the language line "mynt_buy_taobao"
ERROR - 2016-04-27 16:09:22 --> Could not find the language line "mynt_buy_tmall"
ERROR - 2016-04-27 16:09:22 --> Could not find the language line "mynt_buy_youzan"
ERROR - 2016-04-27 16:09:24 --> Could not find the language line "mynt_buy_taobao"
ERROR - 2016-04-27 16:09:24 --> Could not find the language line "mynt_buy_tmall"
ERROR - 2016-04-27 16:09:24 --> Could not find the language line "mynt_buy_youzan"
ERROR - 2016-04-27 16:09:24 --> Could not find the language line "mynt_icon_taobao"
ERROR - 2016-04-27 16:09:24 --> Could not find the language line "mynt_icon_tmall"
ERROR - 2016-04-27 16:09:24 --> Could not find the language line "mynt_icon_youzan"
ERROR - 2016-04-27 16:09:24 --> Could not find the language line "mynt_jd_detail"
ERROR - 2016-04-27 16:09:24 --> Could not find the language line "to_buy_wd"
ERROR - 2016-04-27 16:09:24 --> Could not find the language line "slightech_wechat"
ERROR - 2016-04-27 16:09:24 --> Could not find the language line "camera_no_lost"
ERROR - 2016-04-27 16:09:24 --> Could not find the language line "key_no_lost"
ERROR - 2016-04-27 16:09:24 --> Could not find the language line "bag_no_lost"
ERROR - 2016-04-27 16:09:24 --> Could not find the language line "computer_no_lost"
ERROR - 2016-04-27 16:09:24 --> Could not find the language line "pet_no_lost"
ERROR - 2016-04-27 16:09:24 --> Could not find the language line "goal"
ERROR - 2016-04-27 16:09:24 --> Could not find the language line "fund_title"
ERROR - 2016-04-27 16:09:24 --> Could not find the language line "fund_intro"
ERROR - 2016-04-27 16:09:25 --> Could not find the language line "mynt_buy_taobao"
ERROR - 2016-04-27 16:09:25 --> Could not find the language line "mynt_buy_tmall"
ERROR - 2016-04-27 16:09:25 --> Could not find the language line "mynt_buy_youzan"
ERROR - 2016-04-27 16:10:07 --> Could not find the language line "mynt_buy_taobao"
ERROR - 2016-04-27 16:10:07 --> Could not find the language line "mynt_buy_tmall"
ERROR - 2016-04-27 16:10:07 --> Could not find the language line "mynt_buy_youzan"
ERROR - 2016-04-27 16:10:09 --> Could not find the language line "mynt_buy_taobao"
ERROR - 2016-04-27 16:10:09 --> Could not find the language line "mynt_buy_tmall"
ERROR - 2016-04-27 16:10:09 --> Could not find the language line "mynt_buy_youzan"
ERROR - 2016-04-27 16:10:54 --> Could not find the language line "mynt_buy_taobao"
ERROR - 2016-04-27 16:10:54 --> Could not find the language line "mynt_buy_tmall"
ERROR - 2016-04-27 16:10:54 --> Could not find the language line "mynt_buy_youzan"
ERROR - 2016-04-27 16:10:55 --> Could not find the language line "mynt_buy_taobao"
ERROR - 2016-04-27 16:10:55 --> Could not find the language line "mynt_buy_tmall"
ERROR - 2016-04-27 16:10:55 --> Could not find the language line "mynt_buy_youzan"
ERROR - 2016-04-27 16:10:55 --> Could not find the language line "mynt_icon_taobao"
ERROR - 2016-04-27 16:10:55 --> Could not find the language line "mynt_icon_tmall"
ERROR - 2016-04-27 16:10:55 --> Could not find the language line "mynt_icon_youzan"
ERROR - 2016-04-27 16:10:56 --> Could not find the language line "mynt_buy_taobao"
ERROR - 2016-04-27 16:10:56 --> Could not find the language line "mynt_buy_tmall"
ERROR - 2016-04-27 16:10:56 --> Could not find the language line "mynt_buy_youzan"
ERROR - 2016-04-27 16:10:56 --> Could not find the language line "mynt_icon_taobao"
ERROR - 2016-04-27 16:10:56 --> Could not find the language line "mynt_icon_tmall"
ERROR - 2016-04-27 16:10:56 --> Could not find the language line "mynt_icon_youzan"
ERROR - 2016-04-27 16:10:56 --> Could not find the language line "mynt_buy_taobao"
ERROR - 2016-04-27 16:10:56 --> Could not find the language line "mynt_buy_tmall"
ERROR - 2016-04-27 16:10:56 --> Could not find the language line "mynt_buy_youzan"
ERROR - 2016-04-27 16:10:56 --> Could not find the language line "mynt_icon_taobao"
ERROR - 2016-04-27 16:10:56 --> Could not find the language line "mynt_icon_tmall"
ERROR - 2016-04-27 16:10:56 --> Could not find the language line "mynt_icon_youzan"
ERROR - 2016-04-27 16:10:56 --> Could not find the language line "mynt_buy_taobao"
ERROR - 2016-04-27 16:10:56 --> Could not find the language line "mynt_buy_tmall"
ERROR - 2016-04-27 16:10:56 --> Could not find the language line "mynt_buy_youzan"
ERROR - 2016-04-27 16:10:56 --> Could not find the language line "mynt_icon_taobao"
ERROR - 2016-04-27 16:10:56 --> Could not find the language line "mynt_icon_tmall"
ERROR - 2016-04-27 16:10:56 --> Could not find the language line "mynt_icon_youzan"
ERROR - 2016-04-27 16:10:56 --> Could not find the language line "mynt_buy_taobao"
ERROR - 2016-04-27 16:10:56 --> Could not find the language line "mynt_buy_tmall"
ERROR - 2016-04-27 16:10:56 --> Could not find the language line "mynt_buy_youzan"
ERROR - 2016-04-27 16:10:56 --> Could not find the language line "mynt_icon_taobao"
ERROR - 2016-04-27 16:10:56 --> Could not find the language line "mynt_icon_tmall"
ERROR - 2016-04-27 16:10:56 --> Could not find the language line "mynt_icon_youzan"
ERROR - 2016-04-27 16:10:56 --> Could not find the language line "mynt_buy_taobao"
ERROR - 2016-04-27 16:10:56 --> Could not find the language line "mynt_buy_tmall"
ERROR - 2016-04-27 16:10:56 --> Could not find the language line "mynt_buy_youzan"
ERROR - 2016-04-27 16:10:56 --> Could not find the language line "mynt_icon_taobao"
ERROR - 2016-04-27 16:10:56 --> Could not find the language line "mynt_icon_tmall"
ERROR - 2016-04-27 16:10:56 --> Could not find the language line "mynt_icon_youzan"
ERROR - 2016-04-27 16:10:57 --> Could not find the language line "mynt_buy_taobao"
ERROR - 2016-04-27 16:10:57 --> Could not find the language line "mynt_buy_tmall"
ERROR - 2016-04-27 16:10:57 --> Could not find the language line "mynt_buy_youzan"
ERROR - 2016-04-27 16:11:43 --> Could not find the language line "mynt_buy_taobao"
ERROR - 2016-04-27 16:11:43 --> Could not find the language line "mynt_buy_tmall"
ERROR - 2016-04-27 16:11:43 --> Could not find the language line "mynt_buy_youzan"
ERROR - 2016-04-27 16:11:45 --> Could not find the language line "mynt_buy_taobao"
ERROR - 2016-04-27 16:11:45 --> Could not find the language line "mynt_buy_tmall"
ERROR - 2016-04-27 16:11:45 --> Could not find the language line "mynt_buy_youzan"
ERROR - 2016-04-27 16:11:46 --> Could not find the language line "mynt_buy_taobao"
ERROR - 2016-04-27 16:11:46 --> Could not find the language line "mynt_buy_tmall"
ERROR - 2016-04-27 16:11:46 --> Could not find the language line "mynt_buy_youzan"
ERROR - 2016-04-27 16:11:47 --> Could not find the language line "mynt_buy_taobao"
ERROR - 2016-04-27 16:11:47 --> Could not find the language line "mynt_buy_tmall"
ERROR - 2016-04-27 16:11:47 --> Could not find the language line "mynt_buy_youzan"
ERROR - 2016-04-27 16:16:01 --> Could not find the language line "mynt_buy_taobao"
ERROR - 2016-04-27 16:16:01 --> Could not find the language line "mynt_buy_tmall"
ERROR - 2016-04-27 16:16:01 --> Could not find the language line "mynt_buy_youzan"
ERROR - 2016-04-27 16:16:01 --> Session: File 'ci_sessions/ci_sessionee91ae34eb14417651bf84d3d0d3d0d9d8637526' doesn't exist and cannot be created.
ERROR - 2016-04-27 16:16:02 --> Could not find the language line "mynt_buy_taobao"
ERROR - 2016-04-27 16:16:02 --> Could not find the language line "mynt_buy_tmall"
ERROR - 2016-04-27 16:16:02 --> Could not find the language line "mynt_buy_youzan"
ERROR - 2016-04-27 16:16:16 --> Could not find the language line "mynt_buy_taobao"
ERROR - 2016-04-27 16:16:16 --> Could not find the language line "mynt_buy_tmall"
ERROR - 2016-04-27 16:16:16 --> Could not find the language line "mynt_buy_youzan"
ERROR - 2016-04-27 16:27:17 --> Could not find the language line "mynt_buy_taobao"
ERROR - 2016-04-27 16:27:17 --> Could not find the language line "mynt_buy_tmall"
ERROR - 2016-04-27 16:27:17 --> Could not find the language line "mynt_buy_youzan"
ERROR - 2016-04-27 16:27:17 --> Could not find the language line "mynt_icon_taobao"
ERROR - 2016-04-27 16:27:17 --> Could not find the language line "mynt_icon_tmall"
ERROR - 2016-04-27 16:27:17 --> Could not find the language line "mynt_icon_youzan"
ERROR - 2016-04-27 16:27:21 --> Could not find the language line "mynt_buy_taobao"
ERROR - 2016-04-27 16:27:21 --> Could not find the language line "mynt_buy_tmall"
ERROR - 2016-04-27 16:27:21 --> Could not find the language line "mynt_buy_youzan"
ERROR - 2016-04-27 16:27:21 --> Could not find the language line "mynt_icon_taobao"
ERROR - 2016-04-27 16:27:21 --> Could not find the language line "mynt_icon_tmall"
ERROR - 2016-04-27 16:27:21 --> Could not find the language line "mynt_icon_youzan"
ERROR - 2016-04-27 16:27:34 --> Could not find the language line "mynt_buy_taobao"
ERROR - 2016-04-27 16:27:34 --> Could not find the language line "mynt_buy_tmall"
ERROR - 2016-04-27 16:27:34 --> Could not find the language line "mynt_buy_youzan"
ERROR - 2016-04-27 16:27:34 --> Could not find the language line "mynt_icon_taobao"
ERROR - 2016-04-27 16:27:34 --> Could not find the language line "mynt_icon_tmall"
ERROR - 2016-04-27 16:27:34 --> Could not find the language line "mynt_icon_youzan"
ERROR - 2016-04-27 16:27:36 --> Could not find the language line "mynt_buy_taobao"
ERROR - 2016-04-27 16:27:36 --> Could not find the language line "mynt_buy_tmall"
ERROR - 2016-04-27 16:27:36 --> Could not find the language line "mynt_buy_youzan"
ERROR - 2016-04-27 16:27:36 --> Could not find the language line "mynt_icon_taobao"
ERROR - 2016-04-27 16:27:36 --> Could not find the language line "mynt_icon_tmall"
ERROR - 2016-04-27 16:27:36 --> Could not find the language line "mynt_icon_youzan"
ERROR - 2016-04-27 16:27:39 --> Could not find the language line "mynt_buy_taobao"
ERROR - 2016-04-27 16:27:39 --> Could not find the language line "mynt_buy_tmall"
ERROR - 2016-04-27 16:27:39 --> Could not find the language line "mynt_buy_youzan"
ERROR - 2016-04-27 16:27:39 --> Could not find the language line "mynt_icon_taobao"
ERROR - 2016-04-27 16:27:39 --> Could not find the language line "mynt_icon_tmall"
ERROR - 2016-04-27 16:27:39 --> Could not find the language line "mynt_icon_youzan"
ERROR - 2016-04-27 16:29:39 --> Could not find the language line "mynt_buy_taobao"
ERROR - 2016-04-27 16:29:39 --> Could not find the language line "mynt_buy_tmall"
ERROR - 2016-04-27 16:29:39 --> Could not find the language line "mynt_buy_youzan"
ERROR - 2016-04-27 16:29:39 --> Session: File 'ci_sessions/ci_sessionc8debee5763c6cab76bc5a95a312a751dcb74d2d' doesn't exist and cannot be created.
ERROR - 2016-04-27 16:29:43 --> Could not find the language line "mynt_buy_taobao"
ERROR - 2016-04-27 16:29:43 --> Could not find the language line "mynt_buy_tmall"
ERROR - 2016-04-27 16:29:43 --> Could not find the language line "mynt_buy_youzan"
ERROR - 2016-04-27 16:29:43 --> Could not find the language line "mynt_icon_taobao"
ERROR - 2016-04-27 16:29:43 --> Could not find the language line "mynt_icon_tmall"
ERROR - 2016-04-27 16:29:43 --> Could not find the language line "mynt_icon_youzan"
ERROR - 2016-04-27 16:29:47 --> Could not find the language line "mynt_buy_taobao"
ERROR - 2016-04-27 16:29:47 --> Could not find the language line "mynt_buy_tmall"
ERROR - 2016-04-27 16:29:47 --> Could not find the language line "mynt_buy_youzan"
ERROR - 2016-04-27 16:29:47 --> Could not find the language line "mynt_icon_taobao"
ERROR - 2016-04-27 16:29:47 --> Could not find the language line "mynt_icon_tmall"
ERROR - 2016-04-27 16:29:47 --> Could not find the language line "mynt_icon_youzan"
ERROR - 2016-04-27 16:33:28 --> Could not find the language line "mynt_buy_taobao"
ERROR - 2016-04-27 16:33:28 --> Could not find the language line "mynt_buy_tmall"
ERROR - 2016-04-27 16:33:28 --> Could not find the language line "mynt_buy_youzan"
ERROR - 2016-04-27 16:33:28 --> Could not find the language line "mynt_icon_taobao"
ERROR - 2016-04-27 16:33:28 --> Could not find the language line "mynt_icon_tmall"
ERROR - 2016-04-27 16:33:28 --> Could not find the language line "mynt_icon_youzan"
ERROR - 2016-04-27 16:33:28 --> Session: File 'ci_sessions/ci_sessionc35db57f7446558a1a6bf776820c0093da668ceb' doesn't exist and cannot be created.
ERROR - 2016-04-27 16:33:31 --> Could not find the language line "mynt_buy_taobao"
ERROR - 2016-04-27 16:33:31 --> Could not find the language line "mynt_buy_tmall"
ERROR - 2016-04-27 16:33:31 --> Could not find the language line "mynt_buy_youzan"
ERROR - 2016-04-27 16:33:33 --> Could not find the language line "mynt_buy_taobao"
ERROR - 2016-04-27 16:33:33 --> Could not find the language line "mynt_buy_tmall"
ERROR - 2016-04-27 16:33:33 --> Could not find the language line "mynt_buy_youzan"
ERROR - 2016-04-27 16:33:33 --> Could not find the language line "mynt_icon_taobao"
ERROR - 2016-04-27 16:33:33 --> Could not find the language line "mynt_icon_tmall"
ERROR - 2016-04-27 16:33:33 --> Could not find the language line "mynt_icon_youzan"
ERROR - 2016-04-27 16:33:33 --> Session: File 'ci_sessions/ci_session9429dfb237686ee7dd8476aa40664893fae54084' doesn't exist and cannot be created.
ERROR - 2016-04-27 16:33:34 --> Could not find the language line "mynt_buy_taobao"
ERROR - 2016-04-27 16:33:34 --> Could not find the language line "mynt_buy_tmall"
ERROR - 2016-04-27 16:33:34 --> Could not find the language line "mynt_buy_youzan"
ERROR - 2016-04-27 16:33:34 --> Could not find the language line "mynt_icon_taobao"
ERROR - 2016-04-27 16:33:34 --> Could not find the language line "mynt_icon_tmall"
ERROR - 2016-04-27 16:33:34 --> Could not find the language line "mynt_icon_youzan"
ERROR - 2016-04-27 16:33:35 --> Could not find the language line "mynt_buy_taobao"
ERROR - 2016-04-27 16:33:35 --> Could not find the language line "mynt_buy_tmall"
ERROR - 2016-04-27 16:33:35 --> Could not find the language line "mynt_buy_youzan"
ERROR - 2016-04-27 16:33:36 --> Could not find the language line "mynt_buy_taobao"
ERROR - 2016-04-27 16:33:36 --> Could not find the language line "mynt_buy_tmall"
ERROR - 2016-04-27 16:33:36 --> Could not find the language line "mynt_buy_youzan"
ERROR - 2016-04-27 16:33:36 --> Could not find the language line "mynt_icon_taobao"
ERROR - 2016-04-27 16:33:36 --> Could not find the language line "mynt_icon_tmall"
ERROR - 2016-04-27 16:33:36 --> Could not find the language line "mynt_icon_youzan"
ERROR - 2016-04-27 16:33:37 --> Could not find the language line "mynt_buy_taobao"
ERROR - 2016-04-27 16:33:37 --> Could not find the language line "mynt_buy_tmall"
ERROR - 2016-04-27 16:33:37 --> Could not find the language line "mynt_buy_youzan"
ERROR - 2016-04-27 16:33:38 --> Could not find the language line "mynt_buy_taobao"
ERROR - 2016-04-27 16:33:38 --> Could not find the language line "mynt_buy_tmall"
ERROR - 2016-04-27 16:33:38 --> Could not find the language line "mynt_buy_youzan"
ERROR - 2016-04-27 16:33:38 --> Could not find the language line "mynt_icon_taobao"
ERROR - 2016-04-27 16:33:38 --> Could not find the language line "mynt_icon_tmall"
ERROR - 2016-04-27 16:33:38 --> Could not find the language line "mynt_icon_youzan"
ERROR - 2016-04-27 16:33:38 --> Could not find the language line "mynt_jd_detail"
ERROR - 2016-04-27 16:33:38 --> Could not find the language line "to_buy_wd"
ERROR - 2016-04-27 16:33:38 --> Could not find the language line "slightech_wechat"
ERROR - 2016-04-27 16:33:38 --> Could not find the language line "camera_no_lost"
ERROR - 2016-04-27 16:33:38 --> Could not find the language line "key_no_lost"
ERROR - 2016-04-27 16:33:38 --> Could not find the language line "bag_no_lost"
ERROR - 2016-04-27 16:33:38 --> Could not find the language line "computer_no_lost"
ERROR - 2016-04-27 16:33:38 --> Could not find the language line "pet_no_lost"
ERROR - 2016-04-27 16:33:38 --> Could not find the language line "goal"
ERROR - 2016-04-27 16:33:38 --> Could not find the language line "fund_title"
ERROR - 2016-04-27 16:33:38 --> Could not find the language line "fund_intro"
ERROR - 2016-04-27 16:33:38 --> Session: File 'ci_sessions/ci_sessionf1f67d08196d311c26304c5334a757255e7fd34f' doesn't exist and cannot be created.
ERROR - 2016-04-27 16:33:39 --> Could not find the language line "mynt_buy_taobao"
ERROR - 2016-04-27 16:33:39 --> Could not find the language line "mynt_buy_tmall"
ERROR - 2016-04-27 16:33:39 --> Could not find the language line "mynt_buy_youzan"
ERROR - 2016-04-27 16:33:39 --> Could not find the language line "mynt_icon_taobao"
ERROR - 2016-04-27 16:33:39 --> Could not find the language line "mynt_icon_tmall"
ERROR - 2016-04-27 16:33:39 --> Could not find the language line "mynt_icon_youzan"
ERROR - 2016-04-27 16:33:51 --> Could not find the language line "mynt_buy_taobao"
ERROR - 2016-04-27 16:33:51 --> Could not find the language line "mynt_buy_tmall"
ERROR - 2016-04-27 16:33:51 --> Could not find the language line "mynt_buy_youzan"
ERROR - 2016-04-27 16:33:51 --> Could not find the language line "mynt_icon_taobao"
ERROR - 2016-04-27 16:33:51 --> Could not find the language line "mynt_icon_tmall"
ERROR - 2016-04-27 16:33:51 --> Could not find the language line "mynt_icon_youzan"
ERROR - 2016-04-27 16:36:37 --> Could not find the language line "mynt_buy_taobao"
ERROR - 2016-04-27 16:36:37 --> Could not find the language line "mynt_buy_tmall"
ERROR - 2016-04-27 16:36:37 --> Could not find the language line "mynt_buy_youzan"
ERROR - 2016-04-27 16:36:37 --> Could not find the language line "mynt_icon_taobao"
ERROR - 2016-04-27 16:36:37 --> Could not find the language line "mynt_icon_tmall"
ERROR - 2016-04-27 16:36:37 --> Could not find the language line "mynt_icon_youzan"
ERROR - 2016-04-27 16:37:44 --> Could not find the language line "mynt_buy_taobao"
ERROR - 2016-04-27 16:37:44 --> Could not find the language line "mynt_buy_tmall"
ERROR - 2016-04-27 16:37:44 --> Could not find the language line "mynt_buy_youzan"
ERROR - 2016-04-27 16:37:44 --> Could not find the language line "mynt_icon_taobao"
ERROR - 2016-04-27 16:37:44 --> Could not find the language line "mynt_icon_tmall"
ERROR - 2016-04-27 16:37:44 --> Could not find the language line "mynt_icon_youzan"
ERROR - 2016-04-27 16:41:38 --> Could not find the language line "mynt_buy_taobao"
ERROR - 2016-04-27 16:41:38 --> Could not find the language line "mynt_buy_tmall"
ERROR - 2016-04-27 16:41:38 --> Could not find the language line "mynt_buy_youzan"
ERROR - 2016-04-27 16:41:38 --> Could not find the language line "mynt_icon_taobao"
ERROR - 2016-04-27 16:41:38 --> Could not find the language line "mynt_icon_tmall"
ERROR - 2016-04-27 16:41:38 --> Could not find the language line "mynt_icon_youzan"
ERROR - 2016-04-27 16:41:47 --> Could not find the language line "mynt_buy_taobao"
ERROR - 2016-04-27 16:41:47 --> Could not find the language line "mynt_buy_tmall"
ERROR - 2016-04-27 16:41:47 --> Could not find the language line "mynt_buy_youzan"
ERROR - 2016-04-27 16:41:47 --> Could not find the language line "mynt_icon_taobao"
ERROR - 2016-04-27 16:41:47 --> Could not find the language line "mynt_icon_tmall"
ERROR - 2016-04-27 16:41:47 --> Could not find the language line "mynt_icon_youzan"
ERROR - 2016-04-27 16:44:32 --> Could not find the language line "mynt_buy_taobao"
ERROR - 2016-04-27 16:44:32 --> Could not find the language line "mynt_buy_tmall"
ERROR - 2016-04-27 16:44:32 --> Could not find the language line "mynt_buy_youzan"
ERROR - 2016-04-27 16:44:32 --> Could not find the language line "mynt_icon_taobao"
ERROR - 2016-04-27 16:44:32 --> Could not find the language line "mynt_icon_tmall"
ERROR - 2016-04-27 16:44:32 --> Could not find the language line "mynt_icon_youzan"
ERROR - 2016-04-27 16:49:03 --> Severity: Warning --> fopen(ci_sessions/ci_sessione43b34f296c263bd59ad978cc8a57b858ae3bfb4): failed to open stream: Permission denied /Users/fantingsheng/website/system/libraries/Session/drivers/Session_files_driver.php 162
ERROR - 2016-04-27 16:49:03 --> Session: Unable to open file 'ci_sessions/ci_sessione43b34f296c263bd59ad978cc8a57b858ae3bfb4'.
ERROR - 2016-04-27 16:49:03 --> Could not find the language line "mynt_buy_taobao"
ERROR - 2016-04-27 16:49:03 --> Could not find the language line "mynt_buy_tmall"
ERROR - 2016-04-27 16:49:03 --> Could not find the language line "mynt_buy_youzan"
ERROR - 2016-04-27 16:49:03 --> Could not find the language line "mynt_icon_taobao"
ERROR - 2016-04-27 16:49:03 --> Could not find the language line "mynt_icon_tmall"
ERROR - 2016-04-27 16:49:03 --> Could not find the language line "mynt_icon_youzan"
ERROR - 2016-04-27 16:49:08 --> Severity: Warning --> fopen(ci_sessions/ci_sessione43b34f296c263bd59ad978cc8a57b858ae3bfb4): failed to open stream: Permission denied /Users/fantingsheng/website/system/libraries/Session/drivers/Session_files_driver.php 162
ERROR - 2016-04-27 16:49:08 --> Session: Unable to open file 'ci_sessions/ci_sessione43b34f296c263bd59ad978cc8a57b858ae3bfb4'.
ERROR - 2016-04-27 16:49:08 --> Could not find the language line "mynt_buy_taobao"
ERROR - 2016-04-27 16:49:08 --> Could not find the language line "mynt_buy_tmall"
ERROR - 2016-04-27 16:49:08 --> Could not find the language line "mynt_buy_youzan"
ERROR - 2016-04-27 16:49:08 --> Could not find the language line "mynt_icon_taobao"
ERROR - 2016-04-27 16:49:08 --> Could not find the language line "mynt_icon_tmall"
ERROR - 2016-04-27 16:49:08 --> Could not find the language line "mynt_icon_youzan"
ERROR - 2016-04-27 16:49:47 --> Severity: Warning --> fopen(ci_sessions/ci_sessione43b34f296c263bd59ad978cc8a57b858ae3bfb4): failed to open stream: Permission denied /Users/fantingsheng/website/system/libraries/Session/drivers/Session_files_driver.php 162
ERROR - 2016-04-27 16:49:47 --> Session: Unable to open file 'ci_sessions/ci_sessione43b34f296c263bd59ad978cc8a57b858ae3bfb4'.
ERROR - 2016-04-27 16:49:47 --> Could not find the language line "mynt_buy_taobao"
ERROR - 2016-04-27 16:49:47 --> Could not find the language line "mynt_buy_tmall"
ERROR - 2016-04-27 16:49:47 --> Could not find the language line "mynt_buy_youzan"
ERROR - 2016-04-27 16:49:47 --> Could not find the language line "mynt_icon_taobao"
ERROR - 2016-04-27 16:49:47 --> Could not find the language line "mynt_icon_tmall"
ERROR - 2016-04-27 16:49:47 --> Could not find the language line "mynt_icon_youzan"
ERROR - 2016-04-27 16:49:48 --> Severity: Warning --> fopen(ci_sessions/ci_sessione43b34f296c263bd59ad978cc8a57b858ae3bfb4): failed to open stream: Permission denied /Users/fantingsheng/website/system/libraries/Session/drivers/Session_files_driver.php 162
ERROR - 2016-04-27 16:49:48 --> Session: Unable to open file 'ci_sessions/ci_sessione43b34f296c263bd59ad978cc8a57b858ae3bfb4'.
ERROR - 2016-04-27 16:49:48 --> Could not find the language line "mynt_buy_taobao"
ERROR - 2016-04-27 16:49:48 --> Could not find the language line "mynt_buy_tmall"
ERROR - 2016-04-27 16:49:48 --> Could not find the language line "mynt_buy_youzan"
ERROR - 2016-04-27 16:49:48 --> Could not find the language line "mynt_icon_taobao"
ERROR - 2016-04-27 16:49:48 --> Could not find the language line "mynt_icon_tmall"
ERROR - 2016-04-27 16:49:48 --> Could not find the language line "mynt_icon_youzan"
ERROR - 2016-04-27 16:49:50 --> Severity: Warning --> fopen(ci_sessions/ci_sessione43b34f296c263bd59ad978cc8a57b858ae3bfb4): failed to open stream: Permission denied /Users/fantingsheng/website/system/libraries/Session/drivers/Session_files_driver.php 162
ERROR - 2016-04-27 16:49:50 --> Session: Unable to open file 'ci_sessions/ci_sessione43b34f296c263bd59ad978cc8a57b858ae3bfb4'.
ERROR - 2016-04-27 16:49:50 --> Could not find the language line "mynt_buy_taobao"
ERROR - 2016-04-27 16:49:50 --> Could not find the language line "mynt_buy_tmall"
ERROR - 2016-04-27 16:49:50 --> Could not find the language line "mynt_buy_youzan"
ERROR - 2016-04-27 16:49:50 --> Could not find the language line "mynt_icon_taobao"
ERROR - 2016-04-27 16:49:50 --> Could not find the language line "mynt_icon_tmall"
ERROR - 2016-04-27 16:49:50 --> Could not find the language line "mynt_icon_youzan"
ERROR - 2016-04-27 16:50:39 --> Severity: Warning --> fopen(ci_sessions/ci_sessione43b34f296c263bd59ad978cc8a57b858ae3bfb4): failed to open stream: Permission denied /Users/fantingsheng/website/system/libraries/Session/drivers/Session_files_driver.php 162
ERROR - 2016-04-27 16:50:39 --> Session: Unable to open file 'ci_sessions/ci_sessione43b34f296c263bd59ad978cc8a57b858ae3bfb4'.
ERROR - 2016-04-27 16:50:39 --> Could not find the language line "mynt_buy_taobao"
ERROR - 2016-04-27 16:50:39 --> Could not find the language line "mynt_buy_tmall"
ERROR - 2016-04-27 16:50:39 --> Could not find the language line "mynt_buy_youzan"
ERROR - 2016-04-27 16:50:39 --> Could not find the language line "mynt_icon_taobao"
ERROR - 2016-04-27 16:50:39 --> Could not find the language line "mynt_icon_tmall"
ERROR - 2016-04-27 16:50:39 --> Could not find the language line "mynt_icon_youzan"
ERROR - 2016-04-27 16:50:40 --> Severity: Warning --> fopen(ci_sessions/ci_sessione43b34f296c263bd59ad978cc8a57b858ae3bfb4): failed to open stream: Permission denied /Users/fantingsheng/website/system/libraries/Session/drivers/Session_files_driver.php 162
ERROR - 2016-04-27 16:50:40 --> Session: Unable to open file 'ci_sessions/ci_sessione43b34f296c263bd59ad978cc8a57b858ae3bfb4'.
ERROR - 2016-04-27 16:50:40 --> Could not find the language line "mynt_buy_taobao"
ERROR - 2016-04-27 16:50:40 --> Could not find the language line "mynt_buy_tmall"
ERROR - 2016-04-27 16:50:40 --> Could not find the language line "mynt_buy_youzan"
ERROR - 2016-04-27 16:50:40 --> Could not find the language line "mynt_icon_taobao"
ERROR - 2016-04-27 16:50:40 --> Could not find the language line "mynt_icon_tmall"
ERROR - 2016-04-27 16:50:40 --> Could not find the language line "mynt_icon_youzan"
ERROR - 2016-04-27 16:50:41 --> Severity: Warning --> fopen(ci_sessions/ci_sessione43b34f296c263bd59ad978cc8a57b858ae3bfb4): failed to open stream: Permission denied /Users/fantingsheng/website/system/libraries/Session/drivers/Session_files_driver.php 162
ERROR - 2016-04-27 16:50:41 --> Session: Unable to open file 'ci_sessions/ci_sessione43b34f296c263bd59ad978cc8a57b858ae3bfb4'.
ERROR - 2016-04-27 16:50:41 --> Could not find the language line "mynt_buy_taobao"
ERROR - 2016-04-27 16:50:41 --> Could not find the language line "mynt_buy_tmall"
ERROR - 2016-04-27 16:50:41 --> Could not find the language line "mynt_buy_youzan"
ERROR - 2016-04-27 16:50:41 --> Could not find the language line "mynt_icon_taobao"
ERROR - 2016-04-27 16:50:41 --> Could not find the language line "mynt_icon_tmall"
ERROR - 2016-04-27 16:50:41 --> Could not find the language line "mynt_icon_youzan"
