ERROR - 2017-03-23 05:14:52 --> Could not find the language line "mynt_buy_taobao"
ERROR - 2017-03-23 05:14:52 --> Could not find the language line "mynt_buy_tmall"
ERROR - 2017-03-23 05:14:52 --> Could not find the language line "mynt_buy_youzan"
ERROR - 2017-03-23 05:14:52 --> Could not find the language line "mynt_buy_jd"
ERROR - 2017-03-23 05:14:52 --> Could not find the language line "about_keywords"
ERROR - 2017-03-23 05:14:52 --> Could not find the language line "about_facebook"
ERROR - 2017-03-23 05:14:52 --> Could not find the language line "about_twitter"
ERROR - 2017-03-23 05:14:52 --> Could not find the language line "about_weibo"
ERROR - 2017-03-23 05:14:54 --> Could not find the language line "mynt_buy_taobao"
ERROR - 2017-03-23 05:14:54 --> Could not find the language line "mynt_buy_tmall"
ERROR - 2017-03-23 05:14:54 --> Could not find the language line "mynt_buy_youzan"
ERROR - 2017-03-23 05:14:54 --> Could not find the language line "mynt_buy_jd"
ERROR - 2017-03-23 05:14:59 --> Could not find the language line "mynt_buy_taobao"
ERROR - 2017-03-23 05:14:59 --> Could not find the language line "mynt_buy_tmall"
ERROR - 2017-03-23 05:14:59 --> Could not find the language line "mynt_buy_youzan"
ERROR - 2017-03-23 05:14:59 --> Could not find the language line "mynt_buy_jd"
ERROR - 2017-03-23 05:14:59 --> Could not find the language line "about_keywords"
ERROR - 2017-03-23 05:14:59 --> Could not find the language line "about_facebook"
ERROR - 2017-03-23 05:14:59 --> Could not find the language line "about_twitter"
ERROR - 2017-03-23 05:14:59 --> Could not find the language line "about_weibo"
ERROR - 2017-03-23 05:14:59 --> Could not find the language line "mynt_buy_taobao"
ERROR - 2017-03-23 05:14:59 --> Could not find the language line "mynt_buy_tmall"
ERROR - 2017-03-23 05:14:59 --> Could not find the language line "mynt_buy_youzan"
ERROR - 2017-03-23 05:14:59 --> Could not find the language line "mynt_buy_jd"
ERROR - 2017-03-23 05:32:04 --> Could not find the language line "mynt_buy_taobao"
ERROR - 2017-03-23 05:32:04 --> Could not find the language line "mynt_buy_tmall"
ERROR - 2017-03-23 05:32:04 --> Could not find the language line "mynt_buy_youzan"
ERROR - 2017-03-23 05:32:04 --> Could not find the language line "mynt_buy_jd"
ERROR - 2017-03-23 11:41:29 --> Could not find the language line "mynt_buy_taobao"
ERROR - 2017-03-23 11:41:29 --> Could not find the language line "mynt_buy_tmall"
ERROR - 2017-03-23 11:41:29 --> Could not find the language line "mynt_buy_youzan"
ERROR - 2017-03-23 11:41:29 --> Could not find the language line "mynt_buy_jd"
ERROR - 2017-03-23 11:41:29 --> Could not find the language line "home_cloud_title"
ERROR - 2017-03-23 11:41:29 --> Could not find the language line "home_cloud_intro"
ERROR - 2017-03-23 11:41:29 --> Could not find the language line "mynt_icon_taobao"
ERROR - 2017-03-23 11:41:29 --> Could not find the language line "mynt_icon_tmall"
ERROR - 2017-03-23 11:41:29 --> Could not find the language line "mynt_icon_youzan"
ERROR - 2017-03-23 11:41:29 --> Could not find the language line "mynt_buy_taobao"
ERROR - 2017-03-23 11:41:29 --> Could not find the language line "mynt_buy_tmall"
ERROR - 2017-03-23 11:41:29 --> Could not find the language line "mynt_buy_youzan"
ERROR - 2017-03-23 11:41:29 --> Could not find the language line "mynt_buy_jd"
ERROR - 2017-03-23 11:41:29 --> Could not find the language line "home_cloud_title"
ERROR - 2017-03-23 11:41:29 --> Could not find the language line "home_cloud_intro"
ERROR - 2017-03-23 11:41:29 --> Could not find the language line "mynt_icon_taobao"
ERROR - 2017-03-23 11:41:29 --> Could not find the language line "mynt_icon_tmall"
ERROR - 2017-03-23 11:41:29 --> Could not find the language line "mynt_icon_youzan"
ERROR - 2017-03-23 11:41:29 --> Could not find the language line "mynt_buy_taobao"
ERROR - 2017-03-23 11:41:29 --> Could not find the language line "mynt_buy_tmall"
ERROR - 2017-03-23 11:41:29 --> Could not find the language line "mynt_buy_youzan"
ERROR - 2017-03-23 11:41:29 --> Could not find the language line "mynt_buy_jd"
ERROR - 2017-03-23 11:41:29 --> Could not find the language line "home_cloud_title"
ERROR - 2017-03-23 11:41:29 --> Could not find the language line "home_cloud_intro"
ERROR - 2017-03-23 11:41:29 --> Could not find the language line "mynt_icon_taobao"
ERROR - 2017-03-23 11:41:29 --> Could not find the language line "mynt_icon_tmall"
ERROR - 2017-03-23 11:41:29 --> Could not find the language line "mynt_icon_youzan"
ERROR - 2017-03-23 11:41:29 --> Could not find the language line "mynt_buy_taobao"
ERROR - 2017-03-23 11:41:29 --> Could not find the language line "mynt_buy_tmall"
ERROR - 2017-03-23 11:41:29 --> Could not find the language line "mynt_buy_youzan"
ERROR - 2017-03-23 11:41:29 --> Could not find the language line "mynt_buy_jd"
ERROR - 2017-03-23 11:41:29 --> Could not find the language line "home_cloud_title"
ERROR - 2017-03-23 11:41:29 --> Could not find the language line "home_cloud_intro"
ERROR - 2017-03-23 11:41:29 --> Could not find the language line "mynt_icon_taobao"
ERROR - 2017-03-23 11:41:29 --> Could not find the language line "mynt_icon_tmall"
ERROR - 2017-03-23 11:41:29 --> Could not find the language line "mynt_icon_youzan"
ERROR - 2017-03-23 11:41:29 --> Could not find the language line "mynt_buy_taobao"
ERROR - 2017-03-23 11:41:29 --> Could not find the language line "mynt_buy_tmall"
ERROR - 2017-03-23 11:41:29 --> Could not find the language line "mynt_buy_youzan"
ERROR - 2017-03-23 11:41:29 --> Could not find the language line "mynt_buy_jd"
ERROR - 2017-03-23 11:41:29 --> Could not find the language line "home_cloud_title"
ERROR - 2017-03-23 11:41:29 --> Could not find the language line "home_cloud_intro"
ERROR - 2017-03-23 11:41:29 --> Could not find the language line "mynt_icon_taobao"
ERROR - 2017-03-23 11:41:29 --> Could not find the language line "mynt_icon_tmall"
ERROR - 2017-03-23 11:41:29 --> Could not find the language line "mynt_icon_youzan"
ERROR - 2017-03-23 11:41:29 --> Could not find the language line "mynt_buy_taobao"
ERROR - 2017-03-23 11:41:29 --> Could not find the language line "mynt_buy_tmall"
ERROR - 2017-03-23 11:41:29 --> Could not find the language line "mynt_buy_youzan"
ERROR - 2017-03-23 11:41:29 --> Could not find the language line "mynt_buy_jd"
ERROR - 2017-03-23 11:41:29 --> Could not find the language line "home_cloud_title"
ERROR - 2017-03-23 11:41:29 --> Could not find the language line "home_cloud_intro"
ERROR - 2017-03-23 11:41:29 --> Could not find the language line "mynt_icon_taobao"
ERROR - 2017-03-23 11:41:29 --> Could not find the language line "mynt_icon_tmall"
ERROR - 2017-03-23 11:41:29 --> Could not find the language line "mynt_icon_youzan"
ERROR - 2017-03-23 11:41:29 --> Could not find the language line "mynt_buy_taobao"
ERROR - 2017-03-23 11:41:29 --> Could not find the language line "mynt_buy_tmall"
ERROR - 2017-03-23 11:41:29 --> Could not find the language line "mynt_buy_youzan"
ERROR - 2017-03-23 11:41:29 --> Could not find the language line "mynt_buy_jd"
ERROR - 2017-03-23 11:41:29 --> Could not find the language line "home_cloud_title"
ERROR - 2017-03-23 11:41:29 --> Could not find the language line "home_cloud_intro"
ERROR - 2017-03-23 11:41:29 --> Could not find the language line "mynt_icon_taobao"
ERROR - 2017-03-23 11:41:29 --> Could not find the language line "mynt_icon_tmall"
ERROR - 2017-03-23 11:41:29 --> Could not find the language line "mynt_icon_youzan"
ERROR - 2017-03-23 11:41:29 --> Could not find the language line "mynt_buy_taobao"
ERROR - 2017-03-23 11:41:29 --> Could not find the language line "mynt_buy_tmall"
ERROR - 2017-03-23 11:41:29 --> Could not find the language line "mynt_buy_youzan"
ERROR - 2017-03-23 11:41:29 --> Could not find the language line "mynt_buy_jd"
ERROR - 2017-03-23 11:41:29 --> Could not find the language line "home_cloud_title"
ERROR - 2017-03-23 11:41:29 --> Could not find the language line "home_cloud_intro"
ERROR - 2017-03-23 11:41:29 --> Could not find the language line "mynt_icon_taobao"
ERROR - 2017-03-23 11:41:29 --> Could not find the language line "mynt_icon_tmall"
ERROR - 2017-03-23 11:41:29 --> Could not find the language line "mynt_icon_youzan"
ERROR - 2017-03-23 11:41:29 --> Could not find the language line "mynt_buy_taobao"
ERROR - 2017-03-23 11:41:29 --> Could not find the language line "mynt_buy_tmall"
ERROR - 2017-03-23 11:41:29 --> Could not find the language line "mynt_buy_youzan"
ERROR - 2017-03-23 11:41:29 --> Could not find the language line "mynt_buy_jd"
ERROR - 2017-03-23 11:41:29 --> Could not find the language line "home_cloud_title"
ERROR - 2017-03-23 11:41:29 --> Could not find the language line "home_cloud_intro"
ERROR - 2017-03-23 11:41:29 --> Could not find the language line "mynt_icon_taobao"
ERROR - 2017-03-23 11:41:29 --> Could not find the language line "mynt_icon_tmall"
ERROR - 2017-03-23 11:41:29 --> Could not find the language line "mynt_icon_youzan"
ERROR - 2017-03-23 11:41:29 --> Could not find the language line "mynt_buy_taobao"
ERROR - 2017-03-23 11:41:29 --> Could not find the language line "mynt_buy_tmall"
ERROR - 2017-03-23 11:41:29 --> Could not find the language line "mynt_buy_youzan"
ERROR - 2017-03-23 11:41:29 --> Could not find the language line "mynt_buy_jd"
ERROR - 2017-03-23 11:41:29 --> Could not find the language line "home_cloud_title"
ERROR - 2017-03-23 11:41:29 --> Could not find the language line "home_cloud_intro"
ERROR - 2017-03-23 11:41:29 --> Could not find the language line "mynt_icon_taobao"
ERROR - 2017-03-23 11:41:29 --> Could not find the language line "mynt_icon_tmall"
ERROR - 2017-03-23 11:41:29 --> Could not find the language line "mynt_icon_youzan"
ERROR - 2017-03-23 11:41:30 --> Could not find the language line "mynt_buy_taobao"
ERROR - 2017-03-23 11:41:30 --> Could not find the language line "mynt_buy_tmall"
ERROR - 2017-03-23 11:41:30 --> Could not find the language line "mynt_buy_youzan"
ERROR - 2017-03-23 11:41:30 --> Could not find the language line "mynt_buy_jd"
ERROR - 2017-03-23 11:41:30 --> Could not find the language line "home_cloud_title"
ERROR - 2017-03-23 11:41:30 --> Could not find the language line "home_cloud_intro"
ERROR - 2017-03-23 11:41:30 --> Could not find the language line "mynt_icon_taobao"
ERROR - 2017-03-23 11:41:30 --> Could not find the language line "mynt_icon_tmall"
ERROR - 2017-03-23 11:41:30 --> Could not find the language line "mynt_icon_youzan"
ERROR - 2017-03-23 11:41:30 --> Could not find the language line "mynt_buy_taobao"
ERROR - 2017-03-23 11:41:30 --> Could not find the language line "mynt_buy_tmall"
ERROR - 2017-03-23 11:41:30 --> Could not find the language line "mynt_buy_youzan"
ERROR - 2017-03-23 11:41:30 --> Could not find the language line "mynt_buy_jd"
ERROR - 2017-03-23 11:41:30 --> Could not find the language line "home_cloud_title"
ERROR - 2017-03-23 11:41:30 --> Could not find the language line "home_cloud_intro"
ERROR - 2017-03-23 11:41:30 --> Could not find the language line "mynt_icon_taobao"
ERROR - 2017-03-23 11:41:30 --> Could not find the language line "mynt_icon_tmall"
ERROR - 2017-03-23 11:41:30 --> Could not find the language line "mynt_icon_youzan"
ERROR - 2017-03-23 11:41:30 --> Could not find the language line "mynt_buy_taobao"
ERROR - 2017-03-23 11:41:30 --> Could not find the language line "mynt_buy_tmall"
ERROR - 2017-03-23 11:41:30 --> Could not find the language line "mynt_buy_youzan"
ERROR - 2017-03-23 11:41:30 --> Could not find the language line "mynt_buy_jd"
ERROR - 2017-03-23 11:41:30 --> Could not find the language line "home_cloud_title"
ERROR - 2017-03-23 11:41:30 --> Could not find the language line "home_cloud_intro"
ERROR - 2017-03-23 11:41:30 --> Could not find the language line "mynt_icon_taobao"
ERROR - 2017-03-23 11:41:30 --> Could not find the language line "mynt_icon_tmall"
ERROR - 2017-03-23 11:41:30 --> Could not find the language line "mynt_icon_youzan"
