ERROR - 2016-09-05 02:28:07 --> Could not find the language line "mynt_buy_taobao"
ERROR - 2016-09-05 02:28:07 --> Could not find the language line "mynt_buy_tmall"
ERROR - 2016-09-05 02:28:07 --> Could not find the language line "mynt_buy_youzan"
ERROR - 2016-09-05 02:28:07 --> Could not find the language line "mynt_buy_jd"
ERROR - 2016-09-05 02:28:07 --> Could not find the language line "home_cloud_title"
ERROR - 2016-09-05 02:28:07 --> Could not find the language line "home_cloud_intro"
ERROR - 2016-09-05 02:28:07 --> Could not find the language line "mynt_icon_taobao"
ERROR - 2016-09-05 02:28:07 --> Could not find the language line "mynt_icon_tmall"
ERROR - 2016-09-05 02:28:07 --> Could not find the language line "mynt_icon_youzan"
ERROR - 2016-09-05 02:28:08 --> Could not find the language line "mynt_buy_taobao"
ERROR - 2016-09-05 02:28:08 --> Could not find the language line "mynt_buy_tmall"
ERROR - 2016-09-05 02:28:08 --> Could not find the language line "mynt_buy_youzan"
ERROR - 2016-09-05 02:28:08 --> Could not find the language line "mynt_buy_jd"
ERROR - 2016-09-05 02:28:37 --> Could not find the language line "mynt_buy_taobao"
ERROR - 2016-09-05 02:28:37 --> Could not find the language line "mynt_buy_tmall"
ERROR - 2016-09-05 02:28:37 --> Could not find the language line "mynt_buy_youzan"
ERROR - 2016-09-05 02:28:37 --> Could not find the language line "mynt_buy_jd"
ERROR - 2016-09-05 02:28:38 --> Could not find the language line "mynt_buy_taobao"
ERROR - 2016-09-05 02:28:38 --> Could not find the language line "mynt_buy_tmall"
ERROR - 2016-09-05 02:28:38 --> Could not find the language line "mynt_buy_youzan"
ERROR - 2016-09-05 02:28:38 --> Could not find the language line "mynt_buy_jd"
ERROR - 2016-09-05 02:30:58 --> Could not find the language line "mynt_buy_taobao"
ERROR - 2016-09-05 02:30:58 --> Could not find the language line "mynt_buy_tmall"
ERROR - 2016-09-05 02:30:58 --> Could not find the language line "mynt_buy_youzan"
ERROR - 2016-09-05 02:30:58 --> Could not find the language line "mynt_buy_jd"
ERROR - 2016-09-05 02:31:00 --> Could not find the language line "mynt_buy_taobao"
ERROR - 2016-09-05 02:31:00 --> Could not find the language line "mynt_buy_tmall"
ERROR - 2016-09-05 02:31:00 --> Could not find the language line "mynt_buy_youzan"
ERROR - 2016-09-05 02:31:00 --> Could not find the language line "mynt_buy_jd"
ERROR - 2016-09-05 02:31:11 --> Could not find the language line "mynt_buy_taobao"
ERROR - 2016-09-05 02:31:11 --> Could not find the language line "mynt_buy_tmall"
ERROR - 2016-09-05 02:31:11 --> Could not find the language line "mynt_buy_youzan"
ERROR - 2016-09-05 02:31:11 --> Could not find the language line "mynt_buy_jd"
ERROR - 2016-09-05 02:31:11 --> Could not find the language line "mynt_buy_taobao"
ERROR - 2016-09-05 02:31:11 --> Could not find the language line "mynt_buy_tmall"
ERROR - 2016-09-05 02:31:11 --> Could not find the language line "mynt_buy_youzan"
ERROR - 2016-09-05 02:31:11 --> Could not find the language line "mynt_buy_jd"
ERROR - 2016-09-05 02:31:14 --> Could not find the language line "mynt_buy_taobao"
ERROR - 2016-09-05 02:31:14 --> Could not find the language line "mynt_buy_tmall"
ERROR - 2016-09-05 02:31:14 --> Could not find the language line "mynt_buy_youzan"
ERROR - 2016-09-05 02:31:14 --> Could not find the language line "mynt_buy_jd"
ERROR - 2016-09-05 02:31:14 --> Could not find the language line "mynt_buy_taobao"
ERROR - 2016-09-05 02:31:14 --> Could not find the language line "mynt_buy_tmall"
ERROR - 2016-09-05 02:31:14 --> Could not find the language line "mynt_buy_youzan"
ERROR - 2016-09-05 02:31:14 --> Could not find the language line "mynt_buy_jd"
ERROR - 2016-09-05 02:35:50 --> Could not find the language line "mynt_buy_taobao"
ERROR - 2016-09-05 02:35:50 --> Could not find the language line "mynt_buy_tmall"
ERROR - 2016-09-05 02:35:50 --> Could not find the language line "mynt_buy_youzan"
ERROR - 2016-09-05 02:35:50 --> Could not find the language line "mynt_buy_jd"
ERROR - 2016-09-05 02:35:50 --> Session: File 'ci_sessions/ci_sessiona1075f12e68ae5c8cc90b25afb589f5ea9626525' doesn't exist and cannot be created.
ERROR - 2016-09-05 02:35:50 --> Could not find the language line "mynt_buy_taobao"
ERROR - 2016-09-05 02:35:50 --> Could not find the language line "mynt_buy_tmall"
ERROR - 2016-09-05 02:35:50 --> Could not find the language line "mynt_buy_youzan"
ERROR - 2016-09-05 02:35:50 --> Could not find the language line "mynt_buy_jd"
ERROR - 2016-09-05 02:36:32 --> Could not find the language line "mynt_buy_taobao"
ERROR - 2016-09-05 02:36:32 --> Could not find the language line "mynt_buy_tmall"
ERROR - 2016-09-05 02:36:32 --> Could not find the language line "mynt_buy_youzan"
ERROR - 2016-09-05 02:36:32 --> Could not find the language line "mynt_buy_jd"
ERROR - 2016-09-05 02:36:32 --> Could not find the language line "mynt_buy_taobao"
ERROR - 2016-09-05 02:36:32 --> Could not find the language line "mynt_buy_tmall"
ERROR - 2016-09-05 02:36:32 --> Could not find the language line "mynt_buy_youzan"
ERROR - 2016-09-05 02:36:32 --> Could not find the language line "mynt_buy_jd"
ERROR - 2016-09-05 02:37:15 --> Could not find the language line "mynt_buy_taobao"
ERROR - 2016-09-05 02:37:15 --> Could not find the language line "mynt_buy_tmall"
ERROR - 2016-09-05 02:37:15 --> Could not find the language line "mynt_buy_youzan"
ERROR - 2016-09-05 02:37:15 --> Could not find the language line "mynt_buy_jd"
ERROR - 2016-09-05 02:37:15 --> Could not find the language line "mynt_buy_taobao"
ERROR - 2016-09-05 02:37:15 --> Could not find the language line "mynt_buy_tmall"
ERROR - 2016-09-05 02:37:15 --> Could not find the language line "mynt_buy_youzan"
ERROR - 2016-09-05 02:37:15 --> Could not find the language line "mynt_buy_jd"
ERROR - 2016-09-05 02:37:36 --> Could not find the language line "mynt_buy_taobao"
ERROR - 2016-09-05 02:37:36 --> Could not find the language line "mynt_buy_tmall"
ERROR - 2016-09-05 02:37:36 --> Could not find the language line "mynt_buy_youzan"
ERROR - 2016-09-05 02:37:36 --> Could not find the language line "mynt_buy_jd"
ERROR - 2016-09-05 02:37:36 --> Could not find the language line "mynt_buy_taobao"
ERROR - 2016-09-05 02:37:36 --> Could not find the language line "mynt_buy_tmall"
ERROR - 2016-09-05 02:37:36 --> Could not find the language line "mynt_buy_youzan"
ERROR - 2016-09-05 02:37:36 --> Could not find the language line "mynt_buy_jd"
ERROR - 2016-09-05 02:37:45 --> Could not find the language line "mynt_buy_taobao"
ERROR - 2016-09-05 02:37:45 --> Could not find the language line "mynt_buy_tmall"
ERROR - 2016-09-05 02:37:45 --> Could not find the language line "mynt_buy_youzan"
ERROR - 2016-09-05 02:37:45 --> Could not find the language line "mynt_buy_jd"
ERROR - 2016-09-05 02:37:45 --> Could not find the language line "mynt_buy_taobao"
ERROR - 2016-09-05 02:37:45 --> Could not find the language line "mynt_buy_tmall"
ERROR - 2016-09-05 02:37:45 --> Could not find the language line "mynt_buy_youzan"
ERROR - 2016-09-05 02:37:45 --> Could not find the language line "mynt_buy_jd"
ERROR - 2016-09-05 02:37:53 --> Could not find the language line "mynt_buy_taobao"
ERROR - 2016-09-05 02:37:53 --> Could not find the language line "mynt_buy_tmall"
ERROR - 2016-09-05 02:37:53 --> Could not find the language line "mynt_buy_youzan"
ERROR - 2016-09-05 02:37:53 --> Could not find the language line "mynt_buy_jd"
ERROR - 2016-09-05 02:37:54 --> Could not find the language line "mynt_buy_taobao"
ERROR - 2016-09-05 02:37:54 --> Could not find the language line "mynt_buy_tmall"
ERROR - 2016-09-05 02:37:54 --> Could not find the language line "mynt_buy_youzan"
ERROR - 2016-09-05 02:37:54 --> Could not find the language line "mynt_buy_jd"
ERROR - 2016-09-05 02:37:54 --> Could not find the language line "mynt_buy_taobao"
ERROR - 2016-09-05 02:37:54 --> Could not find the language line "mynt_buy_tmall"
ERROR - 2016-09-05 02:37:54 --> Could not find the language line "mynt_buy_youzan"
ERROR - 2016-09-05 02:37:54 --> Could not find the language line "mynt_buy_jd"
ERROR - 2016-09-05 02:44:12 --> Could not find the language line "mynt_buy_taobao"
ERROR - 2016-09-05 02:44:12 --> Could not find the language line "mynt_buy_tmall"
ERROR - 2016-09-05 02:44:12 --> Could not find the language line "mynt_buy_youzan"
ERROR - 2016-09-05 02:44:12 --> Could not find the language line "mynt_buy_jd"
ERROR - 2016-09-05 02:44:12 --> Session: File 'ci_sessions/ci_session76425290e7ce33fa00a3a90fd1297917bc53ac70' doesn't exist and cannot be created.
ERROR - 2016-09-05 02:44:13 --> Could not find the language line "mynt_buy_taobao"
ERROR - 2016-09-05 02:44:13 --> Could not find the language line "mynt_buy_tmall"
ERROR - 2016-09-05 02:44:13 --> Could not find the language line "mynt_buy_youzan"
ERROR - 2016-09-05 02:44:13 --> Could not find the language line "mynt_buy_jd"
