ERROR - 2017-05-24 00:55:59 --> Could not find the language line "mynt_buy_taobao"
ERROR - 2017-05-24 00:55:59 --> Could not find the language line "mynt_buy_tmall"
ERROR - 2017-05-24 00:55:59 --> Could not find the language line "mynt_buy_youzan"
ERROR - 2017-05-24 00:55:59 --> Could not find the language line "mynt_buy_jd"
ERROR - 2017-05-24 02:40:41 --> Could not find the language line "mynt_buy_taobao"
ERROR - 2017-05-24 02:40:41 --> Could not find the language line "mynt_buy_tmall"
ERROR - 2017-05-24 02:40:41 --> Could not find the language line "mynt_buy_youzan"
ERROR - 2017-05-24 02:40:41 --> Could not find the language line "mynt_buy_jd"
ERROR - 2017-05-24 02:40:46 --> Could not find the language line "home_cloud_title"
ERROR - 2017-05-24 02:40:46 --> Could not find the language line "home_cloud_intro"
ERROR - 2017-05-24 02:40:48 --> Could not find the language line "mynt_buy_taobao"
ERROR - 2017-05-24 02:40:48 --> Could not find the language line "mynt_buy_tmall"
ERROR - 2017-05-24 02:40:48 --> Could not find the language line "mynt_buy_youzan"
ERROR - 2017-05-24 02:40:48 --> Could not find the language line "mynt_buy_jd"
ERROR - 2017-05-24 02:43:12 --> Could not find the language line "mynt_buy_taobao"
ERROR - 2017-05-24 02:43:12 --> Could not find the language line "mynt_buy_tmall"
ERROR - 2017-05-24 02:43:12 --> Could not find the language line "mynt_buy_youzan"
ERROR - 2017-05-24 02:43:12 --> Could not find the language line "mynt_buy_jd"
ERROR - 2017-05-24 02:46:52 --> Could not find the language line "mynt_buy_taobao"
ERROR - 2017-05-24 02:46:52 --> Could not find the language line "mynt_buy_tmall"
ERROR - 2017-05-24 02:46:52 --> Could not find the language line "mynt_buy_youzan"
ERROR - 2017-05-24 02:46:52 --> Could not find the language line "mynt_buy_jd"
ERROR - 2017-05-24 02:48:05 --> Could not find the language line "mynt_buy_taobao"
ERROR - 2017-05-24 02:48:05 --> Could not find the language line "mynt_buy_tmall"
ERROR - 2017-05-24 02:48:05 --> Could not find the language line "mynt_buy_youzan"
ERROR - 2017-05-24 02:48:05 --> Could not find the language line "mynt_buy_jd"
ERROR - 2017-05-24 02:48:30 --> Could not find the language line "mynt_buy_taobao"
ERROR - 2017-05-24 02:48:30 --> Could not find the language line "mynt_buy_tmall"
ERROR - 2017-05-24 02:48:30 --> Could not find the language line "mynt_buy_youzan"
ERROR - 2017-05-24 02:48:30 --> Could not find the language line "mynt_buy_jd"
ERROR - 2017-05-24 02:48:59 --> Could not find the language line "mynt_buy_taobao"
ERROR - 2017-05-24 02:48:59 --> Could not find the language line "mynt_buy_tmall"
ERROR - 2017-05-24 02:48:59 --> Could not find the language line "mynt_buy_youzan"
ERROR - 2017-05-24 02:48:59 --> Could not find the language line "mynt_buy_jd"
ERROR - 2017-05-24 03:01:08 --> Could not find the language line "mynt_buy_taobao"
ERROR - 2017-05-24 03:01:08 --> Could not find the language line "mynt_buy_tmall"
ERROR - 2017-05-24 03:01:08 --> Could not find the language line "mynt_buy_youzan"
ERROR - 2017-05-24 03:01:08 --> Could not find the language line "mynt_buy_jd"
ERROR - 2017-05-24 03:01:10 --> Could not find the language line "mynt_buy_taobao"
ERROR - 2017-05-24 03:01:10 --> Could not find the language line "mynt_buy_tmall"
ERROR - 2017-05-24 03:01:10 --> Could not find the language line "mynt_buy_youzan"
ERROR - 2017-05-24 03:01:10 --> Could not find the language line "mynt_buy_jd"
ERROR - 2017-05-24 03:01:10 --> Could not find the language line "mynt_buy_taobao"
ERROR - 2017-05-24 03:01:10 --> Could not find the language line "mynt_buy_tmall"
ERROR - 2017-05-24 03:01:10 --> Could not find the language line "mynt_buy_youzan"
ERROR - 2017-05-24 03:01:10 --> Could not find the language line "mynt_buy_jd"
ERROR - 2017-05-24 03:01:10 --> Could not find the language line "mynt_buy_taobao"
ERROR - 2017-05-24 03:01:10 --> Could not find the language line "mynt_buy_tmall"
ERROR - 2017-05-24 03:01:10 --> Could not find the language line "mynt_buy_youzan"
ERROR - 2017-05-24 03:01:10 --> Could not find the language line "mynt_buy_jd"
ERROR - 2017-05-24 03:01:10 --> Could not find the language line "mynt_buy_taobao"
ERROR - 2017-05-24 03:01:10 --> Could not find the language line "mynt_buy_tmall"
ERROR - 2017-05-24 03:01:10 --> Could not find the language line "mynt_buy_youzan"
ERROR - 2017-05-24 03:01:10 --> Could not find the language line "mynt_buy_jd"
ERROR - 2017-05-24 03:01:10 --> Could not find the language line "mynt_buy_taobao"
ERROR - 2017-05-24 03:01:10 --> Could not find the language line "mynt_buy_tmall"
ERROR - 2017-05-24 03:01:10 --> Could not find the language line "mynt_buy_youzan"
ERROR - 2017-05-24 03:01:10 --> Could not find the language line "mynt_buy_jd"
ERROR - 2017-05-24 03:01:12 --> Could not find the language line "mynt_buy_taobao"
ERROR - 2017-05-24 03:01:12 --> Could not find the language line "mynt_buy_tmall"
ERROR - 2017-05-24 03:01:12 --> Could not find the language line "mynt_buy_youzan"
ERROR - 2017-05-24 03:01:12 --> Could not find the language line "mynt_buy_jd"
ERROR - 2017-05-24 03:02:53 --> Could not find the language line "mynt_buy_taobao"
ERROR - 2017-05-24 03:02:53 --> Could not find the language line "mynt_buy_tmall"
ERROR - 2017-05-24 03:02:53 --> Could not find the language line "mynt_buy_youzan"
ERROR - 2017-05-24 03:02:53 --> Could not find the language line "mynt_buy_jd"
ERROR - 2017-05-24 03:06:32 --> Could not find the language line "mynt_buy_taobao"
ERROR - 2017-05-24 03:06:32 --> Could not find the language line "mynt_buy_tmall"
ERROR - 2017-05-24 03:06:32 --> Could not find the language line "mynt_buy_youzan"
ERROR - 2017-05-24 03:06:32 --> Could not find the language line "mynt_buy_jd"
ERROR - 2017-05-24 03:06:53 --> Could not find the language line "about_keywords"
ERROR - 2017-05-24 03:06:54 --> Could not find the language line "mynt_buy_taobao"
ERROR - 2017-05-24 03:06:54 --> Could not find the language line "mynt_buy_tmall"
ERROR - 2017-05-24 03:06:54 --> Could not find the language line "mynt_buy_youzan"
ERROR - 2017-05-24 03:06:54 --> Could not find the language line "mynt_buy_jd"
ERROR - 2017-05-24 03:07:18 --> Could not find the language line "home_cloud_title"
ERROR - 2017-05-24 03:07:18 --> Could not find the language line "home_cloud_intro"
ERROR - 2017-05-24 03:07:20 --> Could not find the language line "mynt_buy_taobao"
ERROR - 2017-05-24 03:07:20 --> Could not find the language line "mynt_buy_tmall"
ERROR - 2017-05-24 03:07:20 --> Could not find the language line "mynt_buy_youzan"
ERROR - 2017-05-24 03:07:20 --> Could not find the language line "mynt_buy_jd"
ERROR - 2017-05-24 03:07:25 --> Could not find the language line "mynt_buy_taobao"
ERROR - 2017-05-24 03:07:25 --> Could not find the language line "mynt_buy_tmall"
ERROR - 2017-05-24 03:07:25 --> Could not find the language line "mynt_buy_youzan"
ERROR - 2017-05-24 03:07:25 --> Could not find the language line "mynt_buy_jd"
ERROR - 2017-05-24 03:09:40 --> Could not find the language line "mynt_buy_taobao"
ERROR - 2017-05-24 03:09:40 --> Could not find the language line "mynt_buy_tmall"
ERROR - 2017-05-24 03:09:40 --> Could not find the language line "mynt_buy_youzan"
ERROR - 2017-05-24 03:09:40 --> Could not find the language line "mynt_buy_jd"
ERROR - 2017-05-24 03:09:48 --> Could not find the language line "mynt_buy_taobao"
ERROR - 2017-05-24 03:09:48 --> Could not find the language line "mynt_buy_tmall"
ERROR - 2017-05-24 03:09:48 --> Could not find the language line "mynt_buy_youzan"
ERROR - 2017-05-24 03:09:48 --> Could not find the language line "mynt_buy_jd"
ERROR - 2017-05-24 03:10:00 --> Could not find the language line "mynt_buy_taobao"
ERROR - 2017-05-24 03:10:00 --> Could not find the language line "mynt_buy_tmall"
ERROR - 2017-05-24 03:10:00 --> Could not find the language line "mynt_buy_youzan"
ERROR - 2017-05-24 03:10:00 --> Could not find the language line "mynt_buy_jd"
ERROR - 2017-05-24 03:12:58 --> Could not find the language line "mynt_buy_taobao"
ERROR - 2017-05-24 03:12:58 --> Could not find the language line "mynt_buy_tmall"
ERROR - 2017-05-24 03:12:58 --> Could not find the language line "mynt_buy_youzan"
ERROR - 2017-05-24 03:12:58 --> Could not find the language line "mynt_buy_jd"
ERROR - 2017-05-24 03:13:00 --> Could not find the language line "mynt_buy_taobao"
ERROR - 2017-05-24 03:13:00 --> Could not find the language line "mynt_buy_tmall"
ERROR - 2017-05-24 03:13:00 --> Could not find the language line "mynt_buy_youzan"
ERROR - 2017-05-24 03:13:00 --> Could not find the language line "mynt_buy_jd"
ERROR - 2017-05-24 03:13:40 --> Could not find the language line "mynt_buy_taobao"
ERROR - 2017-05-24 03:13:40 --> Could not find the language line "mynt_buy_tmall"
ERROR - 2017-05-24 03:13:40 --> Could not find the language line "mynt_buy_youzan"
ERROR - 2017-05-24 03:13:40 --> Could not find the language line "mynt_buy_jd"
ERROR - 2017-05-24 03:13:42 --> Could not find the language line "mynt_buy_taobao"
ERROR - 2017-05-24 03:13:42 --> Could not find the language line "mynt_buy_tmall"
ERROR - 2017-05-24 03:13:42 --> Could not find the language line "mynt_buy_youzan"
ERROR - 2017-05-24 03:13:42 --> Could not find the language line "mynt_buy_jd"
ERROR - 2017-05-24 03:14:57 --> Could not find the language line "mynt_buy_taobao"
ERROR - 2017-05-24 03:14:57 --> Could not find the language line "mynt_buy_tmall"
ERROR - 2017-05-24 03:14:57 --> Could not find the language line "mynt_buy_youzan"
ERROR - 2017-05-24 03:14:57 --> Could not find the language line "mynt_buy_jd"
ERROR - 2017-05-24 03:15:05 --> Could not find the language line "mynt_buy_taobao"
ERROR - 2017-05-24 03:15:05 --> Could not find the language line "mynt_buy_tmall"
ERROR - 2017-05-24 03:15:05 --> Could not find the language line "mynt_buy_youzan"
ERROR - 2017-05-24 03:15:05 --> Could not find the language line "mynt_buy_jd"
ERROR - 2017-05-24 03:17:37 --> Could not find the language line "mynt_buy_taobao"
ERROR - 2017-05-24 03:17:37 --> Could not find the language line "mynt_buy_tmall"
ERROR - 2017-05-24 03:17:37 --> Could not find the language line "mynt_buy_youzan"
ERROR - 2017-05-24 03:17:37 --> Could not find the language line "mynt_buy_jd"
ERROR - 2017-05-24 03:17:41 --> Could not find the language line "mynt_buy_taobao"
ERROR - 2017-05-24 03:17:41 --> Could not find the language line "mynt_buy_tmall"
ERROR - 2017-05-24 03:17:41 --> Could not find the language line "mynt_buy_youzan"
ERROR - 2017-05-24 03:17:41 --> Could not find the language line "mynt_buy_jd"
ERROR - 2017-05-24 03:17:42 --> Could not find the language line "mynt_buy_taobao"
ERROR - 2017-05-24 03:17:42 --> Could not find the language line "mynt_buy_tmall"
ERROR - 2017-05-24 03:17:42 --> Could not find the language line "mynt_buy_youzan"
ERROR - 2017-05-24 03:17:42 --> Could not find the language line "mynt_buy_jd"
ERROR - 2017-05-24 03:17:45 --> Could not find the language line "mynt_buy_taobao"
ERROR - 2017-05-24 03:17:45 --> Could not find the language line "mynt_buy_tmall"
ERROR - 2017-05-24 03:17:45 --> Could not find the language line "mynt_buy_youzan"
ERROR - 2017-05-24 03:17:45 --> Could not find the language line "mynt_buy_jd"
ERROR - 2017-05-24 03:17:58 --> Could not find the language line "mynt_buy_taobao"
ERROR - 2017-05-24 03:17:58 --> Could not find the language line "mynt_buy_tmall"
ERROR - 2017-05-24 03:17:58 --> Could not find the language line "mynt_buy_youzan"
ERROR - 2017-05-24 03:17:58 --> Could not find the language line "mynt_buy_jd"
ERROR - 2017-05-24 03:18:07 --> Could not find the language line "mynt_buy_taobao"
ERROR - 2017-05-24 03:18:07 --> Could not find the language line "mynt_buy_tmall"
ERROR - 2017-05-24 03:18:07 --> Could not find the language line "mynt_buy_youzan"
ERROR - 2017-05-24 03:18:07 --> Could not find the language line "mynt_buy_jd"
ERROR - 2017-05-24 03:18:11 --> Could not find the language line "mynt_buy_taobao"
ERROR - 2017-05-24 03:18:11 --> Could not find the language line "mynt_buy_tmall"
ERROR - 2017-05-24 03:18:11 --> Could not find the language line "mynt_buy_youzan"
ERROR - 2017-05-24 03:18:11 --> Could not find the language line "mynt_buy_jd"
ERROR - 2017-05-24 03:33:01 --> Could not find the language line "mynt_buy_taobao"
ERROR - 2017-05-24 03:33:01 --> Could not find the language line "mynt_buy_tmall"
ERROR - 2017-05-24 03:33:01 --> Could not find the language line "mynt_buy_youzan"
ERROR - 2017-05-24 03:33:01 --> Could not find the language line "mynt_buy_jd"
ERROR - 2017-05-24 03:33:01 --> Could not find the language line "mynt_buy_taobao"
ERROR - 2017-05-24 03:33:01 --> Could not find the language line "mynt_buy_tmall"
ERROR - 2017-05-24 03:33:01 --> Could not find the language line "mynt_buy_youzan"
ERROR - 2017-05-24 03:33:01 --> Could not find the language line "mynt_buy_jd"
ERROR - 2017-05-24 03:33:02 --> Could not find the language line "mynt_buy_taobao"
ERROR - 2017-05-24 03:33:02 --> Could not find the language line "mynt_buy_tmall"
ERROR - 2017-05-24 03:33:02 --> Could not find the language line "mynt_buy_youzan"
ERROR - 2017-05-24 03:33:02 --> Could not find the language line "mynt_buy_jd"
ERROR - 2017-05-24 03:33:03 --> Could not find the language line "mynt_buy_taobao"
ERROR - 2017-05-24 03:33:03 --> Could not find the language line "mynt_buy_tmall"
ERROR - 2017-05-24 03:33:03 --> Could not find the language line "mynt_buy_youzan"
ERROR - 2017-05-24 03:33:03 --> Could not find the language line "mynt_buy_jd"
ERROR - 2017-05-24 03:33:04 --> Could not find the language line "mynt_buy_taobao"
ERROR - 2017-05-24 03:33:04 --> Could not find the language line "mynt_buy_tmall"
ERROR - 2017-05-24 03:33:04 --> Could not find the language line "mynt_buy_youzan"
ERROR - 2017-05-24 03:33:04 --> Could not find the language line "mynt_buy_jd"
ERROR - 2017-05-24 03:33:10 --> Could not find the language line "mynt_buy_taobao"
ERROR - 2017-05-24 03:33:10 --> Could not find the language line "mynt_buy_tmall"
ERROR - 2017-05-24 03:33:10 --> Could not find the language line "mynt_buy_youzan"
ERROR - 2017-05-24 03:33:10 --> Could not find the language line "mynt_buy_jd"
ERROR - 2017-05-24 04:01:31 --> Could not find the language line "mynt_buy_taobao"
ERROR - 2017-05-24 04:01:31 --> Could not find the language line "mynt_buy_tmall"
ERROR - 2017-05-24 04:01:31 --> Could not find the language line "mynt_buy_youzan"
ERROR - 2017-05-24 04:01:31 --> Could not find the language line "mynt_buy_jd"
ERROR - 2017-05-24 04:11:07 --> Could not find the language line "mynt_buy_taobao"
ERROR - 2017-05-24 04:11:07 --> Could not find the language line "mynt_buy_tmall"
ERROR - 2017-05-24 04:11:07 --> Could not find the language line "mynt_buy_youzan"
ERROR - 2017-05-24 04:11:07 --> Could not find the language line "mynt_buy_jd"
ERROR - 2017-05-24 04:14:24 --> Could not find the language line "mynt_buy_taobao"
ERROR - 2017-05-24 04:14:24 --> Could not find the language line "mynt_buy_tmall"
ERROR - 2017-05-24 04:14:24 --> Could not find the language line "mynt_buy_youzan"
ERROR - 2017-05-24 04:14:24 --> Could not find the language line "mynt_buy_jd"
ERROR - 2017-05-24 04:14:55 --> Could not find the language line "mynt_buy_taobao"
ERROR - 2017-05-24 04:14:55 --> Could not find the language line "mynt_buy_tmall"
ERROR - 2017-05-24 04:14:55 --> Could not find the language line "mynt_buy_youzan"
ERROR - 2017-05-24 04:14:55 --> Could not find the language line "mynt_buy_jd"
ERROR - 2017-05-24 04:17:51 --> Could not find the language line "mynt_buy_taobao"
ERROR - 2017-05-24 04:17:51 --> Could not find the language line "mynt_buy_tmall"
ERROR - 2017-05-24 04:17:51 --> Could not find the language line "mynt_buy_youzan"
ERROR - 2017-05-24 04:17:51 --> Could not find the language line "mynt_buy_jd"
ERROR - 2017-05-24 04:19:25 --> Could not find the language line "mynt_buy_taobao"
ERROR - 2017-05-24 04:19:25 --> Could not find the language line "mynt_buy_tmall"
ERROR - 2017-05-24 04:19:25 --> Could not find the language line "mynt_buy_youzan"
ERROR - 2017-05-24 04:19:25 --> Could not find the language line "mynt_buy_jd"
ERROR - 2017-05-24 04:19:41 --> Could not find the language line "mynt_buy_taobao"
ERROR - 2017-05-24 04:19:41 --> Could not find the language line "mynt_buy_tmall"
ERROR - 2017-05-24 04:19:41 --> Could not find the language line "mynt_buy_youzan"
ERROR - 2017-05-24 04:19:41 --> Could not find the language line "mynt_buy_jd"
ERROR - 2017-05-24 04:20:06 --> Could not find the language line "mynt_buy_taobao"
ERROR - 2017-05-24 04:20:06 --> Could not find the language line "mynt_buy_tmall"
ERROR - 2017-05-24 04:20:06 --> Could not find the language line "mynt_buy_youzan"
ERROR - 2017-05-24 04:20:06 --> Could not find the language line "mynt_buy_jd"
ERROR - 2017-05-24 06:07:05 --> Could not find the language line "mynt_buy_taobao"
ERROR - 2017-05-24 06:07:05 --> Could not find the language line "mynt_buy_tmall"
ERROR - 2017-05-24 06:07:05 --> Could not find the language line "mynt_buy_youzan"
ERROR - 2017-05-24 06:07:05 --> Could not find the language line "mynt_buy_jd"
ERROR - 2017-05-24 06:07:29 --> Could not find the language line "mynt_buy_taobao"
ERROR - 2017-05-24 06:07:29 --> Could not find the language line "mynt_buy_tmall"
ERROR - 2017-05-24 06:07:29 --> Could not find the language line "mynt_buy_youzan"
ERROR - 2017-05-24 06:07:29 --> Could not find the language line "mynt_buy_jd"
ERROR - 2017-05-24 06:34:52 --> Could not find the language line "mynt_buy_taobao"
ERROR - 2017-05-24 06:34:52 --> Could not find the language line "mynt_buy_tmall"
ERROR - 2017-05-24 06:34:52 --> Could not find the language line "mynt_buy_youzan"
ERROR - 2017-05-24 06:34:52 --> Could not find the language line "mynt_buy_jd"
ERROR - 2017-05-24 06:35:40 --> Could not find the language line "mynt_buy_taobao"
ERROR - 2017-05-24 06:35:40 --> Could not find the language line "mynt_buy_tmall"
ERROR - 2017-05-24 06:35:40 --> Could not find the language line "mynt_buy_youzan"
ERROR - 2017-05-24 06:35:40 --> Could not find the language line "mynt_buy_jd"
ERROR - 2017-05-24 06:35:42 --> Could not find the language line "mynt_buy_taobao"
ERROR - 2017-05-24 06:35:42 --> Could not find the language line "mynt_buy_tmall"
ERROR - 2017-05-24 06:35:42 --> Could not find the language line "mynt_buy_youzan"
ERROR - 2017-05-24 06:35:42 --> Could not find the language line "mynt_buy_jd"
ERROR - 2017-05-24 06:35:43 --> Could not find the language line "mynt_buy_taobao"
ERROR - 2017-05-24 06:35:43 --> Could not find the language line "mynt_buy_tmall"
ERROR - 2017-05-24 06:35:43 --> Could not find the language line "mynt_buy_youzan"
ERROR - 2017-05-24 06:35:43 --> Could not find the language line "mynt_buy_jd"
ERROR - 2017-05-24 06:36:11 --> Could not find the language line "mynt_buy_taobao"
ERROR - 2017-05-24 06:36:11 --> Could not find the language line "mynt_buy_tmall"
ERROR - 2017-05-24 06:36:11 --> Could not find the language line "mynt_buy_youzan"
ERROR - 2017-05-24 06:36:11 --> Could not find the language line "mynt_buy_jd"
ERROR - 2017-05-24 06:38:40 --> Could not find the language line "mynt_buy_taobao"
ERROR - 2017-05-24 06:38:40 --> Could not find the language line "mynt_buy_tmall"
ERROR - 2017-05-24 06:38:40 --> Could not find the language line "mynt_buy_youzan"
ERROR - 2017-05-24 06:38:40 --> Could not find the language line "mynt_buy_jd"
ERROR - 2017-05-24 06:39:04 --> Could not find the language line "mynt_buy_taobao"
ERROR - 2017-05-24 06:39:04 --> Could not find the language line "mynt_buy_tmall"
ERROR - 2017-05-24 06:39:04 --> Could not find the language line "mynt_buy_youzan"
ERROR - 2017-05-24 06:39:04 --> Could not find the language line "mynt_buy_jd"
ERROR - 2017-05-24 06:39:18 --> Could not find the language line "mynt_buy_taobao"
ERROR - 2017-05-24 06:39:18 --> Could not find the language line "mynt_buy_tmall"
ERROR - 2017-05-24 06:39:18 --> Could not find the language line "mynt_buy_youzan"
ERROR - 2017-05-24 06:39:18 --> Could not find the language line "mynt_buy_jd"
ERROR - 2017-05-24 06:39:21 --> Could not find the language line "mynt_buy_taobao"
ERROR - 2017-05-24 06:39:21 --> Could not find the language line "mynt_buy_tmall"
ERROR - 2017-05-24 06:39:21 --> Could not find the language line "mynt_buy_youzan"
ERROR - 2017-05-24 06:39:21 --> Could not find the language line "mynt_buy_jd"
ERROR - 2017-05-24 06:39:22 --> Could not find the language line "mynt_buy_taobao"
ERROR - 2017-05-24 06:39:22 --> Could not find the language line "mynt_buy_tmall"
ERROR - 2017-05-24 06:39:22 --> Could not find the language line "mynt_buy_youzan"
ERROR - 2017-05-24 06:39:22 --> Could not find the language line "mynt_buy_jd"
ERROR - 2017-05-24 06:39:34 --> Could not find the language line "mynt_buy_taobao"
ERROR - 2017-05-24 06:39:34 --> Could not find the language line "mynt_buy_tmall"
ERROR - 2017-05-24 06:39:34 --> Could not find the language line "mynt_buy_youzan"
ERROR - 2017-05-24 06:39:34 --> Could not find the language line "mynt_buy_jd"
ERROR - 2017-05-24 06:39:43 --> Could not find the language line "mynt_buy_taobao"
ERROR - 2017-05-24 06:39:43 --> Could not find the language line "mynt_buy_tmall"
ERROR - 2017-05-24 06:39:43 --> Could not find the language line "mynt_buy_youzan"
ERROR - 2017-05-24 06:39:43 --> Could not find the language line "mynt_buy_jd"
ERROR - 2017-05-24 06:39:47 --> Could not find the language line "mynt_buy_taobao"
ERROR - 2017-05-24 06:39:47 --> Could not find the language line "mynt_buy_tmall"
ERROR - 2017-05-24 06:39:47 --> Could not find the language line "mynt_buy_youzan"
ERROR - 2017-05-24 06:39:47 --> Could not find the language line "mynt_buy_jd"
ERROR - 2017-05-24 06:40:00 --> Could not find the language line "mynt_buy_taobao"
ERROR - 2017-05-24 06:40:00 --> Could not find the language line "mynt_buy_tmall"
ERROR - 2017-05-24 06:40:00 --> Could not find the language line "mynt_buy_youzan"
ERROR - 2017-05-24 06:40:00 --> Could not find the language line "mynt_buy_jd"
ERROR - 2017-05-24 06:41:27 --> Could not find the language line "mynt_buy_taobao"
ERROR - 2017-05-24 06:41:27 --> Could not find the language line "mynt_buy_tmall"
ERROR - 2017-05-24 06:41:27 --> Could not find the language line "mynt_buy_youzan"
ERROR - 2017-05-24 06:41:27 --> Could not find the language line "mynt_buy_jd"
ERROR - 2017-05-24 06:43:22 --> Could not find the language line "mynt_buy_taobao"
ERROR - 2017-05-24 06:43:22 --> Could not find the language line "mynt_buy_tmall"
ERROR - 2017-05-24 06:43:22 --> Could not find the language line "mynt_buy_youzan"
ERROR - 2017-05-24 06:43:22 --> Could not find the language line "mynt_buy_jd"
ERROR - 2017-05-24 06:46:22 --> Could not find the language line "mynt_buy_taobao"
ERROR - 2017-05-24 06:46:22 --> Could not find the language line "mynt_buy_tmall"
ERROR - 2017-05-24 06:46:22 --> Could not find the language line "mynt_buy_youzan"
ERROR - 2017-05-24 06:46:22 --> Could not find the language line "mynt_buy_jd"
ERROR - 2017-05-24 06:46:39 --> Could not find the language line "mynt_buy_taobao"
ERROR - 2017-05-24 06:46:39 --> Could not find the language line "mynt_buy_tmall"
ERROR - 2017-05-24 06:46:39 --> Could not find the language line "mynt_buy_youzan"
ERROR - 2017-05-24 06:46:39 --> Could not find the language line "mynt_buy_jd"
ERROR - 2017-05-24 06:47:15 --> Could not find the language line "mynt_buy_taobao"
ERROR - 2017-05-24 06:47:15 --> Could not find the language line "mynt_buy_tmall"
ERROR - 2017-05-24 06:47:15 --> Could not find the language line "mynt_buy_youzan"
ERROR - 2017-05-24 06:47:15 --> Could not find the language line "mynt_buy_jd"
ERROR - 2017-05-24 06:58:57 --> Could not find the language line "mynt_buy_taobao"
ERROR - 2017-05-24 06:58:57 --> Could not find the language line "mynt_buy_tmall"
ERROR - 2017-05-24 06:58:57 --> Could not find the language line "mynt_buy_youzan"
ERROR - 2017-05-24 06:58:57 --> Could not find the language line "mynt_buy_jd"
ERROR - 2017-05-24 06:58:57 --> 404 Page Not Found: 
ERROR - 2017-05-24 06:59:15 --> Could not find the language line "mynt_buy_taobao"
ERROR - 2017-05-24 06:59:15 --> Could not find the language line "mynt_buy_tmall"
ERROR - 2017-05-24 06:59:15 --> Could not find the language line "mynt_buy_youzan"
ERROR - 2017-05-24 06:59:15 --> Could not find the language line "mynt_buy_jd"
ERROR - 2017-05-24 06:59:15 --> 404 Page Not Found: 
ERROR - 2017-05-24 06:59:35 --> Could not find the language line "mynt_buy_taobao"
ERROR - 2017-05-24 06:59:35 --> Could not find the language line "mynt_buy_tmall"
ERROR - 2017-05-24 06:59:35 --> Could not find the language line "mynt_buy_youzan"
ERROR - 2017-05-24 06:59:35 --> Could not find the language line "mynt_buy_jd"
ERROR - 2017-05-24 06:59:35 --> 404 Page Not Found: 
ERROR - 2017-05-24 06:59:36 --> Could not find the language line "mynt_buy_taobao"
ERROR - 2017-05-24 06:59:36 --> Could not find the language line "mynt_buy_tmall"
ERROR - 2017-05-24 06:59:36 --> Could not find the language line "mynt_buy_youzan"
ERROR - 2017-05-24 06:59:36 --> Could not find the language line "mynt_buy_jd"
ERROR - 2017-05-24 06:59:36 --> 404 Page Not Found: 
ERROR - 2017-05-24 07:00:45 --> Could not find the language line "mynt_buy_taobao"
ERROR - 2017-05-24 07:00:45 --> Could not find the language line "mynt_buy_tmall"
ERROR - 2017-05-24 07:00:45 --> Could not find the language line "mynt_buy_youzan"
ERROR - 2017-05-24 07:00:45 --> Could not find the language line "mynt_buy_jd"
ERROR - 2017-05-24 07:00:50 --> Could not find the language line "mynt_buy_taobao"
ERROR - 2017-05-24 07:00:50 --> Could not find the language line "mynt_buy_tmall"
ERROR - 2017-05-24 07:00:50 --> Could not find the language line "mynt_buy_youzan"
ERROR - 2017-05-24 07:00:50 --> Could not find the language line "mynt_buy_jd"
ERROR - 2017-05-24 07:01:04 --> Could not find the language line "mynt_buy_taobao"
ERROR - 2017-05-24 07:01:04 --> Could not find the language line "mynt_buy_tmall"
ERROR - 2017-05-24 07:01:04 --> Could not find the language line "mynt_buy_youzan"
ERROR - 2017-05-24 07:01:04 --> Could not find the language line "mynt_buy_jd"
ERROR - 2017-05-24 07:01:27 --> Could not find the language line "mynt_buy_taobao"
ERROR - 2017-05-24 07:01:27 --> Could not find the language line "mynt_buy_tmall"
ERROR - 2017-05-24 07:01:27 --> Could not find the language line "mynt_buy_youzan"
ERROR - 2017-05-24 07:01:27 --> Could not find the language line "mynt_buy_jd"
ERROR - 2017-05-24 07:01:43 --> 404 Page Not Found: 
ERROR - 2017-05-24 07:01:55 --> 404 Page Not Found: 
ERROR - 2017-05-24 07:02:05 --> 404 Page Not Found: 
ERROR - 2017-05-24 07:02:06 --> 404 Page Not Found: 
ERROR - 2017-05-24 07:02:06 --> 404 Page Not Found: 
ERROR - 2017-05-24 07:02:06 --> 404 Page Not Found: 
ERROR - 2017-05-24 07:02:07 --> 404 Page Not Found: 
ERROR - 2017-05-24 07:02:07 --> 404 Page Not Found: 
ERROR - 2017-05-24 07:02:07 --> 404 Page Not Found: 
ERROR - 2017-05-24 07:02:33 --> 404 Page Not Found: 
ERROR - 2017-05-24 07:02:35 --> 404 Page Not Found: 
ERROR - 2017-05-24 07:02:36 --> 404 Page Not Found: 
ERROR - 2017-05-24 07:02:36 --> 404 Page Not Found: 
ERROR - 2017-05-24 07:02:36 --> 404 Page Not Found: 
ERROR - 2017-05-24 07:03:25 --> 404 Page Not Found: 
ERROR - 2017-05-24 07:03:25 --> 404 Page Not Found: 
ERROR - 2017-05-24 07:03:48 --> 404 Page Not Found: 
ERROR - 2017-05-24 07:03:49 --> 404 Page Not Found: 
ERROR - 2017-05-24 07:03:50 --> 404 Page Not Found: 
ERROR - 2017-05-24 07:03:50 --> 404 Page Not Found: 
ERROR - 2017-05-24 07:03:50 --> 404 Page Not Found: 
ERROR - 2017-05-24 07:05:49 --> 404 Page Not Found: 
ERROR - 2017-05-24 07:05:53 --> 404 Page Not Found: 
ERROR - 2017-05-24 07:05:58 --> Could not find the language line "mynt_buy_taobao"
ERROR - 2017-05-24 07:05:58 --> Could not find the language line "mynt_buy_tmall"
ERROR - 2017-05-24 07:05:58 --> Could not find the language line "mynt_buy_youzan"
ERROR - 2017-05-24 07:05:58 --> Could not find the language line "mynt_buy_jd"
ERROR - 2017-05-24 07:06:10 --> 404 Page Not Found: 
ERROR - 2017-05-24 07:06:14 --> 404 Page Not Found: 
ERROR - 2017-05-24 07:06:15 --> 404 Page Not Found: 
ERROR - 2017-05-24 07:06:24 --> 404 Page Not Found: 
ERROR - 2017-05-24 07:07:30 --> 404 Page Not Found: 
ERROR - 2017-05-24 07:09:48 --> 404 Page Not Found: 
ERROR - 2017-05-24 07:09:49 --> 404 Page Not Found: 
ERROR - 2017-05-24 07:09:50 --> 404 Page Not Found: 
ERROR - 2017-05-24 07:09:50 --> 404 Page Not Found: 
ERROR - 2017-05-24 07:09:50 --> 404 Page Not Found: 
ERROR - 2017-05-24 07:09:59 --> 404 Page Not Found: 
ERROR - 2017-05-24 07:10:37 --> 404 Page Not Found: 
ERROR - 2017-05-24 07:10:38 --> 404 Page Not Found: 
ERROR - 2017-05-24 07:10:38 --> 404 Page Not Found: 
ERROR - 2017-05-24 07:10:38 --> 404 Page Not Found: 
ERROR - 2017-05-24 07:10:46 --> 404 Page Not Found: 
ERROR - 2017-05-24 07:24:40 --> Could not find the language line "mynt_buy_taobao"
ERROR - 2017-05-24 07:24:40 --> Could not find the language line "mynt_buy_tmall"
ERROR - 2017-05-24 07:24:40 --> Could not find the language line "mynt_buy_youzan"
ERROR - 2017-05-24 07:24:40 --> Could not find the language line "mynt_buy_jd"
ERROR - 2017-05-24 07:25:35 --> Could not find the language line "mynt_buy_taobao"
ERROR - 2017-05-24 07:25:35 --> Could not find the language line "mynt_buy_tmall"
ERROR - 2017-05-24 07:25:35 --> Could not find the language line "mynt_buy_youzan"
ERROR - 2017-05-24 07:25:35 --> Could not find the language line "mynt_buy_jd"
ERROR - 2017-05-24 07:26:25 --> Could not find the language line "mynt_buy_taobao"
ERROR - 2017-05-24 07:26:25 --> Could not find the language line "mynt_buy_tmall"
ERROR - 2017-05-24 07:26:25 --> Could not find the language line "mynt_buy_youzan"
ERROR - 2017-05-24 07:26:25 --> Could not find the language line "mynt_buy_jd"
ERROR - 2017-05-24 07:29:50 --> Could not find the language line "mynt_buy_taobao"
ERROR - 2017-05-24 07:29:50 --> Could not find the language line "mynt_buy_tmall"
ERROR - 2017-05-24 07:29:50 --> Could not find the language line "mynt_buy_youzan"
ERROR - 2017-05-24 07:29:50 --> Could not find the language line "mynt_buy_jd"
ERROR - 2017-05-24 07:30:31 --> Could not find the language line "mynt_buy_taobao"
ERROR - 2017-05-24 07:30:31 --> Could not find the language line "mynt_buy_tmall"
ERROR - 2017-05-24 07:30:31 --> Could not find the language line "mynt_buy_youzan"
ERROR - 2017-05-24 07:30:31 --> Could not find the language line "mynt_buy_jd"
ERROR - 2017-05-24 07:30:42 --> Could not find the language line "mynt_buy_taobao"
ERROR - 2017-05-24 07:30:42 --> Could not find the language line "mynt_buy_tmall"
ERROR - 2017-05-24 07:30:42 --> Could not find the language line "mynt_buy_youzan"
ERROR - 2017-05-24 07:30:42 --> Could not find the language line "mynt_buy_jd"
ERROR - 2017-05-24 08:54:01 --> Could not find the language line "mynt_buy_taobao"
ERROR - 2017-05-24 08:54:01 --> Could not find the language line "mynt_buy_tmall"
ERROR - 2017-05-24 08:54:01 --> Could not find the language line "mynt_buy_youzan"
ERROR - 2017-05-24 08:54:01 --> Could not find the language line "mynt_buy_jd"
ERROR - 2017-05-24 09:00:33 --> Could not find the language line "mynt_buy_taobao"
ERROR - 2017-05-24 09:00:33 --> Could not find the language line "mynt_buy_tmall"
ERROR - 2017-05-24 09:00:33 --> Could not find the language line "mynt_buy_youzan"
ERROR - 2017-05-24 09:00:33 --> Could not find the language line "mynt_buy_jd"
ERROR - 2017-05-24 09:03:14 --> Could not find the language line "mynt_buy_taobao"
ERROR - 2017-05-24 09:03:14 --> Could not find the language line "mynt_buy_tmall"
ERROR - 2017-05-24 09:03:14 --> Could not find the language line "mynt_buy_youzan"
ERROR - 2017-05-24 09:03:14 --> Could not find the language line "mynt_buy_jd"
ERROR - 2017-05-24 09:04:30 --> Could not find the language line "mynt_buy_taobao"
ERROR - 2017-05-24 09:04:30 --> Could not find the language line "mynt_buy_tmall"
ERROR - 2017-05-24 09:04:30 --> Could not find the language line "mynt_buy_youzan"
ERROR - 2017-05-24 09:04:30 --> Could not find the language line "mynt_buy_jd"
ERROR - 2017-05-24 09:05:05 --> Could not find the language line "mynt_buy_taobao"
ERROR - 2017-05-24 09:05:05 --> Could not find the language line "mynt_buy_tmall"
ERROR - 2017-05-24 09:05:05 --> Could not find the language line "mynt_buy_youzan"
ERROR - 2017-05-24 09:05:05 --> Could not find the language line "mynt_buy_jd"
ERROR - 2017-05-24 09:05:42 --> Could not find the language line "mynt_buy_taobao"
ERROR - 2017-05-24 09:05:42 --> Could not find the language line "mynt_buy_tmall"
ERROR - 2017-05-24 09:05:42 --> Could not find the language line "mynt_buy_youzan"
ERROR - 2017-05-24 09:05:42 --> Could not find the language line "mynt_buy_jd"
ERROR - 2017-05-24 09:06:34 --> Could not find the language line "mynt_buy_taobao"
ERROR - 2017-05-24 09:06:34 --> Could not find the language line "mynt_buy_tmall"
ERROR - 2017-05-24 09:06:34 --> Could not find the language line "mynt_buy_youzan"
ERROR - 2017-05-24 09:06:34 --> Could not find the language line "mynt_buy_jd"
ERROR - 2017-05-24 09:08:07 --> Could not find the language line "mynt_buy_taobao"
ERROR - 2017-05-24 09:08:07 --> Could not find the language line "mynt_buy_tmall"
ERROR - 2017-05-24 09:08:07 --> Could not find the language line "mynt_buy_youzan"
ERROR - 2017-05-24 09:08:07 --> Could not find the language line "mynt_buy_jd"
ERROR - 2017-05-24 09:08:12 --> Could not find the language line "mynt_buy_taobao"
ERROR - 2017-05-24 09:08:12 --> Could not find the language line "mynt_buy_tmall"
ERROR - 2017-05-24 09:08:12 --> Could not find the language line "mynt_buy_youzan"
ERROR - 2017-05-24 09:08:12 --> Could not find the language line "mynt_buy_jd"
ERROR - 2017-05-24 09:09:45 --> Could not find the language line "mynt_buy_taobao"
ERROR - 2017-05-24 09:09:45 --> Could not find the language line "mynt_buy_tmall"
ERROR - 2017-05-24 09:09:45 --> Could not find the language line "mynt_buy_youzan"
ERROR - 2017-05-24 09:09:45 --> Could not find the language line "mynt_buy_jd"
ERROR - 2017-05-24 09:09:46 --> Could not find the language line "mynt_buy_taobao"
ERROR - 2017-05-24 09:09:46 --> Could not find the language line "mynt_buy_tmall"
ERROR - 2017-05-24 09:09:46 --> Could not find the language line "mynt_buy_youzan"
ERROR - 2017-05-24 09:09:46 --> Could not find the language line "mynt_buy_jd"
ERROR - 2017-05-24 09:16:14 --> Could not find the language line "mynt_buy_taobao"
ERROR - 2017-05-24 09:16:14 --> Could not find the language line "mynt_buy_tmall"
ERROR - 2017-05-24 09:16:14 --> Could not find the language line "mynt_buy_youzan"
ERROR - 2017-05-24 09:16:14 --> Could not find the language line "mynt_buy_jd"
ERROR - 2017-05-24 09:16:17 --> Could not find the language line "mynt_buy_taobao"
ERROR - 2017-05-24 09:16:17 --> Could not find the language line "mynt_buy_tmall"
ERROR - 2017-05-24 09:16:17 --> Could not find the language line "mynt_buy_youzan"
ERROR - 2017-05-24 09:16:17 --> Could not find the language line "mynt_buy_jd"
ERROR - 2017-05-24 09:17:24 --> Could not find the language line "mynt_buy_taobao"
ERROR - 2017-05-24 09:17:24 --> Could not find the language line "mynt_buy_tmall"
ERROR - 2017-05-24 09:17:24 --> Could not find the language line "mynt_buy_youzan"
ERROR - 2017-05-24 09:17:24 --> Could not find the language line "mynt_buy_jd"
ERROR - 2017-05-24 09:17:26 --> Could not find the language line "mynt_buy_taobao"
ERROR - 2017-05-24 09:17:26 --> Could not find the language line "mynt_buy_tmall"
ERROR - 2017-05-24 09:17:26 --> Could not find the language line "mynt_buy_youzan"
ERROR - 2017-05-24 09:17:26 --> Could not find the language line "mynt_buy_jd"
ERROR - 2017-05-24 09:18:06 --> Could not find the language line "mynt_buy_taobao"
ERROR - 2017-05-24 09:18:06 --> Could not find the language line "mynt_buy_tmall"
ERROR - 2017-05-24 09:18:06 --> Could not find the language line "mynt_buy_youzan"
ERROR - 2017-05-24 09:18:06 --> Could not find the language line "mynt_buy_jd"
ERROR - 2017-05-24 09:18:08 --> Could not find the language line "mynt_buy_taobao"
ERROR - 2017-05-24 09:18:08 --> Could not find the language line "mynt_buy_tmall"
ERROR - 2017-05-24 09:18:08 --> Could not find the language line "mynt_buy_youzan"
ERROR - 2017-05-24 09:18:08 --> Could not find the language line "mynt_buy_jd"
ERROR - 2017-05-24 09:18:31 --> Could not find the language line "mynt_buy_taobao"
ERROR - 2017-05-24 09:18:31 --> Could not find the language line "mynt_buy_tmall"
ERROR - 2017-05-24 09:18:31 --> Could not find the language line "mynt_buy_youzan"
ERROR - 2017-05-24 09:18:31 --> Could not find the language line "mynt_buy_jd"
ERROR - 2017-05-24 09:18:33 --> Could not find the language line "mynt_buy_taobao"
ERROR - 2017-05-24 09:18:33 --> Could not find the language line "mynt_buy_tmall"
ERROR - 2017-05-24 09:18:33 --> Could not find the language line "mynt_buy_youzan"
ERROR - 2017-05-24 09:18:33 --> Could not find the language line "mynt_buy_jd"
ERROR - 2017-05-24 09:18:36 --> Could not find the language line "mynt_buy_taobao"
ERROR - 2017-05-24 09:18:36 --> Could not find the language line "mynt_buy_tmall"
ERROR - 2017-05-24 09:18:36 --> Could not find the language line "mynt_buy_youzan"
ERROR - 2017-05-24 09:18:36 --> Could not find the language line "mynt_buy_jd"
ERROR - 2017-05-24 09:18:54 --> Could not find the language line "mynt_buy_taobao"
ERROR - 2017-05-24 09:18:54 --> Could not find the language line "mynt_buy_tmall"
ERROR - 2017-05-24 09:18:54 --> Could not find the language line "mynt_buy_youzan"
ERROR - 2017-05-24 09:18:54 --> Could not find the language line "mynt_buy_jd"
ERROR - 2017-05-24 09:18:54 --> Could not find the language line "mynt_buy_taobao"
ERROR - 2017-05-24 09:18:54 --> Could not find the language line "mynt_buy_tmall"
ERROR - 2017-05-24 09:18:54 --> Could not find the language line "mynt_buy_youzan"
ERROR - 2017-05-24 09:18:54 --> Could not find the language line "mynt_buy_jd"
ERROR - 2017-05-24 09:19:14 --> Could not find the language line "mynt_buy_taobao"
ERROR - 2017-05-24 09:19:14 --> Could not find the language line "mynt_buy_tmall"
ERROR - 2017-05-24 09:19:14 --> Could not find the language line "mynt_buy_youzan"
ERROR - 2017-05-24 09:19:14 --> Could not find the language line "mynt_buy_jd"
ERROR - 2017-05-24 09:19:15 --> Could not find the language line "mynt_buy_taobao"
ERROR - 2017-05-24 09:19:15 --> Could not find the language line "mynt_buy_tmall"
ERROR - 2017-05-24 09:19:15 --> Could not find the language line "mynt_buy_youzan"
ERROR - 2017-05-24 09:19:15 --> Could not find the language line "mynt_buy_jd"
ERROR - 2017-05-24 09:19:31 --> Could not find the language line "mynt_buy_taobao"
ERROR - 2017-05-24 09:19:31 --> Could not find the language line "mynt_buy_tmall"
ERROR - 2017-05-24 09:19:31 --> Could not find the language line "mynt_buy_youzan"
ERROR - 2017-05-24 09:19:31 --> Could not find the language line "mynt_buy_jd"
ERROR - 2017-05-24 09:20:31 --> Could not find the language line "mynt_buy_taobao"
ERROR - 2017-05-24 09:20:31 --> Could not find the language line "mynt_buy_tmall"
ERROR - 2017-05-24 09:20:31 --> Could not find the language line "mynt_buy_youzan"
ERROR - 2017-05-24 09:20:31 --> Could not find the language line "mynt_buy_jd"
ERROR - 2017-05-24 09:21:20 --> Could not find the language line "mynt_buy_taobao"
ERROR - 2017-05-24 09:21:20 --> Could not find the language line "mynt_buy_tmall"
ERROR - 2017-05-24 09:21:20 --> Could not find the language line "mynt_buy_youzan"
ERROR - 2017-05-24 09:21:20 --> Could not find the language line "mynt_buy_jd"
ERROR - 2017-05-24 09:21:46 --> Could not find the language line "mynt_buy_taobao"
ERROR - 2017-05-24 09:21:46 --> Could not find the language line "mynt_buy_tmall"
ERROR - 2017-05-24 09:21:46 --> Could not find the language line "mynt_buy_youzan"
ERROR - 2017-05-24 09:21:46 --> Could not find the language line "mynt_buy_jd"
ERROR - 2017-05-24 09:22:44 --> Could not find the language line "mynt_buy_taobao"
ERROR - 2017-05-24 09:22:44 --> Could not find the language line "mynt_buy_tmall"
ERROR - 2017-05-24 09:22:44 --> Could not find the language line "mynt_buy_youzan"
ERROR - 2017-05-24 09:22:44 --> Could not find the language line "mynt_buy_jd"
ERROR - 2017-05-24 09:23:46 --> Could not find the language line "mynt_buy_taobao"
ERROR - 2017-05-24 09:23:46 --> Could not find the language line "mynt_buy_tmall"
ERROR - 2017-05-24 09:23:46 --> Could not find the language line "mynt_buy_youzan"
ERROR - 2017-05-24 09:23:46 --> Could not find the language line "mynt_buy_jd"
ERROR - 2017-05-24 09:30:24 --> Could not find the language line "mynt_buy_taobao"
ERROR - 2017-05-24 09:30:24 --> Could not find the language line "mynt_buy_tmall"
ERROR - 2017-05-24 09:30:24 --> Could not find the language line "mynt_buy_youzan"
ERROR - 2017-05-24 09:30:24 --> Could not find the language line "mynt_buy_jd"
ERROR - 2017-05-24 09:31:21 --> Could not find the language line "mynt_buy_taobao"
ERROR - 2017-05-24 09:31:21 --> Could not find the language line "mynt_buy_tmall"
ERROR - 2017-05-24 09:31:21 --> Could not find the language line "mynt_buy_youzan"
ERROR - 2017-05-24 09:31:21 --> Could not find the language line "mynt_buy_jd"
ERROR - 2017-05-24 09:31:29 --> Could not find the language line "mynt_buy_taobao"
ERROR - 2017-05-24 09:31:29 --> Could not find the language line "mynt_buy_tmall"
ERROR - 2017-05-24 09:31:29 --> Could not find the language line "mynt_buy_youzan"
ERROR - 2017-05-24 09:31:29 --> Could not find the language line "mynt_buy_jd"
ERROR - 2017-05-24 09:34:59 --> Could not find the language line "mynt_buy_taobao"
ERROR - 2017-05-24 09:34:59 --> Could not find the language line "mynt_buy_tmall"
ERROR - 2017-05-24 09:34:59 --> Could not find the language line "mynt_buy_youzan"
ERROR - 2017-05-24 09:34:59 --> Could not find the language line "mynt_buy_jd"
ERROR - 2017-05-24 09:38:52 --> Could not find the language line "mynt_buy_taobao"
ERROR - 2017-05-24 09:38:52 --> Could not find the language line "mynt_buy_tmall"
ERROR - 2017-05-24 09:38:52 --> Could not find the language line "mynt_buy_youzan"
ERROR - 2017-05-24 09:38:52 --> Could not find the language line "mynt_buy_jd"
ERROR - 2017-05-24 09:40:54 --> Could not find the language line "mynt_buy_taobao"
ERROR - 2017-05-24 09:40:54 --> Could not find the language line "mynt_buy_tmall"
ERROR - 2017-05-24 09:40:54 --> Could not find the language line "mynt_buy_youzan"
ERROR - 2017-05-24 09:40:54 --> Could not find the language line "mynt_buy_jd"
ERROR - 2017-05-24 09:42:32 --> Could not find the language line "mynt_buy_taobao"
ERROR - 2017-05-24 09:42:32 --> Could not find the language line "mynt_buy_tmall"
ERROR - 2017-05-24 09:42:32 --> Could not find the language line "mynt_buy_youzan"
ERROR - 2017-05-24 09:42:32 --> Could not find the language line "mynt_buy_jd"
ERROR - 2017-05-24 09:43:35 --> Could not find the language line "mynt_buy_taobao"
ERROR - 2017-05-24 09:43:35 --> Could not find the language line "mynt_buy_tmall"
ERROR - 2017-05-24 09:43:35 --> Could not find the language line "mynt_buy_youzan"
ERROR - 2017-05-24 09:43:35 --> Could not find the language line "mynt_buy_jd"
ERROR - 2017-05-24 09:44:01 --> Could not find the language line "mynt_buy_taobao"
ERROR - 2017-05-24 09:44:01 --> Could not find the language line "mynt_buy_tmall"
ERROR - 2017-05-24 09:44:01 --> Could not find the language line "mynt_buy_youzan"
ERROR - 2017-05-24 09:44:01 --> Could not find the language line "mynt_buy_jd"
ERROR - 2017-05-24 09:44:30 --> Could not find the language line "mynt_buy_taobao"
ERROR - 2017-05-24 09:44:30 --> Could not find the language line "mynt_buy_tmall"
ERROR - 2017-05-24 09:44:30 --> Could not find the language line "mynt_buy_youzan"
ERROR - 2017-05-24 09:44:30 --> Could not find the language line "mynt_buy_jd"
ERROR - 2017-05-24 09:44:51 --> Could not find the language line "mynt_buy_taobao"
ERROR - 2017-05-24 09:44:51 --> Could not find the language line "mynt_buy_tmall"
ERROR - 2017-05-24 09:44:51 --> Could not find the language line "mynt_buy_youzan"
ERROR - 2017-05-24 09:44:51 --> Could not find the language line "mynt_buy_jd"
ERROR - 2017-05-24 09:45:12 --> Could not find the language line "mynt_buy_taobao"
ERROR - 2017-05-24 09:45:12 --> Could not find the language line "mynt_buy_tmall"
ERROR - 2017-05-24 09:45:12 --> Could not find the language line "mynt_buy_youzan"
ERROR - 2017-05-24 09:45:12 --> Could not find the language line "mynt_buy_jd"
ERROR - 2017-05-24 09:48:36 --> Could not find the language line "mynt_buy_taobao"
ERROR - 2017-05-24 09:48:36 --> Could not find the language line "mynt_buy_tmall"
ERROR - 2017-05-24 09:48:36 --> Could not find the language line "mynt_buy_youzan"
ERROR - 2017-05-24 09:48:36 --> Could not find the language line "mynt_buy_jd"
ERROR - 2017-05-24 09:48:42 --> Could not find the language line "mynt_buy_taobao"
ERROR - 2017-05-24 09:48:42 --> Could not find the language line "mynt_buy_tmall"
ERROR - 2017-05-24 09:48:42 --> Could not find the language line "mynt_buy_youzan"
ERROR - 2017-05-24 09:48:42 --> Could not find the language line "mynt_buy_jd"
ERROR - 2017-05-24 09:48:57 --> Could not find the language line "mynt_buy_taobao"
ERROR - 2017-05-24 09:48:57 --> Could not find the language line "mynt_buy_tmall"
ERROR - 2017-05-24 09:48:57 --> Could not find the language line "mynt_buy_youzan"
ERROR - 2017-05-24 09:48:57 --> Could not find the language line "mynt_buy_jd"
ERROR - 2017-05-24 09:49:05 --> Could not find the language line "mynt_buy_taobao"
ERROR - 2017-05-24 09:49:05 --> Could not find the language line "mynt_buy_tmall"
ERROR - 2017-05-24 09:49:05 --> Could not find the language line "mynt_buy_youzan"
ERROR - 2017-05-24 09:49:05 --> Could not find the language line "mynt_buy_jd"
ERROR - 2017-05-24 09:49:56 --> Could not find the language line "mynt_buy_taobao"
ERROR - 2017-05-24 09:49:56 --> Could not find the language line "mynt_buy_tmall"
ERROR - 2017-05-24 09:49:56 --> Could not find the language line "mynt_buy_youzan"
ERROR - 2017-05-24 09:49:56 --> Could not find the language line "mynt_buy_jd"
ERROR - 2017-05-24 09:50:48 --> Could not find the language line "mynt_buy_taobao"
ERROR - 2017-05-24 09:50:48 --> Could not find the language line "mynt_buy_tmall"
ERROR - 2017-05-24 09:50:48 --> Could not find the language line "mynt_buy_youzan"
ERROR - 2017-05-24 09:50:48 --> Could not find the language line "mynt_buy_jd"
ERROR - 2017-05-24 09:53:15 --> Could not find the language line "mynt_buy_taobao"
ERROR - 2017-05-24 09:53:15 --> Could not find the language line "mynt_buy_tmall"
ERROR - 2017-05-24 09:53:15 --> Could not find the language line "mynt_buy_youzan"
ERROR - 2017-05-24 09:53:15 --> Could not find the language line "mynt_buy_jd"
ERROR - 2017-05-24 09:56:26 --> Could not find the language line "mynt_buy_taobao"
ERROR - 2017-05-24 09:56:26 --> Could not find the language line "mynt_buy_tmall"
ERROR - 2017-05-24 09:56:26 --> Could not find the language line "mynt_buy_youzan"
ERROR - 2017-05-24 09:56:26 --> Could not find the language line "mynt_buy_jd"
ERROR - 2017-05-24 09:58:24 --> Could not find the language line "mynt_buy_taobao"
ERROR - 2017-05-24 09:58:24 --> Could not find the language line "mynt_buy_tmall"
ERROR - 2017-05-24 09:58:24 --> Could not find the language line "mynt_buy_youzan"
ERROR - 2017-05-24 09:58:24 --> Could not find the language line "mynt_buy_jd"
ERROR - 2017-05-24 10:00:41 --> Could not find the language line "mynt_buy_taobao"
ERROR - 2017-05-24 10:00:41 --> Could not find the language line "mynt_buy_tmall"
ERROR - 2017-05-24 10:00:41 --> Could not find the language line "mynt_buy_youzan"
ERROR - 2017-05-24 10:00:41 --> Could not find the language line "mynt_buy_jd"
ERROR - 2017-05-24 10:04:36 --> Could not find the language line "mynt_buy_taobao"
ERROR - 2017-05-24 10:04:36 --> Could not find the language line "mynt_buy_tmall"
ERROR - 2017-05-24 10:04:36 --> Could not find the language line "mynt_buy_youzan"
ERROR - 2017-05-24 10:04:36 --> Could not find the language line "mynt_buy_jd"
ERROR - 2017-05-24 10:06:18 --> Could not find the language line "mynt_buy_taobao"
ERROR - 2017-05-24 10:06:18 --> Could not find the language line "mynt_buy_tmall"
ERROR - 2017-05-24 10:06:18 --> Could not find the language line "mynt_buy_youzan"
ERROR - 2017-05-24 10:06:18 --> Could not find the language line "mynt_buy_jd"
ERROR - 2017-05-24 10:08:30 --> Could not find the language line "mynt_buy_taobao"
ERROR - 2017-05-24 10:08:30 --> Could not find the language line "mynt_buy_tmall"
ERROR - 2017-05-24 10:08:30 --> Could not find the language line "mynt_buy_youzan"
ERROR - 2017-05-24 10:08:30 --> Could not find the language line "mynt_buy_jd"
ERROR - 2017-05-24 10:09:10 --> Could not find the language line "mynt_buy_taobao"
ERROR - 2017-05-24 10:09:10 --> Could not find the language line "mynt_buy_tmall"
ERROR - 2017-05-24 10:09:10 --> Could not find the language line "mynt_buy_youzan"
ERROR - 2017-05-24 10:09:10 --> Could not find the language line "mynt_buy_jd"
ERROR - 2017-05-24 10:09:28 --> Could not find the language line "mynt_buy_taobao"
ERROR - 2017-05-24 10:09:28 --> Could not find the language line "mynt_buy_tmall"
ERROR - 2017-05-24 10:09:28 --> Could not find the language line "mynt_buy_youzan"
ERROR - 2017-05-24 10:09:28 --> Could not find the language line "mynt_buy_jd"
ERROR - 2017-05-24 10:09:35 --> Could not find the language line "mynt_buy_taobao"
ERROR - 2017-05-24 10:09:35 --> Could not find the language line "mynt_buy_tmall"
ERROR - 2017-05-24 10:09:35 --> Could not find the language line "mynt_buy_youzan"
ERROR - 2017-05-24 10:09:35 --> Could not find the language line "mynt_buy_jd"
ERROR - 2017-05-24 10:52:10 --> Could not find the language line "mynt_buy_taobao"
ERROR - 2017-05-24 10:52:10 --> Could not find the language line "mynt_buy_tmall"
ERROR - 2017-05-24 10:52:10 --> Could not find the language line "mynt_buy_youzan"
ERROR - 2017-05-24 10:52:10 --> Could not find the language line "mynt_buy_jd"
ERROR - 2017-05-24 10:54:26 --> Could not find the language line "mynt_buy_taobao"
ERROR - 2017-05-24 10:54:26 --> Could not find the language line "mynt_buy_tmall"
ERROR - 2017-05-24 10:54:26 --> Could not find the language line "mynt_buy_youzan"
ERROR - 2017-05-24 10:54:26 --> Could not find the language line "mynt_buy_jd"
ERROR - 2017-05-24 10:54:55 --> Could not find the language line "mynt_buy_taobao"
ERROR - 2017-05-24 10:54:55 --> Could not find the language line "mynt_buy_tmall"
ERROR - 2017-05-24 10:54:55 --> Could not find the language line "mynt_buy_youzan"
ERROR - 2017-05-24 10:54:55 --> Could not find the language line "mynt_buy_jd"
ERROR - 2017-05-24 10:55:14 --> Could not find the language line "mynt_buy_taobao"
ERROR - 2017-05-24 10:55:14 --> Could not find the language line "mynt_buy_tmall"
ERROR - 2017-05-24 10:55:14 --> Could not find the language line "mynt_buy_youzan"
ERROR - 2017-05-24 10:55:14 --> Could not find the language line "mynt_buy_jd"
ERROR - 2017-05-24 10:56:05 --> Could not find the language line "mynt_buy_taobao"
ERROR - 2017-05-24 10:56:05 --> Could not find the language line "mynt_buy_tmall"
ERROR - 2017-05-24 10:56:05 --> Could not find the language line "mynt_buy_youzan"
ERROR - 2017-05-24 10:56:05 --> Could not find the language line "mynt_buy_jd"
ERROR - 2017-05-24 10:56:15 --> Could not find the language line "mynt_buy_taobao"
ERROR - 2017-05-24 10:56:15 --> Could not find the language line "mynt_buy_tmall"
ERROR - 2017-05-24 10:56:15 --> Could not find the language line "mynt_buy_youzan"
ERROR - 2017-05-24 10:56:15 --> Could not find the language line "mynt_buy_jd"
ERROR - 2017-05-24 10:56:47 --> Could not find the language line "mynt_buy_taobao"
ERROR - 2017-05-24 10:56:47 --> Could not find the language line "mynt_buy_tmall"
ERROR - 2017-05-24 10:56:47 --> Could not find the language line "mynt_buy_youzan"
ERROR - 2017-05-24 10:56:47 --> Could not find the language line "mynt_buy_jd"
ERROR - 2017-05-24 10:57:13 --> Could not find the language line "mynt_buy_taobao"
ERROR - 2017-05-24 10:57:13 --> Could not find the language line "mynt_buy_tmall"
ERROR - 2017-05-24 10:57:13 --> Could not find the language line "mynt_buy_youzan"
ERROR - 2017-05-24 10:57:13 --> Could not find the language line "mynt_buy_jd"
ERROR - 2017-05-24 10:57:24 --> Could not find the language line "mynt_buy_taobao"
ERROR - 2017-05-24 10:57:24 --> Could not find the language line "mynt_buy_tmall"
ERROR - 2017-05-24 10:57:24 --> Could not find the language line "mynt_buy_youzan"
ERROR - 2017-05-24 10:57:24 --> Could not find the language line "mynt_buy_jd"
ERROR - 2017-05-24 10:57:47 --> Could not find the language line "mynt_buy_taobao"
ERROR - 2017-05-24 10:57:47 --> Could not find the language line "mynt_buy_tmall"
ERROR - 2017-05-24 10:57:47 --> Could not find the language line "mynt_buy_youzan"
ERROR - 2017-05-24 10:57:47 --> Could not find the language line "mynt_buy_jd"
ERROR - 2017-05-24 10:58:02 --> Could not find the language line "mynt_buy_taobao"
ERROR - 2017-05-24 10:58:02 --> Could not find the language line "mynt_buy_tmall"
ERROR - 2017-05-24 10:58:02 --> Could not find the language line "mynt_buy_youzan"
ERROR - 2017-05-24 10:58:02 --> Could not find the language line "mynt_buy_jd"
ERROR - 2017-05-24 10:58:18 --> Could not find the language line "mynt_buy_taobao"
ERROR - 2017-05-24 10:58:18 --> Could not find the language line "mynt_buy_tmall"
ERROR - 2017-05-24 10:58:18 --> Could not find the language line "mynt_buy_youzan"
ERROR - 2017-05-24 10:58:18 --> Could not find the language line "mynt_buy_jd"
ERROR - 2017-05-24 10:59:36 --> Could not find the language line "mynt_buy_taobao"
ERROR - 2017-05-24 10:59:36 --> Could not find the language line "mynt_buy_tmall"
ERROR - 2017-05-24 10:59:36 --> Could not find the language line "mynt_buy_youzan"
ERROR - 2017-05-24 10:59:36 --> Could not find the language line "mynt_buy_jd"
ERROR - 2017-05-24 10:59:47 --> Could not find the language line "mynt_buy_taobao"
ERROR - 2017-05-24 10:59:47 --> Could not find the language line "mynt_buy_tmall"
ERROR - 2017-05-24 10:59:47 --> Could not find the language line "mynt_buy_youzan"
ERROR - 2017-05-24 10:59:47 --> Could not find the language line "mynt_buy_jd"
ERROR - 2017-05-24 10:59:55 --> Could not find the language line "mynt_buy_taobao"
ERROR - 2017-05-24 10:59:55 --> Could not find the language line "mynt_buy_tmall"
ERROR - 2017-05-24 10:59:55 --> Could not find the language line "mynt_buy_youzan"
ERROR - 2017-05-24 10:59:55 --> Could not find the language line "mynt_buy_jd"
ERROR - 2017-05-24 11:35:04 --> Could not find the language line "mynt_buy_taobao"
ERROR - 2017-05-24 11:35:04 --> Could not find the language line "mynt_buy_tmall"
ERROR - 2017-05-24 11:35:04 --> Could not find the language line "mynt_buy_youzan"
ERROR - 2017-05-24 11:35:04 --> Could not find the language line "mynt_buy_jd"
ERROR - 2017-05-24 11:35:40 --> Could not find the language line "mynt_buy_taobao"
ERROR - 2017-05-24 11:35:40 --> Could not find the language line "mynt_buy_tmall"
ERROR - 2017-05-24 11:35:40 --> Could not find the language line "mynt_buy_youzan"
ERROR - 2017-05-24 11:35:40 --> Could not find the language line "mynt_buy_jd"
ERROR - 2017-05-24 11:37:11 --> Could not find the language line "mynt_buy_taobao"
ERROR - 2017-05-24 11:37:11 --> Could not find the language line "mynt_buy_tmall"
ERROR - 2017-05-24 11:37:11 --> Could not find the language line "mynt_buy_youzan"
ERROR - 2017-05-24 11:37:11 --> Could not find the language line "mynt_buy_jd"
ERROR - 2017-05-24 11:40:06 --> Could not find the language line "mynt_buy_taobao"
ERROR - 2017-05-24 11:40:06 --> Could not find the language line "mynt_buy_tmall"
ERROR - 2017-05-24 11:40:06 --> Could not find the language line "mynt_buy_youzan"
ERROR - 2017-05-24 11:40:06 --> Could not find the language line "mynt_buy_jd"
ERROR - 2017-05-24 11:40:28 --> Could not find the language line "mynt_buy_taobao"
ERROR - 2017-05-24 11:40:28 --> Could not find the language line "mynt_buy_tmall"
ERROR - 2017-05-24 11:40:28 --> Could not find the language line "mynt_buy_youzan"
ERROR - 2017-05-24 11:40:28 --> Could not find the language line "mynt_buy_jd"
ERROR - 2017-05-24 11:41:23 --> Could not find the language line "mynt_buy_taobao"
ERROR - 2017-05-24 11:41:23 --> Could not find the language line "mynt_buy_tmall"
ERROR - 2017-05-24 11:41:23 --> Could not find the language line "mynt_buy_youzan"
ERROR - 2017-05-24 11:41:23 --> Could not find the language line "mynt_buy_jd"
ERROR - 2017-05-24 11:41:59 --> Could not find the language line "mynt_buy_taobao"
ERROR - 2017-05-24 11:41:59 --> Could not find the language line "mynt_buy_tmall"
ERROR - 2017-05-24 11:41:59 --> Could not find the language line "mynt_buy_youzan"
ERROR - 2017-05-24 11:41:59 --> Could not find the language line "mynt_buy_jd"
ERROR - 2017-05-24 11:42:38 --> Could not find the language line "mynt_buy_taobao"
ERROR - 2017-05-24 11:42:38 --> Could not find the language line "mynt_buy_tmall"
ERROR - 2017-05-24 11:42:38 --> Could not find the language line "mynt_buy_youzan"
ERROR - 2017-05-24 11:42:38 --> Could not find the language line "mynt_buy_jd"
ERROR - 2017-05-24 11:58:02 --> Could not find the language line "mynt_buy_taobao"
ERROR - 2017-05-24 11:58:02 --> Could not find the language line "mynt_buy_tmall"
ERROR - 2017-05-24 11:58:02 --> Could not find the language line "mynt_buy_youzan"
ERROR - 2017-05-24 11:58:02 --> Could not find the language line "mynt_buy_jd"
ERROR - 2017-05-24 11:58:25 --> Could not find the language line "mynt_buy_taobao"
ERROR - 2017-05-24 11:58:25 --> Could not find the language line "mynt_buy_tmall"
ERROR - 2017-05-24 11:58:25 --> Could not find the language line "mynt_buy_youzan"
ERROR - 2017-05-24 11:58:25 --> Could not find the language line "mynt_buy_jd"
ERROR - 2017-05-24 11:58:45 --> Could not find the language line "mynt_buy_taobao"
ERROR - 2017-05-24 11:58:45 --> Could not find the language line "mynt_buy_tmall"
ERROR - 2017-05-24 11:58:45 --> Could not find the language line "mynt_buy_youzan"
ERROR - 2017-05-24 11:58:45 --> Could not find the language line "mynt_buy_jd"
ERROR - 2017-05-24 11:59:39 --> Could not find the language line "mynt_buy_taobao"
ERROR - 2017-05-24 11:59:39 --> Could not find the language line "mynt_buy_tmall"
ERROR - 2017-05-24 11:59:39 --> Could not find the language line "mynt_buy_youzan"
ERROR - 2017-05-24 11:59:39 --> Could not find the language line "mynt_buy_jd"
ERROR - 2017-05-24 12:00:14 --> Could not find the language line "home_cloud_title"
ERROR - 2017-05-24 12:00:14 --> Could not find the language line "home_cloud_intro"
ERROR - 2017-05-24 12:00:14 --> Could not find the language line "mynt_buy_taobao"
ERROR - 2017-05-24 12:00:14 --> Could not find the language line "mynt_buy_tmall"
ERROR - 2017-05-24 12:00:14 --> Could not find the language line "mynt_buy_youzan"
ERROR - 2017-05-24 12:00:14 --> Could not find the language line "mynt_buy_jd"
ERROR - 2017-05-24 12:00:44 --> Could not find the language line "mynt_buy_taobao"
ERROR - 2017-05-24 12:00:44 --> Could not find the language line "mynt_buy_tmall"
ERROR - 2017-05-24 12:00:44 --> Could not find the language line "mynt_buy_youzan"
ERROR - 2017-05-24 12:00:44 --> Could not find the language line "mynt_buy_jd"
ERROR - 2017-05-24 12:00:53 --> Could not find the language line "home_cloud_title"
ERROR - 2017-05-24 12:00:53 --> Could not find the language line "home_cloud_intro"
ERROR - 2017-05-24 12:00:53 --> Could not find the language line "mynt_buy_taobao"
ERROR - 2017-05-24 12:00:53 --> Could not find the language line "mynt_buy_tmall"
ERROR - 2017-05-24 12:00:53 --> Could not find the language line "mynt_buy_youzan"
ERROR - 2017-05-24 12:00:53 --> Could not find the language line "mynt_buy_jd"
ERROR - 2017-05-24 12:01:03 --> Could not find the language line "mynt_buy_taobao"
ERROR - 2017-05-24 12:01:03 --> Could not find the language line "mynt_buy_tmall"
ERROR - 2017-05-24 12:01:03 --> Could not find the language line "mynt_buy_youzan"
ERROR - 2017-05-24 12:01:03 --> Could not find the language line "mynt_buy_jd"
ERROR - 2017-05-24 12:01:27 --> Could not find the language line "home_cloud_title"
ERROR - 2017-05-24 12:01:27 --> Could not find the language line "home_cloud_intro"
ERROR - 2017-05-24 12:01:28 --> Could not find the language line "mynt_buy_taobao"
ERROR - 2017-05-24 12:01:28 --> Could not find the language line "mynt_buy_tmall"
ERROR - 2017-05-24 12:01:28 --> Could not find the language line "mynt_buy_youzan"
ERROR - 2017-05-24 12:01:28 --> Could not find the language line "mynt_buy_jd"
ERROR - 2017-05-24 12:01:31 --> Could not find the language line "about_keywords"
ERROR - 2017-05-24 12:01:31 --> Could not find the language line "mynt_buy_taobao"
ERROR - 2017-05-24 12:01:31 --> Could not find the language line "mynt_buy_tmall"
ERROR - 2017-05-24 12:01:31 --> Could not find the language line "mynt_buy_youzan"
ERROR - 2017-05-24 12:01:31 --> Could not find the language line "mynt_buy_jd"
ERROR - 2017-05-24 12:01:40 --> Could not find the language line "home_cloud_title"
ERROR - 2017-05-24 12:01:40 --> Could not find the language line "home_cloud_intro"
ERROR - 2017-05-24 12:01:43 --> Could not find the language line "mynt_buy_taobao"
ERROR - 2017-05-24 12:01:43 --> Could not find the language line "mynt_buy_tmall"
ERROR - 2017-05-24 12:01:43 --> Could not find the language line "mynt_buy_youzan"
ERROR - 2017-05-24 12:01:43 --> Could not find the language line "mynt_buy_jd"
ERROR - 2017-05-24 12:02:02 --> Could not find the language line "mynt_buy_taobao"
ERROR - 2017-05-24 12:02:02 --> Could not find the language line "mynt_buy_tmall"
ERROR - 2017-05-24 12:02:02 --> Could not find the language line "mynt_buy_youzan"
ERROR - 2017-05-24 12:02:02 --> Could not find the language line "mynt_buy_jd"
ERROR - 2017-05-24 12:02:11 --> Could not find the language line "home_cloud_title"
ERROR - 2017-05-24 12:02:11 --> Could not find the language line "home_cloud_intro"
ERROR - 2017-05-24 12:02:12 --> Could not find the language line "mynt_buy_taobao"
ERROR - 2017-05-24 12:02:12 --> Could not find the language line "mynt_buy_tmall"
ERROR - 2017-05-24 12:02:12 --> Could not find the language line "mynt_buy_youzan"
ERROR - 2017-05-24 12:02:12 --> Could not find the language line "mynt_buy_jd"
ERROR - 2017-05-24 12:02:21 --> Could not find the language line "mynt_buy_taobao"
ERROR - 2017-05-24 12:02:21 --> Could not find the language line "mynt_buy_tmall"
ERROR - 2017-05-24 12:02:21 --> Could not find the language line "mynt_buy_youzan"
ERROR - 2017-05-24 12:02:21 --> Could not find the language line "mynt_buy_jd"
ERROR - 2017-05-24 12:08:25 --> Could not find the language line "mynt_buy_taobao"
ERROR - 2017-05-24 12:08:25 --> Could not find the language line "mynt_buy_tmall"
ERROR - 2017-05-24 12:08:25 --> Could not find the language line "mynt_buy_youzan"
ERROR - 2017-05-24 12:08:25 --> Could not find the language line "mynt_buy_jd"
ERROR - 2017-05-24 12:08:46 --> Could not find the language line "mynt_buy_taobao"
ERROR - 2017-05-24 12:08:46 --> Could not find the language line "mynt_buy_tmall"
ERROR - 2017-05-24 12:08:46 --> Could not find the language line "mynt_buy_youzan"
ERROR - 2017-05-24 12:08:46 --> Could not find the language line "mynt_buy_jd"
ERROR - 2017-05-24 12:09:00 --> Could not find the language line "mynt_buy_taobao"
ERROR - 2017-05-24 12:09:00 --> Could not find the language line "mynt_buy_tmall"
ERROR - 2017-05-24 12:09:00 --> Could not find the language line "mynt_buy_youzan"
ERROR - 2017-05-24 12:09:00 --> Could not find the language line "mynt_buy_jd"
ERROR - 2017-05-24 12:11:45 --> Could not find the language line "mynt_buy_taobao"
ERROR - 2017-05-24 12:11:45 --> Could not find the language line "mynt_buy_tmall"
ERROR - 2017-05-24 12:11:45 --> Could not find the language line "mynt_buy_youzan"
ERROR - 2017-05-24 12:11:45 --> Could not find the language line "mynt_buy_jd"
ERROR - 2017-05-24 12:11:53 --> Could not find the language line "mynt_buy_taobao"
ERROR - 2017-05-24 12:11:53 --> Could not find the language line "mynt_buy_tmall"
ERROR - 2017-05-24 12:11:53 --> Could not find the language line "mynt_buy_youzan"
ERROR - 2017-05-24 12:11:53 --> Could not find the language line "mynt_buy_jd"
ERROR - 2017-05-24 12:12:38 --> Could not find the language line "mynt_buy_taobao"
ERROR - 2017-05-24 12:12:38 --> Could not find the language line "mynt_buy_tmall"
ERROR - 2017-05-24 12:12:38 --> Could not find the language line "mynt_buy_youzan"
ERROR - 2017-05-24 12:12:38 --> Could not find the language line "mynt_buy_jd"
ERROR - 2017-05-24 12:12:45 --> Could not find the language line "mynt_buy_taobao"
ERROR - 2017-05-24 12:12:45 --> Could not find the language line "mynt_buy_tmall"
ERROR - 2017-05-24 12:12:45 --> Could not find the language line "mynt_buy_youzan"
ERROR - 2017-05-24 12:12:45 --> Could not find the language line "mynt_buy_jd"
ERROR - 2017-05-24 12:13:03 --> Could not find the language line "mynt_buy_taobao"
ERROR - 2017-05-24 12:13:03 --> Could not find the language line "mynt_buy_tmall"
ERROR - 2017-05-24 12:13:03 --> Could not find the language line "mynt_buy_youzan"
ERROR - 2017-05-24 12:13:03 --> Could not find the language line "mynt_buy_jd"
ERROR - 2017-05-24 12:13:43 --> Could not find the language line "mynt_buy_taobao"
ERROR - 2017-05-24 12:13:43 --> Could not find the language line "mynt_buy_tmall"
ERROR - 2017-05-24 12:13:43 --> Could not find the language line "mynt_buy_youzan"
ERROR - 2017-05-24 12:13:43 --> Could not find the language line "mynt_buy_jd"
ERROR - 2017-05-24 12:14:38 --> Could not find the language line "mynt_buy_taobao"
ERROR - 2017-05-24 12:14:38 --> Could not find the language line "mynt_buy_tmall"
ERROR - 2017-05-24 12:14:38 --> Could not find the language line "mynt_buy_youzan"
ERROR - 2017-05-24 12:14:38 --> Could not find the language line "mynt_buy_jd"
ERROR - 2017-05-24 12:39:34 --> Could not find the language line "home_cloud_title"
ERROR - 2017-05-24 12:39:34 --> Could not find the language line "home_cloud_intro"
ERROR - 2017-05-24 12:39:34 --> Could not find the language line "mynt_buy_taobao"
ERROR - 2017-05-24 12:39:34 --> Could not find the language line "mynt_buy_tmall"
ERROR - 2017-05-24 12:39:34 --> Could not find the language line "mynt_buy_youzan"
ERROR - 2017-05-24 12:39:34 --> Could not find the language line "mynt_buy_jd"
ERROR - 2017-05-24 12:40:48 --> Could not find the language line "home_cloud_title"
ERROR - 2017-05-24 12:40:48 --> Could not find the language line "home_cloud_intro"
ERROR - 2017-05-24 12:40:48 --> Could not find the language line "mynt_buy_taobao"
ERROR - 2017-05-24 12:40:48 --> Could not find the language line "mynt_buy_tmall"
ERROR - 2017-05-24 12:40:48 --> Could not find the language line "mynt_buy_youzan"
ERROR - 2017-05-24 12:40:48 --> Could not find the language line "mynt_buy_jd"
ERROR - 2017-05-24 12:41:27 --> Could not find the language line "home_cloud_title"
ERROR - 2017-05-24 12:41:27 --> Could not find the language line "home_cloud_intro"
ERROR - 2017-05-24 12:41:28 --> Could not find the language line "mynt_buy_taobao"
ERROR - 2017-05-24 12:41:28 --> Could not find the language line "mynt_buy_tmall"
ERROR - 2017-05-24 12:41:28 --> Could not find the language line "mynt_buy_youzan"
ERROR - 2017-05-24 12:41:28 --> Could not find the language line "mynt_buy_jd"
ERROR - 2017-05-24 12:44:44 --> Could not find the language line "home_cloud_title"
ERROR - 2017-05-24 12:44:44 --> Could not find the language line "home_cloud_intro"
ERROR - 2017-05-24 12:44:45 --> Could not find the language line "mynt_buy_taobao"
ERROR - 2017-05-24 12:44:45 --> Could not find the language line "mynt_buy_tmall"
ERROR - 2017-05-24 12:44:45 --> Could not find the language line "mynt_buy_youzan"
ERROR - 2017-05-24 12:44:45 --> Could not find the language line "mynt_buy_jd"
ERROR - 2017-05-24 12:45:41 --> Could not find the language line "home_cloud_title"
ERROR - 2017-05-24 12:45:41 --> Could not find the language line "home_cloud_intro"
ERROR - 2017-05-24 12:45:42 --> Could not find the language line "mynt_buy_taobao"
ERROR - 2017-05-24 12:45:42 --> Could not find the language line "mynt_buy_tmall"
ERROR - 2017-05-24 12:45:42 --> Could not find the language line "mynt_buy_youzan"
ERROR - 2017-05-24 12:45:42 --> Could not find the language line "mynt_buy_jd"
ERROR - 2017-05-24 12:46:23 --> Could not find the language line "home_cloud_title"
ERROR - 2017-05-24 12:46:23 --> Could not find the language line "home_cloud_intro"
ERROR - 2017-05-24 12:46:24 --> Could not find the language line "mynt_buy_taobao"
ERROR - 2017-05-24 12:46:24 --> Could not find the language line "mynt_buy_tmall"
ERROR - 2017-05-24 12:46:24 --> Could not find the language line "mynt_buy_youzan"
ERROR - 2017-05-24 12:46:24 --> Could not find the language line "mynt_buy_jd"
ERROR - 2017-05-24 12:46:28 --> Could not find the language line "home_cloud_title"
ERROR - 2017-05-24 12:46:28 --> Could not find the language line "home_cloud_intro"
ERROR - 2017-05-24 12:46:29 --> Could not find the language line "mynt_buy_taobao"
ERROR - 2017-05-24 12:46:29 --> Could not find the language line "mynt_buy_tmall"
ERROR - 2017-05-24 12:46:29 --> Could not find the language line "mynt_buy_youzan"
ERROR - 2017-05-24 12:46:29 --> Could not find the language line "mynt_buy_jd"
ERROR - 2017-05-24 12:47:30 --> Could not find the language line "home_cloud_title"
ERROR - 2017-05-24 12:47:30 --> Could not find the language line "home_cloud_intro"
ERROR - 2017-05-24 12:47:32 --> Could not find the language line "mynt_buy_taobao"
ERROR - 2017-05-24 12:47:32 --> Could not find the language line "mynt_buy_tmall"
ERROR - 2017-05-24 12:47:32 --> Could not find the language line "mynt_buy_youzan"
ERROR - 2017-05-24 12:47:32 --> Could not find the language line "mynt_buy_jd"
ERROR - 2017-05-24 12:49:56 --> Could not find the language line "home_cloud_title"
ERROR - 2017-05-24 12:49:56 --> Could not find the language line "home_cloud_intro"
ERROR - 2017-05-24 12:49:57 --> Could not find the language line "mynt_buy_taobao"
ERROR - 2017-05-24 12:49:57 --> Could not find the language line "mynt_buy_tmall"
ERROR - 2017-05-24 12:49:57 --> Could not find the language line "mynt_buy_youzan"
ERROR - 2017-05-24 12:49:57 --> Could not find the language line "mynt_buy_jd"
ERROR - 2017-05-24 12:50:35 --> Could not find the language line "home_cloud_title"
ERROR - 2017-05-24 12:50:35 --> Could not find the language line "home_cloud_intro"
ERROR - 2017-05-24 12:50:36 --> Could not find the language line "mynt_buy_taobao"
ERROR - 2017-05-24 12:50:36 --> Could not find the language line "mynt_buy_tmall"
ERROR - 2017-05-24 12:50:36 --> Could not find the language line "mynt_buy_youzan"
ERROR - 2017-05-24 12:50:36 --> Could not find the language line "mynt_buy_jd"
ERROR - 2017-05-24 12:51:27 --> Could not find the language line "home_cloud_title"
ERROR - 2017-05-24 12:51:27 --> Could not find the language line "home_cloud_intro"
ERROR - 2017-05-24 12:51:29 --> Could not find the language line "mynt_buy_taobao"
ERROR - 2017-05-24 12:51:29 --> Could not find the language line "mynt_buy_tmall"
ERROR - 2017-05-24 12:51:29 --> Could not find the language line "mynt_buy_youzan"
ERROR - 2017-05-24 12:51:29 --> Could not find the language line "mynt_buy_jd"
