ERROR - 2017-08-23 03:45:15 --> Could not find the language line "mynt_buy_amazon"
ERROR - 2017-08-23 03:45:15 --> Could not find the language line "about_keywords"
ERROR - 2017-08-23 03:45:15 --> Could not find the language line "about_company"
ERROR - 2017-08-23 03:46:11 --> Could not find the language line "mynt_buy_amazon"
ERROR - 2017-08-23 03:46:15 --> Could not find the language line "mynt_buy_amazon"
ERROR - 2017-08-23 03:46:43 --> Could not find the language line "mynt_buy_amazon"
ERROR - 2017-08-23 03:46:43 --> Could not find the language line "about_keywords"
ERROR - 2017-08-23 03:46:58 --> Could not find the language line "mynt_buy_amazon"
ERROR - 2017-08-23 03:46:58 --> Could not find the language line "home_slife_title"
ERROR - 2017-08-23 03:46:58 --> Could not find the language line "mynt_icon_buy"
ERROR - 2017-08-23 03:55:02 --> Could not find the language line "mynt_buy_amazon"
ERROR - 2017-08-23 03:55:02 --> Could not find the language line "home_slife_title"
ERROR - 2017-08-23 03:55:02 --> Could not find the language line "mynt_icon_buy"
ERROR - 2017-08-23 03:56:12 --> Could not find the language line "mynt_buy_amazon"
ERROR - 2017-08-23 03:56:12 --> Could not find the language line "home_slife_title"
ERROR - 2017-08-23 03:56:12 --> Could not find the language line "mynt_icon_buy"
ERROR - 2017-08-23 03:56:13 --> Could not find the language line "mynt_buy_amazon"
ERROR - 2017-08-23 03:56:13 --> Could not find the language line "home_slife_title"
ERROR - 2017-08-23 03:56:13 --> Could not find the language line "mynt_icon_buy"
ERROR - 2017-08-23 03:56:17 --> Could not find the language line "mynt_buy_amazon"
ERROR - 2017-08-23 03:56:17 --> Could not find the language line "home_slife_title"
ERROR - 2017-08-23 03:56:17 --> Could not find the language line "mynt_icon_buy"
ERROR - 2017-08-23 03:56:18 --> Could not find the language line "mynt_buy_amazon"
ERROR - 2017-08-23 03:56:18 --> Could not find the language line "home_slife_title"
ERROR - 2017-08-23 03:56:18 --> Could not find the language line "mynt_icon_buy"
ERROR - 2017-08-23 03:56:20 --> Could not find the language line "mynt_buy_amazon"
ERROR - 2017-08-23 03:56:20 --> Could not find the language line "home_slife_title"
ERROR - 2017-08-23 03:56:20 --> Could not find the language line "mynt_icon_buy"
ERROR - 2017-08-23 03:56:21 --> Could not find the language line "mynt_buy_amazon"
ERROR - 2017-08-23 03:56:21 --> Could not find the language line "home_slife_title"
ERROR - 2017-08-23 03:56:21 --> Could not find the language line "mynt_icon_buy"
ERROR - 2017-08-23 03:56:21 --> Could not find the language line "mynt_buy_amazon"
ERROR - 2017-08-23 03:56:21 --> Could not find the language line "home_slife_title"
ERROR - 2017-08-23 03:56:21 --> Could not find the language line "mynt_icon_buy"
ERROR - 2017-08-23 03:56:21 --> Could not find the language line "mynt_buy_amazon"
ERROR - 2017-08-23 03:56:21 --> Could not find the language line "home_slife_title"
ERROR - 2017-08-23 03:56:21 --> Could not find the language line "mynt_icon_buy"
ERROR - 2017-08-23 03:56:33 --> Could not find the language line "mynt_buy_amazon"
ERROR - 2017-08-23 03:56:33 --> Could not find the language line "home_slife_title"
ERROR - 2017-08-23 03:56:33 --> Could not find the language line "mynt_icon_buy"
ERROR - 2017-08-23 03:56:37 --> Could not find the language line "mynt_buy_amazon"
ERROR - 2017-08-23 03:56:37 --> Could not find the language line "home_slife_title"
ERROR - 2017-08-23 03:56:37 --> Could not find the language line "mynt_icon_buy"
ERROR - 2017-08-23 03:56:40 --> Could not find the language line "mynt_buy_amazon"
ERROR - 2017-08-23 03:56:40 --> Could not find the language line "home_slife_title"
ERROR - 2017-08-23 03:56:40 --> Could not find the language line "mynt_icon_buy"
ERROR - 2017-08-23 03:56:52 --> Could not find the language line "mynt_buy_amazon"
ERROR - 2017-08-23 03:56:52 --> Could not find the language line "home_slife_title"
ERROR - 2017-08-23 03:56:52 --> Could not find the language line "mynt_icon_buy"
ERROR - 2017-08-23 03:56:54 --> Could not find the language line "mynt_buy_amazon"
ERROR - 2017-08-23 03:56:54 --> Could not find the language line "home_slife_title"
ERROR - 2017-08-23 03:56:54 --> Could not find the language line "mynt_icon_buy"
ERROR - 2017-08-23 03:57:01 --> Could not find the language line "mynt_buy_amazon"
ERROR - 2017-08-23 03:57:01 --> Could not find the language line "home_slife_title"
ERROR - 2017-08-23 03:57:01 --> Could not find the language line "mynt_icon_buy"
ERROR - 2017-08-23 03:57:02 --> Could not find the language line "mynt_buy_amazon"
ERROR - 2017-08-23 03:57:02 --> Could not find the language line "home_slife_title"
ERROR - 2017-08-23 03:57:02 --> Could not find the language line "mynt_icon_buy"
ERROR - 2017-08-23 03:57:03 --> Could not find the language line "mynt_buy_amazon"
ERROR - 2017-08-23 03:57:03 --> Could not find the language line "home_slife_title"
ERROR - 2017-08-23 03:57:03 --> Could not find the language line "mynt_icon_buy"
ERROR - 2017-08-23 03:57:56 --> Could not find the language line "mynt_buy_amazon"
ERROR - 2017-08-23 03:57:56 --> Could not find the language line "home_slife_title"
ERROR - 2017-08-23 03:57:56 --> Could not find the language line "mynt_icon_buy"
ERROR - 2017-08-23 03:58:07 --> Could not find the language line "mynt_buy_amazon"
ERROR - 2017-08-23 03:58:07 --> Could not find the language line "home_slife_title"
ERROR - 2017-08-23 03:58:07 --> Could not find the language line "mynt_icon_buy"
ERROR - 2017-08-23 04:00:18 --> Could not find the language line "mynt_buy_amazon"
ERROR - 2017-08-23 04:00:18 --> Could not find the language line "home_slife_title"
ERROR - 2017-08-23 04:00:18 --> Could not find the language line "mynt_icon_buy"
ERROR - 2017-08-23 04:00:19 --> Could not find the language line "mynt_buy_amazon"
ERROR - 2017-08-23 04:00:19 --> Could not find the language line "home_slife_title"
ERROR - 2017-08-23 04:00:19 --> Could not find the language line "mynt_icon_buy"
ERROR - 2017-08-23 04:00:54 --> Could not find the language line "mynt_buy_amazon"
ERROR - 2017-08-23 04:00:54 --> Could not find the language line "home_slife_title"
ERROR - 2017-08-23 04:00:54 --> Could not find the language line "mynt_icon_buy"
ERROR - 2017-08-23 04:00:56 --> Could not find the language line "mynt_buy_amazon"
ERROR - 2017-08-23 04:00:56 --> Could not find the language line "home_slife_title"
ERROR - 2017-08-23 04:00:56 --> Could not find the language line "mynt_icon_buy"
ERROR - 2017-08-23 04:00:56 --> Could not find the language line "mynt_buy_amazon"
ERROR - 2017-08-23 04:00:56 --> Could not find the language line "home_slife_title"
ERROR - 2017-08-23 04:00:56 --> Could not find the language line "mynt_icon_buy"
ERROR - 2017-08-23 04:00:56 --> Could not find the language line "mynt_buy_amazon"
ERROR - 2017-08-23 04:00:56 --> Could not find the language line "home_slife_title"
ERROR - 2017-08-23 04:00:56 --> Could not find the language line "mynt_icon_buy"
ERROR - 2017-08-23 04:01:13 --> Could not find the language line "mynt_buy_amazon"
ERROR - 2017-08-23 04:01:13 --> Could not find the language line "home_slife_title"
ERROR - 2017-08-23 04:01:13 --> Could not find the language line "mynt_icon_buy"
ERROR - 2017-08-23 04:02:01 --> Could not find the language line "mynt_buy_amazon"
ERROR - 2017-08-23 04:02:01 --> Could not find the language line "home_slife_title"
ERROR - 2017-08-23 04:02:01 --> Could not find the language line "mynt_icon_buy"
ERROR - 2017-08-23 04:04:18 --> Could not find the language line "mynt_buy_amazon"
ERROR - 2017-08-23 04:04:18 --> Could not find the language line "home_slife_title"
ERROR - 2017-08-23 04:04:18 --> Could not find the language line "mynt_icon_buy"
ERROR - 2017-08-23 04:13:37 --> Could not find the language line "mynt_buy_amazon"
ERROR - 2017-08-23 04:13:37 --> Could not find the language line "about_keywords"
ERROR - 2017-08-23 04:13:40 --> Could not find the language line "mynt_buy_amazon"
ERROR - 2017-08-23 04:13:40 --> Could not find the language line "home_slife_title"
ERROR - 2017-08-23 04:13:40 --> Could not find the language line "mynt_icon_buy"
ERROR - 2017-08-23 04:18:01 --> Could not find the language line "mynt_buy_amazon"
ERROR - 2017-08-23 04:18:01 --> Could not find the language line "home_slife_title"
ERROR - 2017-08-23 04:18:01 --> Could not find the language line "mynt_icon_buy"
ERROR - 2017-08-23 04:18:02 --> Could not find the language line "mynt_buy_amazon"
ERROR - 2017-08-23 04:18:02 --> Could not find the language line "home_slife_title"
ERROR - 2017-08-23 04:18:02 --> Could not find the language line "mynt_icon_buy"
ERROR - 2017-08-23 07:29:53 --> Could not find the language line "mynt_buy_amazon"
ERROR - 2017-08-23 07:29:53 --> Could not find the language line "about_keywords"
ERROR - 2017-08-23 07:29:59 --> Could not find the language line "mynt_buy_amazon"
ERROR - 2017-08-23 07:29:59 --> Could not find the language line "mynt_buy_amazon"
ERROR - 2017-08-23 07:29:59 --> Could not find the language line "about_keywords"
ERROR - 2017-08-23 07:29:59 --> Could not find the language line "about_company"
ERROR - 2017-08-23 07:30:13 --> Could not find the language line "mynt_buy_amazon"
ERROR - 2017-08-23 07:30:13 --> Could not find the language line "about_keywords"
ERROR - 2017-08-23 07:30:13 --> Could not find the language line "about_company"
ERROR - 2017-08-23 07:30:15 --> Could not find the language line "mynt_buy_amazon"
ERROR - 2017-08-23 07:30:15 --> Could not find the language line "about_keywords"
ERROR - 2017-08-23 07:30:15 --> Could not find the language line "about_company"
ERROR - 2017-08-23 07:32:07 --> Could not find the language line "mynt_buy_amazon"
ERROR - 2017-08-23 07:32:07 --> Could not find the language line "about_keywords"
ERROR - 2017-08-23 07:32:07 --> Could not find the language line "about_company"
ERROR - 2017-08-23 07:34:12 --> Could not find the language line "mynt_buy_amazon"
ERROR - 2017-08-23 07:34:12 --> Could not find the language line "home_slife_title"
ERROR - 2017-08-23 07:34:12 --> Could not find the language line "mynt_icon_buy"
ERROR - 2017-08-23 07:35:37 --> Could not find the language line "mynt_buy_amazon"
ERROR - 2017-08-23 07:35:37 --> Could not find the language line "about_keywords"
ERROR - 2017-08-23 07:35:37 --> Could not find the language line "about_company"
