ERROR - 2017-08-05 02:57:01 --> Could not find the language line "mynt_buy_taobao"
ERROR - 2017-08-05 02:57:01 --> Could not find the language line "mynt_buy_tmall"
ERROR - 2017-08-05 02:57:01 --> Could not find the language line "mynt_buy_jd"
ERROR - 2017-08-05 03:22:26 --> Could not find the language line "mynt_buy_taobao"
ERROR - 2017-08-05 03:22:26 --> Could not find the language line "mynt_buy_tmall"
ERROR - 2017-08-05 03:22:26 --> Could not find the language line "mynt_buy_jd"
ERROR - 2017-08-05 03:22:26 --> Could not find the language line "mynt_icon_taobao"
ERROR - 2017-08-05 03:22:26 --> Could not find the language line "mynt_icon_tmall"
ERROR - 2017-08-05 03:22:26 --> Could not find the language line "mynt_icon_youzan"
ERROR - 2017-08-05 03:22:26 --> Could not find the language line "mynt_buy_taobao"
ERROR - 2017-08-05 03:22:26 --> Could not find the language line "mynt_buy_tmall"
ERROR - 2017-08-05 03:22:26 --> Could not find the language line "mynt_buy_jd"
ERROR - 2017-08-05 03:22:26 --> Could not find the language line "mynt_icon_taobao"
ERROR - 2017-08-05 03:22:26 --> Could not find the language line "mynt_icon_tmall"
ERROR - 2017-08-05 03:22:26 --> Could not find the language line "mynt_icon_youzan"
ERROR - 2017-08-05 03:22:27 --> Could not find the language line "mynt_buy_taobao"
ERROR - 2017-08-05 03:22:27 --> Could not find the language line "mynt_buy_tmall"
ERROR - 2017-08-05 03:22:27 --> Could not find the language line "mynt_buy_jd"
ERROR - 2017-08-05 03:22:51 --> Could not find the language line "mynt_buy_taobao"
ERROR - 2017-08-05 03:22:51 --> Could not find the language line "mynt_buy_tmall"
ERROR - 2017-08-05 03:22:51 --> Could not find the language line "mynt_buy_jd"
ERROR - 2017-08-05 03:22:51 --> Could not find the language line "mynt_icon_taobao"
ERROR - 2017-08-05 03:22:51 --> Could not find the language line "mynt_icon_tmall"
ERROR - 2017-08-05 03:22:51 --> Could not find the language line "mynt_icon_youzan"
ERROR - 2017-08-05 03:22:51 --> Could not find the language line "mynt_buy_taobao"
ERROR - 2017-08-05 03:22:51 --> Could not find the language line "mynt_buy_tmall"
ERROR - 2017-08-05 03:22:51 --> Could not find the language line "mynt_buy_jd"
ERROR - 2017-08-05 03:22:57 --> Could not find the language line "mynt_buy_taobao"
ERROR - 2017-08-05 03:22:57 --> Could not find the language line "mynt_buy_tmall"
ERROR - 2017-08-05 03:22:57 --> Could not find the language line "mynt_buy_jd"
ERROR - 2017-08-05 07:12:04 --> Could not find the language line "mynt_buy_taobao"
ERROR - 2017-08-05 07:12:04 --> Could not find the language line "mynt_buy_tmall"
ERROR - 2017-08-05 07:12:04 --> Could not find the language line "mynt_buy_jd"
ERROR - 2017-08-05 07:12:23 --> Could not find the language line "mynt_buy_taobao"
ERROR - 2017-08-05 07:12:23 --> Could not find the language line "mynt_buy_tmall"
ERROR - 2017-08-05 07:12:23 --> Could not find the language line "mynt_buy_jd"
ERROR - 2017-08-05 07:13:01 --> Could not find the language line "mynt_buy_taobao"
ERROR - 2017-08-05 07:13:01 --> Could not find the language line "mynt_buy_tmall"
ERROR - 2017-08-05 07:13:01 --> Could not find the language line "mynt_buy_jd"
ERROR - 2017-08-05 07:13:09 --> Could not find the language line "mynt_buy_taobao"
ERROR - 2017-08-05 07:13:09 --> Could not find the language line "mynt_buy_tmall"
ERROR - 2017-08-05 07:13:09 --> Could not find the language line "mynt_buy_jd"
ERROR - 2017-08-05 07:13:19 --> Could not find the language line "mynt_buy_taobao"
ERROR - 2017-08-05 07:13:19 --> Could not find the language line "mynt_buy_tmall"
ERROR - 2017-08-05 07:13:19 --> Could not find the language line "mynt_buy_jd"
ERROR - 2017-08-05 07:13:56 --> Could not find the language line "mynt_buy_taobao"
ERROR - 2017-08-05 07:13:56 --> Could not find the language line "mynt_buy_tmall"
ERROR - 2017-08-05 07:13:56 --> Could not find the language line "mynt_buy_jd"
ERROR - 2017-08-05 07:14:02 --> Could not find the language line "mynt_buy_taobao"
ERROR - 2017-08-05 07:14:02 --> Could not find the language line "mynt_buy_tmall"
ERROR - 2017-08-05 07:14:02 --> Could not find the language line "mynt_buy_jd"
ERROR - 2017-08-05 07:15:06 --> Could not find the language line "mynt_buy_taobao"
ERROR - 2017-08-05 07:15:06 --> Could not find the language line "mynt_buy_tmall"
ERROR - 2017-08-05 07:15:06 --> Could not find the language line "mynt_buy_jd"
ERROR - 2017-08-05 07:20:17 --> Could not find the language line "mynt_buy_taobao"
ERROR - 2017-08-05 07:20:17 --> Could not find the language line "mynt_buy_tmall"
ERROR - 2017-08-05 07:20:17 --> Could not find the language line "mynt_buy_jd"
ERROR - 2017-08-05 07:20:32 --> Could not find the language line "mynt_buy_taobao"
ERROR - 2017-08-05 07:20:32 --> Could not find the language line "mynt_buy_tmall"
ERROR - 2017-08-05 07:20:32 --> Could not find the language line "mynt_buy_jd"
ERROR - 2017-08-05 07:34:13 --> Could not find the language line "mynt_buy_taobao"
ERROR - 2017-08-05 07:34:13 --> Could not find the language line "mynt_buy_tmall"
ERROR - 2017-08-05 07:34:13 --> Could not find the language line "mynt_buy_jd"
ERROR - 2017-08-05 07:57:00 --> Could not find the language line "mynt_buy_taobao"
ERROR - 2017-08-05 07:57:00 --> Could not find the language line "mynt_buy_tmall"
ERROR - 2017-08-05 07:57:00 --> Could not find the language line "mynt_buy_jd"
ERROR - 2017-08-05 07:57:33 --> Could not find the language line "mynt_buy_taobao"
ERROR - 2017-08-05 07:57:33 --> Could not find the language line "mynt_buy_tmall"
ERROR - 2017-08-05 07:57:33 --> Could not find the language line "mynt_buy_jd"
ERROR - 2017-08-05 07:57:42 --> Could not find the language line "mynt_buy_taobao"
ERROR - 2017-08-05 07:57:42 --> Could not find the language line "mynt_buy_tmall"
ERROR - 2017-08-05 07:57:42 --> Could not find the language line "mynt_buy_jd"
ERROR - 2017-08-05 07:58:55 --> Could not find the language line "mynt_buy_taobao"
ERROR - 2017-08-05 07:58:55 --> Could not find the language line "mynt_buy_tmall"
ERROR - 2017-08-05 07:58:55 --> Could not find the language line "mynt_buy_jd"
ERROR - 2017-08-05 08:04:12 --> Could not find the language line "mynt_buy_taobao"
ERROR - 2017-08-05 08:04:12 --> Could not find the language line "mynt_buy_tmall"
ERROR - 2017-08-05 08:04:12 --> Could not find the language line "mynt_buy_jd"
ERROR - 2017-08-05 08:27:03 --> Could not find the language line "mynt_buy_taobao"
ERROR - 2017-08-05 08:27:03 --> Could not find the language line "mynt_buy_tmall"
ERROR - 2017-08-05 08:27:03 --> Could not find the language line "mynt_buy_jd"
ERROR - 2017-08-05 08:27:22 --> Could not find the language line "mynt_buy_taobao"
ERROR - 2017-08-05 08:27:22 --> Could not find the language line "mynt_buy_tmall"
ERROR - 2017-08-05 08:27:22 --> Could not find the language line "mynt_buy_jd"
ERROR - 2017-08-05 08:27:27 --> Could not find the language line "mynt_buy_taobao"
ERROR - 2017-08-05 08:27:27 --> Could not find the language line "mynt_buy_tmall"
ERROR - 2017-08-05 08:27:27 --> Could not find the language line "mynt_buy_jd"
ERROR - 2017-08-05 08:27:29 --> Could not find the language line "mynt_buy_taobao"
ERROR - 2017-08-05 08:27:29 --> Could not find the language line "mynt_buy_tmall"
ERROR - 2017-08-05 08:27:29 --> Could not find the language line "mynt_buy_jd"
ERROR - 2017-08-05 08:27:29 --> Could not find the language line "mynt_buy_taobao"
ERROR - 2017-08-05 08:27:29 --> Could not find the language line "mynt_buy_tmall"
ERROR - 2017-08-05 08:27:29 --> Could not find the language line "mynt_buy_jd"
ERROR - 2017-08-05 08:27:29 --> Could not find the language line "mynt_buy_taobao"
ERROR - 2017-08-05 08:27:29 --> Could not find the language line "mynt_buy_tmall"
ERROR - 2017-08-05 08:27:29 --> Could not find the language line "mynt_buy_jd"
ERROR - 2017-08-05 08:27:29 --> Could not find the language line "mynt_buy_taobao"
ERROR - 2017-08-05 08:27:29 --> Could not find the language line "mynt_buy_tmall"
ERROR - 2017-08-05 08:27:29 --> Could not find the language line "mynt_buy_jd"
ERROR - 2017-08-05 08:55:03 --> Could not find the language line "mynt_buy_taobao"
ERROR - 2017-08-05 08:55:03 --> Could not find the language line "mynt_buy_tmall"
ERROR - 2017-08-05 08:55:03 --> Could not find the language line "mynt_buy_jd"
ERROR - 2017-08-05 08:55:26 --> Could not find the language line "mynt_buy_taobao"
ERROR - 2017-08-05 08:55:26 --> Could not find the language line "mynt_buy_tmall"
ERROR - 2017-08-05 08:55:26 --> Could not find the language line "mynt_buy_jd"
ERROR - 2017-08-05 08:56:05 --> Could not find the language line "mynt_buy_taobao"
ERROR - 2017-08-05 08:56:05 --> Could not find the language line "mynt_buy_tmall"
ERROR - 2017-08-05 08:56:05 --> Could not find the language line "mynt_buy_jd"
ERROR - 2017-08-05 08:56:05 --> Could not find the language line "mynt_icon_taobao"
ERROR - 2017-08-05 08:56:05 --> Could not find the language line "mynt_icon_tmall"
ERROR - 2017-08-05 08:56:05 --> Could not find the language line "mynt_icon_youzan"
ERROR - 2017-08-05 08:56:05 --> Could not find the language line "mynt_buy_taobao"
ERROR - 2017-08-05 08:56:05 --> Could not find the language line "mynt_buy_tmall"
ERROR - 2017-08-05 08:56:05 --> Could not find the language line "mynt_buy_jd"
ERROR - 2017-08-05 08:56:14 --> Could not find the language line "mynt_buy_taobao"
ERROR - 2017-08-05 08:56:14 --> Could not find the language line "mynt_buy_tmall"
ERROR - 2017-08-05 08:56:14 --> Could not find the language line "mynt_buy_jd"
ERROR - 2017-08-05 08:56:14 --> Could not find the language line "mynt_icon_taobao"
ERROR - 2017-08-05 08:56:14 --> Could not find the language line "mynt_icon_tmall"
ERROR - 2017-08-05 08:56:14 --> Could not find the language line "mynt_icon_youzan"
ERROR - 2017-08-05 08:56:14 --> Could not find the language line "mynt_buy_taobao"
ERROR - 2017-08-05 08:56:14 --> Could not find the language line "mynt_buy_tmall"
ERROR - 2017-08-05 08:56:14 --> Could not find the language line "mynt_buy_jd"
ERROR - 2017-08-05 08:56:57 --> Could not find the language line "mynt_buy_taobao"
ERROR - 2017-08-05 08:56:57 --> Could not find the language line "mynt_buy_tmall"
ERROR - 2017-08-05 08:56:57 --> Could not find the language line "mynt_buy_jd"
ERROR - 2017-08-05 08:56:57 --> Could not find the language line "mynt_icon_taobao"
ERROR - 2017-08-05 08:56:57 --> Could not find the language line "mynt_icon_tmall"
ERROR - 2017-08-05 08:56:57 --> Could not find the language line "mynt_icon_youzan"
ERROR - 2017-08-05 08:56:57 --> Could not find the language line "mynt_buy_taobao"
ERROR - 2017-08-05 08:56:57 --> Could not find the language line "mynt_buy_tmall"
ERROR - 2017-08-05 08:56:57 --> Could not find the language line "mynt_buy_jd"
ERROR - 2017-08-05 08:57:02 --> Could not find the language line "mynt_buy_taobao"
ERROR - 2017-08-05 08:57:02 --> Could not find the language line "mynt_buy_tmall"
ERROR - 2017-08-05 08:57:02 --> Could not find the language line "mynt_buy_jd"
ERROR - 2017-08-05 08:57:08 --> Could not find the language line "mynt_buy_taobao"
ERROR - 2017-08-05 08:57:08 --> Could not find the language line "mynt_buy_tmall"
ERROR - 2017-08-05 08:57:08 --> Could not find the language line "mynt_buy_jd"
ERROR - 2017-08-05 08:57:31 --> Could not find the language line "mynt_buy_taobao"
ERROR - 2017-08-05 08:57:31 --> Could not find the language line "mynt_buy_tmall"
ERROR - 2017-08-05 08:57:31 --> Could not find the language line "mynt_buy_jd"
ERROR - 2017-08-05 08:57:55 --> Could not find the language line "mynt_buy_taobao"
ERROR - 2017-08-05 08:57:55 --> Could not find the language line "mynt_buy_tmall"
ERROR - 2017-08-05 08:57:55 --> Could not find the language line "mynt_buy_jd"
ERROR - 2017-08-05 08:57:55 --> Could not find the language line "mynt_icon_taobao"
ERROR - 2017-08-05 08:57:55 --> Could not find the language line "mynt_icon_tmall"
ERROR - 2017-08-05 08:57:55 --> Could not find the language line "mynt_icon_youzan"
ERROR - 2017-08-05 08:57:55 --> Could not find the language line "mynt_buy_taobao"
ERROR - 2017-08-05 08:57:55 --> Could not find the language line "mynt_buy_tmall"
ERROR - 2017-08-05 08:57:55 --> Could not find the language line "mynt_buy_jd"
ERROR - 2017-08-05 08:57:56 --> Could not find the language line "mynt_buy_taobao"
ERROR - 2017-08-05 08:57:56 --> Could not find the language line "mynt_buy_tmall"
ERROR - 2017-08-05 08:57:56 --> Could not find the language line "mynt_buy_jd"
ERROR - 2017-08-05 08:57:56 --> Could not find the language line "mynt_icon_taobao"
ERROR - 2017-08-05 08:57:56 --> Could not find the language line "mynt_icon_tmall"
ERROR - 2017-08-05 08:57:56 --> Could not find the language line "mynt_icon_youzan"
ERROR - 2017-08-05 08:57:56 --> Could not find the language line "mynt_buy_taobao"
ERROR - 2017-08-05 08:57:56 --> Could not find the language line "mynt_buy_tmall"
ERROR - 2017-08-05 08:57:56 --> Could not find the language line "mynt_buy_jd"
ERROR - 2017-08-05 08:57:56 --> Could not find the language line "mynt_icon_taobao"
ERROR - 2017-08-05 08:57:56 --> Could not find the language line "mynt_icon_tmall"
ERROR - 2017-08-05 08:57:56 --> Could not find the language line "mynt_icon_youzan"
ERROR - 2017-08-05 08:57:56 --> Could not find the language line "mynt_buy_taobao"
ERROR - 2017-08-05 08:57:56 --> Could not find the language line "mynt_buy_tmall"
ERROR - 2017-08-05 08:57:56 --> Could not find the language line "mynt_buy_jd"
ERROR - 2017-08-05 08:57:56 --> Could not find the language line "mynt_icon_taobao"
ERROR - 2017-08-05 08:57:56 --> Could not find the language line "mynt_icon_tmall"
ERROR - 2017-08-05 08:57:56 --> Could not find the language line "mynt_icon_youzan"
ERROR - 2017-08-05 08:57:56 --> Could not find the language line "mynt_buy_taobao"
ERROR - 2017-08-05 08:57:56 --> Could not find the language line "mynt_buy_tmall"
ERROR - 2017-08-05 08:57:56 --> Could not find the language line "mynt_buy_jd"
ERROR - 2017-08-05 08:57:59 --> Could not find the language line "mynt_buy_taobao"
ERROR - 2017-08-05 08:57:59 --> Could not find the language line "mynt_buy_tmall"
ERROR - 2017-08-05 08:57:59 --> Could not find the language line "mynt_buy_jd"
ERROR - 2017-08-05 08:58:01 --> Could not find the language line "mynt_buy_taobao"
ERROR - 2017-08-05 08:58:01 --> Could not find the language line "mynt_buy_tmall"
ERROR - 2017-08-05 08:58:01 --> Could not find the language line "mynt_buy_jd"
ERROR - 2017-08-05 08:58:03 --> Could not find the language line "mynt_buy_taobao"
ERROR - 2017-08-05 08:58:03 --> Could not find the language line "mynt_buy_tmall"
ERROR - 2017-08-05 08:58:03 --> Could not find the language line "mynt_buy_jd"
ERROR - 2017-08-05 08:58:03 --> Could not find the language line "mynt_icon_taobao"
ERROR - 2017-08-05 08:58:03 --> Could not find the language line "mynt_icon_tmall"
ERROR - 2017-08-05 08:58:03 --> Could not find the language line "mynt_icon_youzan"
ERROR - 2017-08-05 08:58:03 --> Could not find the language line "mynt_buy_taobao"
ERROR - 2017-08-05 08:58:03 --> Could not find the language line "mynt_buy_tmall"
ERROR - 2017-08-05 08:58:03 --> Could not find the language line "mynt_buy_jd"
ERROR - 2017-08-05 08:58:05 --> Could not find the language line "mynt_buy_taobao"
ERROR - 2017-08-05 08:58:05 --> Could not find the language line "mynt_buy_tmall"
ERROR - 2017-08-05 08:58:05 --> Could not find the language line "mynt_buy_jd"
ERROR - 2017-08-05 08:58:05 --> Could not find the language line "mynt_icon_taobao"
ERROR - 2017-08-05 08:58:05 --> Could not find the language line "mynt_icon_tmall"
ERROR - 2017-08-05 08:58:05 --> Could not find the language line "mynt_icon_youzan"
ERROR - 2017-08-05 08:58:05 --> Could not find the language line "mynt_buy_taobao"
ERROR - 2017-08-05 08:58:05 --> Could not find the language line "mynt_buy_tmall"
ERROR - 2017-08-05 08:58:05 --> Could not find the language line "mynt_buy_jd"
ERROR - 2017-08-05 08:58:09 --> Could not find the language line "mynt_buy_taobao"
ERROR - 2017-08-05 08:58:09 --> Could not find the language line "mynt_buy_tmall"
ERROR - 2017-08-05 08:58:09 --> Could not find the language line "mynt_buy_jd"
ERROR - 2017-08-05 08:58:09 --> Could not find the language line "mynt_icon_taobao"
ERROR - 2017-08-05 08:58:09 --> Could not find the language line "mynt_icon_tmall"
ERROR - 2017-08-05 08:58:09 --> Could not find the language line "mynt_icon_youzan"
ERROR - 2017-08-05 08:58:09 --> Could not find the language line "mynt_buy_taobao"
ERROR - 2017-08-05 08:58:09 --> Could not find the language line "mynt_buy_tmall"
ERROR - 2017-08-05 08:58:09 --> Could not find the language line "mynt_buy_jd"
ERROR - 2017-08-05 09:05:21 --> Could not find the language line "mynt_buy_taobao"
ERROR - 2017-08-05 09:05:21 --> Could not find the language line "mynt_buy_tmall"
ERROR - 2017-08-05 09:05:21 --> Could not find the language line "mynt_buy_jd"
ERROR - 2017-08-05 09:05:21 --> Could not find the language line "mynt_icon_taobao"
ERROR - 2017-08-05 09:05:21 --> Could not find the language line "mynt_icon_tmall"
ERROR - 2017-08-05 09:05:21 --> Could not find the language line "mynt_icon_youzan"
ERROR - 2017-08-05 09:05:21 --> Could not find the language line "mynt_buy_taobao"
ERROR - 2017-08-05 09:05:21 --> Could not find the language line "mynt_buy_tmall"
ERROR - 2017-08-05 09:05:21 --> Could not find the language line "mynt_buy_jd"
ERROR - 2017-08-05 09:05:26 --> Could not find the language line "mynt_buy_taobao"
ERROR - 2017-08-05 09:05:26 --> Could not find the language line "mynt_buy_tmall"
ERROR - 2017-08-05 09:05:26 --> Could not find the language line "mynt_buy_jd"
ERROR - 2017-08-05 09:05:48 --> Could not find the language line "mynt_buy_taobao"
ERROR - 2017-08-05 09:05:48 --> Could not find the language line "mynt_buy_tmall"
ERROR - 2017-08-05 09:05:48 --> Could not find the language line "mynt_buy_jd"
ERROR - 2017-08-05 09:09:46 --> Could not find the language line "mynt_buy_taobao"
ERROR - 2017-08-05 09:09:46 --> Could not find the language line "mynt_buy_tmall"
ERROR - 2017-08-05 09:09:46 --> Could not find the language line "mynt_buy_jd"
ERROR - 2017-08-05 09:10:10 --> Could not find the language line "mynt_buy_taobao"
ERROR - 2017-08-05 09:10:10 --> Could not find the language line "mynt_buy_tmall"
ERROR - 2017-08-05 09:10:10 --> Could not find the language line "mynt_buy_jd"
ERROR - 2017-08-05 09:10:34 --> Could not find the language line "mynt_buy_taobao"
ERROR - 2017-08-05 09:10:34 --> Could not find the language line "mynt_buy_tmall"
ERROR - 2017-08-05 09:10:34 --> Could not find the language line "mynt_buy_jd"
ERROR - 2017-08-05 09:11:20 --> Could not find the language line "mynt_buy_taobao"
ERROR - 2017-08-05 09:11:20 --> Could not find the language line "mynt_buy_tmall"
ERROR - 2017-08-05 09:11:20 --> Could not find the language line "mynt_buy_jd"
ERROR - 2017-08-05 09:12:18 --> Could not find the language line "mynt_buy_taobao"
ERROR - 2017-08-05 09:12:18 --> Could not find the language line "mynt_buy_tmall"
ERROR - 2017-08-05 09:12:18 --> Could not find the language line "mynt_buy_jd"
ERROR - 2017-08-05 09:18:39 --> Could not find the language line "mynt_buy_taobao"
ERROR - 2017-08-05 09:18:39 --> Could not find the language line "mynt_buy_tmall"
ERROR - 2017-08-05 09:18:39 --> Could not find the language line "mynt_buy_jd"
ERROR - 2017-08-05 09:35:37 --> Could not find the language line "mynt_buy_taobao"
ERROR - 2017-08-05 09:35:37 --> Could not find the language line "mynt_buy_tmall"
ERROR - 2017-08-05 09:35:37 --> Could not find the language line "mynt_buy_jd"
ERROR - 2017-08-05 09:36:19 --> Could not find the language line "mynt_buy_taobao"
ERROR - 2017-08-05 09:36:19 --> Could not find the language line "mynt_buy_tmall"
ERROR - 2017-08-05 09:36:19 --> Could not find the language line "mynt_buy_jd"
ERROR - 2017-08-05 09:36:31 --> Could not find the language line "mynt_buy_taobao"
ERROR - 2017-08-05 09:36:31 --> Could not find the language line "mynt_buy_tmall"
ERROR - 2017-08-05 09:36:31 --> Could not find the language line "mynt_buy_jd"
ERROR - 2017-08-05 09:36:45 --> Could not find the language line "mynt_buy_taobao"
ERROR - 2017-08-05 09:36:45 --> Could not find the language line "mynt_buy_tmall"
ERROR - 2017-08-05 09:36:45 --> Could not find the language line "mynt_buy_jd"
ERROR - 2017-08-05 09:38:23 --> Could not find the language line "mynt_buy_taobao"
ERROR - 2017-08-05 09:38:23 --> Could not find the language line "mynt_buy_tmall"
ERROR - 2017-08-05 09:38:23 --> Could not find the language line "mynt_buy_jd"
ERROR - 2017-08-05 09:50:06 --> Could not find the language line "mynt_buy_taobao"
ERROR - 2017-08-05 09:50:06 --> Could not find the language line "mynt_buy_tmall"
ERROR - 2017-08-05 09:50:06 --> Could not find the language line "mynt_buy_jd"
