ERROR - 2017-03-15 07:18:34 --> Could not find the language line "mynt_buy_taobao"
ERROR - 2017-03-15 07:18:34 --> Could not find the language line "mynt_buy_tmall"
ERROR - 2017-03-15 07:18:34 --> Could not find the language line "mynt_buy_youzan"
ERROR - 2017-03-15 07:18:34 --> Could not find the language line "mynt_buy_jd"
ERROR - 2017-03-15 07:18:34 --> Could not find the language line "about_keywords"
ERROR - 2017-03-15 07:18:34 --> Could not find the language line "about_facebook"
ERROR - 2017-03-15 07:18:34 --> Could not find the language line "about_twitter"
ERROR - 2017-03-15 07:18:34 --> Could not find the language line "about_weibo"
ERROR - 2017-03-15 07:18:35 --> Could not find the language line "mynt_buy_taobao"
ERROR - 2017-03-15 07:18:35 --> Could not find the language line "mynt_buy_tmall"
ERROR - 2017-03-15 07:18:35 --> Could not find the language line "mynt_buy_youzan"
ERROR - 2017-03-15 07:18:35 --> Could not find the language line "mynt_buy_jd"
ERROR - 2017-03-15 07:18:38 --> 404 Page Not Found: New/index
ERROR - 2017-03-15 07:18:42 --> Could not find the language line "mynt_buy_taobao"
ERROR - 2017-03-15 07:18:42 --> Could not find the language line "mynt_buy_tmall"
ERROR - 2017-03-15 07:18:42 --> Could not find the language line "mynt_buy_youzan"
ERROR - 2017-03-15 07:18:42 --> Could not find the language line "mynt_buy_jd"
ERROR - 2017-03-15 07:18:42 --> Could not find the language line "mynt_buy_taobao"
ERROR - 2017-03-15 07:18:42 --> Could not find the language line "mynt_buy_tmall"
ERROR - 2017-03-15 07:18:42 --> Could not find the language line "mynt_buy_youzan"
ERROR - 2017-03-15 07:18:42 --> Could not find the language line "mynt_buy_jd"
ERROR - 2017-03-15 07:18:54 --> Could not find the language line "mynt_buy_taobao"
ERROR - 2017-03-15 07:18:54 --> Could not find the language line "mynt_buy_tmall"
ERROR - 2017-03-15 07:18:54 --> Could not find the language line "mynt_buy_youzan"
ERROR - 2017-03-15 07:18:54 --> Could not find the language line "mynt_buy_jd"
ERROR - 2017-03-15 07:23:25 --> Could not find the language line "mynt_buy_taobao"
ERROR - 2017-03-15 07:23:25 --> Could not find the language line "mynt_buy_tmall"
ERROR - 2017-03-15 07:23:25 --> Could not find the language line "mynt_buy_youzan"
ERROR - 2017-03-15 07:23:25 --> Could not find the language line "mynt_buy_jd"
ERROR - 2017-03-15 07:24:46 --> Could not find the language line "mynt_buy_taobao"
ERROR - 2017-03-15 07:24:46 --> Could not find the language line "mynt_buy_tmall"
ERROR - 2017-03-15 07:24:46 --> Could not find the language line "mynt_buy_youzan"
ERROR - 2017-03-15 07:24:46 --> Could not find the language line "mynt_buy_jd"
ERROR - 2017-03-15 07:41:17 --> Could not find the language line "mynt_buy_taobao"
ERROR - 2017-03-15 07:41:17 --> Could not find the language line "mynt_buy_tmall"
ERROR - 2017-03-15 07:41:17 --> Could not find the language line "mynt_buy_youzan"
ERROR - 2017-03-15 07:41:17 --> Could not find the language line "mynt_buy_jd"
ERROR - 2017-03-15 07:41:26 --> Could not find the language line "mynt_buy_taobao"
ERROR - 2017-03-15 07:41:26 --> Could not find the language line "mynt_buy_tmall"
ERROR - 2017-03-15 07:41:26 --> Could not find the language line "mynt_buy_youzan"
ERROR - 2017-03-15 07:41:26 --> Could not find the language line "mynt_buy_jd"
ERROR - 2017-03-15 07:41:39 --> Could not find the language line "mynt_buy_taobao"
ERROR - 2017-03-15 07:41:39 --> Could not find the language line "mynt_buy_tmall"
ERROR - 2017-03-15 07:41:39 --> Could not find the language line "mynt_buy_youzan"
ERROR - 2017-03-15 07:41:39 --> Could not find the language line "mynt_buy_jd"
ERROR - 2017-03-15 07:42:52 --> Could not find the language line "mynt_buy_taobao"
ERROR - 2017-03-15 07:42:52 --> Could not find the language line "mynt_buy_tmall"
ERROR - 2017-03-15 07:42:52 --> Could not find the language line "mynt_buy_youzan"
ERROR - 2017-03-15 07:42:52 --> Could not find the language line "mynt_buy_jd"
ERROR - 2017-03-15 07:42:53 --> Could not find the language line "mynt_buy_taobao"
ERROR - 2017-03-15 07:42:53 --> Could not find the language line "mynt_buy_tmall"
ERROR - 2017-03-15 07:42:53 --> Could not find the language line "mynt_buy_youzan"
ERROR - 2017-03-15 07:42:53 --> Could not find the language line "mynt_buy_jd"
ERROR - 2017-03-15 07:43:19 --> Could not find the language line "mynt_buy_taobao"
ERROR - 2017-03-15 07:43:19 --> Could not find the language line "mynt_buy_tmall"
ERROR - 2017-03-15 07:43:19 --> Could not find the language line "mynt_buy_youzan"
ERROR - 2017-03-15 07:43:19 --> Could not find the language line "mynt_buy_jd"
ERROR - 2017-03-15 07:43:19 --> Could not find the language line "mynt_buy_taobao"
ERROR - 2017-03-15 07:43:19 --> Could not find the language line "mynt_buy_tmall"
ERROR - 2017-03-15 07:43:19 --> Could not find the language line "mynt_buy_youzan"
ERROR - 2017-03-15 07:43:19 --> Could not find the language line "mynt_buy_jd"
ERROR - 2017-03-15 07:43:20 --> Could not find the language line "mynt_buy_taobao"
ERROR - 2017-03-15 07:43:20 --> Could not find the language line "mynt_buy_tmall"
ERROR - 2017-03-15 07:43:20 --> Could not find the language line "mynt_buy_youzan"
ERROR - 2017-03-15 07:43:20 --> Could not find the language line "mynt_buy_jd"
ERROR - 2017-03-15 07:44:11 --> Could not find the language line "mynt_buy_taobao"
ERROR - 2017-03-15 07:44:11 --> Could not find the language line "mynt_buy_tmall"
ERROR - 2017-03-15 07:44:11 --> Could not find the language line "mynt_buy_youzan"
ERROR - 2017-03-15 07:44:11 --> Could not find the language line "mynt_buy_jd"
ERROR - 2017-03-15 07:44:12 --> Could not find the language line "mynt_buy_taobao"
ERROR - 2017-03-15 07:44:12 --> Could not find the language line "mynt_buy_tmall"
ERROR - 2017-03-15 07:44:12 --> Could not find the language line "mynt_buy_youzan"
ERROR - 2017-03-15 07:44:12 --> Could not find the language line "mynt_buy_jd"
ERROR - 2017-03-15 07:44:12 --> Could not find the language line "mynt_buy_taobao"
ERROR - 2017-03-15 07:44:12 --> Could not find the language line "mynt_buy_tmall"
ERROR - 2017-03-15 07:44:12 --> Could not find the language line "mynt_buy_youzan"
ERROR - 2017-03-15 07:44:12 --> Could not find the language line "mynt_buy_jd"
ERROR - 2017-03-15 07:44:12 --> Could not find the language line "mynt_buy_taobao"
ERROR - 2017-03-15 07:44:12 --> Could not find the language line "mynt_buy_tmall"
ERROR - 2017-03-15 07:44:12 --> Could not find the language line "mynt_buy_youzan"
ERROR - 2017-03-15 07:44:12 --> Could not find the language line "mynt_buy_jd"
ERROR - 2017-03-15 07:44:15 --> Could not find the language line "mynt_buy_taobao"
ERROR - 2017-03-15 07:44:15 --> Could not find the language line "mynt_buy_tmall"
ERROR - 2017-03-15 07:44:15 --> Could not find the language line "mynt_buy_youzan"
ERROR - 2017-03-15 07:44:15 --> Could not find the language line "mynt_buy_jd"
ERROR - 2017-03-15 07:44:16 --> Could not find the language line "mynt_buy_taobao"
ERROR - 2017-03-15 07:44:16 --> Could not find the language line "mynt_buy_tmall"
ERROR - 2017-03-15 07:44:16 --> Could not find the language line "mynt_buy_youzan"
ERROR - 2017-03-15 07:44:16 --> Could not find the language line "mynt_buy_jd"
ERROR - 2017-03-15 07:44:17 --> Could not find the language line "mynt_buy_taobao"
ERROR - 2017-03-15 07:44:17 --> Could not find the language line "mynt_buy_tmall"
ERROR - 2017-03-15 07:44:17 --> Could not find the language line "mynt_buy_youzan"
ERROR - 2017-03-15 07:44:17 --> Could not find the language line "mynt_buy_jd"
ERROR - 2017-03-15 07:44:17 --> Could not find the language line "mynt_buy_taobao"
ERROR - 2017-03-15 07:44:17 --> Could not find the language line "mynt_buy_tmall"
ERROR - 2017-03-15 07:44:17 --> Could not find the language line "mynt_buy_youzan"
ERROR - 2017-03-15 07:44:17 --> Could not find the language line "mynt_buy_jd"
ERROR - 2017-03-15 07:45:00 --> Could not find the language line "mynt_buy_taobao"
ERROR - 2017-03-15 07:45:00 --> Could not find the language line "mynt_buy_tmall"
ERROR - 2017-03-15 07:45:00 --> Could not find the language line "mynt_buy_youzan"
ERROR - 2017-03-15 07:45:00 --> Could not find the language line "mynt_buy_jd"
ERROR - 2017-03-15 07:46:54 --> Could not find the language line "mynt_buy_taobao"
ERROR - 2017-03-15 07:46:54 --> Could not find the language line "mynt_buy_tmall"
ERROR - 2017-03-15 07:46:54 --> Could not find the language line "mynt_buy_youzan"
ERROR - 2017-03-15 07:46:54 --> Could not find the language line "mynt_buy_jd"
ERROR - 2017-03-15 07:47:06 --> Could not find the language line "mynt_buy_taobao"
ERROR - 2017-03-15 07:47:06 --> Could not find the language line "mynt_buy_tmall"
ERROR - 2017-03-15 07:47:06 --> Could not find the language line "mynt_buy_youzan"
ERROR - 2017-03-15 07:47:06 --> Could not find the language line "mynt_buy_jd"
ERROR - 2017-03-15 07:47:19 --> Could not find the language line "mynt_buy_taobao"
ERROR - 2017-03-15 07:47:19 --> Could not find the language line "mynt_buy_tmall"
ERROR - 2017-03-15 07:47:19 --> Could not find the language line "mynt_buy_youzan"
ERROR - 2017-03-15 07:47:19 --> Could not find the language line "mynt_buy_jd"
ERROR - 2017-03-15 07:48:20 --> Could not find the language line "mynt_buy_taobao"
ERROR - 2017-03-15 07:48:20 --> Could not find the language line "mynt_buy_tmall"
ERROR - 2017-03-15 07:48:20 --> Could not find the language line "mynt_buy_youzan"
ERROR - 2017-03-15 07:48:20 --> Could not find the language line "mynt_buy_jd"
ERROR - 2017-03-15 07:48:24 --> Could not find the language line "mynt_buy_taobao"
ERROR - 2017-03-15 07:48:24 --> Could not find the language line "mynt_buy_tmall"
ERROR - 2017-03-15 07:48:24 --> Could not find the language line "mynt_buy_youzan"
ERROR - 2017-03-15 07:48:24 --> Could not find the language line "mynt_buy_jd"
ERROR - 2017-03-15 07:48:25 --> Could not find the language line "mynt_buy_taobao"
ERROR - 2017-03-15 07:48:25 --> Could not find the language line "mynt_buy_tmall"
ERROR - 2017-03-15 07:48:25 --> Could not find the language line "mynt_buy_youzan"
ERROR - 2017-03-15 07:48:25 --> Could not find the language line "mynt_buy_jd"
ERROR - 2017-03-15 07:48:26 --> Could not find the language line "mynt_buy_taobao"
ERROR - 2017-03-15 07:48:26 --> Could not find the language line "mynt_buy_tmall"
ERROR - 2017-03-15 07:48:26 --> Could not find the language line "mynt_buy_youzan"
ERROR - 2017-03-15 07:48:26 --> Could not find the language line "mynt_buy_jd"
ERROR - 2017-03-15 07:48:28 --> Could not find the language line "mynt_buy_taobao"
ERROR - 2017-03-15 07:48:28 --> Could not find the language line "mynt_buy_tmall"
ERROR - 2017-03-15 07:48:28 --> Could not find the language line "mynt_buy_youzan"
ERROR - 2017-03-15 07:48:28 --> Could not find the language line "mynt_buy_jd"
ERROR - 2017-03-15 07:48:28 --> Could not find the language line "mynt_buy_taobao"
ERROR - 2017-03-15 07:48:28 --> Could not find the language line "mynt_buy_tmall"
ERROR - 2017-03-15 07:48:28 --> Could not find the language line "mynt_buy_youzan"
ERROR - 2017-03-15 07:48:28 --> Could not find the language line "mynt_buy_jd"
ERROR - 2017-03-15 07:48:28 --> Could not find the language line "mynt_buy_taobao"
ERROR - 2017-03-15 07:48:28 --> Could not find the language line "mynt_buy_tmall"
ERROR - 2017-03-15 07:48:28 --> Could not find the language line "mynt_buy_youzan"
ERROR - 2017-03-15 07:48:28 --> Could not find the language line "mynt_buy_jd"
ERROR - 2017-03-15 07:48:28 --> Could not find the language line "mynt_buy_taobao"
ERROR - 2017-03-15 07:48:28 --> Could not find the language line "mynt_buy_tmall"
ERROR - 2017-03-15 07:48:28 --> Could not find the language line "mynt_buy_youzan"
ERROR - 2017-03-15 07:48:28 --> Could not find the language line "mynt_buy_jd"
ERROR - 2017-03-15 07:48:28 --> Could not find the language line "mynt_buy_taobao"
ERROR - 2017-03-15 07:48:28 --> Could not find the language line "mynt_buy_tmall"
ERROR - 2017-03-15 07:48:28 --> Could not find the language line "mynt_buy_youzan"
ERROR - 2017-03-15 07:48:28 --> Could not find the language line "mynt_buy_jd"
ERROR - 2017-03-15 07:48:29 --> Could not find the language line "mynt_buy_taobao"
ERROR - 2017-03-15 07:48:29 --> Could not find the language line "mynt_buy_tmall"
ERROR - 2017-03-15 07:48:29 --> Could not find the language line "mynt_buy_youzan"
ERROR - 2017-03-15 07:48:29 --> Could not find the language line "mynt_buy_jd"
ERROR - 2017-03-15 07:48:29 --> Could not find the language line "mynt_buy_taobao"
ERROR - 2017-03-15 07:48:29 --> Could not find the language line "mynt_buy_tmall"
ERROR - 2017-03-15 07:48:29 --> Could not find the language line "mynt_buy_youzan"
ERROR - 2017-03-15 07:48:29 --> Could not find the language line "mynt_buy_jd"
ERROR - 2017-03-15 07:48:34 --> Could not find the language line "mynt_buy_taobao"
ERROR - 2017-03-15 07:48:34 --> Could not find the language line "mynt_buy_tmall"
ERROR - 2017-03-15 07:48:34 --> Could not find the language line "mynt_buy_youzan"
ERROR - 2017-03-15 07:48:34 --> Could not find the language line "mynt_buy_jd"
ERROR - 2017-03-15 07:48:50 --> Could not find the language line "mynt_buy_taobao"
ERROR - 2017-03-15 07:48:50 --> Could not find the language line "mynt_buy_tmall"
ERROR - 2017-03-15 07:48:50 --> Could not find the language line "mynt_buy_youzan"
ERROR - 2017-03-15 07:48:50 --> Could not find the language line "mynt_buy_jd"
ERROR - 2017-03-15 07:49:08 --> Could not find the language line "mynt_buy_taobao"
ERROR - 2017-03-15 07:49:08 --> Could not find the language line "mynt_buy_tmall"
ERROR - 2017-03-15 07:49:08 --> Could not find the language line "mynt_buy_youzan"
ERROR - 2017-03-15 07:49:08 --> Could not find the language line "mynt_buy_jd"
ERROR - 2017-03-15 07:50:57 --> Could not find the language line "mynt_buy_taobao"
ERROR - 2017-03-15 07:50:57 --> Could not find the language line "mynt_buy_tmall"
ERROR - 2017-03-15 07:50:57 --> Could not find the language line "mynt_buy_youzan"
ERROR - 2017-03-15 07:50:57 --> Could not find the language line "mynt_buy_jd"
ERROR - 2017-03-15 07:51:04 --> Could not find the language line "mynt_buy_taobao"
ERROR - 2017-03-15 07:51:04 --> Could not find the language line "mynt_buy_tmall"
ERROR - 2017-03-15 07:51:04 --> Could not find the language line "mynt_buy_youzan"
ERROR - 2017-03-15 07:51:04 --> Could not find the language line "mynt_buy_jd"
ERROR - 2017-03-15 07:51:23 --> Could not find the language line "mynt_buy_taobao"
ERROR - 2017-03-15 07:51:23 --> Could not find the language line "mynt_buy_tmall"
ERROR - 2017-03-15 07:51:23 --> Could not find the language line "mynt_buy_youzan"
ERROR - 2017-03-15 07:51:23 --> Could not find the language line "mynt_buy_jd"
ERROR - 2017-03-15 07:52:10 --> Could not find the language line "mynt_buy_taobao"
ERROR - 2017-03-15 07:52:10 --> Could not find the language line "mynt_buy_tmall"
ERROR - 2017-03-15 07:52:10 --> Could not find the language line "mynt_buy_youzan"
ERROR - 2017-03-15 07:52:10 --> Could not find the language line "mynt_buy_jd"
ERROR - 2017-03-15 07:56:43 --> Could not find the language line "mynt_buy_taobao"
ERROR - 2017-03-15 07:56:43 --> Could not find the language line "mynt_buy_tmall"
ERROR - 2017-03-15 07:56:43 --> Could not find the language line "mynt_buy_youzan"
ERROR - 2017-03-15 07:56:43 --> Could not find the language line "mynt_buy_jd"
ERROR - 2017-03-15 07:56:46 --> Could not find the language line "mynt_buy_taobao"
ERROR - 2017-03-15 07:56:46 --> Could not find the language line "mynt_buy_tmall"
ERROR - 2017-03-15 07:56:46 --> Could not find the language line "mynt_buy_youzan"
ERROR - 2017-03-15 07:56:46 --> Could not find the language line "mynt_buy_jd"
ERROR - 2017-03-15 08:06:06 --> Could not find the language line "mynt_buy_taobao"
ERROR - 2017-03-15 08:06:06 --> Could not find the language line "mynt_buy_tmall"
ERROR - 2017-03-15 08:06:06 --> Could not find the language line "mynt_buy_youzan"
ERROR - 2017-03-15 08:06:06 --> Could not find the language line "mynt_buy_jd"
