ERROR - 2017-10-20 06:02:11 --> Could not find the language line "mynt_buy_amazon"
ERROR - 2017-10-20 06:02:11 --> Could not find the language line "home_slife_title"
ERROR - 2017-10-20 06:02:11 --> Could not find the language line "mynt_icon_buy"
ERROR - 2017-10-20 06:02:12 --> Could not find the language line "mynt_buy_amazon"
ERROR - 2017-10-20 06:08:24 --> Could not find the language line "mynt_buy_amazon"
ERROR - 2017-10-20 06:08:24 --> Could not find the language line "home_slife_title"
ERROR - 2017-10-20 06:08:24 --> Could not find the language line "mynt_icon_buy"
ERROR - 2017-10-20 06:08:24 --> Could not find the language line "mynt_buy_amazon"
ERROR - 2017-10-20 06:08:31 --> Could not find the language line "mynt_buy_amazon"
ERROR - 2017-10-20 06:08:31 --> Could not find the language line "home_slife_title"
ERROR - 2017-10-20 06:08:31 --> Could not find the language line "mynt_icon_buy"
ERROR - 2017-10-20 06:08:31 --> Could not find the language line "mynt_buy_amazon"
ERROR - 2017-10-20 06:08:46 --> Could not find the language line "mynt_buy_amazon"
ERROR - 2017-10-20 06:08:47 --> Could not find the language line "mynt_buy_amazon"
ERROR - 2017-10-20 06:08:59 --> Could not find the language line "mynt_buy_amazon"
ERROR - 2017-10-20 06:08:59 --> Could not find the language line "mynt_buy_amazon"
ERROR - 2017-10-20 06:09:11 --> Could not find the language line "mynt_buy_amazon"
ERROR - 2017-10-20 06:09:11 --> Could not find the language line "mynt_buy_amazon"
ERROR - 2017-10-20 06:09:46 --> Could not find the language line "mynt_buy_amazon"
ERROR - 2017-10-20 06:09:47 --> Could not find the language line "mynt_buy_amazon"
ERROR - 2017-10-20 06:12:47 --> Could not find the language line "mynt_buy_amazon"
ERROR - 2017-10-20 06:13:42 --> Could not find the language line "mynt_buy_amazon"
ERROR - 2017-10-20 06:13:42 --> Could not find the language line "mynt_buy_amazon"
ERROR - 2017-10-20 06:25:29 --> Could not find the language line "mynt_buy_amazon"
ERROR - 2017-10-20 06:33:04 --> Could not find the language line "mynt_buy_amazon"
ERROR - 2017-10-20 06:33:04 --> Could not find the language line "mynt_buy_amazon"
ERROR - 2017-10-20 06:54:46 --> Could not find the language line "mynt_buy_amazon"
ERROR - 2017-10-20 06:54:47 --> Could not find the language line "mynt_buy_amazon"
ERROR - 2017-10-20 07:06:18 --> Could not find the language line "mynt_buy_amazon"
ERROR - 2017-10-20 07:06:18 --> Could not find the language line "home_slife_title"
ERROR - 2017-10-20 07:06:18 --> Could not find the language line "mynt_icon_buy"
ERROR - 2017-10-20 07:06:20 --> Could not find the language line "mynt_buy_amazon"
ERROR - 2017-10-20 07:06:24 --> Could not find the language line "mynt_buy_amazon"
ERROR - 2017-10-20 07:06:24 --> Could not find the language line "home_slife_title"
ERROR - 2017-10-20 07:06:24 --> Could not find the language line "mynt_icon_buy"
ERROR - 2017-10-20 07:06:24 --> Could not find the language line "mynt_buy_amazon"
ERROR - 2017-10-20 07:06:25 --> Could not find the language line "mynt_buy_amazon"
ERROR - 2017-10-20 07:06:25 --> Could not find the language line "home_slife_title"
ERROR - 2017-10-20 07:06:25 --> Could not find the language line "mynt_icon_buy"
ERROR - 2017-10-20 07:06:25 --> Could not find the language line "mynt_buy_amazon"
ERROR - 2017-10-20 07:06:25 --> Could not find the language line "home_slife_title"
ERROR - 2017-10-20 07:06:25 --> Could not find the language line "mynt_icon_buy"
ERROR - 2017-10-20 07:06:25 --> Could not find the language line "mynt_buy_amazon"
ERROR - 2017-10-20 07:06:25 --> Could not find the language line "home_slife_title"
ERROR - 2017-10-20 07:06:25 --> Could not find the language line "mynt_icon_buy"
ERROR - 2017-10-20 07:06:25 --> Could not find the language line "mynt_buy_amazon"
ERROR - 2017-10-20 07:06:50 --> Could not find the language line "mynt_buy_amazon"
ERROR - 2017-10-20 07:06:50 --> Could not find the language line "home_slife_title"
ERROR - 2017-10-20 07:06:50 --> Could not find the language line "mynt_icon_buy"
ERROR - 2017-10-20 07:06:51 --> Could not find the language line "mynt_buy_amazon"
ERROR - 2017-10-20 07:13:32 --> Could not find the language line "mynt_buy_amazon"
ERROR - 2017-10-20 07:13:32 --> Could not find the language line "mynt_buy_amazon"
ERROR - 2017-10-20 07:14:38 --> Could not find the language line "mynt_buy_amazon"
ERROR - 2017-10-20 07:14:38 --> Could not find the language line "mynt_buy_amazon"
ERROR - 2017-10-20 07:26:30 --> Could not find the language line "mynt_buy_amazon"
ERROR - 2017-10-20 07:26:30 --> Could not find the language line "mynt_buy_amazon"
ERROR - 2017-10-20 07:26:42 --> Could not find the language line "mynt_buy_amazon"
ERROR - 2017-10-20 07:26:42 --> Could not find the language line "mynt_buy_amazon"
ERROR - 2017-10-20 07:29:31 --> Could not find the language line "mynt_buy_amazon"
ERROR - 2017-10-20 07:29:31 --> Could not find the language line "mynt_buy_amazon"
ERROR - 2017-10-20 07:55:56 --> Could not find the language line "mynt_buy_amazon"
ERROR - 2017-10-20 07:55:57 --> Could not find the language line "mynt_buy_amazon"
ERROR - 2017-10-20 07:57:56 --> Could not find the language line "mynt_buy_amazon"
ERROR - 2017-10-20 07:57:57 --> Could not find the language line "mynt_buy_amazon"
ERROR - 2017-10-20 07:58:09 --> Could not find the language line "mynt_buy_amazon"
ERROR - 2017-10-20 07:58:09 --> Could not find the language line "mynt_buy_amazon"
ERROR - 2017-10-20 07:58:32 --> Could not find the language line "mynt_buy_amazon"
ERROR - 2017-10-20 07:58:32 --> Could not find the language line "mynt_buy_amazon"
ERROR - 2017-10-20 08:03:10 --> Could not find the language line "mynt_buy_amazon"
ERROR - 2017-10-20 08:03:11 --> Could not find the language line "mynt_buy_amazon"
ERROR - 2017-10-20 08:05:29 --> Could not find the language line "mynt_buy_amazon"
ERROR - 2017-10-20 08:05:29 --> Could not find the language line "mynt_buy_amazon"
ERROR - 2017-10-20 08:05:30 --> Could not find the language line "mynt_buy_amazon"
ERROR - 2017-10-20 08:05:30 --> Could not find the language line "mynt_buy_amazon"
ERROR - 2017-10-20 08:06:17 --> Could not find the language line "mynt_buy_amazon"
ERROR - 2017-10-20 08:06:17 --> Could not find the language line "mynt_buy_amazon"
ERROR - 2017-10-20 08:06:19 --> Could not find the language line "mynt_buy_amazon"
ERROR - 2017-10-20 08:06:19 --> Could not find the language line "mynt_buy_amazon"
ERROR - 2017-10-20 08:06:45 --> Could not find the language line "mynt_buy_amazon"
ERROR - 2017-10-20 08:06:45 --> Could not find the language line "mynt_buy_amazon"
ERROR - 2017-10-20 08:06:53 --> Could not find the language line "mynt_buy_amazon"
ERROR - 2017-10-20 08:06:53 --> Could not find the language line "mynt_buy_amazon"
ERROR - 2017-10-20 08:07:28 --> Could not find the language line "mynt_buy_amazon"
ERROR - 2017-10-20 08:07:28 --> Could not find the language line "about_keywords"
ERROR - 2017-10-20 08:07:28 --> Could not find the language line "about_company"
ERROR - 2017-10-20 08:07:29 --> Could not find the language line "mynt_buy_amazon"
ERROR - 2017-10-20 08:11:20 --> Could not find the language line "mynt_buy_amazon"
ERROR - 2017-10-20 08:11:30 --> Could not find the language line "mynt_buy_amazon"
ERROR - 2017-10-20 08:11:31 --> Could not find the language line "mynt_buy_amazon"
ERROR - 2017-10-20 08:19:04 --> Could not find the language line "mynt_buy_amazon"
ERROR - 2017-10-20 08:19:05 --> Could not find the language line "mynt_buy_amazon"
ERROR - 2017-10-20 08:19:06 --> Could not find the language line "mynt_buy_amazon"
ERROR - 2017-10-20 08:19:07 --> Could not find the language line "mynt_buy_amazon"
ERROR - 2017-10-20 08:19:23 --> Could not find the language line "mynt_buy_amazon"
ERROR - 2017-10-20 08:19:23 --> Could not find the language line "mynt_buy_amazon"
ERROR - 2017-10-20 08:23:18 --> Could not find the language line "mynt_buy_amazon"
ERROR - 2017-10-20 08:23:18 --> Could not find the language line "mynt_buy_amazon"
ERROR - 2017-10-20 08:24:22 --> Could not find the language line "mynt_buy_amazon"
ERROR - 2017-10-20 08:24:22 --> Could not find the language line "mynt_buy_amazon"
ERROR - 2017-10-20 08:24:24 --> Could not find the language line "mynt_buy_amazon"
ERROR - 2017-10-20 08:24:24 --> Could not find the language line "mynt_buy_amazon"
ERROR - 2017-10-20 08:24:45 --> Could not find the language line "mynt_buy_amazon"
ERROR - 2017-10-20 08:24:45 --> Could not find the language line "mynt_buy_amazon"
ERROR - 2017-10-20 08:25:03 --> Could not find the language line "mynt_buy_amazon"
ERROR - 2017-10-20 08:25:03 --> Could not find the language line "mynt_buy_amazon"
ERROR - 2017-10-20 08:25:51 --> Could not find the language line "mynt_buy_amazon"
ERROR - 2017-10-20 08:25:55 --> Could not find the language line "mynt_buy_amazon"
ERROR - 2017-10-20 08:27:42 --> Could not find the language line "mynt_buy_amazon"
ERROR - 2017-10-20 08:27:42 --> Could not find the language line "mynt_buy_amazon"
ERROR - 2017-10-20 08:28:00 --> Could not find the language line "mynt_buy_amazon"
ERROR - 2017-10-20 08:28:00 --> Could not find the language line "mynt_buy_amazon"
ERROR - 2017-10-20 08:28:38 --> Could not find the language line "mynt_buy_amazon"
ERROR - 2017-10-20 08:28:38 --> Could not find the language line "mynt_buy_amazon"
ERROR - 2017-10-20 08:28:50 --> Could not find the language line "mynt_buy_amazon"
ERROR - 2017-10-20 08:28:50 --> Could not find the language line "mynt_buy_amazon"
ERROR - 2017-10-20 08:29:29 --> Could not find the language line "mynt_buy_amazon"
ERROR - 2017-10-20 08:30:36 --> Could not find the language line "mynt_buy_amazon"
ERROR - 2017-10-20 08:30:36 --> Could not find the language line "mynt_buy_amazon"
ERROR - 2017-10-20 08:31:07 --> Could not find the language line "mynt_buy_amazon"
ERROR - 2017-10-20 08:31:36 --> Could not find the language line "mynt_buy_amazon"
ERROR - 2017-10-20 08:31:36 --> Could not find the language line "home_slife_title"
ERROR - 2017-10-20 08:31:36 --> Could not find the language line "mynt_icon_buy"
ERROR - 2017-10-20 08:31:37 --> Could not find the language line "mynt_buy_amazon"
ERROR - 2017-10-20 08:32:14 --> Could not find the language line "mynt_buy_amazon"
ERROR - 2017-10-20 08:32:21 --> Could not find the language line "mynt_buy_amazon"
ERROR - 2017-10-20 08:32:23 --> Could not find the language line "mynt_buy_amazon"
ERROR - 2017-10-20 08:32:25 --> Could not find the language line "mynt_buy_amazon"
ERROR - 2017-10-20 08:51:53 --> Could not find the language line "mynt_buy_amazon"
ERROR - 2017-10-20 09:01:35 --> Could not find the language line "mynt_buy_amazon"
ERROR - 2017-10-20 09:30:38 --> Could not find the language line "mynt_buy_amazon"
ERROR - 2017-10-20 09:30:38 --> Could not find the language line "home_slife_title"
ERROR - 2017-10-20 09:30:38 --> Could not find the language line "mynt_icon_buy"
ERROR - 2017-10-20 09:30:38 --> Could not find the language line "mynt_buy_amazon"
ERROR - 2017-10-20 09:30:39 --> Could not find the language line "mynt_buy_amazon"
ERROR - 2017-10-20 09:30:39 --> Could not find the language line "home_slife_title"
ERROR - 2017-10-20 09:30:39 --> Could not find the language line "mynt_icon_buy"
ERROR - 2017-10-20 09:30:40 --> Could not find the language line "mynt_buy_amazon"
ERROR - 2017-10-20 09:30:40 --> Could not find the language line "mynt_buy_amazon"
ERROR - 2017-10-20 09:30:40 --> Could not find the language line "home_slife_title"
ERROR - 2017-10-20 09:30:40 --> Could not find the language line "mynt_icon_buy"
ERROR - 2017-10-20 09:30:40 --> Could not find the language line "mynt_buy_amazon"
ERROR - 2017-10-20 09:30:41 --> Could not find the language line "mynt_buy_amazon"
ERROR - 2017-10-20 09:30:41 --> Could not find the language line "home_slife_title"
ERROR - 2017-10-20 09:30:41 --> Could not find the language line "mynt_icon_buy"
ERROR - 2017-10-20 09:30:41 --> Could not find the language line "mynt_buy_amazon"
ERROR - 2017-10-20 09:30:41 --> Could not find the language line "mynt_buy_amazon"
ERROR - 2017-10-20 09:30:41 --> Could not find the language line "home_slife_title"
ERROR - 2017-10-20 09:30:41 --> Could not find the language line "mynt_icon_buy"
ERROR - 2017-10-20 09:30:41 --> Could not find the language line "mynt_buy_amazon"
ERROR - 2017-10-20 09:30:41 --> Could not find the language line "mynt_buy_amazon"
ERROR - 2017-10-20 09:30:41 --> Could not find the language line "home_slife_title"
ERROR - 2017-10-20 09:30:41 --> Could not find the language line "mynt_icon_buy"
ERROR - 2017-10-20 09:30:41 --> Could not find the language line "mynt_buy_amazon"
ERROR - 2017-10-20 09:30:41 --> Could not find the language line "mynt_buy_amazon"
ERROR - 2017-10-20 09:30:41 --> Could not find the language line "home_slife_title"
ERROR - 2017-10-20 09:30:41 --> Could not find the language line "mynt_icon_buy"
ERROR - 2017-10-20 09:30:41 --> Could not find the language line "mynt_buy_amazon"
ERROR - 2017-10-20 09:30:41 --> Could not find the language line "mynt_buy_amazon"
ERROR - 2017-10-20 09:30:41 --> Could not find the language line "home_slife_title"
ERROR - 2017-10-20 09:30:41 --> Could not find the language line "mynt_icon_buy"
ERROR - 2017-10-20 09:30:41 --> Could not find the language line "mynt_buy_amazon"
ERROR - 2017-10-20 09:30:41 --> Could not find the language line "mynt_buy_amazon"
ERROR - 2017-10-20 09:30:41 --> Could not find the language line "home_slife_title"
ERROR - 2017-10-20 09:30:41 --> Could not find the language line "mynt_icon_buy"
ERROR - 2017-10-20 09:30:42 --> Could not find the language line "mynt_buy_amazon"
ERROR - 2017-10-20 09:30:42 --> Could not find the language line "mynt_buy_amazon"
ERROR - 2017-10-20 09:30:42 --> Could not find the language line "home_slife_title"
ERROR - 2017-10-20 09:30:42 --> Could not find the language line "mynt_icon_buy"
ERROR - 2017-10-20 09:30:42 --> Could not find the language line "mynt_buy_amazon"
ERROR - 2017-10-20 09:38:25 --> Could not find the language line "mynt_buy_amazon"
ERROR - 2017-10-20 09:38:25 --> Could not find the language line "home_slife_title"
ERROR - 2017-10-20 09:38:25 --> Could not find the language line "mynt_icon_buy"
ERROR - 2017-10-20 09:38:25 --> Could not find the language line "mynt_buy_amazon"
ERROR - 2017-10-20 09:38:26 --> Could not find the language line "mynt_buy_amazon"
ERROR - 2017-10-20 09:38:26 --> Could not find the language line "home_slife_title"
ERROR - 2017-10-20 09:38:26 --> Could not find the language line "mynt_icon_buy"
ERROR - 2017-10-20 09:38:26 --> Could not find the language line "mynt_buy_amazon"
ERROR - 2017-10-20 09:57:25 --> Could not find the language line "mynt_buy_amazon"
ERROR - 2017-10-20 09:57:25 --> Could not find the language line "home_slife_title"
ERROR - 2017-10-20 09:57:25 --> Could not find the language line "mynt_icon_buy"
ERROR - 2017-10-20 09:57:26 --> Could not find the language line "mynt_buy_amazon"
ERROR - 2017-10-20 09:58:04 --> Could not find the language line "mynt_buy_amazon"
ERROR - 2017-10-20 09:58:04 --> Could not find the language line "home_slife_title"
ERROR - 2017-10-20 09:58:04 --> Could not find the language line "mynt_icon_buy"
ERROR - 2017-10-20 09:58:04 --> Could not find the language line "mynt_buy_amazon"
