ERROR - 2017-04-27 02:21:17 --> Could not find the language line "mynt_buy_taobao"
ERROR - 2017-04-27 02:21:17 --> Could not find the language line "mynt_buy_tmall"
ERROR - 2017-04-27 02:21:17 --> Could not find the language line "mynt_buy_youzan"
ERROR - 2017-04-27 02:21:17 --> Could not find the language line "mynt_buy_jd"
ERROR - 2017-04-27 02:21:20 --> Could not find the language line "mynt_buy_taobao"
ERROR - 2017-04-27 02:21:20 --> Could not find the language line "mynt_buy_tmall"
ERROR - 2017-04-27 02:21:20 --> Could not find the language line "mynt_buy_youzan"
ERROR - 2017-04-27 02:21:20 --> Could not find the language line "mynt_buy_jd"
ERROR - 2017-04-27 02:21:21 --> Could not find the language line "mynt_buy_taobao"
ERROR - 2017-04-27 02:21:21 --> Could not find the language line "mynt_buy_tmall"
ERROR - 2017-04-27 02:21:21 --> Could not find the language line "mynt_buy_youzan"
ERROR - 2017-04-27 02:21:21 --> Could not find the language line "mynt_buy_jd"
ERROR - 2017-04-27 02:35:45 --> Could not find the language line "mynt_buy_taobao"
ERROR - 2017-04-27 02:35:45 --> Could not find the language line "mynt_buy_tmall"
ERROR - 2017-04-27 02:35:45 --> Could not find the language line "mynt_buy_youzan"
ERROR - 2017-04-27 02:35:45 --> Could not find the language line "mynt_buy_jd"
ERROR - 2017-04-27 02:52:36 --> Could not find the language line "mynt_buy_taobao"
ERROR - 2017-04-27 02:52:36 --> Could not find the language line "mynt_buy_tmall"
ERROR - 2017-04-27 02:52:36 --> Could not find the language line "mynt_buy_youzan"
ERROR - 2017-04-27 02:52:36 --> Could not find the language line "mynt_buy_jd"
ERROR - 2017-04-27 02:59:33 --> Could not find the language line "mynt_buy_taobao"
ERROR - 2017-04-27 02:59:33 --> Could not find the language line "mynt_buy_tmall"
ERROR - 2017-04-27 02:59:33 --> Could not find the language line "mynt_buy_youzan"
ERROR - 2017-04-27 02:59:33 --> Could not find the language line "mynt_buy_jd"
ERROR - 2017-04-27 03:00:12 --> Could not find the language line "mynt_buy_taobao"
ERROR - 2017-04-27 03:00:12 --> Could not find the language line "mynt_buy_tmall"
ERROR - 2017-04-27 03:00:12 --> Could not find the language line "mynt_buy_youzan"
ERROR - 2017-04-27 03:00:12 --> Could not find the language line "mynt_buy_jd"
ERROR - 2017-04-27 03:00:43 --> Could not find the language line "mynt_buy_taobao"
ERROR - 2017-04-27 03:00:43 --> Could not find the language line "mynt_buy_tmall"
ERROR - 2017-04-27 03:00:43 --> Could not find the language line "mynt_buy_youzan"
ERROR - 2017-04-27 03:00:43 --> Could not find the language line "mynt_buy_jd"
ERROR - 2017-04-27 03:01:13 --> Could not find the language line "mynt_buy_taobao"
ERROR - 2017-04-27 03:01:13 --> Could not find the language line "mynt_buy_tmall"
ERROR - 2017-04-27 03:01:13 --> Could not find the language line "mynt_buy_youzan"
ERROR - 2017-04-27 03:01:13 --> Could not find the language line "mynt_buy_jd"
ERROR - 2017-04-27 03:02:04 --> Could not find the language line "mynt_buy_taobao"
ERROR - 2017-04-27 03:02:04 --> Could not find the language line "mynt_buy_tmall"
ERROR - 2017-04-27 03:02:04 --> Could not find the language line "mynt_buy_youzan"
ERROR - 2017-04-27 03:02:04 --> Could not find the language line "mynt_buy_jd"
ERROR - 2017-04-27 03:02:20 --> Could not find the language line "mynt_buy_taobao"
ERROR - 2017-04-27 03:02:20 --> Could not find the language line "mynt_buy_tmall"
ERROR - 2017-04-27 03:02:20 --> Could not find the language line "mynt_buy_youzan"
ERROR - 2017-04-27 03:02:20 --> Could not find the language line "mynt_buy_jd"
ERROR - 2017-04-27 03:27:23 --> Could not find the language line "mynt_buy_taobao"
ERROR - 2017-04-27 03:27:23 --> Could not find the language line "mynt_buy_tmall"
ERROR - 2017-04-27 03:27:23 --> Could not find the language line "mynt_buy_youzan"
ERROR - 2017-04-27 03:27:23 --> Could not find the language line "mynt_buy_jd"
ERROR - 2017-04-27 03:30:48 --> Could not find the language line "mynt_buy_taobao"
ERROR - 2017-04-27 03:30:48 --> Could not find the language line "mynt_buy_tmall"
ERROR - 2017-04-27 03:30:48 --> Could not find the language line "mynt_buy_youzan"
ERROR - 2017-04-27 03:30:48 --> Could not find the language line "mynt_buy_jd"
ERROR - 2017-04-27 03:31:54 --> Could not find the language line "mynt_buy_taobao"
ERROR - 2017-04-27 03:31:54 --> Could not find the language line "mynt_buy_tmall"
ERROR - 2017-04-27 03:31:54 --> Could not find the language line "mynt_buy_youzan"
ERROR - 2017-04-27 03:31:54 --> Could not find the language line "mynt_buy_jd"
ERROR - 2017-04-27 03:34:06 --> Could not find the language line "mynt_buy_taobao"
ERROR - 2017-04-27 03:34:06 --> Could not find the language line "mynt_buy_tmall"
ERROR - 2017-04-27 03:34:06 --> Could not find the language line "mynt_buy_youzan"
ERROR - 2017-04-27 03:34:06 --> Could not find the language line "mynt_buy_jd"
ERROR - 2017-04-27 03:34:33 --> Could not find the language line "mynt_buy_taobao"
ERROR - 2017-04-27 03:34:33 --> Could not find the language line "mynt_buy_tmall"
ERROR - 2017-04-27 03:34:33 --> Could not find the language line "mynt_buy_youzan"
ERROR - 2017-04-27 03:34:33 --> Could not find the language line "mynt_buy_jd"
ERROR - 2017-04-27 03:34:36 --> Could not find the language line "mynt_buy_taobao"
ERROR - 2017-04-27 03:34:36 --> Could not find the language line "mynt_buy_tmall"
ERROR - 2017-04-27 03:34:36 --> Could not find the language line "mynt_buy_youzan"
ERROR - 2017-04-27 03:34:36 --> Could not find the language line "mynt_buy_jd"
ERROR - 2017-04-27 03:34:37 --> Could not find the language line "mynt_buy_taobao"
ERROR - 2017-04-27 03:34:37 --> Could not find the language line "mynt_buy_tmall"
ERROR - 2017-04-27 03:34:37 --> Could not find the language line "mynt_buy_youzan"
ERROR - 2017-04-27 03:34:37 --> Could not find the language line "mynt_buy_jd"
ERROR - 2017-04-27 03:34:38 --> Could not find the language line "mynt_buy_taobao"
ERROR - 2017-04-27 03:34:38 --> Could not find the language line "mynt_buy_tmall"
ERROR - 2017-04-27 03:34:38 --> Could not find the language line "mynt_buy_youzan"
ERROR - 2017-04-27 03:34:38 --> Could not find the language line "mynt_buy_jd"
ERROR - 2017-04-27 03:39:24 --> Could not find the language line "mynt_buy_taobao"
ERROR - 2017-04-27 03:39:24 --> Could not find the language line "mynt_buy_tmall"
ERROR - 2017-04-27 03:39:24 --> Could not find the language line "mynt_buy_youzan"
ERROR - 2017-04-27 03:39:24 --> Could not find the language line "mynt_buy_jd"
ERROR - 2017-04-27 03:39:34 --> Could not find the language line "mynt_buy_taobao"
ERROR - 2017-04-27 03:39:34 --> Could not find the language line "mynt_buy_tmall"
ERROR - 2017-04-27 03:39:34 --> Could not find the language line "mynt_buy_youzan"
ERROR - 2017-04-27 03:39:34 --> Could not find the language line "mynt_buy_jd"
ERROR - 2017-04-27 03:39:51 --> Could not find the language line "mynt_buy_taobao"
ERROR - 2017-04-27 03:39:51 --> Could not find the language line "mynt_buy_tmall"
ERROR - 2017-04-27 03:39:51 --> Could not find the language line "mynt_buy_youzan"
ERROR - 2017-04-27 03:39:51 --> Could not find the language line "mynt_buy_jd"
ERROR - 2017-04-27 03:40:01 --> Could not find the language line "mynt_buy_taobao"
ERROR - 2017-04-27 03:40:01 --> Could not find the language line "mynt_buy_tmall"
ERROR - 2017-04-27 03:40:01 --> Could not find the language line "mynt_buy_youzan"
ERROR - 2017-04-27 03:40:01 --> Could not find the language line "mynt_buy_jd"
ERROR - 2017-04-27 03:40:28 --> Could not find the language line "mynt_buy_taobao"
ERROR - 2017-04-27 03:40:28 --> Could not find the language line "mynt_buy_tmall"
ERROR - 2017-04-27 03:40:28 --> Could not find the language line "mynt_buy_youzan"
ERROR - 2017-04-27 03:40:28 --> Could not find the language line "mynt_buy_jd"
ERROR - 2017-04-27 03:40:31 --> Could not find the language line "mynt_buy_taobao"
ERROR - 2017-04-27 03:40:31 --> Could not find the language line "mynt_buy_tmall"
ERROR - 2017-04-27 03:40:31 --> Could not find the language line "mynt_buy_youzan"
ERROR - 2017-04-27 03:40:31 --> Could not find the language line "mynt_buy_jd"
ERROR - 2017-04-27 03:40:33 --> Could not find the language line "mynt_buy_taobao"
ERROR - 2017-04-27 03:40:33 --> Could not find the language line "mynt_buy_tmall"
ERROR - 2017-04-27 03:40:33 --> Could not find the language line "mynt_buy_youzan"
ERROR - 2017-04-27 03:40:33 --> Could not find the language line "mynt_buy_jd"
ERROR - 2017-04-27 03:40:40 --> Could not find the language line "mynt_buy_taobao"
ERROR - 2017-04-27 03:40:40 --> Could not find the language line "mynt_buy_tmall"
ERROR - 2017-04-27 03:40:40 --> Could not find the language line "mynt_buy_youzan"
ERROR - 2017-04-27 03:40:40 --> Could not find the language line "mynt_buy_jd"
ERROR - 2017-04-27 03:40:49 --> Could not find the language line "mynt_buy_taobao"
ERROR - 2017-04-27 03:40:49 --> Could not find the language line "mynt_buy_tmall"
ERROR - 2017-04-27 03:40:49 --> Could not find the language line "mynt_buy_youzan"
ERROR - 2017-04-27 03:40:49 --> Could not find the language line "mynt_buy_jd"
ERROR - 2017-04-27 03:41:37 --> Could not find the language line "mynt_buy_taobao"
ERROR - 2017-04-27 03:41:37 --> Could not find the language line "mynt_buy_tmall"
ERROR - 2017-04-27 03:41:37 --> Could not find the language line "mynt_buy_youzan"
ERROR - 2017-04-27 03:41:37 --> Could not find the language line "mynt_buy_jd"
ERROR - 2017-04-27 03:43:30 --> Could not find the language line "mynt_buy_taobao"
ERROR - 2017-04-27 03:43:30 --> Could not find the language line "mynt_buy_tmall"
ERROR - 2017-04-27 03:43:30 --> Could not find the language line "mynt_buy_youzan"
ERROR - 2017-04-27 03:43:30 --> Could not find the language line "mynt_buy_jd"
ERROR - 2017-04-27 03:46:45 --> Could not find the language line "mynt_buy_taobao"
ERROR - 2017-04-27 03:46:45 --> Could not find the language line "mynt_buy_tmall"
ERROR - 2017-04-27 03:46:45 --> Could not find the language line "mynt_buy_youzan"
ERROR - 2017-04-27 03:46:45 --> Could not find the language line "mynt_buy_jd"
ERROR - 2017-04-27 03:47:12 --> Could not find the language line "mynt_buy_taobao"
ERROR - 2017-04-27 03:47:12 --> Could not find the language line "mynt_buy_tmall"
ERROR - 2017-04-27 03:47:12 --> Could not find the language line "mynt_buy_youzan"
ERROR - 2017-04-27 03:47:12 --> Could not find the language line "mynt_buy_jd"
ERROR - 2017-04-27 03:47:21 --> Could not find the language line "mynt_buy_taobao"
ERROR - 2017-04-27 03:47:21 --> Could not find the language line "mynt_buy_tmall"
ERROR - 2017-04-27 03:47:21 --> Could not find the language line "mynt_buy_youzan"
ERROR - 2017-04-27 03:47:21 --> Could not find the language line "mynt_buy_jd"
ERROR - 2017-04-27 03:50:03 --> Could not find the language line "mynt_buy_taobao"
ERROR - 2017-04-27 03:50:03 --> Could not find the language line "mynt_buy_tmall"
ERROR - 2017-04-27 03:50:03 --> Could not find the language line "mynt_buy_youzan"
ERROR - 2017-04-27 03:50:03 --> Could not find the language line "mynt_buy_jd"
ERROR - 2017-04-27 03:50:04 --> Could not find the language line "mynt_buy_taobao"
ERROR - 2017-04-27 03:50:04 --> Could not find the language line "mynt_buy_tmall"
ERROR - 2017-04-27 03:50:04 --> Could not find the language line "mynt_buy_youzan"
ERROR - 2017-04-27 03:50:04 --> Could not find the language line "mynt_buy_jd"
ERROR - 2017-04-27 03:50:05 --> Could not find the language line "mynt_buy_taobao"
ERROR - 2017-04-27 03:50:05 --> Could not find the language line "mynt_buy_tmall"
ERROR - 2017-04-27 03:50:05 --> Could not find the language line "mynt_buy_youzan"
ERROR - 2017-04-27 03:50:05 --> Could not find the language line "mynt_buy_jd"
ERROR - 2017-04-27 03:50:05 --> Could not find the language line "mynt_buy_taobao"
ERROR - 2017-04-27 03:50:05 --> Could not find the language line "mynt_buy_tmall"
ERROR - 2017-04-27 03:50:05 --> Could not find the language line "mynt_buy_youzan"
ERROR - 2017-04-27 03:50:05 --> Could not find the language line "mynt_buy_jd"
ERROR - 2017-04-27 03:50:05 --> Could not find the language line "mynt_buy_taobao"
ERROR - 2017-04-27 03:50:05 --> Could not find the language line "mynt_buy_tmall"
ERROR - 2017-04-27 03:50:05 --> Could not find the language line "mynt_buy_youzan"
ERROR - 2017-04-27 03:50:05 --> Could not find the language line "mynt_buy_jd"
ERROR - 2017-04-27 03:55:26 --> Could not find the language line "mynt_buy_taobao"
ERROR - 2017-04-27 03:55:26 --> Could not find the language line "mynt_buy_tmall"
ERROR - 2017-04-27 03:55:26 --> Could not find the language line "mynt_buy_youzan"
ERROR - 2017-04-27 03:55:26 --> Could not find the language line "mynt_buy_jd"
ERROR - 2017-04-27 03:56:26 --> Could not find the language line "mynt_buy_taobao"
ERROR - 2017-04-27 03:56:26 --> Could not find the language line "mynt_buy_tmall"
ERROR - 2017-04-27 03:56:26 --> Could not find the language line "mynt_buy_youzan"
ERROR - 2017-04-27 03:56:26 --> Could not find the language line "mynt_buy_jd"
ERROR - 2017-04-27 03:59:46 --> Could not find the language line "mynt_buy_taobao"
ERROR - 2017-04-27 03:59:46 --> Could not find the language line "mynt_buy_tmall"
ERROR - 2017-04-27 03:59:46 --> Could not find the language line "mynt_buy_youzan"
ERROR - 2017-04-27 03:59:46 --> Could not find the language line "mynt_buy_jd"
ERROR - 2017-04-27 04:01:28 --> Could not find the language line "mynt_buy_taobao"
ERROR - 2017-04-27 04:01:28 --> Could not find the language line "mynt_buy_tmall"
ERROR - 2017-04-27 04:01:28 --> Could not find the language line "mynt_buy_youzan"
ERROR - 2017-04-27 04:01:28 --> Could not find the language line "mynt_buy_jd"
ERROR - 2017-04-27 04:05:44 --> Could not find the language line "mynt_buy_taobao"
ERROR - 2017-04-27 04:05:44 --> Could not find the language line "mynt_buy_tmall"
ERROR - 2017-04-27 04:05:44 --> Could not find the language line "mynt_buy_youzan"
ERROR - 2017-04-27 04:05:44 --> Could not find the language line "mynt_buy_jd"
ERROR - 2017-04-27 04:06:46 --> Could not find the language line "mynt_buy_taobao"
ERROR - 2017-04-27 04:06:46 --> Could not find the language line "mynt_buy_tmall"
ERROR - 2017-04-27 04:06:46 --> Could not find the language line "mynt_buy_youzan"
ERROR - 2017-04-27 04:06:46 --> Could not find the language line "mynt_buy_jd"
ERROR - 2017-04-27 04:07:08 --> Could not find the language line "mynt_buy_taobao"
ERROR - 2017-04-27 04:07:08 --> Could not find the language line "mynt_buy_tmall"
ERROR - 2017-04-27 04:07:08 --> Could not find the language line "mynt_buy_youzan"
ERROR - 2017-04-27 04:07:08 --> Could not find the language line "mynt_buy_jd"
ERROR - 2017-04-27 04:10:04 --> Could not find the language line "mynt_buy_taobao"
ERROR - 2017-04-27 04:10:04 --> Could not find the language line "mynt_buy_tmall"
ERROR - 2017-04-27 04:10:04 --> Could not find the language line "mynt_buy_youzan"
ERROR - 2017-04-27 04:10:04 --> Could not find the language line "mynt_buy_jd"
ERROR - 2017-04-27 04:10:55 --> Could not find the language line "mynt_buy_taobao"
ERROR - 2017-04-27 04:10:55 --> Could not find the language line "mynt_buy_tmall"
ERROR - 2017-04-27 04:10:55 --> Could not find the language line "mynt_buy_youzan"
ERROR - 2017-04-27 04:10:55 --> Could not find the language line "mynt_buy_jd"
ERROR - 2017-04-27 04:16:39 --> Could not find the language line "mynt_buy_taobao"
ERROR - 2017-04-27 04:16:39 --> Could not find the language line "mynt_buy_tmall"
ERROR - 2017-04-27 04:16:39 --> Could not find the language line "mynt_buy_youzan"
ERROR - 2017-04-27 04:16:39 --> Could not find the language line "mynt_buy_jd"
ERROR - 2017-04-27 04:16:50 --> Could not find the language line "mynt_buy_taobao"
ERROR - 2017-04-27 04:16:50 --> Could not find the language line "mynt_buy_tmall"
ERROR - 2017-04-27 04:16:50 --> Could not find the language line "mynt_buy_youzan"
ERROR - 2017-04-27 04:16:50 --> Could not find the language line "mynt_buy_jd"
ERROR - 2017-04-27 04:17:43 --> Could not find the language line "mynt_buy_taobao"
ERROR - 2017-04-27 04:17:43 --> Could not find the language line "mynt_buy_tmall"
ERROR - 2017-04-27 04:17:43 --> Could not find the language line "mynt_buy_youzan"
ERROR - 2017-04-27 04:17:43 --> Could not find the language line "mynt_buy_jd"
ERROR - 2017-04-27 04:18:26 --> Could not find the language line "mynt_buy_taobao"
ERROR - 2017-04-27 04:18:26 --> Could not find the language line "mynt_buy_tmall"
ERROR - 2017-04-27 04:18:26 --> Could not find the language line "mynt_buy_youzan"
ERROR - 2017-04-27 04:18:26 --> Could not find the language line "mynt_buy_jd"
ERROR - 2017-04-27 04:19:39 --> Could not find the language line "mynt_buy_taobao"
ERROR - 2017-04-27 04:19:39 --> Could not find the language line "mynt_buy_tmall"
ERROR - 2017-04-27 04:19:39 --> Could not find the language line "mynt_buy_youzan"
ERROR - 2017-04-27 04:19:39 --> Could not find the language line "mynt_buy_jd"
ERROR - 2017-04-27 04:23:39 --> Could not find the language line "mynt_buy_taobao"
ERROR - 2017-04-27 04:23:39 --> Could not find the language line "mynt_buy_tmall"
ERROR - 2017-04-27 04:23:39 --> Could not find the language line "mynt_buy_youzan"
ERROR - 2017-04-27 04:23:39 --> Could not find the language line "mynt_buy_jd"
ERROR - 2017-04-27 05:15:23 --> Could not find the language line "mynt_buy_taobao"
ERROR - 2017-04-27 05:15:23 --> Could not find the language line "mynt_buy_tmall"
ERROR - 2017-04-27 05:15:23 --> Could not find the language line "mynt_buy_youzan"
ERROR - 2017-04-27 05:15:23 --> Could not find the language line "mynt_buy_jd"
ERROR - 2017-04-27 05:16:04 --> Could not find the language line "mynt_buy_taobao"
ERROR - 2017-04-27 05:16:04 --> Could not find the language line "mynt_buy_tmall"
ERROR - 2017-04-27 05:16:04 --> Could not find the language line "mynt_buy_youzan"
ERROR - 2017-04-27 05:16:04 --> Could not find the language line "mynt_buy_jd"
ERROR - 2017-04-27 05:58:10 --> Could not find the language line "mynt_buy_taobao"
ERROR - 2017-04-27 05:58:10 --> Could not find the language line "mynt_buy_tmall"
ERROR - 2017-04-27 05:58:10 --> Could not find the language line "mynt_buy_youzan"
ERROR - 2017-04-27 05:58:10 --> Could not find the language line "mynt_buy_jd"
ERROR - 2017-04-27 05:59:35 --> Could not find the language line "mynt_buy_taobao"
ERROR - 2017-04-27 05:59:35 --> Could not find the language line "mynt_buy_tmall"
ERROR - 2017-04-27 05:59:35 --> Could not find the language line "mynt_buy_youzan"
ERROR - 2017-04-27 05:59:35 --> Could not find the language line "mynt_buy_jd"
ERROR - 2017-04-27 05:59:37 --> Could not find the language line "mynt_buy_taobao"
ERROR - 2017-04-27 05:59:37 --> Could not find the language line "mynt_buy_tmall"
ERROR - 2017-04-27 05:59:37 --> Could not find the language line "mynt_buy_youzan"
ERROR - 2017-04-27 05:59:37 --> Could not find the language line "mynt_buy_jd"
ERROR - 2017-04-27 05:59:46 --> Could not find the language line "mynt_buy_taobao"
ERROR - 2017-04-27 05:59:46 --> Could not find the language line "mynt_buy_tmall"
ERROR - 2017-04-27 05:59:46 --> Could not find the language line "mynt_buy_youzan"
ERROR - 2017-04-27 05:59:46 --> Could not find the language line "mynt_buy_jd"
ERROR - 2017-04-27 06:02:22 --> Could not find the language line "mynt_buy_taobao"
ERROR - 2017-04-27 06:02:22 --> Could not find the language line "mynt_buy_tmall"
ERROR - 2017-04-27 06:02:22 --> Could not find the language line "mynt_buy_youzan"
ERROR - 2017-04-27 06:02:22 --> Could not find the language line "mynt_buy_jd"
ERROR - 2017-04-27 06:04:25 --> Could not find the language line "mynt_buy_taobao"
ERROR - 2017-04-27 06:04:25 --> Could not find the language line "mynt_buy_tmall"
ERROR - 2017-04-27 06:04:25 --> Could not find the language line "mynt_buy_youzan"
ERROR - 2017-04-27 06:04:25 --> Could not find the language line "mynt_buy_jd"
ERROR - 2017-04-27 06:05:01 --> Could not find the language line "mynt_buy_taobao"
ERROR - 2017-04-27 06:05:01 --> Could not find the language line "mynt_buy_tmall"
ERROR - 2017-04-27 06:05:01 --> Could not find the language line "mynt_buy_youzan"
ERROR - 2017-04-27 06:05:01 --> Could not find the language line "mynt_buy_jd"
ERROR - 2017-04-27 06:08:26 --> Could not find the language line "mynt_buy_taobao"
ERROR - 2017-04-27 06:08:26 --> Could not find the language line "mynt_buy_tmall"
ERROR - 2017-04-27 06:08:26 --> Could not find the language line "mynt_buy_youzan"
ERROR - 2017-04-27 06:08:26 --> Could not find the language line "mynt_buy_jd"
ERROR - 2017-04-27 06:10:23 --> Could not find the language line "mynt_buy_taobao"
ERROR - 2017-04-27 06:10:23 --> Could not find the language line "mynt_buy_tmall"
ERROR - 2017-04-27 06:10:23 --> Could not find the language line "mynt_buy_youzan"
ERROR - 2017-04-27 06:10:23 --> Could not find the language line "mynt_buy_jd"
ERROR - 2017-04-27 06:11:40 --> Could not find the language line "mynt_buy_taobao"
ERROR - 2017-04-27 06:11:40 --> Could not find the language line "mynt_buy_tmall"
ERROR - 2017-04-27 06:11:40 --> Could not find the language line "mynt_buy_youzan"
ERROR - 2017-04-27 06:11:40 --> Could not find the language line "mynt_buy_jd"
ERROR - 2017-04-27 06:12:57 --> Could not find the language line "mynt_buy_taobao"
ERROR - 2017-04-27 06:12:57 --> Could not find the language line "mynt_buy_tmall"
ERROR - 2017-04-27 06:12:57 --> Could not find the language line "mynt_buy_youzan"
ERROR - 2017-04-27 06:12:57 --> Could not find the language line "mynt_buy_jd"
ERROR - 2017-04-27 06:13:43 --> Could not find the language line "mynt_buy_taobao"
ERROR - 2017-04-27 06:13:43 --> Could not find the language line "mynt_buy_tmall"
ERROR - 2017-04-27 06:13:43 --> Could not find the language line "mynt_buy_youzan"
ERROR - 2017-04-27 06:13:43 --> Could not find the language line "mynt_buy_jd"
ERROR - 2017-04-27 06:15:20 --> Could not find the language line "mynt_buy_taobao"
ERROR - 2017-04-27 06:15:20 --> Could not find the language line "mynt_buy_tmall"
ERROR - 2017-04-27 06:15:20 --> Could not find the language line "mynt_buy_youzan"
ERROR - 2017-04-27 06:15:20 --> Could not find the language line "mynt_buy_jd"
ERROR - 2017-04-27 06:15:28 --> Could not find the language line "mynt_buy_taobao"
ERROR - 2017-04-27 06:15:28 --> Could not find the language line "mynt_buy_tmall"
ERROR - 2017-04-27 06:15:28 --> Could not find the language line "mynt_buy_youzan"
ERROR - 2017-04-27 06:15:28 --> Could not find the language line "mynt_buy_jd"
ERROR - 2017-04-27 06:17:11 --> Could not find the language line "mynt_buy_taobao"
ERROR - 2017-04-27 06:17:11 --> Could not find the language line "mynt_buy_tmall"
ERROR - 2017-04-27 06:17:11 --> Could not find the language line "mynt_buy_youzan"
ERROR - 2017-04-27 06:17:11 --> Could not find the language line "mynt_buy_jd"
ERROR - 2017-04-27 06:20:09 --> Could not find the language line "mynt_buy_taobao"
ERROR - 2017-04-27 06:20:09 --> Could not find the language line "mynt_buy_tmall"
ERROR - 2017-04-27 06:20:09 --> Could not find the language line "mynt_buy_youzan"
ERROR - 2017-04-27 06:20:09 --> Could not find the language line "mynt_buy_jd"
ERROR - 2017-04-27 06:21:53 --> Could not find the language line "mynt_buy_taobao"
ERROR - 2017-04-27 06:21:53 --> Could not find the language line "mynt_buy_tmall"
ERROR - 2017-04-27 06:21:53 --> Could not find the language line "mynt_buy_youzan"
ERROR - 2017-04-27 06:21:53 --> Could not find the language line "mynt_buy_jd"
ERROR - 2017-04-27 06:25:09 --> Could not find the language line "mynt_buy_taobao"
ERROR - 2017-04-27 06:25:09 --> Could not find the language line "mynt_buy_tmall"
ERROR - 2017-04-27 06:25:09 --> Could not find the language line "mynt_buy_youzan"
ERROR - 2017-04-27 06:25:09 --> Could not find the language line "mynt_buy_jd"
ERROR - 2017-04-27 06:26:24 --> Could not find the language line "mynt_buy_taobao"
ERROR - 2017-04-27 06:26:24 --> Could not find the language line "mynt_buy_tmall"
ERROR - 2017-04-27 06:26:24 --> Could not find the language line "mynt_buy_youzan"
ERROR - 2017-04-27 06:26:24 --> Could not find the language line "mynt_buy_jd"
ERROR - 2017-04-27 06:28:48 --> Could not find the language line "mynt_buy_taobao"
ERROR - 2017-04-27 06:28:48 --> Could not find the language line "mynt_buy_tmall"
ERROR - 2017-04-27 06:28:48 --> Could not find the language line "mynt_buy_youzan"
ERROR - 2017-04-27 06:28:48 --> Could not find the language line "mynt_buy_jd"
ERROR - 2017-04-27 06:31:31 --> Could not find the language line "mynt_buy_taobao"
ERROR - 2017-04-27 06:31:31 --> Could not find the language line "mynt_buy_tmall"
ERROR - 2017-04-27 06:31:31 --> Could not find the language line "mynt_buy_youzan"
ERROR - 2017-04-27 06:31:31 --> Could not find the language line "mynt_buy_jd"
ERROR - 2017-04-27 06:32:04 --> Could not find the language line "mynt_buy_taobao"
ERROR - 2017-04-27 06:32:04 --> Could not find the language line "mynt_buy_tmall"
ERROR - 2017-04-27 06:32:04 --> Could not find the language line "mynt_buy_youzan"
ERROR - 2017-04-27 06:32:04 --> Could not find the language line "mynt_buy_jd"
ERROR - 2017-04-27 06:32:33 --> Could not find the language line "mynt_buy_taobao"
ERROR - 2017-04-27 06:32:33 --> Could not find the language line "mynt_buy_tmall"
ERROR - 2017-04-27 06:32:33 --> Could not find the language line "mynt_buy_youzan"
ERROR - 2017-04-27 06:32:33 --> Could not find the language line "mynt_buy_jd"
ERROR - 2017-04-27 06:33:29 --> Could not find the language line "mynt_buy_taobao"
ERROR - 2017-04-27 06:33:29 --> Could not find the language line "mynt_buy_tmall"
ERROR - 2017-04-27 06:33:29 --> Could not find the language line "mynt_buy_youzan"
ERROR - 2017-04-27 06:33:29 --> Could not find the language line "mynt_buy_jd"
ERROR - 2017-04-27 06:35:02 --> Could not find the language line "mynt_buy_taobao"
ERROR - 2017-04-27 06:35:02 --> Could not find the language line "mynt_buy_tmall"
ERROR - 2017-04-27 06:35:02 --> Could not find the language line "mynt_buy_youzan"
ERROR - 2017-04-27 06:35:02 --> Could not find the language line "mynt_buy_jd"
ERROR - 2017-04-27 06:35:16 --> Could not find the language line "mynt_buy_taobao"
ERROR - 2017-04-27 06:35:16 --> Could not find the language line "mynt_buy_tmall"
ERROR - 2017-04-27 06:35:16 --> Could not find the language line "mynt_buy_youzan"
ERROR - 2017-04-27 06:35:16 --> Could not find the language line "mynt_buy_jd"
ERROR - 2017-04-27 06:36:50 --> Could not find the language line "mynt_buy_taobao"
ERROR - 2017-04-27 06:36:50 --> Could not find the language line "mynt_buy_tmall"
ERROR - 2017-04-27 06:36:50 --> Could not find the language line "mynt_buy_youzan"
ERROR - 2017-04-27 06:36:50 --> Could not find the language line "mynt_buy_jd"
ERROR - 2017-04-27 06:43:38 --> Could not find the language line "mynt_buy_taobao"
ERROR - 2017-04-27 06:43:38 --> Could not find the language line "mynt_buy_tmall"
ERROR - 2017-04-27 06:43:38 --> Could not find the language line "mynt_buy_youzan"
ERROR - 2017-04-27 06:43:38 --> Could not find the language line "mynt_buy_jd"
ERROR - 2017-04-27 07:19:54 --> Could not find the language line "mynt_buy_taobao"
ERROR - 2017-04-27 07:19:54 --> Could not find the language line "mynt_buy_tmall"
ERROR - 2017-04-27 07:19:54 --> Could not find the language line "mynt_buy_youzan"
ERROR - 2017-04-27 07:19:54 --> Could not find the language line "mynt_buy_jd"
ERROR - 2017-04-27 07:20:46 --> Could not find the language line "mynt_buy_taobao"
ERROR - 2017-04-27 07:20:46 --> Could not find the language line "mynt_buy_tmall"
ERROR - 2017-04-27 07:20:46 --> Could not find the language line "mynt_buy_youzan"
ERROR - 2017-04-27 07:20:46 --> Could not find the language line "mynt_buy_jd"
ERROR - 2017-04-27 07:22:56 --> Could not find the language line "mynt_buy_taobao"
ERROR - 2017-04-27 07:22:56 --> Could not find the language line "mynt_buy_tmall"
ERROR - 2017-04-27 07:22:56 --> Could not find the language line "mynt_buy_youzan"
ERROR - 2017-04-27 07:22:56 --> Could not find the language line "mynt_buy_jd"
ERROR - 2017-04-27 07:23:51 --> Could not find the language line "mynt_buy_taobao"
ERROR - 2017-04-27 07:23:51 --> Could not find the language line "mynt_buy_tmall"
ERROR - 2017-04-27 07:23:51 --> Could not find the language line "mynt_buy_youzan"
ERROR - 2017-04-27 07:23:51 --> Could not find the language line "mynt_buy_jd"
ERROR - 2017-04-27 07:24:12 --> Could not find the language line "mynt_buy_taobao"
ERROR - 2017-04-27 07:24:12 --> Could not find the language line "mynt_buy_tmall"
ERROR - 2017-04-27 07:24:12 --> Could not find the language line "mynt_buy_youzan"
ERROR - 2017-04-27 07:24:12 --> Could not find the language line "mynt_buy_jd"
ERROR - 2017-04-27 07:25:16 --> Could not find the language line "mynt_buy_taobao"
ERROR - 2017-04-27 07:25:16 --> Could not find the language line "mynt_buy_tmall"
ERROR - 2017-04-27 07:25:16 --> Could not find the language line "mynt_buy_youzan"
ERROR - 2017-04-27 07:25:16 --> Could not find the language line "mynt_buy_jd"
ERROR - 2017-04-27 07:25:46 --> Could not find the language line "mynt_buy_taobao"
ERROR - 2017-04-27 07:25:46 --> Could not find the language line "mynt_buy_tmall"
ERROR - 2017-04-27 07:25:46 --> Could not find the language line "mynt_buy_youzan"
ERROR - 2017-04-27 07:25:46 --> Could not find the language line "mynt_buy_jd"
ERROR - 2017-04-27 07:27:45 --> Could not find the language line "mynt_buy_taobao"
ERROR - 2017-04-27 07:27:45 --> Could not find the language line "mynt_buy_tmall"
ERROR - 2017-04-27 07:27:45 --> Could not find the language line "mynt_buy_youzan"
ERROR - 2017-04-27 07:27:45 --> Could not find the language line "mynt_buy_jd"
ERROR - 2017-04-27 07:28:32 --> Could not find the language line "mynt_buy_taobao"
ERROR - 2017-04-27 07:28:32 --> Could not find the language line "mynt_buy_tmall"
ERROR - 2017-04-27 07:28:32 --> Could not find the language line "mynt_buy_youzan"
ERROR - 2017-04-27 07:28:32 --> Could not find the language line "mynt_buy_jd"
ERROR - 2017-04-27 07:33:51 --> Could not find the language line "mynt_buy_taobao"
ERROR - 2017-04-27 07:33:51 --> Could not find the language line "mynt_buy_tmall"
ERROR - 2017-04-27 07:33:51 --> Could not find the language line "mynt_buy_youzan"
ERROR - 2017-04-27 07:33:51 --> Could not find the language line "mynt_buy_jd"
ERROR - 2017-04-27 07:34:01 --> Could not find the language line "mynt_buy_taobao"
ERROR - 2017-04-27 07:34:01 --> Could not find the language line "mynt_buy_tmall"
ERROR - 2017-04-27 07:34:01 --> Could not find the language line "mynt_buy_youzan"
ERROR - 2017-04-27 07:34:01 --> Could not find the language line "mynt_buy_jd"
ERROR - 2017-04-27 07:37:48 --> Could not find the language line "mynt_buy_taobao"
ERROR - 2017-04-27 07:37:48 --> Could not find the language line "mynt_buy_tmall"
ERROR - 2017-04-27 07:37:48 --> Could not find the language line "mynt_buy_youzan"
ERROR - 2017-04-27 07:37:48 --> Could not find the language line "mynt_buy_jd"
ERROR - 2017-04-27 07:38:19 --> Could not find the language line "mynt_buy_taobao"
ERROR - 2017-04-27 07:38:19 --> Could not find the language line "mynt_buy_tmall"
ERROR - 2017-04-27 07:38:19 --> Could not find the language line "mynt_buy_youzan"
ERROR - 2017-04-27 07:38:19 --> Could not find the language line "mynt_buy_jd"
ERROR - 2017-04-27 07:38:46 --> Could not find the language line "mynt_buy_taobao"
ERROR - 2017-04-27 07:38:46 --> Could not find the language line "mynt_buy_tmall"
ERROR - 2017-04-27 07:38:46 --> Could not find the language line "mynt_buy_youzan"
ERROR - 2017-04-27 07:38:46 --> Could not find the language line "mynt_buy_jd"
ERROR - 2017-04-27 07:39:14 --> Could not find the language line "mynt_buy_taobao"
ERROR - 2017-04-27 07:39:14 --> Could not find the language line "mynt_buy_tmall"
ERROR - 2017-04-27 07:39:14 --> Could not find the language line "mynt_buy_youzan"
ERROR - 2017-04-27 07:39:14 --> Could not find the language line "mynt_buy_jd"
ERROR - 2017-04-27 07:39:51 --> Could not find the language line "mynt_buy_taobao"
ERROR - 2017-04-27 07:39:51 --> Could not find the language line "mynt_buy_tmall"
ERROR - 2017-04-27 07:39:51 --> Could not find the language line "mynt_buy_youzan"
ERROR - 2017-04-27 07:39:51 --> Could not find the language line "mynt_buy_jd"
ERROR - 2017-04-27 07:40:04 --> Could not find the language line "mynt_buy_taobao"
ERROR - 2017-04-27 07:40:04 --> Could not find the language line "mynt_buy_tmall"
ERROR - 2017-04-27 07:40:04 --> Could not find the language line "mynt_buy_youzan"
ERROR - 2017-04-27 07:40:04 --> Could not find the language line "mynt_buy_jd"
ERROR - 2017-04-27 07:41:27 --> Could not find the language line "mynt_buy_taobao"
ERROR - 2017-04-27 07:41:27 --> Could not find the language line "mynt_buy_tmall"
ERROR - 2017-04-27 07:41:27 --> Could not find the language line "mynt_buy_youzan"
ERROR - 2017-04-27 07:41:27 --> Could not find the language line "mynt_buy_jd"
ERROR - 2017-04-27 07:42:41 --> Could not find the language line "mynt_buy_taobao"
ERROR - 2017-04-27 07:42:41 --> Could not find the language line "mynt_buy_tmall"
ERROR - 2017-04-27 07:42:41 --> Could not find the language line "mynt_buy_youzan"
ERROR - 2017-04-27 07:42:41 --> Could not find the language line "mynt_buy_jd"
ERROR - 2017-04-27 07:44:05 --> Could not find the language line "mynt_buy_taobao"
ERROR - 2017-04-27 07:44:05 --> Could not find the language line "mynt_buy_tmall"
ERROR - 2017-04-27 07:44:05 --> Could not find the language line "mynt_buy_youzan"
ERROR - 2017-04-27 07:44:05 --> Could not find the language line "mynt_buy_jd"
ERROR - 2017-04-27 07:45:20 --> Could not find the language line "mynt_buy_taobao"
ERROR - 2017-04-27 07:45:20 --> Could not find the language line "mynt_buy_tmall"
ERROR - 2017-04-27 07:45:20 --> Could not find the language line "mynt_buy_youzan"
ERROR - 2017-04-27 07:45:20 --> Could not find the language line "mynt_buy_jd"
ERROR - 2017-04-27 07:46:18 --> Could not find the language line "mynt_buy_taobao"
ERROR - 2017-04-27 07:46:18 --> Could not find the language line "mynt_buy_tmall"
ERROR - 2017-04-27 07:46:18 --> Could not find the language line "mynt_buy_youzan"
ERROR - 2017-04-27 07:46:18 --> Could not find the language line "mynt_buy_jd"
ERROR - 2017-04-27 07:46:31 --> Could not find the language line "mynt_buy_taobao"
ERROR - 2017-04-27 07:46:31 --> Could not find the language line "mynt_buy_tmall"
ERROR - 2017-04-27 07:46:31 --> Could not find the language line "mynt_buy_youzan"
ERROR - 2017-04-27 07:46:31 --> Could not find the language line "mynt_buy_jd"
ERROR - 2017-04-27 07:49:23 --> Could not find the language line "mynt_buy_taobao"
ERROR - 2017-04-27 07:49:23 --> Could not find the language line "mynt_buy_tmall"
ERROR - 2017-04-27 07:49:23 --> Could not find the language line "mynt_buy_youzan"
ERROR - 2017-04-27 07:49:23 --> Could not find the language line "mynt_buy_jd"
ERROR - 2017-04-27 07:50:27 --> Could not find the language line "mynt_buy_taobao"
ERROR - 2017-04-27 07:50:27 --> Could not find the language line "mynt_buy_tmall"
ERROR - 2017-04-27 07:50:27 --> Could not find the language line "mynt_buy_youzan"
ERROR - 2017-04-27 07:50:27 --> Could not find the language line "mynt_buy_jd"
ERROR - 2017-04-27 07:50:41 --> Could not find the language line "mynt_buy_taobao"
ERROR - 2017-04-27 07:50:41 --> Could not find the language line "mynt_buy_tmall"
ERROR - 2017-04-27 07:50:41 --> Could not find the language line "mynt_buy_youzan"
ERROR - 2017-04-27 07:50:41 --> Could not find the language line "mynt_buy_jd"
ERROR - 2017-04-27 07:52:23 --> Could not find the language line "mynt_buy_taobao"
ERROR - 2017-04-27 07:52:23 --> Could not find the language line "mynt_buy_tmall"
ERROR - 2017-04-27 07:52:23 --> Could not find the language line "mynt_buy_youzan"
ERROR - 2017-04-27 07:52:23 --> Could not find the language line "mynt_buy_jd"
ERROR - 2017-04-27 07:55:19 --> Could not find the language line "mynt_buy_taobao"
ERROR - 2017-04-27 07:55:19 --> Could not find the language line "mynt_buy_tmall"
ERROR - 2017-04-27 07:55:19 --> Could not find the language line "mynt_buy_youzan"
ERROR - 2017-04-27 07:55:19 --> Could not find the language line "mynt_buy_jd"
ERROR - 2017-04-27 07:56:04 --> Could not find the language line "mynt_buy_taobao"
ERROR - 2017-04-27 07:56:04 --> Could not find the language line "mynt_buy_tmall"
ERROR - 2017-04-27 07:56:04 --> Could not find the language line "mynt_buy_youzan"
ERROR - 2017-04-27 07:56:04 --> Could not find the language line "mynt_buy_jd"
ERROR - 2017-04-27 07:56:15 --> Could not find the language line "mynt_buy_taobao"
ERROR - 2017-04-27 07:56:15 --> Could not find the language line "mynt_buy_tmall"
ERROR - 2017-04-27 07:56:15 --> Could not find the language line "mynt_buy_youzan"
ERROR - 2017-04-27 07:56:15 --> Could not find the language line "mynt_buy_jd"
ERROR - 2017-04-27 07:59:29 --> Could not find the language line "mynt_buy_taobao"
ERROR - 2017-04-27 07:59:29 --> Could not find the language line "mynt_buy_tmall"
ERROR - 2017-04-27 07:59:29 --> Could not find the language line "mynt_buy_youzan"
ERROR - 2017-04-27 07:59:29 --> Could not find the language line "mynt_buy_jd"
ERROR - 2017-04-27 08:00:16 --> Could not find the language line "mynt_buy_taobao"
ERROR - 2017-04-27 08:00:16 --> Could not find the language line "mynt_buy_tmall"
ERROR - 2017-04-27 08:00:16 --> Could not find the language line "mynt_buy_youzan"
ERROR - 2017-04-27 08:00:16 --> Could not find the language line "mynt_buy_jd"
ERROR - 2017-04-27 08:00:33 --> Could not find the language line "mynt_buy_taobao"
ERROR - 2017-04-27 08:00:33 --> Could not find the language line "mynt_buy_tmall"
ERROR - 2017-04-27 08:00:33 --> Could not find the language line "mynt_buy_youzan"
ERROR - 2017-04-27 08:00:33 --> Could not find the language line "mynt_buy_jd"
ERROR - 2017-04-27 08:00:57 --> Could not find the language line "mynt_buy_taobao"
ERROR - 2017-04-27 08:00:57 --> Could not find the language line "mynt_buy_tmall"
ERROR - 2017-04-27 08:00:57 --> Could not find the language line "mynt_buy_youzan"
ERROR - 2017-04-27 08:00:57 --> Could not find the language line "mynt_buy_jd"
ERROR - 2017-04-27 08:02:50 --> Could not find the language line "mynt_buy_taobao"
ERROR - 2017-04-27 08:02:50 --> Could not find the language line "mynt_buy_tmall"
ERROR - 2017-04-27 08:02:50 --> Could not find the language line "mynt_buy_youzan"
ERROR - 2017-04-27 08:02:50 --> Could not find the language line "mynt_buy_jd"
ERROR - 2017-04-27 08:03:36 --> Could not find the language line "mynt_buy_taobao"
ERROR - 2017-04-27 08:03:36 --> Could not find the language line "mynt_buy_tmall"
ERROR - 2017-04-27 08:03:36 --> Could not find the language line "mynt_buy_youzan"
ERROR - 2017-04-27 08:03:36 --> Could not find the language line "mynt_buy_jd"
ERROR - 2017-04-27 08:04:08 --> Could not find the language line "mynt_buy_taobao"
ERROR - 2017-04-27 08:04:08 --> Could not find the language line "mynt_buy_tmall"
ERROR - 2017-04-27 08:04:08 --> Could not find the language line "mynt_buy_youzan"
ERROR - 2017-04-27 08:04:08 --> Could not find the language line "mynt_buy_jd"
ERROR - 2017-04-27 08:04:15 --> Could not find the language line "mynt_buy_taobao"
ERROR - 2017-04-27 08:04:15 --> Could not find the language line "mynt_buy_tmall"
ERROR - 2017-04-27 08:04:15 --> Could not find the language line "mynt_buy_youzan"
ERROR - 2017-04-27 08:04:15 --> Could not find the language line "mynt_buy_jd"
ERROR - 2017-04-27 08:04:22 --> Could not find the language line "mynt_buy_taobao"
ERROR - 2017-04-27 08:04:22 --> Could not find the language line "mynt_buy_tmall"
ERROR - 2017-04-27 08:04:22 --> Could not find the language line "mynt_buy_youzan"
ERROR - 2017-04-27 08:04:22 --> Could not find the language line "mynt_buy_jd"
ERROR - 2017-04-27 08:04:25 --> Could not find the language line "mynt_buy_taobao"
ERROR - 2017-04-27 08:04:25 --> Could not find the language line "mynt_buy_tmall"
ERROR - 2017-04-27 08:04:25 --> Could not find the language line "mynt_buy_youzan"
ERROR - 2017-04-27 08:04:25 --> Could not find the language line "mynt_buy_jd"
ERROR - 2017-04-27 08:04:28 --> Could not find the language line "mynt_buy_taobao"
ERROR - 2017-04-27 08:04:28 --> Could not find the language line "mynt_buy_tmall"
ERROR - 2017-04-27 08:04:28 --> Could not find the language line "mynt_buy_youzan"
ERROR - 2017-04-27 08:04:28 --> Could not find the language line "mynt_buy_jd"
ERROR - 2017-04-27 08:12:16 --> Could not find the language line "mynt_buy_taobao"
ERROR - 2017-04-27 08:12:16 --> Could not find the language line "mynt_buy_tmall"
ERROR - 2017-04-27 08:12:16 --> Could not find the language line "mynt_buy_youzan"
ERROR - 2017-04-27 08:12:16 --> Could not find the language line "mynt_buy_jd"
ERROR - 2017-04-27 08:13:22 --> Could not find the language line "mynt_buy_taobao"
ERROR - 2017-04-27 08:13:22 --> Could not find the language line "mynt_buy_tmall"
ERROR - 2017-04-27 08:13:22 --> Could not find the language line "mynt_buy_youzan"
ERROR - 2017-04-27 08:13:22 --> Could not find the language line "mynt_buy_jd"
ERROR - 2017-04-27 08:15:51 --> Could not find the language line "mynt_buy_taobao"
ERROR - 2017-04-27 08:15:51 --> Could not find the language line "mynt_buy_tmall"
ERROR - 2017-04-27 08:15:51 --> Could not find the language line "mynt_buy_youzan"
ERROR - 2017-04-27 08:15:51 --> Could not find the language line "mynt_buy_jd"
ERROR - 2017-04-27 08:17:02 --> Could not find the language line "mynt_buy_taobao"
ERROR - 2017-04-27 08:17:02 --> Could not find the language line "mynt_buy_tmall"
ERROR - 2017-04-27 08:17:02 --> Could not find the language line "mynt_buy_youzan"
ERROR - 2017-04-27 08:17:02 --> Could not find the language line "mynt_buy_jd"
ERROR - 2017-04-27 08:19:53 --> Could not find the language line "mynt_buy_taobao"
ERROR - 2017-04-27 08:19:53 --> Could not find the language line "mynt_buy_tmall"
ERROR - 2017-04-27 08:19:53 --> Could not find the language line "mynt_buy_youzan"
ERROR - 2017-04-27 08:19:53 --> Could not find the language line "mynt_buy_jd"
ERROR - 2017-04-27 08:22:41 --> Could not find the language line "mynt_buy_taobao"
ERROR - 2017-04-27 08:22:41 --> Could not find the language line "mynt_buy_tmall"
ERROR - 2017-04-27 08:22:41 --> Could not find the language line "mynt_buy_youzan"
ERROR - 2017-04-27 08:22:41 --> Could not find the language line "mynt_buy_jd"
ERROR - 2017-04-27 08:23:24 --> Could not find the language line "mynt_buy_taobao"
ERROR - 2017-04-27 08:23:24 --> Could not find the language line "mynt_buy_tmall"
ERROR - 2017-04-27 08:23:24 --> Could not find the language line "mynt_buy_youzan"
ERROR - 2017-04-27 08:23:24 --> Could not find the language line "mynt_buy_jd"
ERROR - 2017-04-27 08:24:32 --> Could not find the language line "mynt_buy_taobao"
ERROR - 2017-04-27 08:24:32 --> Could not find the language line "mynt_buy_tmall"
ERROR - 2017-04-27 08:24:32 --> Could not find the language line "mynt_buy_youzan"
ERROR - 2017-04-27 08:24:32 --> Could not find the language line "mynt_buy_jd"
ERROR - 2017-04-27 08:25:43 --> Could not find the language line "mynt_buy_taobao"
ERROR - 2017-04-27 08:25:43 --> Could not find the language line "mynt_buy_tmall"
ERROR - 2017-04-27 08:25:43 --> Could not find the language line "mynt_buy_youzan"
ERROR - 2017-04-27 08:25:43 --> Could not find the language line "mynt_buy_jd"
ERROR - 2017-04-27 08:27:40 --> Could not find the language line "mynt_buy_taobao"
ERROR - 2017-04-27 08:27:40 --> Could not find the language line "mynt_buy_tmall"
ERROR - 2017-04-27 08:27:40 --> Could not find the language line "mynt_buy_youzan"
ERROR - 2017-04-27 08:27:40 --> Could not find the language line "mynt_buy_jd"
ERROR - 2017-04-27 08:28:00 --> Could not find the language line "mynt_buy_taobao"
ERROR - 2017-04-27 08:28:00 --> Could not find the language line "mynt_buy_tmall"
ERROR - 2017-04-27 08:28:00 --> Could not find the language line "mynt_buy_youzan"
ERROR - 2017-04-27 08:28:00 --> Could not find the language line "mynt_buy_jd"
ERROR - 2017-04-27 08:28:08 --> Could not find the language line "mynt_buy_taobao"
ERROR - 2017-04-27 08:28:08 --> Could not find the language line "mynt_buy_tmall"
ERROR - 2017-04-27 08:28:08 --> Could not find the language line "mynt_buy_youzan"
ERROR - 2017-04-27 08:28:08 --> Could not find the language line "mynt_buy_jd"
ERROR - 2017-04-27 08:28:22 --> Could not find the language line "mynt_buy_taobao"
ERROR - 2017-04-27 08:28:22 --> Could not find the language line "mynt_buy_tmall"
ERROR - 2017-04-27 08:28:22 --> Could not find the language line "mynt_buy_youzan"
ERROR - 2017-04-27 08:28:22 --> Could not find the language line "mynt_buy_jd"
ERROR - 2017-04-27 08:29:29 --> Could not find the language line "mynt_buy_taobao"
ERROR - 2017-04-27 08:29:29 --> Could not find the language line "mynt_buy_tmall"
ERROR - 2017-04-27 08:29:29 --> Could not find the language line "mynt_buy_youzan"
ERROR - 2017-04-27 08:29:29 --> Could not find the language line "mynt_buy_jd"
ERROR - 2017-04-27 08:29:39 --> Could not find the language line "mynt_buy_taobao"
ERROR - 2017-04-27 08:29:39 --> Could not find the language line "mynt_buy_tmall"
ERROR - 2017-04-27 08:29:39 --> Could not find the language line "mynt_buy_youzan"
ERROR - 2017-04-27 08:29:39 --> Could not find the language line "mynt_buy_jd"
ERROR - 2017-04-27 08:30:10 --> Could not find the language line "mynt_buy_taobao"
ERROR - 2017-04-27 08:30:10 --> Could not find the language line "mynt_buy_tmall"
ERROR - 2017-04-27 08:30:10 --> Could not find the language line "mynt_buy_youzan"
ERROR - 2017-04-27 08:30:10 --> Could not find the language line "mynt_buy_jd"
ERROR - 2017-04-27 08:31:22 --> Could not find the language line "mynt_buy_taobao"
ERROR - 2017-04-27 08:31:22 --> Could not find the language line "mynt_buy_tmall"
ERROR - 2017-04-27 08:31:22 --> Could not find the language line "mynt_buy_youzan"
ERROR - 2017-04-27 08:31:22 --> Could not find the language line "mynt_buy_jd"
ERROR - 2017-04-27 08:33:05 --> Could not find the language line "mynt_buy_taobao"
ERROR - 2017-04-27 08:33:05 --> Could not find the language line "mynt_buy_tmall"
ERROR - 2017-04-27 08:33:05 --> Could not find the language line "mynt_buy_youzan"
ERROR - 2017-04-27 08:33:05 --> Could not find the language line "mynt_buy_jd"
ERROR - 2017-04-27 08:33:29 --> Could not find the language line "mynt_buy_taobao"
ERROR - 2017-04-27 08:33:29 --> Could not find the language line "mynt_buy_tmall"
ERROR - 2017-04-27 08:33:29 --> Could not find the language line "mynt_buy_youzan"
ERROR - 2017-04-27 08:33:29 --> Could not find the language line "mynt_buy_jd"
ERROR - 2017-04-27 08:33:36 --> Could not find the language line "mynt_buy_taobao"
ERROR - 2017-04-27 08:33:36 --> Could not find the language line "mynt_buy_tmall"
ERROR - 2017-04-27 08:33:36 --> Could not find the language line "mynt_buy_youzan"
ERROR - 2017-04-27 08:33:36 --> Could not find the language line "mynt_buy_jd"
ERROR - 2017-04-27 08:43:19 --> Could not find the language line "mynt_buy_taobao"
ERROR - 2017-04-27 08:43:19 --> Could not find the language line "mynt_buy_tmall"
ERROR - 2017-04-27 08:43:19 --> Could not find the language line "mynt_buy_youzan"
ERROR - 2017-04-27 08:43:19 --> Could not find the language line "mynt_buy_jd"
ERROR - 2017-04-27 08:43:57 --> Could not find the language line "mynt_buy_taobao"
ERROR - 2017-04-27 08:43:57 --> Could not find the language line "mynt_buy_tmall"
ERROR - 2017-04-27 08:43:57 --> Could not find the language line "mynt_buy_youzan"
ERROR - 2017-04-27 08:43:57 --> Could not find the language line "mynt_buy_jd"
ERROR - 2017-04-27 08:45:08 --> Could not find the language line "mynt_buy_taobao"
ERROR - 2017-04-27 08:45:08 --> Could not find the language line "mynt_buy_tmall"
ERROR - 2017-04-27 08:45:08 --> Could not find the language line "mynt_buy_youzan"
ERROR - 2017-04-27 08:45:08 --> Could not find the language line "mynt_buy_jd"
ERROR - 2017-04-27 08:46:16 --> Could not find the language line "mynt_buy_taobao"
ERROR - 2017-04-27 08:46:16 --> Could not find the language line "mynt_buy_tmall"
ERROR - 2017-04-27 08:46:16 --> Could not find the language line "mynt_buy_youzan"
ERROR - 2017-04-27 08:46:16 --> Could not find the language line "mynt_buy_jd"
ERROR - 2017-04-27 08:48:45 --> Could not find the language line "mynt_buy_taobao"
ERROR - 2017-04-27 08:48:45 --> Could not find the language line "mynt_buy_tmall"
ERROR - 2017-04-27 08:48:45 --> Could not find the language line "mynt_buy_youzan"
ERROR - 2017-04-27 08:48:45 --> Could not find the language line "mynt_buy_jd"
ERROR - 2017-04-27 08:52:31 --> Could not find the language line "mynt_buy_taobao"
ERROR - 2017-04-27 08:52:31 --> Could not find the language line "mynt_buy_tmall"
ERROR - 2017-04-27 08:52:31 --> Could not find the language line "mynt_buy_youzan"
ERROR - 2017-04-27 08:52:31 --> Could not find the language line "mynt_buy_jd"
ERROR - 2017-04-27 08:53:52 --> Could not find the language line "mynt_buy_taobao"
ERROR - 2017-04-27 08:53:52 --> Could not find the language line "mynt_buy_tmall"
ERROR - 2017-04-27 08:53:52 --> Could not find the language line "mynt_buy_youzan"
ERROR - 2017-04-27 08:53:52 --> Could not find the language line "mynt_buy_jd"
ERROR - 2017-04-27 08:54:10 --> Could not find the language line "mynt_buy_taobao"
ERROR - 2017-04-27 08:54:10 --> Could not find the language line "mynt_buy_tmall"
ERROR - 2017-04-27 08:54:10 --> Could not find the language line "mynt_buy_youzan"
ERROR - 2017-04-27 08:54:10 --> Could not find the language line "mynt_buy_jd"
ERROR - 2017-04-27 08:54:26 --> Could not find the language line "mynt_buy_taobao"
ERROR - 2017-04-27 08:54:26 --> Could not find the language line "mynt_buy_tmall"
ERROR - 2017-04-27 08:54:26 --> Could not find the language line "mynt_buy_youzan"
ERROR - 2017-04-27 08:54:26 --> Could not find the language line "mynt_buy_jd"
ERROR - 2017-04-27 08:56:53 --> Could not find the language line "mynt_buy_taobao"
ERROR - 2017-04-27 08:56:53 --> Could not find the language line "mynt_buy_tmall"
ERROR - 2017-04-27 08:56:53 --> Could not find the language line "mynt_buy_youzan"
ERROR - 2017-04-27 08:56:53 --> Could not find the language line "mynt_buy_jd"
ERROR - 2017-04-27 09:02:53 --> Could not find the language line "mynt_buy_taobao"
ERROR - 2017-04-27 09:02:53 --> Could not find the language line "mynt_buy_tmall"
ERROR - 2017-04-27 09:02:53 --> Could not find the language line "mynt_buy_youzan"
ERROR - 2017-04-27 09:02:53 --> Could not find the language line "mynt_buy_jd"
ERROR - 2017-04-27 09:03:45 --> Could not find the language line "mynt_buy_taobao"
ERROR - 2017-04-27 09:03:45 --> Could not find the language line "mynt_buy_tmall"
ERROR - 2017-04-27 09:03:45 --> Could not find the language line "mynt_buy_youzan"
ERROR - 2017-04-27 09:03:45 --> Could not find the language line "mynt_buy_jd"
ERROR - 2017-04-27 09:04:13 --> Could not find the language line "mynt_buy_taobao"
ERROR - 2017-04-27 09:04:13 --> Could not find the language line "mynt_buy_tmall"
ERROR - 2017-04-27 09:04:13 --> Could not find the language line "mynt_buy_youzan"
ERROR - 2017-04-27 09:04:13 --> Could not find the language line "mynt_buy_jd"
ERROR - 2017-04-27 09:04:40 --> Could not find the language line "mynt_buy_taobao"
ERROR - 2017-04-27 09:04:40 --> Could not find the language line "mynt_buy_tmall"
ERROR - 2017-04-27 09:04:40 --> Could not find the language line "mynt_buy_youzan"
ERROR - 2017-04-27 09:04:40 --> Could not find the language line "mynt_buy_jd"
ERROR - 2017-04-27 09:14:21 --> Could not find the language line "mynt_buy_taobao"
ERROR - 2017-04-27 09:14:21 --> Could not find the language line "mynt_buy_tmall"
ERROR - 2017-04-27 09:14:21 --> Could not find the language line "mynt_buy_youzan"
ERROR - 2017-04-27 09:14:21 --> Could not find the language line "mynt_buy_jd"
ERROR - 2017-04-27 09:14:27 --> Could not find the language line "mynt_buy_taobao"
ERROR - 2017-04-27 09:14:27 --> Could not find the language line "mynt_buy_tmall"
ERROR - 2017-04-27 09:14:27 --> Could not find the language line "mynt_buy_youzan"
ERROR - 2017-04-27 09:14:27 --> Could not find the language line "mynt_buy_jd"
ERROR - 2017-04-27 09:14:31 --> Could not find the language line "mynt_buy_taobao"
ERROR - 2017-04-27 09:14:31 --> Could not find the language line "mynt_buy_tmall"
ERROR - 2017-04-27 09:14:31 --> Could not find the language line "mynt_buy_youzan"
ERROR - 2017-04-27 09:14:31 --> Could not find the language line "mynt_buy_jd"
ERROR - 2017-04-27 09:32:00 --> Could not find the language line "mynt_buy_taobao"
ERROR - 2017-04-27 09:32:00 --> Could not find the language line "mynt_buy_tmall"
ERROR - 2017-04-27 09:32:00 --> Could not find the language line "mynt_buy_youzan"
ERROR - 2017-04-27 09:32:00 --> Could not find the language line "mynt_buy_jd"
ERROR - 2017-04-27 09:32:16 --> Could not find the language line "mynt_buy_taobao"
ERROR - 2017-04-27 09:32:16 --> Could not find the language line "mynt_buy_tmall"
ERROR - 2017-04-27 09:32:16 --> Could not find the language line "mynt_buy_youzan"
ERROR - 2017-04-27 09:32:16 --> Could not find the language line "mynt_buy_jd"
ERROR - 2017-04-27 09:32:42 --> Could not find the language line "mynt_buy_taobao"
ERROR - 2017-04-27 09:32:42 --> Could not find the language line "mynt_buy_tmall"
ERROR - 2017-04-27 09:32:42 --> Could not find the language line "mynt_buy_youzan"
ERROR - 2017-04-27 09:32:42 --> Could not find the language line "mynt_buy_jd"
ERROR - 2017-04-27 09:33:05 --> Could not find the language line "mynt_buy_taobao"
ERROR - 2017-04-27 09:33:05 --> Could not find the language line "mynt_buy_tmall"
ERROR - 2017-04-27 09:33:05 --> Could not find the language line "mynt_buy_youzan"
ERROR - 2017-04-27 09:33:05 --> Could not find the language line "mynt_buy_jd"
ERROR - 2017-04-27 09:34:44 --> Could not find the language line "mynt_buy_taobao"
ERROR - 2017-04-27 09:34:44 --> Could not find the language line "mynt_buy_tmall"
ERROR - 2017-04-27 09:34:44 --> Could not find the language line "mynt_buy_youzan"
ERROR - 2017-04-27 09:34:44 --> Could not find the language line "mynt_buy_jd"
ERROR - 2017-04-27 09:34:57 --> Could not find the language line "mynt_buy_taobao"
ERROR - 2017-04-27 09:34:57 --> Could not find the language line "mynt_buy_tmall"
ERROR - 2017-04-27 09:34:57 --> Could not find the language line "mynt_buy_youzan"
ERROR - 2017-04-27 09:34:57 --> Could not find the language line "mynt_buy_jd"
ERROR - 2017-04-27 09:34:58 --> Could not find the language line "mynt_buy_taobao"
ERROR - 2017-04-27 09:34:58 --> Could not find the language line "mynt_buy_tmall"
ERROR - 2017-04-27 09:34:58 --> Could not find the language line "mynt_buy_youzan"
ERROR - 2017-04-27 09:34:58 --> Could not find the language line "mynt_buy_jd"
ERROR - 2017-04-27 09:35:23 --> Could not find the language line "mynt_buy_taobao"
ERROR - 2017-04-27 09:35:23 --> Could not find the language line "mynt_buy_tmall"
ERROR - 2017-04-27 09:35:23 --> Could not find the language line "mynt_buy_youzan"
ERROR - 2017-04-27 09:35:23 --> Could not find the language line "mynt_buy_jd"
ERROR - 2017-04-27 09:55:14 --> Could not find the language line "mynt_buy_taobao"
ERROR - 2017-04-27 09:55:14 --> Could not find the language line "mynt_buy_tmall"
ERROR - 2017-04-27 09:55:14 --> Could not find the language line "mynt_buy_youzan"
ERROR - 2017-04-27 09:55:14 --> Could not find the language line "mynt_buy_jd"
ERROR - 2017-04-27 09:55:35 --> Could not find the language line "mynt_buy_taobao"
ERROR - 2017-04-27 09:55:35 --> Could not find the language line "mynt_buy_tmall"
ERROR - 2017-04-27 09:55:35 --> Could not find the language line "mynt_buy_youzan"
ERROR - 2017-04-27 09:55:35 --> Could not find the language line "mynt_buy_jd"
ERROR - 2017-04-27 10:08:39 --> Could not find the language line "mynt_buy_taobao"
ERROR - 2017-04-27 10:08:39 --> Could not find the language line "mynt_buy_tmall"
ERROR - 2017-04-27 10:08:39 --> Could not find the language line "mynt_buy_youzan"
ERROR - 2017-04-27 10:08:39 --> Could not find the language line "mynt_buy_jd"
ERROR - 2017-04-27 10:11:41 --> Could not find the language line "mynt_buy_taobao"
ERROR - 2017-04-27 10:11:41 --> Could not find the language line "mynt_buy_tmall"
ERROR - 2017-04-27 10:11:41 --> Could not find the language line "mynt_buy_youzan"
ERROR - 2017-04-27 10:11:41 --> Could not find the language line "mynt_buy_jd"
ERROR - 2017-04-27 10:12:31 --> Could not find the language line "mynt_buy_taobao"
ERROR - 2017-04-27 10:12:31 --> Could not find the language line "mynt_buy_tmall"
ERROR - 2017-04-27 10:12:31 --> Could not find the language line "mynt_buy_youzan"
ERROR - 2017-04-27 10:12:31 --> Could not find the language line "mynt_buy_jd"
ERROR - 2017-04-27 10:19:46 --> Could not find the language line "mynt_buy_taobao"
ERROR - 2017-04-27 10:19:46 --> Could not find the language line "mynt_buy_tmall"
ERROR - 2017-04-27 10:19:46 --> Could not find the language line "mynt_buy_youzan"
ERROR - 2017-04-27 10:19:46 --> Could not find the language line "mynt_buy_jd"
ERROR - 2017-04-27 10:19:56 --> Could not find the language line "mynt_buy_taobao"
ERROR - 2017-04-27 10:19:56 --> Could not find the language line "mynt_buy_tmall"
ERROR - 2017-04-27 10:19:56 --> Could not find the language line "mynt_buy_youzan"
ERROR - 2017-04-27 10:19:56 --> Could not find the language line "mynt_buy_jd"
ERROR - 2017-04-27 10:20:12 --> Could not find the language line "mynt_buy_taobao"
ERROR - 2017-04-27 10:20:12 --> Could not find the language line "mynt_buy_tmall"
ERROR - 2017-04-27 10:20:12 --> Could not find the language line "mynt_buy_youzan"
ERROR - 2017-04-27 10:20:12 --> Could not find the language line "mynt_buy_jd"
ERROR - 2017-04-27 10:20:15 --> Could not find the language line "mynt_buy_taobao"
ERROR - 2017-04-27 10:20:15 --> Could not find the language line "mynt_buy_tmall"
ERROR - 2017-04-27 10:20:15 --> Could not find the language line "mynt_buy_youzan"
ERROR - 2017-04-27 10:20:15 --> Could not find the language line "mynt_buy_jd"
ERROR - 2017-04-27 10:20:19 --> Could not find the language line "mynt_buy_taobao"
ERROR - 2017-04-27 10:20:19 --> Could not find the language line "mynt_buy_tmall"
ERROR - 2017-04-27 10:20:19 --> Could not find the language line "mynt_buy_youzan"
ERROR - 2017-04-27 10:20:19 --> Could not find the language line "mynt_buy_jd"
ERROR - 2017-04-27 10:20:44 --> Could not find the language line "mynt_buy_taobao"
ERROR - 2017-04-27 10:20:44 --> Could not find the language line "mynt_buy_tmall"
ERROR - 2017-04-27 10:20:44 --> Could not find the language line "mynt_buy_youzan"
ERROR - 2017-04-27 10:20:44 --> Could not find the language line "mynt_buy_jd"
ERROR - 2017-04-27 10:20:44 --> Could not find the language line "mynt_buy_taobao"
ERROR - 2017-04-27 10:20:44 --> Could not find the language line "mynt_buy_tmall"
ERROR - 2017-04-27 10:20:44 --> Could not find the language line "mynt_buy_youzan"
ERROR - 2017-04-27 10:20:44 --> Could not find the language line "mynt_buy_jd"
ERROR - 2017-04-27 10:20:45 --> Could not find the language line "mynt_buy_taobao"
ERROR - 2017-04-27 10:20:45 --> Could not find the language line "mynt_buy_tmall"
ERROR - 2017-04-27 10:20:45 --> Could not find the language line "mynt_buy_youzan"
ERROR - 2017-04-27 10:20:45 --> Could not find the language line "mynt_buy_jd"
ERROR - 2017-04-27 10:20:45 --> Could not find the language line "mynt_buy_taobao"
ERROR - 2017-04-27 10:20:45 --> Could not find the language line "mynt_buy_tmall"
ERROR - 2017-04-27 10:20:45 --> Could not find the language line "mynt_buy_youzan"
ERROR - 2017-04-27 10:20:45 --> Could not find the language line "mynt_buy_jd"
ERROR - 2017-04-27 10:21:09 --> Could not find the language line "mynt_buy_taobao"
ERROR - 2017-04-27 10:21:09 --> Could not find the language line "mynt_buy_tmall"
ERROR - 2017-04-27 10:21:09 --> Could not find the language line "mynt_buy_youzan"
ERROR - 2017-04-27 10:21:09 --> Could not find the language line "mynt_buy_jd"
ERROR - 2017-04-27 10:21:10 --> Could not find the language line "mynt_buy_taobao"
ERROR - 2017-04-27 10:21:10 --> Could not find the language line "mynt_buy_tmall"
ERROR - 2017-04-27 10:21:10 --> Could not find the language line "mynt_buy_youzan"
ERROR - 2017-04-27 10:21:10 --> Could not find the language line "mynt_buy_jd"
ERROR - 2017-04-27 11:44:07 --> Could not find the language line "mynt_buy_taobao"
ERROR - 2017-04-27 11:44:07 --> Could not find the language line "mynt_buy_tmall"
ERROR - 2017-04-27 11:44:07 --> Could not find the language line "mynt_buy_youzan"
ERROR - 2017-04-27 11:44:07 --> Could not find the language line "mynt_buy_jd"
ERROR - 2017-04-27 11:44:07 --> Could not find the language line "home_cloud_title"
ERROR - 2017-04-27 11:44:07 --> Could not find the language line "home_cloud_intro"
ERROR - 2017-04-27 11:44:07 --> Could not find the language line "mynt_icon_taobao"
ERROR - 2017-04-27 11:44:07 --> Could not find the language line "mynt_icon_tmall"
ERROR - 2017-04-27 11:44:07 --> Could not find the language line "mynt_icon_youzan"
ERROR - 2017-04-27 11:44:08 --> Could not find the language line "mynt_buy_taobao"
ERROR - 2017-04-27 11:44:08 --> Could not find the language line "mynt_buy_tmall"
ERROR - 2017-04-27 11:44:08 --> Could not find the language line "mynt_buy_youzan"
ERROR - 2017-04-27 11:44:08 --> Could not find the language line "mynt_buy_jd"
ERROR - 2017-04-27 12:05:56 --> Could not find the language line "mynt_buy_taobao"
ERROR - 2017-04-27 12:05:56 --> Could not find the language line "mynt_buy_tmall"
ERROR - 2017-04-27 12:05:56 --> Could not find the language line "mynt_buy_youzan"
ERROR - 2017-04-27 12:05:56 --> Could not find the language line "mynt_buy_jd"
ERROR - 2017-04-27 12:27:09 --> Could not find the language line "mynt_buy_taobao"
ERROR - 2017-04-27 12:27:09 --> Could not find the language line "mynt_buy_tmall"
ERROR - 2017-04-27 12:27:09 --> Could not find the language line "mynt_buy_youzan"
ERROR - 2017-04-27 12:27:09 --> Could not find the language line "mynt_buy_jd"
ERROR - 2017-04-27 12:29:04 --> Could not find the language line "mynt_buy_taobao"
ERROR - 2017-04-27 12:29:04 --> Could not find the language line "mynt_buy_tmall"
ERROR - 2017-04-27 12:29:04 --> Could not find the language line "mynt_buy_youzan"
ERROR - 2017-04-27 12:29:04 --> Could not find the language line "mynt_buy_jd"
ERROR - 2017-04-27 12:48:39 --> Could not find the language line "mynt_buy_taobao"
ERROR - 2017-04-27 12:48:39 --> Could not find the language line "mynt_buy_tmall"
ERROR - 2017-04-27 12:48:39 --> Could not find the language line "mynt_buy_youzan"
ERROR - 2017-04-27 12:48:39 --> Could not find the language line "mynt_buy_jd"
ERROR - 2017-04-27 12:50:29 --> Could not find the language line "mynt_buy_taobao"
ERROR - 2017-04-27 12:50:29 --> Could not find the language line "mynt_buy_tmall"
ERROR - 2017-04-27 12:50:29 --> Could not find the language line "mynt_buy_youzan"
ERROR - 2017-04-27 12:50:29 --> Could not find the language line "mynt_buy_jd"
ERROR - 2017-04-27 15:10:40 --> Could not find the language line "mynt_buy_taobao"
ERROR - 2017-04-27 15:10:40 --> Could not find the language line "mynt_buy_tmall"
ERROR - 2017-04-27 15:10:40 --> Could not find the language line "mynt_buy_youzan"
ERROR - 2017-04-27 15:10:40 --> Could not find the language line "mynt_buy_jd"
ERROR - 2017-04-27 15:11:54 --> Could not find the language line "mynt_buy_taobao"
ERROR - 2017-04-27 15:11:54 --> Could not find the language line "mynt_buy_tmall"
ERROR - 2017-04-27 15:11:54 --> Could not find the language line "mynt_buy_youzan"
ERROR - 2017-04-27 15:11:54 --> Could not find the language line "mynt_buy_jd"
ERROR - 2017-04-27 15:12:39 --> Could not find the language line "mynt_buy_taobao"
ERROR - 2017-04-27 15:12:39 --> Could not find the language line "mynt_buy_tmall"
ERROR - 2017-04-27 15:12:39 --> Could not find the language line "mynt_buy_youzan"
ERROR - 2017-04-27 15:12:39 --> Could not find the language line "mynt_buy_jd"
ERROR - 2017-04-27 15:23:51 --> Could not find the language line "mynt_buy_taobao"
ERROR - 2017-04-27 15:23:51 --> Could not find the language line "mynt_buy_tmall"
ERROR - 2017-04-27 15:23:51 --> Could not find the language line "mynt_buy_youzan"
ERROR - 2017-04-27 15:23:51 --> Could not find the language line "mynt_buy_jd"
ERROR - 2017-04-27 15:24:15 --> Could not find the language line "mynt_buy_taobao"
ERROR - 2017-04-27 15:24:15 --> Could not find the language line "mynt_buy_tmall"
ERROR - 2017-04-27 15:24:15 --> Could not find the language line "mynt_buy_youzan"
ERROR - 2017-04-27 15:24:15 --> Could not find the language line "mynt_buy_jd"
ERROR - 2017-04-27 15:27:41 --> Could not find the language line "mynt_buy_taobao"
ERROR - 2017-04-27 15:27:41 --> Could not find the language line "mynt_buy_tmall"
ERROR - 2017-04-27 15:27:41 --> Could not find the language line "mynt_buy_youzan"
ERROR - 2017-04-27 15:27:41 --> Could not find the language line "mynt_buy_jd"
ERROR - 2017-04-27 15:27:45 --> Could not find the language line "mynt_buy_taobao"
ERROR - 2017-04-27 15:27:45 --> Could not find the language line "mynt_buy_tmall"
ERROR - 2017-04-27 15:27:45 --> Could not find the language line "mynt_buy_youzan"
ERROR - 2017-04-27 15:27:45 --> Could not find the language line "mynt_buy_jd"
ERROR - 2017-04-27 15:28:22 --> Could not find the language line "mynt_buy_taobao"
ERROR - 2017-04-27 15:28:22 --> Could not find the language line "mynt_buy_tmall"
ERROR - 2017-04-27 15:28:22 --> Could not find the language line "mynt_buy_youzan"
ERROR - 2017-04-27 15:28:22 --> Could not find the language line "mynt_buy_jd"
ERROR - 2017-04-27 15:29:38 --> Could not find the language line "mynt_buy_taobao"
ERROR - 2017-04-27 15:29:38 --> Could not find the language line "mynt_buy_tmall"
ERROR - 2017-04-27 15:29:38 --> Could not find the language line "mynt_buy_youzan"
ERROR - 2017-04-27 15:29:38 --> Could not find the language line "mynt_buy_jd"
