ERROR - 2016-06-08 04:06:13 --> Could not find the language line "mynt_buy_taobao"
ERROR - 2016-06-08 04:06:13 --> Could not find the language line "mynt_buy_tmall"
ERROR - 2016-06-08 04:06:13 --> Could not find the language line "mynt_buy_youzan"
ERROR - 2016-06-08 04:06:13 --> Could not find the language line "home_cloud_title"
ERROR - 2016-06-08 04:06:13 --> Could not find the language line "home_cloud_intro"
ERROR - 2016-06-08 04:06:13 --> Could not find the language line "mynt_icon_taobao"
ERROR - 2016-06-08 04:06:13 --> Could not find the language line "mynt_icon_tmall"
ERROR - 2016-06-08 04:06:13 --> Could not find the language line "mynt_icon_youzan"
ERROR - 2016-06-08 04:12:27 --> Could not find the language line "mynt_buy_taobao"
ERROR - 2016-06-08 04:12:27 --> Could not find the language line "mynt_buy_tmall"
ERROR - 2016-06-08 04:12:27 --> Could not find the language line "mynt_buy_youzan"
ERROR - 2016-06-08 04:12:27 --> Could not find the language line "mynt_icon_taobao"
ERROR - 2016-06-08 04:12:27 --> Could not find the language line "mynt_icon_tmall"
ERROR - 2016-06-08 04:12:27 --> Could not find the language line "mynt_icon_youzan"
ERROR - 2016-06-08 04:12:27 --> Could not find the language line "mynt_jd_detail"
ERROR - 2016-06-08 04:12:27 --> Could not find the language line "to_buy_wd"
ERROR - 2016-06-08 04:12:27 --> Could not find the language line "slightech_wechat"
ERROR - 2016-06-08 04:12:27 --> Could not find the language line "camera_no_lost"
ERROR - 2016-06-08 04:12:27 --> Could not find the language line "key_no_lost"
ERROR - 2016-06-08 04:12:27 --> Could not find the language line "bag_no_lost"
ERROR - 2016-06-08 04:12:27 --> Could not find the language line "computer_no_lost"
ERROR - 2016-06-08 04:12:27 --> Could not find the language line "pet_no_lost"
ERROR - 2016-06-08 04:12:27 --> Could not find the language line "goal"
ERROR - 2016-06-08 04:12:27 --> Could not find the language line "fund_title"
ERROR - 2016-06-08 04:12:27 --> Could not find the language line "fund_intro"
ERROR - 2016-06-08 04:17:38 --> Could not find the language line "mynt_buy_taobao"
ERROR - 2016-06-08 04:17:38 --> Could not find the language line "mynt_buy_tmall"
ERROR - 2016-06-08 04:17:38 --> Could not find the language line "mynt_buy_youzan"
ERROR - 2016-06-08 04:17:38 --> Could not find the language line "mynt_icon_taobao"
ERROR - 2016-06-08 04:17:38 --> Could not find the language line "mynt_icon_tmall"
ERROR - 2016-06-08 04:17:38 --> Could not find the language line "mynt_icon_youzan"
ERROR - 2016-06-08 04:17:38 --> Could not find the language line "mynt_jd_detail"
ERROR - 2016-06-08 04:17:38 --> Could not find the language line "to_buy_wd"
ERROR - 2016-06-08 04:17:38 --> Could not find the language line "slightech_wechat"
ERROR - 2016-06-08 04:17:38 --> Could not find the language line "camera_no_lost"
ERROR - 2016-06-08 04:17:38 --> Could not find the language line "key_no_lost"
ERROR - 2016-06-08 04:17:38 --> Could not find the language line "bag_no_lost"
ERROR - 2016-06-08 04:17:38 --> Could not find the language line "computer_no_lost"
ERROR - 2016-06-08 04:17:38 --> Could not find the language line "pet_no_lost"
ERROR - 2016-06-08 04:17:38 --> Could not find the language line "goal"
ERROR - 2016-06-08 04:17:38 --> Could not find the language line "fund_title"
ERROR - 2016-06-08 04:17:38 --> Could not find the language line "fund_intro"
ERROR - 2016-06-08 04:17:38 --> Session: File 'ci_sessions/ci_session7215a76c3942dfa058bef80d3f85f1d748ca714b' doesn't exist and cannot be created.
ERROR - 2016-06-08 04:18:28 --> Could not find the language line "mynt_buy_taobao"
ERROR - 2016-06-08 04:18:28 --> Could not find the language line "mynt_buy_tmall"
ERROR - 2016-06-08 04:18:28 --> Could not find the language line "mynt_buy_youzan"
ERROR - 2016-06-08 04:18:28 --> Could not find the language line "mynt_icon_taobao"
ERROR - 2016-06-08 04:18:28 --> Could not find the language line "mynt_icon_tmall"
ERROR - 2016-06-08 04:18:28 --> Could not find the language line "mynt_icon_youzan"
ERROR - 2016-06-08 04:18:28 --> Could not find the language line "mynt_jd_detail"
ERROR - 2016-06-08 04:18:28 --> Could not find the language line "to_buy_wd"
ERROR - 2016-06-08 04:18:28 --> Could not find the language line "slightech_wechat"
ERROR - 2016-06-08 04:18:28 --> Could not find the language line "camera_no_lost"
ERROR - 2016-06-08 04:18:28 --> Could not find the language line "key_no_lost"
ERROR - 2016-06-08 04:18:28 --> Could not find the language line "bag_no_lost"
ERROR - 2016-06-08 04:18:28 --> Could not find the language line "computer_no_lost"
ERROR - 2016-06-08 04:18:28 --> Could not find the language line "pet_no_lost"
ERROR - 2016-06-08 04:18:28 --> Could not find the language line "goal"
ERROR - 2016-06-08 04:18:28 --> Could not find the language line "fund_title"
ERROR - 2016-06-08 04:18:28 --> Could not find the language line "fund_intro"
ERROR - 2016-06-08 04:19:33 --> Could not find the language line "mynt_buy_taobao"
ERROR - 2016-06-08 04:19:33 --> Could not find the language line "mynt_buy_tmall"
ERROR - 2016-06-08 04:19:33 --> Could not find the language line "mynt_buy_youzan"
ERROR - 2016-06-08 04:19:33 --> Could not find the language line "mynt_icon_taobao"
ERROR - 2016-06-08 04:19:33 --> Could not find the language line "mynt_icon_tmall"
ERROR - 2016-06-08 04:19:33 --> Could not find the language line "mynt_icon_youzan"
ERROR - 2016-06-08 04:19:33 --> Could not find the language line "mynt_jd_detail"
ERROR - 2016-06-08 04:19:33 --> Could not find the language line "to_buy_wd"
ERROR - 2016-06-08 04:19:33 --> Could not find the language line "slightech_wechat"
ERROR - 2016-06-08 04:19:33 --> Could not find the language line "camera_no_lost"
ERROR - 2016-06-08 04:19:33 --> Could not find the language line "key_no_lost"
ERROR - 2016-06-08 04:19:33 --> Could not find the language line "bag_no_lost"
ERROR - 2016-06-08 04:19:33 --> Could not find the language line "computer_no_lost"
ERROR - 2016-06-08 04:19:33 --> Could not find the language line "pet_no_lost"
ERROR - 2016-06-08 04:19:33 --> Could not find the language line "goal"
ERROR - 2016-06-08 04:19:33 --> Could not find the language line "fund_title"
ERROR - 2016-06-08 04:19:33 --> Could not find the language line "fund_intro"
ERROR - 2016-06-08 04:59:28 --> Could not find the language line "mynt_buy_taobao"
ERROR - 2016-06-08 04:59:28 --> Could not find the language line "mynt_buy_tmall"
ERROR - 2016-06-08 04:59:28 --> Could not find the language line "mynt_buy_youzan"
ERROR - 2016-06-08 04:59:28 --> Could not find the language line "mynt_icon_taobao"
ERROR - 2016-06-08 04:59:28 --> Could not find the language line "mynt_icon_tmall"
ERROR - 2016-06-08 04:59:28 --> Could not find the language line "mynt_icon_youzan"
ERROR - 2016-06-08 04:59:28 --> Could not find the language line "mynt_jd_detail"
ERROR - 2016-06-08 04:59:28 --> Could not find the language line "to_buy_wd"
ERROR - 2016-06-08 04:59:28 --> Could not find the language line "slightech_wechat"
ERROR - 2016-06-08 04:59:28 --> Could not find the language line "camera_no_lost"
ERROR - 2016-06-08 04:59:28 --> Could not find the language line "key_no_lost"
ERROR - 2016-06-08 04:59:28 --> Could not find the language line "bag_no_lost"
ERROR - 2016-06-08 04:59:28 --> Could not find the language line "computer_no_lost"
ERROR - 2016-06-08 04:59:28 --> Could not find the language line "pet_no_lost"
ERROR - 2016-06-08 04:59:28 --> Could not find the language line "goal"
ERROR - 2016-06-08 04:59:28 --> Could not find the language line "fund_title"
ERROR - 2016-06-08 04:59:28 --> Could not find the language line "fund_intro"
ERROR - 2016-06-08 04:59:28 --> Session: File 'ci_sessions/ci_session8c2c6e15a42865af5217a0529e61c85b9e24623f' doesn't exist and cannot be created.
ERROR - 2016-06-08 04:59:40 --> Could not find the language line "mynt_buy_taobao"
ERROR - 2016-06-08 04:59:40 --> Could not find the language line "mynt_buy_tmall"
ERROR - 2016-06-08 04:59:40 --> Could not find the language line "mynt_buy_youzan"
ERROR - 2016-06-08 04:59:40 --> Could not find the language line "mynt_icon_taobao"
ERROR - 2016-06-08 04:59:40 --> Could not find the language line "mynt_icon_tmall"
ERROR - 2016-06-08 04:59:40 --> Could not find the language line "mynt_icon_youzan"
ERROR - 2016-06-08 04:59:40 --> Could not find the language line "mynt_jd_detail"
ERROR - 2016-06-08 04:59:40 --> Could not find the language line "to_buy_wd"
ERROR - 2016-06-08 04:59:40 --> Could not find the language line "slightech_wechat"
ERROR - 2016-06-08 04:59:40 --> Could not find the language line "camera_no_lost"
ERROR - 2016-06-08 04:59:40 --> Could not find the language line "key_no_lost"
ERROR - 2016-06-08 04:59:40 --> Could not find the language line "bag_no_lost"
ERROR - 2016-06-08 04:59:40 --> Could not find the language line "computer_no_lost"
ERROR - 2016-06-08 04:59:40 --> Could not find the language line "pet_no_lost"
ERROR - 2016-06-08 04:59:40 --> Could not find the language line "goal"
ERROR - 2016-06-08 04:59:40 --> Could not find the language line "fund_title"
ERROR - 2016-06-08 04:59:40 --> Could not find the language line "fund_intro"
ERROR - 2016-06-08 05:02:05 --> Could not find the language line "mynt_buy_taobao"
ERROR - 2016-06-08 05:02:05 --> Could not find the language line "mynt_buy_tmall"
ERROR - 2016-06-08 05:02:05 --> Could not find the language line "mynt_buy_youzan"
ERROR - 2016-06-08 05:02:05 --> Could not find the language line "mynt_icon_taobao"
ERROR - 2016-06-08 05:02:05 --> Could not find the language line "mynt_icon_tmall"
ERROR - 2016-06-08 05:02:05 --> Could not find the language line "mynt_icon_youzan"
ERROR - 2016-06-08 05:02:05 --> Could not find the language line "mynt_jd_detail"
ERROR - 2016-06-08 05:02:05 --> Could not find the language line "to_buy_wd"
ERROR - 2016-06-08 05:02:05 --> Could not find the language line "slightech_wechat"
ERROR - 2016-06-08 05:02:05 --> Could not find the language line "camera_no_lost"
ERROR - 2016-06-08 05:02:05 --> Could not find the language line "key_no_lost"
ERROR - 2016-06-08 05:02:05 --> Could not find the language line "bag_no_lost"
ERROR - 2016-06-08 05:02:05 --> Could not find the language line "computer_no_lost"
ERROR - 2016-06-08 05:02:05 --> Could not find the language line "pet_no_lost"
ERROR - 2016-06-08 05:02:05 --> Could not find the language line "goal"
ERROR - 2016-06-08 05:02:05 --> Could not find the language line "fund_title"
ERROR - 2016-06-08 05:02:05 --> Could not find the language line "fund_intro"
ERROR - 2016-06-08 05:11:03 --> Could not find the language line "mynt_buy_taobao"
ERROR - 2016-06-08 05:11:03 --> Could not find the language line "mynt_buy_tmall"
ERROR - 2016-06-08 05:11:03 --> Could not find the language line "mynt_buy_youzan"
ERROR - 2016-06-08 05:11:03 --> Could not find the language line "mynt_icon_taobao"
ERROR - 2016-06-08 05:11:03 --> Could not find the language line "mynt_icon_tmall"
ERROR - 2016-06-08 05:11:03 --> Could not find the language line "mynt_icon_youzan"
ERROR - 2016-06-08 05:11:03 --> Could not find the language line "mynt_jd_detail"
ERROR - 2016-06-08 05:11:03 --> Could not find the language line "to_buy_wd"
ERROR - 2016-06-08 05:11:03 --> Could not find the language line "slightech_wechat"
ERROR - 2016-06-08 05:11:03 --> Could not find the language line "camera_no_lost"
ERROR - 2016-06-08 05:11:03 --> Could not find the language line "key_no_lost"
ERROR - 2016-06-08 05:11:03 --> Could not find the language line "bag_no_lost"
ERROR - 2016-06-08 05:11:03 --> Could not find the language line "computer_no_lost"
ERROR - 2016-06-08 05:11:03 --> Could not find the language line "pet_no_lost"
ERROR - 2016-06-08 05:11:03 --> Could not find the language line "goal"
ERROR - 2016-06-08 05:11:03 --> Could not find the language line "fund_title"
ERROR - 2016-06-08 05:11:03 --> Could not find the language line "fund_intro"
ERROR - 2016-06-08 05:11:03 --> Session: File 'ci_sessions/ci_session9fa37a3461eb52ad5979db62a5676b1fb76e6dae' doesn't exist and cannot be created.
ERROR - 2016-06-08 05:18:37 --> Could not find the language line "mynt_buy_taobao"
ERROR - 2016-06-08 05:18:37 --> Could not find the language line "mynt_buy_tmall"
ERROR - 2016-06-08 05:18:37 --> Could not find the language line "mynt_buy_youzan"
ERROR - 2016-06-08 05:18:37 --> Could not find the language line "mynt_icon_taobao"
ERROR - 2016-06-08 05:18:37 --> Could not find the language line "mynt_icon_tmall"
ERROR - 2016-06-08 05:18:37 --> Could not find the language line "mynt_icon_youzan"
ERROR - 2016-06-08 05:18:37 --> Could not find the language line "mynt_jd_detail"
ERROR - 2016-06-08 05:18:37 --> Could not find the language line "to_buy_wd"
ERROR - 2016-06-08 05:18:37 --> Could not find the language line "slightech_wechat"
ERROR - 2016-06-08 05:18:37 --> Could not find the language line "camera_no_lost"
ERROR - 2016-06-08 05:18:37 --> Could not find the language line "key_no_lost"
ERROR - 2016-06-08 05:18:37 --> Could not find the language line "bag_no_lost"
ERROR - 2016-06-08 05:18:37 --> Could not find the language line "computer_no_lost"
ERROR - 2016-06-08 05:18:37 --> Could not find the language line "pet_no_lost"
ERROR - 2016-06-08 05:18:37 --> Could not find the language line "goal"
ERROR - 2016-06-08 05:18:37 --> Could not find the language line "fund_title"
ERROR - 2016-06-08 05:18:37 --> Could not find the language line "fund_intro"
ERROR - 2016-06-08 05:18:49 --> Could not find the language line "mynt_buy_taobao"
ERROR - 2016-06-08 05:18:49 --> Could not find the language line "mynt_buy_tmall"
ERROR - 2016-06-08 05:18:49 --> Could not find the language line "mynt_buy_youzan"
ERROR - 2016-06-08 05:18:49 --> Could not find the language line "mynt_icon_taobao"
ERROR - 2016-06-08 05:18:49 --> Could not find the language line "mynt_icon_tmall"
ERROR - 2016-06-08 05:18:49 --> Could not find the language line "mynt_icon_youzan"
ERROR - 2016-06-08 05:18:49 --> Could not find the language line "mynt_jd_detail"
ERROR - 2016-06-08 05:18:49 --> Could not find the language line "to_buy_wd"
ERROR - 2016-06-08 05:18:49 --> Could not find the language line "slightech_wechat"
ERROR - 2016-06-08 05:18:49 --> Could not find the language line "camera_no_lost"
ERROR - 2016-06-08 05:18:49 --> Could not find the language line "key_no_lost"
ERROR - 2016-06-08 05:18:49 --> Could not find the language line "bag_no_lost"
ERROR - 2016-06-08 05:18:49 --> Could not find the language line "computer_no_lost"
ERROR - 2016-06-08 05:18:49 --> Could not find the language line "pet_no_lost"
ERROR - 2016-06-08 05:18:49 --> Could not find the language line "goal"
ERROR - 2016-06-08 05:18:49 --> Could not find the language line "fund_title"
ERROR - 2016-06-08 05:18:49 --> Could not find the language line "fund_intro"
ERROR - 2016-06-08 05:21:55 --> Could not find the language line "mynt_buy_taobao"
ERROR - 2016-06-08 05:21:55 --> Could not find the language line "mynt_buy_tmall"
ERROR - 2016-06-08 05:21:55 --> Could not find the language line "mynt_buy_youzan"
ERROR - 2016-06-08 05:21:55 --> Could not find the language line "mynt_icon_taobao"
ERROR - 2016-06-08 05:21:55 --> Could not find the language line "mynt_icon_tmall"
ERROR - 2016-06-08 05:21:55 --> Could not find the language line "mynt_icon_youzan"
ERROR - 2016-06-08 05:21:55 --> Could not find the language line "mynt_jd_detail"
ERROR - 2016-06-08 05:21:55 --> Could not find the language line "to_buy_wd"
ERROR - 2016-06-08 05:21:55 --> Could not find the language line "slightech_wechat"
ERROR - 2016-06-08 05:21:55 --> Could not find the language line "camera_no_lost"
ERROR - 2016-06-08 05:21:55 --> Could not find the language line "key_no_lost"
ERROR - 2016-06-08 05:21:55 --> Could not find the language line "bag_no_lost"
ERROR - 2016-06-08 05:21:55 --> Could not find the language line "computer_no_lost"
ERROR - 2016-06-08 05:21:55 --> Could not find the language line "pet_no_lost"
ERROR - 2016-06-08 05:21:55 --> Could not find the language line "goal"
ERROR - 2016-06-08 05:21:55 --> Could not find the language line "fund_title"
ERROR - 2016-06-08 05:21:55 --> Could not find the language line "fund_intro"
ERROR - 2016-06-08 05:25:35 --> Could not find the language line "mynt_buy_taobao"
ERROR - 2016-06-08 05:25:35 --> Could not find the language line "mynt_buy_tmall"
ERROR - 2016-06-08 05:25:35 --> Could not find the language line "mynt_buy_youzan"
ERROR - 2016-06-08 05:25:35 --> Could not find the language line "mynt_icon_taobao"
ERROR - 2016-06-08 05:25:35 --> Could not find the language line "mynt_icon_tmall"
ERROR - 2016-06-08 05:25:35 --> Could not find the language line "mynt_icon_youzan"
ERROR - 2016-06-08 05:25:35 --> Could not find the language line "mynt_jd_detail"
ERROR - 2016-06-08 05:25:35 --> Could not find the language line "to_buy_wd"
ERROR - 2016-06-08 05:25:35 --> Could not find the language line "slightech_wechat"
ERROR - 2016-06-08 05:25:35 --> Could not find the language line "camera_no_lost"
ERROR - 2016-06-08 05:25:35 --> Could not find the language line "key_no_lost"
ERROR - 2016-06-08 05:25:35 --> Could not find the language line "bag_no_lost"
ERROR - 2016-06-08 05:25:35 --> Could not find the language line "computer_no_lost"
ERROR - 2016-06-08 05:25:35 --> Could not find the language line "pet_no_lost"
ERROR - 2016-06-08 05:25:35 --> Could not find the language line "goal"
ERROR - 2016-06-08 05:25:35 --> Could not find the language line "fund_title"
ERROR - 2016-06-08 05:25:35 --> Could not find the language line "fund_intro"
ERROR - 2016-06-08 05:25:35 --> Session: File 'ci_sessions/ci_sessionebeb2ac60e3cb9e2e486b9bc86f3d63613165d3d' doesn't exist and cannot be created.
ERROR - 2016-06-08 05:26:29 --> Could not find the language line "mynt_buy_taobao"
ERROR - 2016-06-08 05:26:29 --> Could not find the language line "mynt_buy_tmall"
ERROR - 2016-06-08 05:26:29 --> Could not find the language line "mynt_buy_youzan"
ERROR - 2016-06-08 05:26:29 --> Could not find the language line "mynt_icon_taobao"
ERROR - 2016-06-08 05:26:29 --> Could not find the language line "mynt_icon_tmall"
ERROR - 2016-06-08 05:26:29 --> Could not find the language line "mynt_icon_youzan"
ERROR - 2016-06-08 05:26:29 --> Could not find the language line "mynt_jd_detail"
ERROR - 2016-06-08 05:26:29 --> Could not find the language line "to_buy_wd"
ERROR - 2016-06-08 05:26:29 --> Could not find the language line "slightech_wechat"
ERROR - 2016-06-08 05:26:29 --> Could not find the language line "camera_no_lost"
ERROR - 2016-06-08 05:26:29 --> Could not find the language line "key_no_lost"
ERROR - 2016-06-08 05:26:29 --> Could not find the language line "bag_no_lost"
ERROR - 2016-06-08 05:26:29 --> Could not find the language line "computer_no_lost"
ERROR - 2016-06-08 05:26:29 --> Could not find the language line "pet_no_lost"
ERROR - 2016-06-08 05:26:29 --> Could not find the language line "goal"
ERROR - 2016-06-08 05:26:29 --> Could not find the language line "fund_title"
ERROR - 2016-06-08 05:26:29 --> Could not find the language line "fund_intro"
ERROR - 2016-06-08 05:26:39 --> Could not find the language line "mynt_buy_taobao"
ERROR - 2016-06-08 05:26:39 --> Could not find the language line "mynt_buy_tmall"
ERROR - 2016-06-08 05:26:39 --> Could not find the language line "mynt_buy_youzan"
ERROR - 2016-06-08 05:26:39 --> Could not find the language line "mynt_icon_taobao"
ERROR - 2016-06-08 05:26:39 --> Could not find the language line "mynt_icon_tmall"
ERROR - 2016-06-08 05:26:39 --> Could not find the language line "mynt_icon_youzan"
ERROR - 2016-06-08 05:26:39 --> Could not find the language line "mynt_jd_detail"
ERROR - 2016-06-08 05:26:39 --> Could not find the language line "to_buy_wd"
ERROR - 2016-06-08 05:26:39 --> Could not find the language line "slightech_wechat"
ERROR - 2016-06-08 05:26:39 --> Could not find the language line "camera_no_lost"
ERROR - 2016-06-08 05:26:39 --> Could not find the language line "key_no_lost"
ERROR - 2016-06-08 05:26:39 --> Could not find the language line "bag_no_lost"
ERROR - 2016-06-08 05:26:39 --> Could not find the language line "computer_no_lost"
ERROR - 2016-06-08 05:26:39 --> Could not find the language line "pet_no_lost"
ERROR - 2016-06-08 05:26:39 --> Could not find the language line "goal"
ERROR - 2016-06-08 05:26:39 --> Could not find the language line "fund_title"
ERROR - 2016-06-08 05:26:39 --> Could not find the language line "fund_intro"
ERROR - 2016-06-08 05:29:54 --> Could not find the language line "mynt_buy_taobao"
ERROR - 2016-06-08 05:29:54 --> Could not find the language line "mynt_buy_tmall"
ERROR - 2016-06-08 05:29:54 --> Could not find the language line "mynt_buy_youzan"
ERROR - 2016-06-08 05:29:54 --> Could not find the language line "mynt_icon_taobao"
ERROR - 2016-06-08 05:29:54 --> Could not find the language line "mynt_icon_tmall"
ERROR - 2016-06-08 05:29:54 --> Could not find the language line "mynt_icon_youzan"
ERROR - 2016-06-08 05:29:54 --> Could not find the language line "mynt_jd_detail"
ERROR - 2016-06-08 05:29:54 --> Could not find the language line "to_buy_wd"
ERROR - 2016-06-08 05:29:54 --> Could not find the language line "slightech_wechat"
ERROR - 2016-06-08 05:29:54 --> Could not find the language line "camera_no_lost"
ERROR - 2016-06-08 05:29:54 --> Could not find the language line "key_no_lost"
ERROR - 2016-06-08 05:29:54 --> Could not find the language line "bag_no_lost"
ERROR - 2016-06-08 05:29:54 --> Could not find the language line "computer_no_lost"
ERROR - 2016-06-08 05:29:54 --> Could not find the language line "pet_no_lost"
ERROR - 2016-06-08 05:29:54 --> Could not find the language line "goal"
ERROR - 2016-06-08 05:29:54 --> Could not find the language line "fund_title"
ERROR - 2016-06-08 05:29:54 --> Could not find the language line "fund_intro"
ERROR - 2016-06-08 05:32:55 --> Could not find the language line "mynt_buy_taobao"
ERROR - 2016-06-08 05:32:55 --> Could not find the language line "mynt_buy_tmall"
ERROR - 2016-06-08 05:32:55 --> Could not find the language line "mynt_buy_youzan"
ERROR - 2016-06-08 05:32:55 --> Could not find the language line "mynt_icon_taobao"
ERROR - 2016-06-08 05:32:55 --> Could not find the language line "mynt_icon_tmall"
ERROR - 2016-06-08 05:32:55 --> Could not find the language line "mynt_icon_youzan"
ERROR - 2016-06-08 05:32:55 --> Could not find the language line "mynt_jd_detail"
ERROR - 2016-06-08 05:32:55 --> Could not find the language line "to_buy_wd"
ERROR - 2016-06-08 05:32:55 --> Could not find the language line "slightech_wechat"
ERROR - 2016-06-08 05:32:55 --> Could not find the language line "camera_no_lost"
ERROR - 2016-06-08 05:32:55 --> Could not find the language line "key_no_lost"
ERROR - 2016-06-08 05:32:55 --> Could not find the language line "bag_no_lost"
ERROR - 2016-06-08 05:32:55 --> Could not find the language line "computer_no_lost"
ERROR - 2016-06-08 05:32:55 --> Could not find the language line "pet_no_lost"
ERROR - 2016-06-08 05:32:55 --> Could not find the language line "goal"
ERROR - 2016-06-08 05:32:55 --> Could not find the language line "fund_title"
ERROR - 2016-06-08 05:32:55 --> Could not find the language line "fund_intro"
ERROR - 2016-06-08 05:32:55 --> Session: File 'ci_sessions/ci_sessionca67dbbb0dd9308baa15446703f211cfe8b78c91' doesn't exist and cannot be created.
ERROR - 2016-06-08 05:33:14 --> Could not find the language line "mynt_buy_taobao"
ERROR - 2016-06-08 05:33:14 --> Could not find the language line "mynt_buy_tmall"
ERROR - 2016-06-08 05:33:14 --> Could not find the language line "mynt_buy_youzan"
ERROR - 2016-06-08 05:33:14 --> Could not find the language line "mynt_icon_taobao"
ERROR - 2016-06-08 05:33:14 --> Could not find the language line "mynt_icon_tmall"
ERROR - 2016-06-08 05:33:14 --> Could not find the language line "mynt_icon_youzan"
ERROR - 2016-06-08 05:33:14 --> Could not find the language line "mynt_jd_detail"
ERROR - 2016-06-08 05:33:14 --> Could not find the language line "to_buy_wd"
ERROR - 2016-06-08 05:33:14 --> Could not find the language line "slightech_wechat"
ERROR - 2016-06-08 05:33:14 --> Could not find the language line "camera_no_lost"
ERROR - 2016-06-08 05:33:14 --> Could not find the language line "key_no_lost"
ERROR - 2016-06-08 05:33:14 --> Could not find the language line "bag_no_lost"
ERROR - 2016-06-08 05:33:14 --> Could not find the language line "computer_no_lost"
ERROR - 2016-06-08 05:33:14 --> Could not find the language line "pet_no_lost"
ERROR - 2016-06-08 05:33:14 --> Could not find the language line "goal"
ERROR - 2016-06-08 05:33:14 --> Could not find the language line "fund_title"
ERROR - 2016-06-08 05:33:14 --> Could not find the language line "fund_intro"
ERROR - 2016-06-08 05:33:57 --> Could not find the language line "mynt_buy_taobao"
ERROR - 2016-06-08 05:33:57 --> Could not find the language line "mynt_buy_tmall"
ERROR - 2016-06-08 05:33:57 --> Could not find the language line "mynt_buy_youzan"
ERROR - 2016-06-08 05:33:57 --> Could not find the language line "mynt_icon_taobao"
ERROR - 2016-06-08 05:33:57 --> Could not find the language line "mynt_icon_tmall"
ERROR - 2016-06-08 05:33:57 --> Could not find the language line "mynt_icon_youzan"
ERROR - 2016-06-08 05:33:57 --> Could not find the language line "mynt_jd_detail"
ERROR - 2016-06-08 05:33:57 --> Could not find the language line "to_buy_wd"
ERROR - 2016-06-08 05:33:57 --> Could not find the language line "slightech_wechat"
ERROR - 2016-06-08 05:33:57 --> Could not find the language line "camera_no_lost"
ERROR - 2016-06-08 05:33:57 --> Could not find the language line "key_no_lost"
ERROR - 2016-06-08 05:33:57 --> Could not find the language line "bag_no_lost"
ERROR - 2016-06-08 05:33:57 --> Could not find the language line "computer_no_lost"
ERROR - 2016-06-08 05:33:57 --> Could not find the language line "pet_no_lost"
ERROR - 2016-06-08 05:33:57 --> Could not find the language line "goal"
ERROR - 2016-06-08 05:33:57 --> Could not find the language line "fund_title"
ERROR - 2016-06-08 05:33:57 --> Could not find the language line "fund_intro"
ERROR - 2016-06-08 05:34:36 --> Could not find the language line "mynt_buy_taobao"
ERROR - 2016-06-08 05:34:36 --> Could not find the language line "mynt_buy_tmall"
ERROR - 2016-06-08 05:34:36 --> Could not find the language line "mynt_buy_youzan"
ERROR - 2016-06-08 05:34:36 --> Could not find the language line "home_cloud_title"
ERROR - 2016-06-08 05:34:36 --> Could not find the language line "home_cloud_intro"
ERROR - 2016-06-08 05:34:36 --> Could not find the language line "mynt_icon_taobao"
ERROR - 2016-06-08 05:34:36 --> Could not find the language line "mynt_icon_tmall"
ERROR - 2016-06-08 05:34:36 --> Could not find the language line "mynt_icon_youzan"
ERROR - 2016-06-08 05:34:36 --> Session: File 'ci_sessions/ci_session5c025c2fae24e76f8c324ec14ad132a8acc600bb' doesn't exist and cannot be created.
ERROR - 2016-06-08 05:35:11 --> Could not find the language line "mynt_buy_taobao"
ERROR - 2016-06-08 05:35:11 --> Could not find the language line "mynt_buy_tmall"
ERROR - 2016-06-08 05:35:11 --> Could not find the language line "mynt_buy_youzan"
ERROR - 2016-06-08 05:35:11 --> Could not find the language line "mynt_icon_taobao"
ERROR - 2016-06-08 05:35:11 --> Could not find the language line "mynt_icon_tmall"
ERROR - 2016-06-08 05:35:11 --> Could not find the language line "mynt_icon_youzan"
ERROR - 2016-06-08 05:35:11 --> Could not find the language line "mynt_jd_detail"
ERROR - 2016-06-08 05:35:11 --> Could not find the language line "to_buy_wd"
ERROR - 2016-06-08 05:35:11 --> Could not find the language line "slightech_wechat"
ERROR - 2016-06-08 05:35:11 --> Could not find the language line "camera_no_lost"
ERROR - 2016-06-08 05:35:11 --> Could not find the language line "key_no_lost"
ERROR - 2016-06-08 05:35:11 --> Could not find the language line "bag_no_lost"
ERROR - 2016-06-08 05:35:11 --> Could not find the language line "computer_no_lost"
ERROR - 2016-06-08 05:35:11 --> Could not find the language line "pet_no_lost"
ERROR - 2016-06-08 05:35:11 --> Could not find the language line "goal"
ERROR - 2016-06-08 05:35:11 --> Could not find the language line "fund_title"
ERROR - 2016-06-08 05:35:11 --> Could not find the language line "fund_intro"
ERROR - 2016-06-08 05:36:34 --> Could not find the language line "mynt_buy_taobao"
ERROR - 2016-06-08 05:36:34 --> Could not find the language line "mynt_buy_tmall"
ERROR - 2016-06-08 05:36:34 --> Could not find the language line "mynt_buy_youzan"
ERROR - 2016-06-08 05:36:34 --> Could not find the language line "mynt_icon_taobao"
ERROR - 2016-06-08 05:36:34 --> Could not find the language line "mynt_icon_tmall"
ERROR - 2016-06-08 05:36:34 --> Could not find the language line "mynt_icon_youzan"
ERROR - 2016-06-08 05:36:34 --> Could not find the language line "mynt_jd_detail"
ERROR - 2016-06-08 05:36:34 --> Could not find the language line "to_buy_wd"
ERROR - 2016-06-08 05:36:34 --> Could not find the language line "slightech_wechat"
ERROR - 2016-06-08 05:36:34 --> Could not find the language line "camera_no_lost"
ERROR - 2016-06-08 05:36:34 --> Could not find the language line "key_no_lost"
ERROR - 2016-06-08 05:36:34 --> Could not find the language line "bag_no_lost"
ERROR - 2016-06-08 05:36:34 --> Could not find the language line "computer_no_lost"
ERROR - 2016-06-08 05:36:34 --> Could not find the language line "pet_no_lost"
ERROR - 2016-06-08 05:36:34 --> Could not find the language line "goal"
ERROR - 2016-06-08 05:36:34 --> Could not find the language line "fund_title"
ERROR - 2016-06-08 05:36:34 --> Could not find the language line "fund_intro"
ERROR - 2016-06-08 08:34:09 --> Could not find the language line "mynt_buy_amazon"
ERROR - 2016-06-08 08:34:09 --> Could not find the language line "about_keywords"
ERROR - 2016-06-08 08:34:09 --> Could not find the language line "about_company"
ERROR - 2016-06-08 10:17:22 --> Could not find the language line "mynt_buy_amazon"
