ERROR - 2016-05-30 02:39:21 --> Could not find the language line "mynt_buy_taobao"
ERROR - 2016-05-30 02:39:21 --> Could not find the language line "mynt_buy_tmall"
ERROR - 2016-05-30 02:39:21 --> Could not find the language line "mynt_buy_youzan"
ERROR - 2016-05-30 02:39:21 --> Could not find the language line "home_cloud_title"
ERROR - 2016-05-30 02:39:21 --> Could not find the language line "home_cloud_intro"
ERROR - 2016-05-30 02:39:21 --> Could not find the language line "mynt_icon_taobao"
ERROR - 2016-05-30 02:39:21 --> Could not find the language line "mynt_icon_tmall"
ERROR - 2016-05-30 02:39:21 --> Could not find the language line "mynt_icon_youzan"
ERROR - 2016-05-30 03:11:30 --> Could not find the language line "mynt_buy_taobao"
ERROR - 2016-05-30 03:11:30 --> Could not find the language line "mynt_buy_tmall"
ERROR - 2016-05-30 03:11:30 --> Could not find the language line "mynt_buy_youzan"
ERROR - 2016-05-30 03:11:30 --> Could not find the language line "home_cloud_title"
ERROR - 2016-05-30 03:11:30 --> Could not find the language line "home_cloud_intro"
ERROR - 2016-05-30 03:11:30 --> Could not find the language line "mynt_icon_taobao"
ERROR - 2016-05-30 03:11:30 --> Could not find the language line "mynt_icon_tmall"
ERROR - 2016-05-30 03:11:30 --> Could not find the language line "mynt_icon_youzan"
ERROR - 2016-05-30 03:11:32 --> Could not find the language line "mynt_buy_taobao"
ERROR - 2016-05-30 03:11:32 --> Could not find the language line "mynt_buy_tmall"
ERROR - 2016-05-30 03:11:32 --> Could not find the language line "mynt_buy_youzan"
ERROR - 2016-05-30 03:31:16 --> Could not find the language line "mynt_buy_taobao"
ERROR - 2016-05-30 03:31:16 --> Could not find the language line "mynt_buy_tmall"
ERROR - 2016-05-30 03:31:16 --> Could not find the language line "mynt_buy_youzan"
ERROR - 2016-05-30 03:31:54 --> Could not find the language line "mynt_buy_taobao"
ERROR - 2016-05-30 03:31:54 --> Could not find the language line "mynt_buy_tmall"
ERROR - 2016-05-30 03:31:54 --> Could not find the language line "mynt_buy_youzan"
ERROR - 2016-05-30 03:53:02 --> Could not find the language line "mynt_buy_taobao"
ERROR - 2016-05-30 03:53:02 --> Could not find the language line "mynt_buy_tmall"
ERROR - 2016-05-30 03:53:02 --> Could not find the language line "mynt_buy_youzan"
ERROR - 2016-05-30 03:53:03 --> Could not find the language line "mynt_buy_taobao"
ERROR - 2016-05-30 03:53:03 --> Could not find the language line "mynt_buy_tmall"
ERROR - 2016-05-30 03:53:03 --> Could not find the language line "mynt_buy_youzan"
ERROR - 2016-05-30 03:53:43 --> Could not find the language line "mynt_buy_taobao"
ERROR - 2016-05-30 03:53:43 --> Could not find the language line "mynt_buy_tmall"
ERROR - 2016-05-30 03:53:43 --> Could not find the language line "mynt_buy_youzan"
ERROR - 2016-05-30 03:53:46 --> Could not find the language line "mynt_buy_taobao"
ERROR - 2016-05-30 03:53:46 --> Could not find the language line "mynt_buy_tmall"
ERROR - 2016-05-30 03:53:46 --> Could not find the language line "mynt_buy_youzan"
ERROR - 2016-05-30 03:54:50 --> Could not find the language line "mynt_buy_taobao"
ERROR - 2016-05-30 03:54:50 --> Could not find the language line "mynt_buy_tmall"
ERROR - 2016-05-30 03:54:50 --> Could not find the language line "mynt_buy_youzan"
ERROR - 2016-05-30 03:55:09 --> Could not find the language line "mynt_buy_taobao"
ERROR - 2016-05-30 03:55:09 --> Could not find the language line "mynt_buy_tmall"
ERROR - 2016-05-30 03:55:09 --> Could not find the language line "mynt_buy_youzan"
ERROR - 2016-05-30 03:57:58 --> Could not find the language line "mynt_buy_taobao"
ERROR - 2016-05-30 03:57:58 --> Could not find the language line "mynt_buy_tmall"
ERROR - 2016-05-30 03:57:58 --> Could not find the language line "mynt_buy_youzan"
ERROR - 2016-05-30 04:01:52 --> Could not find the language line "mynt_buy_taobao"
ERROR - 2016-05-30 04:01:52 --> Could not find the language line "mynt_buy_tmall"
ERROR - 2016-05-30 04:01:52 --> Could not find the language line "mynt_buy_youzan"
ERROR - 2016-05-30 04:02:06 --> Could not find the language line "mynt_buy_taobao"
ERROR - 2016-05-30 04:02:06 --> Could not find the language line "mynt_buy_tmall"
ERROR - 2016-05-30 04:02:06 --> Could not find the language line "mynt_buy_youzan"
ERROR - 2016-05-30 04:02:33 --> Could not find the language line "mynt_buy_taobao"
ERROR - 2016-05-30 04:02:33 --> Could not find the language line "mynt_buy_tmall"
ERROR - 2016-05-30 04:02:33 --> Could not find the language line "mynt_buy_youzan"
ERROR - 2016-05-30 04:05:44 --> Could not find the language line "mynt_buy_taobao"
ERROR - 2016-05-30 04:05:44 --> Could not find the language line "mynt_buy_tmall"
ERROR - 2016-05-30 04:05:44 --> Could not find the language line "mynt_buy_youzan"
ERROR - 2016-05-30 04:06:06 --> Could not find the language line "mynt_buy_taobao"
ERROR - 2016-05-30 04:06:06 --> Could not find the language line "mynt_buy_tmall"
ERROR - 2016-05-30 04:06:06 --> Could not find the language line "mynt_buy_youzan"
ERROR - 2016-05-30 04:06:19 --> Could not find the language line "mynt_buy_taobao"
ERROR - 2016-05-30 04:06:19 --> Could not find the language line "mynt_buy_tmall"
ERROR - 2016-05-30 04:06:19 --> Could not find the language line "mynt_buy_youzan"
ERROR - 2016-05-30 04:07:15 --> Could not find the language line "mynt_buy_taobao"
ERROR - 2016-05-30 04:07:15 --> Could not find the language line "mynt_buy_tmall"
ERROR - 2016-05-30 04:07:15 --> Could not find the language line "mynt_buy_youzan"
ERROR - 2016-05-30 04:08:03 --> Could not find the language line "mynt_buy_taobao"
ERROR - 2016-05-30 04:08:03 --> Could not find the language line "mynt_buy_tmall"
ERROR - 2016-05-30 04:08:03 --> Could not find the language line "mynt_buy_youzan"
ERROR - 2016-05-30 04:08:10 --> Could not find the language line "mynt_buy_taobao"
ERROR - 2016-05-30 04:08:10 --> Could not find the language line "mynt_buy_tmall"
ERROR - 2016-05-30 04:08:10 --> Could not find the language line "mynt_buy_youzan"
ERROR - 2016-05-30 04:09:04 --> Could not find the language line "mynt_buy_taobao"
ERROR - 2016-05-30 04:09:04 --> Could not find the language line "mynt_buy_tmall"
ERROR - 2016-05-30 04:09:04 --> Could not find the language line "mynt_buy_youzan"
ERROR - 2016-05-30 04:09:17 --> Could not find the language line "mynt_buy_taobao"
ERROR - 2016-05-30 04:09:17 --> Could not find the language line "mynt_buy_tmall"
ERROR - 2016-05-30 04:09:17 --> Could not find the language line "mynt_buy_youzan"
ERROR - 2016-05-30 04:09:34 --> Could not find the language line "mynt_buy_taobao"
ERROR - 2016-05-30 04:09:34 --> Could not find the language line "mynt_buy_tmall"
ERROR - 2016-05-30 04:09:34 --> Could not find the language line "mynt_buy_youzan"
ERROR - 2016-05-30 04:09:55 --> Could not find the language line "mynt_buy_taobao"
ERROR - 2016-05-30 04:09:55 --> Could not find the language line "mynt_buy_tmall"
ERROR - 2016-05-30 04:09:55 --> Could not find the language line "mynt_buy_youzan"
ERROR - 2016-05-30 04:10:18 --> Could not find the language line "mynt_buy_taobao"
ERROR - 2016-05-30 04:10:18 --> Could not find the language line "mynt_buy_tmall"
ERROR - 2016-05-30 04:10:18 --> Could not find the language line "mynt_buy_youzan"
ERROR - 2016-05-30 04:10:31 --> Could not find the language line "mynt_buy_taobao"
ERROR - 2016-05-30 04:10:31 --> Could not find the language line "mynt_buy_tmall"
ERROR - 2016-05-30 04:10:31 --> Could not find the language line "mynt_buy_youzan"
ERROR - 2016-05-30 04:10:58 --> Could not find the language line "mynt_buy_taobao"
ERROR - 2016-05-30 04:10:58 --> Could not find the language line "mynt_buy_tmall"
ERROR - 2016-05-30 04:10:58 --> Could not find the language line "mynt_buy_youzan"
ERROR - 2016-05-30 04:11:11 --> Could not find the language line "mynt_buy_taobao"
ERROR - 2016-05-30 04:11:11 --> Could not find the language line "mynt_buy_tmall"
ERROR - 2016-05-30 04:11:11 --> Could not find the language line "mynt_buy_youzan"
ERROR - 2016-05-30 04:14:57 --> Could not find the language line "mynt_buy_taobao"
ERROR - 2016-05-30 04:14:57 --> Could not find the language line "mynt_buy_tmall"
ERROR - 2016-05-30 04:14:57 --> Could not find the language line "mynt_buy_youzan"
ERROR - 2016-05-30 04:15:14 --> Could not find the language line "mynt_buy_taobao"
ERROR - 2016-05-30 04:15:14 --> Could not find the language line "mynt_buy_tmall"
ERROR - 2016-05-30 04:15:14 --> Could not find the language line "mynt_buy_youzan"
ERROR - 2016-05-30 04:16:09 --> Could not find the language line "mynt_buy_taobao"
ERROR - 2016-05-30 04:16:09 --> Could not find the language line "mynt_buy_tmall"
ERROR - 2016-05-30 04:16:09 --> Could not find the language line "mynt_buy_youzan"
ERROR - 2016-05-30 04:16:17 --> Could not find the language line "mynt_buy_taobao"
ERROR - 2016-05-30 04:16:17 --> Could not find the language line "mynt_buy_tmall"
ERROR - 2016-05-30 04:16:17 --> Could not find the language line "mynt_buy_youzan"
ERROR - 2016-05-30 04:16:28 --> Could not find the language line "mynt_buy_taobao"
ERROR - 2016-05-30 04:16:28 --> Could not find the language line "mynt_buy_tmall"
ERROR - 2016-05-30 04:16:28 --> Could not find the language line "mynt_buy_youzan"
ERROR - 2016-05-30 04:16:58 --> Could not find the language line "mynt_buy_taobao"
ERROR - 2016-05-30 04:16:58 --> Could not find the language line "mynt_buy_tmall"
ERROR - 2016-05-30 04:16:58 --> Could not find the language line "mynt_buy_youzan"
ERROR - 2016-05-30 04:19:08 --> Could not find the language line "mynt_buy_taobao"
ERROR - 2016-05-30 04:19:08 --> Could not find the language line "mynt_buy_tmall"
ERROR - 2016-05-30 04:19:08 --> Could not find the language line "mynt_buy_youzan"
ERROR - 2016-05-30 04:20:17 --> Could not find the language line "mynt_buy_taobao"
ERROR - 2016-05-30 04:20:17 --> Could not find the language line "mynt_buy_tmall"
ERROR - 2016-05-30 04:20:17 --> Could not find the language line "mynt_buy_youzan"
ERROR - 2016-05-30 04:22:46 --> Could not find the language line "mynt_buy_taobao"
ERROR - 2016-05-30 04:22:46 --> Could not find the language line "mynt_buy_tmall"
ERROR - 2016-05-30 04:22:46 --> Could not find the language line "mynt_buy_youzan"
ERROR - 2016-05-30 04:23:06 --> Could not find the language line "mynt_buy_taobao"
ERROR - 2016-05-30 04:23:06 --> Could not find the language line "mynt_buy_tmall"
ERROR - 2016-05-30 04:23:06 --> Could not find the language line "mynt_buy_youzan"
ERROR - 2016-05-30 05:06:08 --> Could not find the language line "mynt_buy_taobao"
ERROR - 2016-05-30 05:06:08 --> Could not find the language line "mynt_buy_tmall"
ERROR - 2016-05-30 05:06:08 --> Could not find the language line "mynt_buy_youzan"
ERROR - 2016-05-30 05:08:36 --> Could not find the language line "mynt_buy_taobao"
ERROR - 2016-05-30 05:08:36 --> Could not find the language line "mynt_buy_tmall"
ERROR - 2016-05-30 05:08:36 --> Could not find the language line "mynt_buy_youzan"
ERROR - 2016-05-30 05:11:07 --> Could not find the language line "mynt_buy_taobao"
ERROR - 2016-05-30 05:11:07 --> Could not find the language line "mynt_buy_tmall"
ERROR - 2016-05-30 05:11:07 --> Could not find the language line "mynt_buy_youzan"
ERROR - 2016-05-30 05:11:57 --> Could not find the language line "mynt_buy_taobao"
ERROR - 2016-05-30 05:11:57 --> Could not find the language line "mynt_buy_tmall"
ERROR - 2016-05-30 05:11:57 --> Could not find the language line "mynt_buy_youzan"
ERROR - 2016-05-30 05:12:55 --> Could not find the language line "mynt_buy_taobao"
ERROR - 2016-05-30 05:12:55 --> Could not find the language line "mynt_buy_tmall"
ERROR - 2016-05-30 05:12:55 --> Could not find the language line "mynt_buy_youzan"
ERROR - 2016-05-30 05:13:48 --> Could not find the language line "mynt_buy_taobao"
ERROR - 2016-05-30 05:13:48 --> Could not find the language line "mynt_buy_tmall"
ERROR - 2016-05-30 05:13:48 --> Could not find the language line "mynt_buy_youzan"
ERROR - 2016-05-30 05:14:28 --> Could not find the language line "mynt_buy_taobao"
ERROR - 2016-05-30 05:14:28 --> Could not find the language line "mynt_buy_tmall"
ERROR - 2016-05-30 05:14:28 --> Could not find the language line "mynt_buy_youzan"
ERROR - 2016-05-30 05:17:26 --> Could not find the language line "mynt_buy_taobao"
ERROR - 2016-05-30 05:17:26 --> Could not find the language line "mynt_buy_tmall"
ERROR - 2016-05-30 05:17:26 --> Could not find the language line "mynt_buy_youzan"
ERROR - 2016-05-30 05:20:56 --> Could not find the language line "mynt_buy_taobao"
ERROR - 2016-05-30 05:20:56 --> Could not find the language line "mynt_buy_tmall"
ERROR - 2016-05-30 05:20:56 --> Could not find the language line "mynt_buy_youzan"
ERROR - 2016-05-30 05:21:04 --> Could not find the language line "mynt_buy_taobao"
ERROR - 2016-05-30 05:21:04 --> Could not find the language line "mynt_buy_tmall"
ERROR - 2016-05-30 05:21:04 --> Could not find the language line "mynt_buy_youzan"
ERROR - 2016-05-30 05:21:10 --> Could not find the language line "mynt_buy_taobao"
ERROR - 2016-05-30 05:21:10 --> Could not find the language line "mynt_buy_tmall"
ERROR - 2016-05-30 05:21:10 --> Could not find the language line "mynt_buy_youzan"
ERROR - 2016-05-30 05:21:18 --> Could not find the language line "mynt_buy_taobao"
ERROR - 2016-05-30 05:21:18 --> Could not find the language line "mynt_buy_tmall"
ERROR - 2016-05-30 05:21:18 --> Could not find the language line "mynt_buy_youzan"
ERROR - 2016-05-30 05:21:22 --> Could not find the language line "mynt_buy_taobao"
ERROR - 2016-05-30 05:21:22 --> Could not find the language line "mynt_buy_tmall"
ERROR - 2016-05-30 05:21:22 --> Could not find the language line "mynt_buy_youzan"
ERROR - 2016-05-30 05:21:27 --> Could not find the language line "mynt_buy_taobao"
ERROR - 2016-05-30 05:21:27 --> Could not find the language line "mynt_buy_tmall"
ERROR - 2016-05-30 05:21:27 --> Could not find the language line "mynt_buy_youzan"
ERROR - 2016-05-30 05:24:48 --> Could not find the language line "mynt_buy_taobao"
ERROR - 2016-05-30 05:24:48 --> Could not find the language line "mynt_buy_tmall"
ERROR - 2016-05-30 05:24:48 --> Could not find the language line "mynt_buy_youzan"
ERROR - 2016-05-30 05:25:09 --> Could not find the language line "mynt_buy_taobao"
ERROR - 2016-05-30 05:25:09 --> Could not find the language line "mynt_buy_tmall"
ERROR - 2016-05-30 05:25:09 --> Could not find the language line "mynt_buy_youzan"
ERROR - 2016-05-30 05:25:18 --> Could not find the language line "mynt_buy_taobao"
ERROR - 2016-05-30 05:25:18 --> Could not find the language line "mynt_buy_tmall"
ERROR - 2016-05-30 05:25:18 --> Could not find the language line "mynt_buy_youzan"
ERROR - 2016-05-30 05:25:32 --> Could not find the language line "mynt_buy_taobao"
ERROR - 2016-05-30 05:25:32 --> Could not find the language line "mynt_buy_tmall"
ERROR - 2016-05-30 05:25:32 --> Could not find the language line "mynt_buy_youzan"
ERROR - 2016-05-30 06:12:04 --> Could not find the language line "mynt_buy_taobao"
ERROR - 2016-05-30 06:12:04 --> Could not find the language line "mynt_buy_tmall"
ERROR - 2016-05-30 06:12:04 --> Could not find the language line "mynt_buy_youzan"
ERROR - 2016-05-30 06:14:44 --> Could not find the language line "mynt_buy_taobao"
ERROR - 2016-05-30 06:14:44 --> Could not find the language line "mynt_buy_tmall"
ERROR - 2016-05-30 06:14:44 --> Could not find the language line "mynt_buy_youzan"
ERROR - 2016-05-30 06:15:34 --> Could not find the language line "mynt_buy_taobao"
ERROR - 2016-05-30 06:15:34 --> Could not find the language line "mynt_buy_tmall"
ERROR - 2016-05-30 06:15:34 --> Could not find the language line "mynt_buy_youzan"
ERROR - 2016-05-30 06:18:21 --> Could not find the language line "mynt_buy_taobao"
ERROR - 2016-05-30 06:18:21 --> Could not find the language line "mynt_buy_tmall"
ERROR - 2016-05-30 06:18:21 --> Could not find the language line "mynt_buy_youzan"
ERROR - 2016-05-30 06:18:21 --> Could not find the language line "home_cloud_title"
ERROR - 2016-05-30 06:18:21 --> Could not find the language line "home_cloud_intro"
ERROR - 2016-05-30 06:18:21 --> Could not find the language line "mynt_icon_taobao"
ERROR - 2016-05-30 06:18:21 --> Could not find the language line "mynt_icon_tmall"
ERROR - 2016-05-30 06:18:21 --> Could not find the language line "mynt_icon_youzan"
ERROR - 2016-05-30 06:20:59 --> Could not find the language line "mynt_buy_taobao"
ERROR - 2016-05-30 06:20:59 --> Could not find the language line "mynt_buy_tmall"
ERROR - 2016-05-30 06:20:59 --> Could not find the language line "mynt_buy_youzan"
ERROR - 2016-05-30 06:26:39 --> Could not find the language line "mynt_buy_taobao"
ERROR - 2016-05-30 06:26:39 --> Could not find the language line "mynt_buy_tmall"
ERROR - 2016-05-30 06:26:39 --> Could not find the language line "mynt_buy_youzan"
ERROR - 2016-05-30 06:27:13 --> Could not find the language line "mynt_buy_taobao"
ERROR - 2016-05-30 06:27:13 --> Could not find the language line "mynt_buy_tmall"
ERROR - 2016-05-30 06:27:13 --> Could not find the language line "mynt_buy_youzan"
ERROR - 2016-05-30 06:30:22 --> Could not find the language line "mynt_buy_taobao"
ERROR - 2016-05-30 06:30:22 --> Could not find the language line "mynt_buy_tmall"
ERROR - 2016-05-30 06:30:22 --> Could not find the language line "mynt_buy_youzan"
ERROR - 2016-05-30 06:31:56 --> Could not find the language line "mynt_buy_taobao"
ERROR - 2016-05-30 06:31:56 --> Could not find the language line "mynt_buy_tmall"
ERROR - 2016-05-30 06:31:56 --> Could not find the language line "mynt_buy_youzan"
ERROR - 2016-05-30 06:33:49 --> Could not find the language line "mynt_buy_taobao"
ERROR - 2016-05-30 06:33:49 --> Could not find the language line "mynt_buy_tmall"
ERROR - 2016-05-30 06:33:49 --> Could not find the language line "mynt_buy_youzan"
ERROR - 2016-05-30 06:34:49 --> Could not find the language line "mynt_buy_taobao"
ERROR - 2016-05-30 06:34:49 --> Could not find the language line "mynt_buy_tmall"
ERROR - 2016-05-30 06:34:49 --> Could not find the language line "mynt_buy_youzan"
ERROR - 2016-05-30 06:35:54 --> Could not find the language line "mynt_buy_taobao"
ERROR - 2016-05-30 06:35:54 --> Could not find the language line "mynt_buy_tmall"
ERROR - 2016-05-30 06:35:54 --> Could not find the language line "mynt_buy_youzan"
ERROR - 2016-05-30 06:36:06 --> Could not find the language line "mynt_buy_taobao"
ERROR - 2016-05-30 06:36:06 --> Could not find the language line "mynt_buy_tmall"
ERROR - 2016-05-30 06:36:06 --> Could not find the language line "mynt_buy_youzan"
ERROR - 2016-05-30 06:36:53 --> Could not find the language line "mynt_buy_taobao"
ERROR - 2016-05-30 06:36:53 --> Could not find the language line "mynt_buy_tmall"
ERROR - 2016-05-30 06:36:53 --> Could not find the language line "mynt_buy_youzan"
ERROR - 2016-05-30 06:37:32 --> Could not find the language line "mynt_buy_taobao"
ERROR - 2016-05-30 06:37:32 --> Could not find the language line "mynt_buy_tmall"
ERROR - 2016-05-30 06:37:32 --> Could not find the language line "mynt_buy_youzan"
ERROR - 2016-05-30 06:41:18 --> Could not find the language line "mynt_buy_taobao"
ERROR - 2016-05-30 06:41:18 --> Could not find the language line "mynt_buy_tmall"
ERROR - 2016-05-30 06:41:18 --> Could not find the language line "mynt_buy_youzan"
ERROR - 2016-05-30 06:49:20 --> Could not find the language line "mynt_buy_taobao"
ERROR - 2016-05-30 06:49:20 --> Could not find the language line "mynt_buy_tmall"
ERROR - 2016-05-30 06:49:20 --> Could not find the language line "mynt_buy_youzan"
ERROR - 2016-05-30 06:49:38 --> Could not find the language line "mynt_buy_taobao"
ERROR - 2016-05-30 06:49:38 --> Could not find the language line "mynt_buy_tmall"
ERROR - 2016-05-30 06:49:38 --> Could not find the language line "mynt_buy_youzan"
ERROR - 2016-05-30 06:50:13 --> Could not find the language line "mynt_buy_taobao"
ERROR - 2016-05-30 06:50:13 --> Could not find the language line "mynt_buy_tmall"
ERROR - 2016-05-30 06:50:13 --> Could not find the language line "mynt_buy_youzan"
ERROR - 2016-05-30 08:35:25 --> Could not find the language line "mynt_buy_taobao"
ERROR - 2016-05-30 08:35:25 --> Could not find the language line "mynt_buy_tmall"
ERROR - 2016-05-30 08:35:25 --> Could not find the language line "mynt_buy_youzan"
ERROR - 2016-05-30 08:36:02 --> Could not find the language line "mynt_buy_taobao"
ERROR - 2016-05-30 08:36:02 --> Could not find the language line "mynt_buy_tmall"
ERROR - 2016-05-30 08:36:02 --> Could not find the language line "mynt_buy_youzan"
ERROR - 2016-05-30 08:40:27 --> Could not find the language line "mynt_buy_taobao"
ERROR - 2016-05-30 08:40:27 --> Could not find the language line "mynt_buy_tmall"
ERROR - 2016-05-30 08:40:27 --> Could not find the language line "mynt_buy_youzan"
ERROR - 2016-05-30 08:40:54 --> Could not find the language line "mynt_buy_taobao"
ERROR - 2016-05-30 08:40:54 --> Could not find the language line "mynt_buy_tmall"
ERROR - 2016-05-30 08:40:54 --> Could not find the language line "mynt_buy_youzan"
ERROR - 2016-05-30 08:40:57 --> Could not find the language line "mynt_buy_taobao"
ERROR - 2016-05-30 08:40:57 --> Could not find the language line "mynt_buy_tmall"
ERROR - 2016-05-30 08:40:57 --> Could not find the language line "mynt_buy_youzan"
ERROR - 2016-05-30 08:42:25 --> Could not find the language line "mynt_buy_taobao"
ERROR - 2016-05-30 08:42:25 --> Could not find the language line "mynt_buy_tmall"
ERROR - 2016-05-30 08:42:25 --> Could not find the language line "mynt_buy_youzan"
ERROR - 2016-05-30 08:42:55 --> Could not find the language line "mynt_buy_taobao"
ERROR - 2016-05-30 08:42:55 --> Could not find the language line "mynt_buy_tmall"
ERROR - 2016-05-30 08:42:55 --> Could not find the language line "mynt_buy_youzan"
ERROR - 2016-05-30 08:43:10 --> Could not find the language line "mynt_buy_taobao"
ERROR - 2016-05-30 08:43:10 --> Could not find the language line "mynt_buy_tmall"
ERROR - 2016-05-30 08:43:10 --> Could not find the language line "mynt_buy_youzan"
ERROR - 2016-05-30 08:43:10 --> Could not find the language line "home_cloud_title"
ERROR - 2016-05-30 08:43:10 --> Could not find the language line "home_cloud_intro"
ERROR - 2016-05-30 08:43:10 --> Could not find the language line "mynt_icon_taobao"
ERROR - 2016-05-30 08:43:10 --> Could not find the language line "mynt_icon_tmall"
ERROR - 2016-05-30 08:43:10 --> Could not find the language line "mynt_icon_youzan"
ERROR - 2016-05-30 08:43:25 --> Could not find the language line "mynt_buy_taobao"
ERROR - 2016-05-30 08:43:25 --> Could not find the language line "mynt_buy_tmall"
ERROR - 2016-05-30 08:43:25 --> Could not find the language line "mynt_buy_youzan"
ERROR - 2016-05-30 08:44:40 --> Could not find the language line "mynt_buy_taobao"
ERROR - 2016-05-30 08:44:40 --> Could not find the language line "mynt_buy_tmall"
ERROR - 2016-05-30 08:44:40 --> Could not find the language line "mynt_buy_youzan"
ERROR - 2016-05-30 08:44:58 --> Could not find the language line "mynt_buy_taobao"
ERROR - 2016-05-30 08:44:58 --> Could not find the language line "mynt_buy_tmall"
ERROR - 2016-05-30 08:44:58 --> Could not find the language line "mynt_buy_youzan"
ERROR - 2016-05-30 08:45:03 --> Could not find the language line "mynt_buy_taobao"
ERROR - 2016-05-30 08:45:03 --> Could not find the language line "mynt_buy_tmall"
ERROR - 2016-05-30 08:45:03 --> Could not find the language line "mynt_buy_youzan"
ERROR - 2016-05-30 08:45:18 --> Could not find the language line "mynt_buy_taobao"
ERROR - 2016-05-30 08:45:18 --> Could not find the language line "mynt_buy_tmall"
ERROR - 2016-05-30 08:45:18 --> Could not find the language line "mynt_buy_youzan"
ERROR - 2016-05-30 08:45:26 --> Could not find the language line "mynt_buy_taobao"
ERROR - 2016-05-30 08:45:26 --> Could not find the language line "mynt_buy_tmall"
ERROR - 2016-05-30 08:45:26 --> Could not find the language line "mynt_buy_youzan"
ERROR - 2016-05-30 08:45:35 --> Could not find the language line "mynt_buy_taobao"
ERROR - 2016-05-30 08:45:35 --> Could not find the language line "mynt_buy_tmall"
ERROR - 2016-05-30 08:45:35 --> Could not find the language line "mynt_buy_youzan"
ERROR - 2016-05-30 08:47:04 --> Could not find the language line "mynt_buy_taobao"
ERROR - 2016-05-30 08:47:04 --> Could not find the language line "mynt_buy_tmall"
ERROR - 2016-05-30 08:47:04 --> Could not find the language line "mynt_buy_youzan"
ERROR - 2016-05-30 08:49:26 --> Could not find the language line "mynt_buy_taobao"
ERROR - 2016-05-30 08:49:26 --> Could not find the language line "mynt_buy_tmall"
ERROR - 2016-05-30 08:49:26 --> Could not find the language line "mynt_buy_youzan"
ERROR - 2016-05-30 08:53:19 --> Could not find the language line "mynt_buy_taobao"
ERROR - 2016-05-30 08:53:19 --> Could not find the language line "mynt_buy_tmall"
ERROR - 2016-05-30 08:53:19 --> Could not find the language line "mynt_buy_youzan"
ERROR - 2016-05-30 08:53:25 --> Could not find the language line "mynt_buy_amazon"
ERROR - 2016-05-30 08:54:19 --> Could not find the language line "mynt_buy_amazon"
ERROR - 2016-05-30 08:54:23 --> Could not find the language line "mynt_buy_taobao"
ERROR - 2016-05-30 08:54:23 --> Could not find the language line "mynt_buy_tmall"
ERROR - 2016-05-30 08:54:23 --> Could not find the language line "mynt_buy_youzan"
ERROR - 2016-05-30 08:54:28 --> Could not find the language line "mynt_buy_amazon"
ERROR - 2016-05-30 08:58:34 --> Could not find the language line "mynt_buy_amazon"
ERROR - 2016-05-30 08:58:39 --> Could not find the language line "mynt_buy_amazon"
ERROR - 2016-05-30 08:58:45 --> Could not find the language line "mynt_buy_amazon"
ERROR - 2016-05-30 08:58:48 --> Could not find the language line "mynt_buy_amazon"
ERROR - 2016-05-30 09:07:24 --> Could not find the language line "mynt_buy_amazon"
ERROR - 2016-05-30 09:07:30 --> Could not find the language line "mynt_buy_amazon"
ERROR - 2016-05-30 09:07:33 --> Could not find the language line "mynt_buy_amazon"
ERROR - 2016-05-30 09:07:35 --> Could not find the language line "mynt_buy_amazon"
ERROR - 2016-05-30 09:07:35 --> Could not find the language line "home_slife_title"
ERROR - 2016-05-30 09:07:35 --> Could not find the language line "home_cloud_title"
ERROR - 2016-05-30 09:07:35 --> Could not find the language line "home_cloud_intro"
ERROR - 2016-05-30 09:07:35 --> Could not find the language line "mynt_icon_buy"
ERROR - 2016-05-30 09:07:43 --> Could not find the language line "mynt_buy_amazon"
ERROR - 2016-05-30 09:07:47 --> Could not find the language line "mynt_buy_amazon"
ERROR - 2016-05-30 09:07:50 --> Could not find the language line "mynt_buy_amazon"
ERROR - 2016-05-30 09:07:51 --> Could not find the language line "mynt_buy_amazon"
ERROR - 2016-05-30 09:07:53 --> Could not find the language line "mynt_buy_amazon"
ERROR - 2016-05-30 09:07:56 --> Could not find the language line "mynt_buy_amazon"
ERROR - 2016-05-30 09:07:59 --> Could not find the language line "mynt_buy_amazon"
ERROR - 2016-05-30 09:07:59 --> Could not find the language line "mynt_icon_buy"
ERROR - 2016-05-30 09:07:59 --> Could not find the language line "mynt_buy_link_kick"
ERROR - 2016-05-30 09:08:05 --> Could not find the language line "mynt_buy_amazon"
ERROR - 2016-05-30 09:08:07 --> Could not find the language line "mynt_buy_amazon"
ERROR - 2016-05-30 09:08:09 --> Could not find the language line "mynt_buy_amazon"
ERROR - 2016-05-30 09:08:09 --> Could not find the language line "mynt_icon_buy"
ERROR - 2016-05-30 09:08:09 --> Could not find the language line "mynt_buy_link_kick"
ERROR - 2016-05-30 09:08:42 --> Could not find the language line "mynt_buy_taobao"
ERROR - 2016-05-30 09:08:42 --> Could not find the language line "mynt_buy_tmall"
ERROR - 2016-05-30 09:08:42 --> Could not find the language line "mynt_buy_youzan"
ERROR - 2016-05-30 09:08:42 --> Could not find the language line "mynt_icon_taobao"
ERROR - 2016-05-30 09:08:42 --> Could not find the language line "mynt_icon_tmall"
ERROR - 2016-05-30 09:08:42 --> Could not find the language line "mynt_icon_youzan"
ERROR - 2016-05-30 09:08:42 --> Could not find the language line "mynt_jd_detail"
ERROR - 2016-05-30 09:08:42 --> Could not find the language line "to_buy_wd"
ERROR - 2016-05-30 09:08:42 --> Could not find the language line "slightech_wechat"
ERROR - 2016-05-30 09:08:42 --> Could not find the language line "camera_no_lost"
ERROR - 2016-05-30 09:08:42 --> Could not find the language line "key_no_lost"
ERROR - 2016-05-30 09:08:42 --> Could not find the language line "bag_no_lost"
ERROR - 2016-05-30 09:08:42 --> Could not find the language line "computer_no_lost"
ERROR - 2016-05-30 09:08:42 --> Could not find the language line "pet_no_lost"
ERROR - 2016-05-30 09:08:42 --> Could not find the language line "goal"
ERROR - 2016-05-30 09:08:42 --> Could not find the language line "fund_title"
ERROR - 2016-05-30 09:08:42 --> Could not find the language line "fund_intro"
ERROR - 2016-05-30 09:08:50 --> Could not find the language line "mynt_buy_taobao"
ERROR - 2016-05-30 09:08:50 --> Could not find the language line "mynt_buy_tmall"
ERROR - 2016-05-30 09:08:50 --> Could not find the language line "mynt_buy_youzan"
ERROR - 2016-05-30 09:10:00 --> Could not find the language line "mynt_buy_taobao"
ERROR - 2016-05-30 09:10:00 --> Could not find the language line "mynt_buy_tmall"
ERROR - 2016-05-30 09:10:00 --> Could not find the language line "mynt_buy_youzan"
ERROR - 2016-05-30 09:10:06 --> Could not find the language line "mynt_buy_taobao"
ERROR - 2016-05-30 09:10:06 --> Could not find the language line "mynt_buy_tmall"
ERROR - 2016-05-30 09:10:06 --> Could not find the language line "mynt_buy_youzan"
ERROR - 2016-05-30 09:10:06 --> Could not find the language line "mynt_icon_taobao"
ERROR - 2016-05-30 09:10:06 --> Could not find the language line "mynt_icon_tmall"
ERROR - 2016-05-30 09:10:06 --> Could not find the language line "mynt_icon_youzan"
ERROR - 2016-05-30 09:10:06 --> Could not find the language line "mynt_jd_detail"
ERROR - 2016-05-30 09:10:06 --> Could not find the language line "to_buy_wd"
ERROR - 2016-05-30 09:10:06 --> Could not find the language line "slightech_wechat"
ERROR - 2016-05-30 09:10:06 --> Could not find the language line "camera_no_lost"
ERROR - 2016-05-30 09:10:06 --> Could not find the language line "key_no_lost"
ERROR - 2016-05-30 09:10:06 --> Could not find the language line "bag_no_lost"
ERROR - 2016-05-30 09:10:06 --> Could not find the language line "computer_no_lost"
ERROR - 2016-05-30 09:10:06 --> Could not find the language line "pet_no_lost"
ERROR - 2016-05-30 09:10:06 --> Could not find the language line "goal"
ERROR - 2016-05-30 09:10:06 --> Could not find the language line "fund_title"
ERROR - 2016-05-30 09:10:06 --> Could not find the language line "fund_intro"
ERROR - 2016-05-30 09:10:09 --> Could not find the language line "mynt_buy_taobao"
ERROR - 2016-05-30 09:10:09 --> Could not find the language line "mynt_buy_tmall"
ERROR - 2016-05-30 09:10:09 --> Could not find the language line "mynt_buy_youzan"
ERROR - 2016-05-30 09:11:21 --> Could not find the language line "mynt_buy_taobao"
ERROR - 2016-05-30 09:11:21 --> Could not find the language line "mynt_buy_tmall"
ERROR - 2016-05-30 09:11:21 --> Could not find the language line "mynt_buy_youzan"
ERROR - 2016-05-30 09:11:26 --> Could not find the language line "mynt_buy_taobao"
ERROR - 2016-05-30 09:11:26 --> Could not find the language line "mynt_buy_tmall"
ERROR - 2016-05-30 09:11:26 --> Could not find the language line "mynt_buy_youzan"
ERROR - 2016-05-30 09:11:39 --> Could not find the language line "mynt_buy_taobao"
ERROR - 2016-05-30 09:11:39 --> Could not find the language line "mynt_buy_tmall"
ERROR - 2016-05-30 09:11:39 --> Could not find the language line "mynt_buy_youzan"
ERROR - 2016-05-30 09:11:43 --> Could not find the language line "mynt_buy_taobao"
ERROR - 2016-05-30 09:11:43 --> Could not find the language line "mynt_buy_tmall"
ERROR - 2016-05-30 09:11:43 --> Could not find the language line "mynt_buy_youzan"
ERROR - 2016-05-30 09:11:50 --> Could not find the language line "mynt_buy_taobao"
ERROR - 2016-05-30 09:11:50 --> Could not find the language line "mynt_buy_tmall"
ERROR - 2016-05-30 09:11:50 --> Could not find the language line "mynt_buy_youzan"
ERROR - 2016-05-30 09:11:54 --> Could not find the language line "mynt_buy_taobao"
ERROR - 2016-05-30 09:11:54 --> Could not find the language line "mynt_buy_tmall"
ERROR - 2016-05-30 09:11:54 --> Could not find the language line "mynt_buy_youzan"
ERROR - 2016-05-30 09:11:56 --> Could not find the language line "mynt_buy_taobao"
ERROR - 2016-05-30 09:11:56 --> Could not find the language line "mynt_buy_tmall"
ERROR - 2016-05-30 09:11:56 --> Could not find the language line "mynt_buy_youzan"
ERROR - 2016-05-30 09:12:25 --> Could not find the language line "mynt_buy_taobao"
ERROR - 2016-05-30 09:12:25 --> Could not find the language line "mynt_buy_tmall"
ERROR - 2016-05-30 09:12:25 --> Could not find the language line "mynt_buy_youzan"
ERROR - 2016-05-30 09:14:51 --> Could not find the language line "mynt_buy_taobao"
ERROR - 2016-05-30 09:14:51 --> Could not find the language line "mynt_buy_tmall"
ERROR - 2016-05-30 09:14:51 --> Could not find the language line "mynt_buy_youzan"
ERROR - 2016-05-30 09:19:01 --> Could not find the language line "mynt_buy_taobao"
ERROR - 2016-05-30 09:19:01 --> Could not find the language line "mynt_buy_tmall"
ERROR - 2016-05-30 09:19:01 --> Could not find the language line "mynt_buy_youzan"
ERROR - 2016-05-30 09:19:07 --> Could not find the language line "mynt_buy_taobao"
ERROR - 2016-05-30 09:19:07 --> Could not find the language line "mynt_buy_tmall"
ERROR - 2016-05-30 09:19:07 --> Could not find the language line "mynt_buy_youzan"
ERROR - 2016-05-30 09:19:30 --> Could not find the language line "mynt_buy_taobao"
ERROR - 2016-05-30 09:19:30 --> Could not find the language line "mynt_buy_tmall"
ERROR - 2016-05-30 09:19:30 --> Could not find the language line "mynt_buy_youzan"
ERROR - 2016-05-30 09:19:49 --> Could not find the language line "mynt_buy_taobao"
ERROR - 2016-05-30 09:19:49 --> Could not find the language line "mynt_buy_tmall"
ERROR - 2016-05-30 09:19:49 --> Could not find the language line "mynt_buy_youzan"
ERROR - 2016-05-30 09:19:51 --> Could not find the language line "mynt_buy_taobao"
ERROR - 2016-05-30 09:19:51 --> Could not find the language line "mynt_buy_tmall"
ERROR - 2016-05-30 09:19:51 --> Could not find the language line "mynt_buy_youzan"
ERROR - 2016-05-30 09:19:53 --> Could not find the language line "mynt_buy_taobao"
ERROR - 2016-05-30 09:19:53 --> Could not find the language line "mynt_buy_tmall"
ERROR - 2016-05-30 09:19:53 --> Could not find the language line "mynt_buy_youzan"
ERROR - 2016-05-30 09:19:55 --> Could not find the language line "mynt_buy_taobao"
ERROR - 2016-05-30 09:19:55 --> Could not find the language line "mynt_buy_tmall"
ERROR - 2016-05-30 09:19:55 --> Could not find the language line "mynt_buy_youzan"
ERROR - 2016-05-30 09:19:57 --> Could not find the language line "mynt_buy_taobao"
ERROR - 2016-05-30 09:19:57 --> Could not find the language line "mynt_buy_tmall"
ERROR - 2016-05-30 09:19:57 --> Could not find the language line "mynt_buy_youzan"
ERROR - 2016-05-30 09:19:59 --> Could not find the language line "mynt_buy_taobao"
ERROR - 2016-05-30 09:19:59 --> Could not find the language line "mynt_buy_tmall"
ERROR - 2016-05-30 09:19:59 --> Could not find the language line "mynt_buy_youzan"
ERROR - 2016-05-30 09:20:07 --> Could not find the language line "mynt_buy_taobao"
ERROR - 2016-05-30 09:20:07 --> Could not find the language line "mynt_buy_tmall"
ERROR - 2016-05-30 09:20:07 --> Could not find the language line "mynt_buy_youzan"
ERROR - 2016-05-30 09:21:58 --> Could not find the language line "mynt_buy_taobao"
ERROR - 2016-05-30 09:21:58 --> Could not find the language line "mynt_buy_tmall"
ERROR - 2016-05-30 09:21:58 --> Could not find the language line "mynt_buy_youzan"
ERROR - 2016-05-30 09:21:58 --> Could not find the language line "mynt_icon_taobao"
ERROR - 2016-05-30 09:21:58 --> Could not find the language line "mynt_icon_tmall"
ERROR - 2016-05-30 09:21:58 --> Could not find the language line "mynt_icon_youzan"
ERROR - 2016-05-30 09:21:58 --> Could not find the language line "mynt_jd_detail"
ERROR - 2016-05-30 09:21:58 --> Could not find the language line "to_buy_wd"
ERROR - 2016-05-30 09:21:58 --> Could not find the language line "slightech_wechat"
ERROR - 2016-05-30 09:21:58 --> Could not find the language line "camera_no_lost"
ERROR - 2016-05-30 09:21:58 --> Could not find the language line "key_no_lost"
ERROR - 2016-05-30 09:21:58 --> Could not find the language line "bag_no_lost"
ERROR - 2016-05-30 09:21:58 --> Could not find the language line "computer_no_lost"
ERROR - 2016-05-30 09:21:58 --> Could not find the language line "pet_no_lost"
ERROR - 2016-05-30 09:21:58 --> Could not find the language line "goal"
ERROR - 2016-05-30 09:21:58 --> Could not find the language line "fund_title"
ERROR - 2016-05-30 09:21:58 --> Could not find the language line "fund_intro"
ERROR - 2016-05-30 09:22:21 --> Could not find the language line "mynt_buy_taobao"
ERROR - 2016-05-30 09:22:21 --> Could not find the language line "mynt_buy_tmall"
ERROR - 2016-05-30 09:22:21 --> Could not find the language line "mynt_buy_youzan"
ERROR - 2016-05-30 09:22:26 --> Could not find the language line "mynt_buy_taobao"
ERROR - 2016-05-30 09:22:26 --> Could not find the language line "mynt_buy_tmall"
ERROR - 2016-05-30 09:22:26 --> Could not find the language line "mynt_buy_youzan"
ERROR - 2016-05-30 09:22:50 --> Could not find the language line "mynt_buy_taobao"
ERROR - 2016-05-30 09:22:50 --> Could not find the language line "mynt_buy_tmall"
ERROR - 2016-05-30 09:22:50 --> Could not find the language line "mynt_buy_youzan"
ERROR - 2016-05-30 09:26:17 --> Could not find the language line "mynt_buy_taobao"
ERROR - 2016-05-30 09:26:17 --> Could not find the language line "mynt_buy_tmall"
ERROR - 2016-05-30 09:26:17 --> Could not find the language line "mynt_buy_youzan"
ERROR - 2016-05-30 09:26:45 --> Could not find the language line "mynt_buy_taobao"
ERROR - 2016-05-30 09:26:45 --> Could not find the language line "mynt_buy_tmall"
ERROR - 2016-05-30 09:26:45 --> Could not find the language line "mynt_buy_youzan"
ERROR - 2016-05-30 09:26:50 --> Could not find the language line "mynt_buy_taobao"
ERROR - 2016-05-30 09:26:50 --> Could not find the language line "mynt_buy_tmall"
ERROR - 2016-05-30 09:26:50 --> Could not find the language line "mynt_buy_youzan"
ERROR - 2016-05-30 09:26:52 --> Could not find the language line "mynt_buy_taobao"
ERROR - 2016-05-30 09:26:52 --> Could not find the language line "mynt_buy_tmall"
ERROR - 2016-05-30 09:26:52 --> Could not find the language line "mynt_buy_youzan"
ERROR - 2016-05-30 09:26:55 --> Could not find the language line "mynt_buy_taobao"
ERROR - 2016-05-30 09:26:55 --> Could not find the language line "mynt_buy_tmall"
ERROR - 2016-05-30 09:26:55 --> Could not find the language line "mynt_buy_youzan"
ERROR - 2016-05-30 09:27:11 --> Could not find the language line "mynt_buy_taobao"
ERROR - 2016-05-30 09:27:11 --> Could not find the language line "mynt_buy_tmall"
ERROR - 2016-05-30 09:27:11 --> Could not find the language line "mynt_buy_youzan"
ERROR - 2016-05-30 09:27:12 --> Could not find the language line "mynt_buy_taobao"
ERROR - 2016-05-30 09:27:12 --> Could not find the language line "mynt_buy_tmall"
ERROR - 2016-05-30 09:27:12 --> Could not find the language line "mynt_buy_youzan"
ERROR - 2016-05-30 09:27:12 --> Could not find the language line "mynt_icon_taobao"
ERROR - 2016-05-30 09:27:12 --> Could not find the language line "mynt_icon_tmall"
ERROR - 2016-05-30 09:27:12 --> Could not find the language line "mynt_icon_youzan"
ERROR - 2016-05-30 09:27:12 --> Could not find the language line "mynt_jd_detail"
ERROR - 2016-05-30 09:27:12 --> Could not find the language line "to_buy_wd"
ERROR - 2016-05-30 09:27:12 --> Could not find the language line "slightech_wechat"
ERROR - 2016-05-30 09:27:12 --> Could not find the language line "camera_no_lost"
ERROR - 2016-05-30 09:27:12 --> Could not find the language line "key_no_lost"
ERROR - 2016-05-30 09:27:12 --> Could not find the language line "bag_no_lost"
ERROR - 2016-05-30 09:27:12 --> Could not find the language line "computer_no_lost"
ERROR - 2016-05-30 09:27:12 --> Could not find the language line "pet_no_lost"
ERROR - 2016-05-30 09:27:12 --> Could not find the language line "goal"
ERROR - 2016-05-30 09:27:12 --> Could not find the language line "fund_title"
ERROR - 2016-05-30 09:27:12 --> Could not find the language line "fund_intro"
ERROR - 2016-05-30 09:27:14 --> Could not find the language line "mynt_buy_taobao"
ERROR - 2016-05-30 09:27:14 --> Could not find the language line "mynt_buy_tmall"
ERROR - 2016-05-30 09:27:14 --> Could not find the language line "mynt_buy_youzan"
ERROR - 2016-05-30 09:27:16 --> Could not find the language line "mynt_buy_taobao"
ERROR - 2016-05-30 09:27:16 --> Could not find the language line "mynt_buy_tmall"
ERROR - 2016-05-30 09:27:16 --> Could not find the language line "mynt_buy_youzan"
ERROR - 2016-05-30 09:27:19 --> Could not find the language line "mynt_buy_amazon"
ERROR - 2016-05-30 09:27:29 --> Could not find the language line "mynt_buy_amazon"
ERROR - 2016-05-30 09:27:31 --> Could not find the language line "mynt_buy_amazon"
ERROR - 2016-05-30 09:27:32 --> Could not find the language line "mynt_buy_amazon"
ERROR - 2016-05-30 09:57:04 --> Could not find the language line "mynt_buy_amazon"
ERROR - 2016-05-30 09:57:04 --> Could not find the language line "home_slife_title"
ERROR - 2016-05-30 09:57:04 --> Could not find the language line "home_cloud_title"
ERROR - 2016-05-30 09:57:04 --> Could not find the language line "home_cloud_intro"
ERROR - 2016-05-30 09:57:04 --> Could not find the language line "mynt_icon_buy"
ERROR - 2016-05-30 10:00:23 --> Could not find the language line "mynt_buy_amazon"
ERROR - 2016-05-30 10:00:23 --> Could not find the language line "home_slife_title"
ERROR - 2016-05-30 10:00:23 --> Could not find the language line "home_cloud_title"
ERROR - 2016-05-30 10:00:23 --> Could not find the language line "home_cloud_intro"
ERROR - 2016-05-30 10:00:23 --> Could not find the language line "mynt_icon_buy"
ERROR - 2016-05-30 10:01:38 --> Could not find the language line "mynt_buy_amazon"
ERROR - 2016-05-30 10:01:38 --> Could not find the language line "home_slife_title"
ERROR - 2016-05-30 10:01:38 --> Could not find the language line "home_cloud_title"
ERROR - 2016-05-30 10:01:38 --> Could not find the language line "home_cloud_intro"
ERROR - 2016-05-30 10:01:38 --> Could not find the language line "mynt_icon_buy"
ERROR - 2016-05-30 10:01:44 --> Could not find the language line "mynt_buy_taobao"
ERROR - 2016-05-30 10:01:44 --> Could not find the language line "mynt_buy_tmall"
ERROR - 2016-05-30 10:01:44 --> Could not find the language line "mynt_buy_youzan"
ERROR - 2016-05-30 10:01:44 --> Could not find the language line "home_cloud_title"
ERROR - 2016-05-30 10:01:44 --> Could not find the language line "home_cloud_intro"
ERROR - 2016-05-30 10:01:44 --> Could not find the language line "mynt_icon_taobao"
ERROR - 2016-05-30 10:01:44 --> Could not find the language line "mynt_icon_tmall"
ERROR - 2016-05-30 10:01:44 --> Could not find the language line "mynt_icon_youzan"
ERROR - 2016-05-30 10:01:55 --> Could not find the language line "mynt_buy_taobao"
ERROR - 2016-05-30 10:01:55 --> Could not find the language line "mynt_buy_tmall"
ERROR - 2016-05-30 10:01:55 --> Could not find the language line "mynt_buy_youzan"
ERROR - 2016-05-30 10:01:58 --> Could not find the language line "mynt_buy_taobao"
ERROR - 2016-05-30 10:01:58 --> Could not find the language line "mynt_buy_tmall"
ERROR - 2016-05-30 10:01:58 --> Could not find the language line "mynt_buy_youzan"
ERROR - 2016-05-30 10:01:58 --> Could not find the language line "home_cloud_title"
ERROR - 2016-05-30 10:01:58 --> Could not find the language line "home_cloud_intro"
ERROR - 2016-05-30 10:01:58 --> Could not find the language line "mynt_icon_taobao"
ERROR - 2016-05-30 10:01:58 --> Could not find the language line "mynt_icon_tmall"
ERROR - 2016-05-30 10:01:58 --> Could not find the language line "mynt_icon_youzan"
ERROR - 2016-05-30 10:02:10 --> Could not find the language line "mynt_buy_taobao"
ERROR - 2016-05-30 10:02:10 --> Could not find the language line "mynt_buy_tmall"
ERROR - 2016-05-30 10:02:10 --> Could not find the language line "mynt_buy_youzan"
ERROR - 2016-05-30 10:02:10 --> Could not find the language line "mynt_buy_taobao"
ERROR - 2016-05-30 10:02:10 --> Could not find the language line "mynt_buy_tmall"
ERROR - 2016-05-30 10:02:10 --> Could not find the language line "mynt_buy_youzan"
ERROR - 2016-05-30 10:02:10 --> Could not find the language line "home_cloud_title"
ERROR - 2016-05-30 10:02:10 --> Could not find the language line "home_cloud_intro"
ERROR - 2016-05-30 10:02:10 --> Could not find the language line "mynt_icon_taobao"
ERROR - 2016-05-30 10:02:10 --> Could not find the language line "mynt_icon_tmall"
ERROR - 2016-05-30 10:02:10 --> Could not find the language line "mynt_icon_youzan"
ERROR - 2016-05-30 10:02:19 --> Could not find the language line "mynt_buy_taobao"
ERROR - 2016-05-30 10:02:19 --> Could not find the language line "mynt_buy_tmall"
ERROR - 2016-05-30 10:02:19 --> Could not find the language line "mynt_buy_youzan"
ERROR - 2016-05-30 10:02:19 --> Could not find the language line "home_cloud_title"
ERROR - 2016-05-30 10:02:19 --> Could not find the language line "home_cloud_intro"
ERROR - 2016-05-30 10:02:19 --> Could not find the language line "mynt_icon_taobao"
ERROR - 2016-05-30 10:02:19 --> Could not find the language line "mynt_icon_tmall"
ERROR - 2016-05-30 10:02:19 --> Could not find the language line "mynt_icon_youzan"
ERROR - 2016-05-30 10:02:25 --> Could not find the language line "mynt_buy_taobao"
ERROR - 2016-05-30 10:02:25 --> Could not find the language line "mynt_buy_tmall"
ERROR - 2016-05-30 10:02:25 --> Could not find the language line "mynt_buy_youzan"
ERROR - 2016-05-30 10:02:25 --> Could not find the language line "mynt_buy_taobao"
ERROR - 2016-05-30 10:02:25 --> Could not find the language line "mynt_buy_tmall"
ERROR - 2016-05-30 10:02:25 --> Could not find the language line "mynt_buy_youzan"
ERROR - 2016-05-30 10:02:25 --> Could not find the language line "home_cloud_title"
ERROR - 2016-05-30 10:02:25 --> Could not find the language line "home_cloud_intro"
ERROR - 2016-05-30 10:02:25 --> Could not find the language line "mynt_icon_taobao"
ERROR - 2016-05-30 10:02:25 --> Could not find the language line "mynt_icon_tmall"
ERROR - 2016-05-30 10:02:25 --> Could not find the language line "mynt_icon_youzan"
ERROR - 2016-05-30 10:02:49 --> Could not find the language line "mynt_buy_amazon"
ERROR - 2016-05-30 10:02:49 --> Could not find the language line "home_slife_title"
ERROR - 2016-05-30 10:02:49 --> Could not find the language line "home_cloud_title"
ERROR - 2016-05-30 10:02:49 --> Could not find the language line "home_cloud_intro"
ERROR - 2016-05-30 10:02:49 --> Could not find the language line "mynt_icon_buy"
ERROR - 2016-05-30 10:03:17 --> Could not find the language line "mynt_buy_taobao"
ERROR - 2016-05-30 10:03:17 --> Could not find the language line "mynt_buy_tmall"
ERROR - 2016-05-30 10:03:17 --> Could not find the language line "mynt_buy_youzan"
ERROR - 2016-05-30 10:03:17 --> Could not find the language line "home_cloud_title"
ERROR - 2016-05-30 10:03:17 --> Could not find the language line "home_cloud_intro"
ERROR - 2016-05-30 10:03:17 --> Could not find the language line "mynt_icon_taobao"
ERROR - 2016-05-30 10:03:17 --> Could not find the language line "mynt_icon_tmall"
ERROR - 2016-05-30 10:03:17 --> Could not find the language line "mynt_icon_youzan"
ERROR - 2016-05-30 10:03:37 --> Could not find the language line "mynt_buy_taobao"
ERROR - 2016-05-30 10:03:37 --> Could not find the language line "mynt_buy_tmall"
ERROR - 2016-05-30 10:03:37 --> Could not find the language line "mynt_buy_youzan"
ERROR - 2016-05-30 10:03:37 --> Could not find the language line "home_cloud_title"
ERROR - 2016-05-30 10:03:37 --> Could not find the language line "home_cloud_intro"
ERROR - 2016-05-30 10:03:37 --> Could not find the language line "mynt_icon_taobao"
ERROR - 2016-05-30 10:03:37 --> Could not find the language line "mynt_icon_tmall"
ERROR - 2016-05-30 10:03:37 --> Could not find the language line "mynt_icon_youzan"
ERROR - 2016-05-30 10:06:50 --> Could not find the language line "mynt_buy_taobao"
ERROR - 2016-05-30 10:06:50 --> Could not find the language line "mynt_buy_tmall"
ERROR - 2016-05-30 10:06:50 --> Could not find the language line "mynt_buy_youzan"
ERROR - 2016-05-30 10:06:50 --> Could not find the language line "home_cloud_title"
ERROR - 2016-05-30 10:06:50 --> Could not find the language line "home_cloud_intro"
ERROR - 2016-05-30 10:06:50 --> Could not find the language line "mynt_icon_taobao"
ERROR - 2016-05-30 10:06:50 --> Could not find the language line "mynt_icon_tmall"
ERROR - 2016-05-30 10:06:50 --> Could not find the language line "mynt_icon_youzan"
ERROR - 2016-05-30 10:09:57 --> Could not find the language line "mynt_buy_amazon"
ERROR - 2016-05-30 10:09:57 --> Could not find the language line "home_slife_title"
ERROR - 2016-05-30 10:09:57 --> Could not find the language line "home_cloud_title"
ERROR - 2016-05-30 10:09:57 --> Could not find the language line "home_cloud_intro"
ERROR - 2016-05-30 10:09:57 --> Could not find the language line "mynt_icon_buy"
ERROR - 2016-05-30 10:12:23 --> Could not find the language line "mynt_buy_amazon"
ERROR - 2016-05-30 10:12:23 --> Could not find the language line "home_slife_title"
ERROR - 2016-05-30 10:12:23 --> Could not find the language line "home_cloud_title"
ERROR - 2016-05-30 10:12:23 --> Could not find the language line "home_cloud_intro"
ERROR - 2016-05-30 10:12:23 --> Could not find the language line "mynt_icon_buy"
ERROR - 2016-05-30 10:13:31 --> Could not find the language line "mynt_buy_taobao"
ERROR - 2016-05-30 10:13:31 --> Could not find the language line "mynt_buy_tmall"
ERROR - 2016-05-30 10:13:31 --> Could not find the language line "mynt_buy_youzan"
ERROR - 2016-05-30 10:13:36 --> Could not find the language line "mynt_buy_amazon"
ERROR - 2016-05-30 10:13:36 --> Could not find the language line "home_slife_title"
ERROR - 2016-05-30 10:13:36 --> Could not find the language line "home_cloud_title"
ERROR - 2016-05-30 10:13:36 --> Could not find the language line "home_cloud_intro"
ERROR - 2016-05-30 10:13:36 --> Could not find the language line "mynt_icon_buy"
ERROR - 2016-05-30 10:13:54 --> Could not find the language line "mynt_buy_taobao"
ERROR - 2016-05-30 10:13:54 --> Could not find the language line "mynt_buy_tmall"
ERROR - 2016-05-30 10:13:54 --> Could not find the language line "mynt_buy_youzan"
ERROR - 2016-05-30 10:13:54 --> Could not find the language line "home_cloud_title"
ERROR - 2016-05-30 10:13:54 --> Could not find the language line "home_cloud_intro"
ERROR - 2016-05-30 10:13:54 --> Could not find the language line "mynt_icon_taobao"
ERROR - 2016-05-30 10:13:54 --> Could not find the language line "mynt_icon_tmall"
ERROR - 2016-05-30 10:13:54 --> Could not find the language line "mynt_icon_youzan"
ERROR - 2016-05-30 10:14:08 --> Could not find the language line "mynt_buy_amazon"
ERROR - 2016-05-30 10:14:08 --> Could not find the language line "home_slife_title"
ERROR - 2016-05-30 10:14:08 --> Could not find the language line "home_cloud_title"
ERROR - 2016-05-30 10:14:08 --> Could not find the language line "home_cloud_intro"
ERROR - 2016-05-30 10:14:08 --> Could not find the language line "mynt_icon_buy"
ERROR - 2016-05-30 10:14:17 --> Could not find the language line "mynt_buy_taobao"
ERROR - 2016-05-30 10:14:17 --> Could not find the language line "mynt_buy_tmall"
ERROR - 2016-05-30 10:14:17 --> Could not find the language line "mynt_buy_youzan"
ERROR - 2016-05-30 10:14:18 --> Could not find the language line "mynt_buy_amazon"
ERROR - 2016-05-30 10:14:18 --> Could not find the language line "home_slife_title"
ERROR - 2016-05-30 10:14:18 --> Could not find the language line "home_cloud_title"
ERROR - 2016-05-30 10:14:18 --> Could not find the language line "home_cloud_intro"
ERROR - 2016-05-30 10:14:18 --> Could not find the language line "mynt_icon_buy"
ERROR - 2016-05-30 10:15:44 --> Could not find the language line "mynt_buy_amazon"
ERROR - 2016-05-30 10:15:44 --> Could not find the language line "home_slife_title"
ERROR - 2016-05-30 10:15:44 --> Could not find the language line "home_cloud_title"
ERROR - 2016-05-30 10:15:44 --> Could not find the language line "home_cloud_intro"
ERROR - 2016-05-30 10:15:44 --> Could not find the language line "mynt_icon_buy"
ERROR - 2016-05-30 10:15:50 --> Could not find the language line "mynt_buy_taobao"
ERROR - 2016-05-30 10:15:50 --> Could not find the language line "mynt_buy_tmall"
ERROR - 2016-05-30 10:15:50 --> Could not find the language line "mynt_buy_youzan"
ERROR - 2016-05-30 10:15:50 --> Could not find the language line "home_cloud_title"
ERROR - 2016-05-30 10:15:50 --> Could not find the language line "home_cloud_intro"
ERROR - 2016-05-30 10:15:50 --> Could not find the language line "mynt_icon_taobao"
ERROR - 2016-05-30 10:15:50 --> Could not find the language line "mynt_icon_tmall"
ERROR - 2016-05-30 10:15:50 --> Could not find the language line "mynt_icon_youzan"
ERROR - 2016-05-30 10:16:01 --> Could not find the language line "mynt_buy_taobao"
ERROR - 2016-05-30 10:16:01 --> Could not find the language line "mynt_buy_tmall"
ERROR - 2016-05-30 10:16:01 --> Could not find the language line "mynt_buy_youzan"
ERROR - 2016-05-30 10:16:02 --> Could not find the language line "mynt_buy_taobao"
ERROR - 2016-05-30 10:16:02 --> Could not find the language line "mynt_buy_tmall"
ERROR - 2016-05-30 10:16:02 --> Could not find the language line "mynt_buy_youzan"
ERROR - 2016-05-30 10:16:02 --> Could not find the language line "home_cloud_title"
ERROR - 2016-05-30 10:16:02 --> Could not find the language line "home_cloud_intro"
ERROR - 2016-05-30 10:16:02 --> Could not find the language line "mynt_icon_taobao"
ERROR - 2016-05-30 10:16:02 --> Could not find the language line "mynt_icon_tmall"
ERROR - 2016-05-30 10:16:02 --> Could not find the language line "mynt_icon_youzan"
ERROR - 2016-05-30 10:16:13 --> Could not find the language line "mynt_buy_taobao"
ERROR - 2016-05-30 10:16:13 --> Could not find the language line "mynt_buy_tmall"
ERROR - 2016-05-30 10:16:13 --> Could not find the language line "mynt_buy_youzan"
ERROR - 2016-05-30 10:16:15 --> Could not find the language line "mynt_buy_taobao"
ERROR - 2016-05-30 10:16:15 --> Could not find the language line "mynt_buy_tmall"
ERROR - 2016-05-30 10:16:15 --> Could not find the language line "mynt_buy_youzan"
ERROR - 2016-05-30 10:16:16 --> Could not find the language line "mynt_buy_taobao"
ERROR - 2016-05-30 10:16:16 --> Could not find the language line "mynt_buy_tmall"
ERROR - 2016-05-30 10:16:16 --> Could not find the language line "mynt_buy_youzan"
ERROR - 2016-05-30 10:16:38 --> Could not find the language line "mynt_buy_taobao"
ERROR - 2016-05-30 10:16:38 --> Could not find the language line "mynt_buy_tmall"
ERROR - 2016-05-30 10:16:38 --> Could not find the language line "mynt_buy_youzan"
ERROR - 2016-05-30 10:16:38 --> Could not find the language line "mynt_icon_taobao"
ERROR - 2016-05-30 10:16:38 --> Could not find the language line "mynt_icon_tmall"
ERROR - 2016-05-30 10:16:38 --> Could not find the language line "mynt_icon_youzan"
ERROR - 2016-05-30 10:16:38 --> Could not find the language line "mynt_jd_detail"
ERROR - 2016-05-30 10:16:38 --> Could not find the language line "to_buy_wd"
ERROR - 2016-05-30 10:16:38 --> Could not find the language line "slightech_wechat"
ERROR - 2016-05-30 10:16:38 --> Could not find the language line "camera_no_lost"
ERROR - 2016-05-30 10:16:38 --> Could not find the language line "key_no_lost"
ERROR - 2016-05-30 10:16:38 --> Could not find the language line "bag_no_lost"
ERROR - 2016-05-30 10:16:38 --> Could not find the language line "computer_no_lost"
ERROR - 2016-05-30 10:16:38 --> Could not find the language line "pet_no_lost"
ERROR - 2016-05-30 10:16:38 --> Could not find the language line "goal"
ERROR - 2016-05-30 10:16:38 --> Could not find the language line "fund_title"
ERROR - 2016-05-30 10:16:38 --> Could not find the language line "fund_intro"
ERROR - 2016-05-30 10:16:42 --> Could not find the language line "mynt_buy_taobao"
ERROR - 2016-05-30 10:16:42 --> Could not find the language line "mynt_buy_tmall"
ERROR - 2016-05-30 10:16:42 --> Could not find the language line "mynt_buy_youzan"
ERROR - 2016-05-30 10:16:43 --> Could not find the language line "mynt_buy_taobao"
ERROR - 2016-05-30 10:16:43 --> Could not find the language line "mynt_buy_tmall"
ERROR - 2016-05-30 10:16:43 --> Could not find the language line "mynt_buy_youzan"
ERROR - 2016-05-30 10:16:45 --> Could not find the language line "mynt_buy_taobao"
ERROR - 2016-05-30 10:16:45 --> Could not find the language line "mynt_buy_tmall"
ERROR - 2016-05-30 10:16:45 --> Could not find the language line "mynt_buy_youzan"
ERROR - 2016-05-30 10:16:46 --> Could not find the language line "mynt_buy_taobao"
ERROR - 2016-05-30 10:16:46 --> Could not find the language line "mynt_buy_tmall"
ERROR - 2016-05-30 10:16:46 --> Could not find the language line "mynt_buy_youzan"
ERROR - 2016-05-30 10:16:46 --> Could not find the language line "mynt_icon_taobao"
ERROR - 2016-05-30 10:16:46 --> Could not find the language line "mynt_icon_tmall"
ERROR - 2016-05-30 10:16:46 --> Could not find the language line "mynt_icon_youzan"
ERROR - 2016-05-30 10:16:46 --> Could not find the language line "mynt_jd_detail"
ERROR - 2016-05-30 10:16:46 --> Could not find the language line "to_buy_wd"
ERROR - 2016-05-30 10:16:46 --> Could not find the language line "slightech_wechat"
ERROR - 2016-05-30 10:16:46 --> Could not find the language line "camera_no_lost"
ERROR - 2016-05-30 10:16:46 --> Could not find the language line "key_no_lost"
ERROR - 2016-05-30 10:16:46 --> Could not find the language line "bag_no_lost"
ERROR - 2016-05-30 10:16:46 --> Could not find the language line "computer_no_lost"
ERROR - 2016-05-30 10:16:46 --> Could not find the language line "pet_no_lost"
ERROR - 2016-05-30 10:16:46 --> Could not find the language line "goal"
ERROR - 2016-05-30 10:16:46 --> Could not find the language line "fund_title"
ERROR - 2016-05-30 10:16:46 --> Could not find the language line "fund_intro"
ERROR - 2016-05-30 10:16:50 --> Could not find the language line "mynt_buy_taobao"
ERROR - 2016-05-30 10:16:50 --> Could not find the language line "mynt_buy_tmall"
ERROR - 2016-05-30 10:16:50 --> Could not find the language line "mynt_buy_youzan"
ERROR - 2016-05-30 10:16:50 --> Could not find the language line "home_cloud_title"
ERROR - 2016-05-30 10:16:50 --> Could not find the language line "home_cloud_intro"
ERROR - 2016-05-30 10:16:50 --> Could not find the language line "mynt_icon_taobao"
ERROR - 2016-05-30 10:16:50 --> Could not find the language line "mynt_icon_tmall"
ERROR - 2016-05-30 10:16:50 --> Could not find the language line "mynt_icon_youzan"
ERROR - 2016-05-30 10:16:58 --> Could not find the language line "mynt_buy_taobao"
ERROR - 2016-05-30 10:16:58 --> Could not find the language line "mynt_buy_tmall"
ERROR - 2016-05-30 10:16:58 --> Could not find the language line "mynt_buy_youzan"
ERROR - 2016-05-30 10:30:58 --> Could not find the language line "mynt_buy_taobao"
ERROR - 2016-05-30 10:30:58 --> Could not find the language line "mynt_buy_tmall"
ERROR - 2016-05-30 10:30:58 --> Could not find the language line "mynt_buy_youzan"
ERROR - 2016-05-30 10:31:06 --> Could not find the language line "mynt_buy_taobao"
ERROR - 2016-05-30 10:31:06 --> Could not find the language line "mynt_buy_tmall"
ERROR - 2016-05-30 10:31:06 --> Could not find the language line "mynt_buy_youzan"
ERROR - 2016-05-30 10:31:16 --> Could not find the language line "mynt_buy_amazon"
ERROR - 2016-05-30 10:31:50 --> Could not find the language line "mynt_buy_amazon"
ERROR - 2016-05-30 10:33:07 --> Could not find the language line "mynt_buy_taobao"
ERROR - 2016-05-30 10:33:07 --> Could not find the language line "mynt_buy_tmall"
ERROR - 2016-05-30 10:33:07 --> Could not find the language line "mynt_buy_youzan"
ERROR - 2016-05-30 10:33:15 --> Could not find the language line "mynt_buy_taobao"
ERROR - 2016-05-30 10:33:15 --> Could not find the language line "mynt_buy_tmall"
ERROR - 2016-05-30 10:33:15 --> Could not find the language line "mynt_buy_youzan"
ERROR - 2016-05-30 10:34:56 --> Could not find the language line "mynt_buy_taobao"
ERROR - 2016-05-30 10:34:56 --> Could not find the language line "mynt_buy_tmall"
ERROR - 2016-05-30 10:34:56 --> Could not find the language line "mynt_buy_youzan"
ERROR - 2016-05-30 10:35:10 --> 404 Page Not Found: News/www.slightech.com
ERROR - 2016-05-30 10:35:32 --> Could not find the language line "mynt_buy_taobao"
ERROR - 2016-05-30 10:35:32 --> Could not find the language line "mynt_buy_tmall"
ERROR - 2016-05-30 10:35:32 --> Could not find the language line "mynt_buy_youzan"
ERROR - 2016-05-30 11:58:44 --> Could not find the language line "mynt_buy_taobao"
ERROR - 2016-05-30 11:58:44 --> Could not find the language line "mynt_buy_tmall"
ERROR - 2016-05-30 11:58:44 --> Could not find the language line "mynt_buy_youzan"
ERROR - 2016-05-30 11:58:44 --> Could not find the language line "home_cloud_title"
ERROR - 2016-05-30 11:58:44 --> Could not find the language line "home_cloud_intro"
ERROR - 2016-05-30 11:58:44 --> Could not find the language line "mynt_icon_taobao"
ERROR - 2016-05-30 11:58:44 --> Could not find the language line "mynt_icon_tmall"
ERROR - 2016-05-30 11:58:44 --> Could not find the language line "mynt_icon_youzan"
ERROR - 2016-05-30 11:58:45 --> Could not find the language line "mynt_buy_taobao"
ERROR - 2016-05-30 11:58:45 --> Could not find the language line "mynt_buy_tmall"
ERROR - 2016-05-30 11:58:45 --> Could not find the language line "mynt_buy_youzan"
ERROR - 2016-05-30 11:58:45 --> Could not find the language line "home_cloud_title"
ERROR - 2016-05-30 11:58:45 --> Could not find the language line "home_cloud_intro"
ERROR - 2016-05-30 11:58:45 --> Could not find the language line "mynt_icon_taobao"
ERROR - 2016-05-30 11:58:45 --> Could not find the language line "mynt_icon_tmall"
ERROR - 2016-05-30 11:58:45 --> Could not find the language line "mynt_icon_youzan"
ERROR - 2016-05-30 11:58:52 --> Could not find the language line "mynt_buy_amazon"
ERROR - 2016-05-30 11:58:52 --> Could not find the language line "home_slife_title"
ERROR - 2016-05-30 11:58:52 --> Could not find the language line "home_cloud_title"
ERROR - 2016-05-30 11:58:52 --> Could not find the language line "home_cloud_intro"
ERROR - 2016-05-30 11:58:52 --> Could not find the language line "mynt_icon_buy"
ERROR - 2016-05-30 11:58:55 --> Could not find the language line "mynt_buy_amazon"
ERROR - 2016-05-30 11:58:58 --> Could not find the language line "mynt_buy_taobao"
ERROR - 2016-05-30 11:58:58 --> Could not find the language line "mynt_buy_tmall"
ERROR - 2016-05-30 11:58:58 --> Could not find the language line "mynt_buy_youzan"
ERROR - 2016-05-30 12:00:10 --> Could not find the language line "mynt_buy_taobao"
ERROR - 2016-05-30 12:00:10 --> Could not find the language line "mynt_buy_tmall"
ERROR - 2016-05-30 12:00:10 --> Could not find the language line "mynt_buy_youzan"
ERROR - 2016-05-30 12:00:21 --> Could not find the language line "mynt_buy_taobao"
ERROR - 2016-05-30 12:00:21 --> Could not find the language line "mynt_buy_tmall"
ERROR - 2016-05-30 12:00:21 --> Could not find the language line "mynt_buy_youzan"
ERROR - 2016-05-30 12:00:24 --> Could not find the language line "mynt_buy_taobao"
ERROR - 2016-05-30 12:00:24 --> Could not find the language line "mynt_buy_tmall"
ERROR - 2016-05-30 12:00:24 --> Could not find the language line "mynt_buy_youzan"
ERROR - 2016-05-30 12:00:24 --> Could not find the language line "home_cloud_title"
ERROR - 2016-05-30 12:00:24 --> Could not find the language line "home_cloud_intro"
ERROR - 2016-05-30 12:00:24 --> Could not find the language line "mynt_icon_taobao"
ERROR - 2016-05-30 12:00:24 --> Could not find the language line "mynt_icon_tmall"
ERROR - 2016-05-30 12:00:24 --> Could not find the language line "mynt_icon_youzan"
ERROR - 2016-05-30 12:00:39 --> Could not find the language line "mynt_buy_amazon"
ERROR - 2016-05-30 12:00:39 --> Could not find the language line "home_slife_title"
ERROR - 2016-05-30 12:00:39 --> Could not find the language line "home_cloud_title"
ERROR - 2016-05-30 12:00:39 --> Could not find the language line "home_cloud_intro"
ERROR - 2016-05-30 12:00:39 --> Could not find the language line "mynt_icon_buy"
ERROR - 2016-05-30 12:01:32 --> Could not find the language line "mynt_buy_amazon"
ERROR - 2016-05-30 12:39:30 --> Could not find the language line "mynt_buy_amazon"
ERROR - 2016-05-30 12:41:03 --> Could not find the language line "mynt_buy_amazon"
ERROR - 2016-05-30 12:41:21 --> Could not find the language line "mynt_buy_amazon"
ERROR - 2016-05-30 12:41:22 --> Could not find the language line "mynt_buy_amazon"
ERROR - 2016-05-30 12:41:27 --> Could not find the language line "mynt_buy_amazon"
ERROR - 2016-05-30 12:45:14 --> Could not find the language line "mynt_buy_taobao"
ERROR - 2016-05-30 12:45:14 --> Could not find the language line "mynt_buy_tmall"
ERROR - 2016-05-30 12:45:14 --> Could not find the language line "mynt_buy_youzan"
ERROR - 2016-05-30 12:45:14 --> Could not find the language line "mynt_icon_taobao"
ERROR - 2016-05-30 12:45:14 --> Could not find the language line "mynt_icon_tmall"
ERROR - 2016-05-30 12:45:14 --> Could not find the language line "mynt_icon_youzan"
ERROR - 2016-05-30 12:45:14 --> Could not find the language line "mynt_jd_detail"
ERROR - 2016-05-30 12:45:14 --> Could not find the language line "to_buy_wd"
ERROR - 2016-05-30 12:45:14 --> Could not find the language line "slightech_wechat"
ERROR - 2016-05-30 12:45:14 --> Could not find the language line "camera_no_lost"
ERROR - 2016-05-30 12:45:14 --> Could not find the language line "key_no_lost"
ERROR - 2016-05-30 12:45:14 --> Could not find the language line "bag_no_lost"
ERROR - 2016-05-30 12:45:14 --> Could not find the language line "computer_no_lost"
ERROR - 2016-05-30 12:45:14 --> Could not find the language line "pet_no_lost"
ERROR - 2016-05-30 12:45:14 --> Could not find the language line "goal"
ERROR - 2016-05-30 12:45:14 --> Could not find the language line "fund_title"
ERROR - 2016-05-30 12:45:14 --> Could not find the language line "fund_intro"
ERROR - 2016-05-30 15:13:46 --> Could not find the language line "mynt_buy_taobao"
ERROR - 2016-05-30 15:13:46 --> Could not find the language line "mynt_buy_tmall"
ERROR - 2016-05-30 15:13:46 --> Could not find the language line "mynt_buy_youzan"
ERROR - 2016-05-30 15:13:46 --> Could not find the language line "mynt_icon_taobao"
ERROR - 2016-05-30 15:13:46 --> Could not find the language line "mynt_icon_tmall"
ERROR - 2016-05-30 15:13:46 --> Could not find the language line "mynt_icon_youzan"
ERROR - 2016-05-30 15:13:46 --> Could not find the language line "mynt_jd_detail"
ERROR - 2016-05-30 15:13:46 --> Could not find the language line "to_buy_wd"
ERROR - 2016-05-30 15:13:46 --> Could not find the language line "slightech_wechat"
ERROR - 2016-05-30 15:13:46 --> Could not find the language line "camera_no_lost"
ERROR - 2016-05-30 15:13:46 --> Could not find the language line "key_no_lost"
ERROR - 2016-05-30 15:13:46 --> Could not find the language line "bag_no_lost"
ERROR - 2016-05-30 15:13:46 --> Could not find the language line "computer_no_lost"
ERROR - 2016-05-30 15:13:46 --> Could not find the language line "pet_no_lost"
ERROR - 2016-05-30 15:13:46 --> Could not find the language line "goal"
ERROR - 2016-05-30 15:13:46 --> Could not find the language line "fund_title"
ERROR - 2016-05-30 15:13:46 --> Could not find the language line "fund_intro"
ERROR - 2016-05-30 15:16:34 --> Could not find the language line "mynt_buy_taobao"
ERROR - 2016-05-30 15:16:34 --> Could not find the language line "mynt_buy_tmall"
ERROR - 2016-05-30 15:16:34 --> Could not find the language line "mynt_buy_youzan"
ERROR - 2016-05-30 15:16:34 --> Could not find the language line "mynt_icon_taobao"
ERROR - 2016-05-30 15:16:34 --> Could not find the language line "mynt_icon_tmall"
ERROR - 2016-05-30 15:16:34 --> Could not find the language line "mynt_icon_youzan"
ERROR - 2016-05-30 15:16:34 --> Could not find the language line "mynt_jd_detail"
ERROR - 2016-05-30 15:16:34 --> Could not find the language line "to_buy_wd"
ERROR - 2016-05-30 15:16:34 --> Could not find the language line "slightech_wechat"
ERROR - 2016-05-30 15:16:34 --> Could not find the language line "camera_no_lost"
ERROR - 2016-05-30 15:16:34 --> Could not find the language line "key_no_lost"
ERROR - 2016-05-30 15:16:34 --> Could not find the language line "bag_no_lost"
ERROR - 2016-05-30 15:16:34 --> Could not find the language line "computer_no_lost"
ERROR - 2016-05-30 15:16:34 --> Could not find the language line "pet_no_lost"
ERROR - 2016-05-30 15:16:34 --> Could not find the language line "goal"
ERROR - 2016-05-30 15:16:34 --> Could not find the language line "fund_title"
ERROR - 2016-05-30 15:16:34 --> Could not find the language line "fund_intro"
ERROR - 2016-05-30 15:17:27 --> Could not find the language line "mynt_buy_taobao"
ERROR - 2016-05-30 15:17:27 --> Could not find the language line "mynt_buy_tmall"
ERROR - 2016-05-30 15:17:27 --> Could not find the language line "mynt_buy_youzan"
ERROR - 2016-05-30 15:17:27 --> Could not find the language line "mynt_icon_taobao"
ERROR - 2016-05-30 15:17:27 --> Could not find the language line "mynt_icon_tmall"
ERROR - 2016-05-30 15:17:27 --> Could not find the language line "mynt_icon_youzan"
ERROR - 2016-05-30 15:17:27 --> Could not find the language line "mynt_jd_detail"
ERROR - 2016-05-30 15:17:27 --> Could not find the language line "to_buy_wd"
ERROR - 2016-05-30 15:17:27 --> Could not find the language line "slightech_wechat"
ERROR - 2016-05-30 15:17:27 --> Could not find the language line "camera_no_lost"
ERROR - 2016-05-30 15:17:27 --> Could not find the language line "key_no_lost"
ERROR - 2016-05-30 15:17:27 --> Could not find the language line "bag_no_lost"
ERROR - 2016-05-30 15:17:27 --> Could not find the language line "computer_no_lost"
ERROR - 2016-05-30 15:17:27 --> Could not find the language line "pet_no_lost"
ERROR - 2016-05-30 15:17:27 --> Could not find the language line "goal"
ERROR - 2016-05-30 15:17:27 --> Could not find the language line "fund_title"
ERROR - 2016-05-30 15:17:27 --> Could not find the language line "fund_intro"
ERROR - 2016-05-30 15:17:38 --> Could not find the language line "mynt_buy_taobao"
ERROR - 2016-05-30 15:17:38 --> Could not find the language line "mynt_buy_tmall"
ERROR - 2016-05-30 15:17:38 --> Could not find the language line "mynt_buy_youzan"
ERROR - 2016-05-30 15:17:38 --> Could not find the language line "mynt_icon_taobao"
ERROR - 2016-05-30 15:17:38 --> Could not find the language line "mynt_icon_tmall"
ERROR - 2016-05-30 15:17:38 --> Could not find the language line "mynt_icon_youzan"
ERROR - 2016-05-30 15:17:38 --> Could not find the language line "mynt_jd_detail"
ERROR - 2016-05-30 15:17:38 --> Could not find the language line "to_buy_wd"
ERROR - 2016-05-30 15:17:38 --> Could not find the language line "slightech_wechat"
ERROR - 2016-05-30 15:17:38 --> Could not find the language line "camera_no_lost"
ERROR - 2016-05-30 15:17:38 --> Could not find the language line "key_no_lost"
ERROR - 2016-05-30 15:17:38 --> Could not find the language line "bag_no_lost"
ERROR - 2016-05-30 15:17:38 --> Could not find the language line "computer_no_lost"
ERROR - 2016-05-30 15:17:38 --> Could not find the language line "pet_no_lost"
ERROR - 2016-05-30 15:17:38 --> Could not find the language line "goal"
ERROR - 2016-05-30 15:17:38 --> Could not find the language line "fund_title"
ERROR - 2016-05-30 15:17:38 --> Could not find the language line "fund_intro"
ERROR - 2016-05-30 15:18:49 --> Could not find the language line "mynt_buy_taobao"
ERROR - 2016-05-30 15:18:49 --> Could not find the language line "mynt_buy_tmall"
ERROR - 2016-05-30 15:18:49 --> Could not find the language line "mynt_buy_youzan"
ERROR - 2016-05-30 15:18:49 --> Could not find the language line "mynt_icon_taobao"
ERROR - 2016-05-30 15:18:49 --> Could not find the language line "mynt_icon_tmall"
ERROR - 2016-05-30 15:18:49 --> Could not find the language line "mynt_icon_youzan"
ERROR - 2016-05-30 15:18:49 --> Could not find the language line "mynt_jd_detail"
ERROR - 2016-05-30 15:18:49 --> Could not find the language line "to_buy_wd"
ERROR - 2016-05-30 15:18:49 --> Could not find the language line "slightech_wechat"
ERROR - 2016-05-30 15:18:49 --> Could not find the language line "camera_no_lost"
ERROR - 2016-05-30 15:18:49 --> Could not find the language line "key_no_lost"
ERROR - 2016-05-30 15:18:49 --> Could not find the language line "bag_no_lost"
ERROR - 2016-05-30 15:18:49 --> Could not find the language line "computer_no_lost"
ERROR - 2016-05-30 15:18:49 --> Could not find the language line "pet_no_lost"
ERROR - 2016-05-30 15:18:49 --> Could not find the language line "goal"
ERROR - 2016-05-30 15:18:49 --> Could not find the language line "fund_title"
ERROR - 2016-05-30 15:18:49 --> Could not find the language line "fund_intro"
ERROR - 2016-05-30 15:19:18 --> Could not find the language line "mynt_buy_taobao"
ERROR - 2016-05-30 15:19:18 --> Could not find the language line "mynt_buy_tmall"
ERROR - 2016-05-30 15:19:18 --> Could not find the language line "mynt_buy_youzan"
ERROR - 2016-05-30 15:19:18 --> Could not find the language line "mynt_icon_taobao"
ERROR - 2016-05-30 15:19:18 --> Could not find the language line "mynt_icon_tmall"
ERROR - 2016-05-30 15:19:18 --> Could not find the language line "mynt_icon_youzan"
ERROR - 2016-05-30 15:19:18 --> Could not find the language line "mynt_jd_detail"
ERROR - 2016-05-30 15:19:18 --> Could not find the language line "to_buy_wd"
ERROR - 2016-05-30 15:19:18 --> Could not find the language line "slightech_wechat"
ERROR - 2016-05-30 15:19:18 --> Could not find the language line "camera_no_lost"
ERROR - 2016-05-30 15:19:18 --> Could not find the language line "key_no_lost"
ERROR - 2016-05-30 15:19:18 --> Could not find the language line "bag_no_lost"
ERROR - 2016-05-30 15:19:18 --> Could not find the language line "computer_no_lost"
ERROR - 2016-05-30 15:19:18 --> Could not find the language line "pet_no_lost"
ERROR - 2016-05-30 15:19:18 --> Could not find the language line "goal"
ERROR - 2016-05-30 15:19:18 --> Could not find the language line "fund_title"
ERROR - 2016-05-30 15:19:18 --> Could not find the language line "fund_intro"
ERROR - 2016-05-30 15:19:44 --> Could not find the language line "mynt_buy_taobao"
ERROR - 2016-05-30 15:19:44 --> Could not find the language line "mynt_buy_tmall"
ERROR - 2016-05-30 15:19:44 --> Could not find the language line "mynt_buy_youzan"
ERROR - 2016-05-30 15:19:44 --> Could not find the language line "mynt_icon_taobao"
ERROR - 2016-05-30 15:19:44 --> Could not find the language line "mynt_icon_tmall"
ERROR - 2016-05-30 15:19:44 --> Could not find the language line "mynt_icon_youzan"
ERROR - 2016-05-30 15:19:44 --> Could not find the language line "mynt_jd_detail"
ERROR - 2016-05-30 15:19:44 --> Could not find the language line "to_buy_wd"
ERROR - 2016-05-30 15:19:44 --> Could not find the language line "slightech_wechat"
ERROR - 2016-05-30 15:19:44 --> Could not find the language line "camera_no_lost"
ERROR - 2016-05-30 15:19:44 --> Could not find the language line "key_no_lost"
ERROR - 2016-05-30 15:19:44 --> Could not find the language line "bag_no_lost"
ERROR - 2016-05-30 15:19:44 --> Could not find the language line "computer_no_lost"
ERROR - 2016-05-30 15:19:44 --> Could not find the language line "pet_no_lost"
ERROR - 2016-05-30 15:19:44 --> Could not find the language line "goal"
ERROR - 2016-05-30 15:19:44 --> Could not find the language line "fund_title"
ERROR - 2016-05-30 15:19:44 --> Could not find the language line "fund_intro"
ERROR - 2016-05-30 15:20:32 --> Could not find the language line "mynt_buy_taobao"
ERROR - 2016-05-30 15:20:32 --> Could not find the language line "mynt_buy_tmall"
ERROR - 2016-05-30 15:20:32 --> Could not find the language line "mynt_buy_youzan"
ERROR - 2016-05-30 15:20:32 --> Could not find the language line "mynt_icon_taobao"
ERROR - 2016-05-30 15:20:32 --> Could not find the language line "mynt_icon_tmall"
ERROR - 2016-05-30 15:20:32 --> Could not find the language line "mynt_icon_youzan"
ERROR - 2016-05-30 15:20:32 --> Could not find the language line "mynt_jd_detail"
ERROR - 2016-05-30 15:20:32 --> Could not find the language line "to_buy_wd"
ERROR - 2016-05-30 15:20:32 --> Could not find the language line "slightech_wechat"
ERROR - 2016-05-30 15:20:32 --> Could not find the language line "camera_no_lost"
ERROR - 2016-05-30 15:20:32 --> Could not find the language line "key_no_lost"
ERROR - 2016-05-30 15:20:32 --> Could not find the language line "bag_no_lost"
ERROR - 2016-05-30 15:20:32 --> Could not find the language line "computer_no_lost"
ERROR - 2016-05-30 15:20:32 --> Could not find the language line "pet_no_lost"
ERROR - 2016-05-30 15:20:32 --> Could not find the language line "goal"
ERROR - 2016-05-30 15:20:32 --> Could not find the language line "fund_title"
ERROR - 2016-05-30 15:20:32 --> Could not find the language line "fund_intro"
ERROR - 2016-05-30 15:20:36 --> Could not find the language line "mynt_buy_taobao"
ERROR - 2016-05-30 15:20:36 --> Could not find the language line "mynt_buy_tmall"
ERROR - 2016-05-30 15:20:36 --> Could not find the language line "mynt_buy_youzan"
ERROR - 2016-05-30 15:20:36 --> Could not find the language line "mynt_icon_taobao"
ERROR - 2016-05-30 15:20:36 --> Could not find the language line "mynt_icon_tmall"
ERROR - 2016-05-30 15:20:36 --> Could not find the language line "mynt_icon_youzan"
ERROR - 2016-05-30 15:20:36 --> Could not find the language line "mynt_jd_detail"
ERROR - 2016-05-30 15:20:36 --> Could not find the language line "to_buy_wd"
ERROR - 2016-05-30 15:20:36 --> Could not find the language line "slightech_wechat"
ERROR - 2016-05-30 15:20:36 --> Could not find the language line "camera_no_lost"
ERROR - 2016-05-30 15:20:36 --> Could not find the language line "key_no_lost"
ERROR - 2016-05-30 15:20:36 --> Could not find the language line "bag_no_lost"
ERROR - 2016-05-30 15:20:36 --> Could not find the language line "computer_no_lost"
ERROR - 2016-05-30 15:20:36 --> Could not find the language line "pet_no_lost"
ERROR - 2016-05-30 15:20:36 --> Could not find the language line "goal"
ERROR - 2016-05-30 15:20:36 --> Could not find the language line "fund_title"
ERROR - 2016-05-30 15:20:36 --> Could not find the language line "fund_intro"
ERROR - 2016-05-30 15:21:41 --> Could not find the language line "mynt_buy_taobao"
ERROR - 2016-05-30 15:21:41 --> Could not find the language line "mynt_buy_tmall"
ERROR - 2016-05-30 15:21:41 --> Could not find the language line "mynt_buy_youzan"
ERROR - 2016-05-30 15:21:41 --> Could not find the language line "mynt_icon_taobao"
ERROR - 2016-05-30 15:21:41 --> Could not find the language line "mynt_icon_tmall"
ERROR - 2016-05-30 15:21:41 --> Could not find the language line "mynt_icon_youzan"
ERROR - 2016-05-30 15:21:41 --> Could not find the language line "mynt_jd_detail"
ERROR - 2016-05-30 15:21:41 --> Could not find the language line "to_buy_wd"
ERROR - 2016-05-30 15:21:41 --> Could not find the language line "slightech_wechat"
ERROR - 2016-05-30 15:21:41 --> Could not find the language line "camera_no_lost"
ERROR - 2016-05-30 15:21:41 --> Could not find the language line "key_no_lost"
ERROR - 2016-05-30 15:21:41 --> Could not find the language line "bag_no_lost"
ERROR - 2016-05-30 15:21:41 --> Could not find the language line "computer_no_lost"
ERROR - 2016-05-30 15:21:41 --> Could not find the language line "pet_no_lost"
ERROR - 2016-05-30 15:21:41 --> Could not find the language line "goal"
ERROR - 2016-05-30 15:21:41 --> Could not find the language line "fund_title"
ERROR - 2016-05-30 15:21:41 --> Could not find the language line "fund_intro"
ERROR - 2016-05-30 15:23:11 --> Could not find the language line "mynt_buy_taobao"
ERROR - 2016-05-30 15:23:11 --> Could not find the language line "mynt_buy_tmall"
ERROR - 2016-05-30 15:23:11 --> Could not find the language line "mynt_buy_youzan"
ERROR - 2016-05-30 15:23:11 --> Could not find the language line "mynt_icon_taobao"
ERROR - 2016-05-30 15:23:11 --> Could not find the language line "mynt_icon_tmall"
ERROR - 2016-05-30 15:23:11 --> Could not find the language line "mynt_icon_youzan"
ERROR - 2016-05-30 15:23:11 --> Could not find the language line "mynt_jd_detail"
ERROR - 2016-05-30 15:23:11 --> Could not find the language line "to_buy_wd"
ERROR - 2016-05-30 15:23:11 --> Could not find the language line "slightech_wechat"
ERROR - 2016-05-30 15:23:11 --> Could not find the language line "camera_no_lost"
ERROR - 2016-05-30 15:23:11 --> Could not find the language line "key_no_lost"
ERROR - 2016-05-30 15:23:11 --> Could not find the language line "bag_no_lost"
ERROR - 2016-05-30 15:23:11 --> Could not find the language line "computer_no_lost"
ERROR - 2016-05-30 15:23:11 --> Could not find the language line "pet_no_lost"
ERROR - 2016-05-30 15:23:11 --> Could not find the language line "goal"
ERROR - 2016-05-30 15:23:11 --> Could not find the language line "fund_title"
ERROR - 2016-05-30 15:23:11 --> Could not find the language line "fund_intro"
