ERROR - 2016-05-13 02:38:19 --> Could not find the language line "mynt_buy_taobao"
ERROR - 2016-05-13 02:38:19 --> Could not find the language line "mynt_buy_tmall"
ERROR - 2016-05-13 02:38:19 --> Could not find the language line "mynt_buy_youzan"
ERROR - 2016-05-13 02:46:13 --> Could not find the language line "mynt_buy_taobao"
ERROR - 2016-05-13 02:46:13 --> Could not find the language line "mynt_buy_tmall"
ERROR - 2016-05-13 02:46:13 --> Could not find the language line "mynt_buy_youzan"
ERROR - 2016-05-13 02:46:41 --> Could not find the language line "mynt_buy_taobao"
ERROR - 2016-05-13 02:46:41 --> Could not find the language line "mynt_buy_tmall"
ERROR - 2016-05-13 02:46:41 --> Could not find the language line "mynt_buy_youzan"
ERROR - 2016-05-13 02:47:52 --> Could not find the language line "mynt_buy_taobao"
ERROR - 2016-05-13 02:47:52 --> Could not find the language line "mynt_buy_tmall"
ERROR - 2016-05-13 02:47:52 --> Could not find the language line "mynt_buy_youzan"
ERROR - 2016-05-13 02:47:52 --> Could not find the language line "mynt_icon_taobao"
ERROR - 2016-05-13 02:47:52 --> Could not find the language line "mynt_icon_tmall"
ERROR - 2016-05-13 02:47:52 --> Could not find the language line "mynt_icon_youzan"
ERROR - 2016-05-13 02:49:06 --> Could not find the language line "mynt_buy_taobao"
ERROR - 2016-05-13 02:49:06 --> Could not find the language line "mynt_buy_tmall"
ERROR - 2016-05-13 02:49:06 --> Could not find the language line "mynt_buy_youzan"
ERROR - 2016-05-13 02:49:14 --> Could not find the language line "mynt_buy_taobao"
ERROR - 2016-05-13 02:49:14 --> Could not find the language line "mynt_buy_tmall"
ERROR - 2016-05-13 02:49:14 --> Could not find the language line "mynt_buy_youzan"
ERROR - 2016-05-13 02:51:15 --> Could not find the language line "mynt_buy_taobao"
ERROR - 2016-05-13 02:51:15 --> Could not find the language line "mynt_buy_tmall"
ERROR - 2016-05-13 02:51:15 --> Could not find the language line "mynt_buy_youzan"
ERROR - 2016-05-13 02:51:48 --> Could not find the language line "mynt_buy_taobao"
ERROR - 2016-05-13 02:51:48 --> Could not find the language line "mynt_buy_tmall"
ERROR - 2016-05-13 02:51:48 --> Could not find the language line "mynt_buy_youzan"
ERROR - 2016-05-13 02:54:18 --> Could not find the language line "mynt_buy_taobao"
ERROR - 2016-05-13 02:54:18 --> Could not find the language line "mynt_buy_tmall"
ERROR - 2016-05-13 02:54:18 --> Could not find the language line "mynt_buy_youzan"
ERROR - 2016-05-13 02:55:09 --> Could not find the language line "mynt_buy_taobao"
ERROR - 2016-05-13 02:55:09 --> Could not find the language line "mynt_buy_tmall"
ERROR - 2016-05-13 02:55:09 --> Could not find the language line "mynt_buy_youzan"
ERROR - 2016-05-13 02:56:02 --> Could not find the language line "mynt_buy_taobao"
ERROR - 2016-05-13 02:56:02 --> Could not find the language line "mynt_buy_tmall"
ERROR - 2016-05-13 02:56:02 --> Could not find the language line "mynt_buy_youzan"
ERROR - 2016-05-13 02:57:22 --> Could not find the language line "mynt_buy_taobao"
ERROR - 2016-05-13 02:57:22 --> Could not find the language line "mynt_buy_tmall"
ERROR - 2016-05-13 02:57:22 --> Could not find the language line "mynt_buy_youzan"
ERROR - 2016-05-13 02:57:22 --> Session: File 'ci_sessions/ci_sessionb67a2b6e89552b8f4538a3cc5f0d4cc381817c20' doesn't exist and cannot be created.
ERROR - 2016-05-13 02:57:44 --> Could not find the language line "mynt_buy_taobao"
ERROR - 2016-05-13 02:57:44 --> Could not find the language line "mynt_buy_tmall"
ERROR - 2016-05-13 02:57:44 --> Could not find the language line "mynt_buy_youzan"
ERROR - 2016-05-13 02:58:28 --> Could not find the language line "mynt_buy_taobao"
ERROR - 2016-05-13 02:58:28 --> Could not find the language line "mynt_buy_tmall"
ERROR - 2016-05-13 02:58:28 --> Could not find the language line "mynt_buy_youzan"
ERROR - 2016-05-13 02:59:14 --> Could not find the language line "mynt_buy_taobao"
ERROR - 2016-05-13 02:59:14 --> Could not find the language line "mynt_buy_tmall"
ERROR - 2016-05-13 02:59:14 --> Could not find the language line "mynt_buy_youzan"
ERROR - 2016-05-13 03:03:46 --> Could not find the language line "mynt_buy_taobao"
ERROR - 2016-05-13 03:03:46 --> Could not find the language line "mynt_buy_tmall"
ERROR - 2016-05-13 03:03:46 --> Could not find the language line "mynt_buy_youzan"
ERROR - 2016-05-13 03:06:53 --> Could not find the language line "mynt_buy_taobao"
ERROR - 2016-05-13 03:06:53 --> Could not find the language line "mynt_buy_tmall"
ERROR - 2016-05-13 03:06:53 --> Could not find the language line "mynt_buy_youzan"
ERROR - 2016-05-13 03:09:14 --> Could not find the language line "mynt_buy_taobao"
ERROR - 2016-05-13 03:09:14 --> Could not find the language line "mynt_buy_tmall"
ERROR - 2016-05-13 03:09:14 --> Could not find the language line "mynt_buy_youzan"
ERROR - 2016-05-13 03:09:14 --> Session: File 'ci_sessions/ci_session9c596ac123b3d90fb07fbc9e1bf27b0a3a6a8c00' doesn't exist and cannot be created.
ERROR - 2016-05-13 03:12:29 --> Could not find the language line "mynt_buy_taobao"
ERROR - 2016-05-13 03:12:29 --> Could not find the language line "mynt_buy_tmall"
ERROR - 2016-05-13 03:12:29 --> Could not find the language line "mynt_buy_youzan"
ERROR - 2016-05-13 03:23:10 --> Could not find the language line "mynt_buy_taobao"
ERROR - 2016-05-13 03:23:10 --> Could not find the language line "mynt_buy_tmall"
ERROR - 2016-05-13 03:23:10 --> Could not find the language line "mynt_buy_youzan"
ERROR - 2016-05-13 03:23:49 --> Could not find the language line "mynt_buy_taobao"
ERROR - 2016-05-13 03:23:49 --> Could not find the language line "mynt_buy_tmall"
ERROR - 2016-05-13 03:23:49 --> Could not find the language line "mynt_buy_youzan"
ERROR - 2016-05-13 03:24:00 --> Could not find the language line "mynt_buy_taobao"
ERROR - 2016-05-13 03:24:00 --> Could not find the language line "mynt_buy_tmall"
ERROR - 2016-05-13 03:24:00 --> Could not find the language line "mynt_buy_youzan"
ERROR - 2016-05-13 03:24:03 --> Could not find the language line "mynt_buy_taobao"
ERROR - 2016-05-13 03:24:03 --> Could not find the language line "mynt_buy_tmall"
ERROR - 2016-05-13 03:24:03 --> Could not find the language line "mynt_buy_youzan"
ERROR - 2016-05-13 03:24:03 --> Could not find the language line "mynt_icon_taobao"
ERROR - 2016-05-13 03:24:03 --> Could not find the language line "mynt_icon_tmall"
ERROR - 2016-05-13 03:24:03 --> Could not find the language line "mynt_icon_youzan"
ERROR - 2016-05-13 03:25:11 --> Could not find the language line "mynt_buy_taobao"
ERROR - 2016-05-13 03:25:11 --> Could not find the language line "mynt_buy_tmall"
ERROR - 2016-05-13 03:25:11 --> Could not find the language line "mynt_buy_youzan"
ERROR - 2016-05-13 03:25:21 --> Could not find the language line "mynt_buy_taobao"
ERROR - 2016-05-13 03:25:21 --> Could not find the language line "mynt_buy_tmall"
ERROR - 2016-05-13 03:25:21 --> Could not find the language line "mynt_buy_youzan"
ERROR - 2016-05-13 03:25:21 --> Could not find the language line "mynt_icon_taobao"
ERROR - 2016-05-13 03:25:21 --> Could not find the language line "mynt_icon_tmall"
ERROR - 2016-05-13 03:25:21 --> Could not find the language line "mynt_icon_youzan"
ERROR - 2016-05-13 03:25:23 --> Could not find the language line "mynt_buy_taobao"
ERROR - 2016-05-13 03:25:23 --> Could not find the language line "mynt_buy_tmall"
ERROR - 2016-05-13 03:25:23 --> Could not find the language line "mynt_buy_youzan"
ERROR - 2016-05-13 03:25:23 --> Could not find the language line "mynt_icon_taobao"
ERROR - 2016-05-13 03:25:23 --> Could not find the language line "mynt_icon_tmall"
ERROR - 2016-05-13 03:25:23 --> Could not find the language line "mynt_icon_youzan"
ERROR - 2016-05-13 03:25:23 --> Could not find the language line "mynt_buy_taobao"
ERROR - 2016-05-13 03:25:23 --> Could not find the language line "mynt_buy_tmall"
ERROR - 2016-05-13 03:25:23 --> Could not find the language line "mynt_buy_youzan"
ERROR - 2016-05-13 03:25:23 --> Could not find the language line "mynt_icon_taobao"
ERROR - 2016-05-13 03:25:23 --> Could not find the language line "mynt_icon_tmall"
ERROR - 2016-05-13 03:25:23 --> Could not find the language line "mynt_icon_youzan"
ERROR - 2016-05-13 03:25:24 --> Could not find the language line "mynt_buy_taobao"
ERROR - 2016-05-13 03:25:24 --> Could not find the language line "mynt_buy_tmall"
ERROR - 2016-05-13 03:25:24 --> Could not find the language line "mynt_buy_youzan"
ERROR - 2016-05-13 03:25:24 --> Could not find the language line "mynt_icon_taobao"
ERROR - 2016-05-13 03:25:24 --> Could not find the language line "mynt_icon_tmall"
ERROR - 2016-05-13 03:25:24 --> Could not find the language line "mynt_icon_youzan"
ERROR - 2016-05-13 03:27:35 --> Could not find the language line "mynt_buy_taobao"
ERROR - 2016-05-13 03:27:35 --> Could not find the language line "mynt_buy_tmall"
ERROR - 2016-05-13 03:27:35 --> Could not find the language line "mynt_buy_youzan"
ERROR - 2016-05-13 03:30:49 --> Could not find the language line "mynt_buy_taobao"
ERROR - 2016-05-13 03:30:49 --> Could not find the language line "mynt_buy_tmall"
ERROR - 2016-05-13 03:30:49 --> Could not find the language line "mynt_buy_youzan"
ERROR - 2016-05-13 03:30:49 --> Session: File 'ci_sessions/ci_session7628cdeef97cb23ba78ecd6251685e2c1417c795' doesn't exist and cannot be created.
ERROR - 2016-05-13 03:36:40 --> Could not find the language line "mynt_buy_taobao"
ERROR - 2016-05-13 03:36:40 --> Could not find the language line "mynt_buy_tmall"
ERROR - 2016-05-13 03:36:40 --> Could not find the language line "mynt_buy_youzan"
ERROR - 2016-05-13 03:37:54 --> Could not find the language line "mynt_buy_taobao"
ERROR - 2016-05-13 03:37:54 --> Could not find the language line "mynt_buy_tmall"
ERROR - 2016-05-13 03:37:54 --> Could not find the language line "mynt_buy_youzan"
ERROR - 2016-05-13 03:38:07 --> Could not find the language line "mynt_buy_taobao"
ERROR - 2016-05-13 03:38:07 --> Could not find the language line "mynt_buy_tmall"
ERROR - 2016-05-13 03:38:07 --> Could not find the language line "mynt_buy_youzan"
ERROR - 2016-05-13 03:41:40 --> Could not find the language line "mynt_buy_taobao"
ERROR - 2016-05-13 03:41:40 --> Could not find the language line "mynt_buy_tmall"
ERROR - 2016-05-13 03:41:40 --> Could not find the language line "mynt_buy_youzan"
ERROR - 2016-05-13 03:42:07 --> Could not find the language line "mynt_buy_taobao"
ERROR - 2016-05-13 03:42:07 --> Could not find the language line "mynt_buy_tmall"
ERROR - 2016-05-13 03:42:07 --> Could not find the language line "mynt_buy_youzan"
ERROR - 2016-05-13 03:42:15 --> Could not find the language line "mynt_buy_taobao"
ERROR - 2016-05-13 03:42:15 --> Could not find the language line "mynt_buy_tmall"
ERROR - 2016-05-13 03:42:15 --> Could not find the language line "mynt_buy_youzan"
ERROR - 2016-05-13 03:42:58 --> Could not find the language line "mynt_buy_taobao"
ERROR - 2016-05-13 03:42:58 --> Could not find the language line "mynt_buy_tmall"
ERROR - 2016-05-13 03:42:58 --> Could not find the language line "mynt_buy_youzan"
ERROR - 2016-05-13 03:44:25 --> Could not find the language line "mynt_buy_taobao"
ERROR - 2016-05-13 03:44:25 --> Could not find the language line "mynt_buy_tmall"
ERROR - 2016-05-13 03:44:25 --> Could not find the language line "mynt_buy_youzan"
ERROR - 2016-05-13 03:44:33 --> Could not find the language line "mynt_buy_taobao"
ERROR - 2016-05-13 03:44:33 --> Could not find the language line "mynt_buy_tmall"
ERROR - 2016-05-13 03:44:33 --> Could not find the language line "mynt_buy_youzan"
ERROR - 2016-05-13 03:45:27 --> Could not find the language line "mynt_buy_taobao"
ERROR - 2016-05-13 03:45:27 --> Could not find the language line "mynt_buy_tmall"
ERROR - 2016-05-13 03:45:27 --> Could not find the language line "mynt_buy_youzan"
ERROR - 2016-05-13 03:45:39 --> Could not find the language line "mynt_buy_taobao"
ERROR - 2016-05-13 03:45:39 --> Could not find the language line "mynt_buy_tmall"
ERROR - 2016-05-13 03:45:39 --> Could not find the language line "mynt_buy_youzan"
ERROR - 2016-05-13 03:45:52 --> Could not find the language line "mynt_buy_taobao"
ERROR - 2016-05-13 03:45:52 --> Could not find the language line "mynt_buy_tmall"
ERROR - 2016-05-13 03:45:52 --> Could not find the language line "mynt_buy_youzan"
ERROR - 2016-05-13 03:56:54 --> Could not find the language line "mynt_buy_taobao"
ERROR - 2016-05-13 03:56:54 --> Could not find the language line "mynt_buy_tmall"
ERROR - 2016-05-13 03:56:54 --> Could not find the language line "mynt_buy_youzan"
ERROR - 2016-05-13 03:57:30 --> Could not find the language line "mynt_buy_taobao"
ERROR - 2016-05-13 03:57:30 --> Could not find the language line "mynt_buy_tmall"
ERROR - 2016-05-13 03:57:30 --> Could not find the language line "mynt_buy_youzan"
ERROR - 2016-05-13 03:58:27 --> Could not find the language line "mynt_buy_taobao"
ERROR - 2016-05-13 03:58:27 --> Could not find the language line "mynt_buy_tmall"
ERROR - 2016-05-13 03:58:27 --> Could not find the language line "mynt_buy_youzan"
ERROR - 2016-05-13 03:59:23 --> Could not find the language line "mynt_buy_taobao"
ERROR - 2016-05-13 03:59:23 --> Could not find the language line "mynt_buy_tmall"
ERROR - 2016-05-13 03:59:23 --> Could not find the language line "mynt_buy_youzan"
ERROR - 2016-05-13 04:00:13 --> Could not find the language line "mynt_buy_taobao"
ERROR - 2016-05-13 04:00:13 --> Could not find the language line "mynt_buy_tmall"
ERROR - 2016-05-13 04:00:13 --> Could not find the language line "mynt_buy_youzan"
ERROR - 2016-05-13 04:02:02 --> Could not find the language line "mynt_buy_taobao"
ERROR - 2016-05-13 04:02:02 --> Could not find the language line "mynt_buy_tmall"
ERROR - 2016-05-13 04:02:02 --> Could not find the language line "mynt_buy_youzan"
ERROR - 2016-05-13 04:02:02 --> Session: File 'ci_sessions/ci_sessionfccb97c9204707011f7e8dea2311ac6900894164' doesn't exist and cannot be created.
ERROR - 2016-05-13 04:03:16 --> Could not find the language line "mynt_buy_taobao"
ERROR - 2016-05-13 04:03:16 --> Could not find the language line "mynt_buy_tmall"
ERROR - 2016-05-13 04:03:16 --> Could not find the language line "mynt_buy_youzan"
ERROR - 2016-05-13 04:04:13 --> Could not find the language line "mynt_buy_taobao"
ERROR - 2016-05-13 04:04:13 --> Could not find the language line "mynt_buy_tmall"
ERROR - 2016-05-13 04:04:13 --> Could not find the language line "mynt_buy_youzan"
ERROR - 2016-05-13 04:12:46 --> Could not find the language line "mynt_buy_taobao"
ERROR - 2016-05-13 04:12:46 --> Could not find the language line "mynt_buy_tmall"
ERROR - 2016-05-13 04:12:46 --> Could not find the language line "mynt_buy_youzan"
ERROR - 2016-05-13 04:13:01 --> Could not find the language line "mynt_buy_taobao"
ERROR - 2016-05-13 04:13:01 --> Could not find the language line "mynt_buy_tmall"
ERROR - 2016-05-13 04:13:01 --> Could not find the language line "mynt_buy_youzan"
ERROR - 2016-05-13 04:13:01 --> Could not find the language line "mynt_icon_taobao"
ERROR - 2016-05-13 04:13:01 --> Could not find the language line "mynt_icon_tmall"
ERROR - 2016-05-13 04:13:01 --> Could not find the language line "mynt_icon_youzan"
ERROR - 2016-05-13 04:13:01 --> Could not find the language line "mynt_jd_detail"
ERROR - 2016-05-13 04:13:01 --> Could not find the language line "to_buy_wd"
ERROR - 2016-05-13 04:13:01 --> Could not find the language line "slightech_wechat"
ERROR - 2016-05-13 04:13:01 --> Could not find the language line "camera_no_lost"
ERROR - 2016-05-13 04:13:01 --> Could not find the language line "key_no_lost"
ERROR - 2016-05-13 04:13:01 --> Could not find the language line "bag_no_lost"
ERROR - 2016-05-13 04:13:01 --> Could not find the language line "computer_no_lost"
ERROR - 2016-05-13 04:13:01 --> Could not find the language line "pet_no_lost"
ERROR - 2016-05-13 04:13:01 --> Could not find the language line "goal"
ERROR - 2016-05-13 04:13:01 --> Could not find the language line "fund_title"
ERROR - 2016-05-13 04:13:01 --> Could not find the language line "fund_intro"
ERROR - 2016-05-13 04:13:15 --> Could not find the language line "mynt_buy_taobao"
ERROR - 2016-05-13 04:13:15 --> Could not find the language line "mynt_buy_tmall"
ERROR - 2016-05-13 04:13:15 --> Could not find the language line "mynt_buy_youzan"
ERROR - 2016-05-13 04:13:26 --> Could not find the language line "mynt_buy_taobao"
ERROR - 2016-05-13 04:13:26 --> Could not find the language line "mynt_buy_tmall"
ERROR - 2016-05-13 04:13:26 --> Could not find the language line "mynt_buy_youzan"
ERROR - 2016-05-13 04:13:26 --> Could not find the language line "about_keywords"
ERROR - 2016-05-13 04:13:26 --> Could not find the language line "about_facebook"
ERROR - 2016-05-13 04:13:26 --> Could not find the language line "about_twitter"
ERROR - 2016-05-13 04:13:26 --> Could not find the language line "about_weibo"
ERROR - 2016-05-13 04:13:26 --> Session: File 'ci_sessions/ci_sessionc93667223aed9d292da7dabc16f51f9bd1d27edc' doesn't exist and cannot be created.
ERROR - 2016-05-13 04:13:50 --> Could not find the language line "mynt_buy_taobao"
ERROR - 2016-05-13 04:13:50 --> Could not find the language line "mynt_buy_tmall"
ERROR - 2016-05-13 04:13:50 --> Could not find the language line "mynt_buy_youzan"
ERROR - 2016-05-13 04:13:50 --> Could not find the language line "mynt_icon_taobao"
ERROR - 2016-05-13 04:13:50 --> Could not find the language line "mynt_icon_tmall"
ERROR - 2016-05-13 04:13:50 --> Could not find the language line "mynt_icon_youzan"
ERROR - 2016-05-13 06:07:43 --> Could not find the language line "mynt_buy_taobao"
ERROR - 2016-05-13 06:07:43 --> Could not find the language line "mynt_buy_tmall"
ERROR - 2016-05-13 06:07:43 --> Could not find the language line "mynt_buy_youzan"
ERROR - 2016-05-13 06:11:27 --> Could not find the language line "mynt_buy_taobao"
ERROR - 2016-05-13 06:11:27 --> Could not find the language line "mynt_buy_tmall"
ERROR - 2016-05-13 06:11:27 --> Could not find the language line "mynt_buy_youzan"
ERROR - 2016-05-13 06:22:22 --> Could not find the language line "mynt_buy_taobao"
ERROR - 2016-05-13 06:22:22 --> Could not find the language line "mynt_buy_tmall"
ERROR - 2016-05-13 06:22:22 --> Could not find the language line "mynt_buy_youzan"
ERROR - 2016-05-13 06:23:05 --> Could not find the language line "mynt_buy_taobao"
ERROR - 2016-05-13 06:23:05 --> Could not find the language line "mynt_buy_tmall"
ERROR - 2016-05-13 06:23:05 --> Could not find the language line "mynt_buy_youzan"
ERROR - 2016-05-13 06:25:04 --> Could not find the language line "mynt_buy_taobao"
ERROR - 2016-05-13 06:25:04 --> Could not find the language line "mynt_buy_tmall"
ERROR - 2016-05-13 06:25:04 --> Could not find the language line "mynt_buy_youzan"
ERROR - 2016-05-13 06:25:04 --> Could not find the language line "mynt_icon_taobao"
ERROR - 2016-05-13 06:25:04 --> Could not find the language line "mynt_icon_tmall"
ERROR - 2016-05-13 06:25:04 --> Could not find the language line "mynt_icon_youzan"
ERROR - 2016-05-13 06:35:04 --> Could not find the language line "mynt_buy_taobao"
ERROR - 2016-05-13 06:35:04 --> Could not find the language line "mynt_buy_tmall"
ERROR - 2016-05-13 06:35:04 --> Could not find the language line "mynt_buy_youzan"
ERROR - 2016-05-13 06:35:06 --> Could not find the language line "mynt_buy_taobao"
ERROR - 2016-05-13 06:35:06 --> Could not find the language line "mynt_buy_tmall"
ERROR - 2016-05-13 06:35:06 --> Could not find the language line "mynt_buy_youzan"
ERROR - 2016-05-13 06:35:10 --> Could not find the language line "mynt_buy_taobao"
ERROR - 2016-05-13 06:35:10 --> Could not find the language line "mynt_buy_tmall"
ERROR - 2016-05-13 06:35:10 --> Could not find the language line "mynt_buy_youzan"
ERROR - 2016-05-13 06:35:13 --> Could not find the language line "mynt_buy_taobao"
ERROR - 2016-05-13 06:35:13 --> Could not find the language line "mynt_buy_tmall"
ERROR - 2016-05-13 06:35:13 --> Could not find the language line "mynt_buy_youzan"
ERROR - 2016-05-13 06:35:37 --> Could not find the language line "mynt_buy_taobao"
ERROR - 2016-05-13 06:35:37 --> Could not find the language line "mynt_buy_tmall"
ERROR - 2016-05-13 06:35:37 --> Could not find the language line "mynt_buy_youzan"
ERROR - 2016-05-13 06:35:58 --> Could not find the language line "mynt_buy_taobao"
ERROR - 2016-05-13 06:35:58 --> Could not find the language line "mynt_buy_tmall"
ERROR - 2016-05-13 06:35:58 --> Could not find the language line "mynt_buy_youzan"
ERROR - 2016-05-13 06:36:12 --> Could not find the language line "mynt_buy_taobao"
ERROR - 2016-05-13 06:36:12 --> Could not find the language line "mynt_buy_tmall"
ERROR - 2016-05-13 06:36:12 --> Could not find the language line "mynt_buy_youzan"
ERROR - 2016-05-13 06:38:20 --> Could not find the language line "mynt_buy_taobao"
ERROR - 2016-05-13 06:38:20 --> Could not find the language line "mynt_buy_tmall"
ERROR - 2016-05-13 06:38:20 --> Could not find the language line "mynt_buy_youzan"
ERROR - 2016-05-13 06:40:03 --> Could not find the language line "mynt_buy_taobao"
ERROR - 2016-05-13 06:40:03 --> Could not find the language line "mynt_buy_tmall"
ERROR - 2016-05-13 06:40:03 --> Could not find the language line "mynt_buy_youzan"
ERROR - 2016-05-13 06:40:15 --> Could not find the language line "mynt_buy_taobao"
ERROR - 2016-05-13 06:40:15 --> Could not find the language line "mynt_buy_tmall"
ERROR - 2016-05-13 06:40:15 --> Could not find the language line "mynt_buy_youzan"
ERROR - 2016-05-13 06:40:26 --> Could not find the language line "mynt_buy_taobao"
ERROR - 2016-05-13 06:40:26 --> Could not find the language line "mynt_buy_tmall"
ERROR - 2016-05-13 06:40:26 --> Could not find the language line "mynt_buy_youzan"
ERROR - 2016-05-13 06:40:54 --> Could not find the language line "mynt_buy_taobao"
ERROR - 2016-05-13 06:40:54 --> Could not find the language line "mynt_buy_tmall"
ERROR - 2016-05-13 06:40:54 --> Could not find the language line "mynt_buy_youzan"
ERROR - 2016-05-13 06:41:10 --> Could not find the language line "mynt_buy_taobao"
ERROR - 2016-05-13 06:41:10 --> Could not find the language line "mynt_buy_tmall"
ERROR - 2016-05-13 06:41:10 --> Could not find the language line "mynt_buy_youzan"
ERROR - 2016-05-13 08:28:02 --> Could not find the language line "mynt_buy_taobao"
ERROR - 2016-05-13 08:28:02 --> Could not find the language line "mynt_buy_tmall"
ERROR - 2016-05-13 08:28:02 --> Could not find the language line "mynt_buy_youzan"
ERROR - 2016-05-13 08:28:02 --> Could not find the language line "mynt_icon_taobao"
ERROR - 2016-05-13 08:28:02 --> Could not find the language line "mynt_icon_tmall"
ERROR - 2016-05-13 08:28:02 --> Could not find the language line "mynt_icon_youzan"
ERROR - 2016-05-13 08:30:41 --> Could not find the language line "mynt_buy_taobao"
ERROR - 2016-05-13 08:30:41 --> Could not find the language line "mynt_buy_tmall"
ERROR - 2016-05-13 08:30:41 --> Could not find the language line "mynt_buy_youzan"
ERROR - 2016-05-13 08:30:41 --> Could not find the language line "mynt_icon_taobao"
ERROR - 2016-05-13 08:30:41 --> Could not find the language line "mynt_icon_tmall"
ERROR - 2016-05-13 08:30:41 --> Could not find the language line "mynt_icon_youzan"
ERROR - 2016-05-13 08:31:04 --> Could not find the language line "mynt_buy_taobao"
ERROR - 2016-05-13 08:31:04 --> Could not find the language line "mynt_buy_tmall"
ERROR - 2016-05-13 08:31:04 --> Could not find the language line "mynt_buy_youzan"
ERROR - 2016-05-13 08:31:04 --> Could not find the language line "mynt_icon_taobao"
ERROR - 2016-05-13 08:31:04 --> Could not find the language line "mynt_icon_tmall"
ERROR - 2016-05-13 08:31:04 --> Could not find the language line "mynt_icon_youzan"
ERROR - 2016-05-13 08:31:31 --> Could not find the language line "mynt_buy_taobao"
ERROR - 2016-05-13 08:31:31 --> Could not find the language line "mynt_buy_tmall"
ERROR - 2016-05-13 08:31:31 --> Could not find the language line "mynt_buy_youzan"
ERROR - 2016-05-13 08:31:31 --> Could not find the language line "mynt_icon_taobao"
ERROR - 2016-05-13 08:31:31 --> Could not find the language line "mynt_icon_tmall"
ERROR - 2016-05-13 08:31:31 --> Could not find the language line "mynt_icon_youzan"
ERROR - 2016-05-13 08:33:38 --> Could not find the language line "mynt_buy_taobao"
ERROR - 2016-05-13 08:33:38 --> Could not find the language line "mynt_buy_tmall"
ERROR - 2016-05-13 08:33:38 --> Could not find the language line "mynt_buy_youzan"
ERROR - 2016-05-13 08:33:38 --> Could not find the language line "mynt_icon_taobao"
ERROR - 2016-05-13 08:33:38 --> Could not find the language line "mynt_icon_tmall"
ERROR - 2016-05-13 08:33:38 --> Could not find the language line "mynt_icon_youzan"
ERROR - 2016-05-13 08:33:38 --> Session: File 'ci_sessions/ci_session49953a709f153d8ca257b8abfcf683055ef6a74a' doesn't exist and cannot be created.
ERROR - 2016-05-13 08:34:19 --> Could not find the language line "mynt_buy_taobao"
ERROR - 2016-05-13 08:34:19 --> Could not find the language line "mynt_buy_tmall"
ERROR - 2016-05-13 08:34:19 --> Could not find the language line "mynt_buy_youzan"
ERROR - 2016-05-13 08:34:19 --> Could not find the language line "mynt_icon_taobao"
ERROR - 2016-05-13 08:34:19 --> Could not find the language line "mynt_icon_tmall"
ERROR - 2016-05-13 08:34:19 --> Could not find the language line "mynt_icon_youzan"
ERROR - 2016-05-13 08:34:42 --> Could not find the language line "mynt_buy_taobao"
ERROR - 2016-05-13 08:34:42 --> Could not find the language line "mynt_buy_tmall"
ERROR - 2016-05-13 08:34:42 --> Could not find the language line "mynt_buy_youzan"
ERROR - 2016-05-13 08:34:42 --> Could not find the language line "mynt_icon_taobao"
ERROR - 2016-05-13 08:34:42 --> Could not find the language line "mynt_icon_tmall"
ERROR - 2016-05-13 08:34:42 --> Could not find the language line "mynt_icon_youzan"
ERROR - 2016-05-13 08:38:52 --> Could not find the language line "mynt_buy_taobao"
ERROR - 2016-05-13 08:38:52 --> Could not find the language line "mynt_buy_tmall"
ERROR - 2016-05-13 08:38:52 --> Could not find the language line "mynt_buy_youzan"
ERROR - 2016-05-13 08:38:52 --> Could not find the language line "mynt_icon_taobao"
ERROR - 2016-05-13 08:38:52 --> Could not find the language line "mynt_icon_tmall"
ERROR - 2016-05-13 08:38:52 --> Could not find the language line "mynt_icon_youzan"
ERROR - 2016-05-13 08:39:51 --> Could not find the language line "mynt_buy_taobao"
ERROR - 2016-05-13 08:39:51 --> Could not find the language line "mynt_buy_tmall"
ERROR - 2016-05-13 08:39:51 --> Could not find the language line "mynt_buy_youzan"
ERROR - 2016-05-13 08:39:51 --> Could not find the language line "mynt_icon_taobao"
ERROR - 2016-05-13 08:39:51 --> Could not find the language line "mynt_icon_tmall"
ERROR - 2016-05-13 08:39:51 --> Could not find the language line "mynt_icon_youzan"
ERROR - 2016-05-13 08:40:16 --> Could not find the language line "mynt_buy_taobao"
ERROR - 2016-05-13 08:40:16 --> Could not find the language line "mynt_buy_tmall"
ERROR - 2016-05-13 08:40:16 --> Could not find the language line "mynt_buy_youzan"
ERROR - 2016-05-13 08:40:16 --> Could not find the language line "mynt_icon_taobao"
ERROR - 2016-05-13 08:40:16 --> Could not find the language line "mynt_icon_tmall"
ERROR - 2016-05-13 08:40:16 --> Could not find the language line "mynt_icon_youzan"
ERROR - 2016-05-13 08:41:35 --> Could not find the language line "mynt_buy_taobao"
ERROR - 2016-05-13 08:41:35 --> Could not find the language line "mynt_buy_tmall"
ERROR - 2016-05-13 08:41:35 --> Could not find the language line "mynt_buy_youzan"
ERROR - 2016-05-13 08:41:35 --> Could not find the language line "mynt_icon_taobao"
ERROR - 2016-05-13 08:41:35 --> Could not find the language line "mynt_icon_tmall"
ERROR - 2016-05-13 08:41:35 --> Could not find the language line "mynt_icon_youzan"
ERROR - 2016-05-13 08:41:47 --> Could not find the language line "mynt_buy_taobao"
ERROR - 2016-05-13 08:41:47 --> Could not find the language line "mynt_buy_tmall"
ERROR - 2016-05-13 08:41:47 --> Could not find the language line "mynt_buy_youzan"
ERROR - 2016-05-13 08:41:47 --> Could not find the language line "mynt_icon_taobao"
ERROR - 2016-05-13 08:41:47 --> Could not find the language line "mynt_icon_tmall"
ERROR - 2016-05-13 08:41:47 --> Could not find the language line "mynt_icon_youzan"
ERROR - 2016-05-13 08:42:04 --> Could not find the language line "mynt_buy_taobao"
ERROR - 2016-05-13 08:42:04 --> Could not find the language line "mynt_buy_tmall"
ERROR - 2016-05-13 08:42:04 --> Could not find the language line "mynt_buy_youzan"
ERROR - 2016-05-13 08:42:04 --> Could not find the language line "mynt_icon_taobao"
ERROR - 2016-05-13 08:42:04 --> Could not find the language line "mynt_icon_tmall"
ERROR - 2016-05-13 08:42:04 --> Could not find the language line "mynt_icon_youzan"
ERROR - 2016-05-13 08:43:02 --> Could not find the language line "mynt_buy_taobao"
ERROR - 2016-05-13 08:43:02 --> Could not find the language line "mynt_buy_tmall"
ERROR - 2016-05-13 08:43:02 --> Could not find the language line "mynt_buy_youzan"
ERROR - 2016-05-13 08:43:02 --> Could not find the language line "mynt_icon_taobao"
ERROR - 2016-05-13 08:43:02 --> Could not find the language line "mynt_icon_tmall"
ERROR - 2016-05-13 08:43:02 --> Could not find the language line "mynt_icon_youzan"
ERROR - 2016-05-13 08:44:04 --> Could not find the language line "mynt_buy_taobao"
ERROR - 2016-05-13 08:44:04 --> Could not find the language line "mynt_buy_tmall"
ERROR - 2016-05-13 08:44:04 --> Could not find the language line "mynt_buy_youzan"
ERROR - 2016-05-13 08:44:04 --> Could not find the language line "mynt_icon_taobao"
ERROR - 2016-05-13 08:44:04 --> Could not find the language line "mynt_icon_tmall"
ERROR - 2016-05-13 08:44:04 --> Could not find the language line "mynt_icon_youzan"
ERROR - 2016-05-13 08:44:16 --> Could not find the language line "mynt_buy_taobao"
ERROR - 2016-05-13 08:44:16 --> Could not find the language line "mynt_buy_tmall"
ERROR - 2016-05-13 08:44:16 --> Could not find the language line "mynt_buy_youzan"
ERROR - 2016-05-13 08:44:16 --> Could not find the language line "mynt_icon_taobao"
ERROR - 2016-05-13 08:44:16 --> Could not find the language line "mynt_icon_tmall"
ERROR - 2016-05-13 08:44:16 --> Could not find the language line "mynt_icon_youzan"
ERROR - 2016-05-13 08:45:32 --> Could not find the language line "mynt_buy_taobao"
ERROR - 2016-05-13 08:45:32 --> Could not find the language line "mynt_buy_tmall"
ERROR - 2016-05-13 08:45:32 --> Could not find the language line "mynt_buy_youzan"
ERROR - 2016-05-13 08:45:32 --> Could not find the language line "mynt_icon_taobao"
ERROR - 2016-05-13 08:45:32 --> Could not find the language line "mynt_icon_tmall"
ERROR - 2016-05-13 08:45:32 --> Could not find the language line "mynt_icon_youzan"
ERROR - 2016-05-13 08:45:32 --> Session: File 'ci_sessions/ci_session0025102c158d9a8276ff546773d6a9e5a045e36a' doesn't exist and cannot be created.
ERROR - 2016-05-13 08:46:28 --> Could not find the language line "mynt_buy_taobao"
ERROR - 2016-05-13 08:46:28 --> Could not find the language line "mynt_buy_tmall"
ERROR - 2016-05-13 08:46:28 --> Could not find the language line "mynt_buy_youzan"
ERROR - 2016-05-13 08:46:28 --> Could not find the language line "mynt_icon_taobao"
ERROR - 2016-05-13 08:46:28 --> Could not find the language line "mynt_icon_tmall"
ERROR - 2016-05-13 08:46:28 --> Could not find the language line "mynt_icon_youzan"
ERROR - 2016-05-13 08:47:23 --> Could not find the language line "mynt_buy_taobao"
ERROR - 2016-05-13 08:47:23 --> Could not find the language line "mynt_buy_tmall"
ERROR - 2016-05-13 08:47:23 --> Could not find the language line "mynt_buy_youzan"
ERROR - 2016-05-13 08:47:23 --> Could not find the language line "mynt_icon_taobao"
ERROR - 2016-05-13 08:47:23 --> Could not find the language line "mynt_icon_tmall"
ERROR - 2016-05-13 08:47:23 --> Could not find the language line "mynt_icon_youzan"
ERROR - 2016-05-13 08:48:07 --> Could not find the language line "mynt_buy_taobao"
ERROR - 2016-05-13 08:48:07 --> Could not find the language line "mynt_buy_tmall"
ERROR - 2016-05-13 08:48:07 --> Could not find the language line "mynt_buy_youzan"
ERROR - 2016-05-13 08:48:07 --> Could not find the language line "mynt_icon_taobao"
ERROR - 2016-05-13 08:48:07 --> Could not find the language line "mynt_icon_tmall"
ERROR - 2016-05-13 08:48:07 --> Could not find the language line "mynt_icon_youzan"
ERROR - 2016-05-13 08:48:27 --> Could not find the language line "mynt_buy_taobao"
ERROR - 2016-05-13 08:48:27 --> Could not find the language line "mynt_buy_tmall"
ERROR - 2016-05-13 08:48:27 --> Could not find the language line "mynt_buy_youzan"
ERROR - 2016-05-13 08:48:27 --> Could not find the language line "mynt_icon_taobao"
ERROR - 2016-05-13 08:48:27 --> Could not find the language line "mynt_icon_tmall"
ERROR - 2016-05-13 08:48:27 --> Could not find the language line "mynt_icon_youzan"
ERROR - 2016-05-13 08:51:57 --> Could not find the language line "mynt_buy_taobao"
ERROR - 2016-05-13 08:51:57 --> Could not find the language line "mynt_buy_tmall"
ERROR - 2016-05-13 08:51:57 --> Could not find the language line "mynt_buy_youzan"
ERROR - 2016-05-13 08:52:03 --> Could not find the language line "mynt_buy_taobao"
ERROR - 2016-05-13 08:52:03 --> Could not find the language line "mynt_buy_tmall"
ERROR - 2016-05-13 08:52:03 --> Could not find the language line "mynt_buy_youzan"
ERROR - 2016-05-13 08:52:03 --> Could not find the language line "mynt_icon_taobao"
ERROR - 2016-05-13 08:52:03 --> Could not find the language line "mynt_icon_tmall"
ERROR - 2016-05-13 08:52:03 --> Could not find the language line "mynt_icon_youzan"
ERROR - 2016-05-13 08:53:51 --> Could not find the language line "mynt_buy_taobao"
ERROR - 2016-05-13 08:53:51 --> Could not find the language line "mynt_buy_tmall"
ERROR - 2016-05-13 08:53:51 --> Could not find the language line "mynt_buy_youzan"
ERROR - 2016-05-13 08:53:51 --> Could not find the language line "mynt_icon_taobao"
ERROR - 2016-05-13 08:53:51 --> Could not find the language line "mynt_icon_tmall"
ERROR - 2016-05-13 08:53:51 --> Could not find the language line "mynt_icon_youzan"
ERROR - 2016-05-13 08:55:12 --> Could not find the language line "mynt_buy_taobao"
ERROR - 2016-05-13 08:55:12 --> Could not find the language line "mynt_buy_tmall"
ERROR - 2016-05-13 08:55:12 --> Could not find the language line "mynt_buy_youzan"
ERROR - 2016-05-13 08:55:12 --> Could not find the language line "mynt_icon_taobao"
ERROR - 2016-05-13 08:55:12 --> Could not find the language line "mynt_icon_tmall"
ERROR - 2016-05-13 08:55:12 --> Could not find the language line "mynt_icon_youzan"
ERROR - 2016-05-13 08:55:50 --> Could not find the language line "mynt_buy_taobao"
ERROR - 2016-05-13 08:55:50 --> Could not find the language line "mynt_buy_tmall"
ERROR - 2016-05-13 08:55:50 --> Could not find the language line "mynt_buy_youzan"
ERROR - 2016-05-13 08:55:52 --> Could not find the language line "mynt_buy_taobao"
ERROR - 2016-05-13 08:55:52 --> Could not find the language line "mynt_buy_tmall"
ERROR - 2016-05-13 08:55:52 --> Could not find the language line "mynt_buy_youzan"
ERROR - 2016-05-13 08:55:52 --> Could not find the language line "mynt_icon_taobao"
ERROR - 2016-05-13 08:55:52 --> Could not find the language line "mynt_icon_tmall"
ERROR - 2016-05-13 08:55:52 --> Could not find the language line "mynt_icon_youzan"
ERROR - 2016-05-13 08:56:36 --> Could not find the language line "mynt_buy_taobao"
ERROR - 2016-05-13 08:56:36 --> Could not find the language line "mynt_buy_tmall"
ERROR - 2016-05-13 08:56:36 --> Could not find the language line "mynt_buy_youzan"
ERROR - 2016-05-13 08:56:36 --> Could not find the language line "mynt_icon_taobao"
ERROR - 2016-05-13 08:56:36 --> Could not find the language line "mynt_icon_tmall"
ERROR - 2016-05-13 08:56:36 --> Could not find the language line "mynt_icon_youzan"
ERROR - 2016-05-13 08:57:29 --> Could not find the language line "mynt_buy_taobao"
ERROR - 2016-05-13 08:57:29 --> Could not find the language line "mynt_buy_tmall"
ERROR - 2016-05-13 08:57:29 --> Could not find the language line "mynt_buy_youzan"
ERROR - 2016-05-13 08:57:29 --> Could not find the language line "mynt_icon_taobao"
ERROR - 2016-05-13 08:57:29 --> Could not find the language line "mynt_icon_tmall"
ERROR - 2016-05-13 08:57:29 --> Could not find the language line "mynt_icon_youzan"
ERROR - 2016-05-13 08:57:29 --> Session: File 'ci_sessions/ci_sessione79dfc9fce0c7b6bc9488ca5c1cb28358993c1fa' doesn't exist and cannot be created.
ERROR - 2016-05-13 08:57:59 --> Could not find the language line "mynt_buy_taobao"
ERROR - 2016-05-13 08:57:59 --> Could not find the language line "mynt_buy_tmall"
ERROR - 2016-05-13 08:57:59 --> Could not find the language line "mynt_buy_youzan"
ERROR - 2016-05-13 08:57:59 --> Could not find the language line "mynt_icon_taobao"
ERROR - 2016-05-13 08:57:59 --> Could not find the language line "mynt_icon_tmall"
ERROR - 2016-05-13 08:57:59 --> Could not find the language line "mynt_icon_youzan"
ERROR - 2016-05-13 09:01:40 --> Could not find the language line "mynt_buy_taobao"
ERROR - 2016-05-13 09:01:40 --> Could not find the language line "mynt_buy_tmall"
ERROR - 2016-05-13 09:01:40 --> Could not find the language line "mynt_buy_youzan"
ERROR - 2016-05-13 09:01:53 --> Could not find the language line "mynt_buy_taobao"
ERROR - 2016-05-13 09:01:53 --> Could not find the language line "mynt_buy_tmall"
ERROR - 2016-05-13 09:01:53 --> Could not find the language line "mynt_buy_youzan"
ERROR - 2016-05-13 09:01:55 --> Could not find the language line "mynt_buy_taobao"
ERROR - 2016-05-13 09:01:55 --> Could not find the language line "mynt_buy_tmall"
ERROR - 2016-05-13 09:01:55 --> Could not find the language line "mynt_buy_youzan"
ERROR - 2016-05-13 09:02:03 --> Could not find the language line "mynt_buy_taobao"
ERROR - 2016-05-13 09:02:03 --> Could not find the language line "mynt_buy_tmall"
ERROR - 2016-05-13 09:02:03 --> Could not find the language line "mynt_buy_youzan"
ERROR - 2016-05-13 09:02:36 --> Could not find the language line "mynt_buy_taobao"
ERROR - 2016-05-13 09:02:36 --> Could not find the language line "mynt_buy_tmall"
ERROR - 2016-05-13 09:02:36 --> Could not find the language line "mynt_buy_youzan"
ERROR - 2016-05-13 09:02:36 --> Could not find the language line "mynt_icon_taobao"
ERROR - 2016-05-13 09:02:36 --> Could not find the language line "mynt_icon_tmall"
ERROR - 2016-05-13 09:02:36 --> Could not find the language line "mynt_icon_youzan"
ERROR - 2016-05-13 09:03:03 --> Could not find the language line "mynt_buy_taobao"
ERROR - 2016-05-13 09:03:03 --> Could not find the language line "mynt_buy_tmall"
ERROR - 2016-05-13 09:03:03 --> Could not find the language line "mynt_buy_youzan"
ERROR - 2016-05-13 09:03:03 --> Could not find the language line "mynt_icon_taobao"
ERROR - 2016-05-13 09:03:03 --> Could not find the language line "mynt_icon_tmall"
ERROR - 2016-05-13 09:03:03 --> Could not find the language line "mynt_icon_youzan"
ERROR - 2016-05-13 09:03:30 --> Could not find the language line "mynt_buy_taobao"
ERROR - 2016-05-13 09:03:30 --> Could not find the language line "mynt_buy_tmall"
ERROR - 2016-05-13 09:03:30 --> Could not find the language line "mynt_buy_youzan"
ERROR - 2016-05-13 09:03:30 --> Could not find the language line "mynt_icon_taobao"
ERROR - 2016-05-13 09:03:30 --> Could not find the language line "mynt_icon_tmall"
ERROR - 2016-05-13 09:03:30 --> Could not find the language line "mynt_icon_youzan"
ERROR - 2016-05-13 09:03:44 --> Could not find the language line "mynt_buy_taobao"
ERROR - 2016-05-13 09:03:44 --> Could not find the language line "mynt_buy_tmall"
ERROR - 2016-05-13 09:03:44 --> Could not find the language line "mynt_buy_youzan"
ERROR - 2016-05-13 09:03:44 --> Could not find the language line "mynt_icon_taobao"
ERROR - 2016-05-13 09:03:44 --> Could not find the language line "mynt_icon_tmall"
ERROR - 2016-05-13 09:03:44 --> Could not find the language line "mynt_icon_youzan"
ERROR - 2016-05-13 09:05:18 --> Could not find the language line "mynt_buy_taobao"
ERROR - 2016-05-13 09:05:18 --> Could not find the language line "mynt_buy_tmall"
ERROR - 2016-05-13 09:05:18 --> Could not find the language line "mynt_buy_youzan"
ERROR - 2016-05-13 09:05:18 --> Could not find the language line "mynt_icon_taobao"
ERROR - 2016-05-13 09:05:18 --> Could not find the language line "mynt_icon_tmall"
ERROR - 2016-05-13 09:05:18 --> Could not find the language line "mynt_icon_youzan"
ERROR - 2016-05-13 09:06:40 --> Could not find the language line "mynt_buy_taobao"
ERROR - 2016-05-13 09:06:40 --> Could not find the language line "mynt_buy_tmall"
ERROR - 2016-05-13 09:06:40 --> Could not find the language line "mynt_buy_youzan"
ERROR - 2016-05-13 09:06:40 --> Could not find the language line "mynt_icon_taobao"
ERROR - 2016-05-13 09:06:40 --> Could not find the language line "mynt_icon_tmall"
ERROR - 2016-05-13 09:06:40 --> Could not find the language line "mynt_icon_youzan"
ERROR - 2016-05-13 09:10:39 --> Could not find the language line "mynt_buy_taobao"
ERROR - 2016-05-13 09:10:39 --> Could not find the language line "mynt_buy_tmall"
ERROR - 2016-05-13 09:10:39 --> Could not find the language line "mynt_buy_youzan"
ERROR - 2016-05-13 09:10:39 --> Could not find the language line "mynt_icon_taobao"
ERROR - 2016-05-13 09:10:39 --> Could not find the language line "mynt_icon_tmall"
ERROR - 2016-05-13 09:10:39 --> Could not find the language line "mynt_icon_youzan"
ERROR - 2016-05-13 09:10:39 --> Session: File 'ci_sessions/ci_sessionea9e16f3da94fdbd26b15e20bd2b71b12a5e214d' doesn't exist and cannot be created.
ERROR - 2016-05-13 09:11:12 --> Could not find the language line "mynt_buy_taobao"
ERROR - 2016-05-13 09:11:12 --> Could not find the language line "mynt_buy_tmall"
ERROR - 2016-05-13 09:11:12 --> Could not find the language line "mynt_buy_youzan"
ERROR - 2016-05-13 09:16:00 --> Could not find the language line "mynt_buy_taobao"
ERROR - 2016-05-13 09:16:00 --> Could not find the language line "mynt_buy_tmall"
ERROR - 2016-05-13 09:16:00 --> Could not find the language line "mynt_buy_youzan"
ERROR - 2016-05-13 10:08:04 --> Could not find the language line "mynt_buy_taobao"
ERROR - 2016-05-13 10:08:04 --> Could not find the language line "mynt_buy_tmall"
ERROR - 2016-05-13 10:08:04 --> Could not find the language line "mynt_buy_youzan"
ERROR - 2016-05-13 10:08:04 --> Session: File 'ci_sessions/ci_sessionb9c532be67435b8acfc7356017812d1794c14a69' doesn't exist and cannot be created.
ERROR - 2016-05-13 10:08:07 --> Could not find the language line "mynt_buy_taobao"
ERROR - 2016-05-13 10:08:07 --> Could not find the language line "mynt_buy_tmall"
ERROR - 2016-05-13 10:08:07 --> Could not find the language line "mynt_buy_youzan"
ERROR - 2016-05-13 10:08:16 --> Could not find the language line "mynt_buy_taobao"
ERROR - 2016-05-13 10:08:16 --> Could not find the language line "mynt_buy_tmall"
ERROR - 2016-05-13 10:08:16 --> Could not find the language line "mynt_buy_youzan"
ERROR - 2016-05-13 10:08:22 --> Could not find the language line "mynt_buy_taobao"
ERROR - 2016-05-13 10:08:22 --> Could not find the language line "mynt_buy_tmall"
ERROR - 2016-05-13 10:08:22 --> Could not find the language line "mynt_buy_youzan"
ERROR - 2016-05-13 10:08:22 --> Session: File 'ci_sessions/ci_sessionb6aabee75d2901848b5f2bed319d7670e27984da' doesn't exist and cannot be created.
ERROR - 2016-05-13 10:08:39 --> Could not find the language line "mynt_buy_taobao"
ERROR - 2016-05-13 10:08:39 --> Could not find the language line "mynt_buy_tmall"
ERROR - 2016-05-13 10:08:39 --> Could not find the language line "mynt_buy_youzan"
ERROR - 2016-05-13 10:09:11 --> Could not find the language line "mynt_buy_taobao"
ERROR - 2016-05-13 10:09:11 --> Could not find the language line "mynt_buy_tmall"
ERROR - 2016-05-13 10:09:11 --> Could not find the language line "mynt_buy_youzan"
ERROR - 2016-05-13 10:09:11 --> Could not find the language line "mynt_icon_taobao"
ERROR - 2016-05-13 10:09:11 --> Could not find the language line "mynt_icon_tmall"
ERROR - 2016-05-13 10:09:11 --> Could not find the language line "mynt_icon_youzan"
ERROR - 2016-05-13 10:11:23 --> Could not find the language line "mynt_buy_taobao"
ERROR - 2016-05-13 10:11:23 --> Could not find the language line "mynt_buy_tmall"
ERROR - 2016-05-13 10:11:23 --> Could not find the language line "mynt_buy_youzan"
ERROR - 2016-05-13 10:11:23 --> Could not find the language line "mynt_icon_taobao"
ERROR - 2016-05-13 10:11:23 --> Could not find the language line "mynt_icon_tmall"
ERROR - 2016-05-13 10:11:23 --> Could not find the language line "mynt_icon_youzan"
ERROR - 2016-05-13 10:11:23 --> Could not find the language line "mynt_buy_taobao"
ERROR - 2016-05-13 10:11:23 --> Could not find the language line "mynt_buy_tmall"
ERROR - 2016-05-13 10:11:23 --> Could not find the language line "mynt_buy_youzan"
ERROR - 2016-05-13 10:11:23 --> Could not find the language line "mynt_icon_taobao"
ERROR - 2016-05-13 10:11:23 --> Could not find the language line "mynt_icon_tmall"
ERROR - 2016-05-13 10:11:23 --> Could not find the language line "mynt_icon_youzan"
ERROR - 2016-05-13 10:11:23 --> Could not find the language line "mynt_buy_taobao"
ERROR - 2016-05-13 10:11:23 --> Could not find the language line "mynt_buy_tmall"
ERROR - 2016-05-13 10:11:23 --> Could not find the language line "mynt_buy_youzan"
ERROR - 2016-05-13 10:11:23 --> Could not find the language line "mynt_icon_taobao"
ERROR - 2016-05-13 10:11:23 --> Could not find the language line "mynt_icon_tmall"
ERROR - 2016-05-13 10:11:23 --> Could not find the language line "mynt_icon_youzan"
ERROR - 2016-05-13 10:11:41 --> Could not find the language line "mynt_buy_taobao"
ERROR - 2016-05-13 10:11:41 --> Could not find the language line "mynt_buy_tmall"
ERROR - 2016-05-13 10:11:41 --> Could not find the language line "mynt_buy_youzan"
ERROR - 2016-05-13 10:11:41 --> Could not find the language line "mynt_icon_taobao"
ERROR - 2016-05-13 10:11:41 --> Could not find the language line "mynt_icon_tmall"
ERROR - 2016-05-13 10:11:41 --> Could not find the language line "mynt_icon_youzan"
ERROR - 2016-05-13 10:12:47 --> Could not find the language line "mynt_buy_taobao"
ERROR - 2016-05-13 10:12:47 --> Could not find the language line "mynt_buy_tmall"
ERROR - 2016-05-13 10:12:47 --> Could not find the language line "mynt_buy_youzan"
ERROR - 2016-05-13 10:12:47 --> Could not find the language line "mynt_icon_taobao"
ERROR - 2016-05-13 10:12:47 --> Could not find the language line "mynt_icon_tmall"
ERROR - 2016-05-13 10:12:47 --> Could not find the language line "mynt_icon_youzan"
ERROR - 2016-05-13 10:13:05 --> Could not find the language line "mynt_buy_taobao"
ERROR - 2016-05-13 10:13:05 --> Could not find the language line "mynt_buy_tmall"
ERROR - 2016-05-13 10:13:05 --> Could not find the language line "mynt_buy_youzan"
ERROR - 2016-05-13 10:13:05 --> Could not find the language line "mynt_icon_taobao"
ERROR - 2016-05-13 10:13:05 --> Could not find the language line "mynt_icon_tmall"
ERROR - 2016-05-13 10:13:05 --> Could not find the language line "mynt_icon_youzan"
ERROR - 2016-05-13 10:13:24 --> Could not find the language line "mynt_buy_taobao"
ERROR - 2016-05-13 10:13:24 --> Could not find the language line "mynt_buy_tmall"
ERROR - 2016-05-13 10:13:24 --> Could not find the language line "mynt_buy_youzan"
ERROR - 2016-05-13 10:13:24 --> Could not find the language line "mynt_icon_taobao"
ERROR - 2016-05-13 10:13:24 --> Could not find the language line "mynt_icon_tmall"
ERROR - 2016-05-13 10:13:24 --> Could not find the language line "mynt_icon_youzan"
ERROR - 2016-05-13 10:14:15 --> Could not find the language line "mynt_buy_taobao"
ERROR - 2016-05-13 10:14:15 --> Could not find the language line "mynt_buy_tmall"
ERROR - 2016-05-13 10:14:15 --> Could not find the language line "mynt_buy_youzan"
ERROR - 2016-05-13 10:14:15 --> Could not find the language line "mynt_icon_taobao"
ERROR - 2016-05-13 10:14:15 --> Could not find the language line "mynt_icon_tmall"
ERROR - 2016-05-13 10:14:15 --> Could not find the language line "mynt_icon_youzan"
ERROR - 2016-05-13 10:14:34 --> Could not find the language line "mynt_buy_taobao"
ERROR - 2016-05-13 10:14:34 --> Could not find the language line "mynt_buy_tmall"
ERROR - 2016-05-13 10:14:34 --> Could not find the language line "mynt_buy_youzan"
ERROR - 2016-05-13 10:14:34 --> Could not find the language line "mynt_icon_taobao"
ERROR - 2016-05-13 10:14:34 --> Could not find the language line "mynt_icon_tmall"
ERROR - 2016-05-13 10:14:34 --> Could not find the language line "mynt_icon_youzan"
ERROR - 2016-05-13 14:36:28 --> Could not find the language line "mynt_buy_taobao"
ERROR - 2016-05-13 14:36:28 --> Could not find the language line "mynt_buy_tmall"
ERROR - 2016-05-13 14:36:28 --> Could not find the language line "mynt_buy_youzan"
