ERROR - 2017-04-21 06:30:43 --> 404 Page Not Found: Mynt/test
ERROR - 2017-04-21 06:31:16 --> 404 Page Not Found: Mynt/news
ERROR - 2017-04-21 06:31:21 --> Could not find the language line "mynt_buy_taobao"
ERROR - 2017-04-21 06:31:21 --> Could not find the language line "mynt_buy_tmall"
ERROR - 2017-04-21 06:31:21 --> Could not find the language line "mynt_buy_youzan"
ERROR - 2017-04-21 06:31:21 --> Could not find the language line "mynt_buy_jd"
ERROR - 2017-04-21 06:39:36 --> Could not find the language line "mynt_buy_taobao"
ERROR - 2017-04-21 06:39:36 --> Could not find the language line "mynt_buy_tmall"
ERROR - 2017-04-21 06:39:36 --> Could not find the language line "mynt_buy_youzan"
ERROR - 2017-04-21 06:39:36 --> Could not find the language line "mynt_buy_jd"
ERROR - 2017-04-21 06:41:07 --> Could not find the language line "mynt_buy_taobao"
ERROR - 2017-04-21 06:41:07 --> Could not find the language line "mynt_buy_tmall"
ERROR - 2017-04-21 06:41:07 --> Could not find the language line "mynt_buy_youzan"
ERROR - 2017-04-21 06:41:07 --> Could not find the language line "mynt_buy_jd"
ERROR - 2017-04-21 06:55:18 --> Could not find the language line "mynt_buy_taobao"
ERROR - 2017-04-21 06:55:18 --> Could not find the language line "mynt_buy_tmall"
ERROR - 2017-04-21 06:55:18 --> Could not find the language line "mynt_buy_youzan"
ERROR - 2017-04-21 06:55:18 --> Could not find the language line "mynt_buy_jd"
ERROR - 2017-04-21 06:55:27 --> Could not find the language line "mynt_buy_taobao"
ERROR - 2017-04-21 06:55:27 --> Could not find the language line "mynt_buy_tmall"
ERROR - 2017-04-21 06:55:27 --> Could not find the language line "mynt_buy_youzan"
ERROR - 2017-04-21 06:55:27 --> Could not find the language line "mynt_buy_jd"
ERROR - 2017-04-21 06:55:47 --> Could not find the language line "mynt_buy_taobao"
ERROR - 2017-04-21 06:55:47 --> Could not find the language line "mynt_buy_tmall"
ERROR - 2017-04-21 06:55:47 --> Could not find the language line "mynt_buy_youzan"
ERROR - 2017-04-21 06:55:47 --> Could not find the language line "mynt_buy_jd"
ERROR - 2017-04-21 06:56:26 --> Could not find the language line "mynt_buy_taobao"
ERROR - 2017-04-21 06:56:26 --> Could not find the language line "mynt_buy_tmall"
ERROR - 2017-04-21 06:56:26 --> Could not find the language line "mynt_buy_youzan"
ERROR - 2017-04-21 06:56:26 --> Could not find the language line "mynt_buy_jd"
ERROR - 2017-04-21 06:56:43 --> Could not find the language line "mynt_buy_taobao"
ERROR - 2017-04-21 06:56:43 --> Could not find the language line "mynt_buy_tmall"
ERROR - 2017-04-21 06:56:43 --> Could not find the language line "mynt_buy_youzan"
ERROR - 2017-04-21 06:56:43 --> Could not find the language line "mynt_buy_jd"
ERROR - 2017-04-21 06:56:53 --> Could not find the language line "mynt_buy_taobao"
ERROR - 2017-04-21 06:56:53 --> Could not find the language line "mynt_buy_tmall"
ERROR - 2017-04-21 06:56:53 --> Could not find the language line "mynt_buy_youzan"
ERROR - 2017-04-21 06:56:53 --> Could not find the language line "mynt_buy_jd"
ERROR - 2017-04-21 06:56:57 --> Could not find the language line "mynt_buy_taobao"
ERROR - 2017-04-21 06:56:57 --> Could not find the language line "mynt_buy_tmall"
ERROR - 2017-04-21 06:56:57 --> Could not find the language line "mynt_buy_youzan"
ERROR - 2017-04-21 06:56:57 --> Could not find the language line "mynt_buy_jd"
ERROR - 2017-04-21 06:56:58 --> Could not find the language line "mynt_buy_taobao"
ERROR - 2017-04-21 06:56:58 --> Could not find the language line "mynt_buy_tmall"
ERROR - 2017-04-21 06:56:58 --> Could not find the language line "mynt_buy_youzan"
ERROR - 2017-04-21 06:56:58 --> Could not find the language line "mynt_buy_jd"
ERROR - 2017-04-21 06:57:08 --> Could not find the language line "mynt_buy_taobao"
ERROR - 2017-04-21 06:57:08 --> Could not find the language line "mynt_buy_tmall"
ERROR - 2017-04-21 06:57:08 --> Could not find the language line "mynt_buy_youzan"
ERROR - 2017-04-21 06:57:08 --> Could not find the language line "mynt_buy_jd"
ERROR - 2017-04-21 06:57:17 --> Could not find the language line "mynt_buy_taobao"
ERROR - 2017-04-21 06:57:17 --> Could not find the language line "mynt_buy_tmall"
ERROR - 2017-04-21 06:57:17 --> Could not find the language line "mynt_buy_youzan"
ERROR - 2017-04-21 06:57:17 --> Could not find the language line "mynt_buy_jd"
ERROR - 2017-04-21 06:57:21 --> Could not find the language line "mynt_buy_taobao"
ERROR - 2017-04-21 06:57:21 --> Could not find the language line "mynt_buy_tmall"
ERROR - 2017-04-21 06:57:21 --> Could not find the language line "mynt_buy_youzan"
ERROR - 2017-04-21 06:57:21 --> Could not find the language line "mynt_buy_jd"
ERROR - 2017-04-21 06:57:21 --> Could not find the language line "mynt_icon_taobao"
ERROR - 2017-04-21 06:57:21 --> Could not find the language line "mynt_icon_tmall"
ERROR - 2017-04-21 06:57:21 --> Could not find the language line "mynt_icon_youzan"
ERROR - 2017-04-21 06:57:21 --> Could not find the language line "mynt_icon_jd"
ERROR - 2017-04-21 06:57:21 --> Could not find the language line "mynt_jd_detail"
ERROR - 2017-04-21 06:57:21 --> Could not find the language line "to_buy_wd"
ERROR - 2017-04-21 06:57:21 --> Could not find the language line "slightech_wechat"
ERROR - 2017-04-21 06:57:21 --> Could not find the language line "camera_no_lost"
ERROR - 2017-04-21 06:57:21 --> Could not find the language line "key_no_lost"
ERROR - 2017-04-21 06:57:21 --> Could not find the language line "bag_no_lost"
ERROR - 2017-04-21 06:57:21 --> Could not find the language line "computer_no_lost"
ERROR - 2017-04-21 06:57:21 --> Could not find the language line "pet_no_lost"
ERROR - 2017-04-21 06:57:21 --> Could not find the language line "goal"
ERROR - 2017-04-21 06:57:21 --> Could not find the language line "fund_title"
ERROR - 2017-04-21 06:57:21 --> Could not find the language line "fund_intro"
ERROR - 2017-04-21 06:57:21 --> Could not find the language line "mynt_buy_taobao"
ERROR - 2017-04-21 06:57:21 --> Could not find the language line "mynt_buy_tmall"
ERROR - 2017-04-21 06:57:21 --> Could not find the language line "mynt_buy_youzan"
ERROR - 2017-04-21 06:57:21 --> Could not find the language line "mynt_buy_jd"
ERROR - 2017-04-21 06:57:57 --> Could not find the language line "mynt_buy_taobao"
ERROR - 2017-04-21 06:57:57 --> Could not find the language line "mynt_buy_tmall"
ERROR - 2017-04-21 06:57:57 --> Could not find the language line "mynt_buy_youzan"
ERROR - 2017-04-21 06:57:57 --> Could not find the language line "mynt_buy_jd"
ERROR - 2017-04-21 06:57:57 --> Could not find the language line "mynt_icon_taobao"
ERROR - 2017-04-21 06:57:57 --> Could not find the language line "mynt_icon_tmall"
ERROR - 2017-04-21 06:57:57 --> Could not find the language line "mynt_icon_youzan"
ERROR - 2017-04-21 06:57:57 --> Could not find the language line "mynt_icon_jd"
ERROR - 2017-04-21 06:57:57 --> Could not find the language line "mynt_jd_detail"
ERROR - 2017-04-21 06:57:57 --> Could not find the language line "to_buy_wd"
ERROR - 2017-04-21 06:57:57 --> Could not find the language line "slightech_wechat"
ERROR - 2017-04-21 06:57:57 --> Could not find the language line "camera_no_lost"
ERROR - 2017-04-21 06:57:57 --> Could not find the language line "key_no_lost"
ERROR - 2017-04-21 06:57:57 --> Could not find the language line "bag_no_lost"
ERROR - 2017-04-21 06:57:57 --> Could not find the language line "computer_no_lost"
ERROR - 2017-04-21 06:57:57 --> Could not find the language line "pet_no_lost"
ERROR - 2017-04-21 06:57:57 --> Could not find the language line "goal"
ERROR - 2017-04-21 06:57:57 --> Could not find the language line "fund_title"
ERROR - 2017-04-21 06:57:57 --> Could not find the language line "fund_intro"
ERROR - 2017-04-21 06:57:58 --> Could not find the language line "mynt_buy_taobao"
ERROR - 2017-04-21 06:57:58 --> Could not find the language line "mynt_buy_tmall"
ERROR - 2017-04-21 06:57:58 --> Could not find the language line "mynt_buy_youzan"
ERROR - 2017-04-21 06:57:58 --> Could not find the language line "mynt_buy_jd"
ERROR - 2017-04-21 06:57:58 --> Could not find the language line "mynt_icon_taobao"
ERROR - 2017-04-21 06:57:58 --> Could not find the language line "mynt_icon_tmall"
ERROR - 2017-04-21 06:57:58 --> Could not find the language line "mynt_icon_youzan"
ERROR - 2017-04-21 06:57:58 --> Could not find the language line "mynt_icon_jd"
ERROR - 2017-04-21 06:57:58 --> Could not find the language line "mynt_jd_detail"
ERROR - 2017-04-21 06:57:58 --> Could not find the language line "to_buy_wd"
ERROR - 2017-04-21 06:57:58 --> Could not find the language line "slightech_wechat"
ERROR - 2017-04-21 06:57:58 --> Could not find the language line "camera_no_lost"
ERROR - 2017-04-21 06:57:58 --> Could not find the language line "key_no_lost"
ERROR - 2017-04-21 06:57:58 --> Could not find the language line "bag_no_lost"
ERROR - 2017-04-21 06:57:58 --> Could not find the language line "computer_no_lost"
ERROR - 2017-04-21 06:57:58 --> Could not find the language line "pet_no_lost"
ERROR - 2017-04-21 06:57:58 --> Could not find the language line "goal"
ERROR - 2017-04-21 06:57:58 --> Could not find the language line "fund_title"
ERROR - 2017-04-21 06:57:58 --> Could not find the language line "fund_intro"
ERROR - 2017-04-21 06:57:58 --> Could not find the language line "mynt_buy_taobao"
ERROR - 2017-04-21 06:57:58 --> Could not find the language line "mynt_buy_tmall"
ERROR - 2017-04-21 06:57:58 --> Could not find the language line "mynt_buy_youzan"
ERROR - 2017-04-21 06:57:58 --> Could not find the language line "mynt_buy_jd"
ERROR - 2017-04-21 06:57:59 --> Could not find the language line "mynt_buy_taobao"
ERROR - 2017-04-21 06:57:59 --> Could not find the language line "mynt_buy_tmall"
ERROR - 2017-04-21 06:57:59 --> Could not find the language line "mynt_buy_youzan"
ERROR - 2017-04-21 06:57:59 --> Could not find the language line "mynt_buy_jd"
ERROR - 2017-04-21 06:57:59 --> Could not find the language line "mynt_icon_taobao"
ERROR - 2017-04-21 06:57:59 --> Could not find the language line "mynt_icon_tmall"
ERROR - 2017-04-21 06:57:59 --> Could not find the language line "mynt_icon_youzan"
ERROR - 2017-04-21 06:57:59 --> Could not find the language line "mynt_icon_jd"
ERROR - 2017-04-21 06:57:59 --> Could not find the language line "mynt_jd_detail"
ERROR - 2017-04-21 06:57:59 --> Could not find the language line "to_buy_wd"
ERROR - 2017-04-21 06:57:59 --> Could not find the language line "slightech_wechat"
ERROR - 2017-04-21 06:57:59 --> Could not find the language line "camera_no_lost"
ERROR - 2017-04-21 06:57:59 --> Could not find the language line "key_no_lost"
ERROR - 2017-04-21 06:57:59 --> Could not find the language line "bag_no_lost"
ERROR - 2017-04-21 06:57:59 --> Could not find the language line "computer_no_lost"
ERROR - 2017-04-21 06:57:59 --> Could not find the language line "pet_no_lost"
ERROR - 2017-04-21 06:57:59 --> Could not find the language line "goal"
ERROR - 2017-04-21 06:57:59 --> Could not find the language line "fund_title"
ERROR - 2017-04-21 06:57:59 --> Could not find the language line "fund_intro"
ERROR - 2017-04-21 06:57:59 --> Could not find the language line "mynt_buy_taobao"
ERROR - 2017-04-21 06:57:59 --> Could not find the language line "mynt_buy_tmall"
ERROR - 2017-04-21 06:57:59 --> Could not find the language line "mynt_buy_youzan"
ERROR - 2017-04-21 06:57:59 --> Could not find the language line "mynt_buy_jd"
ERROR - 2017-04-21 06:58:01 --> Could not find the language line "mynt_buy_taobao"
ERROR - 2017-04-21 06:58:01 --> Could not find the language line "mynt_buy_tmall"
ERROR - 2017-04-21 06:58:01 --> Could not find the language line "mynt_buy_youzan"
ERROR - 2017-04-21 06:58:01 --> Could not find the language line "mynt_buy_jd"
ERROR - 2017-04-21 06:58:01 --> Could not find the language line "mynt_icon_taobao"
ERROR - 2017-04-21 06:58:01 --> Could not find the language line "mynt_icon_tmall"
ERROR - 2017-04-21 06:58:01 --> Could not find the language line "mynt_icon_youzan"
ERROR - 2017-04-21 06:58:01 --> Could not find the language line "mynt_icon_jd"
ERROR - 2017-04-21 06:58:01 --> Could not find the language line "mynt_jd_detail"
ERROR - 2017-04-21 06:58:01 --> Could not find the language line "to_buy_wd"
ERROR - 2017-04-21 06:58:01 --> Could not find the language line "slightech_wechat"
ERROR - 2017-04-21 06:58:01 --> Could not find the language line "camera_no_lost"
ERROR - 2017-04-21 06:58:01 --> Could not find the language line "key_no_lost"
ERROR - 2017-04-21 06:58:01 --> Could not find the language line "bag_no_lost"
ERROR - 2017-04-21 06:58:01 --> Could not find the language line "computer_no_lost"
ERROR - 2017-04-21 06:58:01 --> Could not find the language line "pet_no_lost"
ERROR - 2017-04-21 06:58:01 --> Could not find the language line "goal"
ERROR - 2017-04-21 06:58:01 --> Could not find the language line "fund_title"
ERROR - 2017-04-21 06:58:01 --> Could not find the language line "fund_intro"
ERROR - 2017-04-21 06:58:01 --> Could not find the language line "mynt_buy_taobao"
ERROR - 2017-04-21 06:58:01 --> Could not find the language line "mynt_buy_tmall"
ERROR - 2017-04-21 06:58:01 --> Could not find the language line "mynt_buy_youzan"
ERROR - 2017-04-21 06:58:01 --> Could not find the language line "mynt_buy_jd"
ERROR - 2017-04-21 06:58:02 --> Could not find the language line "mynt_buy_taobao"
ERROR - 2017-04-21 06:58:02 --> Could not find the language line "mynt_buy_tmall"
ERROR - 2017-04-21 06:58:02 --> Could not find the language line "mynt_buy_youzan"
ERROR - 2017-04-21 06:58:02 --> Could not find the language line "mynt_buy_jd"
ERROR - 2017-04-21 06:58:02 --> Could not find the language line "mynt_icon_taobao"
ERROR - 2017-04-21 06:58:02 --> Could not find the language line "mynt_icon_tmall"
ERROR - 2017-04-21 06:58:02 --> Could not find the language line "mynt_icon_youzan"
ERROR - 2017-04-21 06:58:02 --> Could not find the language line "mynt_icon_jd"
ERROR - 2017-04-21 06:58:02 --> Could not find the language line "mynt_jd_detail"
ERROR - 2017-04-21 06:58:02 --> Could not find the language line "to_buy_wd"
ERROR - 2017-04-21 06:58:02 --> Could not find the language line "slightech_wechat"
ERROR - 2017-04-21 06:58:02 --> Could not find the language line "camera_no_lost"
ERROR - 2017-04-21 06:58:02 --> Could not find the language line "key_no_lost"
ERROR - 2017-04-21 06:58:02 --> Could not find the language line "bag_no_lost"
ERROR - 2017-04-21 06:58:02 --> Could not find the language line "computer_no_lost"
ERROR - 2017-04-21 06:58:02 --> Could not find the language line "pet_no_lost"
ERROR - 2017-04-21 06:58:02 --> Could not find the language line "goal"
ERROR - 2017-04-21 06:58:02 --> Could not find the language line "fund_title"
ERROR - 2017-04-21 06:58:02 --> Could not find the language line "fund_intro"
ERROR - 2017-04-21 06:58:02 --> Could not find the language line "mynt_buy_taobao"
ERROR - 2017-04-21 06:58:02 --> Could not find the language line "mynt_buy_tmall"
ERROR - 2017-04-21 06:58:02 --> Could not find the language line "mynt_buy_youzan"
ERROR - 2017-04-21 06:58:02 --> Could not find the language line "mynt_buy_jd"
ERROR - 2017-04-21 06:58:13 --> Could not find the language line "mynt_buy_taobao"
ERROR - 2017-04-21 06:58:13 --> Could not find the language line "mynt_buy_tmall"
ERROR - 2017-04-21 06:58:13 --> Could not find the language line "mynt_buy_youzan"
ERROR - 2017-04-21 06:58:13 --> Could not find the language line "mynt_buy_jd"
ERROR - 2017-04-21 06:58:13 --> Could not find the language line "mynt_icon_taobao"
ERROR - 2017-04-21 06:58:13 --> Could not find the language line "mynt_icon_tmall"
ERROR - 2017-04-21 06:58:13 --> Could not find the language line "mynt_icon_youzan"
ERROR - 2017-04-21 06:58:13 --> Could not find the language line "mynt_icon_jd"
ERROR - 2017-04-21 06:58:13 --> Could not find the language line "mynt_jd_detail"
ERROR - 2017-04-21 06:58:13 --> Could not find the language line "to_buy_wd"
ERROR - 2017-04-21 06:58:13 --> Could not find the language line "slightech_wechat"
ERROR - 2017-04-21 06:58:13 --> Could not find the language line "camera_no_lost"
ERROR - 2017-04-21 06:58:13 --> Could not find the language line "key_no_lost"
ERROR - 2017-04-21 06:58:13 --> Could not find the language line "bag_no_lost"
ERROR - 2017-04-21 06:58:13 --> Could not find the language line "computer_no_lost"
ERROR - 2017-04-21 06:58:13 --> Could not find the language line "pet_no_lost"
ERROR - 2017-04-21 06:58:13 --> Could not find the language line "goal"
ERROR - 2017-04-21 06:58:13 --> Could not find the language line "fund_title"
ERROR - 2017-04-21 06:58:13 --> Could not find the language line "fund_intro"
ERROR - 2017-04-21 06:58:17 --> Could not find the language line "mynt_buy_taobao"
ERROR - 2017-04-21 06:58:17 --> Could not find the language line "mynt_buy_tmall"
ERROR - 2017-04-21 06:58:17 --> Could not find the language line "mynt_buy_youzan"
ERROR - 2017-04-21 06:58:17 --> Could not find the language line "mynt_buy_jd"
ERROR - 2017-04-21 06:58:17 --> Could not find the language line "mynt_icon_taobao"
ERROR - 2017-04-21 06:58:17 --> Could not find the language line "mynt_icon_tmall"
ERROR - 2017-04-21 06:58:17 --> Could not find the language line "mynt_icon_youzan"
ERROR - 2017-04-21 06:58:17 --> Could not find the language line "mynt_icon_jd"
ERROR - 2017-04-21 06:58:17 --> Could not find the language line "mynt_jd_detail"
ERROR - 2017-04-21 06:58:17 --> Could not find the language line "to_buy_wd"
ERROR - 2017-04-21 06:58:17 --> Could not find the language line "slightech_wechat"
ERROR - 2017-04-21 06:58:17 --> Could not find the language line "camera_no_lost"
ERROR - 2017-04-21 06:58:17 --> Could not find the language line "key_no_lost"
ERROR - 2017-04-21 06:58:17 --> Could not find the language line "bag_no_lost"
ERROR - 2017-04-21 06:58:17 --> Could not find the language line "computer_no_lost"
ERROR - 2017-04-21 06:58:17 --> Could not find the language line "pet_no_lost"
ERROR - 2017-04-21 06:58:17 --> Could not find the language line "goal"
ERROR - 2017-04-21 06:58:17 --> Could not find the language line "fund_title"
ERROR - 2017-04-21 06:58:17 --> Could not find the language line "fund_intro"
ERROR - 2017-04-21 06:58:18 --> Could not find the language line "mynt_buy_taobao"
ERROR - 2017-04-21 06:58:18 --> Could not find the language line "mynt_buy_tmall"
ERROR - 2017-04-21 06:58:18 --> Could not find the language line "mynt_buy_youzan"
ERROR - 2017-04-21 06:58:18 --> Could not find the language line "mynt_buy_jd"
ERROR - 2017-04-21 06:58:18 --> Could not find the language line "mynt_icon_taobao"
ERROR - 2017-04-21 06:58:18 --> Could not find the language line "mynt_icon_tmall"
ERROR - 2017-04-21 06:58:18 --> Could not find the language line "mynt_icon_youzan"
ERROR - 2017-04-21 06:58:18 --> Could not find the language line "mynt_icon_jd"
ERROR - 2017-04-21 06:58:18 --> Could not find the language line "mynt_jd_detail"
ERROR - 2017-04-21 06:58:18 --> Could not find the language line "to_buy_wd"
ERROR - 2017-04-21 06:58:18 --> Could not find the language line "slightech_wechat"
ERROR - 2017-04-21 06:58:18 --> Could not find the language line "camera_no_lost"
ERROR - 2017-04-21 06:58:18 --> Could not find the language line "key_no_lost"
ERROR - 2017-04-21 06:58:18 --> Could not find the language line "bag_no_lost"
ERROR - 2017-04-21 06:58:18 --> Could not find the language line "computer_no_lost"
ERROR - 2017-04-21 06:58:18 --> Could not find the language line "pet_no_lost"
ERROR - 2017-04-21 06:58:18 --> Could not find the language line "goal"
ERROR - 2017-04-21 06:58:18 --> Could not find the language line "fund_title"
ERROR - 2017-04-21 06:58:18 --> Could not find the language line "fund_intro"
ERROR - 2017-04-21 06:58:19 --> Could not find the language line "mynt_buy_taobao"
ERROR - 2017-04-21 06:58:19 --> Could not find the language line "mynt_buy_tmall"
ERROR - 2017-04-21 06:58:19 --> Could not find the language line "mynt_buy_youzan"
ERROR - 2017-04-21 06:58:19 --> Could not find the language line "mynt_buy_jd"
ERROR - 2017-04-21 06:58:56 --> Could not find the language line "mynt_buy_taobao"
ERROR - 2017-04-21 06:58:56 --> Could not find the language line "mynt_buy_tmall"
ERROR - 2017-04-21 06:58:56 --> Could not find the language line "mynt_buy_youzan"
ERROR - 2017-04-21 06:58:56 --> Could not find the language line "mynt_buy_jd"
ERROR - 2017-04-21 06:58:56 --> Could not find the language line "mynt_icon_taobao"
ERROR - 2017-04-21 06:58:56 --> Could not find the language line "mynt_icon_tmall"
ERROR - 2017-04-21 06:58:56 --> Could not find the language line "mynt_icon_youzan"
ERROR - 2017-04-21 06:58:56 --> Could not find the language line "mynt_icon_jd"
ERROR - 2017-04-21 06:58:56 --> Could not find the language line "mynt_jd_detail"
ERROR - 2017-04-21 06:58:56 --> Could not find the language line "to_buy_wd"
ERROR - 2017-04-21 06:58:56 --> Could not find the language line "slightech_wechat"
ERROR - 2017-04-21 06:58:56 --> Could not find the language line "camera_no_lost"
ERROR - 2017-04-21 06:58:56 --> Could not find the language line "key_no_lost"
ERROR - 2017-04-21 06:58:56 --> Could not find the language line "bag_no_lost"
ERROR - 2017-04-21 06:58:56 --> Could not find the language line "computer_no_lost"
ERROR - 2017-04-21 06:58:56 --> Could not find the language line "pet_no_lost"
ERROR - 2017-04-21 06:58:56 --> Could not find the language line "goal"
ERROR - 2017-04-21 06:58:56 --> Could not find the language line "fund_title"
ERROR - 2017-04-21 06:58:56 --> Could not find the language line "fund_intro"
ERROR - 2017-04-21 06:58:57 --> Could not find the language line "mynt_buy_taobao"
ERROR - 2017-04-21 06:58:57 --> Could not find the language line "mynt_buy_tmall"
ERROR - 2017-04-21 06:58:57 --> Could not find the language line "mynt_buy_youzan"
ERROR - 2017-04-21 06:58:57 --> Could not find the language line "mynt_buy_jd"
ERROR - 2017-04-21 06:59:14 --> Could not find the language line "mynt_buy_taobao"
ERROR - 2017-04-21 06:59:14 --> Could not find the language line "mynt_buy_tmall"
ERROR - 2017-04-21 06:59:14 --> Could not find the language line "mynt_buy_youzan"
ERROR - 2017-04-21 06:59:14 --> Could not find the language line "mynt_buy_jd"
ERROR - 2017-04-21 07:05:47 --> Could not find the language line "mynt_buy_taobao"
ERROR - 2017-04-21 07:05:47 --> Could not find the language line "mynt_buy_tmall"
ERROR - 2017-04-21 07:05:47 --> Could not find the language line "mynt_buy_youzan"
ERROR - 2017-04-21 07:05:47 --> Could not find the language line "mynt_buy_jd"
ERROR - 2017-04-21 07:06:46 --> Could not find the language line "mynt_buy_taobao"
ERROR - 2017-04-21 07:06:46 --> Could not find the language line "mynt_buy_tmall"
ERROR - 2017-04-21 07:06:46 --> Could not find the language line "mynt_buy_youzan"
ERROR - 2017-04-21 07:06:46 --> Could not find the language line "mynt_buy_jd"
ERROR - 2017-04-21 07:34:40 --> Could not find the language line "mynt_buy_taobao"
ERROR - 2017-04-21 07:34:40 --> Could not find the language line "mynt_buy_tmall"
ERROR - 2017-04-21 07:34:40 --> Could not find the language line "mynt_buy_youzan"
ERROR - 2017-04-21 07:34:40 --> Could not find the language line "mynt_buy_jd"
ERROR - 2017-04-21 07:37:13 --> Could not find the language line "mynt_buy_taobao"
ERROR - 2017-04-21 07:37:13 --> Could not find the language line "mynt_buy_tmall"
ERROR - 2017-04-21 07:37:13 --> Could not find the language line "mynt_buy_youzan"
ERROR - 2017-04-21 07:37:13 --> Could not find the language line "mynt_buy_jd"
ERROR - 2017-04-21 07:37:53 --> Could not find the language line "mynt_buy_taobao"
ERROR - 2017-04-21 07:37:53 --> Could not find the language line "mynt_buy_tmall"
ERROR - 2017-04-21 07:37:53 --> Could not find the language line "mynt_buy_youzan"
ERROR - 2017-04-21 07:37:53 --> Could not find the language line "mynt_buy_jd"
ERROR - 2017-04-21 07:38:25 --> Could not find the language line "mynt_buy_taobao"
ERROR - 2017-04-21 07:38:25 --> Could not find the language line "mynt_buy_tmall"
ERROR - 2017-04-21 07:38:25 --> Could not find the language line "mynt_buy_youzan"
ERROR - 2017-04-21 07:38:25 --> Could not find the language line "mynt_buy_jd"
ERROR - 2017-04-21 07:38:33 --> Could not find the language line "mynt_buy_taobao"
ERROR - 2017-04-21 07:38:33 --> Could not find the language line "mynt_buy_tmall"
ERROR - 2017-04-21 07:38:33 --> Could not find the language line "mynt_buy_youzan"
ERROR - 2017-04-21 07:38:33 --> Could not find the language line "mynt_buy_jd"
ERROR - 2017-04-21 07:39:21 --> Could not find the language line "mynt_buy_taobao"
ERROR - 2017-04-21 07:39:21 --> Could not find the language line "mynt_buy_tmall"
ERROR - 2017-04-21 07:39:21 --> Could not find the language line "mynt_buy_youzan"
ERROR - 2017-04-21 07:39:21 --> Could not find the language line "mynt_buy_jd"
ERROR - 2017-04-21 07:40:12 --> Could not find the language line "mynt_buy_taobao"
ERROR - 2017-04-21 07:40:12 --> Could not find the language line "mynt_buy_tmall"
ERROR - 2017-04-21 07:40:12 --> Could not find the language line "mynt_buy_youzan"
ERROR - 2017-04-21 07:40:12 --> Could not find the language line "mynt_buy_jd"
ERROR - 2017-04-21 07:40:31 --> Could not find the language line "mynt_buy_taobao"
ERROR - 2017-04-21 07:40:31 --> Could not find the language line "mynt_buy_tmall"
ERROR - 2017-04-21 07:40:31 --> Could not find the language line "mynt_buy_youzan"
ERROR - 2017-04-21 07:40:31 --> Could not find the language line "mynt_buy_jd"
ERROR - 2017-04-21 07:41:14 --> Could not find the language line "mynt_buy_taobao"
ERROR - 2017-04-21 07:41:14 --> Could not find the language line "mynt_buy_tmall"
ERROR - 2017-04-21 07:41:14 --> Could not find the language line "mynt_buy_youzan"
ERROR - 2017-04-21 07:41:14 --> Could not find the language line "mynt_buy_jd"
ERROR - 2017-04-21 07:45:46 --> Could not find the language line "mynt_buy_taobao"
ERROR - 2017-04-21 07:45:46 --> Could not find the language line "mynt_buy_tmall"
ERROR - 2017-04-21 07:45:46 --> Could not find the language line "mynt_buy_youzan"
ERROR - 2017-04-21 07:45:46 --> Could not find the language line "mynt_buy_jd"
ERROR - 2017-04-21 07:46:13 --> Could not find the language line "mynt_buy_taobao"
ERROR - 2017-04-21 07:46:13 --> Could not find the language line "mynt_buy_tmall"
ERROR - 2017-04-21 07:46:13 --> Could not find the language line "mynt_buy_youzan"
ERROR - 2017-04-21 07:46:13 --> Could not find the language line "mynt_buy_jd"
ERROR - 2017-04-21 07:46:18 --> Could not find the language line "mynt_buy_taobao"
ERROR - 2017-04-21 07:46:18 --> Could not find the language line "mynt_buy_tmall"
ERROR - 2017-04-21 07:46:18 --> Could not find the language line "mynt_buy_youzan"
ERROR - 2017-04-21 07:46:18 --> Could not find the language line "mynt_buy_jd"
ERROR - 2017-04-21 07:46:34 --> Could not find the language line "mynt_buy_taobao"
ERROR - 2017-04-21 07:46:34 --> Could not find the language line "mynt_buy_tmall"
ERROR - 2017-04-21 07:46:34 --> Could not find the language line "mynt_buy_youzan"
ERROR - 2017-04-21 07:46:34 --> Could not find the language line "mynt_buy_jd"
ERROR - 2017-04-21 07:46:37 --> Could not find the language line "mynt_buy_taobao"
ERROR - 2017-04-21 07:46:37 --> Could not find the language line "mynt_buy_tmall"
ERROR - 2017-04-21 07:46:37 --> Could not find the language line "mynt_buy_youzan"
ERROR - 2017-04-21 07:46:37 --> Could not find the language line "mynt_buy_jd"
ERROR - 2017-04-21 07:46:39 --> Could not find the language line "mynt_buy_taobao"
ERROR - 2017-04-21 07:46:39 --> Could not find the language line "mynt_buy_tmall"
ERROR - 2017-04-21 07:46:39 --> Could not find the language line "mynt_buy_youzan"
ERROR - 2017-04-21 07:46:39 --> Could not find the language line "mynt_buy_jd"
ERROR - 2017-04-21 07:47:10 --> Could not find the language line "mynt_buy_taobao"
ERROR - 2017-04-21 07:47:10 --> Could not find the language line "mynt_buy_tmall"
ERROR - 2017-04-21 07:47:10 --> Could not find the language line "mynt_buy_youzan"
ERROR - 2017-04-21 07:47:10 --> Could not find the language line "mynt_buy_jd"
ERROR - 2017-04-21 08:18:54 --> Could not find the language line "mynt_buy_taobao"
ERROR - 2017-04-21 08:18:54 --> Could not find the language line "mynt_buy_tmall"
ERROR - 2017-04-21 08:18:54 --> Could not find the language line "mynt_buy_youzan"
ERROR - 2017-04-21 08:18:54 --> Could not find the language line "mynt_buy_jd"
ERROR - 2017-04-21 08:19:29 --> Could not find the language line "mynt_buy_taobao"
ERROR - 2017-04-21 08:19:29 --> Could not find the language line "mynt_buy_tmall"
ERROR - 2017-04-21 08:19:29 --> Could not find the language line "mynt_buy_youzan"
ERROR - 2017-04-21 08:19:29 --> Could not find the language line "mynt_buy_jd"
ERROR - 2017-04-21 08:19:30 --> Could not find the language line "mynt_buy_taobao"
ERROR - 2017-04-21 08:19:30 --> Could not find the language line "mynt_buy_tmall"
ERROR - 2017-04-21 08:19:30 --> Could not find the language line "mynt_buy_youzan"
ERROR - 2017-04-21 08:19:30 --> Could not find the language line "mynt_buy_jd"
ERROR - 2017-04-21 08:19:33 --> Could not find the language line "mynt_buy_taobao"
ERROR - 2017-04-21 08:19:33 --> Could not find the language line "mynt_buy_tmall"
ERROR - 2017-04-21 08:19:33 --> Could not find the language line "mynt_buy_youzan"
ERROR - 2017-04-21 08:19:33 --> Could not find the language line "mynt_buy_jd"
ERROR - 2017-04-21 08:29:46 --> Could not find the language line "mynt_buy_taobao"
ERROR - 2017-04-21 08:29:46 --> Could not find the language line "mynt_buy_tmall"
ERROR - 2017-04-21 08:29:46 --> Could not find the language line "mynt_buy_youzan"
ERROR - 2017-04-21 08:29:46 --> Could not find the language line "mynt_buy_jd"
ERROR - 2017-04-21 08:31:13 --> Could not find the language line "mynt_buy_taobao"
ERROR - 2017-04-21 08:31:13 --> Could not find the language line "mynt_buy_tmall"
ERROR - 2017-04-21 08:31:13 --> Could not find the language line "mynt_buy_youzan"
ERROR - 2017-04-21 08:31:13 --> Could not find the language line "mynt_buy_jd"
ERROR - 2017-04-21 08:32:10 --> Could not find the language line "mynt_buy_taobao"
ERROR - 2017-04-21 08:32:10 --> Could not find the language line "mynt_buy_tmall"
ERROR - 2017-04-21 08:32:10 --> Could not find the language line "mynt_buy_youzan"
ERROR - 2017-04-21 08:32:10 --> Could not find the language line "mynt_buy_jd"
ERROR - 2017-04-21 08:32:17 --> Could not find the language line "mynt_buy_taobao"
ERROR - 2017-04-21 08:32:17 --> Could not find the language line "mynt_buy_tmall"
ERROR - 2017-04-21 08:32:17 --> Could not find the language line "mynt_buy_youzan"
ERROR - 2017-04-21 08:32:17 --> Could not find the language line "mynt_buy_jd"
ERROR - 2017-04-21 08:32:31 --> Could not find the language line "mynt_buy_taobao"
ERROR - 2017-04-21 08:32:31 --> Could not find the language line "mynt_buy_tmall"
ERROR - 2017-04-21 08:32:31 --> Could not find the language line "mynt_buy_youzan"
ERROR - 2017-04-21 08:32:31 --> Could not find the language line "mynt_buy_jd"
ERROR - 2017-04-21 08:33:15 --> Could not find the language line "mynt_buy_taobao"
ERROR - 2017-04-21 08:33:15 --> Could not find the language line "mynt_buy_tmall"
ERROR - 2017-04-21 08:33:15 --> Could not find the language line "mynt_buy_youzan"
ERROR - 2017-04-21 08:33:15 --> Could not find the language line "mynt_buy_jd"
ERROR - 2017-04-21 08:36:09 --> Could not find the language line "mynt_buy_taobao"
ERROR - 2017-04-21 08:36:09 --> Could not find the language line "mynt_buy_tmall"
ERROR - 2017-04-21 08:36:09 --> Could not find the language line "mynt_buy_youzan"
ERROR - 2017-04-21 08:36:09 --> Could not find the language line "mynt_buy_jd"
ERROR - 2017-04-21 08:37:16 --> Could not find the language line "mynt_buy_taobao"
ERROR - 2017-04-21 08:37:16 --> Could not find the language line "mynt_buy_tmall"
ERROR - 2017-04-21 08:37:16 --> Could not find the language line "mynt_buy_youzan"
ERROR - 2017-04-21 08:37:16 --> Could not find the language line "mynt_buy_jd"
ERROR - 2017-04-21 08:37:34 --> Could not find the language line "mynt_buy_taobao"
ERROR - 2017-04-21 08:37:34 --> Could not find the language line "mynt_buy_tmall"
ERROR - 2017-04-21 08:37:34 --> Could not find the language line "mynt_buy_youzan"
ERROR - 2017-04-21 08:37:34 --> Could not find the language line "mynt_buy_jd"
ERROR - 2017-04-21 08:38:26 --> Could not find the language line "mynt_buy_taobao"
ERROR - 2017-04-21 08:38:26 --> Could not find the language line "mynt_buy_tmall"
ERROR - 2017-04-21 08:38:26 --> Could not find the language line "mynt_buy_youzan"
ERROR - 2017-04-21 08:38:26 --> Could not find the language line "mynt_buy_jd"
ERROR - 2017-04-21 08:38:48 --> Could not find the language line "mynt_buy_taobao"
ERROR - 2017-04-21 08:38:48 --> Could not find the language line "mynt_buy_tmall"
ERROR - 2017-04-21 08:38:48 --> Could not find the language line "mynt_buy_youzan"
ERROR - 2017-04-21 08:38:48 --> Could not find the language line "mynt_buy_jd"
ERROR - 2017-04-21 08:39:24 --> Could not find the language line "mynt_buy_taobao"
ERROR - 2017-04-21 08:39:24 --> Could not find the language line "mynt_buy_tmall"
ERROR - 2017-04-21 08:39:24 --> Could not find the language line "mynt_buy_youzan"
ERROR - 2017-04-21 08:39:24 --> Could not find the language line "mynt_buy_jd"
ERROR - 2017-04-21 08:39:37 --> Could not find the language line "mynt_buy_taobao"
ERROR - 2017-04-21 08:39:37 --> Could not find the language line "mynt_buy_tmall"
ERROR - 2017-04-21 08:39:37 --> Could not find the language line "mynt_buy_youzan"
ERROR - 2017-04-21 08:39:37 --> Could not find the language line "mynt_buy_jd"
ERROR - 2017-04-21 08:39:50 --> Could not find the language line "mynt_buy_taobao"
ERROR - 2017-04-21 08:39:50 --> Could not find the language line "mynt_buy_tmall"
ERROR - 2017-04-21 08:39:50 --> Could not find the language line "mynt_buy_youzan"
ERROR - 2017-04-21 08:39:50 --> Could not find the language line "mynt_buy_jd"
ERROR - 2017-04-21 08:40:04 --> Could not find the language line "mynt_buy_taobao"
ERROR - 2017-04-21 08:40:04 --> Could not find the language line "mynt_buy_tmall"
ERROR - 2017-04-21 08:40:04 --> Could not find the language line "mynt_buy_youzan"
ERROR - 2017-04-21 08:40:04 --> Could not find the language line "mynt_buy_jd"
ERROR - 2017-04-21 08:40:10 --> Could not find the language line "mynt_buy_taobao"
ERROR - 2017-04-21 08:40:10 --> Could not find the language line "mynt_buy_tmall"
ERROR - 2017-04-21 08:40:10 --> Could not find the language line "mynt_buy_youzan"
ERROR - 2017-04-21 08:40:10 --> Could not find the language line "mynt_buy_jd"
ERROR - 2017-04-21 08:40:15 --> Could not find the language line "mynt_buy_taobao"
ERROR - 2017-04-21 08:40:15 --> Could not find the language line "mynt_buy_tmall"
ERROR - 2017-04-21 08:40:15 --> Could not find the language line "mynt_buy_youzan"
ERROR - 2017-04-21 08:40:15 --> Could not find the language line "mynt_buy_jd"
ERROR - 2017-04-21 08:40:43 --> Could not find the language line "mynt_buy_taobao"
ERROR - 2017-04-21 08:40:43 --> Could not find the language line "mynt_buy_tmall"
ERROR - 2017-04-21 08:40:43 --> Could not find the language line "mynt_buy_youzan"
ERROR - 2017-04-21 08:40:43 --> Could not find the language line "mynt_buy_jd"
ERROR - 2017-04-21 08:40:54 --> Could not find the language line "mynt_buy_taobao"
ERROR - 2017-04-21 08:40:54 --> Could not find the language line "mynt_buy_tmall"
ERROR - 2017-04-21 08:40:54 --> Could not find the language line "mynt_buy_youzan"
ERROR - 2017-04-21 08:40:54 --> Could not find the language line "mynt_buy_jd"
ERROR - 2017-04-21 08:41:06 --> Could not find the language line "mynt_buy_taobao"
ERROR - 2017-04-21 08:41:06 --> Could not find the language line "mynt_buy_tmall"
ERROR - 2017-04-21 08:41:06 --> Could not find the language line "mynt_buy_youzan"
ERROR - 2017-04-21 08:41:06 --> Could not find the language line "mynt_buy_jd"
ERROR - 2017-04-21 08:43:23 --> Could not find the language line "mynt_buy_taobao"
ERROR - 2017-04-21 08:43:23 --> Could not find the language line "mynt_buy_tmall"
ERROR - 2017-04-21 08:43:23 --> Could not find the language line "mynt_buy_youzan"
ERROR - 2017-04-21 08:43:23 --> Could not find the language line "mynt_buy_jd"
ERROR - 2017-04-21 08:44:00 --> Could not find the language line "mynt_buy_taobao"
ERROR - 2017-04-21 08:44:00 --> Could not find the language line "mynt_buy_tmall"
ERROR - 2017-04-21 08:44:00 --> Could not find the language line "mynt_buy_youzan"
ERROR - 2017-04-21 08:44:00 --> Could not find the language line "mynt_buy_jd"
ERROR - 2017-04-21 08:45:49 --> Could not find the language line "mynt_buy_taobao"
ERROR - 2017-04-21 08:45:49 --> Could not find the language line "mynt_buy_tmall"
ERROR - 2017-04-21 08:45:49 --> Could not find the language line "mynt_buy_youzan"
ERROR - 2017-04-21 08:45:49 --> Could not find the language line "mynt_buy_jd"
ERROR - 2017-04-21 08:46:59 --> Could not find the language line "mynt_buy_taobao"
ERROR - 2017-04-21 08:46:59 --> Could not find the language line "mynt_buy_tmall"
ERROR - 2017-04-21 08:46:59 --> Could not find the language line "mynt_buy_youzan"
ERROR - 2017-04-21 08:46:59 --> Could not find the language line "mynt_buy_jd"
ERROR - 2017-04-21 08:48:16 --> Could not find the language line "mynt_buy_taobao"
ERROR - 2017-04-21 08:48:16 --> Could not find the language line "mynt_buy_tmall"
ERROR - 2017-04-21 08:48:16 --> Could not find the language line "mynt_buy_youzan"
ERROR - 2017-04-21 08:48:16 --> Could not find the language line "mynt_buy_jd"
ERROR - 2017-04-21 08:50:11 --> Could not find the language line "mynt_buy_taobao"
ERROR - 2017-04-21 08:50:11 --> Could not find the language line "mynt_buy_tmall"
ERROR - 2017-04-21 08:50:11 --> Could not find the language line "mynt_buy_youzan"
ERROR - 2017-04-21 08:50:11 --> Could not find the language line "mynt_buy_jd"
ERROR - 2017-04-21 08:50:28 --> Could not find the language line "mynt_buy_taobao"
ERROR - 2017-04-21 08:50:28 --> Could not find the language line "mynt_buy_tmall"
ERROR - 2017-04-21 08:50:28 --> Could not find the language line "mynt_buy_youzan"
ERROR - 2017-04-21 08:50:28 --> Could not find the language line "mynt_buy_jd"
ERROR - 2017-04-21 08:53:29 --> Could not find the language line "mynt_buy_taobao"
ERROR - 2017-04-21 08:53:29 --> Could not find the language line "mynt_buy_tmall"
ERROR - 2017-04-21 08:53:29 --> Could not find the language line "mynt_buy_youzan"
ERROR - 2017-04-21 08:53:29 --> Could not find the language line "mynt_buy_jd"
ERROR - 2017-04-21 08:53:31 --> Could not find the language line "mynt_buy_taobao"
ERROR - 2017-04-21 08:53:31 --> Could not find the language line "mynt_buy_tmall"
ERROR - 2017-04-21 08:53:31 --> Could not find the language line "mynt_buy_youzan"
ERROR - 2017-04-21 08:53:31 --> Could not find the language line "mynt_buy_jd"
ERROR - 2017-04-21 08:57:44 --> Could not find the language line "mynt_buy_taobao"
ERROR - 2017-04-21 08:57:44 --> Could not find the language line "mynt_buy_tmall"
ERROR - 2017-04-21 08:57:44 --> Could not find the language line "mynt_buy_youzan"
ERROR - 2017-04-21 08:57:44 --> Could not find the language line "mynt_buy_jd"
ERROR - 2017-04-21 08:58:49 --> Could not find the language line "mynt_buy_taobao"
ERROR - 2017-04-21 08:58:49 --> Could not find the language line "mynt_buy_tmall"
ERROR - 2017-04-21 08:58:49 --> Could not find the language line "mynt_buy_youzan"
ERROR - 2017-04-21 08:58:49 --> Could not find the language line "mynt_buy_jd"
ERROR - 2017-04-21 08:59:31 --> Could not find the language line "mynt_buy_taobao"
ERROR - 2017-04-21 08:59:31 --> Could not find the language line "mynt_buy_tmall"
ERROR - 2017-04-21 08:59:31 --> Could not find the language line "mynt_buy_youzan"
ERROR - 2017-04-21 08:59:31 --> Could not find the language line "mynt_buy_jd"
ERROR - 2017-04-21 09:00:47 --> Could not find the language line "mynt_buy_taobao"
ERROR - 2017-04-21 09:00:47 --> Could not find the language line "mynt_buy_tmall"
ERROR - 2017-04-21 09:00:47 --> Could not find the language line "mynt_buy_youzan"
ERROR - 2017-04-21 09:00:47 --> Could not find the language line "mynt_buy_jd"
ERROR - 2017-04-21 09:05:01 --> Could not find the language line "mynt_buy_taobao"
ERROR - 2017-04-21 09:05:01 --> Could not find the language line "mynt_buy_tmall"
ERROR - 2017-04-21 09:05:01 --> Could not find the language line "mynt_buy_youzan"
ERROR - 2017-04-21 09:05:01 --> Could not find the language line "mynt_buy_jd"
ERROR - 2017-04-21 09:06:09 --> Could not find the language line "mynt_buy_taobao"
ERROR - 2017-04-21 09:06:09 --> Could not find the language line "mynt_buy_tmall"
ERROR - 2017-04-21 09:06:09 --> Could not find the language line "mynt_buy_youzan"
ERROR - 2017-04-21 09:06:09 --> Could not find the language line "mynt_buy_jd"
ERROR - 2017-04-21 09:07:12 --> Could not find the language line "mynt_buy_taobao"
ERROR - 2017-04-21 09:07:12 --> Could not find the language line "mynt_buy_tmall"
ERROR - 2017-04-21 09:07:12 --> Could not find the language line "mynt_buy_youzan"
ERROR - 2017-04-21 09:07:12 --> Could not find the language line "mynt_buy_jd"
ERROR - 2017-04-21 09:07:39 --> Could not find the language line "mynt_buy_taobao"
ERROR - 2017-04-21 09:07:39 --> Could not find the language line "mynt_buy_tmall"
ERROR - 2017-04-21 09:07:39 --> Could not find the language line "mynt_buy_youzan"
ERROR - 2017-04-21 09:07:39 --> Could not find the language line "mynt_buy_jd"
ERROR - 2017-04-21 09:07:59 --> Could not find the language line "mynt_buy_taobao"
ERROR - 2017-04-21 09:07:59 --> Could not find the language line "mynt_buy_tmall"
ERROR - 2017-04-21 09:07:59 --> Could not find the language line "mynt_buy_youzan"
ERROR - 2017-04-21 09:07:59 --> Could not find the language line "mynt_buy_jd"
ERROR - 2017-04-21 09:08:42 --> Could not find the language line "mynt_buy_taobao"
ERROR - 2017-04-21 09:08:42 --> Could not find the language line "mynt_buy_tmall"
ERROR - 2017-04-21 09:08:42 --> Could not find the language line "mynt_buy_youzan"
ERROR - 2017-04-21 09:08:42 --> Could not find the language line "mynt_buy_jd"
ERROR - 2017-04-21 09:08:52 --> Could not find the language line "mynt_buy_taobao"
ERROR - 2017-04-21 09:08:52 --> Could not find the language line "mynt_buy_tmall"
ERROR - 2017-04-21 09:08:52 --> Could not find the language line "mynt_buy_youzan"
ERROR - 2017-04-21 09:08:52 --> Could not find the language line "mynt_buy_jd"
ERROR - 2017-04-21 09:09:29 --> Could not find the language line "mynt_buy_taobao"
ERROR - 2017-04-21 09:09:29 --> Could not find the language line "mynt_buy_tmall"
ERROR - 2017-04-21 09:09:29 --> Could not find the language line "mynt_buy_youzan"
ERROR - 2017-04-21 09:09:29 --> Could not find the language line "mynt_buy_jd"
ERROR - 2017-04-21 09:11:40 --> Could not find the language line "mynt_buy_taobao"
ERROR - 2017-04-21 09:11:40 --> Could not find the language line "mynt_buy_tmall"
ERROR - 2017-04-21 09:11:40 --> Could not find the language line "mynt_buy_youzan"
ERROR - 2017-04-21 09:11:40 --> Could not find the language line "mynt_buy_jd"
ERROR - 2017-04-21 09:12:05 --> Could not find the language line "mynt_buy_taobao"
ERROR - 2017-04-21 09:12:05 --> Could not find the language line "mynt_buy_tmall"
ERROR - 2017-04-21 09:12:05 --> Could not find the language line "mynt_buy_youzan"
ERROR - 2017-04-21 09:12:05 --> Could not find the language line "mynt_buy_jd"
ERROR - 2017-04-21 09:12:21 --> Could not find the language line "mynt_buy_taobao"
ERROR - 2017-04-21 09:12:21 --> Could not find the language line "mynt_buy_tmall"
ERROR - 2017-04-21 09:12:21 --> Could not find the language line "mynt_buy_youzan"
ERROR - 2017-04-21 09:12:21 --> Could not find the language line "mynt_buy_jd"
ERROR - 2017-04-21 09:12:31 --> Could not find the language line "mynt_buy_taobao"
ERROR - 2017-04-21 09:12:31 --> Could not find the language line "mynt_buy_tmall"
ERROR - 2017-04-21 09:12:31 --> Could not find the language line "mynt_buy_youzan"
ERROR - 2017-04-21 09:12:31 --> Could not find the language line "mynt_buy_jd"
ERROR - 2017-04-21 09:13:07 --> Could not find the language line "mynt_buy_taobao"
ERROR - 2017-04-21 09:13:07 --> Could not find the language line "mynt_buy_tmall"
ERROR - 2017-04-21 09:13:07 --> Could not find the language line "mynt_buy_youzan"
ERROR - 2017-04-21 09:13:07 --> Could not find the language line "mynt_buy_jd"
ERROR - 2017-04-21 09:14:13 --> Could not find the language line "mynt_buy_taobao"
ERROR - 2017-04-21 09:14:13 --> Could not find the language line "mynt_buy_tmall"
ERROR - 2017-04-21 09:14:13 --> Could not find the language line "mynt_buy_youzan"
ERROR - 2017-04-21 09:14:13 --> Could not find the language line "mynt_buy_jd"
ERROR - 2017-04-21 09:14:20 --> Could not find the language line "mynt_buy_taobao"
ERROR - 2017-04-21 09:14:20 --> Could not find the language line "mynt_buy_tmall"
ERROR - 2017-04-21 09:14:20 --> Could not find the language line "mynt_buy_youzan"
ERROR - 2017-04-21 09:14:20 --> Could not find the language line "mynt_buy_jd"
ERROR - 2017-04-21 09:14:50 --> Could not find the language line "mynt_buy_taobao"
ERROR - 2017-04-21 09:14:50 --> Could not find the language line "mynt_buy_tmall"
ERROR - 2017-04-21 09:14:50 --> Could not find the language line "mynt_buy_youzan"
ERROR - 2017-04-21 09:14:50 --> Could not find the language line "mynt_buy_jd"
ERROR - 2017-04-21 09:15:32 --> Could not find the language line "mynt_buy_taobao"
ERROR - 2017-04-21 09:15:32 --> Could not find the language line "mynt_buy_tmall"
ERROR - 2017-04-21 09:15:32 --> Could not find the language line "mynt_buy_youzan"
ERROR - 2017-04-21 09:15:32 --> Could not find the language line "mynt_buy_jd"
ERROR - 2017-04-21 09:16:19 --> Could not find the language line "mynt_buy_taobao"
ERROR - 2017-04-21 09:16:19 --> Could not find the language line "mynt_buy_tmall"
ERROR - 2017-04-21 09:16:19 --> Could not find the language line "mynt_buy_youzan"
ERROR - 2017-04-21 09:16:19 --> Could not find the language line "mynt_buy_jd"
ERROR - 2017-04-21 09:16:41 --> Could not find the language line "mynt_buy_taobao"
ERROR - 2017-04-21 09:16:41 --> Could not find the language line "mynt_buy_tmall"
ERROR - 2017-04-21 09:16:41 --> Could not find the language line "mynt_buy_youzan"
ERROR - 2017-04-21 09:16:41 --> Could not find the language line "mynt_buy_jd"
ERROR - 2017-04-21 09:16:51 --> Could not find the language line "mynt_buy_taobao"
ERROR - 2017-04-21 09:16:51 --> Could not find the language line "mynt_buy_tmall"
ERROR - 2017-04-21 09:16:51 --> Could not find the language line "mynt_buy_youzan"
ERROR - 2017-04-21 09:16:51 --> Could not find the language line "mynt_buy_jd"
ERROR - 2017-04-21 09:17:05 --> Could not find the language line "mynt_buy_taobao"
ERROR - 2017-04-21 09:17:05 --> Could not find the language line "mynt_buy_tmall"
ERROR - 2017-04-21 09:17:05 --> Could not find the language line "mynt_buy_youzan"
ERROR - 2017-04-21 09:17:05 --> Could not find the language line "mynt_buy_jd"
ERROR - 2017-04-21 09:18:19 --> Could not find the language line "mynt_buy_taobao"
ERROR - 2017-04-21 09:18:19 --> Could not find the language line "mynt_buy_tmall"
ERROR - 2017-04-21 09:18:19 --> Could not find the language line "mynt_buy_youzan"
ERROR - 2017-04-21 09:18:19 --> Could not find the language line "mynt_buy_jd"
ERROR - 2017-04-21 09:18:32 --> Could not find the language line "mynt_buy_taobao"
ERROR - 2017-04-21 09:18:32 --> Could not find the language line "mynt_buy_tmall"
ERROR - 2017-04-21 09:18:32 --> Could not find the language line "mynt_buy_youzan"
ERROR - 2017-04-21 09:18:32 --> Could not find the language line "mynt_buy_jd"
ERROR - 2017-04-21 09:18:39 --> Could not find the language line "mynt_buy_taobao"
ERROR - 2017-04-21 09:18:39 --> Could not find the language line "mynt_buy_tmall"
ERROR - 2017-04-21 09:18:39 --> Could not find the language line "mynt_buy_youzan"
ERROR - 2017-04-21 09:18:39 --> Could not find the language line "mynt_buy_jd"
ERROR - 2017-04-21 09:19:26 --> Could not find the language line "mynt_buy_taobao"
ERROR - 2017-04-21 09:19:26 --> Could not find the language line "mynt_buy_tmall"
ERROR - 2017-04-21 09:19:26 --> Could not find the language line "mynt_buy_youzan"
ERROR - 2017-04-21 09:19:26 --> Could not find the language line "mynt_buy_jd"
ERROR - 2017-04-21 09:19:39 --> Could not find the language line "mynt_buy_taobao"
ERROR - 2017-04-21 09:19:39 --> Could not find the language line "mynt_buy_tmall"
ERROR - 2017-04-21 09:19:39 --> Could not find the language line "mynt_buy_youzan"
ERROR - 2017-04-21 09:19:39 --> Could not find the language line "mynt_buy_jd"
ERROR - 2017-04-21 09:19:52 --> Could not find the language line "mynt_buy_taobao"
ERROR - 2017-04-21 09:19:52 --> Could not find the language line "mynt_buy_tmall"
ERROR - 2017-04-21 09:19:52 --> Could not find the language line "mynt_buy_youzan"
ERROR - 2017-04-21 09:19:52 --> Could not find the language line "mynt_buy_jd"
ERROR - 2017-04-21 09:20:02 --> Could not find the language line "mynt_buy_taobao"
ERROR - 2017-04-21 09:20:02 --> Could not find the language line "mynt_buy_tmall"
ERROR - 2017-04-21 09:20:02 --> Could not find the language line "mynt_buy_youzan"
ERROR - 2017-04-21 09:20:02 --> Could not find the language line "mynt_buy_jd"
ERROR - 2017-04-21 09:20:15 --> Could not find the language line "mynt_buy_taobao"
ERROR - 2017-04-21 09:20:15 --> Could not find the language line "mynt_buy_tmall"
ERROR - 2017-04-21 09:20:15 --> Could not find the language line "mynt_buy_youzan"
ERROR - 2017-04-21 09:20:15 --> Could not find the language line "mynt_buy_jd"
ERROR - 2017-04-21 09:21:40 --> Could not find the language line "mynt_buy_taobao"
ERROR - 2017-04-21 09:21:40 --> Could not find the language line "mynt_buy_tmall"
ERROR - 2017-04-21 09:21:40 --> Could not find the language line "mynt_buy_youzan"
ERROR - 2017-04-21 09:21:40 --> Could not find the language line "mynt_buy_jd"
ERROR - 2017-04-21 09:22:19 --> Could not find the language line "mynt_buy_taobao"
ERROR - 2017-04-21 09:22:19 --> Could not find the language line "mynt_buy_tmall"
ERROR - 2017-04-21 09:22:19 --> Could not find the language line "mynt_buy_youzan"
ERROR - 2017-04-21 09:22:19 --> Could not find the language line "mynt_buy_jd"
ERROR - 2017-04-21 09:22:37 --> Could not find the language line "mynt_buy_taobao"
ERROR - 2017-04-21 09:22:37 --> Could not find the language line "mynt_buy_tmall"
ERROR - 2017-04-21 09:22:37 --> Could not find the language line "mynt_buy_youzan"
ERROR - 2017-04-21 09:22:37 --> Could not find the language line "mynt_buy_jd"
ERROR - 2017-04-21 09:22:57 --> Could not find the language line "mynt_buy_taobao"
ERROR - 2017-04-21 09:22:57 --> Could not find the language line "mynt_buy_tmall"
ERROR - 2017-04-21 09:22:57 --> Could not find the language line "mynt_buy_youzan"
ERROR - 2017-04-21 09:22:57 --> Could not find the language line "mynt_buy_jd"
ERROR - 2017-04-21 09:27:53 --> Could not find the language line "mynt_buy_taobao"
ERROR - 2017-04-21 09:27:53 --> Could not find the language line "mynt_buy_tmall"
ERROR - 2017-04-21 09:27:53 --> Could not find the language line "mynt_buy_youzan"
ERROR - 2017-04-21 09:27:53 --> Could not find the language line "mynt_buy_jd"
ERROR - 2017-04-21 09:29:20 --> Could not find the language line "mynt_buy_taobao"
ERROR - 2017-04-21 09:29:20 --> Could not find the language line "mynt_buy_tmall"
ERROR - 2017-04-21 09:29:20 --> Could not find the language line "mynt_buy_youzan"
ERROR - 2017-04-21 09:29:20 --> Could not find the language line "mynt_buy_jd"
ERROR - 2017-04-21 09:29:38 --> Could not find the language line "mynt_buy_taobao"
ERROR - 2017-04-21 09:29:38 --> Could not find the language line "mynt_buy_tmall"
ERROR - 2017-04-21 09:29:38 --> Could not find the language line "mynt_buy_youzan"
ERROR - 2017-04-21 09:29:38 --> Could not find the language line "mynt_buy_jd"
ERROR - 2017-04-21 09:29:40 --> Could not find the language line "mynt_buy_taobao"
ERROR - 2017-04-21 09:29:40 --> Could not find the language line "mynt_buy_tmall"
ERROR - 2017-04-21 09:29:40 --> Could not find the language line "mynt_buy_youzan"
ERROR - 2017-04-21 09:29:40 --> Could not find the language line "mynt_buy_jd"
ERROR - 2017-04-21 09:29:46 --> Could not find the language line "mynt_buy_taobao"
ERROR - 2017-04-21 09:29:46 --> Could not find the language line "mynt_buy_tmall"
ERROR - 2017-04-21 09:29:46 --> Could not find the language line "mynt_buy_youzan"
ERROR - 2017-04-21 09:29:46 --> Could not find the language line "mynt_buy_jd"
ERROR - 2017-04-21 09:30:06 --> Could not find the language line "mynt_buy_taobao"
ERROR - 2017-04-21 09:30:06 --> Could not find the language line "mynt_buy_tmall"
ERROR - 2017-04-21 09:30:06 --> Could not find the language line "mynt_buy_youzan"
ERROR - 2017-04-21 09:30:06 --> Could not find the language line "mynt_buy_jd"
ERROR - 2017-04-21 09:31:10 --> Could not find the language line "mynt_buy_taobao"
ERROR - 2017-04-21 09:31:10 --> Could not find the language line "mynt_buy_tmall"
ERROR - 2017-04-21 09:31:10 --> Could not find the language line "mynt_buy_youzan"
ERROR - 2017-04-21 09:31:10 --> Could not find the language line "mynt_buy_jd"
ERROR - 2017-04-21 09:35:59 --> Could not find the language line "mynt_buy_taobao"
ERROR - 2017-04-21 09:35:59 --> Could not find the language line "mynt_buy_tmall"
ERROR - 2017-04-21 09:35:59 --> Could not find the language line "mynt_buy_youzan"
ERROR - 2017-04-21 09:35:59 --> Could not find the language line "mynt_buy_jd"
ERROR - 2017-04-21 09:36:26 --> Could not find the language line "mynt_buy_taobao"
ERROR - 2017-04-21 09:36:26 --> Could not find the language line "mynt_buy_tmall"
ERROR - 2017-04-21 09:36:26 --> Could not find the language line "mynt_buy_youzan"
ERROR - 2017-04-21 09:36:26 --> Could not find the language line "mynt_buy_jd"
ERROR - 2017-04-21 09:37:13 --> Could not find the language line "mynt_buy_taobao"
ERROR - 2017-04-21 09:37:13 --> Could not find the language line "mynt_buy_tmall"
ERROR - 2017-04-21 09:37:13 --> Could not find the language line "mynt_buy_youzan"
ERROR - 2017-04-21 09:37:13 --> Could not find the language line "mynt_buy_jd"
ERROR - 2017-04-21 09:41:40 --> Could not find the language line "mynt_buy_taobao"
ERROR - 2017-04-21 09:41:40 --> Could not find the language line "mynt_buy_tmall"
ERROR - 2017-04-21 09:41:40 --> Could not find the language line "mynt_buy_youzan"
ERROR - 2017-04-21 09:41:40 --> Could not find the language line "mynt_buy_jd"
ERROR - 2017-04-21 09:42:34 --> Could not find the language line "mynt_buy_taobao"
ERROR - 2017-04-21 09:42:34 --> Could not find the language line "mynt_buy_tmall"
ERROR - 2017-04-21 09:42:34 --> Could not find the language line "mynt_buy_youzan"
ERROR - 2017-04-21 09:42:34 --> Could not find the language line "mynt_buy_jd"
ERROR - 2017-04-21 09:44:06 --> Could not find the language line "mynt_buy_taobao"
ERROR - 2017-04-21 09:44:06 --> Could not find the language line "mynt_buy_tmall"
ERROR - 2017-04-21 09:44:06 --> Could not find the language line "mynt_buy_youzan"
ERROR - 2017-04-21 09:44:06 --> Could not find the language line "mynt_buy_jd"
ERROR - 2017-04-21 09:44:20 --> Could not find the language line "mynt_buy_taobao"
ERROR - 2017-04-21 09:44:20 --> Could not find the language line "mynt_buy_tmall"
ERROR - 2017-04-21 09:44:20 --> Could not find the language line "mynt_buy_youzan"
ERROR - 2017-04-21 09:44:20 --> Could not find the language line "mynt_buy_jd"
ERROR - 2017-04-21 09:50:25 --> Could not find the language line "mynt_buy_taobao"
ERROR - 2017-04-21 09:50:25 --> Could not find the language line "mynt_buy_tmall"
ERROR - 2017-04-21 09:50:25 --> Could not find the language line "mynt_buy_youzan"
ERROR - 2017-04-21 09:50:25 --> Could not find the language line "mynt_buy_jd"
ERROR - 2017-04-21 09:57:16 --> Could not find the language line "mynt_buy_taobao"
ERROR - 2017-04-21 09:57:16 --> Could not find the language line "mynt_buy_tmall"
ERROR - 2017-04-21 09:57:16 --> Could not find the language line "mynt_buy_youzan"
ERROR - 2017-04-21 09:57:16 --> Could not find the language line "mynt_buy_jd"
ERROR - 2017-04-21 09:57:52 --> Could not find the language line "mynt_buy_taobao"
ERROR - 2017-04-21 09:57:52 --> Could not find the language line "mynt_buy_tmall"
ERROR - 2017-04-21 09:57:52 --> Could not find the language line "mynt_buy_youzan"
ERROR - 2017-04-21 09:57:52 --> Could not find the language line "mynt_buy_jd"
ERROR - 2017-04-21 09:58:20 --> Could not find the language line "mynt_buy_taobao"
ERROR - 2017-04-21 09:58:20 --> Could not find the language line "mynt_buy_tmall"
ERROR - 2017-04-21 09:58:20 --> Could not find the language line "mynt_buy_youzan"
ERROR - 2017-04-21 09:58:20 --> Could not find the language line "mynt_buy_jd"
ERROR - 2017-04-21 10:01:33 --> Could not find the language line "mynt_buy_taobao"
ERROR - 2017-04-21 10:01:33 --> Could not find the language line "mynt_buy_tmall"
ERROR - 2017-04-21 10:01:33 --> Could not find the language line "mynt_buy_youzan"
ERROR - 2017-04-21 10:01:33 --> Could not find the language line "mynt_buy_jd"
ERROR - 2017-04-21 10:03:14 --> Could not find the language line "mynt_buy_taobao"
ERROR - 2017-04-21 10:03:14 --> Could not find the language line "mynt_buy_tmall"
ERROR - 2017-04-21 10:03:14 --> Could not find the language line "mynt_buy_youzan"
ERROR - 2017-04-21 10:03:14 --> Could not find the language line "mynt_buy_jd"
ERROR - 2017-04-21 10:03:17 --> Could not find the language line "mynt_buy_taobao"
ERROR - 2017-04-21 10:03:17 --> Could not find the language line "mynt_buy_tmall"
ERROR - 2017-04-21 10:03:17 --> Could not find the language line "mynt_buy_youzan"
ERROR - 2017-04-21 10:03:17 --> Could not find the language line "mynt_buy_jd"
ERROR - 2017-04-21 10:03:17 --> Could not find the language line "mynt_icon_taobao"
ERROR - 2017-04-21 10:03:17 --> Could not find the language line "mynt_icon_tmall"
ERROR - 2017-04-21 10:03:17 --> Could not find the language line "mynt_icon_youzan"
ERROR - 2017-04-21 10:03:17 --> Could not find the language line "mynt_icon_jd"
ERROR - 2017-04-21 10:03:17 --> Could not find the language line "mynt_jd_detail"
ERROR - 2017-04-21 10:03:17 --> Could not find the language line "to_buy_wd"
ERROR - 2017-04-21 10:03:17 --> Could not find the language line "slightech_wechat"
ERROR - 2017-04-21 10:03:17 --> Could not find the language line "camera_no_lost"
ERROR - 2017-04-21 10:03:17 --> Could not find the language line "key_no_lost"
ERROR - 2017-04-21 10:03:17 --> Could not find the language line "bag_no_lost"
ERROR - 2017-04-21 10:03:17 --> Could not find the language line "computer_no_lost"
ERROR - 2017-04-21 10:03:17 --> Could not find the language line "pet_no_lost"
ERROR - 2017-04-21 10:03:17 --> Could not find the language line "goal"
ERROR - 2017-04-21 10:03:17 --> Could not find the language line "fund_title"
ERROR - 2017-04-21 10:03:17 --> Could not find the language line "fund_intro"
ERROR - 2017-04-21 10:03:18 --> Could not find the language line "mynt_buy_taobao"
ERROR - 2017-04-21 10:03:18 --> Could not find the language line "mynt_buy_tmall"
ERROR - 2017-04-21 10:03:18 --> Could not find the language line "mynt_buy_youzan"
ERROR - 2017-04-21 10:03:18 --> Could not find the language line "mynt_buy_jd"
ERROR - 2017-04-21 10:03:44 --> Could not find the language line "mynt_buy_taobao"
ERROR - 2017-04-21 10:03:44 --> Could not find the language line "mynt_buy_tmall"
ERROR - 2017-04-21 10:03:44 --> Could not find the language line "mynt_buy_youzan"
ERROR - 2017-04-21 10:03:44 --> Could not find the language line "mynt_buy_jd"
ERROR - 2017-04-21 10:04:29 --> Could not find the language line "mynt_buy_taobao"
ERROR - 2017-04-21 10:04:29 --> Could not find the language line "mynt_buy_tmall"
ERROR - 2017-04-21 10:04:29 --> Could not find the language line "mynt_buy_youzan"
ERROR - 2017-04-21 10:04:29 --> Could not find the language line "mynt_buy_jd"
ERROR - 2017-04-21 10:06:27 --> Could not find the language line "mynt_buy_taobao"
ERROR - 2017-04-21 10:06:27 --> Could not find the language line "mynt_buy_tmall"
ERROR - 2017-04-21 10:06:27 --> Could not find the language line "mynt_buy_youzan"
ERROR - 2017-04-21 10:06:27 --> Could not find the language line "mynt_buy_jd"
ERROR - 2017-04-21 10:08:38 --> Could not find the language line "mynt_buy_taobao"
ERROR - 2017-04-21 10:08:38 --> Could not find the language line "mynt_buy_tmall"
ERROR - 2017-04-21 10:08:38 --> Could not find the language line "mynt_buy_youzan"
ERROR - 2017-04-21 10:08:38 --> Could not find the language line "mynt_buy_jd"
ERROR - 2017-04-21 10:10:25 --> Could not find the language line "mynt_buy_taobao"
ERROR - 2017-04-21 10:10:25 --> Could not find the language line "mynt_buy_tmall"
ERROR - 2017-04-21 10:10:25 --> Could not find the language line "mynt_buy_youzan"
ERROR - 2017-04-21 10:10:25 --> Could not find the language line "mynt_buy_jd"
ERROR - 2017-04-21 10:13:57 --> Could not find the language line "mynt_buy_taobao"
ERROR - 2017-04-21 10:13:57 --> Could not find the language line "mynt_buy_tmall"
ERROR - 2017-04-21 10:13:57 --> Could not find the language line "mynt_buy_youzan"
ERROR - 2017-04-21 10:13:57 --> Could not find the language line "mynt_buy_jd"
ERROR - 2017-04-21 10:19:24 --> Could not find the language line "mynt_buy_taobao"
ERROR - 2017-04-21 10:19:24 --> Could not find the language line "mynt_buy_tmall"
ERROR - 2017-04-21 10:19:24 --> Could not find the language line "mynt_buy_youzan"
ERROR - 2017-04-21 10:19:24 --> Could not find the language line "mynt_buy_jd"
ERROR - 2017-04-21 10:26:25 --> Could not find the language line "mynt_buy_taobao"
ERROR - 2017-04-21 10:26:25 --> Could not find the language line "mynt_buy_tmall"
ERROR - 2017-04-21 10:26:25 --> Could not find the language line "mynt_buy_youzan"
ERROR - 2017-04-21 10:26:25 --> Could not find the language line "mynt_buy_jd"
ERROR - 2017-04-21 10:29:59 --> Could not find the language line "mynt_buy_taobao"
ERROR - 2017-04-21 10:29:59 --> Could not find the language line "mynt_buy_tmall"
ERROR - 2017-04-21 10:29:59 --> Could not find the language line "mynt_buy_youzan"
ERROR - 2017-04-21 10:29:59 --> Could not find the language line "mynt_buy_jd"
ERROR - 2017-04-21 10:30:49 --> Could not find the language line "mynt_buy_taobao"
ERROR - 2017-04-21 10:30:49 --> Could not find the language line "mynt_buy_tmall"
ERROR - 2017-04-21 10:30:49 --> Could not find the language line "mynt_buy_youzan"
ERROR - 2017-04-21 10:30:49 --> Could not find the language line "mynt_buy_jd"
ERROR - 2017-04-21 10:32:06 --> Could not find the language line "mynt_buy_taobao"
ERROR - 2017-04-21 10:32:06 --> Could not find the language line "mynt_buy_tmall"
ERROR - 2017-04-21 10:32:06 --> Could not find the language line "mynt_buy_youzan"
ERROR - 2017-04-21 10:32:06 --> Could not find the language line "mynt_buy_jd"
ERROR - 2017-04-21 10:34:06 --> Could not find the language line "mynt_buy_taobao"
ERROR - 2017-04-21 10:34:06 --> Could not find the language line "mynt_buy_tmall"
ERROR - 2017-04-21 10:34:06 --> Could not find the language line "mynt_buy_youzan"
ERROR - 2017-04-21 10:34:06 --> Could not find the language line "mynt_buy_jd"
ERROR - 2017-04-21 10:34:36 --> Could not find the language line "mynt_buy_taobao"
ERROR - 2017-04-21 10:34:36 --> Could not find the language line "mynt_buy_tmall"
ERROR - 2017-04-21 10:34:36 --> Could not find the language line "mynt_buy_youzan"
ERROR - 2017-04-21 10:34:36 --> Could not find the language line "mynt_buy_jd"
ERROR - 2017-04-21 10:35:20 --> Could not find the language line "mynt_buy_taobao"
ERROR - 2017-04-21 10:35:20 --> Could not find the language line "mynt_buy_tmall"
ERROR - 2017-04-21 10:35:20 --> Could not find the language line "mynt_buy_youzan"
ERROR - 2017-04-21 10:35:20 --> Could not find the language line "mynt_buy_jd"
ERROR - 2017-04-21 10:35:56 --> Could not find the language line "mynt_buy_taobao"
ERROR - 2017-04-21 10:35:56 --> Could not find the language line "mynt_buy_tmall"
ERROR - 2017-04-21 10:35:56 --> Could not find the language line "mynt_buy_youzan"
ERROR - 2017-04-21 10:35:56 --> Could not find the language line "mynt_buy_jd"
ERROR - 2017-04-21 11:10:00 --> Could not find the language line "mynt_buy_taobao"
ERROR - 2017-04-21 11:10:00 --> Could not find the language line "mynt_buy_tmall"
ERROR - 2017-04-21 11:10:00 --> Could not find the language line "mynt_buy_youzan"
ERROR - 2017-04-21 11:10:00 --> Could not find the language line "mynt_buy_jd"
ERROR - 2017-04-21 11:12:18 --> Could not find the language line "mynt_buy_taobao"
ERROR - 2017-04-21 11:12:18 --> Could not find the language line "mynt_buy_tmall"
ERROR - 2017-04-21 11:12:18 --> Could not find the language line "mynt_buy_youzan"
ERROR - 2017-04-21 11:12:18 --> Could not find the language line "mynt_buy_jd"
ERROR - 2017-04-21 11:12:34 --> Could not find the language line "mynt_buy_taobao"
ERROR - 2017-04-21 11:12:34 --> Could not find the language line "mynt_buy_tmall"
ERROR - 2017-04-21 11:12:34 --> Could not find the language line "mynt_buy_youzan"
ERROR - 2017-04-21 11:12:34 --> Could not find the language line "mynt_buy_jd"
ERROR - 2017-04-21 11:15:21 --> Could not find the language line "mynt_buy_taobao"
ERROR - 2017-04-21 11:15:21 --> Could not find the language line "mynt_buy_tmall"
ERROR - 2017-04-21 11:15:21 --> Could not find the language line "mynt_buy_youzan"
ERROR - 2017-04-21 11:15:21 --> Could not find the language line "mynt_buy_jd"
ERROR - 2017-04-21 11:15:22 --> Could not find the language line "mynt_buy_taobao"
ERROR - 2017-04-21 11:15:22 --> Could not find the language line "mynt_buy_tmall"
ERROR - 2017-04-21 11:15:22 --> Could not find the language line "mynt_buy_youzan"
ERROR - 2017-04-21 11:15:22 --> Could not find the language line "mynt_buy_jd"
ERROR - 2017-04-21 11:15:56 --> Could not find the language line "mynt_buy_taobao"
ERROR - 2017-04-21 11:15:56 --> Could not find the language line "mynt_buy_tmall"
ERROR - 2017-04-21 11:15:56 --> Could not find the language line "mynt_buy_youzan"
ERROR - 2017-04-21 11:15:56 --> Could not find the language line "mynt_buy_jd"
ERROR - 2017-04-21 11:16:53 --> Could not find the language line "mynt_buy_taobao"
ERROR - 2017-04-21 11:16:53 --> Could not find the language line "mynt_buy_tmall"
ERROR - 2017-04-21 11:16:53 --> Could not find the language line "mynt_buy_youzan"
ERROR - 2017-04-21 11:16:53 --> Could not find the language line "mynt_buy_jd"
ERROR - 2017-04-21 11:16:54 --> Could not find the language line "mynt_buy_taobao"
ERROR - 2017-04-21 11:16:54 --> Could not find the language line "mynt_buy_tmall"
ERROR - 2017-04-21 11:16:54 --> Could not find the language line "mynt_buy_youzan"
ERROR - 2017-04-21 11:16:54 --> Could not find the language line "mynt_buy_jd"
ERROR - 2017-04-21 11:17:39 --> Could not find the language line "mynt_buy_taobao"
ERROR - 2017-04-21 11:17:39 --> Could not find the language line "mynt_buy_tmall"
ERROR - 2017-04-21 11:17:39 --> Could not find the language line "mynt_buy_youzan"
ERROR - 2017-04-21 11:17:39 --> Could not find the language line "mynt_buy_jd"
ERROR - 2017-04-21 11:18:46 --> Could not find the language line "mynt_buy_taobao"
ERROR - 2017-04-21 11:18:46 --> Could not find the language line "mynt_buy_tmall"
ERROR - 2017-04-21 11:18:46 --> Could not find the language line "mynt_buy_youzan"
ERROR - 2017-04-21 11:18:46 --> Could not find the language line "mynt_buy_jd"
ERROR - 2017-04-21 11:20:42 --> Could not find the language line "mynt_buy_taobao"
ERROR - 2017-04-21 11:20:42 --> Could not find the language line "mynt_buy_tmall"
ERROR - 2017-04-21 11:20:42 --> Could not find the language line "mynt_buy_youzan"
ERROR - 2017-04-21 11:20:42 --> Could not find the language line "mynt_buy_jd"
ERROR - 2017-04-21 11:23:10 --> Could not find the language line "mynt_buy_taobao"
ERROR - 2017-04-21 11:23:10 --> Could not find the language line "mynt_buy_tmall"
ERROR - 2017-04-21 11:23:10 --> Could not find the language line "mynt_buy_youzan"
ERROR - 2017-04-21 11:23:10 --> Could not find the language line "mynt_buy_jd"
ERROR - 2017-04-21 11:33:00 --> Could not find the language line "mynt_buy_taobao"
ERROR - 2017-04-21 11:33:00 --> Could not find the language line "mynt_buy_tmall"
ERROR - 2017-04-21 11:33:00 --> Could not find the language line "mynt_buy_youzan"
ERROR - 2017-04-21 11:33:00 --> Could not find the language line "mynt_buy_jd"
ERROR - 2017-04-21 11:36:00 --> Could not find the language line "mynt_buy_taobao"
ERROR - 2017-04-21 11:36:00 --> Could not find the language line "mynt_buy_tmall"
ERROR - 2017-04-21 11:36:00 --> Could not find the language line "mynt_buy_youzan"
ERROR - 2017-04-21 11:36:00 --> Could not find the language line "mynt_buy_jd"
ERROR - 2017-04-21 11:38:02 --> Could not find the language line "mynt_buy_taobao"
ERROR - 2017-04-21 11:38:02 --> Could not find the language line "mynt_buy_tmall"
ERROR - 2017-04-21 11:38:02 --> Could not find the language line "mynt_buy_youzan"
ERROR - 2017-04-21 11:38:02 --> Could not find the language line "mynt_buy_jd"
ERROR - 2017-04-21 11:46:29 --> Could not find the language line "mynt_buy_taobao"
ERROR - 2017-04-21 11:46:29 --> Could not find the language line "mynt_buy_tmall"
ERROR - 2017-04-21 11:46:29 --> Could not find the language line "mynt_buy_youzan"
ERROR - 2017-04-21 11:46:29 --> Could not find the language line "mynt_buy_jd"
ERROR - 2017-04-21 11:48:54 --> Could not find the language line "mynt_buy_taobao"
ERROR - 2017-04-21 11:48:54 --> Could not find the language line "mynt_buy_tmall"
ERROR - 2017-04-21 11:48:54 --> Could not find the language line "mynt_buy_youzan"
ERROR - 2017-04-21 11:48:54 --> Could not find the language line "mynt_buy_jd"
ERROR - 2017-04-21 11:49:05 --> Could not find the language line "mynt_buy_taobao"
ERROR - 2017-04-21 11:49:05 --> Could not find the language line "mynt_buy_tmall"
ERROR - 2017-04-21 11:49:05 --> Could not find the language line "mynt_buy_youzan"
ERROR - 2017-04-21 11:49:05 --> Could not find the language line "mynt_buy_jd"
ERROR - 2017-04-21 11:50:02 --> Could not find the language line "mynt_buy_taobao"
ERROR - 2017-04-21 11:50:02 --> Could not find the language line "mynt_buy_tmall"
ERROR - 2017-04-21 11:50:02 --> Could not find the language line "mynt_buy_youzan"
ERROR - 2017-04-21 11:50:02 --> Could not find the language line "mynt_buy_jd"
ERROR - 2017-04-21 11:50:29 --> Could not find the language line "mynt_buy_taobao"
ERROR - 2017-04-21 11:50:29 --> Could not find the language line "mynt_buy_tmall"
ERROR - 2017-04-21 11:50:29 --> Could not find the language line "mynt_buy_youzan"
ERROR - 2017-04-21 11:50:29 --> Could not find the language line "mynt_buy_jd"
ERROR - 2017-04-21 11:51:00 --> Could not find the language line "mynt_buy_taobao"
ERROR - 2017-04-21 11:51:00 --> Could not find the language line "mynt_buy_tmall"
ERROR - 2017-04-21 11:51:00 --> Could not find the language line "mynt_buy_youzan"
ERROR - 2017-04-21 11:51:00 --> Could not find the language line "mynt_buy_jd"
ERROR - 2017-04-21 11:51:43 --> Could not find the language line "mynt_buy_taobao"
ERROR - 2017-04-21 11:51:43 --> Could not find the language line "mynt_buy_tmall"
ERROR - 2017-04-21 11:51:43 --> Could not find the language line "mynt_buy_youzan"
ERROR - 2017-04-21 11:51:43 --> Could not find the language line "mynt_buy_jd"
ERROR - 2017-04-21 11:51:57 --> Could not find the language line "mynt_buy_taobao"
ERROR - 2017-04-21 11:51:57 --> Could not find the language line "mynt_buy_tmall"
ERROR - 2017-04-21 11:51:57 --> Could not find the language line "mynt_buy_youzan"
ERROR - 2017-04-21 11:51:57 --> Could not find the language line "mynt_buy_jd"
ERROR - 2017-04-21 11:52:05 --> Could not find the language line "mynt_buy_taobao"
ERROR - 2017-04-21 11:52:05 --> Could not find the language line "mynt_buy_tmall"
ERROR - 2017-04-21 11:52:05 --> Could not find the language line "mynt_buy_youzan"
ERROR - 2017-04-21 11:52:05 --> Could not find the language line "mynt_buy_jd"
ERROR - 2017-04-21 11:52:31 --> Could not find the language line "mynt_buy_taobao"
ERROR - 2017-04-21 11:52:31 --> Could not find the language line "mynt_buy_tmall"
ERROR - 2017-04-21 11:52:31 --> Could not find the language line "mynt_buy_youzan"
ERROR - 2017-04-21 11:52:31 --> Could not find the language line "mynt_buy_jd"
ERROR - 2017-04-21 11:52:46 --> Could not find the language line "mynt_buy_taobao"
ERROR - 2017-04-21 11:52:46 --> Could not find the language line "mynt_buy_tmall"
ERROR - 2017-04-21 11:52:46 --> Could not find the language line "mynt_buy_youzan"
ERROR - 2017-04-21 11:52:46 --> Could not find the language line "mynt_buy_jd"
ERROR - 2017-04-21 11:53:03 --> Could not find the language line "mynt_buy_taobao"
ERROR - 2017-04-21 11:53:03 --> Could not find the language line "mynt_buy_tmall"
ERROR - 2017-04-21 11:53:03 --> Could not find the language line "mynt_buy_youzan"
ERROR - 2017-04-21 11:53:03 --> Could not find the language line "mynt_buy_jd"
