ERROR - 2017-06-30 02:10:21 --> Could not find the language line "mynt_buy_taobao"
ERROR - 2017-06-30 02:10:21 --> Could not find the language line "mynt_buy_tmall"
ERROR - 2017-06-30 02:10:21 --> Could not find the language line "mynt_buy_jd"
ERROR - 2017-06-30 02:11:03 --> Could not find the language line "mynt_buy_taobao"
ERROR - 2017-06-30 02:11:03 --> Could not find the language line "mynt_buy_tmall"
ERROR - 2017-06-30 02:11:03 --> Could not find the language line "mynt_buy_jd"
ERROR - 2017-06-30 02:11:34 --> Could not find the language line "mynt_buy_taobao"
ERROR - 2017-06-30 02:11:34 --> Could not find the language line "mynt_buy_tmall"
ERROR - 2017-06-30 02:11:34 --> Could not find the language line "mynt_buy_jd"
ERROR - 2017-06-30 02:11:52 --> Could not find the language line "mynt_buy_taobao"
ERROR - 2017-06-30 02:11:52 --> Could not find the language line "mynt_buy_tmall"
ERROR - 2017-06-30 02:11:52 --> Could not find the language line "mynt_buy_jd"
ERROR - 2017-06-30 02:12:23 --> Could not find the language line "mynt_buy_taobao"
ERROR - 2017-06-30 02:12:23 --> Could not find the language line "mynt_buy_tmall"
ERROR - 2017-06-30 02:12:23 --> Could not find the language line "mynt_buy_jd"
ERROR - 2017-06-30 02:12:37 --> Could not find the language line "mynt_buy_taobao"
ERROR - 2017-06-30 02:12:37 --> Could not find the language line "mynt_buy_tmall"
ERROR - 2017-06-30 02:12:37 --> Could not find the language line "mynt_buy_jd"
ERROR - 2017-06-30 02:12:50 --> Could not find the language line "mynt_buy_taobao"
ERROR - 2017-06-30 02:12:50 --> Could not find the language line "mynt_buy_tmall"
ERROR - 2017-06-30 02:12:50 --> Could not find the language line "mynt_buy_jd"
ERROR - 2017-06-30 02:12:59 --> Could not find the language line "mynt_buy_taobao"
ERROR - 2017-06-30 02:12:59 --> Could not find the language line "mynt_buy_tmall"
ERROR - 2017-06-30 02:12:59 --> Could not find the language line "mynt_buy_jd"
ERROR - 2017-06-30 02:13:28 --> Could not find the language line "mynt_buy_taobao"
ERROR - 2017-06-30 02:13:28 --> Could not find the language line "mynt_buy_tmall"
ERROR - 2017-06-30 02:13:28 --> Could not find the language line "mynt_buy_jd"
ERROR - 2017-06-30 02:13:36 --> Could not find the language line "mynt_buy_taobao"
ERROR - 2017-06-30 02:13:36 --> Could not find the language line "mynt_buy_tmall"
ERROR - 2017-06-30 02:13:36 --> Could not find the language line "mynt_buy_jd"
ERROR - 2017-06-30 02:13:45 --> Could not find the language line "mynt_buy_taobao"
ERROR - 2017-06-30 02:13:45 --> Could not find the language line "mynt_buy_tmall"
ERROR - 2017-06-30 02:13:45 --> Could not find the language line "mynt_buy_jd"
ERROR - 2017-06-30 02:13:52 --> Could not find the language line "mynt_buy_taobao"
ERROR - 2017-06-30 02:13:52 --> Could not find the language line "mynt_buy_tmall"
ERROR - 2017-06-30 02:13:52 --> Could not find the language line "mynt_buy_jd"
ERROR - 2017-06-30 02:15:10 --> Could not find the language line "mynt_buy_taobao"
ERROR - 2017-06-30 02:15:10 --> Could not find the language line "mynt_buy_tmall"
ERROR - 2017-06-30 02:15:10 --> Could not find the language line "mynt_buy_jd"
ERROR - 2017-06-30 02:16:23 --> Could not find the language line "mynt_buy_taobao"
ERROR - 2017-06-30 02:16:23 --> Could not find the language line "mynt_buy_tmall"
ERROR - 2017-06-30 02:16:23 --> Could not find the language line "mynt_buy_jd"
ERROR - 2017-06-30 02:20:11 --> Could not find the language line "mynt_buy_taobao"
ERROR - 2017-06-30 02:20:11 --> Could not find the language line "mynt_buy_tmall"
ERROR - 2017-06-30 02:20:11 --> Could not find the language line "mynt_buy_jd"
ERROR - 2017-06-30 02:20:20 --> Could not find the language line "mynt_buy_taobao"
ERROR - 2017-06-30 02:20:20 --> Could not find the language line "mynt_buy_tmall"
ERROR - 2017-06-30 02:20:20 --> Could not find the language line "mynt_buy_jd"
ERROR - 2017-06-30 02:20:45 --> Could not find the language line "mynt_buy_taobao"
ERROR - 2017-06-30 02:20:45 --> Could not find the language line "mynt_buy_tmall"
ERROR - 2017-06-30 02:20:45 --> Could not find the language line "mynt_buy_jd"
ERROR - 2017-06-30 02:22:05 --> Could not find the language line "mynt_buy_taobao"
ERROR - 2017-06-30 02:22:05 --> Could not find the language line "mynt_buy_tmall"
ERROR - 2017-06-30 02:22:05 --> Could not find the language line "mynt_buy_jd"
ERROR - 2017-06-30 02:29:18 --> Could not find the language line "mynt_buy_taobao"
ERROR - 2017-06-30 02:29:18 --> Could not find the language line "mynt_buy_tmall"
ERROR - 2017-06-30 02:29:18 --> Could not find the language line "mynt_buy_jd"
ERROR - 2017-06-30 02:29:23 --> Could not find the language line "mynt_buy_taobao"
ERROR - 2017-06-30 02:29:23 --> Could not find the language line "mynt_buy_tmall"
ERROR - 2017-06-30 02:29:23 --> Could not find the language line "mynt_buy_jd"
ERROR - 2017-06-30 02:31:21 --> Could not find the language line "mynt_buy_taobao"
ERROR - 2017-06-30 02:31:21 --> Could not find the language line "mynt_buy_tmall"
ERROR - 2017-06-30 02:31:21 --> Could not find the language line "mynt_buy_jd"
ERROR - 2017-06-30 02:32:13 --> Could not find the language line "mynt_buy_taobao"
ERROR - 2017-06-30 02:32:13 --> Could not find the language line "mynt_buy_tmall"
ERROR - 2017-06-30 02:32:13 --> Could not find the language line "mynt_buy_jd"
ERROR - 2017-06-30 02:34:28 --> Could not find the language line "mynt_buy_taobao"
ERROR - 2017-06-30 02:34:28 --> Could not find the language line "mynt_buy_tmall"
ERROR - 2017-06-30 02:34:28 --> Could not find the language line "mynt_buy_jd"
ERROR - 2017-06-30 02:34:33 --> Could not find the language line "mynt_buy_taobao"
ERROR - 2017-06-30 02:34:33 --> Could not find the language line "mynt_buy_tmall"
ERROR - 2017-06-30 02:34:33 --> Could not find the language line "mynt_buy_jd"
ERROR - 2017-06-30 02:34:35 --> Could not find the language line "mynt_buy_taobao"
ERROR - 2017-06-30 02:34:35 --> Could not find the language line "mynt_buy_tmall"
ERROR - 2017-06-30 02:34:35 --> Could not find the language line "mynt_buy_jd"
ERROR - 2017-06-30 02:35:06 --> Could not find the language line "mynt_buy_taobao"
ERROR - 2017-06-30 02:35:06 --> Could not find the language line "mynt_buy_tmall"
ERROR - 2017-06-30 02:35:06 --> Could not find the language line "mynt_buy_jd"
ERROR - 2017-06-30 02:35:56 --> Could not find the language line "mynt_buy_taobao"
ERROR - 2017-06-30 02:35:56 --> Could not find the language line "mynt_buy_tmall"
ERROR - 2017-06-30 02:35:56 --> Could not find the language line "mynt_buy_jd"
ERROR - 2017-06-30 02:39:15 --> Could not find the language line "mynt_buy_taobao"
ERROR - 2017-06-30 02:39:15 --> Could not find the language line "mynt_buy_tmall"
ERROR - 2017-06-30 02:39:15 --> Could not find the language line "mynt_buy_jd"
ERROR - 2017-06-30 02:39:19 --> Could not find the language line "mynt_buy_taobao"
ERROR - 2017-06-30 02:39:19 --> Could not find the language line "mynt_buy_tmall"
ERROR - 2017-06-30 02:39:19 --> Could not find the language line "mynt_buy_jd"
ERROR - 2017-06-30 02:39:45 --> Could not find the language line "mynt_buy_taobao"
ERROR - 2017-06-30 02:39:45 --> Could not find the language line "mynt_buy_tmall"
ERROR - 2017-06-30 02:39:45 --> Could not find the language line "mynt_buy_jd"
ERROR - 2017-06-30 02:47:35 --> Could not find the language line "mynt_buy_taobao"
ERROR - 2017-06-30 02:47:35 --> Could not find the language line "mynt_buy_tmall"
ERROR - 2017-06-30 02:47:35 --> Could not find the language line "mynt_buy_jd"
ERROR - 2017-06-30 02:48:55 --> Could not find the language line "mynt_buy_taobao"
ERROR - 2017-06-30 02:48:55 --> Could not find the language line "mynt_buy_tmall"
ERROR - 2017-06-30 02:48:55 --> Could not find the language line "mynt_buy_jd"
ERROR - 2017-06-30 02:49:59 --> Could not find the language line "mynt_buy_taobao"
ERROR - 2017-06-30 02:49:59 --> Could not find the language line "mynt_buy_tmall"
ERROR - 2017-06-30 02:49:59 --> Could not find the language line "mynt_buy_jd"
ERROR - 2017-06-30 02:50:11 --> Could not find the language line "mynt_buy_taobao"
ERROR - 2017-06-30 02:50:11 --> Could not find the language line "mynt_buy_tmall"
ERROR - 2017-06-30 02:50:11 --> Could not find the language line "mynt_buy_jd"
ERROR - 2017-06-30 02:52:41 --> Could not find the language line "mynt_buy_taobao"
ERROR - 2017-06-30 02:52:41 --> Could not find the language line "mynt_buy_tmall"
ERROR - 2017-06-30 02:52:41 --> Could not find the language line "mynt_buy_jd"
ERROR - 2017-06-30 02:52:49 --> Could not find the language line "mynt_buy_taobao"
ERROR - 2017-06-30 02:52:49 --> Could not find the language line "mynt_buy_tmall"
ERROR - 2017-06-30 02:52:49 --> Could not find the language line "mynt_buy_jd"
ERROR - 2017-06-30 02:52:53 --> Could not find the language line "mynt_buy_taobao"
ERROR - 2017-06-30 02:52:53 --> Could not find the language line "mynt_buy_tmall"
ERROR - 2017-06-30 02:52:53 --> Could not find the language line "mynt_buy_jd"
ERROR - 2017-06-30 02:53:15 --> Could not find the language line "mynt_buy_taobao"
ERROR - 2017-06-30 02:53:15 --> Could not find the language line "mynt_buy_tmall"
ERROR - 2017-06-30 02:53:15 --> Could not find the language line "mynt_buy_jd"
ERROR - 2017-06-30 02:54:00 --> Could not find the language line "mynt_buy_taobao"
ERROR - 2017-06-30 02:54:00 --> Could not find the language line "mynt_buy_tmall"
ERROR - 2017-06-30 02:54:00 --> Could not find the language line "mynt_buy_jd"
ERROR - 2017-06-30 02:54:47 --> Could not find the language line "mynt_buy_taobao"
ERROR - 2017-06-30 02:54:47 --> Could not find the language line "mynt_buy_tmall"
ERROR - 2017-06-30 02:54:47 --> Could not find the language line "mynt_buy_jd"
ERROR - 2017-06-30 02:55:28 --> Could not find the language line "mynt_buy_taobao"
ERROR - 2017-06-30 02:55:28 --> Could not find the language line "mynt_buy_tmall"
ERROR - 2017-06-30 02:55:28 --> Could not find the language line "mynt_buy_jd"
ERROR - 2017-06-30 02:56:42 --> Could not find the language line "mynt_buy_taobao"
ERROR - 2017-06-30 02:56:42 --> Could not find the language line "mynt_buy_tmall"
ERROR - 2017-06-30 02:56:42 --> Could not find the language line "mynt_buy_jd"
ERROR - 2017-06-30 02:57:27 --> Could not find the language line "mynt_buy_taobao"
ERROR - 2017-06-30 02:57:27 --> Could not find the language line "mynt_buy_tmall"
ERROR - 2017-06-30 02:57:27 --> Could not find the language line "mynt_buy_jd"
ERROR - 2017-06-30 02:59:10 --> Could not find the language line "mynt_buy_taobao"
ERROR - 2017-06-30 02:59:10 --> Could not find the language line "mynt_buy_tmall"
ERROR - 2017-06-30 02:59:10 --> Could not find the language line "mynt_buy_jd"
ERROR - 2017-06-30 03:02:50 --> Could not find the language line "mynt_buy_taobao"
ERROR - 2017-06-30 03:02:50 --> Could not find the language line "mynt_buy_tmall"
ERROR - 2017-06-30 03:02:50 --> Could not find the language line "mynt_buy_jd"
ERROR - 2017-06-30 03:02:52 --> Could not find the language line "mynt_buy_taobao"
ERROR - 2017-06-30 03:02:52 --> Could not find the language line "mynt_buy_tmall"
ERROR - 2017-06-30 03:02:52 --> Could not find the language line "mynt_buy_jd"
ERROR - 2017-06-30 03:02:55 --> Could not find the language line "mynt_buy_taobao"
ERROR - 2017-06-30 03:02:55 --> Could not find the language line "mynt_buy_tmall"
ERROR - 2017-06-30 03:02:55 --> Could not find the language line "mynt_buy_jd"
ERROR - 2017-06-30 03:02:56 --> Could not find the language line "mynt_buy_taobao"
ERROR - 2017-06-30 03:02:56 --> Could not find the language line "mynt_buy_tmall"
ERROR - 2017-06-30 03:02:56 --> Could not find the language line "mynt_buy_jd"
ERROR - 2017-06-30 03:02:57 --> Could not find the language line "mynt_buy_taobao"
ERROR - 2017-06-30 03:02:57 --> Could not find the language line "mynt_buy_tmall"
ERROR - 2017-06-30 03:02:57 --> Could not find the language line "mynt_buy_jd"
ERROR - 2017-06-30 03:02:57 --> Could not find the language line "mynt_buy_taobao"
ERROR - 2017-06-30 03:02:57 --> Could not find the language line "mynt_buy_tmall"
ERROR - 2017-06-30 03:02:57 --> Could not find the language line "mynt_buy_jd"
ERROR - 2017-06-30 03:02:57 --> Could not find the language line "mynt_buy_taobao"
ERROR - 2017-06-30 03:02:57 --> Could not find the language line "mynt_buy_tmall"
ERROR - 2017-06-30 03:02:57 --> Could not find the language line "mynt_buy_jd"
ERROR - 2017-06-30 03:03:08 --> Could not find the language line "mynt_buy_taobao"
ERROR - 2017-06-30 03:03:08 --> Could not find the language line "mynt_buy_tmall"
ERROR - 2017-06-30 03:03:08 --> Could not find the language line "mynt_buy_jd"
ERROR - 2017-06-30 03:03:33 --> Could not find the language line "mynt_buy_taobao"
ERROR - 2017-06-30 03:03:33 --> Could not find the language line "mynt_buy_tmall"
ERROR - 2017-06-30 03:03:33 --> Could not find the language line "mynt_buy_jd"
ERROR - 2017-06-30 03:03:37 --> Could not find the language line "mynt_buy_taobao"
ERROR - 2017-06-30 03:03:37 --> Could not find the language line "mynt_buy_tmall"
ERROR - 2017-06-30 03:03:37 --> Could not find the language line "mynt_buy_jd"
ERROR - 2017-06-30 03:03:46 --> Could not find the language line "mynt_buy_taobao"
ERROR - 2017-06-30 03:03:46 --> Could not find the language line "mynt_buy_tmall"
ERROR - 2017-06-30 03:03:46 --> Could not find the language line "mynt_buy_jd"
ERROR - 2017-06-30 03:03:48 --> Could not find the language line "home_cloud_title"
ERROR - 2017-06-30 03:03:48 --> Could not find the language line "home_cloud_intro"
ERROR - 2017-06-30 03:03:50 --> Could not find the language line "mynt_buy_taobao"
ERROR - 2017-06-30 03:03:50 --> Could not find the language line "mynt_buy_tmall"
ERROR - 2017-06-30 03:03:50 --> Could not find the language line "mynt_buy_jd"
ERROR - 2017-06-30 03:14:26 --> Could not find the language line "mynt_buy_taobao"
ERROR - 2017-06-30 03:14:26 --> Could not find the language line "mynt_buy_tmall"
ERROR - 2017-06-30 03:14:26 --> Could not find the language line "mynt_buy_jd"
ERROR - 2017-06-30 03:15:37 --> Could not find the language line "mynt_buy_taobao"
ERROR - 2017-06-30 03:15:37 --> Could not find the language line "mynt_buy_tmall"
ERROR - 2017-06-30 03:15:37 --> Could not find the language line "mynt_buy_jd"
ERROR - 2017-06-30 03:16:13 --> Could not find the language line "mynt_buy_taobao"
ERROR - 2017-06-30 03:16:13 --> Could not find the language line "mynt_buy_tmall"
ERROR - 2017-06-30 03:16:13 --> Could not find the language line "mynt_buy_jd"
ERROR - 2017-06-30 03:17:21 --> Could not find the language line "mynt_buy_taobao"
ERROR - 2017-06-30 03:17:21 --> Could not find the language line "mynt_buy_tmall"
ERROR - 2017-06-30 03:17:21 --> Could not find the language line "mynt_buy_jd"
ERROR - 2017-06-30 03:20:54 --> Could not find the language line "mynt_buy_taobao"
ERROR - 2017-06-30 03:20:54 --> Could not find the language line "mynt_buy_tmall"
ERROR - 2017-06-30 03:20:54 --> Could not find the language line "mynt_buy_jd"
ERROR - 2017-06-30 03:20:55 --> Could not find the language line "mynt_buy_taobao"
ERROR - 2017-06-30 03:20:55 --> Could not find the language line "mynt_buy_tmall"
ERROR - 2017-06-30 03:20:55 --> Could not find the language line "mynt_buy_jd"
ERROR - 2017-06-30 03:20:56 --> Could not find the language line "mynt_buy_taobao"
ERROR - 2017-06-30 03:20:56 --> Could not find the language line "mynt_buy_tmall"
ERROR - 2017-06-30 03:20:56 --> Could not find the language line "mynt_buy_jd"
ERROR - 2017-06-30 03:21:17 --> Could not find the language line "mynt_buy_taobao"
ERROR - 2017-06-30 03:21:17 --> Could not find the language line "mynt_buy_tmall"
ERROR - 2017-06-30 03:21:17 --> Could not find the language line "mynt_buy_jd"
ERROR - 2017-06-30 03:30:24 --> Could not find the language line "mynt_buy_taobao"
ERROR - 2017-06-30 03:30:24 --> Could not find the language line "mynt_buy_tmall"
ERROR - 2017-06-30 03:30:24 --> Could not find the language line "mynt_buy_jd"
ERROR - 2017-06-30 03:30:26 --> Could not find the language line "home_cloud_title"
ERROR - 2017-06-30 03:30:26 --> Could not find the language line "home_cloud_intro"
ERROR - 2017-06-30 03:30:26 --> Could not find the language line "mynt_buy_taobao"
ERROR - 2017-06-30 03:30:26 --> Could not find the language line "mynt_buy_tmall"
ERROR - 2017-06-30 03:30:26 --> Could not find the language line "mynt_buy_jd"
ERROR - 2017-06-30 03:30:46 --> Could not find the language line "home_cloud_title"
ERROR - 2017-06-30 03:30:46 --> Could not find the language line "home_cloud_intro"
ERROR - 2017-06-30 03:30:46 --> Could not find the language line "mynt_buy_taobao"
ERROR - 2017-06-30 03:30:46 --> Could not find the language line "mynt_buy_tmall"
ERROR - 2017-06-30 03:30:46 --> Could not find the language line "mynt_buy_jd"
ERROR - 2017-06-30 03:31:19 --> Could not find the language line "home_cloud_title"
ERROR - 2017-06-30 03:31:19 --> Could not find the language line "home_cloud_intro"
ERROR - 2017-06-30 03:31:19 --> Could not find the language line "mynt_buy_taobao"
ERROR - 2017-06-30 03:31:19 --> Could not find the language line "mynt_buy_tmall"
ERROR - 2017-06-30 03:31:19 --> Could not find the language line "mynt_buy_jd"
ERROR - 2017-06-30 03:34:27 --> Could not find the language line "home_cloud_title"
ERROR - 2017-06-30 03:34:27 --> Could not find the language line "home_cloud_intro"
ERROR - 2017-06-30 03:34:28 --> Could not find the language line "mynt_buy_taobao"
ERROR - 2017-06-30 03:34:28 --> Could not find the language line "mynt_buy_tmall"
ERROR - 2017-06-30 03:34:28 --> Could not find the language line "mynt_buy_jd"
ERROR - 2017-06-30 03:34:48 --> Could not find the language line "home_cloud_title"
ERROR - 2017-06-30 03:34:48 --> Could not find the language line "home_cloud_intro"
ERROR - 2017-06-30 03:34:48 --> Could not find the language line "mynt_buy_taobao"
ERROR - 2017-06-30 03:34:48 --> Could not find the language line "mynt_buy_tmall"
ERROR - 2017-06-30 03:34:48 --> Could not find the language line "mynt_buy_jd"
ERROR - 2017-06-30 03:36:34 --> Could not find the language line "home_cloud_title"
ERROR - 2017-06-30 03:36:34 --> Could not find the language line "home_cloud_intro"
ERROR - 2017-06-30 03:36:34 --> Could not find the language line "mynt_buy_taobao"
ERROR - 2017-06-30 03:36:34 --> Could not find the language line "mynt_buy_tmall"
ERROR - 2017-06-30 03:36:34 --> Could not find the language line "mynt_buy_jd"
ERROR - 2017-06-30 03:37:08 --> Could not find the language line "home_cloud_title"
ERROR - 2017-06-30 03:37:08 --> Could not find the language line "home_cloud_intro"
ERROR - 2017-06-30 03:37:08 --> Could not find the language line "mynt_buy_taobao"
ERROR - 2017-06-30 03:37:08 --> Could not find the language line "mynt_buy_tmall"
ERROR - 2017-06-30 03:37:08 --> Could not find the language line "mynt_buy_jd"
ERROR - 2017-06-30 03:38:28 --> Could not find the language line "home_cloud_title"
ERROR - 2017-06-30 03:38:28 --> Could not find the language line "home_cloud_intro"
ERROR - 2017-06-30 03:38:28 --> Could not find the language line "mynt_buy_taobao"
ERROR - 2017-06-30 03:38:28 --> Could not find the language line "mynt_buy_tmall"
ERROR - 2017-06-30 03:38:28 --> Could not find the language line "mynt_buy_jd"
ERROR - 2017-06-30 03:38:38 --> Could not find the language line "home_cloud_title"
ERROR - 2017-06-30 03:38:38 --> Could not find the language line "home_cloud_intro"
ERROR - 2017-06-30 03:38:38 --> Could not find the language line "mynt_buy_taobao"
ERROR - 2017-06-30 03:38:38 --> Could not find the language line "mynt_buy_tmall"
ERROR - 2017-06-30 03:38:38 --> Could not find the language line "mynt_buy_jd"
ERROR - 2017-06-30 03:39:12 --> Could not find the language line "mynt_buy_taobao"
ERROR - 2017-06-30 03:39:12 --> Could not find the language line "mynt_buy_tmall"
ERROR - 2017-06-30 03:39:12 --> Could not find the language line "mynt_buy_jd"
ERROR - 2017-06-30 03:39:14 --> Could not find the language line "home_cloud_title"
ERROR - 2017-06-30 03:39:14 --> Could not find the language line "home_cloud_intro"
ERROR - 2017-06-30 03:39:14 --> Could not find the language line "mynt_buy_taobao"
ERROR - 2017-06-30 03:39:14 --> Could not find the language line "mynt_buy_tmall"
ERROR - 2017-06-30 03:39:14 --> Could not find the language line "mynt_buy_jd"
ERROR - 2017-06-30 03:39:36 --> Could not find the language line "home_cloud_title"
ERROR - 2017-06-30 03:39:36 --> Could not find the language line "home_cloud_intro"
ERROR - 2017-06-30 03:39:36 --> Could not find the language line "mynt_buy_taobao"
ERROR - 2017-06-30 03:39:36 --> Could not find the language line "mynt_buy_tmall"
ERROR - 2017-06-30 03:39:36 --> Could not find the language line "mynt_buy_jd"
ERROR - 2017-06-30 03:39:38 --> Could not find the language line "home_cloud_title"
ERROR - 2017-06-30 03:39:38 --> Could not find the language line "home_cloud_intro"
ERROR - 2017-06-30 03:39:38 --> Could not find the language line "mynt_buy_taobao"
ERROR - 2017-06-30 03:39:38 --> Could not find the language line "mynt_buy_tmall"
ERROR - 2017-06-30 03:39:38 --> Could not find the language line "mynt_buy_jd"
ERROR - 2017-06-30 03:40:42 --> Could not find the language line "home_cloud_title"
ERROR - 2017-06-30 03:40:42 --> Could not find the language line "home_cloud_intro"
ERROR - 2017-06-30 03:40:42 --> Could not find the language line "mynt_buy_taobao"
ERROR - 2017-06-30 03:40:42 --> Could not find the language line "mynt_buy_tmall"
ERROR - 2017-06-30 03:40:42 --> Could not find the language line "mynt_buy_jd"
ERROR - 2017-06-30 03:41:04 --> Could not find the language line "home_cloud_title"
ERROR - 2017-06-30 03:41:04 --> Could not find the language line "home_cloud_intro"
ERROR - 2017-06-30 03:41:04 --> Could not find the language line "mynt_buy_taobao"
ERROR - 2017-06-30 03:41:04 --> Could not find the language line "mynt_buy_tmall"
ERROR - 2017-06-30 03:41:04 --> Could not find the language line "mynt_buy_jd"
ERROR - 2017-06-30 03:42:19 --> Could not find the language line "home_cloud_title"
ERROR - 2017-06-30 03:42:19 --> Could not find the language line "home_cloud_intro"
ERROR - 2017-06-30 03:42:19 --> Could not find the language line "mynt_buy_taobao"
ERROR - 2017-06-30 03:42:19 --> Could not find the language line "mynt_buy_tmall"
ERROR - 2017-06-30 03:42:19 --> Could not find the language line "mynt_buy_jd"
ERROR - 2017-06-30 03:44:47 --> Could not find the language line "home_cloud_title"
ERROR - 2017-06-30 03:44:47 --> Could not find the language line "home_cloud_intro"
ERROR - 2017-06-30 03:44:47 --> Could not find the language line "mynt_buy_taobao"
ERROR - 2017-06-30 03:44:47 --> Could not find the language line "mynt_buy_tmall"
ERROR - 2017-06-30 03:44:47 --> Could not find the language line "mynt_buy_jd"
ERROR - 2017-06-30 03:45:22 --> Could not find the language line "home_cloud_title"
ERROR - 2017-06-30 03:45:22 --> Could not find the language line "home_cloud_intro"
ERROR - 2017-06-30 03:45:22 --> Could not find the language line "mynt_buy_taobao"
ERROR - 2017-06-30 03:45:22 --> Could not find the language line "mynt_buy_tmall"
ERROR - 2017-06-30 03:45:22 --> Could not find the language line "mynt_buy_jd"
ERROR - 2017-06-30 03:47:08 --> Could not find the language line "home_cloud_title"
ERROR - 2017-06-30 03:47:08 --> Could not find the language line "home_cloud_intro"
ERROR - 2017-06-30 03:47:08 --> Could not find the language line "mynt_buy_taobao"
ERROR - 2017-06-30 03:47:08 --> Could not find the language line "mynt_buy_tmall"
ERROR - 2017-06-30 03:47:08 --> Could not find the language line "mynt_buy_jd"
ERROR - 2017-06-30 03:48:24 --> Could not find the language line "home_cloud_title"
ERROR - 2017-06-30 03:48:24 --> Could not find the language line "home_cloud_intro"
ERROR - 2017-06-30 03:48:24 --> Could not find the language line "mynt_buy_taobao"
ERROR - 2017-06-30 03:48:24 --> Could not find the language line "mynt_buy_tmall"
ERROR - 2017-06-30 03:48:24 --> Could not find the language line "mynt_buy_jd"
ERROR - 2017-06-30 03:48:52 --> Could not find the language line "home_cloud_title"
ERROR - 2017-06-30 03:48:52 --> Could not find the language line "home_cloud_intro"
ERROR - 2017-06-30 03:48:52 --> Could not find the language line "mynt_buy_taobao"
ERROR - 2017-06-30 03:48:52 --> Could not find the language line "mynt_buy_tmall"
ERROR - 2017-06-30 03:48:52 --> Could not find the language line "mynt_buy_jd"
ERROR - 2017-06-30 03:48:58 --> Could not find the language line "home_cloud_title"
ERROR - 2017-06-30 03:48:58 --> Could not find the language line "home_cloud_intro"
ERROR - 2017-06-30 03:48:58 --> Could not find the language line "mynt_buy_taobao"
ERROR - 2017-06-30 03:48:58 --> Could not find the language line "mynt_buy_tmall"
ERROR - 2017-06-30 03:48:58 --> Could not find the language line "mynt_buy_jd"
ERROR - 2017-06-30 03:49:11 --> Could not find the language line "home_cloud_title"
ERROR - 2017-06-30 03:49:11 --> Could not find the language line "home_cloud_intro"
ERROR - 2017-06-30 03:49:11 --> Could not find the language line "mynt_buy_taobao"
ERROR - 2017-06-30 03:49:11 --> Could not find the language line "mynt_buy_tmall"
ERROR - 2017-06-30 03:49:11 --> Could not find the language line "mynt_buy_jd"
ERROR - 2017-06-30 03:49:31 --> Could not find the language line "home_cloud_title"
ERROR - 2017-06-30 03:49:31 --> Could not find the language line "home_cloud_intro"
ERROR - 2017-06-30 03:49:31 --> Could not find the language line "mynt_buy_taobao"
ERROR - 2017-06-30 03:49:31 --> Could not find the language line "mynt_buy_tmall"
ERROR - 2017-06-30 03:49:31 --> Could not find the language line "mynt_buy_jd"
ERROR - 2017-06-30 03:49:52 --> Could not find the language line "home_cloud_title"
ERROR - 2017-06-30 03:49:52 --> Could not find the language line "home_cloud_intro"
ERROR - 2017-06-30 03:49:52 --> Could not find the language line "mynt_buy_taobao"
ERROR - 2017-06-30 03:49:52 --> Could not find the language line "mynt_buy_tmall"
ERROR - 2017-06-30 03:49:52 --> Could not find the language line "mynt_buy_jd"
ERROR - 2017-06-30 03:50:39 --> Could not find the language line "home_cloud_title"
ERROR - 2017-06-30 03:50:39 --> Could not find the language line "home_cloud_intro"
ERROR - 2017-06-30 03:50:39 --> Could not find the language line "mynt_buy_taobao"
ERROR - 2017-06-30 03:50:39 --> Could not find the language line "mynt_buy_tmall"
ERROR - 2017-06-30 03:50:39 --> Could not find the language line "mynt_buy_jd"
ERROR - 2017-06-30 03:50:54 --> Could not find the language line "home_cloud_title"
ERROR - 2017-06-30 03:50:54 --> Could not find the language line "home_cloud_intro"
ERROR - 2017-06-30 03:50:54 --> Could not find the language line "mynt_buy_taobao"
ERROR - 2017-06-30 03:50:54 --> Could not find the language line "mynt_buy_tmall"
ERROR - 2017-06-30 03:50:54 --> Could not find the language line "mynt_buy_jd"
ERROR - 2017-06-30 03:51:04 --> Could not find the language line "home_cloud_title"
ERROR - 2017-06-30 03:51:04 --> Could not find the language line "home_cloud_intro"
ERROR - 2017-06-30 03:51:04 --> Could not find the language line "mynt_buy_taobao"
ERROR - 2017-06-30 03:51:04 --> Could not find the language line "mynt_buy_tmall"
ERROR - 2017-06-30 03:51:04 --> Could not find the language line "mynt_buy_jd"
ERROR - 2017-06-30 03:51:11 --> Could not find the language line "home_cloud_title"
ERROR - 2017-06-30 03:51:11 --> Could not find the language line "home_cloud_intro"
ERROR - 2017-06-30 03:51:11 --> Could not find the language line "mynt_buy_taobao"
ERROR - 2017-06-30 03:51:11 --> Could not find the language line "mynt_buy_tmall"
ERROR - 2017-06-30 03:51:11 --> Could not find the language line "mynt_buy_jd"
ERROR - 2017-06-30 03:51:20 --> Could not find the language line "home_cloud_title"
ERROR - 2017-06-30 03:51:20 --> Could not find the language line "home_cloud_intro"
ERROR - 2017-06-30 03:51:20 --> Could not find the language line "mynt_buy_taobao"
ERROR - 2017-06-30 03:51:20 --> Could not find the language line "mynt_buy_tmall"
ERROR - 2017-06-30 03:51:20 --> Could not find the language line "mynt_buy_jd"
ERROR - 2017-06-30 03:51:39 --> Could not find the language line "home_cloud_title"
ERROR - 2017-06-30 03:51:39 --> Could not find the language line "home_cloud_intro"
ERROR - 2017-06-30 03:51:39 --> Could not find the language line "mynt_buy_taobao"
ERROR - 2017-06-30 03:51:39 --> Could not find the language line "mynt_buy_tmall"
ERROR - 2017-06-30 03:51:39 --> Could not find the language line "mynt_buy_jd"
ERROR - 2017-06-30 03:51:55 --> Could not find the language line "home_cloud_title"
ERROR - 2017-06-30 03:51:55 --> Could not find the language line "home_cloud_intro"
ERROR - 2017-06-30 03:51:55 --> Could not find the language line "mynt_buy_taobao"
ERROR - 2017-06-30 03:51:55 --> Could not find the language line "mynt_buy_tmall"
ERROR - 2017-06-30 03:51:55 --> Could not find the language line "mynt_buy_jd"
ERROR - 2017-06-30 03:52:07 --> Could not find the language line "home_cloud_title"
ERROR - 2017-06-30 03:52:07 --> Could not find the language line "home_cloud_intro"
ERROR - 2017-06-30 03:52:07 --> Could not find the language line "mynt_buy_taobao"
ERROR - 2017-06-30 03:52:07 --> Could not find the language line "mynt_buy_tmall"
ERROR - 2017-06-30 03:52:07 --> Could not find the language line "mynt_buy_jd"
ERROR - 2017-06-30 03:52:45 --> Could not find the language line "home_cloud_title"
ERROR - 2017-06-30 03:52:45 --> Could not find the language line "home_cloud_intro"
ERROR - 2017-06-30 03:52:45 --> Could not find the language line "mynt_buy_taobao"
ERROR - 2017-06-30 03:52:45 --> Could not find the language line "mynt_buy_tmall"
ERROR - 2017-06-30 03:52:45 --> Could not find the language line "mynt_buy_jd"
ERROR - 2017-06-30 03:53:19 --> Could not find the language line "mynt_buy_taobao"
ERROR - 2017-06-30 03:53:19 --> Could not find the language line "mynt_buy_tmall"
ERROR - 2017-06-30 03:53:19 --> Could not find the language line "mynt_buy_jd"
ERROR - 2017-06-30 03:54:24 --> Could not find the language line "mynt_buy_taobao"
ERROR - 2017-06-30 03:54:24 --> Could not find the language line "mynt_buy_tmall"
ERROR - 2017-06-30 03:54:24 --> Could not find the language line "mynt_buy_jd"
ERROR - 2017-06-30 06:16:02 --> Could not find the language line "home_cloud_title"
ERROR - 2017-06-30 06:16:02 --> Could not find the language line "home_cloud_intro"
ERROR - 2017-06-30 06:16:02 --> Could not find the language line "mynt_buy_taobao"
ERROR - 2017-06-30 06:16:02 --> Could not find the language line "mynt_buy_tmall"
ERROR - 2017-06-30 06:16:02 --> Could not find the language line "mynt_buy_jd"
ERROR - 2017-06-30 06:24:31 --> Could not find the language line "mynt_buy_taobao"
ERROR - 2017-06-30 06:24:31 --> Could not find the language line "mynt_buy_tmall"
ERROR - 2017-06-30 06:24:31 --> Could not find the language line "mynt_buy_jd"
ERROR - 2017-06-30 06:24:35 --> Could not find the language line "mynt_buy_taobao"
ERROR - 2017-06-30 06:24:35 --> Could not find the language line "mynt_buy_tmall"
ERROR - 2017-06-30 06:24:35 --> Could not find the language line "mynt_buy_jd"
ERROR - 2017-06-30 06:25:03 --> Could not find the language line "mynt_buy_taobao"
ERROR - 2017-06-30 06:25:03 --> Could not find the language line "mynt_buy_tmall"
ERROR - 2017-06-30 06:25:03 --> Could not find the language line "mynt_buy_jd"
ERROR - 2017-06-30 06:26:12 --> Could not find the language line "mynt_buy_taobao"
ERROR - 2017-06-30 06:26:12 --> Could not find the language line "mynt_buy_tmall"
ERROR - 2017-06-30 06:26:12 --> Could not find the language line "mynt_buy_jd"
ERROR - 2017-06-30 07:03:18 --> Could not find the language line "mynt_buy_taobao"
ERROR - 2017-06-30 07:03:18 --> Could not find the language line "mynt_buy_tmall"
ERROR - 2017-06-30 07:03:18 --> Could not find the language line "mynt_buy_jd"
ERROR - 2017-06-30 07:04:10 --> Could not find the language line "mynt_buy_taobao"
ERROR - 2017-06-30 07:04:10 --> Could not find the language line "mynt_buy_tmall"
ERROR - 2017-06-30 07:04:10 --> Could not find the language line "mynt_buy_jd"
ERROR - 2017-06-30 07:07:04 --> Could not find the language line "mynt_buy_taobao"
ERROR - 2017-06-30 07:07:04 --> Could not find the language line "mynt_buy_tmall"
ERROR - 2017-06-30 07:07:04 --> Could not find the language line "mynt_buy_jd"
ERROR - 2017-06-30 07:08:59 --> Could not find the language line "mynt_buy_taobao"
ERROR - 2017-06-30 07:08:59 --> Could not find the language line "mynt_buy_tmall"
ERROR - 2017-06-30 07:08:59 --> Could not find the language line "mynt_buy_jd"
ERROR - 2017-06-30 07:09:19 --> Could not find the language line "mynt_buy_taobao"
ERROR - 2017-06-30 07:09:19 --> Could not find the language line "mynt_buy_tmall"
ERROR - 2017-06-30 07:09:19 --> Could not find the language line "mynt_buy_jd"
ERROR - 2017-06-30 07:10:02 --> Could not find the language line "mynt_buy_taobao"
ERROR - 2017-06-30 07:10:02 --> Could not find the language line "mynt_buy_tmall"
ERROR - 2017-06-30 07:10:02 --> Could not find the language line "mynt_buy_jd"
ERROR - 2017-06-30 07:10:51 --> Could not find the language line "mynt_buy_taobao"
ERROR - 2017-06-30 07:10:51 --> Could not find the language line "mynt_buy_tmall"
ERROR - 2017-06-30 07:10:51 --> Could not find the language line "mynt_buy_jd"
ERROR - 2017-06-30 07:10:57 --> Could not find the language line "mynt_buy_taobao"
ERROR - 2017-06-30 07:10:57 --> Could not find the language line "mynt_buy_tmall"
ERROR - 2017-06-30 07:10:57 --> Could not find the language line "mynt_buy_jd"
ERROR - 2017-06-30 07:11:12 --> Could not find the language line "mynt_buy_taobao"
ERROR - 2017-06-30 07:11:12 --> Could not find the language line "mynt_buy_tmall"
ERROR - 2017-06-30 07:11:12 --> Could not find the language line "mynt_buy_jd"
ERROR - 2017-06-30 07:11:22 --> Could not find the language line "mynt_buy_taobao"
ERROR - 2017-06-30 07:11:22 --> Could not find the language line "mynt_buy_tmall"
ERROR - 2017-06-30 07:11:22 --> Could not find the language line "mynt_buy_jd"
ERROR - 2017-06-30 07:12:31 --> Could not find the language line "mynt_buy_taobao"
ERROR - 2017-06-30 07:12:31 --> Could not find the language line "mynt_buy_tmall"
ERROR - 2017-06-30 07:12:31 --> Could not find the language line "mynt_buy_jd"
ERROR - 2017-06-30 07:12:54 --> Could not find the language line "mynt_buy_taobao"
ERROR - 2017-06-30 07:12:54 --> Could not find the language line "mynt_buy_tmall"
ERROR - 2017-06-30 07:12:54 --> Could not find the language line "mynt_buy_jd"
ERROR - 2017-06-30 07:13:14 --> Could not find the language line "mynt_buy_taobao"
ERROR - 2017-06-30 07:13:14 --> Could not find the language line "mynt_buy_tmall"
ERROR - 2017-06-30 07:13:14 --> Could not find the language line "mynt_buy_jd"
ERROR - 2017-06-30 07:13:32 --> Could not find the language line "mynt_buy_taobao"
ERROR - 2017-06-30 07:13:32 --> Could not find the language line "mynt_buy_tmall"
ERROR - 2017-06-30 07:13:32 --> Could not find the language line "mynt_buy_jd"
ERROR - 2017-06-30 07:13:43 --> Could not find the language line "mynt_buy_taobao"
ERROR - 2017-06-30 07:13:43 --> Could not find the language line "mynt_buy_tmall"
ERROR - 2017-06-30 07:13:43 --> Could not find the language line "mynt_buy_jd"
ERROR - 2017-06-30 07:13:53 --> Could not find the language line "mynt_buy_taobao"
ERROR - 2017-06-30 07:13:53 --> Could not find the language line "mynt_buy_tmall"
ERROR - 2017-06-30 07:13:53 --> Could not find the language line "mynt_buy_jd"
ERROR - 2017-06-30 07:14:00 --> Could not find the language line "mynt_buy_taobao"
ERROR - 2017-06-30 07:14:00 --> Could not find the language line "mynt_buy_tmall"
ERROR - 2017-06-30 07:14:00 --> Could not find the language line "mynt_buy_jd"
ERROR - 2017-06-30 07:14:05 --> Could not find the language line "mynt_buy_taobao"
ERROR - 2017-06-30 07:14:05 --> Could not find the language line "mynt_buy_tmall"
ERROR - 2017-06-30 07:14:05 --> Could not find the language line "mynt_buy_jd"
ERROR - 2017-06-30 07:22:26 --> Could not find the language line "home_cloud_title"
ERROR - 2017-06-30 07:22:26 --> Could not find the language line "home_cloud_intro"
ERROR - 2017-06-30 07:22:26 --> Could not find the language line "mynt_buy_taobao"
ERROR - 2017-06-30 07:22:26 --> Could not find the language line "mynt_buy_tmall"
ERROR - 2017-06-30 07:22:26 --> Could not find the language line "mynt_buy_jd"
ERROR - 2017-06-30 07:26:17 --> Could not find the language line "mynt_buy_taobao"
ERROR - 2017-06-30 07:26:17 --> Could not find the language line "mynt_buy_tmall"
ERROR - 2017-06-30 07:26:17 --> Could not find the language line "mynt_buy_jd"
ERROR - 2017-06-30 07:27:46 --> Could not find the language line "mynt_buy_taobao"
ERROR - 2017-06-30 07:27:46 --> Could not find the language line "mynt_buy_tmall"
ERROR - 2017-06-30 07:27:46 --> Could not find the language line "mynt_buy_jd"
ERROR - 2017-06-30 07:28:22 --> Could not find the language line "mynt_buy_taobao"
ERROR - 2017-06-30 07:28:22 --> Could not find the language line "mynt_buy_tmall"
ERROR - 2017-06-30 07:28:22 --> Could not find the language line "mynt_buy_jd"
ERROR - 2017-06-30 07:31:18 --> Could not find the language line "mynt_buy_taobao"
ERROR - 2017-06-30 07:31:18 --> Could not find the language line "mynt_buy_tmall"
ERROR - 2017-06-30 07:31:18 --> Could not find the language line "mynt_buy_jd"
ERROR - 2017-06-30 07:31:36 --> Could not find the language line "mynt_buy_taobao"
ERROR - 2017-06-30 07:31:36 --> Could not find the language line "mynt_buy_tmall"
ERROR - 2017-06-30 07:31:36 --> Could not find the language line "mynt_buy_jd"
ERROR - 2017-06-30 07:31:45 --> Could not find the language line "mynt_buy_taobao"
ERROR - 2017-06-30 07:31:45 --> Could not find the language line "mynt_buy_tmall"
ERROR - 2017-06-30 07:31:45 --> Could not find the language line "mynt_buy_jd"
ERROR - 2017-06-30 07:31:56 --> Could not find the language line "mynt_buy_taobao"
ERROR - 2017-06-30 07:31:56 --> Could not find the language line "mynt_buy_tmall"
ERROR - 2017-06-30 07:31:56 --> Could not find the language line "mynt_buy_jd"
ERROR - 2017-06-30 07:32:54 --> Could not find the language line "mynt_buy_taobao"
ERROR - 2017-06-30 07:32:54 --> Could not find the language line "mynt_buy_tmall"
ERROR - 2017-06-30 07:32:54 --> Could not find the language line "mynt_buy_jd"
ERROR - 2017-06-30 07:33:21 --> Could not find the language line "mynt_buy_taobao"
ERROR - 2017-06-30 07:33:21 --> Could not find the language line "mynt_buy_tmall"
ERROR - 2017-06-30 07:33:21 --> Could not find the language line "mynt_buy_jd"
ERROR - 2017-06-30 07:33:29 --> Could not find the language line "mynt_buy_taobao"
ERROR - 2017-06-30 07:33:29 --> Could not find the language line "mynt_buy_tmall"
ERROR - 2017-06-30 07:33:29 --> Could not find the language line "mynt_buy_jd"
ERROR - 2017-06-30 07:33:37 --> Could not find the language line "mynt_buy_taobao"
ERROR - 2017-06-30 07:33:37 --> Could not find the language line "mynt_buy_tmall"
ERROR - 2017-06-30 07:33:37 --> Could not find the language line "mynt_buy_jd"
ERROR - 2017-06-30 07:33:47 --> Could not find the language line "mynt_buy_taobao"
ERROR - 2017-06-30 07:33:47 --> Could not find the language line "mynt_buy_tmall"
ERROR - 2017-06-30 07:33:47 --> Could not find the language line "mynt_buy_jd"
ERROR - 2017-06-30 07:35:35 --> Could not find the language line "mynt_buy_taobao"
ERROR - 2017-06-30 07:35:35 --> Could not find the language line "mynt_buy_tmall"
ERROR - 2017-06-30 07:35:35 --> Could not find the language line "mynt_buy_jd"
ERROR - 2017-06-30 07:39:08 --> Could not find the language line "mynt_buy_taobao"
ERROR - 2017-06-30 07:39:08 --> Could not find the language line "mynt_buy_tmall"
ERROR - 2017-06-30 07:39:08 --> Could not find the language line "mynt_buy_jd"
ERROR - 2017-06-30 07:39:11 --> Could not find the language line "mynt_buy_taobao"
ERROR - 2017-06-30 07:39:11 --> Could not find the language line "mynt_buy_tmall"
ERROR - 2017-06-30 07:39:11 --> Could not find the language line "mynt_buy_jd"
ERROR - 2017-06-30 07:39:33 --> Could not find the language line "mynt_buy_taobao"
ERROR - 2017-06-30 07:39:33 --> Could not find the language line "mynt_buy_tmall"
ERROR - 2017-06-30 07:39:33 --> Could not find the language line "mynt_buy_jd"
ERROR - 2017-06-30 07:44:10 --> Could not find the language line "mynt_buy_taobao"
ERROR - 2017-06-30 07:44:10 --> Could not find the language line "mynt_buy_tmall"
ERROR - 2017-06-30 07:44:10 --> Could not find the language line "mynt_buy_jd"
ERROR - 2017-06-30 07:47:17 --> Could not find the language line "mynt_buy_taobao"
ERROR - 2017-06-30 07:47:17 --> Could not find the language line "mynt_buy_tmall"
ERROR - 2017-06-30 07:47:17 --> Could not find the language line "mynt_buy_jd"
ERROR - 2017-06-30 07:48:50 --> Could not find the language line "mynt_buy_taobao"
ERROR - 2017-06-30 07:48:50 --> Could not find the language line "mynt_buy_tmall"
ERROR - 2017-06-30 07:48:50 --> Could not find the language line "mynt_buy_jd"
ERROR - 2017-06-30 07:48:51 --> Could not find the language line "mynt_buy_taobao"
ERROR - 2017-06-30 07:48:51 --> Could not find the language line "mynt_buy_tmall"
ERROR - 2017-06-30 07:48:51 --> Could not find the language line "mynt_buy_jd"
ERROR - 2017-06-30 07:51:32 --> Could not find the language line "home_cloud_title"
ERROR - 2017-06-30 07:51:32 --> Could not find the language line "home_cloud_intro"
ERROR - 2017-06-30 07:51:35 --> Could not find the language line "home_cloud_title"
ERROR - 2017-06-30 07:51:35 --> Could not find the language line "home_cloud_intro"
ERROR - 2017-06-30 07:51:35 --> Could not find the language line "mynt_buy_taobao"
ERROR - 2017-06-30 07:51:35 --> Could not find the language line "mynt_buy_tmall"
ERROR - 2017-06-30 07:51:35 --> Could not find the language line "mynt_buy_jd"
ERROR - 2017-06-30 07:51:42 --> Could not find the language line "mynt_buy_taobao"
ERROR - 2017-06-30 07:51:42 --> Could not find the language line "mynt_buy_tmall"
ERROR - 2017-06-30 07:51:42 --> Could not find the language line "mynt_buy_jd"
ERROR - 2017-06-30 07:52:03 --> Could not find the language line "mynt_buy_taobao"
ERROR - 2017-06-30 07:52:03 --> Could not find the language line "mynt_buy_tmall"
ERROR - 2017-06-30 07:52:03 --> Could not find the language line "mynt_buy_jd"
ERROR - 2017-06-30 07:52:04 --> Could not find the language line "mynt_buy_taobao"
ERROR - 2017-06-30 07:52:04 --> Could not find the language line "mynt_buy_tmall"
ERROR - 2017-06-30 07:52:04 --> Could not find the language line "mynt_buy_jd"
ERROR - 2017-06-30 07:52:05 --> Could not find the language line "mynt_buy_taobao"
ERROR - 2017-06-30 07:52:05 --> Could not find the language line "mynt_buy_tmall"
ERROR - 2017-06-30 07:52:05 --> Could not find the language line "mynt_buy_jd"
ERROR - 2017-06-30 07:53:40 --> Could not find the language line "mynt_buy_taobao"
ERROR - 2017-06-30 07:53:40 --> Could not find the language line "mynt_buy_tmall"
ERROR - 2017-06-30 07:53:40 --> Could not find the language line "mynt_buy_jd"
ERROR - 2017-06-30 07:59:54 --> Could not find the language line "mynt_buy_taobao"
ERROR - 2017-06-30 07:59:54 --> Could not find the language line "mynt_buy_tmall"
ERROR - 2017-06-30 07:59:54 --> Could not find the language line "mynt_buy_jd"
ERROR - 2017-06-30 08:00:26 --> Could not find the language line "mynt_buy_taobao"
ERROR - 2017-06-30 08:00:26 --> Could not find the language line "mynt_buy_tmall"
ERROR - 2017-06-30 08:00:26 --> Could not find the language line "mynt_buy_jd"
ERROR - 2017-06-30 08:00:41 --> Could not find the language line "mynt_buy_taobao"
ERROR - 2017-06-30 08:00:41 --> Could not find the language line "mynt_buy_tmall"
ERROR - 2017-06-30 08:00:41 --> Could not find the language line "mynt_buy_jd"
ERROR - 2017-06-30 08:01:07 --> Could not find the language line "mynt_buy_taobao"
ERROR - 2017-06-30 08:01:07 --> Could not find the language line "mynt_buy_tmall"
ERROR - 2017-06-30 08:01:07 --> Could not find the language line "mynt_buy_jd"
ERROR - 2017-06-30 08:02:02 --> Could not find the language line "mynt_buy_taobao"
ERROR - 2017-06-30 08:02:02 --> Could not find the language line "mynt_buy_tmall"
ERROR - 2017-06-30 08:02:02 --> Could not find the language line "mynt_buy_jd"
ERROR - 2017-06-30 08:03:07 --> Could not find the language line "mynt_buy_taobao"
ERROR - 2017-06-30 08:03:07 --> Could not find the language line "mynt_buy_tmall"
ERROR - 2017-06-30 08:03:07 --> Could not find the language line "mynt_buy_jd"
ERROR - 2017-06-30 08:03:22 --> Could not find the language line "mynt_buy_taobao"
ERROR - 2017-06-30 08:03:22 --> Could not find the language line "mynt_buy_tmall"
ERROR - 2017-06-30 08:03:22 --> Could not find the language line "mynt_buy_jd"
ERROR - 2017-06-30 08:23:02 --> Could not find the language line "mynt_buy_taobao"
ERROR - 2017-06-30 08:23:02 --> Could not find the language line "mynt_buy_tmall"
ERROR - 2017-06-30 08:23:02 --> Could not find the language line "mynt_buy_jd"
ERROR - 2017-06-30 08:23:04 --> Could not find the language line "mynt_buy_taobao"
ERROR - 2017-06-30 08:23:04 --> Could not find the language line "mynt_buy_tmall"
ERROR - 2017-06-30 08:23:04 --> Could not find the language line "mynt_buy_jd"
ERROR - 2017-06-30 08:24:23 --> Could not find the language line "mynt_buy_taobao"
ERROR - 2017-06-30 08:24:23 --> Could not find the language line "mynt_buy_tmall"
ERROR - 2017-06-30 08:24:23 --> Could not find the language line "mynt_buy_jd"
ERROR - 2017-06-30 09:22:49 --> Could not find the language line "mynt_buy_taobao"
ERROR - 2017-06-30 09:22:49 --> Could not find the language line "mynt_buy_tmall"
ERROR - 2017-06-30 09:22:49 --> Could not find the language line "mynt_buy_jd"
