ERROR - 2016-05-22 01:18:56 --> Could not find the language line "mynt_buy_taobao"
ERROR - 2016-05-22 01:18:56 --> Could not find the language line "mynt_buy_tmall"
ERROR - 2016-05-22 01:18:56 --> Could not find the language line "mynt_buy_youzan"
ERROR - 2016-05-22 02:13:55 --> Could not find the language line "mynt_buy_taobao"
ERROR - 2016-05-22 02:13:55 --> Could not find the language line "mynt_buy_tmall"
ERROR - 2016-05-22 02:13:55 --> Could not find the language line "mynt_buy_youzan"
ERROR - 2016-05-22 02:13:55 --> Session: File 'ci_sessions/ci_session7baa0cad600c7f9ad8979e3db0e34545c918af14' doesn't exist and cannot be created.
ERROR - 2016-05-22 02:14:54 --> Could not find the language line "mynt_buy_taobao"
ERROR - 2016-05-22 02:14:54 --> Could not find the language line "mynt_buy_tmall"
ERROR - 2016-05-22 02:14:54 --> Could not find the language line "mynt_buy_youzan"
ERROR - 2016-05-22 02:15:05 --> Could not find the language line "mynt_buy_taobao"
ERROR - 2016-05-22 02:15:05 --> Could not find the language line "mynt_buy_tmall"
ERROR - 2016-05-22 02:15:05 --> Could not find the language line "mynt_buy_youzan"
ERROR - 2016-05-22 02:15:05 --> Could not find the language line "mynt_icon_taobao"
ERROR - 2016-05-22 02:15:05 --> Could not find the language line "mynt_icon_tmall"
ERROR - 2016-05-22 02:15:05 --> Could not find the language line "mynt_icon_youzan"
ERROR - 2016-05-22 02:15:09 --> Could not find the language line "mynt_buy_taobao"
ERROR - 2016-05-22 02:15:09 --> Could not find the language line "mynt_buy_tmall"
ERROR - 2016-05-22 02:15:09 --> Could not find the language line "mynt_buy_youzan"
ERROR - 2016-05-22 02:15:09 --> Could not find the language line "mynt_icon_taobao"
ERROR - 2016-05-22 02:15:09 --> Could not find the language line "mynt_icon_tmall"
ERROR - 2016-05-22 02:15:09 --> Could not find the language line "mynt_icon_youzan"
ERROR - 2016-05-22 02:15:54 --> Could not find the language line "mynt_buy_taobao"
ERROR - 2016-05-22 02:15:54 --> Could not find the language line "mynt_buy_tmall"
ERROR - 2016-05-22 02:15:54 --> Could not find the language line "mynt_buy_youzan"
ERROR - 2016-05-22 02:15:54 --> Could not find the language line "mynt_icon_taobao"
ERROR - 2016-05-22 02:15:54 --> Could not find the language line "mynt_icon_tmall"
ERROR - 2016-05-22 02:15:54 --> Could not find the language line "mynt_icon_youzan"
ERROR - 2016-05-22 02:16:52 --> Could not find the language line "mynt_buy_taobao"
ERROR - 2016-05-22 02:16:52 --> Could not find the language line "mynt_buy_tmall"
ERROR - 2016-05-22 02:16:52 --> Could not find the language line "mynt_buy_youzan"
ERROR - 2016-05-22 02:16:52 --> Could not find the language line "mynt_icon_taobao"
ERROR - 2016-05-22 02:16:52 --> Could not find the language line "mynt_icon_tmall"
ERROR - 2016-05-22 02:16:52 --> Could not find the language line "mynt_icon_youzan"
ERROR - 2016-05-22 02:19:15 --> Could not find the language line "mynt_buy_taobao"
ERROR - 2016-05-22 02:19:15 --> Could not find the language line "mynt_buy_tmall"
ERROR - 2016-05-22 02:19:15 --> Could not find the language line "mynt_buy_youzan"
ERROR - 2016-05-22 02:19:15 --> Could not find the language line "mynt_icon_taobao"
ERROR - 2016-05-22 02:19:15 --> Could not find the language line "mynt_icon_tmall"
ERROR - 2016-05-22 02:19:15 --> Could not find the language line "mynt_icon_youzan"
ERROR - 2016-05-22 02:19:43 --> Could not find the language line "mynt_buy_taobao"
ERROR - 2016-05-22 02:19:43 --> Could not find the language line "mynt_buy_tmall"
ERROR - 2016-05-22 02:19:43 --> Could not find the language line "mynt_buy_youzan"
ERROR - 2016-05-22 02:19:43 --> Could not find the language line "mynt_icon_taobao"
ERROR - 2016-05-22 02:19:43 --> Could not find the language line "mynt_icon_tmall"
ERROR - 2016-05-22 02:19:43 --> Could not find the language line "mynt_icon_youzan"
ERROR - 2016-05-22 02:25:14 --> Could not find the language line "mynt_buy_taobao"
ERROR - 2016-05-22 02:25:14 --> Could not find the language line "mynt_buy_tmall"
ERROR - 2016-05-22 02:25:14 --> Could not find the language line "mynt_buy_youzan"
ERROR - 2016-05-22 02:25:14 --> Could not find the language line "mynt_icon_taobao"
ERROR - 2016-05-22 02:25:14 --> Could not find the language line "mynt_icon_tmall"
ERROR - 2016-05-22 02:25:14 --> Could not find the language line "mynt_icon_youzan"
ERROR - 2016-05-22 02:25:14 --> Session: File 'ci_sessions/ci_sessionaf7a86e059685d4382712066d965988a34ccbf6d' doesn't exist and cannot be created.
ERROR - 2016-05-22 02:25:42 --> Could not find the language line "mynt_buy_taobao"
ERROR - 2016-05-22 02:25:42 --> Could not find the language line "mynt_buy_tmall"
ERROR - 2016-05-22 02:25:42 --> Could not find the language line "mynt_buy_youzan"
ERROR - 2016-05-22 02:25:42 --> Could not find the language line "mynt_icon_taobao"
ERROR - 2016-05-22 02:25:42 --> Could not find the language line "mynt_icon_tmall"
ERROR - 2016-05-22 02:25:42 --> Could not find the language line "mynt_icon_youzan"
ERROR - 2016-05-22 02:25:43 --> Could not find the language line "mynt_buy_taobao"
ERROR - 2016-05-22 02:25:43 --> Could not find the language line "mynt_buy_tmall"
ERROR - 2016-05-22 02:25:43 --> Could not find the language line "mynt_buy_youzan"
ERROR - 2016-05-22 02:25:43 --> Could not find the language line "mynt_icon_taobao"
ERROR - 2016-05-22 02:25:43 --> Could not find the language line "mynt_icon_tmall"
ERROR - 2016-05-22 02:25:43 --> Could not find the language line "mynt_icon_youzan"
ERROR - 2016-05-22 02:37:26 --> Could not find the language line "mynt_buy_taobao"
ERROR - 2016-05-22 02:37:26 --> Could not find the language line "mynt_buy_tmall"
ERROR - 2016-05-22 02:37:26 --> Could not find the language line "mynt_buy_youzan"
ERROR - 2016-05-22 02:37:26 --> Could not find the language line "mynt_icon_taobao"
ERROR - 2016-05-22 02:37:26 --> Could not find the language line "mynt_icon_tmall"
ERROR - 2016-05-22 02:37:26 --> Could not find the language line "mynt_icon_youzan"
ERROR - 2016-05-22 02:37:26 --> Session: File 'ci_sessions/ci_session036338fd25c4aada9ff0ce3c03821ce0d9fefff8' doesn't exist and cannot be created.
ERROR - 2016-05-22 02:38:09 --> Could not find the language line "mynt_buy_taobao"
ERROR - 2016-05-22 02:38:09 --> Could not find the language line "mynt_buy_tmall"
ERROR - 2016-05-22 02:38:09 --> Could not find the language line "mynt_buy_youzan"
ERROR - 2016-05-22 02:38:09 --> Could not find the language line "mynt_icon_taobao"
ERROR - 2016-05-22 02:38:09 --> Could not find the language line "mynt_icon_tmall"
ERROR - 2016-05-22 02:38:09 --> Could not find the language line "mynt_icon_youzan"
ERROR - 2016-05-22 04:40:53 --> Could not find the language line "mynt_buy_taobao"
ERROR - 2016-05-22 04:40:53 --> Could not find the language line "mynt_buy_tmall"
ERROR - 2016-05-22 04:40:53 --> Could not find the language line "mynt_buy_youzan"
ERROR - 2016-05-22 04:40:53 --> Could not find the language line "mynt_icon_taobao"
ERROR - 2016-05-22 04:40:53 --> Could not find the language line "mynt_icon_tmall"
ERROR - 2016-05-22 04:40:53 --> Could not find the language line "mynt_icon_youzan"
ERROR - 2016-05-22 04:58:40 --> Could not find the language line "mynt_buy_taobao"
ERROR - 2016-05-22 04:58:40 --> Could not find the language line "mynt_buy_tmall"
ERROR - 2016-05-22 04:58:40 --> Could not find the language line "mynt_buy_youzan"
ERROR - 2016-05-22 04:58:47 --> Could not find the language line "mynt_buy_taobao"
ERROR - 2016-05-22 04:58:47 --> Could not find the language line "mynt_buy_tmall"
ERROR - 2016-05-22 04:58:47 --> Could not find the language line "mynt_buy_youzan"
ERROR - 2016-05-22 04:58:47 --> Could not find the language line "faq_title_5"
ERROR - 2016-05-22 04:58:47 --> Could not find the language line "faq_cont_5"
ERROR - 2016-05-22 04:58:47 --> Could not find the language line "faq_title_6"
ERROR - 2016-05-22 04:58:47 --> Could not find the language line "faq_cont_6"
ERROR - 2016-05-22 04:58:47 --> Could not find the language line "faq_title_7"
ERROR - 2016-05-22 04:58:47 --> Could not find the language line "faq_cont_7"
ERROR - 2016-05-22 04:58:47 --> Could not find the language line "faq_title_8"
ERROR - 2016-05-22 04:58:47 --> Could not find the language line "faq_cont_8"
ERROR - 2016-05-22 04:58:47 --> Could not find the language line "faq_title_9"
ERROR - 2016-05-22 04:58:47 --> Could not find the language line "faq_cont_9"
ERROR - 2016-05-22 04:58:47 --> Could not find the language line "faq_title_10"
ERROR - 2016-05-22 04:58:47 --> Could not find the language line "faq_cont_10"
ERROR - 2016-05-22 04:58:47 --> Could not find the language line "faq_title_11"
ERROR - 2016-05-22 04:58:47 --> Could not find the language line "faq_cont_11"
ERROR - 2016-05-22 04:58:47 --> Could not find the language line "faq_title_12"
ERROR - 2016-05-22 04:58:47 --> Could not find the language line "faq_cont_12"
ERROR - 2016-05-22 04:58:47 --> Could not find the language line "faq_title_13"
ERROR - 2016-05-22 04:58:47 --> Could not find the language line "faq_cont_13"
ERROR - 2016-05-22 04:58:47 --> Could not find the language line "faq_title_14"
ERROR - 2016-05-22 04:58:47 --> Could not find the language line "faq_cont_14"
ERROR - 2016-05-22 04:58:47 --> Could not find the language line "faq_title_15"
ERROR - 2016-05-22 04:58:47 --> Could not find the language line "faq_cont_15"
ERROR - 2016-05-22 04:58:47 --> Could not find the language line "faq_title_16"
ERROR - 2016-05-22 04:58:47 --> Could not find the language line "faq_cont_16"
ERROR - 2016-05-22 04:58:52 --> Could not find the language line "mynt_buy_taobao"
ERROR - 2016-05-22 04:58:52 --> Could not find the language line "mynt_buy_tmall"
ERROR - 2016-05-22 04:58:52 --> Could not find the language line "mynt_buy_youzan"
ERROR - 2016-05-22 04:58:52 --> Could not find the language line "faq_title_5"
ERROR - 2016-05-22 04:58:52 --> Could not find the language line "faq_cont_5"
ERROR - 2016-05-22 04:58:52 --> Could not find the language line "faq_title_6"
ERROR - 2016-05-22 04:58:52 --> Could not find the language line "faq_cont_6"
ERROR - 2016-05-22 04:58:52 --> Could not find the language line "faq_title_7"
ERROR - 2016-05-22 04:58:52 --> Could not find the language line "faq_cont_7"
ERROR - 2016-05-22 04:58:52 --> Could not find the language line "faq_title_8"
ERROR - 2016-05-22 04:58:52 --> Could not find the language line "faq_cont_8"
ERROR - 2016-05-22 04:58:52 --> Could not find the language line "faq_title_9"
ERROR - 2016-05-22 04:58:52 --> Could not find the language line "faq_cont_9"
ERROR - 2016-05-22 04:58:52 --> Could not find the language line "faq_title_10"
ERROR - 2016-05-22 04:58:52 --> Could not find the language line "faq_cont_10"
ERROR - 2016-05-22 04:58:52 --> Could not find the language line "faq_title_11"
ERROR - 2016-05-22 04:58:52 --> Could not find the language line "faq_cont_11"
ERROR - 2016-05-22 04:58:52 --> Could not find the language line "faq_title_12"
ERROR - 2016-05-22 04:58:52 --> Could not find the language line "faq_cont_12"
ERROR - 2016-05-22 04:58:52 --> Could not find the language line "faq_title_13"
ERROR - 2016-05-22 04:58:52 --> Could not find the language line "faq_cont_13"
ERROR - 2016-05-22 04:58:52 --> Could not find the language line "faq_title_14"
ERROR - 2016-05-22 04:58:52 --> Could not find the language line "faq_cont_14"
ERROR - 2016-05-22 04:58:52 --> Could not find the language line "faq_title_15"
ERROR - 2016-05-22 04:58:52 --> Could not find the language line "faq_cont_15"
ERROR - 2016-05-22 04:58:52 --> Could not find the language line "faq_title_16"
ERROR - 2016-05-22 04:58:52 --> Could not find the language line "faq_cont_16"
ERROR - 2016-05-22 04:58:55 --> Could not find the language line "mynt_buy_taobao"
ERROR - 2016-05-22 04:58:55 --> Could not find the language line "mynt_buy_tmall"
ERROR - 2016-05-22 04:58:55 --> Could not find the language line "mynt_buy_youzan"
ERROR - 2016-05-22 04:58:55 --> Could not find the language line "faq_title_5"
ERROR - 2016-05-22 04:58:55 --> Could not find the language line "faq_cont_5"
ERROR - 2016-05-22 04:58:55 --> Could not find the language line "faq_title_6"
ERROR - 2016-05-22 04:58:55 --> Could not find the language line "faq_cont_6"
ERROR - 2016-05-22 04:58:55 --> Could not find the language line "faq_title_7"
ERROR - 2016-05-22 04:58:55 --> Could not find the language line "faq_cont_7"
ERROR - 2016-05-22 04:58:55 --> Could not find the language line "faq_title_8"
ERROR - 2016-05-22 04:58:55 --> Could not find the language line "faq_cont_8"
ERROR - 2016-05-22 04:58:55 --> Could not find the language line "faq_title_9"
ERROR - 2016-05-22 04:58:55 --> Could not find the language line "faq_cont_9"
ERROR - 2016-05-22 04:58:55 --> Could not find the language line "faq_title_10"
ERROR - 2016-05-22 04:58:55 --> Could not find the language line "faq_cont_10"
ERROR - 2016-05-22 04:58:55 --> Could not find the language line "faq_title_11"
ERROR - 2016-05-22 04:58:55 --> Could not find the language line "faq_cont_11"
ERROR - 2016-05-22 04:58:55 --> Could not find the language line "faq_title_12"
ERROR - 2016-05-22 04:58:55 --> Could not find the language line "faq_cont_12"
ERROR - 2016-05-22 04:58:55 --> Could not find the language line "faq_title_13"
ERROR - 2016-05-22 04:58:55 --> Could not find the language line "faq_cont_13"
ERROR - 2016-05-22 04:58:55 --> Could not find the language line "faq_title_14"
ERROR - 2016-05-22 04:58:55 --> Could not find the language line "faq_cont_14"
ERROR - 2016-05-22 04:58:55 --> Could not find the language line "faq_title_15"
ERROR - 2016-05-22 04:58:55 --> Could not find the language line "faq_cont_15"
ERROR - 2016-05-22 04:58:55 --> Could not find the language line "faq_title_16"
ERROR - 2016-05-22 04:58:55 --> Could not find the language line "faq_cont_16"
ERROR - 2016-05-22 04:59:03 --> Could not find the language line "mynt_buy_amazon"
ERROR - 2016-05-22 04:59:03 --> Could not find the language line "home_sdeno_slide"
ERROR - 2016-05-22 04:59:03 --> Could not find the language line "tracker"
ERROR - 2016-05-22 04:59:03 --> Could not find the language line "mynt_feature"
ERROR - 2016-05-22 04:59:03 --> Could not find the language line "home_robot_sdeno"
ERROR - 2016-05-22 04:59:03 --> Could not find the language line "home_sdeno_slogon"
ERROR - 2016-05-22 04:59:03 --> Could not find the language line "mynt_icon_buy"
ERROR - 2016-05-22 04:59:22 --> Could not find the language line "mynt_buy_amazon"
ERROR - 2016-05-22 04:59:22 --> Could not find the language line "tracker"
ERROR - 2016-05-22 04:59:24 --> Could not find the language line "mynt_buy_amazon"
ERROR - 2016-05-22 05:00:25 --> Could not find the language line "mynt_buy_amazon"
ERROR - 2016-05-22 05:00:27 --> Could not find the language line "mynt_buy_amazon"
ERROR - 2016-05-22 05:00:29 --> Could not find the language line "mynt_buy_amazon"
ERROR - 2016-05-22 08:33:37 --> Could not find the language line "mynt_buy_taobao"
ERROR - 2016-05-22 08:33:37 --> Could not find the language line "mynt_buy_tmall"
ERROR - 2016-05-22 08:33:37 --> Could not find the language line "mynt_buy_youzan"
ERROR - 2016-05-22 08:33:37 --> Could not find the language line "mynt_icon_taobao"
ERROR - 2016-05-22 08:33:37 --> Could not find the language line "mynt_icon_tmall"
ERROR - 2016-05-22 08:33:37 --> Could not find the language line "mynt_icon_youzan"
ERROR - 2016-05-22 08:35:20 --> Could not find the language line "mynt_buy_taobao"
ERROR - 2016-05-22 08:35:20 --> Could not find the language line "mynt_buy_tmall"
ERROR - 2016-05-22 08:35:20 --> Could not find the language line "mynt_buy_youzan"
ERROR - 2016-05-22 08:35:20 --> Could not find the language line "mynt_icon_taobao"
ERROR - 2016-05-22 08:35:20 --> Could not find the language line "mynt_icon_tmall"
ERROR - 2016-05-22 08:35:20 --> Could not find the language line "mynt_icon_youzan"
ERROR - 2016-05-22 09:42:40 --> Could not find the language line "mynt_buy_amazon"
ERROR - 2016-05-22 09:42:40 --> Could not find the language line "home_sdeno_slide"
ERROR - 2016-05-22 09:42:40 --> Could not find the language line "tracker"
ERROR - 2016-05-22 09:42:40 --> Could not find the language line "mynt_feature"
ERROR - 2016-05-22 09:42:40 --> Could not find the language line "home_robot_sdeno"
ERROR - 2016-05-22 09:42:40 --> Could not find the language line "home_sdeno_slogon"
ERROR - 2016-05-22 09:42:40 --> Could not find the language line "mynt_icon_buy"
ERROR - 2016-05-22 09:42:53 --> Could not find the language line "mynt_buy_amazon"
ERROR - 2016-05-22 09:42:53 --> Could not find the language line "home_sdeno_slide"
ERROR - 2016-05-22 09:42:53 --> Could not find the language line "tracker"
ERROR - 2016-05-22 09:42:53 --> Could not find the language line "mynt_feature"
ERROR - 2016-05-22 09:42:53 --> Could not find the language line "home_robot_sdeno"
ERROR - 2016-05-22 09:42:53 --> Could not find the language line "home_sdeno_slogon"
ERROR - 2016-05-22 09:42:53 --> Could not find the language line "mynt_icon_buy"
ERROR - 2016-05-22 09:42:59 --> Could not find the language line "mynt_buy_taobao"
ERROR - 2016-05-22 09:42:59 --> Could not find the language line "mynt_buy_tmall"
ERROR - 2016-05-22 09:42:59 --> Could not find the language line "mynt_buy_youzan"
ERROR - 2016-05-22 09:42:59 --> Could not find the language line "mynt_icon_taobao"
ERROR - 2016-05-22 09:42:59 --> Could not find the language line "mynt_icon_tmall"
ERROR - 2016-05-22 09:42:59 --> Could not find the language line "mynt_icon_youzan"
