ERROR - 2017-03-27 09:32:03 --> Could not find the language line "mynt_buy_taobao"
ERROR - 2017-03-27 09:32:03 --> Could not find the language line "mynt_buy_tmall"
ERROR - 2017-03-27 09:32:03 --> Could not find the language line "mynt_buy_youzan"
ERROR - 2017-03-27 09:32:03 --> Could not find the language line "mynt_buy_jd"
ERROR - 2017-03-27 09:32:03 --> Could not find the language line "about_keywords"
ERROR - 2017-03-27 09:32:03 --> Could not find the language line "about_facebook"
ERROR - 2017-03-27 09:32:03 --> Could not find the language line "about_twitter"
ERROR - 2017-03-27 09:32:03 --> Could not find the language line "about_weibo"
ERROR - 2017-03-27 09:33:13 --> Could not find the language line "mynt_buy_taobao"
ERROR - 2017-03-27 09:33:13 --> Could not find the language line "mynt_buy_tmall"
ERROR - 2017-03-27 09:33:13 --> Could not find the language line "mynt_buy_youzan"
ERROR - 2017-03-27 09:33:13 --> Could not find the language line "mynt_buy_jd"
ERROR - 2017-03-27 09:33:26 --> Could not find the language line "mynt_buy_taobao"
ERROR - 2017-03-27 09:33:26 --> Could not find the language line "mynt_buy_tmall"
ERROR - 2017-03-27 09:33:26 --> Could not find the language line "mynt_buy_youzan"
ERROR - 2017-03-27 09:33:26 --> Could not find the language line "mynt_buy_jd"
ERROR - 2017-03-27 09:34:14 --> Could not find the language line "mynt_buy_taobao"
ERROR - 2017-03-27 09:34:14 --> Could not find the language line "mynt_buy_tmall"
ERROR - 2017-03-27 09:34:14 --> Could not find the language line "mynt_buy_youzan"
ERROR - 2017-03-27 09:34:14 --> Could not find the language line "mynt_buy_jd"
ERROR - 2017-03-27 09:34:20 --> Could not find the language line "mynt_buy_taobao"
ERROR - 2017-03-27 09:34:20 --> Could not find the language line "mynt_buy_tmall"
ERROR - 2017-03-27 09:34:20 --> Could not find the language line "mynt_buy_youzan"
ERROR - 2017-03-27 09:34:20 --> Could not find the language line "mynt_buy_jd"
ERROR - 2017-03-27 09:34:25 --> Could not find the language line "mynt_buy_taobao"
ERROR - 2017-03-27 09:34:25 --> Could not find the language line "mynt_buy_tmall"
ERROR - 2017-03-27 09:34:25 --> Could not find the language line "mynt_buy_youzan"
ERROR - 2017-03-27 09:34:25 --> Could not find the language line "mynt_buy_jd"
ERROR - 2017-03-27 09:34:32 --> Could not find the language line "mynt_buy_taobao"
ERROR - 2017-03-27 09:34:32 --> Could not find the language line "mynt_buy_tmall"
ERROR - 2017-03-27 09:34:32 --> Could not find the language line "mynt_buy_youzan"
ERROR - 2017-03-27 09:34:32 --> Could not find the language line "mynt_buy_jd"
ERROR - 2017-03-27 09:34:39 --> Could not find the language line "mynt_buy_taobao"
ERROR - 2017-03-27 09:34:39 --> Could not find the language line "mynt_buy_tmall"
ERROR - 2017-03-27 09:34:39 --> Could not find the language line "mynt_buy_youzan"
ERROR - 2017-03-27 09:34:39 --> Could not find the language line "mynt_buy_jd"
ERROR - 2017-03-27 09:34:46 --> Could not find the language line "mynt_buy_taobao"
ERROR - 2017-03-27 09:34:46 --> Could not find the language line "mynt_buy_tmall"
ERROR - 2017-03-27 09:34:46 --> Could not find the language line "mynt_buy_youzan"
ERROR - 2017-03-27 09:34:46 --> Could not find the language line "mynt_buy_jd"
ERROR - 2017-03-27 09:34:50 --> Could not find the language line "mynt_buy_taobao"
ERROR - 2017-03-27 09:34:50 --> Could not find the language line "mynt_buy_tmall"
ERROR - 2017-03-27 09:34:50 --> Could not find the language line "mynt_buy_youzan"
ERROR - 2017-03-27 09:34:50 --> Could not find the language line "mynt_buy_jd"
ERROR - 2017-03-27 09:34:59 --> Could not find the language line "mynt_buy_taobao"
ERROR - 2017-03-27 09:34:59 --> Could not find the language line "mynt_buy_tmall"
ERROR - 2017-03-27 09:34:59 --> Could not find the language line "mynt_buy_youzan"
ERROR - 2017-03-27 09:34:59 --> Could not find the language line "mynt_buy_jd"
ERROR - 2017-03-27 09:35:05 --> Could not find the language line "mynt_buy_taobao"
ERROR - 2017-03-27 09:35:05 --> Could not find the language line "mynt_buy_tmall"
ERROR - 2017-03-27 09:35:05 --> Could not find the language line "mynt_buy_youzan"
ERROR - 2017-03-27 09:35:05 --> Could not find the language line "mynt_buy_jd"
ERROR - 2017-03-27 09:35:16 --> Could not find the language line "mynt_buy_taobao"
ERROR - 2017-03-27 09:35:16 --> Could not find the language line "mynt_buy_tmall"
ERROR - 2017-03-27 09:35:16 --> Could not find the language line "mynt_buy_youzan"
ERROR - 2017-03-27 09:35:16 --> Could not find the language line "mynt_buy_jd"
ERROR - 2017-03-27 09:35:19 --> Could not find the language line "mynt_buy_taobao"
ERROR - 2017-03-27 09:35:19 --> Could not find the language line "mynt_buy_tmall"
ERROR - 2017-03-27 09:35:19 --> Could not find the language line "mynt_buy_youzan"
ERROR - 2017-03-27 09:35:19 --> Could not find the language line "mynt_buy_jd"
ERROR - 2017-03-27 09:35:49 --> Could not find the language line "mynt_buy_taobao"
ERROR - 2017-03-27 09:35:49 --> Could not find the language line "mynt_buy_tmall"
ERROR - 2017-03-27 09:35:49 --> Could not find the language line "mynt_buy_youzan"
ERROR - 2017-03-27 09:35:49 --> Could not find the language line "mynt_buy_jd"
ERROR - 2017-03-27 09:35:57 --> Could not find the language line "mynt_buy_taobao"
ERROR - 2017-03-27 09:35:57 --> Could not find the language line "mynt_buy_tmall"
ERROR - 2017-03-27 09:35:57 --> Could not find the language line "mynt_buy_youzan"
ERROR - 2017-03-27 09:35:57 --> Could not find the language line "mynt_buy_jd"
ERROR - 2017-03-27 09:39:25 --> Could not find the language line "mynt_buy_taobao"
ERROR - 2017-03-27 09:39:25 --> Could not find the language line "mynt_buy_tmall"
ERROR - 2017-03-27 09:39:25 --> Could not find the language line "mynt_buy_youzan"
ERROR - 2017-03-27 09:39:25 --> Could not find the language line "mynt_buy_jd"
ERROR - 2017-03-27 09:39:39 --> Could not find the language line "mynt_buy_taobao"
ERROR - 2017-03-27 09:39:39 --> Could not find the language line "mynt_buy_tmall"
ERROR - 2017-03-27 09:39:39 --> Could not find the language line "mynt_buy_youzan"
ERROR - 2017-03-27 09:39:39 --> Could not find the language line "mynt_buy_jd"
ERROR - 2017-03-27 09:39:56 --> Could not find the language line "mynt_buy_taobao"
ERROR - 2017-03-27 09:39:56 --> Could not find the language line "mynt_buy_tmall"
ERROR - 2017-03-27 09:39:56 --> Could not find the language line "mynt_buy_youzan"
ERROR - 2017-03-27 09:39:56 --> Could not find the language line "mynt_buy_jd"
ERROR - 2017-03-27 09:40:26 --> Could not find the language line "mynt_buy_taobao"
ERROR - 2017-03-27 09:40:26 --> Could not find the language line "mynt_buy_tmall"
ERROR - 2017-03-27 09:40:26 --> Could not find the language line "mynt_buy_youzan"
ERROR - 2017-03-27 09:40:26 --> Could not find the language line "mynt_buy_jd"
ERROR - 2017-03-27 10:07:55 --> Could not find the language line "mynt_buy_taobao"
ERROR - 2017-03-27 10:07:55 --> Could not find the language line "mynt_buy_tmall"
ERROR - 2017-03-27 10:07:55 --> Could not find the language line "mynt_buy_youzan"
ERROR - 2017-03-27 10:07:55 --> Could not find the language line "mynt_buy_jd"
ERROR - 2017-03-27 10:08:24 --> Could not find the language line "mynt_buy_taobao"
ERROR - 2017-03-27 10:08:24 --> Could not find the language line "mynt_buy_tmall"
ERROR - 2017-03-27 10:08:24 --> Could not find the language line "mynt_buy_youzan"
ERROR - 2017-03-27 10:08:24 --> Could not find the language line "mynt_buy_jd"
ERROR - 2017-03-27 10:08:28 --> Could not find the language line "mynt_buy_taobao"
ERROR - 2017-03-27 10:08:28 --> Could not find the language line "mynt_buy_tmall"
ERROR - 2017-03-27 10:08:28 --> Could not find the language line "mynt_buy_youzan"
ERROR - 2017-03-27 10:08:28 --> Could not find the language line "mynt_buy_jd"
ERROR - 2017-03-27 10:08:36 --> Could not find the language line "mynt_buy_taobao"
ERROR - 2017-03-27 10:08:36 --> Could not find the language line "mynt_buy_tmall"
ERROR - 2017-03-27 10:08:36 --> Could not find the language line "mynt_buy_youzan"
ERROR - 2017-03-27 10:08:36 --> Could not find the language line "mynt_buy_jd"
ERROR - 2017-03-27 10:10:03 --> Could not find the language line "mynt_buy_taobao"
ERROR - 2017-03-27 10:10:03 --> Could not find the language line "mynt_buy_tmall"
ERROR - 2017-03-27 10:10:03 --> Could not find the language line "mynt_buy_youzan"
ERROR - 2017-03-27 10:10:03 --> Could not find the language line "mynt_buy_jd"
ERROR - 2017-03-27 10:12:44 --> Could not find the language line "mynt_buy_taobao"
ERROR - 2017-03-27 10:12:44 --> Could not find the language line "mynt_buy_tmall"
ERROR - 2017-03-27 10:12:44 --> Could not find the language line "mynt_buy_youzan"
ERROR - 2017-03-27 10:12:44 --> Could not find the language line "mynt_buy_jd"
