ERROR - 2017-08-11 05:45:20 --> Could not find the language line "mynt_buy_taobao"
ERROR - 2017-08-11 05:45:20 --> Could not find the language line "mynt_buy_tmall"
ERROR - 2017-08-11 05:45:20 --> Could not find the language line "mynt_buy_jd"
ERROR - 2017-08-11 05:45:20 --> Could not find the language line "mynt_icon_taobao"
ERROR - 2017-08-11 05:45:20 --> Could not find the language line "mynt_icon_tmall"
ERROR - 2017-08-11 05:45:20 --> Could not find the language line "mynt_icon_youzan"
ERROR - 2017-08-11 05:45:22 --> Could not find the language line "mynt_buy_taobao"
ERROR - 2017-08-11 05:45:22 --> Could not find the language line "mynt_buy_tmall"
ERROR - 2017-08-11 05:45:22 --> Could not find the language line "mynt_buy_jd"
ERROR - 2017-08-11 05:50:39 --> Could not find the language line "mynt_buy_taobao"
ERROR - 2017-08-11 05:50:39 --> Could not find the language line "mynt_buy_tmall"
ERROR - 2017-08-11 05:50:39 --> Could not find the language line "mynt_buy_jd"
ERROR - 2017-08-11 05:50:39 --> Could not find the language line "mynt_icon_taobao"
ERROR - 2017-08-11 05:50:39 --> Could not find the language line "mynt_icon_tmall"
ERROR - 2017-08-11 05:50:39 --> Could not find the language line "mynt_icon_youzan"
ERROR - 2017-08-11 05:50:39 --> Could not find the language line "mynt_buy_taobao"
ERROR - 2017-08-11 05:50:39 --> Could not find the language line "mynt_buy_tmall"
ERROR - 2017-08-11 05:50:39 --> Could not find the language line "mynt_buy_jd"
ERROR - 2017-08-11 05:50:46 --> Could not find the language line "mynt_buy_taobao"
ERROR - 2017-08-11 05:50:46 --> Could not find the language line "mynt_buy_tmall"
ERROR - 2017-08-11 05:50:46 --> Could not find the language line "mynt_buy_jd"
ERROR - 2017-08-11 05:50:46 --> Could not find the language line "mynt_icon_taobao"
ERROR - 2017-08-11 05:50:46 --> Could not find the language line "mynt_icon_tmall"
ERROR - 2017-08-11 05:50:46 --> Could not find the language line "mynt_icon_youzan"
ERROR - 2017-08-11 05:50:46 --> Could not find the language line "mynt_buy_taobao"
ERROR - 2017-08-11 05:50:46 --> Could not find the language line "mynt_buy_tmall"
ERROR - 2017-08-11 05:50:46 --> Could not find the language line "mynt_buy_jd"
ERROR - 2017-08-11 05:50:49 --> Could not find the language line "mynt_buy_taobao"
ERROR - 2017-08-11 05:50:49 --> Could not find the language line "mynt_buy_tmall"
ERROR - 2017-08-11 05:50:49 --> Could not find the language line "mynt_buy_jd"
ERROR - 2017-08-11 05:50:49 --> Could not find the language line "mynt_icon_taobao"
ERROR - 2017-08-11 05:50:49 --> Could not find the language line "mynt_icon_tmall"
ERROR - 2017-08-11 05:50:49 --> Could not find the language line "mynt_icon_youzan"
ERROR - 2017-08-11 05:50:49 --> Could not find the language line "mynt_buy_taobao"
ERROR - 2017-08-11 05:50:49 --> Could not find the language line "mynt_buy_tmall"
ERROR - 2017-08-11 05:50:49 --> Could not find the language line "mynt_buy_jd"
ERROR - 2017-08-11 05:50:50 --> Could not find the language line "mynt_buy_taobao"
ERROR - 2017-08-11 05:50:50 --> Could not find the language line "mynt_buy_tmall"
ERROR - 2017-08-11 05:50:50 --> Could not find the language line "mynt_buy_jd"
ERROR - 2017-08-11 05:50:54 --> Could not find the language line "mynt_buy_taobao"
ERROR - 2017-08-11 05:50:54 --> Could not find the language line "mynt_buy_tmall"
ERROR - 2017-08-11 05:50:54 --> Could not find the language line "mynt_buy_jd"
ERROR - 2017-08-11 05:50:55 --> Could not find the language line "mynt_buy_taobao"
ERROR - 2017-08-11 05:50:55 --> Could not find the language line "mynt_buy_tmall"
ERROR - 2017-08-11 05:50:55 --> Could not find the language line "mynt_buy_jd"
ERROR - 2017-08-11 05:50:55 --> Could not find the language line "mynt_icon_taobao"
ERROR - 2017-08-11 05:50:55 --> Could not find the language line "mynt_icon_tmall"
ERROR - 2017-08-11 05:50:55 --> Could not find the language line "mynt_icon_youzan"
ERROR - 2017-08-11 05:50:55 --> Could not find the language line "mynt_buy_taobao"
ERROR - 2017-08-11 05:50:55 --> Could not find the language line "mynt_buy_tmall"
ERROR - 2017-08-11 05:50:55 --> Could not find the language line "mynt_buy_jd"
ERROR - 2017-08-11 05:56:18 --> Could not find the language line "mynt_buy_taobao"
ERROR - 2017-08-11 05:56:18 --> Could not find the language line "mynt_buy_tmall"
ERROR - 2017-08-11 05:56:18 --> Could not find the language line "mynt_buy_jd"
ERROR - 2017-08-11 05:56:20 --> Could not find the language line "mynt_buy_taobao"
ERROR - 2017-08-11 05:56:20 --> Could not find the language line "mynt_buy_tmall"
ERROR - 2017-08-11 05:56:20 --> Could not find the language line "mynt_buy_jd"
ERROR - 2017-08-11 05:56:27 --> Could not find the language line "mynt_buy_taobao"
ERROR - 2017-08-11 05:56:27 --> Could not find the language line "mynt_buy_tmall"
ERROR - 2017-08-11 05:56:27 --> Could not find the language line "mynt_buy_jd"
ERROR - 2017-08-11 05:56:31 --> Could not find the language line "mynt_buy_taobao"
ERROR - 2017-08-11 05:56:31 --> Could not find the language line "mynt_buy_tmall"
ERROR - 2017-08-11 05:56:31 --> Could not find the language line "mynt_buy_jd"
ERROR - 2017-08-11 05:56:45 --> Could not find the language line "mynt_buy_taobao"
ERROR - 2017-08-11 05:56:45 --> Could not find the language line "mynt_buy_tmall"
ERROR - 2017-08-11 05:56:45 --> Could not find the language line "mynt_buy_jd"
ERROR - 2017-08-11 05:56:45 --> Could not find the language line "mynt_icon_taobao"
ERROR - 2017-08-11 05:56:45 --> Could not find the language line "mynt_icon_tmall"
ERROR - 2017-08-11 05:56:45 --> Could not find the language line "mynt_icon_youzan"
ERROR - 2017-08-11 05:56:45 --> Could not find the language line "mynt_buy_taobao"
ERROR - 2017-08-11 05:56:45 --> Could not find the language line "mynt_buy_tmall"
ERROR - 2017-08-11 05:56:45 --> Could not find the language line "mynt_buy_jd"
ERROR - 2017-08-11 05:57:56 --> Could not find the language line "mynt_buy_taobao"
ERROR - 2017-08-11 05:57:56 --> Could not find the language line "mynt_buy_tmall"
ERROR - 2017-08-11 05:57:56 --> Could not find the language line "mynt_buy_jd"
ERROR - 2017-08-11 05:57:56 --> Could not find the language line "mynt_icon_taobao"
ERROR - 2017-08-11 05:57:56 --> Could not find the language line "mynt_icon_tmall"
ERROR - 2017-08-11 05:57:56 --> Could not find the language line "mynt_icon_youzan"
ERROR - 2017-08-11 05:57:56 --> Could not find the language line "mynt_buy_taobao"
ERROR - 2017-08-11 05:57:56 --> Could not find the language line "mynt_buy_tmall"
ERROR - 2017-08-11 05:57:56 --> Could not find the language line "mynt_buy_jd"
ERROR - 2017-08-11 05:58:21 --> Could not find the language line "mynt_buy_taobao"
ERROR - 2017-08-11 05:58:21 --> Could not find the language line "mynt_buy_tmall"
ERROR - 2017-08-11 05:58:21 --> Could not find the language line "mynt_buy_jd"
ERROR - 2017-08-11 05:58:22 --> Could not find the language line "mynt_buy_taobao"
ERROR - 2017-08-11 05:58:22 --> Could not find the language line "mynt_buy_tmall"
ERROR - 2017-08-11 05:58:22 --> Could not find the language line "mynt_buy_jd"
ERROR - 2017-08-11 05:58:22 --> Could not find the language line "mynt_icon_taobao"
ERROR - 2017-08-11 05:58:22 --> Could not find the language line "mynt_icon_tmall"
ERROR - 2017-08-11 05:58:22 --> Could not find the language line "mynt_icon_youzan"
ERROR - 2017-08-11 05:58:22 --> Could not find the language line "mynt_buy_taobao"
ERROR - 2017-08-11 05:58:22 --> Could not find the language line "mynt_buy_tmall"
ERROR - 2017-08-11 05:58:22 --> Could not find the language line "mynt_buy_jd"
ERROR - 2017-08-11 05:58:27 --> Could not find the language line "mynt_buy_taobao"
ERROR - 2017-08-11 05:58:27 --> Could not find the language line "mynt_buy_tmall"
ERROR - 2017-08-11 05:58:27 --> Could not find the language line "mynt_buy_jd"
ERROR - 2017-08-11 05:58:27 --> Could not find the language line "mynt_icon_taobao"
ERROR - 2017-08-11 05:58:27 --> Could not find the language line "mynt_icon_tmall"
ERROR - 2017-08-11 05:58:27 --> Could not find the language line "mynt_icon_youzan"
ERROR - 2017-08-11 05:58:27 --> Could not find the language line "mynt_buy_taobao"
ERROR - 2017-08-11 05:58:27 --> Could not find the language line "mynt_buy_tmall"
ERROR - 2017-08-11 05:58:27 --> Could not find the language line "mynt_buy_jd"
ERROR - 2017-08-11 07:11:07 --> Could not find the language line "mynt_buy_taobao"
ERROR - 2017-08-11 07:11:07 --> Could not find the language line "mynt_buy_tmall"
ERROR - 2017-08-11 07:11:07 --> Could not find the language line "mynt_buy_jd"
ERROR - 2017-08-11 07:11:10 --> Could not find the language line "mynt_buy_taobao"
ERROR - 2017-08-11 07:11:10 --> Could not find the language line "mynt_buy_tmall"
ERROR - 2017-08-11 07:11:10 --> Could not find the language line "mynt_buy_jd"
ERROR - 2017-08-11 07:11:16 --> Could not find the language line "mynt_buy_taobao"
ERROR - 2017-08-11 07:11:16 --> Could not find the language line "mynt_buy_tmall"
ERROR - 2017-08-11 07:11:16 --> Could not find the language line "mynt_buy_jd"
ERROR - 2017-08-11 07:11:21 --> Could not find the language line "mynt_buy_taobao"
ERROR - 2017-08-11 07:11:21 --> Could not find the language line "mynt_buy_tmall"
ERROR - 2017-08-11 07:11:21 --> Could not find the language line "mynt_buy_jd"
ERROR - 2017-08-11 07:11:45 --> Could not find the language line "mynt_buy_taobao"
ERROR - 2017-08-11 07:11:45 --> Could not find the language line "mynt_buy_tmall"
ERROR - 2017-08-11 07:11:45 --> Could not find the language line "mynt_buy_jd"
ERROR - 2017-08-11 07:11:45 --> Could not find the language line "mynt_icon_taobao"
ERROR - 2017-08-11 07:11:45 --> Could not find the language line "mynt_icon_tmall"
ERROR - 2017-08-11 07:11:45 --> Could not find the language line "mynt_icon_youzan"
ERROR - 2017-08-11 07:11:45 --> Could not find the language line "mynt_buy_taobao"
ERROR - 2017-08-11 07:11:45 --> Could not find the language line "mynt_buy_tmall"
ERROR - 2017-08-11 07:11:45 --> Could not find the language line "mynt_buy_jd"
ERROR - 2017-08-11 07:11:45 --> Could not find the language line "mynt_buy_taobao"
ERROR - 2017-08-11 07:11:45 --> Could not find the language line "mynt_buy_tmall"
ERROR - 2017-08-11 07:11:45 --> Could not find the language line "mynt_buy_jd"
ERROR - 2017-08-11 07:11:45 --> Could not find the language line "mynt_icon_taobao"
ERROR - 2017-08-11 07:11:45 --> Could not find the language line "mynt_icon_tmall"
ERROR - 2017-08-11 07:11:45 --> Could not find the language line "mynt_icon_youzan"
ERROR - 2017-08-11 07:11:45 --> Could not find the language line "mynt_buy_taobao"
ERROR - 2017-08-11 07:11:45 --> Could not find the language line "mynt_buy_tmall"
ERROR - 2017-08-11 07:11:45 --> Could not find the language line "mynt_buy_jd"
ERROR - 2017-08-11 07:11:45 --> Could not find the language line "mynt_icon_taobao"
ERROR - 2017-08-11 07:11:45 --> Could not find the language line "mynt_icon_tmall"
ERROR - 2017-08-11 07:11:45 --> Could not find the language line "mynt_icon_youzan"
ERROR - 2017-08-11 07:11:45 --> Could not find the language line "mynt_buy_taobao"
ERROR - 2017-08-11 07:11:45 --> Could not find the language line "mynt_buy_tmall"
ERROR - 2017-08-11 07:11:45 --> Could not find the language line "mynt_buy_jd"
ERROR - 2017-08-11 07:11:45 --> Could not find the language line "mynt_icon_taobao"
ERROR - 2017-08-11 07:11:45 --> Could not find the language line "mynt_icon_tmall"
ERROR - 2017-08-11 07:11:45 --> Could not find the language line "mynt_icon_youzan"
ERROR - 2017-08-11 07:11:46 --> Could not find the language line "mynt_buy_taobao"
ERROR - 2017-08-11 07:11:46 --> Could not find the language line "mynt_buy_tmall"
ERROR - 2017-08-11 07:11:46 --> Could not find the language line "mynt_buy_jd"
ERROR - 2017-08-11 07:11:46 --> Could not find the language line "mynt_icon_taobao"
ERROR - 2017-08-11 07:11:46 --> Could not find the language line "mynt_icon_tmall"
ERROR - 2017-08-11 07:11:46 --> Could not find the language line "mynt_icon_youzan"
ERROR - 2017-08-11 07:11:46 --> Could not find the language line "mynt_buy_taobao"
ERROR - 2017-08-11 07:11:46 --> Could not find the language line "mynt_buy_tmall"
ERROR - 2017-08-11 07:11:46 --> Could not find the language line "mynt_buy_jd"
ERROR - 2017-08-11 07:49:37 --> Could not find the language line "mynt_buy_taobao"
ERROR - 2017-08-11 07:49:37 --> Could not find the language line "mynt_buy_tmall"
ERROR - 2017-08-11 07:49:37 --> Could not find the language line "mynt_buy_jd"
ERROR - 2017-08-11 07:49:37 --> Could not find the language line "mynt_icon_taobao"
ERROR - 2017-08-11 07:49:37 --> Could not find the language line "mynt_icon_tmall"
ERROR - 2017-08-11 07:49:37 --> Could not find the language line "mynt_icon_youzan"
ERROR - 2017-08-11 07:50:08 --> Could not find the language line "mynt_buy_taobao"
ERROR - 2017-08-11 07:50:08 --> Could not find the language line "mynt_buy_tmall"
ERROR - 2017-08-11 07:50:08 --> Could not find the language line "mynt_buy_jd"
ERROR - 2017-08-11 07:50:08 --> Could not find the language line "mynt_icon_taobao"
ERROR - 2017-08-11 07:50:08 --> Could not find the language line "mynt_icon_tmall"
ERROR - 2017-08-11 07:50:08 --> Could not find the language line "mynt_icon_youzan"
ERROR - 2017-08-11 07:50:10 --> Could not find the language line "mynt_buy_taobao"
ERROR - 2017-08-11 07:50:10 --> Could not find the language line "mynt_buy_tmall"
ERROR - 2017-08-11 07:50:10 --> Could not find the language line "mynt_buy_jd"
ERROR - 2017-08-11 07:50:11 --> Could not find the language line "mynt_buy_taobao"
ERROR - 2017-08-11 07:50:11 --> Could not find the language line "mynt_buy_tmall"
ERROR - 2017-08-11 07:50:11 --> Could not find the language line "mynt_buy_jd"
ERROR - 2017-08-11 07:50:11 --> Could not find the language line "mynt_icon_taobao"
ERROR - 2017-08-11 07:50:11 --> Could not find the language line "mynt_icon_tmall"
ERROR - 2017-08-11 07:50:11 --> Could not find the language line "mynt_icon_youzan"
ERROR - 2017-08-11 07:50:11 --> Could not find the language line "mynt_buy_taobao"
ERROR - 2017-08-11 07:50:11 --> Could not find the language line "mynt_buy_tmall"
ERROR - 2017-08-11 07:50:11 --> Could not find the language line "mynt_buy_jd"
ERROR - 2017-08-11 07:51:14 --> Could not find the language line "mynt_buy_taobao"
ERROR - 2017-08-11 07:51:14 --> Could not find the language line "mynt_buy_tmall"
ERROR - 2017-08-11 07:51:14 --> Could not find the language line "mynt_buy_jd"
ERROR - 2017-08-11 07:51:14 --> Could not find the language line "mynt_icon_taobao"
ERROR - 2017-08-11 07:51:14 --> Could not find the language line "mynt_icon_tmall"
ERROR - 2017-08-11 07:51:14 --> Could not find the language line "mynt_icon_youzan"
ERROR - 2017-08-11 07:51:14 --> Could not find the language line "mynt_buy_taobao"
ERROR - 2017-08-11 07:51:14 --> Could not find the language line "mynt_buy_tmall"
ERROR - 2017-08-11 07:51:14 --> Could not find the language line "mynt_buy_jd"
ERROR - 2017-08-11 07:56:29 --> Could not find the language line "mynt_buy_taobao"
ERROR - 2017-08-11 07:56:29 --> Could not find the language line "mynt_buy_tmall"
ERROR - 2017-08-11 07:56:29 --> Could not find the language line "mynt_buy_jd"
ERROR - 2017-08-11 07:56:34 --> Could not find the language line "mynt_buy_taobao"
ERROR - 2017-08-11 07:56:34 --> Could not find the language line "mynt_buy_tmall"
ERROR - 2017-08-11 07:56:34 --> Could not find the language line "mynt_buy_jd"
ERROR - 2017-08-11 07:56:34 --> Could not find the language line "mynt_icon_taobao"
ERROR - 2017-08-11 07:56:34 --> Could not find the language line "mynt_icon_tmall"
ERROR - 2017-08-11 07:56:34 --> Could not find the language line "mynt_icon_youzan"
ERROR - 2017-08-11 07:56:34 --> Could not find the language line "mynt_buy_taobao"
ERROR - 2017-08-11 07:56:34 --> Could not find the language line "mynt_buy_tmall"
ERROR - 2017-08-11 07:56:34 --> Could not find the language line "mynt_buy_jd"
ERROR - 2017-08-11 07:56:45 --> Could not find the language line "mynt_buy_taobao"
ERROR - 2017-08-11 07:56:45 --> Could not find the language line "mynt_buy_tmall"
ERROR - 2017-08-11 07:56:45 --> Could not find the language line "mynt_buy_jd"
ERROR - 2017-08-11 07:56:45 --> Could not find the language line "mynt_icon_taobao"
ERROR - 2017-08-11 07:56:45 --> Could not find the language line "mynt_icon_tmall"
ERROR - 2017-08-11 07:56:45 --> Could not find the language line "mynt_icon_youzan"
ERROR - 2017-08-11 07:56:45 --> Could not find the language line "mynt_buy_taobao"
ERROR - 2017-08-11 07:56:45 --> Could not find the language line "mynt_buy_tmall"
ERROR - 2017-08-11 07:56:45 --> Could not find the language line "mynt_buy_jd"
ERROR - 2017-08-11 07:57:41 --> Could not find the language line "mynt_buy_taobao"
ERROR - 2017-08-11 07:57:41 --> Could not find the language line "mynt_buy_tmall"
ERROR - 2017-08-11 07:57:41 --> Could not find the language line "mynt_buy_jd"
ERROR - 2017-08-11 07:57:42 --> Could not find the language line "mynt_buy_taobao"
ERROR - 2017-08-11 07:57:42 --> Could not find the language line "mynt_buy_tmall"
ERROR - 2017-08-11 07:57:42 --> Could not find the language line "mynt_buy_jd"
ERROR - 2017-08-11 07:57:42 --> Could not find the language line "mynt_icon_taobao"
ERROR - 2017-08-11 07:57:42 --> Could not find the language line "mynt_icon_tmall"
ERROR - 2017-08-11 07:57:42 --> Could not find the language line "mynt_icon_youzan"
ERROR - 2017-08-11 07:57:43 --> Could not find the language line "mynt_buy_taobao"
ERROR - 2017-08-11 07:57:43 --> Could not find the language line "mynt_buy_tmall"
ERROR - 2017-08-11 07:57:43 --> Could not find the language line "mynt_buy_jd"
ERROR - 2017-08-11 07:58:14 --> Could not find the language line "mynt_buy_taobao"
ERROR - 2017-08-11 07:58:14 --> Could not find the language line "mynt_buy_tmall"
ERROR - 2017-08-11 07:58:14 --> Could not find the language line "mynt_buy_jd"
ERROR - 2017-08-11 07:58:17 --> Could not find the language line "mynt_buy_taobao"
ERROR - 2017-08-11 07:58:17 --> Could not find the language line "mynt_buy_tmall"
ERROR - 2017-08-11 07:58:17 --> Could not find the language line "mynt_buy_jd"
ERROR - 2017-08-11 07:58:17 --> Could not find the language line "mynt_icon_taobao"
ERROR - 2017-08-11 07:58:17 --> Could not find the language line "mynt_icon_tmall"
ERROR - 2017-08-11 07:58:17 --> Could not find the language line "mynt_icon_youzan"
ERROR - 2017-08-11 07:58:18 --> Could not find the language line "mynt_buy_taobao"
ERROR - 2017-08-11 07:58:18 --> Could not find the language line "mynt_buy_tmall"
ERROR - 2017-08-11 07:58:18 --> Could not find the language line "mynt_buy_jd"
ERROR - 2017-08-11 08:05:34 --> Could not find the language line "mynt_buy_taobao"
ERROR - 2017-08-11 08:05:34 --> Could not find the language line "mynt_buy_tmall"
ERROR - 2017-08-11 08:05:34 --> Could not find the language line "mynt_buy_jd"
ERROR - 2017-08-11 08:05:34 --> Could not find the language line "mynt_icon_taobao"
ERROR - 2017-08-11 08:05:34 --> Could not find the language line "mynt_icon_tmall"
ERROR - 2017-08-11 08:05:34 --> Could not find the language line "mynt_icon_youzan"
ERROR - 2017-08-11 08:05:35 --> Could not find the language line "mynt_buy_taobao"
ERROR - 2017-08-11 08:05:35 --> Could not find the language line "mynt_buy_tmall"
ERROR - 2017-08-11 08:05:35 --> Could not find the language line "mynt_buy_jd"
ERROR - 2017-08-11 08:07:52 --> Could not find the language line "mynt_buy_taobao"
ERROR - 2017-08-11 08:07:52 --> Could not find the language line "mynt_buy_tmall"
ERROR - 2017-08-11 08:07:52 --> Could not find the language line "mynt_buy_jd"
ERROR - 2017-08-11 08:07:52 --> Could not find the language line "mynt_icon_taobao"
ERROR - 2017-08-11 08:07:52 --> Could not find the language line "mynt_icon_tmall"
ERROR - 2017-08-11 08:07:52 --> Could not find the language line "mynt_icon_youzan"
ERROR - 2017-08-11 08:07:52 --> Could not find the language line "mynt_buy_taobao"
ERROR - 2017-08-11 08:07:52 --> Could not find the language line "mynt_buy_tmall"
ERROR - 2017-08-11 08:07:52 --> Could not find the language line "mynt_buy_jd"
ERROR - 2017-08-11 08:07:54 --> Could not find the language line "mynt_buy_taobao"
ERROR - 2017-08-11 08:07:54 --> Could not find the language line "mynt_buy_tmall"
ERROR - 2017-08-11 08:07:54 --> Could not find the language line "mynt_buy_jd"
ERROR - 2017-08-11 08:07:56 --> Could not find the language line "mynt_buy_taobao"
ERROR - 2017-08-11 08:07:56 --> Could not find the language line "mynt_buy_tmall"
ERROR - 2017-08-11 08:07:56 --> Could not find the language line "mynt_buy_jd"
ERROR - 2017-08-11 08:07:56 --> Could not find the language line "mynt_icon_taobao"
ERROR - 2017-08-11 08:07:56 --> Could not find the language line "mynt_icon_tmall"
ERROR - 2017-08-11 08:07:56 --> Could not find the language line "mynt_icon_youzan"
ERROR - 2017-08-11 08:07:56 --> Could not find the language line "mynt_buy_taobao"
ERROR - 2017-08-11 08:07:56 --> Could not find the language line "mynt_buy_tmall"
ERROR - 2017-08-11 08:07:56 --> Could not find the language line "mynt_buy_jd"
ERROR - 2017-08-11 08:09:00 --> Could not find the language line "mynt_buy_taobao"
ERROR - 2017-08-11 08:09:00 --> Could not find the language line "mynt_buy_tmall"
ERROR - 2017-08-11 08:09:00 --> Could not find the language line "mynt_buy_jd"
ERROR - 2017-08-11 08:09:00 --> Could not find the language line "mynt_icon_taobao"
ERROR - 2017-08-11 08:09:00 --> Could not find the language line "mynt_icon_tmall"
ERROR - 2017-08-11 08:09:00 --> Could not find the language line "mynt_icon_youzan"
ERROR - 2017-08-11 08:09:02 --> Could not find the language line "mynt_buy_taobao"
ERROR - 2017-08-11 08:09:02 --> Could not find the language line "mynt_buy_tmall"
ERROR - 2017-08-11 08:09:02 --> Could not find the language line "mynt_buy_jd"
ERROR - 2017-08-11 08:10:37 --> Could not find the language line "mynt_buy_taobao"
ERROR - 2017-08-11 08:10:37 --> Could not find the language line "mynt_buy_tmall"
ERROR - 2017-08-11 08:10:37 --> Could not find the language line "mynt_buy_jd"
ERROR - 2017-08-11 08:10:37 --> Could not find the language line "mynt_icon_taobao"
ERROR - 2017-08-11 08:10:37 --> Could not find the language line "mynt_icon_tmall"
ERROR - 2017-08-11 08:10:37 --> Could not find the language line "mynt_icon_youzan"
ERROR - 2017-08-11 08:10:38 --> Could not find the language line "mynt_buy_taobao"
ERROR - 2017-08-11 08:10:38 --> Could not find the language line "mynt_buy_tmall"
ERROR - 2017-08-11 08:10:38 --> Could not find the language line "mynt_buy_jd"
ERROR - 2017-08-11 08:13:45 --> Could not find the language line "mynt_buy_taobao"
ERROR - 2017-08-11 08:13:45 --> Could not find the language line "mynt_buy_tmall"
ERROR - 2017-08-11 08:13:45 --> Could not find the language line "mynt_buy_jd"
ERROR - 2017-08-11 08:13:45 --> Could not find the language line "mynt_icon_taobao"
ERROR - 2017-08-11 08:13:45 --> Could not find the language line "mynt_icon_tmall"
ERROR - 2017-08-11 08:13:45 --> Could not find the language line "mynt_icon_youzan"
ERROR - 2017-08-11 08:13:45 --> Could not find the language line "mynt_buy_taobao"
ERROR - 2017-08-11 08:13:45 --> Could not find the language line "mynt_buy_tmall"
ERROR - 2017-08-11 08:13:45 --> Could not find the language line "mynt_buy_jd"
ERROR - 2017-08-11 08:17:08 --> Could not find the language line "mynt_buy_taobao"
ERROR - 2017-08-11 08:17:08 --> Could not find the language line "mynt_buy_tmall"
ERROR - 2017-08-11 08:17:08 --> Could not find the language line "mynt_buy_jd"
ERROR - 2017-08-11 08:17:11 --> Could not find the language line "mynt_buy_taobao"
ERROR - 2017-08-11 08:17:11 --> Could not find the language line "mynt_buy_tmall"
ERROR - 2017-08-11 08:17:11 --> Could not find the language line "mynt_buy_jd"
ERROR - 2017-08-11 08:17:15 --> Could not find the language line "mynt_buy_taobao"
ERROR - 2017-08-11 08:17:15 --> Could not find the language line "mynt_buy_tmall"
ERROR - 2017-08-11 08:17:15 --> Could not find the language line "mynt_buy_jd"
ERROR - 2017-08-11 08:17:15 --> Could not find the language line "mynt_icon_taobao"
ERROR - 2017-08-11 08:17:15 --> Could not find the language line "mynt_icon_tmall"
ERROR - 2017-08-11 08:17:15 --> Could not find the language line "mynt_icon_youzan"
ERROR - 2017-08-11 08:17:15 --> Could not find the language line "mynt_buy_taobao"
ERROR - 2017-08-11 08:17:15 --> Could not find the language line "mynt_buy_tmall"
ERROR - 2017-08-11 08:17:15 --> Could not find the language line "mynt_buy_jd"
ERROR - 2017-08-11 08:18:17 --> Could not find the language line "mynt_buy_taobao"
ERROR - 2017-08-11 08:18:17 --> Could not find the language line "mynt_buy_tmall"
ERROR - 2017-08-11 08:18:17 --> Could not find the language line "mynt_buy_jd"
ERROR - 2017-08-11 08:18:31 --> Could not find the language line "mynt_buy_taobao"
ERROR - 2017-08-11 08:18:31 --> Could not find the language line "mynt_buy_tmall"
ERROR - 2017-08-11 08:18:31 --> Could not find the language line "mynt_buy_jd"
ERROR - 2017-08-11 08:18:31 --> Could not find the language line "mynt_icon_taobao"
ERROR - 2017-08-11 08:18:31 --> Could not find the language line "mynt_icon_tmall"
ERROR - 2017-08-11 08:18:31 --> Could not find the language line "mynt_icon_youzan"
ERROR - 2017-08-11 08:18:31 --> Could not find the language line "mynt_buy_taobao"
ERROR - 2017-08-11 08:18:31 --> Could not find the language line "mynt_buy_tmall"
ERROR - 2017-08-11 08:18:31 --> Could not find the language line "mynt_buy_jd"
ERROR - 2017-08-11 08:19:04 --> Could not find the language line "mynt_buy_taobao"
ERROR - 2017-08-11 08:19:04 --> Could not find the language line "mynt_buy_tmall"
ERROR - 2017-08-11 08:19:04 --> Could not find the language line "mynt_buy_jd"
ERROR - 2017-08-11 08:19:04 --> Could not find the language line "mynt_icon_taobao"
ERROR - 2017-08-11 08:19:04 --> Could not find the language line "mynt_icon_tmall"
ERROR - 2017-08-11 08:19:04 --> Could not find the language line "mynt_icon_youzan"
ERROR - 2017-08-11 08:19:05 --> Could not find the language line "mynt_buy_taobao"
ERROR - 2017-08-11 08:19:05 --> Could not find the language line "mynt_buy_tmall"
ERROR - 2017-08-11 08:19:05 --> Could not find the language line "mynt_buy_jd"
ERROR - 2017-08-11 08:19:25 --> Could not find the language line "mynt_buy_taobao"
ERROR - 2017-08-11 08:19:25 --> Could not find the language line "mynt_buy_tmall"
ERROR - 2017-08-11 08:19:25 --> Could not find the language line "mynt_buy_jd"
ERROR - 2017-08-11 08:19:28 --> Could not find the language line "mynt_buy_taobao"
ERROR - 2017-08-11 08:19:28 --> Could not find the language line "mynt_buy_tmall"
ERROR - 2017-08-11 08:19:28 --> Could not find the language line "mynt_buy_jd"
ERROR - 2017-08-11 08:19:34 --> Could not find the language line "mynt_buy_taobao"
ERROR - 2017-08-11 08:19:34 --> Could not find the language line "mynt_buy_tmall"
ERROR - 2017-08-11 08:19:34 --> Could not find the language line "mynt_buy_jd"
ERROR - 2017-08-11 08:19:34 --> Could not find the language line "mynt_icon_taobao"
ERROR - 2017-08-11 08:19:34 --> Could not find the language line "mynt_icon_tmall"
ERROR - 2017-08-11 08:19:34 --> Could not find the language line "mynt_icon_youzan"
ERROR - 2017-08-11 08:19:34 --> Could not find the language line "mynt_buy_taobao"
ERROR - 2017-08-11 08:19:34 --> Could not find the language line "mynt_buy_tmall"
ERROR - 2017-08-11 08:19:34 --> Could not find the language line "mynt_buy_jd"
ERROR - 2017-08-11 08:19:36 --> Could not find the language line "mynt_buy_taobao"
ERROR - 2017-08-11 08:19:36 --> Could not find the language line "mynt_buy_tmall"
ERROR - 2017-08-11 08:19:36 --> Could not find the language line "mynt_buy_jd"
ERROR - 2017-08-11 08:19:36 --> Could not find the language line "mynt_icon_taobao"
ERROR - 2017-08-11 08:19:36 --> Could not find the language line "mynt_icon_tmall"
ERROR - 2017-08-11 08:19:36 --> Could not find the language line "mynt_icon_youzan"
ERROR - 2017-08-11 08:19:36 --> Could not find the language line "mynt_buy_taobao"
ERROR - 2017-08-11 08:19:36 --> Could not find the language line "mynt_buy_tmall"
ERROR - 2017-08-11 08:19:36 --> Could not find the language line "mynt_buy_jd"
ERROR - 2017-08-11 08:19:37 --> Could not find the language line "mynt_buy_taobao"
ERROR - 2017-08-11 08:19:37 --> Could not find the language line "mynt_buy_tmall"
ERROR - 2017-08-11 08:19:37 --> Could not find the language line "mynt_buy_jd"
ERROR - 2017-08-11 08:19:37 --> Could not find the language line "mynt_icon_taobao"
ERROR - 2017-08-11 08:19:37 --> Could not find the language line "mynt_icon_tmall"
ERROR - 2017-08-11 08:19:37 --> Could not find the language line "mynt_icon_youzan"
ERROR - 2017-08-11 08:19:37 --> Could not find the language line "mynt_buy_taobao"
ERROR - 2017-08-11 08:19:37 --> Could not find the language line "mynt_buy_tmall"
ERROR - 2017-08-11 08:19:37 --> Could not find the language line "mynt_buy_jd"
ERROR - 2017-08-11 08:23:31 --> Could not find the language line "mynt_buy_taobao"
ERROR - 2017-08-11 08:23:31 --> Could not find the language line "mynt_buy_tmall"
ERROR - 2017-08-11 08:23:31 --> Could not find the language line "mynt_buy_jd"
ERROR - 2017-08-11 08:23:31 --> Could not find the language line "mynt_icon_taobao"
ERROR - 2017-08-11 08:23:31 --> Could not find the language line "mynt_icon_tmall"
ERROR - 2017-08-11 08:23:31 --> Could not find the language line "mynt_icon_youzan"
ERROR - 2017-08-11 08:23:31 --> Could not find the language line "mynt_buy_taobao"
ERROR - 2017-08-11 08:23:31 --> Could not find the language line "mynt_buy_tmall"
ERROR - 2017-08-11 08:23:31 --> Could not find the language line "mynt_buy_jd"
ERROR - 2017-08-11 08:23:36 --> Could not find the language line "mynt_buy_taobao"
ERROR - 2017-08-11 08:23:36 --> Could not find the language line "mynt_buy_tmall"
ERROR - 2017-08-11 08:23:36 --> Could not find the language line "mynt_buy_jd"
ERROR - 2017-08-11 08:23:39 --> Could not find the language line "mynt_buy_taobao"
ERROR - 2017-08-11 08:23:39 --> Could not find the language line "mynt_buy_tmall"
ERROR - 2017-08-11 08:23:39 --> Could not find the language line "mynt_buy_jd"
ERROR - 2017-08-11 08:23:47 --> Could not find the language line "mynt_buy_taobao"
ERROR - 2017-08-11 08:23:47 --> Could not find the language line "mynt_buy_tmall"
ERROR - 2017-08-11 08:23:47 --> Could not find the language line "mynt_buy_jd"
ERROR - 2017-08-11 08:23:48 --> Could not find the language line "mynt_buy_taobao"
ERROR - 2017-08-11 08:23:48 --> Could not find the language line "mynt_buy_tmall"
ERROR - 2017-08-11 08:23:48 --> Could not find the language line "mynt_buy_jd"
ERROR - 2017-08-11 08:23:51 --> Could not find the language line "mynt_buy_taobao"
ERROR - 2017-08-11 08:23:51 --> Could not find the language line "mynt_buy_tmall"
ERROR - 2017-08-11 08:23:51 --> Could not find the language line "mynt_buy_jd"
ERROR - 2017-08-11 08:23:51 --> Could not find the language line "mynt_icon_taobao"
ERROR - 2017-08-11 08:23:51 --> Could not find the language line "mynt_icon_tmall"
ERROR - 2017-08-11 08:23:51 --> Could not find the language line "mynt_icon_youzan"
ERROR - 2017-08-11 08:23:51 --> Could not find the language line "mynt_buy_taobao"
ERROR - 2017-08-11 08:23:51 --> Could not find the language line "mynt_buy_tmall"
ERROR - 2017-08-11 08:23:51 --> Could not find the language line "mynt_buy_jd"
ERROR - 2017-08-11 08:23:58 --> Could not find the language line "mynt_buy_taobao"
ERROR - 2017-08-11 08:23:58 --> Could not find the language line "mynt_buy_tmall"
ERROR - 2017-08-11 08:23:58 --> Could not find the language line "mynt_buy_jd"
ERROR - 2017-08-11 08:24:05 --> Could not find the language line "mynt_buy_taobao"
ERROR - 2017-08-11 08:24:05 --> Could not find the language line "mynt_buy_tmall"
ERROR - 2017-08-11 08:24:05 --> Could not find the language line "mynt_buy_jd"
ERROR - 2017-08-11 08:24:08 --> Could not find the language line "mynt_buy_taobao"
ERROR - 2017-08-11 08:24:08 --> Could not find the language line "mynt_buy_tmall"
ERROR - 2017-08-11 08:24:08 --> Could not find the language line "mynt_buy_jd"
ERROR - 2017-08-11 08:24:11 --> Could not find the language line "mynt_buy_taobao"
ERROR - 2017-08-11 08:24:11 --> Could not find the language line "mynt_buy_tmall"
ERROR - 2017-08-11 08:24:11 --> Could not find the language line "mynt_buy_jd"
ERROR - 2017-08-11 08:24:11 --> Could not find the language line "mynt_icon_taobao"
ERROR - 2017-08-11 08:24:11 --> Could not find the language line "mynt_icon_tmall"
ERROR - 2017-08-11 08:24:11 --> Could not find the language line "mynt_icon_youzan"
ERROR - 2017-08-11 08:24:11 --> Could not find the language line "mynt_buy_taobao"
ERROR - 2017-08-11 08:24:11 --> Could not find the language line "mynt_buy_tmall"
ERROR - 2017-08-11 08:24:11 --> Could not find the language line "mynt_buy_jd"
ERROR - 2017-08-11 08:29:38 --> Could not find the language line "mynt_buy_taobao"
ERROR - 2017-08-11 08:29:38 --> Could not find the language line "mynt_buy_tmall"
ERROR - 2017-08-11 08:29:38 --> Could not find the language line "mynt_buy_jd"
ERROR - 2017-08-11 08:29:38 --> Could not find the language line "mynt_icon_taobao"
ERROR - 2017-08-11 08:29:38 --> Could not find the language line "mynt_icon_tmall"
ERROR - 2017-08-11 08:29:38 --> Could not find the language line "mynt_icon_youzan"
ERROR - 2017-08-11 08:29:38 --> Could not find the language line "mynt_buy_taobao"
ERROR - 2017-08-11 08:29:38 --> Could not find the language line "mynt_buy_tmall"
ERROR - 2017-08-11 08:29:38 --> Could not find the language line "mynt_buy_jd"
ERROR - 2017-08-11 08:29:52 --> Could not find the language line "mynt_buy_taobao"
ERROR - 2017-08-11 08:29:52 --> Could not find the language line "mynt_buy_tmall"
ERROR - 2017-08-11 08:29:52 --> Could not find the language line "mynt_buy_jd"
ERROR - 2017-08-11 08:29:55 --> Could not find the language line "mynt_buy_taobao"
ERROR - 2017-08-11 08:29:55 --> Could not find the language line "mynt_buy_tmall"
ERROR - 2017-08-11 08:29:55 --> Could not find the language line "mynt_buy_jd"
ERROR - 2017-08-11 08:29:55 --> Could not find the language line "mynt_icon_taobao"
ERROR - 2017-08-11 08:29:55 --> Could not find the language line "mynt_icon_tmall"
ERROR - 2017-08-11 08:29:55 --> Could not find the language line "mynt_icon_youzan"
ERROR - 2017-08-11 08:29:55 --> Could not find the language line "mynt_buy_taobao"
ERROR - 2017-08-11 08:29:55 --> Could not find the language line "mynt_buy_tmall"
ERROR - 2017-08-11 08:29:55 --> Could not find the language line "mynt_buy_jd"
ERROR - 2017-08-11 09:08:29 --> Could not find the language line "mynt_buy_taobao"
ERROR - 2017-08-11 09:08:29 --> Could not find the language line "mynt_buy_tmall"
ERROR - 2017-08-11 09:08:29 --> Could not find the language line "mynt_buy_jd"
ERROR - 2017-08-11 09:08:29 --> Could not find the language line "mynt_icon_taobao"
ERROR - 2017-08-11 09:08:29 --> Could not find the language line "mynt_icon_tmall"
ERROR - 2017-08-11 09:08:29 --> Could not find the language line "mynt_icon_youzan"
ERROR - 2017-08-11 09:08:29 --> Could not find the language line "mynt_buy_taobao"
ERROR - 2017-08-11 09:08:29 --> Could not find the language line "mynt_buy_tmall"
ERROR - 2017-08-11 09:08:29 --> Could not find the language line "mynt_buy_jd"
ERROR - 2017-08-11 09:08:40 --> Could not find the language line "mynt_buy_taobao"
ERROR - 2017-08-11 09:08:40 --> Could not find the language line "mynt_buy_tmall"
ERROR - 2017-08-11 09:08:40 --> Could not find the language line "mynt_buy_jd"
ERROR - 2017-08-11 09:08:41 --> Could not find the language line "mynt_buy_taobao"
ERROR - 2017-08-11 09:08:41 --> Could not find the language line "mynt_buy_tmall"
ERROR - 2017-08-11 09:08:41 --> Could not find the language line "mynt_buy_jd"
ERROR - 2017-08-11 09:08:46 --> Could not find the language line "mynt_buy_taobao"
ERROR - 2017-08-11 09:08:46 --> Could not find the language line "mynt_buy_tmall"
ERROR - 2017-08-11 09:08:46 --> Could not find the language line "mynt_buy_jd"
ERROR - 2017-08-11 09:08:46 --> Could not find the language line "mynt_icon_taobao"
ERROR - 2017-08-11 09:08:46 --> Could not find the language line "mynt_icon_tmall"
ERROR - 2017-08-11 09:08:46 --> Could not find the language line "mynt_icon_youzan"
ERROR - 2017-08-11 09:08:46 --> Could not find the language line "mynt_buy_taobao"
ERROR - 2017-08-11 09:08:46 --> Could not find the language line "mynt_buy_tmall"
ERROR - 2017-08-11 09:08:46 --> Could not find the language line "mynt_buy_jd"
ERROR - 2017-08-11 09:08:48 --> Could not find the language line "mynt_buy_taobao"
ERROR - 2017-08-11 09:08:48 --> Could not find the language line "mynt_buy_tmall"
ERROR - 2017-08-11 09:08:48 --> Could not find the language line "mynt_buy_jd"
ERROR - 2017-08-11 09:08:48 --> Could not find the language line "mynt_icon_taobao"
ERROR - 2017-08-11 09:08:48 --> Could not find the language line "mynt_icon_tmall"
ERROR - 2017-08-11 09:08:48 --> Could not find the language line "mynt_icon_youzan"
ERROR - 2017-08-11 09:08:48 --> Could not find the language line "mynt_buy_taobao"
ERROR - 2017-08-11 09:08:48 --> Could not find the language line "mynt_buy_tmall"
ERROR - 2017-08-11 09:08:48 --> Could not find the language line "mynt_buy_jd"
ERROR - 2017-08-11 09:08:54 --> Could not find the language line "mynt_buy_taobao"
ERROR - 2017-08-11 09:08:54 --> Could not find the language line "mynt_buy_tmall"
ERROR - 2017-08-11 09:08:54 --> Could not find the language line "mynt_buy_jd"
ERROR - 2017-08-11 09:12:00 --> Could not find the language line "mynt_buy_taobao"
ERROR - 2017-08-11 09:12:00 --> Could not find the language line "mynt_buy_tmall"
ERROR - 2017-08-11 09:12:00 --> Could not find the language line "mynt_buy_jd"
ERROR - 2017-08-11 09:12:00 --> Could not find the language line "mynt_icon_taobao"
ERROR - 2017-08-11 09:12:00 --> Could not find the language line "mynt_icon_tmall"
ERROR - 2017-08-11 09:12:00 --> Could not find the language line "mynt_icon_youzan"
ERROR - 2017-08-11 09:12:00 --> Could not find the language line "mynt_buy_taobao"
ERROR - 2017-08-11 09:12:00 --> Could not find the language line "mynt_buy_tmall"
ERROR - 2017-08-11 09:12:00 --> Could not find the language line "mynt_buy_jd"
ERROR - 2017-08-11 09:12:42 --> Could not find the language line "mynt_buy_taobao"
ERROR - 2017-08-11 09:12:42 --> Could not find the language line "mynt_buy_tmall"
ERROR - 2017-08-11 09:12:42 --> Could not find the language line "mynt_buy_jd"
ERROR - 2017-08-11 09:12:42 --> Could not find the language line "mynt_icon_taobao"
ERROR - 2017-08-11 09:12:42 --> Could not find the language line "mynt_icon_tmall"
ERROR - 2017-08-11 09:12:42 --> Could not find the language line "mynt_icon_youzan"
ERROR - 2017-08-11 09:12:42 --> Could not find the language line "mynt_buy_taobao"
ERROR - 2017-08-11 09:12:42 --> Could not find the language line "mynt_buy_tmall"
ERROR - 2017-08-11 09:12:42 --> Could not find the language line "mynt_buy_jd"
ERROR - 2017-08-11 09:12:45 --> Could not find the language line "mynt_buy_taobao"
ERROR - 2017-08-11 09:12:45 --> Could not find the language line "mynt_buy_tmall"
ERROR - 2017-08-11 09:12:45 --> Could not find the language line "mynt_buy_jd"
ERROR - 2017-08-11 09:12:45 --> Could not find the language line "mynt_icon_taobao"
ERROR - 2017-08-11 09:12:45 --> Could not find the language line "mynt_icon_tmall"
ERROR - 2017-08-11 09:12:45 --> Could not find the language line "mynt_icon_youzan"
ERROR - 2017-08-11 09:12:45 --> Could not find the language line "mynt_buy_taobao"
ERROR - 2017-08-11 09:12:45 --> Could not find the language line "mynt_buy_tmall"
ERROR - 2017-08-11 09:12:45 --> Could not find the language line "mynt_buy_jd"
ERROR - 2017-08-11 09:12:46 --> Could not find the language line "mynt_buy_taobao"
ERROR - 2017-08-11 09:12:46 --> Could not find the language line "mynt_buy_tmall"
ERROR - 2017-08-11 09:12:46 --> Could not find the language line "mynt_buy_jd"
ERROR - 2017-08-11 09:12:46 --> Could not find the language line "mynt_icon_taobao"
ERROR - 2017-08-11 09:12:46 --> Could not find the language line "mynt_icon_tmall"
ERROR - 2017-08-11 09:12:46 --> Could not find the language line "mynt_icon_youzan"
ERROR - 2017-08-11 09:12:46 --> Could not find the language line "mynt_buy_taobao"
ERROR - 2017-08-11 09:12:46 --> Could not find the language line "mynt_buy_tmall"
ERROR - 2017-08-11 09:12:46 --> Could not find the language line "mynt_buy_jd"
ERROR - 2017-08-11 09:12:51 --> Could not find the language line "mynt_buy_taobao"
ERROR - 2017-08-11 09:12:51 --> Could not find the language line "mynt_buy_tmall"
ERROR - 2017-08-11 09:12:51 --> Could not find the language line "mynt_buy_jd"
ERROR - 2017-08-11 09:12:51 --> Could not find the language line "mynt_icon_taobao"
ERROR - 2017-08-11 09:12:51 --> Could not find the language line "mynt_icon_tmall"
ERROR - 2017-08-11 09:12:51 --> Could not find the language line "mynt_icon_youzan"
ERROR - 2017-08-11 09:12:52 --> Could not find the language line "mynt_buy_taobao"
ERROR - 2017-08-11 09:12:52 --> Could not find the language line "mynt_buy_tmall"
ERROR - 2017-08-11 09:12:52 --> Could not find the language line "mynt_buy_jd"
ERROR - 2017-08-11 09:12:52 --> Could not find the language line "mynt_buy_taobao"
ERROR - 2017-08-11 09:12:52 --> Could not find the language line "mynt_buy_tmall"
ERROR - 2017-08-11 09:12:52 --> Could not find the language line "mynt_buy_jd"
ERROR - 2017-08-11 09:12:52 --> Could not find the language line "mynt_icon_taobao"
ERROR - 2017-08-11 09:12:52 --> Could not find the language line "mynt_icon_tmall"
ERROR - 2017-08-11 09:12:52 --> Could not find the language line "mynt_icon_youzan"
ERROR - 2017-08-11 09:12:52 --> Could not find the language line "mynt_buy_taobao"
ERROR - 2017-08-11 09:12:52 --> Could not find the language line "mynt_buy_tmall"
ERROR - 2017-08-11 09:12:52 --> Could not find the language line "mynt_buy_jd"
ERROR - 2017-08-11 09:12:52 --> Could not find the language line "mynt_icon_taobao"
ERROR - 2017-08-11 09:12:52 --> Could not find the language line "mynt_icon_tmall"
ERROR - 2017-08-11 09:12:52 --> Could not find the language line "mynt_icon_youzan"
ERROR - 2017-08-11 09:12:52 --> Could not find the language line "mynt_buy_taobao"
ERROR - 2017-08-11 09:12:52 --> Could not find the language line "mynt_buy_tmall"
ERROR - 2017-08-11 09:12:52 --> Could not find the language line "mynt_buy_jd"
ERROR - 2017-08-11 09:12:52 --> Could not find the language line "mynt_icon_taobao"
ERROR - 2017-08-11 09:12:52 --> Could not find the language line "mynt_icon_tmall"
ERROR - 2017-08-11 09:12:52 --> Could not find the language line "mynt_icon_youzan"
ERROR - 2017-08-11 09:12:52 --> Could not find the language line "mynt_buy_taobao"
ERROR - 2017-08-11 09:12:52 --> Could not find the language line "mynt_buy_tmall"
ERROR - 2017-08-11 09:12:52 --> Could not find the language line "mynt_buy_jd"
ERROR - 2017-08-11 09:13:47 --> Could not find the language line "mynt_buy_taobao"
ERROR - 2017-08-11 09:13:47 --> Could not find the language line "mynt_buy_tmall"
ERROR - 2017-08-11 09:13:47 --> Could not find the language line "mynt_buy_jd"
ERROR - 2017-08-11 09:14:12 --> Could not find the language line "mynt_buy_taobao"
ERROR - 2017-08-11 09:14:12 --> Could not find the language line "mynt_buy_tmall"
ERROR - 2017-08-11 09:14:12 --> Could not find the language line "mynt_buy_jd"
ERROR - 2017-08-11 09:14:12 --> Could not find the language line "mynt_icon_taobao"
ERROR - 2017-08-11 09:14:12 --> Could not find the language line "mynt_icon_tmall"
ERROR - 2017-08-11 09:14:12 --> Could not find the language line "mynt_icon_youzan"
ERROR - 2017-08-11 09:14:13 --> Could not find the language line "mynt_buy_taobao"
ERROR - 2017-08-11 09:14:13 --> Could not find the language line "mynt_buy_tmall"
ERROR - 2017-08-11 09:14:13 --> Could not find the language line "mynt_buy_jd"
ERROR - 2017-08-11 09:14:20 --> Could not find the language line "mynt_buy_taobao"
ERROR - 2017-08-11 09:14:20 --> Could not find the language line "mynt_buy_tmall"
ERROR - 2017-08-11 09:14:20 --> Could not find the language line "mynt_buy_jd"
ERROR - 2017-08-11 09:14:20 --> Could not find the language line "mynt_icon_taobao"
ERROR - 2017-08-11 09:14:20 --> Could not find the language line "mynt_icon_tmall"
ERROR - 2017-08-11 09:14:20 --> Could not find the language line "mynt_icon_youzan"
ERROR - 2017-08-11 09:14:21 --> Could not find the language line "mynt_buy_taobao"
ERROR - 2017-08-11 09:14:21 --> Could not find the language line "mynt_buy_tmall"
ERROR - 2017-08-11 09:14:21 --> Could not find the language line "mynt_buy_jd"
ERROR - 2017-08-11 09:14:30 --> Could not find the language line "mynt_buy_taobao"
ERROR - 2017-08-11 09:14:30 --> Could not find the language line "mynt_buy_tmall"
ERROR - 2017-08-11 09:14:30 --> Could not find the language line "mynt_buy_jd"
ERROR - 2017-08-11 09:14:32 --> Could not find the language line "mynt_buy_taobao"
ERROR - 2017-08-11 09:14:32 --> Could not find the language line "mynt_buy_tmall"
ERROR - 2017-08-11 09:14:32 --> Could not find the language line "mynt_buy_jd"
ERROR - 2017-08-11 09:14:32 --> Could not find the language line "mynt_icon_taobao"
ERROR - 2017-08-11 09:14:32 --> Could not find the language line "mynt_icon_tmall"
ERROR - 2017-08-11 09:14:32 --> Could not find the language line "mynt_icon_youzan"
ERROR - 2017-08-11 09:14:32 --> Could not find the language line "mynt_buy_taobao"
ERROR - 2017-08-11 09:14:32 --> Could not find the language line "mynt_buy_tmall"
ERROR - 2017-08-11 09:14:32 --> Could not find the language line "mynt_buy_jd"
ERROR - 2017-08-11 09:14:42 --> Could not find the language line "mynt_buy_taobao"
ERROR - 2017-08-11 09:14:42 --> Could not find the language line "mynt_buy_tmall"
ERROR - 2017-08-11 09:14:42 --> Could not find the language line "mynt_buy_jd"
ERROR - 2017-08-11 09:14:42 --> Could not find the language line "mynt_icon_taobao"
ERROR - 2017-08-11 09:14:42 --> Could not find the language line "mynt_icon_tmall"
ERROR - 2017-08-11 09:14:42 --> Could not find the language line "mynt_icon_youzan"
ERROR - 2017-08-11 09:14:43 --> Could not find the language line "mynt_buy_taobao"
ERROR - 2017-08-11 09:14:43 --> Could not find the language line "mynt_buy_tmall"
ERROR - 2017-08-11 09:14:43 --> Could not find the language line "mynt_buy_jd"
ERROR - 2017-08-11 09:14:52 --> Could not find the language line "mynt_buy_taobao"
ERROR - 2017-08-11 09:14:52 --> Could not find the language line "mynt_buy_tmall"
ERROR - 2017-08-11 09:14:52 --> Could not find the language line "mynt_buy_jd"
ERROR - 2017-08-11 09:14:57 --> Could not find the language line "mynt_buy_taobao"
ERROR - 2017-08-11 09:14:57 --> Could not find the language line "mynt_buy_tmall"
ERROR - 2017-08-11 09:14:57 --> Could not find the language line "mynt_buy_jd"
ERROR - 2017-08-11 09:14:57 --> Could not find the language line "mynt_icon_taobao"
ERROR - 2017-08-11 09:14:57 --> Could not find the language line "mynt_icon_tmall"
ERROR - 2017-08-11 09:14:57 --> Could not find the language line "mynt_icon_youzan"
ERROR - 2017-08-11 09:14:57 --> Could not find the language line "mynt_buy_taobao"
ERROR - 2017-08-11 09:14:57 --> Could not find the language line "mynt_buy_tmall"
ERROR - 2017-08-11 09:14:57 --> Could not find the language line "mynt_buy_jd"
ERROR - 2017-08-11 09:15:01 --> Could not find the language line "mynt_buy_taobao"
ERROR - 2017-08-11 09:15:01 --> Could not find the language line "mynt_buy_tmall"
ERROR - 2017-08-11 09:15:01 --> Could not find the language line "mynt_buy_jd"
ERROR - 2017-08-11 09:15:01 --> Could not find the language line "mynt_icon_taobao"
ERROR - 2017-08-11 09:15:01 --> Could not find the language line "mynt_icon_tmall"
ERROR - 2017-08-11 09:15:01 --> Could not find the language line "mynt_icon_youzan"
ERROR - 2017-08-11 09:15:01 --> Could not find the language line "mynt_buy_taobao"
ERROR - 2017-08-11 09:15:01 --> Could not find the language line "mynt_buy_tmall"
ERROR - 2017-08-11 09:15:01 --> Could not find the language line "mynt_buy_jd"
ERROR - 2017-08-11 09:15:01 --> Could not find the language line "mynt_icon_taobao"
ERROR - 2017-08-11 09:15:01 --> Could not find the language line "mynt_icon_tmall"
ERROR - 2017-08-11 09:15:01 --> Could not find the language line "mynt_icon_youzan"
ERROR - 2017-08-11 09:15:02 --> Could not find the language line "mynt_buy_taobao"
ERROR - 2017-08-11 09:15:02 --> Could not find the language line "mynt_buy_tmall"
ERROR - 2017-08-11 09:15:02 --> Could not find the language line "mynt_buy_jd"
ERROR - 2017-08-11 09:15:32 --> Could not find the language line "mynt_buy_taobao"
ERROR - 2017-08-11 09:15:32 --> Could not find the language line "mynt_buy_tmall"
ERROR - 2017-08-11 09:15:32 --> Could not find the language line "mynt_buy_jd"
ERROR - 2017-08-11 09:15:34 --> Could not find the language line "mynt_buy_taobao"
ERROR - 2017-08-11 09:15:34 --> Could not find the language line "mynt_buy_tmall"
ERROR - 2017-08-11 09:15:34 --> Could not find the language line "mynt_buy_jd"
ERROR - 2017-08-11 09:15:34 --> Could not find the language line "mynt_icon_taobao"
ERROR - 2017-08-11 09:15:34 --> Could not find the language line "mynt_icon_tmall"
ERROR - 2017-08-11 09:15:34 --> Could not find the language line "mynt_icon_youzan"
ERROR - 2017-08-11 09:15:34 --> Could not find the language line "mynt_buy_taobao"
ERROR - 2017-08-11 09:15:34 --> Could not find the language line "mynt_buy_tmall"
ERROR - 2017-08-11 09:15:34 --> Could not find the language line "mynt_buy_jd"
ERROR - 2017-08-11 09:15:54 --> Could not find the language line "mynt_buy_taobao"
ERROR - 2017-08-11 09:15:54 --> Could not find the language line "mynt_buy_tmall"
ERROR - 2017-08-11 09:15:54 --> Could not find the language line "mynt_buy_jd"
ERROR - 2017-08-11 09:15:54 --> Could not find the language line "mynt_icon_taobao"
ERROR - 2017-08-11 09:15:54 --> Could not find the language line "mynt_icon_tmall"
ERROR - 2017-08-11 09:15:54 --> Could not find the language line "mynt_icon_youzan"
ERROR - 2017-08-11 09:15:55 --> Could not find the language line "mynt_buy_taobao"
ERROR - 2017-08-11 09:15:55 --> Could not find the language line "mynt_buy_tmall"
ERROR - 2017-08-11 09:15:55 --> Could not find the language line "mynt_buy_jd"
ERROR - 2017-08-11 09:28:37 --> Could not find the language line "mynt_buy_taobao"
ERROR - 2017-08-11 09:28:37 --> Could not find the language line "mynt_buy_tmall"
ERROR - 2017-08-11 09:28:37 --> Could not find the language line "mynt_buy_jd"
ERROR - 2017-08-11 09:28:39 --> Could not find the language line "mynt_buy_taobao"
ERROR - 2017-08-11 09:28:39 --> Could not find the language line "mynt_buy_tmall"
ERROR - 2017-08-11 09:28:39 --> Could not find the language line "mynt_buy_jd"
ERROR - 2017-08-11 09:28:39 --> Could not find the language line "mynt_icon_taobao"
ERROR - 2017-08-11 09:28:39 --> Could not find the language line "mynt_icon_tmall"
ERROR - 2017-08-11 09:28:39 --> Could not find the language line "mynt_icon_youzan"
ERROR - 2017-08-11 09:28:39 --> Could not find the language line "mynt_buy_taobao"
ERROR - 2017-08-11 09:28:39 --> Could not find the language line "mynt_buy_tmall"
ERROR - 2017-08-11 09:28:39 --> Could not find the language line "mynt_buy_jd"
ERROR - 2017-08-11 09:28:50 --> Could not find the language line "mynt_buy_taobao"
ERROR - 2017-08-11 09:28:50 --> Could not find the language line "mynt_buy_tmall"
ERROR - 2017-08-11 09:28:50 --> Could not find the language line "mynt_buy_jd"
ERROR - 2017-08-11 09:28:50 --> Could not find the language line "mynt_icon_taobao"
ERROR - 2017-08-11 09:28:50 --> Could not find the language line "mynt_icon_tmall"
ERROR - 2017-08-11 09:28:50 --> Could not find the language line "mynt_icon_youzan"
ERROR - 2017-08-11 09:28:51 --> Could not find the language line "mynt_buy_taobao"
ERROR - 2017-08-11 09:28:51 --> Could not find the language line "mynt_buy_tmall"
ERROR - 2017-08-11 09:28:51 --> Could not find the language line "mynt_buy_jd"
ERROR - 2017-08-11 09:28:54 --> Could not find the language line "mynt_buy_taobao"
ERROR - 2017-08-11 09:28:54 --> Could not find the language line "mynt_buy_tmall"
ERROR - 2017-08-11 09:28:54 --> Could not find the language line "mynt_buy_jd"
ERROR - 2017-08-11 09:28:56 --> Could not find the language line "mynt_buy_taobao"
ERROR - 2017-08-11 09:28:56 --> Could not find the language line "mynt_buy_tmall"
ERROR - 2017-08-11 09:28:56 --> Could not find the language line "mynt_buy_jd"
ERROR - 2017-08-11 09:28:56 --> Could not find the language line "mynt_icon_taobao"
ERROR - 2017-08-11 09:28:56 --> Could not find the language line "mynt_icon_tmall"
ERROR - 2017-08-11 09:28:56 --> Could not find the language line "mynt_icon_youzan"
ERROR - 2017-08-11 09:28:56 --> Could not find the language line "mynt_buy_taobao"
ERROR - 2017-08-11 09:28:56 --> Could not find the language line "mynt_buy_tmall"
ERROR - 2017-08-11 09:28:56 --> Could not find the language line "mynt_buy_jd"
ERROR - 2017-08-11 09:29:04 --> Could not find the language line "mynt_buy_taobao"
ERROR - 2017-08-11 09:29:04 --> Could not find the language line "mynt_buy_tmall"
ERROR - 2017-08-11 09:29:04 --> Could not find the language line "mynt_buy_jd"
ERROR - 2017-08-11 09:29:04 --> Could not find the language line "mynt_buy_taobao"
ERROR - 2017-08-11 09:29:04 --> Could not find the language line "mynt_buy_tmall"
ERROR - 2017-08-11 09:29:04 --> Could not find the language line "mynt_buy_jd"
ERROR - 2017-08-11 09:29:04 --> Could not find the language line "mynt_icon_taobao"
ERROR - 2017-08-11 09:29:04 --> Could not find the language line "mynt_icon_tmall"
ERROR - 2017-08-11 09:29:04 --> Could not find the language line "mynt_icon_youzan"
ERROR - 2017-08-11 09:29:05 --> Could not find the language line "mynt_buy_taobao"
ERROR - 2017-08-11 09:29:05 --> Could not find the language line "mynt_buy_tmall"
ERROR - 2017-08-11 09:29:05 --> Could not find the language line "mynt_buy_jd"
ERROR - 2017-08-11 09:29:24 --> Could not find the language line "mynt_buy_taobao"
ERROR - 2017-08-11 09:29:24 --> Could not find the language line "mynt_buy_tmall"
ERROR - 2017-08-11 09:29:24 --> Could not find the language line "mynt_buy_jd"
ERROR - 2017-08-11 09:29:24 --> Could not find the language line "mynt_icon_taobao"
ERROR - 2017-08-11 09:29:24 --> Could not find the language line "mynt_icon_tmall"
ERROR - 2017-08-11 09:29:24 --> Could not find the language line "mynt_icon_youzan"
ERROR - 2017-08-11 09:29:24 --> Could not find the language line "mynt_buy_taobao"
ERROR - 2017-08-11 09:29:24 --> Could not find the language line "mynt_buy_tmall"
ERROR - 2017-08-11 09:29:24 --> Could not find the language line "mynt_buy_jd"
ERROR - 2017-08-11 09:29:29 --> Could not find the language line "mynt_buy_taobao"
ERROR - 2017-08-11 09:29:29 --> Could not find the language line "mynt_buy_tmall"
ERROR - 2017-08-11 09:29:29 --> Could not find the language line "mynt_buy_jd"
ERROR - 2017-08-11 09:29:29 --> Could not find the language line "mynt_icon_taobao"
ERROR - 2017-08-11 09:29:29 --> Could not find the language line "mynt_icon_tmall"
ERROR - 2017-08-11 09:29:29 --> Could not find the language line "mynt_icon_youzan"
ERROR - 2017-08-11 09:29:29 --> Could not find the language line "mynt_buy_taobao"
ERROR - 2017-08-11 09:29:29 --> Could not find the language line "mynt_buy_tmall"
ERROR - 2017-08-11 09:29:29 --> Could not find the language line "mynt_buy_jd"
ERROR - 2017-08-11 09:32:19 --> Could not find the language line "mynt_buy_taobao"
ERROR - 2017-08-11 09:32:19 --> Could not find the language line "mynt_buy_tmall"
ERROR - 2017-08-11 09:32:19 --> Could not find the language line "mynt_buy_jd"
ERROR - 2017-08-11 09:32:20 --> Could not find the language line "mynt_buy_taobao"
ERROR - 2017-08-11 09:32:20 --> Could not find the language line "mynt_buy_tmall"
ERROR - 2017-08-11 09:32:20 --> Could not find the language line "mynt_buy_jd"
ERROR - 2017-08-11 09:32:20 --> Could not find the language line "mynt_icon_taobao"
ERROR - 2017-08-11 09:32:20 --> Could not find the language line "mynt_icon_tmall"
ERROR - 2017-08-11 09:32:20 --> Could not find the language line "mynt_icon_youzan"
ERROR - 2017-08-11 09:32:22 --> Could not find the language line "mynt_buy_taobao"
ERROR - 2017-08-11 09:32:22 --> Could not find the language line "mynt_buy_tmall"
ERROR - 2017-08-11 09:32:22 --> Could not find the language line "mynt_buy_jd"
ERROR - 2017-08-11 09:32:26 --> Could not find the language line "mynt_buy_taobao"
ERROR - 2017-08-11 09:32:26 --> Could not find the language line "mynt_buy_tmall"
ERROR - 2017-08-11 09:32:26 --> Could not find the language line "mynt_buy_jd"
ERROR - 2017-08-11 09:32:26 --> Could not find the language line "mynt_icon_taobao"
ERROR - 2017-08-11 09:32:26 --> Could not find the language line "mynt_icon_tmall"
ERROR - 2017-08-11 09:32:26 --> Could not find the language line "mynt_icon_youzan"
ERROR - 2017-08-11 09:32:26 --> Could not find the language line "mynt_buy_taobao"
ERROR - 2017-08-11 09:32:26 --> Could not find the language line "mynt_buy_tmall"
ERROR - 2017-08-11 09:32:26 --> Could not find the language line "mynt_buy_jd"
ERROR - 2017-08-11 09:32:30 --> Could not find the language line "mynt_buy_taobao"
ERROR - 2017-08-11 09:32:30 --> Could not find the language line "mynt_buy_tmall"
ERROR - 2017-08-11 09:32:30 --> Could not find the language line "mynt_buy_jd"
ERROR - 2017-08-11 09:32:32 --> Could not find the language line "mynt_buy_taobao"
ERROR - 2017-08-11 09:32:32 --> Could not find the language line "mynt_buy_tmall"
ERROR - 2017-08-11 09:32:32 --> Could not find the language line "mynt_buy_jd"
ERROR - 2017-08-11 09:32:32 --> Could not find the language line "mynt_icon_taobao"
ERROR - 2017-08-11 09:32:32 --> Could not find the language line "mynt_icon_tmall"
ERROR - 2017-08-11 09:32:32 --> Could not find the language line "mynt_icon_youzan"
ERROR - 2017-08-11 09:32:32 --> Could not find the language line "mynt_buy_taobao"
ERROR - 2017-08-11 09:32:32 --> Could not find the language line "mynt_buy_tmall"
ERROR - 2017-08-11 09:32:32 --> Could not find the language line "mynt_buy_jd"
ERROR - 2017-08-11 09:33:31 --> Could not find the language line "mynt_buy_taobao"
ERROR - 2017-08-11 09:33:31 --> Could not find the language line "mynt_buy_tmall"
ERROR - 2017-08-11 09:33:31 --> Could not find the language line "mynt_buy_jd"
ERROR - 2017-08-11 09:33:31 --> Could not find the language line "mynt_icon_taobao"
ERROR - 2017-08-11 09:33:31 --> Could not find the language line "mynt_icon_tmall"
ERROR - 2017-08-11 09:33:31 --> Could not find the language line "mynt_icon_youzan"
ERROR - 2017-08-11 09:33:31 --> Could not find the language line "mynt_buy_taobao"
ERROR - 2017-08-11 09:33:31 --> Could not find the language line "mynt_buy_tmall"
ERROR - 2017-08-11 09:33:31 --> Could not find the language line "mynt_buy_jd"
ERROR - 2017-08-11 09:33:34 --> Could not find the language line "mynt_buy_taobao"
ERROR - 2017-08-11 09:33:34 --> Could not find the language line "mynt_buy_tmall"
ERROR - 2017-08-11 09:33:34 --> Could not find the language line "mynt_buy_jd"
ERROR - 2017-08-11 09:33:39 --> Could not find the language line "mynt_buy_taobao"
ERROR - 2017-08-11 09:33:39 --> Could not find the language line "mynt_buy_tmall"
ERROR - 2017-08-11 09:33:39 --> Could not find the language line "mynt_buy_jd"
ERROR - 2017-08-11 09:33:39 --> Could not find the language line "mynt_icon_taobao"
ERROR - 2017-08-11 09:33:39 --> Could not find the language line "mynt_icon_tmall"
ERROR - 2017-08-11 09:33:39 --> Could not find the language line "mynt_icon_youzan"
ERROR - 2017-08-11 09:33:39 --> Could not find the language line "mynt_buy_taobao"
ERROR - 2017-08-11 09:33:39 --> Could not find the language line "mynt_buy_tmall"
ERROR - 2017-08-11 09:33:39 --> Could not find the language line "mynt_buy_jd"
ERROR - 2017-08-11 09:36:45 --> Could not find the language line "mynt_buy_taobao"
ERROR - 2017-08-11 09:36:45 --> Could not find the language line "mynt_buy_tmall"
ERROR - 2017-08-11 09:36:45 --> Could not find the language line "mynt_buy_jd"
ERROR - 2017-08-11 09:36:45 --> Could not find the language line "mynt_icon_taobao"
ERROR - 2017-08-11 09:36:45 --> Could not find the language line "mynt_icon_tmall"
ERROR - 2017-08-11 09:36:45 --> Could not find the language line "mynt_icon_youzan"
ERROR - 2017-08-11 09:36:46 --> Could not find the language line "mynt_buy_taobao"
ERROR - 2017-08-11 09:36:46 --> Could not find the language line "mynt_buy_tmall"
ERROR - 2017-08-11 09:36:46 --> Could not find the language line "mynt_buy_jd"
ERROR - 2017-08-11 09:36:49 --> Could not find the language line "mynt_buy_taobao"
ERROR - 2017-08-11 09:36:49 --> Could not find the language line "mynt_buy_tmall"
ERROR - 2017-08-11 09:36:49 --> Could not find the language line "mynt_buy_jd"
ERROR - 2017-08-11 09:36:51 --> Could not find the language line "mynt_buy_taobao"
ERROR - 2017-08-11 09:36:51 --> Could not find the language line "mynt_buy_tmall"
ERROR - 2017-08-11 09:36:51 --> Could not find the language line "mynt_buy_jd"
ERROR - 2017-08-11 09:36:51 --> Could not find the language line "mynt_icon_taobao"
ERROR - 2017-08-11 09:36:51 --> Could not find the language line "mynt_icon_tmall"
ERROR - 2017-08-11 09:36:51 --> Could not find the language line "mynt_icon_youzan"
ERROR - 2017-08-11 09:36:52 --> Could not find the language line "mynt_buy_taobao"
ERROR - 2017-08-11 09:36:52 --> Could not find the language line "mynt_buy_tmall"
ERROR - 2017-08-11 09:36:52 --> Could not find the language line "mynt_buy_jd"
ERROR - 2017-08-11 09:36:55 --> Could not find the language line "mynt_buy_taobao"
ERROR - 2017-08-11 09:36:55 --> Could not find the language line "mynt_buy_tmall"
ERROR - 2017-08-11 09:36:55 --> Could not find the language line "mynt_buy_jd"
ERROR - 2017-08-11 09:36:58 --> Could not find the language line "mynt_buy_taobao"
ERROR - 2017-08-11 09:36:58 --> Could not find the language line "mynt_buy_tmall"
ERROR - 2017-08-11 09:36:58 --> Could not find the language line "mynt_buy_jd"
ERROR - 2017-08-11 09:36:58 --> Could not find the language line "mynt_icon_taobao"
ERROR - 2017-08-11 09:36:58 --> Could not find the language line "mynt_icon_tmall"
ERROR - 2017-08-11 09:36:58 --> Could not find the language line "mynt_icon_youzan"
ERROR - 2017-08-11 09:36:58 --> Could not find the language line "mynt_buy_taobao"
ERROR - 2017-08-11 09:36:58 --> Could not find the language line "mynt_buy_tmall"
ERROR - 2017-08-11 09:36:58 --> Could not find the language line "mynt_buy_jd"
ERROR - 2017-08-11 09:37:00 --> Could not find the language line "mynt_buy_taobao"
ERROR - 2017-08-11 09:37:00 --> Could not find the language line "mynt_buy_tmall"
ERROR - 2017-08-11 09:37:00 --> Could not find the language line "mynt_buy_jd"
ERROR - 2017-08-11 09:37:02 --> Could not find the language line "mynt_buy_taobao"
ERROR - 2017-08-11 09:37:02 --> Could not find the language line "mynt_buy_tmall"
ERROR - 2017-08-11 09:37:02 --> Could not find the language line "mynt_buy_jd"
ERROR - 2017-08-11 09:37:02 --> Could not find the language line "mynt_icon_taobao"
ERROR - 2017-08-11 09:37:02 --> Could not find the language line "mynt_icon_tmall"
ERROR - 2017-08-11 09:37:02 --> Could not find the language line "mynt_icon_youzan"
ERROR - 2017-08-11 09:37:02 --> Could not find the language line "mynt_buy_taobao"
ERROR - 2017-08-11 09:37:02 --> Could not find the language line "mynt_buy_tmall"
ERROR - 2017-08-11 09:37:02 --> Could not find the language line "mynt_buy_jd"
ERROR - 2017-08-11 09:37:08 --> Could not find the language line "mynt_buy_taobao"
ERROR - 2017-08-11 09:37:08 --> Could not find the language line "mynt_buy_tmall"
ERROR - 2017-08-11 09:37:08 --> Could not find the language line "mynt_buy_jd"
ERROR - 2017-08-11 09:37:08 --> Could not find the language line "mynt_icon_taobao"
ERROR - 2017-08-11 09:37:08 --> Could not find the language line "mynt_icon_tmall"
ERROR - 2017-08-11 09:37:08 --> Could not find the language line "mynt_icon_youzan"
ERROR - 2017-08-11 09:37:08 --> Could not find the language line "mynt_buy_taobao"
ERROR - 2017-08-11 09:37:08 --> Could not find the language line "mynt_buy_tmall"
ERROR - 2017-08-11 09:37:08 --> Could not find the language line "mynt_buy_jd"
ERROR - 2017-08-11 09:37:08 --> Could not find the language line "mynt_buy_taobao"
ERROR - 2017-08-11 09:37:08 --> Could not find the language line "mynt_buy_tmall"
ERROR - 2017-08-11 09:37:08 --> Could not find the language line "mynt_buy_jd"
ERROR - 2017-08-11 09:37:08 --> Could not find the language line "mynt_icon_taobao"
ERROR - 2017-08-11 09:37:08 --> Could not find the language line "mynt_icon_tmall"
ERROR - 2017-08-11 09:37:08 --> Could not find the language line "mynt_icon_youzan"
ERROR - 2017-08-11 09:37:08 --> Could not find the language line "mynt_buy_taobao"
ERROR - 2017-08-11 09:37:08 --> Could not find the language line "mynt_buy_tmall"
ERROR - 2017-08-11 09:37:08 --> Could not find the language line "mynt_buy_jd"
ERROR - 2017-08-11 09:37:25 --> Could not find the language line "mynt_buy_taobao"
ERROR - 2017-08-11 09:37:25 --> Could not find the language line "mynt_buy_tmall"
ERROR - 2017-08-11 09:37:25 --> Could not find the language line "mynt_buy_jd"
ERROR - 2017-08-11 09:37:26 --> Could not find the language line "mynt_buy_taobao"
ERROR - 2017-08-11 09:37:26 --> Could not find the language line "mynt_buy_tmall"
ERROR - 2017-08-11 09:37:26 --> Could not find the language line "mynt_buy_jd"
ERROR - 2017-08-11 09:37:26 --> Could not find the language line "mynt_icon_taobao"
ERROR - 2017-08-11 09:37:26 --> Could not find the language line "mynt_icon_tmall"
ERROR - 2017-08-11 09:37:26 --> Could not find the language line "mynt_icon_youzan"
ERROR - 2017-08-11 09:37:27 --> Could not find the language line "mynt_buy_taobao"
ERROR - 2017-08-11 09:37:27 --> Could not find the language line "mynt_buy_tmall"
ERROR - 2017-08-11 09:37:27 --> Could not find the language line "mynt_buy_jd"
ERROR - 2017-08-11 09:38:43 --> Could not find the language line "mynt_buy_taobao"
ERROR - 2017-08-11 09:38:43 --> Could not find the language line "mynt_buy_tmall"
ERROR - 2017-08-11 09:38:43 --> Could not find the language line "mynt_buy_jd"
ERROR - 2017-08-11 09:38:47 --> Could not find the language line "mynt_buy_taobao"
ERROR - 2017-08-11 09:38:47 --> Could not find the language line "mynt_buy_tmall"
ERROR - 2017-08-11 09:38:47 --> Could not find the language line "mynt_buy_jd"
ERROR - 2017-08-11 09:38:47 --> Could not find the language line "mynt_icon_taobao"
ERROR - 2017-08-11 09:38:47 --> Could not find the language line "mynt_icon_tmall"
ERROR - 2017-08-11 09:38:47 --> Could not find the language line "mynt_icon_youzan"
ERROR - 2017-08-11 09:38:47 --> Could not find the language line "mynt_buy_taobao"
ERROR - 2017-08-11 09:38:47 --> Could not find the language line "mynt_buy_tmall"
ERROR - 2017-08-11 09:38:47 --> Could not find the language line "mynt_buy_jd"
ERROR - 2017-08-11 09:39:28 --> Could not find the language line "mynt_buy_taobao"
ERROR - 2017-08-11 09:39:28 --> Could not find the language line "mynt_buy_tmall"
ERROR - 2017-08-11 09:39:28 --> Could not find the language line "mynt_buy_jd"
ERROR - 2017-08-11 09:39:28 --> Could not find the language line "mynt_icon_taobao"
ERROR - 2017-08-11 09:39:28 --> Could not find the language line "mynt_icon_tmall"
ERROR - 2017-08-11 09:39:28 --> Could not find the language line "mynt_icon_youzan"
ERROR - 2017-08-11 09:39:28 --> Could not find the language line "mynt_buy_taobao"
ERROR - 2017-08-11 09:39:28 --> Could not find the language line "mynt_buy_tmall"
ERROR - 2017-08-11 09:39:28 --> Could not find the language line "mynt_buy_jd"
ERROR - 2017-08-11 09:39:37 --> Could not find the language line "mynt_buy_taobao"
ERROR - 2017-08-11 09:39:37 --> Could not find the language line "mynt_buy_tmall"
ERROR - 2017-08-11 09:39:37 --> Could not find the language line "mynt_buy_jd"
ERROR - 2017-08-11 09:39:38 --> Could not find the language line "mynt_buy_taobao"
ERROR - 2017-08-11 09:39:38 --> Could not find the language line "mynt_buy_tmall"
ERROR - 2017-08-11 09:39:38 --> Could not find the language line "mynt_buy_jd"
ERROR - 2017-08-11 09:39:38 --> Could not find the language line "mynt_icon_taobao"
ERROR - 2017-08-11 09:39:38 --> Could not find the language line "mynt_icon_tmall"
ERROR - 2017-08-11 09:39:38 --> Could not find the language line "mynt_icon_youzan"
ERROR - 2017-08-11 09:39:39 --> Could not find the language line "mynt_buy_taobao"
ERROR - 2017-08-11 09:39:39 --> Could not find the language line "mynt_buy_tmall"
ERROR - 2017-08-11 09:39:39 --> Could not find the language line "mynt_buy_jd"
ERROR - 2017-08-11 09:40:01 --> Could not find the language line "mynt_buy_taobao"
ERROR - 2017-08-11 09:40:01 --> Could not find the language line "mynt_buy_tmall"
ERROR - 2017-08-11 09:40:01 --> Could not find the language line "mynt_buy_jd"
ERROR - 2017-08-11 09:40:01 --> Could not find the language line "mynt_icon_taobao"
ERROR - 2017-08-11 09:40:01 --> Could not find the language line "mynt_icon_tmall"
ERROR - 2017-08-11 09:40:01 --> Could not find the language line "mynt_icon_youzan"
ERROR - 2017-08-11 09:40:02 --> Could not find the language line "mynt_buy_taobao"
ERROR - 2017-08-11 09:40:02 --> Could not find the language line "mynt_buy_tmall"
ERROR - 2017-08-11 09:40:02 --> Could not find the language line "mynt_buy_jd"
ERROR - 2017-08-11 09:40:05 --> Could not find the language line "mynt_buy_taobao"
ERROR - 2017-08-11 09:40:05 --> Could not find the language line "mynt_buy_tmall"
ERROR - 2017-08-11 09:40:05 --> Could not find the language line "mynt_buy_jd"
ERROR - 2017-08-11 09:40:07 --> Could not find the language line "mynt_buy_taobao"
ERROR - 2017-08-11 09:40:07 --> Could not find the language line "mynt_buy_tmall"
ERROR - 2017-08-11 09:40:07 --> Could not find the language line "mynt_buy_jd"
ERROR - 2017-08-11 09:40:07 --> Could not find the language line "mynt_icon_taobao"
ERROR - 2017-08-11 09:40:07 --> Could not find the language line "mynt_icon_tmall"
ERROR - 2017-08-11 09:40:07 --> Could not find the language line "mynt_icon_youzan"
ERROR - 2017-08-11 09:40:08 --> Could not find the language line "mynt_buy_taobao"
ERROR - 2017-08-11 09:40:08 --> Could not find the language line "mynt_buy_tmall"
ERROR - 2017-08-11 09:40:08 --> Could not find the language line "mynt_buy_jd"
ERROR - 2017-08-11 09:40:16 --> Could not find the language line "mynt_buy_taobao"
ERROR - 2017-08-11 09:40:16 --> Could not find the language line "mynt_buy_tmall"
ERROR - 2017-08-11 09:40:16 --> Could not find the language line "mynt_buy_jd"
ERROR - 2017-08-11 09:40:18 --> Could not find the language line "mynt_buy_taobao"
ERROR - 2017-08-11 09:40:18 --> Could not find the language line "mynt_buy_tmall"
ERROR - 2017-08-11 09:40:18 --> Could not find the language line "mynt_buy_jd"
ERROR - 2017-08-11 09:40:18 --> Could not find the language line "mynt_icon_taobao"
ERROR - 2017-08-11 09:40:18 --> Could not find the language line "mynt_icon_tmall"
ERROR - 2017-08-11 09:40:18 --> Could not find the language line "mynt_icon_youzan"
ERROR - 2017-08-11 09:40:18 --> Could not find the language line "mynt_buy_taobao"
ERROR - 2017-08-11 09:40:18 --> Could not find the language line "mynt_buy_tmall"
ERROR - 2017-08-11 09:40:18 --> Could not find the language line "mynt_buy_jd"
ERROR - 2017-08-11 09:47:08 --> Could not find the language line "mynt_buy_taobao"
ERROR - 2017-08-11 09:47:08 --> Could not find the language line "mynt_buy_tmall"
ERROR - 2017-08-11 09:47:08 --> Could not find the language line "mynt_buy_jd"
ERROR - 2017-08-11 09:47:08 --> Could not find the language line "mynt_icon_taobao"
ERROR - 2017-08-11 09:47:08 --> Could not find the language line "mynt_icon_tmall"
ERROR - 2017-08-11 09:47:08 --> Could not find the language line "mynt_icon_youzan"
ERROR - 2017-08-11 09:47:09 --> Could not find the language line "mynt_buy_taobao"
ERROR - 2017-08-11 09:47:09 --> Could not find the language line "mynt_buy_tmall"
ERROR - 2017-08-11 09:47:09 --> Could not find the language line "mynt_buy_jd"
ERROR - 2017-08-11 09:47:21 --> Could not find the language line "mynt_buy_taobao"
ERROR - 2017-08-11 09:47:21 --> Could not find the language line "mynt_buy_tmall"
ERROR - 2017-08-11 09:47:21 --> Could not find the language line "mynt_buy_jd"
ERROR - 2017-08-11 09:47:23 --> Could not find the language line "mynt_buy_taobao"
ERROR - 2017-08-11 09:47:23 --> Could not find the language line "mynt_buy_tmall"
ERROR - 2017-08-11 09:47:23 --> Could not find the language line "mynt_buy_jd"
ERROR - 2017-08-11 09:47:23 --> Could not find the language line "mynt_icon_taobao"
ERROR - 2017-08-11 09:47:23 --> Could not find the language line "mynt_icon_tmall"
ERROR - 2017-08-11 09:47:23 --> Could not find the language line "mynt_icon_youzan"
ERROR - 2017-08-11 09:47:24 --> Could not find the language line "mynt_buy_taobao"
ERROR - 2017-08-11 09:47:24 --> Could not find the language line "mynt_buy_tmall"
ERROR - 2017-08-11 09:47:24 --> Could not find the language line "mynt_buy_jd"
ERROR - 2017-08-11 09:47:30 --> Could not find the language line "mynt_buy_taobao"
ERROR - 2017-08-11 09:47:30 --> Could not find the language line "mynt_buy_tmall"
ERROR - 2017-08-11 09:47:30 --> Could not find the language line "mynt_buy_jd"
ERROR - 2017-08-11 09:47:30 --> Could not find the language line "mynt_icon_taobao"
ERROR - 2017-08-11 09:47:30 --> Could not find the language line "mynt_icon_tmall"
ERROR - 2017-08-11 09:47:30 --> Could not find the language line "mynt_icon_youzan"
ERROR - 2017-08-11 09:47:31 --> Could not find the language line "mynt_buy_taobao"
ERROR - 2017-08-11 09:47:31 --> Could not find the language line "mynt_buy_tmall"
ERROR - 2017-08-11 09:47:31 --> Could not find the language line "mynt_buy_jd"
ERROR - 2017-08-11 09:47:47 --> Could not find the language line "mynt_buy_taobao"
ERROR - 2017-08-11 09:47:47 --> Could not find the language line "mynt_buy_tmall"
ERROR - 2017-08-11 09:47:47 --> Could not find the language line "mynt_buy_jd"
ERROR - 2017-08-11 09:48:06 --> Could not find the language line "mynt_buy_taobao"
ERROR - 2017-08-11 09:48:06 --> Could not find the language line "mynt_buy_tmall"
ERROR - 2017-08-11 09:48:06 --> Could not find the language line "mynt_buy_jd"
ERROR - 2017-08-11 09:48:06 --> Could not find the language line "mynt_icon_taobao"
ERROR - 2017-08-11 09:48:06 --> Could not find the language line "mynt_icon_tmall"
ERROR - 2017-08-11 09:48:06 --> Could not find the language line "mynt_icon_youzan"
ERROR - 2017-08-11 09:48:07 --> Could not find the language line "mynt_buy_taobao"
ERROR - 2017-08-11 09:48:07 --> Could not find the language line "mynt_buy_tmall"
ERROR - 2017-08-11 09:48:07 --> Could not find the language line "mynt_buy_jd"
ERROR - 2017-08-11 09:48:15 --> Could not find the language line "mynt_buy_taobao"
ERROR - 2017-08-11 09:48:15 --> Could not find the language line "mynt_buy_tmall"
ERROR - 2017-08-11 09:48:15 --> Could not find the language line "mynt_buy_jd"
ERROR - 2017-08-11 09:48:16 --> Could not find the language line "mynt_buy_taobao"
ERROR - 2017-08-11 09:48:16 --> Could not find the language line "mynt_buy_tmall"
ERROR - 2017-08-11 09:48:16 --> Could not find the language line "mynt_buy_jd"
ERROR - 2017-08-11 09:48:16 --> Could not find the language line "mynt_icon_taobao"
ERROR - 2017-08-11 09:48:16 --> Could not find the language line "mynt_icon_tmall"
ERROR - 2017-08-11 09:48:16 --> Could not find the language line "mynt_icon_youzan"
ERROR - 2017-08-11 09:48:16 --> Could not find the language line "mynt_buy_taobao"
ERROR - 2017-08-11 09:48:16 --> Could not find the language line "mynt_buy_tmall"
ERROR - 2017-08-11 09:48:16 --> Could not find the language line "mynt_buy_jd"
ERROR - 2017-08-11 09:59:54 --> Could not find the language line "mynt_buy_taobao"
ERROR - 2017-08-11 09:59:54 --> Could not find the language line "mynt_buy_tmall"
ERROR - 2017-08-11 09:59:54 --> Could not find the language line "mynt_buy_jd"
ERROR - 2017-08-11 09:59:54 --> Could not find the language line "mynt_icon_taobao"
ERROR - 2017-08-11 09:59:54 --> Could not find the language line "mynt_icon_tmall"
ERROR - 2017-08-11 09:59:54 --> Could not find the language line "mynt_icon_youzan"
ERROR - 2017-08-11 09:59:54 --> Could not find the language line "mynt_buy_taobao"
ERROR - 2017-08-11 09:59:54 --> Could not find the language line "mynt_buy_tmall"
ERROR - 2017-08-11 09:59:54 --> Could not find the language line "mynt_buy_jd"
ERROR - 2017-08-11 09:59:59 --> Could not find the language line "mynt_buy_taobao"
ERROR - 2017-08-11 09:59:59 --> Could not find the language line "mynt_buy_tmall"
ERROR - 2017-08-11 09:59:59 --> Could not find the language line "mynt_buy_jd"
ERROR - 2017-08-11 10:00:01 --> Could not find the language line "mynt_buy_taobao"
ERROR - 2017-08-11 10:00:01 --> Could not find the language line "mynt_buy_tmall"
ERROR - 2017-08-11 10:00:01 --> Could not find the language line "mynt_buy_jd"
ERROR - 2017-08-11 10:00:01 --> Could not find the language line "mynt_icon_taobao"
ERROR - 2017-08-11 10:00:01 --> Could not find the language line "mynt_icon_tmall"
ERROR - 2017-08-11 10:00:01 --> Could not find the language line "mynt_icon_youzan"
ERROR - 2017-08-11 10:00:01 --> Could not find the language line "mynt_buy_taobao"
ERROR - 2017-08-11 10:00:01 --> Could not find the language line "mynt_buy_tmall"
ERROR - 2017-08-11 10:00:01 --> Could not find the language line "mynt_buy_jd"
