ERROR - 2017-07-18 07:38:35 --> Could not find the language line "mynt_buy_taobao"
ERROR - 2017-07-18 07:38:35 --> Could not find the language line "mynt_buy_tmall"
ERROR - 2017-07-18 07:38:35 --> Could not find the language line "mynt_buy_jd"
ERROR - 2017-07-18 07:38:35 --> Could not find the language line "home_cloud_title"
ERROR - 2017-07-18 07:38:35 --> Could not find the language line "home_cloud_intro"
ERROR - 2017-07-18 07:38:35 --> Could not find the language line "mynt_icon_taobao"
ERROR - 2017-07-18 07:38:35 --> Could not find the language line "mynt_icon_tmall"
ERROR - 2017-07-18 07:38:35 --> Could not find the language line "mynt_icon_youzan"
ERROR - 2017-07-18 07:38:35 --> Could not find the language line "mynt_buy_taobao"
ERROR - 2017-07-18 07:38:35 --> Could not find the language line "mynt_buy_tmall"
ERROR - 2017-07-18 07:38:35 --> Could not find the language line "mynt_buy_jd"
ERROR - 2017-07-18 07:38:39 --> Could not find the language line "home_cloud_title"
ERROR - 2017-07-18 07:38:39 --> Could not find the language line "home_cloud_intro"
ERROR - 2017-07-18 07:38:39 --> Could not find the language line "mynt_buy_taobao"
ERROR - 2017-07-18 07:38:39 --> Could not find the language line "mynt_buy_tmall"
ERROR - 2017-07-18 07:38:39 --> Could not find the language line "mynt_buy_jd"
ERROR - 2017-07-18 07:38:41 --> Could not find the language line "mynt_buy_taobao"
ERROR - 2017-07-18 07:38:41 --> Could not find the language line "mynt_buy_tmall"
ERROR - 2017-07-18 07:38:41 --> Could not find the language line "mynt_buy_jd"
ERROR - 2017-07-18 07:41:17 --> Could not find the language line "mynt_buy_taobao"
ERROR - 2017-07-18 07:41:17 --> Could not find the language line "mynt_buy_tmall"
ERROR - 2017-07-18 07:41:17 --> Could not find the language line "mynt_buy_jd"
ERROR - 2017-07-18 07:42:58 --> Could not find the language line "mynt_buy_taobao"
ERROR - 2017-07-18 07:42:58 --> Could not find the language line "mynt_buy_tmall"
ERROR - 2017-07-18 07:42:58 --> Could not find the language line "mynt_buy_jd"
ERROR - 2017-07-18 07:46:11 --> Could not find the language line "mynt_buy_taobao"
ERROR - 2017-07-18 07:46:11 --> Could not find the language line "mynt_buy_tmall"
ERROR - 2017-07-18 07:46:11 --> Could not find the language line "mynt_buy_jd"
ERROR - 2017-07-18 08:13:22 --> Could not find the language line "mynt_buy_taobao"
ERROR - 2017-07-18 08:13:22 --> Could not find the language line "mynt_buy_tmall"
ERROR - 2017-07-18 08:13:22 --> Could not find the language line "mynt_buy_jd"
ERROR - 2017-07-18 08:15:29 --> Could not find the language line "mynt_buy_taobao"
ERROR - 2017-07-18 08:15:29 --> Could not find the language line "mynt_buy_tmall"
ERROR - 2017-07-18 08:15:29 --> Could not find the language line "mynt_buy_jd"
ERROR - 2017-07-18 08:15:31 --> Could not find the language line "mynt_buy_taobao"
ERROR - 2017-07-18 08:15:31 --> Could not find the language line "mynt_buy_tmall"
ERROR - 2017-07-18 08:15:31 --> Could not find the language line "mynt_buy_jd"
ERROR - 2017-07-18 08:20:48 --> Could not find the language line "mynt_buy_taobao"
ERROR - 2017-07-18 08:20:48 --> Could not find the language line "mynt_buy_tmall"
ERROR - 2017-07-18 08:20:48 --> Could not find the language line "mynt_buy_jd"
ERROR - 2017-07-18 08:21:16 --> Could not find the language line "mynt_buy_taobao"
ERROR - 2017-07-18 08:21:16 --> Could not find the language line "mynt_buy_tmall"
ERROR - 2017-07-18 08:21:16 --> Could not find the language line "mynt_buy_jd"
ERROR - 2017-07-18 08:22:03 --> Could not find the language line "mynt_buy_taobao"
ERROR - 2017-07-18 08:22:03 --> Could not find the language line "mynt_buy_tmall"
ERROR - 2017-07-18 08:22:03 --> Could not find the language line "mynt_buy_jd"
ERROR - 2017-07-18 08:22:27 --> Could not find the language line "mynt_buy_taobao"
ERROR - 2017-07-18 08:22:27 --> Could not find the language line "mynt_buy_tmall"
ERROR - 2017-07-18 08:22:27 --> Could not find the language line "mynt_buy_jd"
ERROR - 2017-07-18 08:23:00 --> Could not find the language line "mynt_buy_taobao"
ERROR - 2017-07-18 08:23:00 --> Could not find the language line "mynt_buy_tmall"
ERROR - 2017-07-18 08:23:00 --> Could not find the language line "mynt_buy_jd"
ERROR - 2017-07-18 08:24:14 --> Could not find the language line "home_cloud_title"
ERROR - 2017-07-18 08:24:14 --> Could not find the language line "home_cloud_intro"
ERROR - 2017-07-18 08:24:14 --> Could not find the language line "mynt_buy_taobao"
ERROR - 2017-07-18 08:24:14 --> Could not find the language line "mynt_buy_tmall"
ERROR - 2017-07-18 08:24:14 --> Could not find the language line "mynt_buy_jd"
ERROR - 2017-07-18 08:27:57 --> Could not find the language line "home_cloud_title"
ERROR - 2017-07-18 08:27:57 --> Could not find the language line "home_cloud_intro"
ERROR - 2017-07-18 08:27:58 --> Could not find the language line "mynt_buy_taobao"
ERROR - 2017-07-18 08:27:58 --> Could not find the language line "mynt_buy_tmall"
ERROR - 2017-07-18 08:27:58 --> Could not find the language line "mynt_buy_jd"
ERROR - 2017-07-18 08:28:35 --> Could not find the language line "home_cloud_title"
ERROR - 2017-07-18 08:28:35 --> Could not find the language line "home_cloud_intro"
ERROR - 2017-07-18 08:28:35 --> Could not find the language line "mynt_buy_taobao"
ERROR - 2017-07-18 08:28:35 --> Could not find the language line "mynt_buy_tmall"
ERROR - 2017-07-18 08:28:35 --> Could not find the language line "mynt_buy_jd"
ERROR - 2017-07-18 08:29:40 --> Could not find the language line "home_cloud_title"
ERROR - 2017-07-18 08:29:40 --> Could not find the language line "home_cloud_intro"
ERROR - 2017-07-18 08:29:42 --> Could not find the language line "mynt_buy_taobao"
ERROR - 2017-07-18 08:29:42 --> Could not find the language line "mynt_buy_tmall"
ERROR - 2017-07-18 08:29:42 --> Could not find the language line "mynt_buy_jd"
ERROR - 2017-07-18 08:31:20 --> Could not find the language line "home_cloud_title"
ERROR - 2017-07-18 08:31:20 --> Could not find the language line "home_cloud_intro"
ERROR - 2017-07-18 08:31:21 --> Could not find the language line "mynt_buy_taobao"
ERROR - 2017-07-18 08:31:21 --> Could not find the language line "mynt_buy_tmall"
ERROR - 2017-07-18 08:31:21 --> Could not find the language line "mynt_buy_jd"
ERROR - 2017-07-18 08:32:02 --> Could not find the language line "home_cloud_title"
ERROR - 2017-07-18 08:32:02 --> Could not find the language line "home_cloud_intro"
ERROR - 2017-07-18 08:32:02 --> Could not find the language line "mynt_buy_taobao"
ERROR - 2017-07-18 08:32:02 --> Could not find the language line "mynt_buy_tmall"
ERROR - 2017-07-18 08:32:02 --> Could not find the language line "mynt_buy_jd"
ERROR - 2017-07-18 08:33:35 --> Could not find the language line "home_cloud_title"
ERROR - 2017-07-18 08:33:35 --> Could not find the language line "home_cloud_intro"
ERROR - 2017-07-18 08:33:36 --> Could not find the language line "mynt_buy_taobao"
ERROR - 2017-07-18 08:33:36 --> Could not find the language line "mynt_buy_tmall"
ERROR - 2017-07-18 08:33:36 --> Could not find the language line "mynt_buy_jd"
ERROR - 2017-07-18 08:35:36 --> Could not find the language line "mynt_buy_taobao"
ERROR - 2017-07-18 08:35:36 --> Could not find the language line "mynt_buy_tmall"
ERROR - 2017-07-18 08:35:36 --> Could not find the language line "mynt_buy_jd"
ERROR - 2017-07-18 08:35:40 --> Could not find the language line "home_cloud_title"
ERROR - 2017-07-18 08:35:40 --> Could not find the language line "home_cloud_intro"
ERROR - 2017-07-18 08:35:40 --> Could not find the language line "mynt_buy_taobao"
ERROR - 2017-07-18 08:35:40 --> Could not find the language line "mynt_buy_tmall"
ERROR - 2017-07-18 08:35:40 --> Could not find the language line "mynt_buy_jd"
ERROR - 2017-07-18 08:35:41 --> Could not find the language line "home_cloud_title"
ERROR - 2017-07-18 08:35:41 --> Could not find the language line "home_cloud_intro"
ERROR - 2017-07-18 08:35:41 --> Could not find the language line "mynt_buy_taobao"
ERROR - 2017-07-18 08:35:41 --> Could not find the language line "mynt_buy_tmall"
ERROR - 2017-07-18 08:35:41 --> Could not find the language line "mynt_buy_jd"
ERROR - 2017-07-18 08:39:04 --> Could not find the language line "home_cloud_title"
ERROR - 2017-07-18 08:39:04 --> Could not find the language line "home_cloud_intro"
ERROR - 2017-07-18 08:39:06 --> Could not find the language line "mynt_buy_taobao"
ERROR - 2017-07-18 08:39:06 --> Could not find the language line "mynt_buy_tmall"
ERROR - 2017-07-18 08:39:06 --> Could not find the language line "mynt_buy_jd"
ERROR - 2017-07-18 08:46:12 --> Could not find the language line "home_sdeno_title"
ERROR - 2017-07-18 08:46:12 --> Could not find the language line "mynt_buy_taobao"
ERROR - 2017-07-18 08:46:12 --> Could not find the language line "mynt_buy_tmall"
ERROR - 2017-07-18 08:46:12 --> Could not find the language line "mynt_buy_jd"
ERROR - 2017-07-18 08:47:18 --> Could not find the language line "mynt_buy_taobao"
ERROR - 2017-07-18 08:47:18 --> Could not find the language line "mynt_buy_tmall"
ERROR - 2017-07-18 08:47:18 --> Could not find the language line "mynt_buy_jd"
ERROR - 2017-07-18 08:48:18 --> Could not find the language line "mynt_buy_taobao"
ERROR - 2017-07-18 08:48:18 --> Could not find the language line "mynt_buy_tmall"
ERROR - 2017-07-18 08:48:18 --> Could not find the language line "mynt_buy_jd"
ERROR - 2017-07-18 08:48:18 --> Could not find the language line "mynt_icon_taobao"
ERROR - 2017-07-18 08:48:18 --> Could not find the language line "mynt_icon_tmall"
ERROR - 2017-07-18 08:48:18 --> Could not find the language line "mynt_icon_youzan"
ERROR - 2017-07-18 08:48:18 --> Could not find the language line "mynt_buy_taobao"
ERROR - 2017-07-18 08:48:18 --> Could not find the language line "mynt_buy_tmall"
ERROR - 2017-07-18 08:48:18 --> Could not find the language line "mynt_buy_jd"
ERROR - 2017-07-18 08:52:07 --> Could not find the language line "mynt_buy_taobao"
ERROR - 2017-07-18 08:52:07 --> Could not find the language line "mynt_buy_tmall"
ERROR - 2017-07-18 08:52:07 --> Could not find the language line "mynt_buy_jd"
ERROR - 2017-07-18 08:58:27 --> Could not find the language line "mynt_buy_taobao"
ERROR - 2017-07-18 08:58:27 --> Could not find the language line "mynt_buy_tmall"
ERROR - 2017-07-18 08:58:27 --> Could not find the language line "mynt_buy_jd"
