ERROR - 2016-07-04 04:13:49 --> Could not find the language line "mynt_buy_amazon"
ERROR - 2016-07-04 04:13:49 --> Could not find the language line "home_slife_title"
ERROR - 2016-07-04 04:13:49 --> Could not find the language line "home_cloud_title"
ERROR - 2016-07-04 04:13:49 --> Could not find the language line "home_cloud_intro"
ERROR - 2016-07-04 04:13:49 --> Could not find the language line "mynt_icon_buy"
ERROR - 2016-07-04 04:57:54 --> Could not find the language line "mynt_buy_taobao"
ERROR - 2016-07-04 04:57:54 --> Could not find the language line "mynt_buy_tmall"
ERROR - 2016-07-04 04:57:54 --> Could not find the language line "mynt_buy_youzan"
ERROR - 2016-07-04 04:57:54 --> Session: File 'ci_sessions/ci_sessiondfea6073063738757dfada71b57687506a3b2fd2' doesn't exist and cannot be created.
ERROR - 2016-07-04 04:58:18 --> Could not find the language line "mynt_buy_taobao"
ERROR - 2016-07-04 04:58:18 --> Could not find the language line "mynt_buy_tmall"
ERROR - 2016-07-04 04:58:18 --> Could not find the language line "mynt_buy_youzan"
ERROR - 2016-07-04 05:00:50 --> Could not find the language line "mynt_buy_taobao"
ERROR - 2016-07-04 05:00:50 --> Could not find the language line "mynt_buy_tmall"
ERROR - 2016-07-04 05:00:50 --> Could not find the language line "mynt_buy_youzan"
ERROR - 2016-07-04 05:01:13 --> Could not find the language line "mynt_buy_taobao"
ERROR - 2016-07-04 05:01:13 --> Could not find the language line "mynt_buy_tmall"
ERROR - 2016-07-04 05:01:13 --> Could not find the language line "mynt_buy_youzan"
ERROR - 2016-07-04 05:01:13 --> Could not find the language line "home_cloud_title"
ERROR - 2016-07-04 05:01:13 --> Could not find the language line "home_cloud_intro"
ERROR - 2016-07-04 05:01:13 --> Could not find the language line "mynt_icon_taobao"
ERROR - 2016-07-04 05:01:13 --> Could not find the language line "mynt_icon_tmall"
ERROR - 2016-07-04 05:01:13 --> Could not find the language line "mynt_icon_youzan"
ERROR - 2016-07-04 05:01:14 --> Could not find the language line "mynt_buy_taobao"
ERROR - 2016-07-04 05:01:14 --> Could not find the language line "mynt_buy_tmall"
ERROR - 2016-07-04 05:01:14 --> Could not find the language line "mynt_buy_youzan"
ERROR - 2016-07-04 05:01:38 --> Could not find the language line "mynt_buy_taobao"
ERROR - 2016-07-04 05:01:38 --> Could not find the language line "mynt_buy_tmall"
ERROR - 2016-07-04 05:01:38 --> Could not find the language line "mynt_buy_youzan"
ERROR - 2016-07-04 05:01:38 --> Could not find the language line "home_cloud_title"
ERROR - 2016-07-04 05:01:38 --> Could not find the language line "home_cloud_intro"
ERROR - 2016-07-04 05:01:38 --> Could not find the language line "mynt_icon_taobao"
ERROR - 2016-07-04 05:01:38 --> Could not find the language line "mynt_icon_tmall"
ERROR - 2016-07-04 05:01:38 --> Could not find the language line "mynt_icon_youzan"
ERROR - 2016-07-04 05:01:38 --> Could not find the language line "mynt_buy_taobao"
ERROR - 2016-07-04 05:01:38 --> Could not find the language line "mynt_buy_tmall"
ERROR - 2016-07-04 05:01:38 --> Could not find the language line "mynt_buy_youzan"
ERROR - 2016-07-04 05:01:39 --> Could not find the language line "mynt_buy_taobao"
ERROR - 2016-07-04 05:01:39 --> Could not find the language line "mynt_buy_tmall"
ERROR - 2016-07-04 05:01:39 --> Could not find the language line "mynt_buy_youzan"
ERROR - 2016-07-04 05:01:39 --> Could not find the language line "home_cloud_title"
ERROR - 2016-07-04 05:01:39 --> Could not find the language line "home_cloud_intro"
ERROR - 2016-07-04 05:01:39 --> Could not find the language line "mynt_icon_taobao"
ERROR - 2016-07-04 05:01:39 --> Could not find the language line "mynt_icon_tmall"
ERROR - 2016-07-04 05:01:39 --> Could not find the language line "mynt_icon_youzan"
ERROR - 2016-07-04 05:01:39 --> Could not find the language line "mynt_buy_taobao"
ERROR - 2016-07-04 05:01:39 --> Could not find the language line "mynt_buy_tmall"
ERROR - 2016-07-04 05:01:39 --> Could not find the language line "mynt_buy_youzan"
ERROR - 2016-07-04 05:01:40 --> Could not find the language line "mynt_buy_taobao"
ERROR - 2016-07-04 05:01:40 --> Could not find the language line "mynt_buy_tmall"
ERROR - 2016-07-04 05:01:40 --> Could not find the language line "mynt_buy_youzan"
ERROR - 2016-07-04 05:01:40 --> Could not find the language line "home_cloud_title"
ERROR - 2016-07-04 05:01:40 --> Could not find the language line "home_cloud_intro"
ERROR - 2016-07-04 05:01:40 --> Could not find the language line "mynt_icon_taobao"
ERROR - 2016-07-04 05:01:40 --> Could not find the language line "mynt_icon_tmall"
ERROR - 2016-07-04 05:01:40 --> Could not find the language line "mynt_icon_youzan"
ERROR - 2016-07-04 05:01:40 --> Could not find the language line "mynt_buy_taobao"
ERROR - 2016-07-04 05:01:40 --> Could not find the language line "mynt_buy_tmall"
ERROR - 2016-07-04 05:01:40 --> Could not find the language line "mynt_buy_youzan"
ERROR - 2016-07-04 05:01:40 --> Could not find the language line "mynt_buy_taobao"
ERROR - 2016-07-04 05:01:40 --> Could not find the language line "mynt_buy_tmall"
ERROR - 2016-07-04 05:01:40 --> Could not find the language line "mynt_buy_youzan"
ERROR - 2016-07-04 05:01:40 --> Could not find the language line "home_cloud_title"
ERROR - 2016-07-04 05:01:40 --> Could not find the language line "home_cloud_intro"
ERROR - 2016-07-04 05:01:40 --> Could not find the language line "mynt_icon_taobao"
ERROR - 2016-07-04 05:01:40 --> Could not find the language line "mynt_icon_tmall"
ERROR - 2016-07-04 05:01:40 --> Could not find the language line "mynt_icon_youzan"
ERROR - 2016-07-04 05:01:41 --> Could not find the language line "mynt_buy_taobao"
ERROR - 2016-07-04 05:01:41 --> Could not find the language line "mynt_buy_tmall"
ERROR - 2016-07-04 05:01:41 --> Could not find the language line "mynt_buy_youzan"
ERROR - 2016-07-04 05:01:55 --> Could not find the language line "mynt_buy_taobao"
ERROR - 2016-07-04 05:01:55 --> Could not find the language line "mynt_buy_tmall"
ERROR - 2016-07-04 05:01:55 --> Could not find the language line "mynt_buy_youzan"
ERROR - 2016-07-04 05:02:03 --> Could not find the language line "mynt_buy_taobao"
ERROR - 2016-07-04 05:02:03 --> Could not find the language line "mynt_buy_tmall"
ERROR - 2016-07-04 05:02:03 --> Could not find the language line "mynt_buy_youzan"
ERROR - 2016-07-04 05:02:03 --> Could not find the language line "home_cloud_title"
ERROR - 2016-07-04 05:02:03 --> Could not find the language line "home_cloud_intro"
ERROR - 2016-07-04 05:02:03 --> Could not find the language line "mynt_icon_taobao"
ERROR - 2016-07-04 05:02:03 --> Could not find the language line "mynt_icon_tmall"
ERROR - 2016-07-04 05:02:03 --> Could not find the language line "mynt_icon_youzan"
ERROR - 2016-07-04 05:02:03 --> Could not find the language line "mynt_buy_taobao"
ERROR - 2016-07-04 05:02:03 --> Could not find the language line "mynt_buy_tmall"
ERROR - 2016-07-04 05:02:03 --> Could not find the language line "mynt_buy_youzan"
ERROR - 2016-07-04 05:02:16 --> Could not find the language line "mynt_buy_taobao"
ERROR - 2016-07-04 05:02:16 --> Could not find the language line "mynt_buy_tmall"
ERROR - 2016-07-04 05:02:16 --> Could not find the language line "mynt_buy_youzan"
ERROR - 2016-07-04 05:03:39 --> Could not find the language line "mynt_buy_taobao"
ERROR - 2016-07-04 05:03:39 --> Could not find the language line "mynt_buy_tmall"
ERROR - 2016-07-04 05:03:39 --> Could not find the language line "mynt_buy_youzan"
ERROR - 2016-07-04 05:03:39 --> Session: File 'ci_sessions/ci_sessioncd44ce8ab5d5706533fc0a27ae6fa62c99b66508' doesn't exist and cannot be created.
ERROR - 2016-07-04 05:10:33 --> Could not find the language line "mynt_buy_taobao"
ERROR - 2016-07-04 05:10:33 --> Could not find the language line "mynt_buy_tmall"
ERROR - 2016-07-04 05:10:33 --> Could not find the language line "mynt_buy_youzan"
ERROR - 2016-07-04 05:10:33 --> Could not find the language line "about_keywords"
ERROR - 2016-07-04 05:10:33 --> Could not find the language line "about_facebook"
ERROR - 2016-07-04 05:10:33 --> Could not find the language line "about_twitter"
ERROR - 2016-07-04 05:10:33 --> Could not find the language line "about_weibo"
ERROR - 2016-07-04 05:10:33 --> Could not find the language line "mynt_buy_taobao"
ERROR - 2016-07-04 05:10:33 --> Could not find the language line "mynt_buy_tmall"
ERROR - 2016-07-04 05:10:33 --> Could not find the language line "mynt_buy_youzan"
ERROR - 2016-07-04 05:13:51 --> Could not find the language line "mynt_buy_taobao"
ERROR - 2016-07-04 05:13:51 --> Could not find the language line "mynt_buy_tmall"
ERROR - 2016-07-04 05:13:51 --> Could not find the language line "mynt_buy_youzan"
ERROR - 2016-07-04 05:13:51 --> Could not find the language line "about_keywords"
ERROR - 2016-07-04 05:13:51 --> Could not find the language line "about_facebook"
ERROR - 2016-07-04 05:13:51 --> Could not find the language line "about_twitter"
ERROR - 2016-07-04 05:13:51 --> Could not find the language line "about_weibo"
ERROR - 2016-07-04 05:13:51 --> Could not find the language line "mynt_buy_taobao"
ERROR - 2016-07-04 05:13:51 --> Could not find the language line "mynt_buy_tmall"
ERROR - 2016-07-04 05:13:51 --> Could not find the language line "mynt_buy_youzan"
ERROR - 2016-07-04 05:13:55 --> Could not find the language line "mynt_buy_taobao"
ERROR - 2016-07-04 05:13:55 --> Could not find the language line "mynt_buy_tmall"
ERROR - 2016-07-04 05:13:55 --> Could not find the language line "mynt_buy_youzan"
ERROR - 2016-07-04 05:13:55 --> Could not find the language line "about_keywords"
ERROR - 2016-07-04 05:13:55 --> Could not find the language line "about_facebook"
ERROR - 2016-07-04 05:13:55 --> Could not find the language line "about_twitter"
ERROR - 2016-07-04 05:13:55 --> Could not find the language line "about_weibo"
ERROR - 2016-07-04 05:13:55 --> Could not find the language line "mynt_buy_taobao"
ERROR - 2016-07-04 05:13:55 --> Could not find the language line "mynt_buy_tmall"
ERROR - 2016-07-04 05:13:55 --> Could not find the language line "mynt_buy_youzan"
ERROR - 2016-07-04 05:14:11 --> Could not find the language line "mynt_buy_taobao"
ERROR - 2016-07-04 05:14:11 --> Could not find the language line "mynt_buy_tmall"
ERROR - 2016-07-04 05:14:11 --> Could not find the language line "mynt_buy_youzan"
ERROR - 2016-07-04 05:14:11 --> Could not find the language line "about_keywords"
ERROR - 2016-07-04 05:14:11 --> Could not find the language line "about_facebook"
ERROR - 2016-07-04 05:14:11 --> Could not find the language line "about_twitter"
ERROR - 2016-07-04 05:14:11 --> Could not find the language line "about_weibo"
ERROR - 2016-07-04 05:14:11 --> Could not find the language line "mynt_buy_taobao"
ERROR - 2016-07-04 05:14:11 --> Could not find the language line "mynt_buy_tmall"
ERROR - 2016-07-04 05:14:11 --> Could not find the language line "mynt_buy_youzan"
ERROR - 2016-07-04 05:15:43 --> Could not find the language line "mynt_buy_amazon"
ERROR - 2016-07-04 05:15:43 --> Could not find the language line "about_keywords"
ERROR - 2016-07-04 05:15:43 --> Could not find the language line "about_company"
ERROR - 2016-07-04 05:15:43 --> Session: File 'ci_sessions/ci_sessiona4d61198c90ed34f34cc1b596e8ba7afb9b94434' doesn't exist and cannot be created.
ERROR - 2016-07-04 05:15:43 --> Could not find the language line "mynt_buy_taobao"
ERROR - 2016-07-04 05:15:43 --> Could not find the language line "mynt_buy_tmall"
ERROR - 2016-07-04 05:15:43 --> Could not find the language line "mynt_buy_youzan"
ERROR - 2016-07-04 05:17:27 --> Could not find the language line "mynt_buy_amazon"
ERROR - 2016-07-04 05:17:27 --> Could not find the language line "about_keywords"
ERROR - 2016-07-04 05:17:27 --> Could not find the language line "about_company"
ERROR - 2016-07-04 05:17:28 --> Could not find the language line "mynt_buy_taobao"
ERROR - 2016-07-04 05:17:28 --> Could not find the language line "mynt_buy_tmall"
ERROR - 2016-07-04 05:17:28 --> Could not find the language line "mynt_buy_youzan"
ERROR - 2016-07-04 05:17:48 --> Could not find the language line "mynt_buy_amazon"
ERROR - 2016-07-04 05:17:48 --> Could not find the language line "about_keywords"
ERROR - 2016-07-04 05:17:48 --> Could not find the language line "about_company"
ERROR - 2016-07-04 05:17:48 --> Could not find the language line "mynt_buy_taobao"
ERROR - 2016-07-04 05:17:48 --> Could not find the language line "mynt_buy_tmall"
ERROR - 2016-07-04 05:17:48 --> Could not find the language line "mynt_buy_youzan"
ERROR - 2016-07-04 05:17:50 --> Could not find the language line "mynt_buy_amazon"
ERROR - 2016-07-04 05:17:50 --> Could not find the language line "about_keywords"
ERROR - 2016-07-04 05:17:50 --> Could not find the language line "about_company"
ERROR - 2016-07-04 05:17:50 --> Could not find the language line "mynt_buy_taobao"
ERROR - 2016-07-04 05:17:50 --> Could not find the language line "mynt_buy_tmall"
ERROR - 2016-07-04 05:17:50 --> Could not find the language line "mynt_buy_youzan"
ERROR - 2016-07-04 05:17:52 --> Could not find the language line "mynt_buy_amazon"
ERROR - 2016-07-04 05:17:52 --> Could not find the language line "about_keywords"
ERROR - 2016-07-04 05:17:52 --> Could not find the language line "about_company"
ERROR - 2016-07-04 05:17:52 --> Could not find the language line "mynt_buy_taobao"
ERROR - 2016-07-04 05:17:52 --> Could not find the language line "mynt_buy_tmall"
ERROR - 2016-07-04 05:17:52 --> Could not find the language line "mynt_buy_youzan"
ERROR - 2016-07-04 05:18:52 --> Could not find the language line "mynt_buy_amazon"
ERROR - 2016-07-04 05:18:52 --> Could not find the language line "about_keywords"
ERROR - 2016-07-04 05:18:52 --> Could not find the language line "about_company"
ERROR - 2016-07-04 05:18:53 --> Could not find the language line "mynt_buy_taobao"
ERROR - 2016-07-04 05:18:53 --> Could not find the language line "mynt_buy_tmall"
ERROR - 2016-07-04 05:18:53 --> Could not find the language line "mynt_buy_youzan"
ERROR - 2016-07-04 05:19:56 --> Could not find the language line "mynt_buy_amazon"
ERROR - 2016-07-04 05:19:56 --> Could not find the language line "about_keywords"
ERROR - 2016-07-04 05:19:56 --> Could not find the language line "about_company"
ERROR - 2016-07-04 05:19:57 --> Could not find the language line "mynt_buy_taobao"
ERROR - 2016-07-04 05:19:57 --> Could not find the language line "mynt_buy_tmall"
ERROR - 2016-07-04 05:19:57 --> Could not find the language line "mynt_buy_youzan"
ERROR - 2016-07-04 05:20:29 --> Could not find the language line "mynt_buy_amazon"
ERROR - 2016-07-04 05:20:29 --> Could not find the language line "about_keywords"
ERROR - 2016-07-04 05:20:29 --> Could not find the language line "about_company"
ERROR - 2016-07-04 05:20:30 --> Could not find the language line "mynt_buy_taobao"
ERROR - 2016-07-04 05:20:30 --> Could not find the language line "mynt_buy_tmall"
ERROR - 2016-07-04 05:20:30 --> Could not find the language line "mynt_buy_youzan"
ERROR - 2016-07-04 05:20:54 --> Could not find the language line "mynt_buy_amazon"
ERROR - 2016-07-04 05:20:54 --> Could not find the language line "about_keywords"
ERROR - 2016-07-04 05:20:54 --> Could not find the language line "about_company"
ERROR - 2016-07-04 05:20:54 --> Session: File 'ci_sessions/ci_sessiona367775f9077bbadf4b9d8468dcb1d9d1a8d8516' doesn't exist and cannot be created.
ERROR - 2016-07-04 05:20:54 --> Could not find the language line "mynt_buy_taobao"
ERROR - 2016-07-04 05:20:54 --> Could not find the language line "mynt_buy_tmall"
ERROR - 2016-07-04 05:20:54 --> Could not find the language line "mynt_buy_youzan"
ERROR - 2016-07-04 05:21:14 --> Could not find the language line "mynt_buy_amazon"
ERROR - 2016-07-04 05:21:14 --> Could not find the language line "about_keywords"
ERROR - 2016-07-04 05:21:14 --> Could not find the language line "about_company"
ERROR - 2016-07-04 05:21:14 --> Could not find the language line "mynt_buy_taobao"
ERROR - 2016-07-04 05:21:14 --> Could not find the language line "mynt_buy_tmall"
ERROR - 2016-07-04 05:21:14 --> Could not find the language line "mynt_buy_youzan"
ERROR - 2016-07-04 05:21:32 --> Could not find the language line "mynt_buy_amazon"
ERROR - 2016-07-04 05:21:32 --> Could not find the language line "about_keywords"
ERROR - 2016-07-04 05:21:32 --> Could not find the language line "about_company"
ERROR - 2016-07-04 05:21:32 --> Could not find the language line "mynt_buy_taobao"
ERROR - 2016-07-04 05:21:32 --> Could not find the language line "mynt_buy_tmall"
ERROR - 2016-07-04 05:21:32 --> Could not find the language line "mynt_buy_youzan"
ERROR - 2016-07-04 05:25:01 --> Could not find the language line "mynt_buy_taobao"
ERROR - 2016-07-04 05:25:01 --> Could not find the language line "mynt_buy_tmall"
ERROR - 2016-07-04 05:25:01 --> Could not find the language line "mynt_buy_youzan"
ERROR - 2016-07-04 05:25:58 --> Could not find the language line "mynt_buy_taobao"
ERROR - 2016-07-04 05:25:58 --> Could not find the language line "mynt_buy_tmall"
ERROR - 2016-07-04 05:25:58 --> Could not find the language line "mynt_buy_youzan"
ERROR - 2016-07-04 05:25:58 --> Session: File 'ci_sessions/ci_sessionc7a445c17dc8ec520f5e07298b5be26a5eee9fe1' doesn't exist and cannot be created.
ERROR - 2016-07-04 05:26:44 --> Could not find the language line "mynt_buy_amazon"
ERROR - 2016-07-04 05:26:44 --> Could not find the language line "about_keywords"
ERROR - 2016-07-04 05:26:44 --> Could not find the language line "about_company"
ERROR - 2016-07-04 05:26:45 --> Could not find the language line "mynt_buy_taobao"
ERROR - 2016-07-04 05:26:45 --> Could not find the language line "mynt_buy_tmall"
ERROR - 2016-07-04 05:26:45 --> Could not find the language line "mynt_buy_youzan"
ERROR - 2016-07-04 05:28:05 --> Could not find the language line "mynt_buy_amazon"
ERROR - 2016-07-04 05:28:05 --> Could not find the language line "about_keywords"
ERROR - 2016-07-04 05:28:05 --> Could not find the language line "about_company"
ERROR - 2016-07-04 05:28:05 --> Could not find the language line "mynt_buy_taobao"
ERROR - 2016-07-04 05:28:05 --> Could not find the language line "mynt_buy_tmall"
ERROR - 2016-07-04 05:28:05 --> Could not find the language line "mynt_buy_youzan"
ERROR - 2016-07-04 05:28:40 --> Could not find the language line "mynt_buy_amazon"
ERROR - 2016-07-04 05:28:40 --> Could not find the language line "about_keywords"
ERROR - 2016-07-04 05:28:40 --> Could not find the language line "about_company"
ERROR - 2016-07-04 05:28:41 --> Could not find the language line "mynt_buy_taobao"
ERROR - 2016-07-04 05:28:41 --> Could not find the language line "mynt_buy_tmall"
ERROR - 2016-07-04 05:28:41 --> Could not find the language line "mynt_buy_youzan"
ERROR - 2016-07-04 05:29:39 --> Could not find the language line "mynt_buy_amazon"
ERROR - 2016-07-04 05:29:39 --> Could not find the language line "about_keywords"
ERROR - 2016-07-04 05:29:39 --> Could not find the language line "about_company"
ERROR - 2016-07-04 05:29:39 --> Could not find the language line "mynt_buy_taobao"
ERROR - 2016-07-04 05:29:39 --> Could not find the language line "mynt_buy_tmall"
ERROR - 2016-07-04 05:29:39 --> Could not find the language line "mynt_buy_youzan"
ERROR - 2016-07-04 05:31:01 --> Could not find the language line "mynt_buy_amazon"
ERROR - 2016-07-04 05:31:01 --> Could not find the language line "about_keywords"
ERROR - 2016-07-04 05:31:01 --> Could not find the language line "about_company"
ERROR - 2016-07-04 05:31:01 --> Could not find the language line "mynt_buy_taobao"
ERROR - 2016-07-04 05:31:01 --> Could not find the language line "mynt_buy_tmall"
ERROR - 2016-07-04 05:31:01 --> Could not find the language line "mynt_buy_youzan"
ERROR - 2016-07-04 05:31:15 --> Could not find the language line "mynt_buy_amazon"
ERROR - 2016-07-04 05:31:15 --> Could not find the language line "about_keywords"
ERROR - 2016-07-04 05:31:15 --> Could not find the language line "about_company"
ERROR - 2016-07-04 05:31:15 --> Could not find the language line "mynt_buy_taobao"
ERROR - 2016-07-04 05:31:15 --> Could not find the language line "mynt_buy_tmall"
ERROR - 2016-07-04 05:31:15 --> Could not find the language line "mynt_buy_youzan"
ERROR - 2016-07-04 05:31:16 --> Could not find the language line "mynt_buy_amazon"
ERROR - 2016-07-04 05:31:16 --> Could not find the language line "about_keywords"
ERROR - 2016-07-04 05:31:16 --> Could not find the language line "about_company"
ERROR - 2016-07-04 05:31:17 --> Could not find the language line "mynt_buy_amazon"
ERROR - 2016-07-04 05:31:17 --> Could not find the language line "about_keywords"
ERROR - 2016-07-04 05:31:17 --> Could not find the language line "about_company"
ERROR - 2016-07-04 05:31:17 --> Could not find the language line "mynt_buy_amazon"
ERROR - 2016-07-04 05:31:17 --> Could not find the language line "about_keywords"
ERROR - 2016-07-04 05:31:17 --> Could not find the language line "about_company"
ERROR - 2016-07-04 05:31:17 --> Could not find the language line "mynt_buy_taobao"
ERROR - 2016-07-04 05:31:17 --> Could not find the language line "mynt_buy_tmall"
ERROR - 2016-07-04 05:31:17 --> Could not find the language line "mynt_buy_youzan"
ERROR - 2016-07-04 05:31:31 --> Could not find the language line "mynt_buy_amazon"
ERROR - 2016-07-04 05:31:31 --> Could not find the language line "about_keywords"
ERROR - 2016-07-04 05:31:31 --> Could not find the language line "about_company"
ERROR - 2016-07-04 05:31:31 --> Could not find the language line "mynt_buy_taobao"
ERROR - 2016-07-04 05:31:31 --> Could not find the language line "mynt_buy_tmall"
ERROR - 2016-07-04 05:31:31 --> Could not find the language line "mynt_buy_youzan"
ERROR - 2016-07-04 05:31:41 --> Could not find the language line "mynt_buy_amazon"
ERROR - 2016-07-04 05:31:41 --> Could not find the language line "about_keywords"
ERROR - 2016-07-04 05:31:41 --> Could not find the language line "about_company"
ERROR - 2016-07-04 05:31:41 --> Could not find the language line "mynt_buy_taobao"
ERROR - 2016-07-04 05:31:41 --> Could not find the language line "mynt_buy_tmall"
ERROR - 2016-07-04 05:31:41 --> Could not find the language line "mynt_buy_youzan"
ERROR - 2016-07-04 05:31:55 --> Could not find the language line "mynt_buy_taobao"
ERROR - 2016-07-04 05:31:55 --> Could not find the language line "mynt_buy_tmall"
ERROR - 2016-07-04 05:31:55 --> Could not find the language line "mynt_buy_youzan"
ERROR - 2016-07-04 05:31:55 --> Session: File 'ci_sessions/ci_session4806af8ad85d0467c52c992cc27ad88adb9e9f85' doesn't exist and cannot be created.
ERROR - 2016-07-04 05:32:01 --> Could not find the language line "mynt_buy_taobao"
ERROR - 2016-07-04 05:32:01 --> Could not find the language line "mynt_buy_tmall"
ERROR - 2016-07-04 05:32:01 --> Could not find the language line "mynt_buy_youzan"
