ERROR - 2016-05-16 02:30:43 --> Could not find the language line "mynt_buy_taobao"
ERROR - 2016-05-16 02:30:43 --> Could not find the language line "mynt_buy_tmall"
ERROR - 2016-05-16 02:30:43 --> Could not find the language line "mynt_buy_youzan"
ERROR - 2016-05-16 02:30:43 --> Could not find the language line "mynt_icon_taobao"
ERROR - 2016-05-16 02:30:43 --> Could not find the language line "mynt_icon_tmall"
ERROR - 2016-05-16 02:30:43 --> Could not find the language line "mynt_icon_youzan"
ERROR - 2016-05-16 02:32:21 --> Could not find the language line "mynt_buy_taobao"
ERROR - 2016-05-16 02:32:21 --> Could not find the language line "mynt_buy_tmall"
ERROR - 2016-05-16 02:32:21 --> Could not find the language line "mynt_buy_youzan"
ERROR - 2016-05-16 02:32:21 --> Could not find the language line "mynt_icon_taobao"
ERROR - 2016-05-16 02:32:21 --> Could not find the language line "mynt_icon_tmall"
ERROR - 2016-05-16 02:32:21 --> Could not find the language line "mynt_icon_youzan"
ERROR - 2016-05-16 03:13:18 --> Could not find the language line "mynt_buy_taobao"
ERROR - 2016-05-16 03:13:18 --> Could not find the language line "mynt_buy_tmall"
ERROR - 2016-05-16 03:13:18 --> Could not find the language line "mynt_buy_youzan"
ERROR - 2016-05-16 03:13:18 --> Could not find the language line "mynt_icon_taobao"
ERROR - 2016-05-16 03:13:18 --> Could not find the language line "mynt_icon_tmall"
ERROR - 2016-05-16 03:13:18 --> Could not find the language line "mynt_icon_youzan"
ERROR - 2016-05-16 03:14:26 --> Could not find the language line "mynt_buy_taobao"
ERROR - 2016-05-16 03:14:26 --> Could not find the language line "mynt_buy_tmall"
ERROR - 2016-05-16 03:14:26 --> Could not find the language line "mynt_buy_youzan"
ERROR - 2016-05-16 03:14:26 --> Could not find the language line "mynt_icon_taobao"
ERROR - 2016-05-16 03:14:26 --> Could not find the language line "mynt_icon_tmall"
ERROR - 2016-05-16 03:14:26 --> Could not find the language line "mynt_icon_youzan"
ERROR - 2016-05-16 03:15:15 --> Could not find the language line "mynt_buy_taobao"
ERROR - 2016-05-16 03:15:15 --> Could not find the language line "mynt_buy_tmall"
ERROR - 2016-05-16 03:15:15 --> Could not find the language line "mynt_buy_youzan"
ERROR - 2016-05-16 03:15:15 --> Could not find the language line "mynt_icon_taobao"
ERROR - 2016-05-16 03:15:15 --> Could not find the language line "mynt_icon_tmall"
ERROR - 2016-05-16 03:15:15 --> Could not find the language line "mynt_icon_youzan"
ERROR - 2016-05-16 03:19:43 --> Could not find the language line "mynt_buy_taobao"
ERROR - 2016-05-16 03:19:43 --> Could not find the language line "mynt_buy_tmall"
ERROR - 2016-05-16 03:19:43 --> Could not find the language line "mynt_buy_youzan"
ERROR - 2016-05-16 03:19:43 --> Could not find the language line "mynt_icon_taobao"
ERROR - 2016-05-16 03:19:43 --> Could not find the language line "mynt_icon_tmall"
ERROR - 2016-05-16 03:19:43 --> Could not find the language line "mynt_icon_youzan"
ERROR - 2016-05-16 03:20:13 --> Could not find the language line "mynt_buy_taobao"
ERROR - 2016-05-16 03:20:13 --> Could not find the language line "mynt_buy_tmall"
ERROR - 2016-05-16 03:20:13 --> Could not find the language line "mynt_buy_youzan"
ERROR - 2016-05-16 03:20:13 --> Could not find the language line "mynt_icon_taobao"
ERROR - 2016-05-16 03:20:13 --> Could not find the language line "mynt_icon_tmall"
ERROR - 2016-05-16 03:20:13 --> Could not find the language line "mynt_icon_youzan"
ERROR - 2016-05-16 03:20:44 --> Could not find the language line "mynt_buy_taobao"
ERROR - 2016-05-16 03:20:44 --> Could not find the language line "mynt_buy_tmall"
ERROR - 2016-05-16 03:20:44 --> Could not find the language line "mynt_buy_youzan"
ERROR - 2016-05-16 03:20:44 --> Could not find the language line "mynt_icon_taobao"
ERROR - 2016-05-16 03:20:44 --> Could not find the language line "mynt_icon_tmall"
ERROR - 2016-05-16 03:20:44 --> Could not find the language line "mynt_icon_youzan"
ERROR - 2016-05-16 03:21:27 --> Could not find the language line "mynt_buy_taobao"
ERROR - 2016-05-16 03:21:27 --> Could not find the language line "mynt_buy_tmall"
ERROR - 2016-05-16 03:21:27 --> Could not find the language line "mynt_buy_youzan"
ERROR - 2016-05-16 03:21:27 --> Could not find the language line "mynt_icon_taobao"
ERROR - 2016-05-16 03:21:27 --> Could not find the language line "mynt_icon_tmall"
ERROR - 2016-05-16 03:21:27 --> Could not find the language line "mynt_icon_youzan"
ERROR - 2016-05-16 03:53:39 --> Could not find the language line "mynt_buy_taobao"
ERROR - 2016-05-16 03:53:39 --> Could not find the language line "mynt_buy_tmall"
ERROR - 2016-05-16 03:53:39 --> Could not find the language line "mynt_buy_youzan"
ERROR - 2016-05-16 03:53:39 --> Could not find the language line "mynt_icon_taobao"
ERROR - 2016-05-16 03:53:39 --> Could not find the language line "mynt_icon_tmall"
ERROR - 2016-05-16 03:53:39 --> Could not find the language line "mynt_icon_youzan"
ERROR - 2016-05-16 03:55:15 --> Could not find the language line "mynt_buy_taobao"
ERROR - 2016-05-16 03:55:15 --> Could not find the language line "mynt_buy_tmall"
ERROR - 2016-05-16 03:55:15 --> Could not find the language line "mynt_buy_youzan"
ERROR - 2016-05-16 03:55:15 --> Could not find the language line "mynt_icon_taobao"
ERROR - 2016-05-16 03:55:15 --> Could not find the language line "mynt_icon_tmall"
ERROR - 2016-05-16 03:55:15 --> Could not find the language line "mynt_icon_youzan"
ERROR - 2016-05-16 03:56:01 --> Could not find the language line "mynt_buy_taobao"
ERROR - 2016-05-16 03:56:01 --> Could not find the language line "mynt_buy_tmall"
ERROR - 2016-05-16 03:56:01 --> Could not find the language line "mynt_buy_youzan"
ERROR - 2016-05-16 03:56:01 --> Could not find the language line "mynt_icon_taobao"
ERROR - 2016-05-16 03:56:01 --> Could not find the language line "mynt_icon_tmall"
ERROR - 2016-05-16 03:56:01 --> Could not find the language line "mynt_icon_youzan"
ERROR - 2016-05-16 03:56:58 --> Could not find the language line "mynt_buy_taobao"
ERROR - 2016-05-16 03:56:58 --> Could not find the language line "mynt_buy_tmall"
ERROR - 2016-05-16 03:56:58 --> Could not find the language line "mynt_buy_youzan"
ERROR - 2016-05-16 03:56:58 --> Could not find the language line "mynt_icon_taobao"
ERROR - 2016-05-16 03:56:58 --> Could not find the language line "mynt_icon_tmall"
ERROR - 2016-05-16 03:56:58 --> Could not find the language line "mynt_icon_youzan"
ERROR - 2016-05-16 03:59:53 --> Could not find the language line "mynt_buy_taobao"
ERROR - 2016-05-16 03:59:53 --> Could not find the language line "mynt_buy_tmall"
ERROR - 2016-05-16 03:59:53 --> Could not find the language line "mynt_buy_youzan"
ERROR - 2016-05-16 03:59:53 --> Could not find the language line "mynt_icon_taobao"
ERROR - 2016-05-16 03:59:53 --> Could not find the language line "mynt_icon_tmall"
ERROR - 2016-05-16 03:59:53 --> Could not find the language line "mynt_icon_youzan"
ERROR - 2016-05-16 03:59:53 --> Session: File 'ci_sessions/ci_session23eb422193748df911e052b56ed2a132ecc21e9e' doesn't exist and cannot be created.
ERROR - 2016-05-16 04:00:48 --> Could not find the language line "mynt_buy_taobao"
ERROR - 2016-05-16 04:00:48 --> Could not find the language line "mynt_buy_tmall"
ERROR - 2016-05-16 04:00:48 --> Could not find the language line "mynt_buy_youzan"
ERROR - 2016-05-16 04:00:48 --> Could not find the language line "mynt_icon_taobao"
ERROR - 2016-05-16 04:00:48 --> Could not find the language line "mynt_icon_tmall"
ERROR - 2016-05-16 04:00:48 --> Could not find the language line "mynt_icon_youzan"
ERROR - 2016-05-16 04:01:48 --> Could not find the language line "mynt_buy_taobao"
ERROR - 2016-05-16 04:01:48 --> Could not find the language line "mynt_buy_tmall"
ERROR - 2016-05-16 04:01:48 --> Could not find the language line "mynt_buy_youzan"
ERROR - 2016-05-16 04:01:53 --> Could not find the language line "mynt_buy_taobao"
ERROR - 2016-05-16 04:01:53 --> Could not find the language line "mynt_buy_tmall"
ERROR - 2016-05-16 04:01:53 --> Could not find the language line "mynt_buy_youzan"
ERROR - 2016-05-16 04:02:16 --> Could not find the language line "mynt_buy_taobao"
ERROR - 2016-05-16 04:02:16 --> Could not find the language line "mynt_buy_tmall"
ERROR - 2016-05-16 04:02:16 --> Could not find the language line "mynt_buy_youzan"
ERROR - 2016-05-16 04:02:33 --> Could not find the language line "mynt_buy_taobao"
ERROR - 2016-05-16 04:02:33 --> Could not find the language line "mynt_buy_tmall"
ERROR - 2016-05-16 04:02:33 --> Could not find the language line "mynt_buy_youzan"
ERROR - 2016-05-16 04:05:06 --> Could not find the language line "mynt_buy_taobao"
ERROR - 2016-05-16 04:05:06 --> Could not find the language line "mynt_buy_tmall"
ERROR - 2016-05-16 04:05:06 --> Could not find the language line "mynt_buy_youzan"
ERROR - 2016-05-16 04:05:10 --> Could not find the language line "mynt_buy_taobao"
ERROR - 2016-05-16 04:05:10 --> Could not find the language line "mynt_buy_tmall"
ERROR - 2016-05-16 04:05:10 --> Could not find the language line "mynt_buy_youzan"
ERROR - 2016-05-16 04:08:08 --> Could not find the language line "mynt_buy_taobao"
ERROR - 2016-05-16 04:08:08 --> Could not find the language line "mynt_buy_tmall"
ERROR - 2016-05-16 04:08:08 --> Could not find the language line "mynt_buy_youzan"
ERROR - 2016-05-16 04:09:12 --> Could not find the language line "mynt_buy_taobao"
ERROR - 2016-05-16 04:09:12 --> Could not find the language line "mynt_buy_tmall"
ERROR - 2016-05-16 04:09:12 --> Could not find the language line "mynt_buy_youzan"
ERROR - 2016-05-16 06:38:43 --> Could not find the language line "mynt_buy_taobao"
ERROR - 2016-05-16 06:38:43 --> Could not find the language line "mynt_buy_tmall"
ERROR - 2016-05-16 06:38:43 --> Could not find the language line "mynt_buy_youzan"
ERROR - 2016-05-16 06:42:42 --> Could not find the language line "mynt_buy_taobao"
ERROR - 2016-05-16 06:42:42 --> Could not find the language line "mynt_buy_tmall"
ERROR - 2016-05-16 06:42:42 --> Could not find the language line "mynt_buy_youzan"
ERROR - 2016-05-16 06:42:59 --> Could not find the language line "mynt_buy_taobao"
ERROR - 2016-05-16 06:42:59 --> Could not find the language line "mynt_buy_tmall"
ERROR - 2016-05-16 06:42:59 --> Could not find the language line "mynt_buy_youzan"
ERROR - 2016-05-16 06:44:30 --> Could not find the language line "mynt_buy_taobao"
ERROR - 2016-05-16 06:44:30 --> Could not find the language line "mynt_buy_tmall"
ERROR - 2016-05-16 06:44:30 --> Could not find the language line "mynt_buy_youzan"
ERROR - 2016-05-16 06:48:35 --> Could not find the language line "mynt_buy_taobao"
ERROR - 2016-05-16 06:48:35 --> Could not find the language line "mynt_buy_tmall"
ERROR - 2016-05-16 06:48:35 --> Could not find the language line "mynt_buy_youzan"
ERROR - 2016-05-16 06:50:04 --> Could not find the language line "mynt_buy_taobao"
ERROR - 2016-05-16 06:50:04 --> Could not find the language line "mynt_buy_tmall"
ERROR - 2016-05-16 06:50:04 --> Could not find the language line "mynt_buy_youzan"
ERROR - 2016-05-16 06:50:04 --> Session: File 'ci_sessions/ci_sessioneaf073f54d3d8fc87843c525c23f38d72f98007a' doesn't exist and cannot be created.
ERROR - 2016-05-16 06:50:25 --> Could not find the language line "mynt_buy_taobao"
ERROR - 2016-05-16 06:50:25 --> Could not find the language line "mynt_buy_tmall"
ERROR - 2016-05-16 06:50:25 --> Could not find the language line "mynt_buy_youzan"
ERROR - 2016-05-16 06:50:55 --> Could not find the language line "mynt_buy_taobao"
ERROR - 2016-05-16 06:50:55 --> Could not find the language line "mynt_buy_tmall"
ERROR - 2016-05-16 06:50:55 --> Could not find the language line "mynt_buy_youzan"
ERROR - 2016-05-16 06:50:58 --> Could not find the language line "mynt_buy_taobao"
ERROR - 2016-05-16 06:50:58 --> Could not find the language line "mynt_buy_tmall"
ERROR - 2016-05-16 06:50:58 --> Could not find the language line "mynt_buy_youzan"
ERROR - 2016-05-16 06:51:01 --> Could not find the language line "mynt_buy_taobao"
ERROR - 2016-05-16 06:51:01 --> Could not find the language line "mynt_buy_tmall"
ERROR - 2016-05-16 06:51:01 --> Could not find the language line "mynt_buy_youzan"
ERROR - 2016-05-16 06:51:07 --> Could not find the language line "mynt_buy_taobao"
ERROR - 2016-05-16 06:51:07 --> Could not find the language line "mynt_buy_tmall"
ERROR - 2016-05-16 06:51:07 --> Could not find the language line "mynt_buy_youzan"
ERROR - 2016-05-16 06:51:26 --> Could not find the language line "mynt_buy_taobao"
ERROR - 2016-05-16 06:51:26 --> Could not find the language line "mynt_buy_tmall"
ERROR - 2016-05-16 06:51:26 --> Could not find the language line "mynt_buy_youzan"
ERROR - 2016-05-16 06:52:13 --> Could not find the language line "mynt_buy_taobao"
ERROR - 2016-05-16 06:52:13 --> Could not find the language line "mynt_buy_tmall"
ERROR - 2016-05-16 06:52:13 --> Could not find the language line "mynt_buy_youzan"
ERROR - 2016-05-16 06:52:15 --> Could not find the language line "mynt_buy_taobao"
ERROR - 2016-05-16 06:52:15 --> Could not find the language line "mynt_buy_tmall"
ERROR - 2016-05-16 06:52:15 --> Could not find the language line "mynt_buy_youzan"
ERROR - 2016-05-16 06:52:31 --> Could not find the language line "mynt_buy_taobao"
ERROR - 2016-05-16 06:52:31 --> Could not find the language line "mynt_buy_tmall"
ERROR - 2016-05-16 06:52:31 --> Could not find the language line "mynt_buy_youzan"
ERROR - 2016-05-16 06:54:56 --> Could not find the language line "mynt_buy_taobao"
ERROR - 2016-05-16 06:54:56 --> Could not find the language line "mynt_buy_tmall"
ERROR - 2016-05-16 06:54:56 --> Could not find the language line "mynt_buy_youzan"
ERROR - 2016-05-16 06:55:21 --> Could not find the language line "mynt_buy_taobao"
ERROR - 2016-05-16 06:55:21 --> Could not find the language line "mynt_buy_tmall"
ERROR - 2016-05-16 06:55:21 --> Could not find the language line "mynt_buy_youzan"
ERROR - 2016-05-16 06:55:39 --> Could not find the language line "mynt_buy_taobao"
ERROR - 2016-05-16 06:55:39 --> Could not find the language line "mynt_buy_tmall"
ERROR - 2016-05-16 06:55:39 --> Could not find the language line "mynt_buy_youzan"
ERROR - 2016-05-16 06:55:39 --> Session: File 'ci_sessions/ci_sessionfb9376840020e915b758a961ddda2203c3c549cc' doesn't exist and cannot be created.
ERROR - 2016-05-16 07:07:25 --> Could not find the language line "mynt_buy_taobao"
ERROR - 2016-05-16 07:07:25 --> Could not find the language line "mynt_buy_tmall"
ERROR - 2016-05-16 07:07:25 --> Could not find the language line "mynt_buy_youzan"
ERROR - 2016-05-16 07:08:31 --> Could not find the language line "mynt_buy_taobao"
ERROR - 2016-05-16 07:08:31 --> Could not find the language line "mynt_buy_tmall"
ERROR - 2016-05-16 07:08:31 --> Could not find the language line "mynt_buy_youzan"
ERROR - 2016-05-16 07:11:52 --> Could not find the language line "mynt_buy_taobao"
ERROR - 2016-05-16 07:11:52 --> Could not find the language line "mynt_buy_tmall"
ERROR - 2016-05-16 07:11:52 --> Could not find the language line "mynt_buy_youzan"
ERROR - 2016-05-16 07:14:23 --> Could not find the language line "mynt_buy_taobao"
ERROR - 2016-05-16 07:14:23 --> Could not find the language line "mynt_buy_tmall"
ERROR - 2016-05-16 07:14:23 --> Could not find the language line "mynt_buy_youzan"
ERROR - 2016-05-16 07:25:11 --> Could not find the language line "mynt_buy_taobao"
ERROR - 2016-05-16 07:25:11 --> Could not find the language line "mynt_buy_tmall"
ERROR - 2016-05-16 07:25:11 --> Could not find the language line "mynt_buy_youzan"
ERROR - 2016-05-16 07:28:12 --> Could not find the language line "mynt_buy_taobao"
ERROR - 2016-05-16 07:28:12 --> Could not find the language line "mynt_buy_tmall"
ERROR - 2016-05-16 07:28:12 --> Could not find the language line "mynt_buy_youzan"
ERROR - 2016-05-16 07:29:47 --> Could not find the language line "mynt_buy_taobao"
ERROR - 2016-05-16 07:29:47 --> Could not find the language line "mynt_buy_tmall"
ERROR - 2016-05-16 07:29:47 --> Could not find the language line "mynt_buy_youzan"
ERROR - 2016-05-16 07:30:00 --> Could not find the language line "mynt_buy_taobao"
ERROR - 2016-05-16 07:30:00 --> Could not find the language line "mynt_buy_tmall"
ERROR - 2016-05-16 07:30:00 --> Could not find the language line "mynt_buy_youzan"
ERROR - 2016-05-16 07:30:30 --> Could not find the language line "mynt_buy_taobao"
ERROR - 2016-05-16 07:30:30 --> Could not find the language line "mynt_buy_tmall"
ERROR - 2016-05-16 07:30:30 --> Could not find the language line "mynt_buy_youzan"
ERROR - 2016-05-16 07:30:30 --> Session: File 'ci_sessions/ci_sessiona57553e26af76d3b469331f603510805b4248d05' doesn't exist and cannot be created.
ERROR - 2016-05-16 07:30:32 --> Could not find the language line "mynt_buy_taobao"
ERROR - 2016-05-16 07:30:32 --> Could not find the language line "mynt_buy_tmall"
ERROR - 2016-05-16 07:30:32 --> Could not find the language line "mynt_buy_youzan"
ERROR - 2016-05-16 07:32:28 --> Could not find the language line "mynt_buy_taobao"
ERROR - 2016-05-16 07:32:28 --> Could not find the language line "mynt_buy_tmall"
ERROR - 2016-05-16 07:32:28 --> Could not find the language line "mynt_buy_youzan"
ERROR - 2016-05-16 07:32:42 --> Could not find the language line "mynt_buy_taobao"
ERROR - 2016-05-16 07:32:42 --> Could not find the language line "mynt_buy_tmall"
ERROR - 2016-05-16 07:32:42 --> Could not find the language line "mynt_buy_youzan"
ERROR - 2016-05-16 07:37:27 --> Could not find the language line "mynt_buy_taobao"
ERROR - 2016-05-16 07:37:27 --> Could not find the language line "mynt_buy_tmall"
ERROR - 2016-05-16 07:37:27 --> Could not find the language line "mynt_buy_youzan"
ERROR - 2016-05-16 07:38:36 --> Could not find the language line "mynt_buy_taobao"
ERROR - 2016-05-16 07:38:36 --> Could not find the language line "mynt_buy_tmall"
ERROR - 2016-05-16 07:38:36 --> Could not find the language line "mynt_buy_youzan"
ERROR - 2016-05-16 07:38:56 --> Could not find the language line "mynt_buy_taobao"
ERROR - 2016-05-16 07:38:56 --> Could not find the language line "mynt_buy_tmall"
ERROR - 2016-05-16 07:38:56 --> Could not find the language line "mynt_buy_youzan"
ERROR - 2016-05-16 07:46:01 --> Could not find the language line "mynt_buy_taobao"
ERROR - 2016-05-16 07:46:01 --> Could not find the language line "mynt_buy_tmall"
ERROR - 2016-05-16 07:46:01 --> Could not find the language line "mynt_buy_youzan"
ERROR - 2016-05-16 07:46:34 --> Could not find the language line "mynt_buy_taobao"
ERROR - 2016-05-16 07:46:34 --> Could not find the language line "mynt_buy_tmall"
ERROR - 2016-05-16 07:46:34 --> Could not find the language line "mynt_buy_youzan"
ERROR - 2016-05-16 07:54:08 --> Could not find the language line "mynt_buy_taobao"
ERROR - 2016-05-16 07:54:08 --> Could not find the language line "mynt_buy_tmall"
ERROR - 2016-05-16 07:54:08 --> Could not find the language line "mynt_buy_youzan"
ERROR - 2016-05-16 07:54:08 --> Session: File 'ci_sessions/ci_sessionf0a26b73c40c7db79c61ed0819b9364325dccd8d' doesn't exist and cannot be created.
ERROR - 2016-05-16 07:54:29 --> Could not find the language line "mynt_buy_taobao"
ERROR - 2016-05-16 07:54:29 --> Could not find the language line "mynt_buy_tmall"
ERROR - 2016-05-16 07:54:29 --> Could not find the language line "mynt_buy_youzan"
ERROR - 2016-05-16 07:55:19 --> Could not find the language line "mynt_buy_taobao"
ERROR - 2016-05-16 07:55:19 --> Could not find the language line "mynt_buy_tmall"
ERROR - 2016-05-16 07:55:19 --> Could not find the language line "mynt_buy_youzan"
ERROR - 2016-05-16 07:57:10 --> Could not find the language line "mynt_buy_taobao"
ERROR - 2016-05-16 07:57:10 --> Could not find the language line "mynt_buy_tmall"
ERROR - 2016-05-16 07:57:10 --> Could not find the language line "mynt_buy_youzan"
ERROR - 2016-05-16 07:58:43 --> Could not find the language line "mynt_buy_taobao"
ERROR - 2016-05-16 07:58:43 --> Could not find the language line "mynt_buy_tmall"
ERROR - 2016-05-16 07:58:43 --> Could not find the language line "mynt_buy_youzan"
ERROR - 2016-05-16 07:59:14 --> Could not find the language line "mynt_buy_taobao"
ERROR - 2016-05-16 07:59:14 --> Could not find the language line "mynt_buy_tmall"
ERROR - 2016-05-16 07:59:14 --> Could not find the language line "mynt_buy_youzan"
ERROR - 2016-05-16 07:59:14 --> Could not find the language line "mynt_icon_taobao"
ERROR - 2016-05-16 07:59:14 --> Could not find the language line "mynt_icon_tmall"
ERROR - 2016-05-16 07:59:14 --> Could not find the language line "mynt_icon_youzan"
ERROR - 2016-05-16 08:00:03 --> Could not find the language line "mynt_buy_taobao"
ERROR - 2016-05-16 08:00:03 --> Could not find the language line "mynt_buy_tmall"
ERROR - 2016-05-16 08:00:03 --> Could not find the language line "mynt_buy_youzan"
ERROR - 2016-05-16 08:00:03 --> Could not find the language line "mynt_icon_taobao"
ERROR - 2016-05-16 08:00:03 --> Could not find the language line "mynt_icon_tmall"
ERROR - 2016-05-16 08:00:03 --> Could not find the language line "mynt_icon_youzan"
ERROR - 2016-05-16 08:00:03 --> Session: File 'ci_sessions/ci_sessionfe491e2e1962792d21469babca05cd5575529b21' doesn't exist and cannot be created.
ERROR - 2016-05-16 08:09:39 --> Could not find the language line "mynt_buy_taobao"
ERROR - 2016-05-16 08:09:39 --> Could not find the language line "mynt_buy_tmall"
ERROR - 2016-05-16 08:09:39 --> Could not find the language line "mynt_buy_youzan"
ERROR - 2016-05-16 08:09:39 --> Could not find the language line "mynt_icon_taobao"
ERROR - 2016-05-16 08:09:39 --> Could not find the language line "mynt_icon_tmall"
ERROR - 2016-05-16 08:09:39 --> Could not find the language line "mynt_icon_youzan"
ERROR - 2016-05-16 08:13:33 --> Could not find the language line "mynt_buy_taobao"
ERROR - 2016-05-16 08:13:33 --> Could not find the language line "mynt_buy_tmall"
ERROR - 2016-05-16 08:13:33 --> Could not find the language line "mynt_buy_youzan"
ERROR - 2016-05-16 08:13:33 --> Could not find the language line "mynt_icon_taobao"
ERROR - 2016-05-16 08:13:33 --> Could not find the language line "mynt_icon_tmall"
ERROR - 2016-05-16 08:13:33 --> Could not find the language line "mynt_icon_youzan"
ERROR - 2016-05-16 08:19:41 --> Could not find the language line "mynt_buy_taobao"
ERROR - 2016-05-16 08:19:41 --> Could not find the language line "mynt_buy_tmall"
ERROR - 2016-05-16 08:19:41 --> Could not find the language line "mynt_buy_youzan"
ERROR - 2016-05-16 08:19:41 --> Could not find the language line "mynt_icon_taobao"
ERROR - 2016-05-16 08:19:41 --> Could not find the language line "mynt_icon_tmall"
ERROR - 2016-05-16 08:19:41 --> Could not find the language line "mynt_icon_youzan"
ERROR - 2016-05-16 08:19:41 --> Session: File 'ci_sessions/ci_session56ffd3c28b0357e1419247b7c93be0a9c960c38a' doesn't exist and cannot be created.
ERROR - 2016-05-16 08:20:58 --> Could not find the language line "mynt_buy_taobao"
ERROR - 2016-05-16 08:20:58 --> Could not find the language line "mynt_buy_tmall"
ERROR - 2016-05-16 08:20:58 --> Could not find the language line "mynt_buy_youzan"
ERROR - 2016-05-16 08:20:58 --> Could not find the language line "mynt_icon_taobao"
ERROR - 2016-05-16 08:20:58 --> Could not find the language line "mynt_icon_tmall"
ERROR - 2016-05-16 08:20:58 --> Could not find the language line "mynt_icon_youzan"
ERROR - 2016-05-16 08:23:39 --> Could not find the language line "mynt_buy_taobao"
ERROR - 2016-05-16 08:23:39 --> Could not find the language line "mynt_buy_tmall"
ERROR - 2016-05-16 08:23:39 --> Could not find the language line "mynt_buy_youzan"
ERROR - 2016-05-16 08:23:39 --> Could not find the language line "mynt_icon_taobao"
ERROR - 2016-05-16 08:23:39 --> Could not find the language line "mynt_icon_tmall"
ERROR - 2016-05-16 08:23:39 --> Could not find the language line "mynt_icon_youzan"
ERROR - 2016-05-16 08:23:57 --> Could not find the language line "mynt_buy_taobao"
ERROR - 2016-05-16 08:23:57 --> Could not find the language line "mynt_buy_tmall"
ERROR - 2016-05-16 08:23:57 --> Could not find the language line "mynt_buy_youzan"
ERROR - 2016-05-16 08:23:57 --> Could not find the language line "mynt_icon_taobao"
ERROR - 2016-05-16 08:23:57 --> Could not find the language line "mynt_icon_tmall"
ERROR - 2016-05-16 08:23:57 --> Could not find the language line "mynt_icon_youzan"
ERROR - 2016-05-16 08:25:03 --> Could not find the language line "mynt_buy_taobao"
ERROR - 2016-05-16 08:25:03 --> Could not find the language line "mynt_buy_tmall"
ERROR - 2016-05-16 08:25:03 --> Could not find the language line "mynt_buy_youzan"
ERROR - 2016-05-16 08:25:03 --> Could not find the language line "mynt_icon_taobao"
ERROR - 2016-05-16 08:25:03 --> Could not find the language line "mynt_icon_tmall"
ERROR - 2016-05-16 08:25:03 --> Could not find the language line "mynt_icon_youzan"
ERROR - 2016-05-16 08:34:46 --> Could not find the language line "mynt_buy_taobao"
ERROR - 2016-05-16 08:34:46 --> Could not find the language line "mynt_buy_tmall"
ERROR - 2016-05-16 08:34:46 --> Could not find the language line "mynt_buy_youzan"
ERROR - 2016-05-16 08:34:46 --> Could not find the language line "mynt_icon_taobao"
ERROR - 2016-05-16 08:34:46 --> Could not find the language line "mynt_icon_tmall"
ERROR - 2016-05-16 08:34:46 --> Could not find the language line "mynt_icon_youzan"
ERROR - 2016-05-16 08:35:09 --> Could not find the language line "mynt_buy_taobao"
ERROR - 2016-05-16 08:35:09 --> Could not find the language line "mynt_buy_tmall"
ERROR - 2016-05-16 08:35:09 --> Could not find the language line "mynt_buy_youzan"
ERROR - 2016-05-16 08:35:09 --> Could not find the language line "mynt_icon_taobao"
ERROR - 2016-05-16 08:35:09 --> Could not find the language line "mynt_icon_tmall"
ERROR - 2016-05-16 08:35:09 --> Could not find the language line "mynt_icon_youzan"
ERROR - 2016-05-16 08:35:57 --> Could not find the language line "mynt_buy_taobao"
ERROR - 2016-05-16 08:35:57 --> Could not find the language line "mynt_buy_tmall"
ERROR - 2016-05-16 08:35:57 --> Could not find the language line "mynt_buy_youzan"
ERROR - 2016-05-16 08:35:57 --> Could not find the language line "mynt_icon_taobao"
ERROR - 2016-05-16 08:35:57 --> Could not find the language line "mynt_icon_tmall"
ERROR - 2016-05-16 08:35:57 --> Could not find the language line "mynt_icon_youzan"
ERROR - 2016-05-16 08:38:11 --> Could not find the language line "mynt_buy_taobao"
ERROR - 2016-05-16 08:38:11 --> Could not find the language line "mynt_buy_tmall"
ERROR - 2016-05-16 08:38:11 --> Could not find the language line "mynt_buy_youzan"
ERROR - 2016-05-16 08:38:11 --> Could not find the language line "mynt_icon_taobao"
ERROR - 2016-05-16 08:38:11 --> Could not find the language line "mynt_icon_tmall"
ERROR - 2016-05-16 08:38:11 --> Could not find the language line "mynt_icon_youzan"
ERROR - 2016-05-16 08:39:27 --> Could not find the language line "mynt_buy_taobao"
ERROR - 2016-05-16 08:39:27 --> Could not find the language line "mynt_buy_tmall"
ERROR - 2016-05-16 08:39:27 --> Could not find the language line "mynt_buy_youzan"
ERROR - 2016-05-16 08:39:27 --> Could not find the language line "mynt_icon_taobao"
ERROR - 2016-05-16 08:39:27 --> Could not find the language line "mynt_icon_tmall"
ERROR - 2016-05-16 08:39:27 --> Could not find the language line "mynt_icon_youzan"
ERROR - 2016-05-16 08:39:39 --> Could not find the language line "mynt_buy_taobao"
ERROR - 2016-05-16 08:39:39 --> Could not find the language line "mynt_buy_tmall"
ERROR - 2016-05-16 08:39:39 --> Could not find the language line "mynt_buy_youzan"
ERROR - 2016-05-16 08:39:39 --> Could not find the language line "mynt_icon_taobao"
ERROR - 2016-05-16 08:39:39 --> Could not find the language line "mynt_icon_tmall"
ERROR - 2016-05-16 08:39:39 --> Could not find the language line "mynt_icon_youzan"
ERROR - 2016-05-16 08:39:56 --> Could not find the language line "mynt_buy_taobao"
ERROR - 2016-05-16 08:39:56 --> Could not find the language line "mynt_buy_tmall"
ERROR - 2016-05-16 08:39:56 --> Could not find the language line "mynt_buy_youzan"
ERROR - 2016-05-16 08:39:56 --> Could not find the language line "mynt_icon_taobao"
ERROR - 2016-05-16 08:39:56 --> Could not find the language line "mynt_icon_tmall"
ERROR - 2016-05-16 08:39:56 --> Could not find the language line "mynt_icon_youzan"
ERROR - 2016-05-16 08:40:47 --> Could not find the language line "mynt_buy_taobao"
ERROR - 2016-05-16 08:40:47 --> Could not find the language line "mynt_buy_tmall"
ERROR - 2016-05-16 08:40:47 --> Could not find the language line "mynt_buy_youzan"
ERROR - 2016-05-16 08:40:47 --> Could not find the language line "mynt_icon_taobao"
ERROR - 2016-05-16 08:40:47 --> Could not find the language line "mynt_icon_tmall"
ERROR - 2016-05-16 08:40:47 --> Could not find the language line "mynt_icon_youzan"
ERROR - 2016-05-16 08:40:59 --> Could not find the language line "mynt_buy_taobao"
ERROR - 2016-05-16 08:40:59 --> Could not find the language line "mynt_buy_tmall"
ERROR - 2016-05-16 08:40:59 --> Could not find the language line "mynt_buy_youzan"
ERROR - 2016-05-16 08:40:59 --> Could not find the language line "mynt_icon_taobao"
ERROR - 2016-05-16 08:40:59 --> Could not find the language line "mynt_icon_tmall"
ERROR - 2016-05-16 08:40:59 --> Could not find the language line "mynt_icon_youzan"
ERROR - 2016-05-16 08:43:11 --> Could not find the language line "mynt_buy_taobao"
ERROR - 2016-05-16 08:43:11 --> Could not find the language line "mynt_buy_tmall"
ERROR - 2016-05-16 08:43:11 --> Could not find the language line "mynt_buy_youzan"
ERROR - 2016-05-16 08:43:11 --> Could not find the language line "mynt_icon_taobao"
ERROR - 2016-05-16 08:43:11 --> Could not find the language line "mynt_icon_tmall"
ERROR - 2016-05-16 08:43:11 --> Could not find the language line "mynt_icon_youzan"
ERROR - 2016-05-16 08:43:39 --> Could not find the language line "mynt_buy_taobao"
ERROR - 2016-05-16 08:43:39 --> Could not find the language line "mynt_buy_tmall"
ERROR - 2016-05-16 08:43:39 --> Could not find the language line "mynt_buy_youzan"
ERROR - 2016-05-16 08:43:39 --> Could not find the language line "mynt_icon_taobao"
ERROR - 2016-05-16 08:43:39 --> Could not find the language line "mynt_icon_tmall"
ERROR - 2016-05-16 08:43:39 --> Could not find the language line "mynt_icon_youzan"
ERROR - 2016-05-16 08:44:02 --> Could not find the language line "mynt_buy_taobao"
ERROR - 2016-05-16 08:44:02 --> Could not find the language line "mynt_buy_tmall"
ERROR - 2016-05-16 08:44:02 --> Could not find the language line "mynt_buy_youzan"
ERROR - 2016-05-16 08:44:02 --> Could not find the language line "mynt_icon_taobao"
ERROR - 2016-05-16 08:44:02 --> Could not find the language line "mynt_icon_tmall"
ERROR - 2016-05-16 08:44:02 --> Could not find the language line "mynt_icon_youzan"
ERROR - 2016-05-16 08:44:15 --> Could not find the language line "mynt_buy_taobao"
ERROR - 2016-05-16 08:44:15 --> Could not find the language line "mynt_buy_tmall"
ERROR - 2016-05-16 08:44:15 --> Could not find the language line "mynt_buy_youzan"
ERROR - 2016-05-16 08:44:15 --> Could not find the language line "mynt_icon_taobao"
ERROR - 2016-05-16 08:44:15 --> Could not find the language line "mynt_icon_tmall"
ERROR - 2016-05-16 08:44:15 --> Could not find the language line "mynt_icon_youzan"
ERROR - 2016-05-16 08:45:06 --> Could not find the language line "mynt_buy_taobao"
ERROR - 2016-05-16 08:45:06 --> Could not find the language line "mynt_buy_tmall"
ERROR - 2016-05-16 08:45:06 --> Could not find the language line "mynt_buy_youzan"
ERROR - 2016-05-16 08:45:06 --> Could not find the language line "mynt_icon_taobao"
ERROR - 2016-05-16 08:45:06 --> Could not find the language line "mynt_icon_tmall"
ERROR - 2016-05-16 08:45:06 --> Could not find the language line "mynt_icon_youzan"
ERROR - 2016-05-16 08:45:06 --> Session: File 'ci_sessions/ci_session6bd294b010c7ec7aff646b0571370241217d23eb' doesn't exist and cannot be created.
ERROR - 2016-05-16 08:45:20 --> Could not find the language line "mynt_buy_taobao"
ERROR - 2016-05-16 08:45:20 --> Could not find the language line "mynt_buy_tmall"
ERROR - 2016-05-16 08:45:20 --> Could not find the language line "mynt_buy_youzan"
ERROR - 2016-05-16 08:45:20 --> Could not find the language line "mynt_icon_taobao"
ERROR - 2016-05-16 08:45:20 --> Could not find the language line "mynt_icon_tmall"
ERROR - 2016-05-16 08:45:20 --> Could not find the language line "mynt_icon_youzan"
ERROR - 2016-05-16 08:46:06 --> Could not find the language line "mynt_buy_taobao"
ERROR - 2016-05-16 08:46:06 --> Could not find the language line "mynt_buy_tmall"
ERROR - 2016-05-16 08:46:06 --> Could not find the language line "mynt_buy_youzan"
ERROR - 2016-05-16 08:46:06 --> Could not find the language line "mynt_icon_taobao"
ERROR - 2016-05-16 08:46:06 --> Could not find the language line "mynt_icon_tmall"
ERROR - 2016-05-16 08:46:06 --> Could not find the language line "mynt_icon_youzan"
ERROR - 2016-05-16 08:47:41 --> Could not find the language line "mynt_buy_taobao"
ERROR - 2016-05-16 08:47:41 --> Could not find the language line "mynt_buy_tmall"
ERROR - 2016-05-16 08:47:41 --> Could not find the language line "mynt_buy_youzan"
ERROR - 2016-05-16 08:47:41 --> Could not find the language line "mynt_icon_taobao"
ERROR - 2016-05-16 08:47:41 --> Could not find the language line "mynt_icon_tmall"
ERROR - 2016-05-16 08:47:41 --> Could not find the language line "mynt_icon_youzan"
ERROR - 2016-05-16 08:47:50 --> Could not find the language line "mynt_buy_taobao"
ERROR - 2016-05-16 08:47:50 --> Could not find the language line "mynt_buy_tmall"
ERROR - 2016-05-16 08:47:50 --> Could not find the language line "mynt_buy_youzan"
ERROR - 2016-05-16 08:47:50 --> Could not find the language line "mynt_icon_taobao"
ERROR - 2016-05-16 08:47:50 --> Could not find the language line "mynt_icon_tmall"
ERROR - 2016-05-16 08:47:50 --> Could not find the language line "mynt_icon_youzan"
ERROR - 2016-05-16 08:48:56 --> Could not find the language line "mynt_buy_taobao"
ERROR - 2016-05-16 08:48:56 --> Could not find the language line "mynt_buy_tmall"
ERROR - 2016-05-16 08:48:56 --> Could not find the language line "mynt_buy_youzan"
ERROR - 2016-05-16 08:48:56 --> Could not find the language line "mynt_icon_taobao"
ERROR - 2016-05-16 08:48:56 --> Could not find the language line "mynt_icon_tmall"
ERROR - 2016-05-16 08:48:56 --> Could not find the language line "mynt_icon_youzan"
ERROR - 2016-05-16 08:49:29 --> Could not find the language line "mynt_buy_taobao"
ERROR - 2016-05-16 08:49:29 --> Could not find the language line "mynt_buy_tmall"
ERROR - 2016-05-16 08:49:29 --> Could not find the language line "mynt_buy_youzan"
ERROR - 2016-05-16 08:49:29 --> Could not find the language line "mynt_icon_taobao"
ERROR - 2016-05-16 08:49:29 --> Could not find the language line "mynt_icon_tmall"
ERROR - 2016-05-16 08:49:29 --> Could not find the language line "mynt_icon_youzan"
ERROR - 2016-05-16 08:51:21 --> Could not find the language line "mynt_buy_taobao"
ERROR - 2016-05-16 08:51:21 --> Could not find the language line "mynt_buy_tmall"
ERROR - 2016-05-16 08:51:21 --> Could not find the language line "mynt_buy_youzan"
ERROR - 2016-05-16 08:51:21 --> Could not find the language line "mynt_icon_taobao"
ERROR - 2016-05-16 08:51:21 --> Could not find the language line "mynt_icon_tmall"
ERROR - 2016-05-16 08:51:21 --> Could not find the language line "mynt_icon_youzan"
ERROR - 2016-05-16 08:51:37 --> Could not find the language line "mynt_buy_taobao"
ERROR - 2016-05-16 08:51:37 --> Could not find the language line "mynt_buy_tmall"
ERROR - 2016-05-16 08:51:37 --> Could not find the language line "mynt_buy_youzan"
ERROR - 2016-05-16 08:51:37 --> Could not find the language line "mynt_icon_taobao"
ERROR - 2016-05-16 08:51:37 --> Could not find the language line "mynt_icon_tmall"
ERROR - 2016-05-16 08:51:37 --> Could not find the language line "mynt_icon_youzan"
ERROR - 2016-05-16 08:52:09 --> Could not find the language line "mynt_buy_taobao"
ERROR - 2016-05-16 08:52:09 --> Could not find the language line "mynt_buy_tmall"
ERROR - 2016-05-16 08:52:09 --> Could not find the language line "mynt_buy_youzan"
ERROR - 2016-05-16 08:52:09 --> Could not find the language line "mynt_icon_taobao"
ERROR - 2016-05-16 08:52:09 --> Could not find the language line "mynt_icon_tmall"
ERROR - 2016-05-16 08:52:09 --> Could not find the language line "mynt_icon_youzan"
ERROR - 2016-05-16 08:54:45 --> Could not find the language line "mynt_buy_taobao"
ERROR - 2016-05-16 08:54:45 --> Could not find the language line "mynt_buy_tmall"
ERROR - 2016-05-16 08:54:45 --> Could not find the language line "mynt_buy_youzan"
ERROR - 2016-05-16 08:54:45 --> Could not find the language line "mynt_icon_taobao"
ERROR - 2016-05-16 08:54:45 --> Could not find the language line "mynt_icon_tmall"
ERROR - 2016-05-16 08:54:45 --> Could not find the language line "mynt_icon_youzan"
ERROR - 2016-05-16 08:55:34 --> Could not find the language line "mynt_buy_taobao"
ERROR - 2016-05-16 08:55:34 --> Could not find the language line "mynt_buy_tmall"
ERROR - 2016-05-16 08:55:34 --> Could not find the language line "mynt_buy_youzan"
ERROR - 2016-05-16 08:55:34 --> Could not find the language line "mynt_icon_taobao"
ERROR - 2016-05-16 08:55:34 --> Could not find the language line "mynt_icon_tmall"
ERROR - 2016-05-16 08:55:34 --> Could not find the language line "mynt_icon_youzan"
ERROR - 2016-05-16 08:56:32 --> Could not find the language line "mynt_buy_taobao"
ERROR - 2016-05-16 08:56:32 --> Could not find the language line "mynt_buy_tmall"
ERROR - 2016-05-16 08:56:32 --> Could not find the language line "mynt_buy_youzan"
ERROR - 2016-05-16 08:56:32 --> Could not find the language line "mynt_icon_taobao"
ERROR - 2016-05-16 08:56:32 --> Could not find the language line "mynt_icon_tmall"
ERROR - 2016-05-16 08:56:32 --> Could not find the language line "mynt_icon_youzan"
ERROR - 2016-05-16 08:56:32 --> Session: File 'ci_sessions/ci_session4096241aa479d9738f8a54c6dd13a83eac2d40e0' doesn't exist and cannot be created.
ERROR - 2016-05-16 08:57:52 --> Could not find the language line "mynt_buy_taobao"
ERROR - 2016-05-16 08:57:52 --> Could not find the language line "mynt_buy_tmall"
ERROR - 2016-05-16 08:57:52 --> Could not find the language line "mynt_buy_youzan"
ERROR - 2016-05-16 08:57:52 --> Could not find the language line "mynt_icon_taobao"
ERROR - 2016-05-16 08:57:52 --> Could not find the language line "mynt_icon_tmall"
ERROR - 2016-05-16 08:57:52 --> Could not find the language line "mynt_icon_youzan"
ERROR - 2016-05-16 08:59:24 --> Could not find the language line "mynt_buy_taobao"
ERROR - 2016-05-16 08:59:24 --> Could not find the language line "mynt_buy_tmall"
ERROR - 2016-05-16 08:59:24 --> Could not find the language line "mynt_buy_youzan"
ERROR - 2016-05-16 08:59:24 --> Could not find the language line "mynt_icon_taobao"
ERROR - 2016-05-16 08:59:24 --> Could not find the language line "mynt_icon_tmall"
ERROR - 2016-05-16 08:59:24 --> Could not find the language line "mynt_icon_youzan"
ERROR - 2016-05-16 09:02:12 --> Could not find the language line "mynt_buy_taobao"
ERROR - 2016-05-16 09:02:12 --> Could not find the language line "mynt_buy_tmall"
ERROR - 2016-05-16 09:02:12 --> Could not find the language line "mynt_buy_youzan"
ERROR - 2016-05-16 09:02:12 --> Could not find the language line "mynt_icon_taobao"
ERROR - 2016-05-16 09:02:12 --> Could not find the language line "mynt_icon_tmall"
ERROR - 2016-05-16 09:02:12 --> Could not find the language line "mynt_icon_youzan"
ERROR - 2016-05-16 09:02:53 --> Could not find the language line "mynt_buy_taobao"
ERROR - 2016-05-16 09:02:53 --> Could not find the language line "mynt_buy_tmall"
ERROR - 2016-05-16 09:02:53 --> Could not find the language line "mynt_buy_youzan"
ERROR - 2016-05-16 09:02:53 --> Could not find the language line "mynt_icon_taobao"
ERROR - 2016-05-16 09:02:53 --> Could not find the language line "mynt_icon_tmall"
ERROR - 2016-05-16 09:02:53 --> Could not find the language line "mynt_icon_youzan"
ERROR - 2016-05-16 09:03:45 --> Could not find the language line "mynt_buy_taobao"
ERROR - 2016-05-16 09:03:45 --> Could not find the language line "mynt_buy_tmall"
ERROR - 2016-05-16 09:03:45 --> Could not find the language line "mynt_buy_youzan"
ERROR - 2016-05-16 09:03:45 --> Could not find the language line "mynt_icon_taobao"
ERROR - 2016-05-16 09:03:45 --> Could not find the language line "mynt_icon_tmall"
ERROR - 2016-05-16 09:03:45 --> Could not find the language line "mynt_icon_youzan"
ERROR - 2016-05-16 09:07:59 --> Could not find the language line "mynt_buy_taobao"
ERROR - 2016-05-16 09:07:59 --> Could not find the language line "mynt_buy_tmall"
ERROR - 2016-05-16 09:07:59 --> Could not find the language line "mynt_buy_youzan"
ERROR - 2016-05-16 09:07:59 --> Could not find the language line "mynt_icon_taobao"
ERROR - 2016-05-16 09:07:59 --> Could not find the language line "mynt_icon_tmall"
ERROR - 2016-05-16 09:07:59 --> Could not find the language line "mynt_icon_youzan"
ERROR - 2016-05-16 09:07:59 --> Session: File 'ci_sessions/ci_session92bcdd6c61420c20085123c96377949f6f138df9' doesn't exist and cannot be created.
ERROR - 2016-05-16 09:08:59 --> Could not find the language line "mynt_buy_taobao"
ERROR - 2016-05-16 09:08:59 --> Could not find the language line "mynt_buy_tmall"
ERROR - 2016-05-16 09:08:59 --> Could not find the language line "mynt_buy_youzan"
ERROR - 2016-05-16 09:08:59 --> Could not find the language line "mynt_icon_taobao"
ERROR - 2016-05-16 09:08:59 --> Could not find the language line "mynt_icon_tmall"
ERROR - 2016-05-16 09:08:59 --> Could not find the language line "mynt_icon_youzan"
ERROR - 2016-05-16 09:09:47 --> Could not find the language line "mynt_buy_taobao"
ERROR - 2016-05-16 09:09:47 --> Could not find the language line "mynt_buy_tmall"
ERROR - 2016-05-16 09:09:47 --> Could not find the language line "mynt_buy_youzan"
ERROR - 2016-05-16 09:09:47 --> Could not find the language line "mynt_icon_taobao"
ERROR - 2016-05-16 09:09:47 --> Could not find the language line "mynt_icon_tmall"
ERROR - 2016-05-16 09:09:47 --> Could not find the language line "mynt_icon_youzan"
ERROR - 2016-05-16 09:12:42 --> Could not find the language line "mynt_buy_taobao"
ERROR - 2016-05-16 09:12:42 --> Could not find the language line "mynt_buy_tmall"
ERROR - 2016-05-16 09:12:42 --> Could not find the language line "mynt_buy_youzan"
ERROR - 2016-05-16 09:12:42 --> Could not find the language line "mynt_icon_taobao"
ERROR - 2016-05-16 09:12:42 --> Could not find the language line "mynt_icon_tmall"
ERROR - 2016-05-16 09:12:42 --> Could not find the language line "mynt_icon_youzan"
ERROR - 2016-05-16 09:13:43 --> Could not find the language line "mynt_buy_taobao"
ERROR - 2016-05-16 09:13:43 --> Could not find the language line "mynt_buy_tmall"
ERROR - 2016-05-16 09:13:43 --> Could not find the language line "mynt_buy_youzan"
ERROR - 2016-05-16 09:13:43 --> Could not find the language line "mynt_icon_taobao"
ERROR - 2016-05-16 09:13:43 --> Could not find the language line "mynt_icon_tmall"
ERROR - 2016-05-16 09:13:43 --> Could not find the language line "mynt_icon_youzan"
ERROR - 2016-05-16 09:15:25 --> Could not find the language line "mynt_buy_taobao"
ERROR - 2016-05-16 09:15:25 --> Could not find the language line "mynt_buy_tmall"
ERROR - 2016-05-16 09:15:25 --> Could not find the language line "mynt_buy_youzan"
ERROR - 2016-05-16 09:15:25 --> Could not find the language line "mynt_icon_taobao"
ERROR - 2016-05-16 09:15:25 --> Could not find the language line "mynt_icon_tmall"
ERROR - 2016-05-16 09:15:25 --> Could not find the language line "mynt_icon_youzan"
ERROR - 2016-05-16 09:15:26 --> Could not find the language line "mynt_buy_taobao"
ERROR - 2016-05-16 09:15:26 --> Could not find the language line "mynt_buy_tmall"
ERROR - 2016-05-16 09:15:26 --> Could not find the language line "mynt_buy_youzan"
ERROR - 2016-05-16 09:15:26 --> Could not find the language line "mynt_icon_taobao"
ERROR - 2016-05-16 09:15:26 --> Could not find the language line "mynt_icon_tmall"
ERROR - 2016-05-16 09:15:26 --> Could not find the language line "mynt_icon_youzan"
ERROR - 2016-05-16 09:15:44 --> Could not find the language line "mynt_buy_taobao"
ERROR - 2016-05-16 09:15:44 --> Could not find the language line "mynt_buy_tmall"
ERROR - 2016-05-16 09:15:44 --> Could not find the language line "mynt_buy_youzan"
ERROR - 2016-05-16 09:15:44 --> Could not find the language line "mynt_icon_taobao"
ERROR - 2016-05-16 09:15:44 --> Could not find the language line "mynt_icon_tmall"
ERROR - 2016-05-16 09:15:44 --> Could not find the language line "mynt_icon_youzan"
ERROR - 2016-05-16 09:18:54 --> Could not find the language line "mynt_buy_taobao"
ERROR - 2016-05-16 09:18:54 --> Could not find the language line "mynt_buy_tmall"
ERROR - 2016-05-16 09:18:54 --> Could not find the language line "mynt_buy_youzan"
ERROR - 2016-05-16 09:18:54 --> Could not find the language line "mynt_icon_taobao"
ERROR - 2016-05-16 09:18:54 --> Could not find the language line "mynt_icon_tmall"
ERROR - 2016-05-16 09:18:54 --> Could not find the language line "mynt_icon_youzan"
ERROR - 2016-05-16 09:19:11 --> Could not find the language line "mynt_buy_taobao"
ERROR - 2016-05-16 09:19:11 --> Could not find the language line "mynt_buy_tmall"
ERROR - 2016-05-16 09:19:11 --> Could not find the language line "mynt_buy_youzan"
ERROR - 2016-05-16 09:19:11 --> Could not find the language line "mynt_icon_taobao"
ERROR - 2016-05-16 09:19:11 --> Could not find the language line "mynt_icon_tmall"
ERROR - 2016-05-16 09:19:11 --> Could not find the language line "mynt_icon_youzan"
ERROR - 2016-05-16 09:19:56 --> Could not find the language line "mynt_buy_taobao"
ERROR - 2016-05-16 09:19:56 --> Could not find the language line "mynt_buy_tmall"
ERROR - 2016-05-16 09:19:56 --> Could not find the language line "mynt_buy_youzan"
ERROR - 2016-05-16 09:19:56 --> Could not find the language line "mynt_icon_taobao"
ERROR - 2016-05-16 09:19:56 --> Could not find the language line "mynt_icon_tmall"
ERROR - 2016-05-16 09:19:56 --> Could not find the language line "mynt_icon_youzan"
ERROR - 2016-05-16 09:20:31 --> Could not find the language line "mynt_buy_taobao"
ERROR - 2016-05-16 09:20:31 --> Could not find the language line "mynt_buy_tmall"
ERROR - 2016-05-16 09:20:31 --> Could not find the language line "mynt_buy_youzan"
ERROR - 2016-05-16 09:20:31 --> Could not find the language line "mynt_icon_taobao"
ERROR - 2016-05-16 09:20:31 --> Could not find the language line "mynt_icon_tmall"
ERROR - 2016-05-16 09:20:31 --> Could not find the language line "mynt_icon_youzan"
ERROR - 2016-05-16 09:21:43 --> Could not find the language line "mynt_buy_taobao"
ERROR - 2016-05-16 09:21:43 --> Could not find the language line "mynt_buy_tmall"
ERROR - 2016-05-16 09:21:43 --> Could not find the language line "mynt_buy_youzan"
ERROR - 2016-05-16 09:25:58 --> Could not find the language line "mynt_buy_taobao"
ERROR - 2016-05-16 09:25:58 --> Could not find the language line "mynt_buy_tmall"
ERROR - 2016-05-16 09:25:58 --> Could not find the language line "mynt_buy_youzan"
ERROR - 2016-05-16 09:25:58 --> Could not find the language line "mynt_icon_taobao"
ERROR - 2016-05-16 09:25:58 --> Could not find the language line "mynt_icon_tmall"
ERROR - 2016-05-16 09:25:58 --> Could not find the language line "mynt_icon_youzan"
ERROR - 2016-05-16 09:26:38 --> Could not find the language line "mynt_buy_taobao"
ERROR - 2016-05-16 09:26:38 --> Could not find the language line "mynt_buy_tmall"
ERROR - 2016-05-16 09:26:38 --> Could not find the language line "mynt_buy_youzan"
ERROR - 2016-05-16 09:26:38 --> Could not find the language line "mynt_icon_taobao"
ERROR - 2016-05-16 09:26:38 --> Could not find the language line "mynt_icon_tmall"
ERROR - 2016-05-16 09:26:38 --> Could not find the language line "mynt_icon_youzan"
ERROR - 2016-05-16 09:27:22 --> Could not find the language line "mynt_buy_taobao"
ERROR - 2016-05-16 09:27:22 --> Could not find the language line "mynt_buy_tmall"
ERROR - 2016-05-16 09:27:22 --> Could not find the language line "mynt_buy_youzan"
ERROR - 2016-05-16 09:27:22 --> Could not find the language line "mynt_icon_taobao"
ERROR - 2016-05-16 09:27:22 --> Could not find the language line "mynt_icon_tmall"
ERROR - 2016-05-16 09:27:22 --> Could not find the language line "mynt_icon_youzan"
ERROR - 2016-05-16 09:30:30 --> Could not find the language line "mynt_buy_taobao"
ERROR - 2016-05-16 09:30:30 --> Could not find the language line "mynt_buy_tmall"
ERROR - 2016-05-16 09:30:30 --> Could not find the language line "mynt_buy_youzan"
ERROR - 2016-05-16 09:30:57 --> Could not find the language line "mynt_buy_taobao"
ERROR - 2016-05-16 09:30:57 --> Could not find the language line "mynt_buy_tmall"
ERROR - 2016-05-16 09:30:57 --> Could not find the language line "mynt_buy_youzan"
ERROR - 2016-05-16 09:31:20 --> Could not find the language line "mynt_buy_taobao"
ERROR - 2016-05-16 09:31:20 --> Could not find the language line "mynt_buy_tmall"
ERROR - 2016-05-16 09:31:20 --> Could not find the language line "mynt_buy_youzan"
ERROR - 2016-05-16 09:34:10 --> Could not find the language line "mynt_buy_taobao"
ERROR - 2016-05-16 09:34:10 --> Could not find the language line "mynt_buy_tmall"
ERROR - 2016-05-16 09:34:10 --> Could not find the language line "mynt_buy_youzan"
ERROR - 2016-05-16 09:35:00 --> Could not find the language line "mynt_buy_taobao"
ERROR - 2016-05-16 09:35:00 --> Could not find the language line "mynt_buy_tmall"
ERROR - 2016-05-16 09:35:00 --> Could not find the language line "mynt_buy_youzan"
ERROR - 2016-05-16 09:35:00 --> Could not find the language line "mynt_icon_taobao"
ERROR - 2016-05-16 09:35:00 --> Could not find the language line "mynt_icon_tmall"
ERROR - 2016-05-16 09:35:00 --> Could not find the language line "mynt_icon_youzan"
ERROR - 2016-05-16 09:35:08 --> Could not find the language line "mynt_buy_taobao"
ERROR - 2016-05-16 09:35:08 --> Could not find the language line "mynt_buy_tmall"
ERROR - 2016-05-16 09:35:08 --> Could not find the language line "mynt_buy_youzan"
ERROR - 2016-05-16 09:39:13 --> Could not find the language line "mynt_buy_taobao"
ERROR - 2016-05-16 09:39:13 --> Could not find the language line "mynt_buy_tmall"
ERROR - 2016-05-16 09:39:13 --> Could not find the language line "mynt_buy_youzan"
ERROR - 2016-05-16 09:39:24 --> Could not find the language line "mynt_buy_taobao"
ERROR - 2016-05-16 09:39:24 --> Could not find the language line "mynt_buy_tmall"
ERROR - 2016-05-16 09:39:24 --> Could not find the language line "mynt_buy_youzan"
ERROR - 2016-05-16 09:39:24 --> Could not find the language line "mynt_icon_taobao"
ERROR - 2016-05-16 09:39:24 --> Could not find the language line "mynt_icon_tmall"
ERROR - 2016-05-16 09:39:24 --> Could not find the language line "mynt_icon_youzan"
ERROR - 2016-05-16 09:40:19 --> Could not find the language line "mynt_buy_taobao"
ERROR - 2016-05-16 09:40:19 --> Could not find the language line "mynt_buy_tmall"
ERROR - 2016-05-16 09:40:19 --> Could not find the language line "mynt_buy_youzan"
ERROR - 2016-05-16 09:40:19 --> Could not find the language line "mynt_icon_taobao"
ERROR - 2016-05-16 09:40:19 --> Could not find the language line "mynt_icon_tmall"
ERROR - 2016-05-16 09:40:19 --> Could not find the language line "mynt_icon_youzan"
ERROR - 2016-05-16 09:40:19 --> Session: File 'ci_sessions/ci_sessionc2882c8ec2e3d11b4ae612bf529b6672be27d431' doesn't exist and cannot be created.
ERROR - 2016-05-16 09:41:23 --> Could not find the language line "mynt_buy_taobao"
ERROR - 2016-05-16 09:41:23 --> Could not find the language line "mynt_buy_tmall"
ERROR - 2016-05-16 09:41:23 --> Could not find the language line "mynt_buy_youzan"
ERROR - 2016-05-16 09:41:23 --> Could not find the language line "mynt_icon_taobao"
ERROR - 2016-05-16 09:41:23 --> Could not find the language line "mynt_icon_tmall"
ERROR - 2016-05-16 09:41:23 --> Could not find the language line "mynt_icon_youzan"
ERROR - 2016-05-16 09:41:56 --> Could not find the language line "mynt_buy_taobao"
ERROR - 2016-05-16 09:41:56 --> Could not find the language line "mynt_buy_tmall"
ERROR - 2016-05-16 09:41:56 --> Could not find the language line "mynt_buy_youzan"
ERROR - 2016-05-16 09:41:56 --> Could not find the language line "mynt_icon_taobao"
ERROR - 2016-05-16 09:41:56 --> Could not find the language line "mynt_icon_tmall"
ERROR - 2016-05-16 09:41:56 --> Could not find the language line "mynt_icon_youzan"
ERROR - 2016-05-16 09:42:01 --> Could not find the language line "mynt_buy_taobao"
ERROR - 2016-05-16 09:42:01 --> Could not find the language line "mynt_buy_tmall"
ERROR - 2016-05-16 09:42:01 --> Could not find the language line "mynt_buy_youzan"
ERROR - 2016-05-16 09:42:01 --> Could not find the language line "mynt_icon_taobao"
ERROR - 2016-05-16 09:42:01 --> Could not find the language line "mynt_icon_tmall"
ERROR - 2016-05-16 09:42:01 --> Could not find the language line "mynt_icon_youzan"
ERROR - 2016-05-16 09:43:00 --> Could not find the language line "mynt_buy_taobao"
ERROR - 2016-05-16 09:43:00 --> Could not find the language line "mynt_buy_tmall"
ERROR - 2016-05-16 09:43:00 --> Could not find the language line "mynt_buy_youzan"
ERROR - 2016-05-16 09:43:00 --> Could not find the language line "mynt_icon_taobao"
ERROR - 2016-05-16 09:43:00 --> Could not find the language line "mynt_icon_tmall"
ERROR - 2016-05-16 09:43:00 --> Could not find the language line "mynt_icon_youzan"
ERROR - 2016-05-16 10:04:03 --> Could not find the language line "mynt_buy_taobao"
ERROR - 2016-05-16 10:04:03 --> Could not find the language line "mynt_buy_tmall"
ERROR - 2016-05-16 10:04:03 --> Could not find the language line "mynt_buy_youzan"
ERROR - 2016-05-16 10:04:03 --> Could not find the language line "mynt_icon_taobao"
ERROR - 2016-05-16 10:04:03 --> Could not find the language line "mynt_icon_tmall"
ERROR - 2016-05-16 10:04:03 --> Could not find the language line "mynt_icon_youzan"
ERROR - 2016-05-16 10:04:03 --> Could not find the language line "mynt_buy_taobao"
ERROR - 2016-05-16 10:04:03 --> Could not find the language line "mynt_buy_tmall"
ERROR - 2016-05-16 10:04:03 --> Could not find the language line "mynt_buy_youzan"
ERROR - 2016-05-16 10:04:03 --> Could not find the language line "mynt_icon_taobao"
ERROR - 2016-05-16 10:04:03 --> Could not find the language line "mynt_icon_tmall"
ERROR - 2016-05-16 10:04:03 --> Could not find the language line "mynt_icon_youzan"
ERROR - 2016-05-16 10:07:40 --> Could not find the language line "mynt_buy_taobao"
ERROR - 2016-05-16 10:07:40 --> Could not find the language line "mynt_buy_tmall"
ERROR - 2016-05-16 10:07:40 --> Could not find the language line "mynt_buy_youzan"
ERROR - 2016-05-16 10:07:40 --> Could not find the language line "mynt_icon_taobao"
ERROR - 2016-05-16 10:07:40 --> Could not find the language line "mynt_icon_tmall"
ERROR - 2016-05-16 10:07:40 --> Could not find the language line "mynt_icon_youzan"
ERROR - 2016-05-16 10:09:02 --> Could not find the language line "mynt_buy_taobao"
ERROR - 2016-05-16 10:09:02 --> Could not find the language line "mynt_buy_tmall"
ERROR - 2016-05-16 10:09:02 --> Could not find the language line "mynt_buy_youzan"
ERROR - 2016-05-16 10:09:02 --> Could not find the language line "mynt_icon_taobao"
ERROR - 2016-05-16 10:09:02 --> Could not find the language line "mynt_icon_tmall"
ERROR - 2016-05-16 10:09:02 --> Could not find the language line "mynt_icon_youzan"
ERROR - 2016-05-16 10:09:49 --> Could not find the language line "mynt_buy_taobao"
ERROR - 2016-05-16 10:09:49 --> Could not find the language line "mynt_buy_tmall"
ERROR - 2016-05-16 10:09:49 --> Could not find the language line "mynt_buy_youzan"
ERROR - 2016-05-16 10:09:49 --> Could not find the language line "mynt_icon_taobao"
ERROR - 2016-05-16 10:09:49 --> Could not find the language line "mynt_icon_tmall"
ERROR - 2016-05-16 10:09:49 --> Could not find the language line "mynt_icon_youzan"
ERROR - 2016-05-16 10:09:49 --> Session: File 'ci_sessions/ci_session504136b684a14e4e0f6b75d2502636d7f7c5151d' doesn't exist and cannot be created.
ERROR - 2016-05-16 10:10:20 --> Could not find the language line "mynt_buy_taobao"
ERROR - 2016-05-16 10:10:20 --> Could not find the language line "mynt_buy_tmall"
ERROR - 2016-05-16 10:10:20 --> Could not find the language line "mynt_buy_youzan"
ERROR - 2016-05-16 10:10:20 --> Could not find the language line "mynt_icon_taobao"
ERROR - 2016-05-16 10:10:20 --> Could not find the language line "mynt_icon_tmall"
ERROR - 2016-05-16 10:10:20 --> Could not find the language line "mynt_icon_youzan"
ERROR - 2016-05-16 10:10:30 --> Could not find the language line "mynt_buy_taobao"
ERROR - 2016-05-16 10:10:30 --> Could not find the language line "mynt_buy_tmall"
ERROR - 2016-05-16 10:10:30 --> Could not find the language line "mynt_buy_youzan"
ERROR - 2016-05-16 10:10:30 --> Could not find the language line "mynt_icon_taobao"
ERROR - 2016-05-16 10:10:30 --> Could not find the language line "mynt_icon_tmall"
ERROR - 2016-05-16 10:10:30 --> Could not find the language line "mynt_icon_youzan"
ERROR - 2016-05-16 10:10:43 --> Could not find the language line "mynt_buy_taobao"
ERROR - 2016-05-16 10:10:43 --> Could not find the language line "mynt_buy_tmall"
ERROR - 2016-05-16 10:10:43 --> Could not find the language line "mynt_buy_youzan"
ERROR - 2016-05-16 10:10:43 --> Could not find the language line "mynt_icon_taobao"
ERROR - 2016-05-16 10:10:43 --> Could not find the language line "mynt_icon_tmall"
ERROR - 2016-05-16 10:10:43 --> Could not find the language line "mynt_icon_youzan"
ERROR - 2016-05-16 10:10:54 --> Could not find the language line "mynt_buy_taobao"
ERROR - 2016-05-16 10:10:54 --> Could not find the language line "mynt_buy_tmall"
ERROR - 2016-05-16 10:10:54 --> Could not find the language line "mynt_buy_youzan"
ERROR - 2016-05-16 10:10:54 --> Could not find the language line "mynt_icon_taobao"
ERROR - 2016-05-16 10:10:54 --> Could not find the language line "mynt_icon_tmall"
ERROR - 2016-05-16 10:10:54 --> Could not find the language line "mynt_icon_youzan"
ERROR - 2016-05-16 10:11:16 --> Could not find the language line "mynt_buy_taobao"
ERROR - 2016-05-16 10:11:16 --> Could not find the language line "mynt_buy_tmall"
ERROR - 2016-05-16 10:11:16 --> Could not find the language line "mynt_buy_youzan"
ERROR - 2016-05-16 10:11:16 --> Could not find the language line "mynt_icon_taobao"
ERROR - 2016-05-16 10:11:16 --> Could not find the language line "mynt_icon_tmall"
ERROR - 2016-05-16 10:11:16 --> Could not find the language line "mynt_icon_youzan"
ERROR - 2016-05-16 10:11:29 --> Could not find the language line "mynt_buy_taobao"
ERROR - 2016-05-16 10:11:29 --> Could not find the language line "mynt_buy_tmall"
ERROR - 2016-05-16 10:11:29 --> Could not find the language line "mynt_buy_youzan"
ERROR - 2016-05-16 10:11:29 --> Could not find the language line "mynt_icon_taobao"
ERROR - 2016-05-16 10:11:29 --> Could not find the language line "mynt_icon_tmall"
ERROR - 2016-05-16 10:11:29 --> Could not find the language line "mynt_icon_youzan"
ERROR - 2016-05-16 10:11:41 --> Could not find the language line "mynt_buy_taobao"
ERROR - 2016-05-16 10:11:41 --> Could not find the language line "mynt_buy_tmall"
ERROR - 2016-05-16 10:11:41 --> Could not find the language line "mynt_buy_youzan"
ERROR - 2016-05-16 10:11:41 --> Could not find the language line "mynt_icon_taobao"
ERROR - 2016-05-16 10:11:41 --> Could not find the language line "mynt_icon_tmall"
ERROR - 2016-05-16 10:11:41 --> Could not find the language line "mynt_icon_youzan"
ERROR - 2016-05-16 10:12:05 --> Could not find the language line "mynt_buy_taobao"
ERROR - 2016-05-16 10:12:05 --> Could not find the language line "mynt_buy_tmall"
ERROR - 2016-05-16 10:12:05 --> Could not find the language line "mynt_buy_youzan"
ERROR - 2016-05-16 10:12:05 --> Could not find the language line "mynt_icon_taobao"
ERROR - 2016-05-16 10:12:05 --> Could not find the language line "mynt_icon_tmall"
ERROR - 2016-05-16 10:12:05 --> Could not find the language line "mynt_icon_youzan"
ERROR - 2016-05-16 10:12:17 --> Could not find the language line "mynt_buy_taobao"
ERROR - 2016-05-16 10:12:17 --> Could not find the language line "mynt_buy_tmall"
ERROR - 2016-05-16 10:12:17 --> Could not find the language line "mynt_buy_youzan"
ERROR - 2016-05-16 10:12:17 --> Could not find the language line "mynt_icon_taobao"
ERROR - 2016-05-16 10:12:17 --> Could not find the language line "mynt_icon_tmall"
ERROR - 2016-05-16 10:12:17 --> Could not find the language line "mynt_icon_youzan"
ERROR - 2016-05-16 10:12:44 --> Could not find the language line "mynt_buy_taobao"
ERROR - 2016-05-16 10:12:44 --> Could not find the language line "mynt_buy_tmall"
ERROR - 2016-05-16 10:12:44 --> Could not find the language line "mynt_buy_youzan"
ERROR - 2016-05-16 10:12:44 --> Could not find the language line "mynt_icon_taobao"
ERROR - 2016-05-16 10:12:44 --> Could not find the language line "mynt_icon_tmall"
ERROR - 2016-05-16 10:12:44 --> Could not find the language line "mynt_icon_youzan"
ERROR - 2016-05-16 10:14:20 --> Could not find the language line "mynt_buy_taobao"
ERROR - 2016-05-16 10:14:20 --> Could not find the language line "mynt_buy_tmall"
ERROR - 2016-05-16 10:14:20 --> Could not find the language line "mynt_buy_youzan"
ERROR - 2016-05-16 10:14:20 --> Could not find the language line "mynt_icon_taobao"
ERROR - 2016-05-16 10:14:20 --> Could not find the language line "mynt_icon_tmall"
ERROR - 2016-05-16 10:14:20 --> Could not find the language line "mynt_icon_youzan"
ERROR - 2016-05-16 10:15:51 --> Could not find the language line "mynt_buy_taobao"
ERROR - 2016-05-16 10:15:51 --> Could not find the language line "mynt_buy_tmall"
ERROR - 2016-05-16 10:15:51 --> Could not find the language line "mynt_buy_youzan"
ERROR - 2016-05-16 10:15:51 --> Could not find the language line "mynt_icon_taobao"
ERROR - 2016-05-16 10:15:51 --> Could not find the language line "mynt_icon_tmall"
ERROR - 2016-05-16 10:15:51 --> Could not find the language line "mynt_icon_youzan"
ERROR - 2016-05-16 10:15:51 --> Session: File 'ci_sessions/ci_sessionafaaaf986791422139fd6ead905be8ccbf31597f' doesn't exist and cannot be created.
ERROR - 2016-05-16 10:17:24 --> Could not find the language line "mynt_buy_taobao"
ERROR - 2016-05-16 10:17:24 --> Could not find the language line "mynt_buy_tmall"
ERROR - 2016-05-16 10:17:24 --> Could not find the language line "mynt_buy_youzan"
ERROR - 2016-05-16 10:17:24 --> Could not find the language line "mynt_icon_taobao"
ERROR - 2016-05-16 10:17:24 --> Could not find the language line "mynt_icon_tmall"
ERROR - 2016-05-16 10:17:24 --> Could not find the language line "mynt_icon_youzan"
ERROR - 2016-05-16 10:17:40 --> Could not find the language line "mynt_buy_taobao"
ERROR - 2016-05-16 10:17:40 --> Could not find the language line "mynt_buy_tmall"
ERROR - 2016-05-16 10:17:40 --> Could not find the language line "mynt_buy_youzan"
ERROR - 2016-05-16 10:17:40 --> Could not find the language line "mynt_icon_taobao"
ERROR - 2016-05-16 10:17:40 --> Could not find the language line "mynt_icon_tmall"
ERROR - 2016-05-16 10:17:40 --> Could not find the language line "mynt_icon_youzan"
ERROR - 2016-05-16 10:18:30 --> Could not find the language line "mynt_buy_taobao"
ERROR - 2016-05-16 10:18:30 --> Could not find the language line "mynt_buy_tmall"
ERROR - 2016-05-16 10:18:30 --> Could not find the language line "mynt_buy_youzan"
ERROR - 2016-05-16 10:18:30 --> Could not find the language line "mynt_icon_taobao"
ERROR - 2016-05-16 10:18:30 --> Could not find the language line "mynt_icon_tmall"
ERROR - 2016-05-16 10:18:30 --> Could not find the language line "mynt_icon_youzan"
ERROR - 2016-05-16 10:18:49 --> Could not find the language line "mynt_buy_taobao"
ERROR - 2016-05-16 10:18:49 --> Could not find the language line "mynt_buy_tmall"
ERROR - 2016-05-16 10:18:49 --> Could not find the language line "mynt_buy_youzan"
ERROR - 2016-05-16 10:18:49 --> Could not find the language line "mynt_icon_taobao"
ERROR - 2016-05-16 10:18:49 --> Could not find the language line "mynt_icon_tmall"
ERROR - 2016-05-16 10:18:49 --> Could not find the language line "mynt_icon_youzan"
ERROR - 2016-05-16 10:20:38 --> Could not find the language line "mynt_buy_taobao"
ERROR - 2016-05-16 10:20:38 --> Could not find the language line "mynt_buy_tmall"
ERROR - 2016-05-16 10:20:38 --> Could not find the language line "mynt_buy_youzan"
ERROR - 2016-05-16 10:20:38 --> Could not find the language line "mynt_icon_taobao"
ERROR - 2016-05-16 10:20:38 --> Could not find the language line "mynt_icon_tmall"
ERROR - 2016-05-16 10:20:38 --> Could not find the language line "mynt_icon_youzan"
ERROR - 2016-05-16 10:20:58 --> Could not find the language line "mynt_buy_taobao"
ERROR - 2016-05-16 10:20:58 --> Could not find the language line "mynt_buy_tmall"
ERROR - 2016-05-16 10:20:58 --> Could not find the language line "mynt_buy_youzan"
ERROR - 2016-05-16 10:20:58 --> Could not find the language line "mynt_icon_taobao"
ERROR - 2016-05-16 10:20:58 --> Could not find the language line "mynt_icon_tmall"
ERROR - 2016-05-16 10:20:58 --> Could not find the language line "mynt_icon_youzan"
ERROR - 2016-05-16 10:21:08 --> Could not find the language line "mynt_buy_taobao"
ERROR - 2016-05-16 10:21:08 --> Could not find the language line "mynt_buy_tmall"
ERROR - 2016-05-16 10:21:08 --> Could not find the language line "mynt_buy_youzan"
ERROR - 2016-05-16 10:21:14 --> Could not find the language line "mynt_buy_taobao"
ERROR - 2016-05-16 10:21:14 --> Could not find the language line "mynt_buy_tmall"
ERROR - 2016-05-16 10:21:14 --> Could not find the language line "mynt_buy_youzan"
ERROR - 2016-05-16 10:21:15 --> Could not find the language line "mynt_buy_taobao"
ERROR - 2016-05-16 10:21:15 --> Could not find the language line "mynt_buy_tmall"
ERROR - 2016-05-16 10:21:15 --> Could not find the language line "mynt_buy_youzan"
ERROR - 2016-05-16 10:31:41 --> Could not find the language line "mynt_buy_taobao"
ERROR - 2016-05-16 10:31:41 --> Could not find the language line "mynt_buy_tmall"
ERROR - 2016-05-16 10:31:41 --> Could not find the language line "mynt_buy_youzan"
ERROR - 2016-05-16 10:32:13 --> Could not find the language line "mynt_buy_taobao"
ERROR - 2016-05-16 10:32:13 --> Could not find the language line "mynt_buy_tmall"
ERROR - 2016-05-16 10:32:13 --> Could not find the language line "mynt_buy_youzan"
ERROR - 2016-05-16 14:58:38 --> Could not find the language line "mynt_buy_taobao"
ERROR - 2016-05-16 14:58:38 --> Could not find the language line "mynt_buy_tmall"
ERROR - 2016-05-16 14:58:38 --> Could not find the language line "mynt_buy_youzan"
ERROR - 2016-05-16 15:20:49 --> Could not find the language line "mynt_buy_taobao"
ERROR - 2016-05-16 15:20:49 --> Could not find the language line "mynt_buy_tmall"
ERROR - 2016-05-16 15:20:49 --> Could not find the language line "mynt_buy_youzan"
