ERROR - 2017-03-10 07:42:03 --> Could not find the language line "mynt_buy_taobao"
ERROR - 2017-03-10 07:42:03 --> Could not find the language line "mynt_buy_tmall"
ERROR - 2017-03-10 07:42:03 --> Could not find the language line "mynt_buy_youzan"
ERROR - 2017-03-10 07:42:03 --> Could not find the language line "mynt_buy_jd"
ERROR - 2017-03-10 07:42:36 --> Could not find the language line "mynt_buy_taobao"
ERROR - 2017-03-10 07:42:36 --> Could not find the language line "mynt_buy_tmall"
ERROR - 2017-03-10 07:42:36 --> Could not find the language line "mynt_buy_youzan"
ERROR - 2017-03-10 07:42:36 --> Could not find the language line "mynt_buy_jd"
ERROR - 2017-03-10 07:42:36 --> Could not find the language line "home_cloud_title"
ERROR - 2017-03-10 07:42:36 --> Could not find the language line "home_cloud_intro"
ERROR - 2017-03-10 07:42:36 --> Could not find the language line "mynt_icon_taobao"
ERROR - 2017-03-10 07:42:36 --> Could not find the language line "mynt_icon_tmall"
ERROR - 2017-03-10 07:42:36 --> Could not find the language line "mynt_icon_youzan"
ERROR - 2017-03-10 07:42:36 --> Could not find the language line "mynt_buy_taobao"
ERROR - 2017-03-10 07:42:36 --> Could not find the language line "mynt_buy_tmall"
ERROR - 2017-03-10 07:42:36 --> Could not find the language line "mynt_buy_youzan"
ERROR - 2017-03-10 07:42:36 --> Could not find the language line "mynt_buy_jd"
ERROR - 2017-03-10 07:48:49 --> Could not find the language line "home_cloud_title"
ERROR - 2017-03-10 07:48:49 --> Could not find the language line "home_cloud_intro"
ERROR - 2017-03-10 07:48:50 --> Could not find the language line "mynt_buy_taobao"
ERROR - 2017-03-10 07:48:50 --> Could not find the language line "mynt_buy_tmall"
ERROR - 2017-03-10 07:48:50 --> Could not find the language line "mynt_buy_youzan"
ERROR - 2017-03-10 07:48:50 --> Could not find the language line "mynt_buy_jd"
ERROR - 2017-03-10 08:08:57 --> Could not find the language line "home_cloud_title"
ERROR - 2017-03-10 08:08:57 --> Could not find the language line "home_cloud_intro"
ERROR - 2017-03-10 08:08:59 --> Could not find the language line "mynt_buy_taobao"
ERROR - 2017-03-10 08:08:59 --> Could not find the language line "mynt_buy_tmall"
ERROR - 2017-03-10 08:08:59 --> Could not find the language line "mynt_buy_youzan"
ERROR - 2017-03-10 08:08:59 --> Could not find the language line "mynt_buy_jd"
ERROR - 2017-03-10 08:18:06 --> Could not find the language line "mynt_buy_taobao"
ERROR - 2017-03-10 08:18:06 --> Could not find the language line "mynt_buy_tmall"
ERROR - 2017-03-10 08:18:06 --> Could not find the language line "mynt_buy_youzan"
ERROR - 2017-03-10 08:18:06 --> Could not find the language line "mynt_buy_jd"
ERROR - 2017-03-10 08:19:47 --> Could not find the language line "mynt_buy_taobao"
ERROR - 2017-03-10 08:19:47 --> Could not find the language line "mynt_buy_tmall"
ERROR - 2017-03-10 08:19:47 --> Could not find the language line "mynt_buy_youzan"
ERROR - 2017-03-10 08:19:47 --> Could not find the language line "mynt_buy_jd"
ERROR - 2017-03-10 08:19:57 --> Could not find the language line "mynt_buy_taobao"
ERROR - 2017-03-10 08:19:57 --> Could not find the language line "mynt_buy_tmall"
ERROR - 2017-03-10 08:19:57 --> Could not find the language line "mynt_buy_youzan"
ERROR - 2017-03-10 08:19:57 --> Could not find the language line "mynt_buy_jd"
ERROR - 2017-03-10 08:19:57 --> Could not find the language line "home_cloud_title"
ERROR - 2017-03-10 08:19:57 --> Could not find the language line "home_cloud_intro"
ERROR - 2017-03-10 08:19:57 --> Could not find the language line "mynt_icon_taobao"
ERROR - 2017-03-10 08:19:57 --> Could not find the language line "mynt_icon_tmall"
ERROR - 2017-03-10 08:19:57 --> Could not find the language line "mynt_icon_youzan"
ERROR - 2017-03-10 08:19:57 --> Could not find the language line "mynt_buy_taobao"
ERROR - 2017-03-10 08:19:57 --> Could not find the language line "mynt_buy_tmall"
ERROR - 2017-03-10 08:19:57 --> Could not find the language line "mynt_buy_youzan"
ERROR - 2017-03-10 08:19:57 --> Could not find the language line "mynt_buy_jd"
ERROR - 2017-03-10 08:23:02 --> Could not find the language line "mynt_buy_taobao"
ERROR - 2017-03-10 08:23:02 --> Could not find the language line "mynt_buy_tmall"
ERROR - 2017-03-10 08:23:02 --> Could not find the language line "mynt_buy_youzan"
ERROR - 2017-03-10 08:23:02 --> Could not find the language line "mynt_buy_jd"
ERROR - 2017-03-10 08:23:02 --> Could not find the language line "home_cloud_title"
ERROR - 2017-03-10 08:23:02 --> Could not find the language line "home_cloud_intro"
ERROR - 2017-03-10 08:23:02 --> Could not find the language line "mynt_icon_taobao"
ERROR - 2017-03-10 08:23:02 --> Could not find the language line "mynt_icon_tmall"
ERROR - 2017-03-10 08:23:02 --> Could not find the language line "mynt_icon_youzan"
ERROR - 2017-03-10 08:23:02 --> Could not find the language line "mynt_buy_taobao"
ERROR - 2017-03-10 08:23:02 --> Could not find the language line "mynt_buy_tmall"
ERROR - 2017-03-10 08:23:02 --> Could not find the language line "mynt_buy_youzan"
ERROR - 2017-03-10 08:23:02 --> Could not find the language line "mynt_buy_jd"
ERROR - 2017-03-10 08:23:03 --> Could not find the language line "mynt_buy_taobao"
ERROR - 2017-03-10 08:23:03 --> Could not find the language line "mynt_buy_tmall"
ERROR - 2017-03-10 08:23:03 --> Could not find the language line "mynt_buy_youzan"
ERROR - 2017-03-10 08:23:03 --> Could not find the language line "mynt_buy_jd"
ERROR - 2017-03-10 08:23:03 --> Could not find the language line "home_cloud_title"
ERROR - 2017-03-10 08:23:03 --> Could not find the language line "home_cloud_intro"
ERROR - 2017-03-10 08:23:03 --> Could not find the language line "mynt_icon_taobao"
ERROR - 2017-03-10 08:23:03 --> Could not find the language line "mynt_icon_tmall"
ERROR - 2017-03-10 08:23:03 --> Could not find the language line "mynt_icon_youzan"
ERROR - 2017-03-10 08:23:03 --> Could not find the language line "mynt_buy_taobao"
ERROR - 2017-03-10 08:23:03 --> Could not find the language line "mynt_buy_tmall"
ERROR - 2017-03-10 08:23:03 --> Could not find the language line "mynt_buy_youzan"
ERROR - 2017-03-10 08:23:03 --> Could not find the language line "mynt_buy_jd"
ERROR - 2017-03-10 08:24:07 --> Could not find the language line "mynt_buy_taobao"
ERROR - 2017-03-10 08:24:07 --> Could not find the language line "mynt_buy_tmall"
ERROR - 2017-03-10 08:24:07 --> Could not find the language line "mynt_buy_youzan"
ERROR - 2017-03-10 08:24:07 --> Could not find the language line "mynt_buy_jd"
ERROR - 2017-03-10 08:24:07 --> Could not find the language line "home_cloud_title"
ERROR - 2017-03-10 08:24:07 --> Could not find the language line "home_cloud_intro"
ERROR - 2017-03-10 08:24:07 --> Could not find the language line "mynt_icon_taobao"
ERROR - 2017-03-10 08:24:07 --> Could not find the language line "mynt_icon_tmall"
ERROR - 2017-03-10 08:24:07 --> Could not find the language line "mynt_icon_youzan"
ERROR - 2017-03-10 08:24:08 --> Could not find the language line "mynt_buy_taobao"
ERROR - 2017-03-10 08:24:08 --> Could not find the language line "mynt_buy_tmall"
ERROR - 2017-03-10 08:24:08 --> Could not find the language line "mynt_buy_youzan"
ERROR - 2017-03-10 08:24:08 --> Could not find the language line "mynt_buy_jd"
ERROR - 2017-03-10 08:24:09 --> Could not find the language line "mynt_buy_taobao"
ERROR - 2017-03-10 08:24:09 --> Could not find the language line "mynt_buy_tmall"
ERROR - 2017-03-10 08:24:09 --> Could not find the language line "mynt_buy_youzan"
ERROR - 2017-03-10 08:24:09 --> Could not find the language line "mynt_buy_jd"
ERROR - 2017-03-10 08:24:09 --> Could not find the language line "home_cloud_title"
ERROR - 2017-03-10 08:24:09 --> Could not find the language line "home_cloud_intro"
ERROR - 2017-03-10 08:24:09 --> Could not find the language line "mynt_icon_taobao"
ERROR - 2017-03-10 08:24:09 --> Could not find the language line "mynt_icon_tmall"
ERROR - 2017-03-10 08:24:09 --> Could not find the language line "mynt_icon_youzan"
ERROR - 2017-03-10 08:24:09 --> Could not find the language line "mynt_buy_taobao"
ERROR - 2017-03-10 08:24:09 --> Could not find the language line "mynt_buy_tmall"
ERROR - 2017-03-10 08:24:09 --> Could not find the language line "mynt_buy_youzan"
ERROR - 2017-03-10 08:24:09 --> Could not find the language line "mynt_buy_jd"
ERROR - 2017-03-10 08:24:31 --> Could not find the language line "mynt_buy_taobao"
ERROR - 2017-03-10 08:24:31 --> Could not find the language line "mynt_buy_tmall"
ERROR - 2017-03-10 08:24:31 --> Could not find the language line "mynt_buy_youzan"
ERROR - 2017-03-10 08:24:31 --> Could not find the language line "mynt_buy_jd"
ERROR - 2017-03-10 08:24:31 --> Could not find the language line "home_cloud_title"
ERROR - 2017-03-10 08:24:31 --> Could not find the language line "home_cloud_intro"
ERROR - 2017-03-10 08:24:31 --> Could not find the language line "mynt_icon_taobao"
ERROR - 2017-03-10 08:24:31 --> Could not find the language line "mynt_icon_tmall"
ERROR - 2017-03-10 08:24:31 --> Could not find the language line "mynt_icon_youzan"
ERROR - 2017-03-10 08:24:31 --> Could not find the language line "mynt_buy_taobao"
ERROR - 2017-03-10 08:24:31 --> Could not find the language line "mynt_buy_tmall"
ERROR - 2017-03-10 08:24:31 --> Could not find the language line "mynt_buy_youzan"
ERROR - 2017-03-10 08:24:31 --> Could not find the language line "mynt_buy_jd"
ERROR - 2017-03-10 08:27:56 --> Could not find the language line "mynt_buy_taobao"
ERROR - 2017-03-10 08:27:56 --> Could not find the language line "mynt_buy_tmall"
ERROR - 2017-03-10 08:27:56 --> Could not find the language line "mynt_buy_youzan"
ERROR - 2017-03-10 08:27:56 --> Could not find the language line "mynt_buy_jd"
ERROR - 2017-03-10 08:27:56 --> Could not find the language line "home_cloud_title"
ERROR - 2017-03-10 08:27:56 --> Could not find the language line "home_cloud_intro"
ERROR - 2017-03-10 08:27:56 --> Could not find the language line "mynt_icon_taobao"
ERROR - 2017-03-10 08:27:56 --> Could not find the language line "mynt_icon_tmall"
ERROR - 2017-03-10 08:27:56 --> Could not find the language line "mynt_icon_youzan"
ERROR - 2017-03-10 08:27:57 --> Could not find the language line "mynt_buy_taobao"
ERROR - 2017-03-10 08:27:57 --> Could not find the language line "mynt_buy_tmall"
ERROR - 2017-03-10 08:27:57 --> Could not find the language line "mynt_buy_youzan"
ERROR - 2017-03-10 08:27:57 --> Could not find the language line "mynt_buy_jd"
ERROR - 2017-03-10 08:34:18 --> Could not find the language line "mynt_buy_taobao"
ERROR - 2017-03-10 08:34:18 --> Could not find the language line "mynt_buy_tmall"
ERROR - 2017-03-10 08:34:18 --> Could not find the language line "mynt_buy_youzan"
ERROR - 2017-03-10 08:34:18 --> Could not find the language line "mynt_buy_jd"
ERROR - 2017-03-10 08:34:18 --> Could not find the language line "home_cloud_title"
ERROR - 2017-03-10 08:34:18 --> Could not find the language line "home_cloud_intro"
ERROR - 2017-03-10 08:34:18 --> Could not find the language line "mynt_icon_taobao"
ERROR - 2017-03-10 08:34:18 --> Could not find the language line "mynt_icon_tmall"
ERROR - 2017-03-10 08:34:18 --> Could not find the language line "mynt_icon_youzan"
ERROR - 2017-03-10 08:34:18 --> Could not find the language line "mynt_buy_taobao"
ERROR - 2017-03-10 08:34:18 --> Could not find the language line "mynt_buy_tmall"
ERROR - 2017-03-10 08:34:18 --> Could not find the language line "mynt_buy_youzan"
ERROR - 2017-03-10 08:34:18 --> Could not find the language line "mynt_buy_jd"
ERROR - 2017-03-10 08:34:23 --> Could not find the language line "mynt_buy_taobao"
ERROR - 2017-03-10 08:34:23 --> Could not find the language line "mynt_buy_tmall"
ERROR - 2017-03-10 08:34:23 --> Could not find the language line "mynt_buy_youzan"
ERROR - 2017-03-10 08:34:23 --> Could not find the language line "mynt_buy_jd"
ERROR - 2017-03-10 08:34:23 --> Could not find the language line "home_cloud_title"
ERROR - 2017-03-10 08:34:23 --> Could not find the language line "home_cloud_intro"
ERROR - 2017-03-10 08:34:23 --> Could not find the language line "mynt_icon_taobao"
ERROR - 2017-03-10 08:34:23 --> Could not find the language line "mynt_icon_tmall"
ERROR - 2017-03-10 08:34:23 --> Could not find the language line "mynt_icon_youzan"
ERROR - 2017-03-10 08:34:23 --> Could not find the language line "mynt_buy_taobao"
ERROR - 2017-03-10 08:34:23 --> Could not find the language line "mynt_buy_tmall"
ERROR - 2017-03-10 08:34:23 --> Could not find the language line "mynt_buy_youzan"
ERROR - 2017-03-10 08:34:23 --> Could not find the language line "mynt_buy_jd"
ERROR - 2017-03-10 08:34:43 --> Could not find the language line "mynt_buy_taobao"
ERROR - 2017-03-10 08:34:43 --> Could not find the language line "mynt_buy_tmall"
ERROR - 2017-03-10 08:34:43 --> Could not find the language line "mynt_buy_youzan"
ERROR - 2017-03-10 08:34:43 --> Could not find the language line "mynt_buy_jd"
ERROR - 2017-03-10 08:34:43 --> Could not find the language line "home_cloud_title"
ERROR - 2017-03-10 08:34:43 --> Could not find the language line "home_cloud_intro"
ERROR - 2017-03-10 08:34:43 --> Could not find the language line "mynt_icon_taobao"
ERROR - 2017-03-10 08:34:43 --> Could not find the language line "mynt_icon_tmall"
ERROR - 2017-03-10 08:34:43 --> Could not find the language line "mynt_icon_youzan"
ERROR - 2017-03-10 08:34:44 --> Could not find the language line "mynt_buy_taobao"
ERROR - 2017-03-10 08:34:44 --> Could not find the language line "mynt_buy_tmall"
ERROR - 2017-03-10 08:34:44 --> Could not find the language line "mynt_buy_youzan"
ERROR - 2017-03-10 08:34:44 --> Could not find the language line "mynt_buy_jd"
ERROR - 2017-03-10 08:34:44 --> Could not find the language line "home_cloud_title"
ERROR - 2017-03-10 08:34:44 --> Could not find the language line "home_cloud_intro"
ERROR - 2017-03-10 08:34:44 --> Could not find the language line "mynt_icon_taobao"
ERROR - 2017-03-10 08:34:44 --> Could not find the language line "mynt_icon_tmall"
ERROR - 2017-03-10 08:34:44 --> Could not find the language line "mynt_icon_youzan"
ERROR - 2017-03-10 08:34:44 --> Could not find the language line "mynt_buy_taobao"
ERROR - 2017-03-10 08:34:44 --> Could not find the language line "mynt_buy_tmall"
ERROR - 2017-03-10 08:34:44 --> Could not find the language line "mynt_buy_youzan"
ERROR - 2017-03-10 08:34:44 --> Could not find the language line "mynt_buy_jd"
ERROR - 2017-03-10 08:34:44 --> Could not find the language line "home_cloud_title"
ERROR - 2017-03-10 08:34:44 --> Could not find the language line "home_cloud_intro"
ERROR - 2017-03-10 08:34:44 --> Could not find the language line "mynt_icon_taobao"
ERROR - 2017-03-10 08:34:44 --> Could not find the language line "mynt_icon_tmall"
ERROR - 2017-03-10 08:34:44 --> Could not find the language line "mynt_icon_youzan"
ERROR - 2017-03-10 08:34:48 --> Could not find the language line "mynt_buy_taobao"
ERROR - 2017-03-10 08:34:48 --> Could not find the language line "mynt_buy_tmall"
ERROR - 2017-03-10 08:34:48 --> Could not find the language line "mynt_buy_youzan"
ERROR - 2017-03-10 08:34:48 --> Could not find the language line "mynt_buy_jd"
ERROR - 2017-03-10 08:34:48 --> Could not find the language line "home_cloud_title"
ERROR - 2017-03-10 08:34:48 --> Could not find the language line "home_cloud_intro"
ERROR - 2017-03-10 08:34:48 --> Could not find the language line "mynt_icon_taobao"
ERROR - 2017-03-10 08:34:48 --> Could not find the language line "mynt_icon_tmall"
ERROR - 2017-03-10 08:34:48 --> Could not find the language line "mynt_icon_youzan"
ERROR - 2017-03-10 08:34:49 --> Could not find the language line "mynt_buy_taobao"
ERROR - 2017-03-10 08:34:49 --> Could not find the language line "mynt_buy_tmall"
ERROR - 2017-03-10 08:34:49 --> Could not find the language line "mynt_buy_youzan"
ERROR - 2017-03-10 08:34:49 --> Could not find the language line "mynt_buy_jd"
ERROR - 2017-03-10 08:39:07 --> Could not find the language line "mynt_buy_taobao"
ERROR - 2017-03-10 08:39:07 --> Could not find the language line "mynt_buy_tmall"
ERROR - 2017-03-10 08:39:07 --> Could not find the language line "mynt_buy_youzan"
ERROR - 2017-03-10 08:39:07 --> Could not find the language line "mynt_buy_jd"
ERROR - 2017-03-10 08:39:07 --> Could not find the language line "home_cloud_title"
ERROR - 2017-03-10 08:39:07 --> Could not find the language line "home_cloud_intro"
ERROR - 2017-03-10 08:39:07 --> Could not find the language line "mynt_icon_taobao"
ERROR - 2017-03-10 08:39:07 --> Could not find the language line "mynt_icon_tmall"
ERROR - 2017-03-10 08:39:07 --> Could not find the language line "mynt_icon_youzan"
ERROR - 2017-03-10 08:39:07 --> Could not find the language line "mynt_buy_taobao"
ERROR - 2017-03-10 08:39:07 --> Could not find the language line "mynt_buy_tmall"
ERROR - 2017-03-10 08:39:07 --> Could not find the language line "mynt_buy_youzan"
ERROR - 2017-03-10 08:39:07 --> Could not find the language line "mynt_buy_jd"
ERROR - 2017-03-10 09:30:48 --> Could not find the language line "mynt_buy_taobao"
ERROR - 2017-03-10 09:30:48 --> Could not find the language line "mynt_buy_tmall"
ERROR - 2017-03-10 09:30:48 --> Could not find the language line "mynt_buy_youzan"
ERROR - 2017-03-10 09:30:48 --> Could not find the language line "mynt_buy_jd"
ERROR - 2017-03-10 09:30:48 --> Could not find the language line "home_cloud_title"
ERROR - 2017-03-10 09:30:48 --> Could not find the language line "home_cloud_intro"
ERROR - 2017-03-10 09:30:48 --> Could not find the language line "mynt_icon_taobao"
ERROR - 2017-03-10 09:30:48 --> Could not find the language line "mynt_icon_tmall"
ERROR - 2017-03-10 09:30:48 --> Could not find the language line "mynt_icon_youzan"
ERROR - 2017-03-10 09:30:48 --> Could not find the language line "mynt_buy_taobao"
ERROR - 2017-03-10 09:30:48 --> Could not find the language line "mynt_buy_tmall"
ERROR - 2017-03-10 09:30:48 --> Could not find the language line "mynt_buy_youzan"
ERROR - 2017-03-10 09:30:48 --> Could not find the language line "mynt_buy_jd"
ERROR - 2017-03-10 09:31:20 --> Could not find the language line "mynt_buy_taobao"
ERROR - 2017-03-10 09:31:20 --> Could not find the language line "mynt_buy_tmall"
ERROR - 2017-03-10 09:31:20 --> Could not find the language line "mynt_buy_youzan"
ERROR - 2017-03-10 09:31:20 --> Could not find the language line "mynt_buy_jd"
ERROR - 2017-03-10 09:31:20 --> Could not find the language line "home_cloud_title"
ERROR - 2017-03-10 09:31:20 --> Could not find the language line "home_cloud_intro"
ERROR - 2017-03-10 09:31:20 --> Could not find the language line "mynt_icon_taobao"
ERROR - 2017-03-10 09:31:20 --> Could not find the language line "mynt_icon_tmall"
ERROR - 2017-03-10 09:31:20 --> Could not find the language line "mynt_icon_youzan"
ERROR - 2017-03-10 09:31:20 --> Could not find the language line "mynt_buy_taobao"
ERROR - 2017-03-10 09:31:20 --> Could not find the language line "mynt_buy_tmall"
ERROR - 2017-03-10 09:31:20 --> Could not find the language line "mynt_buy_youzan"
ERROR - 2017-03-10 09:31:20 --> Could not find the language line "mynt_buy_jd"
ERROR - 2017-03-10 09:35:49 --> Could not find the language line "mynt_buy_taobao"
ERROR - 2017-03-10 09:35:49 --> Could not find the language line "mynt_buy_tmall"
ERROR - 2017-03-10 09:35:49 --> Could not find the language line "mynt_buy_youzan"
ERROR - 2017-03-10 09:35:49 --> Could not find the language line "mynt_buy_jd"
ERROR - 2017-03-10 09:38:35 --> Could not find the language line "mynt_buy_taobao"
ERROR - 2017-03-10 09:38:35 --> Could not find the language line "mynt_buy_tmall"
ERROR - 2017-03-10 09:38:35 --> Could not find the language line "mynt_buy_youzan"
ERROR - 2017-03-10 09:38:35 --> Could not find the language line "mynt_buy_jd"
ERROR - 2017-03-10 09:38:35 --> Could not find the language line "about_keywords"
ERROR - 2017-03-10 09:38:35 --> Could not find the language line "about_facebook"
ERROR - 2017-03-10 09:38:35 --> Could not find the language line "about_twitter"
ERROR - 2017-03-10 09:38:35 --> Could not find the language line "about_weibo"
ERROR - 2017-03-10 09:38:37 --> Could not find the language line "mynt_buy_taobao"
ERROR - 2017-03-10 09:38:37 --> Could not find the language line "mynt_buy_tmall"
ERROR - 2017-03-10 09:38:37 --> Could not find the language line "mynt_buy_youzan"
ERROR - 2017-03-10 09:38:37 --> Could not find the language line "mynt_buy_jd"
ERROR - 2017-03-10 09:38:59 --> Could not find the language line "mynt_buy_taobao"
ERROR - 2017-03-10 09:38:59 --> Could not find the language line "mynt_buy_tmall"
ERROR - 2017-03-10 09:38:59 --> Could not find the language line "mynt_buy_youzan"
ERROR - 2017-03-10 09:38:59 --> Could not find the language line "mynt_buy_jd"
ERROR - 2017-03-10 09:39:03 --> Could not find the language line "mynt_buy_taobao"
ERROR - 2017-03-10 09:39:03 --> Could not find the language line "mynt_buy_tmall"
ERROR - 2017-03-10 09:39:03 --> Could not find the language line "mynt_buy_youzan"
ERROR - 2017-03-10 09:39:03 --> Could not find the language line "mynt_buy_jd"
ERROR - 2017-03-10 09:39:04 --> Could not find the language line "mynt_buy_taobao"
ERROR - 2017-03-10 09:39:04 --> Could not find the language line "mynt_buy_tmall"
ERROR - 2017-03-10 09:39:04 --> Could not find the language line "mynt_buy_youzan"
ERROR - 2017-03-10 09:39:04 --> Could not find the language line "mynt_buy_jd"
ERROR - 2017-03-10 09:39:14 --> Could not find the language line "mynt_buy_taobao"
ERROR - 2017-03-10 09:39:14 --> Could not find the language line "mynt_buy_tmall"
ERROR - 2017-03-10 09:39:14 --> Could not find the language line "mynt_buy_youzan"
ERROR - 2017-03-10 09:39:14 --> Could not find the language line "mynt_buy_jd"
ERROR - 2017-03-10 09:39:23 --> Could not find the language line "mynt_buy_taobao"
ERROR - 2017-03-10 09:39:23 --> Could not find the language line "mynt_buy_tmall"
ERROR - 2017-03-10 09:39:23 --> Could not find the language line "mynt_buy_youzan"
ERROR - 2017-03-10 09:39:23 --> Could not find the language line "mynt_buy_jd"
ERROR - 2017-03-10 09:39:31 --> Could not find the language line "mynt_buy_taobao"
ERROR - 2017-03-10 09:39:31 --> Could not find the language line "mynt_buy_tmall"
ERROR - 2017-03-10 09:39:31 --> Could not find the language line "mynt_buy_youzan"
ERROR - 2017-03-10 09:39:31 --> Could not find the language line "mynt_buy_jd"
ERROR - 2017-03-10 09:42:42 --> Could not find the language line "mynt_buy_taobao"
ERROR - 2017-03-10 09:42:42 --> Could not find the language line "mynt_buy_tmall"
ERROR - 2017-03-10 09:42:42 --> Could not find the language line "mynt_buy_youzan"
ERROR - 2017-03-10 09:42:42 --> Could not find the language line "mynt_buy_jd"
ERROR - 2017-03-10 09:42:45 --> Could not find the language line "mynt_buy_taobao"
ERROR - 2017-03-10 09:42:45 --> Could not find the language line "mynt_buy_tmall"
ERROR - 2017-03-10 09:42:45 --> Could not find the language line "mynt_buy_youzan"
ERROR - 2017-03-10 09:42:45 --> Could not find the language line "mynt_buy_jd"
ERROR - 2017-03-10 09:57:27 --> Could not find the language line "mynt_buy_taobao"
ERROR - 2017-03-10 09:57:27 --> Could not find the language line "mynt_buy_tmall"
ERROR - 2017-03-10 09:57:27 --> Could not find the language line "mynt_buy_youzan"
ERROR - 2017-03-10 09:57:27 --> Could not find the language line "mynt_buy_jd"
ERROR - 2017-03-10 09:57:41 --> Could not find the language line "mynt_buy_taobao"
ERROR - 2017-03-10 09:57:41 --> Could not find the language line "mynt_buy_tmall"
ERROR - 2017-03-10 09:57:41 --> Could not find the language line "mynt_buy_youzan"
ERROR - 2017-03-10 09:57:41 --> Could not find the language line "mynt_buy_jd"
ERROR - 2017-03-10 09:57:45 --> Could not find the language line "mynt_buy_taobao"
ERROR - 2017-03-10 09:57:45 --> Could not find the language line "mynt_buy_tmall"
ERROR - 2017-03-10 09:57:45 --> Could not find the language line "mynt_buy_youzan"
ERROR - 2017-03-10 09:57:45 --> Could not find the language line "mynt_buy_jd"
ERROR - 2017-03-10 09:57:45 --> Could not find the language line "home_cloud_title"
ERROR - 2017-03-10 09:57:45 --> Could not find the language line "home_cloud_intro"
ERROR - 2017-03-10 09:57:45 --> Could not find the language line "mynt_icon_taobao"
ERROR - 2017-03-10 09:57:45 --> Could not find the language line "mynt_icon_tmall"
ERROR - 2017-03-10 09:57:45 --> Could not find the language line "mynt_icon_youzan"
ERROR - 2017-03-10 09:57:46 --> Could not find the language line "mynt_buy_taobao"
ERROR - 2017-03-10 09:57:46 --> Could not find the language line "mynt_buy_tmall"
ERROR - 2017-03-10 09:57:46 --> Could not find the language line "mynt_buy_youzan"
ERROR - 2017-03-10 09:57:46 --> Could not find the language line "mynt_buy_jd"
ERROR - 2017-03-10 09:57:48 --> Could not find the language line "mynt_buy_taobao"
ERROR - 2017-03-10 09:57:48 --> Could not find the language line "mynt_buy_tmall"
ERROR - 2017-03-10 09:57:48 --> Could not find the language line "mynt_buy_youzan"
ERROR - 2017-03-10 09:57:48 --> Could not find the language line "mynt_buy_jd"
ERROR - 2017-03-10 09:57:48 --> Could not find the language line "home_cloud_title"
ERROR - 2017-03-10 09:57:48 --> Could not find the language line "home_cloud_intro"
ERROR - 2017-03-10 09:57:48 --> Could not find the language line "mynt_icon_taobao"
ERROR - 2017-03-10 09:57:48 --> Could not find the language line "mynt_icon_tmall"
ERROR - 2017-03-10 09:57:48 --> Could not find the language line "mynt_icon_youzan"
ERROR - 2017-03-10 09:57:48 --> Could not find the language line "mynt_buy_taobao"
ERROR - 2017-03-10 09:57:48 --> Could not find the language line "mynt_buy_tmall"
ERROR - 2017-03-10 09:57:48 --> Could not find the language line "mynt_buy_youzan"
ERROR - 2017-03-10 09:57:48 --> Could not find the language line "mynt_buy_jd"
ERROR - 2017-03-10 09:57:50 --> Could not find the language line "mynt_buy_taobao"
ERROR - 2017-03-10 09:57:50 --> Could not find the language line "mynt_buy_tmall"
ERROR - 2017-03-10 09:57:50 --> Could not find the language line "mynt_buy_youzan"
ERROR - 2017-03-10 09:57:50 --> Could not find the language line "mynt_buy_jd"
ERROR - 2017-03-10 09:57:50 --> Could not find the language line "home_cloud_title"
ERROR - 2017-03-10 09:57:50 --> Could not find the language line "home_cloud_intro"
ERROR - 2017-03-10 09:57:50 --> Could not find the language line "mynt_icon_taobao"
ERROR - 2017-03-10 09:57:50 --> Could not find the language line "mynt_icon_tmall"
ERROR - 2017-03-10 09:57:50 --> Could not find the language line "mynt_icon_youzan"
ERROR - 2017-03-10 09:57:51 --> Could not find the language line "mynt_buy_taobao"
ERROR - 2017-03-10 09:57:51 --> Could not find the language line "mynt_buy_tmall"
ERROR - 2017-03-10 09:57:51 --> Could not find the language line "mynt_buy_youzan"
ERROR - 2017-03-10 09:57:51 --> Could not find the language line "mynt_buy_jd"
ERROR - 2017-03-10 09:57:52 --> Could not find the language line "mynt_buy_taobao"
ERROR - 2017-03-10 09:57:52 --> Could not find the language line "mynt_buy_tmall"
ERROR - 2017-03-10 09:57:52 --> Could not find the language line "mynt_buy_youzan"
ERROR - 2017-03-10 09:57:52 --> Could not find the language line "mynt_buy_jd"
ERROR - 2017-03-10 09:57:52 --> Could not find the language line "home_cloud_title"
ERROR - 2017-03-10 09:57:52 --> Could not find the language line "home_cloud_intro"
ERROR - 2017-03-10 09:57:52 --> Could not find the language line "mynt_icon_taobao"
ERROR - 2017-03-10 09:57:52 --> Could not find the language line "mynt_icon_tmall"
ERROR - 2017-03-10 09:57:52 --> Could not find the language line "mynt_icon_youzan"
ERROR - 2017-03-10 09:57:52 --> Could not find the language line "mynt_buy_taobao"
ERROR - 2017-03-10 09:57:52 --> Could not find the language line "mynt_buy_tmall"
ERROR - 2017-03-10 09:57:52 --> Could not find the language line "mynt_buy_youzan"
ERROR - 2017-03-10 09:57:52 --> Could not find the language line "mynt_buy_jd"
ERROR - 2017-03-10 09:58:01 --> Could not find the language line "mynt_buy_taobao"
ERROR - 2017-03-10 09:58:01 --> Could not find the language line "mynt_buy_tmall"
ERROR - 2017-03-10 09:58:01 --> Could not find the language line "mynt_buy_youzan"
ERROR - 2017-03-10 09:58:01 --> Could not find the language line "mynt_buy_jd"
ERROR - 2017-03-10 09:58:01 --> Could not find the language line "home_cloud_title"
ERROR - 2017-03-10 09:58:01 --> Could not find the language line "home_cloud_intro"
ERROR - 2017-03-10 09:58:01 --> Could not find the language line "mynt_icon_taobao"
ERROR - 2017-03-10 09:58:01 --> Could not find the language line "mynt_icon_tmall"
ERROR - 2017-03-10 09:58:01 --> Could not find the language line "mynt_icon_youzan"
ERROR - 2017-03-10 09:58:01 --> Could not find the language line "mynt_buy_taobao"
ERROR - 2017-03-10 09:58:01 --> Could not find the language line "mynt_buy_tmall"
ERROR - 2017-03-10 09:58:01 --> Could not find the language line "mynt_buy_youzan"
ERROR - 2017-03-10 09:58:01 --> Could not find the language line "mynt_buy_jd"
ERROR - 2017-03-10 09:58:02 --> Could not find the language line "mynt_buy_taobao"
ERROR - 2017-03-10 09:58:02 --> Could not find the language line "mynt_buy_tmall"
ERROR - 2017-03-10 09:58:02 --> Could not find the language line "mynt_buy_youzan"
ERROR - 2017-03-10 09:58:02 --> Could not find the language line "mynt_buy_jd"
ERROR - 2017-03-10 09:58:02 --> Could not find the language line "home_cloud_title"
ERROR - 2017-03-10 09:58:02 --> Could not find the language line "home_cloud_intro"
ERROR - 2017-03-10 09:58:02 --> Could not find the language line "mynt_icon_taobao"
ERROR - 2017-03-10 09:58:02 --> Could not find the language line "mynt_icon_tmall"
ERROR - 2017-03-10 09:58:02 --> Could not find the language line "mynt_icon_youzan"
ERROR - 2017-03-10 09:58:03 --> Could not find the language line "mynt_buy_taobao"
ERROR - 2017-03-10 09:58:03 --> Could not find the language line "mynt_buy_tmall"
ERROR - 2017-03-10 09:58:03 --> Could not find the language line "mynt_buy_youzan"
ERROR - 2017-03-10 09:58:03 --> Could not find the language line "mynt_buy_jd"
ERROR - 2017-03-10 09:58:05 --> Could not find the language line "mynt_buy_taobao"
ERROR - 2017-03-10 09:58:05 --> Could not find the language line "mynt_buy_tmall"
ERROR - 2017-03-10 09:58:05 --> Could not find the language line "mynt_buy_youzan"
ERROR - 2017-03-10 09:58:05 --> Could not find the language line "mynt_buy_jd"
ERROR - 2017-03-10 09:58:05 --> Could not find the language line "home_cloud_title"
ERROR - 2017-03-10 09:58:05 --> Could not find the language line "home_cloud_intro"
ERROR - 2017-03-10 09:58:05 --> Could not find the language line "mynt_icon_taobao"
ERROR - 2017-03-10 09:58:05 --> Could not find the language line "mynt_icon_tmall"
ERROR - 2017-03-10 09:58:05 --> Could not find the language line "mynt_icon_youzan"
ERROR - 2017-03-10 09:58:05 --> Could not find the language line "mynt_buy_taobao"
ERROR - 2017-03-10 09:58:05 --> Could not find the language line "mynt_buy_tmall"
ERROR - 2017-03-10 09:58:05 --> Could not find the language line "mynt_buy_youzan"
ERROR - 2017-03-10 09:58:05 --> Could not find the language line "mynt_buy_jd"
ERROR - 2017-03-10 09:58:21 --> Could not find the language line "mynt_buy_taobao"
ERROR - 2017-03-10 09:58:21 --> Could not find the language line "mynt_buy_tmall"
ERROR - 2017-03-10 09:58:21 --> Could not find the language line "mynt_buy_youzan"
ERROR - 2017-03-10 09:58:21 --> Could not find the language line "mynt_buy_jd"
ERROR - 2017-03-10 09:58:21 --> Could not find the language line "home_cloud_title"
ERROR - 2017-03-10 09:58:21 --> Could not find the language line "home_cloud_intro"
ERROR - 2017-03-10 09:58:21 --> Could not find the language line "mynt_icon_taobao"
ERROR - 2017-03-10 09:58:21 --> Could not find the language line "mynt_icon_tmall"
ERROR - 2017-03-10 09:58:21 --> Could not find the language line "mynt_icon_youzan"
ERROR - 2017-03-10 09:58:21 --> Could not find the language line "mynt_buy_taobao"
ERROR - 2017-03-10 09:58:21 --> Could not find the language line "mynt_buy_tmall"
ERROR - 2017-03-10 09:58:21 --> Could not find the language line "mynt_buy_youzan"
ERROR - 2017-03-10 09:58:21 --> Could not find the language line "mynt_buy_jd"
