ERROR - 2016-05-12 03:28:26 --> Could not find the language line "mynt_buy_taobao"
ERROR - 2016-05-12 03:28:26 --> Could not find the language line "mynt_buy_tmall"
ERROR - 2016-05-12 03:28:26 --> Could not find the language line "mynt_buy_youzan"
ERROR - 2016-05-12 03:29:42 --> Could not find the language line "mynt_buy_taobao"
ERROR - 2016-05-12 03:29:42 --> Could not find the language line "mynt_buy_tmall"
ERROR - 2016-05-12 03:29:42 --> Could not find the language line "mynt_buy_youzan"
ERROR - 2016-05-12 03:29:42 --> Could not find the language line "mynt_icon_taobao"
ERROR - 2016-05-12 03:29:42 --> Could not find the language line "mynt_icon_tmall"
ERROR - 2016-05-12 03:29:42 --> Could not find the language line "mynt_icon_youzan"
ERROR - 2016-05-12 03:32:57 --> Could not find the language line "mynt_buy_taobao"
ERROR - 2016-05-12 03:32:57 --> Could not find the language line "mynt_buy_tmall"
ERROR - 2016-05-12 03:32:57 --> Could not find the language line "mynt_buy_youzan"
ERROR - 2016-05-12 03:38:51 --> Could not find the language line "mynt_buy_taobao"
ERROR - 2016-05-12 03:38:51 --> Could not find the language line "mynt_buy_tmall"
ERROR - 2016-05-12 03:38:51 --> Could not find the language line "mynt_buy_youzan"
ERROR - 2016-05-12 03:43:26 --> Could not find the language line "mynt_buy_taobao"
ERROR - 2016-05-12 03:43:26 --> Could not find the language line "mynt_buy_tmall"
ERROR - 2016-05-12 03:43:26 --> Could not find the language line "mynt_buy_youzan"
ERROR - 2016-05-12 03:45:54 --> Could not find the language line "mynt_buy_taobao"
ERROR - 2016-05-12 03:45:54 --> Could not find the language line "mynt_buy_tmall"
ERROR - 2016-05-12 03:45:54 --> Could not find the language line "mynt_buy_youzan"
ERROR - 2016-05-12 03:46:42 --> Could not find the language line "mynt_buy_taobao"
ERROR - 2016-05-12 03:46:42 --> Could not find the language line "mynt_buy_tmall"
ERROR - 2016-05-12 03:46:42 --> Could not find the language line "mynt_buy_youzan"
ERROR - 2016-05-12 03:46:45 --> Could not find the language line "mynt_buy_taobao"
ERROR - 2016-05-12 03:46:45 --> Could not find the language line "mynt_buy_tmall"
ERROR - 2016-05-12 03:46:45 --> Could not find the language line "mynt_buy_youzan"
ERROR - 2016-05-12 03:47:50 --> Could not find the language line "mynt_buy_taobao"
ERROR - 2016-05-12 03:47:50 --> Could not find the language line "mynt_buy_tmall"
ERROR - 2016-05-12 03:47:50 --> Could not find the language line "mynt_buy_youzan"
ERROR - 2016-05-12 03:49:29 --> Could not find the language line "mynt_buy_taobao"
ERROR - 2016-05-12 03:49:29 --> Could not find the language line "mynt_buy_tmall"
ERROR - 2016-05-12 03:49:29 --> Could not find the language line "mynt_buy_youzan"
ERROR - 2016-05-12 03:51:46 --> Could not find the language line "mynt_buy_taobao"
ERROR - 2016-05-12 03:51:46 --> Could not find the language line "mynt_buy_tmall"
ERROR - 2016-05-12 03:51:46 --> Could not find the language line "mynt_buy_youzan"
ERROR - 2016-05-12 03:51:46 --> Session: File 'ci_sessions/ci_session4b389bc69f097afc7f3fe42b0da3f732c612de59' doesn't exist and cannot be created.
ERROR - 2016-05-12 03:53:17 --> Could not find the language line "mynt_buy_taobao"
ERROR - 2016-05-12 03:53:17 --> Could not find the language line "mynt_buy_tmall"
ERROR - 2016-05-12 03:53:17 --> Could not find the language line "mynt_buy_youzan"
ERROR - 2016-05-12 03:53:38 --> Could not find the language line "mynt_buy_taobao"
ERROR - 2016-05-12 03:53:38 --> Could not find the language line "mynt_buy_tmall"
ERROR - 2016-05-12 03:53:38 --> Could not find the language line "mynt_buy_youzan"
ERROR - 2016-05-12 03:54:00 --> Could not find the language line "mynt_buy_taobao"
ERROR - 2016-05-12 03:54:00 --> Could not find the language line "mynt_buy_tmall"
ERROR - 2016-05-12 03:54:00 --> Could not find the language line "mynt_buy_youzan"
ERROR - 2016-05-12 03:55:50 --> Could not find the language line "mynt_buy_taobao"
ERROR - 2016-05-12 03:55:50 --> Could not find the language line "mynt_buy_tmall"
ERROR - 2016-05-12 03:55:50 --> Could not find the language line "mynt_buy_youzan"
ERROR - 2016-05-12 03:56:09 --> Could not find the language line "mynt_buy_taobao"
ERROR - 2016-05-12 03:56:09 --> Could not find the language line "mynt_buy_tmall"
ERROR - 2016-05-12 03:56:09 --> Could not find the language line "mynt_buy_youzan"
ERROR - 2016-05-12 04:03:42 --> Could not find the language line "mynt_buy_taobao"
ERROR - 2016-05-12 04:03:42 --> Could not find the language line "mynt_buy_tmall"
ERROR - 2016-05-12 04:03:42 --> Could not find the language line "mynt_buy_youzan"
ERROR - 2016-05-12 04:03:42 --> Session: File 'ci_sessions/ci_sessiondaf6db1b58a6db4751625f889b3e6a2441bb94c2' doesn't exist and cannot be created.
ERROR - 2016-05-12 04:07:36 --> Could not find the language line "mynt_buy_taobao"
ERROR - 2016-05-12 04:07:36 --> Could not find the language line "mynt_buy_tmall"
ERROR - 2016-05-12 04:07:36 --> Could not find the language line "mynt_buy_youzan"
ERROR - 2016-05-12 04:07:36 --> Could not find the language line "mynt_icon_taobao"
ERROR - 2016-05-12 04:07:36 --> Could not find the language line "mynt_icon_tmall"
ERROR - 2016-05-12 04:07:36 --> Could not find the language line "mynt_icon_youzan"
ERROR - 2016-05-12 07:28:13 --> Could not find the language line "mynt_buy_taobao"
ERROR - 2016-05-12 07:28:13 --> Could not find the language line "mynt_buy_tmall"
ERROR - 2016-05-12 07:28:13 --> Could not find the language line "mynt_buy_youzan"
ERROR - 2016-05-12 07:28:13 --> Could not find the language line "mynt_icon_taobao"
ERROR - 2016-05-12 07:28:13 --> Could not find the language line "mynt_icon_tmall"
ERROR - 2016-05-12 07:28:13 --> Could not find the language line "mynt_icon_youzan"
ERROR - 2016-05-12 07:51:47 --> Could not find the language line "mynt_buy_taobao"
ERROR - 2016-05-12 07:51:47 --> Could not find the language line "mynt_buy_tmall"
ERROR - 2016-05-12 07:51:47 --> Could not find the language line "mynt_buy_youzan"
ERROR - 2016-05-12 07:51:47 --> Session: File 'ci_sessions/ci_session4e745411602130ea95c9800baccfaf54d3d97d62' doesn't exist and cannot be created.
ERROR - 2016-05-12 07:58:58 --> Could not find the language line "mynt_buy_taobao"
ERROR - 2016-05-12 07:58:58 --> Could not find the language line "mynt_buy_tmall"
ERROR - 2016-05-12 07:58:58 --> Could not find the language line "mynt_buy_youzan"
ERROR - 2016-05-12 07:58:58 --> Could not find the language line "mynt_buy_amazon"
ERROR - 2016-05-12 07:58:58 --> Could not find the language line "mynt_icon_buy"
ERROR - 2016-05-12 07:58:58 --> Could not find the language line "mynt_buy_link_kick"
ERROR - 2016-05-12 08:16:37 --> Could not find the language line "mynt_buy_taobao"
ERROR - 2016-05-12 08:16:37 --> Could not find the language line "mynt_buy_tmall"
ERROR - 2016-05-12 08:16:37 --> Could not find the language line "mynt_buy_youzan"
ERROR - 2016-05-12 08:16:37 --> Could not find the language line "about_keywords"
ERROR - 2016-05-12 08:16:37 --> Could not find the language line "about_facebook"
ERROR - 2016-05-12 08:16:37 --> Could not find the language line "about_twitter"
ERROR - 2016-05-12 08:16:37 --> Could not find the language line "about_weibo"
ERROR - 2016-05-12 08:16:37 --> Session: File 'ci_sessions/ci_session2ff095e8132e2097d3ae91833e28d6b07c511fa4' doesn't exist and cannot be created.
ERROR - 2016-05-12 08:17:49 --> Could not find the language line "mynt_buy_taobao"
ERROR - 2016-05-12 08:17:49 --> Could not find the language line "mynt_buy_tmall"
ERROR - 2016-05-12 08:17:49 --> Could not find the language line "mynt_buy_youzan"
ERROR - 2016-05-12 08:18:17 --> Could not find the language line "mynt_buy_taobao"
ERROR - 2016-05-12 08:18:17 --> Could not find the language line "mynt_buy_tmall"
ERROR - 2016-05-12 08:18:17 --> Could not find the language line "mynt_buy_youzan"
ERROR - 2016-05-12 08:18:47 --> Could not find the language line "mynt_buy_taobao"
ERROR - 2016-05-12 08:18:47 --> Could not find the language line "mynt_buy_tmall"
ERROR - 2016-05-12 08:18:47 --> Could not find the language line "mynt_buy_youzan"
ERROR - 2016-05-12 08:19:21 --> Could not find the language line "mynt_buy_taobao"
ERROR - 2016-05-12 08:19:21 --> Could not find the language line "mynt_buy_tmall"
ERROR - 2016-05-12 08:19:21 --> Could not find the language line "mynt_buy_youzan"
ERROR - 2016-05-12 08:20:01 --> Could not find the language line "mynt_buy_taobao"
ERROR - 2016-05-12 08:20:01 --> Could not find the language line "mynt_buy_tmall"
ERROR - 2016-05-12 08:20:01 --> Could not find the language line "mynt_buy_youzan"
ERROR - 2016-05-12 08:21:04 --> Could not find the language line "mynt_buy_taobao"
ERROR - 2016-05-12 08:21:04 --> Could not find the language line "mynt_buy_tmall"
ERROR - 2016-05-12 08:21:04 --> Could not find the language line "mynt_buy_youzan"
ERROR - 2016-05-12 08:21:21 --> Could not find the language line "mynt_buy_taobao"
ERROR - 2016-05-12 08:21:21 --> Could not find the language line "mynt_buy_tmall"
ERROR - 2016-05-12 08:21:21 --> Could not find the language line "mynt_buy_youzan"
ERROR - 2016-05-12 08:21:25 --> Could not find the language line "mynt_buy_taobao"
ERROR - 2016-05-12 08:21:25 --> Could not find the language line "mynt_buy_tmall"
ERROR - 2016-05-12 08:21:25 --> Could not find the language line "mynt_buy_youzan"
ERROR - 2016-05-12 08:21:37 --> Could not find the language line "mynt_buy_taobao"
ERROR - 2016-05-12 08:21:37 --> Could not find the language line "mynt_buy_tmall"
ERROR - 2016-05-12 08:21:37 --> Could not find the language line "mynt_buy_youzan"
ERROR - 2016-05-12 08:23:46 --> Could not find the language line "mynt_buy_taobao"
ERROR - 2016-05-12 08:23:46 --> Could not find the language line "mynt_buy_tmall"
ERROR - 2016-05-12 08:23:46 --> Could not find the language line "mynt_buy_youzan"
ERROR - 2016-05-12 08:24:07 --> Could not find the language line "mynt_buy_taobao"
ERROR - 2016-05-12 08:24:07 --> Could not find the language line "mynt_buy_tmall"
ERROR - 2016-05-12 08:24:07 --> Could not find the language line "mynt_buy_youzan"
ERROR - 2016-05-12 08:24:28 --> Could not find the language line "mynt_buy_taobao"
ERROR - 2016-05-12 08:24:28 --> Could not find the language line "mynt_buy_tmall"
ERROR - 2016-05-12 08:24:28 --> Could not find the language line "mynt_buy_youzan"
ERROR - 2016-05-12 08:24:59 --> Could not find the language line "mynt_buy_taobao"
ERROR - 2016-05-12 08:24:59 --> Could not find the language line "mynt_buy_tmall"
ERROR - 2016-05-12 08:24:59 --> Could not find the language line "mynt_buy_youzan"
ERROR - 2016-05-12 08:29:32 --> Could not find the language line "mynt_buy_taobao"
ERROR - 2016-05-12 08:29:32 --> Could not find the language line "mynt_buy_tmall"
ERROR - 2016-05-12 08:29:32 --> Could not find the language line "mynt_buy_youzan"
ERROR - 2016-05-12 08:37:13 --> Could not find the language line "mynt_buy_taobao"
ERROR - 2016-05-12 08:37:13 --> Could not find the language line "mynt_buy_tmall"
ERROR - 2016-05-12 08:37:13 --> Could not find the language line "mynt_buy_youzan"
ERROR - 2016-05-12 08:37:13 --> Session: File 'ci_sessions/ci_sessionc004450290f056caa5340a49acd24be0dbef06ba' doesn't exist and cannot be created.
ERROR - 2016-05-12 08:37:24 --> Could not find the language line "mynt_buy_taobao"
ERROR - 2016-05-12 08:37:24 --> Could not find the language line "mynt_buy_tmall"
ERROR - 2016-05-12 08:37:24 --> Could not find the language line "mynt_buy_youzan"
ERROR - 2016-05-12 08:38:40 --> Could not find the language line "mynt_buy_taobao"
ERROR - 2016-05-12 08:38:40 --> Could not find the language line "mynt_buy_tmall"
ERROR - 2016-05-12 08:38:40 --> Could not find the language line "mynt_buy_youzan"
ERROR - 2016-05-12 08:40:43 --> Could not find the language line "mynt_buy_taobao"
ERROR - 2016-05-12 08:40:43 --> Could not find the language line "mynt_buy_tmall"
ERROR - 2016-05-12 08:40:43 --> Could not find the language line "mynt_buy_youzan"
ERROR - 2016-05-12 08:43:18 --> Could not find the language line "mynt_buy_taobao"
ERROR - 2016-05-12 08:43:18 --> Could not find the language line "mynt_buy_tmall"
ERROR - 2016-05-12 08:43:18 --> Could not find the language line "mynt_buy_youzan"
ERROR - 2016-05-12 08:47:22 --> Could not find the language line "mynt_buy_taobao"
ERROR - 2016-05-12 08:47:22 --> Could not find the language line "mynt_buy_tmall"
ERROR - 2016-05-12 08:47:22 --> Could not find the language line "mynt_buy_youzan"
ERROR - 2016-05-12 08:47:40 --> Could not find the language line "mynt_buy_taobao"
ERROR - 2016-05-12 08:47:40 --> Could not find the language line "mynt_buy_tmall"
ERROR - 2016-05-12 08:47:40 --> Could not find the language line "mynt_buy_youzan"
ERROR - 2016-05-12 08:48:28 --> Could not find the language line "mynt_buy_taobao"
ERROR - 2016-05-12 08:48:28 --> Could not find the language line "mynt_buy_tmall"
ERROR - 2016-05-12 08:48:28 --> Could not find the language line "mynt_buy_youzan"
ERROR - 2016-05-12 08:48:47 --> Could not find the language line "mynt_buy_taobao"
ERROR - 2016-05-12 08:48:47 --> Could not find the language line "mynt_buy_tmall"
ERROR - 2016-05-12 08:48:47 --> Could not find the language line "mynt_buy_youzan"
ERROR - 2016-05-12 08:50:08 --> Could not find the language line "mynt_buy_taobao"
ERROR - 2016-05-12 08:50:08 --> Could not find the language line "mynt_buy_tmall"
ERROR - 2016-05-12 08:50:08 --> Could not find the language line "mynt_buy_youzan"
ERROR - 2016-05-12 08:54:58 --> Could not find the language line "mynt_buy_taobao"
ERROR - 2016-05-12 08:54:58 --> Could not find the language line "mynt_buy_tmall"
ERROR - 2016-05-12 08:54:58 --> Could not find the language line "mynt_buy_youzan"
ERROR - 2016-05-12 09:00:27 --> Could not find the language line "mynt_buy_taobao"
ERROR - 2016-05-12 09:00:27 --> Could not find the language line "mynt_buy_tmall"
ERROR - 2016-05-12 09:00:27 --> Could not find the language line "mynt_buy_youzan"
ERROR - 2016-05-12 09:00:32 --> Could not find the language line "mynt_buy_taobao"
ERROR - 2016-05-12 09:00:32 --> Could not find the language line "mynt_buy_tmall"
ERROR - 2016-05-12 09:00:32 --> Could not find the language line "mynt_buy_youzan"
ERROR - 2016-05-12 09:00:57 --> Could not find the language line "mynt_buy_taobao"
ERROR - 2016-05-12 09:00:57 --> Could not find the language line "mynt_buy_tmall"
ERROR - 2016-05-12 09:00:57 --> Could not find the language line "mynt_buy_youzan"
ERROR - 2016-05-12 09:01:08 --> Could not find the language line "mynt_buy_taobao"
ERROR - 2016-05-12 09:01:08 --> Could not find the language line "mynt_buy_tmall"
ERROR - 2016-05-12 09:01:08 --> Could not find the language line "mynt_buy_youzan"
ERROR - 2016-05-12 09:01:30 --> Could not find the language line "mynt_buy_taobao"
ERROR - 2016-05-12 09:01:30 --> Could not find the language line "mynt_buy_tmall"
ERROR - 2016-05-12 09:01:30 --> Could not find the language line "mynt_buy_youzan"
ERROR - 2016-05-12 09:01:30 --> Could not find the language line "mynt_icon_taobao"
ERROR - 2016-05-12 09:01:30 --> Could not find the language line "mynt_icon_tmall"
ERROR - 2016-05-12 09:01:30 --> Could not find the language line "mynt_icon_youzan"
ERROR - 2016-05-12 09:01:31 --> Could not find the language line "mynt_buy_taobao"
ERROR - 2016-05-12 09:01:31 --> Could not find the language line "mynt_buy_tmall"
ERROR - 2016-05-12 09:01:31 --> Could not find the language line "mynt_buy_youzan"
ERROR - 2016-05-12 09:01:32 --> Could not find the language line "mynt_buy_taobao"
ERROR - 2016-05-12 09:01:32 --> Could not find the language line "mynt_buy_tmall"
ERROR - 2016-05-12 09:01:32 --> Could not find the language line "mynt_buy_youzan"
ERROR - 2016-05-12 09:01:32 --> Could not find the language line "mynt_icon_taobao"
ERROR - 2016-05-12 09:01:32 --> Could not find the language line "mynt_icon_tmall"
ERROR - 2016-05-12 09:01:32 --> Could not find the language line "mynt_icon_youzan"
ERROR - 2016-05-12 09:01:32 --> Could not find the language line "mynt_jd_detail"
ERROR - 2016-05-12 09:01:32 --> Could not find the language line "to_buy_wd"
ERROR - 2016-05-12 09:01:32 --> Could not find the language line "slightech_wechat"
ERROR - 2016-05-12 09:01:32 --> Could not find the language line "camera_no_lost"
ERROR - 2016-05-12 09:01:32 --> Could not find the language line "key_no_lost"
ERROR - 2016-05-12 09:01:32 --> Could not find the language line "bag_no_lost"
ERROR - 2016-05-12 09:01:32 --> Could not find the language line "computer_no_lost"
ERROR - 2016-05-12 09:01:32 --> Could not find the language line "pet_no_lost"
ERROR - 2016-05-12 09:01:32 --> Could not find the language line "goal"
ERROR - 2016-05-12 09:01:32 --> Could not find the language line "fund_title"
ERROR - 2016-05-12 09:01:32 --> Could not find the language line "fund_intro"
ERROR - 2016-05-12 09:01:33 --> Could not find the language line "mynt_buy_taobao"
ERROR - 2016-05-12 09:01:33 --> Could not find the language line "mynt_buy_tmall"
ERROR - 2016-05-12 09:01:33 --> Could not find the language line "mynt_buy_youzan"
ERROR - 2016-05-12 09:01:34 --> Could not find the language line "mynt_buy_taobao"
ERROR - 2016-05-12 09:01:34 --> Could not find the language line "mynt_buy_tmall"
ERROR - 2016-05-12 09:01:34 --> Could not find the language line "mynt_buy_youzan"
ERROR - 2016-05-12 09:01:34 --> Could not find the language line "about_keywords"
ERROR - 2016-05-12 09:01:34 --> Could not find the language line "about_facebook"
ERROR - 2016-05-12 09:01:34 --> Could not find the language line "about_twitter"
ERROR - 2016-05-12 09:01:34 --> Could not find the language line "about_weibo"
ERROR - 2016-05-12 09:01:35 --> Could not find the language line "mynt_buy_taobao"
ERROR - 2016-05-12 09:01:35 --> Could not find the language line "mynt_buy_tmall"
ERROR - 2016-05-12 09:01:35 --> Could not find the language line "mynt_buy_youzan"
ERROR - 2016-05-12 09:01:35 --> Could not find the language line "mynt_icon_taobao"
ERROR - 2016-05-12 09:01:35 --> Could not find the language line "mynt_icon_tmall"
ERROR - 2016-05-12 09:01:35 --> Could not find the language line "mynt_icon_youzan"
ERROR - 2016-05-12 09:01:39 --> Could not find the language line "mynt_buy_taobao"
ERROR - 2016-05-12 09:01:39 --> Could not find the language line "mynt_buy_tmall"
ERROR - 2016-05-12 09:01:39 --> Could not find the language line "mynt_buy_youzan"
ERROR - 2016-05-12 09:02:41 --> Could not find the language line "mynt_buy_taobao"
ERROR - 2016-05-12 09:02:41 --> Could not find the language line "mynt_buy_tmall"
ERROR - 2016-05-12 09:02:41 --> Could not find the language line "mynt_buy_youzan"
ERROR - 2016-05-12 09:02:55 --> Could not find the language line "mynt_buy_taobao"
ERROR - 2016-05-12 09:02:55 --> Could not find the language line "mynt_buy_tmall"
ERROR - 2016-05-12 09:02:55 --> Could not find the language line "mynt_buy_youzan"
ERROR - 2016-05-12 09:03:42 --> Could not find the language line "mynt_buy_taobao"
ERROR - 2016-05-12 09:03:42 --> Could not find the language line "mynt_buy_tmall"
ERROR - 2016-05-12 09:03:42 --> Could not find the language line "mynt_buy_youzan"
ERROR - 2016-05-12 09:23:16 --> Could not find the language line "mynt_buy_taobao"
ERROR - 2016-05-12 09:23:16 --> Could not find the language line "mynt_buy_tmall"
ERROR - 2016-05-12 09:23:16 --> Could not find the language line "mynt_buy_youzan"
ERROR - 2016-05-12 09:24:53 --> Could not find the language line "mynt_buy_taobao"
ERROR - 2016-05-12 09:24:53 --> Could not find the language line "mynt_buy_tmall"
ERROR - 2016-05-12 09:24:53 --> Could not find the language line "mynt_buy_youzan"
ERROR - 2016-05-12 09:25:11 --> Could not find the language line "mynt_buy_taobao"
ERROR - 2016-05-12 09:25:11 --> Could not find the language line "mynt_buy_tmall"
ERROR - 2016-05-12 09:25:11 --> Could not find the language line "mynt_buy_youzan"
ERROR - 2016-05-12 09:27:47 --> Could not find the language line "mynt_buy_taobao"
ERROR - 2016-05-12 09:27:47 --> Could not find the language line "mynt_buy_tmall"
ERROR - 2016-05-12 09:27:47 --> Could not find the language line "mynt_buy_youzan"
ERROR - 2016-05-12 09:28:16 --> Could not find the language line "mynt_buy_taobao"
ERROR - 2016-05-12 09:28:16 --> Could not find the language line "mynt_buy_tmall"
ERROR - 2016-05-12 09:28:16 --> Could not find the language line "mynt_buy_youzan"
ERROR - 2016-05-12 09:29:48 --> Could not find the language line "mynt_buy_taobao"
ERROR - 2016-05-12 09:29:48 --> Could not find the language line "mynt_buy_tmall"
ERROR - 2016-05-12 09:29:48 --> Could not find the language line "mynt_buy_youzan"
ERROR - 2016-05-12 09:29:48 --> Session: File 'ci_sessions/ci_sessionb875bea9c26f13a02864e02e87a9b174d7e16bf7' doesn't exist and cannot be created.
ERROR - 2016-05-12 09:31:36 --> Could not find the language line "mynt_buy_taobao"
ERROR - 2016-05-12 09:31:36 --> Could not find the language line "mynt_buy_tmall"
ERROR - 2016-05-12 09:31:36 --> Could not find the language line "mynt_buy_youzan"
ERROR - 2016-05-12 09:31:43 --> Could not find the language line "mynt_buy_taobao"
ERROR - 2016-05-12 09:31:43 --> Could not find the language line "mynt_buy_tmall"
ERROR - 2016-05-12 09:31:43 --> Could not find the language line "mynt_buy_youzan"
ERROR - 2016-05-12 09:32:48 --> Could not find the language line "mynt_buy_taobao"
ERROR - 2016-05-12 09:32:48 --> Could not find the language line "mynt_buy_tmall"
ERROR - 2016-05-12 09:32:48 --> Could not find the language line "mynt_buy_youzan"
ERROR - 2016-05-12 09:35:57 --> Could not find the language line "mynt_buy_taobao"
ERROR - 2016-05-12 09:35:57 --> Could not find the language line "mynt_buy_tmall"
ERROR - 2016-05-12 09:35:57 --> Could not find the language line "mynt_buy_youzan"
ERROR - 2016-05-12 09:36:40 --> Could not find the language line "mynt_buy_taobao"
ERROR - 2016-05-12 09:36:40 --> Could not find the language line "mynt_buy_tmall"
ERROR - 2016-05-12 09:36:40 --> Could not find the language line "mynt_buy_youzan"
ERROR - 2016-05-12 09:38:08 --> Could not find the language line "mynt_buy_taobao"
ERROR - 2016-05-12 09:38:08 --> Could not find the language line "mynt_buy_tmall"
ERROR - 2016-05-12 09:38:08 --> Could not find the language line "mynt_buy_youzan"
ERROR - 2016-05-12 09:41:25 --> Could not find the language line "mynt_buy_taobao"
ERROR - 2016-05-12 09:41:25 --> Could not find the language line "mynt_buy_tmall"
ERROR - 2016-05-12 09:41:25 --> Could not find the language line "mynt_buy_youzan"
ERROR - 2016-05-12 09:46:01 --> Could not find the language line "mynt_buy_taobao"
ERROR - 2016-05-12 09:46:01 --> Could not find the language line "mynt_buy_tmall"
ERROR - 2016-05-12 09:46:01 --> Could not find the language line "mynt_buy_youzan"
ERROR - 2016-05-12 09:48:37 --> Could not find the language line "mynt_buy_taobao"
ERROR - 2016-05-12 09:48:37 --> Could not find the language line "mynt_buy_tmall"
ERROR - 2016-05-12 09:48:37 --> Could not find the language line "mynt_buy_youzan"
ERROR - 2016-05-12 09:48:45 --> Could not find the language line "mynt_buy_taobao"
ERROR - 2016-05-12 09:48:45 --> Could not find the language line "mynt_buy_tmall"
ERROR - 2016-05-12 09:48:45 --> Could not find the language line "mynt_buy_youzan"
ERROR - 2016-05-12 09:50:35 --> Could not find the language line "mynt_buy_taobao"
ERROR - 2016-05-12 09:50:35 --> Could not find the language line "mynt_buy_tmall"
ERROR - 2016-05-12 09:50:35 --> Could not find the language line "mynt_buy_youzan"
ERROR - 2016-05-12 09:50:46 --> Could not find the language line "mynt_buy_taobao"
ERROR - 2016-05-12 09:50:46 --> Could not find the language line "mynt_buy_tmall"
ERROR - 2016-05-12 09:50:46 --> Could not find the language line "mynt_buy_youzan"
ERROR - 2016-05-12 09:51:06 --> Could not find the language line "mynt_buy_taobao"
ERROR - 2016-05-12 09:51:06 --> Could not find the language line "mynt_buy_tmall"
ERROR - 2016-05-12 09:51:06 --> Could not find the language line "mynt_buy_youzan"
ERROR - 2016-05-12 10:05:22 --> Could not find the language line "mynt_buy_taobao"
ERROR - 2016-05-12 10:05:22 --> Could not find the language line "mynt_buy_tmall"
ERROR - 2016-05-12 10:05:22 --> Could not find the language line "mynt_buy_youzan"
ERROR - 2016-05-12 10:05:24 --> Could not find the language line "mynt_buy_taobao"
ERROR - 2016-05-12 10:05:24 --> Could not find the language line "mynt_buy_tmall"
ERROR - 2016-05-12 10:05:24 --> Could not find the language line "mynt_buy_youzan"
ERROR - 2016-05-12 10:12:11 --> Could not find the language line "mynt_buy_taobao"
ERROR - 2016-05-12 10:12:11 --> Could not find the language line "mynt_buy_tmall"
ERROR - 2016-05-12 10:12:11 --> Could not find the language line "mynt_buy_youzan"
ERROR - 2016-05-12 10:12:20 --> Could not find the language line "mynt_buy_taobao"
ERROR - 2016-05-12 10:12:20 --> Could not find the language line "mynt_buy_tmall"
ERROR - 2016-05-12 10:12:20 --> Could not find the language line "mynt_buy_youzan"
ERROR - 2016-05-12 10:15:35 --> Could not find the language line "mynt_buy_taobao"
ERROR - 2016-05-12 10:15:35 --> Could not find the language line "mynt_buy_tmall"
ERROR - 2016-05-12 10:15:35 --> Could not find the language line "mynt_buy_youzan"
ERROR - 2016-05-12 10:18:38 --> Could not find the language line "mynt_buy_taobao"
ERROR - 2016-05-12 10:18:38 --> Could not find the language line "mynt_buy_tmall"
ERROR - 2016-05-12 10:18:38 --> Could not find the language line "mynt_buy_youzan"
ERROR - 2016-05-12 10:19:28 --> Could not find the language line "mynt_buy_taobao"
ERROR - 2016-05-12 10:19:28 --> Could not find the language line "mynt_buy_tmall"
ERROR - 2016-05-12 10:19:28 --> Could not find the language line "mynt_buy_youzan"
ERROR - 2016-05-12 10:19:32 --> Could not find the language line "mynt_buy_taobao"
ERROR - 2016-05-12 10:19:32 --> Could not find the language line "mynt_buy_tmall"
ERROR - 2016-05-12 10:19:32 --> Could not find the language line "mynt_buy_youzan"
ERROR - 2016-05-12 10:20:16 --> Could not find the language line "mynt_buy_taobao"
ERROR - 2016-05-12 10:20:16 --> Could not find the language line "mynt_buy_tmall"
ERROR - 2016-05-12 10:20:16 --> Could not find the language line "mynt_buy_youzan"
ERROR - 2016-05-12 10:20:28 --> Could not find the language line "mynt_buy_taobao"
ERROR - 2016-05-12 10:20:28 --> Could not find the language line "mynt_buy_tmall"
ERROR - 2016-05-12 10:20:28 --> Could not find the language line "mynt_buy_youzan"
ERROR - 2016-05-12 10:21:08 --> Could not find the language line "mynt_buy_taobao"
ERROR - 2016-05-12 10:21:08 --> Could not find the language line "mynt_buy_tmall"
ERROR - 2016-05-12 10:21:08 --> Could not find the language line "mynt_buy_youzan"
ERROR - 2016-05-12 10:21:19 --> Could not find the language line "mynt_buy_taobao"
ERROR - 2016-05-12 10:21:19 --> Could not find the language line "mynt_buy_tmall"
ERROR - 2016-05-12 10:21:19 --> Could not find the language line "mynt_buy_youzan"
ERROR - 2016-05-12 10:25:03 --> Could not find the language line "mynt_buy_taobao"
ERROR - 2016-05-12 10:25:03 --> Could not find the language line "mynt_buy_tmall"
ERROR - 2016-05-12 10:25:03 --> Could not find the language line "mynt_buy_youzan"
ERROR - 2016-05-12 10:26:10 --> Could not find the language line "mynt_buy_taobao"
ERROR - 2016-05-12 10:26:10 --> Could not find the language line "mynt_buy_tmall"
ERROR - 2016-05-12 10:26:10 --> Could not find the language line "mynt_buy_youzan"
ERROR - 2016-05-12 10:26:52 --> Could not find the language line "mynt_buy_taobao"
ERROR - 2016-05-12 10:26:52 --> Could not find the language line "mynt_buy_tmall"
ERROR - 2016-05-12 10:26:52 --> Could not find the language line "mynt_buy_youzan"
ERROR - 2016-05-12 10:29:24 --> Could not find the language line "mynt_buy_taobao"
ERROR - 2016-05-12 10:29:24 --> Could not find the language line "mynt_buy_tmall"
ERROR - 2016-05-12 10:29:24 --> Could not find the language line "mynt_buy_youzan"
ERROR - 2016-05-12 10:30:17 --> Could not find the language line "mynt_buy_taobao"
ERROR - 2016-05-12 10:30:17 --> Could not find the language line "mynt_buy_tmall"
ERROR - 2016-05-12 10:30:17 --> Could not find the language line "mynt_buy_youzan"
ERROR - 2016-05-12 10:30:17 --> Session: File 'ci_sessions/ci_sessionfa26891e6efa46bc3e225933348e029a5f398b7e' doesn't exist and cannot be created.
ERROR - 2016-05-12 10:30:30 --> Could not find the language line "mynt_buy_taobao"
ERROR - 2016-05-12 10:30:30 --> Could not find the language line "mynt_buy_tmall"
ERROR - 2016-05-12 10:30:30 --> Could not find the language line "mynt_buy_youzan"
ERROR - 2016-05-12 14:53:49 --> Could not find the language line "mynt_buy_taobao"
ERROR - 2016-05-12 14:53:49 --> Could not find the language line "mynt_buy_tmall"
ERROR - 2016-05-12 14:53:49 --> Could not find the language line "mynt_buy_youzan"
ERROR - 2016-05-12 14:55:24 --> Could not find the language line "mynt_buy_taobao"
ERROR - 2016-05-12 14:55:24 --> Could not find the language line "mynt_buy_tmall"
ERROR - 2016-05-12 14:55:24 --> Could not find the language line "mynt_buy_youzan"
ERROR - 2016-05-12 15:00:42 --> Could not find the language line "mynt_buy_taobao"
ERROR - 2016-05-12 15:00:42 --> Could not find the language line "mynt_buy_tmall"
ERROR - 2016-05-12 15:00:42 --> Could not find the language line "mynt_buy_youzan"
ERROR - 2016-05-12 15:05:18 --> Could not find the language line "mynt_buy_taobao"
ERROR - 2016-05-12 15:05:18 --> Could not find the language line "mynt_buy_tmall"
ERROR - 2016-05-12 15:05:18 --> Could not find the language line "mynt_buy_youzan"
ERROR - 2016-05-12 15:05:58 --> Could not find the language line "mynt_buy_taobao"
ERROR - 2016-05-12 15:05:58 --> Could not find the language line "mynt_buy_tmall"
ERROR - 2016-05-12 15:05:58 --> Could not find the language line "mynt_buy_youzan"
ERROR - 2016-05-12 15:05:58 --> Session: File 'ci_sessions/ci_sessiona2e34bb3092957179cae35754e62a002952fe1c6' doesn't exist and cannot be created.
ERROR - 2016-05-12 15:07:36 --> Could not find the language line "mynt_buy_taobao"
ERROR - 2016-05-12 15:07:36 --> Could not find the language line "mynt_buy_tmall"
ERROR - 2016-05-12 15:07:36 --> Could not find the language line "mynt_buy_youzan"
ERROR - 2016-05-12 15:08:27 --> Could not find the language line "mynt_buy_taobao"
ERROR - 2016-05-12 15:08:27 --> Could not find the language line "mynt_buy_tmall"
ERROR - 2016-05-12 15:08:27 --> Could not find the language line "mynt_buy_youzan"
ERROR - 2016-05-12 15:11:36 --> Could not find the language line "mynt_buy_taobao"
ERROR - 2016-05-12 15:11:36 --> Could not find the language line "mynt_buy_tmall"
ERROR - 2016-05-12 15:11:36 --> Could not find the language line "mynt_buy_youzan"
ERROR - 2016-05-12 15:14:28 --> Could not find the language line "mynt_buy_taobao"
ERROR - 2016-05-12 15:14:28 --> Could not find the language line "mynt_buy_tmall"
ERROR - 2016-05-12 15:14:28 --> Could not find the language line "mynt_buy_youzan"
ERROR - 2016-05-12 15:17:01 --> Could not find the language line "mynt_buy_taobao"
ERROR - 2016-05-12 15:17:01 --> Could not find the language line "mynt_buy_tmall"
ERROR - 2016-05-12 15:17:01 --> Could not find the language line "mynt_buy_youzan"
ERROR - 2016-05-12 15:19:40 --> Could not find the language line "mynt_buy_taobao"
ERROR - 2016-05-12 15:19:40 --> Could not find the language line "mynt_buy_tmall"
ERROR - 2016-05-12 15:19:40 --> Could not find the language line "mynt_buy_youzan"
ERROR - 2016-05-12 15:19:40 --> Session: File 'ci_sessions/ci_session76cef9f5f1cbc8ba875f47ad5e39047b73df3827' doesn't exist and cannot be created.
ERROR - 2016-05-12 15:20:38 --> Could not find the language line "mynt_buy_taobao"
ERROR - 2016-05-12 15:20:38 --> Could not find the language line "mynt_buy_tmall"
ERROR - 2016-05-12 15:20:38 --> Could not find the language line "mynt_buy_youzan"
ERROR - 2016-05-12 15:25:19 --> Could not find the language line "mynt_buy_taobao"
ERROR - 2016-05-12 15:25:19 --> Could not find the language line "mynt_buy_tmall"
ERROR - 2016-05-12 15:25:19 --> Could not find the language line "mynt_buy_youzan"
ERROR - 2016-05-12 15:27:55 --> Could not find the language line "mynt_buy_taobao"
ERROR - 2016-05-12 15:27:55 --> Could not find the language line "mynt_buy_tmall"
ERROR - 2016-05-12 15:27:55 --> Could not find the language line "mynt_buy_youzan"
ERROR - 2016-05-12 15:27:55 --> Session: File 'ci_sessions/ci_session28dc5fca808f01bd1098186cb708641af88c6baf' doesn't exist and cannot be created.
ERROR - 2016-05-12 15:28:38 --> Could not find the language line "mynt_buy_taobao"
ERROR - 2016-05-12 15:28:38 --> Could not find the language line "mynt_buy_tmall"
ERROR - 2016-05-12 15:28:38 --> Could not find the language line "mynt_buy_youzan"
ERROR - 2016-05-12 15:29:07 --> Could not find the language line "mynt_buy_taobao"
ERROR - 2016-05-12 15:29:07 --> Could not find the language line "mynt_buy_tmall"
ERROR - 2016-05-12 15:29:07 --> Could not find the language line "mynt_buy_youzan"
