ERROR - 2017-05-02 01:30:27 --> Could not find the language line "mynt_buy_taobao"
ERROR - 2017-05-02 01:30:27 --> Could not find the language line "mynt_buy_tmall"
ERROR - 2017-05-02 01:30:27 --> Could not find the language line "mynt_buy_youzan"
ERROR - 2017-05-02 01:30:27 --> Could not find the language line "mynt_buy_jd"
ERROR - 2017-05-02 01:30:35 --> Could not find the language line "mynt_buy_taobao"
ERROR - 2017-05-02 01:30:35 --> Could not find the language line "mynt_buy_tmall"
ERROR - 2017-05-02 01:30:35 --> Could not find the language line "mynt_buy_youzan"
ERROR - 2017-05-02 01:30:35 --> Could not find the language line "mynt_buy_jd"
ERROR - 2017-05-02 01:32:08 --> Could not find the language line "mynt_buy_taobao"
ERROR - 2017-05-02 01:32:08 --> Could not find the language line "mynt_buy_tmall"
ERROR - 2017-05-02 01:32:08 --> Could not find the language line "mynt_buy_youzan"
ERROR - 2017-05-02 01:32:08 --> Could not find the language line "mynt_buy_jd"
ERROR - 2017-05-02 01:40:46 --> Could not find the language line "mynt_buy_taobao"
ERROR - 2017-05-02 01:40:46 --> Could not find the language line "mynt_buy_tmall"
ERROR - 2017-05-02 01:40:46 --> Could not find the language line "mynt_buy_youzan"
ERROR - 2017-05-02 01:40:46 --> Could not find the language line "mynt_buy_jd"
ERROR - 2017-05-02 01:40:59 --> Could not find the language line "mynt_buy_taobao"
ERROR - 2017-05-02 01:40:59 --> Could not find the language line "mynt_buy_tmall"
ERROR - 2017-05-02 01:40:59 --> Could not find the language line "mynt_buy_youzan"
ERROR - 2017-05-02 01:40:59 --> Could not find the language line "mynt_buy_jd"
ERROR - 2017-05-02 01:42:09 --> Could not find the language line "mynt_buy_taobao"
ERROR - 2017-05-02 01:42:09 --> Could not find the language line "mynt_buy_tmall"
ERROR - 2017-05-02 01:42:09 --> Could not find the language line "mynt_buy_youzan"
ERROR - 2017-05-02 01:42:09 --> Could not find the language line "mynt_buy_jd"
ERROR - 2017-05-02 01:47:43 --> Could not find the language line "mynt_buy_taobao"
ERROR - 2017-05-02 01:47:43 --> Could not find the language line "mynt_buy_tmall"
ERROR - 2017-05-02 01:47:43 --> Could not find the language line "mynt_buy_youzan"
ERROR - 2017-05-02 01:47:43 --> Could not find the language line "mynt_buy_jd"
ERROR - 2017-05-02 01:48:01 --> Could not find the language line "mynt_buy_taobao"
ERROR - 2017-05-02 01:48:01 --> Could not find the language line "mynt_buy_tmall"
ERROR - 2017-05-02 01:48:01 --> Could not find the language line "mynt_buy_youzan"
ERROR - 2017-05-02 01:48:01 --> Could not find the language line "mynt_buy_jd"
ERROR - 2017-05-02 01:52:34 --> Could not find the language line "mynt_buy_taobao"
ERROR - 2017-05-02 01:52:34 --> Could not find the language line "mynt_buy_tmall"
ERROR - 2017-05-02 01:52:34 --> Could not find the language line "mynt_buy_youzan"
ERROR - 2017-05-02 01:52:34 --> Could not find the language line "mynt_buy_jd"
ERROR - 2017-05-02 01:57:02 --> Could not find the language line "mynt_buy_taobao"
ERROR - 2017-05-02 01:57:02 --> Could not find the language line "mynt_buy_tmall"
ERROR - 2017-05-02 01:57:02 --> Could not find the language line "mynt_buy_youzan"
ERROR - 2017-05-02 01:57:02 --> Could not find the language line "mynt_buy_jd"
ERROR - 2017-05-02 01:57:35 --> Could not find the language line "mynt_buy_taobao"
ERROR - 2017-05-02 01:57:35 --> Could not find the language line "mynt_buy_tmall"
ERROR - 2017-05-02 01:57:35 --> Could not find the language line "mynt_buy_youzan"
ERROR - 2017-05-02 01:57:35 --> Could not find the language line "mynt_buy_jd"
ERROR - 2017-05-02 01:57:42 --> Could not find the language line "mynt_buy_taobao"
ERROR - 2017-05-02 01:57:42 --> Could not find the language line "mynt_buy_tmall"
ERROR - 2017-05-02 01:57:42 --> Could not find the language line "mynt_buy_youzan"
ERROR - 2017-05-02 01:57:42 --> Could not find the language line "mynt_buy_jd"
ERROR - 2017-05-02 01:58:28 --> Could not find the language line "mynt_buy_taobao"
ERROR - 2017-05-02 01:58:28 --> Could not find the language line "mynt_buy_tmall"
ERROR - 2017-05-02 01:58:28 --> Could not find the language line "mynt_buy_youzan"
ERROR - 2017-05-02 01:58:28 --> Could not find the language line "mynt_buy_jd"
ERROR - 2017-05-02 02:00:16 --> Could not find the language line "mynt_buy_taobao"
ERROR - 2017-05-02 02:00:16 --> Could not find the language line "mynt_buy_tmall"
ERROR - 2017-05-02 02:00:16 --> Could not find the language line "mynt_buy_youzan"
ERROR - 2017-05-02 02:00:16 --> Could not find the language line "mynt_buy_jd"
ERROR - 2017-05-02 02:02:12 --> Could not find the language line "mynt_buy_taobao"
ERROR - 2017-05-02 02:02:12 --> Could not find the language line "mynt_buy_tmall"
ERROR - 2017-05-02 02:02:12 --> Could not find the language line "mynt_buy_youzan"
ERROR - 2017-05-02 02:02:12 --> Could not find the language line "mynt_buy_jd"
ERROR - 2017-05-02 02:03:23 --> Could not find the language line "mynt_buy_taobao"
ERROR - 2017-05-02 02:03:23 --> Could not find the language line "mynt_buy_tmall"
ERROR - 2017-05-02 02:03:23 --> Could not find the language line "mynt_buy_youzan"
ERROR - 2017-05-02 02:03:23 --> Could not find the language line "mynt_buy_jd"
ERROR - 2017-05-02 02:04:18 --> Could not find the language line "mynt_buy_taobao"
ERROR - 2017-05-02 02:04:18 --> Could not find the language line "mynt_buy_tmall"
ERROR - 2017-05-02 02:04:18 --> Could not find the language line "mynt_buy_youzan"
ERROR - 2017-05-02 02:04:18 --> Could not find the language line "mynt_buy_jd"
ERROR - 2017-05-02 02:08:22 --> Could not find the language line "mynt_buy_taobao"
ERROR - 2017-05-02 02:08:22 --> Could not find the language line "mynt_buy_tmall"
ERROR - 2017-05-02 02:08:22 --> Could not find the language line "mynt_buy_youzan"
ERROR - 2017-05-02 02:08:22 --> Could not find the language line "mynt_buy_jd"
ERROR - 2017-05-02 02:14:43 --> Could not find the language line "mynt_buy_taobao"
ERROR - 2017-05-02 02:14:43 --> Could not find the language line "mynt_buy_tmall"
ERROR - 2017-05-02 02:14:43 --> Could not find the language line "mynt_buy_youzan"
ERROR - 2017-05-02 02:14:43 --> Could not find the language line "mynt_buy_jd"
ERROR - 2017-05-02 02:26:18 --> 404 Page Not Found: CmService/index
ERROR - 2017-05-02 02:26:25 --> Could not find the language line "mynt_buy_taobao"
ERROR - 2017-05-02 02:26:25 --> Could not find the language line "mynt_buy_tmall"
ERROR - 2017-05-02 02:26:25 --> Could not find the language line "mynt_buy_youzan"
ERROR - 2017-05-02 02:26:25 --> Could not find the language line "mynt_buy_jd"
ERROR - 2017-05-02 02:26:31 --> Could not find the language line "mynt_buy_taobao"
ERROR - 2017-05-02 02:26:31 --> Could not find the language line "mynt_buy_tmall"
ERROR - 2017-05-02 02:26:31 --> Could not find the language line "mynt_buy_youzan"
ERROR - 2017-05-02 02:26:31 --> Could not find the language line "mynt_buy_jd"
ERROR - 2017-05-02 02:26:32 --> Could not find the language line "mynt_buy_taobao"
ERROR - 2017-05-02 02:26:32 --> Could not find the language line "mynt_buy_tmall"
ERROR - 2017-05-02 02:26:32 --> Could not find the language line "mynt_buy_youzan"
ERROR - 2017-05-02 02:26:32 --> Could not find the language line "mynt_buy_jd"
ERROR - 2017-05-02 02:26:32 --> Could not find the language line "mynt_buy_taobao"
ERROR - 2017-05-02 02:26:32 --> Could not find the language line "mynt_buy_tmall"
ERROR - 2017-05-02 02:26:32 --> Could not find the language line "mynt_buy_youzan"
ERROR - 2017-05-02 02:26:32 --> Could not find the language line "mynt_buy_jd"
ERROR - 2017-05-02 02:26:33 --> Could not find the language line "mynt_buy_taobao"
ERROR - 2017-05-02 02:26:33 --> Could not find the language line "mynt_buy_tmall"
ERROR - 2017-05-02 02:26:33 --> Could not find the language line "mynt_buy_youzan"
ERROR - 2017-05-02 02:26:33 --> Could not find the language line "mynt_buy_jd"
ERROR - 2017-05-02 02:26:33 --> Could not find the language line "mynt_buy_taobao"
ERROR - 2017-05-02 02:26:33 --> Could not find the language line "mynt_buy_tmall"
ERROR - 2017-05-02 02:26:33 --> Could not find the language line "mynt_buy_youzan"
ERROR - 2017-05-02 02:26:33 --> Could not find the language line "mynt_buy_jd"
ERROR - 2017-05-02 02:26:34 --> Could not find the language line "mynt_buy_taobao"
ERROR - 2017-05-02 02:26:34 --> Could not find the language line "mynt_buy_tmall"
ERROR - 2017-05-02 02:26:34 --> Could not find the language line "mynt_buy_youzan"
ERROR - 2017-05-02 02:26:34 --> Could not find the language line "mynt_buy_jd"
ERROR - 2017-05-02 02:35:52 --> Could not find the language line "mynt_buy_taobao"
ERROR - 2017-05-02 02:35:52 --> Could not find the language line "mynt_buy_tmall"
ERROR - 2017-05-02 02:35:52 --> Could not find the language line "mynt_buy_youzan"
ERROR - 2017-05-02 02:35:52 --> Could not find the language line "mynt_buy_jd"
ERROR - 2017-05-02 02:36:10 --> Could not find the language line "mynt_buy_taobao"
ERROR - 2017-05-02 02:36:10 --> Could not find the language line "mynt_buy_tmall"
ERROR - 2017-05-02 02:36:10 --> Could not find the language line "mynt_buy_youzan"
ERROR - 2017-05-02 02:36:10 --> Could not find the language line "mynt_buy_jd"
ERROR - 2017-05-02 02:36:26 --> Could not find the language line "mynt_buy_taobao"
ERROR - 2017-05-02 02:36:26 --> Could not find the language line "mynt_buy_tmall"
ERROR - 2017-05-02 02:36:26 --> Could not find the language line "mynt_buy_youzan"
ERROR - 2017-05-02 02:36:26 --> Could not find the language line "mynt_buy_jd"
ERROR - 2017-05-02 02:38:47 --> Could not find the language line "mynt_buy_taobao"
ERROR - 2017-05-02 02:38:47 --> Could not find the language line "mynt_buy_tmall"
ERROR - 2017-05-02 02:38:47 --> Could not find the language line "mynt_buy_youzan"
ERROR - 2017-05-02 02:38:47 --> Could not find the language line "mynt_buy_jd"
ERROR - 2017-05-02 02:38:51 --> Could not find the language line "mynt_buy_taobao"
ERROR - 2017-05-02 02:38:51 --> Could not find the language line "mynt_buy_tmall"
ERROR - 2017-05-02 02:38:51 --> Could not find the language line "mynt_buy_youzan"
ERROR - 2017-05-02 02:38:51 --> Could not find the language line "mynt_buy_jd"
ERROR - 2017-05-02 02:38:51 --> Could not find the language line "mynt_buy_taobao"
ERROR - 2017-05-02 02:38:51 --> Could not find the language line "mynt_buy_tmall"
ERROR - 2017-05-02 02:38:51 --> Could not find the language line "mynt_buy_youzan"
ERROR - 2017-05-02 02:38:51 --> Could not find the language line "mynt_buy_jd"
ERROR - 2017-05-02 02:38:52 --> Could not find the language line "mynt_buy_taobao"
ERROR - 2017-05-02 02:38:52 --> Could not find the language line "mynt_buy_tmall"
ERROR - 2017-05-02 02:38:52 --> Could not find the language line "mynt_buy_youzan"
ERROR - 2017-05-02 02:38:52 --> Could not find the language line "mynt_buy_jd"
ERROR - 2017-05-02 02:39:00 --> Could not find the language line "mynt_buy_taobao"
ERROR - 2017-05-02 02:39:00 --> Could not find the language line "mynt_buy_tmall"
ERROR - 2017-05-02 02:39:00 --> Could not find the language line "mynt_buy_youzan"
ERROR - 2017-05-02 02:39:00 --> Could not find the language line "mynt_buy_jd"
ERROR - 2017-05-02 03:07:57 --> Could not find the language line "mynt_buy_taobao"
ERROR - 2017-05-02 03:07:57 --> Could not find the language line "mynt_buy_tmall"
ERROR - 2017-05-02 03:07:57 --> Could not find the language line "mynt_buy_youzan"
ERROR - 2017-05-02 03:07:57 --> Could not find the language line "mynt_buy_jd"
ERROR - 2017-05-02 03:07:58 --> Could not find the language line "mynt_buy_taobao"
ERROR - 2017-05-02 03:07:58 --> Could not find the language line "mynt_buy_tmall"
ERROR - 2017-05-02 03:07:58 --> Could not find the language line "mynt_buy_youzan"
ERROR - 2017-05-02 03:07:58 --> Could not find the language line "mynt_buy_jd"
ERROR - 2017-05-02 03:20:03 --> Could not find the language line "mynt_buy_taobao"
ERROR - 2017-05-02 03:20:03 --> Could not find the language line "mynt_buy_tmall"
ERROR - 2017-05-02 03:20:03 --> Could not find the language line "mynt_buy_youzan"
ERROR - 2017-05-02 03:20:03 --> Could not find the language line "mynt_buy_jd"
ERROR - 2017-05-02 05:51:44 --> Could not find the language line "mynt_buy_taobao"
ERROR - 2017-05-02 05:51:44 --> Could not find the language line "mynt_buy_tmall"
ERROR - 2017-05-02 05:51:44 --> Could not find the language line "mynt_buy_youzan"
ERROR - 2017-05-02 05:51:44 --> Could not find the language line "mynt_buy_jd"
ERROR - 2017-05-02 05:51:46 --> Could not find the language line "mynt_buy_taobao"
ERROR - 2017-05-02 05:51:46 --> Could not find the language line "mynt_buy_tmall"
ERROR - 2017-05-02 05:51:46 --> Could not find the language line "mynt_buy_youzan"
ERROR - 2017-05-02 05:51:46 --> Could not find the language line "mynt_buy_jd"
ERROR - 2017-05-02 05:52:14 --> Could not find the language line "mynt_buy_taobao"
ERROR - 2017-05-02 05:52:14 --> Could not find the language line "mynt_buy_tmall"
ERROR - 2017-05-02 05:52:14 --> Could not find the language line "mynt_buy_youzan"
ERROR - 2017-05-02 05:52:14 --> Could not find the language line "mynt_buy_jd"
ERROR - 2017-05-02 05:52:14 --> Could not find the language line "mynt_buy_taobao"
ERROR - 2017-05-02 05:52:14 --> Could not find the language line "mynt_buy_tmall"
ERROR - 2017-05-02 05:52:14 --> Could not find the language line "mynt_buy_youzan"
ERROR - 2017-05-02 05:52:14 --> Could not find the language line "mynt_buy_jd"
ERROR - 2017-05-02 05:52:15 --> Could not find the language line "mynt_buy_taobao"
ERROR - 2017-05-02 05:52:15 --> Could not find the language line "mynt_buy_tmall"
ERROR - 2017-05-02 05:52:15 --> Could not find the language line "mynt_buy_youzan"
ERROR - 2017-05-02 05:52:15 --> Could not find the language line "mynt_buy_jd"
ERROR - 2017-05-02 05:52:59 --> Could not find the language line "mynt_buy_taobao"
ERROR - 2017-05-02 05:52:59 --> Could not find the language line "mynt_buy_tmall"
ERROR - 2017-05-02 05:52:59 --> Could not find the language line "mynt_buy_youzan"
ERROR - 2017-05-02 05:52:59 --> Could not find the language line "mynt_buy_jd"
ERROR - 2017-05-02 05:53:00 --> Could not find the language line "mynt_buy_taobao"
ERROR - 2017-05-02 05:53:00 --> Could not find the language line "mynt_buy_tmall"
ERROR - 2017-05-02 05:53:00 --> Could not find the language line "mynt_buy_youzan"
ERROR - 2017-05-02 05:53:00 --> Could not find the language line "mynt_buy_jd"
ERROR - 2017-05-02 05:53:04 --> Could not find the language line "mynt_buy_taobao"
ERROR - 2017-05-02 05:53:04 --> Could not find the language line "mynt_buy_tmall"
ERROR - 2017-05-02 05:53:04 --> Could not find the language line "mynt_buy_youzan"
ERROR - 2017-05-02 05:53:04 --> Could not find the language line "mynt_buy_jd"
ERROR - 2017-05-02 05:53:12 --> Could not find the language line "mynt_buy_taobao"
ERROR - 2017-05-02 05:53:12 --> Could not find the language line "mynt_buy_tmall"
ERROR - 2017-05-02 05:53:12 --> Could not find the language line "mynt_buy_youzan"
ERROR - 2017-05-02 05:53:12 --> Could not find the language line "mynt_buy_jd"
ERROR - 2017-05-02 05:53:12 --> Could not find the language line "mynt_buy_taobao"
ERROR - 2017-05-02 05:53:12 --> Could not find the language line "mynt_buy_tmall"
ERROR - 2017-05-02 05:53:12 --> Could not find the language line "mynt_buy_youzan"
ERROR - 2017-05-02 05:53:12 --> Could not find the language line "mynt_buy_jd"
ERROR - 2017-05-02 05:54:08 --> Could not find the language line "mynt_buy_taobao"
ERROR - 2017-05-02 05:54:08 --> Could not find the language line "mynt_buy_tmall"
ERROR - 2017-05-02 05:54:08 --> Could not find the language line "mynt_buy_youzan"
ERROR - 2017-05-02 05:54:08 --> Could not find the language line "mynt_buy_jd"
ERROR - 2017-05-02 05:55:01 --> Could not find the language line "mynt_buy_taobao"
ERROR - 2017-05-02 05:55:01 --> Could not find the language line "mynt_buy_tmall"
ERROR - 2017-05-02 05:55:01 --> Could not find the language line "mynt_buy_youzan"
ERROR - 2017-05-02 05:55:01 --> Could not find the language line "mynt_buy_jd"
ERROR - 2017-05-02 05:55:02 --> Could not find the language line "mynt_buy_taobao"
ERROR - 2017-05-02 05:55:02 --> Could not find the language line "mynt_buy_tmall"
ERROR - 2017-05-02 05:55:02 --> Could not find the language line "mynt_buy_youzan"
ERROR - 2017-05-02 05:55:02 --> Could not find the language line "mynt_buy_jd"
ERROR - 2017-05-02 06:09:51 --> Could not find the language line "mynt_buy_taobao"
ERROR - 2017-05-02 06:09:51 --> Could not find the language line "mynt_buy_tmall"
ERROR - 2017-05-02 06:09:51 --> Could not find the language line "mynt_buy_youzan"
ERROR - 2017-05-02 06:09:51 --> Could not find the language line "mynt_buy_jd"
ERROR - 2017-05-02 06:09:56 --> Could not find the language line "mynt_buy_taobao"
ERROR - 2017-05-02 06:09:56 --> Could not find the language line "mynt_buy_tmall"
ERROR - 2017-05-02 06:09:56 --> Could not find the language line "mynt_buy_youzan"
ERROR - 2017-05-02 06:09:56 --> Could not find the language line "mynt_buy_jd"
ERROR - 2017-05-02 06:12:06 --> Could not find the language line "mynt_buy_taobao"
ERROR - 2017-05-02 06:12:06 --> Could not find the language line "mynt_buy_tmall"
ERROR - 2017-05-02 06:12:06 --> Could not find the language line "mynt_buy_youzan"
ERROR - 2017-05-02 06:12:06 --> Could not find the language line "mynt_buy_jd"
ERROR - 2017-05-02 06:12:47 --> Could not find the language line "home_cloud_title"
ERROR - 2017-05-02 06:12:47 --> Could not find the language line "home_cloud_intro"
ERROR - 2017-05-02 06:12:47 --> Could not find the language line "mynt_buy_taobao"
ERROR - 2017-05-02 06:12:47 --> Could not find the language line "mynt_buy_tmall"
ERROR - 2017-05-02 06:12:47 --> Could not find the language line "mynt_buy_youzan"
ERROR - 2017-05-02 06:12:47 --> Could not find the language line "mynt_buy_jd"
ERROR - 2017-05-02 06:22:36 --> Could not find the language line "home_cloud_title"
ERROR - 2017-05-02 06:22:36 --> Could not find the language line "home_cloud_intro"
ERROR - 2017-05-02 06:22:36 --> Could not find the language line "mynt_buy_taobao"
ERROR - 2017-05-02 06:22:36 --> Could not find the language line "mynt_buy_tmall"
ERROR - 2017-05-02 06:22:36 --> Could not find the language line "mynt_buy_youzan"
ERROR - 2017-05-02 06:22:36 --> Could not find the language line "mynt_buy_jd"
ERROR - 2017-05-02 06:22:38 --> Could not find the language line "home_cloud_title"
ERROR - 2017-05-02 06:22:38 --> Could not find the language line "home_cloud_intro"
ERROR - 2017-05-02 06:22:38 --> Could not find the language line "mynt_buy_taobao"
ERROR - 2017-05-02 06:22:38 --> Could not find the language line "mynt_buy_tmall"
ERROR - 2017-05-02 06:22:38 --> Could not find the language line "mynt_buy_youzan"
ERROR - 2017-05-02 06:22:38 --> Could not find the language line "mynt_buy_jd"
ERROR - 2017-05-02 06:22:39 --> Could not find the language line "home_cloud_title"
ERROR - 2017-05-02 06:22:39 --> Could not find the language line "home_cloud_intro"
ERROR - 2017-05-02 06:22:39 --> Could not find the language line "mynt_buy_taobao"
ERROR - 2017-05-02 06:22:39 --> Could not find the language line "mynt_buy_tmall"
ERROR - 2017-05-02 06:22:39 --> Could not find the language line "mynt_buy_youzan"
ERROR - 2017-05-02 06:22:39 --> Could not find the language line "mynt_buy_jd"
ERROR - 2017-05-02 06:22:43 --> Could not find the language line "home_cloud_title"
ERROR - 2017-05-02 06:22:43 --> Could not find the language line "home_cloud_intro"
ERROR - 2017-05-02 06:22:43 --> Could not find the language line "mynt_buy_taobao"
ERROR - 2017-05-02 06:22:43 --> Could not find the language line "mynt_buy_tmall"
ERROR - 2017-05-02 06:22:43 --> Could not find the language line "mynt_buy_youzan"
ERROR - 2017-05-02 06:22:43 --> Could not find the language line "mynt_buy_jd"
ERROR - 2017-05-02 06:22:46 --> Could not find the language line "home_cloud_title"
ERROR - 2017-05-02 06:22:46 --> Could not find the language line "home_cloud_intro"
ERROR - 2017-05-02 06:22:46 --> Could not find the language line "mynt_buy_taobao"
ERROR - 2017-05-02 06:22:46 --> Could not find the language line "mynt_buy_tmall"
ERROR - 2017-05-02 06:22:46 --> Could not find the language line "mynt_buy_youzan"
ERROR - 2017-05-02 06:22:46 --> Could not find the language line "mynt_buy_jd"
ERROR - 2017-05-02 06:24:32 --> Could not find the language line "home_cloud_title"
ERROR - 2017-05-02 06:24:32 --> Could not find the language line "home_cloud_intro"
ERROR - 2017-05-02 06:24:32 --> Could not find the language line "mynt_buy_taobao"
ERROR - 2017-05-02 06:24:32 --> Could not find the language line "mynt_buy_tmall"
ERROR - 2017-05-02 06:24:32 --> Could not find the language line "mynt_buy_youzan"
ERROR - 2017-05-02 06:24:32 --> Could not find the language line "mynt_buy_jd"
ERROR - 2017-05-02 06:28:40 --> Could not find the language line "home_cloud_title"
ERROR - 2017-05-02 06:28:40 --> Could not find the language line "home_cloud_intro"
ERROR - 2017-05-02 06:28:40 --> Could not find the language line "mynt_buy_taobao"
ERROR - 2017-05-02 06:28:40 --> Could not find the language line "mynt_buy_tmall"
ERROR - 2017-05-02 06:28:40 --> Could not find the language line "mynt_buy_youzan"
ERROR - 2017-05-02 06:28:40 --> Could not find the language line "mynt_buy_jd"
ERROR - 2017-05-02 06:29:56 --> Could not find the language line "home_cloud_title"
ERROR - 2017-05-02 06:29:56 --> Could not find the language line "home_cloud_intro"
ERROR - 2017-05-02 06:29:56 --> Could not find the language line "mynt_buy_taobao"
ERROR - 2017-05-02 06:29:56 --> Could not find the language line "mynt_buy_tmall"
ERROR - 2017-05-02 06:29:56 --> Could not find the language line "mynt_buy_youzan"
ERROR - 2017-05-02 06:29:56 --> Could not find the language line "mynt_buy_jd"
ERROR - 2017-05-02 06:33:01 --> Could not find the language line "home_cloud_title"
ERROR - 2017-05-02 06:33:01 --> Could not find the language line "home_cloud_intro"
ERROR - 2017-05-02 06:33:02 --> Could not find the language line "mynt_buy_taobao"
ERROR - 2017-05-02 06:33:02 --> Could not find the language line "mynt_buy_tmall"
ERROR - 2017-05-02 06:33:02 --> Could not find the language line "mynt_buy_youzan"
ERROR - 2017-05-02 06:33:02 --> Could not find the language line "mynt_buy_jd"
ERROR - 2017-05-02 06:41:35 --> Could not find the language line "home_cloud_title"
ERROR - 2017-05-02 06:41:35 --> Could not find the language line "home_cloud_intro"
ERROR - 2017-05-02 06:41:36 --> Could not find the language line "mynt_buy_taobao"
ERROR - 2017-05-02 06:41:36 --> Could not find the language line "mynt_buy_tmall"
ERROR - 2017-05-02 06:41:36 --> Could not find the language line "mynt_buy_youzan"
ERROR - 2017-05-02 06:41:36 --> Could not find the language line "mynt_buy_jd"
ERROR - 2017-05-02 06:42:00 --> Could not find the language line "home_cloud_title"
ERROR - 2017-05-02 06:42:00 --> Could not find the language line "home_cloud_intro"
ERROR - 2017-05-02 06:42:00 --> Could not find the language line "mynt_buy_taobao"
ERROR - 2017-05-02 06:42:00 --> Could not find the language line "mynt_buy_tmall"
ERROR - 2017-05-02 06:42:00 --> Could not find the language line "mynt_buy_youzan"
ERROR - 2017-05-02 06:42:00 --> Could not find the language line "mynt_buy_jd"
ERROR - 2017-05-02 06:42:09 --> Could not find the language line "home_cloud_title"
ERROR - 2017-05-02 06:42:09 --> Could not find the language line "home_cloud_intro"
ERROR - 2017-05-02 06:42:09 --> Could not find the language line "mynt_buy_taobao"
ERROR - 2017-05-02 06:42:09 --> Could not find the language line "mynt_buy_tmall"
ERROR - 2017-05-02 06:42:09 --> Could not find the language line "mynt_buy_youzan"
ERROR - 2017-05-02 06:42:09 --> Could not find the language line "mynt_buy_jd"
ERROR - 2017-05-02 06:45:52 --> Could not find the language line "home_cloud_title"
ERROR - 2017-05-02 06:45:52 --> Could not find the language line "home_cloud_intro"
ERROR - 2017-05-02 06:45:52 --> Could not find the language line "mynt_buy_taobao"
ERROR - 2017-05-02 06:45:52 --> Could not find the language line "mynt_buy_tmall"
ERROR - 2017-05-02 06:45:52 --> Could not find the language line "mynt_buy_youzan"
ERROR - 2017-05-02 06:45:52 --> Could not find the language line "mynt_buy_jd"
ERROR - 2017-05-02 06:48:33 --> Could not find the language line "mynt_buy_taobao"
ERROR - 2017-05-02 06:48:33 --> Could not find the language line "mynt_buy_tmall"
ERROR - 2017-05-02 06:48:33 --> Could not find the language line "mynt_buy_youzan"
ERROR - 2017-05-02 06:48:33 --> Could not find the language line "mynt_buy_jd"
ERROR - 2017-05-02 07:13:23 --> Could not find the language line "mynt_buy_taobao"
ERROR - 2017-05-02 07:13:23 --> Could not find the language line "mynt_buy_tmall"
ERROR - 2017-05-02 07:13:23 --> Could not find the language line "mynt_buy_youzan"
ERROR - 2017-05-02 07:13:23 --> Could not find the language line "mynt_buy_jd"
ERROR - 2017-05-02 07:13:33 --> Could not find the language line "mynt_buy_taobao"
ERROR - 2017-05-02 07:13:33 --> Could not find the language line "mynt_buy_tmall"
ERROR - 2017-05-02 07:13:33 --> Could not find the language line "mynt_buy_youzan"
ERROR - 2017-05-02 07:13:33 --> Could not find the language line "mynt_buy_jd"
ERROR - 2017-05-02 07:14:59 --> Could not find the language line "mynt_buy_taobao"
ERROR - 2017-05-02 07:14:59 --> Could not find the language line "mynt_buy_tmall"
ERROR - 2017-05-02 07:14:59 --> Could not find the language line "mynt_buy_youzan"
ERROR - 2017-05-02 07:14:59 --> Could not find the language line "mynt_buy_jd"
ERROR - 2017-05-02 07:15:13 --> Could not find the language line "mynt_buy_taobao"
ERROR - 2017-05-02 07:15:13 --> Could not find the language line "mynt_buy_tmall"
ERROR - 2017-05-02 07:15:13 --> Could not find the language line "mynt_buy_youzan"
ERROR - 2017-05-02 07:15:13 --> Could not find the language line "mynt_buy_jd"
ERROR - 2017-05-02 07:16:29 --> Could not find the language line "mynt_buy_taobao"
ERROR - 2017-05-02 07:16:29 --> Could not find the language line "mynt_buy_tmall"
ERROR - 2017-05-02 07:16:29 --> Could not find the language line "mynt_buy_youzan"
ERROR - 2017-05-02 07:16:29 --> Could not find the language line "mynt_buy_jd"
ERROR - 2017-05-02 07:16:39 --> Could not find the language line "mynt_buy_taobao"
ERROR - 2017-05-02 07:16:39 --> Could not find the language line "mynt_buy_tmall"
ERROR - 2017-05-02 07:16:39 --> Could not find the language line "mynt_buy_youzan"
ERROR - 2017-05-02 07:16:39 --> Could not find the language line "mynt_buy_jd"
ERROR - 2017-05-02 07:18:39 --> Could not find the language line "mynt_buy_taobao"
ERROR - 2017-05-02 07:18:39 --> Could not find the language line "mynt_buy_tmall"
ERROR - 2017-05-02 07:18:39 --> Could not find the language line "mynt_buy_youzan"
ERROR - 2017-05-02 07:18:39 --> Could not find the language line "mynt_buy_jd"
ERROR - 2017-05-02 07:19:19 --> Could not find the language line "mynt_buy_taobao"
ERROR - 2017-05-02 07:19:19 --> Could not find the language line "mynt_buy_tmall"
ERROR - 2017-05-02 07:19:19 --> Could not find the language line "mynt_buy_youzan"
ERROR - 2017-05-02 07:19:19 --> Could not find the language line "mynt_buy_jd"
ERROR - 2017-05-02 07:19:37 --> Could not find the language line "mynt_buy_taobao"
ERROR - 2017-05-02 07:19:37 --> Could not find the language line "mynt_buy_tmall"
ERROR - 2017-05-02 07:19:37 --> Could not find the language line "mynt_buy_youzan"
ERROR - 2017-05-02 07:19:37 --> Could not find the language line "mynt_buy_jd"
ERROR - 2017-05-02 07:20:46 --> Could not find the language line "mynt_buy_taobao"
ERROR - 2017-05-02 07:20:46 --> Could not find the language line "mynt_buy_tmall"
ERROR - 2017-05-02 07:20:46 --> Could not find the language line "mynt_buy_youzan"
ERROR - 2017-05-02 07:20:46 --> Could not find the language line "mynt_buy_jd"
ERROR - 2017-05-02 07:22:23 --> Could not find the language line "mynt_buy_taobao"
ERROR - 2017-05-02 07:22:23 --> Could not find the language line "mynt_buy_tmall"
ERROR - 2017-05-02 07:22:23 --> Could not find the language line "mynt_buy_youzan"
ERROR - 2017-05-02 07:22:23 --> Could not find the language line "mynt_buy_jd"
ERROR - 2017-05-02 07:23:52 --> Could not find the language line "mynt_buy_taobao"
ERROR - 2017-05-02 07:23:52 --> Could not find the language line "mynt_buy_tmall"
ERROR - 2017-05-02 07:23:52 --> Could not find the language line "mynt_buy_youzan"
ERROR - 2017-05-02 07:23:52 --> Could not find the language line "mynt_buy_jd"
ERROR - 2017-05-02 07:27:47 --> Could not find the language line "mynt_buy_taobao"
ERROR - 2017-05-02 07:27:47 --> Could not find the language line "mynt_buy_tmall"
ERROR - 2017-05-02 07:27:47 --> Could not find the language line "mynt_buy_youzan"
ERROR - 2017-05-02 07:27:47 --> Could not find the language line "mynt_buy_jd"
ERROR - 2017-05-02 07:33:13 --> Could not find the language line "mynt_buy_taobao"
ERROR - 2017-05-02 07:33:13 --> Could not find the language line "mynt_buy_tmall"
ERROR - 2017-05-02 07:33:13 --> Could not find the language line "mynt_buy_youzan"
ERROR - 2017-05-02 07:33:13 --> Could not find the language line "mynt_buy_jd"
ERROR - 2017-05-02 07:33:53 --> Could not find the language line "mynt_buy_taobao"
ERROR - 2017-05-02 07:33:53 --> Could not find the language line "mynt_buy_tmall"
ERROR - 2017-05-02 07:33:53 --> Could not find the language line "mynt_buy_youzan"
ERROR - 2017-05-02 07:33:53 --> Could not find the language line "mynt_buy_jd"
ERROR - 2017-05-02 07:38:03 --> Could not find the language line "mynt_buy_taobao"
ERROR - 2017-05-02 07:38:03 --> Could not find the language line "mynt_buy_tmall"
ERROR - 2017-05-02 07:38:03 --> Could not find the language line "mynt_buy_youzan"
ERROR - 2017-05-02 07:38:03 --> Could not find the language line "mynt_buy_jd"
ERROR - 2017-05-02 07:38:16 --> Could not find the language line "mynt_buy_taobao"
ERROR - 2017-05-02 07:38:16 --> Could not find the language line "mynt_buy_tmall"
ERROR - 2017-05-02 07:38:16 --> Could not find the language line "mynt_buy_youzan"
ERROR - 2017-05-02 07:38:16 --> Could not find the language line "mynt_buy_jd"
ERROR - 2017-05-02 07:39:12 --> Could not find the language line "mynt_buy_taobao"
ERROR - 2017-05-02 07:39:12 --> Could not find the language line "mynt_buy_tmall"
ERROR - 2017-05-02 07:39:12 --> Could not find the language line "mynt_buy_youzan"
ERROR - 2017-05-02 07:39:12 --> Could not find the language line "mynt_buy_jd"
ERROR - 2017-05-02 07:39:29 --> Could not find the language line "mynt_buy_taobao"
ERROR - 2017-05-02 07:39:29 --> Could not find the language line "mynt_buy_tmall"
ERROR - 2017-05-02 07:39:29 --> Could not find the language line "mynt_buy_youzan"
ERROR - 2017-05-02 07:39:29 --> Could not find the language line "mynt_buy_jd"
ERROR - 2017-05-02 07:40:51 --> Could not find the language line "mynt_buy_taobao"
ERROR - 2017-05-02 07:40:51 --> Could not find the language line "mynt_buy_tmall"
ERROR - 2017-05-02 07:40:51 --> Could not find the language line "mynt_buy_youzan"
ERROR - 2017-05-02 07:40:51 --> Could not find the language line "mynt_buy_jd"
ERROR - 2017-05-02 07:52:22 --> Could not find the language line "mynt_buy_taobao"
ERROR - 2017-05-02 07:52:22 --> Could not find the language line "mynt_buy_tmall"
ERROR - 2017-05-02 07:52:22 --> Could not find the language line "mynt_buy_youzan"
ERROR - 2017-05-02 07:52:22 --> Could not find the language line "mynt_buy_jd"
ERROR - 2017-05-02 07:52:41 --> Could not find the language line "mynt_buy_taobao"
ERROR - 2017-05-02 07:52:41 --> Could not find the language line "mynt_buy_tmall"
ERROR - 2017-05-02 07:52:41 --> Could not find the language line "mynt_buy_youzan"
ERROR - 2017-05-02 07:52:41 --> Could not find the language line "mynt_buy_jd"
ERROR - 2017-05-02 07:59:40 --> Could not find the language line "mynt_buy_taobao"
ERROR - 2017-05-02 07:59:40 --> Could not find the language line "mynt_buy_tmall"
ERROR - 2017-05-02 07:59:40 --> Could not find the language line "mynt_buy_youzan"
ERROR - 2017-05-02 07:59:40 --> Could not find the language line "mynt_buy_jd"
ERROR - 2017-05-02 08:00:04 --> Could not find the language line "mynt_buy_taobao"
ERROR - 2017-05-02 08:00:04 --> Could not find the language line "mynt_buy_tmall"
ERROR - 2017-05-02 08:00:04 --> Could not find the language line "mynt_buy_youzan"
ERROR - 2017-05-02 08:00:04 --> Could not find the language line "mynt_buy_jd"
ERROR - 2017-05-02 08:00:16 --> Could not find the language line "home_cloud_title"
ERROR - 2017-05-02 08:00:16 --> Could not find the language line "home_cloud_intro"
ERROR - 2017-05-02 08:00:17 --> Could not find the language line "mynt_buy_taobao"
ERROR - 2017-05-02 08:00:17 --> Could not find the language line "mynt_buy_tmall"
ERROR - 2017-05-02 08:00:17 --> Could not find the language line "mynt_buy_youzan"
ERROR - 2017-05-02 08:00:17 --> Could not find the language line "mynt_buy_jd"
ERROR - 2017-05-02 08:00:28 --> Could not find the language line "mynt_buy_taobao"
ERROR - 2017-05-02 08:00:28 --> Could not find the language line "mynt_buy_tmall"
ERROR - 2017-05-02 08:00:28 --> Could not find the language line "mynt_buy_youzan"
ERROR - 2017-05-02 08:00:28 --> Could not find the language line "mynt_buy_jd"
ERROR - 2017-05-02 08:00:36 --> Could not find the language line "mynt_buy_taobao"
ERROR - 2017-05-02 08:00:36 --> Could not find the language line "mynt_buy_tmall"
ERROR - 2017-05-02 08:00:36 --> Could not find the language line "mynt_buy_youzan"
ERROR - 2017-05-02 08:00:36 --> Could not find the language line "mynt_buy_jd"
ERROR - 2017-05-02 08:01:06 --> Could not find the language line "mynt_buy_taobao"
ERROR - 2017-05-02 08:01:06 --> Could not find the language line "mynt_buy_tmall"
ERROR - 2017-05-02 08:01:06 --> Could not find the language line "mynt_buy_youzan"
ERROR - 2017-05-02 08:01:06 --> Could not find the language line "mynt_buy_jd"
ERROR - 2017-05-02 08:01:12 --> Could not find the language line "mynt_buy_taobao"
ERROR - 2017-05-02 08:01:12 --> Could not find the language line "mynt_buy_tmall"
ERROR - 2017-05-02 08:01:12 --> Could not find the language line "mynt_buy_youzan"
ERROR - 2017-05-02 08:01:12 --> Could not find the language line "mynt_buy_jd"
ERROR - 2017-05-02 08:01:58 --> Could not find the language line "mynt_buy_taobao"
ERROR - 2017-05-02 08:01:58 --> Could not find the language line "mynt_buy_tmall"
ERROR - 2017-05-02 08:01:58 --> Could not find the language line "mynt_buy_youzan"
ERROR - 2017-05-02 08:01:58 --> Could not find the language line "mynt_buy_jd"
ERROR - 2017-05-02 08:02:00 --> Could not find the language line "mynt_buy_taobao"
ERROR - 2017-05-02 08:02:00 --> Could not find the language line "mynt_buy_tmall"
ERROR - 2017-05-02 08:02:00 --> Could not find the language line "mynt_buy_youzan"
ERROR - 2017-05-02 08:02:00 --> Could not find the language line "mynt_buy_jd"
ERROR - 2017-05-02 08:02:01 --> Could not find the language line "mynt_buy_taobao"
ERROR - 2017-05-02 08:02:01 --> Could not find the language line "mynt_buy_tmall"
ERROR - 2017-05-02 08:02:01 --> Could not find the language line "mynt_buy_youzan"
ERROR - 2017-05-02 08:02:01 --> Could not find the language line "mynt_buy_jd"
ERROR - 2017-05-02 08:02:34 --> Could not find the language line "mynt_buy_taobao"
ERROR - 2017-05-02 08:02:34 --> Could not find the language line "mynt_buy_tmall"
ERROR - 2017-05-02 08:02:34 --> Could not find the language line "mynt_buy_youzan"
ERROR - 2017-05-02 08:02:34 --> Could not find the language line "mynt_buy_jd"
ERROR - 2017-05-02 08:05:46 --> Could not find the language line "mynt_buy_taobao"
ERROR - 2017-05-02 08:05:46 --> Could not find the language line "mynt_buy_tmall"
ERROR - 2017-05-02 08:05:46 --> Could not find the language line "mynt_buy_youzan"
ERROR - 2017-05-02 08:05:46 --> Could not find the language line "mynt_buy_jd"
ERROR - 2017-05-02 08:05:54 --> Could not find the language line "mynt_buy_taobao"
ERROR - 2017-05-02 08:05:54 --> Could not find the language line "mynt_buy_tmall"
ERROR - 2017-05-02 08:05:54 --> Could not find the language line "mynt_buy_youzan"
ERROR - 2017-05-02 08:05:54 --> Could not find the language line "mynt_buy_jd"
ERROR - 2017-05-02 08:05:55 --> Could not find the language line "mynt_buy_taobao"
ERROR - 2017-05-02 08:05:55 --> Could not find the language line "mynt_buy_tmall"
ERROR - 2017-05-02 08:05:55 --> Could not find the language line "mynt_buy_youzan"
ERROR - 2017-05-02 08:05:55 --> Could not find the language line "mynt_buy_jd"
ERROR - 2017-05-02 08:05:56 --> Could not find the language line "mynt_buy_taobao"
ERROR - 2017-05-02 08:05:56 --> Could not find the language line "mynt_buy_tmall"
ERROR - 2017-05-02 08:05:56 --> Could not find the language line "mynt_buy_youzan"
ERROR - 2017-05-02 08:05:56 --> Could not find the language line "mynt_buy_jd"
ERROR - 2017-05-02 08:06:59 --> Could not find the language line "home_cloud_title"
ERROR - 2017-05-02 08:06:59 --> Could not find the language line "home_cloud_intro"
ERROR - 2017-05-02 08:07:03 --> Could not find the language line "mynt_buy_taobao"
ERROR - 2017-05-02 08:07:03 --> Could not find the language line "mynt_buy_tmall"
ERROR - 2017-05-02 08:07:03 --> Could not find the language line "mynt_buy_youzan"
ERROR - 2017-05-02 08:07:03 --> Could not find the language line "mynt_buy_jd"
ERROR - 2017-05-02 08:07:19 --> Could not find the language line "mynt_buy_taobao"
ERROR - 2017-05-02 08:07:19 --> Could not find the language line "mynt_buy_tmall"
ERROR - 2017-05-02 08:07:19 --> Could not find the language line "mynt_buy_youzan"
ERROR - 2017-05-02 08:07:19 --> Could not find the language line "mynt_buy_jd"
ERROR - 2017-05-02 08:07:19 --> Could not find the language line "home_cloud_title"
ERROR - 2017-05-02 08:07:19 --> Could not find the language line "home_cloud_intro"
ERROR - 2017-05-02 08:07:19 --> Could not find the language line "mynt_icon_taobao"
ERROR - 2017-05-02 08:07:19 --> Could not find the language line "mynt_icon_tmall"
ERROR - 2017-05-02 08:07:19 --> Could not find the language line "mynt_icon_youzan"
ERROR - 2017-05-02 08:07:20 --> Could not find the language line "mynt_buy_taobao"
ERROR - 2017-05-02 08:07:20 --> Could not find the language line "mynt_buy_tmall"
ERROR - 2017-05-02 08:07:20 --> Could not find the language line "mynt_buy_youzan"
ERROR - 2017-05-02 08:07:20 --> Could not find the language line "mynt_buy_jd"
ERROR - 2017-05-02 08:58:24 --> Could not find the language line "mynt_buy_taobao"
ERROR - 2017-05-02 08:58:24 --> Could not find the language line "mynt_buy_tmall"
ERROR - 2017-05-02 08:58:24 --> Could not find the language line "mynt_buy_youzan"
ERROR - 2017-05-02 08:58:24 --> Could not find the language line "mynt_buy_jd"
ERROR - 2017-05-02 08:58:25 --> Could not find the language line "mynt_buy_taobao"
ERROR - 2017-05-02 08:58:25 --> Could not find the language line "mynt_buy_tmall"
ERROR - 2017-05-02 08:58:25 --> Could not find the language line "mynt_buy_youzan"
ERROR - 2017-05-02 08:58:25 --> Could not find the language line "mynt_buy_jd"
ERROR - 2017-05-02 08:58:26 --> Could not find the language line "mynt_buy_taobao"
ERROR - 2017-05-02 08:58:26 --> Could not find the language line "mynt_buy_tmall"
ERROR - 2017-05-02 08:58:26 --> Could not find the language line "mynt_buy_youzan"
ERROR - 2017-05-02 08:58:26 --> Could not find the language line "mynt_buy_jd"
ERROR - 2017-05-02 08:58:28 --> Could not find the language line "mynt_buy_taobao"
ERROR - 2017-05-02 08:58:28 --> Could not find the language line "mynt_buy_tmall"
ERROR - 2017-05-02 08:58:28 --> Could not find the language line "mynt_buy_youzan"
ERROR - 2017-05-02 08:58:28 --> Could not find the language line "mynt_buy_jd"
ERROR - 2017-05-02 08:58:32 --> Could not find the language line "mynt_buy_taobao"
ERROR - 2017-05-02 08:58:32 --> Could not find the language line "mynt_buy_tmall"
ERROR - 2017-05-02 08:58:32 --> Could not find the language line "mynt_buy_youzan"
ERROR - 2017-05-02 08:58:32 --> Could not find the language line "mynt_buy_jd"
ERROR - 2017-05-02 09:04:08 --> Could not find the language line "mynt_buy_taobao"
ERROR - 2017-05-02 09:04:08 --> Could not find the language line "mynt_buy_tmall"
ERROR - 2017-05-02 09:04:08 --> Could not find the language line "mynt_buy_youzan"
ERROR - 2017-05-02 09:04:08 --> Could not find the language line "mynt_buy_jd"
ERROR - 2017-05-02 09:04:08 --> Could not find the language line "home_cloud_title"
ERROR - 2017-05-02 09:04:08 --> Could not find the language line "home_cloud_intro"
ERROR - 2017-05-02 09:04:08 --> Could not find the language line "mynt_icon_taobao"
ERROR - 2017-05-02 09:04:08 --> Could not find the language line "mynt_icon_tmall"
ERROR - 2017-05-02 09:04:08 --> Could not find the language line "mynt_icon_youzan"
ERROR - 2017-05-02 09:04:08 --> Could not find the language line "mynt_buy_taobao"
ERROR - 2017-05-02 09:04:08 --> Could not find the language line "mynt_buy_tmall"
ERROR - 2017-05-02 09:04:08 --> Could not find the language line "mynt_buy_youzan"
ERROR - 2017-05-02 09:04:08 --> Could not find the language line "mynt_buy_jd"
ERROR - 2017-05-02 09:07:18 --> Could not find the language line "mynt_buy_taobao"
ERROR - 2017-05-02 09:07:18 --> Could not find the language line "mynt_buy_tmall"
ERROR - 2017-05-02 09:07:18 --> Could not find the language line "mynt_buy_youzan"
ERROR - 2017-05-02 09:07:18 --> Could not find the language line "mynt_buy_jd"
ERROR - 2017-05-02 09:08:00 --> Could not find the language line "mynt_buy_taobao"
ERROR - 2017-05-02 09:08:00 --> Could not find the language line "mynt_buy_tmall"
ERROR - 2017-05-02 09:08:00 --> Could not find the language line "mynt_buy_youzan"
ERROR - 2017-05-02 09:08:00 --> Could not find the language line "mynt_buy_jd"
ERROR - 2017-05-02 09:08:15 --> Could not find the language line "mynt_buy_taobao"
ERROR - 2017-05-02 09:08:15 --> Could not find the language line "mynt_buy_tmall"
ERROR - 2017-05-02 09:08:15 --> Could not find the language line "mynt_buy_youzan"
ERROR - 2017-05-02 09:08:15 --> Could not find the language line "mynt_buy_jd"
ERROR - 2017-05-02 09:11:28 --> Could not find the language line "mynt_buy_taobao"
ERROR - 2017-05-02 09:11:28 --> Could not find the language line "mynt_buy_tmall"
ERROR - 2017-05-02 09:11:28 --> Could not find the language line "mynt_buy_youzan"
ERROR - 2017-05-02 09:11:28 --> Could not find the language line "mynt_buy_jd"
ERROR - 2017-05-02 09:11:38 --> Could not find the language line "mynt_buy_taobao"
ERROR - 2017-05-02 09:11:38 --> Could not find the language line "mynt_buy_tmall"
ERROR - 2017-05-02 09:11:38 --> Could not find the language line "mynt_buy_youzan"
ERROR - 2017-05-02 09:11:38 --> Could not find the language line "mynt_buy_jd"
ERROR - 2017-05-02 09:18:16 --> Could not find the language line "mynt_buy_taobao"
ERROR - 2017-05-02 09:18:16 --> Could not find the language line "mynt_buy_tmall"
ERROR - 2017-05-02 09:18:16 --> Could not find the language line "mynt_buy_youzan"
ERROR - 2017-05-02 09:18:16 --> Could not find the language line "mynt_buy_jd"
ERROR - 2017-05-02 09:18:55 --> Could not find the language line "mynt_buy_taobao"
ERROR - 2017-05-02 09:18:55 --> Could not find the language line "mynt_buy_tmall"
ERROR - 2017-05-02 09:18:55 --> Could not find the language line "mynt_buy_youzan"
ERROR - 2017-05-02 09:18:55 --> Could not find the language line "mynt_buy_jd"
ERROR - 2017-05-02 09:24:21 --> Could not find the language line "mynt_buy_taobao"
ERROR - 2017-05-02 09:24:21 --> Could not find the language line "mynt_buy_tmall"
ERROR - 2017-05-02 09:24:21 --> Could not find the language line "mynt_buy_youzan"
ERROR - 2017-05-02 09:24:21 --> Could not find the language line "mynt_buy_jd"
ERROR - 2017-05-02 09:32:15 --> Could not find the language line "mynt_buy_taobao"
ERROR - 2017-05-02 09:32:15 --> Could not find the language line "mynt_buy_tmall"
ERROR - 2017-05-02 09:32:15 --> Could not find the language line "mynt_buy_youzan"
ERROR - 2017-05-02 09:32:15 --> Could not find the language line "mynt_buy_jd"
ERROR - 2017-05-02 09:32:19 --> Could not find the language line "mynt_buy_taobao"
ERROR - 2017-05-02 09:32:19 --> Could not find the language line "mynt_buy_tmall"
ERROR - 2017-05-02 09:32:19 --> Could not find the language line "mynt_buy_youzan"
ERROR - 2017-05-02 09:32:19 --> Could not find the language line "mynt_buy_jd"
ERROR - 2017-05-02 09:33:08 --> Could not find the language line "mynt_buy_taobao"
ERROR - 2017-05-02 09:33:08 --> Could not find the language line "mynt_buy_tmall"
ERROR - 2017-05-02 09:33:08 --> Could not find the language line "mynt_buy_youzan"
ERROR - 2017-05-02 09:33:08 --> Could not find the language line "mynt_buy_jd"
ERROR - 2017-05-02 09:34:17 --> Could not find the language line "mynt_buy_taobao"
ERROR - 2017-05-02 09:34:17 --> Could not find the language line "mynt_buy_tmall"
ERROR - 2017-05-02 09:34:17 --> Could not find the language line "mynt_buy_youzan"
ERROR - 2017-05-02 09:34:17 --> Could not find the language line "mynt_buy_jd"
ERROR - 2017-05-02 09:34:44 --> Could not find the language line "mynt_buy_taobao"
ERROR - 2017-05-02 09:34:44 --> Could not find the language line "mynt_buy_tmall"
ERROR - 2017-05-02 09:34:44 --> Could not find the language line "mynt_buy_youzan"
ERROR - 2017-05-02 09:34:44 --> Could not find the language line "mynt_buy_jd"
ERROR - 2017-05-02 09:41:29 --> Could not find the language line "mynt_buy_taobao"
ERROR - 2017-05-02 09:41:29 --> Could not find the language line "mynt_buy_tmall"
ERROR - 2017-05-02 09:41:29 --> Could not find the language line "mynt_buy_youzan"
ERROR - 2017-05-02 09:41:29 --> Could not find the language line "mynt_buy_jd"
ERROR - 2017-05-02 09:41:50 --> Could not find the language line "mynt_buy_taobao"
ERROR - 2017-05-02 09:41:50 --> Could not find the language line "mynt_buy_tmall"
ERROR - 2017-05-02 09:41:50 --> Could not find the language line "mynt_buy_youzan"
ERROR - 2017-05-02 09:41:50 --> Could not find the language line "mynt_buy_jd"
ERROR - 2017-05-02 09:48:26 --> Could not find the language line "mynt_buy_taobao"
ERROR - 2017-05-02 09:48:26 --> Could not find the language line "mynt_buy_tmall"
ERROR - 2017-05-02 09:48:26 --> Could not find the language line "mynt_buy_youzan"
ERROR - 2017-05-02 09:48:26 --> Could not find the language line "mynt_buy_jd"
ERROR - 2017-05-02 09:51:51 --> Could not find the language line "mynt_buy_taobao"
ERROR - 2017-05-02 09:51:51 --> Could not find the language line "mynt_buy_tmall"
ERROR - 2017-05-02 09:51:51 --> Could not find the language line "mynt_buy_youzan"
ERROR - 2017-05-02 09:51:51 --> Could not find the language line "mynt_buy_jd"
ERROR - 2017-05-02 10:01:56 --> Could not find the language line "mynt_buy_taobao"
ERROR - 2017-05-02 10:01:56 --> Could not find the language line "mynt_buy_tmall"
ERROR - 2017-05-02 10:01:56 --> Could not find the language line "mynt_buy_youzan"
ERROR - 2017-05-02 10:01:56 --> Could not find the language line "mynt_buy_jd"
ERROR - 2017-05-02 10:07:52 --> Could not find the language line "mynt_buy_taobao"
ERROR - 2017-05-02 10:07:52 --> Could not find the language line "mynt_buy_tmall"
ERROR - 2017-05-02 10:07:52 --> Could not find the language line "mynt_buy_youzan"
ERROR - 2017-05-02 10:07:52 --> Could not find the language line "mynt_buy_jd"
ERROR - 2017-05-02 10:07:52 --> Could not find the language line "mynt_icon_taobao"
ERROR - 2017-05-02 10:07:52 --> Could not find the language line "mynt_icon_tmall"
ERROR - 2017-05-02 10:07:52 --> Could not find the language line "mynt_icon_youzan"
ERROR - 2017-05-02 10:07:52 --> Could not find the language line "mynt_icon_jd"
ERROR - 2017-05-02 10:07:52 --> Could not find the language line "mynt_jd_detail"
ERROR - 2017-05-02 10:07:52 --> Could not find the language line "to_buy_wd"
ERROR - 2017-05-02 10:07:52 --> Could not find the language line "slightech_wechat"
ERROR - 2017-05-02 10:07:52 --> Could not find the language line "camera_no_lost"
ERROR - 2017-05-02 10:07:52 --> Could not find the language line "key_no_lost"
ERROR - 2017-05-02 10:07:52 --> Could not find the language line "bag_no_lost"
ERROR - 2017-05-02 10:07:52 --> Could not find the language line "computer_no_lost"
ERROR - 2017-05-02 10:07:52 --> Could not find the language line "pet_no_lost"
ERROR - 2017-05-02 10:07:52 --> Could not find the language line "goal"
ERROR - 2017-05-02 10:07:52 --> Could not find the language line "fund_title"
ERROR - 2017-05-02 10:07:52 --> Could not find the language line "fund_intro"
ERROR - 2017-05-02 10:07:52 --> Could not find the language line "mynt_buy_taobao"
ERROR - 2017-05-02 10:07:52 --> Could not find the language line "mynt_buy_tmall"
ERROR - 2017-05-02 10:07:52 --> Could not find the language line "mynt_buy_youzan"
ERROR - 2017-05-02 10:07:52 --> Could not find the language line "mynt_buy_jd"
ERROR - 2017-05-02 10:08:21 --> Could not find the language line "mynt_buy_taobao"
ERROR - 2017-05-02 10:08:21 --> Could not find the language line "mynt_buy_tmall"
ERROR - 2017-05-02 10:08:21 --> Could not find the language line "mynt_buy_youzan"
ERROR - 2017-05-02 10:08:21 --> Could not find the language line "mynt_buy_jd"
ERROR - 2017-05-02 10:08:21 --> Could not find the language line "mynt_icon_taobao"
ERROR - 2017-05-02 10:08:21 --> Could not find the language line "mynt_icon_tmall"
ERROR - 2017-05-02 10:08:21 --> Could not find the language line "mynt_icon_youzan"
ERROR - 2017-05-02 10:08:21 --> Could not find the language line "mynt_icon_jd"
ERROR - 2017-05-02 10:08:21 --> Could not find the language line "mynt_jd_detail"
ERROR - 2017-05-02 10:08:21 --> Could not find the language line "to_buy_wd"
ERROR - 2017-05-02 10:08:21 --> Could not find the language line "slightech_wechat"
ERROR - 2017-05-02 10:08:21 --> Could not find the language line "camera_no_lost"
ERROR - 2017-05-02 10:08:21 --> Could not find the language line "key_no_lost"
ERROR - 2017-05-02 10:08:21 --> Could not find the language line "bag_no_lost"
ERROR - 2017-05-02 10:08:21 --> Could not find the language line "computer_no_lost"
ERROR - 2017-05-02 10:08:21 --> Could not find the language line "pet_no_lost"
ERROR - 2017-05-02 10:08:21 --> Could not find the language line "goal"
ERROR - 2017-05-02 10:08:21 --> Could not find the language line "fund_title"
ERROR - 2017-05-02 10:08:21 --> Could not find the language line "fund_intro"
ERROR - 2017-05-02 10:08:22 --> Could not find the language line "mynt_buy_taobao"
ERROR - 2017-05-02 10:08:22 --> Could not find the language line "mynt_buy_tmall"
ERROR - 2017-05-02 10:08:22 --> Could not find the language line "mynt_buy_youzan"
ERROR - 2017-05-02 10:08:22 --> Could not find the language line "mynt_buy_jd"
ERROR - 2017-05-02 10:08:42 --> Could not find the language line "mynt_buy_taobao"
ERROR - 2017-05-02 10:08:42 --> Could not find the language line "mynt_buy_tmall"
ERROR - 2017-05-02 10:08:42 --> Could not find the language line "mynt_buy_youzan"
ERROR - 2017-05-02 10:08:42 --> Could not find the language line "mynt_buy_jd"
ERROR - 2017-05-02 10:08:42 --> Could not find the language line "mynt_icon_taobao"
ERROR - 2017-05-02 10:08:42 --> Could not find the language line "mynt_icon_tmall"
ERROR - 2017-05-02 10:08:42 --> Could not find the language line "mynt_icon_youzan"
ERROR - 2017-05-02 10:08:42 --> Could not find the language line "mynt_icon_jd"
ERROR - 2017-05-02 10:08:42 --> Could not find the language line "mynt_jd_detail"
ERROR - 2017-05-02 10:08:42 --> Could not find the language line "to_buy_wd"
ERROR - 2017-05-02 10:08:42 --> Could not find the language line "slightech_wechat"
ERROR - 2017-05-02 10:08:42 --> Could not find the language line "camera_no_lost"
ERROR - 2017-05-02 10:08:42 --> Could not find the language line "key_no_lost"
ERROR - 2017-05-02 10:08:42 --> Could not find the language line "bag_no_lost"
ERROR - 2017-05-02 10:08:42 --> Could not find the language line "computer_no_lost"
ERROR - 2017-05-02 10:08:42 --> Could not find the language line "pet_no_lost"
ERROR - 2017-05-02 10:08:42 --> Could not find the language line "goal"
ERROR - 2017-05-02 10:08:42 --> Could not find the language line "fund_title"
ERROR - 2017-05-02 10:08:42 --> Could not find the language line "fund_intro"
ERROR - 2017-05-02 10:08:42 --> Could not find the language line "mynt_buy_taobao"
ERROR - 2017-05-02 10:08:42 --> Could not find the language line "mynt_buy_tmall"
ERROR - 2017-05-02 10:08:42 --> Could not find the language line "mynt_buy_youzan"
ERROR - 2017-05-02 10:08:42 --> Could not find the language line "mynt_buy_jd"
ERROR - 2017-05-02 10:10:00 --> Could not find the language line "mynt_buy_taobao"
ERROR - 2017-05-02 10:10:00 --> Could not find the language line "mynt_buy_tmall"
ERROR - 2017-05-02 10:10:00 --> Could not find the language line "mynt_buy_youzan"
ERROR - 2017-05-02 10:10:00 --> Could not find the language line "mynt_buy_jd"
ERROR - 2017-05-02 10:18:23 --> Could not find the language line "mynt_buy_taobao"
ERROR - 2017-05-02 10:18:23 --> Could not find the language line "mynt_buy_tmall"
ERROR - 2017-05-02 10:18:23 --> Could not find the language line "mynt_buy_youzan"
ERROR - 2017-05-02 10:18:23 --> Could not find the language line "mynt_buy_jd"
ERROR - 2017-05-02 10:18:47 --> Could not find the language line "mynt_buy_taobao"
ERROR - 2017-05-02 10:18:47 --> Could not find the language line "mynt_buy_tmall"
ERROR - 2017-05-02 10:18:47 --> Could not find the language line "mynt_buy_youzan"
ERROR - 2017-05-02 10:18:47 --> Could not find the language line "mynt_buy_jd"
ERROR - 2017-05-02 10:19:22 --> Could not find the language line "mynt_buy_taobao"
ERROR - 2017-05-02 10:19:22 --> Could not find the language line "mynt_buy_tmall"
ERROR - 2017-05-02 10:19:22 --> Could not find the language line "mynt_buy_youzan"
ERROR - 2017-05-02 10:19:22 --> Could not find the language line "mynt_buy_jd"
ERROR - 2017-05-02 10:19:22 --> Could not find the language line "mynt_buy_taobao"
ERROR - 2017-05-02 10:19:22 --> Could not find the language line "mynt_buy_tmall"
ERROR - 2017-05-02 10:19:22 --> Could not find the language line "mynt_buy_youzan"
ERROR - 2017-05-02 10:19:22 --> Could not find the language line "mynt_buy_jd"
ERROR - 2017-05-02 10:20:12 --> Could not find the language line "mynt_buy_taobao"
ERROR - 2017-05-02 10:20:12 --> Could not find the language line "mynt_buy_tmall"
ERROR - 2017-05-02 10:20:12 --> Could not find the language line "mynt_buy_youzan"
ERROR - 2017-05-02 10:20:12 --> Could not find the language line "mynt_buy_jd"
ERROR - 2017-05-02 10:20:17 --> Could not find the language line "mynt_buy_taobao"
ERROR - 2017-05-02 10:20:17 --> Could not find the language line "mynt_buy_tmall"
ERROR - 2017-05-02 10:20:17 --> Could not find the language line "mynt_buy_youzan"
ERROR - 2017-05-02 10:20:17 --> Could not find the language line "mynt_buy_jd"
ERROR - 2017-05-02 10:20:18 --> Could not find the language line "mynt_buy_taobao"
ERROR - 2017-05-02 10:20:18 --> Could not find the language line "mynt_buy_tmall"
ERROR - 2017-05-02 10:20:18 --> Could not find the language line "mynt_buy_youzan"
ERROR - 2017-05-02 10:20:18 --> Could not find the language line "mynt_buy_jd"
ERROR - 2017-05-02 10:20:18 --> Could not find the language line "mynt_buy_taobao"
ERROR - 2017-05-02 10:20:18 --> Could not find the language line "mynt_buy_tmall"
ERROR - 2017-05-02 10:20:18 --> Could not find the language line "mynt_buy_youzan"
ERROR - 2017-05-02 10:20:18 --> Could not find the language line "mynt_buy_jd"
ERROR - 2017-05-02 10:20:19 --> Could not find the language line "mynt_buy_taobao"
ERROR - 2017-05-02 10:20:19 --> Could not find the language line "mynt_buy_tmall"
ERROR - 2017-05-02 10:20:19 --> Could not find the language line "mynt_buy_youzan"
ERROR - 2017-05-02 10:20:19 --> Could not find the language line "mynt_buy_jd"
ERROR - 2017-05-02 10:21:17 --> Could not find the language line "mynt_buy_taobao"
ERROR - 2017-05-02 10:21:17 --> Could not find the language line "mynt_buy_tmall"
ERROR - 2017-05-02 10:21:17 --> Could not find the language line "mynt_buy_youzan"
ERROR - 2017-05-02 10:21:17 --> Could not find the language line "mynt_buy_jd"
ERROR - 2017-05-02 10:21:23 --> Could not find the language line "mynt_buy_taobao"
ERROR - 2017-05-02 10:21:23 --> Could not find the language line "mynt_buy_tmall"
ERROR - 2017-05-02 10:21:23 --> Could not find the language line "mynt_buy_youzan"
ERROR - 2017-05-02 10:21:23 --> Could not find the language line "mynt_buy_jd"
ERROR - 2017-05-02 10:21:30 --> Could not find the language line "mynt_buy_taobao"
ERROR - 2017-05-02 10:21:30 --> Could not find the language line "mynt_buy_tmall"
ERROR - 2017-05-02 10:21:30 --> Could not find the language line "mynt_buy_youzan"
ERROR - 2017-05-02 10:21:30 --> Could not find the language line "mynt_buy_jd"
ERROR - 2017-05-02 10:21:48 --> Could not find the language line "mynt_buy_taobao"
ERROR - 2017-05-02 10:21:48 --> Could not find the language line "mynt_buy_tmall"
ERROR - 2017-05-02 10:21:48 --> Could not find the language line "mynt_buy_youzan"
ERROR - 2017-05-02 10:21:48 --> Could not find the language line "mynt_buy_jd"
ERROR - 2017-05-02 10:22:09 --> Could not find the language line "mynt_buy_taobao"
ERROR - 2017-05-02 10:22:09 --> Could not find the language line "mynt_buy_tmall"
ERROR - 2017-05-02 10:22:09 --> Could not find the language line "mynt_buy_youzan"
ERROR - 2017-05-02 10:22:09 --> Could not find the language line "mynt_buy_jd"
ERROR - 2017-05-02 10:38:47 --> Could not find the language line "mynt_buy_taobao"
ERROR - 2017-05-02 10:38:47 --> Could not find the language line "mynt_buy_tmall"
ERROR - 2017-05-02 10:38:47 --> Could not find the language line "mynt_buy_youzan"
ERROR - 2017-05-02 10:38:47 --> Could not find the language line "mynt_buy_jd"
ERROR - 2017-05-02 10:38:47 --> Could not find the language line "mynt_icon_taobao"
ERROR - 2017-05-02 10:38:47 --> Could not find the language line "mynt_icon_tmall"
ERROR - 2017-05-02 10:38:47 --> Could not find the language line "mynt_icon_youzan"
ERROR - 2017-05-02 10:38:47 --> Could not find the language line "mynt_icon_jd"
ERROR - 2017-05-02 10:38:47 --> Could not find the language line "mynt_jd_detail"
ERROR - 2017-05-02 10:38:47 --> Could not find the language line "to_buy_wd"
ERROR - 2017-05-02 10:38:47 --> Could not find the language line "slightech_wechat"
ERROR - 2017-05-02 10:38:47 --> Could not find the language line "camera_no_lost"
ERROR - 2017-05-02 10:38:47 --> Could not find the language line "key_no_lost"
ERROR - 2017-05-02 10:38:47 --> Could not find the language line "bag_no_lost"
ERROR - 2017-05-02 10:38:47 --> Could not find the language line "computer_no_lost"
ERROR - 2017-05-02 10:38:47 --> Could not find the language line "pet_no_lost"
ERROR - 2017-05-02 10:38:47 --> Could not find the language line "goal"
ERROR - 2017-05-02 10:38:47 --> Could not find the language line "fund_title"
ERROR - 2017-05-02 10:38:47 --> Could not find the language line "fund_intro"
ERROR - 2017-05-02 10:38:49 --> Could not find the language line "mynt_buy_taobao"
ERROR - 2017-05-02 10:38:49 --> Could not find the language line "mynt_buy_tmall"
ERROR - 2017-05-02 10:38:49 --> Could not find the language line "mynt_buy_youzan"
ERROR - 2017-05-02 10:38:49 --> Could not find the language line "mynt_buy_jd"
ERROR - 2017-05-02 10:39:07 --> Could not find the language line "mynt_buy_taobao"
ERROR - 2017-05-02 10:39:07 --> Could not find the language line "mynt_buy_tmall"
ERROR - 2017-05-02 10:39:07 --> Could not find the language line "mynt_buy_youzan"
ERROR - 2017-05-02 10:39:07 --> Could not find the language line "mynt_buy_jd"
ERROR - 2017-05-02 10:39:07 --> Could not find the language line "mynt_icon_taobao"
ERROR - 2017-05-02 10:39:07 --> Could not find the language line "mynt_icon_tmall"
ERROR - 2017-05-02 10:39:07 --> Could not find the language line "mynt_icon_youzan"
ERROR - 2017-05-02 10:39:07 --> Could not find the language line "mynt_icon_jd"
ERROR - 2017-05-02 10:39:07 --> Could not find the language line "mynt_jd_detail"
ERROR - 2017-05-02 10:39:07 --> Could not find the language line "to_buy_wd"
ERROR - 2017-05-02 10:39:07 --> Could not find the language line "slightech_wechat"
ERROR - 2017-05-02 10:39:07 --> Could not find the language line "camera_no_lost"
ERROR - 2017-05-02 10:39:07 --> Could not find the language line "key_no_lost"
ERROR - 2017-05-02 10:39:07 --> Could not find the language line "bag_no_lost"
ERROR - 2017-05-02 10:39:07 --> Could not find the language line "computer_no_lost"
ERROR - 2017-05-02 10:39:07 --> Could not find the language line "pet_no_lost"
ERROR - 2017-05-02 10:39:07 --> Could not find the language line "goal"
ERROR - 2017-05-02 10:39:07 --> Could not find the language line "fund_title"
ERROR - 2017-05-02 10:39:07 --> Could not find the language line "fund_intro"
ERROR - 2017-05-02 10:39:07 --> Could not find the language line "mynt_buy_taobao"
ERROR - 2017-05-02 10:39:07 --> Could not find the language line "mynt_buy_tmall"
ERROR - 2017-05-02 10:39:07 --> Could not find the language line "mynt_buy_youzan"
ERROR - 2017-05-02 10:39:07 --> Could not find the language line "mynt_buy_jd"
ERROR - 2017-05-02 10:39:16 --> Could not find the language line "mynt_buy_taobao"
ERROR - 2017-05-02 10:39:16 --> Could not find the language line "mynt_buy_tmall"
ERROR - 2017-05-02 10:39:16 --> Could not find the language line "mynt_buy_youzan"
ERROR - 2017-05-02 10:39:16 --> Could not find the language line "mynt_buy_jd"
ERROR - 2017-05-02 10:39:20 --> Could not find the language line "mynt_buy_taobao"
ERROR - 2017-05-02 10:39:20 --> Could not find the language line "mynt_buy_tmall"
ERROR - 2017-05-02 10:39:20 --> Could not find the language line "mynt_buy_youzan"
ERROR - 2017-05-02 10:39:20 --> Could not find the language line "mynt_buy_jd"
ERROR - 2017-05-02 10:39:48 --> Could not find the language line "mynt_buy_taobao"
ERROR - 2017-05-02 10:39:48 --> Could not find the language line "mynt_buy_tmall"
ERROR - 2017-05-02 10:39:48 --> Could not find the language line "mynt_buy_youzan"
ERROR - 2017-05-02 10:39:48 --> Could not find the language line "mynt_buy_jd"
ERROR - 2017-05-02 10:40:14 --> Could not find the language line "mynt_buy_taobao"
ERROR - 2017-05-02 10:40:14 --> Could not find the language line "mynt_buy_tmall"
ERROR - 2017-05-02 10:40:14 --> Could not find the language line "mynt_buy_youzan"
ERROR - 2017-05-02 10:40:14 --> Could not find the language line "mynt_buy_jd"
ERROR - 2017-05-02 10:40:41 --> Could not find the language line "mynt_buy_taobao"
ERROR - 2017-05-02 10:40:41 --> Could not find the language line "mynt_buy_tmall"
ERROR - 2017-05-02 10:40:41 --> Could not find the language line "mynt_buy_youzan"
ERROR - 2017-05-02 10:40:41 --> Could not find the language line "mynt_buy_jd"
ERROR - 2017-05-02 15:28:52 --> Could not find the language line "mynt_buy_taobao"
ERROR - 2017-05-02 15:28:52 --> Could not find the language line "mynt_buy_tmall"
ERROR - 2017-05-02 15:28:52 --> Could not find the language line "mynt_buy_youzan"
ERROR - 2017-05-02 15:28:52 --> Could not find the language line "mynt_buy_jd"
ERROR - 2017-05-02 15:34:51 --> Could not find the language line "mynt_buy_taobao"
ERROR - 2017-05-02 15:34:51 --> Could not find the language line "mynt_buy_tmall"
ERROR - 2017-05-02 15:34:51 --> Could not find the language line "mynt_buy_youzan"
ERROR - 2017-05-02 15:34:51 --> Could not find the language line "mynt_buy_jd"
ERROR - 2017-05-02 15:34:51 --> Could not find the language line "home_cloud_title"
ERROR - 2017-05-02 15:34:51 --> Could not find the language line "home_cloud_intro"
ERROR - 2017-05-02 15:34:51 --> Could not find the language line "mynt_icon_taobao"
ERROR - 2017-05-02 15:34:51 --> Could not find the language line "mynt_icon_tmall"
ERROR - 2017-05-02 15:34:51 --> Could not find the language line "mynt_icon_youzan"
ERROR - 2017-05-02 15:34:52 --> Could not find the language line "mynt_buy_taobao"
ERROR - 2017-05-02 15:34:52 --> Could not find the language line "mynt_buy_tmall"
ERROR - 2017-05-02 15:34:52 --> Could not find the language line "mynt_buy_youzan"
ERROR - 2017-05-02 15:34:52 --> Could not find the language line "mynt_buy_jd"
ERROR - 2017-05-02 15:36:00 --> Could not find the language line "mynt_buy_taobao"
ERROR - 2017-05-02 15:36:00 --> Could not find the language line "mynt_buy_tmall"
ERROR - 2017-05-02 15:36:00 --> Could not find the language line "mynt_buy_youzan"
ERROR - 2017-05-02 15:36:00 --> Could not find the language line "mynt_buy_jd"
ERROR - 2017-05-02 15:36:00 --> Could not find the language line "about_keywords"
ERROR - 2017-05-02 15:36:00 --> Could not find the language line "about_facebook"
ERROR - 2017-05-02 15:36:00 --> Could not find the language line "about_twitter"
ERROR - 2017-05-02 15:36:00 --> Could not find the language line "about_weibo"
ERROR - 2017-05-02 15:36:01 --> Could not find the language line "mynt_buy_taobao"
ERROR - 2017-05-02 15:36:01 --> Could not find the language line "mynt_buy_tmall"
ERROR - 2017-05-02 15:36:01 --> Could not find the language line "mynt_buy_youzan"
ERROR - 2017-05-02 15:36:01 --> Could not find the language line "mynt_buy_jd"
ERROR - 2017-05-02 15:41:33 --> Could not find the language line "mynt_buy_taobao"
ERROR - 2017-05-02 15:41:33 --> Could not find the language line "mynt_buy_tmall"
ERROR - 2017-05-02 15:41:33 --> Could not find the language line "mynt_buy_youzan"
ERROR - 2017-05-02 15:41:33 --> Could not find the language line "mynt_buy_jd"
ERROR - 2017-05-02 15:41:33 --> Could not find the language line "home_cloud_title"
ERROR - 2017-05-02 15:41:33 --> Could not find the language line "home_cloud_intro"
ERROR - 2017-05-02 15:41:33 --> Could not find the language line "mynt_icon_taobao"
ERROR - 2017-05-02 15:41:33 --> Could not find the language line "mynt_icon_tmall"
ERROR - 2017-05-02 15:41:33 --> Could not find the language line "mynt_icon_youzan"
ERROR - 2017-05-02 15:41:33 --> Could not find the language line "mynt_buy_taobao"
ERROR - 2017-05-02 15:41:33 --> Could not find the language line "mynt_buy_tmall"
ERROR - 2017-05-02 15:41:33 --> Could not find the language line "mynt_buy_youzan"
ERROR - 2017-05-02 15:41:33 --> Could not find the language line "mynt_buy_jd"
ERROR - 2017-05-02 15:47:06 --> Could not find the language line "mynt_buy_taobao"
ERROR - 2017-05-02 15:47:06 --> Could not find the language line "mynt_buy_tmall"
ERROR - 2017-05-02 15:47:06 --> Could not find the language line "mynt_buy_youzan"
ERROR - 2017-05-02 15:47:06 --> Could not find the language line "mynt_buy_jd"
ERROR - 2017-05-02 15:49:05 --> Could not find the language line "mynt_buy_taobao"
ERROR - 2017-05-02 15:49:05 --> Could not find the language line "mynt_buy_tmall"
ERROR - 2017-05-02 15:49:05 --> Could not find the language line "mynt_buy_youzan"
ERROR - 2017-05-02 15:49:05 --> Could not find the language line "mynt_buy_jd"
ERROR - 2017-05-02 15:49:05 --> Could not find the language line "home_cloud_title"
ERROR - 2017-05-02 15:49:05 --> Could not find the language line "home_cloud_intro"
ERROR - 2017-05-02 15:49:05 --> Could not find the language line "mynt_icon_taobao"
ERROR - 2017-05-02 15:49:05 --> Could not find the language line "mynt_icon_tmall"
ERROR - 2017-05-02 15:49:05 --> Could not find the language line "mynt_icon_youzan"
ERROR - 2017-05-02 15:49:06 --> Could not find the language line "mynt_buy_taobao"
ERROR - 2017-05-02 15:49:06 --> Could not find the language line "mynt_buy_tmall"
ERROR - 2017-05-02 15:49:06 --> Could not find the language line "mynt_buy_youzan"
ERROR - 2017-05-02 15:49:06 --> Could not find the language line "mynt_buy_jd"
ERROR - 2017-05-02 15:50:30 --> Could not find the language line "mynt_buy_taobao"
ERROR - 2017-05-02 15:50:30 --> Could not find the language line "mynt_buy_tmall"
ERROR - 2017-05-02 15:50:30 --> Could not find the language line "mynt_buy_youzan"
ERROR - 2017-05-02 15:50:30 --> Could not find the language line "mynt_buy_jd"
ERROR - 2017-05-02 15:50:30 --> Could not find the language line "home_cloud_title"
ERROR - 2017-05-02 15:50:30 --> Could not find the language line "home_cloud_intro"
ERROR - 2017-05-02 15:50:30 --> Could not find the language line "mynt_icon_taobao"
ERROR - 2017-05-02 15:50:30 --> Could not find the language line "mynt_icon_tmall"
ERROR - 2017-05-02 15:50:30 --> Could not find the language line "mynt_icon_youzan"
ERROR - 2017-05-02 15:50:31 --> Could not find the language line "mynt_buy_taobao"
ERROR - 2017-05-02 15:50:31 --> Could not find the language line "mynt_buy_tmall"
ERROR - 2017-05-02 15:50:31 --> Could not find the language line "mynt_buy_youzan"
ERROR - 2017-05-02 15:50:31 --> Could not find the language line "mynt_buy_jd"
ERROR - 2017-05-02 15:50:32 --> Could not find the language line "mynt_buy_taobao"
ERROR - 2017-05-02 15:50:32 --> Could not find the language line "mynt_buy_tmall"
ERROR - 2017-05-02 15:50:32 --> Could not find the language line "mynt_buy_youzan"
ERROR - 2017-05-02 15:50:32 --> Could not find the language line "mynt_buy_jd"
ERROR - 2017-05-02 15:50:32 --> Could not find the language line "home_cloud_title"
ERROR - 2017-05-02 15:50:32 --> Could not find the language line "home_cloud_intro"
ERROR - 2017-05-02 15:50:32 --> Could not find the language line "mynt_icon_taobao"
ERROR - 2017-05-02 15:50:32 --> Could not find the language line "mynt_icon_tmall"
ERROR - 2017-05-02 15:50:32 --> Could not find the language line "mynt_icon_youzan"
ERROR - 2017-05-02 15:50:32 --> Could not find the language line "mynt_buy_taobao"
ERROR - 2017-05-02 15:50:32 --> Could not find the language line "mynt_buy_tmall"
ERROR - 2017-05-02 15:50:32 --> Could not find the language line "mynt_buy_youzan"
ERROR - 2017-05-02 15:50:32 --> Could not find the language line "mynt_buy_jd"
ERROR - 2017-05-02 15:50:33 --> Could not find the language line "mynt_buy_taobao"
ERROR - 2017-05-02 15:50:33 --> Could not find the language line "mynt_buy_tmall"
ERROR - 2017-05-02 15:50:33 --> Could not find the language line "mynt_buy_youzan"
ERROR - 2017-05-02 15:50:33 --> Could not find the language line "mynt_buy_jd"
ERROR - 2017-05-02 15:50:33 --> Could not find the language line "home_cloud_title"
ERROR - 2017-05-02 15:50:33 --> Could not find the language line "home_cloud_intro"
ERROR - 2017-05-02 15:50:33 --> Could not find the language line "mynt_icon_taobao"
ERROR - 2017-05-02 15:50:33 --> Could not find the language line "mynt_icon_tmall"
ERROR - 2017-05-02 15:50:33 --> Could not find the language line "mynt_icon_youzan"
ERROR - 2017-05-02 15:50:33 --> Could not find the language line "mynt_buy_taobao"
ERROR - 2017-05-02 15:50:33 --> Could not find the language line "mynt_buy_tmall"
ERROR - 2017-05-02 15:50:33 --> Could not find the language line "mynt_buy_youzan"
ERROR - 2017-05-02 15:50:33 --> Could not find the language line "mynt_buy_jd"
ERROR - 2017-05-02 15:50:34 --> Could not find the language line "mynt_buy_taobao"
ERROR - 2017-05-02 15:50:34 --> Could not find the language line "mynt_buy_tmall"
ERROR - 2017-05-02 15:50:34 --> Could not find the language line "mynt_buy_youzan"
ERROR - 2017-05-02 15:50:34 --> Could not find the language line "mynt_buy_jd"
ERROR - 2017-05-02 15:50:34 --> Could not find the language line "home_cloud_title"
ERROR - 2017-05-02 15:50:34 --> Could not find the language line "home_cloud_intro"
ERROR - 2017-05-02 15:50:34 --> Could not find the language line "mynt_icon_taobao"
ERROR - 2017-05-02 15:50:34 --> Could not find the language line "mynt_icon_tmall"
ERROR - 2017-05-02 15:50:34 --> Could not find the language line "mynt_icon_youzan"
ERROR - 2017-05-02 15:50:34 --> Could not find the language line "mynt_buy_taobao"
ERROR - 2017-05-02 15:50:34 --> Could not find the language line "mynt_buy_tmall"
ERROR - 2017-05-02 15:50:34 --> Could not find the language line "mynt_buy_youzan"
ERROR - 2017-05-02 15:50:34 --> Could not find the language line "mynt_buy_jd"
ERROR - 2017-05-02 15:50:57 --> Could not find the language line "mynt_buy_taobao"
ERROR - 2017-05-02 15:50:57 --> Could not find the language line "mynt_buy_tmall"
ERROR - 2017-05-02 15:50:57 --> Could not find the language line "mynt_buy_youzan"
ERROR - 2017-05-02 15:50:57 --> Could not find the language line "mynt_buy_jd"
ERROR - 2017-05-02 15:50:57 --> Could not find the language line "home_cloud_title"
ERROR - 2017-05-02 15:50:57 --> Could not find the language line "home_cloud_intro"
ERROR - 2017-05-02 15:50:57 --> Could not find the language line "mynt_icon_taobao"
ERROR - 2017-05-02 15:50:57 --> Could not find the language line "mynt_icon_tmall"
ERROR - 2017-05-02 15:50:57 --> Could not find the language line "mynt_icon_youzan"
ERROR - 2017-05-02 15:51:06 --> Could not find the language line "mynt_buy_taobao"
ERROR - 2017-05-02 15:51:06 --> Could not find the language line "mynt_buy_tmall"
ERROR - 2017-05-02 15:51:06 --> Could not find the language line "mynt_buy_youzan"
ERROR - 2017-05-02 15:51:06 --> Could not find the language line "mynt_buy_jd"
ERROR - 2017-05-02 15:51:06 --> Could not find the language line "home_cloud_title"
ERROR - 2017-05-02 15:51:06 --> Could not find the language line "home_cloud_intro"
ERROR - 2017-05-02 15:51:06 --> Could not find the language line "mynt_icon_taobao"
ERROR - 2017-05-02 15:51:06 --> Could not find the language line "mynt_icon_tmall"
ERROR - 2017-05-02 15:51:06 --> Could not find the language line "mynt_icon_youzan"
ERROR - 2017-05-02 15:51:07 --> Could not find the language line "mynt_buy_taobao"
ERROR - 2017-05-02 15:51:07 --> Could not find the language line "mynt_buy_tmall"
ERROR - 2017-05-02 15:51:07 --> Could not find the language line "mynt_buy_youzan"
ERROR - 2017-05-02 15:51:07 --> Could not find the language line "mynt_buy_jd"
ERROR - 2017-05-02 15:51:07 --> Could not find the language line "mynt_buy_taobao"
ERROR - 2017-05-02 15:51:07 --> Could not find the language line "mynt_buy_tmall"
ERROR - 2017-05-02 15:51:07 --> Could not find the language line "mynt_buy_youzan"
ERROR - 2017-05-02 15:51:07 --> Could not find the language line "mynt_buy_jd"
ERROR - 2017-05-02 15:51:07 --> Could not find the language line "home_cloud_title"
ERROR - 2017-05-02 15:51:07 --> Could not find the language line "home_cloud_intro"
ERROR - 2017-05-02 15:51:07 --> Could not find the language line "mynt_icon_taobao"
ERROR - 2017-05-02 15:51:07 --> Could not find the language line "mynt_icon_tmall"
ERROR - 2017-05-02 15:51:07 --> Could not find the language line "mynt_icon_youzan"
ERROR - 2017-05-02 15:51:07 --> Could not find the language line "mynt_buy_taobao"
ERROR - 2017-05-02 15:51:07 --> Could not find the language line "mynt_buy_tmall"
ERROR - 2017-05-02 15:51:07 --> Could not find the language line "mynt_buy_youzan"
ERROR - 2017-05-02 15:51:07 --> Could not find the language line "mynt_buy_jd"
ERROR - 2017-05-02 15:51:07 --> Could not find the language line "mynt_buy_taobao"
ERROR - 2017-05-02 15:51:07 --> Could not find the language line "mynt_buy_tmall"
ERROR - 2017-05-02 15:51:07 --> Could not find the language line "mynt_buy_youzan"
ERROR - 2017-05-02 15:51:07 --> Could not find the language line "mynt_buy_jd"
ERROR - 2017-05-02 15:51:07 --> Could not find the language line "home_cloud_title"
ERROR - 2017-05-02 15:51:07 --> Could not find the language line "home_cloud_intro"
ERROR - 2017-05-02 15:51:07 --> Could not find the language line "mynt_icon_taobao"
ERROR - 2017-05-02 15:51:07 --> Could not find the language line "mynt_icon_tmall"
ERROR - 2017-05-02 15:51:07 --> Could not find the language line "mynt_icon_youzan"
ERROR - 2017-05-02 15:51:07 --> Could not find the language line "mynt_buy_taobao"
ERROR - 2017-05-02 15:51:07 --> Could not find the language line "mynt_buy_tmall"
ERROR - 2017-05-02 15:51:07 --> Could not find the language line "mynt_buy_youzan"
ERROR - 2017-05-02 15:51:07 --> Could not find the language line "mynt_buy_jd"
ERROR - 2017-05-02 15:51:08 --> Could not find the language line "mynt_buy_taobao"
ERROR - 2017-05-02 15:51:08 --> Could not find the language line "mynt_buy_tmall"
ERROR - 2017-05-02 15:51:08 --> Could not find the language line "mynt_buy_youzan"
ERROR - 2017-05-02 15:51:08 --> Could not find the language line "mynt_buy_jd"
ERROR - 2017-05-02 15:51:08 --> Could not find the language line "home_cloud_title"
ERROR - 2017-05-02 15:51:08 --> Could not find the language line "home_cloud_intro"
ERROR - 2017-05-02 15:51:08 --> Could not find the language line "mynt_icon_taobao"
ERROR - 2017-05-02 15:51:08 --> Could not find the language line "mynt_icon_tmall"
ERROR - 2017-05-02 15:51:08 --> Could not find the language line "mynt_icon_youzan"
ERROR - 2017-05-02 15:51:09 --> Could not find the language line "mynt_buy_taobao"
ERROR - 2017-05-02 15:51:09 --> Could not find the language line "mynt_buy_tmall"
ERROR - 2017-05-02 15:51:09 --> Could not find the language line "mynt_buy_youzan"
ERROR - 2017-05-02 15:51:09 --> Could not find the language line "mynt_buy_jd"
ERROR - 2017-05-02 15:51:09 --> Could not find the language line "mynt_buy_taobao"
ERROR - 2017-05-02 15:51:09 --> Could not find the language line "mynt_buy_tmall"
ERROR - 2017-05-02 15:51:09 --> Could not find the language line "mynt_buy_youzan"
ERROR - 2017-05-02 15:51:09 --> Could not find the language line "mynt_buy_jd"
ERROR - 2017-05-02 15:51:09 --> Could not find the language line "home_cloud_title"
ERROR - 2017-05-02 15:51:09 --> Could not find the language line "home_cloud_intro"
ERROR - 2017-05-02 15:51:09 --> Could not find the language line "mynt_icon_taobao"
ERROR - 2017-05-02 15:51:09 --> Could not find the language line "mynt_icon_tmall"
ERROR - 2017-05-02 15:51:09 --> Could not find the language line "mynt_icon_youzan"
ERROR - 2017-05-02 15:51:10 --> Could not find the language line "mynt_buy_taobao"
ERROR - 2017-05-02 15:51:10 --> Could not find the language line "mynt_buy_tmall"
ERROR - 2017-05-02 15:51:10 --> Could not find the language line "mynt_buy_youzan"
ERROR - 2017-05-02 15:51:10 --> Could not find the language line "mynt_buy_jd"
ERROR - 2017-05-02 15:53:51 --> Could not find the language line "mynt_buy_taobao"
ERROR - 2017-05-02 15:53:51 --> Could not find the language line "mynt_buy_tmall"
ERROR - 2017-05-02 15:53:51 --> Could not find the language line "mynt_buy_youzan"
ERROR - 2017-05-02 15:53:51 --> Could not find the language line "mynt_buy_jd"
ERROR - 2017-05-02 15:53:51 --> Could not find the language line "home_cloud_title"
ERROR - 2017-05-02 15:53:51 --> Could not find the language line "home_cloud_intro"
ERROR - 2017-05-02 15:53:51 --> Could not find the language line "mynt_icon_taobao"
ERROR - 2017-05-02 15:53:51 --> Could not find the language line "mynt_icon_tmall"
ERROR - 2017-05-02 15:53:51 --> Could not find the language line "mynt_icon_youzan"
ERROR - 2017-05-02 15:53:52 --> Could not find the language line "mynt_buy_taobao"
ERROR - 2017-05-02 15:53:52 --> Could not find the language line "mynt_buy_tmall"
ERROR - 2017-05-02 15:53:52 --> Could not find the language line "mynt_buy_youzan"
ERROR - 2017-05-02 15:53:52 --> Could not find the language line "mynt_buy_jd"
ERROR - 2017-05-02 15:57:08 --> Could not find the language line "mynt_buy_taobao"
ERROR - 2017-05-02 15:57:08 --> Could not find the language line "mynt_buy_tmall"
ERROR - 2017-05-02 15:57:08 --> Could not find the language line "mynt_buy_youzan"
ERROR - 2017-05-02 15:57:08 --> Could not find the language line "mynt_buy_jd"
ERROR - 2017-05-02 15:57:09 --> Could not find the language line "mynt_buy_taobao"
ERROR - 2017-05-02 15:57:09 --> Could not find the language line "mynt_buy_tmall"
ERROR - 2017-05-02 15:57:09 --> Could not find the language line "mynt_buy_youzan"
ERROR - 2017-05-02 15:57:09 --> Could not find the language line "mynt_buy_jd"
ERROR - 2017-05-02 15:59:17 --> Could not find the language line "mynt_buy_taobao"
ERROR - 2017-05-02 15:59:17 --> Could not find the language line "mynt_buy_tmall"
ERROR - 2017-05-02 15:59:17 --> Could not find the language line "mynt_buy_youzan"
ERROR - 2017-05-02 15:59:17 --> Could not find the language line "mynt_buy_jd"
ERROR - 2017-05-02 15:59:17 --> Could not find the language line "home_cloud_title"
ERROR - 2017-05-02 15:59:17 --> Could not find the language line "home_cloud_intro"
ERROR - 2017-05-02 15:59:17 --> Could not find the language line "mynt_icon_taobao"
ERROR - 2017-05-02 15:59:17 --> Could not find the language line "mynt_icon_tmall"
ERROR - 2017-05-02 15:59:17 --> Could not find the language line "mynt_icon_youzan"
ERROR - 2017-05-02 15:59:18 --> Could not find the language line "mynt_buy_taobao"
ERROR - 2017-05-02 15:59:18 --> Could not find the language line "mynt_buy_tmall"
ERROR - 2017-05-02 15:59:18 --> Could not find the language line "mynt_buy_youzan"
ERROR - 2017-05-02 15:59:18 --> Could not find the language line "mynt_buy_jd"
ERROR - 2017-05-02 16:12:50 --> Could not find the language line "mynt_buy_taobao"
ERROR - 2017-05-02 16:12:50 --> Could not find the language line "mynt_buy_tmall"
ERROR - 2017-05-02 16:12:50 --> Could not find the language line "mynt_buy_youzan"
ERROR - 2017-05-02 16:12:50 --> Could not find the language line "mynt_buy_jd"
ERROR - 2017-05-02 16:17:58 --> Could not find the language line "mynt_buy_taobao"
ERROR - 2017-05-02 16:17:58 --> Could not find the language line "mynt_buy_tmall"
ERROR - 2017-05-02 16:17:58 --> Could not find the language line "mynt_buy_youzan"
ERROR - 2017-05-02 16:17:58 --> Could not find the language line "mynt_buy_jd"
ERROR - 2017-05-02 16:17:58 --> Could not find the language line "home_cloud_title"
ERROR - 2017-05-02 16:17:58 --> Could not find the language line "home_cloud_intro"
ERROR - 2017-05-02 16:17:58 --> Could not find the language line "mynt_icon_taobao"
ERROR - 2017-05-02 16:17:58 --> Could not find the language line "mynt_icon_tmall"
ERROR - 2017-05-02 16:17:58 --> Could not find the language line "mynt_icon_youzan"
ERROR - 2017-05-02 16:17:58 --> Could not find the language line "mynt_buy_taobao"
ERROR - 2017-05-02 16:17:58 --> Could not find the language line "mynt_buy_tmall"
ERROR - 2017-05-02 16:17:58 --> Could not find the language line "mynt_buy_youzan"
ERROR - 2017-05-02 16:17:58 --> Could not find the language line "mynt_buy_jd"
ERROR - 2017-05-02 16:18:01 --> Could not find the language line "mynt_buy_taobao"
ERROR - 2017-05-02 16:18:01 --> Could not find the language line "mynt_buy_tmall"
ERROR - 2017-05-02 16:18:01 --> Could not find the language line "mynt_buy_youzan"
ERROR - 2017-05-02 16:18:01 --> Could not find the language line "mynt_buy_jd"
ERROR - 2017-05-02 16:18:01 --> Could not find the language line "home_cloud_title"
ERROR - 2017-05-02 16:18:01 --> Could not find the language line "home_cloud_intro"
ERROR - 2017-05-02 16:18:01 --> Could not find the language line "mynt_icon_taobao"
ERROR - 2017-05-02 16:18:01 --> Could not find the language line "mynt_icon_tmall"
ERROR - 2017-05-02 16:18:01 --> Could not find the language line "mynt_icon_youzan"
ERROR - 2017-05-02 16:18:01 --> Could not find the language line "mynt_buy_taobao"
ERROR - 2017-05-02 16:18:01 --> Could not find the language line "mynt_buy_tmall"
ERROR - 2017-05-02 16:18:01 --> Could not find the language line "mynt_buy_youzan"
ERROR - 2017-05-02 16:18:01 --> Could not find the language line "mynt_buy_jd"
ERROR - 2017-05-02 16:22:17 --> Could not find the language line "mynt_buy_taobao"
ERROR - 2017-05-02 16:22:17 --> Could not find the language line "mynt_buy_tmall"
ERROR - 2017-05-02 16:22:17 --> Could not find the language line "mynt_buy_youzan"
ERROR - 2017-05-02 16:22:17 --> Could not find the language line "mynt_buy_jd"
