ERROR - 2017-06-06 01:36:54 --> Could not find the language line "mynt_buy_taobao"
ERROR - 2017-06-06 01:36:54 --> Could not find the language line "mynt_buy_tmall"
ERROR - 2017-06-06 01:36:54 --> Could not find the language line "mynt_buy_youzan"
ERROR - 2017-06-06 01:36:54 --> Could not find the language line "mynt_buy_jd"
ERROR - 2017-06-06 01:36:54 --> Could not find the language line "home_cloud_title"
ERROR - 2017-06-06 01:36:54 --> Could not find the language line "home_cloud_intro"
ERROR - 2017-06-06 01:36:54 --> Could not find the language line "mynt_icon_taobao"
ERROR - 2017-06-06 01:36:54 --> Could not find the language line "mynt_icon_tmall"
ERROR - 2017-06-06 01:36:54 --> Could not find the language line "mynt_icon_youzan"
ERROR - 2017-06-06 01:36:54 --> Could not find the language line "mynt_buy_taobao"
ERROR - 2017-06-06 01:36:54 --> Could not find the language line "mynt_buy_tmall"
ERROR - 2017-06-06 01:36:54 --> Could not find the language line "mynt_buy_youzan"
ERROR - 2017-06-06 01:36:54 --> Could not find the language line "mynt_buy_jd"
ERROR - 2017-06-06 01:38:53 --> Could not find the language line "mynt_buy_taobao"
ERROR - 2017-06-06 01:38:53 --> Could not find the language line "mynt_buy_tmall"
ERROR - 2017-06-06 01:38:53 --> Could not find the language line "mynt_buy_youzan"
ERROR - 2017-06-06 01:38:53 --> Could not find the language line "mynt_buy_jd"
ERROR - 2017-06-06 01:38:53 --> Could not find the language line "home_cloud_title"
ERROR - 2017-06-06 01:38:53 --> Could not find the language line "home_cloud_intro"
ERROR - 2017-06-06 01:38:53 --> Could not find the language line "mynt_icon_taobao"
ERROR - 2017-06-06 01:38:53 --> Could not find the language line "mynt_icon_tmall"
ERROR - 2017-06-06 01:38:53 --> Could not find the language line "mynt_icon_youzan"
ERROR - 2017-06-06 01:38:53 --> Could not find the language line "mynt_buy_taobao"
ERROR - 2017-06-06 01:38:53 --> Could not find the language line "mynt_buy_tmall"
ERROR - 2017-06-06 01:38:53 --> Could not find the language line "mynt_buy_youzan"
ERROR - 2017-06-06 01:38:53 --> Could not find the language line "mynt_buy_jd"
ERROR - 2017-06-06 01:38:55 --> Could not find the language line "mynt_buy_taobao"
ERROR - 2017-06-06 01:38:55 --> Could not find the language line "mynt_buy_tmall"
ERROR - 2017-06-06 01:38:55 --> Could not find the language line "mynt_buy_youzan"
ERROR - 2017-06-06 01:38:55 --> Could not find the language line "mynt_buy_jd"
ERROR - 2017-06-06 01:38:55 --> Could not find the language line "home_cloud_title"
ERROR - 2017-06-06 01:38:55 --> Could not find the language line "home_cloud_intro"
ERROR - 2017-06-06 01:38:55 --> Could not find the language line "mynt_icon_taobao"
ERROR - 2017-06-06 01:38:55 --> Could not find the language line "mynt_icon_tmall"
ERROR - 2017-06-06 01:38:55 --> Could not find the language line "mynt_icon_youzan"
ERROR - 2017-06-06 01:38:55 --> Could not find the language line "mynt_buy_taobao"
ERROR - 2017-06-06 01:38:55 --> Could not find the language line "mynt_buy_tmall"
ERROR - 2017-06-06 01:38:55 --> Could not find the language line "mynt_buy_youzan"
ERROR - 2017-06-06 01:38:55 --> Could not find the language line "mynt_buy_jd"
ERROR - 2017-06-06 01:38:56 --> Could not find the language line "mynt_buy_taobao"
ERROR - 2017-06-06 01:38:56 --> Could not find the language line "mynt_buy_tmall"
ERROR - 2017-06-06 01:38:56 --> Could not find the language line "mynt_buy_youzan"
ERROR - 2017-06-06 01:38:56 --> Could not find the language line "mynt_buy_jd"
ERROR - 2017-06-06 01:38:56 --> Could not find the language line "home_cloud_title"
ERROR - 2017-06-06 01:38:56 --> Could not find the language line "home_cloud_intro"
ERROR - 2017-06-06 01:38:56 --> Could not find the language line "mynt_icon_taobao"
ERROR - 2017-06-06 01:38:56 --> Could not find the language line "mynt_icon_tmall"
ERROR - 2017-06-06 01:38:56 --> Could not find the language line "mynt_icon_youzan"
ERROR - 2017-06-06 01:38:56 --> Could not find the language line "mynt_buy_taobao"
ERROR - 2017-06-06 01:38:56 --> Could not find the language line "mynt_buy_tmall"
ERROR - 2017-06-06 01:38:56 --> Could not find the language line "mynt_buy_youzan"
ERROR - 2017-06-06 01:38:56 --> Could not find the language line "mynt_buy_jd"
ERROR - 2017-06-06 01:38:57 --> Could not find the language line "mynt_buy_taobao"
ERROR - 2017-06-06 01:38:57 --> Could not find the language line "mynt_buy_tmall"
ERROR - 2017-06-06 01:38:57 --> Could not find the language line "mynt_buy_youzan"
ERROR - 2017-06-06 01:38:57 --> Could not find the language line "mynt_buy_jd"
ERROR - 2017-06-06 01:38:57 --> Could not find the language line "home_cloud_title"
ERROR - 2017-06-06 01:38:57 --> Could not find the language line "home_cloud_intro"
ERROR - 2017-06-06 01:38:57 --> Could not find the language line "mynt_icon_taobao"
ERROR - 2017-06-06 01:38:57 --> Could not find the language line "mynt_icon_tmall"
ERROR - 2017-06-06 01:38:57 --> Could not find the language line "mynt_icon_youzan"
ERROR - 2017-06-06 01:38:57 --> Could not find the language line "mynt_buy_taobao"
ERROR - 2017-06-06 01:38:57 --> Could not find the language line "mynt_buy_tmall"
ERROR - 2017-06-06 01:38:57 --> Could not find the language line "mynt_buy_youzan"
ERROR - 2017-06-06 01:38:57 --> Could not find the language line "mynt_buy_jd"
ERROR - 2017-06-06 01:40:33 --> Could not find the language line "mynt_buy_taobao"
ERROR - 2017-06-06 01:40:33 --> Could not find the language line "mynt_buy_tmall"
ERROR - 2017-06-06 01:40:33 --> Could not find the language line "mynt_buy_youzan"
ERROR - 2017-06-06 01:40:33 --> Could not find the language line "mynt_buy_jd"
ERROR - 2017-06-06 01:40:33 --> Could not find the language line "mynt_icon_taobao"
ERROR - 2017-06-06 01:40:33 --> Could not find the language line "mynt_icon_tmall"
ERROR - 2017-06-06 01:40:33 --> Could not find the language line "mynt_icon_youzan"
ERROR - 2017-06-06 01:40:33 --> Could not find the language line "mynt_icon_jd"
ERROR - 2017-06-06 01:40:33 --> Could not find the language line "mynt_jd_detail"
ERROR - 2017-06-06 01:40:33 --> Could not find the language line "to_buy_wd"
ERROR - 2017-06-06 01:40:33 --> Could not find the language line "slightech_wechat"
ERROR - 2017-06-06 01:40:33 --> Could not find the language line "key_no_lost"
ERROR - 2017-06-06 01:40:33 --> Could not find the language line "bag_no_lost"
ERROR - 2017-06-06 01:40:33 --> Could not find the language line "computer_no_lost"
ERROR - 2017-06-06 01:40:33 --> Could not find the language line "pet_no_lost"
ERROR - 2017-06-06 01:40:33 --> Could not find the language line "goal"
ERROR - 2017-06-06 01:40:33 --> Could not find the language line "fund_title"
ERROR - 2017-06-06 01:40:33 --> Could not find the language line "fund_intro"
ERROR - 2017-06-06 01:40:34 --> Could not find the language line "mynt_buy_taobao"
ERROR - 2017-06-06 01:40:34 --> Could not find the language line "mynt_buy_tmall"
ERROR - 2017-06-06 01:40:34 --> Could not find the language line "mynt_buy_youzan"
ERROR - 2017-06-06 01:40:34 --> Could not find the language line "mynt_buy_jd"
ERROR - 2017-06-06 01:42:15 --> Could not find the language line "mynt_buy_taobao"
ERROR - 2017-06-06 01:42:15 --> Could not find the language line "mynt_buy_tmall"
ERROR - 2017-06-06 01:42:15 --> Could not find the language line "mynt_buy_youzan"
ERROR - 2017-06-06 01:42:15 --> Could not find the language line "mynt_buy_jd"
ERROR - 2017-06-06 01:42:15 --> Could not find the language line "mynt_buy_taobao"
ERROR - 2017-06-06 01:42:15 --> Could not find the language line "mynt_buy_tmall"
ERROR - 2017-06-06 01:42:15 --> Could not find the language line "mynt_buy_youzan"
ERROR - 2017-06-06 01:42:15 --> Could not find the language line "mynt_buy_jd"
ERROR - 2017-06-06 01:42:21 --> Could not find the language line "mynt_buy_taobao"
ERROR - 2017-06-06 01:42:21 --> Could not find the language line "mynt_buy_tmall"
ERROR - 2017-06-06 01:42:21 --> Could not find the language line "mynt_buy_youzan"
ERROR - 2017-06-06 01:42:21 --> Could not find the language line "mynt_buy_jd"
ERROR - 2017-06-06 01:42:21 --> Could not find the language line "about_keywords"
ERROR - 2017-06-06 01:42:21 --> Could not find the language line "about_facebook"
ERROR - 2017-06-06 01:42:21 --> Could not find the language line "about_twitter"
ERROR - 2017-06-06 01:42:21 --> Could not find the language line "about_weibo"
ERROR - 2017-06-06 01:42:21 --> Could not find the language line "mynt_buy_taobao"
ERROR - 2017-06-06 01:42:21 --> Could not find the language line "mynt_buy_tmall"
ERROR - 2017-06-06 01:42:21 --> Could not find the language line "mynt_buy_youzan"
ERROR - 2017-06-06 01:42:21 --> Could not find the language line "mynt_buy_jd"
ERROR - 2017-06-06 01:50:23 --> Could not find the language line "mynt_buy_taobao"
ERROR - 2017-06-06 01:50:23 --> Could not find the language line "mynt_buy_tmall"
ERROR - 2017-06-06 01:50:23 --> Could not find the language line "mynt_buy_youzan"
ERROR - 2017-06-06 01:50:23 --> Could not find the language line "mynt_buy_jd"
ERROR - 2017-06-06 01:50:23 --> Could not find the language line "about_keywords"
ERROR - 2017-06-06 01:50:23 --> Could not find the language line "about_facebook"
ERROR - 2017-06-06 01:50:23 --> Could not find the language line "about_twitter"
ERROR - 2017-06-06 01:50:23 --> Could not find the language line "about_weibo"
ERROR - 2017-06-06 01:50:24 --> Could not find the language line "mynt_buy_taobao"
ERROR - 2017-06-06 01:50:24 --> Could not find the language line "mynt_buy_tmall"
ERROR - 2017-06-06 01:50:24 --> Could not find the language line "mynt_buy_youzan"
ERROR - 2017-06-06 01:50:24 --> Could not find the language line "mynt_buy_jd"
ERROR - 2017-06-06 01:50:25 --> Could not find the language line "mynt_buy_taobao"
ERROR - 2017-06-06 01:50:25 --> Could not find the language line "mynt_buy_tmall"
ERROR - 2017-06-06 01:50:25 --> Could not find the language line "mynt_buy_youzan"
ERROR - 2017-06-06 01:50:25 --> Could not find the language line "mynt_buy_jd"
ERROR - 2017-06-06 01:50:25 --> Could not find the language line "about_keywords"
ERROR - 2017-06-06 01:50:25 --> Could not find the language line "about_facebook"
ERROR - 2017-06-06 01:50:25 --> Could not find the language line "about_twitter"
ERROR - 2017-06-06 01:50:25 --> Could not find the language line "about_weibo"
ERROR - 2017-06-06 01:50:25 --> Could not find the language line "mynt_buy_taobao"
ERROR - 2017-06-06 01:50:25 --> Could not find the language line "mynt_buy_tmall"
ERROR - 2017-06-06 01:50:25 --> Could not find the language line "mynt_buy_youzan"
ERROR - 2017-06-06 01:50:25 --> Could not find the language line "mynt_buy_jd"
ERROR - 2017-06-06 01:50:28 --> Could not find the language line "mynt_buy_taobao"
ERROR - 2017-06-06 01:50:28 --> Could not find the language line "mynt_buy_tmall"
ERROR - 2017-06-06 01:50:28 --> Could not find the language line "mynt_buy_youzan"
ERROR - 2017-06-06 01:50:28 --> Could not find the language line "mynt_buy_jd"
ERROR - 2017-06-06 01:50:28 --> Could not find the language line "about_keywords"
ERROR - 2017-06-06 01:50:28 --> Could not find the language line "about_facebook"
ERROR - 2017-06-06 01:50:28 --> Could not find the language line "about_twitter"
ERROR - 2017-06-06 01:50:28 --> Could not find the language line "about_weibo"
ERROR - 2017-06-06 01:50:28 --> Could not find the language line "mynt_buy_taobao"
ERROR - 2017-06-06 01:50:28 --> Could not find the language line "mynt_buy_tmall"
ERROR - 2017-06-06 01:50:28 --> Could not find the language line "mynt_buy_youzan"
ERROR - 2017-06-06 01:50:28 --> Could not find the language line "mynt_buy_jd"
ERROR - 2017-06-06 01:51:43 --> Could not find the language line "mynt_buy_taobao"
ERROR - 2017-06-06 01:51:43 --> Could not find the language line "mynt_buy_tmall"
ERROR - 2017-06-06 01:51:43 --> Could not find the language line "mynt_buy_youzan"
ERROR - 2017-06-06 01:51:43 --> Could not find the language line "mynt_buy_jd"
ERROR - 2017-06-06 01:51:43 --> Could not find the language line "about_keywords"
ERROR - 2017-06-06 01:51:43 --> Could not find the language line "about_facebook"
ERROR - 2017-06-06 01:51:43 --> Could not find the language line "about_twitter"
ERROR - 2017-06-06 01:51:43 --> Could not find the language line "about_weibo"
ERROR - 2017-06-06 01:51:43 --> Could not find the language line "mynt_buy_taobao"
ERROR - 2017-06-06 01:51:43 --> Could not find the language line "mynt_buy_tmall"
ERROR - 2017-06-06 01:51:43 --> Could not find the language line "mynt_buy_youzan"
ERROR - 2017-06-06 01:51:43 --> Could not find the language line "mynt_buy_jd"
ERROR - 2017-06-06 01:51:44 --> Could not find the language line "mynt_buy_taobao"
ERROR - 2017-06-06 01:51:44 --> Could not find the language line "mynt_buy_tmall"
ERROR - 2017-06-06 01:51:44 --> Could not find the language line "mynt_buy_youzan"
ERROR - 2017-06-06 01:51:44 --> Could not find the language line "mynt_buy_jd"
ERROR - 2017-06-06 01:51:44 --> Could not find the language line "about_keywords"
ERROR - 2017-06-06 01:51:44 --> Could not find the language line "about_facebook"
ERROR - 2017-06-06 01:51:44 --> Could not find the language line "about_twitter"
ERROR - 2017-06-06 01:51:44 --> Could not find the language line "about_weibo"
ERROR - 2017-06-06 01:51:44 --> Could not find the language line "mynt_buy_taobao"
ERROR - 2017-06-06 01:51:44 --> Could not find the language line "mynt_buy_tmall"
ERROR - 2017-06-06 01:51:44 --> Could not find the language line "mynt_buy_youzan"
ERROR - 2017-06-06 01:51:44 --> Could not find the language line "mynt_buy_jd"
ERROR - 2017-06-06 01:51:45 --> Could not find the language line "mynt_buy_taobao"
ERROR - 2017-06-06 01:51:45 --> Could not find the language line "mynt_buy_tmall"
ERROR - 2017-06-06 01:51:45 --> Could not find the language line "mynt_buy_youzan"
ERROR - 2017-06-06 01:51:45 --> Could not find the language line "mynt_buy_jd"
ERROR - 2017-06-06 01:51:45 --> Could not find the language line "about_keywords"
ERROR - 2017-06-06 01:51:45 --> Could not find the language line "about_facebook"
ERROR - 2017-06-06 01:51:45 --> Could not find the language line "about_twitter"
ERROR - 2017-06-06 01:51:45 --> Could not find the language line "about_weibo"
ERROR - 2017-06-06 01:51:45 --> Could not find the language line "mynt_buy_taobao"
ERROR - 2017-06-06 01:51:45 --> Could not find the language line "mynt_buy_tmall"
ERROR - 2017-06-06 01:51:45 --> Could not find the language line "mynt_buy_youzan"
ERROR - 2017-06-06 01:51:45 --> Could not find the language line "mynt_buy_jd"
ERROR - 2017-06-06 01:51:46 --> Could not find the language line "mynt_buy_taobao"
ERROR - 2017-06-06 01:51:46 --> Could not find the language line "mynt_buy_tmall"
ERROR - 2017-06-06 01:51:46 --> Could not find the language line "mynt_buy_youzan"
ERROR - 2017-06-06 01:51:46 --> Could not find the language line "mynt_buy_jd"
ERROR - 2017-06-06 01:51:46 --> Could not find the language line "about_keywords"
ERROR - 2017-06-06 01:51:46 --> Could not find the language line "about_facebook"
ERROR - 2017-06-06 01:51:46 --> Could not find the language line "about_twitter"
ERROR - 2017-06-06 01:51:46 --> Could not find the language line "about_weibo"
ERROR - 2017-06-06 01:51:46 --> Could not find the language line "mynt_buy_taobao"
ERROR - 2017-06-06 01:51:46 --> Could not find the language line "mynt_buy_tmall"
ERROR - 2017-06-06 01:51:46 --> Could not find the language line "mynt_buy_youzan"
ERROR - 2017-06-06 01:51:46 --> Could not find the language line "mynt_buy_jd"
ERROR - 2017-06-06 01:52:25 --> Could not find the language line "mynt_buy_taobao"
ERROR - 2017-06-06 01:52:25 --> Could not find the language line "mynt_buy_tmall"
ERROR - 2017-06-06 01:52:25 --> Could not find the language line "mynt_buy_youzan"
ERROR - 2017-06-06 01:52:25 --> Could not find the language line "mynt_buy_jd"
ERROR - 2017-06-06 01:52:25 --> Could not find the language line "about_keywords"
ERROR - 2017-06-06 01:52:25 --> Could not find the language line "about_facebook"
ERROR - 2017-06-06 01:52:25 --> Could not find the language line "about_twitter"
ERROR - 2017-06-06 01:52:25 --> Could not find the language line "about_weibo"
ERROR - 2017-06-06 01:52:26 --> Could not find the language line "mynt_buy_taobao"
ERROR - 2017-06-06 01:52:26 --> Could not find the language line "mynt_buy_tmall"
ERROR - 2017-06-06 01:52:26 --> Could not find the language line "mynt_buy_youzan"
ERROR - 2017-06-06 01:52:26 --> Could not find the language line "mynt_buy_jd"
ERROR - 2017-06-06 01:52:43 --> Could not find the language line "mynt_buy_taobao"
ERROR - 2017-06-06 01:52:43 --> Could not find the language line "mynt_buy_tmall"
ERROR - 2017-06-06 01:52:43 --> Could not find the language line "mynt_buy_youzan"
ERROR - 2017-06-06 01:52:43 --> Could not find the language line "mynt_buy_jd"
ERROR - 2017-06-06 01:52:43 --> Could not find the language line "about_keywords"
ERROR - 2017-06-06 01:52:43 --> Could not find the language line "about_facebook"
ERROR - 2017-06-06 01:52:43 --> Could not find the language line "about_twitter"
ERROR - 2017-06-06 01:52:43 --> Could not find the language line "about_weibo"
ERROR - 2017-06-06 01:52:43 --> Could not find the language line "mynt_buy_taobao"
ERROR - 2017-06-06 01:52:43 --> Could not find the language line "mynt_buy_tmall"
ERROR - 2017-06-06 01:52:43 --> Could not find the language line "mynt_buy_youzan"
ERROR - 2017-06-06 01:52:43 --> Could not find the language line "mynt_buy_jd"
ERROR - 2017-06-06 08:51:33 --> Could not find the language line "mynt_buy_taobao"
ERROR - 2017-06-06 08:51:33 --> Could not find the language line "mynt_buy_tmall"
ERROR - 2017-06-06 08:51:33 --> Could not find the language line "mynt_buy_youzan"
ERROR - 2017-06-06 08:51:33 --> Could not find the language line "mynt_buy_jd"
ERROR - 2017-06-06 08:51:33 --> Could not find the language line "about_keywords"
ERROR - 2017-06-06 08:51:33 --> Could not find the language line "about_facebook"
ERROR - 2017-06-06 08:51:33 --> Could not find the language line "about_twitter"
ERROR - 2017-06-06 08:51:33 --> Could not find the language line "about_weibo"
ERROR - 2017-06-06 08:51:33 --> Could not find the language line "mynt_buy_taobao"
ERROR - 2017-06-06 08:51:33 --> Could not find the language line "mynt_buy_tmall"
ERROR - 2017-06-06 08:51:33 --> Could not find the language line "mynt_buy_youzan"
ERROR - 2017-06-06 08:51:33 --> Could not find the language line "mynt_buy_jd"
ERROR - 2017-06-06 08:53:18 --> Could not find the language line "mynt_buy_taobao"
ERROR - 2017-06-06 08:53:18 --> Could not find the language line "mynt_buy_tmall"
ERROR - 2017-06-06 08:53:18 --> Could not find the language line "mynt_buy_youzan"
ERROR - 2017-06-06 08:53:18 --> Could not find the language line "mynt_buy_jd"
ERROR - 2017-06-06 08:53:52 --> Could not find the language line "mynt_buy_taobao"
ERROR - 2017-06-06 08:53:52 --> Could not find the language line "mynt_buy_tmall"
ERROR - 2017-06-06 08:53:52 --> Could not find the language line "mynt_buy_youzan"
ERROR - 2017-06-06 08:53:52 --> Could not find the language line "mynt_buy_jd"
ERROR - 2017-06-06 08:54:06 --> Could not find the language line "mynt_buy_taobao"
ERROR - 2017-06-06 08:54:06 --> Could not find the language line "mynt_buy_tmall"
ERROR - 2017-06-06 08:54:06 --> Could not find the language line "mynt_buy_youzan"
ERROR - 2017-06-06 08:54:06 --> Could not find the language line "mynt_buy_jd"
ERROR - 2017-06-06 08:54:09 --> Could not find the language line "mynt_buy_taobao"
ERROR - 2017-06-06 08:54:09 --> Could not find the language line "mynt_buy_tmall"
ERROR - 2017-06-06 08:54:09 --> Could not find the language line "mynt_buy_youzan"
ERROR - 2017-06-06 08:54:09 --> Could not find the language line "mynt_buy_jd"
ERROR - 2017-06-06 09:13:03 --> Could not find the language line "home_cloud_title"
ERROR - 2017-06-06 09:13:03 --> Could not find the language line "home_cloud_intro"
ERROR - 2017-06-06 09:13:03 --> Could not find the language line "mynt_buy_taobao"
ERROR - 2017-06-06 09:13:03 --> Could not find the language line "mynt_buy_tmall"
ERROR - 2017-06-06 09:13:03 --> Could not find the language line "mynt_buy_youzan"
ERROR - 2017-06-06 09:13:03 --> Could not find the language line "mynt_buy_jd"
ERROR - 2017-06-06 09:14:38 --> Could not find the language line "home_cloud_title"
ERROR - 2017-06-06 09:14:38 --> Could not find the language line "home_cloud_intro"
ERROR - 2017-06-06 09:14:38 --> Could not find the language line "mynt_buy_taobao"
ERROR - 2017-06-06 09:14:38 --> Could not find the language line "mynt_buy_tmall"
ERROR - 2017-06-06 09:14:38 --> Could not find the language line "mynt_buy_youzan"
ERROR - 2017-06-06 09:14:38 --> Could not find the language line "mynt_buy_jd"
ERROR - 2017-06-06 09:14:39 --> Could not find the language line "home_cloud_title"
ERROR - 2017-06-06 09:14:39 --> Could not find the language line "home_cloud_intro"
ERROR - 2017-06-06 09:14:39 --> Could not find the language line "mynt_buy_taobao"
ERROR - 2017-06-06 09:14:39 --> Could not find the language line "mynt_buy_tmall"
ERROR - 2017-06-06 09:14:39 --> Could not find the language line "mynt_buy_youzan"
ERROR - 2017-06-06 09:14:39 --> Could not find the language line "mynt_buy_jd"
ERROR - 2017-06-06 09:14:39 --> Could not find the language line "home_cloud_title"
ERROR - 2017-06-06 09:14:39 --> Could not find the language line "home_cloud_intro"
ERROR - 2017-06-06 09:14:39 --> Could not find the language line "mynt_buy_taobao"
ERROR - 2017-06-06 09:14:39 --> Could not find the language line "mynt_buy_tmall"
ERROR - 2017-06-06 09:14:39 --> Could not find the language line "mynt_buy_youzan"
ERROR - 2017-06-06 09:14:39 --> Could not find the language line "mynt_buy_jd"
ERROR - 2017-06-06 09:14:55 --> Could not find the language line "home_cloud_title"
ERROR - 2017-06-06 09:14:55 --> Could not find the language line "home_cloud_intro"
ERROR - 2017-06-06 09:14:55 --> Could not find the language line "home_cloud_title"
ERROR - 2017-06-06 09:14:55 --> Could not find the language line "home_cloud_intro"
ERROR - 2017-06-06 09:14:55 --> Could not find the language line "mynt_buy_taobao"
ERROR - 2017-06-06 09:14:55 --> Could not find the language line "mynt_buy_tmall"
ERROR - 2017-06-06 09:14:55 --> Could not find the language line "mynt_buy_youzan"
ERROR - 2017-06-06 09:14:55 --> Could not find the language line "mynt_buy_jd"
ERROR - 2017-06-06 09:15:05 --> Could not find the language line "mynt_buy_taobao"
ERROR - 2017-06-06 09:15:05 --> Could not find the language line "mynt_buy_tmall"
ERROR - 2017-06-06 09:15:05 --> Could not find the language line "mynt_buy_youzan"
ERROR - 2017-06-06 09:15:05 --> Could not find the language line "mynt_buy_jd"
ERROR - 2017-06-06 09:15:05 --> Could not find the language line "home_cloud_title"
ERROR - 2017-06-06 09:15:05 --> Could not find the language line "home_cloud_intro"
ERROR - 2017-06-06 09:15:05 --> Could not find the language line "mynt_icon_taobao"
ERROR - 2017-06-06 09:15:05 --> Could not find the language line "mynt_icon_tmall"
ERROR - 2017-06-06 09:15:05 --> Could not find the language line "mynt_icon_youzan"
ERROR - 2017-06-06 09:15:06 --> Could not find the language line "mynt_buy_taobao"
ERROR - 2017-06-06 09:15:06 --> Could not find the language line "mynt_buy_tmall"
ERROR - 2017-06-06 09:15:06 --> Could not find the language line "mynt_buy_youzan"
ERROR - 2017-06-06 09:15:06 --> Could not find the language line "mynt_buy_jd"
ERROR - 2017-06-06 09:15:40 --> Could not find the language line "mynt_buy_taobao"
ERROR - 2017-06-06 09:15:40 --> Could not find the language line "mynt_buy_tmall"
ERROR - 2017-06-06 09:15:40 --> Could not find the language line "mynt_buy_youzan"
ERROR - 2017-06-06 09:15:40 --> Could not find the language line "mynt_buy_jd"
ERROR - 2017-06-06 09:15:40 --> Could not find the language line "home_cloud_title"
ERROR - 2017-06-06 09:15:40 --> Could not find the language line "home_cloud_intro"
ERROR - 2017-06-06 09:15:40 --> Could not find the language line "mynt_icon_taobao"
ERROR - 2017-06-06 09:15:40 --> Could not find the language line "mynt_icon_tmall"
ERROR - 2017-06-06 09:15:40 --> Could not find the language line "mynt_icon_youzan"
ERROR - 2017-06-06 09:15:40 --> Could not find the language line "mynt_buy_taobao"
ERROR - 2017-06-06 09:15:40 --> Could not find the language line "mynt_buy_tmall"
ERROR - 2017-06-06 09:15:40 --> Could not find the language line "mynt_buy_youzan"
ERROR - 2017-06-06 09:15:40 --> Could not find the language line "mynt_buy_jd"
ERROR - 2017-06-06 09:15:45 --> Could not find the language line "mynt_buy_taobao"
ERROR - 2017-06-06 09:15:45 --> Could not find the language line "mynt_buy_tmall"
ERROR - 2017-06-06 09:15:45 --> Could not find the language line "mynt_buy_youzan"
ERROR - 2017-06-06 09:15:45 --> Could not find the language line "mynt_buy_jd"
ERROR - 2017-06-06 09:15:45 --> Could not find the language line "home_cloud_title"
ERROR - 2017-06-06 09:15:45 --> Could not find the language line "home_cloud_intro"
ERROR - 2017-06-06 09:15:45 --> Could not find the language line "mynt_icon_taobao"
ERROR - 2017-06-06 09:15:45 --> Could not find the language line "mynt_icon_tmall"
ERROR - 2017-06-06 09:15:45 --> Could not find the language line "mynt_icon_youzan"
ERROR - 2017-06-06 09:15:45 --> Could not find the language line "mynt_buy_taobao"
ERROR - 2017-06-06 09:15:45 --> Could not find the language line "mynt_buy_tmall"
ERROR - 2017-06-06 09:15:45 --> Could not find the language line "mynt_buy_youzan"
ERROR - 2017-06-06 09:15:45 --> Could not find the language line "mynt_buy_jd"
ERROR - 2017-06-06 09:15:48 --> Could not find the language line "mynt_buy_taobao"
ERROR - 2017-06-06 09:15:48 --> Could not find the language line "mynt_buy_tmall"
ERROR - 2017-06-06 09:15:48 --> Could not find the language line "mynt_buy_youzan"
ERROR - 2017-06-06 09:15:48 --> Could not find the language line "mynt_buy_jd"
ERROR - 2017-06-06 09:15:48 --> Could not find the language line "home_cloud_title"
ERROR - 2017-06-06 09:15:48 --> Could not find the language line "home_cloud_intro"
ERROR - 2017-06-06 09:15:48 --> Could not find the language line "mynt_icon_taobao"
ERROR - 2017-06-06 09:15:48 --> Could not find the language line "mynt_icon_tmall"
ERROR - 2017-06-06 09:15:48 --> Could not find the language line "mynt_icon_youzan"
ERROR - 2017-06-06 09:15:48 --> Could not find the language line "mynt_buy_taobao"
ERROR - 2017-06-06 09:15:48 --> Could not find the language line "mynt_buy_tmall"
ERROR - 2017-06-06 09:15:48 --> Could not find the language line "mynt_buy_youzan"
ERROR - 2017-06-06 09:15:48 --> Could not find the language line "mynt_buy_jd"
ERROR - 2017-06-06 09:23:12 --> Could not find the language line "mynt_buy_taobao"
ERROR - 2017-06-06 09:23:12 --> Could not find the language line "mynt_buy_tmall"
ERROR - 2017-06-06 09:23:12 --> Could not find the language line "mynt_buy_youzan"
ERROR - 2017-06-06 09:23:12 --> Could not find the language line "mynt_buy_jd"
ERROR - 2017-06-06 09:23:12 --> Could not find the language line "home_cloud_title"
ERROR - 2017-06-06 09:23:12 --> Could not find the language line "home_cloud_intro"
ERROR - 2017-06-06 09:23:12 --> Could not find the language line "mynt_icon_taobao"
ERROR - 2017-06-06 09:23:12 --> Could not find the language line "mynt_icon_tmall"
ERROR - 2017-06-06 09:23:12 --> Could not find the language line "mynt_icon_youzan"
ERROR - 2017-06-06 09:23:12 --> Could not find the language line "mynt_buy_taobao"
ERROR - 2017-06-06 09:23:12 --> Could not find the language line "mynt_buy_tmall"
ERROR - 2017-06-06 09:23:12 --> Could not find the language line "mynt_buy_youzan"
ERROR - 2017-06-06 09:23:12 --> Could not find the language line "mynt_buy_jd"
ERROR - 2017-06-06 09:24:48 --> Could not find the language line "mynt_buy_taobao"
ERROR - 2017-06-06 09:24:48 --> Could not find the language line "mynt_buy_tmall"
ERROR - 2017-06-06 09:24:48 --> Could not find the language line "mynt_buy_youzan"
ERROR - 2017-06-06 09:24:48 --> Could not find the language line "mynt_buy_jd"
ERROR - 2017-06-06 09:24:48 --> Could not find the language line "home_cloud_title"
ERROR - 2017-06-06 09:24:48 --> Could not find the language line "home_cloud_intro"
ERROR - 2017-06-06 09:24:48 --> Could not find the language line "mynt_icon_taobao"
ERROR - 2017-06-06 09:24:48 --> Could not find the language line "mynt_icon_tmall"
ERROR - 2017-06-06 09:24:48 --> Could not find the language line "mynt_icon_youzan"
ERROR - 2017-06-06 09:24:48 --> Could not find the language line "mynt_buy_taobao"
ERROR - 2017-06-06 09:24:48 --> Could not find the language line "mynt_buy_tmall"
ERROR - 2017-06-06 09:24:48 --> Could not find the language line "mynt_buy_youzan"
ERROR - 2017-06-06 09:24:48 --> Could not find the language line "mynt_buy_jd"
ERROR - 2017-06-06 09:24:58 --> Could not find the language line "mynt_buy_taobao"
ERROR - 2017-06-06 09:24:58 --> Could not find the language line "mynt_buy_tmall"
ERROR - 2017-06-06 09:24:58 --> Could not find the language line "mynt_buy_youzan"
ERROR - 2017-06-06 09:24:58 --> Could not find the language line "mynt_buy_jd"
ERROR - 2017-06-06 09:26:01 --> Could not find the language line "home_cloud_title"
ERROR - 2017-06-06 09:26:01 --> Could not find the language line "home_cloud_intro"
ERROR - 2017-06-06 09:26:02 --> Could not find the language line "mynt_buy_taobao"
ERROR - 2017-06-06 09:26:02 --> Could not find the language line "mynt_buy_tmall"
ERROR - 2017-06-06 09:26:02 --> Could not find the language line "mynt_buy_youzan"
ERROR - 2017-06-06 09:26:02 --> Could not find the language line "mynt_buy_jd"
ERROR - 2017-06-06 09:26:10 --> Could not find the language line "home_cloud_title"
ERROR - 2017-06-06 09:26:10 --> Could not find the language line "home_cloud_intro"
ERROR - 2017-06-06 09:26:10 --> Could not find the language line "mynt_buy_taobao"
ERROR - 2017-06-06 09:26:10 --> Could not find the language line "mynt_buy_tmall"
ERROR - 2017-06-06 09:26:10 --> Could not find the language line "mynt_buy_youzan"
ERROR - 2017-06-06 09:26:10 --> Could not find the language line "mynt_buy_jd"
ERROR - 2017-06-06 09:26:16 --> Could not find the language line "mynt_buy_taobao"
ERROR - 2017-06-06 09:26:16 --> Could not find the language line "mynt_buy_tmall"
ERROR - 2017-06-06 09:26:16 --> Could not find the language line "mynt_buy_youzan"
ERROR - 2017-06-06 09:26:16 --> Could not find the language line "mynt_buy_jd"
ERROR - 2017-06-06 09:26:23 --> Could not find the language line "mynt_buy_taobao"
ERROR - 2017-06-06 09:26:23 --> Could not find the language line "mynt_buy_tmall"
ERROR - 2017-06-06 09:26:23 --> Could not find the language line "mynt_buy_youzan"
ERROR - 2017-06-06 09:26:23 --> Could not find the language line "mynt_buy_jd"
ERROR - 2017-06-06 09:26:50 --> Could not find the language line "mynt_buy_taobao"
ERROR - 2017-06-06 09:26:50 --> Could not find the language line "mynt_buy_tmall"
ERROR - 2017-06-06 09:26:50 --> Could not find the language line "mynt_buy_youzan"
ERROR - 2017-06-06 09:26:50 --> Could not find the language line "mynt_buy_jd"
ERROR - 2017-06-06 09:27:48 --> Could not find the language line "mynt_buy_taobao"
ERROR - 2017-06-06 09:27:48 --> Could not find the language line "mynt_buy_tmall"
ERROR - 2017-06-06 09:27:48 --> Could not find the language line "mynt_buy_youzan"
ERROR - 2017-06-06 09:27:48 --> Could not find the language line "mynt_buy_jd"
ERROR - 2017-06-06 09:36:41 --> Could not find the language line "mynt_buy_taobao"
ERROR - 2017-06-06 09:36:41 --> Could not find the language line "mynt_buy_tmall"
ERROR - 2017-06-06 09:36:41 --> Could not find the language line "mynt_buy_youzan"
ERROR - 2017-06-06 09:36:41 --> Could not find the language line "mynt_buy_jd"
ERROR - 2017-06-06 09:36:41 --> Could not find the language line "home_cloud_title"
ERROR - 2017-06-06 09:36:41 --> Could not find the language line "home_cloud_intro"
ERROR - 2017-06-06 09:36:41 --> Could not find the language line "mynt_icon_taobao"
ERROR - 2017-06-06 09:36:41 --> Could not find the language line "mynt_icon_tmall"
ERROR - 2017-06-06 09:36:41 --> Could not find the language line "mynt_icon_youzan"
ERROR - 2017-06-06 09:36:41 --> Could not find the language line "mynt_buy_taobao"
ERROR - 2017-06-06 09:36:41 --> Could not find the language line "mynt_buy_tmall"
ERROR - 2017-06-06 09:36:41 --> Could not find the language line "mynt_buy_youzan"
ERROR - 2017-06-06 09:36:41 --> Could not find the language line "mynt_buy_jd"
ERROR - 2017-06-06 09:36:42 --> Could not find the language line "mynt_buy_taobao"
ERROR - 2017-06-06 09:36:42 --> Could not find the language line "mynt_buy_tmall"
ERROR - 2017-06-06 09:36:42 --> Could not find the language line "mynt_buy_youzan"
ERROR - 2017-06-06 09:36:42 --> Could not find the language line "mynt_buy_jd"
ERROR - 2017-06-06 09:36:42 --> Could not find the language line "home_cloud_title"
ERROR - 2017-06-06 09:36:42 --> Could not find the language line "home_cloud_intro"
ERROR - 2017-06-06 09:36:42 --> Could not find the language line "mynt_icon_taobao"
ERROR - 2017-06-06 09:36:42 --> Could not find the language line "mynt_icon_tmall"
ERROR - 2017-06-06 09:36:42 --> Could not find the language line "mynt_icon_youzan"
ERROR - 2017-06-06 09:36:42 --> Could not find the language line "mynt_buy_taobao"
ERROR - 2017-06-06 09:36:42 --> Could not find the language line "mynt_buy_tmall"
ERROR - 2017-06-06 09:36:42 --> Could not find the language line "mynt_buy_youzan"
ERROR - 2017-06-06 09:36:42 --> Could not find the language line "mynt_buy_jd"
ERROR - 2017-06-06 09:36:43 --> Could not find the language line "mynt_buy_taobao"
ERROR - 2017-06-06 09:36:43 --> Could not find the language line "mynt_buy_tmall"
ERROR - 2017-06-06 09:36:43 --> Could not find the language line "mynt_buy_youzan"
ERROR - 2017-06-06 09:36:43 --> Could not find the language line "mynt_buy_jd"
ERROR - 2017-06-06 09:36:43 --> Could not find the language line "home_cloud_title"
ERROR - 2017-06-06 09:36:43 --> Could not find the language line "home_cloud_intro"
ERROR - 2017-06-06 09:36:43 --> Could not find the language line "mynt_icon_taobao"
ERROR - 2017-06-06 09:36:43 --> Could not find the language line "mynt_icon_tmall"
ERROR - 2017-06-06 09:36:43 --> Could not find the language line "mynt_icon_youzan"
ERROR - 2017-06-06 09:36:43 --> Could not find the language line "mynt_buy_taobao"
ERROR - 2017-06-06 09:36:43 --> Could not find the language line "mynt_buy_tmall"
ERROR - 2017-06-06 09:36:43 --> Could not find the language line "mynt_buy_youzan"
ERROR - 2017-06-06 09:36:43 --> Could not find the language line "mynt_buy_jd"
ERROR - 2017-06-06 09:37:25 --> Could not find the language line "mynt_buy_taobao"
ERROR - 2017-06-06 09:37:25 --> Could not find the language line "mynt_buy_tmall"
ERROR - 2017-06-06 09:37:25 --> Could not find the language line "mynt_buy_youzan"
ERROR - 2017-06-06 09:37:25 --> Could not find the language line "mynt_buy_jd"
ERROR - 2017-06-06 09:37:25 --> Could not find the language line "home_cloud_title"
ERROR - 2017-06-06 09:37:25 --> Could not find the language line "home_cloud_intro"
ERROR - 2017-06-06 09:37:25 --> Could not find the language line "mynt_icon_taobao"
ERROR - 2017-06-06 09:37:25 --> Could not find the language line "mynt_icon_tmall"
ERROR - 2017-06-06 09:37:25 --> Could not find the language line "mynt_icon_youzan"
ERROR - 2017-06-06 09:37:25 --> Could not find the language line "mynt_buy_taobao"
ERROR - 2017-06-06 09:37:25 --> Could not find the language line "mynt_buy_tmall"
ERROR - 2017-06-06 09:37:25 --> Could not find the language line "mynt_buy_youzan"
ERROR - 2017-06-06 09:37:25 --> Could not find the language line "mynt_buy_jd"
ERROR - 2017-06-06 09:38:16 --> Could not find the language line "mynt_buy_taobao"
ERROR - 2017-06-06 09:38:16 --> Could not find the language line "mynt_buy_tmall"
ERROR - 2017-06-06 09:38:16 --> Could not find the language line "mynt_buy_youzan"
ERROR - 2017-06-06 09:38:16 --> Could not find the language line "mynt_buy_jd"
ERROR - 2017-06-06 09:38:16 --> Could not find the language line "home_cloud_title"
ERROR - 2017-06-06 09:38:16 --> Could not find the language line "home_cloud_intro"
ERROR - 2017-06-06 09:38:16 --> Could not find the language line "mynt_icon_taobao"
ERROR - 2017-06-06 09:38:16 --> Could not find the language line "mynt_icon_tmall"
ERROR - 2017-06-06 09:38:16 --> Could not find the language line "mynt_icon_youzan"
ERROR - 2017-06-06 09:38:16 --> Could not find the language line "mynt_buy_taobao"
ERROR - 2017-06-06 09:38:16 --> Could not find the language line "mynt_buy_tmall"
ERROR - 2017-06-06 09:38:16 --> Could not find the language line "mynt_buy_youzan"
ERROR - 2017-06-06 09:38:16 --> Could not find the language line "mynt_buy_jd"
ERROR - 2017-06-06 09:39:01 --> Could not find the language line "mynt_buy_taobao"
ERROR - 2017-06-06 09:39:01 --> Could not find the language line "mynt_buy_tmall"
ERROR - 2017-06-06 09:39:01 --> Could not find the language line "mynt_buy_youzan"
ERROR - 2017-06-06 09:39:01 --> Could not find the language line "mynt_buy_jd"
ERROR - 2017-06-06 09:39:01 --> Could not find the language line "home_cloud_title"
ERROR - 2017-06-06 09:39:01 --> Could not find the language line "home_cloud_intro"
ERROR - 2017-06-06 09:39:01 --> Could not find the language line "mynt_icon_taobao"
ERROR - 2017-06-06 09:39:01 --> Could not find the language line "mynt_icon_tmall"
ERROR - 2017-06-06 09:39:01 --> Could not find the language line "mynt_icon_youzan"
ERROR - 2017-06-06 09:39:01 --> Could not find the language line "mynt_buy_taobao"
ERROR - 2017-06-06 09:39:01 --> Could not find the language line "mynt_buy_tmall"
ERROR - 2017-06-06 09:39:01 --> Could not find the language line "mynt_buy_youzan"
ERROR - 2017-06-06 09:39:01 --> Could not find the language line "mynt_buy_jd"
ERROR - 2017-06-06 09:39:19 --> Could not find the language line "mynt_buy_taobao"
ERROR - 2017-06-06 09:39:19 --> Could not find the language line "mynt_buy_tmall"
ERROR - 2017-06-06 09:39:19 --> Could not find the language line "mynt_buy_youzan"
ERROR - 2017-06-06 09:39:19 --> Could not find the language line "mynt_buy_jd"
ERROR - 2017-06-06 09:39:19 --> Could not find the language line "home_cloud_title"
ERROR - 2017-06-06 09:39:19 --> Could not find the language line "home_cloud_intro"
ERROR - 2017-06-06 09:39:19 --> Could not find the language line "mynt_icon_taobao"
ERROR - 2017-06-06 09:39:19 --> Could not find the language line "mynt_icon_tmall"
ERROR - 2017-06-06 09:39:19 --> Could not find the language line "mynt_icon_youzan"
ERROR - 2017-06-06 09:39:19 --> Could not find the language line "mynt_buy_taobao"
ERROR - 2017-06-06 09:39:19 --> Could not find the language line "mynt_buy_tmall"
ERROR - 2017-06-06 09:39:19 --> Could not find the language line "mynt_buy_youzan"
ERROR - 2017-06-06 09:39:19 --> Could not find the language line "mynt_buy_jd"
ERROR - 2017-06-06 09:39:54 --> Could not find the language line "mynt_buy_taobao"
ERROR - 2017-06-06 09:39:54 --> Could not find the language line "mynt_buy_tmall"
ERROR - 2017-06-06 09:39:54 --> Could not find the language line "mynt_buy_youzan"
ERROR - 2017-06-06 09:39:54 --> Could not find the language line "mynt_buy_jd"
ERROR - 2017-06-06 09:39:54 --> Could not find the language line "home_cloud_title"
ERROR - 2017-06-06 09:39:54 --> Could not find the language line "home_cloud_intro"
ERROR - 2017-06-06 09:39:54 --> Could not find the language line "mynt_icon_taobao"
ERROR - 2017-06-06 09:39:54 --> Could not find the language line "mynt_icon_tmall"
ERROR - 2017-06-06 09:39:54 --> Could not find the language line "mynt_icon_youzan"
ERROR - 2017-06-06 09:39:54 --> Could not find the language line "mynt_buy_taobao"
ERROR - 2017-06-06 09:39:54 --> Could not find the language line "mynt_buy_tmall"
ERROR - 2017-06-06 09:39:54 --> Could not find the language line "mynt_buy_youzan"
ERROR - 2017-06-06 09:39:54 --> Could not find the language line "mynt_buy_jd"
ERROR - 2017-06-06 09:40:19 --> Could not find the language line "mynt_buy_taobao"
ERROR - 2017-06-06 09:40:19 --> Could not find the language line "mynt_buy_tmall"
ERROR - 2017-06-06 09:40:19 --> Could not find the language line "mynt_buy_youzan"
ERROR - 2017-06-06 09:40:19 --> Could not find the language line "mynt_buy_jd"
ERROR - 2017-06-06 09:40:19 --> Could not find the language line "home_cloud_title"
ERROR - 2017-06-06 09:40:19 --> Could not find the language line "home_cloud_intro"
ERROR - 2017-06-06 09:40:19 --> Could not find the language line "mynt_icon_taobao"
ERROR - 2017-06-06 09:40:19 --> Could not find the language line "mynt_icon_tmall"
ERROR - 2017-06-06 09:40:19 --> Could not find the language line "mynt_icon_youzan"
ERROR - 2017-06-06 09:40:20 --> Could not find the language line "mynt_buy_taobao"
ERROR - 2017-06-06 09:40:20 --> Could not find the language line "mynt_buy_tmall"
ERROR - 2017-06-06 09:40:20 --> Could not find the language line "mynt_buy_youzan"
ERROR - 2017-06-06 09:40:20 --> Could not find the language line "mynt_buy_jd"
ERROR - 2017-06-06 09:40:44 --> Could not find the language line "mynt_buy_taobao"
ERROR - 2017-06-06 09:40:44 --> Could not find the language line "mynt_buy_tmall"
ERROR - 2017-06-06 09:40:44 --> Could not find the language line "mynt_buy_youzan"
ERROR - 2017-06-06 09:40:44 --> Could not find the language line "mynt_buy_jd"
ERROR - 2017-06-06 09:40:44 --> Could not find the language line "home_cloud_title"
ERROR - 2017-06-06 09:40:44 --> Could not find the language line "home_cloud_intro"
ERROR - 2017-06-06 09:40:44 --> Could not find the language line "mynt_icon_taobao"
ERROR - 2017-06-06 09:40:44 --> Could not find the language line "mynt_icon_tmall"
ERROR - 2017-06-06 09:40:44 --> Could not find the language line "mynt_icon_youzan"
ERROR - 2017-06-06 09:40:44 --> Could not find the language line "mynt_buy_taobao"
ERROR - 2017-06-06 09:40:44 --> Could not find the language line "mynt_buy_tmall"
ERROR - 2017-06-06 09:40:44 --> Could not find the language line "mynt_buy_youzan"
ERROR - 2017-06-06 09:40:44 --> Could not find the language line "mynt_buy_jd"
ERROR - 2017-06-06 09:40:47 --> Could not find the language line "mynt_buy_taobao"
ERROR - 2017-06-06 09:40:47 --> Could not find the language line "mynt_buy_tmall"
ERROR - 2017-06-06 09:40:47 --> Could not find the language line "mynt_buy_youzan"
ERROR - 2017-06-06 09:40:47 --> Could not find the language line "mynt_buy_jd"
ERROR - 2017-06-06 09:40:50 --> Could not find the language line "mynt_buy_taobao"
ERROR - 2017-06-06 09:40:50 --> Could not find the language line "mynt_buy_tmall"
ERROR - 2017-06-06 09:40:50 --> Could not find the language line "mynt_buy_youzan"
ERROR - 2017-06-06 09:40:50 --> Could not find the language line "mynt_buy_jd"
ERROR - 2017-06-06 09:40:55 --> Could not find the language line "mynt_buy_taobao"
ERROR - 2017-06-06 09:40:55 --> Could not find the language line "mynt_buy_tmall"
ERROR - 2017-06-06 09:40:55 --> Could not find the language line "mynt_buy_youzan"
ERROR - 2017-06-06 09:40:55 --> Could not find the language line "mynt_buy_jd"
ERROR - 2017-06-06 09:41:00 --> Could not find the language line "mynt_buy_taobao"
ERROR - 2017-06-06 09:41:00 --> Could not find the language line "mynt_buy_tmall"
ERROR - 2017-06-06 09:41:00 --> Could not find the language line "mynt_buy_youzan"
ERROR - 2017-06-06 09:41:00 --> Could not find the language line "mynt_buy_jd"
ERROR - 2017-06-06 09:41:06 --> Could not find the language line "mynt_buy_taobao"
ERROR - 2017-06-06 09:41:06 --> Could not find the language line "mynt_buy_tmall"
ERROR - 2017-06-06 09:41:06 --> Could not find the language line "mynt_buy_youzan"
ERROR - 2017-06-06 09:41:06 --> Could not find the language line "mynt_buy_jd"
ERROR - 2017-06-06 09:41:09 --> Could not find the language line "mynt_buy_taobao"
ERROR - 2017-06-06 09:41:09 --> Could not find the language line "mynt_buy_tmall"
ERROR - 2017-06-06 09:41:09 --> Could not find the language line "mynt_buy_youzan"
ERROR - 2017-06-06 09:41:09 --> Could not find the language line "mynt_buy_jd"
ERROR - 2017-06-06 09:41:12 --> Could not find the language line "mynt_buy_taobao"
ERROR - 2017-06-06 09:41:12 --> Could not find the language line "mynt_buy_tmall"
ERROR - 2017-06-06 09:41:12 --> Could not find the language line "mynt_buy_youzan"
ERROR - 2017-06-06 09:41:12 --> Could not find the language line "mynt_buy_jd"
ERROR - 2017-06-06 09:45:23 --> Could not find the language line "mynt_buy_taobao"
ERROR - 2017-06-06 09:45:23 --> Could not find the language line "mynt_buy_tmall"
ERROR - 2017-06-06 09:45:23 --> Could not find the language line "mynt_buy_youzan"
ERROR - 2017-06-06 09:45:23 --> Could not find the language line "mynt_buy_jd"
ERROR - 2017-06-06 09:45:23 --> Could not find the language line "home_cloud_title"
ERROR - 2017-06-06 09:45:23 --> Could not find the language line "home_cloud_intro"
ERROR - 2017-06-06 09:45:23 --> Could not find the language line "mynt_icon_taobao"
ERROR - 2017-06-06 09:45:23 --> Could not find the language line "mynt_icon_tmall"
ERROR - 2017-06-06 09:45:23 --> Could not find the language line "mynt_icon_youzan"
ERROR - 2017-06-06 09:45:23 --> Could not find the language line "mynt_buy_taobao"
ERROR - 2017-06-06 09:45:23 --> Could not find the language line "mynt_buy_tmall"
ERROR - 2017-06-06 09:45:23 --> Could not find the language line "mynt_buy_youzan"
ERROR - 2017-06-06 09:45:23 --> Could not find the language line "mynt_buy_jd"
ERROR - 2017-06-06 09:45:23 --> Could not find the language line "mynt_buy_taobao"
ERROR - 2017-06-06 09:45:23 --> Could not find the language line "mynt_buy_tmall"
ERROR - 2017-06-06 09:45:23 --> Could not find the language line "mynt_buy_youzan"
ERROR - 2017-06-06 09:45:23 --> Could not find the language line "mynt_buy_jd"
ERROR - 2017-06-06 09:45:23 --> Could not find the language line "home_cloud_title"
ERROR - 2017-06-06 09:45:23 --> Could not find the language line "home_cloud_intro"
ERROR - 2017-06-06 09:45:23 --> Could not find the language line "mynt_icon_taobao"
ERROR - 2017-06-06 09:45:23 --> Could not find the language line "mynt_icon_tmall"
ERROR - 2017-06-06 09:45:23 --> Could not find the language line "mynt_icon_youzan"
ERROR - 2017-06-06 09:45:24 --> Could not find the language line "mynt_buy_taobao"
ERROR - 2017-06-06 09:45:24 --> Could not find the language line "mynt_buy_tmall"
ERROR - 2017-06-06 09:45:24 --> Could not find the language line "mynt_buy_youzan"
ERROR - 2017-06-06 09:45:24 --> Could not find the language line "mynt_buy_jd"
ERROR - 2017-06-06 09:45:24 --> Could not find the language line "home_cloud_title"
ERROR - 2017-06-06 09:45:24 --> Could not find the language line "home_cloud_intro"
ERROR - 2017-06-06 09:45:24 --> Could not find the language line "mynt_icon_taobao"
ERROR - 2017-06-06 09:45:24 --> Could not find the language line "mynt_icon_tmall"
ERROR - 2017-06-06 09:45:24 --> Could not find the language line "mynt_icon_youzan"
ERROR - 2017-06-06 09:45:24 --> Could not find the language line "mynt_buy_taobao"
ERROR - 2017-06-06 09:45:24 --> Could not find the language line "mynt_buy_tmall"
ERROR - 2017-06-06 09:45:24 --> Could not find the language line "mynt_buy_youzan"
ERROR - 2017-06-06 09:45:24 --> Could not find the language line "mynt_buy_jd"
ERROR - 2017-06-06 09:45:59 --> Could not find the language line "mynt_buy_taobao"
ERROR - 2017-06-06 09:45:59 --> Could not find the language line "mynt_buy_tmall"
ERROR - 2017-06-06 09:45:59 --> Could not find the language line "mynt_buy_youzan"
ERROR - 2017-06-06 09:45:59 --> Could not find the language line "mynt_buy_jd"
ERROR - 2017-06-06 09:46:07 --> Could not find the language line "mynt_buy_taobao"
ERROR - 2017-06-06 09:46:07 --> Could not find the language line "mynt_buy_tmall"
ERROR - 2017-06-06 09:46:07 --> Could not find the language line "mynt_buy_youzan"
ERROR - 2017-06-06 09:46:07 --> Could not find the language line "mynt_buy_jd"
ERROR - 2017-06-06 09:46:09 --> Could not find the language line "mynt_buy_taobao"
ERROR - 2017-06-06 09:46:09 --> Could not find the language line "mynt_buy_tmall"
ERROR - 2017-06-06 09:46:09 --> Could not find the language line "mynt_buy_youzan"
ERROR - 2017-06-06 09:46:09 --> Could not find the language line "mynt_buy_jd"
ERROR - 2017-06-06 09:47:06 --> Could not find the language line "mynt_buy_taobao"
ERROR - 2017-06-06 09:47:06 --> Could not find the language line "mynt_buy_tmall"
ERROR - 2017-06-06 09:47:06 --> Could not find the language line "mynt_buy_youzan"
ERROR - 2017-06-06 09:47:06 --> Could not find the language line "mynt_buy_jd"
ERROR - 2017-06-06 09:47:06 --> Could not find the language line "mynt_buy_taobao"
ERROR - 2017-06-06 09:47:06 --> Could not find the language line "mynt_buy_tmall"
ERROR - 2017-06-06 09:47:06 --> Could not find the language line "mynt_buy_youzan"
ERROR - 2017-06-06 09:47:06 --> Could not find the language line "mynt_buy_jd"
ERROR - 2017-06-06 09:55:50 --> Could not find the language line "mynt_buy_taobao"
ERROR - 2017-06-06 09:55:50 --> Could not find the language line "mynt_buy_tmall"
ERROR - 2017-06-06 09:55:50 --> Could not find the language line "mynt_buy_youzan"
ERROR - 2017-06-06 09:55:50 --> Could not find the language line "mynt_buy_jd"
ERROR - 2017-06-06 09:55:50 --> Could not find the language line "mynt_buy_taobao"
ERROR - 2017-06-06 09:55:50 --> Could not find the language line "mynt_buy_tmall"
ERROR - 2017-06-06 09:55:50 --> Could not find the language line "mynt_buy_youzan"
ERROR - 2017-06-06 09:55:50 --> Could not find the language line "mynt_buy_jd"
ERROR - 2017-06-06 09:56:09 --> Could not find the language line "mynt_buy_taobao"
ERROR - 2017-06-06 09:56:09 --> Could not find the language line "mynt_buy_tmall"
ERROR - 2017-06-06 09:56:09 --> Could not find the language line "mynt_buy_youzan"
ERROR - 2017-06-06 09:56:09 --> Could not find the language line "mynt_buy_jd"
ERROR - 2017-06-06 09:56:09 --> Could not find the language line "mynt_buy_taobao"
ERROR - 2017-06-06 09:56:09 --> Could not find the language line "mynt_buy_tmall"
ERROR - 2017-06-06 09:56:09 --> Could not find the language line "mynt_buy_youzan"
ERROR - 2017-06-06 09:56:09 --> Could not find the language line "mynt_buy_jd"
ERROR - 2017-06-06 09:56:50 --> Could not find the language line "mynt_buy_taobao"
ERROR - 2017-06-06 09:56:50 --> Could not find the language line "mynt_buy_tmall"
ERROR - 2017-06-06 09:56:50 --> Could not find the language line "mynt_buy_youzan"
ERROR - 2017-06-06 09:56:50 --> Could not find the language line "mynt_buy_jd"
ERROR - 2017-06-06 09:57:23 --> Could not find the language line "mynt_buy_taobao"
ERROR - 2017-06-06 09:57:23 --> Could not find the language line "mynt_buy_tmall"
ERROR - 2017-06-06 09:57:23 --> Could not find the language line "mynt_buy_youzan"
ERROR - 2017-06-06 09:57:23 --> Could not find the language line "mynt_buy_jd"
ERROR - 2017-06-06 09:57:23 --> Could not find the language line "mynt_buy_taobao"
ERROR - 2017-06-06 09:57:23 --> Could not find the language line "mynt_buy_tmall"
ERROR - 2017-06-06 09:57:23 --> Could not find the language line "mynt_buy_youzan"
ERROR - 2017-06-06 09:57:23 --> Could not find the language line "mynt_buy_jd"
ERROR - 2017-06-06 09:58:09 --> Could not find the language line "mynt_buy_taobao"
ERROR - 2017-06-06 09:58:09 --> Could not find the language line "mynt_buy_tmall"
ERROR - 2017-06-06 09:58:09 --> Could not find the language line "mynt_buy_youzan"
ERROR - 2017-06-06 09:58:09 --> Could not find the language line "mynt_buy_jd"
ERROR - 2017-06-06 09:58:09 --> Could not find the language line "mynt_buy_taobao"
ERROR - 2017-06-06 09:58:09 --> Could not find the language line "mynt_buy_tmall"
ERROR - 2017-06-06 09:58:09 --> Could not find the language line "mynt_buy_youzan"
ERROR - 2017-06-06 09:58:09 --> Could not find the language line "mynt_buy_jd"
ERROR - 2017-06-06 09:59:21 --> Could not find the language line "mynt_buy_taobao"
ERROR - 2017-06-06 09:59:21 --> Could not find the language line "mynt_buy_tmall"
ERROR - 2017-06-06 09:59:21 --> Could not find the language line "mynt_buy_youzan"
ERROR - 2017-06-06 09:59:21 --> Could not find the language line "mynt_buy_jd"
ERROR - 2017-06-06 09:59:21 --> Could not find the language line "mynt_buy_taobao"
ERROR - 2017-06-06 09:59:21 --> Could not find the language line "mynt_buy_tmall"
ERROR - 2017-06-06 09:59:21 --> Could not find the language line "mynt_buy_youzan"
ERROR - 2017-06-06 09:59:21 --> Could not find the language line "mynt_buy_jd"
ERROR - 2017-06-06 09:59:54 --> Could not find the language line "mynt_buy_taobao"
ERROR - 2017-06-06 09:59:54 --> Could not find the language line "mynt_buy_tmall"
ERROR - 2017-06-06 09:59:54 --> Could not find the language line "mynt_buy_youzan"
ERROR - 2017-06-06 09:59:54 --> Could not find the language line "mynt_buy_jd"
ERROR - 2017-06-06 10:01:03 --> Could not find the language line "mynt_buy_taobao"
ERROR - 2017-06-06 10:01:03 --> Could not find the language line "mynt_buy_tmall"
ERROR - 2017-06-06 10:01:03 --> Could not find the language line "mynt_buy_youzan"
ERROR - 2017-06-06 10:01:03 --> Could not find the language line "mynt_buy_jd"
ERROR - 2017-06-06 10:01:03 --> Could not find the language line "home_cloud_title"
ERROR - 2017-06-06 10:01:03 --> Could not find the language line "home_cloud_intro"
ERROR - 2017-06-06 10:01:03 --> Could not find the language line "mynt_icon_taobao"
ERROR - 2017-06-06 10:01:03 --> Could not find the language line "mynt_icon_tmall"
ERROR - 2017-06-06 10:01:03 --> Could not find the language line "mynt_icon_youzan"
ERROR - 2017-06-06 10:01:03 --> Could not find the language line "mynt_buy_taobao"
ERROR - 2017-06-06 10:01:03 --> Could not find the language line "mynt_buy_tmall"
ERROR - 2017-06-06 10:01:03 --> Could not find the language line "mynt_buy_youzan"
ERROR - 2017-06-06 10:01:03 --> Could not find the language line "mynt_buy_jd"
ERROR - 2017-06-06 10:01:16 --> Could not find the language line "mynt_buy_taobao"
ERROR - 2017-06-06 10:01:16 --> Could not find the language line "mynt_buy_tmall"
ERROR - 2017-06-06 10:01:16 --> Could not find the language line "mynt_buy_youzan"
ERROR - 2017-06-06 10:01:16 --> Could not find the language line "mynt_buy_jd"
ERROR - 2017-06-06 10:01:16 --> Could not find the language line "about_keywords"
ERROR - 2017-06-06 10:01:16 --> Could not find the language line "about_facebook"
ERROR - 2017-06-06 10:01:16 --> Could not find the language line "about_twitter"
ERROR - 2017-06-06 10:01:16 --> Could not find the language line "about_weibo"
ERROR - 2017-06-06 10:01:16 --> Could not find the language line "mynt_buy_taobao"
ERROR - 2017-06-06 10:01:16 --> Could not find the language line "mynt_buy_tmall"
ERROR - 2017-06-06 10:01:16 --> Could not find the language line "mynt_buy_youzan"
ERROR - 2017-06-06 10:01:16 --> Could not find the language line "mynt_buy_jd"
ERROR - 2017-06-06 10:01:51 --> Could not find the language line "mynt_buy_taobao"
ERROR - 2017-06-06 10:01:51 --> Could not find the language line "mynt_buy_tmall"
ERROR - 2017-06-06 10:01:51 --> Could not find the language line "mynt_buy_youzan"
ERROR - 2017-06-06 10:01:51 --> Could not find the language line "mynt_buy_jd"
ERROR - 2017-06-06 10:01:51 --> Could not find the language line "about_keywords"
ERROR - 2017-06-06 10:01:51 --> Could not find the language line "about_facebook"
ERROR - 2017-06-06 10:01:51 --> Could not find the language line "about_twitter"
ERROR - 2017-06-06 10:01:51 --> Could not find the language line "about_weibo"
ERROR - 2017-06-06 10:01:51 --> Could not find the language line "mynt_buy_taobao"
ERROR - 2017-06-06 10:01:51 --> Could not find the language line "mynt_buy_tmall"
ERROR - 2017-06-06 10:01:51 --> Could not find the language line "mynt_buy_youzan"
ERROR - 2017-06-06 10:01:51 --> Could not find the language line "mynt_buy_jd"
ERROR - 2017-06-06 10:02:15 --> Could not find the language line "mynt_buy_taobao"
ERROR - 2017-06-06 10:02:15 --> Could not find the language line "mynt_buy_tmall"
ERROR - 2017-06-06 10:02:15 --> Could not find the language line "mynt_buy_youzan"
ERROR - 2017-06-06 10:02:15 --> Could not find the language line "mynt_buy_jd"
ERROR - 2017-06-06 10:02:15 --> Could not find the language line "about_keywords"
ERROR - 2017-06-06 10:02:15 --> Could not find the language line "about_facebook"
ERROR - 2017-06-06 10:02:15 --> Could not find the language line "about_twitter"
ERROR - 2017-06-06 10:02:15 --> Could not find the language line "about_weibo"
ERROR - 2017-06-06 10:02:15 --> Could not find the language line "mynt_buy_taobao"
ERROR - 2017-06-06 10:02:15 --> Could not find the language line "mynt_buy_tmall"
ERROR - 2017-06-06 10:02:15 --> Could not find the language line "mynt_buy_youzan"
ERROR - 2017-06-06 10:02:15 --> Could not find the language line "mynt_buy_jd"
ERROR - 2017-06-06 10:04:08 --> Could not find the language line "mynt_buy_taobao"
ERROR - 2017-06-06 10:04:08 --> Could not find the language line "mynt_buy_tmall"
ERROR - 2017-06-06 10:04:08 --> Could not find the language line "mynt_buy_youzan"
ERROR - 2017-06-06 10:04:08 --> Could not find the language line "mynt_buy_jd"
ERROR - 2017-06-06 10:04:08 --> Could not find the language line "about_keywords"
ERROR - 2017-06-06 10:04:08 --> Could not find the language line "about_facebook"
ERROR - 2017-06-06 10:04:08 --> Could not find the language line "about_twitter"
ERROR - 2017-06-06 10:04:08 --> Could not find the language line "about_weibo"
ERROR - 2017-06-06 10:04:08 --> Could not find the language line "mynt_buy_taobao"
ERROR - 2017-06-06 10:04:08 --> Could not find the language line "mynt_buy_tmall"
ERROR - 2017-06-06 10:04:08 --> Could not find the language line "mynt_buy_youzan"
ERROR - 2017-06-06 10:04:08 --> Could not find the language line "mynt_buy_jd"
ERROR - 2017-06-06 10:09:19 --> Could not find the language line "mynt_buy_taobao"
ERROR - 2017-06-06 10:09:19 --> Could not find the language line "mynt_buy_tmall"
ERROR - 2017-06-06 10:09:19 --> Could not find the language line "mynt_buy_youzan"
ERROR - 2017-06-06 10:09:19 --> Could not find the language line "mynt_buy_jd"
ERROR - 2017-06-06 10:09:19 --> Could not find the language line "about_keywords"
ERROR - 2017-06-06 10:09:19 --> Could not find the language line "about_facebook"
ERROR - 2017-06-06 10:09:19 --> Could not find the language line "about_twitter"
ERROR - 2017-06-06 10:09:19 --> Could not find the language line "about_weibo"
ERROR - 2017-06-06 10:09:19 --> Could not find the language line "mynt_buy_taobao"
ERROR - 2017-06-06 10:09:19 --> Could not find the language line "mynt_buy_tmall"
ERROR - 2017-06-06 10:09:19 --> Could not find the language line "mynt_buy_youzan"
ERROR - 2017-06-06 10:09:19 --> Could not find the language line "mynt_buy_jd"
ERROR - 2017-06-06 10:09:28 --> Could not find the language line "mynt_buy_taobao"
ERROR - 2017-06-06 10:09:28 --> Could not find the language line "mynt_buy_tmall"
ERROR - 2017-06-06 10:09:28 --> Could not find the language line "mynt_buy_youzan"
ERROR - 2017-06-06 10:09:28 --> Could not find the language line "mynt_buy_jd"
ERROR - 2017-06-06 10:09:28 --> Could not find the language line "about_keywords"
ERROR - 2017-06-06 10:09:28 --> Could not find the language line "about_facebook"
ERROR - 2017-06-06 10:09:28 --> Could not find the language line "about_twitter"
ERROR - 2017-06-06 10:09:28 --> Could not find the language line "about_weibo"
ERROR - 2017-06-06 10:09:28 --> Could not find the language line "mynt_buy_taobao"
ERROR - 2017-06-06 10:09:28 --> Could not find the language line "mynt_buy_tmall"
ERROR - 2017-06-06 10:09:28 --> Could not find the language line "mynt_buy_youzan"
ERROR - 2017-06-06 10:09:28 --> Could not find the language line "mynt_buy_jd"
ERROR - 2017-06-06 10:09:39 --> Could not find the language line "mynt_buy_taobao"
ERROR - 2017-06-06 10:09:39 --> Could not find the language line "mynt_buy_tmall"
ERROR - 2017-06-06 10:09:39 --> Could not find the language line "mynt_buy_youzan"
ERROR - 2017-06-06 10:09:39 --> Could not find the language line "mynt_buy_jd"
ERROR - 2017-06-06 10:09:49 --> Could not find the language line "mynt_buy_taobao"
ERROR - 2017-06-06 10:09:49 --> Could not find the language line "mynt_buy_tmall"
ERROR - 2017-06-06 10:09:49 --> Could not find the language line "mynt_buy_youzan"
ERROR - 2017-06-06 10:09:49 --> Could not find the language line "mynt_buy_jd"
ERROR - 2017-06-06 10:09:49 --> Could not find the language line "about_keywords"
ERROR - 2017-06-06 10:09:49 --> Could not find the language line "about_facebook"
ERROR - 2017-06-06 10:09:49 --> Could not find the language line "about_twitter"
ERROR - 2017-06-06 10:09:49 --> Could not find the language line "about_weibo"
ERROR - 2017-06-06 10:09:49 --> Could not find the language line "mynt_buy_taobao"
ERROR - 2017-06-06 10:09:49 --> Could not find the language line "mynt_buy_tmall"
ERROR - 2017-06-06 10:09:49 --> Could not find the language line "mynt_buy_youzan"
ERROR - 2017-06-06 10:09:49 --> Could not find the language line "mynt_buy_jd"
ERROR - 2017-06-06 10:12:54 --> Could not find the language line "about_keywords"
ERROR - 2017-06-06 10:12:54 --> Could not find the language line "mynt_buy_taobao"
ERROR - 2017-06-06 10:12:54 --> Could not find the language line "mynt_buy_tmall"
ERROR - 2017-06-06 10:12:54 --> Could not find the language line "mynt_buy_youzan"
ERROR - 2017-06-06 10:12:54 --> Could not find the language line "mynt_buy_jd"
ERROR - 2017-06-06 10:13:14 --> Could not find the language line "about_keywords"
ERROR - 2017-06-06 10:13:14 --> Could not find the language line "mynt_buy_taobao"
ERROR - 2017-06-06 10:13:14 --> Could not find the language line "mynt_buy_tmall"
ERROR - 2017-06-06 10:13:14 --> Could not find the language line "mynt_buy_youzan"
ERROR - 2017-06-06 10:13:14 --> Could not find the language line "mynt_buy_jd"
ERROR - 2017-06-06 10:13:16 --> Could not find the language line "mynt_buy_taobao"
ERROR - 2017-06-06 10:13:16 --> Could not find the language line "mynt_buy_tmall"
ERROR - 2017-06-06 10:13:16 --> Could not find the language line "mynt_buy_youzan"
ERROR - 2017-06-06 10:13:16 --> Could not find the language line "mynt_buy_jd"
ERROR - 2017-06-06 10:13:30 --> Could not find the language line "mynt_buy_taobao"
ERROR - 2017-06-06 10:13:30 --> Could not find the language line "mynt_buy_tmall"
ERROR - 2017-06-06 10:13:30 --> Could not find the language line "mynt_buy_youzan"
ERROR - 2017-06-06 10:13:30 --> Could not find the language line "mynt_buy_jd"
ERROR - 2017-06-06 10:13:37 --> Could not find the language line "mynt_buy_taobao"
ERROR - 2017-06-06 10:13:37 --> Could not find the language line "mynt_buy_tmall"
ERROR - 2017-06-06 10:13:37 --> Could not find the language line "mynt_buy_youzan"
ERROR - 2017-06-06 10:13:37 --> Could not find the language line "mynt_buy_jd"
ERROR - 2017-06-06 10:13:37 --> Could not find the language line "about_keywords"
ERROR - 2017-06-06 10:13:37 --> Could not find the language line "about_facebook"
ERROR - 2017-06-06 10:13:37 --> Could not find the language line "about_twitter"
ERROR - 2017-06-06 10:13:37 --> Could not find the language line "about_weibo"
ERROR - 2017-06-06 10:13:37 --> Could not find the language line "mynt_buy_taobao"
ERROR - 2017-06-06 10:13:37 --> Could not find the language line "mynt_buy_tmall"
ERROR - 2017-06-06 10:13:37 --> Could not find the language line "mynt_buy_youzan"
ERROR - 2017-06-06 10:13:37 --> Could not find the language line "mynt_buy_jd"
ERROR - 2017-06-06 10:56:01 --> Could not find the language line "mynt_buy_taobao"
ERROR - 2017-06-06 10:56:01 --> Could not find the language line "mynt_buy_tmall"
ERROR - 2017-06-06 10:56:01 --> Could not find the language line "mynt_buy_youzan"
ERROR - 2017-06-06 10:56:01 --> Could not find the language line "mynt_buy_jd"
ERROR - 2017-06-06 11:06:17 --> Could not find the language line "mynt_buy_taobao"
ERROR - 2017-06-06 11:06:17 --> Could not find the language line "mynt_buy_tmall"
ERROR - 2017-06-06 11:06:17 --> Could not find the language line "mynt_buy_youzan"
ERROR - 2017-06-06 11:06:17 --> Could not find the language line "mynt_buy_jd"
ERROR - 2017-06-06 11:06:17 --> Could not find the language line "about_keywords"
ERROR - 2017-06-06 11:06:17 --> Could not find the language line "about_facebook"
ERROR - 2017-06-06 11:06:17 --> Could not find the language line "about_twitter"
ERROR - 2017-06-06 11:06:17 --> Could not find the language line "about_weibo"
ERROR - 2017-06-06 11:06:17 --> Could not find the language line "mynt_buy_taobao"
ERROR - 2017-06-06 11:06:17 --> Could not find the language line "mynt_buy_tmall"
ERROR - 2017-06-06 11:06:17 --> Could not find the language line "mynt_buy_youzan"
ERROR - 2017-06-06 11:06:17 --> Could not find the language line "mynt_buy_jd"
ERROR - 2017-06-06 11:13:26 --> Could not find the language line "mynt_buy_taobao"
ERROR - 2017-06-06 11:13:26 --> Could not find the language line "mynt_buy_tmall"
ERROR - 2017-06-06 11:13:26 --> Could not find the language line "mynt_buy_youzan"
ERROR - 2017-06-06 11:13:26 --> Could not find the language line "mynt_buy_jd"
ERROR - 2017-06-06 11:14:00 --> Could not find the language line "mynt_buy_taobao"
ERROR - 2017-06-06 11:14:00 --> Could not find the language line "mynt_buy_tmall"
ERROR - 2017-06-06 11:14:00 --> Could not find the language line "mynt_buy_youzan"
ERROR - 2017-06-06 11:14:00 --> Could not find the language line "mynt_buy_jd"
ERROR - 2017-06-06 11:14:00 --> Could not find the language line "about_keywords"
ERROR - 2017-06-06 11:14:00 --> Could not find the language line "about_facebook"
ERROR - 2017-06-06 11:14:00 --> Could not find the language line "about_twitter"
ERROR - 2017-06-06 11:14:00 --> Could not find the language line "about_weibo"
ERROR - 2017-06-06 11:14:03 --> Could not find the language line "mynt_buy_taobao"
ERROR - 2017-06-06 11:14:03 --> Could not find the language line "mynt_buy_tmall"
ERROR - 2017-06-06 11:14:03 --> Could not find the language line "mynt_buy_youzan"
ERROR - 2017-06-06 11:14:03 --> Could not find the language line "mynt_buy_jd"
ERROR - 2017-06-06 11:14:03 --> Could not find the language line "about_keywords"
ERROR - 2017-06-06 11:14:03 --> Could not find the language line "about_facebook"
ERROR - 2017-06-06 11:14:03 --> Could not find the language line "about_twitter"
ERROR - 2017-06-06 11:14:03 --> Could not find the language line "about_weibo"
ERROR - 2017-06-06 12:30:00 --> Could not find the language line "about_keywords"
ERROR - 2017-06-06 12:30:00 --> Could not find the language line "mynt_buy_taobao"
ERROR - 2017-06-06 12:30:00 --> Could not find the language line "mynt_buy_tmall"
ERROR - 2017-06-06 12:30:00 --> Could not find the language line "mynt_buy_youzan"
ERROR - 2017-06-06 12:30:00 --> Could not find the language line "mynt_buy_jd"
ERROR - 2017-06-06 12:30:07 --> Could not find the language line "mynt_buy_taobao"
ERROR - 2017-06-06 12:30:07 --> Could not find the language line "mynt_buy_tmall"
ERROR - 2017-06-06 12:30:07 --> Could not find the language line "mynt_buy_youzan"
ERROR - 2017-06-06 12:30:07 --> Could not find the language line "mynt_buy_jd"
ERROR - 2017-06-06 12:30:07 --> Could not find the language line "about_keywords"
ERROR - 2017-06-06 12:30:07 --> Could not find the language line "about_facebook"
ERROR - 2017-06-06 12:30:07 --> Could not find the language line "about_twitter"
ERROR - 2017-06-06 12:30:07 --> Could not find the language line "about_weibo"
ERROR - 2017-06-06 12:30:08 --> Could not find the language line "mynt_buy_taobao"
ERROR - 2017-06-06 12:30:08 --> Could not find the language line "mynt_buy_tmall"
ERROR - 2017-06-06 12:30:08 --> Could not find the language line "mynt_buy_youzan"
ERROR - 2017-06-06 12:30:08 --> Could not find the language line "mynt_buy_jd"
ERROR - 2017-06-06 12:30:08 --> Could not find the language line "about_keywords"
ERROR - 2017-06-06 12:30:08 --> Could not find the language line "about_facebook"
ERROR - 2017-06-06 12:30:08 --> Could not find the language line "about_twitter"
ERROR - 2017-06-06 12:30:08 --> Could not find the language line "about_weibo"
ERROR - 2017-06-06 12:30:09 --> Could not find the language line "mynt_buy_taobao"
ERROR - 2017-06-06 12:30:09 --> Could not find the language line "mynt_buy_tmall"
ERROR - 2017-06-06 12:30:09 --> Could not find the language line "mynt_buy_youzan"
ERROR - 2017-06-06 12:30:09 --> Could not find the language line "mynt_buy_jd"
ERROR - 2017-06-06 12:30:09 --> Could not find the language line "about_keywords"
ERROR - 2017-06-06 12:30:09 --> Could not find the language line "about_facebook"
ERROR - 2017-06-06 12:30:09 --> Could not find the language line "about_twitter"
ERROR - 2017-06-06 12:30:09 --> Could not find the language line "about_weibo"
ERROR - 2017-06-06 12:30:09 --> Could not find the language line "mynt_buy_taobao"
ERROR - 2017-06-06 12:30:09 --> Could not find the language line "mynt_buy_tmall"
ERROR - 2017-06-06 12:30:09 --> Could not find the language line "mynt_buy_youzan"
ERROR - 2017-06-06 12:30:09 --> Could not find the language line "mynt_buy_jd"
ERROR - 2017-06-06 12:30:09 --> Could not find the language line "about_keywords"
ERROR - 2017-06-06 12:30:09 --> Could not find the language line "about_facebook"
ERROR - 2017-06-06 12:30:09 --> Could not find the language line "about_twitter"
ERROR - 2017-06-06 12:30:09 --> Could not find the language line "about_weibo"
ERROR - 2017-06-06 12:30:40 --> Could not find the language line "mynt_buy_taobao"
ERROR - 2017-06-06 12:30:40 --> Could not find the language line "mynt_buy_tmall"
ERROR - 2017-06-06 12:30:40 --> Could not find the language line "mynt_buy_youzan"
ERROR - 2017-06-06 12:30:40 --> Could not find the language line "mynt_buy_jd"
ERROR - 2017-06-06 12:30:40 --> Could not find the language line "about_keywords"
ERROR - 2017-06-06 12:30:40 --> Could not find the language line "about_facebook"
ERROR - 2017-06-06 12:30:40 --> Could not find the language line "about_twitter"
ERROR - 2017-06-06 12:30:40 --> Could not find the language line "about_weibo"
ERROR - 2017-06-06 12:30:41 --> Could not find the language line "mynt_buy_taobao"
ERROR - 2017-06-06 12:30:41 --> Could not find the language line "mynt_buy_tmall"
ERROR - 2017-06-06 12:30:41 --> Could not find the language line "mynt_buy_youzan"
ERROR - 2017-06-06 12:30:41 --> Could not find the language line "mynt_buy_jd"
ERROR - 2017-06-06 12:30:41 --> Could not find the language line "about_keywords"
ERROR - 2017-06-06 12:30:41 --> Could not find the language line "about_facebook"
ERROR - 2017-06-06 12:30:41 --> Could not find the language line "about_twitter"
ERROR - 2017-06-06 12:30:41 --> Could not find the language line "about_weibo"
ERROR - 2017-06-06 12:30:42 --> Could not find the language line "mynt_buy_taobao"
ERROR - 2017-06-06 12:30:42 --> Could not find the language line "mynt_buy_tmall"
ERROR - 2017-06-06 12:30:42 --> Could not find the language line "mynt_buy_youzan"
ERROR - 2017-06-06 12:30:42 --> Could not find the language line "mynt_buy_jd"
ERROR - 2017-06-06 12:30:42 --> Could not find the language line "about_keywords"
ERROR - 2017-06-06 12:30:42 --> Could not find the language line "about_facebook"
ERROR - 2017-06-06 12:30:42 --> Could not find the language line "about_twitter"
ERROR - 2017-06-06 12:30:42 --> Could not find the language line "about_weibo"
ERROR - 2017-06-06 12:30:43 --> Could not find the language line "mynt_buy_taobao"
ERROR - 2017-06-06 12:30:43 --> Could not find the language line "mynt_buy_tmall"
ERROR - 2017-06-06 12:30:43 --> Could not find the language line "mynt_buy_youzan"
ERROR - 2017-06-06 12:30:43 --> Could not find the language line "mynt_buy_jd"
ERROR - 2017-06-06 12:30:43 --> Could not find the language line "about_keywords"
ERROR - 2017-06-06 12:30:43 --> Could not find the language line "about_facebook"
ERROR - 2017-06-06 12:30:43 --> Could not find the language line "about_twitter"
ERROR - 2017-06-06 12:30:43 --> Could not find the language line "about_weibo"
ERROR - 2017-06-06 12:30:54 --> Could not find the language line "mynt_buy_taobao"
ERROR - 2017-06-06 12:30:54 --> Could not find the language line "mynt_buy_tmall"
ERROR - 2017-06-06 12:30:54 --> Could not find the language line "mynt_buy_youzan"
ERROR - 2017-06-06 12:30:54 --> Could not find the language line "mynt_buy_jd"
ERROR - 2017-06-06 12:34:59 --> Could not find the language line "mynt_buy_taobao"
ERROR - 2017-06-06 12:34:59 --> Could not find the language line "mynt_buy_tmall"
ERROR - 2017-06-06 12:34:59 --> Could not find the language line "mynt_buy_youzan"
ERROR - 2017-06-06 12:34:59 --> Could not find the language line "mynt_buy_jd"
ERROR - 2017-06-06 12:34:59 --> Could not find the language line "home_cloud_title"
ERROR - 2017-06-06 12:34:59 --> Could not find the language line "home_cloud_intro"
ERROR - 2017-06-06 12:34:59 --> Could not find the language line "mynt_icon_taobao"
ERROR - 2017-06-06 12:34:59 --> Could not find the language line "mynt_icon_tmall"
ERROR - 2017-06-06 12:34:59 --> Could not find the language line "mynt_icon_youzan"
ERROR - 2017-06-06 12:34:59 --> Could not find the language line "mynt_buy_taobao"
ERROR - 2017-06-06 12:34:59 --> Could not find the language line "mynt_buy_tmall"
ERROR - 2017-06-06 12:34:59 --> Could not find the language line "mynt_buy_youzan"
ERROR - 2017-06-06 12:34:59 --> Could not find the language line "mynt_buy_jd"
ERROR - 2017-06-06 12:37:04 --> Could not find the language line "mynt_buy_taobao"
ERROR - 2017-06-06 12:37:04 --> Could not find the language line "mynt_buy_tmall"
ERROR - 2017-06-06 12:37:04 --> Could not find the language line "mynt_buy_youzan"
ERROR - 2017-06-06 12:37:04 --> Could not find the language line "mynt_buy_jd"
ERROR - 2017-06-06 12:37:04 --> Could not find the language line "home_cloud_title"
ERROR - 2017-06-06 12:37:04 --> Could not find the language line "home_cloud_intro"
ERROR - 2017-06-06 12:37:04 --> Could not find the language line "mynt_icon_taobao"
ERROR - 2017-06-06 12:37:04 --> Could not find the language line "mynt_icon_tmall"
ERROR - 2017-06-06 12:37:04 --> Could not find the language line "mynt_icon_youzan"
ERROR - 2017-06-06 12:37:04 --> Could not find the language line "mynt_buy_taobao"
ERROR - 2017-06-06 12:37:04 --> Could not find the language line "mynt_buy_tmall"
ERROR - 2017-06-06 12:37:04 --> Could not find the language line "mynt_buy_youzan"
ERROR - 2017-06-06 12:37:04 --> Could not find the language line "mynt_buy_jd"
ERROR - 2017-06-06 12:41:29 --> Could not find the language line "mynt_buy_taobao"
ERROR - 2017-06-06 12:41:29 --> Could not find the language line "mynt_buy_tmall"
ERROR - 2017-06-06 12:41:29 --> Could not find the language line "mynt_buy_youzan"
ERROR - 2017-06-06 12:41:29 --> Could not find the language line "mynt_buy_jd"
ERROR - 2017-06-06 12:41:29 --> Could not find the language line "home_cloud_title"
ERROR - 2017-06-06 12:41:29 --> Could not find the language line "home_cloud_intro"
ERROR - 2017-06-06 12:41:29 --> Could not find the language line "mynt_icon_taobao"
ERROR - 2017-06-06 12:41:29 --> Could not find the language line "mynt_icon_tmall"
ERROR - 2017-06-06 12:41:29 --> Could not find the language line "mynt_icon_youzan"
ERROR - 2017-06-06 12:41:29 --> Could not find the language line "mynt_buy_taobao"
ERROR - 2017-06-06 12:41:29 --> Could not find the language line "mynt_buy_tmall"
ERROR - 2017-06-06 12:41:29 --> Could not find the language line "mynt_buy_youzan"
ERROR - 2017-06-06 12:41:29 --> Could not find the language line "mynt_buy_jd"
ERROR - 2017-06-06 12:41:33 --> Could not find the language line "mynt_buy_taobao"
ERROR - 2017-06-06 12:41:33 --> Could not find the language line "mynt_buy_tmall"
ERROR - 2017-06-06 12:41:33 --> Could not find the language line "mynt_buy_youzan"
ERROR - 2017-06-06 12:41:33 --> Could not find the language line "mynt_buy_jd"
ERROR - 2017-06-06 12:41:33 --> Could not find the language line "home_cloud_title"
ERROR - 2017-06-06 12:41:33 --> Could not find the language line "home_cloud_intro"
ERROR - 2017-06-06 12:41:33 --> Could not find the language line "mynt_icon_taobao"
ERROR - 2017-06-06 12:41:33 --> Could not find the language line "mynt_icon_tmall"
ERROR - 2017-06-06 12:41:33 --> Could not find the language line "mynt_icon_youzan"
ERROR - 2017-06-06 12:41:33 --> Could not find the language line "mynt_buy_taobao"
ERROR - 2017-06-06 12:41:33 --> Could not find the language line "mynt_buy_tmall"
ERROR - 2017-06-06 12:41:33 --> Could not find the language line "mynt_buy_youzan"
ERROR - 2017-06-06 12:41:33 --> Could not find the language line "mynt_buy_jd"
ERROR - 2017-06-06 12:41:36 --> Could not find the language line "mynt_buy_taobao"
ERROR - 2017-06-06 12:41:36 --> Could not find the language line "mynt_buy_tmall"
ERROR - 2017-06-06 12:41:36 --> Could not find the language line "mynt_buy_youzan"
ERROR - 2017-06-06 12:41:36 --> Could not find the language line "mynt_buy_jd"
ERROR - 2017-06-06 12:41:36 --> Could not find the language line "about_keywords"
ERROR - 2017-06-06 12:41:36 --> Could not find the language line "about_facebook"
ERROR - 2017-06-06 12:41:36 --> Could not find the language line "about_twitter"
ERROR - 2017-06-06 12:41:36 --> Could not find the language line "about_weibo"
ERROR - 2017-06-06 12:41:37 --> Could not find the language line "mynt_buy_taobao"
ERROR - 2017-06-06 12:41:37 --> Could not find the language line "mynt_buy_tmall"
ERROR - 2017-06-06 12:41:37 --> Could not find the language line "mynt_buy_youzan"
ERROR - 2017-06-06 12:41:37 --> Could not find the language line "mynt_buy_jd"
ERROR - 2017-06-06 12:41:37 --> Could not find the language line "about_keywords"
ERROR - 2017-06-06 12:41:37 --> Could not find the language line "about_facebook"
ERROR - 2017-06-06 12:41:37 --> Could not find the language line "about_twitter"
ERROR - 2017-06-06 12:41:37 --> Could not find the language line "about_weibo"
ERROR - 2017-06-06 12:41:41 --> Could not find the language line "mynt_buy_taobao"
ERROR - 2017-06-06 12:41:41 --> Could not find the language line "mynt_buy_tmall"
ERROR - 2017-06-06 12:41:41 --> Could not find the language line "mynt_buy_youzan"
ERROR - 2017-06-06 12:41:41 --> Could not find the language line "mynt_buy_jd"
ERROR - 2017-06-06 12:41:41 --> Could not find the language line "home_cloud_title"
ERROR - 2017-06-06 12:41:41 --> Could not find the language line "home_cloud_intro"
ERROR - 2017-06-06 12:41:41 --> Could not find the language line "mynt_icon_taobao"
ERROR - 2017-06-06 12:41:41 --> Could not find the language line "mynt_icon_tmall"
ERROR - 2017-06-06 12:41:41 --> Could not find the language line "mynt_icon_youzan"
ERROR - 2017-06-06 12:41:41 --> Could not find the language line "mynt_buy_taobao"
ERROR - 2017-06-06 12:41:41 --> Could not find the language line "mynt_buy_tmall"
ERROR - 2017-06-06 12:41:41 --> Could not find the language line "mynt_buy_youzan"
ERROR - 2017-06-06 12:41:41 --> Could not find the language line "mynt_buy_jd"
ERROR - 2017-06-06 12:42:12 --> Could not find the language line "mynt_buy_taobao"
ERROR - 2017-06-06 12:42:12 --> Could not find the language line "mynt_buy_tmall"
ERROR - 2017-06-06 12:42:12 --> Could not find the language line "mynt_buy_youzan"
ERROR - 2017-06-06 12:42:12 --> Could not find the language line "mynt_buy_jd"
ERROR - 2017-06-06 12:42:17 --> Could not find the language line "mynt_buy_taobao"
ERROR - 2017-06-06 12:42:17 --> Could not find the language line "mynt_buy_tmall"
ERROR - 2017-06-06 12:42:17 --> Could not find the language line "mynt_buy_youzan"
ERROR - 2017-06-06 12:42:17 --> Could not find the language line "mynt_buy_jd"
ERROR - 2017-06-06 12:42:20 --> Could not find the language line "mynt_buy_taobao"
ERROR - 2017-06-06 12:42:20 --> Could not find the language line "mynt_buy_tmall"
ERROR - 2017-06-06 12:42:20 --> Could not find the language line "mynt_buy_youzan"
ERROR - 2017-06-06 12:42:20 --> Could not find the language line "mynt_buy_jd"
ERROR - 2017-06-06 12:42:20 --> Could not find the language line "home_cloud_title"
ERROR - 2017-06-06 12:42:20 --> Could not find the language line "home_cloud_intro"
ERROR - 2017-06-06 12:42:20 --> Could not find the language line "mynt_icon_taobao"
ERROR - 2017-06-06 12:42:20 --> Could not find the language line "mynt_icon_tmall"
ERROR - 2017-06-06 12:42:20 --> Could not find the language line "mynt_icon_youzan"
ERROR - 2017-06-06 12:42:20 --> Could not find the language line "mynt_buy_taobao"
ERROR - 2017-06-06 12:42:20 --> Could not find the language line "mynt_buy_tmall"
ERROR - 2017-06-06 12:42:20 --> Could not find the language line "mynt_buy_youzan"
ERROR - 2017-06-06 12:42:20 --> Could not find the language line "mynt_buy_jd"
ERROR - 2017-06-06 12:44:26 --> Could not find the language line "mynt_buy_taobao"
ERROR - 2017-06-06 12:44:26 --> Could not find the language line "mynt_buy_tmall"
ERROR - 2017-06-06 12:44:26 --> Could not find the language line "mynt_buy_youzan"
ERROR - 2017-06-06 12:44:26 --> Could not find the language line "mynt_buy_jd"
ERROR - 2017-06-06 12:44:32 --> Could not find the language line "mynt_buy_taobao"
ERROR - 2017-06-06 12:44:32 --> Could not find the language line "mynt_buy_tmall"
ERROR - 2017-06-06 12:44:32 --> Could not find the language line "mynt_buy_youzan"
ERROR - 2017-06-06 12:44:32 --> Could not find the language line "mynt_buy_jd"
ERROR - 2017-06-06 16:09:28 --> Could not find the language line "mynt_buy_taobao"
ERROR - 2017-06-06 16:09:28 --> Could not find the language line "mynt_buy_tmall"
ERROR - 2017-06-06 16:09:28 --> Could not find the language line "mynt_buy_youzan"
ERROR - 2017-06-06 16:09:28 --> Could not find the language line "mynt_buy_jd"
ERROR - 2017-06-06 16:09:28 --> Could not find the language line "home_cloud_title"
ERROR - 2017-06-06 16:09:28 --> Could not find the language line "home_cloud_intro"
ERROR - 2017-06-06 16:09:28 --> Could not find the language line "mynt_icon_taobao"
ERROR - 2017-06-06 16:09:28 --> Could not find the language line "mynt_icon_tmall"
ERROR - 2017-06-06 16:09:28 --> Could not find the language line "mynt_icon_youzan"
ERROR - 2017-06-06 16:09:30 --> Could not find the language line "mynt_buy_taobao"
ERROR - 2017-06-06 16:09:30 --> Could not find the language line "mynt_buy_tmall"
ERROR - 2017-06-06 16:09:30 --> Could not find the language line "mynt_buy_youzan"
ERROR - 2017-06-06 16:09:30 --> Could not find the language line "mynt_buy_jd"
ERROR - 2017-06-06 16:13:16 --> Could not find the language line "home_cloud_title"
ERROR - 2017-06-06 16:13:16 --> Could not find the language line "home_cloud_intro"
ERROR - 2017-06-06 16:13:16 --> Could not find the language line "mynt_buy_taobao"
ERROR - 2017-06-06 16:13:16 --> Could not find the language line "mynt_buy_tmall"
ERROR - 2017-06-06 16:13:16 --> Could not find the language line "mynt_buy_youzan"
ERROR - 2017-06-06 16:13:16 --> Could not find the language line "mynt_buy_jd"
ERROR - 2017-06-06 16:13:19 --> Could not find the language line "mynt_buy_taobao"
ERROR - 2017-06-06 16:13:19 --> Could not find the language line "mynt_buy_tmall"
ERROR - 2017-06-06 16:13:19 --> Could not find the language line "mynt_buy_youzan"
ERROR - 2017-06-06 16:13:19 --> Could not find the language line "mynt_buy_jd"
ERROR - 2017-06-06 16:13:58 --> Could not find the language line "about_keywords"
ERROR - 2017-06-06 16:13:58 --> Could not find the language line "mynt_buy_taobao"
ERROR - 2017-06-06 16:13:58 --> Could not find the language line "mynt_buy_tmall"
ERROR - 2017-06-06 16:13:58 --> Could not find the language line "mynt_buy_youzan"
ERROR - 2017-06-06 16:13:58 --> Could not find the language line "mynt_buy_jd"
ERROR - 2017-06-06 16:14:10 --> Could not find the language line "mynt_buy_taobao"
ERROR - 2017-06-06 16:14:10 --> Could not find the language line "mynt_buy_tmall"
ERROR - 2017-06-06 16:14:10 --> Could not find the language line "mynt_buy_youzan"
ERROR - 2017-06-06 16:14:10 --> Could not find the language line "mynt_buy_jd"
ERROR - 2017-06-06 16:19:37 --> Could not find the language line "home_cloud_title"
ERROR - 2017-06-06 16:19:37 --> Could not find the language line "home_cloud_intro"
ERROR - 2017-06-06 16:19:38 --> Could not find the language line "mynt_buy_taobao"
ERROR - 2017-06-06 16:19:38 --> Could not find the language line "mynt_buy_tmall"
ERROR - 2017-06-06 16:19:38 --> Could not find the language line "mynt_buy_youzan"
ERROR - 2017-06-06 16:19:38 --> Could not find the language line "mynt_buy_jd"
ERROR - 2017-06-06 16:19:52 --> Could not find the language line "home_cloud_title"
ERROR - 2017-06-06 16:19:52 --> Could not find the language line "home_cloud_intro"
ERROR - 2017-06-06 16:19:52 --> Could not find the language line "mynt_buy_taobao"
ERROR - 2017-06-06 16:19:52 --> Could not find the language line "mynt_buy_tmall"
ERROR - 2017-06-06 16:19:52 --> Could not find the language line "mynt_buy_youzan"
ERROR - 2017-06-06 16:19:52 --> Could not find the language line "mynt_buy_jd"
ERROR - 2017-06-06 16:26:01 --> Could not find the language line "home_cloud_title"
ERROR - 2017-06-06 16:26:01 --> Could not find the language line "home_cloud_intro"
ERROR - 2017-06-06 16:26:03 --> Could not find the language line "mynt_buy_taobao"
ERROR - 2017-06-06 16:26:03 --> Could not find the language line "mynt_buy_tmall"
ERROR - 2017-06-06 16:26:03 --> Could not find the language line "mynt_buy_youzan"
ERROR - 2017-06-06 16:26:03 --> Could not find the language line "mynt_buy_jd"
ERROR - 2017-06-06 16:26:03 --> Could not find the language line "home_cloud_title"
ERROR - 2017-06-06 16:26:03 --> Could not find the language line "home_cloud_intro"
ERROR - 2017-06-06 16:26:05 --> Could not find the language line "mynt_buy_taobao"
ERROR - 2017-06-06 16:26:05 --> Could not find the language line "mynt_buy_tmall"
ERROR - 2017-06-06 16:26:05 --> Could not find the language line "mynt_buy_youzan"
ERROR - 2017-06-06 16:26:05 --> Could not find the language line "mynt_buy_jd"
ERROR - 2017-06-06 16:26:12 --> Could not find the language line "home_cloud_title"
ERROR - 2017-06-06 16:26:12 --> Could not find the language line "home_cloud_intro"
ERROR - 2017-06-06 16:26:12 --> Could not find the language line "mynt_buy_taobao"
ERROR - 2017-06-06 16:26:12 --> Could not find the language line "mynt_buy_tmall"
ERROR - 2017-06-06 16:26:12 --> Could not find the language line "mynt_buy_youzan"
ERROR - 2017-06-06 16:26:12 --> Could not find the language line "mynt_buy_jd"
ERROR - 2017-06-06 16:26:30 --> Could not find the language line "home_cloud_title"
ERROR - 2017-06-06 16:26:30 --> Could not find the language line "home_cloud_intro"
ERROR - 2017-06-06 16:26:31 --> Could not find the language line "mynt_buy_taobao"
ERROR - 2017-06-06 16:26:31 --> Could not find the language line "mynt_buy_tmall"
ERROR - 2017-06-06 16:26:31 --> Could not find the language line "mynt_buy_youzan"
ERROR - 2017-06-06 16:26:31 --> Could not find the language line "mynt_buy_jd"
ERROR - 2017-06-06 16:26:40 --> Could not find the language line "mynt_buy_taobao"
ERROR - 2017-06-06 16:26:40 --> Could not find the language line "mynt_buy_tmall"
ERROR - 2017-06-06 16:26:40 --> Could not find the language line "mynt_buy_youzan"
ERROR - 2017-06-06 16:26:40 --> Could not find the language line "mynt_buy_jd"
ERROR - 2017-06-06 16:26:40 --> Could not find the language line "home_cloud_title"
ERROR - 2017-06-06 16:26:40 --> Could not find the language line "home_cloud_intro"
ERROR - 2017-06-06 16:26:40 --> Could not find the language line "mynt_icon_taobao"
ERROR - 2017-06-06 16:26:40 --> Could not find the language line "mynt_icon_tmall"
ERROR - 2017-06-06 16:26:40 --> Could not find the language line "mynt_icon_youzan"
ERROR - 2017-06-06 16:26:41 --> Could not find the language line "mynt_buy_taobao"
ERROR - 2017-06-06 16:26:41 --> Could not find the language line "mynt_buy_tmall"
ERROR - 2017-06-06 16:26:41 --> Could not find the language line "mynt_buy_youzan"
ERROR - 2017-06-06 16:26:41 --> Could not find the language line "mynt_buy_jd"
ERROR - 2017-06-06 16:26:46 --> Could not find the language line "mynt_buy_taobao"
ERROR - 2017-06-06 16:26:46 --> Could not find the language line "mynt_buy_tmall"
ERROR - 2017-06-06 16:26:46 --> Could not find the language line "mynt_buy_youzan"
ERROR - 2017-06-06 16:26:46 --> Could not find the language line "mynt_buy_jd"
ERROR - 2017-06-06 16:26:46 --> Could not find the language line "home_cloud_title"
ERROR - 2017-06-06 16:26:46 --> Could not find the language line "home_cloud_intro"
ERROR - 2017-06-06 16:26:46 --> Could not find the language line "mynt_icon_taobao"
ERROR - 2017-06-06 16:26:46 --> Could not find the language line "mynt_icon_tmall"
ERROR - 2017-06-06 16:26:46 --> Could not find the language line "mynt_icon_youzan"
ERROR - 2017-06-06 16:26:46 --> Could not find the language line "mynt_buy_taobao"
ERROR - 2017-06-06 16:26:46 --> Could not find the language line "mynt_buy_tmall"
ERROR - 2017-06-06 16:26:46 --> Could not find the language line "mynt_buy_youzan"
ERROR - 2017-06-06 16:26:46 --> Could not find the language line "mynt_buy_jd"
ERROR - 2017-06-06 16:28:42 --> Could not find the language line "home_cloud_title"
ERROR - 2017-06-06 16:28:42 --> Could not find the language line "home_cloud_intro"
ERROR - 2017-06-06 16:28:42 --> Could not find the language line "mynt_buy_taobao"
ERROR - 2017-06-06 16:28:42 --> Could not find the language line "mynt_buy_tmall"
ERROR - 2017-06-06 16:28:42 --> Could not find the language line "mynt_buy_youzan"
ERROR - 2017-06-06 16:28:42 --> Could not find the language line "mynt_buy_jd"
ERROR - 2017-06-06 16:29:16 --> Could not find the language line "home_cloud_title"
ERROR - 2017-06-06 16:29:16 --> Could not find the language line "home_cloud_intro"
ERROR - 2017-06-06 16:29:16 --> Could not find the language line "mynt_buy_taobao"
ERROR - 2017-06-06 16:29:16 --> Could not find the language line "mynt_buy_tmall"
ERROR - 2017-06-06 16:29:16 --> Could not find the language line "mynt_buy_youzan"
ERROR - 2017-06-06 16:29:16 --> Could not find the language line "mynt_buy_jd"
ERROR - 2017-06-06 16:29:18 --> Could not find the language line "home_cloud_title"
ERROR - 2017-06-06 16:29:18 --> Could not find the language line "home_cloud_intro"
ERROR - 2017-06-06 16:29:18 --> Could not find the language line "mynt_buy_taobao"
ERROR - 2017-06-06 16:29:18 --> Could not find the language line "mynt_buy_tmall"
ERROR - 2017-06-06 16:29:18 --> Could not find the language line "mynt_buy_youzan"
ERROR - 2017-06-06 16:29:18 --> Could not find the language line "mynt_buy_jd"
ERROR - 2017-06-06 16:29:41 --> Could not find the language line "home_cloud_title"
ERROR - 2017-06-06 16:29:41 --> Could not find the language line "home_cloud_intro"
ERROR - 2017-06-06 16:29:41 --> Could not find the language line "mynt_buy_taobao"
ERROR - 2017-06-06 16:29:41 --> Could not find the language line "mynt_buy_tmall"
ERROR - 2017-06-06 16:29:41 --> Could not find the language line "mynt_buy_youzan"
ERROR - 2017-06-06 16:29:41 --> Could not find the language line "mynt_buy_jd"
ERROR - 2017-06-06 16:30:10 --> Could not find the language line "home_cloud_title"
ERROR - 2017-06-06 16:30:10 --> Could not find the language line "home_cloud_intro"
ERROR - 2017-06-06 16:30:10 --> Could not find the language line "mynt_buy_taobao"
ERROR - 2017-06-06 16:30:10 --> Could not find the language line "mynt_buy_tmall"
ERROR - 2017-06-06 16:30:10 --> Could not find the language line "mynt_buy_youzan"
ERROR - 2017-06-06 16:30:10 --> Could not find the language line "mynt_buy_jd"
ERROR - 2017-06-06 16:30:23 --> Could not find the language line "home_cloud_title"
ERROR - 2017-06-06 16:30:23 --> Could not find the language line "home_cloud_intro"
ERROR - 2017-06-06 16:30:23 --> Could not find the language line "mynt_buy_taobao"
ERROR - 2017-06-06 16:30:23 --> Could not find the language line "mynt_buy_tmall"
ERROR - 2017-06-06 16:30:23 --> Could not find the language line "mynt_buy_youzan"
ERROR - 2017-06-06 16:30:23 --> Could not find the language line "mynt_buy_jd"
ERROR - 2017-06-06 16:30:31 --> Could not find the language line "mynt_buy_taobao"
ERROR - 2017-06-06 16:30:31 --> Could not find the language line "mynt_buy_tmall"
ERROR - 2017-06-06 16:30:31 --> Could not find the language line "mynt_buy_youzan"
ERROR - 2017-06-06 16:30:31 --> Could not find the language line "mynt_buy_jd"
ERROR - 2017-06-06 16:30:31 --> Could not find the language line "home_cloud_title"
ERROR - 2017-06-06 16:30:31 --> Could not find the language line "home_cloud_intro"
ERROR - 2017-06-06 16:30:31 --> Could not find the language line "mynt_icon_taobao"
ERROR - 2017-06-06 16:30:31 --> Could not find the language line "mynt_icon_tmall"
ERROR - 2017-06-06 16:30:31 --> Could not find the language line "mynt_icon_youzan"
ERROR - 2017-06-06 16:30:31 --> Could not find the language line "mynt_buy_taobao"
ERROR - 2017-06-06 16:30:31 --> Could not find the language line "mynt_buy_tmall"
ERROR - 2017-06-06 16:30:31 --> Could not find the language line "mynt_buy_youzan"
ERROR - 2017-06-06 16:30:31 --> Could not find the language line "mynt_buy_jd"
ERROR - 2017-06-06 16:31:25 --> Could not find the language line "home_cloud_title"
ERROR - 2017-06-06 16:31:25 --> Could not find the language line "home_cloud_intro"
ERROR - 2017-06-06 16:31:26 --> Could not find the language line "mynt_buy_taobao"
ERROR - 2017-06-06 16:31:26 --> Could not find the language line "mynt_buy_tmall"
ERROR - 2017-06-06 16:31:26 --> Could not find the language line "mynt_buy_youzan"
ERROR - 2017-06-06 16:31:26 --> Could not find the language line "mynt_buy_jd"
ERROR - 2017-06-06 16:31:31 --> Could not find the language line "mynt_buy_taobao"
ERROR - 2017-06-06 16:31:31 --> Could not find the language line "mynt_buy_tmall"
ERROR - 2017-06-06 16:31:31 --> Could not find the language line "mynt_buy_youzan"
ERROR - 2017-06-06 16:31:31 --> Could not find the language line "mynt_buy_jd"
ERROR - 2017-06-06 16:31:31 --> Could not find the language line "home_cloud_title"
ERROR - 2017-06-06 16:31:31 --> Could not find the language line "home_cloud_intro"
ERROR - 2017-06-06 16:31:31 --> Could not find the language line "mynt_icon_taobao"
ERROR - 2017-06-06 16:31:31 --> Could not find the language line "mynt_icon_tmall"
ERROR - 2017-06-06 16:31:31 --> Could not find the language line "mynt_icon_youzan"
ERROR - 2017-06-06 16:31:31 --> Could not find the language line "mynt_buy_taobao"
ERROR - 2017-06-06 16:31:31 --> Could not find the language line "mynt_buy_tmall"
ERROR - 2017-06-06 16:31:31 --> Could not find the language line "mynt_buy_youzan"
ERROR - 2017-06-06 16:31:31 --> Could not find the language line "mynt_buy_jd"
ERROR - 2017-06-06 16:31:39 --> Could not find the language line "mynt_buy_taobao"
ERROR - 2017-06-06 16:31:39 --> Could not find the language line "mynt_buy_tmall"
ERROR - 2017-06-06 16:31:39 --> Could not find the language line "mynt_buy_youzan"
ERROR - 2017-06-06 16:31:39 --> Could not find the language line "mynt_buy_jd"
ERROR - 2017-06-06 16:31:39 --> Could not find the language line "home_cloud_title"
ERROR - 2017-06-06 16:31:39 --> Could not find the language line "home_cloud_intro"
ERROR - 2017-06-06 16:31:39 --> Could not find the language line "mynt_icon_taobao"
ERROR - 2017-06-06 16:31:39 --> Could not find the language line "mynt_icon_tmall"
ERROR - 2017-06-06 16:31:39 --> Could not find the language line "mynt_icon_youzan"
ERROR - 2017-06-06 16:31:39 --> Could not find the language line "mynt_buy_taobao"
ERROR - 2017-06-06 16:31:39 --> Could not find the language line "mynt_buy_tmall"
ERROR - 2017-06-06 16:31:39 --> Could not find the language line "mynt_buy_youzan"
ERROR - 2017-06-06 16:31:39 --> Could not find the language line "mynt_buy_jd"
