ERROR - 2017-04-20 02:10:22 --> Could not find the language line "mynt_buy_taobao"
ERROR - 2017-04-20 02:10:22 --> Could not find the language line "mynt_buy_tmall"
ERROR - 2017-04-20 02:10:22 --> Could not find the language line "mynt_buy_youzan"
ERROR - 2017-04-20 02:10:22 --> Could not find the language line "mynt_buy_jd"
ERROR - 2017-04-20 02:11:04 --> Could not find the language line "mynt_buy_taobao"
ERROR - 2017-04-20 02:11:04 --> Could not find the language line "mynt_buy_tmall"
ERROR - 2017-04-20 02:11:04 --> Could not find the language line "mynt_buy_youzan"
ERROR - 2017-04-20 02:11:04 --> Could not find the language line "mynt_buy_jd"
ERROR - 2017-04-20 02:11:04 --> Could not find the language line "mynt_icon_taobao"
ERROR - 2017-04-20 02:11:04 --> Could not find the language line "mynt_icon_tmall"
ERROR - 2017-04-20 02:11:04 --> Could not find the language line "mynt_icon_youzan"
ERROR - 2017-04-20 02:11:04 --> Could not find the language line "mynt_icon_jd"
ERROR - 2017-04-20 02:11:04 --> Could not find the language line "mynt_jd_detail"
ERROR - 2017-04-20 02:11:04 --> Could not find the language line "to_buy_wd"
ERROR - 2017-04-20 02:11:04 --> Could not find the language line "slightech_wechat"
ERROR - 2017-04-20 02:11:04 --> Could not find the language line "camera_no_lost"
ERROR - 2017-04-20 02:11:04 --> Could not find the language line "key_no_lost"
ERROR - 2017-04-20 02:11:04 --> Could not find the language line "bag_no_lost"
ERROR - 2017-04-20 02:11:04 --> Could not find the language line "computer_no_lost"
ERROR - 2017-04-20 02:11:04 --> Could not find the language line "pet_no_lost"
ERROR - 2017-04-20 02:11:04 --> Could not find the language line "goal"
ERROR - 2017-04-20 02:11:04 --> Could not find the language line "fund_title"
ERROR - 2017-04-20 02:11:04 --> Could not find the language line "fund_intro"
ERROR - 2017-04-20 02:11:05 --> Could not find the language line "mynt_buy_taobao"
ERROR - 2017-04-20 02:11:05 --> Could not find the language line "mynt_buy_tmall"
ERROR - 2017-04-20 02:11:05 --> Could not find the language line "mynt_buy_youzan"
ERROR - 2017-04-20 02:11:05 --> Could not find the language line "mynt_buy_jd"
ERROR - 2017-04-20 02:11:11 --> Could not find the language line "mynt_buy_taobao"
ERROR - 2017-04-20 02:11:11 --> Could not find the language line "mynt_buy_tmall"
ERROR - 2017-04-20 02:11:11 --> Could not find the language line "mynt_buy_youzan"
ERROR - 2017-04-20 02:11:11 --> Could not find the language line "mynt_buy_jd"
ERROR - 2017-04-20 02:12:20 --> Could not find the language line "mynt_buy_taobao"
ERROR - 2017-04-20 02:12:20 --> Could not find the language line "mynt_buy_tmall"
ERROR - 2017-04-20 02:12:20 --> Could not find the language line "mynt_buy_youzan"
ERROR - 2017-04-20 02:12:20 --> Could not find the language line "mynt_buy_jd"
ERROR - 2017-04-20 02:12:28 --> Could not find the language line "mynt_buy_taobao"
ERROR - 2017-04-20 02:12:28 --> Could not find the language line "mynt_buy_tmall"
ERROR - 2017-04-20 02:12:28 --> Could not find the language line "mynt_buy_youzan"
ERROR - 2017-04-20 02:12:28 --> Could not find the language line "mynt_buy_jd"
ERROR - 2017-04-20 08:59:22 --> Could not find the language line "mynt_buy_taobao"
ERROR - 2017-04-20 08:59:22 --> Could not find the language line "mynt_buy_tmall"
ERROR - 2017-04-20 08:59:22 --> Could not find the language line "mynt_buy_youzan"
ERROR - 2017-04-20 08:59:22 --> Could not find the language line "mynt_buy_jd"
ERROR - 2017-04-20 09:00:35 --> Could not find the language line "home_cloud_title"
ERROR - 2017-04-20 09:00:35 --> Could not find the language line "home_cloud_intro"
ERROR - 2017-04-20 09:00:35 --> Could not find the language line "mynt_buy_taobao"
ERROR - 2017-04-20 09:00:35 --> Could not find the language line "mynt_buy_tmall"
ERROR - 2017-04-20 09:00:35 --> Could not find the language line "mynt_buy_youzan"
ERROR - 2017-04-20 09:00:35 --> Could not find the language line "mynt_buy_jd"
ERROR - 2017-04-20 09:00:55 --> Could not find the language line "mynt_buy_taobao"
ERROR - 2017-04-20 09:00:55 --> Could not find the language line "mynt_buy_tmall"
ERROR - 2017-04-20 09:00:55 --> Could not find the language line "mynt_buy_youzan"
ERROR - 2017-04-20 09:00:55 --> Could not find the language line "mynt_buy_jd"
ERROR - 2017-04-20 09:01:05 --> Could not find the language line "mynt_buy_taobao"
ERROR - 2017-04-20 09:01:05 --> Could not find the language line "mynt_buy_tmall"
ERROR - 2017-04-20 09:01:05 --> Could not find the language line "mynt_buy_youzan"
ERROR - 2017-04-20 09:01:05 --> Could not find the language line "mynt_buy_jd"
ERROR - 2017-04-20 09:01:32 --> Could not find the language line "mynt_buy_taobao"
ERROR - 2017-04-20 09:01:32 --> Could not find the language line "mynt_buy_tmall"
ERROR - 2017-04-20 09:01:32 --> Could not find the language line "mynt_buy_youzan"
ERROR - 2017-04-20 09:01:32 --> Could not find the language line "mynt_buy_jd"
ERROR - 2017-04-20 09:01:39 --> Could not find the language line "mynt_buy_taobao"
ERROR - 2017-04-20 09:01:39 --> Could not find the language line "mynt_buy_tmall"
ERROR - 2017-04-20 09:01:39 --> Could not find the language line "mynt_buy_youzan"
ERROR - 2017-04-20 09:01:39 --> Could not find the language line "mynt_buy_jd"
ERROR - 2017-04-20 09:01:50 --> Could not find the language line "mynt_buy_taobao"
ERROR - 2017-04-20 09:01:50 --> Could not find the language line "mynt_buy_tmall"
ERROR - 2017-04-20 09:01:50 --> Could not find the language line "mynt_buy_youzan"
ERROR - 2017-04-20 09:01:50 --> Could not find the language line "mynt_buy_jd"
ERROR - 2017-04-20 09:01:59 --> Could not find the language line "mynt_buy_taobao"
ERROR - 2017-04-20 09:01:59 --> Could not find the language line "mynt_buy_tmall"
ERROR - 2017-04-20 09:01:59 --> Could not find the language line "mynt_buy_youzan"
ERROR - 2017-04-20 09:01:59 --> Could not find the language line "mynt_buy_jd"
ERROR - 2017-04-20 09:02:01 --> Could not find the language line "mynt_buy_taobao"
ERROR - 2017-04-20 09:02:01 --> Could not find the language line "mynt_buy_tmall"
ERROR - 2017-04-20 09:02:01 --> Could not find the language line "mynt_buy_youzan"
ERROR - 2017-04-20 09:02:01 --> Could not find the language line "mynt_buy_jd"
ERROR - 2017-04-20 09:02:08 --> Could not find the language line "about_keywords"
ERROR - 2017-04-20 09:02:08 --> Could not find the language line "mynt_buy_taobao"
ERROR - 2017-04-20 09:02:08 --> Could not find the language line "mynt_buy_tmall"
ERROR - 2017-04-20 09:02:08 --> Could not find the language line "mynt_buy_youzan"
ERROR - 2017-04-20 09:02:08 --> Could not find the language line "mynt_buy_jd"
ERROR - 2017-04-20 10:20:05 --> Could not find the language line "mynt_buy_taobao"
ERROR - 2017-04-20 10:20:05 --> Could not find the language line "mynt_buy_tmall"
ERROR - 2017-04-20 10:20:05 --> Could not find the language line "mynt_buy_youzan"
ERROR - 2017-04-20 10:20:05 --> Could not find the language line "mynt_buy_jd"
ERROR - 2017-04-20 10:20:05 --> Could not find the language line ""
