ERROR - 2016-06-27 13:33:53 --> Severity: Notice --> Undefined variable: random /Users/fantingsheng/website/application/core/MY_Controller.php 174
ERROR - 2016-06-27 13:33:53 --> Could not find the language line "mynt_buy_taobao"
ERROR - 2016-06-27 13:33:53 --> Could not find the language line "mynt_buy_tmall"
ERROR - 2016-06-27 13:33:53 --> Could not find the language line "mynt_buy_youzan"
ERROR - 2016-06-27 13:33:53 --> Could not find the language line "home_cloud_title"
ERROR - 2016-06-27 13:33:53 --> Could not find the language line "home_cloud_intro"
ERROR - 2016-06-27 13:33:53 --> Could not find the language line "mynt_icon_taobao"
ERROR - 2016-06-27 13:33:53 --> Could not find the language line "mynt_icon_tmall"
ERROR - 2016-06-27 13:33:53 --> Could not find the language line "mynt_icon_youzan"
ERROR - 2016-06-27 13:35:13 --> Could not find the language line "mynt_buy_taobao"
ERROR - 2016-06-27 13:35:13 --> Could not find the language line "mynt_buy_tmall"
ERROR - 2016-06-27 13:35:13 --> Could not find the language line "mynt_buy_youzan"
ERROR - 2016-06-27 13:35:13 --> Could not find the language line "home_cloud_title"
ERROR - 2016-06-27 13:35:13 --> Could not find the language line "home_cloud_intro"
ERROR - 2016-06-27 13:35:13 --> Could not find the language line "mynt_icon_taobao"
ERROR - 2016-06-27 13:35:13 --> Could not find the language line "mynt_icon_tmall"
ERROR - 2016-06-27 13:35:13 --> Could not find the language line "mynt_icon_youzan"
ERROR - 2016-06-27 13:37:00 --> Could not find the language line "mynt_buy_taobao"
ERROR - 2016-06-27 13:37:00 --> Could not find the language line "mynt_buy_tmall"
ERROR - 2016-06-27 13:37:00 --> Could not find the language line "mynt_buy_youzan"
ERROR - 2016-06-27 13:37:00 --> Could not find the language line "home_cloud_title"
ERROR - 2016-06-27 13:37:00 --> Could not find the language line "home_cloud_intro"
ERROR - 2016-06-27 13:37:00 --> Could not find the language line "mynt_icon_taobao"
ERROR - 2016-06-27 13:37:00 --> Could not find the language line "mynt_icon_tmall"
ERROR - 2016-06-27 13:37:00 --> Could not find the language line "mynt_icon_youzan"
ERROR - 2016-06-27 13:57:08 --> Could not find the language line "mynt_buy_taobao"
ERROR - 2016-06-27 13:57:08 --> Could not find the language line "mynt_buy_tmall"
ERROR - 2016-06-27 13:57:08 --> Could not find the language line "mynt_buy_youzan"
ERROR - 2016-06-27 13:57:08 --> Could not find the language line "home_cloud_title"
ERROR - 2016-06-27 13:57:08 --> Could not find the language line "home_cloud_intro"
ERROR - 2016-06-27 13:57:08 --> Could not find the language line "mynt_icon_taobao"
ERROR - 2016-06-27 13:57:08 --> Could not find the language line "mynt_icon_tmall"
ERROR - 2016-06-27 13:57:08 --> Could not find the language line "mynt_icon_youzan"
ERROR - 2016-06-27 13:57:24 --> Could not find the language line "mynt_buy_taobao"
ERROR - 2016-06-27 13:57:24 --> Could not find the language line "mynt_buy_tmall"
ERROR - 2016-06-27 13:57:24 --> Could not find the language line "mynt_buy_youzan"
ERROR - 2016-06-27 13:57:24 --> Could not find the language line "home_cloud_title"
ERROR - 2016-06-27 13:57:24 --> Could not find the language line "home_cloud_intro"
ERROR - 2016-06-27 13:57:24 --> Could not find the language line "mynt_icon_taobao"
ERROR - 2016-06-27 13:57:24 --> Could not find the language line "mynt_icon_tmall"
ERROR - 2016-06-27 13:57:24 --> Could not find the language line "mynt_icon_youzan"
ERROR - 2016-06-27 13:57:40 --> Could not find the language line "mynt_buy_taobao"
ERROR - 2016-06-27 13:57:40 --> Could not find the language line "mynt_buy_tmall"
ERROR - 2016-06-27 13:57:40 --> Could not find the language line "mynt_buy_youzan"
ERROR - 2016-06-27 13:57:44 --> Could not find the language line "mynt_buy_taobao"
ERROR - 2016-06-27 13:57:44 --> Could not find the language line "mynt_buy_tmall"
ERROR - 2016-06-27 13:57:44 --> Could not find the language line "mynt_buy_youzan"
ERROR - 2016-06-27 13:58:58 --> Could not find the language line "mynt_buy_taobao"
ERROR - 2016-06-27 13:58:58 --> Could not find the language line "mynt_buy_tmall"
ERROR - 2016-06-27 13:58:58 --> Could not find the language line "mynt_buy_youzan"
ERROR - 2016-06-27 13:58:58 --> Could not find the language line "mynt_buy_amazon"
ERROR - 2016-06-27 13:58:58 --> Could not find the language line "home_slife_title"
ERROR - 2016-06-27 13:58:58 --> Could not find the language line "home_cloud_title"
ERROR - 2016-06-27 13:58:58 --> Could not find the language line "home_cloud_intro"
ERROR - 2016-06-27 13:58:58 --> Could not find the language line "mynt_icon_buy"
ERROR - 2016-06-27 14:35:27 --> Could not find the language line "mynt_buy_taobao"
ERROR - 2016-06-27 14:35:27 --> Could not find the language line "mynt_buy_tmall"
ERROR - 2016-06-27 14:35:27 --> Could not find the language line "mynt_buy_youzan"
ERROR - 2016-06-27 14:35:27 --> Could not find the language line "home_cloud_title"
ERROR - 2016-06-27 14:35:27 --> Could not find the language line "home_cloud_intro"
ERROR - 2016-06-27 14:35:27 --> Could not find the language line "mynt_icon_taobao"
ERROR - 2016-06-27 14:35:27 --> Could not find the language line "mynt_icon_tmall"
ERROR - 2016-06-27 14:35:27 --> Could not find the language line "mynt_icon_youzan"
ERROR - 2016-06-27 14:35:28 --> Could not find the language line "mynt_buy_taobao"
ERROR - 2016-06-27 14:35:28 --> Could not find the language line "mynt_buy_tmall"
ERROR - 2016-06-27 14:35:28 --> Could not find the language line "mynt_buy_youzan"
ERROR - 2016-06-27 14:35:28 --> Could not find the language line "home_cloud_title"
ERROR - 2016-06-27 14:35:28 --> Could not find the language line "home_cloud_intro"
ERROR - 2016-06-27 14:35:28 --> Could not find the language line "mynt_icon_taobao"
ERROR - 2016-06-27 14:35:28 --> Could not find the language line "mynt_icon_tmall"
ERROR - 2016-06-27 14:35:28 --> Could not find the language line "mynt_icon_youzan"
ERROR - 2016-06-27 14:35:29 --> Could not find the language line "mynt_buy_taobao"
ERROR - 2016-06-27 14:35:29 --> Could not find the language line "mynt_buy_tmall"
ERROR - 2016-06-27 14:35:29 --> Could not find the language line "mynt_buy_youzan"
ERROR - 2016-06-27 14:35:29 --> Could not find the language line "home_cloud_title"
ERROR - 2016-06-27 14:35:29 --> Could not find the language line "home_cloud_intro"
ERROR - 2016-06-27 14:35:29 --> Could not find the language line "mynt_icon_taobao"
ERROR - 2016-06-27 14:35:29 --> Could not find the language line "mynt_icon_tmall"
ERROR - 2016-06-27 14:35:29 --> Could not find the language line "mynt_icon_youzan"
ERROR - 2016-06-27 14:35:29 --> Could not find the language line "mynt_buy_taobao"
ERROR - 2016-06-27 14:35:29 --> Could not find the language line "mynt_buy_tmall"
ERROR - 2016-06-27 14:35:29 --> Could not find the language line "mynt_buy_youzan"
ERROR - 2016-06-27 14:35:29 --> Could not find the language line "home_cloud_title"
ERROR - 2016-06-27 14:35:29 --> Could not find the language line "home_cloud_intro"
ERROR - 2016-06-27 14:35:29 --> Could not find the language line "mynt_icon_taobao"
ERROR - 2016-06-27 14:35:29 --> Could not find the language line "mynt_icon_tmall"
ERROR - 2016-06-27 14:35:29 --> Could not find the language line "mynt_icon_youzan"
ERROR - 2016-06-27 14:35:29 --> Could not find the language line "mynt_buy_taobao"
ERROR - 2016-06-27 14:35:29 --> Could not find the language line "mynt_buy_tmall"
ERROR - 2016-06-27 14:35:29 --> Could not find the language line "mynt_buy_youzan"
ERROR - 2016-06-27 14:35:29 --> Could not find the language line "home_cloud_title"
ERROR - 2016-06-27 14:35:29 --> Could not find the language line "home_cloud_intro"
ERROR - 2016-06-27 14:35:29 --> Could not find the language line "mynt_icon_taobao"
ERROR - 2016-06-27 14:35:29 --> Could not find the language line "mynt_icon_tmall"
ERROR - 2016-06-27 14:35:29 --> Could not find the language line "mynt_icon_youzan"
ERROR - 2016-06-27 14:35:29 --> Could not find the language line "mynt_buy_taobao"
ERROR - 2016-06-27 14:35:29 --> Could not find the language line "mynt_buy_tmall"
ERROR - 2016-06-27 14:35:29 --> Could not find the language line "mynt_buy_youzan"
ERROR - 2016-06-27 14:35:29 --> Could not find the language line "home_cloud_title"
ERROR - 2016-06-27 14:35:29 --> Could not find the language line "home_cloud_intro"
ERROR - 2016-06-27 14:35:29 --> Could not find the language line "mynt_icon_taobao"
ERROR - 2016-06-27 14:35:29 --> Could not find the language line "mynt_icon_tmall"
ERROR - 2016-06-27 14:35:29 --> Could not find the language line "mynt_icon_youzan"
ERROR - 2016-06-27 14:35:29 --> Could not find the language line "mynt_buy_taobao"
ERROR - 2016-06-27 14:35:29 --> Could not find the language line "mynt_buy_tmall"
ERROR - 2016-06-27 14:35:29 --> Could not find the language line "mynt_buy_youzan"
ERROR - 2016-06-27 14:35:29 --> Could not find the language line "home_cloud_title"
ERROR - 2016-06-27 14:35:29 --> Could not find the language line "home_cloud_intro"
ERROR - 2016-06-27 14:35:29 --> Could not find the language line "mynt_icon_taobao"
ERROR - 2016-06-27 14:35:29 --> Could not find the language line "mynt_icon_tmall"
ERROR - 2016-06-27 14:35:29 --> Could not find the language line "mynt_icon_youzan"
ERROR - 2016-06-27 14:35:30 --> Could not find the language line "mynt_buy_taobao"
ERROR - 2016-06-27 14:35:30 --> Could not find the language line "mynt_buy_tmall"
ERROR - 2016-06-27 14:35:30 --> Could not find the language line "mynt_buy_youzan"
ERROR - 2016-06-27 14:35:30 --> Could not find the language line "home_cloud_title"
ERROR - 2016-06-27 14:35:30 --> Could not find the language line "home_cloud_intro"
ERROR - 2016-06-27 14:35:30 --> Could not find the language line "mynt_icon_taobao"
ERROR - 2016-06-27 14:35:30 --> Could not find the language line "mynt_icon_tmall"
ERROR - 2016-06-27 14:35:30 --> Could not find the language line "mynt_icon_youzan"
ERROR - 2016-06-27 14:35:34 --> Could not find the language line "mynt_buy_taobao"
ERROR - 2016-06-27 14:35:34 --> Could not find the language line "mynt_buy_tmall"
ERROR - 2016-06-27 14:35:34 --> Could not find the language line "mynt_buy_youzan"
ERROR - 2016-06-27 14:35:34 --> Could not find the language line "home_cloud_title"
ERROR - 2016-06-27 14:35:34 --> Could not find the language line "home_cloud_intro"
ERROR - 2016-06-27 14:35:34 --> Could not find the language line "mynt_icon_taobao"
ERROR - 2016-06-27 14:35:34 --> Could not find the language line "mynt_icon_tmall"
ERROR - 2016-06-27 14:35:34 --> Could not find the language line "mynt_icon_youzan"
ERROR - 2016-06-27 14:35:37 --> Could not find the language line "mynt_buy_taobao"
ERROR - 2016-06-27 14:35:37 --> Could not find the language line "mynt_buy_tmall"
ERROR - 2016-06-27 14:35:37 --> Could not find the language line "mynt_buy_youzan"
ERROR - 2016-06-27 14:35:37 --> Could not find the language line "home_cloud_title"
ERROR - 2016-06-27 14:35:37 --> Could not find the language line "home_cloud_intro"
ERROR - 2016-06-27 14:35:37 --> Could not find the language line "mynt_icon_taobao"
ERROR - 2016-06-27 14:35:37 --> Could not find the language line "mynt_icon_tmall"
ERROR - 2016-06-27 14:35:37 --> Could not find the language line "mynt_icon_youzan"
ERROR - 2016-06-27 14:35:38 --> Could not find the language line "mynt_buy_taobao"
ERROR - 2016-06-27 14:35:38 --> Could not find the language line "mynt_buy_tmall"
ERROR - 2016-06-27 14:35:38 --> Could not find the language line "mynt_buy_youzan"
ERROR - 2016-06-27 14:35:38 --> Could not find the language line "home_cloud_title"
ERROR - 2016-06-27 14:35:38 --> Could not find the language line "home_cloud_intro"
ERROR - 2016-06-27 14:35:38 --> Could not find the language line "mynt_icon_taobao"
ERROR - 2016-06-27 14:35:38 --> Could not find the language line "mynt_icon_tmall"
ERROR - 2016-06-27 14:35:38 --> Could not find the language line "mynt_icon_youzan"
ERROR - 2016-06-27 14:35:39 --> Could not find the language line "mynt_buy_taobao"
ERROR - 2016-06-27 14:35:39 --> Could not find the language line "mynt_buy_tmall"
ERROR - 2016-06-27 14:35:39 --> Could not find the language line "mynt_buy_youzan"
ERROR - 2016-06-27 14:35:39 --> Could not find the language line "home_cloud_title"
ERROR - 2016-06-27 14:35:39 --> Could not find the language line "home_cloud_intro"
ERROR - 2016-06-27 14:35:39 --> Could not find the language line "mynt_icon_taobao"
ERROR - 2016-06-27 14:35:39 --> Could not find the language line "mynt_icon_tmall"
ERROR - 2016-06-27 14:35:39 --> Could not find the language line "mynt_icon_youzan"
ERROR - 2016-06-27 14:35:39 --> Could not find the language line "mynt_buy_taobao"
ERROR - 2016-06-27 14:35:39 --> Could not find the language line "mynt_buy_tmall"
ERROR - 2016-06-27 14:35:39 --> Could not find the language line "mynt_buy_youzan"
ERROR - 2016-06-27 14:35:39 --> Could not find the language line "home_cloud_title"
ERROR - 2016-06-27 14:35:39 --> Could not find the language line "home_cloud_intro"
ERROR - 2016-06-27 14:35:39 --> Could not find the language line "mynt_icon_taobao"
ERROR - 2016-06-27 14:35:39 --> Could not find the language line "mynt_icon_tmall"
ERROR - 2016-06-27 14:35:39 --> Could not find the language line "mynt_icon_youzan"
ERROR - 2016-06-27 14:35:39 --> Could not find the language line "mynt_buy_taobao"
ERROR - 2016-06-27 14:35:39 --> Could not find the language line "mynt_buy_tmall"
ERROR - 2016-06-27 14:35:39 --> Could not find the language line "mynt_buy_youzan"
ERROR - 2016-06-27 14:35:39 --> Could not find the language line "home_cloud_title"
ERROR - 2016-06-27 14:35:39 --> Could not find the language line "home_cloud_intro"
ERROR - 2016-06-27 14:35:39 --> Could not find the language line "mynt_icon_taobao"
ERROR - 2016-06-27 14:35:39 --> Could not find the language line "mynt_icon_tmall"
ERROR - 2016-06-27 14:35:39 --> Could not find the language line "mynt_icon_youzan"
ERROR - 2016-06-27 14:35:39 --> Could not find the language line "mynt_buy_taobao"
ERROR - 2016-06-27 14:35:39 --> Could not find the language line "mynt_buy_tmall"
ERROR - 2016-06-27 14:35:39 --> Could not find the language line "mynt_buy_youzan"
ERROR - 2016-06-27 14:35:39 --> Could not find the language line "home_cloud_title"
ERROR - 2016-06-27 14:35:39 --> Could not find the language line "home_cloud_intro"
ERROR - 2016-06-27 14:35:39 --> Could not find the language line "mynt_icon_taobao"
ERROR - 2016-06-27 14:35:39 --> Could not find the language line "mynt_icon_tmall"
ERROR - 2016-06-27 14:35:39 --> Could not find the language line "mynt_icon_youzan"
ERROR - 2016-06-27 14:35:39 --> Could not find the language line "mynt_buy_taobao"
ERROR - 2016-06-27 14:35:39 --> Could not find the language line "mynt_buy_tmall"
ERROR - 2016-06-27 14:35:39 --> Could not find the language line "mynt_buy_youzan"
ERROR - 2016-06-27 14:35:39 --> Could not find the language line "home_cloud_title"
ERROR - 2016-06-27 14:35:39 --> Could not find the language line "home_cloud_intro"
ERROR - 2016-06-27 14:35:39 --> Could not find the language line "mynt_icon_taobao"
ERROR - 2016-06-27 14:35:39 --> Could not find the language line "mynt_icon_tmall"
ERROR - 2016-06-27 14:35:39 --> Could not find the language line "mynt_icon_youzan"
ERROR - 2016-06-27 14:35:39 --> Could not find the language line "mynt_buy_taobao"
ERROR - 2016-06-27 14:35:39 --> Could not find the language line "mynt_buy_tmall"
ERROR - 2016-06-27 14:35:39 --> Could not find the language line "mynt_buy_youzan"
ERROR - 2016-06-27 14:35:39 --> Could not find the language line "home_cloud_title"
ERROR - 2016-06-27 14:35:39 --> Could not find the language line "home_cloud_intro"
ERROR - 2016-06-27 14:35:39 --> Could not find the language line "mynt_icon_taobao"
ERROR - 2016-06-27 14:35:39 --> Could not find the language line "mynt_icon_tmall"
ERROR - 2016-06-27 14:35:39 --> Could not find the language line "mynt_icon_youzan"
ERROR - 2016-06-27 14:35:41 --> Could not find the language line "mynt_buy_taobao"
ERROR - 2016-06-27 14:35:41 --> Could not find the language line "mynt_buy_tmall"
ERROR - 2016-06-27 14:35:41 --> Could not find the language line "mynt_buy_youzan"
ERROR - 2016-06-27 14:35:41 --> Could not find the language line "home_cloud_title"
ERROR - 2016-06-27 14:35:41 --> Could not find the language line "home_cloud_intro"
ERROR - 2016-06-27 14:35:41 --> Could not find the language line "mynt_icon_taobao"
ERROR - 2016-06-27 14:35:41 --> Could not find the language line "mynt_icon_tmall"
ERROR - 2016-06-27 14:35:41 --> Could not find the language line "mynt_icon_youzan"
ERROR - 2016-06-27 14:35:41 --> Could not find the language line "mynt_buy_taobao"
ERROR - 2016-06-27 14:35:41 --> Could not find the language line "mynt_buy_tmall"
ERROR - 2016-06-27 14:35:41 --> Could not find the language line "mynt_buy_youzan"
ERROR - 2016-06-27 14:35:41 --> Could not find the language line "home_cloud_title"
ERROR - 2016-06-27 14:35:41 --> Could not find the language line "home_cloud_intro"
ERROR - 2016-06-27 14:35:41 --> Could not find the language line "mynt_icon_taobao"
ERROR - 2016-06-27 14:35:41 --> Could not find the language line "mynt_icon_tmall"
ERROR - 2016-06-27 14:35:41 --> Could not find the language line "mynt_icon_youzan"
ERROR - 2016-06-27 14:35:41 --> Could not find the language line "mynt_buy_taobao"
ERROR - 2016-06-27 14:35:41 --> Could not find the language line "mynt_buy_tmall"
ERROR - 2016-06-27 14:35:41 --> Could not find the language line "mynt_buy_youzan"
ERROR - 2016-06-27 14:35:41 --> Could not find the language line "home_cloud_title"
ERROR - 2016-06-27 14:35:41 --> Could not find the language line "home_cloud_intro"
ERROR - 2016-06-27 14:35:41 --> Could not find the language line "mynt_icon_taobao"
ERROR - 2016-06-27 14:35:41 --> Could not find the language line "mynt_icon_tmall"
ERROR - 2016-06-27 14:35:41 --> Could not find the language line "mynt_icon_youzan"
ERROR - 2016-06-27 14:35:42 --> Could not find the language line "mynt_buy_taobao"
ERROR - 2016-06-27 14:35:42 --> Could not find the language line "mynt_buy_tmall"
ERROR - 2016-06-27 14:35:42 --> Could not find the language line "mynt_buy_youzan"
ERROR - 2016-06-27 14:35:42 --> Could not find the language line "home_cloud_title"
ERROR - 2016-06-27 14:35:42 --> Could not find the language line "home_cloud_intro"
ERROR - 2016-06-27 14:35:42 --> Could not find the language line "mynt_icon_taobao"
ERROR - 2016-06-27 14:35:42 --> Could not find the language line "mynt_icon_tmall"
ERROR - 2016-06-27 14:35:42 --> Could not find the language line "mynt_icon_youzan"
ERROR - 2016-06-27 14:35:59 --> Could not find the language line "mynt_buy_taobao"
ERROR - 2016-06-27 14:35:59 --> Could not find the language line "mynt_buy_tmall"
ERROR - 2016-06-27 14:35:59 --> Could not find the language line "mynt_buy_youzan"
ERROR - 2016-06-27 14:35:59 --> Could not find the language line "home_cloud_title"
ERROR - 2016-06-27 14:35:59 --> Could not find the language line "home_cloud_intro"
ERROR - 2016-06-27 14:35:59 --> Could not find the language line "mynt_icon_taobao"
ERROR - 2016-06-27 14:35:59 --> Could not find the language line "mynt_icon_tmall"
ERROR - 2016-06-27 14:35:59 --> Could not find the language line "mynt_icon_youzan"
ERROR - 2016-06-27 14:40:56 --> Could not find the language line "mynt_buy_amazon"
ERROR - 2016-06-27 14:40:56 --> Could not find the language line "home_slife_title"
ERROR - 2016-06-27 14:40:56 --> Could not find the language line "home_cloud_title"
ERROR - 2016-06-27 14:40:56 --> Could not find the language line "home_cloud_intro"
ERROR - 2016-06-27 14:40:56 --> Could not find the language line "mynt_icon_buy"
ERROR - 2016-06-27 14:41:00 --> Could not find the language line "mynt_buy_amazon"
ERROR - 2016-06-27 14:41:00 --> Could not find the language line "home_slife_title"
ERROR - 2016-06-27 14:41:00 --> Could not find the language line "home_cloud_title"
ERROR - 2016-06-27 14:41:00 --> Could not find the language line "home_cloud_intro"
ERROR - 2016-06-27 14:41:00 --> Could not find the language line "mynt_icon_buy"
ERROR - 2016-06-27 14:41:06 --> Could not find the language line "mynt_buy_amazon"
ERROR - 2016-06-27 14:41:06 --> Could not find the language line "home_slife_title"
ERROR - 2016-06-27 14:41:06 --> Could not find the language line "home_cloud_title"
ERROR - 2016-06-27 14:41:06 --> Could not find the language line "home_cloud_intro"
ERROR - 2016-06-27 14:41:06 --> Could not find the language line "mynt_icon_buy"
ERROR - 2016-06-27 14:41:07 --> Could not find the language line "mynt_buy_amazon"
ERROR - 2016-06-27 14:41:07 --> Could not find the language line "home_slife_title"
ERROR - 2016-06-27 14:41:07 --> Could not find the language line "home_cloud_title"
ERROR - 2016-06-27 14:41:07 --> Could not find the language line "home_cloud_intro"
ERROR - 2016-06-27 14:41:07 --> Could not find the language line "mynt_icon_buy"
ERROR - 2016-06-27 15:25:17 --> Could not find the language line "mynt_buy_taobao"
ERROR - 2016-06-27 15:25:17 --> Could not find the language line "mynt_buy_tmall"
ERROR - 2016-06-27 15:25:17 --> Could not find the language line "mynt_buy_youzan"
ERROR - 2016-06-27 15:25:17 --> Could not find the language line "home_cloud_title"
ERROR - 2016-06-27 15:25:17 --> Could not find the language line "home_cloud_intro"
ERROR - 2016-06-27 15:25:17 --> Could not find the language line "mynt_icon_taobao"
ERROR - 2016-06-27 15:25:17 --> Could not find the language line "mynt_icon_tmall"
ERROR - 2016-06-27 15:25:17 --> Could not find the language line "mynt_icon_youzan"
ERROR - 2016-06-27 15:25:45 --> Could not find the language line "mynt_buy_taobao"
ERROR - 2016-06-27 15:25:45 --> Could not find the language line "mynt_buy_tmall"
ERROR - 2016-06-27 15:25:45 --> Could not find the language line "mynt_buy_youzan"
ERROR - 2016-06-27 15:25:45 --> Could not find the language line "home_cloud_title"
ERROR - 2016-06-27 15:25:45 --> Could not find the language line "home_cloud_intro"
ERROR - 2016-06-27 15:25:45 --> Could not find the language line "mynt_icon_taobao"
ERROR - 2016-06-27 15:25:45 --> Could not find the language line "mynt_icon_tmall"
ERROR - 2016-06-27 15:25:45 --> Could not find the language line "mynt_icon_youzan"
ERROR - 2016-06-27 15:25:46 --> Could not find the language line "mynt_buy_taobao"
ERROR - 2016-06-27 15:25:46 --> Could not find the language line "mynt_buy_tmall"
ERROR - 2016-06-27 15:25:46 --> Could not find the language line "mynt_buy_youzan"
ERROR - 2016-06-27 15:25:46 --> Could not find the language line "home_cloud_title"
ERROR - 2016-06-27 15:25:46 --> Could not find the language line "home_cloud_intro"
ERROR - 2016-06-27 15:25:46 --> Could not find the language line "mynt_icon_taobao"
ERROR - 2016-06-27 15:25:46 --> Could not find the language line "mynt_icon_tmall"
ERROR - 2016-06-27 15:25:46 --> Could not find the language line "mynt_icon_youzan"
ERROR - 2016-06-27 15:25:47 --> Could not find the language line "mynt_buy_taobao"
ERROR - 2016-06-27 15:25:47 --> Could not find the language line "mynt_buy_tmall"
ERROR - 2016-06-27 15:25:47 --> Could not find the language line "mynt_buy_youzan"
ERROR - 2016-06-27 15:25:47 --> Could not find the language line "home_cloud_title"
ERROR - 2016-06-27 15:25:47 --> Could not find the language line "home_cloud_intro"
ERROR - 2016-06-27 15:25:47 --> Could not find the language line "mynt_icon_taobao"
ERROR - 2016-06-27 15:25:47 --> Could not find the language line "mynt_icon_tmall"
ERROR - 2016-06-27 15:25:47 --> Could not find the language line "mynt_icon_youzan"
ERROR - 2016-06-27 15:25:47 --> Could not find the language line "mynt_buy_taobao"
ERROR - 2016-06-27 15:25:47 --> Could not find the language line "mynt_buy_tmall"
ERROR - 2016-06-27 15:25:47 --> Could not find the language line "mynt_buy_youzan"
ERROR - 2016-06-27 15:25:47 --> Could not find the language line "home_cloud_title"
ERROR - 2016-06-27 15:25:47 --> Could not find the language line "home_cloud_intro"
ERROR - 2016-06-27 15:25:47 --> Could not find the language line "mynt_icon_taobao"
ERROR - 2016-06-27 15:25:47 --> Could not find the language line "mynt_icon_tmall"
ERROR - 2016-06-27 15:25:47 --> Could not find the language line "mynt_icon_youzan"
ERROR - 2016-06-27 15:25:48 --> Could not find the language line "mynt_buy_taobao"
ERROR - 2016-06-27 15:25:48 --> Could not find the language line "mynt_buy_tmall"
ERROR - 2016-06-27 15:25:48 --> Could not find the language line "mynt_buy_youzan"
ERROR - 2016-06-27 15:25:48 --> Could not find the language line "home_cloud_title"
ERROR - 2016-06-27 15:25:48 --> Could not find the language line "home_cloud_intro"
ERROR - 2016-06-27 15:25:48 --> Could not find the language line "mynt_icon_taobao"
ERROR - 2016-06-27 15:25:48 --> Could not find the language line "mynt_icon_tmall"
ERROR - 2016-06-27 15:25:48 --> Could not find the language line "mynt_icon_youzan"
ERROR - 2016-06-27 15:25:49 --> Could not find the language line "mynt_buy_taobao"
ERROR - 2016-06-27 15:25:49 --> Could not find the language line "mynt_buy_tmall"
ERROR - 2016-06-27 15:25:49 --> Could not find the language line "mynt_buy_youzan"
ERROR - 2016-06-27 15:25:49 --> Could not find the language line "home_cloud_title"
ERROR - 2016-06-27 15:25:49 --> Could not find the language line "home_cloud_intro"
ERROR - 2016-06-27 15:25:49 --> Could not find the language line "mynt_icon_taobao"
ERROR - 2016-06-27 15:25:49 --> Could not find the language line "mynt_icon_tmall"
ERROR - 2016-06-27 15:25:49 --> Could not find the language line "mynt_icon_youzan"
ERROR - 2016-06-27 15:25:50 --> Could not find the language line "mynt_buy_taobao"
ERROR - 2016-06-27 15:25:50 --> Could not find the language line "mynt_buy_tmall"
ERROR - 2016-06-27 15:25:50 --> Could not find the language line "mynt_buy_youzan"
ERROR - 2016-06-27 15:25:50 --> Could not find the language line "home_cloud_title"
ERROR - 2016-06-27 15:25:50 --> Could not find the language line "home_cloud_intro"
ERROR - 2016-06-27 15:25:50 --> Could not find the language line "mynt_icon_taobao"
ERROR - 2016-06-27 15:25:50 --> Could not find the language line "mynt_icon_tmall"
ERROR - 2016-06-27 15:25:50 --> Could not find the language line "mynt_icon_youzan"
ERROR - 2016-06-27 15:25:53 --> Could not find the language line "mynt_buy_taobao"
ERROR - 2016-06-27 15:25:53 --> Could not find the language line "mynt_buy_tmall"
ERROR - 2016-06-27 15:25:53 --> Could not find the language line "mynt_buy_youzan"
ERROR - 2016-06-27 15:25:53 --> Could not find the language line "home_cloud_title"
ERROR - 2016-06-27 15:25:53 --> Could not find the language line "home_cloud_intro"
ERROR - 2016-06-27 15:25:53 --> Could not find the language line "mynt_icon_taobao"
ERROR - 2016-06-27 15:25:53 --> Could not find the language line "mynt_icon_tmall"
ERROR - 2016-06-27 15:25:53 --> Could not find the language line "mynt_icon_youzan"
ERROR - 2016-06-27 15:25:56 --> Could not find the language line "mynt_buy_taobao"
ERROR - 2016-06-27 15:25:56 --> Could not find the language line "mynt_buy_tmall"
ERROR - 2016-06-27 15:25:56 --> Could not find the language line "mynt_buy_youzan"
ERROR - 2016-06-27 15:25:56 --> Could not find the language line "home_cloud_title"
ERROR - 2016-06-27 15:25:56 --> Could not find the language line "home_cloud_intro"
ERROR - 2016-06-27 15:25:56 --> Could not find the language line "mynt_icon_taobao"
ERROR - 2016-06-27 15:25:56 --> Could not find the language line "mynt_icon_tmall"
ERROR - 2016-06-27 15:25:56 --> Could not find the language line "mynt_icon_youzan"
ERROR - 2016-06-27 15:40:30 --> Could not find the language line "mynt_buy_taobao"
ERROR - 2016-06-27 15:40:30 --> Could not find the language line "mynt_buy_tmall"
ERROR - 2016-06-27 15:40:30 --> Could not find the language line "mynt_buy_youzan"
ERROR - 2016-06-27 15:40:30 --> Could not find the language line "home_cloud_title"
ERROR - 2016-06-27 15:40:30 --> Could not find the language line "home_cloud_intro"
ERROR - 2016-06-27 15:40:30 --> Could not find the language line "mynt_icon_taobao"
ERROR - 2016-06-27 15:40:30 --> Could not find the language line "mynt_icon_tmall"
ERROR - 2016-06-27 15:40:30 --> Could not find the language line "mynt_icon_youzan"
ERROR - 2016-06-27 15:40:31 --> Could not find the language line "mynt_buy_taobao"
ERROR - 2016-06-27 15:40:31 --> Could not find the language line "mynt_buy_tmall"
ERROR - 2016-06-27 15:40:31 --> Could not find the language line "mynt_buy_youzan"
ERROR - 2016-06-27 15:40:31 --> Could not find the language line "home_cloud_title"
ERROR - 2016-06-27 15:40:31 --> Could not find the language line "home_cloud_intro"
ERROR - 2016-06-27 15:40:31 --> Could not find the language line "mynt_icon_taobao"
ERROR - 2016-06-27 15:40:31 --> Could not find the language line "mynt_icon_tmall"
ERROR - 2016-06-27 15:40:31 --> Could not find the language line "mynt_icon_youzan"
ERROR - 2016-06-27 15:40:36 --> Could not find the language line "mynt_buy_taobao"
ERROR - 2016-06-27 15:40:36 --> Could not find the language line "mynt_buy_tmall"
ERROR - 2016-06-27 15:40:36 --> Could not find the language line "mynt_buy_youzan"
ERROR - 2016-06-27 15:40:36 --> Could not find the language line "home_cloud_title"
ERROR - 2016-06-27 15:40:36 --> Could not find the language line "home_cloud_intro"
ERROR - 2016-06-27 15:40:36 --> Could not find the language line "mynt_icon_taobao"
ERROR - 2016-06-27 15:40:36 --> Could not find the language line "mynt_icon_tmall"
ERROR - 2016-06-27 15:40:36 --> Could not find the language line "mynt_icon_youzan"
ERROR - 2016-06-27 15:40:37 --> Could not find the language line "mynt_buy_taobao"
ERROR - 2016-06-27 15:40:37 --> Could not find the language line "mynt_buy_tmall"
ERROR - 2016-06-27 15:40:37 --> Could not find the language line "mynt_buy_youzan"
ERROR - 2016-06-27 15:40:37 --> Could not find the language line "home_cloud_title"
ERROR - 2016-06-27 15:40:37 --> Could not find the language line "home_cloud_intro"
ERROR - 2016-06-27 15:40:37 --> Could not find the language line "mynt_icon_taobao"
ERROR - 2016-06-27 15:40:37 --> Could not find the language line "mynt_icon_tmall"
ERROR - 2016-06-27 15:40:37 --> Could not find the language line "mynt_icon_youzan"
ERROR - 2016-06-27 15:43:50 --> Could not find the language line "mynt_buy_amazon"
ERROR - 2016-06-27 15:43:50 --> Could not find the language line "home_slife_title"
ERROR - 2016-06-27 15:43:50 --> Could not find the language line "home_cloud_title"
ERROR - 2016-06-27 15:43:50 --> Could not find the language line "home_cloud_intro"
ERROR - 2016-06-27 15:43:50 --> Could not find the language line "mynt_icon_buy"
ERROR - 2016-06-27 15:43:51 --> Could not find the language line "mynt_buy_amazon"
ERROR - 2016-06-27 15:43:51 --> Could not find the language line "home_slife_title"
ERROR - 2016-06-27 15:43:51 --> Could not find the language line "home_cloud_title"
ERROR - 2016-06-27 15:43:51 --> Could not find the language line "home_cloud_intro"
ERROR - 2016-06-27 15:43:51 --> Could not find the language line "mynt_icon_buy"
ERROR - 2016-06-27 15:43:52 --> Could not find the language line "mynt_buy_amazon"
ERROR - 2016-06-27 15:43:52 --> Could not find the language line "home_slife_title"
ERROR - 2016-06-27 15:43:52 --> Could not find the language line "home_cloud_title"
ERROR - 2016-06-27 15:43:52 --> Could not find the language line "home_cloud_intro"
ERROR - 2016-06-27 15:43:52 --> Could not find the language line "mynt_icon_buy"
ERROR - 2016-06-27 15:43:53 --> Could not find the language line "mynt_buy_amazon"
ERROR - 2016-06-27 15:43:53 --> Could not find the language line "home_slife_title"
ERROR - 2016-06-27 15:43:53 --> Could not find the language line "home_cloud_title"
ERROR - 2016-06-27 15:43:53 --> Could not find the language line "home_cloud_intro"
ERROR - 2016-06-27 15:43:53 --> Could not find the language line "mynt_icon_buy"
ERROR - 2016-06-27 15:44:08 --> Could not find the language line "mynt_buy_amazon"
ERROR - 2016-06-27 15:44:08 --> Could not find the language line "home_slife_title"
ERROR - 2016-06-27 15:44:08 --> Could not find the language line "home_cloud_title"
ERROR - 2016-06-27 15:44:08 --> Could not find the language line "home_cloud_intro"
ERROR - 2016-06-27 15:44:08 --> Could not find the language line "mynt_icon_buy"
ERROR - 2016-06-27 15:44:09 --> Could not find the language line "mynt_buy_amazon"
ERROR - 2016-06-27 15:44:09 --> Could not find the language line "home_slife_title"
ERROR - 2016-06-27 15:44:09 --> Could not find the language line "home_cloud_title"
ERROR - 2016-06-27 15:44:09 --> Could not find the language line "home_cloud_intro"
ERROR - 2016-06-27 15:44:09 --> Could not find the language line "mynt_icon_buy"
ERROR - 2016-06-27 15:44:27 --> Could not find the language line "mynt_buy_amazon"
ERROR - 2016-06-27 15:44:27 --> Could not find the language line "home_slife_title"
ERROR - 2016-06-27 15:44:27 --> Could not find the language line "home_cloud_title"
ERROR - 2016-06-27 15:44:27 --> Could not find the language line "home_cloud_intro"
ERROR - 2016-06-27 15:44:27 --> Could not find the language line "mynt_icon_buy"
ERROR - 2016-06-27 15:49:01 --> Could not find the language line "mynt_buy_amazon"
ERROR - 2016-06-27 15:49:01 --> Could not find the language line "home_slife_title"
ERROR - 2016-06-27 15:49:01 --> Could not find the language line "home_cloud_title"
ERROR - 2016-06-27 15:49:01 --> Could not find the language line "home_cloud_intro"
ERROR - 2016-06-27 15:49:01 --> Could not find the language line "mynt_icon_buy"
ERROR - 2016-06-27 15:58:57 --> Could not find the language line "mynt_buy_taobao"
ERROR - 2016-06-27 15:58:57 --> Could not find the language line "mynt_buy_tmall"
ERROR - 2016-06-27 15:58:57 --> Could not find the language line "mynt_buy_youzan"
ERROR - 2016-06-27 15:58:57 --> Could not find the language line "home_cloud_title"
ERROR - 2016-06-27 15:58:57 --> Could not find the language line "home_cloud_intro"
ERROR - 2016-06-27 15:58:57 --> Could not find the language line "mynt_icon_taobao"
ERROR - 2016-06-27 15:58:57 --> Could not find the language line "mynt_icon_tmall"
ERROR - 2016-06-27 15:58:57 --> Could not find the language line "mynt_icon_youzan"
ERROR - 2016-06-27 15:58:58 --> Could not find the language line "mynt_buy_taobao"
ERROR - 2016-06-27 15:58:58 --> Could not find the language line "mynt_buy_tmall"
ERROR - 2016-06-27 15:58:58 --> Could not find the language line "mynt_buy_youzan"
ERROR - 2016-06-27 15:58:58 --> Could not find the language line "home_cloud_title"
ERROR - 2016-06-27 15:58:58 --> Could not find the language line "home_cloud_intro"
ERROR - 2016-06-27 15:58:58 --> Could not find the language line "mynt_icon_taobao"
ERROR - 2016-06-27 15:58:58 --> Could not find the language line "mynt_icon_tmall"
ERROR - 2016-06-27 15:58:58 --> Could not find the language line "mynt_icon_youzan"
ERROR - 2016-06-27 15:58:59 --> Could not find the language line "mynt_buy_taobao"
ERROR - 2016-06-27 15:58:59 --> Could not find the language line "mynt_buy_tmall"
ERROR - 2016-06-27 15:58:59 --> Could not find the language line "mynt_buy_youzan"
ERROR - 2016-06-27 15:58:59 --> Could not find the language line "home_cloud_title"
ERROR - 2016-06-27 15:58:59 --> Could not find the language line "home_cloud_intro"
ERROR - 2016-06-27 15:58:59 --> Could not find the language line "mynt_icon_taobao"
ERROR - 2016-06-27 15:58:59 --> Could not find the language line "mynt_icon_tmall"
ERROR - 2016-06-27 15:58:59 --> Could not find the language line "mynt_icon_youzan"
ERROR - 2016-06-27 15:59:00 --> Could not find the language line "mynt_buy_taobao"
ERROR - 2016-06-27 15:59:00 --> Could not find the language line "mynt_buy_tmall"
ERROR - 2016-06-27 15:59:00 --> Could not find the language line "mynt_buy_youzan"
ERROR - 2016-06-27 15:59:00 --> Could not find the language line "home_cloud_title"
ERROR - 2016-06-27 15:59:00 --> Could not find the language line "home_cloud_intro"
ERROR - 2016-06-27 15:59:00 --> Could not find the language line "mynt_icon_taobao"
ERROR - 2016-06-27 15:59:00 --> Could not find the language line "mynt_icon_tmall"
ERROR - 2016-06-27 15:59:00 --> Could not find the language line "mynt_icon_youzan"
ERROR - 2016-06-27 15:59:01 --> Could not find the language line "mynt_buy_taobao"
ERROR - 2016-06-27 15:59:01 --> Could not find the language line "mynt_buy_tmall"
ERROR - 2016-06-27 15:59:01 --> Could not find the language line "mynt_buy_youzan"
ERROR - 2016-06-27 15:59:01 --> Could not find the language line "home_cloud_title"
ERROR - 2016-06-27 15:59:01 --> Could not find the language line "home_cloud_intro"
ERROR - 2016-06-27 15:59:01 --> Could not find the language line "mynt_icon_taobao"
ERROR - 2016-06-27 15:59:01 --> Could not find the language line "mynt_icon_tmall"
ERROR - 2016-06-27 15:59:01 --> Could not find the language line "mynt_icon_youzan"
ERROR - 2016-06-27 15:59:01 --> Could not find the language line "mynt_buy_taobao"
ERROR - 2016-06-27 15:59:01 --> Could not find the language line "mynt_buy_tmall"
ERROR - 2016-06-27 15:59:01 --> Could not find the language line "mynt_buy_youzan"
ERROR - 2016-06-27 15:59:01 --> Could not find the language line "home_cloud_title"
ERROR - 2016-06-27 15:59:01 --> Could not find the language line "home_cloud_intro"
ERROR - 2016-06-27 15:59:01 --> Could not find the language line "mynt_icon_taobao"
ERROR - 2016-06-27 15:59:01 --> Could not find the language line "mynt_icon_tmall"
ERROR - 2016-06-27 15:59:01 --> Could not find the language line "mynt_icon_youzan"
