ERROR - 2016-09-13 08:16:06 --> Could not find the language line "mynt_buy_taobao"
ERROR - 2016-09-13 08:16:06 --> Could not find the language line "mynt_buy_tmall"
ERROR - 2016-09-13 08:16:06 --> Could not find the language line "mynt_buy_youzan"
ERROR - 2016-09-13 08:16:06 --> Could not find the language line "mynt_buy_jd"
ERROR - 2016-09-13 08:16:06 --> Could not find the language line "home_cloud_title"
ERROR - 2016-09-13 08:16:06 --> Could not find the language line "home_cloud_intro"
ERROR - 2016-09-13 08:16:06 --> Could not find the language line "mynt_icon_taobao"
ERROR - 2016-09-13 08:16:06 --> Could not find the language line "mynt_icon_tmall"
ERROR - 2016-09-13 08:16:06 --> Could not find the language line "mynt_icon_youzan"
ERROR - 2016-09-13 08:16:10 --> Could not find the language line "mynt_buy_taobao"
ERROR - 2016-09-13 08:16:10 --> Could not find the language line "mynt_buy_tmall"
ERROR - 2016-09-13 08:16:10 --> Could not find the language line "mynt_buy_youzan"
ERROR - 2016-09-13 08:16:10 --> Could not find the language line "mynt_buy_jd"
ERROR - 2016-09-13 08:17:09 --> Could not find the language line "mynt_buy_taobao"
ERROR - 2016-09-13 08:17:09 --> Could not find the language line "mynt_buy_tmall"
ERROR - 2016-09-13 08:17:09 --> Could not find the language line "mynt_buy_youzan"
ERROR - 2016-09-13 08:17:09 --> Could not find the language line "mynt_buy_jd"
ERROR - 2016-09-13 08:17:09 --> Could not find the language line "home_cloud_title"
ERROR - 2016-09-13 08:17:09 --> Could not find the language line "home_cloud_intro"
ERROR - 2016-09-13 08:17:09 --> Could not find the language line "mynt_icon_taobao"
ERROR - 2016-09-13 08:17:09 --> Could not find the language line "mynt_icon_tmall"
ERROR - 2016-09-13 08:17:09 --> Could not find the language line "mynt_icon_youzan"
ERROR - 2016-09-13 08:17:10 --> Could not find the language line "mynt_buy_taobao"
ERROR - 2016-09-13 08:17:10 --> Could not find the language line "mynt_buy_tmall"
ERROR - 2016-09-13 08:17:10 --> Could not find the language line "mynt_buy_youzan"
ERROR - 2016-09-13 08:17:10 --> Could not find the language line "mynt_buy_jd"
ERROR - 2016-09-13 08:17:11 --> Could not find the language line "mynt_buy_taobao"
ERROR - 2016-09-13 08:17:11 --> Could not find the language line "mynt_buy_tmall"
ERROR - 2016-09-13 08:17:11 --> Could not find the language line "mynt_buy_youzan"
ERROR - 2016-09-13 08:17:11 --> Could not find the language line "mynt_buy_jd"
ERROR - 2016-09-13 08:17:11 --> Could not find the language line "home_cloud_title"
ERROR - 2016-09-13 08:17:11 --> Could not find the language line "home_cloud_intro"
ERROR - 2016-09-13 08:17:11 --> Could not find the language line "mynt_icon_taobao"
ERROR - 2016-09-13 08:17:11 --> Could not find the language line "mynt_icon_tmall"
ERROR - 2016-09-13 08:17:11 --> Could not find the language line "mynt_icon_youzan"
ERROR - 2016-09-13 08:17:11 --> Could not find the language line "mynt_buy_taobao"
ERROR - 2016-09-13 08:17:11 --> Could not find the language line "mynt_buy_tmall"
ERROR - 2016-09-13 08:17:11 --> Could not find the language line "mynt_buy_youzan"
ERROR - 2016-09-13 08:17:11 --> Could not find the language line "mynt_buy_jd"
ERROR - 2016-09-13 08:17:14 --> Could not find the language line "mynt_buy_taobao"
ERROR - 2016-09-13 08:17:14 --> Could not find the language line "mynt_buy_tmall"
ERROR - 2016-09-13 08:17:14 --> Could not find the language line "mynt_buy_youzan"
ERROR - 2016-09-13 08:17:14 --> Could not find the language line "mynt_buy_jd"
ERROR - 2016-09-13 08:17:14 --> Could not find the language line "home_cloud_title"
ERROR - 2016-09-13 08:17:14 --> Could not find the language line "home_cloud_intro"
ERROR - 2016-09-13 08:17:14 --> Could not find the language line "mynt_icon_taobao"
ERROR - 2016-09-13 08:17:14 --> Could not find the language line "mynt_icon_tmall"
ERROR - 2016-09-13 08:17:14 --> Could not find the language line "mynt_icon_youzan"
ERROR - 2016-09-13 08:17:14 --> Could not find the language line "mynt_buy_taobao"
ERROR - 2016-09-13 08:17:14 --> Could not find the language line "mynt_buy_tmall"
ERROR - 2016-09-13 08:17:14 --> Could not find the language line "mynt_buy_youzan"
ERROR - 2016-09-13 08:17:14 --> Could not find the language line "mynt_buy_jd"
ERROR - 2016-09-13 09:32:44 --> Could not find the language line "mynt_buy_taobao"
ERROR - 2016-09-13 09:32:44 --> Could not find the language line "mynt_buy_tmall"
ERROR - 2016-09-13 09:32:44 --> Could not find the language line "mynt_buy_youzan"
ERROR - 2016-09-13 09:32:44 --> Could not find the language line "mynt_buy_jd"
ERROR - 2016-09-13 09:32:44 --> Could not find the language line "home_cloud_title"
ERROR - 2016-09-13 09:32:44 --> Could not find the language line "home_cloud_intro"
ERROR - 2016-09-13 09:32:44 --> Could not find the language line "mynt_icon_taobao"
ERROR - 2016-09-13 09:32:44 --> Could not find the language line "mynt_icon_tmall"
ERROR - 2016-09-13 09:32:44 --> Could not find the language line "mynt_icon_youzan"
