ERROR - 2016-08-23 02:28:16 --> Could not find the language line "mynt_buy_taobao"
ERROR - 2016-08-23 02:28:16 --> Could not find the language line "mynt_buy_tmall"
ERROR - 2016-08-23 02:28:16 --> Could not find the language line "mynt_buy_youzan"
ERROR - 2016-08-23 02:28:16 --> Could not find the language line "mynt_buy_jd"
ERROR - 2016-08-23 02:28:16 --> Could not find the language line "home_cloud_title"
ERROR - 2016-08-23 02:28:16 --> Could not find the language line "home_cloud_intro"
ERROR - 2016-08-23 02:28:16 --> Could not find the language line "mynt_icon_taobao"
ERROR - 2016-08-23 02:28:16 --> Could not find the language line "mynt_icon_tmall"
ERROR - 2016-08-23 02:28:16 --> Could not find the language line "mynt_icon_youzan"
ERROR - 2016-08-23 02:28:17 --> Could not find the language line "mynt_buy_taobao"
ERROR - 2016-08-23 02:28:17 --> Could not find the language line "mynt_buy_tmall"
ERROR - 2016-08-23 02:28:17 --> Could not find the language line "mynt_buy_youzan"
ERROR - 2016-08-23 02:28:17 --> Could not find the language line "mynt_buy_jd"
ERROR - 2016-08-23 06:34:58 --> Could not find the language line "mynt_buy_taobao"
ERROR - 2016-08-23 06:34:58 --> Could not find the language line "mynt_buy_tmall"
ERROR - 2016-08-23 06:34:58 --> Could not find the language line "mynt_buy_youzan"
ERROR - 2016-08-23 06:34:58 --> Could not find the language line "mynt_buy_jd"
ERROR - 2016-08-23 06:34:58 --> Could not find the language line "home_cloud_title"
ERROR - 2016-08-23 06:34:58 --> Could not find the language line "home_cloud_intro"
ERROR - 2016-08-23 06:34:58 --> Could not find the language line "mynt_icon_taobao"
ERROR - 2016-08-23 06:34:58 --> Could not find the language line "mynt_icon_tmall"
ERROR - 2016-08-23 06:34:58 --> Could not find the language line "mynt_icon_youzan"
ERROR - 2016-08-23 06:34:59 --> Could not find the language line "mynt_buy_taobao"
ERROR - 2016-08-23 06:34:59 --> Could not find the language line "mynt_buy_tmall"
ERROR - 2016-08-23 06:34:59 --> Could not find the language line "mynt_buy_youzan"
ERROR - 2016-08-23 06:34:59 --> Could not find the language line "mynt_buy_jd"
ERROR - 2016-08-23 06:35:35 --> Could not find the language line "mynt_buy_taobao"
ERROR - 2016-08-23 06:35:35 --> Could not find the language line "mynt_buy_tmall"
ERROR - 2016-08-23 06:35:35 --> Could not find the language line "mynt_buy_youzan"
ERROR - 2016-08-23 06:35:35 --> Could not find the language line "mynt_buy_jd"
ERROR - 2016-08-23 06:35:35 --> Could not find the language line "home_cloud_title"
ERROR - 2016-08-23 06:35:35 --> Could not find the language line "home_cloud_intro"
ERROR - 2016-08-23 06:35:35 --> Could not find the language line "mynt_icon_taobao"
ERROR - 2016-08-23 06:35:35 --> Could not find the language line "mynt_icon_tmall"
ERROR - 2016-08-23 06:35:35 --> Could not find the language line "mynt_icon_youzan"
ERROR - 2016-08-23 06:35:35 --> Could not find the language line "mynt_buy_taobao"
ERROR - 2016-08-23 06:35:35 --> Could not find the language line "mynt_buy_tmall"
ERROR - 2016-08-23 06:35:35 --> Could not find the language line "mynt_buy_youzan"
ERROR - 2016-08-23 06:35:35 --> Could not find the language line "mynt_buy_jd"
ERROR - 2016-08-23 06:36:22 --> 404 Page Not Found: Help/es
ERROR - 2016-08-23 06:36:33 --> Could not find the language line "mynt_buy_taobao"
ERROR - 2016-08-23 06:36:33 --> Could not find the language line "mynt_buy_tmall"
ERROR - 2016-08-23 06:36:33 --> Could not find the language line "mynt_buy_youzan"
ERROR - 2016-08-23 06:36:33 --> Could not find the language line "mynt_buy_jd"
ERROR - 2016-08-23 06:36:33 --> Could not find the language line "mynt_buy_taobao"
ERROR - 2016-08-23 06:36:33 --> Could not find the language line "mynt_buy_tmall"
ERROR - 2016-08-23 06:36:33 --> Could not find the language line "mynt_buy_youzan"
ERROR - 2016-08-23 06:36:33 --> Could not find the language line "mynt_buy_jd"
ERROR - 2016-08-23 06:37:23 --> 404 Page Not Found: Help/es
ERROR - 2016-08-23 06:37:26 --> 404 Page Not Found: Help/es
ERROR - 2016-08-23 06:38:20 --> 404 Page Not Found: Help/es
ERROR - 2016-08-23 06:38:48 --> Could not find the language line "mynt_buy_taobao"
ERROR - 2016-08-23 06:38:48 --> Could not find the language line "mynt_buy_tmall"
ERROR - 2016-08-23 06:38:48 --> Could not find the language line "mynt_buy_youzan"
ERROR - 2016-08-23 06:38:48 --> Could not find the language line "mynt_buy_jd"
ERROR - 2016-08-23 06:38:49 --> Could not find the language line "mynt_buy_taobao"
ERROR - 2016-08-23 06:38:49 --> Could not find the language line "mynt_buy_tmall"
ERROR - 2016-08-23 06:38:49 --> Could not find the language line "mynt_buy_youzan"
ERROR - 2016-08-23 06:38:49 --> Could not find the language line "mynt_buy_jd"
ERROR - 2016-08-23 06:41:33 --> Could not find the language line "mynt_buy_taobao"
ERROR - 2016-08-23 06:41:33 --> Could not find the language line "mynt_buy_tmall"
ERROR - 2016-08-23 06:41:33 --> Could not find the language line "mynt_buy_youzan"
ERROR - 2016-08-23 06:41:33 --> Could not find the language line "mynt_buy_jd"
ERROR - 2016-08-23 06:41:33 --> Could not find the language line "mynt_buy_taobao"
ERROR - 2016-08-23 06:41:33 --> Could not find the language line "mynt_buy_tmall"
ERROR - 2016-08-23 06:41:33 --> Could not find the language line "mynt_buy_youzan"
ERROR - 2016-08-23 06:41:33 --> Could not find the language line "mynt_buy_jd"
ERROR - 2016-08-23 07:13:57 --> Could not find the language line "mynt_buy_taobao"
ERROR - 2016-08-23 07:13:57 --> Could not find the language line "mynt_buy_tmall"
ERROR - 2016-08-23 07:13:57 --> Could not find the language line "mynt_buy_youzan"
ERROR - 2016-08-23 07:13:57 --> Could not find the language line "mynt_buy_jd"
ERROR - 2016-08-23 07:13:58 --> Could not find the language line "mynt_buy_taobao"
ERROR - 2016-08-23 07:13:58 --> Could not find the language line "mynt_buy_tmall"
ERROR - 2016-08-23 07:13:58 --> Could not find the language line "mynt_buy_youzan"
ERROR - 2016-08-23 07:13:58 --> Could not find the language line "mynt_buy_jd"
ERROR - 2016-08-23 07:14:26 --> Could not find the language line "mynt_buy_taobao"
ERROR - 2016-08-23 07:14:26 --> Could not find the language line "mynt_buy_tmall"
ERROR - 2016-08-23 07:14:26 --> Could not find the language line "mynt_buy_youzan"
ERROR - 2016-08-23 07:14:26 --> Could not find the language line "mynt_buy_jd"
ERROR - 2016-08-23 07:14:26 --> Could not find the language line "mynt_buy_taobao"
ERROR - 2016-08-23 07:14:26 --> Could not find the language line "mynt_buy_tmall"
ERROR - 2016-08-23 07:14:26 --> Could not find the language line "mynt_buy_youzan"
ERROR - 2016-08-23 07:14:26 --> Could not find the language line "mynt_buy_jd"
ERROR - 2016-08-23 07:15:14 --> Could not find the language line "mynt_buy_taobao"
ERROR - 2016-08-23 07:15:14 --> Could not find the language line "mynt_buy_tmall"
ERROR - 2016-08-23 07:15:14 --> Could not find the language line "mynt_buy_youzan"
ERROR - 2016-08-23 07:15:14 --> Could not find the language line "mynt_buy_jd"
ERROR - 2016-08-23 07:15:14 --> Could not find the language line "mynt_buy_taobao"
ERROR - 2016-08-23 07:15:14 --> Could not find the language line "mynt_buy_tmall"
ERROR - 2016-08-23 07:15:14 --> Could not find the language line "mynt_buy_youzan"
ERROR - 2016-08-23 07:15:14 --> Could not find the language line "mynt_buy_jd"
ERROR - 2016-08-23 07:16:15 --> Could not find the language line "mynt_buy_taobao"
ERROR - 2016-08-23 07:16:15 --> Could not find the language line "mynt_buy_tmall"
ERROR - 2016-08-23 07:16:15 --> Could not find the language line "mynt_buy_youzan"
ERROR - 2016-08-23 07:16:15 --> Could not find the language line "mynt_buy_jd"
ERROR - 2016-08-23 07:16:15 --> Could not find the language line "mynt_buy_taobao"
ERROR - 2016-08-23 07:16:15 --> Could not find the language line "mynt_buy_tmall"
ERROR - 2016-08-23 07:16:15 --> Could not find the language line "mynt_buy_youzan"
ERROR - 2016-08-23 07:16:15 --> Could not find the language line "mynt_buy_jd"
ERROR - 2016-08-23 07:18:27 --> Could not find the language line "mynt_buy_taobao"
ERROR - 2016-08-23 07:18:27 --> Could not find the language line "mynt_buy_tmall"
ERROR - 2016-08-23 07:18:27 --> Could not find the language line "mynt_buy_youzan"
ERROR - 2016-08-23 07:18:27 --> Could not find the language line "mynt_buy_jd"
ERROR - 2016-08-23 07:18:27 --> Could not find the language line "mynt_buy_taobao"
ERROR - 2016-08-23 07:18:27 --> Could not find the language line "mynt_buy_tmall"
ERROR - 2016-08-23 07:18:27 --> Could not find the language line "mynt_buy_youzan"
ERROR - 2016-08-23 07:18:27 --> Could not find the language line "mynt_buy_jd"
ERROR - 2016-08-23 07:21:56 --> Could not find the language line "mynt_buy_taobao"
ERROR - 2016-08-23 07:21:56 --> Could not find the language line "mynt_buy_tmall"
ERROR - 2016-08-23 07:21:56 --> Could not find the language line "mynt_buy_youzan"
ERROR - 2016-08-23 07:21:56 --> Could not find the language line "mynt_buy_jd"
ERROR - 2016-08-23 07:28:56 --> Could not find the language line "mynt_buy_taobao"
ERROR - 2016-08-23 07:28:56 --> Could not find the language line "mynt_buy_tmall"
ERROR - 2016-08-23 07:28:56 --> Could not find the language line "mynt_buy_youzan"
ERROR - 2016-08-23 07:28:56 --> Could not find the language line "mynt_buy_jd"
ERROR - 2016-08-23 07:28:56 --> Could not find the language line "home_cloud_title"
ERROR - 2016-08-23 07:28:56 --> Could not find the language line "home_cloud_intro"
ERROR - 2016-08-23 07:28:56 --> Could not find the language line "mynt_icon_taobao"
ERROR - 2016-08-23 07:28:56 --> Could not find the language line "mynt_icon_tmall"
ERROR - 2016-08-23 07:28:56 --> Could not find the language line "mynt_icon_youzan"
ERROR - 2016-08-23 07:28:57 --> Could not find the language line "mynt_buy_taobao"
ERROR - 2016-08-23 07:28:57 --> Could not find the language line "mynt_buy_tmall"
ERROR - 2016-08-23 07:28:57 --> Could not find the language line "mynt_buy_youzan"
ERROR - 2016-08-23 07:28:57 --> Could not find the language line "mynt_buy_jd"
ERROR - 2016-08-23 07:33:49 --> Could not find the language line "mynt_buy_taobao"
ERROR - 2016-08-23 07:33:49 --> Could not find the language line "mynt_buy_tmall"
ERROR - 2016-08-23 07:33:49 --> Could not find the language line "mynt_buy_youzan"
ERROR - 2016-08-23 07:33:49 --> Could not find the language line "mynt_buy_jd"
ERROR - 2016-08-23 07:33:50 --> Could not find the language line "mynt_buy_taobao"
ERROR - 2016-08-23 07:33:50 --> Could not find the language line "mynt_buy_tmall"
ERROR - 2016-08-23 07:33:50 --> Could not find the language line "mynt_buy_youzan"
ERROR - 2016-08-23 07:33:50 --> Could not find the language line "mynt_buy_jd"
ERROR - 2016-08-23 07:35:27 --> Could not find the language line "mynt_buy_taobao"
ERROR - 2016-08-23 07:35:27 --> Could not find the language line "mynt_buy_tmall"
ERROR - 2016-08-23 07:35:27 --> Could not find the language line "mynt_buy_youzan"
ERROR - 2016-08-23 07:35:27 --> Could not find the language line "mynt_buy_jd"
ERROR - 2016-08-23 07:35:27 --> Could not find the language line "home_cloud_title"
ERROR - 2016-08-23 07:35:27 --> Could not find the language line "home_cloud_intro"
ERROR - 2016-08-23 07:35:27 --> Could not find the language line "mynt_icon_taobao"
ERROR - 2016-08-23 07:35:27 --> Could not find the language line "mynt_icon_tmall"
ERROR - 2016-08-23 07:35:27 --> Could not find the language line "mynt_icon_youzan"
ERROR - 2016-08-23 07:35:27 --> Could not find the language line "mynt_buy_taobao"
ERROR - 2016-08-23 07:35:27 --> Could not find the language line "mynt_buy_tmall"
ERROR - 2016-08-23 07:35:27 --> Could not find the language line "mynt_buy_youzan"
ERROR - 2016-08-23 07:35:27 --> Could not find the language line "mynt_buy_jd"
ERROR - 2016-08-23 07:36:28 --> 404 Page Not Found: Slife/es
ERROR - 2016-08-23 07:36:50 --> Could not find the language line "mynt_buy_taobao"
ERROR - 2016-08-23 07:36:50 --> Could not find the language line "mynt_buy_tmall"
ERROR - 2016-08-23 07:36:50 --> Could not find the language line "mynt_buy_youzan"
ERROR - 2016-08-23 07:36:50 --> Could not find the language line "mynt_buy_jd"
ERROR - 2016-08-23 07:36:50 --> Could not find the language line "mynt_buy_taobao"
ERROR - 2016-08-23 07:36:50 --> Could not find the language line "mynt_buy_tmall"
ERROR - 2016-08-23 07:36:50 --> Could not find the language line "mynt_buy_youzan"
ERROR - 2016-08-23 07:36:50 --> Could not find the language line "mynt_buy_jd"
ERROR - 2016-08-23 07:43:20 --> Could not find the language line "mynt_buy_taobao"
ERROR - 2016-08-23 07:43:20 --> Could not find the language line "mynt_buy_tmall"
ERROR - 2016-08-23 07:43:20 --> Could not find the language line "mynt_buy_youzan"
ERROR - 2016-08-23 07:43:20 --> Could not find the language line "mynt_buy_jd"
ERROR - 2016-08-23 07:43:21 --> Could not find the language line "mynt_buy_taobao"
ERROR - 2016-08-23 07:43:21 --> Could not find the language line "mynt_buy_tmall"
ERROR - 2016-08-23 07:43:21 --> Could not find the language line "mynt_buy_youzan"
ERROR - 2016-08-23 07:43:21 --> Could not find the language line "mynt_buy_jd"
ERROR - 2016-08-23 07:45:15 --> Could not find the language line "mynt_buy_taobao"
ERROR - 2016-08-23 07:45:15 --> Could not find the language line "mynt_buy_tmall"
ERROR - 2016-08-23 07:45:15 --> Could not find the language line "mynt_buy_youzan"
ERROR - 2016-08-23 07:45:15 --> Could not find the language line "mynt_buy_jd"
ERROR - 2016-08-23 07:45:15 --> Could not find the language line "mynt_icon_taobao"
ERROR - 2016-08-23 07:45:15 --> Could not find the language line "mynt_icon_tmall"
ERROR - 2016-08-23 07:45:15 --> Could not find the language line "mynt_icon_youzan"
ERROR - 2016-08-23 07:45:15 --> Could not find the language line "mynt_icon_jd"
ERROR - 2016-08-23 07:45:15 --> Could not find the language line "mynt_jd_detail"
ERROR - 2016-08-23 07:45:15 --> Could not find the language line "to_buy_wd"
ERROR - 2016-08-23 07:45:15 --> Could not find the language line "slightech_wechat"
ERROR - 2016-08-23 07:45:15 --> Could not find the language line "camera_no_lost"
ERROR - 2016-08-23 07:45:15 --> Could not find the language line "key_no_lost"
ERROR - 2016-08-23 07:45:15 --> Could not find the language line "bag_no_lost"
ERROR - 2016-08-23 07:45:15 --> Could not find the language line "computer_no_lost"
ERROR - 2016-08-23 07:45:15 --> Could not find the language line "pet_no_lost"
ERROR - 2016-08-23 07:45:15 --> Could not find the language line "goal"
ERROR - 2016-08-23 07:45:15 --> Could not find the language line "fund_title"
ERROR - 2016-08-23 07:45:15 --> Could not find the language line "fund_intro"
ERROR - 2016-08-23 07:45:16 --> Could not find the language line "mynt_buy_taobao"
ERROR - 2016-08-23 07:45:16 --> Could not find the language line "mynt_buy_tmall"
ERROR - 2016-08-23 07:45:16 --> Could not find the language line "mynt_buy_youzan"
ERROR - 2016-08-23 07:45:16 --> Could not find the language line "mynt_buy_jd"
ERROR - 2016-08-23 07:47:56 --> Could not find the language line "mynt_buy_taobao"
ERROR - 2016-08-23 07:47:56 --> Could not find the language line "mynt_buy_tmall"
ERROR - 2016-08-23 07:47:56 --> Could not find the language line "mynt_buy_youzan"
ERROR - 2016-08-23 07:47:56 --> Could not find the language line "mynt_buy_jd"
ERROR - 2016-08-23 07:47:56 --> Could not find the language line "mynt_icon_taobao"
ERROR - 2016-08-23 07:47:56 --> Could not find the language line "mynt_icon_tmall"
ERROR - 2016-08-23 07:47:56 --> Could not find the language line "mynt_icon_youzan"
ERROR - 2016-08-23 07:47:56 --> Could not find the language line "mynt_icon_jd"
ERROR - 2016-08-23 07:47:56 --> Could not find the language line "mynt_jd_detail"
ERROR - 2016-08-23 07:47:56 --> Could not find the language line "to_buy_wd"
ERROR - 2016-08-23 07:47:56 --> Could not find the language line "slightech_wechat"
ERROR - 2016-08-23 07:47:56 --> Could not find the language line "camera_no_lost"
ERROR - 2016-08-23 07:47:56 --> Could not find the language line "key_no_lost"
ERROR - 2016-08-23 07:47:56 --> Could not find the language line "bag_no_lost"
ERROR - 2016-08-23 07:47:56 --> Could not find the language line "computer_no_lost"
ERROR - 2016-08-23 07:47:56 --> Could not find the language line "pet_no_lost"
ERROR - 2016-08-23 07:47:56 --> Could not find the language line "goal"
ERROR - 2016-08-23 07:47:56 --> Could not find the language line "fund_title"
ERROR - 2016-08-23 07:47:56 --> Could not find the language line "fund_intro"
ERROR - 2016-08-23 07:47:56 --> Could not find the language line "mynt_buy_taobao"
ERROR - 2016-08-23 07:47:56 --> Could not find the language line "mynt_buy_tmall"
ERROR - 2016-08-23 07:47:56 --> Could not find the language line "mynt_buy_youzan"
ERROR - 2016-08-23 07:47:56 --> Could not find the language line "mynt_buy_jd"
ERROR - 2016-08-23 07:49:23 --> Could not find the language line "mynt_buy_taobao"
ERROR - 2016-08-23 07:49:23 --> Could not find the language line "mynt_buy_tmall"
ERROR - 2016-08-23 07:49:23 --> Could not find the language line "mynt_buy_youzan"
ERROR - 2016-08-23 07:49:23 --> Could not find the language line "mynt_buy_jd"
ERROR - 2016-08-23 07:49:23 --> Could not find the language line "mynt_icon_taobao"
ERROR - 2016-08-23 07:49:23 --> Could not find the language line "mynt_icon_tmall"
ERROR - 2016-08-23 07:49:23 --> Could not find the language line "mynt_icon_youzan"
ERROR - 2016-08-23 07:49:23 --> Could not find the language line "mynt_icon_jd"
ERROR - 2016-08-23 07:49:23 --> Could not find the language line "mynt_jd_detail"
ERROR - 2016-08-23 07:49:23 --> Could not find the language line "to_buy_wd"
ERROR - 2016-08-23 07:49:23 --> Could not find the language line "slightech_wechat"
ERROR - 2016-08-23 07:49:23 --> Could not find the language line "camera_no_lost"
ERROR - 2016-08-23 07:49:23 --> Could not find the language line "key_no_lost"
ERROR - 2016-08-23 07:49:23 --> Could not find the language line "bag_no_lost"
ERROR - 2016-08-23 07:49:23 --> Could not find the language line "computer_no_lost"
ERROR - 2016-08-23 07:49:23 --> Could not find the language line "pet_no_lost"
ERROR - 2016-08-23 07:49:23 --> Could not find the language line "goal"
ERROR - 2016-08-23 07:49:23 --> Could not find the language line "fund_title"
ERROR - 2016-08-23 07:49:23 --> Could not find the language line "fund_intro"
ERROR - 2016-08-23 07:49:24 --> Could not find the language line "mynt_buy_taobao"
ERROR - 2016-08-23 07:49:24 --> Could not find the language line "mynt_buy_tmall"
ERROR - 2016-08-23 07:49:24 --> Could not find the language line "mynt_buy_youzan"
ERROR - 2016-08-23 07:49:24 --> Could not find the language line "mynt_buy_jd"
ERROR - 2016-08-23 07:57:59 --> Could not find the language line "mynt_buy_taobao"
ERROR - 2016-08-23 07:57:59 --> Could not find the language line "mynt_buy_tmall"
ERROR - 2016-08-23 07:57:59 --> Could not find the language line "mynt_buy_youzan"
ERROR - 2016-08-23 07:57:59 --> Could not find the language line "mynt_buy_jd"
ERROR - 2016-08-23 07:57:59 --> Could not find the language line "mynt_icon_taobao"
ERROR - 2016-08-23 07:57:59 --> Could not find the language line "mynt_icon_tmall"
ERROR - 2016-08-23 07:57:59 --> Could not find the language line "mynt_icon_youzan"
ERROR - 2016-08-23 07:57:59 --> Could not find the language line "mynt_icon_jd"
ERROR - 2016-08-23 07:57:59 --> Could not find the language line "mynt_jd_detail"
ERROR - 2016-08-23 07:57:59 --> Could not find the language line "to_buy_wd"
ERROR - 2016-08-23 07:57:59 --> Could not find the language line "slightech_wechat"
ERROR - 2016-08-23 07:57:59 --> Could not find the language line "camera_no_lost"
ERROR - 2016-08-23 07:57:59 --> Could not find the language line "key_no_lost"
ERROR - 2016-08-23 07:57:59 --> Could not find the language line "bag_no_lost"
ERROR - 2016-08-23 07:57:59 --> Could not find the language line "computer_no_lost"
ERROR - 2016-08-23 07:57:59 --> Could not find the language line "pet_no_lost"
ERROR - 2016-08-23 07:57:59 --> Could not find the language line "goal"
ERROR - 2016-08-23 07:57:59 --> Could not find the language line "fund_title"
ERROR - 2016-08-23 07:57:59 --> Could not find the language line "fund_intro"
ERROR - 2016-08-23 07:57:59 --> Could not find the language line "mynt_buy_taobao"
ERROR - 2016-08-23 07:57:59 --> Could not find the language line "mynt_buy_tmall"
ERROR - 2016-08-23 07:57:59 --> Could not find the language line "mynt_buy_youzan"
ERROR - 2016-08-23 07:57:59 --> Could not find the language line "mynt_buy_jd"
ERROR - 2016-08-23 09:12:09 --> Could not find the language line "mynt_buy_taobao"
ERROR - 2016-08-23 09:12:09 --> Could not find the language line "mynt_buy_tmall"
ERROR - 2016-08-23 09:12:09 --> Could not find the language line "mynt_buy_youzan"
ERROR - 2016-08-23 09:12:09 --> Could not find the language line "mynt_buy_jd"
ERROR - 2016-08-23 09:12:09 --> Could not find the language line "mynt_icon_taobao"
ERROR - 2016-08-23 09:12:09 --> Could not find the language line "mynt_icon_tmall"
ERROR - 2016-08-23 09:12:09 --> Could not find the language line "mynt_icon_youzan"
ERROR - 2016-08-23 09:12:09 --> Could not find the language line "mynt_icon_jd"
ERROR - 2016-08-23 09:12:09 --> Could not find the language line "mynt_jd_detail"
ERROR - 2016-08-23 09:12:09 --> Could not find the language line "to_buy_wd"
ERROR - 2016-08-23 09:12:09 --> Could not find the language line "slightech_wechat"
ERROR - 2016-08-23 09:12:09 --> Could not find the language line "camera_no_lost"
ERROR - 2016-08-23 09:12:09 --> Could not find the language line "key_no_lost"
ERROR - 2016-08-23 09:12:09 --> Could not find the language line "bag_no_lost"
ERROR - 2016-08-23 09:12:09 --> Could not find the language line "computer_no_lost"
ERROR - 2016-08-23 09:12:09 --> Could not find the language line "pet_no_lost"
ERROR - 2016-08-23 09:12:09 --> Could not find the language line "goal"
ERROR - 2016-08-23 09:12:09 --> Could not find the language line "fund_title"
ERROR - 2016-08-23 09:12:09 --> Could not find the language line "fund_intro"
ERROR - 2016-08-23 09:12:11 --> Could not find the language line "mynt_buy_taobao"
ERROR - 2016-08-23 09:12:11 --> Could not find the language line "mynt_buy_tmall"
ERROR - 2016-08-23 09:12:11 --> Could not find the language line "mynt_buy_youzan"
ERROR - 2016-08-23 09:12:11 --> Could not find the language line "mynt_buy_jd"
ERROR - 2016-08-23 09:13:43 --> Could not find the language line "mynt_buy_taobao"
ERROR - 2016-08-23 09:13:43 --> Could not find the language line "mynt_buy_tmall"
ERROR - 2016-08-23 09:13:43 --> Could not find the language line "mynt_buy_youzan"
ERROR - 2016-08-23 09:13:43 --> Could not find the language line "mynt_buy_jd"
ERROR - 2016-08-23 09:13:43 --> Could not find the language line "mynt_buy_taobao"
ERROR - 2016-08-23 09:13:43 --> Could not find the language line "mynt_buy_tmall"
ERROR - 2016-08-23 09:13:43 --> Could not find the language line "mynt_buy_youzan"
ERROR - 2016-08-23 09:13:43 --> Could not find the language line "mynt_buy_jd"
ERROR - 2016-08-23 09:40:50 --> Could not find the language line "mynt_buy_taobao"
ERROR - 2016-08-23 09:40:50 --> Could not find the language line "mynt_buy_tmall"
ERROR - 2016-08-23 09:40:50 --> Could not find the language line "mynt_buy_youzan"
ERROR - 2016-08-23 09:40:50 --> Could not find the language line "mynt_buy_jd"
ERROR - 2016-08-23 09:40:51 --> Could not find the language line "mynt_buy_taobao"
ERROR - 2016-08-23 09:40:51 --> Could not find the language line "mynt_buy_tmall"
ERROR - 2016-08-23 09:40:51 --> Could not find the language line "mynt_buy_youzan"
ERROR - 2016-08-23 09:40:51 --> Could not find the language line "mynt_buy_jd"
ERROR - 2016-08-23 09:45:44 --> Could not find the language line "mynt_buy_taobao"
ERROR - 2016-08-23 09:45:44 --> Could not find the language line "mynt_buy_tmall"
ERROR - 2016-08-23 09:45:44 --> Could not find the language line "mynt_buy_youzan"
ERROR - 2016-08-23 09:45:44 --> Could not find the language line "mynt_buy_jd"
ERROR - 2016-08-23 09:45:44 --> Could not find the language line "mynt_buy_taobao"
ERROR - 2016-08-23 09:45:44 --> Could not find the language line "mynt_buy_tmall"
ERROR - 2016-08-23 09:45:44 --> Could not find the language line "mynt_buy_youzan"
ERROR - 2016-08-23 09:45:44 --> Could not find the language line "mynt_buy_jd"
ERROR - 2016-08-23 09:47:11 --> Could not find the language line "mynt_buy_taobao"
ERROR - 2016-08-23 09:47:11 --> Could not find the language line "mynt_buy_tmall"
ERROR - 2016-08-23 09:47:11 --> Could not find the language line "mynt_buy_youzan"
ERROR - 2016-08-23 09:47:11 --> Could not find the language line "mynt_buy_jd"
ERROR - 2016-08-23 09:47:11 --> Could not find the language line "mynt_buy_taobao"
ERROR - 2016-08-23 09:47:11 --> Could not find the language line "mynt_buy_tmall"
ERROR - 2016-08-23 09:47:11 --> Could not find the language line "mynt_buy_youzan"
ERROR - 2016-08-23 09:47:11 --> Could not find the language line "mynt_buy_jd"
ERROR - 2016-08-23 09:54:19 --> 404 Page Not Found: Dev/es
ERROR - 2016-08-23 09:54:27 --> Could not find the language line "mynt_buy_taobao"
ERROR - 2016-08-23 09:54:27 --> Could not find the language line "mynt_buy_tmall"
ERROR - 2016-08-23 09:54:27 --> Could not find the language line "mynt_buy_youzan"
ERROR - 2016-08-23 09:54:27 --> Could not find the language line "mynt_buy_jd"
ERROR - 2016-08-23 09:54:27 --> Could not find the language line "mynt_buy_taobao"
ERROR - 2016-08-23 09:54:27 --> Could not find the language line "mynt_buy_tmall"
ERROR - 2016-08-23 09:54:27 --> Could not find the language line "mynt_buy_youzan"
ERROR - 2016-08-23 09:54:27 --> Could not find the language line "mynt_buy_jd"
ERROR - 2016-08-23 10:00:47 --> Could not find the language line "mynt_buy_taobao"
ERROR - 2016-08-23 10:00:47 --> Could not find the language line "mynt_buy_tmall"
ERROR - 2016-08-23 10:00:47 --> Could not find the language line "mynt_buy_youzan"
ERROR - 2016-08-23 10:00:47 --> Could not find the language line "mynt_buy_jd"
ERROR - 2016-08-23 10:00:48 --> Could not find the language line "mynt_buy_taobao"
ERROR - 2016-08-23 10:00:48 --> Could not find the language line "mynt_buy_tmall"
ERROR - 2016-08-23 10:00:48 --> Could not find the language line "mynt_buy_youzan"
ERROR - 2016-08-23 10:00:48 --> Could not find the language line "mynt_buy_jd"
ERROR - 2016-08-23 10:03:26 --> Could not find the language line "mynt_buy_taobao"
ERROR - 2016-08-23 10:03:26 --> Could not find the language line "mynt_buy_tmall"
ERROR - 2016-08-23 10:03:26 --> Could not find the language line "mynt_buy_youzan"
ERROR - 2016-08-23 10:03:26 --> Could not find the language line "mynt_buy_jd"
ERROR - 2016-08-23 12:57:16 --> Could not find the language line "mynt_buy_taobao"
ERROR - 2016-08-23 12:57:16 --> Could not find the language line "mynt_buy_tmall"
ERROR - 2016-08-23 12:57:16 --> Could not find the language line "mynt_buy_youzan"
ERROR - 2016-08-23 12:57:16 --> Could not find the language line "mynt_buy_jd"
ERROR - 2016-08-23 12:57:16 --> Could not find the language line "mynt_icon_taobao"
ERROR - 2016-08-23 12:57:16 --> Could not find the language line "mynt_icon_tmall"
ERROR - 2016-08-23 12:57:16 --> Could not find the language line "mynt_icon_youzan"
ERROR - 2016-08-23 12:57:16 --> Could not find the language line "mynt_icon_jd"
ERROR - 2016-08-23 12:57:16 --> Could not find the language line "mynt_jd_detail"
ERROR - 2016-08-23 12:57:16 --> Could not find the language line "to_buy_wd"
ERROR - 2016-08-23 12:57:16 --> Could not find the language line "slightech_wechat"
ERROR - 2016-08-23 12:57:16 --> Could not find the language line "camera_no_lost"
ERROR - 2016-08-23 12:57:16 --> Could not find the language line "key_no_lost"
ERROR - 2016-08-23 12:57:16 --> Could not find the language line "bag_no_lost"
ERROR - 2016-08-23 12:57:16 --> Could not find the language line "computer_no_lost"
ERROR - 2016-08-23 12:57:16 --> Could not find the language line "pet_no_lost"
ERROR - 2016-08-23 12:57:16 --> Could not find the language line "goal"
ERROR - 2016-08-23 12:57:16 --> Could not find the language line "fund_title"
ERROR - 2016-08-23 12:57:16 --> Could not find the language line "fund_intro"
ERROR - 2016-08-23 12:57:17 --> Could not find the language line "mynt_buy_taobao"
ERROR - 2016-08-23 12:57:17 --> Could not find the language line "mynt_buy_tmall"
ERROR - 2016-08-23 12:57:17 --> Could not find the language line "mynt_buy_youzan"
ERROR - 2016-08-23 12:57:17 --> Could not find the language line "mynt_buy_jd"
