ERROR - 2016-08-15 03:27:07 --> Could not find the language line "mynt_buy_taobao"
ERROR - 2016-08-15 03:27:07 --> Could not find the language line "mynt_buy_tmall"
ERROR - 2016-08-15 03:27:07 --> Could not find the language line "mynt_buy_youzan"
ERROR - 2016-08-15 03:27:07 --> Could not find the language line "mynt_buy_jd"
ERROR - 2016-08-15 03:27:07 --> Could not find the language line "home_cloud_title"
ERROR - 2016-08-15 03:27:07 --> Could not find the language line "home_cloud_intro"
ERROR - 2016-08-15 03:27:07 --> Could not find the language line "mynt_icon_taobao"
ERROR - 2016-08-15 03:27:07 --> Could not find the language line "mynt_icon_tmall"
ERROR - 2016-08-15 03:27:07 --> Could not find the language line "mynt_icon_youzan"
ERROR - 2016-08-15 03:27:07 --> Could not find the language line "mynt_buy_taobao"
ERROR - 2016-08-15 03:27:07 --> Could not find the language line "mynt_buy_tmall"
ERROR - 2016-08-15 03:27:07 --> Could not find the language line "mynt_buy_youzan"
ERROR - 2016-08-15 03:27:07 --> Could not find the language line "mynt_buy_jd"
ERROR - 2016-08-15 03:27:09 --> Could not find the language line "mynt_buy_taobao"
ERROR - 2016-08-15 03:27:09 --> Could not find the language line "mynt_buy_tmall"
ERROR - 2016-08-15 03:27:09 --> Could not find the language line "mynt_buy_youzan"
ERROR - 2016-08-15 03:27:09 --> Could not find the language line "mynt_buy_jd"
ERROR - 2016-08-15 03:27:10 --> Could not find the language line "mynt_buy_taobao"
ERROR - 2016-08-15 03:27:10 --> Could not find the language line "mynt_buy_tmall"
ERROR - 2016-08-15 03:27:10 --> Could not find the language line "mynt_buy_youzan"
ERROR - 2016-08-15 03:27:10 --> Could not find the language line "mynt_buy_jd"
ERROR - 2016-08-15 03:27:12 --> Could not find the language line "mynt_buy_taobao"
ERROR - 2016-08-15 03:27:12 --> Could not find the language line "mynt_buy_tmall"
ERROR - 2016-08-15 03:27:12 --> Could not find the language line "mynt_buy_youzan"
ERROR - 2016-08-15 03:27:12 --> Could not find the language line "mynt_buy_jd"
ERROR - 2016-08-15 03:27:13 --> Could not find the language line "mynt_buy_taobao"
ERROR - 2016-08-15 03:27:13 --> Could not find the language line "mynt_buy_tmall"
ERROR - 2016-08-15 03:27:13 --> Could not find the language line "mynt_buy_youzan"
ERROR - 2016-08-15 03:27:13 --> Could not find the language line "mynt_buy_jd"
ERROR - 2016-08-15 03:27:15 --> Could not find the language line "mynt_buy_taobao"
ERROR - 2016-08-15 03:27:15 --> Could not find the language line "mynt_buy_tmall"
ERROR - 2016-08-15 03:27:15 --> Could not find the language line "mynt_buy_youzan"
ERROR - 2016-08-15 03:27:15 --> Could not find the language line "mynt_buy_jd"
ERROR - 2016-08-15 03:27:17 --> Could not find the language line "mynt_buy_taobao"
ERROR - 2016-08-15 03:27:17 --> Could not find the language line "mynt_buy_tmall"
ERROR - 2016-08-15 03:27:17 --> Could not find the language line "mynt_buy_youzan"
ERROR - 2016-08-15 03:27:17 --> Could not find the language line "mynt_buy_jd"
ERROR - 2016-08-15 03:27:18 --> Could not find the language line "mynt_buy_taobao"
ERROR - 2016-08-15 03:27:18 --> Could not find the language line "mynt_buy_tmall"
ERROR - 2016-08-15 03:27:18 --> Could not find the language line "mynt_buy_youzan"
ERROR - 2016-08-15 03:27:18 --> Could not find the language line "mynt_buy_jd"
ERROR - 2016-08-15 03:27:18 --> Could not find the language line "home_cloud_title"
ERROR - 2016-08-15 03:27:18 --> Could not find the language line "home_cloud_intro"
ERROR - 2016-08-15 03:27:18 --> Could not find the language line "mynt_icon_taobao"
ERROR - 2016-08-15 03:27:18 --> Could not find the language line "mynt_icon_tmall"
ERROR - 2016-08-15 03:27:18 --> Could not find the language line "mynt_icon_youzan"
ERROR - 2016-08-15 03:27:19 --> Could not find the language line "mynt_buy_taobao"
ERROR - 2016-08-15 03:27:19 --> Could not find the language line "mynt_buy_tmall"
ERROR - 2016-08-15 03:27:19 --> Could not find the language line "mynt_buy_youzan"
ERROR - 2016-08-15 03:27:19 --> Could not find the language line "mynt_buy_jd"
ERROR - 2016-08-15 03:27:23 --> Could not find the language line "mynt_buy_taobao"
ERROR - 2016-08-15 03:27:23 --> Could not find the language line "mynt_buy_tmall"
ERROR - 2016-08-15 03:27:23 --> Could not find the language line "mynt_buy_youzan"
ERROR - 2016-08-15 03:27:23 --> Could not find the language line "mynt_buy_jd"
ERROR - 2016-08-15 03:27:23 --> Could not find the language line "mynt_buy_taobao"
ERROR - 2016-08-15 03:27:23 --> Could not find the language line "mynt_buy_tmall"
ERROR - 2016-08-15 03:27:23 --> Could not find the language line "mynt_buy_youzan"
ERROR - 2016-08-15 03:27:23 --> Could not find the language line "mynt_buy_jd"
ERROR - 2016-08-15 03:27:25 --> Could not find the language line "mynt_buy_taobao"
ERROR - 2016-08-15 03:27:25 --> Could not find the language line "mynt_buy_tmall"
ERROR - 2016-08-15 03:27:25 --> Could not find the language line "mynt_buy_youzan"
ERROR - 2016-08-15 03:27:25 --> Could not find the language line "mynt_buy_jd"
ERROR - 2016-08-15 03:27:25 --> Could not find the language line "home_cloud_title"
ERROR - 2016-08-15 03:27:25 --> Could not find the language line "home_cloud_intro"
ERROR - 2016-08-15 03:27:25 --> Could not find the language line "mynt_icon_taobao"
ERROR - 2016-08-15 03:27:25 --> Could not find the language line "mynt_icon_tmall"
ERROR - 2016-08-15 03:27:25 --> Could not find the language line "mynt_icon_youzan"
ERROR - 2016-08-15 03:27:25 --> Could not find the language line "mynt_buy_taobao"
ERROR - 2016-08-15 03:27:25 --> Could not find the language line "mynt_buy_tmall"
ERROR - 2016-08-15 03:27:25 --> Could not find the language line "mynt_buy_youzan"
ERROR - 2016-08-15 03:27:25 --> Could not find the language line "mynt_buy_jd"
ERROR - 2016-08-15 03:29:17 --> Could not find the language line "mynt_buy_taobao"
ERROR - 2016-08-15 03:29:17 --> Could not find the language line "mynt_buy_tmall"
ERROR - 2016-08-15 03:29:17 --> Could not find the language line "mynt_buy_youzan"
ERROR - 2016-08-15 03:29:17 --> Could not find the language line "mynt_buy_jd"
ERROR - 2016-08-15 03:29:17 --> Could not find the language line "mynt_buy_taobao"
ERROR - 2016-08-15 03:29:17 --> Could not find the language line "mynt_buy_tmall"
ERROR - 2016-08-15 03:29:17 --> Could not find the language line "mynt_buy_youzan"
ERROR - 2016-08-15 03:29:17 --> Could not find the language line "mynt_buy_jd"
ERROR - 2016-08-15 03:29:23 --> Could not find the language line "mynt_buy_taobao"
ERROR - 2016-08-15 03:29:23 --> Could not find the language line "mynt_buy_tmall"
ERROR - 2016-08-15 03:29:23 --> Could not find the language line "mynt_buy_youzan"
ERROR - 2016-08-15 03:29:23 --> Could not find the language line "mynt_buy_jd"
ERROR - 2016-08-15 03:29:27 --> Could not find the language line "mynt_buy_taobao"
ERROR - 2016-08-15 03:29:27 --> Could not find the language line "mynt_buy_tmall"
ERROR - 2016-08-15 03:29:27 --> Could not find the language line "mynt_buy_youzan"
ERROR - 2016-08-15 03:29:27 --> Could not find the language line "mynt_buy_jd"
ERROR - 2016-08-15 03:29:28 --> Could not find the language line "mynt_buy_taobao"
ERROR - 2016-08-15 03:29:28 --> Could not find the language line "mynt_buy_tmall"
ERROR - 2016-08-15 03:29:28 --> Could not find the language line "mynt_buy_youzan"
ERROR - 2016-08-15 03:29:28 --> Could not find the language line "mynt_buy_jd"
ERROR - 2016-08-15 03:29:28 --> Could not find the language line "home_cloud_title"
ERROR - 2016-08-15 03:29:28 --> Could not find the language line "home_cloud_intro"
ERROR - 2016-08-15 03:29:28 --> Could not find the language line "mynt_icon_taobao"
ERROR - 2016-08-15 03:29:28 --> Could not find the language line "mynt_icon_tmall"
ERROR - 2016-08-15 03:29:28 --> Could not find the language line "mynt_icon_youzan"
ERROR - 2016-08-15 03:29:29 --> Could not find the language line "mynt_buy_taobao"
ERROR - 2016-08-15 03:29:29 --> Could not find the language line "mynt_buy_tmall"
ERROR - 2016-08-15 03:29:29 --> Could not find the language line "mynt_buy_youzan"
ERROR - 2016-08-15 03:29:29 --> Could not find the language line "mynt_buy_jd"
ERROR - 2016-08-15 03:29:32 --> Could not find the language line "mynt_buy_taobao"
ERROR - 2016-08-15 03:29:32 --> Could not find the language line "mynt_buy_tmall"
ERROR - 2016-08-15 03:29:32 --> Could not find the language line "mynt_buy_youzan"
ERROR - 2016-08-15 03:29:32 --> Could not find the language line "mynt_buy_jd"
ERROR - 2016-08-15 03:29:33 --> Could not find the language line "mynt_buy_taobao"
ERROR - 2016-08-15 03:29:33 --> Could not find the language line "mynt_buy_tmall"
ERROR - 2016-08-15 03:29:33 --> Could not find the language line "mynt_buy_youzan"
ERROR - 2016-08-15 03:29:33 --> Could not find the language line "mynt_buy_jd"
ERROR - 2016-08-15 03:29:34 --> Could not find the language line "mynt_buy_taobao"
ERROR - 2016-08-15 03:29:34 --> Could not find the language line "mynt_buy_tmall"
ERROR - 2016-08-15 03:29:34 --> Could not find the language line "mynt_buy_youzan"
ERROR - 2016-08-15 03:29:34 --> Could not find the language line "mynt_buy_jd"
ERROR - 2016-08-15 03:29:34 --> Could not find the language line "home_cloud_title"
ERROR - 2016-08-15 03:29:34 --> Could not find the language line "home_cloud_intro"
ERROR - 2016-08-15 03:29:34 --> Could not find the language line "mynt_icon_taobao"
ERROR - 2016-08-15 03:29:34 --> Could not find the language line "mynt_icon_tmall"
ERROR - 2016-08-15 03:29:34 --> Could not find the language line "mynt_icon_youzan"
ERROR - 2016-08-15 03:29:34 --> Could not find the language line "mynt_buy_taobao"
ERROR - 2016-08-15 03:29:34 --> Could not find the language line "mynt_buy_tmall"
ERROR - 2016-08-15 03:29:34 --> Could not find the language line "mynt_buy_youzan"
ERROR - 2016-08-15 03:29:34 --> Could not find the language line "mynt_buy_jd"
ERROR - 2016-08-15 03:29:50 --> Could not find the language line "mynt_buy_taobao"
ERROR - 2016-08-15 03:29:50 --> Could not find the language line "mynt_buy_tmall"
ERROR - 2016-08-15 03:29:50 --> Could not find the language line "mynt_buy_youzan"
ERROR - 2016-08-15 03:29:50 --> Could not find the language line "mynt_buy_jd"
ERROR - 2016-08-15 03:29:51 --> Could not find the language line "mynt_buy_taobao"
ERROR - 2016-08-15 03:29:51 --> Could not find the language line "mynt_buy_tmall"
ERROR - 2016-08-15 03:29:51 --> Could not find the language line "mynt_buy_youzan"
ERROR - 2016-08-15 03:29:51 --> Could not find the language line "mynt_buy_jd"
ERROR - 2016-08-15 03:29:51 --> Could not find the language line "home_cloud_title"
ERROR - 2016-08-15 03:29:51 --> Could not find the language line "home_cloud_intro"
ERROR - 2016-08-15 03:29:51 --> Could not find the language line "mynt_icon_taobao"
ERROR - 2016-08-15 03:29:51 --> Could not find the language line "mynt_icon_tmall"
ERROR - 2016-08-15 03:29:51 --> Could not find the language line "mynt_icon_youzan"
ERROR - 2016-08-15 03:29:51 --> Could not find the language line "mynt_buy_taobao"
ERROR - 2016-08-15 03:29:51 --> Could not find the language line "mynt_buy_tmall"
ERROR - 2016-08-15 03:29:51 --> Could not find the language line "mynt_buy_youzan"
ERROR - 2016-08-15 03:29:51 --> Could not find the language line "mynt_buy_jd"
ERROR - 2016-08-15 03:30:29 --> Could not find the language line "mynt_buy_taobao"
ERROR - 2016-08-15 03:30:29 --> Could not find the language line "mynt_buy_tmall"
ERROR - 2016-08-15 03:30:29 --> Could not find the language line "mynt_buy_youzan"
ERROR - 2016-08-15 03:30:29 --> Could not find the language line "mynt_buy_jd"
ERROR - 2016-08-15 03:30:29 --> Could not find the language line "mynt_icon_taobao"
ERROR - 2016-08-15 03:30:29 --> Could not find the language line "mynt_icon_tmall"
ERROR - 2016-08-15 03:30:29 --> Could not find the language line "mynt_icon_youzan"
ERROR - 2016-08-15 03:30:29 --> Could not find the language line "mynt_icon_jd"
ERROR - 2016-08-15 03:30:29 --> Could not find the language line "mynt_jd_detail"
ERROR - 2016-08-15 03:30:29 --> Could not find the language line "to_buy_wd"
ERROR - 2016-08-15 03:30:29 --> Could not find the language line "slightech_wechat"
ERROR - 2016-08-15 03:30:29 --> Could not find the language line "camera_no_lost"
ERROR - 2016-08-15 03:30:29 --> Could not find the language line "key_no_lost"
ERROR - 2016-08-15 03:30:29 --> Could not find the language line "bag_no_lost"
ERROR - 2016-08-15 03:30:29 --> Could not find the language line "computer_no_lost"
ERROR - 2016-08-15 03:30:29 --> Could not find the language line "pet_no_lost"
ERROR - 2016-08-15 03:30:29 --> Could not find the language line "goal"
ERROR - 2016-08-15 03:30:29 --> Could not find the language line "fund_title"
ERROR - 2016-08-15 03:30:29 --> Could not find the language line "fund_intro"
ERROR - 2016-08-15 03:30:29 --> Could not find the language line "mynt_buy_taobao"
ERROR - 2016-08-15 03:30:29 --> Could not find the language line "mynt_buy_tmall"
ERROR - 2016-08-15 03:30:29 --> Could not find the language line "mynt_buy_youzan"
ERROR - 2016-08-15 03:30:29 --> Could not find the language line "mynt_buy_jd"
ERROR - 2016-08-15 03:30:37 --> Could not find the language line "mynt_buy_taobao"
ERROR - 2016-08-15 03:30:37 --> Could not find the language line "mynt_buy_tmall"
ERROR - 2016-08-15 03:30:37 --> Could not find the language line "mynt_buy_youzan"
ERROR - 2016-08-15 03:30:37 --> Could not find the language line "mynt_buy_jd"
ERROR - 2016-08-15 03:30:37 --> Could not find the language line "mynt_icon_taobao"
ERROR - 2016-08-15 03:30:37 --> Could not find the language line "mynt_icon_tmall"
ERROR - 2016-08-15 03:30:37 --> Could not find the language line "mynt_icon_youzan"
ERROR - 2016-08-15 03:30:37 --> Could not find the language line "mynt_icon_jd"
ERROR - 2016-08-15 03:30:37 --> Could not find the language line "mynt_jd_detail"
ERROR - 2016-08-15 03:30:37 --> Could not find the language line "to_buy_wd"
ERROR - 2016-08-15 03:30:37 --> Could not find the language line "slightech_wechat"
ERROR - 2016-08-15 03:30:37 --> Could not find the language line "camera_no_lost"
ERROR - 2016-08-15 03:30:37 --> Could not find the language line "key_no_lost"
ERROR - 2016-08-15 03:30:37 --> Could not find the language line "bag_no_lost"
ERROR - 2016-08-15 03:30:37 --> Could not find the language line "computer_no_lost"
ERROR - 2016-08-15 03:30:37 --> Could not find the language line "pet_no_lost"
ERROR - 2016-08-15 03:30:37 --> Could not find the language line "goal"
ERROR - 2016-08-15 03:30:37 --> Could not find the language line "fund_title"
ERROR - 2016-08-15 03:30:37 --> Could not find the language line "fund_intro"
ERROR - 2016-08-15 03:30:38 --> Could not find the language line "mynt_buy_taobao"
ERROR - 2016-08-15 03:30:38 --> Could not find the language line "mynt_buy_tmall"
ERROR - 2016-08-15 03:30:38 --> Could not find the language line "mynt_buy_youzan"
ERROR - 2016-08-15 03:30:38 --> Could not find the language line "mynt_buy_jd"
ERROR - 2016-08-15 03:30:38 --> Could not find the language line "mynt_buy_taobao"
ERROR - 2016-08-15 03:30:38 --> Could not find the language line "mynt_buy_tmall"
ERROR - 2016-08-15 03:30:38 --> Could not find the language line "mynt_buy_youzan"
ERROR - 2016-08-15 03:30:38 --> Could not find the language line "mynt_buy_jd"
ERROR - 2016-08-15 03:30:38 --> Could not find the language line "mynt_icon_taobao"
ERROR - 2016-08-15 03:30:38 --> Could not find the language line "mynt_icon_tmall"
ERROR - 2016-08-15 03:30:38 --> Could not find the language line "mynt_icon_youzan"
ERROR - 2016-08-15 03:30:38 --> Could not find the language line "mynt_icon_jd"
ERROR - 2016-08-15 03:30:38 --> Could not find the language line "mynt_jd_detail"
ERROR - 2016-08-15 03:30:38 --> Could not find the language line "to_buy_wd"
ERROR - 2016-08-15 03:30:38 --> Could not find the language line "slightech_wechat"
ERROR - 2016-08-15 03:30:38 --> Could not find the language line "camera_no_lost"
ERROR - 2016-08-15 03:30:38 --> Could not find the language line "key_no_lost"
ERROR - 2016-08-15 03:30:38 --> Could not find the language line "bag_no_lost"
ERROR - 2016-08-15 03:30:38 --> Could not find the language line "computer_no_lost"
ERROR - 2016-08-15 03:30:38 --> Could not find the language line "pet_no_lost"
ERROR - 2016-08-15 03:30:38 --> Could not find the language line "goal"
ERROR - 2016-08-15 03:30:38 --> Could not find the language line "fund_title"
ERROR - 2016-08-15 03:30:38 --> Could not find the language line "fund_intro"
ERROR - 2016-08-15 03:30:38 --> Could not find the language line "mynt_buy_taobao"
ERROR - 2016-08-15 03:30:38 --> Could not find the language line "mynt_buy_tmall"
ERROR - 2016-08-15 03:30:38 --> Could not find the language line "mynt_buy_youzan"
ERROR - 2016-08-15 03:30:38 --> Could not find the language line "mynt_buy_jd"
ERROR - 2016-08-15 03:30:39 --> Could not find the language line "mynt_buy_taobao"
ERROR - 2016-08-15 03:30:39 --> Could not find the language line "mynt_buy_tmall"
ERROR - 2016-08-15 03:30:39 --> Could not find the language line "mynt_buy_youzan"
ERROR - 2016-08-15 03:30:39 --> Could not find the language line "mynt_buy_jd"
ERROR - 2016-08-15 03:30:39 --> Could not find the language line "mynt_icon_taobao"
ERROR - 2016-08-15 03:30:39 --> Could not find the language line "mynt_icon_tmall"
ERROR - 2016-08-15 03:30:39 --> Could not find the language line "mynt_icon_youzan"
ERROR - 2016-08-15 03:30:39 --> Could not find the language line "mynt_icon_jd"
ERROR - 2016-08-15 03:30:39 --> Could not find the language line "mynt_jd_detail"
ERROR - 2016-08-15 03:30:39 --> Could not find the language line "to_buy_wd"
ERROR - 2016-08-15 03:30:39 --> Could not find the language line "slightech_wechat"
ERROR - 2016-08-15 03:30:39 --> Could not find the language line "camera_no_lost"
ERROR - 2016-08-15 03:30:39 --> Could not find the language line "key_no_lost"
ERROR - 2016-08-15 03:30:39 --> Could not find the language line "bag_no_lost"
ERROR - 2016-08-15 03:30:39 --> Could not find the language line "computer_no_lost"
ERROR - 2016-08-15 03:30:39 --> Could not find the language line "pet_no_lost"
ERROR - 2016-08-15 03:30:39 --> Could not find the language line "goal"
ERROR - 2016-08-15 03:30:39 --> Could not find the language line "fund_title"
ERROR - 2016-08-15 03:30:39 --> Could not find the language line "fund_intro"
ERROR - 2016-08-15 03:30:39 --> Could not find the language line "mynt_buy_taobao"
ERROR - 2016-08-15 03:30:39 --> Could not find the language line "mynt_buy_tmall"
ERROR - 2016-08-15 03:30:39 --> Could not find the language line "mynt_buy_youzan"
ERROR - 2016-08-15 03:30:39 --> Could not find the language line "mynt_buy_jd"
ERROR - 2016-08-15 03:30:39 --> Could not find the language line "mynt_buy_taobao"
ERROR - 2016-08-15 03:30:39 --> Could not find the language line "mynt_buy_tmall"
ERROR - 2016-08-15 03:30:39 --> Could not find the language line "mynt_buy_youzan"
ERROR - 2016-08-15 03:30:39 --> Could not find the language line "mynt_buy_jd"
ERROR - 2016-08-15 03:30:39 --> Could not find the language line "mynt_icon_taobao"
ERROR - 2016-08-15 03:30:39 --> Could not find the language line "mynt_icon_tmall"
ERROR - 2016-08-15 03:30:39 --> Could not find the language line "mynt_icon_youzan"
ERROR - 2016-08-15 03:30:39 --> Could not find the language line "mynt_icon_jd"
ERROR - 2016-08-15 03:30:39 --> Could not find the language line "mynt_jd_detail"
ERROR - 2016-08-15 03:30:39 --> Could not find the language line "to_buy_wd"
ERROR - 2016-08-15 03:30:39 --> Could not find the language line "slightech_wechat"
ERROR - 2016-08-15 03:30:39 --> Could not find the language line "camera_no_lost"
ERROR - 2016-08-15 03:30:39 --> Could not find the language line "key_no_lost"
ERROR - 2016-08-15 03:30:39 --> Could not find the language line "bag_no_lost"
ERROR - 2016-08-15 03:30:39 --> Could not find the language line "computer_no_lost"
ERROR - 2016-08-15 03:30:39 --> Could not find the language line "pet_no_lost"
ERROR - 2016-08-15 03:30:39 --> Could not find the language line "goal"
ERROR - 2016-08-15 03:30:39 --> Could not find the language line "fund_title"
ERROR - 2016-08-15 03:30:39 --> Could not find the language line "fund_intro"
ERROR - 2016-08-15 03:30:39 --> Could not find the language line "mynt_buy_taobao"
ERROR - 2016-08-15 03:30:39 --> Could not find the language line "mynt_buy_tmall"
ERROR - 2016-08-15 03:30:39 --> Could not find the language line "mynt_buy_youzan"
ERROR - 2016-08-15 03:30:39 --> Could not find the language line "mynt_buy_jd"
ERROR - 2016-08-15 03:30:50 --> Could not find the language line "mynt_buy_taobao"
ERROR - 2016-08-15 03:30:50 --> Could not find the language line "mynt_buy_tmall"
ERROR - 2016-08-15 03:30:50 --> Could not find the language line "mynt_buy_youzan"
ERROR - 2016-08-15 03:30:50 --> Could not find the language line "mynt_buy_jd"
