ERROR - 2016-07-27 02:44:21 --> Could not find the language line "mynt_buy_taobao"
ERROR - 2016-07-27 02:44:21 --> Could not find the language line "mynt_buy_tmall"
ERROR - 2016-07-27 02:44:21 --> Could not find the language line "mynt_buy_youzan"
ERROR - 2016-07-27 02:44:21 --> Could not find the language line "mynt_buy_jd"
ERROR - 2016-07-27 02:44:24 --> Could not find the language line "mynt_buy_taobao"
ERROR - 2016-07-27 02:44:24 --> Could not find the language line "mynt_buy_tmall"
ERROR - 2016-07-27 02:44:24 --> Could not find the language line "mynt_buy_youzan"
ERROR - 2016-07-27 02:44:24 --> Could not find the language line "mynt_buy_jd"
ERROR - 2016-07-27 02:44:26 --> Could not find the language line "mynt_buy_taobao"
ERROR - 2016-07-27 02:44:26 --> Could not find the language line "mynt_buy_tmall"
ERROR - 2016-07-27 02:44:26 --> Could not find the language line "mynt_buy_youzan"
ERROR - 2016-07-27 02:44:26 --> Could not find the language line "mynt_buy_jd"
ERROR - 2016-07-27 02:44:29 --> Could not find the language line "mynt_buy_amazon"
ERROR - 2016-07-27 02:44:29 --> Could not find the language line "mynt_icon_buy"
ERROR - 2016-07-27 02:44:29 --> Could not find the language line "mynt_buy_link_kick"
ERROR - 2016-07-27 02:44:31 --> Could not find the language line "mynt_buy_taobao"
ERROR - 2016-07-27 02:44:31 --> Could not find the language line "mynt_buy_tmall"
ERROR - 2016-07-27 02:44:31 --> Could not find the language line "mynt_buy_youzan"
ERROR - 2016-07-27 02:44:31 --> Could not find the language line "mynt_buy_jd"
ERROR - 2016-07-27 02:44:33 --> Could not find the language line "mynt_buy_amazon"
ERROR - 2016-07-27 02:44:33 --> Could not find the language line "mynt_icon_buy"
ERROR - 2016-07-27 02:44:33 --> Could not find the language line "mynt_buy_link_kick"
ERROR - 2016-07-27 02:44:33 --> Could not find the language line "mynt_buy_taobao"
ERROR - 2016-07-27 02:44:33 --> Could not find the language line "mynt_buy_tmall"
ERROR - 2016-07-27 02:44:33 --> Could not find the language line "mynt_buy_youzan"
ERROR - 2016-07-27 02:44:33 --> Could not find the language line "mynt_buy_jd"
ERROR - 2016-07-27 02:45:05 --> Could not find the language line "mynt_buy_taobao"
ERROR - 2016-07-27 02:45:05 --> Could not find the language line "mynt_buy_tmall"
ERROR - 2016-07-27 02:45:05 --> Could not find the language line "mynt_buy_youzan"
ERROR - 2016-07-27 02:45:05 --> Could not find the language line "mynt_buy_jd"
ERROR - 2016-07-27 02:46:19 --> Could not find the language line "mynt_buy_amazon"
ERROR - 2016-07-27 02:46:19 --> Could not find the language line "mynt_icon_buy"
ERROR - 2016-07-27 02:46:19 --> Could not find the language line "mynt_buy_link_kick"
ERROR - 2016-07-27 02:46:19 --> Could not find the language line "mynt_buy_taobao"
ERROR - 2016-07-27 02:46:19 --> Could not find the language line "mynt_buy_tmall"
ERROR - 2016-07-27 02:46:19 --> Could not find the language line "mynt_buy_youzan"
ERROR - 2016-07-27 02:46:19 --> Could not find the language line "mynt_buy_jd"
ERROR - 2016-07-27 02:46:21 --> Could not find the language line "mynt_buy_amazon"
ERROR - 2016-07-27 02:46:21 --> Could not find the language line "mynt_icon_buy"
ERROR - 2016-07-27 02:46:21 --> Could not find the language line "mynt_buy_link_kick"
ERROR - 2016-07-27 02:46:21 --> Could not find the language line "mynt_buy_taobao"
ERROR - 2016-07-27 02:46:21 --> Could not find the language line "mynt_buy_tmall"
ERROR - 2016-07-27 02:46:21 --> Could not find the language line "mynt_buy_youzan"
ERROR - 2016-07-27 02:46:21 --> Could not find the language line "mynt_buy_jd"
ERROR - 2016-07-27 02:46:37 --> Could not find the language line "mynt_buy_amazon"
ERROR - 2016-07-27 02:46:37 --> Could not find the language line "mynt_icon_buy"
ERROR - 2016-07-27 02:46:37 --> Could not find the language line "mynt_buy_link_kick"
ERROR - 2016-07-27 02:46:37 --> Could not find the language line "mynt_buy_taobao"
ERROR - 2016-07-27 02:46:37 --> Could not find the language line "mynt_buy_tmall"
ERROR - 2016-07-27 02:46:37 --> Could not find the language line "mynt_buy_youzan"
ERROR - 2016-07-27 02:46:37 --> Could not find the language line "mynt_buy_jd"
ERROR - 2016-07-27 03:17:17 --> Could not find the language line "mynt_buy_amazon"
ERROR - 2016-07-27 03:17:17 --> Could not find the language line "mynt_icon_buy"
ERROR - 2016-07-27 03:17:17 --> Could not find the language line "mynt_buy_link_kick"
ERROR - 2016-07-27 03:17:17 --> Session: File 'ci_sessions/ci_sessione67b40c4558ec8019f888b15424be7920b5ec43b' doesn't exist and cannot be created.
ERROR - 2016-07-27 03:17:18 --> Could not find the language line "mynt_buy_taobao"
ERROR - 2016-07-27 03:17:18 --> Could not find the language line "mynt_buy_tmall"
ERROR - 2016-07-27 03:17:18 --> Could not find the language line "mynt_buy_youzan"
ERROR - 2016-07-27 03:17:18 --> Could not find the language line "mynt_buy_jd"
ERROR - 2016-07-27 03:17:18 --> Session: File 'ci_sessions/ci_session369ba118a1dfbc0c61d568da05489982c7cc456d' doesn't exist and cannot be created.
ERROR - 2016-07-27 03:17:56 --> Could not find the language line "mynt_buy_taobao"
ERROR - 2016-07-27 03:17:56 --> Could not find the language line "mynt_buy_tmall"
ERROR - 2016-07-27 03:17:56 --> Could not find the language line "mynt_buy_youzan"
ERROR - 2016-07-27 03:17:56 --> Could not find the language line "mynt_buy_jd"
ERROR - 2016-07-27 03:18:18 --> Could not find the language line "mynt_buy_amazon"
ERROR - 2016-07-27 03:18:18 --> Could not find the language line "mynt_icon_buy"
ERROR - 2016-07-27 03:18:18 --> Could not find the language line "mynt_buy_link_kick"
ERROR - 2016-07-27 03:18:19 --> Could not find the language line "mynt_buy_taobao"
ERROR - 2016-07-27 03:18:19 --> Could not find the language line "mynt_buy_tmall"
ERROR - 2016-07-27 03:18:19 --> Could not find the language line "mynt_buy_youzan"
ERROR - 2016-07-27 03:18:19 --> Could not find the language line "mynt_buy_jd"
ERROR - 2016-07-27 03:18:20 --> Could not find the language line "mynt_buy_amazon"
ERROR - 2016-07-27 03:18:20 --> Could not find the language line "mynt_icon_buy"
ERROR - 2016-07-27 03:18:20 --> Could not find the language line "mynt_buy_link_kick"
ERROR - 2016-07-27 03:18:20 --> Could not find the language line "mynt_buy_taobao"
ERROR - 2016-07-27 03:18:20 --> Could not find the language line "mynt_buy_tmall"
ERROR - 2016-07-27 03:18:20 --> Could not find the language line "mynt_buy_youzan"
ERROR - 2016-07-27 03:18:20 --> Could not find the language line "mynt_buy_jd"
ERROR - 2016-07-27 03:21:56 --> Could not find the language line "mynt_buy_amazon"
ERROR - 2016-07-27 03:21:56 --> Could not find the language line "mynt_icon_buy"
ERROR - 2016-07-27 03:21:56 --> Could not find the language line "mynt_buy_link_kick"
ERROR - 2016-07-27 03:21:56 --> Could not find the language line "mynt_buy_taobao"
ERROR - 2016-07-27 03:21:56 --> Could not find the language line "mynt_buy_tmall"
ERROR - 2016-07-27 03:21:56 --> Could not find the language line "mynt_buy_youzan"
ERROR - 2016-07-27 03:21:56 --> Could not find the language line "mynt_buy_jd"
ERROR - 2016-07-27 03:21:57 --> Could not find the language line "mynt_buy_amazon"
ERROR - 2016-07-27 03:21:57 --> Could not find the language line "mynt_icon_buy"
ERROR - 2016-07-27 03:21:57 --> Could not find the language line "mynt_buy_link_kick"
ERROR - 2016-07-27 03:21:58 --> Could not find the language line "mynt_buy_taobao"
ERROR - 2016-07-27 03:21:58 --> Could not find the language line "mynt_buy_tmall"
ERROR - 2016-07-27 03:21:58 --> Could not find the language line "mynt_buy_youzan"
ERROR - 2016-07-27 03:21:58 --> Could not find the language line "mynt_buy_jd"
ERROR - 2016-07-27 03:21:59 --> Could not find the language line "mynt_buy_amazon"
ERROR - 2016-07-27 03:21:59 --> Could not find the language line "mynt_icon_buy"
ERROR - 2016-07-27 03:21:59 --> Could not find the language line "mynt_buy_link_kick"
ERROR - 2016-07-27 03:21:59 --> Could not find the language line "mynt_buy_amazon"
ERROR - 2016-07-27 03:21:59 --> Could not find the language line "mynt_icon_buy"
ERROR - 2016-07-27 03:21:59 --> Could not find the language line "mynt_buy_link_kick"
ERROR - 2016-07-27 03:21:59 --> Could not find the language line "mynt_buy_amazon"
ERROR - 2016-07-27 03:21:59 --> Could not find the language line "mynt_icon_buy"
ERROR - 2016-07-27 03:21:59 --> Could not find the language line "mynt_buy_link_kick"
ERROR - 2016-07-27 03:21:59 --> Could not find the language line "mynt_buy_taobao"
ERROR - 2016-07-27 03:21:59 --> Could not find the language line "mynt_buy_tmall"
ERROR - 2016-07-27 03:21:59 --> Could not find the language line "mynt_buy_youzan"
ERROR - 2016-07-27 03:21:59 --> Could not find the language line "mynt_buy_jd"
ERROR - 2016-07-27 03:22:00 --> Could not find the language line "mynt_buy_amazon"
ERROR - 2016-07-27 03:22:00 --> Could not find the language line "mynt_icon_buy"
ERROR - 2016-07-27 03:22:00 --> Could not find the language line "mynt_buy_link_kick"
ERROR - 2016-07-27 03:22:01 --> Could not find the language line "mynt_buy_taobao"
ERROR - 2016-07-27 03:22:01 --> Could not find the language line "mynt_buy_tmall"
ERROR - 2016-07-27 03:22:01 --> Could not find the language line "mynt_buy_youzan"
ERROR - 2016-07-27 03:22:01 --> Could not find the language line "mynt_buy_jd"
ERROR - 2016-07-27 03:22:02 --> Could not find the language line "mynt_buy_amazon"
ERROR - 2016-07-27 03:22:02 --> Could not find the language line "mynt_icon_buy"
ERROR - 2016-07-27 03:22:02 --> Could not find the language line "mynt_buy_link_kick"
ERROR - 2016-07-27 03:22:02 --> Could not find the language line "mynt_buy_taobao"
ERROR - 2016-07-27 03:22:02 --> Could not find the language line "mynt_buy_tmall"
ERROR - 2016-07-27 03:22:02 --> Could not find the language line "mynt_buy_youzan"
ERROR - 2016-07-27 03:22:02 --> Could not find the language line "mynt_buy_jd"
ERROR - 2016-07-27 03:22:02 --> Could not find the language line "mynt_buy_amazon"
ERROR - 2016-07-27 03:22:03 --> Could not find the language line "mynt_icon_buy"
ERROR - 2016-07-27 03:22:03 --> Could not find the language line "mynt_buy_link_kick"
ERROR - 2016-07-27 03:22:03 --> Could not find the language line "mynt_buy_taobao"
ERROR - 2016-07-27 03:22:03 --> Could not find the language line "mynt_buy_tmall"
ERROR - 2016-07-27 03:22:03 --> Could not find the language line "mynt_buy_youzan"
ERROR - 2016-07-27 03:22:03 --> Could not find the language line "mynt_buy_jd"
ERROR - 2016-07-27 03:22:03 --> Could not find the language line "mynt_buy_amazon"
ERROR - 2016-07-27 03:22:03 --> Could not find the language line "mynt_icon_buy"
ERROR - 2016-07-27 03:22:03 --> Could not find the language line "mynt_buy_link_kick"
ERROR - 2016-07-27 03:22:04 --> Could not find the language line "mynt_buy_taobao"
ERROR - 2016-07-27 03:22:04 --> Could not find the language line "mynt_buy_tmall"
ERROR - 2016-07-27 03:22:04 --> Could not find the language line "mynt_buy_youzan"
ERROR - 2016-07-27 03:22:04 --> Could not find the language line "mynt_buy_jd"
ERROR - 2016-07-27 03:22:04 --> Could not find the language line "mynt_buy_amazon"
ERROR - 2016-07-27 03:22:04 --> Could not find the language line "mynt_icon_buy"
ERROR - 2016-07-27 03:22:04 --> Could not find the language line "mynt_buy_link_kick"
ERROR - 2016-07-27 03:22:05 --> Could not find the language line "mynt_buy_amazon"
ERROR - 2016-07-27 03:22:05 --> Could not find the language line "mynt_icon_buy"
ERROR - 2016-07-27 03:22:05 --> Could not find the language line "mynt_buy_link_kick"
ERROR - 2016-07-27 03:22:05 --> Could not find the language line "mynt_buy_taobao"
ERROR - 2016-07-27 03:22:05 --> Could not find the language line "mynt_buy_tmall"
ERROR - 2016-07-27 03:22:05 --> Could not find the language line "mynt_buy_youzan"
ERROR - 2016-07-27 03:22:05 --> Could not find the language line "mynt_buy_jd"
ERROR - 2016-07-27 03:22:06 --> Could not find the language line "mynt_buy_amazon"
ERROR - 2016-07-27 03:22:06 --> Could not find the language line "mynt_icon_buy"
ERROR - 2016-07-27 03:22:06 --> Could not find the language line "mynt_buy_link_kick"
ERROR - 2016-07-27 03:22:07 --> Could not find the language line "mynt_buy_amazon"
ERROR - 2016-07-27 03:22:07 --> Could not find the language line "mynt_icon_buy"
ERROR - 2016-07-27 03:22:07 --> Could not find the language line "mynt_buy_link_kick"
ERROR - 2016-07-27 03:22:07 --> Could not find the language line "mynt_buy_amazon"
ERROR - 2016-07-27 03:22:07 --> Could not find the language line "mynt_icon_buy"
ERROR - 2016-07-27 03:22:07 --> Could not find the language line "mynt_buy_link_kick"
ERROR - 2016-07-27 03:22:07 --> Could not find the language line "mynt_buy_amazon"
ERROR - 2016-07-27 03:22:07 --> Could not find the language line "mynt_icon_buy"
ERROR - 2016-07-27 03:22:07 --> Could not find the language line "mynt_buy_link_kick"
ERROR - 2016-07-27 03:22:07 --> Could not find the language line "mynt_buy_amazon"
ERROR - 2016-07-27 03:22:07 --> Could not find the language line "mynt_icon_buy"
ERROR - 2016-07-27 03:22:07 --> Could not find the language line "mynt_buy_link_kick"
ERROR - 2016-07-27 03:22:07 --> Could not find the language line "mynt_buy_amazon"
ERROR - 2016-07-27 03:22:07 --> Could not find the language line "mynt_icon_buy"
ERROR - 2016-07-27 03:22:07 --> Could not find the language line "mynt_buy_link_kick"
ERROR - 2016-07-27 03:22:08 --> Could not find the language line "mynt_buy_taobao"
ERROR - 2016-07-27 03:22:08 --> Could not find the language line "mynt_buy_tmall"
ERROR - 2016-07-27 03:22:08 --> Could not find the language line "mynt_buy_youzan"
ERROR - 2016-07-27 03:22:08 --> Could not find the language line "mynt_buy_jd"
ERROR - 2016-07-27 03:22:08 --> Could not find the language line "mynt_buy_amazon"
ERROR - 2016-07-27 03:22:08 --> Could not find the language line "mynt_icon_buy"
ERROR - 2016-07-27 03:22:08 --> Could not find the language line "mynt_buy_link_kick"
ERROR - 2016-07-27 03:22:08 --> Could not find the language line "mynt_buy_amazon"
ERROR - 2016-07-27 03:22:08 --> Could not find the language line "mynt_icon_buy"
ERROR - 2016-07-27 03:22:08 --> Could not find the language line "mynt_buy_link_kick"
ERROR - 2016-07-27 03:22:08 --> Could not find the language line "mynt_buy_amazon"
ERROR - 2016-07-27 03:22:08 --> Could not find the language line "mynt_icon_buy"
ERROR - 2016-07-27 03:22:08 --> Could not find the language line "mynt_buy_link_kick"
ERROR - 2016-07-27 03:22:08 --> Could not find the language line "mynt_buy_taobao"
ERROR - 2016-07-27 03:22:08 --> Could not find the language line "mynt_buy_tmall"
ERROR - 2016-07-27 03:22:08 --> Could not find the language line "mynt_buy_youzan"
ERROR - 2016-07-27 03:22:08 --> Could not find the language line "mynt_buy_jd"
ERROR - 2016-07-27 03:22:08 --> Could not find the language line "mynt_buy_amazon"
ERROR - 2016-07-27 03:22:08 --> Could not find the language line "mynt_icon_buy"
ERROR - 2016-07-27 03:22:08 --> Could not find the language line "mynt_buy_link_kick"
ERROR - 2016-07-27 03:22:08 --> Could not find the language line "mynt_buy_amazon"
ERROR - 2016-07-27 03:22:08 --> Could not find the language line "mynt_icon_buy"
ERROR - 2016-07-27 03:22:08 --> Could not find the language line "mynt_buy_link_kick"
ERROR - 2016-07-27 03:22:09 --> Could not find the language line "mynt_buy_taobao"
ERROR - 2016-07-27 03:22:09 --> Could not find the language line "mynt_buy_tmall"
ERROR - 2016-07-27 03:22:09 --> Could not find the language line "mynt_buy_youzan"
ERROR - 2016-07-27 03:22:09 --> Could not find the language line "mynt_buy_jd"
ERROR - 2016-07-27 03:22:23 --> Could not find the language line "mynt_buy_amazon"
ERROR - 2016-07-27 03:22:23 --> Could not find the language line "mynt_icon_buy"
ERROR - 2016-07-27 03:22:23 --> Could not find the language line "mynt_buy_link_kick"
ERROR - 2016-07-27 03:22:24 --> Could not find the language line "mynt_buy_taobao"
ERROR - 2016-07-27 03:22:24 --> Could not find the language line "mynt_buy_tmall"
ERROR - 2016-07-27 03:22:24 --> Could not find the language line "mynt_buy_youzan"
ERROR - 2016-07-27 03:22:24 --> Could not find the language line "mynt_buy_jd"
ERROR - 2016-07-27 03:22:25 --> Could not find the language line "mynt_buy_amazon"
ERROR - 2016-07-27 03:22:25 --> Could not find the language line "mynt_icon_buy"
ERROR - 2016-07-27 03:22:25 --> Could not find the language line "mynt_buy_link_kick"
ERROR - 2016-07-27 03:22:25 --> Could not find the language line "mynt_buy_amazon"
ERROR - 2016-07-27 03:22:25 --> Could not find the language line "mynt_icon_buy"
ERROR - 2016-07-27 03:22:25 --> Could not find the language line "mynt_buy_link_kick"
ERROR - 2016-07-27 03:22:25 --> Could not find the language line "mynt_buy_amazon"
ERROR - 2016-07-27 03:22:25 --> Could not find the language line "mynt_icon_buy"
ERROR - 2016-07-27 03:22:25 --> Could not find the language line "mynt_buy_link_kick"
ERROR - 2016-07-27 03:22:25 --> Could not find the language line "mynt_buy_amazon"
ERROR - 2016-07-27 03:22:25 --> Could not find the language line "mynt_icon_buy"
ERROR - 2016-07-27 03:22:25 --> Could not find the language line "mynt_buy_link_kick"
ERROR - 2016-07-27 03:22:26 --> Could not find the language line "mynt_buy_amazon"
ERROR - 2016-07-27 03:22:26 --> Could not find the language line "mynt_icon_buy"
ERROR - 2016-07-27 03:22:26 --> Could not find the language line "mynt_buy_link_kick"
ERROR - 2016-07-27 03:22:26 --> Could not find the language line "mynt_buy_amazon"
ERROR - 2016-07-27 03:22:26 --> Could not find the language line "mynt_icon_buy"
ERROR - 2016-07-27 03:22:26 --> Could not find the language line "mynt_buy_link_kick"
ERROR - 2016-07-27 03:22:26 --> Could not find the language line "mynt_buy_taobao"
ERROR - 2016-07-27 03:22:26 --> Could not find the language line "mynt_buy_tmall"
ERROR - 2016-07-27 03:22:26 --> Could not find the language line "mynt_buy_youzan"
ERROR - 2016-07-27 03:22:26 --> Could not find the language line "mynt_buy_jd"
ERROR - 2016-07-27 03:22:27 --> Could not find the language line "mynt_buy_amazon"
ERROR - 2016-07-27 03:22:27 --> Could not find the language line "mynt_icon_buy"
ERROR - 2016-07-27 03:22:27 --> Could not find the language line "mynt_buy_link_kick"
ERROR - 2016-07-27 03:22:27 --> Could not find the language line "mynt_buy_taobao"
ERROR - 2016-07-27 03:22:27 --> Could not find the language line "mynt_buy_tmall"
ERROR - 2016-07-27 03:22:27 --> Could not find the language line "mynt_buy_youzan"
ERROR - 2016-07-27 03:22:27 --> Could not find the language line "mynt_buy_jd"
ERROR - 2016-07-27 03:22:28 --> Could not find the language line "mynt_buy_amazon"
ERROR - 2016-07-27 03:22:28 --> Could not find the language line "mynt_icon_buy"
ERROR - 2016-07-27 03:22:28 --> Could not find the language line "mynt_buy_link_kick"
ERROR - 2016-07-27 03:22:29 --> Could not find the language line "mynt_buy_taobao"
ERROR - 2016-07-27 03:22:29 --> Could not find the language line "mynt_buy_tmall"
ERROR - 2016-07-27 03:22:29 --> Could not find the language line "mynt_buy_youzan"
ERROR - 2016-07-27 03:22:29 --> Could not find the language line "mynt_buy_jd"
ERROR - 2016-07-27 03:22:29 --> Could not find the language line "mynt_buy_amazon"
ERROR - 2016-07-27 03:22:29 --> Could not find the language line "mynt_icon_buy"
ERROR - 2016-07-27 03:22:29 --> Could not find the language line "mynt_buy_link_kick"
ERROR - 2016-07-27 03:22:30 --> Could not find the language line "mynt_buy_taobao"
ERROR - 2016-07-27 03:22:30 --> Could not find the language line "mynt_buy_tmall"
ERROR - 2016-07-27 03:22:30 --> Could not find the language line "mynt_buy_youzan"
ERROR - 2016-07-27 03:22:30 --> Could not find the language line "mynt_buy_jd"
ERROR - 2016-07-27 03:22:30 --> Could not find the language line "mynt_buy_amazon"
ERROR - 2016-07-27 03:22:30 --> Could not find the language line "mynt_icon_buy"
ERROR - 2016-07-27 03:22:30 --> Could not find the language line "mynt_buy_link_kick"
ERROR - 2016-07-27 03:22:30 --> Could not find the language line "mynt_buy_taobao"
ERROR - 2016-07-27 03:22:30 --> Could not find the language line "mynt_buy_tmall"
ERROR - 2016-07-27 03:22:30 --> Could not find the language line "mynt_buy_youzan"
ERROR - 2016-07-27 03:22:30 --> Could not find the language line "mynt_buy_jd"
ERROR - 2016-07-27 03:22:31 --> Could not find the language line "mynt_buy_amazon"
ERROR - 2016-07-27 03:22:31 --> Could not find the language line "mynt_icon_buy"
ERROR - 2016-07-27 03:22:31 --> Could not find the language line "mynt_buy_link_kick"
ERROR - 2016-07-27 03:22:31 --> Could not find the language line "mynt_buy_taobao"
ERROR - 2016-07-27 03:22:31 --> Could not find the language line "mynt_buy_tmall"
ERROR - 2016-07-27 03:22:31 --> Could not find the language line "mynt_buy_youzan"
ERROR - 2016-07-27 03:22:31 --> Could not find the language line "mynt_buy_jd"
ERROR - 2016-07-27 03:22:32 --> Could not find the language line "mynt_buy_amazon"
ERROR - 2016-07-27 03:22:32 --> Could not find the language line "mynt_icon_buy"
ERROR - 2016-07-27 03:22:32 --> Could not find the language line "mynt_buy_link_kick"
ERROR - 2016-07-27 03:22:32 --> Could not find the language line "mynt_buy_taobao"
ERROR - 2016-07-27 03:22:32 --> Could not find the language line "mynt_buy_tmall"
ERROR - 2016-07-27 03:22:32 --> Could not find the language line "mynt_buy_youzan"
ERROR - 2016-07-27 03:22:32 --> Could not find the language line "mynt_buy_jd"
ERROR - 2016-07-27 03:22:32 --> Could not find the language line "mynt_buy_amazon"
ERROR - 2016-07-27 03:22:32 --> Could not find the language line "mynt_icon_buy"
ERROR - 2016-07-27 03:22:32 --> Could not find the language line "mynt_buy_link_kick"
ERROR - 2016-07-27 03:22:33 --> Could not find the language line "mynt_buy_taobao"
ERROR - 2016-07-27 03:22:33 --> Could not find the language line "mynt_buy_tmall"
ERROR - 2016-07-27 03:22:33 --> Could not find the language line "mynt_buy_youzan"
ERROR - 2016-07-27 03:22:33 --> Could not find the language line "mynt_buy_jd"
ERROR - 2016-07-27 03:22:52 --> Could not find the language line "mynt_buy_taobao"
ERROR - 2016-07-27 03:22:52 --> Could not find the language line "mynt_buy_tmall"
ERROR - 2016-07-27 03:22:52 --> Could not find the language line "mynt_buy_youzan"
ERROR - 2016-07-27 03:22:52 --> Could not find the language line "mynt_buy_jd"
ERROR - 2016-07-27 03:22:52 --> Could not find the language line "mynt_icon_taobao"
ERROR - 2016-07-27 03:22:52 --> Could not find the language line "mynt_icon_tmall"
ERROR - 2016-07-27 03:22:52 --> Could not find the language line "mynt_icon_youzan"
ERROR - 2016-07-27 03:22:52 --> Could not find the language line "mynt_icon_jd"
ERROR - 2016-07-27 03:22:52 --> Could not find the language line "mynt_jd_detail"
ERROR - 2016-07-27 03:22:52 --> Could not find the language line "to_buy_wd"
ERROR - 2016-07-27 03:22:52 --> Could not find the language line "slightech_wechat"
ERROR - 2016-07-27 03:22:52 --> Could not find the language line "camera_no_lost"
ERROR - 2016-07-27 03:22:52 --> Could not find the language line "key_no_lost"
ERROR - 2016-07-27 03:22:52 --> Could not find the language line "bag_no_lost"
ERROR - 2016-07-27 03:22:52 --> Could not find the language line "computer_no_lost"
ERROR - 2016-07-27 03:22:52 --> Could not find the language line "pet_no_lost"
ERROR - 2016-07-27 03:22:52 --> Could not find the language line "goal"
ERROR - 2016-07-27 03:22:52 --> Could not find the language line "fund_title"
ERROR - 2016-07-27 03:22:52 --> Could not find the language line "fund_intro"
ERROR - 2016-07-27 03:22:52 --> Could not find the language line "mynt_buy_taobao"
ERROR - 2016-07-27 03:22:52 --> Could not find the language line "mynt_buy_tmall"
ERROR - 2016-07-27 03:22:52 --> Could not find the language line "mynt_buy_youzan"
ERROR - 2016-07-27 03:22:52 --> Could not find the language line "mynt_buy_jd"
ERROR - 2016-07-27 03:22:56 --> Could not find the language line "mynt_buy_amazon"
ERROR - 2016-07-27 03:22:56 --> Could not find the language line "mynt_icon_buy"
ERROR - 2016-07-27 03:22:56 --> Could not find the language line "mynt_buy_link_kick"
ERROR - 2016-07-27 03:22:56 --> Could not find the language line "mynt_buy_taobao"
ERROR - 2016-07-27 03:22:56 --> Could not find the language line "mynt_buy_tmall"
ERROR - 2016-07-27 03:22:56 --> Could not find the language line "mynt_buy_youzan"
ERROR - 2016-07-27 03:22:56 --> Could not find the language line "mynt_buy_jd"
ERROR - 2016-07-27 03:23:11 --> Could not find the language line "mynt_buy_amazon"
ERROR - 2016-07-27 03:23:11 --> Could not find the language line "mynt_icon_buy"
ERROR - 2016-07-27 03:23:11 --> Could not find the language line "mynt_buy_link_kick"
ERROR - 2016-07-27 03:23:11 --> Could not find the language line "mynt_buy_taobao"
ERROR - 2016-07-27 03:23:11 --> Could not find the language line "mynt_buy_tmall"
ERROR - 2016-07-27 03:23:11 --> Could not find the language line "mynt_buy_youzan"
ERROR - 2016-07-27 03:23:11 --> Could not find the language line "mynt_buy_jd"
ERROR - 2016-07-27 03:23:12 --> Could not find the language line "mynt_buy_amazon"
ERROR - 2016-07-27 03:23:12 --> Could not find the language line "mynt_icon_buy"
ERROR - 2016-07-27 03:23:12 --> Could not find the language line "mynt_buy_link_kick"
ERROR - 2016-07-27 03:23:12 --> Could not find the language line "mynt_buy_taobao"
ERROR - 2016-07-27 03:23:12 --> Could not find the language line "mynt_buy_tmall"
ERROR - 2016-07-27 03:23:12 --> Could not find the language line "mynt_buy_youzan"
ERROR - 2016-07-27 03:23:12 --> Could not find the language line "mynt_buy_jd"
