ERROR - 2017-08-17 09:20:43 --> Could not find the language line "mynt_buy_taobao"
ERROR - 2017-08-17 09:20:43 --> Could not find the language line "mynt_buy_tmall"
ERROR - 2017-08-17 09:20:43 --> Could not find the language line "mynt_buy_jd"
ERROR - 2017-08-17 09:20:43 --> Could not find the language line "mynt_icon_taobao"
ERROR - 2017-08-17 09:20:43 --> Could not find the language line "mynt_icon_tmall"
ERROR - 2017-08-17 09:20:43 --> Could not find the language line "mynt_icon_youzan"
ERROR - 2017-08-17 09:20:44 --> Could not find the language line "mynt_buy_taobao"
ERROR - 2017-08-17 09:20:44 --> Could not find the language line "mynt_buy_tmall"
ERROR - 2017-08-17 09:20:44 --> Could not find the language line "mynt_buy_jd"
ERROR - 2017-08-17 15:17:39 --> Could not find the language line "mynt_buy_taobao"
ERROR - 2017-08-17 15:17:39 --> Could not find the language line "mynt_buy_tmall"
ERROR - 2017-08-17 15:17:39 --> Could not find the language line "mynt_buy_jd"
ERROR - 2017-08-17 15:17:52 --> Could not find the language line "mynt_buy_taobao"
ERROR - 2017-08-17 15:17:52 --> Could not find the language line "mynt_buy_tmall"
ERROR - 2017-08-17 15:17:52 --> Could not find the language line "mynt_buy_jd"
ERROR - 2017-08-17 15:17:52 --> Could not find the language line "mynt_icon_taobao"
ERROR - 2017-08-17 15:17:52 --> Could not find the language line "mynt_icon_tmall"
ERROR - 2017-08-17 15:17:52 --> Could not find the language line "mynt_icon_youzan"
ERROR - 2017-08-17 15:17:52 --> Could not find the language line "mynt_icon_jd"
ERROR - 2017-08-17 15:17:52 --> Could not find the language line "mynt_jd_detail"
ERROR - 2017-08-17 15:17:52 --> Could not find the language line "to_buy_wd"
ERROR - 2017-08-17 15:17:52 --> Could not find the language line "slightech_wechat"
ERROR - 2017-08-17 15:17:52 --> Could not find the language line "camera_no_lost"
ERROR - 2017-08-17 15:17:52 --> Could not find the language line "key_no_lost"
ERROR - 2017-08-17 15:17:52 --> Could not find the language line "bag_no_lost"
ERROR - 2017-08-17 15:17:52 --> Could not find the language line "computer_no_lost"
ERROR - 2017-08-17 15:17:52 --> Could not find the language line "pet_no_lost"
ERROR - 2017-08-17 15:17:52 --> Could not find the language line "goal"
ERROR - 2017-08-17 15:17:52 --> Could not find the language line "fund_title"
ERROR - 2017-08-17 15:17:52 --> Could not find the language line "fund_intro"
ERROR - 2017-08-17 15:17:52 --> Could not find the language line "mynt_buy_taobao"
ERROR - 2017-08-17 15:17:52 --> Could not find the language line "mynt_buy_tmall"
ERROR - 2017-08-17 15:17:52 --> Could not find the language line "mynt_buy_jd"
ERROR - 2017-08-17 15:18:01 --> Could not find the language line "mynt_buy_taobao"
ERROR - 2017-08-17 15:18:01 --> Could not find the language line "mynt_buy_tmall"
ERROR - 2017-08-17 15:18:01 --> Could not find the language line "mynt_buy_jd"
