ERROR - 2016-06-30 02:56:12 --> Could not find the language line "mynt_buy_amazon"
ERROR - 2016-06-30 02:56:12 --> Could not find the language line "home_slife_title"
ERROR - 2016-06-30 02:56:12 --> Could not find the language line "home_cloud_title"
ERROR - 2016-06-30 02:56:12 --> Could not find the language line "home_cloud_intro"
ERROR - 2016-06-30 02:56:12 --> Could not find the language line "mynt_icon_buy"
ERROR - 2016-06-30 02:56:21 --> Could not find the language line "mynt_buy_amazon"
ERROR - 2016-06-30 02:56:21 --> Could not find the language line "home_slife_title"
ERROR - 2016-06-30 02:56:21 --> Could not find the language line "home_cloud_title"
ERROR - 2016-06-30 02:56:21 --> Could not find the language line "home_cloud_intro"
ERROR - 2016-06-30 02:56:21 --> Could not find the language line "mynt_icon_buy"
ERROR - 2016-06-30 02:56:29 --> Could not find the language line "mynt_buy_amazon"
ERROR - 2016-06-30 02:56:29 --> Could not find the language line "home_slife_title"
ERROR - 2016-06-30 02:56:29 --> Could not find the language line "home_cloud_title"
ERROR - 2016-06-30 02:56:29 --> Could not find the language line "home_cloud_intro"
ERROR - 2016-06-30 02:56:29 --> Could not find the language line "mynt_icon_buy"
ERROR - 2016-06-30 02:56:48 --> Could not find the language line "mynt_buy_amazon"
ERROR - 2016-06-30 02:56:48 --> Could not find the language line "home_slife_title"
ERROR - 2016-06-30 02:56:48 --> Could not find the language line "home_cloud_title"
ERROR - 2016-06-30 02:56:48 --> Could not find the language line "home_cloud_intro"
ERROR - 2016-06-30 02:56:48 --> Could not find the language line "mynt_icon_buy"
ERROR - 2016-06-30 02:56:50 --> Could not find the language line "mynt_buy_amazon"
ERROR - 2016-06-30 02:56:50 --> Could not find the language line "home_slife_title"
ERROR - 2016-06-30 02:56:50 --> Could not find the language line "home_cloud_title"
ERROR - 2016-06-30 02:56:50 --> Could not find the language line "home_cloud_intro"
ERROR - 2016-06-30 02:56:50 --> Could not find the language line "mynt_icon_buy"
ERROR - 2016-06-30 02:56:50 --> Could not find the language line "mynt_buy_amazon"
ERROR - 2016-06-30 02:56:50 --> Could not find the language line "home_slife_title"
ERROR - 2016-06-30 02:56:50 --> Could not find the language line "home_cloud_title"
ERROR - 2016-06-30 02:56:50 --> Could not find the language line "home_cloud_intro"
ERROR - 2016-06-30 02:56:50 --> Could not find the language line "mynt_icon_buy"
ERROR - 2016-06-30 02:56:52 --> Could not find the language line "mynt_buy_amazon"
ERROR - 2016-06-30 02:56:52 --> Could not find the language line "home_slife_title"
ERROR - 2016-06-30 02:56:52 --> Could not find the language line "home_cloud_title"
ERROR - 2016-06-30 02:56:52 --> Could not find the language line "home_cloud_intro"
ERROR - 2016-06-30 02:56:52 --> Could not find the language line "mynt_icon_buy"
ERROR - 2016-06-30 02:56:53 --> Could not find the language line "mynt_buy_amazon"
ERROR - 2016-06-30 02:56:53 --> Could not find the language line "home_slife_title"
ERROR - 2016-06-30 02:56:53 --> Could not find the language line "home_cloud_title"
ERROR - 2016-06-30 02:56:53 --> Could not find the language line "home_cloud_intro"
ERROR - 2016-06-30 02:56:53 --> Could not find the language line "mynt_icon_buy"
ERROR - 2016-06-30 02:56:56 --> Could not find the language line "mynt_buy_amazon"
ERROR - 2016-06-30 02:56:56 --> Could not find the language line "home_slife_title"
ERROR - 2016-06-30 02:56:56 --> Could not find the language line "home_cloud_title"
ERROR - 2016-06-30 02:56:56 --> Could not find the language line "home_cloud_intro"
ERROR - 2016-06-30 02:56:56 --> Could not find the language line "mynt_icon_buy"
ERROR - 2016-06-30 02:56:57 --> Could not find the language line "mynt_buy_amazon"
ERROR - 2016-06-30 02:56:57 --> Could not find the language line "home_slife_title"
ERROR - 2016-06-30 02:56:57 --> Could not find the language line "home_cloud_title"
ERROR - 2016-06-30 02:56:57 --> Could not find the language line "home_cloud_intro"
ERROR - 2016-06-30 02:56:57 --> Could not find the language line "mynt_icon_buy"
ERROR - 2016-06-30 02:56:57 --> Could not find the language line "mynt_buy_amazon"
ERROR - 2016-06-30 02:56:57 --> Could not find the language line "home_slife_title"
ERROR - 2016-06-30 02:56:57 --> Could not find the language line "home_cloud_title"
ERROR - 2016-06-30 02:56:57 --> Could not find the language line "home_cloud_intro"
ERROR - 2016-06-30 02:56:57 --> Could not find the language line "mynt_icon_buy"
ERROR - 2016-06-30 02:56:58 --> Could not find the language line "mynt_buy_amazon"
ERROR - 2016-06-30 02:56:58 --> Could not find the language line "home_slife_title"
ERROR - 2016-06-30 02:56:58 --> Could not find the language line "home_cloud_title"
ERROR - 2016-06-30 02:56:58 --> Could not find the language line "home_cloud_intro"
ERROR - 2016-06-30 02:56:58 --> Could not find the language line "mynt_icon_buy"
ERROR - 2016-06-30 02:56:59 --> Could not find the language line "mynt_buy_amazon"
ERROR - 2016-06-30 02:56:59 --> Could not find the language line "home_slife_title"
ERROR - 2016-06-30 02:56:59 --> Could not find the language line "home_cloud_title"
ERROR - 2016-06-30 02:56:59 --> Could not find the language line "home_cloud_intro"
ERROR - 2016-06-30 02:56:59 --> Could not find the language line "mynt_icon_buy"
ERROR - 2016-06-30 02:57:00 --> Could not find the language line "mynt_buy_amazon"
ERROR - 2016-06-30 02:57:00 --> Could not find the language line "home_slife_title"
ERROR - 2016-06-30 02:57:00 --> Could not find the language line "home_cloud_title"
ERROR - 2016-06-30 02:57:00 --> Could not find the language line "home_cloud_intro"
ERROR - 2016-06-30 02:57:00 --> Could not find the language line "mynt_icon_buy"
ERROR - 2016-06-30 02:57:00 --> Could not find the language line "mynt_buy_amazon"
ERROR - 2016-06-30 02:57:00 --> Could not find the language line "home_slife_title"
ERROR - 2016-06-30 02:57:00 --> Could not find the language line "home_cloud_title"
ERROR - 2016-06-30 02:57:00 --> Could not find the language line "home_cloud_intro"
ERROR - 2016-06-30 02:57:00 --> Could not find the language line "mynt_icon_buy"
ERROR - 2016-06-30 09:56:08 --> Could not find the language line "mynt_buy_taobao"
ERROR - 2016-06-30 09:56:08 --> Could not find the language line "mynt_buy_tmall"
ERROR - 2016-06-30 09:56:08 --> Could not find the language line "mynt_buy_youzan"
ERROR - 2016-06-30 09:56:15 --> Could not find the language line "mynt_buy_taobao"
ERROR - 2016-06-30 09:56:15 --> Could not find the language line "mynt_buy_tmall"
ERROR - 2016-06-30 09:56:15 --> Could not find the language line "mynt_buy_youzan"
ERROR - 2016-06-30 09:56:15 --> Could not find the language line "home_cloud_title"
ERROR - 2016-06-30 09:56:15 --> Could not find the language line "home_cloud_intro"
ERROR - 2016-06-30 09:56:15 --> Could not find the language line "mynt_icon_taobao"
ERROR - 2016-06-30 09:56:15 --> Could not find the language line "mynt_icon_tmall"
ERROR - 2016-06-30 09:56:15 --> Could not find the language line "mynt_icon_youzan"
ERROR - 2016-06-30 10:01:36 --> Could not find the language line "mynt_buy_taobao"
ERROR - 2016-06-30 10:01:36 --> Could not find the language line "mynt_buy_tmall"
ERROR - 2016-06-30 10:01:36 --> Could not find the language line "mynt_buy_youzan"
ERROR - 2016-06-30 10:01:38 --> Could not find the language line "mynt_buy_taobao"
ERROR - 2016-06-30 10:01:38 --> Could not find the language line "mynt_buy_tmall"
ERROR - 2016-06-30 10:01:38 --> Could not find the language line "mynt_buy_youzan"
ERROR - 2016-06-30 10:01:38 --> Could not find the language line "about_keywords"
ERROR - 2016-06-30 10:01:38 --> Could not find the language line "about_facebook"
ERROR - 2016-06-30 10:01:38 --> Could not find the language line "about_twitter"
ERROR - 2016-06-30 10:01:38 --> Could not find the language line "about_weibo"
ERROR - 2016-06-30 10:01:41 --> Could not find the language line "mynt_buy_taobao"
ERROR - 2016-06-30 10:01:41 --> Could not find the language line "mynt_buy_tmall"
ERROR - 2016-06-30 10:01:41 --> Could not find the language line "mynt_buy_youzan"
ERROR - 2016-06-30 10:01:43 --> Could not find the language line "mynt_buy_taobao"
ERROR - 2016-06-30 10:01:43 --> Could not find the language line "mynt_buy_tmall"
ERROR - 2016-06-30 10:01:43 --> Could not find the language line "mynt_buy_youzan"
ERROR - 2016-06-30 10:01:45 --> Could not find the language line "mynt_buy_taobao"
ERROR - 2016-06-30 10:01:45 --> Could not find the language line "mynt_buy_tmall"
ERROR - 2016-06-30 10:01:45 --> Could not find the language line "mynt_buy_youzan"
ERROR - 2016-06-30 10:01:46 --> Could not find the language line "mynt_buy_taobao"
ERROR - 2016-06-30 10:01:46 --> Could not find the language line "mynt_buy_tmall"
ERROR - 2016-06-30 10:01:46 --> Could not find the language line "mynt_buy_youzan"
ERROR - 2016-06-30 10:01:47 --> Could not find the language line "mynt_buy_taobao"
ERROR - 2016-06-30 10:01:47 --> Could not find the language line "mynt_buy_tmall"
ERROR - 2016-06-30 10:01:47 --> Could not find the language line "mynt_buy_youzan"
ERROR - 2016-06-30 10:01:47 --> Could not find the language line "mynt_icon_taobao"
ERROR - 2016-06-30 10:01:47 --> Could not find the language line "mynt_icon_tmall"
ERROR - 2016-06-30 10:01:47 --> Could not find the language line "mynt_icon_youzan"
ERROR - 2016-06-30 10:01:47 --> Could not find the language line "mynt_jd_detail"
ERROR - 2016-06-30 10:01:47 --> Could not find the language line "to_buy_wd"
ERROR - 2016-06-30 10:01:47 --> Could not find the language line "slightech_wechat"
ERROR - 2016-06-30 10:01:47 --> Could not find the language line "camera_no_lost"
ERROR - 2016-06-30 10:01:47 --> Could not find the language line "key_no_lost"
ERROR - 2016-06-30 10:01:47 --> Could not find the language line "bag_no_lost"
ERROR - 2016-06-30 10:01:47 --> Could not find the language line "computer_no_lost"
ERROR - 2016-06-30 10:01:47 --> Could not find the language line "pet_no_lost"
ERROR - 2016-06-30 10:01:47 --> Could not find the language line "goal"
ERROR - 2016-06-30 10:01:47 --> Could not find the language line "fund_title"
ERROR - 2016-06-30 10:01:47 --> Could not find the language line "fund_intro"
ERROR - 2016-06-30 10:01:49 --> Could not find the language line "mynt_buy_taobao"
ERROR - 2016-06-30 10:01:49 --> Could not find the language line "mynt_buy_tmall"
ERROR - 2016-06-30 10:01:49 --> Could not find the language line "mynt_buy_youzan"
ERROR - 2016-06-30 10:01:51 --> Could not find the language line "mynt_buy_taobao"
ERROR - 2016-06-30 10:01:51 --> Could not find the language line "mynt_buy_tmall"
ERROR - 2016-06-30 10:01:51 --> Could not find the language line "mynt_buy_youzan"
ERROR - 2016-06-30 10:01:55 --> Could not find the language line "mynt_buy_taobao"
ERROR - 2016-06-30 10:01:55 --> Could not find the language line "mynt_buy_tmall"
ERROR - 2016-06-30 10:01:55 --> Could not find the language line "mynt_buy_youzan"
ERROR - 2016-06-30 10:01:57 --> Could not find the language line "mynt_buy_taobao"
ERROR - 2016-06-30 10:01:57 --> Could not find the language line "mynt_buy_tmall"
ERROR - 2016-06-30 10:01:57 --> Could not find the language line "mynt_buy_youzan"
ERROR - 2016-06-30 10:01:58 --> Could not find the language line "mynt_buy_taobao"
ERROR - 2016-06-30 10:01:58 --> Could not find the language line "mynt_buy_tmall"
ERROR - 2016-06-30 10:01:58 --> Could not find the language line "mynt_buy_youzan"
ERROR - 2016-06-30 10:02:06 --> Could not find the language line "mynt_buy_taobao"
ERROR - 2016-06-30 10:02:06 --> Could not find the language line "mynt_buy_tmall"
ERROR - 2016-06-30 10:02:06 --> Could not find the language line "mynt_buy_youzan"
ERROR - 2016-06-30 10:02:08 --> Could not find the language line "mynt_buy_taobao"
ERROR - 2016-06-30 10:02:08 --> Could not find the language line "mynt_buy_tmall"
ERROR - 2016-06-30 10:02:08 --> Could not find the language line "mynt_buy_youzan"
ERROR - 2016-06-30 10:02:14 --> Could not find the language line "mynt_buy_taobao"
ERROR - 2016-06-30 10:02:14 --> Could not find the language line "mynt_buy_tmall"
ERROR - 2016-06-30 10:02:14 --> Could not find the language line "mynt_buy_youzan"
ERROR - 2016-06-30 10:02:29 --> Could not find the language line "mynt_buy_taobao"
ERROR - 2016-06-30 10:02:29 --> Could not find the language line "mynt_buy_tmall"
ERROR - 2016-06-30 10:02:29 --> Could not find the language line "mynt_buy_youzan"
ERROR - 2016-06-30 10:02:29 --> Could not find the language line "home_cloud_title"
ERROR - 2016-06-30 10:02:29 --> Could not find the language line "home_cloud_intro"
ERROR - 2016-06-30 10:02:29 --> Could not find the language line "mynt_icon_taobao"
ERROR - 2016-06-30 10:02:29 --> Could not find the language line "mynt_icon_tmall"
ERROR - 2016-06-30 10:02:29 --> Could not find the language line "mynt_icon_youzan"
