ERROR - 2016-05-17 04:49:06 --> Could not find the language line "mynt_buy_taobao"
ERROR - 2016-05-17 04:49:06 --> Could not find the language line "mynt_buy_tmall"
ERROR - 2016-05-17 04:49:06 --> Could not find the language line "mynt_buy_youzan"
ERROR - 2016-05-17 04:49:09 --> Could not find the language line "mynt_buy_taobao"
ERROR - 2016-05-17 04:49:09 --> Could not find the language line "mynt_buy_tmall"
ERROR - 2016-05-17 04:49:09 --> Could not find the language line "mynt_buy_youzan"
ERROR - 2016-05-17 05:01:27 --> Could not find the language line "mynt_buy_taobao"
ERROR - 2016-05-17 05:01:27 --> Could not find the language line "mynt_buy_tmall"
ERROR - 2016-05-17 05:01:27 --> Could not find the language line "mynt_buy_youzan"
ERROR - 2016-05-17 05:01:27 --> Could not find the language line "mynt_icon_taobao"
ERROR - 2016-05-17 05:01:27 --> Could not find the language line "mynt_icon_tmall"
ERROR - 2016-05-17 05:01:27 --> Could not find the language line "mynt_icon_youzan"
ERROR - 2016-05-17 05:50:09 --> Could not find the language line "mynt_buy_taobao"
ERROR - 2016-05-17 05:50:09 --> Could not find the language line "mynt_buy_tmall"
ERROR - 2016-05-17 05:50:09 --> Could not find the language line "mynt_buy_youzan"
ERROR - 2016-05-17 05:50:52 --> Could not find the language line "mynt_buy_taobao"
ERROR - 2016-05-17 05:50:52 --> Could not find the language line "mynt_buy_tmall"
ERROR - 2016-05-17 05:50:52 --> Could not find the language line "mynt_buy_youzan"
ERROR - 2016-05-17 05:51:11 --> Could not find the language line "mynt_buy_taobao"
ERROR - 2016-05-17 05:51:11 --> Could not find the language line "mynt_buy_tmall"
ERROR - 2016-05-17 05:51:11 --> Could not find the language line "mynt_buy_youzan"
ERROR - 2016-05-17 05:51:24 --> Could not find the language line "mynt_buy_taobao"
ERROR - 2016-05-17 05:51:24 --> Could not find the language line "mynt_buy_tmall"
ERROR - 2016-05-17 05:51:24 --> Could not find the language line "mynt_buy_youzan"
ERROR - 2016-05-17 05:57:22 --> Could not find the language line "mynt_buy_taobao"
ERROR - 2016-05-17 05:57:22 --> Could not find the language line "mynt_buy_tmall"
ERROR - 2016-05-17 05:57:22 --> Could not find the language line "mynt_buy_youzan"
ERROR - 2016-05-17 05:57:22 --> Session: File 'ci_sessions/ci_session685f4ecca7c58b9ac8fa01711ff9a9b979040e6f' doesn't exist and cannot be created.
ERROR - 2016-05-17 05:57:54 --> Could not find the language line "mynt_buy_taobao"
ERROR - 2016-05-17 05:57:54 --> Could not find the language line "mynt_buy_tmall"
ERROR - 2016-05-17 05:57:54 --> Could not find the language line "mynt_buy_youzan"
ERROR - 2016-05-17 06:01:35 --> Could not find the language line "mynt_buy_taobao"
ERROR - 2016-05-17 06:01:35 --> Could not find the language line "mynt_buy_tmall"
ERROR - 2016-05-17 06:01:35 --> Could not find the language line "mynt_buy_youzan"
ERROR - 2016-05-17 06:03:07 --> Could not find the language line "mynt_buy_taobao"
ERROR - 2016-05-17 06:03:07 --> Could not find the language line "mynt_buy_tmall"
ERROR - 2016-05-17 06:03:07 --> Could not find the language line "mynt_buy_youzan"
ERROR - 2016-05-17 06:03:07 --> Session: File 'ci_sessions/ci_session694f220dd9fba963e77450f43864eb4b49f51f0a' doesn't exist and cannot be created.
ERROR - 2016-05-17 06:03:28 --> Could not find the language line "mynt_buy_taobao"
ERROR - 2016-05-17 06:03:28 --> Could not find the language line "mynt_buy_tmall"
ERROR - 2016-05-17 06:03:28 --> Could not find the language line "mynt_buy_youzan"
ERROR - 2016-05-17 06:03:59 --> Could not find the language line "mynt_buy_taobao"
ERROR - 2016-05-17 06:03:59 --> Could not find the language line "mynt_buy_tmall"
ERROR - 2016-05-17 06:03:59 --> Could not find the language line "mynt_buy_youzan"
ERROR - 2016-05-17 06:05:23 --> Could not find the language line "mynt_buy_taobao"
ERROR - 2016-05-17 06:05:23 --> Could not find the language line "mynt_buy_tmall"
ERROR - 2016-05-17 06:05:23 --> Could not find the language line "mynt_buy_youzan"
ERROR - 2016-05-17 06:06:06 --> Could not find the language line "mynt_buy_taobao"
ERROR - 2016-05-17 06:06:06 --> Could not find the language line "mynt_buy_tmall"
ERROR - 2016-05-17 06:06:06 --> Could not find the language line "mynt_buy_youzan"
ERROR - 2016-05-17 06:06:18 --> Could not find the language line "mynt_buy_taobao"
ERROR - 2016-05-17 06:06:18 --> Could not find the language line "mynt_buy_tmall"
ERROR - 2016-05-17 06:06:18 --> Could not find the language line "mynt_buy_youzan"
ERROR - 2016-05-17 06:06:28 --> Could not find the language line "mynt_buy_taobao"
ERROR - 2016-05-17 06:06:28 --> Could not find the language line "mynt_buy_tmall"
ERROR - 2016-05-17 06:06:28 --> Could not find the language line "mynt_buy_youzan"
ERROR - 2016-05-17 06:06:35 --> Could not find the language line "mynt_buy_taobao"
ERROR - 2016-05-17 06:06:35 --> Could not find the language line "mynt_buy_tmall"
ERROR - 2016-05-17 06:06:35 --> Could not find the language line "mynt_buy_youzan"
ERROR - 2016-05-17 06:06:41 --> Could not find the language line "mynt_buy_taobao"
ERROR - 2016-05-17 06:06:41 --> Could not find the language line "mynt_buy_tmall"
ERROR - 2016-05-17 06:06:41 --> Could not find the language line "mynt_buy_youzan"
ERROR - 2016-05-17 06:06:48 --> Could not find the language line "mynt_buy_taobao"
ERROR - 2016-05-17 06:06:48 --> Could not find the language line "mynt_buy_tmall"
ERROR - 2016-05-17 06:06:48 --> Could not find the language line "mynt_buy_youzan"
ERROR - 2016-05-17 06:06:58 --> Could not find the language line "mynt_buy_taobao"
ERROR - 2016-05-17 06:06:58 --> Could not find the language line "mynt_buy_tmall"
ERROR - 2016-05-17 06:06:58 --> Could not find the language line "mynt_buy_youzan"
ERROR - 2016-05-17 06:08:46 --> Could not find the language line "mynt_buy_taobao"
ERROR - 2016-05-17 06:08:46 --> Could not find the language line "mynt_buy_tmall"
ERROR - 2016-05-17 06:08:46 --> Could not find the language line "mynt_buy_youzan"
ERROR - 2016-05-17 06:09:00 --> Could not find the language line "mynt_buy_taobao"
ERROR - 2016-05-17 06:09:00 --> Could not find the language line "mynt_buy_tmall"
ERROR - 2016-05-17 06:09:00 --> Could not find the language line "mynt_buy_youzan"
ERROR - 2016-05-17 06:15:11 --> Could not find the language line "mynt_buy_taobao"
ERROR - 2016-05-17 06:15:11 --> Could not find the language line "mynt_buy_tmall"
ERROR - 2016-05-17 06:15:11 --> Could not find the language line "mynt_buy_youzan"
ERROR - 2016-05-17 06:15:46 --> Could not find the language line "mynt_buy_taobao"
ERROR - 2016-05-17 06:15:46 --> Could not find the language line "mynt_buy_tmall"
ERROR - 2016-05-17 06:15:46 --> Could not find the language line "mynt_buy_youzan"
ERROR - 2016-05-17 06:21:40 --> Could not find the language line "mynt_buy_taobao"
ERROR - 2016-05-17 06:21:40 --> Could not find the language line "mynt_buy_tmall"
ERROR - 2016-05-17 06:21:40 --> Could not find the language line "mynt_buy_youzan"
ERROR - 2016-05-17 06:21:40 --> Session: File 'ci_sessions/ci_session83969112ee7fc7c3bf96f0c6c5ac36026f0995c3' doesn't exist and cannot be created.
ERROR - 2016-05-17 06:21:46 --> Could not find the language line "mynt_buy_taobao"
ERROR - 2016-05-17 06:21:46 --> Could not find the language line "mynt_buy_tmall"
ERROR - 2016-05-17 06:21:46 --> Could not find the language line "mynt_buy_youzan"
ERROR - 2016-05-17 06:21:50 --> Could not find the language line "mynt_buy_taobao"
ERROR - 2016-05-17 06:21:50 --> Could not find the language line "mynt_buy_tmall"
ERROR - 2016-05-17 06:21:50 --> Could not find the language line "mynt_buy_youzan"
ERROR - 2016-05-17 06:21:50 --> Could not find the language line "mynt_icon_taobao"
ERROR - 2016-05-17 06:21:50 --> Could not find the language line "mynt_icon_tmall"
ERROR - 2016-05-17 06:21:50 --> Could not find the language line "mynt_icon_youzan"
ERROR - 2016-05-17 06:24:36 --> Could not find the language line "mynt_buy_taobao"
ERROR - 2016-05-17 06:24:36 --> Could not find the language line "mynt_buy_tmall"
ERROR - 2016-05-17 06:24:36 --> Could not find the language line "mynt_buy_youzan"
ERROR - 2016-05-17 06:24:36 --> Could not find the language line "mynt_icon_taobao"
ERROR - 2016-05-17 06:24:36 --> Could not find the language line "mynt_icon_tmall"
ERROR - 2016-05-17 06:24:36 --> Could not find the language line "mynt_icon_youzan"
ERROR - 2016-05-17 06:25:55 --> Could not find the language line "mynt_buy_taobao"
ERROR - 2016-05-17 06:25:55 --> Could not find the language line "mynt_buy_tmall"
ERROR - 2016-05-17 06:25:55 --> Could not find the language line "mynt_buy_youzan"
ERROR - 2016-05-17 06:25:55 --> Could not find the language line "mynt_icon_taobao"
ERROR - 2016-05-17 06:25:55 --> Could not find the language line "mynt_icon_tmall"
ERROR - 2016-05-17 06:25:55 --> Could not find the language line "mynt_icon_youzan"
ERROR - 2016-05-17 06:34:58 --> Could not find the language line "mynt_buy_taobao"
ERROR - 2016-05-17 06:34:58 --> Could not find the language line "mynt_buy_tmall"
ERROR - 2016-05-17 06:34:58 --> Could not find the language line "mynt_buy_youzan"
ERROR - 2016-05-17 06:34:58 --> Could not find the language line "mynt_icon_taobao"
ERROR - 2016-05-17 06:34:58 --> Could not find the language line "mynt_icon_tmall"
ERROR - 2016-05-17 06:34:58 --> Could not find the language line "mynt_icon_youzan"
ERROR - 2016-05-17 06:36:18 --> Could not find the language line "mynt_buy_taobao"
ERROR - 2016-05-17 06:36:18 --> Could not find the language line "mynt_buy_tmall"
ERROR - 2016-05-17 06:36:18 --> Could not find the language line "mynt_buy_youzan"
ERROR - 2016-05-17 06:36:18 --> Could not find the language line "mynt_icon_taobao"
ERROR - 2016-05-17 06:36:18 --> Could not find the language line "mynt_icon_tmall"
ERROR - 2016-05-17 06:36:18 --> Could not find the language line "mynt_icon_youzan"
ERROR - 2016-05-17 06:37:45 --> Could not find the language line "mynt_buy_taobao"
ERROR - 2016-05-17 06:37:45 --> Could not find the language line "mynt_buy_tmall"
ERROR - 2016-05-17 06:37:45 --> Could not find the language line "mynt_buy_youzan"
ERROR - 2016-05-17 06:37:53 --> Could not find the language line "mynt_buy_taobao"
ERROR - 2016-05-17 06:37:53 --> Could not find the language line "mynt_buy_tmall"
ERROR - 2016-05-17 06:37:53 --> Could not find the language line "mynt_buy_youzan"
ERROR - 2016-05-17 06:37:53 --> Could not find the language line "mynt_icon_taobao"
ERROR - 2016-05-17 06:37:53 --> Could not find the language line "mynt_icon_tmall"
ERROR - 2016-05-17 06:37:53 --> Could not find the language line "mynt_icon_youzan"
ERROR - 2016-05-17 06:38:10 --> Could not find the language line "mynt_buy_taobao"
ERROR - 2016-05-17 06:38:10 --> Could not find the language line "mynt_buy_tmall"
ERROR - 2016-05-17 06:38:10 --> Could not find the language line "mynt_buy_youzan"
ERROR - 2016-05-17 06:38:13 --> Could not find the language line "mynt_buy_taobao"
ERROR - 2016-05-17 06:38:13 --> Could not find the language line "mynt_buy_tmall"
ERROR - 2016-05-17 06:38:13 --> Could not find the language line "mynt_buy_youzan"
ERROR - 2016-05-17 06:38:15 --> Could not find the language line "mynt_buy_taobao"
ERROR - 2016-05-17 06:38:15 --> Could not find the language line "mynt_buy_tmall"
ERROR - 2016-05-17 06:38:15 --> Could not find the language line "mynt_buy_youzan"
ERROR - 2016-05-17 06:38:15 --> Could not find the language line "mynt_icon_taobao"
ERROR - 2016-05-17 06:38:15 --> Could not find the language line "mynt_icon_tmall"
ERROR - 2016-05-17 06:38:15 --> Could not find the language line "mynt_icon_youzan"
ERROR - 2016-05-17 06:39:32 --> Could not find the language line "mynt_buy_taobao"
ERROR - 2016-05-17 06:39:32 --> Could not find the language line "mynt_buy_tmall"
ERROR - 2016-05-17 06:39:32 --> Could not find the language line "mynt_buy_youzan"
ERROR - 2016-05-17 06:39:32 --> Could not find the language line "mynt_icon_taobao"
ERROR - 2016-05-17 06:39:32 --> Could not find the language line "mynt_icon_tmall"
ERROR - 2016-05-17 06:39:32 --> Could not find the language line "mynt_icon_youzan"
ERROR - 2016-05-17 06:40:29 --> Could not find the language line "mynt_buy_taobao"
ERROR - 2016-05-17 06:40:29 --> Could not find the language line "mynt_buy_tmall"
ERROR - 2016-05-17 06:40:29 --> Could not find the language line "mynt_buy_youzan"
ERROR - 2016-05-17 06:40:29 --> Could not find the language line "mynt_icon_taobao"
ERROR - 2016-05-17 06:40:29 --> Could not find the language line "mynt_icon_tmall"
ERROR - 2016-05-17 06:40:29 --> Could not find the language line "mynt_icon_youzan"
ERROR - 2016-05-17 06:40:29 --> Session: File 'ci_sessions/ci_session72cc3185f2da2c8aea542e9e5d921369a8725ec0' doesn't exist and cannot be created.
ERROR - 2016-05-17 06:41:33 --> Could not find the language line "mynt_buy_taobao"
ERROR - 2016-05-17 06:41:33 --> Could not find the language line "mynt_buy_tmall"
ERROR - 2016-05-17 06:41:33 --> Could not find the language line "mynt_buy_youzan"
ERROR - 2016-05-17 06:41:33 --> Could not find the language line "mynt_icon_taobao"
ERROR - 2016-05-17 06:41:33 --> Could not find the language line "mynt_icon_tmall"
ERROR - 2016-05-17 06:41:33 --> Could not find the language line "mynt_icon_youzan"
ERROR - 2016-05-17 06:44:00 --> Could not find the language line "mynt_buy_taobao"
ERROR - 2016-05-17 06:44:00 --> Could not find the language line "mynt_buy_tmall"
ERROR - 2016-05-17 06:44:00 --> Could not find the language line "mynt_buy_youzan"
ERROR - 2016-05-17 06:44:00 --> Could not find the language line "mynt_icon_taobao"
ERROR - 2016-05-17 06:44:00 --> Could not find the language line "mynt_icon_tmall"
ERROR - 2016-05-17 06:44:00 --> Could not find the language line "mynt_icon_youzan"
ERROR - 2016-05-17 06:45:13 --> Could not find the language line "mynt_buy_taobao"
ERROR - 2016-05-17 06:45:13 --> Could not find the language line "mynt_buy_tmall"
ERROR - 2016-05-17 06:45:13 --> Could not find the language line "mynt_buy_youzan"
ERROR - 2016-05-17 06:45:13 --> Could not find the language line "mynt_icon_taobao"
ERROR - 2016-05-17 06:45:13 --> Could not find the language line "mynt_icon_tmall"
ERROR - 2016-05-17 06:45:13 --> Could not find the language line "mynt_icon_youzan"
ERROR - 2016-05-17 06:48:23 --> Could not find the language line "mynt_buy_taobao"
ERROR - 2016-05-17 06:48:23 --> Could not find the language line "mynt_buy_tmall"
ERROR - 2016-05-17 06:48:23 --> Could not find the language line "mynt_buy_youzan"
ERROR - 2016-05-17 06:48:23 --> Session: File 'ci_sessions/ci_sessionc5d9c4a2b4164d509714ae41da6230473b4179ae' doesn't exist and cannot be created.
ERROR - 2016-05-17 06:48:23 --> Could not find the language line "mynt_buy_taobao"
ERROR - 2016-05-17 06:48:23 --> Could not find the language line "mynt_buy_tmall"
ERROR - 2016-05-17 06:48:23 --> Could not find the language line "mynt_buy_youzan"
ERROR - 2016-05-17 06:48:23 --> Could not find the language line "mynt_icon_taobao"
ERROR - 2016-05-17 06:48:23 --> Could not find the language line "mynt_icon_tmall"
ERROR - 2016-05-17 06:48:23 --> Could not find the language line "mynt_icon_youzan"
ERROR - 2016-05-17 06:51:09 --> Could not find the language line "mynt_buy_taobao"
ERROR - 2016-05-17 06:51:09 --> Could not find the language line "mynt_buy_tmall"
ERROR - 2016-05-17 06:51:09 --> Could not find the language line "mynt_buy_youzan"
ERROR - 2016-05-17 06:51:09 --> Could not find the language line "mynt_icon_taobao"
ERROR - 2016-05-17 06:51:09 --> Could not find the language line "mynt_icon_tmall"
ERROR - 2016-05-17 06:51:09 --> Could not find the language line "mynt_icon_youzan"
ERROR - 2016-05-17 06:51:24 --> Could not find the language line "mynt_buy_taobao"
ERROR - 2016-05-17 06:51:24 --> Could not find the language line "mynt_buy_tmall"
ERROR - 2016-05-17 06:51:24 --> Could not find the language line "mynt_buy_youzan"
ERROR - 2016-05-17 06:51:24 --> Could not find the language line "mynt_icon_taobao"
ERROR - 2016-05-17 06:51:24 --> Could not find the language line "mynt_icon_tmall"
ERROR - 2016-05-17 06:51:24 --> Could not find the language line "mynt_icon_youzan"
ERROR - 2016-05-17 06:51:36 --> Could not find the language line "mynt_buy_taobao"
ERROR - 2016-05-17 06:51:36 --> Could not find the language line "mynt_buy_tmall"
ERROR - 2016-05-17 06:51:36 --> Could not find the language line "mynt_buy_youzan"
ERROR - 2016-05-17 06:51:36 --> Could not find the language line "mynt_icon_taobao"
ERROR - 2016-05-17 06:51:36 --> Could not find the language line "mynt_icon_tmall"
ERROR - 2016-05-17 06:51:36 --> Could not find the language line "mynt_icon_youzan"
ERROR - 2016-05-17 06:52:54 --> Could not find the language line "mynt_buy_taobao"
ERROR - 2016-05-17 06:52:54 --> Could not find the language line "mynt_buy_tmall"
ERROR - 2016-05-17 06:52:54 --> Could not find the language line "mynt_buy_youzan"
ERROR - 2016-05-17 06:52:54 --> Could not find the language line "mynt_icon_taobao"
ERROR - 2016-05-17 06:52:54 --> Could not find the language line "mynt_icon_tmall"
ERROR - 2016-05-17 06:52:54 --> Could not find the language line "mynt_icon_youzan"
ERROR - 2016-05-17 06:54:29 --> Could not find the language line "mynt_buy_taobao"
ERROR - 2016-05-17 06:54:29 --> Could not find the language line "mynt_buy_tmall"
ERROR - 2016-05-17 06:54:29 --> Could not find the language line "mynt_buy_youzan"
ERROR - 2016-05-17 06:54:29 --> Could not find the language line "mynt_icon_taobao"
ERROR - 2016-05-17 06:54:29 --> Could not find the language line "mynt_icon_tmall"
ERROR - 2016-05-17 06:54:29 --> Could not find the language line "mynt_icon_youzan"
ERROR - 2016-05-17 06:55:34 --> Could not find the language line "mynt_buy_taobao"
ERROR - 2016-05-17 06:55:34 --> Could not find the language line "mynt_buy_tmall"
ERROR - 2016-05-17 06:55:34 --> Could not find the language line "mynt_buy_youzan"
ERROR - 2016-05-17 06:55:34 --> Could not find the language line "mynt_icon_taobao"
ERROR - 2016-05-17 06:55:34 --> Could not find the language line "mynt_icon_tmall"
ERROR - 2016-05-17 06:55:34 --> Could not find the language line "mynt_icon_youzan"
ERROR - 2016-05-17 06:56:04 --> Could not find the language line "mynt_buy_taobao"
ERROR - 2016-05-17 06:56:04 --> Could not find the language line "mynt_buy_tmall"
ERROR - 2016-05-17 06:56:04 --> Could not find the language line "mynt_buy_youzan"
ERROR - 2016-05-17 06:56:04 --> Could not find the language line "mynt_icon_taobao"
ERROR - 2016-05-17 06:56:04 --> Could not find the language line "mynt_icon_tmall"
ERROR - 2016-05-17 06:56:04 --> Could not find the language line "mynt_icon_youzan"
ERROR - 2016-05-17 06:56:49 --> Could not find the language line "mynt_buy_taobao"
ERROR - 2016-05-17 06:56:49 --> Could not find the language line "mynt_buy_tmall"
ERROR - 2016-05-17 06:56:49 --> Could not find the language line "mynt_buy_youzan"
ERROR - 2016-05-17 06:56:49 --> Could not find the language line "mynt_icon_taobao"
ERROR - 2016-05-17 06:56:49 --> Could not find the language line "mynt_icon_tmall"
ERROR - 2016-05-17 06:56:49 --> Could not find the language line "mynt_icon_youzan"
ERROR - 2016-05-17 06:57:15 --> Could not find the language line "mynt_buy_taobao"
ERROR - 2016-05-17 06:57:15 --> Could not find the language line "mynt_buy_tmall"
ERROR - 2016-05-17 06:57:15 --> Could not find the language line "mynt_buy_youzan"
ERROR - 2016-05-17 06:57:16 --> Could not find the language line "mynt_buy_taobao"
ERROR - 2016-05-17 06:57:16 --> Could not find the language line "mynt_buy_tmall"
ERROR - 2016-05-17 06:57:16 --> Could not find the language line "mynt_buy_youzan"
ERROR - 2016-05-17 06:57:16 --> Could not find the language line "mynt_icon_taobao"
ERROR - 2016-05-17 06:57:16 --> Could not find the language line "mynt_icon_tmall"
ERROR - 2016-05-17 06:57:16 --> Could not find the language line "mynt_icon_youzan"
ERROR - 2016-05-17 06:57:20 --> Could not find the language line "mynt_buy_taobao"
ERROR - 2016-05-17 06:57:20 --> Could not find the language line "mynt_buy_tmall"
ERROR - 2016-05-17 06:57:20 --> Could not find the language line "mynt_buy_youzan"
ERROR - 2016-05-17 06:57:20 --> Could not find the language line "mynt_icon_taobao"
ERROR - 2016-05-17 06:57:20 --> Could not find the language line "mynt_icon_tmall"
ERROR - 2016-05-17 06:57:20 --> Could not find the language line "mynt_icon_youzan"
ERROR - 2016-05-17 06:57:50 --> Could not find the language line "mynt_buy_taobao"
ERROR - 2016-05-17 06:57:50 --> Could not find the language line "mynt_buy_tmall"
ERROR - 2016-05-17 06:57:50 --> Could not find the language line "mynt_buy_youzan"
ERROR - 2016-05-17 06:57:50 --> Could not find the language line "mynt_icon_taobao"
ERROR - 2016-05-17 06:57:50 --> Could not find the language line "mynt_icon_tmall"
ERROR - 2016-05-17 06:57:50 --> Could not find the language line "mynt_icon_youzan"
ERROR - 2016-05-17 07:08:08 --> Could not find the language line "mynt_buy_taobao"
ERROR - 2016-05-17 07:08:08 --> Could not find the language line "mynt_buy_tmall"
ERROR - 2016-05-17 07:08:08 --> Could not find the language line "mynt_buy_youzan"
ERROR - 2016-05-17 07:08:08 --> Could not find the language line "mynt_icon_taobao"
ERROR - 2016-05-17 07:08:08 --> Could not find the language line "mynt_icon_tmall"
ERROR - 2016-05-17 07:08:08 --> Could not find the language line "mynt_icon_youzan"
ERROR - 2016-05-17 07:11:14 --> Could not find the language line "mynt_buy_taobao"
ERROR - 2016-05-17 07:11:14 --> Could not find the language line "mynt_buy_tmall"
ERROR - 2016-05-17 07:11:14 --> Could not find the language line "mynt_buy_youzan"
ERROR - 2016-05-17 07:11:14 --> Could not find the language line "mynt_icon_taobao"
ERROR - 2016-05-17 07:11:14 --> Could not find the language line "mynt_icon_tmall"
ERROR - 2016-05-17 07:11:14 --> Could not find the language line "mynt_icon_youzan"
ERROR - 2016-05-17 07:11:19 --> Could not find the language line "mynt_buy_taobao"
ERROR - 2016-05-17 07:11:19 --> Could not find the language line "mynt_buy_tmall"
ERROR - 2016-05-17 07:11:19 --> Could not find the language line "mynt_buy_youzan"
ERROR - 2016-05-17 07:11:21 --> Could not find the language line "mynt_buy_taobao"
ERROR - 2016-05-17 07:11:21 --> Could not find the language line "mynt_buy_tmall"
ERROR - 2016-05-17 07:11:21 --> Could not find the language line "mynt_buy_youzan"
ERROR - 2016-05-17 07:11:21 --> Could not find the language line "mynt_icon_taobao"
ERROR - 2016-05-17 07:11:21 --> Could not find the language line "mynt_icon_tmall"
ERROR - 2016-05-17 07:11:21 --> Could not find the language line "mynt_icon_youzan"
ERROR - 2016-05-17 07:11:59 --> Could not find the language line "mynt_buy_taobao"
ERROR - 2016-05-17 07:11:59 --> Could not find the language line "mynt_buy_tmall"
ERROR - 2016-05-17 07:11:59 --> Could not find the language line "mynt_buy_youzan"
ERROR - 2016-05-17 07:11:59 --> Could not find the language line "mynt_icon_taobao"
ERROR - 2016-05-17 07:11:59 --> Could not find the language line "mynt_icon_tmall"
ERROR - 2016-05-17 07:11:59 --> Could not find the language line "mynt_icon_youzan"
ERROR - 2016-05-17 07:13:32 --> Could not find the language line "mynt_buy_taobao"
ERROR - 2016-05-17 07:13:32 --> Could not find the language line "mynt_buy_tmall"
ERROR - 2016-05-17 07:13:32 --> Could not find the language line "mynt_buy_youzan"
ERROR - 2016-05-17 07:14:16 --> Could not find the language line "mynt_buy_taobao"
ERROR - 2016-05-17 07:14:16 --> Could not find the language line "mynt_buy_tmall"
ERROR - 2016-05-17 07:14:16 --> Could not find the language line "mynt_buy_youzan"
ERROR - 2016-05-17 07:14:16 --> Session: File 'ci_sessions/ci_session67f2c6bedcc217bba267aa7616963c3af41eb30d' doesn't exist and cannot be created.
ERROR - 2016-05-17 07:14:31 --> Could not find the language line "mynt_buy_taobao"
ERROR - 2016-05-17 07:14:31 --> Could not find the language line "mynt_buy_tmall"
ERROR - 2016-05-17 07:14:31 --> Could not find the language line "mynt_buy_youzan"
ERROR - 2016-05-17 07:17:18 --> Could not find the language line "mynt_buy_taobao"
ERROR - 2016-05-17 07:17:18 --> Could not find the language line "mynt_buy_tmall"
ERROR - 2016-05-17 07:17:18 --> Could not find the language line "mynt_buy_youzan"
ERROR - 2016-05-17 07:18:32 --> Could not find the language line "mynt_buy_taobao"
ERROR - 2016-05-17 07:18:32 --> Could not find the language line "mynt_buy_tmall"
ERROR - 2016-05-17 07:18:32 --> Could not find the language line "mynt_buy_youzan"
ERROR - 2016-05-17 07:19:10 --> Could not find the language line "mynt_buy_taobao"
ERROR - 2016-05-17 07:19:10 --> Could not find the language line "mynt_buy_tmall"
ERROR - 2016-05-17 07:19:10 --> Could not find the language line "mynt_buy_youzan"
ERROR - 2016-05-17 07:20:51 --> Could not find the language line "mynt_buy_taobao"
ERROR - 2016-05-17 07:20:51 --> Could not find the language line "mynt_buy_tmall"
ERROR - 2016-05-17 07:20:51 --> Could not find the language line "mynt_buy_youzan"
ERROR - 2016-05-17 07:21:41 --> Could not find the language line "mynt_buy_taobao"
ERROR - 2016-05-17 07:21:41 --> Could not find the language line "mynt_buy_tmall"
ERROR - 2016-05-17 07:21:41 --> Could not find the language line "mynt_buy_youzan"
ERROR - 2016-05-17 07:22:06 --> Could not find the language line "mynt_buy_taobao"
ERROR - 2016-05-17 07:22:06 --> Could not find the language line "mynt_buy_tmall"
ERROR - 2016-05-17 07:22:06 --> Could not find the language line "mynt_buy_youzan"
ERROR - 2016-05-17 07:25:29 --> Could not find the language line "mynt_buy_taobao"
ERROR - 2016-05-17 07:25:29 --> Could not find the language line "mynt_buy_tmall"
ERROR - 2016-05-17 07:25:29 --> Could not find the language line "mynt_buy_youzan"
ERROR - 2016-05-17 07:26:35 --> Could not find the language line "mynt_buy_taobao"
ERROR - 2016-05-17 07:26:35 --> Could not find the language line "mynt_buy_tmall"
ERROR - 2016-05-17 07:26:35 --> Could not find the language line "mynt_buy_youzan"
ERROR - 2016-05-17 07:27:13 --> Could not find the language line "mynt_buy_taobao"
ERROR - 2016-05-17 07:27:13 --> Could not find the language line "mynt_buy_tmall"
ERROR - 2016-05-17 07:27:13 --> Could not find the language line "mynt_buy_youzan"
ERROR - 2016-05-17 07:32:28 --> Could not find the language line "mynt_buy_taobao"
ERROR - 2016-05-17 07:32:28 --> Could not find the language line "mynt_buy_tmall"
ERROR - 2016-05-17 07:32:28 --> Could not find the language line "mynt_buy_youzan"
ERROR - 2016-05-17 07:32:28 --> Session: File 'ci_sessions/ci_sessionc582593a780f579ae442d14ed4dd0e6092b8e66c' doesn't exist and cannot be created.
ERROR - 2016-05-17 07:32:44 --> Could not find the language line "mynt_buy_taobao"
ERROR - 2016-05-17 07:32:44 --> Could not find the language line "mynt_buy_tmall"
ERROR - 2016-05-17 07:32:44 --> Could not find the language line "mynt_buy_youzan"
ERROR - 2016-05-17 07:36:01 --> Could not find the language line "mynt_buy_taobao"
ERROR - 2016-05-17 07:36:01 --> Could not find the language line "mynt_buy_tmall"
ERROR - 2016-05-17 07:36:01 --> Could not find the language line "mynt_buy_youzan"
ERROR - 2016-05-17 09:56:32 --> Could not find the language line "mynt_buy_taobao"
ERROR - 2016-05-17 09:56:32 --> Could not find the language line "mynt_buy_tmall"
ERROR - 2016-05-17 09:56:32 --> Could not find the language line "mynt_buy_youzan"
ERROR - 2016-05-17 09:57:08 --> Could not find the language line "mynt_buy_taobao"
ERROR - 2016-05-17 09:57:08 --> Could not find the language line "mynt_buy_tmall"
ERROR - 2016-05-17 09:57:08 --> Could not find the language line "mynt_buy_youzan"
ERROR - 2016-05-17 09:57:09 --> Could not find the language line "mynt_buy_taobao"
ERROR - 2016-05-17 09:57:09 --> Could not find the language line "mynt_buy_tmall"
ERROR - 2016-05-17 09:57:09 --> Could not find the language line "mynt_buy_youzan"
ERROR - 2016-05-17 12:37:25 --> Could not find the language line "mynt_buy_taobao"
ERROR - 2016-05-17 12:37:25 --> Could not find the language line "mynt_buy_tmall"
ERROR - 2016-05-17 12:37:25 --> Could not find the language line "mynt_buy_youzan"
ERROR - 2016-05-17 12:56:15 --> Could not find the language line "mynt_buy_taobao"
ERROR - 2016-05-17 12:56:15 --> Could not find the language line "mynt_buy_tmall"
ERROR - 2016-05-17 12:56:15 --> Could not find the language line "mynt_buy_youzan"
ERROR - 2016-05-17 12:57:34 --> Could not find the language line "mynt_buy_taobao"
ERROR - 2016-05-17 12:57:34 --> Could not find the language line "mynt_buy_tmall"
ERROR - 2016-05-17 12:57:34 --> Could not find the language line "mynt_buy_youzan"
ERROR - 2016-05-17 13:08:45 --> Could not find the language line "mynt_buy_taobao"
ERROR - 2016-05-17 13:08:45 --> Could not find the language line "mynt_buy_tmall"
ERROR - 2016-05-17 13:08:45 --> Could not find the language line "mynt_buy_youzan"
ERROR - 2016-05-17 13:08:45 --> Session: File 'ci_sessions/ci_session342b93b1930f54cb4e79944812f891d737e0f96c' doesn't exist and cannot be created.
ERROR - 2016-05-17 13:11:25 --> Could not find the language line "mynt_buy_taobao"
ERROR - 2016-05-17 13:11:25 --> Could not find the language line "mynt_buy_tmall"
ERROR - 2016-05-17 13:11:25 --> Could not find the language line "mynt_buy_youzan"
ERROR - 2016-05-17 13:11:47 --> Could not find the language line "mynt_buy_taobao"
ERROR - 2016-05-17 13:11:47 --> Could not find the language line "mynt_buy_tmall"
ERROR - 2016-05-17 13:11:47 --> Could not find the language line "mynt_buy_youzan"
ERROR - 2016-05-17 13:12:07 --> Could not find the language line "mynt_buy_taobao"
ERROR - 2016-05-17 13:12:07 --> Could not find the language line "mynt_buy_tmall"
ERROR - 2016-05-17 13:12:07 --> Could not find the language line "mynt_buy_youzan"
ERROR - 2016-05-17 13:12:13 --> Could not find the language line "mynt_buy_taobao"
ERROR - 2016-05-17 13:12:13 --> Could not find the language line "mynt_buy_tmall"
ERROR - 2016-05-17 13:12:13 --> Could not find the language line "mynt_buy_youzan"
ERROR - 2016-05-17 13:20:18 --> Could not find the language line "mynt_buy_taobao"
ERROR - 2016-05-17 13:20:18 --> Could not find the language line "mynt_buy_tmall"
ERROR - 2016-05-17 13:20:18 --> Could not find the language line "mynt_buy_youzan"
ERROR - 2016-05-17 13:23:04 --> Could not find the language line "mynt_buy_taobao"
ERROR - 2016-05-17 13:23:04 --> Could not find the language line "mynt_buy_tmall"
ERROR - 2016-05-17 13:23:04 --> Could not find the language line "mynt_buy_youzan"
ERROR - 2016-05-17 13:23:27 --> Could not find the language line "mynt_buy_taobao"
ERROR - 2016-05-17 13:23:27 --> Could not find the language line "mynt_buy_tmall"
ERROR - 2016-05-17 13:23:27 --> Could not find the language line "mynt_buy_youzan"
ERROR - 2016-05-17 13:29:37 --> Could not find the language line "mynt_buy_taobao"
ERROR - 2016-05-17 13:29:37 --> Could not find the language line "mynt_buy_tmall"
ERROR - 2016-05-17 13:29:37 --> Could not find the language line "mynt_buy_youzan"
ERROR - 2016-05-17 13:29:37 --> Session: File 'ci_sessions/ci_session0033eb217dbfc2cd78ece049dd85eb54eb40228b' doesn't exist and cannot be created.
ERROR - 2016-05-17 13:29:58 --> Could not find the language line "mynt_buy_taobao"
ERROR - 2016-05-17 13:29:58 --> Could not find the language line "mynt_buy_tmall"
ERROR - 2016-05-17 13:29:58 --> Could not find the language line "mynt_buy_youzan"
ERROR - 2016-05-17 13:31:35 --> Could not find the language line "mynt_buy_taobao"
ERROR - 2016-05-17 13:31:35 --> Could not find the language line "mynt_buy_tmall"
ERROR - 2016-05-17 13:31:35 --> Could not find the language line "mynt_buy_youzan"
ERROR - 2016-05-17 13:31:35 --> Could not find the language line "mynt_icon_taobao"
ERROR - 2016-05-17 13:31:35 --> Could not find the language line "mynt_icon_tmall"
ERROR - 2016-05-17 13:31:35 --> Could not find the language line "mynt_icon_youzan"
ERROR - 2016-05-17 13:35:39 --> Could not find the language line "mynt_buy_taobao"
ERROR - 2016-05-17 13:35:39 --> Could not find the language line "mynt_buy_tmall"
ERROR - 2016-05-17 13:35:39 --> Could not find the language line "mynt_buy_youzan"
ERROR - 2016-05-17 13:35:39 --> Could not find the language line "mynt_icon_taobao"
ERROR - 2016-05-17 13:35:39 --> Could not find the language line "mynt_icon_tmall"
ERROR - 2016-05-17 13:35:39 --> Could not find the language line "mynt_icon_youzan"
ERROR - 2016-05-17 13:35:39 --> Session: File 'ci_sessions/ci_sessione9c6000cd7b1fcefa44a47a4c9a361e242b0527e' doesn't exist and cannot be created.
ERROR - 2016-05-17 13:37:30 --> Could not find the language line "mynt_buy_taobao"
ERROR - 2016-05-17 13:37:30 --> Could not find the language line "mynt_buy_tmall"
ERROR - 2016-05-17 13:37:30 --> Could not find the language line "mynt_buy_youzan"
ERROR - 2016-05-17 14:45:35 --> Could not find the language line "mynt_buy_taobao"
ERROR - 2016-05-17 14:45:35 --> Could not find the language line "mynt_buy_tmall"
ERROR - 2016-05-17 14:45:35 --> Could not find the language line "mynt_buy_youzan"
ERROR - 2016-05-17 14:46:35 --> Could not find the language line "mynt_buy_taobao"
ERROR - 2016-05-17 14:46:35 --> Could not find the language line "mynt_buy_tmall"
ERROR - 2016-05-17 14:46:35 --> Could not find the language line "mynt_buy_youzan"
ERROR - 2016-05-17 14:49:22 --> Could not find the language line "mynt_buy_taobao"
ERROR - 2016-05-17 14:49:22 --> Could not find the language line "mynt_buy_tmall"
ERROR - 2016-05-17 14:49:22 --> Could not find the language line "mynt_buy_youzan"
ERROR - 2016-05-17 14:58:38 --> Could not find the language line "mynt_buy_taobao"
ERROR - 2016-05-17 14:58:38 --> Could not find the language line "mynt_buy_tmall"
ERROR - 2016-05-17 14:58:38 --> Could not find the language line "mynt_buy_youzan"
ERROR - 2016-05-17 14:58:38 --> Session: File 'ci_sessions/ci_sessionf60258d7c40d0466397e1bb03f22791bb382f87e' doesn't exist and cannot be created.
ERROR - 2016-05-17 15:00:05 --> Could not find the language line "mynt_buy_taobao"
ERROR - 2016-05-17 15:00:05 --> Could not find the language line "mynt_buy_tmall"
ERROR - 2016-05-17 15:00:05 --> Could not find the language line "mynt_buy_youzan"
ERROR - 2016-05-17 15:00:05 --> Could not find the language line "mynt_icon_taobao"
ERROR - 2016-05-17 15:00:05 --> Could not find the language line "mynt_icon_tmall"
ERROR - 2016-05-17 15:00:05 --> Could not find the language line "mynt_icon_youzan"
ERROR - 2016-05-17 15:03:11 --> Could not find the language line "mynt_buy_taobao"
ERROR - 2016-05-17 15:03:11 --> Could not find the language line "mynt_buy_tmall"
ERROR - 2016-05-17 15:03:11 --> Could not find the language line "mynt_buy_youzan"
ERROR - 2016-05-17 15:03:11 --> Could not find the language line "mynt_icon_taobao"
ERROR - 2016-05-17 15:03:11 --> Could not find the language line "mynt_icon_tmall"
ERROR - 2016-05-17 15:03:11 --> Could not find the language line "mynt_icon_youzan"
ERROR - 2016-05-17 15:06:10 --> Could not find the language line "mynt_buy_taobao"
ERROR - 2016-05-17 15:06:10 --> Could not find the language line "mynt_buy_tmall"
ERROR - 2016-05-17 15:06:10 --> Could not find the language line "mynt_buy_youzan"
ERROR - 2016-05-17 15:06:10 --> Could not find the language line "mynt_icon_taobao"
ERROR - 2016-05-17 15:06:10 --> Could not find the language line "mynt_icon_tmall"
ERROR - 2016-05-17 15:06:10 --> Could not find the language line "mynt_icon_youzan"
ERROR - 2016-05-17 15:06:10 --> Session: File 'ci_sessions/ci_sessionc86cf59cdbb0ec35c44ab0b52e6b6da3b402cce1' doesn't exist and cannot be created.
ERROR - 2016-05-17 15:07:17 --> Could not find the language line "mynt_buy_taobao"
ERROR - 2016-05-17 15:07:17 --> Could not find the language line "mynt_buy_tmall"
ERROR - 2016-05-17 15:07:17 --> Could not find the language line "mynt_buy_youzan"
ERROR - 2016-05-17 15:10:37 --> Could not find the language line "mynt_buy_taobao"
ERROR - 2016-05-17 15:10:37 --> Could not find the language line "mynt_buy_tmall"
ERROR - 2016-05-17 15:10:37 --> Could not find the language line "mynt_buy_youzan"
ERROR - 2016-05-17 15:12:50 --> Could not find the language line "mynt_buy_taobao"
ERROR - 2016-05-17 15:12:50 --> Could not find the language line "mynt_buy_tmall"
ERROR - 2016-05-17 15:12:50 --> Could not find the language line "mynt_buy_youzan"
ERROR - 2016-05-17 15:13:41 --> Could not find the language line "mynt_buy_taobao"
ERROR - 2016-05-17 15:13:41 --> Could not find the language line "mynt_buy_tmall"
ERROR - 2016-05-17 15:13:41 --> Could not find the language line "mynt_buy_youzan"
ERROR - 2016-05-17 15:14:48 --> Could not find the language line "mynt_buy_taobao"
ERROR - 2016-05-17 15:14:48 --> Could not find the language line "mynt_buy_tmall"
ERROR - 2016-05-17 15:14:48 --> Could not find the language line "mynt_buy_youzan"
ERROR - 2016-05-17 15:15:58 --> Could not find the language line "mynt_buy_taobao"
ERROR - 2016-05-17 15:15:58 --> Could not find the language line "mynt_buy_tmall"
ERROR - 2016-05-17 15:15:58 --> Could not find the language line "mynt_buy_youzan"
ERROR - 2016-05-17 15:16:41 --> Could not find the language line "mynt_buy_taobao"
ERROR - 2016-05-17 15:16:41 --> Could not find the language line "mynt_buy_tmall"
ERROR - 2016-05-17 15:16:41 --> Could not find the language line "mynt_buy_youzan"
ERROR - 2016-05-17 15:20:47 --> Could not find the language line "mynt_buy_taobao"
ERROR - 2016-05-17 15:20:47 --> Could not find the language line "mynt_buy_tmall"
ERROR - 2016-05-17 15:20:47 --> Could not find the language line "mynt_buy_youzan"
ERROR - 2016-05-17 15:20:47 --> Session: File 'ci_sessions/ci_session52c8b44f8f3c4a8553619fb47e97ab5042f983a7' doesn't exist and cannot be created.
ERROR - 2016-05-17 15:21:22 --> Could not find the language line "mynt_buy_taobao"
ERROR - 2016-05-17 15:21:22 --> Could not find the language line "mynt_buy_tmall"
ERROR - 2016-05-17 15:21:22 --> Could not find the language line "mynt_buy_youzan"
