ERROR - 2017-09-05 02:28:56 --> Could not find the language line "mynt_buy_amazon"
ERROR - 2017-09-05 02:28:56 --> Could not find the language line "about_keywords"
ERROR - 2017-09-05 02:28:56 --> Could not find the language line "about_company"
ERROR - 2017-09-05 06:04:25 --> Could not find the language line "mynt_buy_amazon"
ERROR - 2017-09-05 06:04:25 --> Could not find the language line "about_keywords"
ERROR - 2017-09-05 06:04:25 --> Could not find the language line "about_company"
ERROR - 2017-09-05 06:08:22 --> Could not find the language line "mynt_buy_amazon"
ERROR - 2017-09-05 06:08:22 --> Could not find the language line "about_keywords"
ERROR - 2017-09-05 06:08:22 --> Could not find the language line "about_company"
ERROR - 2017-09-05 06:10:48 --> Could not find the language line "mynt_buy_amazon"
ERROR - 2017-09-05 06:10:48 --> Could not find the language line "about_keywords"
ERROR - 2017-09-05 06:10:48 --> Could not find the language line "about_company"
ERROR - 2017-09-05 06:11:09 --> Could not find the language line "mynt_buy_amazon"
ERROR - 2017-09-05 06:11:09 --> Could not find the language line "about_keywords"
ERROR - 2017-09-05 06:11:09 --> Could not find the language line "about_company"
ERROR - 2017-09-05 06:11:35 --> Could not find the language line "mynt_buy_amazon"
ERROR - 2017-09-05 06:11:35 --> Could not find the language line "about_keywords"
ERROR - 2017-09-05 06:11:35 --> Could not find the language line "about_company"
ERROR - 2017-09-05 06:11:45 --> Could not find the language line "mynt_buy_amazon"
ERROR - 2017-09-05 06:11:45 --> Could not find the language line "about_keywords"
ERROR - 2017-09-05 06:11:45 --> Could not find the language line "about_company"
ERROR - 2017-09-05 06:12:24 --> Could not find the language line "mynt_buy_amazon"
ERROR - 2017-09-05 06:12:24 --> Could not find the language line "about_keywords"
ERROR - 2017-09-05 06:12:24 --> Could not find the language line "about_company"
ERROR - 2017-09-05 06:12:36 --> Could not find the language line "mynt_buy_amazon"
ERROR - 2017-09-05 06:12:36 --> Could not find the language line "about_keywords"
ERROR - 2017-09-05 06:12:36 --> Could not find the language line "about_company"
ERROR - 2017-09-05 06:14:21 --> Could not find the language line "mynt_buy_amazon"
ERROR - 2017-09-05 06:14:21 --> Could not find the language line "about_keywords"
ERROR - 2017-09-05 06:14:21 --> Could not find the language line "about_company"
ERROR - 2017-09-05 06:15:17 --> Could not find the language line "mynt_buy_amazon"
ERROR - 2017-09-05 06:15:17 --> Could not find the language line "about_keywords"
ERROR - 2017-09-05 06:15:17 --> Could not find the language line "about_company"
ERROR - 2017-09-05 06:15:34 --> Could not find the language line "mynt_buy_amazon"
ERROR - 2017-09-05 06:15:34 --> Could not find the language line "about_keywords"
ERROR - 2017-09-05 06:15:34 --> Could not find the language line "about_company"
ERROR - 2017-09-05 06:15:42 --> Could not find the language line "mynt_buy_amazon"
ERROR - 2017-09-05 06:15:42 --> Could not find the language line "about_keywords"
ERROR - 2017-09-05 06:15:42 --> Could not find the language line "about_company"
ERROR - 2017-09-05 06:17:18 --> Could not find the language line "mynt_buy_amazon"
ERROR - 2017-09-05 06:17:18 --> Could not find the language line "about_keywords"
ERROR - 2017-09-05 06:17:18 --> Could not find the language line "about_company"
ERROR - 2017-09-05 06:18:21 --> Could not find the language line "mynt_buy_amazon"
ERROR - 2017-09-05 06:18:21 --> Could not find the language line "about_keywords"
ERROR - 2017-09-05 06:18:21 --> Could not find the language line "about_company"
ERROR - 2017-09-05 06:18:46 --> Could not find the language line "mynt_buy_amazon"
ERROR - 2017-09-05 06:18:46 --> Could not find the language line "about_keywords"
ERROR - 2017-09-05 06:18:46 --> Could not find the language line "about_company"
ERROR - 2017-09-05 06:19:23 --> Could not find the language line "mynt_buy_amazon"
ERROR - 2017-09-05 06:19:23 --> Could not find the language line "about_keywords"
ERROR - 2017-09-05 06:19:23 --> Could not find the language line "about_company"
ERROR - 2017-09-05 06:20:16 --> Could not find the language line "mynt_buy_amazon"
ERROR - 2017-09-05 06:20:16 --> Could not find the language line "about_keywords"
ERROR - 2017-09-05 06:20:16 --> Could not find the language line "about_company"
ERROR - 2017-09-05 06:21:07 --> Could not find the language line "mynt_buy_amazon"
ERROR - 2017-09-05 06:21:07 --> Could not find the language line "about_keywords"
ERROR - 2017-09-05 06:21:07 --> Could not find the language line "about_company"
ERROR - 2017-09-05 06:22:31 --> Could not find the language line "mynt_buy_amazon"
ERROR - 2017-09-05 06:22:31 --> Could not find the language line "about_keywords"
ERROR - 2017-09-05 06:22:31 --> Could not find the language line "about_company"
ERROR - 2017-09-05 06:23:06 --> Could not find the language line "mynt_buy_amazon"
ERROR - 2017-09-05 06:23:06 --> Could not find the language line "about_keywords"
ERROR - 2017-09-05 06:23:06 --> Could not find the language line "about_company"
ERROR - 2017-09-05 06:23:33 --> Could not find the language line "mynt_buy_amazon"
ERROR - 2017-09-05 06:23:33 --> Could not find the language line "about_keywords"
ERROR - 2017-09-05 06:23:33 --> Could not find the language line "about_company"
ERROR - 2017-09-05 06:24:05 --> Could not find the language line "mynt_buy_amazon"
ERROR - 2017-09-05 06:24:05 --> Could not find the language line "about_keywords"
ERROR - 2017-09-05 06:24:05 --> Could not find the language line "about_company"
ERROR - 2017-09-05 06:25:30 --> Could not find the language line "mynt_buy_amazon"
ERROR - 2017-09-05 06:25:30 --> Could not find the language line "about_keywords"
ERROR - 2017-09-05 06:25:30 --> Could not find the language line "about_company"
ERROR - 2017-09-05 06:26:01 --> Could not find the language line "mynt_buy_amazon"
ERROR - 2017-09-05 06:26:01 --> Could not find the language line "about_keywords"
ERROR - 2017-09-05 06:26:01 --> Could not find the language line "about_company"
ERROR - 2017-09-05 06:26:38 --> Could not find the language line "mynt_buy_amazon"
ERROR - 2017-09-05 06:26:38 --> Could not find the language line "about_keywords"
ERROR - 2017-09-05 06:26:38 --> Could not find the language line "about_company"
ERROR - 2017-09-05 06:26:59 --> Could not find the language line "mynt_buy_amazon"
ERROR - 2017-09-05 06:26:59 --> Could not find the language line "about_keywords"
ERROR - 2017-09-05 06:26:59 --> Could not find the language line "about_company"
ERROR - 2017-09-05 06:27:16 --> Could not find the language line "mynt_buy_amazon"
ERROR - 2017-09-05 06:27:16 --> Could not find the language line "about_keywords"
ERROR - 2017-09-05 06:27:16 --> Could not find the language line "about_company"
ERROR - 2017-09-05 06:27:51 --> Could not find the language line "mynt_buy_amazon"
ERROR - 2017-09-05 06:27:51 --> Could not find the language line "about_keywords"
ERROR - 2017-09-05 06:27:51 --> Could not find the language line "about_company"
ERROR - 2017-09-05 06:28:22 --> Could not find the language line "mynt_buy_amazon"
ERROR - 2017-09-05 06:28:22 --> Could not find the language line "about_keywords"
ERROR - 2017-09-05 06:28:22 --> Could not find the language line "about_company"
ERROR - 2017-09-05 06:28:42 --> Could not find the language line "mynt_buy_amazon"
ERROR - 2017-09-05 06:28:42 --> Could not find the language line "about_keywords"
ERROR - 2017-09-05 06:28:42 --> Could not find the language line "about_company"
ERROR - 2017-09-05 06:29:06 --> Could not find the language line "mynt_buy_amazon"
ERROR - 2017-09-05 06:29:06 --> Could not find the language line "about_keywords"
ERROR - 2017-09-05 06:29:06 --> Could not find the language line "about_company"
ERROR - 2017-09-05 06:29:28 --> Could not find the language line "mynt_buy_amazon"
ERROR - 2017-09-05 06:29:28 --> Could not find the language line "about_keywords"
ERROR - 2017-09-05 06:29:28 --> Could not find the language line "about_company"
ERROR - 2017-09-05 06:30:16 --> Could not find the language line "mynt_buy_amazon"
ERROR - 2017-09-05 06:30:16 --> Could not find the language line "about_keywords"
ERROR - 2017-09-05 06:30:16 --> Could not find the language line "about_company"
ERROR - 2017-09-05 06:30:46 --> Could not find the language line "mynt_buy_amazon"
ERROR - 2017-09-05 06:30:46 --> Could not find the language line "about_keywords"
ERROR - 2017-09-05 06:30:46 --> Could not find the language line "about_company"
ERROR - 2017-09-05 06:30:52 --> Could not find the language line "mynt_buy_amazon"
ERROR - 2017-09-05 06:30:52 --> Could not find the language line "about_keywords"
ERROR - 2017-09-05 06:30:52 --> Could not find the language line "about_company"
ERROR - 2017-09-05 06:30:56 --> Could not find the language line "mynt_buy_amazon"
ERROR - 2017-09-05 06:30:56 --> Could not find the language line "about_keywords"
ERROR - 2017-09-05 06:30:56 --> Could not find the language line "about_company"
ERROR - 2017-09-05 06:31:10 --> Could not find the language line "mynt_buy_amazon"
ERROR - 2017-09-05 06:31:10 --> Could not find the language line "about_keywords"
ERROR - 2017-09-05 06:31:10 --> Could not find the language line "about_company"
ERROR - 2017-09-05 06:32:21 --> Could not find the language line "mynt_buy_amazon"
ERROR - 2017-09-05 06:32:21 --> Could not find the language line "about_keywords"
ERROR - 2017-09-05 06:32:21 --> Could not find the language line "about_company"
ERROR - 2017-09-05 06:32:34 --> Could not find the language line "mynt_buy_amazon"
ERROR - 2017-09-05 06:32:34 --> Could not find the language line "about_keywords"
ERROR - 2017-09-05 06:32:34 --> Could not find the language line "about_company"
ERROR - 2017-09-05 06:32:56 --> Could not find the language line "mynt_buy_amazon"
ERROR - 2017-09-05 06:32:56 --> Could not find the language line "about_keywords"
ERROR - 2017-09-05 06:32:56 --> Could not find the language line "about_company"
ERROR - 2017-09-05 06:33:16 --> Could not find the language line "mynt_buy_amazon"
ERROR - 2017-09-05 06:33:16 --> Could not find the language line "about_keywords"
ERROR - 2017-09-05 06:33:16 --> Could not find the language line "about_company"
ERROR - 2017-09-05 06:36:26 --> Could not find the language line "mynt_buy_amazon"
ERROR - 2017-09-05 06:36:26 --> Could not find the language line "about_keywords"
ERROR - 2017-09-05 06:36:26 --> Could not find the language line "about_company"
ERROR - 2017-09-05 06:37:26 --> Could not find the language line "mynt_buy_amazon"
ERROR - 2017-09-05 06:37:26 --> Could not find the language line "about_keywords"
ERROR - 2017-09-05 06:37:26 --> Could not find the language line "about_company"
ERROR - 2017-09-05 06:38:13 --> Could not find the language line "mynt_buy_amazon"
ERROR - 2017-09-05 06:38:13 --> Could not find the language line "about_keywords"
ERROR - 2017-09-05 06:38:13 --> Could not find the language line "about_company"
ERROR - 2017-09-05 06:41:08 --> Could not find the language line "mynt_buy_amazon"
ERROR - 2017-09-05 06:41:08 --> Could not find the language line "about_keywords"
ERROR - 2017-09-05 06:41:08 --> Could not find the language line "about_company"
ERROR - 2017-09-05 06:41:38 --> Could not find the language line "mynt_buy_amazon"
ERROR - 2017-09-05 06:41:38 --> Could not find the language line "about_keywords"
ERROR - 2017-09-05 06:41:38 --> Could not find the language line "about_company"
ERROR - 2017-09-05 06:45:54 --> Could not find the language line "mynt_buy_amazon"
ERROR - 2017-09-05 06:45:54 --> Could not find the language line "about_keywords"
ERROR - 2017-09-05 06:45:54 --> Could not find the language line "about_company"
ERROR - 2017-09-05 06:59:16 --> Could not find the language line "mynt_buy_amazon"
ERROR - 2017-09-05 06:59:16 --> Could not find the language line "about_keywords"
ERROR - 2017-09-05 06:59:16 --> Could not find the language line "about_company"
ERROR - 2017-09-05 06:59:42 --> Could not find the language line "mynt_buy_amazon"
ERROR - 2017-09-05 06:59:42 --> Could not find the language line "about_keywords"
ERROR - 2017-09-05 06:59:42 --> Could not find the language line "about_company"
ERROR - 2017-09-05 07:03:30 --> Could not find the language line "mynt_buy_amazon"
ERROR - 2017-09-05 07:03:30 --> Could not find the language line "about_keywords"
ERROR - 2017-09-05 07:03:30 --> Could not find the language line "about_company"
ERROR - 2017-09-05 07:07:30 --> Could not find the language line "mynt_buy_amazon"
ERROR - 2017-09-05 07:07:30 --> Could not find the language line "about_keywords"
ERROR - 2017-09-05 07:07:30 --> Could not find the language line "about_company"
ERROR - 2017-09-05 07:07:30 --> Could not find the language line "mynt_buy_amazon"
ERROR - 2017-09-05 07:07:30 --> Could not find the language line "about_keywords"
ERROR - 2017-09-05 07:07:30 --> Could not find the language line "about_company"
ERROR - 2017-09-05 07:08:09 --> Could not find the language line "mynt_buy_amazon"
ERROR - 2017-09-05 07:08:09 --> Could not find the language line "about_keywords"
ERROR - 2017-09-05 07:08:09 --> Could not find the language line "about_company"
ERROR - 2017-09-05 07:08:23 --> Could not find the language line "mynt_buy_amazon"
ERROR - 2017-09-05 07:08:23 --> Could not find the language line "about_keywords"
ERROR - 2017-09-05 07:08:23 --> Could not find the language line "about_company"
ERROR - 2017-09-05 07:08:35 --> Could not find the language line "mynt_buy_amazon"
ERROR - 2017-09-05 07:08:35 --> Could not find the language line "about_keywords"
ERROR - 2017-09-05 07:08:35 --> Could not find the language line "about_company"
ERROR - 2017-09-05 07:09:40 --> Could not find the language line "mynt_buy_amazon"
ERROR - 2017-09-05 07:09:40 --> Could not find the language line "about_keywords"
ERROR - 2017-09-05 07:09:40 --> Could not find the language line "about_company"
ERROR - 2017-09-05 07:10:30 --> Could not find the language line "mynt_buy_amazon"
ERROR - 2017-09-05 07:10:30 --> Could not find the language line "about_keywords"
ERROR - 2017-09-05 07:10:30 --> Could not find the language line "about_company"
ERROR - 2017-09-05 07:10:53 --> Could not find the language line "mynt_buy_amazon"
ERROR - 2017-09-05 07:10:53 --> Could not find the language line "about_keywords"
ERROR - 2017-09-05 07:10:53 --> Could not find the language line "about_company"
ERROR - 2017-09-05 07:11:04 --> Could not find the language line "mynt_buy_amazon"
ERROR - 2017-09-05 07:11:04 --> Could not find the language line "about_keywords"
ERROR - 2017-09-05 07:11:04 --> Could not find the language line "about_company"
ERROR - 2017-09-05 07:11:27 --> Could not find the language line "mynt_buy_amazon"
ERROR - 2017-09-05 07:11:27 --> Could not find the language line "about_keywords"
ERROR - 2017-09-05 07:11:27 --> Could not find the language line "about_company"
ERROR - 2017-09-05 07:12:00 --> Could not find the language line "mynt_buy_amazon"
ERROR - 2017-09-05 07:12:00 --> Could not find the language line "about_keywords"
ERROR - 2017-09-05 07:12:00 --> Could not find the language line "about_company"
ERROR - 2017-09-05 07:12:25 --> Could not find the language line "mynt_buy_amazon"
ERROR - 2017-09-05 07:12:25 --> Could not find the language line "about_keywords"
ERROR - 2017-09-05 07:12:25 --> Could not find the language line "about_company"
ERROR - 2017-09-05 07:12:37 --> Could not find the language line "mynt_buy_amazon"
ERROR - 2017-09-05 07:12:37 --> Could not find the language line "about_keywords"
ERROR - 2017-09-05 07:12:37 --> Could not find the language line "about_company"
ERROR - 2017-09-05 07:13:35 --> Could not find the language line "mynt_buy_amazon"
ERROR - 2017-09-05 07:13:35 --> Could not find the language line "about_keywords"
ERROR - 2017-09-05 07:13:35 --> Could not find the language line "about_company"
ERROR - 2017-09-05 07:13:49 --> Could not find the language line "mynt_buy_amazon"
ERROR - 2017-09-05 07:13:49 --> Could not find the language line "about_keywords"
ERROR - 2017-09-05 07:13:49 --> Could not find the language line "about_company"
ERROR - 2017-09-05 07:14:01 --> Could not find the language line "mynt_buy_amazon"
ERROR - 2017-09-05 07:14:01 --> Could not find the language line "about_keywords"
ERROR - 2017-09-05 07:14:01 --> Could not find the language line "about_company"
ERROR - 2017-09-05 07:14:17 --> Could not find the language line "mynt_buy_amazon"
ERROR - 2017-09-05 07:14:17 --> Could not find the language line "about_keywords"
ERROR - 2017-09-05 07:14:17 --> Could not find the language line "about_company"
ERROR - 2017-09-05 08:08:28 --> Could not find the language line "mynt_buy_amazon"
ERROR - 2017-09-05 08:08:28 --> Could not find the language line "about_keywords"
ERROR - 2017-09-05 08:08:28 --> Could not find the language line "about_company"
ERROR - 2017-09-05 08:08:46 --> Could not find the language line "mynt_buy_amazon"
ERROR - 2017-09-05 08:08:46 --> Could not find the language line "about_keywords"
ERROR - 2017-09-05 08:08:46 --> Could not find the language line "about_company"
ERROR - 2017-09-05 08:09:33 --> Could not find the language line "mynt_buy_amazon"
ERROR - 2017-09-05 08:09:33 --> Could not find the language line "about_keywords"
ERROR - 2017-09-05 08:09:33 --> Could not find the language line "about_company"
ERROR - 2017-09-05 08:09:38 --> Could not find the language line "mynt_buy_amazon"
ERROR - 2017-09-05 08:09:38 --> Could not find the language line "about_keywords"
ERROR - 2017-09-05 08:09:38 --> Could not find the language line "about_company"
ERROR - 2017-09-05 08:10:00 --> Could not find the language line "mynt_buy_amazon"
ERROR - 2017-09-05 08:10:00 --> Could not find the language line "about_keywords"
ERROR - 2017-09-05 08:10:00 --> Could not find the language line "about_company"
ERROR - 2017-09-05 08:10:13 --> Could not find the language line "mynt_buy_amazon"
ERROR - 2017-09-05 08:10:13 --> Could not find the language line "about_keywords"
ERROR - 2017-09-05 08:10:13 --> Could not find the language line "about_company"
ERROR - 2017-09-05 08:10:17 --> Could not find the language line "mynt_buy_amazon"
ERROR - 2017-09-05 08:10:17 --> Could not find the language line "about_keywords"
ERROR - 2017-09-05 08:10:17 --> Could not find the language line "about_company"
ERROR - 2017-09-05 08:10:18 --> Could not find the language line "mynt_buy_amazon"
ERROR - 2017-09-05 08:10:18 --> Could not find the language line "about_keywords"
ERROR - 2017-09-05 08:10:18 --> Could not find the language line "about_company"
ERROR - 2017-09-05 08:10:20 --> Could not find the language line "mynt_buy_amazon"
ERROR - 2017-09-05 08:10:20 --> Could not find the language line "about_keywords"
ERROR - 2017-09-05 08:10:20 --> Could not find the language line "about_company"
ERROR - 2017-09-05 08:18:07 --> Could not find the language line "mynt_buy_amazon"
ERROR - 2017-09-05 08:18:07 --> Could not find the language line "about_keywords"
ERROR - 2017-09-05 08:18:07 --> Could not find the language line "about_company"
ERROR - 2017-09-05 08:19:11 --> Could not find the language line "mynt_buy_amazon"
ERROR - 2017-09-05 08:19:11 --> Could not find the language line "about_keywords"
ERROR - 2017-09-05 08:19:11 --> Could not find the language line "about_company"
ERROR - 2017-09-05 08:19:46 --> Could not find the language line "mynt_buy_amazon"
ERROR - 2017-09-05 08:19:46 --> Could not find the language line "about_keywords"
ERROR - 2017-09-05 08:19:46 --> Could not find the language line "about_company"
ERROR - 2017-09-05 08:20:34 --> Could not find the language line "mynt_buy_amazon"
ERROR - 2017-09-05 08:20:34 --> Could not find the language line "about_keywords"
ERROR - 2017-09-05 08:20:34 --> Could not find the language line "about_company"
ERROR - 2017-09-05 08:20:50 --> Could not find the language line "mynt_buy_amazon"
ERROR - 2017-09-05 08:20:50 --> Could not find the language line "about_keywords"
ERROR - 2017-09-05 08:20:50 --> Could not find the language line "about_company"
ERROR - 2017-09-05 08:21:23 --> Could not find the language line "mynt_buy_amazon"
ERROR - 2017-09-05 08:21:23 --> Could not find the language line "about_keywords"
ERROR - 2017-09-05 08:21:23 --> Could not find the language line "about_company"
ERROR - 2017-09-05 08:21:36 --> Could not find the language line "mynt_buy_amazon"
ERROR - 2017-09-05 08:21:39 --> Could not find the language line "mynt_buy_amazon"
ERROR - 2017-09-05 08:21:49 --> Could not find the language line "mynt_buy_amazon"
ERROR - 2017-09-05 08:22:40 --> Could not find the language line "mynt_buy_amazon"
ERROR - 2017-09-05 08:22:40 --> Could not find the language line "about_keywords"
ERROR - 2017-09-05 08:22:40 --> Could not find the language line "about_company"
ERROR - 2017-09-05 08:22:42 --> Could not find the language line "mynt_buy_amazon"
ERROR - 2017-09-05 08:22:44 --> Could not find the language line "mynt_buy_amazon"
ERROR - 2017-09-05 08:22:55 --> Could not find the language line "mynt_buy_amazon"
ERROR - 2017-09-05 08:22:55 --> Could not find the language line "about_keywords"
ERROR - 2017-09-05 08:22:55 --> Could not find the language line "about_company"
ERROR - 2017-09-05 08:22:56 --> Could not find the language line "mynt_buy_amazon"
ERROR - 2017-09-05 08:22:58 --> Could not find the language line "mynt_buy_amazon"
ERROR - 2017-09-05 08:22:58 --> Could not find the language line "mynt_buy_amazon"
ERROR - 2017-09-05 08:36:31 --> Could not find the language line "mynt_buy_amazon"
ERROR - 2017-09-05 08:36:31 --> Could not find the language line "home_slife_title"
ERROR - 2017-09-05 08:36:31 --> Could not find the language line "mynt_icon_buy"
ERROR - 2017-09-05 08:36:35 --> Could not find the language line "mynt_buy_amazon"
ERROR - 2017-09-05 08:36:35 --> Could not find the language line "about_keywords"
ERROR - 2017-09-05 08:36:35 --> Could not find the language line "about_company"
ERROR - 2017-09-05 08:37:15 --> Could not find the language line "mynt_buy_amazon"
ERROR - 2017-09-05 08:37:15 --> Could not find the language line "about_keywords"
ERROR - 2017-09-05 08:37:15 --> Could not find the language line "about_company"
ERROR - 2017-09-05 08:37:22 --> Could not find the language line "mynt_buy_amazon"
ERROR - 2017-09-05 08:37:22 --> Could not find the language line "about_keywords"
ERROR - 2017-09-05 08:37:22 --> Could not find the language line "about_company"
ERROR - 2017-09-05 08:39:44 --> Could not find the language line "mynt_buy_amazon"
ERROR - 2017-09-05 08:42:49 --> Could not find the language line "mynt_buy_amazon"
ERROR - 2017-09-05 08:42:49 --> Could not find the language line "about_keywords"
ERROR - 2017-09-05 08:42:49 --> Could not find the language line "about_company"
ERROR - 2017-09-05 08:44:12 --> Could not find the language line "mynt_buy_amazon"
ERROR - 2017-09-05 08:44:12 --> Could not find the language line "about_keywords"
ERROR - 2017-09-05 08:44:12 --> Could not find the language line "about_company"
ERROR - 2017-09-05 08:44:39 --> Could not find the language line "mynt_buy_amazon"
ERROR - 2017-09-05 08:44:39 --> Could not find the language line "about_keywords"
ERROR - 2017-09-05 08:44:39 --> Could not find the language line "about_company"
ERROR - 2017-09-05 08:52:44 --> Could not find the language line "mynt_buy_amazon"
ERROR - 2017-09-05 08:52:44 --> Could not find the language line "about_keywords"
ERROR - 2017-09-05 08:52:44 --> Could not find the language line "about_company"
ERROR - 2017-09-05 08:52:54 --> Could not find the language line "mynt_buy_amazon"
ERROR - 2017-09-05 08:52:54 --> Could not find the language line "about_keywords"
ERROR - 2017-09-05 08:52:54 --> Could not find the language line "about_company"
ERROR - 2017-09-05 08:53:02 --> Could not find the language line "mynt_buy_amazon"
ERROR - 2017-09-05 08:53:02 --> Could not find the language line "about_keywords"
ERROR - 2017-09-05 08:53:02 --> Could not find the language line "about_company"
ERROR - 2017-09-05 08:53:45 --> Could not find the language line "mynt_buy_amazon"
ERROR - 2017-09-05 08:53:45 --> Could not find the language line "about_keywords"
ERROR - 2017-09-05 08:53:45 --> Could not find the language line "about_company"
ERROR - 2017-09-05 08:54:37 --> Could not find the language line "mynt_buy_amazon"
ERROR - 2017-09-05 08:54:37 --> Could not find the language line "about_keywords"
ERROR - 2017-09-05 08:54:37 --> Could not find the language line "about_company"
ERROR - 2017-09-05 09:01:49 --> Could not find the language line "mynt_buy_amazon"
ERROR - 2017-09-05 09:01:49 --> Could not find the language line "about_keywords"
ERROR - 2017-09-05 09:01:49 --> Could not find the language line "about_company"
ERROR - 2017-09-05 09:02:09 --> Could not find the language line "mynt_buy_amazon"
ERROR - 2017-09-05 09:02:09 --> Could not find the language line "about_keywords"
ERROR - 2017-09-05 09:02:09 --> Could not find the language line "about_company"
ERROR - 2017-09-05 09:03:34 --> Could not find the language line "mynt_buy_amazon"
ERROR - 2017-09-05 09:03:59 --> Could not find the language line "mynt_buy_amazon"
ERROR - 2017-09-05 09:03:59 --> Could not find the language line "about_keywords"
ERROR - 2017-09-05 09:03:59 --> Could not find the language line "about_company"
ERROR - 2017-09-05 09:04:19 --> Could not find the language line "mynt_buy_amazon"
ERROR - 2017-09-05 09:04:19 --> Could not find the language line "about_keywords"
ERROR - 2017-09-05 09:04:19 --> Could not find the language line "about_company"
ERROR - 2017-09-05 09:10:40 --> Could not find the language line "mynt_buy_amazon"
ERROR - 2017-09-05 09:10:40 --> Could not find the language line "about_keywords"
ERROR - 2017-09-05 09:10:40 --> Could not find the language line "about_company"
ERROR - 2017-09-05 09:10:48 --> Could not find the language line "mynt_buy_amazon"
ERROR - 2017-09-05 09:10:48 --> Could not find the language line "about_keywords"
ERROR - 2017-09-05 09:10:48 --> Could not find the language line "about_company"
ERROR - 2017-09-05 09:11:25 --> Could not find the language line "mynt_buy_amazon"
ERROR - 2017-09-05 09:11:25 --> Could not find the language line "about_keywords"
ERROR - 2017-09-05 09:11:25 --> Could not find the language line "about_company"
ERROR - 2017-09-05 09:12:01 --> Could not find the language line "mynt_buy_amazon"
ERROR - 2017-09-05 09:12:01 --> Could not find the language line "about_keywords"
ERROR - 2017-09-05 09:12:01 --> Could not find the language line "about_company"
ERROR - 2017-09-05 09:12:55 --> Could not find the language line "mynt_buy_amazon"
ERROR - 2017-09-05 09:12:55 --> Could not find the language line "about_keywords"
ERROR - 2017-09-05 09:12:55 --> Could not find the language line "about_company"
ERROR - 2017-09-05 09:13:16 --> Could not find the language line "mynt_buy_amazon"
ERROR - 2017-09-05 09:13:16 --> Could not find the language line "about_keywords"
ERROR - 2017-09-05 09:13:16 --> Could not find the language line "about_company"
ERROR - 2017-09-05 09:13:57 --> Could not find the language line "mynt_buy_amazon"
ERROR - 2017-09-05 09:13:57 --> Could not find the language line "about_keywords"
ERROR - 2017-09-05 09:13:57 --> Could not find the language line "about_company"
ERROR - 2017-09-05 09:15:40 --> Could not find the language line "mynt_buy_amazon"
ERROR - 2017-09-05 09:15:40 --> Could not find the language line "about_keywords"
ERROR - 2017-09-05 09:15:40 --> Could not find the language line "about_company"
ERROR - 2017-09-05 09:16:36 --> Could not find the language line "mynt_buy_amazon"
ERROR - 2017-09-05 09:16:36 --> Could not find the language line "about_keywords"
ERROR - 2017-09-05 09:16:36 --> Could not find the language line "about_company"
ERROR - 2017-09-05 09:22:15 --> Could not find the language line "mynt_buy_amazon"
ERROR - 2017-09-05 09:22:15 --> Could not find the language line "about_keywords"
ERROR - 2017-09-05 09:22:15 --> Could not find the language line "about_company"
ERROR - 2017-09-05 09:28:04 --> Could not find the language line "mynt_buy_amazon"
ERROR - 2017-09-05 09:28:04 --> Could not find the language line "about_keywords"
ERROR - 2017-09-05 09:28:04 --> Could not find the language line "about_company"
ERROR - 2017-09-05 09:28:26 --> Could not find the language line "mynt_buy_amazon"
ERROR - 2017-09-05 09:28:26 --> Could not find the language line "about_keywords"
ERROR - 2017-09-05 09:28:26 --> Could not find the language line "about_company"
ERROR - 2017-09-05 09:41:03 --> Could not find the language line "mynt_buy_amazon"
ERROR - 2017-09-05 09:41:03 --> Could not find the language line "about_keywords"
ERROR - 2017-09-05 09:41:03 --> Could not find the language line "about_company"
ERROR - 2017-09-05 09:41:06 --> Could not find the language line "mynt_buy_amazon"
ERROR - 2017-09-05 09:41:06 --> Could not find the language line "about_keywords"
ERROR - 2017-09-05 09:41:06 --> Could not find the language line "about_company"
ERROR - 2017-09-05 09:49:21 --> Could not find the language line "mynt_buy_amazon"
ERROR - 2017-09-05 09:49:21 --> Could not find the language line "about_keywords"
ERROR - 2017-09-05 09:49:21 --> Could not find the language line "about_company"
ERROR - 2017-09-05 09:51:29 --> Could not find the language line "mynt_buy_amazon"
ERROR - 2017-09-05 09:51:29 --> Could not find the language line "about_keywords"
ERROR - 2017-09-05 09:51:29 --> Could not find the language line "about_company"
ERROR - 2017-09-05 09:53:24 --> Could not find the language line "mynt_buy_amazon"
ERROR - 2017-09-05 09:53:24 --> Could not find the language line "about_keywords"
ERROR - 2017-09-05 09:53:24 --> Could not find the language line "about_company"
ERROR - 2017-09-05 09:54:00 --> Could not find the language line "mynt_buy_amazon"
ERROR - 2017-09-05 09:54:00 --> Could not find the language line "about_keywords"
ERROR - 2017-09-05 09:54:00 --> Could not find the language line "about_company"
ERROR - 2017-09-05 09:55:35 --> Could not find the language line "mynt_buy_amazon"
ERROR - 2017-09-05 09:55:35 --> Could not find the language line "about_keywords"
ERROR - 2017-09-05 09:55:35 --> Could not find the language line "about_company"
ERROR - 2017-09-05 09:55:49 --> Could not find the language line "mynt_buy_amazon"
ERROR - 2017-09-05 09:55:49 --> Could not find the language line "about_keywords"
ERROR - 2017-09-05 09:55:49 --> Could not find the language line "about_company"
ERROR - 2017-09-05 09:56:00 --> Could not find the language line "mynt_buy_amazon"
ERROR - 2017-09-05 09:56:00 --> Could not find the language line "about_keywords"
ERROR - 2017-09-05 09:56:00 --> Could not find the language line "about_company"
ERROR - 2017-09-05 09:56:52 --> Could not find the language line "mynt_buy_amazon"
ERROR - 2017-09-05 09:56:52 --> Could not find the language line "about_keywords"
ERROR - 2017-09-05 09:56:52 --> Could not find the language line "about_company"
ERROR - 2017-09-05 09:57:56 --> Could not find the language line "mynt_buy_amazon"
ERROR - 2017-09-05 09:57:56 --> Could not find the language line "about_keywords"
ERROR - 2017-09-05 09:57:56 --> Could not find the language line "about_company"
ERROR - 2017-09-05 09:58:05 --> Could not find the language line "mynt_buy_amazon"
ERROR - 2017-09-05 09:58:05 --> Could not find the language line "about_keywords"
ERROR - 2017-09-05 09:58:05 --> Could not find the language line "about_company"
ERROR - 2017-09-05 09:58:30 --> Could not find the language line "mynt_buy_amazon"
ERROR - 2017-09-05 09:58:30 --> Could not find the language line "about_keywords"
ERROR - 2017-09-05 09:58:30 --> Could not find the language line "about_company"
ERROR - 2017-09-05 09:59:12 --> Could not find the language line "mynt_buy_amazon"
ERROR - 2017-09-05 09:59:12 --> Could not find the language line "about_keywords"
ERROR - 2017-09-05 09:59:12 --> Could not find the language line "about_company"
ERROR - 2017-09-05 09:59:18 --> Could not find the language line "mynt_buy_amazon"
ERROR - 2017-09-05 09:59:18 --> Could not find the language line "about_keywords"
ERROR - 2017-09-05 09:59:18 --> Could not find the language line "about_company"
ERROR - 2017-09-05 10:55:29 --> Could not find the language line "mynt_buy_amazon"
ERROR - 2017-09-05 10:55:29 --> Could not find the language line "about_keywords"
ERROR - 2017-09-05 10:55:29 --> Could not find the language line "about_company"
ERROR - 2017-09-05 10:57:31 --> Could not find the language line "mynt_buy_amazon"
ERROR - 2017-09-05 10:57:31 --> Could not find the language line "about_keywords"
ERROR - 2017-09-05 10:57:31 --> Could not find the language line "about_company"
ERROR - 2017-09-05 10:57:52 --> Could not find the language line "mynt_buy_amazon"
ERROR - 2017-09-05 10:57:52 --> Could not find the language line "about_keywords"
ERROR - 2017-09-05 10:57:52 --> Could not find the language line "about_company"
ERROR - 2017-09-05 10:58:09 --> Could not find the language line "mynt_buy_amazon"
ERROR - 2017-09-05 10:58:09 --> Could not find the language line "about_keywords"
ERROR - 2017-09-05 10:58:09 --> Could not find the language line "about_company"
ERROR - 2017-09-05 10:59:12 --> Could not find the language line "mynt_buy_amazon"
ERROR - 2017-09-05 10:59:12 --> Could not find the language line "about_keywords"
ERROR - 2017-09-05 10:59:12 --> Could not find the language line "about_company"
ERROR - 2017-09-05 10:59:20 --> Could not find the language line "mynt_buy_amazon"
ERROR - 2017-09-05 10:59:20 --> Could not find the language line "about_keywords"
ERROR - 2017-09-05 10:59:20 --> Could not find the language line "about_company"
ERROR - 2017-09-05 11:00:03 --> Could not find the language line "mynt_buy_amazon"
ERROR - 2017-09-05 11:00:03 --> Could not find the language line "about_keywords"
ERROR - 2017-09-05 11:00:03 --> Could not find the language line "about_company"
ERROR - 2017-09-05 11:00:43 --> Could not find the language line "mynt_buy_amazon"
ERROR - 2017-09-05 11:00:43 --> Could not find the language line "about_keywords"
ERROR - 2017-09-05 11:00:43 --> Could not find the language line "about_company"
ERROR - 2017-09-05 11:00:57 --> Could not find the language line "mynt_buy_amazon"
ERROR - 2017-09-05 11:00:57 --> Could not find the language line "about_keywords"
ERROR - 2017-09-05 11:00:57 --> Could not find the language line "about_company"
ERROR - 2017-09-05 11:00:58 --> Could not find the language line "mynt_buy_amazon"
ERROR - 2017-09-05 11:00:58 --> Could not find the language line "about_keywords"
ERROR - 2017-09-05 11:00:58 --> Could not find the language line "about_company"
ERROR - 2017-09-05 11:01:40 --> Could not find the language line "mynt_buy_amazon"
ERROR - 2017-09-05 11:01:40 --> Could not find the language line "about_keywords"
ERROR - 2017-09-05 11:01:40 --> Could not find the language line "about_company"
ERROR - 2017-09-05 11:01:48 --> Could not find the language line "mynt_buy_amazon"
ERROR - 2017-09-05 11:01:48 --> Could not find the language line "about_keywords"
ERROR - 2017-09-05 11:01:48 --> Could not find the language line "about_company"
ERROR - 2017-09-05 11:02:27 --> Could not find the language line "mynt_buy_amazon"
ERROR - 2017-09-05 11:02:27 --> Could not find the language line "about_keywords"
ERROR - 2017-09-05 11:02:27 --> Could not find the language line "about_company"
ERROR - 2017-09-05 11:02:35 --> Could not find the language line "mynt_buy_amazon"
ERROR - 2017-09-05 11:02:35 --> Could not find the language line "about_keywords"
ERROR - 2017-09-05 11:02:35 --> Could not find the language line "about_company"
ERROR - 2017-09-05 11:02:37 --> Could not find the language line "mynt_buy_amazon"
ERROR - 2017-09-05 11:02:37 --> Could not find the language line "about_keywords"
ERROR - 2017-09-05 11:02:37 --> Could not find the language line "about_company"
ERROR - 2017-09-05 11:03:50 --> Could not find the language line "mynt_buy_amazon"
ERROR - 2017-09-05 11:03:50 --> Could not find the language line "about_keywords"
ERROR - 2017-09-05 11:03:50 --> Could not find the language line "about_company"
ERROR - 2017-09-05 11:04:07 --> Could not find the language line "mynt_buy_amazon"
ERROR - 2017-09-05 11:04:07 --> Could not find the language line "about_keywords"
ERROR - 2017-09-05 11:04:07 --> Could not find the language line "about_company"
ERROR - 2017-09-05 11:04:49 --> Could not find the language line "mynt_buy_amazon"
ERROR - 2017-09-05 11:04:49 --> Could not find the language line "about_keywords"
ERROR - 2017-09-05 11:04:49 --> Could not find the language line "about_company"
ERROR - 2017-09-05 11:08:58 --> Could not find the language line "mynt_buy_amazon"
ERROR - 2017-09-05 11:08:58 --> Could not find the language line "about_keywords"
ERROR - 2017-09-05 11:08:58 --> Could not find the language line "about_company"
ERROR - 2017-09-05 14:52:52 --> Could not find the language line "mynt_buy_amazon"
ERROR - 2017-09-05 14:52:52 --> Could not find the language line "about_keywords"
ERROR - 2017-09-05 14:52:52 --> Could not find the language line "about_company"
ERROR - 2017-09-05 14:52:55 --> Could not find the language line "mynt_buy_amazon"
ERROR - 2017-09-05 14:52:55 --> Could not find the language line "about_keywords"
ERROR - 2017-09-05 14:52:55 --> Could not find the language line "about_company"
ERROR - 2017-09-05 14:52:56 --> Could not find the language line "mynt_buy_amazon"
ERROR - 2017-09-05 14:52:56 --> Could not find the language line "about_keywords"
ERROR - 2017-09-05 14:52:56 --> Could not find the language line "about_company"
ERROR - 2017-09-05 14:52:59 --> Could not find the language line "mynt_buy_amazon"
ERROR - 2017-09-05 14:52:59 --> Could not find the language line "about_keywords"
ERROR - 2017-09-05 14:52:59 --> Could not find the language line "about_company"
ERROR - 2017-09-05 14:53:00 --> Could not find the language line "mynt_buy_amazon"
ERROR - 2017-09-05 14:53:00 --> Could not find the language line "about_keywords"
ERROR - 2017-09-05 14:53:00 --> Could not find the language line "about_company"
ERROR - 2017-09-05 14:53:01 --> Could not find the language line "mynt_buy_amazon"
ERROR - 2017-09-05 14:53:01 --> Could not find the language line "about_keywords"
ERROR - 2017-09-05 14:53:01 --> Could not find the language line "about_company"
ERROR - 2017-09-05 14:53:01 --> Could not find the language line "mynt_buy_amazon"
ERROR - 2017-09-05 14:53:01 --> Could not find the language line "about_keywords"
ERROR - 2017-09-05 14:53:01 --> Could not find the language line "about_company"
ERROR - 2017-09-05 14:53:01 --> Could not find the language line "mynt_buy_amazon"
ERROR - 2017-09-05 14:53:01 --> Could not find the language line "about_keywords"
ERROR - 2017-09-05 14:53:01 --> Could not find the language line "about_company"
ERROR - 2017-09-05 14:53:28 --> Could not find the language line "mynt_buy_amazon"
ERROR - 2017-09-05 14:53:28 --> Could not find the language line "about_keywords"
ERROR - 2017-09-05 14:53:28 --> Could not find the language line "about_company"
ERROR - 2017-09-05 14:55:23 --> Could not find the language line "mynt_buy_amazon"
ERROR - 2017-09-05 15:00:51 --> Could not find the language line "mynt_buy_amazon"
ERROR - 2017-09-05 15:00:51 --> Could not find the language line "about_keywords"
ERROR - 2017-09-05 15:00:51 --> Could not find the language line "about_company"
