ERROR - 2017-09-06 02:14:02 --> Could not find the language line "mynt_buy_amazon"
ERROR - 2017-09-06 02:14:03 --> Could not find the language line "mynt_buy_amazon"
ERROR - 2017-09-06 02:14:04 --> Could not find the language line "mynt_buy_amazon"
ERROR - 2017-09-06 02:14:05 --> Could not find the language line "mynt_buy_amazon"
ERROR - 2017-09-06 02:14:05 --> Could not find the language line "mynt_buy_amazon"
ERROR - 2017-09-06 02:14:05 --> Could not find the language line "mynt_buy_amazon"
ERROR - 2017-09-06 02:14:08 --> Could not find the language line "mynt_buy_amazon"
ERROR - 2017-09-06 02:14:08 --> Could not find the language line "mynt_buy_amazon"
ERROR - 2017-09-06 02:14:09 --> Could not find the language line "mynt_buy_amazon"
ERROR - 2017-09-06 02:14:25 --> Could not find the language line "mynt_buy_amazon"
ERROR - 2017-09-06 02:17:01 --> Could not find the language line "mynt_buy_amazon"
ERROR - 2017-09-06 02:21:59 --> Could not find the language line "mynt_buy_amazon"
ERROR - 2017-09-06 02:22:18 --> Could not find the language line "mynt_buy_amazon"
ERROR - 2017-09-06 02:37:04 --> Could not find the language line "mynt_buy_amazon"
ERROR - 2017-09-06 02:37:07 --> Could not find the language line "mynt_buy_amazon"
ERROR - 2017-09-06 04:00:48 --> Could not find the language line "mynt_buy_amazon"
ERROR - 2017-09-06 04:44:15 --> Could not find the language line "mynt_buy_amazon"
ERROR - 2017-09-06 05:37:31 --> Could not find the language line "mynt_buy_amazon"
ERROR - 2017-09-06 05:37:31 --> Could not find the language line "home_slife_title"
ERROR - 2017-09-06 05:37:31 --> Could not find the language line "mynt_icon_buy"
ERROR - 2017-09-06 05:37:31 --> Could not find the language line "mynt_buy_amazon"
ERROR - 2017-09-06 05:37:31 --> Could not find the language line "home_slife_title"
ERROR - 2017-09-06 05:37:31 --> Could not find the language line "mynt_icon_buy"
ERROR - 2017-09-06 05:37:31 --> Could not find the language line "mynt_buy_amazon"
ERROR - 2017-09-06 05:37:31 --> Could not find the language line "home_slife_title"
ERROR - 2017-09-06 05:37:31 --> Could not find the language line "mynt_icon_buy"
ERROR - 2017-09-06 05:37:32 --> Could not find the language line "mynt_buy_amazon"
ERROR - 2017-09-06 05:37:32 --> Could not find the language line "home_slife_title"
ERROR - 2017-09-06 05:37:32 --> Could not find the language line "mynt_icon_buy"
ERROR - 2017-09-06 05:38:19 --> Could not find the language line "mynt_buy_amazon"
ERROR - 2017-09-06 05:38:19 --> Could not find the language line "home_slife_title"
ERROR - 2017-09-06 05:38:19 --> Could not find the language line "mynt_icon_buy"
ERROR - 2017-09-06 08:27:32 --> Could not find the language line "mynt_buy_amazon"
ERROR - 2017-09-06 08:27:32 --> Could not find the language line "home_slife_title"
ERROR - 2017-09-06 08:27:32 --> Could not find the language line "mynt_icon_buy"
ERROR - 2017-09-06 08:51:26 --> Could not find the language line "mynt_buy_amazon"
ERROR - 2017-09-06 08:51:26 --> Could not find the language line "home_slife_title"
ERROR - 2017-09-06 08:51:26 --> Could not find the language line "mynt_icon_buy"
ERROR - 2017-09-06 08:52:17 --> Could not find the language line "mynt_buy_amazon"
ERROR - 2017-09-06 08:52:17 --> Could not find the language line "home_slife_title"
ERROR - 2017-09-06 08:52:17 --> Could not find the language line "mynt_icon_buy"
ERROR - 2017-09-06 08:52:50 --> Could not find the language line "mynt_buy_amazon"
ERROR - 2017-09-06 08:52:50 --> Could not find the language line "home_slife_title"
ERROR - 2017-09-06 08:52:50 --> Could not find the language line "mynt_icon_buy"
ERROR - 2017-09-06 08:53:30 --> Could not find the language line "mynt_buy_amazon"
ERROR - 2017-09-06 08:53:30 --> Could not find the language line "home_slife_title"
ERROR - 2017-09-06 08:53:30 --> Could not find the language line "mynt_icon_buy"
ERROR - 2017-09-06 08:54:06 --> Could not find the language line "mynt_buy_amazon"
ERROR - 2017-09-06 08:54:06 --> Could not find the language line "home_slife_title"
ERROR - 2017-09-06 08:54:06 --> Could not find the language line "mynt_icon_buy"
ERROR - 2017-09-06 08:55:26 --> Could not find the language line "mynt_buy_amazon"
ERROR - 2017-09-06 08:55:26 --> Could not find the language line "home_slife_title"
ERROR - 2017-09-06 08:55:26 --> Could not find the language line "mynt_icon_buy"
ERROR - 2017-09-06 08:55:50 --> Could not find the language line "mynt_buy_amazon"
ERROR - 2017-09-06 08:55:50 --> Could not find the language line "home_slife_title"
ERROR - 2017-09-06 08:55:50 --> Could not find the language line "mynt_icon_buy"
ERROR - 2017-09-06 08:56:23 --> Could not find the language line "mynt_buy_amazon"
ERROR - 2017-09-06 08:56:23 --> Could not find the language line "home_slife_title"
ERROR - 2017-09-06 08:56:23 --> Could not find the language line "mynt_icon_buy"
ERROR - 2017-09-06 08:56:33 --> Could not find the language line "mynt_buy_amazon"
ERROR - 2017-09-06 08:56:33 --> Could not find the language line "home_slife_title"
ERROR - 2017-09-06 08:56:33 --> Could not find the language line "mynt_icon_buy"
ERROR - 2017-09-06 08:56:35 --> Could not find the language line "mynt_buy_amazon"
ERROR - 2017-09-06 08:56:35 --> Could not find the language line "home_slife_title"
ERROR - 2017-09-06 08:56:35 --> Could not find the language line "mynt_icon_buy"
ERROR - 2017-09-06 08:57:13 --> Could not find the language line "mynt_buy_amazon"
ERROR - 2017-09-06 08:57:13 --> Could not find the language line "home_slife_title"
ERROR - 2017-09-06 08:57:13 --> Could not find the language line "mynt_icon_buy"
ERROR - 2017-09-06 08:58:28 --> Could not find the language line "mynt_buy_amazon"
ERROR - 2017-09-06 08:58:28 --> Could not find the language line "home_slife_title"
ERROR - 2017-09-06 08:58:28 --> Could not find the language line "mynt_icon_buy"
ERROR - 2017-09-06 08:58:55 --> Could not find the language line "mynt_buy_amazon"
ERROR - 2017-09-06 08:58:55 --> Could not find the language line "home_slife_title"
ERROR - 2017-09-06 08:58:55 --> Could not find the language line "mynt_icon_buy"
ERROR - 2017-09-06 08:59:38 --> Could not find the language line "mynt_buy_amazon"
ERROR - 2017-09-06 08:59:38 --> Could not find the language line "home_slife_title"
ERROR - 2017-09-06 08:59:38 --> Could not find the language line "mynt_icon_buy"
ERROR - 2017-09-06 08:59:48 --> Could not find the language line "mynt_buy_amazon"
ERROR - 2017-09-06 08:59:48 --> Could not find the language line "home_slife_title"
ERROR - 2017-09-06 08:59:48 --> Could not find the language line "mynt_icon_buy"
ERROR - 2017-09-06 09:00:05 --> Could not find the language line "mynt_buy_amazon"
ERROR - 2017-09-06 09:00:05 --> Could not find the language line "home_slife_title"
ERROR - 2017-09-06 09:00:05 --> Could not find the language line "mynt_icon_buy"
ERROR - 2017-09-06 09:00:24 --> Could not find the language line "mynt_buy_amazon"
ERROR - 2017-09-06 09:00:24 --> Could not find the language line "home_slife_title"
ERROR - 2017-09-06 09:00:24 --> Could not find the language line "mynt_icon_buy"
ERROR - 2017-09-06 09:00:52 --> Could not find the language line "mynt_buy_amazon"
ERROR - 2017-09-06 09:00:52 --> Could not find the language line "home_slife_title"
ERROR - 2017-09-06 09:00:52 --> Could not find the language line "mynt_icon_buy"
ERROR - 2017-09-06 09:02:39 --> Could not find the language line "mynt_buy_amazon"
ERROR - 2017-09-06 09:02:39 --> Could not find the language line "about_keywords"
ERROR - 2017-09-06 09:02:39 --> Could not find the language line "about_company"
ERROR - 2017-09-06 09:02:50 --> Could not find the language line "mynt_buy_amazon"
ERROR - 2017-09-06 09:02:50 --> Could not find the language line "home_slife_title"
ERROR - 2017-09-06 09:02:50 --> Could not find the language line "mynt_icon_buy"
ERROR - 2017-09-06 09:03:04 --> Could not find the language line "mynt_buy_amazon"
ERROR - 2017-09-06 09:03:04 --> Could not find the language line "home_slife_title"
ERROR - 2017-09-06 09:03:04 --> Could not find the language line "mynt_icon_buy"
ERROR - 2017-09-06 09:04:03 --> Could not find the language line "mynt_buy_amazon"
ERROR - 2017-09-06 09:04:03 --> Could not find the language line "home_slife_title"
ERROR - 2017-09-06 09:04:03 --> Could not find the language line "mynt_icon_buy"
ERROR - 2017-09-06 09:04:26 --> Could not find the language line "mynt_buy_amazon"
ERROR - 2017-09-06 09:04:26 --> Could not find the language line "home_slife_title"
ERROR - 2017-09-06 09:04:26 --> Could not find the language line "mynt_icon_buy"
ERROR - 2017-09-06 09:04:53 --> Could not find the language line "mynt_buy_amazon"
ERROR - 2017-09-06 09:04:53 --> Could not find the language line "home_slife_title"
ERROR - 2017-09-06 09:04:53 --> Could not find the language line "mynt_icon_buy"
ERROR - 2017-09-06 09:05:02 --> Could not find the language line "mynt_buy_amazon"
ERROR - 2017-09-06 09:05:02 --> Could not find the language line "home_slife_title"
ERROR - 2017-09-06 09:05:02 --> Could not find the language line "mynt_icon_buy"
ERROR - 2017-09-06 09:05:16 --> Could not find the language line "mynt_buy_amazon"
ERROR - 2017-09-06 09:05:16 --> Could not find the language line "home_slife_title"
ERROR - 2017-09-06 09:05:16 --> Could not find the language line "mynt_icon_buy"
ERROR - 2017-09-06 09:05:33 --> Could not find the language line "mynt_buy_amazon"
ERROR - 2017-09-06 09:05:33 --> Could not find the language line "home_slife_title"
ERROR - 2017-09-06 09:05:33 --> Could not find the language line "mynt_icon_buy"
ERROR - 2017-09-06 09:12:08 --> Could not find the language line "mynt_buy_amazon"
ERROR - 2017-09-06 09:12:08 --> Could not find the language line "home_slife_title"
ERROR - 2017-09-06 09:12:08 --> Could not find the language line "mynt_icon_buy"
ERROR - 2017-09-06 09:12:28 --> Could not find the language line "mynt_buy_amazon"
ERROR - 2017-09-06 09:12:28 --> Could not find the language line "home_slife_title"
ERROR - 2017-09-06 09:12:28 --> Could not find the language line "mynt_icon_buy"
ERROR - 2017-09-06 09:13:36 --> Could not find the language line "mynt_buy_amazon"
ERROR - 2017-09-06 09:13:36 --> Could not find the language line "home_slife_title"
ERROR - 2017-09-06 09:13:36 --> Could not find the language line "mynt_icon_buy"
ERROR - 2017-09-06 09:13:47 --> Could not find the language line "mynt_buy_amazon"
ERROR - 2017-09-06 09:13:47 --> Could not find the language line "home_slife_title"
ERROR - 2017-09-06 09:13:47 --> Could not find the language line "mynt_icon_buy"
ERROR - 2017-09-06 09:14:03 --> Could not find the language line "mynt_buy_amazon"
ERROR - 2017-09-06 09:14:03 --> Could not find the language line "home_slife_title"
ERROR - 2017-09-06 09:14:03 --> Could not find the language line "mynt_icon_buy"
ERROR - 2017-09-06 09:14:03 --> Could not find the language line "mynt_buy_amazon"
ERROR - 2017-09-06 09:14:03 --> Could not find the language line "home_slife_title"
ERROR - 2017-09-06 09:14:03 --> Could not find the language line "mynt_icon_buy"
ERROR - 2017-09-06 09:14:03 --> Could not find the language line "mynt_buy_amazon"
ERROR - 2017-09-06 09:14:03 --> Could not find the language line "home_slife_title"
ERROR - 2017-09-06 09:14:03 --> Could not find the language line "mynt_icon_buy"
ERROR - 2017-09-06 09:14:03 --> Could not find the language line "mynt_buy_amazon"
ERROR - 2017-09-06 09:14:03 --> Could not find the language line "home_slife_title"
ERROR - 2017-09-06 09:14:03 --> Could not find the language line "mynt_icon_buy"
ERROR - 2017-09-06 09:14:03 --> Could not find the language line "mynt_buy_amazon"
ERROR - 2017-09-06 09:14:03 --> Could not find the language line "home_slife_title"
ERROR - 2017-09-06 09:14:03 --> Could not find the language line "mynt_icon_buy"
ERROR - 2017-09-06 09:15:06 --> Could not find the language line "mynt_buy_amazon"
ERROR - 2017-09-06 09:15:06 --> Could not find the language line "home_slife_title"
ERROR - 2017-09-06 09:15:06 --> Could not find the language line "mynt_icon_buy"
ERROR - 2017-09-06 09:15:27 --> Could not find the language line "mynt_buy_amazon"
ERROR - 2017-09-06 09:15:27 --> Could not find the language line "home_slife_title"
ERROR - 2017-09-06 09:15:27 --> Could not find the language line "mynt_icon_buy"
ERROR - 2017-09-06 09:16:01 --> Could not find the language line "mynt_buy_amazon"
ERROR - 2017-09-06 09:16:01 --> Could not find the language line "home_slife_title"
ERROR - 2017-09-06 09:16:01 --> Could not find the language line "mynt_icon_buy"
ERROR - 2017-09-06 09:16:19 --> Could not find the language line "mynt_buy_amazon"
ERROR - 2017-09-06 09:16:19 --> Could not find the language line "home_slife_title"
ERROR - 2017-09-06 09:16:19 --> Could not find the language line "mynt_icon_buy"
ERROR - 2017-09-06 09:18:11 --> Could not find the language line "mynt_buy_amazon"
ERROR - 2017-09-06 09:18:11 --> Could not find the language line "home_slife_title"
ERROR - 2017-09-06 09:18:11 --> Could not find the language line "mynt_icon_buy"
ERROR - 2017-09-06 09:19:07 --> Could not find the language line "mynt_buy_amazon"
ERROR - 2017-09-06 09:19:07 --> Could not find the language line "home_slife_title"
ERROR - 2017-09-06 09:19:07 --> Could not find the language line "mynt_icon_buy"
ERROR - 2017-09-06 09:19:58 --> Could not find the language line "mynt_buy_amazon"
ERROR - 2017-09-06 09:19:58 --> Could not find the language line "home_slife_title"
ERROR - 2017-09-06 09:19:58 --> Could not find the language line "mynt_icon_buy"
ERROR - 2017-09-06 09:24:35 --> Could not find the language line "mynt_buy_amazon"
ERROR - 2017-09-06 09:24:35 --> Could not find the language line "home_slife_title"
ERROR - 2017-09-06 09:24:35 --> Could not find the language line "mynt_icon_buy"
ERROR - 2017-09-06 09:25:10 --> Could not find the language line "mynt_buy_amazon"
ERROR - 2017-09-06 09:25:10 --> Could not find the language line "home_slife_title"
ERROR - 2017-09-06 09:25:10 --> Could not find the language line "mynt_icon_buy"
ERROR - 2017-09-06 09:25:22 --> Could not find the language line "mynt_buy_amazon"
ERROR - 2017-09-06 09:25:22 --> Could not find the language line "home_slife_title"
ERROR - 2017-09-06 09:25:22 --> Could not find the language line "mynt_icon_buy"
