ERROR - 2016-05-19 03:05:27 --> Could not find the language line "mynt_buy_taobao"
ERROR - 2016-05-19 03:05:27 --> Could not find the language line "mynt_buy_tmall"
ERROR - 2016-05-19 03:05:27 --> Could not find the language line "mynt_buy_youzan"
ERROR - 2016-05-19 03:05:27 --> Could not find the language line "mynt_icon_taobao"
ERROR - 2016-05-19 03:05:27 --> Could not find the language line "mynt_icon_tmall"
ERROR - 2016-05-19 03:05:27 --> Could not find the language line "mynt_icon_youzan"
ERROR - 2016-05-19 03:05:43 --> Could not find the language line "mynt_buy_amazon"
ERROR - 2016-05-19 03:05:43 --> Could not find the language line "home_sdeno_slide"
ERROR - 2016-05-19 03:05:43 --> Could not find the language line "tracker"
ERROR - 2016-05-19 03:05:43 --> Could not find the language line "mynt_feature"
ERROR - 2016-05-19 03:05:43 --> Could not find the language line "home_robot_sdeno"
ERROR - 2016-05-19 03:05:43 --> Could not find the language line "home_sdeno_slogon"
ERROR - 2016-05-19 03:05:43 --> Could not find the language line "mynt_icon_buy"
ERROR - 2016-05-19 03:07:02 --> Could not find the language line "mynt_buy_amazon"
ERROR - 2016-05-19 03:07:02 --> Could not find the language line "home_sdeno_slide"
ERROR - 2016-05-19 03:07:02 --> Could not find the language line "tracker"
ERROR - 2016-05-19 03:07:02 --> Could not find the language line "mynt_feature"
ERROR - 2016-05-19 03:07:02 --> Could not find the language line "home_robot_sdeno"
ERROR - 2016-05-19 03:07:02 --> Could not find the language line "home_sdeno_slogon"
ERROR - 2016-05-19 03:07:02 --> Could not find the language line "mynt_icon_buy"
ERROR - 2016-05-19 03:07:29 --> Could not find the language line "mynt_buy_amazon"
ERROR - 2016-05-19 03:07:29 --> Could not find the language line "tracker"
ERROR - 2016-05-19 03:07:29 --> Could not find the language line "sdk_slide_title"
ERROR - 2016-05-19 03:07:29 --> Could not find the language line "sdk_files"
ERROR - 2016-05-19 03:07:29 --> Could not find the language line "sdk_instruction"
ERROR - 2016-05-19 03:07:29 --> Could not find the language line "sdk_source_code"
ERROR - 2016-05-19 03:07:29 --> Could not find the language line "sdk_on_github"
ERROR - 2016-05-19 03:08:00 --> Could not find the language line "mynt_buy_amazon"
ERROR - 2016-05-19 03:08:00 --> Could not find the language line "tracker"
ERROR - 2016-05-19 03:08:00 --> Could not find the language line "sdk_slide_title"
ERROR - 2016-05-19 03:08:00 --> Could not find the language line "sdk_files"
ERROR - 2016-05-19 03:08:00 --> Could not find the language line "sdk_instruction"
ERROR - 2016-05-19 03:08:00 --> Could not find the language line "sdk_source_code"
ERROR - 2016-05-19 03:08:00 --> Could not find the language line "sdk_on_github"
ERROR - 2016-05-19 03:08:05 --> Could not find the language line "mynt_buy_amazon"
ERROR - 2016-05-19 03:08:05 --> Could not find the language line "tracker"
ERROR - 2016-05-19 03:08:05 --> Could not find the language line "sdk_slide_title"
ERROR - 2016-05-19 03:08:05 --> Could not find the language line "sdk_files"
ERROR - 2016-05-19 03:08:05 --> Could not find the language line "sdk_instruction"
ERROR - 2016-05-19 03:08:05 --> Could not find the language line "sdk_source_code"
ERROR - 2016-05-19 03:08:05 --> Could not find the language line "sdk_on_github"
ERROR - 2016-05-19 03:08:06 --> Could not find the language line "mynt_buy_amazon"
ERROR - 2016-05-19 03:08:06 --> Could not find the language line "tracker"
ERROR - 2016-05-19 03:08:06 --> Could not find the language line "sdk_slide_title"
ERROR - 2016-05-19 03:08:06 --> Could not find the language line "sdk_files"
ERROR - 2016-05-19 03:08:06 --> Could not find the language line "sdk_instruction"
ERROR - 2016-05-19 03:08:06 --> Could not find the language line "sdk_source_code"
ERROR - 2016-05-19 03:08:06 --> Could not find the language line "sdk_on_github"
ERROR - 2016-05-19 03:08:16 --> Could not find the language line "mynt_buy_amazon"
ERROR - 2016-05-19 03:08:16 --> Could not find the language line "tracker"
ERROR - 2016-05-19 03:08:16 --> Could not find the language line "sdk_slide_title"
ERROR - 2016-05-19 03:08:16 --> Could not find the language line "sdk_files"
ERROR - 2016-05-19 03:08:16 --> Could not find the language line "sdk_instruction"
ERROR - 2016-05-19 03:08:16 --> Could not find the language line "sdk_source_code"
ERROR - 2016-05-19 03:08:16 --> Could not find the language line "sdk_on_github"
ERROR - 2016-05-19 03:08:18 --> Could not find the language line "mynt_buy_amazon"
ERROR - 2016-05-19 03:08:18 --> Could not find the language line "faq_slide_title"
ERROR - 2016-05-19 03:08:18 --> Could not find the language line "faq_not_found"
ERROR - 2016-05-19 03:08:18 --> Could not find the language line "faq_write_us"
ERROR - 2016-05-19 03:11:36 --> Could not find the language line "mynt_buy_amazon"
ERROR - 2016-05-19 03:11:36 --> Could not find the language line "faq_slide_title"
ERROR - 2016-05-19 03:11:36 --> Could not find the language line "faq_not_found"
ERROR - 2016-05-19 03:11:36 --> Could not find the language line "faq_write_us"
ERROR - 2016-05-19 03:11:36 --> Session: File 'ci_sessions/ci_session14f2c60e422352e03b0a103ae27415d718a44aed' doesn't exist and cannot be created.
ERROR - 2016-05-19 03:12:39 --> Could not find the language line "mynt_buy_amazon"
ERROR - 2016-05-19 03:12:39 --> Could not find the language line "faq_slide_title"
ERROR - 2016-05-19 03:12:39 --> Could not find the language line "faq_not_found"
ERROR - 2016-05-19 03:12:39 --> Could not find the language line "faq_write_us"
ERROR - 2016-05-19 03:14:10 --> Could not find the language line "mynt_buy_amazon"
ERROR - 2016-05-19 03:14:10 --> Could not find the language line "faq_slide_title"
ERROR - 2016-05-19 03:14:10 --> Could not find the language line "faq_not_found"
ERROR - 2016-05-19 03:14:10 --> Could not find the language line "faq_write_us"
ERROR - 2016-05-19 03:15:07 --> Could not find the language line "mynt_buy_amazon"
ERROR - 2016-05-19 03:15:07 --> Could not find the language line "faq_slide_title"
ERROR - 2016-05-19 03:15:07 --> Could not find the language line "faq_not_found"
ERROR - 2016-05-19 03:15:07 --> Could not find the language line "faq_write_us"
ERROR - 2016-05-19 03:25:58 --> Could not find the language line "mynt_buy_amazon"
ERROR - 2016-05-19 03:38:14 --> Could not find the language line "mynt_buy_amazon"
ERROR - 2016-05-19 03:38:14 --> Session: File 'ci_sessions/ci_session00669ea517ad8cc8521706475a5f3c9687a66e2d' doesn't exist and cannot be created.
ERROR - 2016-05-19 05:36:15 --> Could not find the language line "mynt_buy_amazon"
ERROR - 2016-05-19 05:36:59 --> Could not find the language line "mynt_buy_amazon"
ERROR - 2016-05-19 05:37:02 --> Could not find the language line "mynt_buy_amazon"
ERROR - 2016-05-19 05:46:38 --> Could not find the language line "mynt_buy_amazon"
ERROR - 2016-05-19 05:46:38 --> Session: File 'ci_sessions/ci_sessionccf7fe6ca3bbed6e0bae25c52e8c7b5ae3ac5abc' doesn't exist and cannot be created.
ERROR - 2016-05-19 05:46:54 --> Could not find the language line "mynt_buy_amazon"
ERROR - 2016-05-19 05:46:54 --> Could not find the language line "home_sdeno_slide"
ERROR - 2016-05-19 05:46:54 --> Could not find the language line "tracker"
ERROR - 2016-05-19 05:46:54 --> Could not find the language line "mynt_feature"
ERROR - 2016-05-19 05:46:54 --> Could not find the language line "home_robot_sdeno"
ERROR - 2016-05-19 05:46:54 --> Could not find the language line "home_sdeno_slogon"
ERROR - 2016-05-19 05:46:54 --> Could not find the language line "mynt_icon_buy"
ERROR - 2016-05-19 05:47:36 --> Could not find the language line "mynt_buy_amazon"
ERROR - 2016-05-19 05:47:36 --> Could not find the language line "tracker"
ERROR - 2016-05-19 05:47:50 --> Could not find the language line "mynt_buy_amazon"
ERROR - 2016-05-19 05:55:13 --> Could not find the language line "mynt_buy_amazon"
ERROR - 2016-05-19 05:55:13 --> Could not find the language line "home_sdeno_slide"
ERROR - 2016-05-19 05:55:13 --> Could not find the language line "tracker"
ERROR - 2016-05-19 05:55:13 --> Could not find the language line "mynt_feature"
ERROR - 2016-05-19 05:55:13 --> Could not find the language line "home_robot_sdeno"
ERROR - 2016-05-19 05:55:13 --> Could not find the language line "home_sdeno_slogon"
ERROR - 2016-05-19 05:55:13 --> Could not find the language line "mynt_icon_buy"
ERROR - 2016-05-19 05:55:13 --> Session: File 'ci_sessions/ci_session5a4ac1f8f091308a18f9168598af5ceb7cf466fc' doesn't exist and cannot be created.
ERROR - 2016-05-19 06:47:46 --> Could not find the language line "mynt_buy_amazon"
ERROR - 2016-05-19 06:47:46 --> Could not find the language line "home_sdeno_slide"
ERROR - 2016-05-19 06:47:46 --> Could not find the language line "tracker"
ERROR - 2016-05-19 06:47:46 --> Could not find the language line "mynt_feature"
ERROR - 2016-05-19 06:47:46 --> Could not find the language line "home_robot_sdeno"
ERROR - 2016-05-19 06:47:46 --> Could not find the language line "home_sdeno_slogon"
ERROR - 2016-05-19 06:47:46 --> Could not find the language line "mynt_icon_buy"
ERROR - 2016-05-19 06:51:53 --> Could not find the language line "mynt_buy_taobao"
ERROR - 2016-05-19 06:51:53 --> Could not find the language line "mynt_buy_tmall"
ERROR - 2016-05-19 06:51:53 --> Could not find the language line "mynt_buy_youzan"
ERROR - 2016-05-19 06:51:58 --> Could not find the language line "mynt_buy_amazon"
ERROR - 2016-05-19 06:52:18 --> Could not find the language line "mynt_buy_amazon"
ERROR - 2016-05-19 06:52:39 --> Could not find the language line "mynt_buy_amazon"
ERROR - 2016-05-19 06:52:39 --> Could not find the language line "mynt_icon_buy"
ERROR - 2016-05-19 06:52:39 --> Could not find the language line "mynt_buy_link_kick"
ERROR - 2016-05-19 06:52:54 --> Could not find the language line "mynt_buy_amazon"
ERROR - 2016-05-19 06:53:29 --> Could not find the language line "mynt_buy_amazon"
ERROR - 2016-05-19 06:53:29 --> Could not find the language line "about_keywords"
ERROR - 2016-05-19 06:53:29 --> Could not find the language line "about_company"
ERROR - 2016-05-19 06:53:29 --> Session: File 'ci_sessions/ci_session5228c21c75115425f93a180f0dcb693f1e7d88c1' doesn't exist and cannot be created.
ERROR - 2016-05-19 06:57:47 --> Could not find the language line "mynt_buy_amazon"
ERROR - 2016-05-19 06:57:47 --> Session: File 'ci_sessions/ci_session50e69185a1db142e8053032528ff5386aa262217' doesn't exist and cannot be created.
ERROR - 2016-05-19 06:59:11 --> Could not find the language line "mynt_buy_amazon"
ERROR - 2016-05-19 06:59:11 --> Could not find the language line "mynt_icon_buy"
ERROR - 2016-05-19 06:59:11 --> Could not find the language line "mynt_buy_link_kick"
ERROR - 2016-05-19 06:59:25 --> Could not find the language line "mynt_buy_amazon"
ERROR - 2016-05-19 06:59:25 --> Could not find the language line "mynt_icon_buy"
ERROR - 2016-05-19 06:59:25 --> Could not find the language line "mynt_buy_link_kick"
ERROR - 2016-05-19 06:59:29 --> Could not find the language line "mynt_buy_amazon"
ERROR - 2016-05-19 06:59:29 --> Could not find the language line "mynt_icon_buy"
ERROR - 2016-05-19 06:59:29 --> Could not find the language line "mynt_buy_link_kick"
ERROR - 2016-05-19 06:59:33 --> Could not find the language line "mynt_buy_amazon"
ERROR - 2016-05-19 06:59:33 --> Session: File 'ci_sessions/ci_session7f5bfca8a967cd676e3dddea27f6cbb2ebf8f549' doesn't exist and cannot be created.
ERROR - 2016-05-19 06:59:39 --> Could not find the language line "mynt_buy_amazon"
ERROR - 2016-05-19 06:59:42 --> Could not find the language line "mynt_buy_amazon"
ERROR - 2016-05-19 06:59:42 --> Could not find the language line "home_sdeno_slide"
ERROR - 2016-05-19 06:59:42 --> Could not find the language line "tracker"
ERROR - 2016-05-19 06:59:42 --> Could not find the language line "mynt_feature"
ERROR - 2016-05-19 06:59:42 --> Could not find the language line "home_robot_sdeno"
ERROR - 2016-05-19 06:59:42 --> Could not find the language line "home_sdeno_slogon"
ERROR - 2016-05-19 06:59:42 --> Could not find the language line "mynt_icon_buy"
ERROR - 2016-05-19 06:59:45 --> Could not find the language line "mynt_buy_taobao"
ERROR - 2016-05-19 06:59:45 --> Could not find the language line "mynt_buy_tmall"
ERROR - 2016-05-19 06:59:45 --> Could not find the language line "mynt_buy_youzan"
ERROR - 2016-05-19 06:59:45 --> Could not find the language line "about_keywords"
ERROR - 2016-05-19 06:59:45 --> Could not find the language line "about_facebook"
ERROR - 2016-05-19 06:59:45 --> Could not find the language line "about_twitter"
ERROR - 2016-05-19 06:59:45 --> Could not find the language line "about_weibo"
ERROR - 2016-05-19 06:59:50 --> Could not find the language line "mynt_buy_amazon"
ERROR - 2016-05-19 06:59:50 --> Could not find the language line "about_keywords"
ERROR - 2016-05-19 06:59:50 --> Could not find the language line "about_company"
ERROR - 2016-05-19 06:59:56 --> Could not find the language line "mynt_buy_amazon"
ERROR - 2016-05-19 06:59:56 --> Could not find the language line "about_keywords"
ERROR - 2016-05-19 06:59:56 --> Could not find the language line "about_company"
ERROR - 2016-05-19 07:34:38 --> Could not find the language line "mynt_buy_amazon"
ERROR - 2016-05-19 07:34:38 --> Could not find the language line "about_keywords"
ERROR - 2016-05-19 07:34:38 --> Could not find the language line "about_company"
ERROR - 2016-05-19 07:34:38 --> Session: File 'ci_sessions/ci_session74a9da684dd5bd6e65256e071e424d1b04b550ae' doesn't exist and cannot be created.
ERROR - 2016-05-19 07:34:56 --> Could not find the language line "mynt_buy_amazon"
ERROR - 2016-05-19 07:35:10 --> Could not find the language line "mynt_buy_amazon"
ERROR - 2016-05-19 07:35:52 --> Could not find the language line "mynt_buy_amazon"
ERROR - 2016-05-19 07:41:40 --> Could not find the language line "mynt_buy_amazon"
ERROR - 2016-05-19 07:41:40 --> Session: File 'ci_sessions/ci_sessionda03c722941a4a87ee583dcb858ab02681328fb6' doesn't exist and cannot be created.
ERROR - 2016-05-19 07:44:05 --> Could not find the language line "mynt_buy_amazon"
ERROR - 2016-05-19 07:44:26 --> Could not find the language line "mynt_buy_amazon"
ERROR - 2016-05-19 07:45:17 --> Could not find the language line "mynt_buy_amazon"
ERROR - 2016-05-19 07:46:49 --> Could not find the language line "mynt_buy_amazon"
ERROR - 2016-05-19 07:47:32 --> Could not find the language line "mynt_buy_amazon"
ERROR - 2016-05-19 07:47:43 --> Could not find the language line "mynt_buy_amazon"
ERROR - 2016-05-19 08:15:05 --> Could not find the language line "mynt_buy_amazon"
ERROR - 2016-05-19 08:15:55 --> Could not find the language line "mynt_buy_amazon"
ERROR - 2016-05-19 08:20:46 --> Could not find the language line "mynt_buy_amazon"
ERROR - 2016-05-19 08:20:46 --> Session: File 'ci_sessions/ci_sessionb2d87471486c468f221595e41c9e0f82657e7063' doesn't exist and cannot be created.
ERROR - 2016-05-19 08:21:43 --> Could not find the language line "mynt_buy_amazon"
ERROR - 2016-05-19 08:21:57 --> Could not find the language line "mynt_buy_amazon"
ERROR - 2016-05-19 08:24:21 --> Could not find the language line "mynt_buy_amazon"
ERROR - 2016-05-19 08:31:27 --> Could not find the language line "mynt_buy_amazon"
ERROR - 2016-05-19 08:31:27 --> Could not find the language line "home_sdeno_slide"
ERROR - 2016-05-19 08:31:27 --> Could not find the language line "tracker"
ERROR - 2016-05-19 08:31:27 --> Could not find the language line "mynt_feature"
ERROR - 2016-05-19 08:31:27 --> Could not find the language line "home_robot_sdeno"
ERROR - 2016-05-19 08:31:27 --> Could not find the language line "home_sdeno_slogon"
ERROR - 2016-05-19 08:31:27 --> Could not find the language line "mynt_icon_buy"
ERROR - 2016-05-19 08:31:27 --> Session: File 'ci_sessions/ci_session28a21dc5ecf90c69e9c334478b329e7b0998e8b7' doesn't exist and cannot be created.
ERROR - 2016-05-19 08:53:55 --> Could not find the language line "mynt_buy_taobao"
ERROR - 2016-05-19 08:53:55 --> Could not find the language line "mynt_buy_tmall"
ERROR - 2016-05-19 08:53:55 --> Could not find the language line "mynt_buy_youzan"
ERROR - 2016-05-19 08:53:55 --> Could not find the language line "mynt_icon_taobao"
ERROR - 2016-05-19 08:53:55 --> Could not find the language line "mynt_icon_tmall"
ERROR - 2016-05-19 08:53:55 --> Could not find the language line "mynt_icon_youzan"
ERROR - 2016-05-19 08:54:03 --> Could not find the language line "mynt_buy_taobao"
ERROR - 2016-05-19 08:54:03 --> Could not find the language line "mynt_buy_tmall"
ERROR - 2016-05-19 08:54:03 --> Could not find the language line "mynt_buy_youzan"
ERROR - 2016-05-19 08:54:03 --> Could not find the language line "faq_title_5"
ERROR - 2016-05-19 08:54:03 --> Could not find the language line "faq_cont_5"
ERROR - 2016-05-19 08:54:03 --> Could not find the language line "faq_title_6"
ERROR - 2016-05-19 08:54:03 --> Could not find the language line "faq_cont_6"
ERROR - 2016-05-19 08:54:03 --> Could not find the language line "faq_title_7"
ERROR - 2016-05-19 08:54:03 --> Could not find the language line "faq_cont_7"
ERROR - 2016-05-19 08:54:03 --> Could not find the language line "faq_title_8"
ERROR - 2016-05-19 08:54:03 --> Could not find the language line "faq_cont_8"
ERROR - 2016-05-19 08:54:03 --> Could not find the language line "faq_title_9"
ERROR - 2016-05-19 08:54:03 --> Could not find the language line "faq_cont_9"
ERROR - 2016-05-19 08:54:03 --> Could not find the language line "faq_title_10"
ERROR - 2016-05-19 08:54:03 --> Could not find the language line "faq_cont_10"
ERROR - 2016-05-19 08:54:03 --> Could not find the language line "faq_title_11"
ERROR - 2016-05-19 08:54:03 --> Could not find the language line "faq_cont_11"
ERROR - 2016-05-19 08:54:03 --> Could not find the language line "faq_title_12"
ERROR - 2016-05-19 08:54:03 --> Could not find the language line "faq_cont_12"
ERROR - 2016-05-19 08:54:03 --> Could not find the language line "faq_title_13"
ERROR - 2016-05-19 08:54:03 --> Could not find the language line "faq_cont_13"
ERROR - 2016-05-19 08:54:03 --> Could not find the language line "faq_title_14"
ERROR - 2016-05-19 08:54:03 --> Could not find the language line "faq_cont_14"
ERROR - 2016-05-19 08:54:03 --> Could not find the language line "faq_title_15"
ERROR - 2016-05-19 08:54:03 --> Could not find the language line "faq_cont_15"
ERROR - 2016-05-19 08:54:03 --> Could not find the language line "faq_title_16"
ERROR - 2016-05-19 08:54:03 --> Could not find the language line "faq_cont_16"
ERROR - 2016-05-19 08:54:14 --> Could not find the language line "mynt_buy_amazon"
ERROR - 2016-05-19 09:01:09 --> Could not find the language line "mynt_buy_amazon"
ERROR - 2016-05-19 09:01:09 --> Session: File 'ci_sessions/ci_session4f444a6bc44e8283af29a6fcb9970e8e5e2e2581' doesn't exist and cannot be created.
ERROR - 2016-05-19 09:02:37 --> Could not find the language line "mynt_buy_amazon"
ERROR - 2016-05-19 09:03:33 --> Could not find the language line "mynt_buy_amazon"
ERROR - 2016-05-19 09:04:35 --> Could not find the language line "mynt_buy_amazon"
ERROR - 2016-05-19 09:06:16 --> Could not find the language line "mynt_buy_amazon"
ERROR - 2016-05-19 09:06:50 --> Could not find the language line "mynt_buy_amazon"
ERROR - 2016-05-19 09:07:32 --> Could not find the language line "mynt_buy_amazon"
ERROR - 2016-05-19 09:13:22 --> Could not find the language line "mynt_buy_amazon"
ERROR - 2016-05-19 09:13:22 --> Session: File 'ci_sessions/ci_sessiond16eb0d8289cb155df52e2f5e159c821252614ef' doesn't exist and cannot be created.
ERROR - 2016-05-19 09:13:29 --> Could not find the language line "mynt_buy_amazon"
ERROR - 2016-05-19 09:13:29 --> Could not find the language line "home_sdeno_slide"
ERROR - 2016-05-19 09:13:29 --> Could not find the language line "tracker"
ERROR - 2016-05-19 09:13:29 --> Could not find the language line "mynt_feature"
ERROR - 2016-05-19 09:13:29 --> Could not find the language line "home_robot_sdeno"
ERROR - 2016-05-19 09:13:29 --> Could not find the language line "home_sdeno_slogon"
ERROR - 2016-05-19 09:13:29 --> Could not find the language line "mynt_icon_buy"
ERROR - 2016-05-19 09:14:13 --> Could not find the language line "mynt_buy_amazon"
ERROR - 2016-05-19 09:14:13 --> Could not find the language line "home_sdeno_slide"
ERROR - 2016-05-19 09:14:13 --> Could not find the language line "tracker"
ERROR - 2016-05-19 09:14:13 --> Could not find the language line "mynt_feature"
ERROR - 2016-05-19 09:14:13 --> Could not find the language line "home_robot_sdeno"
ERROR - 2016-05-19 09:14:13 --> Could not find the language line "home_sdeno_slogon"
ERROR - 2016-05-19 09:14:13 --> Could not find the language line "mynt_icon_buy"
ERROR - 2016-05-19 09:14:15 --> Could not find the language line "mynt_buy_amazon"
ERROR - 2016-05-19 09:14:15 --> Could not find the language line "home_sdeno_slide"
ERROR - 2016-05-19 09:14:15 --> Could not find the language line "tracker"
ERROR - 2016-05-19 09:14:15 --> Could not find the language line "mynt_feature"
ERROR - 2016-05-19 09:14:15 --> Could not find the language line "home_robot_sdeno"
ERROR - 2016-05-19 09:14:15 --> Could not find the language line "home_sdeno_slogon"
ERROR - 2016-05-19 09:14:15 --> Could not find the language line "mynt_icon_buy"
ERROR - 2016-05-19 09:14:16 --> Could not find the language line "mynt_buy_amazon"
ERROR - 2016-05-19 09:14:16 --> Could not find the language line "home_sdeno_slide"
ERROR - 2016-05-19 09:14:16 --> Could not find the language line "tracker"
ERROR - 2016-05-19 09:14:16 --> Could not find the language line "mynt_feature"
ERROR - 2016-05-19 09:14:16 --> Could not find the language line "home_robot_sdeno"
ERROR - 2016-05-19 09:14:16 --> Could not find the language line "home_sdeno_slogon"
ERROR - 2016-05-19 09:14:16 --> Could not find the language line "mynt_icon_buy"
ERROR - 2016-05-19 09:14:17 --> Could not find the language line "mynt_buy_amazon"
ERROR - 2016-05-19 09:14:17 --> Could not find the language line "home_sdeno_slide"
ERROR - 2016-05-19 09:14:17 --> Could not find the language line "tracker"
ERROR - 2016-05-19 09:14:17 --> Could not find the language line "mynt_feature"
ERROR - 2016-05-19 09:14:17 --> Could not find the language line "home_robot_sdeno"
ERROR - 2016-05-19 09:14:17 --> Could not find the language line "home_sdeno_slogon"
ERROR - 2016-05-19 09:14:17 --> Could not find the language line "mynt_icon_buy"
ERROR - 2016-05-19 09:14:17 --> Could not find the language line "mynt_buy_amazon"
ERROR - 2016-05-19 09:14:17 --> Could not find the language line "home_sdeno_slide"
ERROR - 2016-05-19 09:14:17 --> Could not find the language line "tracker"
ERROR - 2016-05-19 09:14:17 --> Could not find the language line "mynt_feature"
ERROR - 2016-05-19 09:14:17 --> Could not find the language line "home_robot_sdeno"
ERROR - 2016-05-19 09:14:17 --> Could not find the language line "home_sdeno_slogon"
ERROR - 2016-05-19 09:14:17 --> Could not find the language line "mynt_icon_buy"
ERROR - 2016-05-19 09:14:18 --> Could not find the language line "mynt_buy_amazon"
ERROR - 2016-05-19 09:14:18 --> Could not find the language line "home_sdeno_slide"
ERROR - 2016-05-19 09:14:18 --> Could not find the language line "tracker"
ERROR - 2016-05-19 09:14:18 --> Could not find the language line "mynt_feature"
ERROR - 2016-05-19 09:14:18 --> Could not find the language line "home_robot_sdeno"
ERROR - 2016-05-19 09:14:18 --> Could not find the language line "home_sdeno_slogon"
ERROR - 2016-05-19 09:14:18 --> Could not find the language line "mynt_icon_buy"
ERROR - 2016-05-19 09:14:21 --> Could not find the language line "mynt_buy_amazon"
ERROR - 2016-05-19 09:14:21 --> Could not find the language line "home_sdeno_slide"
ERROR - 2016-05-19 09:14:21 --> Could not find the language line "tracker"
ERROR - 2016-05-19 09:14:21 --> Could not find the language line "mynt_feature"
ERROR - 2016-05-19 09:14:21 --> Could not find the language line "home_robot_sdeno"
ERROR - 2016-05-19 09:14:21 --> Could not find the language line "home_sdeno_slogon"
ERROR - 2016-05-19 09:14:21 --> Could not find the language line "mynt_icon_buy"
ERROR - 2016-05-19 09:14:22 --> Could not find the language line "mynt_buy_amazon"
ERROR - 2016-05-19 09:14:22 --> Could not find the language line "home_sdeno_slide"
ERROR - 2016-05-19 09:14:22 --> Could not find the language line "tracker"
ERROR - 2016-05-19 09:14:22 --> Could not find the language line "mynt_feature"
ERROR - 2016-05-19 09:14:22 --> Could not find the language line "home_robot_sdeno"
ERROR - 2016-05-19 09:14:22 --> Could not find the language line "home_sdeno_slogon"
ERROR - 2016-05-19 09:14:22 --> Could not find the language line "mynt_icon_buy"
ERROR - 2016-05-19 09:14:25 --> Could not find the language line "mynt_buy_amazon"
ERROR - 2016-05-19 09:14:25 --> Could not find the language line "home_sdeno_slide"
ERROR - 2016-05-19 09:14:25 --> Could not find the language line "tracker"
ERROR - 2016-05-19 09:14:25 --> Could not find the language line "mynt_feature"
ERROR - 2016-05-19 09:14:25 --> Could not find the language line "home_robot_sdeno"
ERROR - 2016-05-19 09:14:25 --> Could not find the language line "home_sdeno_slogon"
ERROR - 2016-05-19 09:14:25 --> Could not find the language line "mynt_icon_buy"
ERROR - 2016-05-19 09:22:12 --> Could not find the language line "mynt_buy_amazon"
ERROR - 2016-05-19 09:22:12 --> Could not find the language line "home_sdeno_slide"
ERROR - 2016-05-19 09:22:12 --> Could not find the language line "tracker"
ERROR - 2016-05-19 09:22:12 --> Could not find the language line "mynt_feature"
ERROR - 2016-05-19 09:22:12 --> Could not find the language line "home_robot_sdeno"
ERROR - 2016-05-19 09:22:12 --> Could not find the language line "home_sdeno_slogon"
ERROR - 2016-05-19 09:22:12 --> Could not find the language line "mynt_icon_buy"
ERROR - 2016-05-19 09:29:13 --> Could not find the language line "mynt_buy_amazon"
ERROR - 2016-05-19 09:29:13 --> Could not find the language line "home_sdeno_slide"
ERROR - 2016-05-19 09:29:13 --> Could not find the language line "tracker"
ERROR - 2016-05-19 09:29:13 --> Could not find the language line "mynt_feature"
ERROR - 2016-05-19 09:29:13 --> Could not find the language line "home_robot_sdeno"
ERROR - 2016-05-19 09:29:13 --> Could not find the language line "home_sdeno_slogon"
ERROR - 2016-05-19 09:29:13 --> Could not find the language line "mynt_icon_buy"
ERROR - 2016-05-19 09:29:13 --> Session: File 'ci_sessions/ci_sessionf5c4db5691f4fe0856c281cbc9dee7b9da919a69' doesn't exist and cannot be created.
ERROR - 2016-05-19 09:31:52 --> Could not find the language line "mynt_buy_amazon"
ERROR - 2016-05-19 09:31:52 --> Could not find the language line "home_sdeno_slide"
ERROR - 2016-05-19 09:31:52 --> Could not find the language line "tracker"
ERROR - 2016-05-19 09:31:52 --> Could not find the language line "mynt_feature"
ERROR - 2016-05-19 09:31:52 --> Could not find the language line "home_robot_sdeno"
ERROR - 2016-05-19 09:31:52 --> Could not find the language line "home_sdeno_slogon"
ERROR - 2016-05-19 09:31:52 --> Could not find the language line "mynt_icon_buy"
ERROR - 2016-05-19 09:33:56 --> Could not find the language line "mynt_buy_amazon"
ERROR - 2016-05-19 09:33:56 --> Could not find the language line "home_sdeno_slide"
ERROR - 2016-05-19 09:33:56 --> Could not find the language line "tracker"
ERROR - 2016-05-19 09:33:56 --> Could not find the language line "mynt_feature"
ERROR - 2016-05-19 09:33:56 --> Could not find the language line "home_robot_sdeno"
ERROR - 2016-05-19 09:33:56 --> Could not find the language line "home_sdeno_slogon"
ERROR - 2016-05-19 09:33:56 --> Could not find the language line "mynt_icon_buy"
ERROR - 2016-05-19 09:37:07 --> Could not find the language line "mynt_buy_amazon"
ERROR - 2016-05-19 09:37:07 --> Could not find the language line "home_sdeno_slide"
ERROR - 2016-05-19 09:37:07 --> Could not find the language line "tracker"
ERROR - 2016-05-19 09:37:07 --> Could not find the language line "mynt_feature"
ERROR - 2016-05-19 09:37:07 --> Could not find the language line "home_robot_sdeno"
ERROR - 2016-05-19 09:37:07 --> Could not find the language line "home_sdeno_slogon"
ERROR - 2016-05-19 09:37:07 --> Could not find the language line "mynt_icon_buy"
ERROR - 2016-05-19 09:38:42 --> Could not find the language line "mynt_buy_amazon"
ERROR - 2016-05-19 09:38:42 --> Could not find the language line "home_sdeno_slide"
ERROR - 2016-05-19 09:38:42 --> Could not find the language line "tracker"
ERROR - 2016-05-19 09:38:42 --> Could not find the language line "mynt_feature"
ERROR - 2016-05-19 09:38:42 --> Could not find the language line "home_robot_sdeno"
ERROR - 2016-05-19 09:38:42 --> Could not find the language line "home_sdeno_slogon"
ERROR - 2016-05-19 09:38:42 --> Could not find the language line "mynt_icon_buy"
ERROR - 2016-05-19 09:39:18 --> Could not find the language line "mynt_buy_amazon"
ERROR - 2016-05-19 09:39:18 --> Could not find the language line "home_sdeno_slide"
ERROR - 2016-05-19 09:39:18 --> Could not find the language line "tracker"
ERROR - 2016-05-19 09:39:18 --> Could not find the language line "mynt_feature"
ERROR - 2016-05-19 09:39:18 --> Could not find the language line "home_robot_sdeno"
ERROR - 2016-05-19 09:39:18 --> Could not find the language line "home_sdeno_slogon"
ERROR - 2016-05-19 09:39:18 --> Could not find the language line "mynt_icon_buy"
ERROR - 2016-05-19 09:40:05 --> Could not find the language line "mynt_buy_amazon"
ERROR - 2016-05-19 09:40:05 --> Could not find the language line "home_sdeno_slide"
ERROR - 2016-05-19 09:40:05 --> Could not find the language line "tracker"
ERROR - 2016-05-19 09:40:05 --> Could not find the language line "mynt_feature"
ERROR - 2016-05-19 09:40:05 --> Could not find the language line "home_robot_sdeno"
ERROR - 2016-05-19 09:40:05 --> Could not find the language line "home_sdeno_slogon"
ERROR - 2016-05-19 09:40:05 --> Could not find the language line "mynt_icon_buy"
ERROR - 2016-05-19 09:41:05 --> Could not find the language line "mynt_buy_amazon"
ERROR - 2016-05-19 09:41:05 --> Could not find the language line "home_sdeno_slide"
ERROR - 2016-05-19 09:41:05 --> Could not find the language line "tracker"
ERROR - 2016-05-19 09:41:05 --> Could not find the language line "mynt_feature"
ERROR - 2016-05-19 09:41:05 --> Could not find the language line "home_robot_sdeno"
ERROR - 2016-05-19 09:41:05 --> Could not find the language line "home_sdeno_slogon"
ERROR - 2016-05-19 09:41:05 --> Could not find the language line "mynt_icon_buy"
ERROR - 2016-05-19 09:41:55 --> Could not find the language line "mynt_buy_amazon"
ERROR - 2016-05-19 09:41:55 --> Could not find the language line "home_sdeno_slide"
ERROR - 2016-05-19 09:41:55 --> Could not find the language line "tracker"
ERROR - 2016-05-19 09:41:55 --> Could not find the language line "mynt_feature"
ERROR - 2016-05-19 09:41:55 --> Could not find the language line "home_robot_sdeno"
ERROR - 2016-05-19 09:41:55 --> Could not find the language line "home_sdeno_slogon"
ERROR - 2016-05-19 09:41:55 --> Could not find the language line "mynt_icon_buy"
ERROR - 2016-05-19 09:53:46 --> Could not find the language line "mynt_buy_amazon"
ERROR - 2016-05-19 09:53:46 --> Could not find the language line "home_sdeno_slide"
ERROR - 2016-05-19 09:53:46 --> Could not find the language line "tracker"
ERROR - 2016-05-19 09:53:46 --> Could not find the language line "mynt_feature"
ERROR - 2016-05-19 09:53:46 --> Could not find the language line "home_robot_sdeno"
ERROR - 2016-05-19 09:53:46 --> Could not find the language line "home_sdeno_slogon"
ERROR - 2016-05-19 09:53:46 --> Could not find the language line "mynt_icon_buy"
ERROR - 2016-05-19 09:53:46 --> Session: File 'ci_sessions/ci_sessionb4d08b7a8633dda4d2aad0c535d25fbced7898f1' doesn't exist and cannot be created.
ERROR - 2016-05-19 09:56:26 --> Could not find the language line "mynt_buy_amazon"
ERROR - 2016-05-19 09:56:26 --> Could not find the language line "home_sdeno_slide"
ERROR - 2016-05-19 09:56:26 --> Could not find the language line "tracker"
ERROR - 2016-05-19 09:56:26 --> Could not find the language line "mynt_feature"
ERROR - 2016-05-19 09:56:26 --> Could not find the language line "home_robot_sdeno"
ERROR - 2016-05-19 09:56:26 --> Could not find the language line "home_sdeno_slogon"
ERROR - 2016-05-19 09:56:26 --> Could not find the language line "mynt_icon_buy"
ERROR - 2016-05-19 09:58:36 --> Could not find the language line "mynt_buy_amazon"
ERROR - 2016-05-19 09:58:36 --> Could not find the language line "home_sdeno_slide"
ERROR - 2016-05-19 09:58:36 --> Could not find the language line "tracker"
ERROR - 2016-05-19 09:58:36 --> Could not find the language line "mynt_feature"
ERROR - 2016-05-19 09:58:36 --> Could not find the language line "home_robot_sdeno"
ERROR - 2016-05-19 09:58:36 --> Could not find the language line "home_sdeno_slogon"
ERROR - 2016-05-19 09:58:36 --> Could not find the language line "mynt_icon_buy"
ERROR - 2016-05-19 10:01:51 --> Could not find the language line "mynt_buy_amazon"
ERROR - 2016-05-19 10:01:51 --> Could not find the language line "home_sdeno_slide"
ERROR - 2016-05-19 10:01:51 --> Could not find the language line "tracker"
ERROR - 2016-05-19 10:01:51 --> Could not find the language line "mynt_feature"
ERROR - 2016-05-19 10:01:51 --> Could not find the language line "home_robot_sdeno"
ERROR - 2016-05-19 10:01:51 --> Could not find the language line "home_sdeno_slogon"
ERROR - 2016-05-19 10:01:51 --> Could not find the language line "mynt_icon_buy"
ERROR - 2016-05-19 10:01:51 --> Session: File 'ci_sessions/ci_session286659c0b02829a7c0a16e405137e08b6d20c718' doesn't exist and cannot be created.
ERROR - 2016-05-19 10:05:58 --> Could not find the language line "mynt_buy_amazon"
ERROR - 2016-05-19 10:05:58 --> Could not find the language line "home_sdeno_slide"
ERROR - 2016-05-19 10:05:58 --> Could not find the language line "tracker"
ERROR - 2016-05-19 10:05:58 --> Could not find the language line "mynt_feature"
ERROR - 2016-05-19 10:05:58 --> Could not find the language line "home_robot_sdeno"
ERROR - 2016-05-19 10:05:58 --> Could not find the language line "home_sdeno_slogon"
ERROR - 2016-05-19 10:05:58 --> Could not find the language line "mynt_icon_buy"
ERROR - 2016-05-19 10:08:10 --> Could not find the language line "mynt_buy_amazon"
ERROR - 2016-05-19 10:08:10 --> Could not find the language line "home_sdeno_slide"
ERROR - 2016-05-19 10:08:10 --> Could not find the language line "tracker"
ERROR - 2016-05-19 10:08:10 --> Could not find the language line "mynt_feature"
ERROR - 2016-05-19 10:08:10 --> Could not find the language line "home_robot_sdeno"
ERROR - 2016-05-19 10:08:10 --> Could not find the language line "home_sdeno_slogon"
ERROR - 2016-05-19 10:08:10 --> Could not find the language line "mynt_icon_buy"
ERROR - 2016-05-19 10:14:42 --> Could not find the language line "mynt_buy_amazon"
ERROR - 2016-05-19 10:14:42 --> Could not find the language line "home_sdeno_slide"
ERROR - 2016-05-19 10:14:42 --> Could not find the language line "tracker"
ERROR - 2016-05-19 10:14:42 --> Could not find the language line "mynt_feature"
ERROR - 2016-05-19 10:14:42 --> Could not find the language line "home_robot_sdeno"
ERROR - 2016-05-19 10:14:42 --> Could not find the language line "home_sdeno_slogon"
ERROR - 2016-05-19 10:14:42 --> Could not find the language line "mynt_icon_buy"
ERROR - 2016-05-19 10:22:51 --> Could not find the language line "mynt_buy_amazon"
ERROR - 2016-05-19 10:22:51 --> Could not find the language line "home_sdeno_slide"
ERROR - 2016-05-19 10:22:51 --> Could not find the language line "tracker"
ERROR - 2016-05-19 10:22:51 --> Could not find the language line "mynt_feature"
ERROR - 2016-05-19 10:22:51 --> Could not find the language line "home_robot_sdeno"
ERROR - 2016-05-19 10:22:51 --> Could not find the language line "home_sdeno_slogon"
ERROR - 2016-05-19 10:22:51 --> Could not find the language line "mynt_icon_buy"
ERROR - 2016-05-19 10:22:51 --> Session: File 'ci_sessions/ci_session4db813446c5e6aeeb84e2ee87c2c188d077cc7f6' doesn't exist and cannot be created.
ERROR - 2016-05-19 10:24:09 --> Could not find the language line "mynt_buy_amazon"
ERROR - 2016-05-19 10:24:09 --> Could not find the language line "home_sdeno_slide"
ERROR - 2016-05-19 10:24:09 --> Could not find the language line "tracker"
ERROR - 2016-05-19 10:24:09 --> Could not find the language line "mynt_feature"
ERROR - 2016-05-19 10:24:09 --> Could not find the language line "home_robot_sdeno"
ERROR - 2016-05-19 10:24:09 --> Could not find the language line "home_sdeno_slogon"
ERROR - 2016-05-19 10:24:09 --> Could not find the language line "mynt_icon_buy"
ERROR - 2016-05-19 10:25:05 --> Could not find the language line "mynt_buy_amazon"
ERROR - 2016-05-19 10:25:05 --> Could not find the language line "home_sdeno_slide"
ERROR - 2016-05-19 10:25:05 --> Could not find the language line "tracker"
ERROR - 2016-05-19 10:25:05 --> Could not find the language line "mynt_feature"
ERROR - 2016-05-19 10:25:05 --> Could not find the language line "home_robot_sdeno"
ERROR - 2016-05-19 10:25:05 --> Could not find the language line "home_sdeno_slogon"
ERROR - 2016-05-19 10:25:05 --> Could not find the language line "mynt_icon_buy"
ERROR - 2016-05-19 10:25:30 --> Could not find the language line "mynt_buy_amazon"
ERROR - 2016-05-19 10:25:30 --> Could not find the language line "home_sdeno_slide"
ERROR - 2016-05-19 10:25:30 --> Could not find the language line "tracker"
ERROR - 2016-05-19 10:25:30 --> Could not find the language line "mynt_feature"
ERROR - 2016-05-19 10:25:30 --> Could not find the language line "home_robot_sdeno"
ERROR - 2016-05-19 10:25:30 --> Could not find the language line "home_sdeno_slogon"
ERROR - 2016-05-19 10:25:30 --> Could not find the language line "mynt_icon_buy"
ERROR - 2016-05-19 10:25:51 --> Could not find the language line "mynt_buy_amazon"
ERROR - 2016-05-19 10:25:51 --> Could not find the language line "home_sdeno_slide"
ERROR - 2016-05-19 10:25:51 --> Could not find the language line "tracker"
ERROR - 2016-05-19 10:25:51 --> Could not find the language line "mynt_feature"
ERROR - 2016-05-19 10:25:51 --> Could not find the language line "home_robot_sdeno"
ERROR - 2016-05-19 10:25:51 --> Could not find the language line "home_sdeno_slogon"
ERROR - 2016-05-19 10:25:51 --> Could not find the language line "mynt_icon_buy"
ERROR - 2016-05-19 10:26:31 --> Could not find the language line "mynt_buy_amazon"
ERROR - 2016-05-19 10:26:31 --> Could not find the language line "home_sdeno_slide"
ERROR - 2016-05-19 10:26:31 --> Could not find the language line "tracker"
ERROR - 2016-05-19 10:26:31 --> Could not find the language line "mynt_feature"
ERROR - 2016-05-19 10:26:31 --> Could not find the language line "home_robot_sdeno"
ERROR - 2016-05-19 10:26:31 --> Could not find the language line "home_sdeno_slogon"
ERROR - 2016-05-19 10:26:31 --> Could not find the language line "mynt_icon_buy"
ERROR - 2016-05-19 10:26:44 --> Could not find the language line "mynt_buy_amazon"
ERROR - 2016-05-19 10:26:44 --> Could not find the language line "home_sdeno_slide"
ERROR - 2016-05-19 10:26:44 --> Could not find the language line "tracker"
ERROR - 2016-05-19 10:26:44 --> Could not find the language line "mynt_feature"
ERROR - 2016-05-19 10:26:44 --> Could not find the language line "home_robot_sdeno"
ERROR - 2016-05-19 10:26:44 --> Could not find the language line "home_sdeno_slogon"
ERROR - 2016-05-19 10:26:44 --> Could not find the language line "mynt_icon_buy"
ERROR - 2016-05-19 10:27:18 --> Could not find the language line "mynt_buy_amazon"
ERROR - 2016-05-19 10:27:18 --> Could not find the language line "home_sdeno_slide"
ERROR - 2016-05-19 10:27:18 --> Could not find the language line "tracker"
ERROR - 2016-05-19 10:27:18 --> Could not find the language line "mynt_feature"
ERROR - 2016-05-19 10:27:18 --> Could not find the language line "home_robot_sdeno"
ERROR - 2016-05-19 10:27:18 --> Could not find the language line "home_sdeno_slogon"
ERROR - 2016-05-19 10:27:18 --> Could not find the language line "mynt_icon_buy"
ERROR - 2016-05-19 10:28:00 --> Could not find the language line "mynt_buy_amazon"
ERROR - 2016-05-19 10:28:00 --> Could not find the language line "home_sdeno_slide"
ERROR - 2016-05-19 10:28:00 --> Could not find the language line "tracker"
ERROR - 2016-05-19 10:28:00 --> Could not find the language line "mynt_feature"
ERROR - 2016-05-19 10:28:00 --> Could not find the language line "home_robot_sdeno"
ERROR - 2016-05-19 10:28:00 --> Could not find the language line "home_sdeno_slogon"
ERROR - 2016-05-19 10:28:00 --> Could not find the language line "mynt_icon_buy"
ERROR - 2016-05-19 10:28:45 --> Could not find the language line "mynt_buy_amazon"
ERROR - 2016-05-19 10:28:45 --> Could not find the language line "home_sdeno_slide"
ERROR - 2016-05-19 10:28:45 --> Could not find the language line "tracker"
ERROR - 2016-05-19 10:28:45 --> Could not find the language line "mynt_feature"
ERROR - 2016-05-19 10:28:45 --> Could not find the language line "home_robot_sdeno"
ERROR - 2016-05-19 10:28:45 --> Could not find the language line "home_sdeno_slogon"
ERROR - 2016-05-19 10:28:45 --> Could not find the language line "mynt_icon_buy"
ERROR - 2016-05-19 10:29:22 --> Could not find the language line "mynt_buy_amazon"
ERROR - 2016-05-19 10:29:22 --> Could not find the language line "home_sdeno_slide"
ERROR - 2016-05-19 10:29:22 --> Could not find the language line "tracker"
ERROR - 2016-05-19 10:29:22 --> Could not find the language line "mynt_feature"
ERROR - 2016-05-19 10:29:22 --> Could not find the language line "home_robot_sdeno"
ERROR - 2016-05-19 10:29:22 --> Could not find the language line "home_sdeno_slogon"
ERROR - 2016-05-19 10:29:22 --> Could not find the language line "mynt_icon_buy"
ERROR - 2016-05-19 10:29:22 --> Session: File 'ci_sessions/ci_sessionb608bccfba30d4b132f68e417f9f703d8b695258' doesn't exist and cannot be created.
ERROR - 2016-05-19 10:36:02 --> Could not find the language line "mynt_buy_amazon"
ERROR - 2016-05-19 10:36:02 --> Could not find the language line "home_sdeno_slide"
ERROR - 2016-05-19 10:36:02 --> Could not find the language line "tracker"
ERROR - 2016-05-19 10:36:02 --> Could not find the language line "mynt_feature"
ERROR - 2016-05-19 10:36:02 --> Could not find the language line "home_robot_sdeno"
ERROR - 2016-05-19 10:36:02 --> Could not find the language line "home_sdeno_slogon"
ERROR - 2016-05-19 10:36:02 --> Could not find the language line "mynt_icon_buy"
ERROR - 2016-05-19 10:36:09 --> Could not find the language line "mynt_buy_amazon"
ERROR - 2016-05-19 10:36:09 --> Could not find the language line "home_sdeno_slide"
ERROR - 2016-05-19 10:36:09 --> Could not find the language line "tracker"
ERROR - 2016-05-19 10:36:09 --> Could not find the language line "mynt_feature"
ERROR - 2016-05-19 10:36:09 --> Could not find the language line "home_robot_sdeno"
ERROR - 2016-05-19 10:36:09 --> Could not find the language line "home_sdeno_slogon"
ERROR - 2016-05-19 10:36:09 --> Could not find the language line "mynt_icon_buy"
ERROR - 2016-05-19 10:36:19 --> Could not find the language line "mynt_buy_amazon"
ERROR - 2016-05-19 10:36:19 --> Could not find the language line "home_sdeno_slide"
ERROR - 2016-05-19 10:36:19 --> Could not find the language line "tracker"
ERROR - 2016-05-19 10:36:19 --> Could not find the language line "mynt_feature"
ERROR - 2016-05-19 10:36:19 --> Could not find the language line "home_robot_sdeno"
ERROR - 2016-05-19 10:36:19 --> Could not find the language line "home_sdeno_slogon"
ERROR - 2016-05-19 10:36:19 --> Could not find the language line "mynt_icon_buy"
ERROR - 2016-05-19 10:36:44 --> Could not find the language line "mynt_buy_amazon"
ERROR - 2016-05-19 10:36:44 --> Could not find the language line "home_sdeno_slide"
ERROR - 2016-05-19 10:36:44 --> Could not find the language line "tracker"
ERROR - 2016-05-19 10:36:44 --> Could not find the language line "mynt_feature"
ERROR - 2016-05-19 10:36:44 --> Could not find the language line "home_robot_sdeno"
ERROR - 2016-05-19 10:36:44 --> Could not find the language line "home_sdeno_slogon"
ERROR - 2016-05-19 10:36:44 --> Could not find the language line "mynt_icon_buy"
ERROR - 2016-05-19 10:36:47 --> Could not find the language line "mynt_buy_amazon"
ERROR - 2016-05-19 10:36:47 --> Could not find the language line "home_sdeno_slide"
ERROR - 2016-05-19 10:36:47 --> Could not find the language line "tracker"
ERROR - 2016-05-19 10:36:47 --> Could not find the language line "mynt_feature"
ERROR - 2016-05-19 10:36:47 --> Could not find the language line "home_robot_sdeno"
ERROR - 2016-05-19 10:36:47 --> Could not find the language line "home_sdeno_slogon"
ERROR - 2016-05-19 10:36:47 --> Could not find the language line "mynt_icon_buy"
ERROR - 2016-05-19 10:37:29 --> Could not find the language line "mynt_buy_amazon"
ERROR - 2016-05-19 10:37:29 --> Could not find the language line "home_sdeno_slide"
ERROR - 2016-05-19 10:37:29 --> Could not find the language line "tracker"
ERROR - 2016-05-19 10:37:29 --> Could not find the language line "mynt_feature"
ERROR - 2016-05-19 10:37:29 --> Could not find the language line "home_robot_sdeno"
ERROR - 2016-05-19 10:37:29 --> Could not find the language line "home_sdeno_slogon"
ERROR - 2016-05-19 10:37:29 --> Could not find the language line "mynt_icon_buy"
ERROR - 2016-05-19 10:37:31 --> Could not find the language line "mynt_buy_amazon"
ERROR - 2016-05-19 10:37:31 --> Could not find the language line "home_sdeno_slide"
ERROR - 2016-05-19 10:37:31 --> Could not find the language line "tracker"
ERROR - 2016-05-19 10:37:31 --> Could not find the language line "mynt_feature"
ERROR - 2016-05-19 10:37:31 --> Could not find the language line "home_robot_sdeno"
ERROR - 2016-05-19 10:37:31 --> Could not find the language line "home_sdeno_slogon"
ERROR - 2016-05-19 10:37:31 --> Could not find the language line "mynt_icon_buy"
ERROR - 2016-05-19 10:37:32 --> Could not find the language line "mynt_buy_amazon"
ERROR - 2016-05-19 10:37:32 --> Could not find the language line "home_sdeno_slide"
ERROR - 2016-05-19 10:37:32 --> Could not find the language line "tracker"
ERROR - 2016-05-19 10:37:32 --> Could not find the language line "mynt_feature"
ERROR - 2016-05-19 10:37:32 --> Could not find the language line "home_robot_sdeno"
ERROR - 2016-05-19 10:37:32 --> Could not find the language line "home_sdeno_slogon"
ERROR - 2016-05-19 10:37:32 --> Could not find the language line "mynt_icon_buy"
ERROR - 2016-05-19 10:37:33 --> Could not find the language line "mynt_buy_amazon"
ERROR - 2016-05-19 10:37:33 --> Could not find the language line "home_sdeno_slide"
ERROR - 2016-05-19 10:37:33 --> Could not find the language line "tracker"
ERROR - 2016-05-19 10:37:33 --> Could not find the language line "mynt_feature"
ERROR - 2016-05-19 10:37:33 --> Could not find the language line "home_robot_sdeno"
ERROR - 2016-05-19 10:37:33 --> Could not find the language line "home_sdeno_slogon"
ERROR - 2016-05-19 10:37:33 --> Could not find the language line "mynt_icon_buy"
ERROR - 2016-05-19 10:37:33 --> Could not find the language line "mynt_buy_amazon"
ERROR - 2016-05-19 10:37:33 --> Could not find the language line "home_sdeno_slide"
ERROR - 2016-05-19 10:37:33 --> Could not find the language line "tracker"
ERROR - 2016-05-19 10:37:33 --> Could not find the language line "mynt_feature"
ERROR - 2016-05-19 10:37:33 --> Could not find the language line "home_robot_sdeno"
ERROR - 2016-05-19 10:37:33 --> Could not find the language line "home_sdeno_slogon"
ERROR - 2016-05-19 10:37:33 --> Could not find the language line "mynt_icon_buy"
ERROR - 2016-05-19 10:37:34 --> Could not find the language line "mynt_buy_amazon"
ERROR - 2016-05-19 10:37:34 --> Could not find the language line "home_sdeno_slide"
ERROR - 2016-05-19 10:37:34 --> Could not find the language line "tracker"
ERROR - 2016-05-19 10:37:34 --> Could not find the language line "mynt_feature"
ERROR - 2016-05-19 10:37:34 --> Could not find the language line "home_robot_sdeno"
ERROR - 2016-05-19 10:37:34 --> Could not find the language line "home_sdeno_slogon"
ERROR - 2016-05-19 10:37:34 --> Could not find the language line "mynt_icon_buy"
ERROR - 2016-05-19 10:37:37 --> Could not find the language line "mynt_buy_amazon"
ERROR - 2016-05-19 10:37:37 --> Could not find the language line "home_sdeno_slide"
ERROR - 2016-05-19 10:37:37 --> Could not find the language line "tracker"
ERROR - 2016-05-19 10:37:37 --> Could not find the language line "mynt_feature"
ERROR - 2016-05-19 10:37:37 --> Could not find the language line "home_robot_sdeno"
ERROR - 2016-05-19 10:37:37 --> Could not find the language line "home_sdeno_slogon"
ERROR - 2016-05-19 10:37:37 --> Could not find the language line "mynt_icon_buy"
ERROR - 2016-05-19 10:37:38 --> Could not find the language line "mynt_buy_amazon"
ERROR - 2016-05-19 10:37:38 --> Could not find the language line "home_sdeno_slide"
ERROR - 2016-05-19 10:37:38 --> Could not find the language line "tracker"
ERROR - 2016-05-19 10:37:38 --> Could not find the language line "mynt_feature"
ERROR - 2016-05-19 10:37:38 --> Could not find the language line "home_robot_sdeno"
ERROR - 2016-05-19 10:37:38 --> Could not find the language line "home_sdeno_slogon"
ERROR - 2016-05-19 10:37:38 --> Could not find the language line "mynt_icon_buy"
ERROR - 2016-05-19 10:37:39 --> Could not find the language line "mynt_buy_amazon"
ERROR - 2016-05-19 10:37:39 --> Could not find the language line "home_sdeno_slide"
ERROR - 2016-05-19 10:37:39 --> Could not find the language line "tracker"
ERROR - 2016-05-19 10:37:39 --> Could not find the language line "mynt_feature"
ERROR - 2016-05-19 10:37:39 --> Could not find the language line "home_robot_sdeno"
ERROR - 2016-05-19 10:37:39 --> Could not find the language line "home_sdeno_slogon"
ERROR - 2016-05-19 10:37:39 --> Could not find the language line "mynt_icon_buy"
ERROR - 2016-05-19 10:38:32 --> Could not find the language line "mynt_buy_amazon"
ERROR - 2016-05-19 10:38:32 --> Could not find the language line "home_sdeno_slide"
ERROR - 2016-05-19 10:38:32 --> Could not find the language line "tracker"
ERROR - 2016-05-19 10:38:32 --> Could not find the language line "mynt_feature"
ERROR - 2016-05-19 10:38:32 --> Could not find the language line "home_robot_sdeno"
ERROR - 2016-05-19 10:38:32 --> Could not find the language line "home_sdeno_slogon"
ERROR - 2016-05-19 10:38:32 --> Could not find the language line "mynt_icon_buy"
ERROR - 2016-05-19 10:38:35 --> Could not find the language line "mynt_buy_amazon"
ERROR - 2016-05-19 10:38:35 --> Could not find the language line "home_sdeno_slide"
ERROR - 2016-05-19 10:38:35 --> Could not find the language line "tracker"
ERROR - 2016-05-19 10:38:35 --> Could not find the language line "mynt_feature"
ERROR - 2016-05-19 10:38:35 --> Could not find the language line "home_robot_sdeno"
ERROR - 2016-05-19 10:38:35 --> Could not find the language line "home_sdeno_slogon"
ERROR - 2016-05-19 10:38:35 --> Could not find the language line "mynt_icon_buy"
ERROR - 2016-05-19 10:38:39 --> Could not find the language line "mynt_buy_amazon"
ERROR - 2016-05-19 10:38:39 --> Could not find the language line "home_sdeno_slide"
ERROR - 2016-05-19 10:38:39 --> Could not find the language line "tracker"
ERROR - 2016-05-19 10:38:39 --> Could not find the language line "mynt_feature"
ERROR - 2016-05-19 10:38:39 --> Could not find the language line "home_robot_sdeno"
ERROR - 2016-05-19 10:38:39 --> Could not find the language line "home_sdeno_slogon"
ERROR - 2016-05-19 10:38:39 --> Could not find the language line "mynt_icon_buy"
ERROR - 2016-05-19 10:39:03 --> Could not find the language line "mynt_buy_amazon"
ERROR - 2016-05-19 10:39:03 --> Could not find the language line "home_sdeno_slide"
ERROR - 2016-05-19 10:39:03 --> Could not find the language line "tracker"
ERROR - 2016-05-19 10:39:03 --> Could not find the language line "mynt_feature"
ERROR - 2016-05-19 10:39:03 --> Could not find the language line "home_robot_sdeno"
ERROR - 2016-05-19 10:39:03 --> Could not find the language line "home_sdeno_slogon"
ERROR - 2016-05-19 10:39:03 --> Could not find the language line "mynt_icon_buy"
ERROR - 2016-05-19 10:39:13 --> Could not find the language line "mynt_buy_amazon"
ERROR - 2016-05-19 10:39:13 --> Could not find the language line "home_sdeno_slide"
ERROR - 2016-05-19 10:39:13 --> Could not find the language line "tracker"
ERROR - 2016-05-19 10:39:13 --> Could not find the language line "mynt_feature"
ERROR - 2016-05-19 10:39:13 --> Could not find the language line "home_robot_sdeno"
ERROR - 2016-05-19 10:39:13 --> Could not find the language line "home_sdeno_slogon"
ERROR - 2016-05-19 10:39:13 --> Could not find the language line "mynt_icon_buy"
ERROR - 2016-05-19 10:40:55 --> Could not find the language line "mynt_buy_amazon"
ERROR - 2016-05-19 10:40:55 --> Could not find the language line "home_sdeno_slide"
ERROR - 2016-05-19 10:40:55 --> Could not find the language line "tracker"
ERROR - 2016-05-19 10:40:55 --> Could not find the language line "mynt_feature"
ERROR - 2016-05-19 10:40:55 --> Could not find the language line "home_robot_sdeno"
ERROR - 2016-05-19 10:40:55 --> Could not find the language line "home_sdeno_slogon"
ERROR - 2016-05-19 10:40:55 --> Could not find the language line "mynt_icon_buy"
ERROR - 2016-05-19 10:43:28 --> Could not find the language line "mynt_buy_amazon"
ERROR - 2016-05-19 10:43:28 --> Could not find the language line "home_sdeno_slide"
ERROR - 2016-05-19 10:43:28 --> Could not find the language line "tracker"
ERROR - 2016-05-19 10:43:28 --> Could not find the language line "mynt_feature"
ERROR - 2016-05-19 10:43:28 --> Could not find the language line "home_robot_sdeno"
ERROR - 2016-05-19 10:43:28 --> Could not find the language line "home_sdeno_slogon"
ERROR - 2016-05-19 10:43:28 --> Could not find the language line "mynt_icon_buy"
ERROR - 2016-05-19 10:45:12 --> Could not find the language line "mynt_buy_amazon"
ERROR - 2016-05-19 10:45:12 --> Could not find the language line "home_sdeno_slide"
ERROR - 2016-05-19 10:45:12 --> Could not find the language line "tracker"
ERROR - 2016-05-19 10:45:12 --> Could not find the language line "mynt_feature"
ERROR - 2016-05-19 10:45:12 --> Could not find the language line "home_robot_sdeno"
ERROR - 2016-05-19 10:45:12 --> Could not find the language line "home_sdeno_slogon"
ERROR - 2016-05-19 10:45:12 --> Could not find the language line "mynt_icon_buy"
ERROR - 2016-05-19 10:49:37 --> Could not find the language line "mynt_buy_amazon"
ERROR - 2016-05-19 10:49:37 --> Could not find the language line "home_sdeno_slide"
ERROR - 2016-05-19 10:49:37 --> Could not find the language line "tracker"
ERROR - 2016-05-19 10:49:37 --> Could not find the language line "mynt_feature"
ERROR - 2016-05-19 10:49:37 --> Could not find the language line "home_robot_sdeno"
ERROR - 2016-05-19 10:49:37 --> Could not find the language line "home_sdeno_slogon"
ERROR - 2016-05-19 10:49:37 --> Could not find the language line "mynt_icon_buy"
ERROR - 2016-05-19 10:49:37 --> Session: File 'ci_sessions/ci_session044a6620919fc0132ab2e5c9aadacc7964730779' doesn't exist and cannot be created.
ERROR - 2016-05-19 10:49:53 --> Could not find the language line "mynt_buy_amazon"
ERROR - 2016-05-19 10:49:53 --> Could not find the language line "home_sdeno_slide"
ERROR - 2016-05-19 10:49:53 --> Could not find the language line "tracker"
ERROR - 2016-05-19 10:49:53 --> Could not find the language line "mynt_feature"
ERROR - 2016-05-19 10:49:53 --> Could not find the language line "home_robot_sdeno"
ERROR - 2016-05-19 10:49:53 --> Could not find the language line "home_sdeno_slogon"
ERROR - 2016-05-19 10:49:53 --> Could not find the language line "mynt_icon_buy"
ERROR - 2016-05-19 10:50:55 --> Could not find the language line "mynt_buy_amazon"
ERROR - 2016-05-19 10:50:55 --> Could not find the language line "home_sdeno_slide"
ERROR - 2016-05-19 10:50:55 --> Could not find the language line "tracker"
ERROR - 2016-05-19 10:50:55 --> Could not find the language line "mynt_feature"
ERROR - 2016-05-19 10:50:55 --> Could not find the language line "home_robot_sdeno"
ERROR - 2016-05-19 10:50:55 --> Could not find the language line "home_sdeno_slogon"
ERROR - 2016-05-19 10:50:55 --> Could not find the language line "mynt_icon_buy"
ERROR - 2016-05-19 13:55:25 --> Could not find the language line "mynt_buy_amazon"
ERROR - 2016-05-19 13:55:25 --> Could not find the language line "home_sdeno_slide"
ERROR - 2016-05-19 13:55:25 --> Could not find the language line "tracker"
ERROR - 2016-05-19 13:55:25 --> Could not find the language line "mynt_feature"
ERROR - 2016-05-19 13:55:25 --> Could not find the language line "home_robot_sdeno"
ERROR - 2016-05-19 13:55:25 --> Could not find the language line "home_sdeno_slogon"
ERROR - 2016-05-19 13:55:25 --> Could not find the language line "mynt_icon_buy"
ERROR - 2016-05-19 13:55:56 --> Could not find the language line "mynt_buy_amazon"
ERROR - 2016-05-19 13:55:56 --> Could not find the language line "home_sdeno_slide"
ERROR - 2016-05-19 13:55:56 --> Could not find the language line "tracker"
ERROR - 2016-05-19 13:55:56 --> Could not find the language line "mynt_feature"
ERROR - 2016-05-19 13:55:56 --> Could not find the language line "home_robot_sdeno"
ERROR - 2016-05-19 13:55:56 --> Could not find the language line "home_sdeno_slogon"
ERROR - 2016-05-19 13:55:56 --> Could not find the language line "mynt_icon_buy"
ERROR - 2016-05-19 13:56:00 --> Could not find the language line "mynt_buy_amazon"
ERROR - 2016-05-19 13:56:00 --> Could not find the language line "home_sdeno_slide"
ERROR - 2016-05-19 13:56:00 --> Could not find the language line "tracker"
ERROR - 2016-05-19 13:56:00 --> Could not find the language line "mynt_feature"
ERROR - 2016-05-19 13:56:00 --> Could not find the language line "home_robot_sdeno"
ERROR - 2016-05-19 13:56:00 --> Could not find the language line "home_sdeno_slogon"
ERROR - 2016-05-19 13:56:00 --> Could not find the language line "mynt_icon_buy"
