ERROR - 2016-12-28 08:03:27 --> Could not find the language line "mynt_buy_taobao"
ERROR - 2016-12-28 08:03:27 --> Could not find the language line "mynt_buy_tmall"
ERROR - 2016-12-28 08:03:27 --> Could not find the language line "mynt_buy_youzan"
ERROR - 2016-12-28 08:03:27 --> Could not find the language line "mynt_buy_jd"
ERROR - 2016-12-28 08:06:47 --> Could not find the language line "mynt_buy_taobao"
ERROR - 2016-12-28 08:06:47 --> Could not find the language line "mynt_buy_tmall"
ERROR - 2016-12-28 08:06:47 --> Could not find the language line "mynt_buy_youzan"
ERROR - 2016-12-28 08:06:47 --> Could not find the language line "mynt_buy_jd"
ERROR - 2016-12-28 08:06:47 --> Could not find the language line "about_keywords"
ERROR - 2016-12-28 08:06:47 --> Could not find the language line "about_facebook"
ERROR - 2016-12-28 08:06:47 --> Could not find the language line "about_twitter"
ERROR - 2016-12-28 08:06:47 --> Could not find the language line "about_weibo"
ERROR - 2016-12-28 08:06:57 --> Could not find the language line "mynt_buy_taobao"
ERROR - 2016-12-28 08:06:57 --> Could not find the language line "mynt_buy_tmall"
ERROR - 2016-12-28 08:06:57 --> Could not find the language line "mynt_buy_youzan"
ERROR - 2016-12-28 08:06:57 --> Could not find the language line "mynt_buy_jd"
ERROR - 2016-12-28 08:08:17 --> Could not find the language line "mynt_buy_taobao"
ERROR - 2016-12-28 08:08:17 --> Could not find the language line "mynt_buy_tmall"
ERROR - 2016-12-28 08:08:17 --> Could not find the language line "mynt_buy_youzan"
ERROR - 2016-12-28 08:08:17 --> Could not find the language line "mynt_buy_jd"
ERROR - 2016-12-28 08:08:17 --> Could not find the language line "about_keywords"
ERROR - 2016-12-28 08:08:17 --> Could not find the language line "about_facebook"
ERROR - 2016-12-28 08:08:17 --> Could not find the language line "about_twitter"
ERROR - 2016-12-28 08:08:17 --> Could not find the language line "about_weibo"
ERROR - 2016-12-28 08:08:17 --> Could not find the language line "mynt_buy_taobao"
ERROR - 2016-12-28 08:08:17 --> Could not find the language line "mynt_buy_tmall"
ERROR - 2016-12-28 08:08:17 --> Could not find the language line "mynt_buy_youzan"
ERROR - 2016-12-28 08:08:17 --> Could not find the language line "mynt_buy_jd"
ERROR - 2016-12-28 08:22:55 --> Could not find the language line "mynt_buy_taobao"
ERROR - 2016-12-28 08:22:55 --> Could not find the language line "mynt_buy_tmall"
ERROR - 2016-12-28 08:22:55 --> Could not find the language line "mynt_buy_youzan"
ERROR - 2016-12-28 08:22:55 --> Could not find the language line "mynt_buy_jd"
ERROR - 2016-12-28 08:22:55 --> Could not find the language line "about_keywords"
ERROR - 2016-12-28 08:22:55 --> Could not find the language line "about_facebook"
ERROR - 2016-12-28 08:22:55 --> Could not find the language line "about_twitter"
ERROR - 2016-12-28 08:22:55 --> Could not find the language line "about_weibo"
ERROR - 2016-12-28 08:22:55 --> Could not find the language line "mynt_buy_taobao"
ERROR - 2016-12-28 08:22:55 --> Could not find the language line "mynt_buy_tmall"
ERROR - 2016-12-28 08:22:55 --> Could not find the language line "mynt_buy_youzan"
ERROR - 2016-12-28 08:22:55 --> Could not find the language line "mynt_buy_jd"
ERROR - 2016-12-28 08:23:02 --> Could not find the language line "mynt_buy_taobao"
ERROR - 2016-12-28 08:23:02 --> Could not find the language line "mynt_buy_tmall"
ERROR - 2016-12-28 08:23:02 --> Could not find the language line "mynt_buy_youzan"
ERROR - 2016-12-28 08:23:02 --> Could not find the language line "mynt_buy_jd"
ERROR - 2016-12-28 08:23:02 --> Could not find the language line "about_keywords"
ERROR - 2016-12-28 08:23:02 --> Could not find the language line "about_facebook"
ERROR - 2016-12-28 08:23:02 --> Could not find the language line "about_twitter"
ERROR - 2016-12-28 08:23:02 --> Could not find the language line "about_weibo"
ERROR - 2016-12-28 08:23:02 --> Could not find the language line "mynt_buy_taobao"
ERROR - 2016-12-28 08:23:02 --> Could not find the language line "mynt_buy_tmall"
ERROR - 2016-12-28 08:23:02 --> Could not find the language line "mynt_buy_youzan"
ERROR - 2016-12-28 08:23:02 --> Could not find the language line "mynt_buy_jd"
ERROR - 2016-12-28 08:24:00 --> Could not find the language line "mynt_buy_taobao"
ERROR - 2016-12-28 08:24:00 --> Could not find the language line "mynt_buy_tmall"
ERROR - 2016-12-28 08:24:00 --> Could not find the language line "mynt_buy_youzan"
ERROR - 2016-12-28 08:24:00 --> Could not find the language line "mynt_buy_jd"
ERROR - 2016-12-28 08:24:00 --> Could not find the language line "about_keywords"
ERROR - 2016-12-28 08:24:00 --> Could not find the language line "about_facebook"
ERROR - 2016-12-28 08:24:00 --> Could not find the language line "about_twitter"
ERROR - 2016-12-28 08:24:00 --> Could not find the language line "about_weibo"
ERROR - 2016-12-28 08:24:00 --> Could not find the language line "mynt_buy_taobao"
ERROR - 2016-12-28 08:24:00 --> Could not find the language line "mynt_buy_tmall"
ERROR - 2016-12-28 08:24:00 --> Could not find the language line "mynt_buy_youzan"
ERROR - 2016-12-28 08:24:00 --> Could not find the language line "mynt_buy_jd"
ERROR - 2016-12-28 08:24:02 --> Could not find the language line "mynt_buy_taobao"
ERROR - 2016-12-28 08:24:02 --> Could not find the language line "mynt_buy_tmall"
ERROR - 2016-12-28 08:24:02 --> Could not find the language line "mynt_buy_youzan"
ERROR - 2016-12-28 08:24:02 --> Could not find the language line "mynt_buy_jd"
ERROR - 2016-12-28 08:24:02 --> Could not find the language line "about_keywords"
ERROR - 2016-12-28 08:24:02 --> Could not find the language line "about_facebook"
ERROR - 2016-12-28 08:24:02 --> Could not find the language line "about_twitter"
ERROR - 2016-12-28 08:24:02 --> Could not find the language line "about_weibo"
ERROR - 2016-12-28 08:24:02 --> Could not find the language line "mynt_buy_taobao"
ERROR - 2016-12-28 08:24:02 --> Could not find the language line "mynt_buy_tmall"
ERROR - 2016-12-28 08:24:02 --> Could not find the language line "mynt_buy_youzan"
ERROR - 2016-12-28 08:24:02 --> Could not find the language line "mynt_buy_jd"
ERROR - 2016-12-28 08:24:04 --> Could not find the language line "mynt_buy_taobao"
ERROR - 2016-12-28 08:24:04 --> Could not find the language line "mynt_buy_tmall"
ERROR - 2016-12-28 08:24:04 --> Could not find the language line "mynt_buy_youzan"
ERROR - 2016-12-28 08:24:04 --> Could not find the language line "mynt_buy_jd"
ERROR - 2016-12-28 08:24:04 --> Could not find the language line "about_keywords"
ERROR - 2016-12-28 08:24:04 --> Could not find the language line "about_facebook"
ERROR - 2016-12-28 08:24:04 --> Could not find the language line "about_twitter"
ERROR - 2016-12-28 08:24:04 --> Could not find the language line "about_weibo"
ERROR - 2016-12-28 08:24:04 --> Could not find the language line "mynt_buy_taobao"
ERROR - 2016-12-28 08:24:04 --> Could not find the language line "mynt_buy_tmall"
ERROR - 2016-12-28 08:24:04 --> Could not find the language line "mynt_buy_youzan"
ERROR - 2016-12-28 08:24:04 --> Could not find the language line "mynt_buy_jd"
ERROR - 2016-12-28 08:24:04 --> Could not find the language line "mynt_buy_taobao"
ERROR - 2016-12-28 08:24:04 --> Could not find the language line "mynt_buy_tmall"
ERROR - 2016-12-28 08:24:04 --> Could not find the language line "mynt_buy_youzan"
ERROR - 2016-12-28 08:24:04 --> Could not find the language line "mynt_buy_jd"
ERROR - 2016-12-28 08:24:04 --> Could not find the language line "about_keywords"
ERROR - 2016-12-28 08:24:04 --> Could not find the language line "about_facebook"
ERROR - 2016-12-28 08:24:04 --> Could not find the language line "about_twitter"
ERROR - 2016-12-28 08:24:04 --> Could not find the language line "about_weibo"
ERROR - 2016-12-28 08:24:05 --> Could not find the language line "mynt_buy_taobao"
ERROR - 2016-12-28 08:24:05 --> Could not find the language line "mynt_buy_tmall"
ERROR - 2016-12-28 08:24:05 --> Could not find the language line "mynt_buy_youzan"
ERROR - 2016-12-28 08:24:05 --> Could not find the language line "mynt_buy_jd"
ERROR - 2016-12-28 08:27:00 --> Could not find the language line "mynt_buy_taobao"
ERROR - 2016-12-28 08:27:00 --> Could not find the language line "mynt_buy_tmall"
ERROR - 2016-12-28 08:27:00 --> Could not find the language line "mynt_buy_youzan"
ERROR - 2016-12-28 08:27:00 --> Could not find the language line "mynt_buy_jd"
ERROR - 2016-12-28 08:27:00 --> Could not find the language line "about_keywords"
ERROR - 2016-12-28 08:27:00 --> Could not find the language line "about_facebook"
ERROR - 2016-12-28 08:27:00 --> Could not find the language line "about_twitter"
ERROR - 2016-12-28 08:27:00 --> Could not find the language line "about_weibo"
ERROR - 2016-12-28 08:27:00 --> Could not find the language line "mynt_buy_taobao"
ERROR - 2016-12-28 08:27:00 --> Could not find the language line "mynt_buy_tmall"
ERROR - 2016-12-28 08:27:00 --> Could not find the language line "mynt_buy_youzan"
ERROR - 2016-12-28 08:27:00 --> Could not find the language line "mynt_buy_jd"
ERROR - 2016-12-28 08:38:56 --> Could not find the language line "mynt_buy_taobao"
ERROR - 2016-12-28 08:38:56 --> Could not find the language line "mynt_buy_tmall"
ERROR - 2016-12-28 08:38:56 --> Could not find the language line "mynt_buy_youzan"
ERROR - 2016-12-28 08:38:56 --> Could not find the language line "mynt_buy_jd"
ERROR - 2016-12-28 08:38:56 --> Could not find the language line "about_keywords"
ERROR - 2016-12-28 08:38:56 --> Could not find the language line "about_facebook"
ERROR - 2016-12-28 08:38:56 --> Could not find the language line "about_twitter"
ERROR - 2016-12-28 08:38:56 --> Could not find the language line "about_weibo"
ERROR - 2016-12-28 08:38:56 --> Could not find the language line "mynt_buy_taobao"
ERROR - 2016-12-28 08:38:56 --> Could not find the language line "mynt_buy_tmall"
ERROR - 2016-12-28 08:38:56 --> Could not find the language line "mynt_buy_youzan"
ERROR - 2016-12-28 08:38:56 --> Could not find the language line "mynt_buy_jd"
ERROR - 2016-12-28 08:39:15 --> Could not find the language line "mynt_buy_taobao"
ERROR - 2016-12-28 08:39:15 --> Could not find the language line "mynt_buy_tmall"
ERROR - 2016-12-28 08:39:15 --> Could not find the language line "mynt_buy_youzan"
ERROR - 2016-12-28 08:39:15 --> Could not find the language line "mynt_buy_jd"
ERROR - 2016-12-28 08:39:15 --> Could not find the language line "about_keywords"
ERROR - 2016-12-28 08:39:15 --> Could not find the language line "about_facebook"
ERROR - 2016-12-28 08:39:15 --> Could not find the language line "about_twitter"
ERROR - 2016-12-28 08:39:15 --> Could not find the language line "about_weibo"
ERROR - 2016-12-28 08:39:15 --> Could not find the language line "mynt_buy_taobao"
ERROR - 2016-12-28 08:39:15 --> Could not find the language line "mynt_buy_tmall"
ERROR - 2016-12-28 08:39:15 --> Could not find the language line "mynt_buy_youzan"
ERROR - 2016-12-28 08:39:15 --> Could not find the language line "mynt_buy_jd"
ERROR - 2016-12-28 08:39:17 --> Could not find the language line "mynt_buy_taobao"
ERROR - 2016-12-28 08:39:17 --> Could not find the language line "mynt_buy_tmall"
ERROR - 2016-12-28 08:39:17 --> Could not find the language line "mynt_buy_youzan"
ERROR - 2016-12-28 08:39:17 --> Could not find the language line "mynt_buy_jd"
ERROR - 2016-12-28 08:39:17 --> Could not find the language line "about_keywords"
ERROR - 2016-12-28 08:39:17 --> Could not find the language line "about_facebook"
ERROR - 2016-12-28 08:39:17 --> Could not find the language line "about_twitter"
ERROR - 2016-12-28 08:39:17 --> Could not find the language line "about_weibo"
ERROR - 2016-12-28 08:39:17 --> Could not find the language line "mynt_buy_taobao"
ERROR - 2016-12-28 08:39:17 --> Could not find the language line "mynt_buy_tmall"
ERROR - 2016-12-28 08:39:17 --> Could not find the language line "mynt_buy_youzan"
ERROR - 2016-12-28 08:39:17 --> Could not find the language line "mynt_buy_jd"
ERROR - 2016-12-28 08:39:28 --> Could not find the language line "mynt_buy_taobao"
ERROR - 2016-12-28 08:39:28 --> Could not find the language line "mynt_buy_tmall"
ERROR - 2016-12-28 08:39:28 --> Could not find the language line "mynt_buy_youzan"
ERROR - 2016-12-28 08:39:28 --> Could not find the language line "mynt_buy_jd"
ERROR - 2016-12-28 08:39:28 --> Could not find the language line "about_keywords"
ERROR - 2016-12-28 08:39:28 --> Could not find the language line "about_facebook"
ERROR - 2016-12-28 08:39:28 --> Could not find the language line "about_twitter"
ERROR - 2016-12-28 08:39:28 --> Could not find the language line "about_weibo"
ERROR - 2016-12-28 08:39:29 --> Could not find the language line "mynt_buy_taobao"
ERROR - 2016-12-28 08:39:29 --> Could not find the language line "mynt_buy_tmall"
ERROR - 2016-12-28 08:39:29 --> Could not find the language line "mynt_buy_youzan"
ERROR - 2016-12-28 08:39:29 --> Could not find the language line "mynt_buy_jd"
ERROR - 2016-12-28 08:39:42 --> Could not find the language line "mynt_buy_taobao"
ERROR - 2016-12-28 08:39:42 --> Could not find the language line "mynt_buy_tmall"
ERROR - 2016-12-28 08:39:42 --> Could not find the language line "mynt_buy_youzan"
ERROR - 2016-12-28 08:39:42 --> Could not find the language line "mynt_buy_jd"
ERROR - 2016-12-28 08:39:42 --> Could not find the language line "about_keywords"
ERROR - 2016-12-28 08:39:42 --> Could not find the language line "about_facebook"
ERROR - 2016-12-28 08:39:42 --> Could not find the language line "about_twitter"
ERROR - 2016-12-28 08:39:42 --> Could not find the language line "about_weibo"
ERROR - 2016-12-28 08:39:42 --> Could not find the language line "mynt_buy_taobao"
ERROR - 2016-12-28 08:39:42 --> Could not find the language line "mynt_buy_tmall"
ERROR - 2016-12-28 08:39:42 --> Could not find the language line "mynt_buy_youzan"
ERROR - 2016-12-28 08:39:42 --> Could not find the language line "mynt_buy_jd"
ERROR - 2016-12-28 08:47:23 --> Could not find the language line "mynt_buy_taobao"
ERROR - 2016-12-28 08:47:23 --> Could not find the language line "mynt_buy_tmall"
ERROR - 2016-12-28 08:47:23 --> Could not find the language line "mynt_buy_youzan"
ERROR - 2016-12-28 08:47:23 --> Could not find the language line "mynt_buy_jd"
ERROR - 2016-12-28 08:47:23 --> Could not find the language line "about_keywords"
ERROR - 2016-12-28 08:47:23 --> Could not find the language line "about_facebook"
ERROR - 2016-12-28 08:47:23 --> Could not find the language line "about_twitter"
ERROR - 2016-12-28 08:47:23 --> Could not find the language line "about_weibo"
ERROR - 2016-12-28 08:47:26 --> Could not find the language line "mynt_buy_taobao"
ERROR - 2016-12-28 08:47:26 --> Could not find the language line "mynt_buy_tmall"
ERROR - 2016-12-28 08:47:26 --> Could not find the language line "mynt_buy_youzan"
ERROR - 2016-12-28 08:47:26 --> Could not find the language line "mynt_buy_jd"
ERROR - 2016-12-28 08:53:52 --> Could not find the language line "mynt_buy_taobao"
ERROR - 2016-12-28 08:53:52 --> Could not find the language line "mynt_buy_tmall"
ERROR - 2016-12-28 08:53:52 --> Could not find the language line "mynt_buy_youzan"
ERROR - 2016-12-28 08:53:52 --> Could not find the language line "mynt_buy_jd"
ERROR - 2016-12-28 08:53:52 --> Could not find the language line "about_keywords"
ERROR - 2016-12-28 08:53:52 --> Could not find the language line "about_facebook"
ERROR - 2016-12-28 08:53:52 --> Could not find the language line "about_twitter"
ERROR - 2016-12-28 08:53:52 --> Could not find the language line "about_weibo"
ERROR - 2016-12-28 08:53:52 --> Could not find the language line "mynt_buy_taobao"
ERROR - 2016-12-28 08:53:52 --> Could not find the language line "mynt_buy_tmall"
ERROR - 2016-12-28 08:53:52 --> Could not find the language line "mynt_buy_youzan"
ERROR - 2016-12-28 08:53:52 --> Could not find the language line "mynt_buy_jd"
ERROR - 2016-12-28 08:55:51 --> Could not find the language line "mynt_buy_taobao"
ERROR - 2016-12-28 08:55:51 --> Could not find the language line "mynt_buy_tmall"
ERROR - 2016-12-28 08:55:51 --> Could not find the language line "mynt_buy_youzan"
ERROR - 2016-12-28 08:55:51 --> Could not find the language line "mynt_buy_jd"
ERROR - 2016-12-28 08:55:51 --> Could not find the language line "about_keywords"
ERROR - 2016-12-28 08:55:51 --> Could not find the language line "about_facebook"
ERROR - 2016-12-28 08:55:51 --> Could not find the language line "about_twitter"
ERROR - 2016-12-28 08:55:51 --> Could not find the language line "about_weibo"
ERROR - 2016-12-28 08:55:51 --> Could not find the language line "mynt_buy_taobao"
ERROR - 2016-12-28 08:55:51 --> Could not find the language line "mynt_buy_tmall"
ERROR - 2016-12-28 08:55:51 --> Could not find the language line "mynt_buy_youzan"
ERROR - 2016-12-28 08:55:51 --> Could not find the language line "mynt_buy_jd"
ERROR - 2016-12-28 08:56:55 --> Could not find the language line "mynt_buy_taobao"
ERROR - 2016-12-28 08:56:55 --> Could not find the language line "mynt_buy_tmall"
ERROR - 2016-12-28 08:56:55 --> Could not find the language line "mynt_buy_youzan"
ERROR - 2016-12-28 08:56:55 --> Could not find the language line "mynt_buy_jd"
ERROR - 2016-12-28 08:56:55 --> Could not find the language line "about_keywords"
ERROR - 2016-12-28 08:56:55 --> Could not find the language line "about_facebook"
ERROR - 2016-12-28 08:56:55 --> Could not find the language line "about_twitter"
ERROR - 2016-12-28 08:56:55 --> Could not find the language line "about_weibo"
ERROR - 2016-12-28 08:56:55 --> Could not find the language line "mynt_buy_taobao"
ERROR - 2016-12-28 08:56:55 --> Could not find the language line "mynt_buy_tmall"
ERROR - 2016-12-28 08:56:55 --> Could not find the language line "mynt_buy_youzan"
ERROR - 2016-12-28 08:56:55 --> Could not find the language line "mynt_buy_jd"
ERROR - 2016-12-28 08:57:11 --> Could not find the language line "mynt_buy_taobao"
ERROR - 2016-12-28 08:57:11 --> Could not find the language line "mynt_buy_tmall"
ERROR - 2016-12-28 08:57:11 --> Could not find the language line "mynt_buy_youzan"
ERROR - 2016-12-28 08:57:11 --> Could not find the language line "mynt_buy_jd"
ERROR - 2016-12-28 08:57:12 --> Could not find the language line "about_keywords"
ERROR - 2016-12-28 08:57:12 --> Could not find the language line "about_facebook"
ERROR - 2016-12-28 08:57:12 --> Could not find the language line "about_twitter"
ERROR - 2016-12-28 08:57:12 --> Could not find the language line "about_weibo"
ERROR - 2016-12-28 08:57:12 --> Could not find the language line "mynt_buy_taobao"
ERROR - 2016-12-28 08:57:12 --> Could not find the language line "mynt_buy_tmall"
ERROR - 2016-12-28 08:57:12 --> Could not find the language line "mynt_buy_youzan"
ERROR - 2016-12-28 08:57:12 --> Could not find the language line "mynt_buy_jd"
ERROR - 2016-12-28 08:57:23 --> Could not find the language line "mynt_buy_taobao"
ERROR - 2016-12-28 08:57:23 --> Could not find the language line "mynt_buy_tmall"
ERROR - 2016-12-28 08:57:23 --> Could not find the language line "mynt_buy_youzan"
ERROR - 2016-12-28 08:57:23 --> Could not find the language line "mynt_buy_jd"
ERROR - 2016-12-28 08:57:23 --> Could not find the language line "about_keywords"
ERROR - 2016-12-28 08:57:23 --> Could not find the language line "about_facebook"
ERROR - 2016-12-28 08:57:23 --> Could not find the language line "about_twitter"
ERROR - 2016-12-28 08:57:23 --> Could not find the language line "about_weibo"
ERROR - 2016-12-28 08:57:23 --> Could not find the language line "mynt_buy_taobao"
ERROR - 2016-12-28 08:57:23 --> Could not find the language line "mynt_buy_tmall"
ERROR - 2016-12-28 08:57:23 --> Could not find the language line "mynt_buy_youzan"
ERROR - 2016-12-28 08:57:23 --> Could not find the language line "mynt_buy_jd"
ERROR - 2016-12-28 08:57:24 --> Could not find the language line "mynt_buy_taobao"
ERROR - 2016-12-28 08:57:24 --> Could not find the language line "mynt_buy_tmall"
ERROR - 2016-12-28 08:57:24 --> Could not find the language line "mynt_buy_youzan"
ERROR - 2016-12-28 08:57:24 --> Could not find the language line "mynt_buy_jd"
ERROR - 2016-12-28 08:57:24 --> Could not find the language line "about_keywords"
ERROR - 2016-12-28 08:57:24 --> Could not find the language line "about_facebook"
ERROR - 2016-12-28 08:57:24 --> Could not find the language line "about_twitter"
ERROR - 2016-12-28 08:57:24 --> Could not find the language line "about_weibo"
ERROR - 2016-12-28 08:57:25 --> Could not find the language line "mynt_buy_taobao"
ERROR - 2016-12-28 08:57:25 --> Could not find the language line "mynt_buy_tmall"
ERROR - 2016-12-28 08:57:25 --> Could not find the language line "mynt_buy_youzan"
ERROR - 2016-12-28 08:57:25 --> Could not find the language line "mynt_buy_jd"
ERROR - 2016-12-28 08:58:02 --> Could not find the language line "mynt_buy_taobao"
ERROR - 2016-12-28 08:58:02 --> Could not find the language line "mynt_buy_tmall"
ERROR - 2016-12-28 08:58:02 --> Could not find the language line "mynt_buy_youzan"
ERROR - 2016-12-28 08:58:02 --> Could not find the language line "mynt_buy_jd"
ERROR - 2016-12-28 08:58:02 --> Could not find the language line "about_keywords"
ERROR - 2016-12-28 08:58:02 --> Could not find the language line "about_facebook"
ERROR - 2016-12-28 08:58:02 --> Could not find the language line "about_twitter"
ERROR - 2016-12-28 08:58:02 --> Could not find the language line "about_weibo"
ERROR - 2016-12-28 08:58:02 --> Could not find the language line "mynt_buy_taobao"
ERROR - 2016-12-28 08:58:02 --> Could not find the language line "mynt_buy_tmall"
ERROR - 2016-12-28 08:58:02 --> Could not find the language line "mynt_buy_youzan"
ERROR - 2016-12-28 08:58:02 --> Could not find the language line "mynt_buy_jd"
ERROR - 2016-12-28 08:58:04 --> Could not find the language line "mynt_buy_taobao"
ERROR - 2016-12-28 08:58:04 --> Could not find the language line "mynt_buy_tmall"
ERROR - 2016-12-28 08:58:04 --> Could not find the language line "mynt_buy_youzan"
ERROR - 2016-12-28 08:58:04 --> Could not find the language line "mynt_buy_jd"
ERROR - 2016-12-28 08:58:04 --> Could not find the language line "about_keywords"
ERROR - 2016-12-28 08:58:04 --> Could not find the language line "about_facebook"
ERROR - 2016-12-28 08:58:04 --> Could not find the language line "about_twitter"
ERROR - 2016-12-28 08:58:04 --> Could not find the language line "about_weibo"
ERROR - 2016-12-28 08:58:04 --> Could not find the language line "mynt_buy_taobao"
ERROR - 2016-12-28 08:58:04 --> Could not find the language line "mynt_buy_tmall"
ERROR - 2016-12-28 08:58:04 --> Could not find the language line "mynt_buy_youzan"
ERROR - 2016-12-28 08:58:04 --> Could not find the language line "mynt_buy_jd"
ERROR - 2016-12-28 08:58:09 --> Could not find the language line "mynt_buy_taobao"
ERROR - 2016-12-28 08:58:09 --> Could not find the language line "mynt_buy_tmall"
ERROR - 2016-12-28 08:58:09 --> Could not find the language line "mynt_buy_youzan"
ERROR - 2016-12-28 08:58:09 --> Could not find the language line "mynt_buy_jd"
ERROR - 2016-12-28 08:58:09 --> Could not find the language line "about_keywords"
ERROR - 2016-12-28 08:58:09 --> Could not find the language line "about_facebook"
ERROR - 2016-12-28 08:58:09 --> Could not find the language line "about_twitter"
ERROR - 2016-12-28 08:58:09 --> Could not find the language line "about_weibo"
ERROR - 2016-12-28 08:58:09 --> Could not find the language line "mynt_buy_taobao"
ERROR - 2016-12-28 08:58:09 --> Could not find the language line "mynt_buy_tmall"
ERROR - 2016-12-28 08:58:09 --> Could not find the language line "mynt_buy_youzan"
ERROR - 2016-12-28 08:58:09 --> Could not find the language line "mynt_buy_jd"
ERROR - 2016-12-28 08:58:10 --> Could not find the language line "mynt_buy_taobao"
ERROR - 2016-12-28 08:58:10 --> Could not find the language line "mynt_buy_tmall"
ERROR - 2016-12-28 08:58:10 --> Could not find the language line "mynt_buy_youzan"
ERROR - 2016-12-28 08:58:10 --> Could not find the language line "mynt_buy_jd"
ERROR - 2016-12-28 08:58:10 --> Could not find the language line "about_keywords"
ERROR - 2016-12-28 08:58:10 --> Could not find the language line "about_facebook"
ERROR - 2016-12-28 08:58:10 --> Could not find the language line "about_twitter"
ERROR - 2016-12-28 08:58:10 --> Could not find the language line "about_weibo"
ERROR - 2016-12-28 08:58:10 --> Could not find the language line "mynt_buy_taobao"
ERROR - 2016-12-28 08:58:10 --> Could not find the language line "mynt_buy_tmall"
ERROR - 2016-12-28 08:58:10 --> Could not find the language line "mynt_buy_youzan"
ERROR - 2016-12-28 08:58:10 --> Could not find the language line "mynt_buy_jd"
ERROR - 2016-12-28 08:58:57 --> Could not find the language line "mynt_buy_taobao"
ERROR - 2016-12-28 08:58:57 --> Could not find the language line "mynt_buy_tmall"
ERROR - 2016-12-28 08:58:57 --> Could not find the language line "mynt_buy_youzan"
ERROR - 2016-12-28 08:58:57 --> Could not find the language line "mynt_buy_jd"
ERROR - 2016-12-28 08:58:57 --> Could not find the language line "about_keywords"
ERROR - 2016-12-28 08:58:57 --> Could not find the language line "about_facebook"
ERROR - 2016-12-28 08:58:57 --> Could not find the language line "about_twitter"
ERROR - 2016-12-28 08:58:57 --> Could not find the language line "about_weibo"
ERROR - 2016-12-28 08:58:58 --> Could not find the language line "mynt_buy_taobao"
ERROR - 2016-12-28 08:58:58 --> Could not find the language line "mynt_buy_tmall"
ERROR - 2016-12-28 08:58:58 --> Could not find the language line "mynt_buy_youzan"
ERROR - 2016-12-28 08:58:58 --> Could not find the language line "mynt_buy_jd"
ERROR - 2016-12-28 08:59:56 --> Could not find the language line "mynt_buy_taobao"
ERROR - 2016-12-28 08:59:56 --> Could not find the language line "mynt_buy_tmall"
ERROR - 2016-12-28 08:59:56 --> Could not find the language line "mynt_buy_youzan"
ERROR - 2016-12-28 08:59:56 --> Could not find the language line "mynt_buy_jd"
ERROR - 2016-12-28 08:59:56 --> Could not find the language line "about_keywords"
ERROR - 2016-12-28 08:59:56 --> Could not find the language line "about_facebook"
ERROR - 2016-12-28 08:59:56 --> Could not find the language line "about_twitter"
ERROR - 2016-12-28 08:59:56 --> Could not find the language line "about_weibo"
ERROR - 2016-12-28 08:59:56 --> Could not find the language line "mynt_buy_taobao"
ERROR - 2016-12-28 08:59:56 --> Could not find the language line "mynt_buy_tmall"
ERROR - 2016-12-28 08:59:56 --> Could not find the language line "mynt_buy_youzan"
ERROR - 2016-12-28 08:59:56 --> Could not find the language line "mynt_buy_jd"
ERROR - 2016-12-28 09:01:26 --> Could not find the language line "mynt_buy_taobao"
ERROR - 2016-12-28 09:01:26 --> Could not find the language line "mynt_buy_tmall"
ERROR - 2016-12-28 09:01:26 --> Could not find the language line "mynt_buy_youzan"
ERROR - 2016-12-28 09:01:26 --> Could not find the language line "mynt_buy_jd"
ERROR - 2016-12-28 09:01:26 --> Could not find the language line "about_keywords"
ERROR - 2016-12-28 09:01:26 --> Could not find the language line "about_facebook"
ERROR - 2016-12-28 09:01:26 --> Could not find the language line "about_twitter"
ERROR - 2016-12-28 09:01:26 --> Could not find the language line "about_weibo"
ERROR - 2016-12-28 09:01:35 --> Could not find the language line "mynt_buy_taobao"
ERROR - 2016-12-28 09:01:35 --> Could not find the language line "mynt_buy_tmall"
ERROR - 2016-12-28 09:01:35 --> Could not find the language line "mynt_buy_youzan"
ERROR - 2016-12-28 09:01:35 --> Could not find the language line "mynt_buy_jd"
ERROR - 2016-12-28 09:11:24 --> Could not find the language line "mynt_buy_taobao"
ERROR - 2016-12-28 09:11:24 --> Could not find the language line "mynt_buy_tmall"
ERROR - 2016-12-28 09:11:24 --> Could not find the language line "mynt_buy_youzan"
ERROR - 2016-12-28 09:11:24 --> Could not find the language line "mynt_buy_jd"
ERROR - 2016-12-28 09:11:24 --> Could not find the language line "about_keywords"
ERROR - 2016-12-28 09:11:24 --> Could not find the language line "about_facebook"
ERROR - 2016-12-28 09:11:24 --> Could not find the language line "about_twitter"
ERROR - 2016-12-28 09:11:24 --> Could not find the language line "about_weibo"
ERROR - 2016-12-28 09:11:24 --> Could not find the language line "mynt_buy_taobao"
ERROR - 2016-12-28 09:11:24 --> Could not find the language line "mynt_buy_tmall"
ERROR - 2016-12-28 09:11:24 --> Could not find the language line "mynt_buy_youzan"
ERROR - 2016-12-28 09:11:24 --> Could not find the language line "mynt_buy_jd"
ERROR - 2016-12-28 09:15:37 --> Could not find the language line "mynt_buy_taobao"
ERROR - 2016-12-28 09:15:37 --> Could not find the language line "mynt_buy_tmall"
ERROR - 2016-12-28 09:15:37 --> Could not find the language line "mynt_buy_youzan"
ERROR - 2016-12-28 09:15:37 --> Could not find the language line "mynt_buy_jd"
ERROR - 2016-12-28 09:15:37 --> Could not find the language line "about_keywords"
ERROR - 2016-12-28 09:15:37 --> Could not find the language line "about_facebook"
ERROR - 2016-12-28 09:15:37 --> Could not find the language line "about_twitter"
ERROR - 2016-12-28 09:15:37 --> Could not find the language line "about_weibo"
ERROR - 2016-12-28 09:15:37 --> Could not find the language line "mynt_buy_taobao"
ERROR - 2016-12-28 09:15:37 --> Could not find the language line "mynt_buy_tmall"
ERROR - 2016-12-28 09:15:37 --> Could not find the language line "mynt_buy_youzan"
ERROR - 2016-12-28 09:15:37 --> Could not find the language line "mynt_buy_jd"
ERROR - 2016-12-28 09:15:43 --> Could not find the language line "mynt_buy_taobao"
ERROR - 2016-12-28 09:15:43 --> Could not find the language line "mynt_buy_tmall"
ERROR - 2016-12-28 09:15:43 --> Could not find the language line "mynt_buy_youzan"
ERROR - 2016-12-28 09:15:43 --> Could not find the language line "mynt_buy_jd"
ERROR - 2016-12-28 09:15:43 --> Could not find the language line "about_keywords"
ERROR - 2016-12-28 09:15:43 --> Could not find the language line "about_facebook"
ERROR - 2016-12-28 09:15:43 --> Could not find the language line "about_twitter"
ERROR - 2016-12-28 09:15:43 --> Could not find the language line "about_weibo"
ERROR - 2016-12-28 09:15:54 --> Could not find the language line "mynt_buy_taobao"
ERROR - 2016-12-28 09:15:54 --> Could not find the language line "mynt_buy_tmall"
ERROR - 2016-12-28 09:15:54 --> Could not find the language line "mynt_buy_youzan"
ERROR - 2016-12-28 09:15:54 --> Could not find the language line "mynt_buy_jd"
ERROR - 2016-12-28 09:15:54 --> Could not find the language line "about_keywords"
ERROR - 2016-12-28 09:15:54 --> Could not find the language line "about_facebook"
ERROR - 2016-12-28 09:15:54 --> Could not find the language line "about_twitter"
ERROR - 2016-12-28 09:15:54 --> Could not find the language line "about_weibo"
ERROR - 2016-12-28 09:15:54 --> Could not find the language line "mynt_buy_taobao"
ERROR - 2016-12-28 09:15:54 --> Could not find the language line "mynt_buy_tmall"
ERROR - 2016-12-28 09:15:54 --> Could not find the language line "mynt_buy_youzan"
ERROR - 2016-12-28 09:15:54 --> Could not find the language line "mynt_buy_jd"
ERROR - 2016-12-28 09:15:55 --> Could not find the language line "mynt_buy_taobao"
ERROR - 2016-12-28 09:15:55 --> Could not find the language line "mynt_buy_tmall"
ERROR - 2016-12-28 09:15:55 --> Could not find the language line "mynt_buy_youzan"
ERROR - 2016-12-28 09:15:55 --> Could not find the language line "mynt_buy_jd"
ERROR - 2016-12-28 09:15:55 --> Could not find the language line "about_keywords"
ERROR - 2016-12-28 09:15:55 --> Could not find the language line "about_facebook"
ERROR - 2016-12-28 09:15:55 --> Could not find the language line "about_twitter"
ERROR - 2016-12-28 09:15:55 --> Could not find the language line "about_weibo"
ERROR - 2016-12-28 09:15:55 --> Could not find the language line "mynt_buy_taobao"
ERROR - 2016-12-28 09:15:55 --> Could not find the language line "mynt_buy_tmall"
ERROR - 2016-12-28 09:15:55 --> Could not find the language line "mynt_buy_youzan"
ERROR - 2016-12-28 09:15:55 --> Could not find the language line "mynt_buy_jd"
ERROR - 2016-12-28 09:15:55 --> Could not find the language line "about_keywords"
ERROR - 2016-12-28 09:15:55 --> Could not find the language line "about_facebook"
ERROR - 2016-12-28 09:15:55 --> Could not find the language line "about_twitter"
ERROR - 2016-12-28 09:15:55 --> Could not find the language line "about_weibo"
ERROR - 2016-12-28 09:15:55 --> Could not find the language line "mynt_buy_taobao"
ERROR - 2016-12-28 09:15:55 --> Could not find the language line "mynt_buy_tmall"
ERROR - 2016-12-28 09:15:55 --> Could not find the language line "mynt_buy_youzan"
ERROR - 2016-12-28 09:15:55 --> Could not find the language line "mynt_buy_jd"
ERROR - 2016-12-28 09:15:55 --> Could not find the language line "about_keywords"
ERROR - 2016-12-28 09:15:55 --> Could not find the language line "about_facebook"
ERROR - 2016-12-28 09:15:55 --> Could not find the language line "about_twitter"
ERROR - 2016-12-28 09:15:55 --> Could not find the language line "about_weibo"
ERROR - 2016-12-28 09:15:55 --> Could not find the language line "mynt_buy_taobao"
ERROR - 2016-12-28 09:15:55 --> Could not find the language line "mynt_buy_tmall"
ERROR - 2016-12-28 09:15:55 --> Could not find the language line "mynt_buy_youzan"
ERROR - 2016-12-28 09:15:55 --> Could not find the language line "mynt_buy_jd"
ERROR - 2016-12-28 09:15:55 --> Could not find the language line "mynt_buy_taobao"
ERROR - 2016-12-28 09:15:55 --> Could not find the language line "mynt_buy_tmall"
ERROR - 2016-12-28 09:15:55 --> Could not find the language line "mynt_buy_youzan"
ERROR - 2016-12-28 09:15:55 --> Could not find the language line "mynt_buy_jd"
ERROR - 2016-12-28 09:15:55 --> Could not find the language line "about_keywords"
ERROR - 2016-12-28 09:15:55 --> Could not find the language line "about_facebook"
ERROR - 2016-12-28 09:15:55 --> Could not find the language line "about_twitter"
ERROR - 2016-12-28 09:15:55 --> Could not find the language line "about_weibo"
ERROR - 2016-12-28 09:15:56 --> Could not find the language line "mynt_buy_taobao"
ERROR - 2016-12-28 09:15:56 --> Could not find the language line "mynt_buy_tmall"
ERROR - 2016-12-28 09:15:56 --> Could not find the language line "mynt_buy_youzan"
ERROR - 2016-12-28 09:15:56 --> Could not find the language line "mynt_buy_jd"
ERROR - 2016-12-28 09:16:19 --> Could not find the language line "mynt_buy_taobao"
ERROR - 2016-12-28 09:16:19 --> Could not find the language line "mynt_buy_tmall"
ERROR - 2016-12-28 09:16:19 --> Could not find the language line "mynt_buy_youzan"
ERROR - 2016-12-28 09:16:19 --> Could not find the language line "mynt_buy_jd"
ERROR - 2016-12-28 09:16:19 --> Could not find the language line "about_keywords"
ERROR - 2016-12-28 09:16:19 --> Could not find the language line "about_facebook"
ERROR - 2016-12-28 09:16:19 --> Could not find the language line "about_twitter"
ERROR - 2016-12-28 09:16:19 --> Could not find the language line "about_weibo"
ERROR - 2016-12-28 09:16:20 --> Could not find the language line "mynt_buy_taobao"
ERROR - 2016-12-28 09:16:20 --> Could not find the language line "mynt_buy_tmall"
ERROR - 2016-12-28 09:16:20 --> Could not find the language line "mynt_buy_youzan"
ERROR - 2016-12-28 09:16:20 --> Could not find the language line "mynt_buy_jd"
ERROR - 2016-12-28 09:16:37 --> Could not find the language line "mynt_buy_taobao"
ERROR - 2016-12-28 09:16:37 --> Could not find the language line "mynt_buy_tmall"
ERROR - 2016-12-28 09:16:37 --> Could not find the language line "mynt_buy_youzan"
ERROR - 2016-12-28 09:16:37 --> Could not find the language line "mynt_buy_jd"
ERROR - 2016-12-28 09:16:37 --> Could not find the language line "about_keywords"
ERROR - 2016-12-28 09:16:37 --> Could not find the language line "about_facebook"
ERROR - 2016-12-28 09:16:37 --> Could not find the language line "about_twitter"
ERROR - 2016-12-28 09:16:37 --> Could not find the language line "about_weibo"
ERROR - 2016-12-28 09:16:39 --> Could not find the language line "mynt_buy_taobao"
ERROR - 2016-12-28 09:16:39 --> Could not find the language line "mynt_buy_tmall"
ERROR - 2016-12-28 09:16:39 --> Could not find the language line "mynt_buy_youzan"
ERROR - 2016-12-28 09:16:39 --> Could not find the language line "mynt_buy_jd"
ERROR - 2016-12-28 09:16:39 --> Could not find the language line "about_keywords"
ERROR - 2016-12-28 09:16:39 --> Could not find the language line "about_facebook"
ERROR - 2016-12-28 09:16:39 --> Could not find the language line "about_twitter"
ERROR - 2016-12-28 09:16:39 --> Could not find the language line "about_weibo"
ERROR - 2016-12-28 09:16:39 --> Could not find the language line "mynt_buy_taobao"
ERROR - 2016-12-28 09:16:39 --> Could not find the language line "mynt_buy_tmall"
ERROR - 2016-12-28 09:16:39 --> Could not find the language line "mynt_buy_youzan"
ERROR - 2016-12-28 09:16:39 --> Could not find the language line "mynt_buy_jd"
ERROR - 2016-12-28 09:17:23 --> Could not find the language line "mynt_buy_taobao"
ERROR - 2016-12-28 09:17:23 --> Could not find the language line "mynt_buy_tmall"
ERROR - 2016-12-28 09:17:23 --> Could not find the language line "mynt_buy_youzan"
ERROR - 2016-12-28 09:17:23 --> Could not find the language line "mynt_buy_jd"
ERROR - 2016-12-28 09:17:23 --> Could not find the language line "about_keywords"
ERROR - 2016-12-28 09:17:23 --> Could not find the language line "about_facebook"
ERROR - 2016-12-28 09:17:23 --> Could not find the language line "about_twitter"
ERROR - 2016-12-28 09:17:23 --> Could not find the language line "about_weibo"
ERROR - 2016-12-28 09:17:24 --> Could not find the language line "mynt_buy_taobao"
ERROR - 2016-12-28 09:17:24 --> Could not find the language line "mynt_buy_tmall"
ERROR - 2016-12-28 09:17:24 --> Could not find the language line "mynt_buy_youzan"
ERROR - 2016-12-28 09:17:24 --> Could not find the language line "mynt_buy_jd"
ERROR - 2016-12-28 09:17:36 --> Could not find the language line "mynt_buy_taobao"
ERROR - 2016-12-28 09:17:36 --> Could not find the language line "mynt_buy_tmall"
ERROR - 2016-12-28 09:17:36 --> Could not find the language line "mynt_buy_youzan"
ERROR - 2016-12-28 09:17:36 --> Could not find the language line "mynt_buy_jd"
ERROR - 2016-12-28 09:17:36 --> Could not find the language line "about_keywords"
ERROR - 2016-12-28 09:17:36 --> Could not find the language line "about_facebook"
ERROR - 2016-12-28 09:17:36 --> Could not find the language line "about_twitter"
ERROR - 2016-12-28 09:17:36 --> Could not find the language line "about_weibo"
ERROR - 2016-12-28 09:17:37 --> Could not find the language line "mynt_buy_taobao"
ERROR - 2016-12-28 09:17:37 --> Could not find the language line "mynt_buy_tmall"
ERROR - 2016-12-28 09:17:37 --> Could not find the language line "mynt_buy_youzan"
ERROR - 2016-12-28 09:17:37 --> Could not find the language line "mynt_buy_jd"
ERROR - 2016-12-28 09:18:05 --> Could not find the language line "mynt_buy_taobao"
ERROR - 2016-12-28 09:18:05 --> Could not find the language line "mynt_buy_tmall"
ERROR - 2016-12-28 09:18:05 --> Could not find the language line "mynt_buy_youzan"
ERROR - 2016-12-28 09:18:05 --> Could not find the language line "mynt_buy_jd"
ERROR - 2016-12-28 09:18:05 --> Could not find the language line "about_keywords"
ERROR - 2016-12-28 09:18:05 --> Could not find the language line "about_facebook"
ERROR - 2016-12-28 09:18:05 --> Could not find the language line "about_twitter"
ERROR - 2016-12-28 09:18:05 --> Could not find the language line "about_weibo"
ERROR - 2016-12-28 09:18:05 --> Could not find the language line "mynt_buy_taobao"
ERROR - 2016-12-28 09:18:05 --> Could not find the language line "mynt_buy_tmall"
ERROR - 2016-12-28 09:18:05 --> Could not find the language line "mynt_buy_youzan"
ERROR - 2016-12-28 09:18:05 --> Could not find the language line "mynt_buy_jd"
ERROR - 2016-12-28 09:23:02 --> Could not find the language line "mynt_buy_taobao"
ERROR - 2016-12-28 09:23:02 --> Could not find the language line "mynt_buy_tmall"
ERROR - 2016-12-28 09:23:02 --> Could not find the language line "mynt_buy_youzan"
ERROR - 2016-12-28 09:23:02 --> Could not find the language line "mynt_buy_jd"
ERROR - 2016-12-28 09:23:02 --> Could not find the language line "about_keywords"
ERROR - 2016-12-28 09:23:02 --> Could not find the language line "about_facebook"
ERROR - 2016-12-28 09:23:02 --> Could not find the language line "about_twitter"
ERROR - 2016-12-28 09:23:02 --> Could not find the language line "about_weibo"
ERROR - 2016-12-28 09:23:02 --> Could not find the language line "mynt_buy_taobao"
ERROR - 2016-12-28 09:23:02 --> Could not find the language line "mynt_buy_tmall"
ERROR - 2016-12-28 09:23:02 --> Could not find the language line "mynt_buy_youzan"
ERROR - 2016-12-28 09:23:02 --> Could not find the language line "mynt_buy_jd"
ERROR - 2016-12-28 09:26:46 --> Could not find the language line "mynt_buy_taobao"
ERROR - 2016-12-28 09:26:46 --> Could not find the language line "mynt_buy_tmall"
ERROR - 2016-12-28 09:26:46 --> Could not find the language line "mynt_buy_youzan"
ERROR - 2016-12-28 09:26:46 --> Could not find the language line "mynt_buy_jd"
ERROR - 2016-12-28 09:26:46 --> Could not find the language line "about_keywords"
ERROR - 2016-12-28 09:26:46 --> Could not find the language line "about_facebook"
ERROR - 2016-12-28 09:26:46 --> Could not find the language line "about_twitter"
ERROR - 2016-12-28 09:26:46 --> Could not find the language line "about_weibo"
ERROR - 2016-12-28 09:26:52 --> Could not find the language line "mynt_buy_taobao"
ERROR - 2016-12-28 09:26:52 --> Could not find the language line "mynt_buy_tmall"
ERROR - 2016-12-28 09:26:52 --> Could not find the language line "mynt_buy_youzan"
ERROR - 2016-12-28 09:26:52 --> Could not find the language line "mynt_buy_jd"
ERROR - 2016-12-28 09:26:59 --> Could not find the language line "mynt_buy_taobao"
ERROR - 2016-12-28 09:26:59 --> Could not find the language line "mynt_buy_tmall"
ERROR - 2016-12-28 09:26:59 --> Could not find the language line "mynt_buy_youzan"
ERROR - 2016-12-28 09:26:59 --> Could not find the language line "mynt_buy_jd"
ERROR - 2016-12-28 09:26:59 --> Could not find the language line "about_keywords"
ERROR - 2016-12-28 09:26:59 --> Could not find the language line "about_facebook"
ERROR - 2016-12-28 09:26:59 --> Could not find the language line "about_twitter"
ERROR - 2016-12-28 09:26:59 --> Could not find the language line "about_weibo"
ERROR - 2016-12-28 09:26:59 --> Could not find the language line "mynt_buy_taobao"
ERROR - 2016-12-28 09:26:59 --> Could not find the language line "mynt_buy_tmall"
ERROR - 2016-12-28 09:26:59 --> Could not find the language line "mynt_buy_youzan"
ERROR - 2016-12-28 09:26:59 --> Could not find the language line "mynt_buy_jd"
ERROR - 2016-12-28 09:27:02 --> Could not find the language line "mynt_buy_taobao"
ERROR - 2016-12-28 09:27:02 --> Could not find the language line "mynt_buy_tmall"
ERROR - 2016-12-28 09:27:02 --> Could not find the language line "mynt_buy_youzan"
ERROR - 2016-12-28 09:27:02 --> Could not find the language line "mynt_buy_jd"
ERROR - 2016-12-28 09:27:02 --> Could not find the language line "about_keywords"
ERROR - 2016-12-28 09:27:02 --> Could not find the language line "about_facebook"
ERROR - 2016-12-28 09:27:02 --> Could not find the language line "about_twitter"
ERROR - 2016-12-28 09:27:02 --> Could not find the language line "about_weibo"
ERROR - 2016-12-28 09:27:03 --> Could not find the language line "mynt_buy_taobao"
ERROR - 2016-12-28 09:27:03 --> Could not find the language line "mynt_buy_tmall"
ERROR - 2016-12-28 09:27:03 --> Could not find the language line "mynt_buy_youzan"
ERROR - 2016-12-28 09:27:03 --> Could not find the language line "mynt_buy_jd"
ERROR - 2016-12-28 09:27:06 --> Could not find the language line "mynt_buy_taobao"
ERROR - 2016-12-28 09:27:06 --> Could not find the language line "mynt_buy_tmall"
ERROR - 2016-12-28 09:27:06 --> Could not find the language line "mynt_buy_youzan"
ERROR - 2016-12-28 09:27:06 --> Could not find the language line "mynt_buy_jd"
ERROR - 2016-12-28 09:27:06 --> Could not find the language line "about_keywords"
ERROR - 2016-12-28 09:27:06 --> Could not find the language line "about_facebook"
ERROR - 2016-12-28 09:27:06 --> Could not find the language line "about_twitter"
ERROR - 2016-12-28 09:27:06 --> Could not find the language line "about_weibo"
ERROR - 2016-12-28 09:27:07 --> Could not find the language line "mynt_buy_taobao"
ERROR - 2016-12-28 09:27:07 --> Could not find the language line "mynt_buy_tmall"
ERROR - 2016-12-28 09:27:07 --> Could not find the language line "mynt_buy_youzan"
ERROR - 2016-12-28 09:27:07 --> Could not find the language line "mynt_buy_jd"
ERROR - 2016-12-28 09:27:07 --> Could not find the language line "mynt_buy_taobao"
ERROR - 2016-12-28 09:27:07 --> Could not find the language line "mynt_buy_tmall"
ERROR - 2016-12-28 09:27:07 --> Could not find the language line "mynt_buy_youzan"
ERROR - 2016-12-28 09:27:07 --> Could not find the language line "mynt_buy_jd"
ERROR - 2016-12-28 09:27:07 --> Could not find the language line "about_keywords"
ERROR - 2016-12-28 09:27:07 --> Could not find the language line "about_facebook"
ERROR - 2016-12-28 09:27:07 --> Could not find the language line "about_twitter"
ERROR - 2016-12-28 09:27:07 --> Could not find the language line "about_weibo"
ERROR - 2016-12-28 09:27:07 --> Could not find the language line "mynt_buy_taobao"
ERROR - 2016-12-28 09:27:07 --> Could not find the language line "mynt_buy_tmall"
ERROR - 2016-12-28 09:27:07 --> Could not find the language line "mynt_buy_youzan"
ERROR - 2016-12-28 09:27:07 --> Could not find the language line "mynt_buy_jd"
ERROR - 2016-12-28 09:29:04 --> Could not find the language line "mynt_buy_taobao"
ERROR - 2016-12-28 09:29:04 --> Could not find the language line "mynt_buy_tmall"
ERROR - 2016-12-28 09:29:04 --> Could not find the language line "mynt_buy_youzan"
ERROR - 2016-12-28 09:29:04 --> Could not find the language line "mynt_buy_jd"
ERROR - 2016-12-28 09:29:15 --> Could not find the language line "mynt_buy_taobao"
ERROR - 2016-12-28 09:29:15 --> Could not find the language line "mynt_buy_tmall"
ERROR - 2016-12-28 09:29:15 --> Could not find the language line "mynt_buy_youzan"
ERROR - 2016-12-28 09:29:15 --> Could not find the language line "mynt_buy_jd"
ERROR - 2016-12-28 09:29:15 --> Could not find the language line "about_keywords"
ERROR - 2016-12-28 09:29:15 --> Could not find the language line "about_facebook"
ERROR - 2016-12-28 09:29:15 --> Could not find the language line "about_twitter"
ERROR - 2016-12-28 09:29:15 --> Could not find the language line "about_weibo"
ERROR - 2016-12-28 09:29:15 --> Could not find the language line "mynt_buy_taobao"
ERROR - 2016-12-28 09:29:15 --> Could not find the language line "mynt_buy_tmall"
ERROR - 2016-12-28 09:29:15 --> Could not find the language line "mynt_buy_youzan"
ERROR - 2016-12-28 09:29:15 --> Could not find the language line "mynt_buy_jd"
ERROR - 2016-12-28 09:29:16 --> Could not find the language line "mynt_buy_taobao"
ERROR - 2016-12-28 09:29:16 --> Could not find the language line "mynt_buy_tmall"
ERROR - 2016-12-28 09:29:16 --> Could not find the language line "mynt_buy_youzan"
ERROR - 2016-12-28 09:29:16 --> Could not find the language line "mynt_buy_jd"
ERROR - 2016-12-28 09:29:16 --> Could not find the language line "about_keywords"
ERROR - 2016-12-28 09:29:16 --> Could not find the language line "about_facebook"
ERROR - 2016-12-28 09:29:16 --> Could not find the language line "about_twitter"
ERROR - 2016-12-28 09:29:16 --> Could not find the language line "about_weibo"
ERROR - 2016-12-28 09:29:16 --> Could not find the language line "mynt_buy_taobao"
ERROR - 2016-12-28 09:29:16 --> Could not find the language line "mynt_buy_tmall"
ERROR - 2016-12-28 09:29:16 --> Could not find the language line "mynt_buy_youzan"
ERROR - 2016-12-28 09:29:16 --> Could not find the language line "mynt_buy_jd"
ERROR - 2016-12-28 09:29:17 --> Could not find the language line "mynt_buy_taobao"
ERROR - 2016-12-28 09:29:17 --> Could not find the language line "mynt_buy_tmall"
ERROR - 2016-12-28 09:29:17 --> Could not find the language line "mynt_buy_youzan"
ERROR - 2016-12-28 09:29:17 --> Could not find the language line "mynt_buy_jd"
ERROR - 2016-12-28 09:29:17 --> Could not find the language line "about_keywords"
ERROR - 2016-12-28 09:29:17 --> Could not find the language line "about_facebook"
ERROR - 2016-12-28 09:29:17 --> Could not find the language line "about_twitter"
ERROR - 2016-12-28 09:29:17 --> Could not find the language line "about_weibo"
ERROR - 2016-12-28 09:29:17 --> Could not find the language line "mynt_buy_taobao"
ERROR - 2016-12-28 09:29:17 --> Could not find the language line "mynt_buy_tmall"
ERROR - 2016-12-28 09:29:17 --> Could not find the language line "mynt_buy_youzan"
ERROR - 2016-12-28 09:29:17 --> Could not find the language line "mynt_buy_jd"
ERROR - 2016-12-28 09:29:57 --> Could not find the language line "mynt_buy_taobao"
ERROR - 2016-12-28 09:29:57 --> Could not find the language line "mynt_buy_tmall"
ERROR - 2016-12-28 09:29:57 --> Could not find the language line "mynt_buy_youzan"
ERROR - 2016-12-28 09:29:57 --> Could not find the language line "mynt_buy_jd"
ERROR - 2016-12-28 09:29:57 --> Could not find the language line "about_keywords"
ERROR - 2016-12-28 09:29:57 --> Could not find the language line "about_facebook"
ERROR - 2016-12-28 09:29:57 --> Could not find the language line "about_twitter"
ERROR - 2016-12-28 09:29:57 --> Could not find the language line "about_weibo"
ERROR - 2016-12-28 09:29:57 --> Could not find the language line "mynt_buy_taobao"
ERROR - 2016-12-28 09:29:57 --> Could not find the language line "mynt_buy_tmall"
ERROR - 2016-12-28 09:29:57 --> Could not find the language line "mynt_buy_youzan"
ERROR - 2016-12-28 09:29:57 --> Could not find the language line "mynt_buy_jd"
ERROR - 2016-12-28 09:30:46 --> Could not find the language line "mynt_buy_taobao"
ERROR - 2016-12-28 09:30:46 --> Could not find the language line "mynt_buy_tmall"
ERROR - 2016-12-28 09:30:46 --> Could not find the language line "mynt_buy_youzan"
ERROR - 2016-12-28 09:30:46 --> Could not find the language line "mynt_buy_jd"
ERROR - 2016-12-28 09:30:46 --> Could not find the language line "about_keywords"
ERROR - 2016-12-28 09:30:46 --> Could not find the language line "about_facebook"
ERROR - 2016-12-28 09:30:46 --> Could not find the language line "about_twitter"
ERROR - 2016-12-28 09:30:46 --> Could not find the language line "about_weibo"
ERROR - 2016-12-28 09:30:46 --> Could not find the language line "mynt_buy_taobao"
ERROR - 2016-12-28 09:30:46 --> Could not find the language line "mynt_buy_tmall"
ERROR - 2016-12-28 09:30:46 --> Could not find the language line "mynt_buy_youzan"
ERROR - 2016-12-28 09:30:46 --> Could not find the language line "mynt_buy_jd"
ERROR - 2016-12-28 09:34:46 --> Could not find the language line "mynt_buy_taobao"
ERROR - 2016-12-28 09:34:46 --> Could not find the language line "mynt_buy_tmall"
ERROR - 2016-12-28 09:34:46 --> Could not find the language line "mynt_buy_youzan"
ERROR - 2016-12-28 09:34:46 --> Could not find the language line "mynt_buy_jd"
ERROR - 2016-12-28 09:35:24 --> Could not find the language line "mynt_buy_taobao"
ERROR - 2016-12-28 09:35:24 --> Could not find the language line "mynt_buy_tmall"
ERROR - 2016-12-28 09:35:24 --> Could not find the language line "mynt_buy_youzan"
ERROR - 2016-12-28 09:35:24 --> Could not find the language line "mynt_buy_jd"
ERROR - 2016-12-28 09:35:24 --> Could not find the language line "about_keywords"
ERROR - 2016-12-28 09:35:24 --> Could not find the language line "about_facebook"
ERROR - 2016-12-28 09:35:24 --> Could not find the language line "about_twitter"
ERROR - 2016-12-28 09:35:24 --> Could not find the language line "about_weibo"
ERROR - 2016-12-28 09:35:24 --> Could not find the language line "mynt_buy_taobao"
ERROR - 2016-12-28 09:35:24 --> Could not find the language line "mynt_buy_tmall"
ERROR - 2016-12-28 09:35:24 --> Could not find the language line "mynt_buy_youzan"
ERROR - 2016-12-28 09:35:24 --> Could not find the language line "mynt_buy_jd"
ERROR - 2016-12-28 09:59:41 --> Could not find the language line "mynt_buy_taobao"
ERROR - 2016-12-28 09:59:41 --> Could not find the language line "mynt_buy_tmall"
ERROR - 2016-12-28 09:59:41 --> Could not find the language line "mynt_buy_youzan"
ERROR - 2016-12-28 09:59:41 --> Could not find the language line "mynt_buy_jd"
ERROR - 2016-12-28 10:00:01 --> Could not find the language line "mynt_buy_taobao"
ERROR - 2016-12-28 10:00:01 --> Could not find the language line "mynt_buy_tmall"
ERROR - 2016-12-28 10:00:01 --> Could not find the language line "mynt_buy_youzan"
ERROR - 2016-12-28 10:00:01 --> Could not find the language line "mynt_buy_jd"
ERROR - 2016-12-28 10:00:01 --> Could not find the language line "about_keywords"
ERROR - 2016-12-28 10:00:01 --> Could not find the language line "about_facebook"
ERROR - 2016-12-28 10:00:01 --> Could not find the language line "about_twitter"
ERROR - 2016-12-28 10:00:01 --> Could not find the language line "about_weibo"
ERROR - 2016-12-28 10:00:06 --> Could not find the language line "mynt_buy_taobao"
ERROR - 2016-12-28 10:00:06 --> Could not find the language line "mynt_buy_tmall"
ERROR - 2016-12-28 10:00:06 --> Could not find the language line "mynt_buy_youzan"
ERROR - 2016-12-28 10:00:06 --> Could not find the language line "mynt_buy_jd"
ERROR - 2016-12-28 10:00:30 --> Could not find the language line "about_keywords"
ERROR - 2016-12-28 10:00:30 --> Could not find the language line "mynt_buy_taobao"
ERROR - 2016-12-28 10:00:30 --> Could not find the language line "mynt_buy_tmall"
ERROR - 2016-12-28 10:00:30 --> Could not find the language line "mynt_buy_youzan"
ERROR - 2016-12-28 10:00:30 --> Could not find the language line "mynt_buy_jd"
ERROR - 2016-12-28 10:08:21 --> Could not find the language line "about_keywords"
ERROR - 2016-12-28 10:08:22 --> Could not find the language line "mynt_buy_taobao"
ERROR - 2016-12-28 10:08:22 --> Could not find the language line "mynt_buy_tmall"
ERROR - 2016-12-28 10:08:22 --> Could not find the language line "mynt_buy_youzan"
ERROR - 2016-12-28 10:08:22 --> Could not find the language line "mynt_buy_jd"
ERROR - 2016-12-28 10:09:07 --> Could not find the language line "about_keywords"
ERROR - 2016-12-28 10:09:07 --> Could not find the language line "mynt_buy_taobao"
ERROR - 2016-12-28 10:09:07 --> Could not find the language line "mynt_buy_tmall"
ERROR - 2016-12-28 10:09:07 --> Could not find the language line "mynt_buy_youzan"
ERROR - 2016-12-28 10:09:07 --> Could not find the language line "mynt_buy_jd"
ERROR - 2016-12-28 10:09:19 --> Could not find the language line "about_keywords"
ERROR - 2016-12-28 10:09:19 --> Could not find the language line "mynt_buy_taobao"
ERROR - 2016-12-28 10:09:19 --> Could not find the language line "mynt_buy_tmall"
ERROR - 2016-12-28 10:09:19 --> Could not find the language line "mynt_buy_youzan"
ERROR - 2016-12-28 10:09:19 --> Could not find the language line "mynt_buy_jd"
ERROR - 2016-12-28 10:10:37 --> Could not find the language line "about_keywords"
ERROR - 2016-12-28 10:10:38 --> Could not find the language line "mynt_buy_taobao"
ERROR - 2016-12-28 10:10:38 --> Could not find the language line "mynt_buy_tmall"
ERROR - 2016-12-28 10:10:38 --> Could not find the language line "mynt_buy_youzan"
ERROR - 2016-12-28 10:10:38 --> Could not find the language line "mynt_buy_jd"
ERROR - 2016-12-28 10:11:12 --> Could not find the language line "about_keywords"
ERROR - 2016-12-28 10:11:14 --> Could not find the language line "mynt_buy_taobao"
ERROR - 2016-12-28 10:11:14 --> Could not find the language line "mynt_buy_tmall"
ERROR - 2016-12-28 10:11:14 --> Could not find the language line "mynt_buy_youzan"
ERROR - 2016-12-28 10:11:14 --> Could not find the language line "mynt_buy_jd"
ERROR - 2016-12-28 10:11:34 --> Could not find the language line "about_keywords"
ERROR - 2016-12-28 10:11:34 --> Could not find the language line "mynt_buy_taobao"
ERROR - 2016-12-28 10:11:34 --> Could not find the language line "mynt_buy_tmall"
ERROR - 2016-12-28 10:11:34 --> Could not find the language line "mynt_buy_youzan"
ERROR - 2016-12-28 10:11:34 --> Could not find the language line "mynt_buy_jd"
ERROR - 2016-12-28 10:11:45 --> Could not find the language line "mynt_buy_taobao"
ERROR - 2016-12-28 10:11:45 --> Could not find the language line "mynt_buy_tmall"
ERROR - 2016-12-28 10:11:45 --> Could not find the language line "mynt_buy_youzan"
ERROR - 2016-12-28 10:11:45 --> Could not find the language line "mynt_buy_jd"
ERROR - 2016-12-28 10:12:19 --> Could not find the language line "mynt_buy_taobao"
ERROR - 2016-12-28 10:12:19 --> Could not find the language line "mynt_buy_tmall"
ERROR - 2016-12-28 10:12:19 --> Could not find the language line "mynt_buy_youzan"
ERROR - 2016-12-28 10:12:19 --> Could not find the language line "mynt_buy_jd"
ERROR - 2016-12-28 10:14:34 --> Could not find the language line "about_keywords"
ERROR - 2016-12-28 10:14:34 --> Could not find the language line "mynt_buy_taobao"
ERROR - 2016-12-28 10:14:34 --> Could not find the language line "mynt_buy_tmall"
ERROR - 2016-12-28 10:14:34 --> Could not find the language line "mynt_buy_youzan"
ERROR - 2016-12-28 10:14:34 --> Could not find the language line "mynt_buy_jd"
ERROR - 2016-12-28 10:16:42 --> Could not find the language line "about_keywords"
ERROR - 2016-12-28 10:16:42 --> Could not find the language line "mynt_buy_taobao"
ERROR - 2016-12-28 10:16:42 --> Could not find the language line "mynt_buy_tmall"
ERROR - 2016-12-28 10:16:42 --> Could not find the language line "mynt_buy_youzan"
ERROR - 2016-12-28 10:16:42 --> Could not find the language line "mynt_buy_jd"
ERROR - 2016-12-28 10:16:50 --> Could not find the language line "about_keywords"
ERROR - 2016-12-28 10:16:50 --> Could not find the language line "mynt_buy_taobao"
ERROR - 2016-12-28 10:16:50 --> Could not find the language line "mynt_buy_tmall"
ERROR - 2016-12-28 10:16:50 --> Could not find the language line "mynt_buy_youzan"
ERROR - 2016-12-28 10:16:50 --> Could not find the language line "mynt_buy_jd"
ERROR - 2016-12-28 10:17:02 --> Could not find the language line "about_keywords"
ERROR - 2016-12-28 10:17:02 --> Could not find the language line "mynt_buy_taobao"
ERROR - 2016-12-28 10:17:02 --> Could not find the language line "mynt_buy_tmall"
ERROR - 2016-12-28 10:17:02 --> Could not find the language line "mynt_buy_youzan"
ERROR - 2016-12-28 10:17:02 --> Could not find the language line "mynt_buy_jd"
ERROR - 2016-12-28 10:17:50 --> Could not find the language line "about_keywords"
ERROR - 2016-12-28 10:17:50 --> Could not find the language line "mynt_buy_taobao"
ERROR - 2016-12-28 10:17:50 --> Could not find the language line "mynt_buy_tmall"
ERROR - 2016-12-28 10:17:50 --> Could not find the language line "mynt_buy_youzan"
ERROR - 2016-12-28 10:17:50 --> Could not find the language line "mynt_buy_jd"
ERROR - 2016-12-28 10:17:56 --> Could not find the language line "about_keywords"
ERROR - 2016-12-28 10:17:57 --> Could not find the language line "mynt_buy_taobao"
ERROR - 2016-12-28 10:17:57 --> Could not find the language line "mynt_buy_tmall"
ERROR - 2016-12-28 10:17:57 --> Could not find the language line "mynt_buy_youzan"
ERROR - 2016-12-28 10:17:57 --> Could not find the language line "mynt_buy_jd"
ERROR - 2016-12-28 10:19:35 --> Could not find the language line "mynt_buy_taobao"
ERROR - 2016-12-28 10:19:35 --> Could not find the language line "mynt_buy_tmall"
ERROR - 2016-12-28 10:19:35 --> Could not find the language line "mynt_buy_youzan"
ERROR - 2016-12-28 10:19:35 --> Could not find the language line "mynt_buy_jd"
ERROR - 2016-12-28 10:20:19 --> Could not find the language line "about_keywords"
ERROR - 2016-12-28 10:20:20 --> Could not find the language line "mynt_buy_taobao"
ERROR - 2016-12-28 10:20:20 --> Could not find the language line "mynt_buy_tmall"
ERROR - 2016-12-28 10:20:20 --> Could not find the language line "mynt_buy_youzan"
ERROR - 2016-12-28 10:20:20 --> Could not find the language line "mynt_buy_jd"
ERROR - 2016-12-28 10:22:21 --> Could not find the language line "about_keywords"
ERROR - 2016-12-28 10:22:21 --> Could not find the language line "mynt_buy_taobao"
ERROR - 2016-12-28 10:22:21 --> Could not find the language line "mynt_buy_tmall"
ERROR - 2016-12-28 10:22:21 --> Could not find the language line "mynt_buy_youzan"
ERROR - 2016-12-28 10:22:21 --> Could not find the language line "mynt_buy_jd"
ERROR - 2016-12-28 10:24:15 --> Could not find the language line "about_keywords"
ERROR - 2016-12-28 10:24:23 --> Could not find the language line "mynt_buy_taobao"
ERROR - 2016-12-28 10:24:23 --> Could not find the language line "mynt_buy_tmall"
ERROR - 2016-12-28 10:24:23 --> Could not find the language line "mynt_buy_youzan"
ERROR - 2016-12-28 10:24:23 --> Could not find the language line "mynt_buy_jd"
ERROR - 2016-12-28 10:25:38 --> Could not find the language line "about_keywords"
ERROR - 2016-12-28 10:25:38 --> Could not find the language line "mynt_buy_taobao"
ERROR - 2016-12-28 10:25:38 --> Could not find the language line "mynt_buy_tmall"
ERROR - 2016-12-28 10:25:38 --> Could not find the language line "mynt_buy_youzan"
ERROR - 2016-12-28 10:25:38 --> Could not find the language line "mynt_buy_jd"
ERROR - 2016-12-28 10:26:05 --> Could not find the language line "mynt_buy_taobao"
ERROR - 2016-12-28 10:26:05 --> Could not find the language line "mynt_buy_tmall"
ERROR - 2016-12-28 10:26:05 --> Could not find the language line "mynt_buy_youzan"
ERROR - 2016-12-28 10:26:05 --> Could not find the language line "mynt_buy_jd"
ERROR - 2016-12-28 10:27:02 --> Could not find the language line "mynt_buy_taobao"
ERROR - 2016-12-28 10:27:02 --> Could not find the language line "mynt_buy_tmall"
ERROR - 2016-12-28 10:27:02 --> Could not find the language line "mynt_buy_youzan"
ERROR - 2016-12-28 10:27:02 --> Could not find the language line "mynt_buy_jd"
ERROR - 2016-12-28 10:27:02 --> Could not find the language line "about_keywords"
ERROR - 2016-12-28 10:27:02 --> Could not find the language line "about_facebook"
ERROR - 2016-12-28 10:27:02 --> Could not find the language line "about_twitter"
ERROR - 2016-12-28 10:27:02 --> Could not find the language line "about_weibo"
ERROR - 2016-12-28 10:27:02 --> Could not find the language line "mynt_buy_taobao"
ERROR - 2016-12-28 10:27:02 --> Could not find the language line "mynt_buy_tmall"
ERROR - 2016-12-28 10:27:02 --> Could not find the language line "mynt_buy_youzan"
ERROR - 2016-12-28 10:27:02 --> Could not find the language line "mynt_buy_jd"
ERROR - 2016-12-28 10:27:30 --> Could not find the language line "about_keywords"
ERROR - 2016-12-28 10:27:30 --> Could not find the language line "mynt_buy_taobao"
ERROR - 2016-12-28 10:27:30 --> Could not find the language line "mynt_buy_tmall"
ERROR - 2016-12-28 10:27:30 --> Could not find the language line "mynt_buy_youzan"
ERROR - 2016-12-28 10:27:30 --> Could not find the language line "mynt_buy_jd"
ERROR - 2016-12-28 10:29:11 --> Could not find the language line "mynt_buy_taobao"
ERROR - 2016-12-28 10:29:11 --> Could not find the language line "mynt_buy_tmall"
ERROR - 2016-12-28 10:29:11 --> Could not find the language line "mynt_buy_youzan"
ERROR - 2016-12-28 10:29:11 --> Could not find the language line "mynt_buy_jd"
ERROR - 2016-12-28 10:29:11 --> Could not find the language line "about_keywords"
ERROR - 2016-12-28 10:29:11 --> Could not find the language line "about_facebook"
ERROR - 2016-12-28 10:29:11 --> Could not find the language line "about_twitter"
ERROR - 2016-12-28 10:29:11 --> Could not find the language line "about_weibo"
ERROR - 2016-12-28 10:29:11 --> Could not find the language line "mynt_buy_taobao"
ERROR - 2016-12-28 10:29:11 --> Could not find the language line "mynt_buy_tmall"
ERROR - 2016-12-28 10:29:11 --> Could not find the language line "mynt_buy_youzan"
ERROR - 2016-12-28 10:29:11 --> Could not find the language line "mynt_buy_jd"
ERROR - 2016-12-28 10:29:20 --> Could not find the language line "about_keywords"
ERROR - 2016-12-28 10:29:20 --> Could not find the language line "mynt_buy_taobao"
ERROR - 2016-12-28 10:29:20 --> Could not find the language line "mynt_buy_tmall"
ERROR - 2016-12-28 10:29:20 --> Could not find the language line "mynt_buy_youzan"
ERROR - 2016-12-28 10:29:20 --> Could not find the language line "mynt_buy_jd"
ERROR - 2016-12-28 10:30:02 --> Could not find the language line "about_keywords"
ERROR - 2016-12-28 10:30:07 --> Could not find the language line "mynt_buy_taobao"
ERROR - 2016-12-28 10:30:07 --> Could not find the language line "mynt_buy_tmall"
ERROR - 2016-12-28 10:30:07 --> Could not find the language line "mynt_buy_youzan"
ERROR - 2016-12-28 10:30:07 --> Could not find the language line "mynt_buy_jd"
ERROR - 2016-12-28 10:30:08 --> Could not find the language line "mynt_buy_taobao"
ERROR - 2016-12-28 10:30:08 --> Could not find the language line "mynt_buy_tmall"
ERROR - 2016-12-28 10:30:08 --> Could not find the language line "mynt_buy_youzan"
ERROR - 2016-12-28 10:30:08 --> Could not find the language line "mynt_buy_jd"
ERROR - 2016-12-28 10:30:08 --> Could not find the language line "about_keywords"
ERROR - 2016-12-28 10:30:08 --> Could not find the language line "about_facebook"
ERROR - 2016-12-28 10:30:08 --> Could not find the language line "about_twitter"
ERROR - 2016-12-28 10:30:08 --> Could not find the language line "about_weibo"
ERROR - 2016-12-28 10:30:08 --> Could not find the language line "mynt_buy_taobao"
ERROR - 2016-12-28 10:30:08 --> Could not find the language line "mynt_buy_tmall"
ERROR - 2016-12-28 10:30:08 --> Could not find the language line "mynt_buy_youzan"
ERROR - 2016-12-28 10:30:08 --> Could not find the language line "mynt_buy_jd"
ERROR - 2016-12-28 10:31:20 --> Could not find the language line "about_keywords"
ERROR - 2016-12-28 10:31:20 --> Could not find the language line "mynt_buy_taobao"
ERROR - 2016-12-28 10:31:20 --> Could not find the language line "mynt_buy_tmall"
ERROR - 2016-12-28 10:31:20 --> Could not find the language line "mynt_buy_youzan"
ERROR - 2016-12-28 10:31:20 --> Could not find the language line "mynt_buy_jd"
ERROR - 2016-12-28 10:31:41 --> Could not find the language line "mynt_buy_taobao"
ERROR - 2016-12-28 10:31:41 --> Could not find the language line "mynt_buy_tmall"
ERROR - 2016-12-28 10:31:41 --> Could not find the language line "mynt_buy_youzan"
ERROR - 2016-12-28 10:31:41 --> Could not find the language line "mynt_buy_jd"
ERROR - 2016-12-28 10:31:41 --> Could not find the language line "about_keywords"
ERROR - 2016-12-28 10:31:41 --> Could not find the language line "about_facebook"
ERROR - 2016-12-28 10:31:41 --> Could not find the language line "about_twitter"
ERROR - 2016-12-28 10:31:41 --> Could not find the language line "about_weibo"
ERROR - 2016-12-28 10:31:41 --> Could not find the language line "mynt_buy_taobao"
ERROR - 2016-12-28 10:31:41 --> Could not find the language line "mynt_buy_tmall"
ERROR - 2016-12-28 10:31:41 --> Could not find the language line "mynt_buy_youzan"
ERROR - 2016-12-28 10:31:41 --> Could not find the language line "mynt_buy_jd"
ERROR - 2016-12-28 10:32:43 --> Could not find the language line "mynt_buy_taobao"
ERROR - 2016-12-28 10:32:43 --> Could not find the language line "mynt_buy_tmall"
ERROR - 2016-12-28 10:32:43 --> Could not find the language line "mynt_buy_youzan"
ERROR - 2016-12-28 10:32:43 --> Could not find the language line "mynt_buy_jd"
ERROR - 2016-12-28 10:32:43 --> Could not find the language line "about_keywords"
ERROR - 2016-12-28 10:32:43 --> Could not find the language line "about_facebook"
ERROR - 2016-12-28 10:32:43 --> Could not find the language line "about_twitter"
ERROR - 2016-12-28 10:32:43 --> Could not find the language line "about_weibo"
ERROR - 2016-12-28 10:32:44 --> Could not find the language line "mynt_buy_taobao"
ERROR - 2016-12-28 10:32:44 --> Could not find the language line "mynt_buy_tmall"
ERROR - 2016-12-28 10:32:44 --> Could not find the language line "mynt_buy_youzan"
ERROR - 2016-12-28 10:32:44 --> Could not find the language line "mynt_buy_jd"
ERROR - 2016-12-28 10:33:36 --> Could not find the language line "about_keywords"
ERROR - 2016-12-28 10:33:40 --> Could not find the language line "mynt_buy_taobao"
ERROR - 2016-12-28 10:33:40 --> Could not find the language line "mynt_buy_tmall"
ERROR - 2016-12-28 10:33:40 --> Could not find the language line "mynt_buy_youzan"
ERROR - 2016-12-28 10:33:40 --> Could not find the language line "mynt_buy_jd"
ERROR - 2016-12-28 10:34:50 --> Could not find the language line "mynt_buy_taobao"
ERROR - 2016-12-28 10:34:50 --> Could not find the language line "mynt_buy_tmall"
ERROR - 2016-12-28 10:34:50 --> Could not find the language line "mynt_buy_youzan"
ERROR - 2016-12-28 10:34:50 --> Could not find the language line "mynt_buy_jd"
ERROR - 2016-12-28 10:34:50 --> Could not find the language line "about_keywords"
ERROR - 2016-12-28 10:34:50 --> Could not find the language line "about_facebook"
ERROR - 2016-12-28 10:34:50 --> Could not find the language line "about_twitter"
ERROR - 2016-12-28 10:34:50 --> Could not find the language line "about_weibo"
ERROR - 2016-12-28 10:34:50 --> Could not find the language line "mynt_buy_taobao"
ERROR - 2016-12-28 10:34:50 --> Could not find the language line "mynt_buy_tmall"
ERROR - 2016-12-28 10:34:50 --> Could not find the language line "mynt_buy_youzan"
ERROR - 2016-12-28 10:34:50 --> Could not find the language line "mynt_buy_jd"
ERROR - 2016-12-28 15:09:18 --> Could not find the language line "mynt_buy_taobao"
ERROR - 2016-12-28 15:09:18 --> Could not find the language line "mynt_buy_tmall"
ERROR - 2016-12-28 15:09:18 --> Could not find the language line "mynt_buy_youzan"
ERROR - 2016-12-28 15:09:18 --> Could not find the language line "mynt_buy_jd"
ERROR - 2016-12-28 15:09:18 --> Could not find the language line "about_keywords"
ERROR - 2016-12-28 15:09:18 --> Could not find the language line "about_facebook"
ERROR - 2016-12-28 15:09:18 --> Could not find the language line "about_twitter"
ERROR - 2016-12-28 15:09:18 --> Could not find the language line "about_weibo"
ERROR - 2016-12-28 15:09:18 --> Could not find the language line "mynt_buy_taobao"
ERROR - 2016-12-28 15:09:18 --> Could not find the language line "mynt_buy_tmall"
ERROR - 2016-12-28 15:09:18 --> Could not find the language line "mynt_buy_youzan"
ERROR - 2016-12-28 15:09:18 --> Could not find the language line "mynt_buy_jd"
ERROR - 2016-12-28 15:09:21 --> Could not find the language line "mynt_buy_taobao"
ERROR - 2016-12-28 15:09:21 --> Could not find the language line "mynt_buy_tmall"
ERROR - 2016-12-28 15:09:21 --> Could not find the language line "mynt_buy_youzan"
ERROR - 2016-12-28 15:09:21 --> Could not find the language line "mynt_buy_jd"
ERROR - 2016-12-28 15:09:21 --> Could not find the language line "about_keywords"
ERROR - 2016-12-28 15:09:21 --> Could not find the language line "about_facebook"
ERROR - 2016-12-28 15:09:21 --> Could not find the language line "about_twitter"
ERROR - 2016-12-28 15:09:21 --> Could not find the language line "about_weibo"
ERROR - 2016-12-28 15:09:21 --> Could not find the language line "mynt_buy_taobao"
ERROR - 2016-12-28 15:09:21 --> Could not find the language line "mynt_buy_tmall"
ERROR - 2016-12-28 15:09:21 --> Could not find the language line "mynt_buy_youzan"
ERROR - 2016-12-28 15:09:21 --> Could not find the language line "mynt_buy_jd"
ERROR - 2016-12-28 15:09:29 --> Could not find the language line "mynt_buy_taobao"
ERROR - 2016-12-28 15:09:29 --> Could not find the language line "mynt_buy_tmall"
ERROR - 2016-12-28 15:09:29 --> Could not find the language line "mynt_buy_youzan"
ERROR - 2016-12-28 15:09:29 --> Could not find the language line "mynt_buy_jd"
ERROR - 2016-12-28 15:09:29 --> Could not find the language line "about_keywords"
ERROR - 2016-12-28 15:09:29 --> Could not find the language line "about_facebook"
ERROR - 2016-12-28 15:09:29 --> Could not find the language line "about_twitter"
ERROR - 2016-12-28 15:09:29 --> Could not find the language line "about_weibo"
ERROR - 2016-12-28 15:09:30 --> Could not find the language line "mynt_buy_taobao"
ERROR - 2016-12-28 15:09:30 --> Could not find the language line "mynt_buy_tmall"
ERROR - 2016-12-28 15:09:30 --> Could not find the language line "mynt_buy_youzan"
ERROR - 2016-12-28 15:09:30 --> Could not find the language line "mynt_buy_jd"
ERROR - 2016-12-28 15:10:23 --> Could not find the language line "mynt_buy_taobao"
ERROR - 2016-12-28 15:10:23 --> Could not find the language line "mynt_buy_tmall"
ERROR - 2016-12-28 15:10:23 --> Could not find the language line "mynt_buy_youzan"
ERROR - 2016-12-28 15:10:23 --> Could not find the language line "mynt_buy_jd"
ERROR - 2016-12-28 15:10:23 --> Could not find the language line "about_keywords"
ERROR - 2016-12-28 15:10:23 --> Could not find the language line "about_facebook"
ERROR - 2016-12-28 15:10:23 --> Could not find the language line "about_twitter"
ERROR - 2016-12-28 15:10:23 --> Could not find the language line "about_weibo"
ERROR - 2016-12-28 15:10:23 --> Could not find the language line "mynt_buy_taobao"
ERROR - 2016-12-28 15:10:23 --> Could not find the language line "mynt_buy_tmall"
ERROR - 2016-12-28 15:10:23 --> Could not find the language line "mynt_buy_youzan"
ERROR - 2016-12-28 15:10:23 --> Could not find the language line "mynt_buy_jd"
