ERROR - 2017-05-04 03:17:55 --> Could not find the language line "mynt_buy_taobao"
ERROR - 2017-05-04 03:17:55 --> Could not find the language line "mynt_buy_tmall"
ERROR - 2017-05-04 03:17:55 --> Could not find the language line "mynt_buy_youzan"
ERROR - 2017-05-04 03:17:55 --> Could not find the language line "mynt_buy_jd"
ERROR - 2017-05-04 03:19:40 --> Could not find the language line "mynt_buy_taobao"
ERROR - 2017-05-04 03:19:40 --> Could not find the language line "mynt_buy_tmall"
ERROR - 2017-05-04 03:19:40 --> Could not find the language line "mynt_buy_youzan"
ERROR - 2017-05-04 03:19:40 --> Could not find the language line "mynt_buy_jd"
ERROR - 2017-05-04 03:27:53 --> Could not find the language line "mynt_buy_taobao"
ERROR - 2017-05-04 03:27:53 --> Could not find the language line "mynt_buy_tmall"
ERROR - 2017-05-04 03:27:53 --> Could not find the language line "mynt_buy_youzan"
ERROR - 2017-05-04 03:27:53 --> Could not find the language line "mynt_buy_jd"
ERROR - 2017-05-04 03:28:09 --> Could not find the language line "mynt_buy_taobao"
ERROR - 2017-05-04 03:28:09 --> Could not find the language line "mynt_buy_tmall"
ERROR - 2017-05-04 03:28:09 --> Could not find the language line "mynt_buy_youzan"
ERROR - 2017-05-04 03:28:09 --> Could not find the language line "mynt_buy_jd"
ERROR - 2017-05-04 03:28:13 --> Could not find the language line "mynt_buy_taobao"
ERROR - 2017-05-04 03:28:13 --> Could not find the language line "mynt_buy_tmall"
ERROR - 2017-05-04 03:28:13 --> Could not find the language line "mynt_buy_youzan"
ERROR - 2017-05-04 03:28:13 --> Could not find the language line "mynt_buy_jd"
ERROR - 2017-05-04 03:28:52 --> Could not find the language line "mynt_buy_taobao"
ERROR - 2017-05-04 03:28:52 --> Could not find the language line "mynt_buy_tmall"
ERROR - 2017-05-04 03:28:52 --> Could not find the language line "mynt_buy_youzan"
ERROR - 2017-05-04 03:28:52 --> Could not find the language line "mynt_buy_jd"
ERROR - 2017-05-04 03:28:54 --> Could not find the language line "mynt_buy_taobao"
ERROR - 2017-05-04 03:28:54 --> Could not find the language line "mynt_buy_tmall"
ERROR - 2017-05-04 03:28:54 --> Could not find the language line "mynt_buy_youzan"
ERROR - 2017-05-04 03:28:54 --> Could not find the language line "mynt_buy_jd"
ERROR - 2017-05-04 03:29:18 --> Could not find the language line "mynt_buy_taobao"
ERROR - 2017-05-04 03:29:18 --> Could not find the language line "mynt_buy_tmall"
ERROR - 2017-05-04 03:29:18 --> Could not find the language line "mynt_buy_youzan"
ERROR - 2017-05-04 03:29:18 --> Could not find the language line "mynt_buy_jd"
ERROR - 2017-05-04 03:29:28 --> Could not find the language line "mynt_buy_taobao"
ERROR - 2017-05-04 03:29:28 --> Could not find the language line "mynt_buy_tmall"
ERROR - 2017-05-04 03:29:28 --> Could not find the language line "mynt_buy_youzan"
ERROR - 2017-05-04 03:29:28 --> Could not find the language line "mynt_buy_jd"
ERROR - 2017-05-04 03:30:05 --> Could not find the language line "mynt_buy_taobao"
ERROR - 2017-05-04 03:30:05 --> Could not find the language line "mynt_buy_tmall"
ERROR - 2017-05-04 03:30:05 --> Could not find the language line "mynt_buy_youzan"
ERROR - 2017-05-04 03:30:05 --> Could not find the language line "mynt_buy_jd"
ERROR - 2017-05-04 03:31:08 --> Could not find the language line "mynt_buy_taobao"
ERROR - 2017-05-04 03:31:08 --> Could not find the language line "mynt_buy_tmall"
ERROR - 2017-05-04 03:31:08 --> Could not find the language line "mynt_buy_youzan"
ERROR - 2017-05-04 03:31:08 --> Could not find the language line "mynt_buy_jd"
ERROR - 2017-05-04 03:31:17 --> Could not find the language line "mynt_buy_taobao"
ERROR - 2017-05-04 03:31:17 --> Could not find the language line "mynt_buy_tmall"
ERROR - 2017-05-04 03:31:17 --> Could not find the language line "mynt_buy_youzan"
ERROR - 2017-05-04 03:31:17 --> Could not find the language line "mynt_buy_jd"
ERROR - 2017-05-04 03:31:28 --> Could not find the language line "mynt_buy_taobao"
ERROR - 2017-05-04 03:31:28 --> Could not find the language line "mynt_buy_tmall"
ERROR - 2017-05-04 03:31:28 --> Could not find the language line "mynt_buy_youzan"
ERROR - 2017-05-04 03:31:28 --> Could not find the language line "mynt_buy_jd"
ERROR - 2017-05-04 03:33:36 --> Could not find the language line "mynt_buy_taobao"
ERROR - 2017-05-04 03:33:36 --> Could not find the language line "mynt_buy_tmall"
ERROR - 2017-05-04 03:33:36 --> Could not find the language line "mynt_buy_youzan"
ERROR - 2017-05-04 03:33:36 --> Could not find the language line "mynt_buy_jd"
ERROR - 2017-05-04 03:33:42 --> Could not find the language line "mynt_buy_taobao"
ERROR - 2017-05-04 03:33:42 --> Could not find the language line "mynt_buy_tmall"
ERROR - 2017-05-04 03:33:42 --> Could not find the language line "mynt_buy_youzan"
ERROR - 2017-05-04 03:33:42 --> Could not find the language line "mynt_buy_jd"
ERROR - 2017-05-04 03:33:52 --> Could not find the language line "mynt_buy_taobao"
ERROR - 2017-05-04 03:33:52 --> Could not find the language line "mynt_buy_tmall"
ERROR - 2017-05-04 03:33:52 --> Could not find the language line "mynt_buy_youzan"
ERROR - 2017-05-04 03:33:52 --> Could not find the language line "mynt_buy_jd"
ERROR - 2017-05-04 03:33:56 --> Could not find the language line "mynt_buy_taobao"
ERROR - 2017-05-04 03:33:56 --> Could not find the language line "mynt_buy_tmall"
ERROR - 2017-05-04 03:33:56 --> Could not find the language line "mynt_buy_youzan"
ERROR - 2017-05-04 03:33:56 --> Could not find the language line "mynt_buy_jd"
ERROR - 2017-05-04 03:33:59 --> Could not find the language line "mynt_buy_taobao"
ERROR - 2017-05-04 03:33:59 --> Could not find the language line "mynt_buy_tmall"
ERROR - 2017-05-04 03:33:59 --> Could not find the language line "mynt_buy_youzan"
ERROR - 2017-05-04 03:33:59 --> Could not find the language line "mynt_buy_jd"
ERROR - 2017-05-04 03:42:03 --> Could not find the language line "mynt_buy_taobao"
ERROR - 2017-05-04 03:42:03 --> Could not find the language line "mynt_buy_tmall"
ERROR - 2017-05-04 03:42:03 --> Could not find the language line "mynt_buy_youzan"
ERROR - 2017-05-04 03:42:03 --> Could not find the language line "mynt_buy_jd"
ERROR - 2017-05-04 03:45:28 --> Could not find the language line "mynt_buy_taobao"
ERROR - 2017-05-04 03:45:28 --> Could not find the language line "mynt_buy_tmall"
ERROR - 2017-05-04 03:45:28 --> Could not find the language line "mynt_buy_youzan"
ERROR - 2017-05-04 03:45:28 --> Could not find the language line "mynt_buy_jd"
ERROR - 2017-05-04 03:45:46 --> Could not find the language line "mynt_buy_taobao"
ERROR - 2017-05-04 03:45:46 --> Could not find the language line "mynt_buy_tmall"
ERROR - 2017-05-04 03:45:46 --> Could not find the language line "mynt_buy_youzan"
ERROR - 2017-05-04 03:45:46 --> Could not find the language line "mynt_buy_jd"
ERROR - 2017-05-04 03:47:05 --> Could not find the language line "mynt_buy_taobao"
ERROR - 2017-05-04 03:47:05 --> Could not find the language line "mynt_buy_tmall"
ERROR - 2017-05-04 03:47:05 --> Could not find the language line "mynt_buy_youzan"
ERROR - 2017-05-04 03:47:05 --> Could not find the language line "mynt_buy_jd"
ERROR - 2017-05-04 03:47:17 --> Could not find the language line "mynt_buy_taobao"
ERROR - 2017-05-04 03:47:17 --> Could not find the language line "mynt_buy_tmall"
ERROR - 2017-05-04 03:47:17 --> Could not find the language line "mynt_buy_youzan"
ERROR - 2017-05-04 03:47:17 --> Could not find the language line "mynt_buy_jd"
ERROR - 2017-05-04 03:48:14 --> Could not find the language line "mynt_buy_taobao"
ERROR - 2017-05-04 03:48:14 --> Could not find the language line "mynt_buy_tmall"
ERROR - 2017-05-04 03:48:14 --> Could not find the language line "mynt_buy_youzan"
ERROR - 2017-05-04 03:48:14 --> Could not find the language line "mynt_buy_jd"
ERROR - 2017-05-04 03:48:35 --> Could not find the language line "mynt_buy_taobao"
ERROR - 2017-05-04 03:48:35 --> Could not find the language line "mynt_buy_tmall"
ERROR - 2017-05-04 03:48:35 --> Could not find the language line "mynt_buy_youzan"
ERROR - 2017-05-04 03:48:35 --> Could not find the language line "mynt_buy_jd"
ERROR - 2017-05-04 03:49:07 --> Could not find the language line "mynt_buy_taobao"
ERROR - 2017-05-04 03:49:07 --> Could not find the language line "mynt_buy_tmall"
ERROR - 2017-05-04 03:49:07 --> Could not find the language line "mynt_buy_youzan"
ERROR - 2017-05-04 03:49:07 --> Could not find the language line "mynt_buy_jd"
ERROR - 2017-05-04 03:49:51 --> Could not find the language line "mynt_buy_taobao"
ERROR - 2017-05-04 03:49:51 --> Could not find the language line "mynt_buy_tmall"
ERROR - 2017-05-04 03:49:51 --> Could not find the language line "mynt_buy_youzan"
ERROR - 2017-05-04 03:49:51 --> Could not find the language line "mynt_buy_jd"
ERROR - 2017-05-04 03:49:51 --> Could not find the language line "home_cloud_title"
ERROR - 2017-05-04 03:49:51 --> Could not find the language line "home_cloud_intro"
ERROR - 2017-05-04 03:49:51 --> Could not find the language line "mynt_icon_taobao"
ERROR - 2017-05-04 03:49:51 --> Could not find the language line "mynt_icon_tmall"
ERROR - 2017-05-04 03:49:51 --> Could not find the language line "mynt_icon_youzan"
ERROR - 2017-05-04 03:49:52 --> Could not find the language line "mynt_buy_taobao"
ERROR - 2017-05-04 03:49:52 --> Could not find the language line "mynt_buy_tmall"
ERROR - 2017-05-04 03:49:52 --> Could not find the language line "mynt_buy_youzan"
ERROR - 2017-05-04 03:49:52 --> Could not find the language line "mynt_buy_jd"
ERROR - 2017-05-04 03:49:53 --> Could not find the language line "mynt_buy_taobao"
ERROR - 2017-05-04 03:49:53 --> Could not find the language line "mynt_buy_tmall"
ERROR - 2017-05-04 03:49:53 --> Could not find the language line "mynt_buy_youzan"
ERROR - 2017-05-04 03:49:53 --> Could not find the language line "mynt_buy_jd"
ERROR - 2017-05-04 03:49:53 --> Could not find the language line "mynt_buy_taobao"
ERROR - 2017-05-04 03:49:53 --> Could not find the language line "mynt_buy_tmall"
ERROR - 2017-05-04 03:49:53 --> Could not find the language line "mynt_buy_youzan"
ERROR - 2017-05-04 03:49:53 --> Could not find the language line "mynt_buy_jd"
ERROR - 2017-05-04 03:49:57 --> Could not find the language line "mynt_buy_taobao"
ERROR - 2017-05-04 03:49:57 --> Could not find the language line "mynt_buy_tmall"
ERROR - 2017-05-04 03:49:57 --> Could not find the language line "mynt_buy_youzan"
ERROR - 2017-05-04 03:49:57 --> Could not find the language line "mynt_buy_jd"
ERROR - 2017-05-04 03:50:07 --> Could not find the language line "mynt_buy_taobao"
ERROR - 2017-05-04 03:50:07 --> Could not find the language line "mynt_buy_tmall"
ERROR - 2017-05-04 03:50:07 --> Could not find the language line "mynt_buy_youzan"
ERROR - 2017-05-04 03:50:07 --> Could not find the language line "mynt_buy_jd"
ERROR - 2017-05-04 03:50:09 --> Could not find the language line "mynt_buy_taobao"
ERROR - 2017-05-04 03:50:09 --> Could not find the language line "mynt_buy_tmall"
ERROR - 2017-05-04 03:50:09 --> Could not find the language line "mynt_buy_youzan"
ERROR - 2017-05-04 03:50:09 --> Could not find the language line "mynt_buy_jd"
ERROR - 2017-05-04 03:50:13 --> Could not find the language line "mynt_buy_taobao"
ERROR - 2017-05-04 03:50:13 --> Could not find the language line "mynt_buy_tmall"
ERROR - 2017-05-04 03:50:13 --> Could not find the language line "mynt_buy_youzan"
ERROR - 2017-05-04 03:50:13 --> Could not find the language line "mynt_buy_jd"
ERROR - 2017-05-04 03:50:50 --> Could not find the language line "mynt_buy_taobao"
ERROR - 2017-05-04 03:50:50 --> Could not find the language line "mynt_buy_tmall"
ERROR - 2017-05-04 03:50:50 --> Could not find the language line "mynt_buy_youzan"
ERROR - 2017-05-04 03:50:50 --> Could not find the language line "mynt_buy_jd"
ERROR - 2017-05-04 03:51:02 --> Could not find the language line "mynt_buy_taobao"
ERROR - 2017-05-04 03:51:02 --> Could not find the language line "mynt_buy_tmall"
ERROR - 2017-05-04 03:51:02 --> Could not find the language line "mynt_buy_youzan"
ERROR - 2017-05-04 03:51:02 --> Could not find the language line "mynt_buy_jd"
ERROR - 2017-05-04 03:51:06 --> Could not find the language line "mynt_buy_taobao"
ERROR - 2017-05-04 03:51:06 --> Could not find the language line "mynt_buy_tmall"
ERROR - 2017-05-04 03:51:06 --> Could not find the language line "mynt_buy_youzan"
ERROR - 2017-05-04 03:51:06 --> Could not find the language line "mynt_buy_jd"
ERROR - 2017-05-04 03:51:28 --> Could not find the language line "mynt_buy_taobao"
ERROR - 2017-05-04 03:51:28 --> Could not find the language line "mynt_buy_tmall"
ERROR - 2017-05-04 03:51:28 --> Could not find the language line "mynt_buy_youzan"
ERROR - 2017-05-04 03:51:28 --> Could not find the language line "mynt_buy_jd"
ERROR - 2017-05-04 03:51:31 --> Could not find the language line "mynt_buy_taobao"
ERROR - 2017-05-04 03:51:31 --> Could not find the language line "mynt_buy_tmall"
ERROR - 2017-05-04 03:51:31 --> Could not find the language line "mynt_buy_youzan"
ERROR - 2017-05-04 03:51:31 --> Could not find the language line "mynt_buy_jd"
ERROR - 2017-05-04 03:51:39 --> Could not find the language line "mynt_buy_taobao"
ERROR - 2017-05-04 03:51:39 --> Could not find the language line "mynt_buy_tmall"
ERROR - 2017-05-04 03:51:39 --> Could not find the language line "mynt_buy_youzan"
ERROR - 2017-05-04 03:51:39 --> Could not find the language line "mynt_buy_jd"
