ERROR - 2016-08-11 07:33:24 --> Could not find the language line "mynt_buy_taobao"
ERROR - 2016-08-11 07:33:24 --> Could not find the language line "mynt_buy_tmall"
ERROR - 2016-08-11 07:33:24 --> Could not find the language line "mynt_buy_youzan"
ERROR - 2016-08-11 07:33:24 --> Could not find the language line "mynt_buy_jd"
ERROR - 2016-08-11 07:33:24 --> Could not find the language line "home_cloud_title"
ERROR - 2016-08-11 07:33:24 --> Could not find the language line "home_cloud_intro"
ERROR - 2016-08-11 07:33:24 --> Could not find the language line "mynt_icon_taobao"
ERROR - 2016-08-11 07:33:24 --> Could not find the language line "mynt_icon_tmall"
ERROR - 2016-08-11 07:33:24 --> Could not find the language line "mynt_icon_youzan"
ERROR - 2016-08-11 07:33:25 --> Could not find the language line "mynt_buy_taobao"
ERROR - 2016-08-11 07:33:25 --> Could not find the language line "mynt_buy_tmall"
ERROR - 2016-08-11 07:33:25 --> Could not find the language line "mynt_buy_youzan"
ERROR - 2016-08-11 07:33:25 --> Could not find the language line "mynt_buy_jd"
ERROR - 2016-08-11 07:33:29 --> Could not find the language line "mynt_buy_taobao"
ERROR - 2016-08-11 07:33:29 --> Could not find the language line "mynt_buy_tmall"
ERROR - 2016-08-11 07:33:29 --> Could not find the language line "mynt_buy_youzan"
ERROR - 2016-08-11 07:33:29 --> Could not find the language line "mynt_buy_jd"
ERROR - 2016-08-11 07:33:29 --> Could not find the language line "mynt_buy_taobao"
ERROR - 2016-08-11 07:33:29 --> Could not find the language line "mynt_buy_tmall"
ERROR - 2016-08-11 07:33:29 --> Could not find the language line "mynt_buy_youzan"
ERROR - 2016-08-11 07:33:29 --> Could not find the language line "mynt_buy_jd"
ERROR - 2016-08-11 07:35:13 --> Could not find the language line "mynt_buy_taobao"
ERROR - 2016-08-11 07:35:13 --> Could not find the language line "mynt_buy_tmall"
ERROR - 2016-08-11 07:35:13 --> Could not find the language line "mynt_buy_youzan"
ERROR - 2016-08-11 07:35:13 --> Could not find the language line "mynt_buy_jd"
ERROR - 2016-08-11 07:35:13 --> Could not find the language line "mynt_buy_taobao"
ERROR - 2016-08-11 07:35:13 --> Could not find the language line "mynt_buy_tmall"
ERROR - 2016-08-11 07:35:13 --> Could not find the language line "mynt_buy_youzan"
ERROR - 2016-08-11 07:35:13 --> Could not find the language line "mynt_buy_jd"
ERROR - 2016-08-11 07:37:05 --> Could not find the language line "mynt_buy_taobao"
ERROR - 2016-08-11 07:37:05 --> Could not find the language line "mynt_buy_tmall"
ERROR - 2016-08-11 07:37:05 --> Could not find the language line "mynt_buy_youzan"
ERROR - 2016-08-11 07:37:05 --> Could not find the language line "mynt_buy_jd"
ERROR - 2016-08-11 07:37:05 --> Could not find the language line "mynt_buy_taobao"
ERROR - 2016-08-11 07:37:05 --> Could not find the language line "mynt_buy_tmall"
ERROR - 2016-08-11 07:37:05 --> Could not find the language line "mynt_buy_youzan"
ERROR - 2016-08-11 07:37:05 --> Could not find the language line "mynt_buy_jd"
ERROR - 2016-08-11 07:39:46 --> Could not find the language line "mynt_buy_taobao"
ERROR - 2016-08-11 07:39:46 --> Could not find the language line "mynt_buy_tmall"
ERROR - 2016-08-11 07:39:46 --> Could not find the language line "mynt_buy_youzan"
ERROR - 2016-08-11 07:39:46 --> Could not find the language line "mynt_buy_jd"
ERROR - 2016-08-11 07:39:46 --> Session: File 'ci_sessions/ci_session8a1a747395b286e7ca48129432dc740df65001bd' doesn't exist and cannot be created.
ERROR - 2016-08-11 07:39:46 --> Could not find the language line "mynt_buy_taobao"
ERROR - 2016-08-11 07:39:46 --> Could not find the language line "mynt_buy_tmall"
ERROR - 2016-08-11 07:39:46 --> Could not find the language line "mynt_buy_youzan"
ERROR - 2016-08-11 07:39:46 --> Could not find the language line "mynt_buy_jd"
ERROR - 2016-08-11 07:39:59 --> Could not find the language line "mynt_buy_taobao"
ERROR - 2016-08-11 07:39:59 --> Could not find the language line "mynt_buy_tmall"
ERROR - 2016-08-11 07:39:59 --> Could not find the language line "mynt_buy_youzan"
ERROR - 2016-08-11 07:39:59 --> Could not find the language line "mynt_buy_jd"
ERROR - 2016-08-11 07:40:00 --> Could not find the language line "mynt_buy_taobao"
ERROR - 2016-08-11 07:40:00 --> Could not find the language line "mynt_buy_tmall"
ERROR - 2016-08-11 07:40:00 --> Could not find the language line "mynt_buy_youzan"
ERROR - 2016-08-11 07:40:00 --> Could not find the language line "mynt_buy_jd"
ERROR - 2016-08-11 07:40:13 --> Could not find the language line "mynt_buy_taobao"
ERROR - 2016-08-11 07:40:13 --> Could not find the language line "mynt_buy_tmall"
ERROR - 2016-08-11 07:40:13 --> Could not find the language line "mynt_buy_youzan"
ERROR - 2016-08-11 07:40:13 --> Could not find the language line "mynt_buy_jd"
ERROR - 2016-08-11 07:40:13 --> Could not find the language line "mynt_buy_taobao"
ERROR - 2016-08-11 07:40:13 --> Could not find the language line "mynt_buy_tmall"
ERROR - 2016-08-11 07:40:13 --> Could not find the language line "mynt_buy_youzan"
ERROR - 2016-08-11 07:40:13 --> Could not find the language line "mynt_buy_jd"
ERROR - 2016-08-11 07:42:22 --> Could not find the language line "mynt_buy_taobao"
ERROR - 2016-08-11 07:42:22 --> Could not find the language line "mynt_buy_tmall"
ERROR - 2016-08-11 07:42:22 --> Could not find the language line "mynt_buy_youzan"
ERROR - 2016-08-11 07:42:22 --> Could not find the language line "mynt_buy_jd"
ERROR - 2016-08-11 07:42:23 --> Could not find the language line "mynt_buy_taobao"
ERROR - 2016-08-11 07:42:23 --> Could not find the language line "mynt_buy_tmall"
ERROR - 2016-08-11 07:42:23 --> Could not find the language line "mynt_buy_youzan"
ERROR - 2016-08-11 07:42:23 --> Could not find the language line "mynt_buy_jd"
ERROR - 2016-08-11 07:43:06 --> Could not find the language line "mynt_buy_taobao"
ERROR - 2016-08-11 07:43:06 --> Could not find the language line "mynt_buy_tmall"
ERROR - 2016-08-11 07:43:06 --> Could not find the language line "mynt_buy_youzan"
ERROR - 2016-08-11 07:43:06 --> Could not find the language line "mynt_buy_jd"
ERROR - 2016-08-11 07:43:06 --> Could not find the language line "mynt_buy_taobao"
ERROR - 2016-08-11 07:43:06 --> Could not find the language line "mynt_buy_tmall"
ERROR - 2016-08-11 07:43:06 --> Could not find the language line "mynt_buy_youzan"
ERROR - 2016-08-11 07:43:06 --> Could not find the language line "mynt_buy_jd"
ERROR - 2016-08-11 07:44:04 --> Could not find the language line "mynt_buy_taobao"
ERROR - 2016-08-11 07:44:04 --> Could not find the language line "mynt_buy_tmall"
ERROR - 2016-08-11 07:44:04 --> Could not find the language line "mynt_buy_youzan"
ERROR - 2016-08-11 07:44:04 --> Could not find the language line "mynt_buy_jd"
ERROR - 2016-08-11 07:44:04 --> Could not find the language line "mynt_buy_taobao"
ERROR - 2016-08-11 07:44:04 --> Could not find the language line "mynt_buy_tmall"
ERROR - 2016-08-11 07:44:04 --> Could not find the language line "mynt_buy_youzan"
ERROR - 2016-08-11 07:44:04 --> Could not find the language line "mynt_buy_jd"
ERROR - 2016-08-11 07:44:25 --> Could not find the language line "mynt_buy_taobao"
ERROR - 2016-08-11 07:44:25 --> Could not find the language line "mynt_buy_tmall"
ERROR - 2016-08-11 07:44:25 --> Could not find the language line "mynt_buy_youzan"
ERROR - 2016-08-11 07:44:25 --> Could not find the language line "mynt_buy_jd"
ERROR - 2016-08-11 07:44:25 --> Could not find the language line "mynt_buy_taobao"
ERROR - 2016-08-11 07:44:25 --> Could not find the language line "mynt_buy_tmall"
ERROR - 2016-08-11 07:44:25 --> Could not find the language line "mynt_buy_youzan"
ERROR - 2016-08-11 07:44:25 --> Could not find the language line "mynt_buy_jd"
ERROR - 2016-08-11 07:44:36 --> Could not find the language line "mynt_buy_taobao"
ERROR - 2016-08-11 07:44:36 --> Could not find the language line "mynt_buy_tmall"
ERROR - 2016-08-11 07:44:36 --> Could not find the language line "mynt_buy_youzan"
ERROR - 2016-08-11 07:44:36 --> Could not find the language line "mynt_buy_jd"
ERROR - 2016-08-11 07:44:36 --> Could not find the language line "mynt_buy_taobao"
ERROR - 2016-08-11 07:44:36 --> Could not find the language line "mynt_buy_tmall"
ERROR - 2016-08-11 07:44:36 --> Could not find the language line "mynt_buy_youzan"
ERROR - 2016-08-11 07:44:36 --> Could not find the language line "mynt_buy_jd"
ERROR - 2016-08-11 07:44:51 --> Could not find the language line "mynt_buy_taobao"
ERROR - 2016-08-11 07:44:51 --> Could not find the language line "mynt_buy_tmall"
ERROR - 2016-08-11 07:44:51 --> Could not find the language line "mynt_buy_youzan"
ERROR - 2016-08-11 07:44:51 --> Could not find the language line "mynt_buy_jd"
ERROR - 2016-08-11 07:44:51 --> Session: File 'ci_sessions/ci_session25ad3cbc9c8e2e9c701c48fc859e560b0662c20d' doesn't exist and cannot be created.
ERROR - 2016-08-11 07:44:52 --> Could not find the language line "mynt_buy_taobao"
ERROR - 2016-08-11 07:44:52 --> Could not find the language line "mynt_buy_tmall"
ERROR - 2016-08-11 07:44:52 --> Could not find the language line "mynt_buy_youzan"
ERROR - 2016-08-11 07:44:52 --> Could not find the language line "mynt_buy_jd"
ERROR - 2016-08-11 07:45:05 --> Could not find the language line "mynt_buy_taobao"
ERROR - 2016-08-11 07:45:05 --> Could not find the language line "mynt_buy_tmall"
ERROR - 2016-08-11 07:45:05 --> Could not find the language line "mynt_buy_youzan"
ERROR - 2016-08-11 07:45:05 --> Could not find the language line "mynt_buy_jd"
ERROR - 2016-08-11 07:45:06 --> Could not find the language line "mynt_buy_taobao"
ERROR - 2016-08-11 07:45:06 --> Could not find the language line "mynt_buy_tmall"
ERROR - 2016-08-11 07:45:06 --> Could not find the language line "mynt_buy_youzan"
ERROR - 2016-08-11 07:45:06 --> Could not find the language line "mynt_buy_jd"
ERROR - 2016-08-11 07:45:16 --> Could not find the language line "mynt_buy_taobao"
ERROR - 2016-08-11 07:45:16 --> Could not find the language line "mynt_buy_tmall"
ERROR - 2016-08-11 07:45:16 --> Could not find the language line "mynt_buy_youzan"
ERROR - 2016-08-11 07:45:16 --> Could not find the language line "mynt_buy_jd"
ERROR - 2016-08-11 07:45:16 --> Could not find the language line "mynt_buy_taobao"
ERROR - 2016-08-11 07:45:16 --> Could not find the language line "mynt_buy_tmall"
ERROR - 2016-08-11 07:45:16 --> Could not find the language line "mynt_buy_youzan"
ERROR - 2016-08-11 07:45:16 --> Could not find the language line "mynt_buy_jd"
ERROR - 2016-08-11 07:45:24 --> Could not find the language line "mynt_buy_taobao"
ERROR - 2016-08-11 07:45:24 --> Could not find the language line "mynt_buy_tmall"
ERROR - 2016-08-11 07:45:24 --> Could not find the language line "mynt_buy_youzan"
ERROR - 2016-08-11 07:45:24 --> Could not find the language line "mynt_buy_jd"
ERROR - 2016-08-11 07:45:25 --> Could not find the language line "mynt_buy_taobao"
ERROR - 2016-08-11 07:45:25 --> Could not find the language line "mynt_buy_tmall"
ERROR - 2016-08-11 07:45:25 --> Could not find the language line "mynt_buy_youzan"
ERROR - 2016-08-11 07:45:25 --> Could not find the language line "mynt_buy_jd"
ERROR - 2016-08-11 07:45:34 --> Could not find the language line "mynt_buy_taobao"
ERROR - 2016-08-11 07:45:34 --> Could not find the language line "mynt_buy_tmall"
ERROR - 2016-08-11 07:45:34 --> Could not find the language line "mynt_buy_youzan"
ERROR - 2016-08-11 07:45:34 --> Could not find the language line "mynt_buy_jd"
ERROR - 2016-08-11 07:45:34 --> Could not find the language line "mynt_buy_taobao"
ERROR - 2016-08-11 07:45:34 --> Could not find the language line "mynt_buy_tmall"
ERROR - 2016-08-11 07:45:34 --> Could not find the language line "mynt_buy_youzan"
ERROR - 2016-08-11 07:45:34 --> Could not find the language line "mynt_buy_jd"
ERROR - 2016-08-11 07:45:46 --> Could not find the language line "mynt_buy_taobao"
ERROR - 2016-08-11 07:45:46 --> Could not find the language line "mynt_buy_tmall"
ERROR - 2016-08-11 07:45:46 --> Could not find the language line "mynt_buy_youzan"
ERROR - 2016-08-11 07:45:46 --> Could not find the language line "mynt_buy_jd"
ERROR - 2016-08-11 07:45:47 --> Could not find the language line "mynt_buy_taobao"
ERROR - 2016-08-11 07:45:47 --> Could not find the language line "mynt_buy_tmall"
ERROR - 2016-08-11 07:45:47 --> Could not find the language line "mynt_buy_youzan"
ERROR - 2016-08-11 07:45:47 --> Could not find the language line "mynt_buy_jd"
ERROR - 2016-08-11 07:46:12 --> Could not find the language line "mynt_buy_taobao"
ERROR - 2016-08-11 07:46:12 --> Could not find the language line "mynt_buy_tmall"
ERROR - 2016-08-11 07:46:12 --> Could not find the language line "mynt_buy_youzan"
ERROR - 2016-08-11 07:46:12 --> Could not find the language line "mynt_buy_jd"
ERROR - 2016-08-11 07:46:13 --> Could not find the language line "mynt_buy_taobao"
ERROR - 2016-08-11 07:46:13 --> Could not find the language line "mynt_buy_tmall"
ERROR - 2016-08-11 07:46:13 --> Could not find the language line "mynt_buy_youzan"
ERROR - 2016-08-11 07:46:13 --> Could not find the language line "mynt_buy_jd"
ERROR - 2016-08-11 07:46:46 --> Could not find the language line "mynt_buy_taobao"
ERROR - 2016-08-11 07:46:46 --> Could not find the language line "mynt_buy_tmall"
ERROR - 2016-08-11 07:46:46 --> Could not find the language line "mynt_buy_youzan"
ERROR - 2016-08-11 07:46:46 --> Could not find the language line "mynt_buy_jd"
ERROR - 2016-08-11 07:46:47 --> Could not find the language line "mynt_buy_taobao"
ERROR - 2016-08-11 07:46:47 --> Could not find the language line "mynt_buy_tmall"
ERROR - 2016-08-11 07:46:47 --> Could not find the language line "mynt_buy_youzan"
ERROR - 2016-08-11 07:46:47 --> Could not find the language line "mynt_buy_jd"
ERROR - 2016-08-11 07:47:11 --> Could not find the language line "mynt_buy_taobao"
ERROR - 2016-08-11 07:47:11 --> Could not find the language line "mynt_buy_tmall"
ERROR - 2016-08-11 07:47:11 --> Could not find the language line "mynt_buy_youzan"
ERROR - 2016-08-11 07:47:11 --> Could not find the language line "mynt_buy_jd"
ERROR - 2016-08-11 07:47:11 --> Could not find the language line "mynt_buy_taobao"
ERROR - 2016-08-11 07:47:11 --> Could not find the language line "mynt_buy_tmall"
ERROR - 2016-08-11 07:47:11 --> Could not find the language line "mynt_buy_youzan"
ERROR - 2016-08-11 07:47:11 --> Could not find the language line "mynt_buy_jd"
ERROR - 2016-08-11 07:52:08 --> Could not find the language line "mynt_buy_taobao"
ERROR - 2016-08-11 07:52:08 --> Could not find the language line "mynt_buy_tmall"
ERROR - 2016-08-11 07:52:08 --> Could not find the language line "mynt_buy_youzan"
ERROR - 2016-08-11 07:52:08 --> Could not find the language line "mynt_buy_jd"
ERROR - 2016-08-11 07:52:08 --> Session: File 'ci_sessions/ci_sessioncb190363dea40af64fc530206073398622821453' doesn't exist and cannot be created.
ERROR - 2016-08-11 07:52:09 --> Could not find the language line "mynt_buy_taobao"
ERROR - 2016-08-11 07:52:09 --> Could not find the language line "mynt_buy_tmall"
ERROR - 2016-08-11 07:52:09 --> Could not find the language line "mynt_buy_youzan"
ERROR - 2016-08-11 07:52:09 --> Could not find the language line "mynt_buy_jd"
ERROR - 2016-08-11 07:52:59 --> Could not find the language line "mynt_buy_taobao"
ERROR - 2016-08-11 07:52:59 --> Could not find the language line "mynt_buy_tmall"
ERROR - 2016-08-11 07:52:59 --> Could not find the language line "mynt_buy_youzan"
ERROR - 2016-08-11 07:52:59 --> Could not find the language line "mynt_buy_jd"
ERROR - 2016-08-11 07:52:59 --> Session: File 'ci_sessions/ci_session58fe236c5527a53c995da2b01fad5190c4cc963a' doesn't exist and cannot be created.
ERROR - 2016-08-11 07:53:00 --> Could not find the language line "mynt_buy_taobao"
ERROR - 2016-08-11 07:53:00 --> Could not find the language line "mynt_buy_tmall"
ERROR - 2016-08-11 07:53:00 --> Could not find the language line "mynt_buy_youzan"
ERROR - 2016-08-11 07:53:00 --> Could not find the language line "mynt_buy_jd"
ERROR - 2016-08-11 07:53:31 --> Could not find the language line "mynt_buy_taobao"
ERROR - 2016-08-11 07:53:31 --> Could not find the language line "mynt_buy_tmall"
ERROR - 2016-08-11 07:53:31 --> Could not find the language line "mynt_buy_youzan"
ERROR - 2016-08-11 07:53:31 --> Could not find the language line "mynt_buy_jd"
ERROR - 2016-08-11 07:53:31 --> Could not find the language line "mynt_buy_taobao"
ERROR - 2016-08-11 07:53:31 --> Could not find the language line "mynt_buy_tmall"
ERROR - 2016-08-11 07:53:31 --> Could not find the language line "mynt_buy_youzan"
ERROR - 2016-08-11 07:53:31 --> Could not find the language line "mynt_buy_jd"
ERROR - 2016-08-11 07:57:04 --> Could not find the language line "mynt_buy_taobao"
ERROR - 2016-08-11 07:57:04 --> Could not find the language line "mynt_buy_tmall"
ERROR - 2016-08-11 07:57:04 --> Could not find the language line "mynt_buy_youzan"
ERROR - 2016-08-11 07:57:04 --> Could not find the language line "mynt_buy_jd"
ERROR - 2016-08-11 07:57:05 --> Could not find the language line "mynt_buy_taobao"
ERROR - 2016-08-11 07:57:05 --> Could not find the language line "mynt_buy_tmall"
ERROR - 2016-08-11 07:57:05 --> Could not find the language line "mynt_buy_youzan"
ERROR - 2016-08-11 07:57:05 --> Could not find the language line "mynt_buy_jd"
ERROR - 2016-08-11 08:00:04 --> Could not find the language line "mynt_buy_taobao"
ERROR - 2016-08-11 08:00:04 --> Could not find the language line "mynt_buy_tmall"
ERROR - 2016-08-11 08:00:04 --> Could not find the language line "mynt_buy_youzan"
ERROR - 2016-08-11 08:00:04 --> Could not find the language line "mynt_buy_jd"
ERROR - 2016-08-11 08:00:04 --> Session: File 'ci_sessions/ci_session2a13feda19bf6a0371c212236811cd92a5bdc5dc' doesn't exist and cannot be created.
ERROR - 2016-08-11 08:00:05 --> Could not find the language line "mynt_buy_taobao"
ERROR - 2016-08-11 08:00:05 --> Could not find the language line "mynt_buy_tmall"
ERROR - 2016-08-11 08:00:05 --> Could not find the language line "mynt_buy_youzan"
ERROR - 2016-08-11 08:00:05 --> Could not find the language line "mynt_buy_jd"
ERROR - 2016-08-11 08:00:19 --> Could not find the language line "mynt_buy_taobao"
ERROR - 2016-08-11 08:00:19 --> Could not find the language line "mynt_buy_tmall"
ERROR - 2016-08-11 08:00:19 --> Could not find the language line "mynt_buy_youzan"
ERROR - 2016-08-11 08:00:19 --> Could not find the language line "mynt_buy_jd"
ERROR - 2016-08-11 08:00:19 --> Session: File 'ci_sessions/ci_sessionbd1bcf781349be7df9b40859349fa05d8d03e0f9' doesn't exist and cannot be created.
ERROR - 2016-08-11 08:00:19 --> Could not find the language line "mynt_buy_taobao"
ERROR - 2016-08-11 08:00:19 --> Could not find the language line "mynt_buy_tmall"
ERROR - 2016-08-11 08:00:19 --> Could not find the language line "mynt_buy_youzan"
ERROR - 2016-08-11 08:00:19 --> Could not find the language line "mynt_buy_jd"
ERROR - 2016-08-11 08:02:18 --> Could not find the language line "mynt_buy_taobao"
ERROR - 2016-08-11 08:02:18 --> Could not find the language line "mynt_buy_tmall"
ERROR - 2016-08-11 08:02:18 --> Could not find the language line "mynt_buy_youzan"
ERROR - 2016-08-11 08:02:18 --> Could not find the language line "mynt_buy_jd"
ERROR - 2016-08-11 08:02:18 --> Could not find the language line "mynt_icon_taobao"
ERROR - 2016-08-11 08:02:18 --> Could not find the language line "mynt_icon_tmall"
ERROR - 2016-08-11 08:02:18 --> Could not find the language line "mynt_icon_youzan"
ERROR - 2016-08-11 08:02:18 --> Could not find the language line "mynt_icon_jd"
ERROR - 2016-08-11 08:02:18 --> Could not find the language line "mynt_jd_detail"
ERROR - 2016-08-11 08:02:18 --> Could not find the language line "to_buy_wd"
ERROR - 2016-08-11 08:02:18 --> Could not find the language line "slightech_wechat"
ERROR - 2016-08-11 08:02:18 --> Could not find the language line "camera_no_lost"
ERROR - 2016-08-11 08:02:18 --> Could not find the language line "key_no_lost"
ERROR - 2016-08-11 08:02:18 --> Could not find the language line "bag_no_lost"
ERROR - 2016-08-11 08:02:18 --> Could not find the language line "computer_no_lost"
ERROR - 2016-08-11 08:02:18 --> Could not find the language line "pet_no_lost"
ERROR - 2016-08-11 08:02:18 --> Could not find the language line "goal"
ERROR - 2016-08-11 08:02:18 --> Could not find the language line "fund_title"
ERROR - 2016-08-11 08:02:18 --> Could not find the language line "fund_intro"
ERROR - 2016-08-11 08:02:18 --> Could not find the language line "mynt_buy_taobao"
ERROR - 2016-08-11 08:02:18 --> Could not find the language line "mynt_buy_tmall"
ERROR - 2016-08-11 08:02:18 --> Could not find the language line "mynt_buy_youzan"
ERROR - 2016-08-11 08:02:18 --> Could not find the language line "mynt_buy_jd"
ERROR - 2016-08-11 08:02:20 --> Could not find the language line "mynt_buy_taobao"
ERROR - 2016-08-11 08:02:20 --> Could not find the language line "mynt_buy_tmall"
ERROR - 2016-08-11 08:02:20 --> Could not find the language line "mynt_buy_youzan"
ERROR - 2016-08-11 08:02:20 --> Could not find the language line "mynt_buy_jd"
ERROR - 2016-08-11 08:02:20 --> Could not find the language line "mynt_buy_taobao"
ERROR - 2016-08-11 08:02:20 --> Could not find the language line "mynt_buy_tmall"
ERROR - 2016-08-11 08:02:20 --> Could not find the language line "mynt_buy_youzan"
ERROR - 2016-08-11 08:02:20 --> Could not find the language line "mynt_buy_jd"
ERROR - 2016-08-11 08:03:16 --> Could not find the language line "mynt_buy_taobao"
ERROR - 2016-08-11 08:03:16 --> Could not find the language line "mynt_buy_tmall"
ERROR - 2016-08-11 08:03:16 --> Could not find the language line "mynt_buy_youzan"
ERROR - 2016-08-11 08:03:16 --> Could not find the language line "mynt_buy_jd"
ERROR - 2016-08-11 08:23:08 --> Could not find the language line "mynt_buy_taobao"
ERROR - 2016-08-11 08:23:08 --> Could not find the language line "mynt_buy_tmall"
ERROR - 2016-08-11 08:23:08 --> Could not find the language line "mynt_buy_youzan"
ERROR - 2016-08-11 08:23:08 --> Could not find the language line "mynt_buy_jd"
ERROR - 2016-08-11 08:23:08 --> Session: File 'ci_sessions/ci_session732071f4d182251e11a7f95724d416f2ac603555' doesn't exist and cannot be created.
ERROR - 2016-08-11 08:23:10 --> Could not find the language line "mynt_buy_taobao"
ERROR - 2016-08-11 08:23:10 --> Could not find the language line "mynt_buy_tmall"
ERROR - 2016-08-11 08:23:10 --> Could not find the language line "mynt_buy_youzan"
ERROR - 2016-08-11 08:23:10 --> Could not find the language line "mynt_buy_jd"
