ERROR - 2017-06-15 02:23:35 --> Could not find the language line "mynt_buy_taobao"
ERROR - 2017-06-15 02:23:35 --> Could not find the language line "mynt_buy_tmall"
ERROR - 2017-06-15 02:23:35 --> Could not find the language line "mynt_buy_youzan"
ERROR - 2017-06-15 02:23:35 --> Could not find the language line "mynt_buy_jd"
ERROR - 2017-06-15 02:23:35 --> Could not find the language line "home_cloud_title"
ERROR - 2017-06-15 02:23:35 --> Could not find the language line "home_cloud_intro"
ERROR - 2017-06-15 02:23:35 --> Could not find the language line "mynt_icon_taobao"
ERROR - 2017-06-15 02:23:35 --> Could not find the language line "mynt_icon_tmall"
ERROR - 2017-06-15 02:23:35 --> Could not find the language line "mynt_icon_youzan"
ERROR - 2017-06-15 02:23:35 --> Could not find the language line "mynt_buy_taobao"
ERROR - 2017-06-15 02:23:35 --> Could not find the language line "mynt_buy_tmall"
ERROR - 2017-06-15 02:23:35 --> Could not find the language line "mynt_buy_youzan"
ERROR - 2017-06-15 02:23:35 --> Could not find the language line "mynt_buy_jd"
ERROR - 2017-06-15 02:24:23 --> Could not find the language line "mynt_buy_taobao"
ERROR - 2017-06-15 02:24:23 --> Could not find the language line "mynt_buy_tmall"
ERROR - 2017-06-15 02:24:23 --> Could not find the language line "mynt_buy_youzan"
ERROR - 2017-06-15 02:24:23 --> Could not find the language line "mynt_buy_jd"
ERROR - 2017-06-15 02:24:23 --> Could not find the language line "mynt_buy_taobao"
ERROR - 2017-06-15 02:24:23 --> Could not find the language line "mynt_buy_tmall"
ERROR - 2017-06-15 02:24:23 --> Could not find the language line "mynt_buy_youzan"
ERROR - 2017-06-15 02:24:23 --> Could not find the language line "mynt_buy_jd"
ERROR - 2017-06-15 02:33:34 --> Could not find the language line "mynt_buy_taobao"
ERROR - 2017-06-15 02:33:34 --> Could not find the language line "mynt_buy_tmall"
ERROR - 2017-06-15 02:33:34 --> Could not find the language line "mynt_buy_youzan"
ERROR - 2017-06-15 02:33:34 --> Could not find the language line "mynt_buy_jd"
ERROR - 2017-06-15 02:33:52 --> Could not find the language line "mynt_buy_taobao"
ERROR - 2017-06-15 02:33:52 --> Could not find the language line "mynt_buy_tmall"
ERROR - 2017-06-15 02:33:52 --> Could not find the language line "mynt_buy_youzan"
ERROR - 2017-06-15 02:33:52 --> Could not find the language line "mynt_buy_jd"
ERROR - 2017-06-15 02:34:16 --> Could not find the language line "mynt_buy_taobao"
ERROR - 2017-06-15 02:34:16 --> Could not find the language line "mynt_buy_tmall"
ERROR - 2017-06-15 02:34:16 --> Could not find the language line "mynt_buy_youzan"
ERROR - 2017-06-15 02:34:16 --> Could not find the language line "mynt_buy_jd"
ERROR - 2017-06-15 02:34:16 --> Could not find the language line "mynt_icon_taobao"
ERROR - 2017-06-15 02:34:16 --> Could not find the language line "mynt_icon_tmall"
ERROR - 2017-06-15 02:34:16 --> Could not find the language line "mynt_icon_youzan"
ERROR - 2017-06-15 02:34:16 --> Could not find the language line "mynt_icon_jd"
ERROR - 2017-06-15 02:34:16 --> Could not find the language line "mynt_jd_detail"
ERROR - 2017-06-15 02:34:16 --> Could not find the language line "to_buy_wd"
ERROR - 2017-06-15 02:34:16 --> Could not find the language line "slightech_wechat"
ERROR - 2017-06-15 02:34:16 --> Could not find the language line "key_no_lost"
ERROR - 2017-06-15 02:34:16 --> Could not find the language line "bag_no_lost"
ERROR - 2017-06-15 02:34:16 --> Could not find the language line "computer_no_lost"
ERROR - 2017-06-15 02:34:16 --> Could not find the language line "pet_no_lost"
ERROR - 2017-06-15 02:34:16 --> Could not find the language line "goal"
ERROR - 2017-06-15 02:34:16 --> Could not find the language line "fund_title"
ERROR - 2017-06-15 02:34:16 --> Could not find the language line "fund_intro"
ERROR - 2017-06-15 02:34:16 --> Could not find the language line "mynt_buy_taobao"
ERROR - 2017-06-15 02:34:16 --> Could not find the language line "mynt_buy_tmall"
ERROR - 2017-06-15 02:34:16 --> Could not find the language line "mynt_buy_youzan"
ERROR - 2017-06-15 02:34:16 --> Could not find the language line "mynt_buy_jd"
ERROR - 2017-06-15 02:34:54 --> Could not find the language line "mynt_buy_taobao"
ERROR - 2017-06-15 02:34:54 --> Could not find the language line "mynt_buy_tmall"
ERROR - 2017-06-15 02:34:54 --> Could not find the language line "mynt_buy_youzan"
ERROR - 2017-06-15 02:34:54 --> Could not find the language line "mynt_buy_jd"
ERROR - 2017-06-15 02:34:54 --> Could not find the language line "mynt_buy_taobao"
ERROR - 2017-06-15 02:34:54 --> Could not find the language line "mynt_buy_tmall"
ERROR - 2017-06-15 02:34:54 --> Could not find the language line "mynt_buy_youzan"
ERROR - 2017-06-15 02:34:54 --> Could not find the language line "mynt_buy_jd"
ERROR - 2017-06-15 02:35:17 --> Could not find the language line "mynt_buy_taobao"
ERROR - 2017-06-15 02:35:17 --> Could not find the language line "mynt_buy_tmall"
ERROR - 2017-06-15 02:35:17 --> Could not find the language line "mynt_buy_youzan"
ERROR - 2017-06-15 02:35:17 --> Could not find the language line "mynt_buy_jd"
ERROR - 2017-06-15 02:35:17 --> Could not find the language line "mynt_buy_taobao"
ERROR - 2017-06-15 02:35:17 --> Could not find the language line "mynt_buy_tmall"
ERROR - 2017-06-15 02:35:17 --> Could not find the language line "mynt_buy_youzan"
ERROR - 2017-06-15 02:35:17 --> Could not find the language line "mynt_buy_jd"
ERROR - 2017-06-15 02:35:26 --> Could not find the language line "mynt_buy_taobao"
ERROR - 2017-06-15 02:35:26 --> Could not find the language line "mynt_buy_tmall"
ERROR - 2017-06-15 02:35:26 --> Could not find the language line "mynt_buy_youzan"
ERROR - 2017-06-15 02:35:26 --> Could not find the language line "mynt_buy_jd"
ERROR - 2017-06-15 02:35:26 --> Could not find the language line "mynt_buy_taobao"
ERROR - 2017-06-15 02:35:26 --> Could not find the language line "mynt_buy_tmall"
ERROR - 2017-06-15 02:35:26 --> Could not find the language line "mynt_buy_youzan"
ERROR - 2017-06-15 02:35:26 --> Could not find the language line "mynt_buy_jd"
ERROR - 2017-06-15 02:35:38 --> Could not find the language line "mynt_buy_taobao"
ERROR - 2017-06-15 02:35:38 --> Could not find the language line "mynt_buy_tmall"
ERROR - 2017-06-15 02:35:38 --> Could not find the language line "mynt_buy_youzan"
ERROR - 2017-06-15 02:35:38 --> Could not find the language line "mynt_buy_jd"
ERROR - 2017-06-15 02:35:38 --> Could not find the language line "home_cloud_title"
ERROR - 2017-06-15 02:35:38 --> Could not find the language line "home_cloud_intro"
ERROR - 2017-06-15 02:35:38 --> Could not find the language line "mynt_icon_taobao"
ERROR - 2017-06-15 02:35:38 --> Could not find the language line "mynt_icon_tmall"
ERROR - 2017-06-15 02:35:38 --> Could not find the language line "mynt_icon_youzan"
ERROR - 2017-06-15 02:35:38 --> Could not find the language line "mynt_buy_taobao"
ERROR - 2017-06-15 02:35:38 --> Could not find the language line "mynt_buy_tmall"
ERROR - 2017-06-15 02:35:38 --> Could not find the language line "mynt_buy_youzan"
ERROR - 2017-06-15 02:35:38 --> Could not find the language line "mynt_buy_jd"
ERROR - 2017-06-15 02:35:41 --> Could not find the language line "mynt_buy_taobao"
ERROR - 2017-06-15 02:35:41 --> Could not find the language line "mynt_buy_tmall"
ERROR - 2017-06-15 02:35:41 --> Could not find the language line "mynt_buy_youzan"
ERROR - 2017-06-15 02:35:41 --> Could not find the language line "mynt_buy_jd"
ERROR - 2017-06-15 02:35:41 --> Could not find the language line "about_keywords"
ERROR - 2017-06-15 02:35:41 --> Could not find the language line "about_facebook"
ERROR - 2017-06-15 02:35:41 --> Could not find the language line "about_twitter"
ERROR - 2017-06-15 02:35:41 --> Could not find the language line "about_weibo"
ERROR - 2017-06-15 02:35:41 --> Could not find the language line "mynt_buy_taobao"
ERROR - 2017-06-15 02:35:41 --> Could not find the language line "mynt_buy_tmall"
ERROR - 2017-06-15 02:35:41 --> Could not find the language line "mynt_buy_youzan"
ERROR - 2017-06-15 02:35:41 --> Could not find the language line "mynt_buy_jd"
