ERROR - 2016-07-14 01:51:01 --> Could not find the language line "mynt_buy_taobao"
ERROR - 2016-07-14 01:51:01 --> Could not find the language line "mynt_buy_tmall"
ERROR - 2016-07-14 01:51:01 --> Could not find the language line "mynt_buy_youzan"
ERROR - 2016-07-14 01:51:06 --> Could not find the language line "mynt_buy_taobao"
ERROR - 2016-07-14 01:51:06 --> Could not find the language line "mynt_buy_tmall"
ERROR - 2016-07-14 01:51:06 --> Could not find the language line "mynt_buy_youzan"
ERROR - 2016-07-14 01:51:06 --> Could not find the language line "about_keywords"
ERROR - 2016-07-14 01:51:06 --> Could not find the language line "about_facebook"
ERROR - 2016-07-14 01:51:06 --> Could not find the language line "about_twitter"
ERROR - 2016-07-14 01:51:06 --> Could not find the language line "about_weibo"
ERROR - 2016-07-14 01:51:06 --> Could not find the language line "mynt_buy_taobao"
ERROR - 2016-07-14 01:51:06 --> Could not find the language line "mynt_buy_tmall"
ERROR - 2016-07-14 01:51:06 --> Could not find the language line "mynt_buy_youzan"
ERROR - 2016-07-14 01:51:34 --> Could not find the language line "mynt_buy_taobao"
ERROR - 2016-07-14 01:51:34 --> Could not find the language line "mynt_buy_tmall"
ERROR - 2016-07-14 01:51:34 --> Could not find the language line "mynt_buy_youzan"
ERROR - 2016-07-14 01:51:34 --> Could not find the language line "about_keywords"
ERROR - 2016-07-14 01:51:34 --> Could not find the language line "about_facebook"
ERROR - 2016-07-14 01:51:34 --> Could not find the language line "about_twitter"
ERROR - 2016-07-14 01:51:34 --> Could not find the language line "about_weibo"
ERROR - 2016-07-14 01:51:34 --> Could not find the language line "mynt_buy_taobao"
ERROR - 2016-07-14 01:51:34 --> Could not find the language line "mynt_buy_tmall"
ERROR - 2016-07-14 01:51:34 --> Could not find the language line "mynt_buy_youzan"
ERROR - 2016-07-14 01:51:41 --> Could not find the language line "mynt_buy_taobao"
ERROR - 2016-07-14 01:51:41 --> Could not find the language line "mynt_buy_tmall"
ERROR - 2016-07-14 01:51:41 --> Could not find the language line "mynt_buy_youzan"
ERROR - 2016-07-14 01:51:41 --> Could not find the language line "about_keywords"
ERROR - 2016-07-14 01:51:41 --> Could not find the language line "about_facebook"
ERROR - 2016-07-14 01:51:41 --> Could not find the language line "about_twitter"
ERROR - 2016-07-14 01:51:41 --> Could not find the language line "about_weibo"
ERROR - 2016-07-14 01:51:41 --> Could not find the language line "mynt_buy_taobao"
ERROR - 2016-07-14 01:51:41 --> Could not find the language line "mynt_buy_tmall"
ERROR - 2016-07-14 01:51:41 --> Could not find the language line "mynt_buy_youzan"
ERROR - 2016-07-14 01:52:04 --> Could not find the language line "mynt_buy_taobao"
ERROR - 2016-07-14 01:52:04 --> Could not find the language line "mynt_buy_tmall"
ERROR - 2016-07-14 01:52:04 --> Could not find the language line "mynt_buy_youzan"
ERROR - 2016-07-14 01:52:04 --> Could not find the language line "about_keywords"
ERROR - 2016-07-14 01:52:04 --> Could not find the language line "about_facebook"
ERROR - 2016-07-14 01:52:04 --> Could not find the language line "about_twitter"
ERROR - 2016-07-14 01:52:04 --> Could not find the language line "about_weibo"
ERROR - 2016-07-14 01:52:05 --> Could not find the language line "mynt_buy_taobao"
ERROR - 2016-07-14 01:52:05 --> Could not find the language line "mynt_buy_tmall"
ERROR - 2016-07-14 01:52:05 --> Could not find the language line "mynt_buy_youzan"
ERROR - 2016-07-14 01:52:07 --> Could not find the language line "mynt_buy_taobao"
ERROR - 2016-07-14 01:52:07 --> Could not find the language line "mynt_buy_tmall"
ERROR - 2016-07-14 01:52:07 --> Could not find the language line "mynt_buy_youzan"
ERROR - 2016-07-14 01:52:07 --> Could not find the language line "about_keywords"
ERROR - 2016-07-14 01:52:07 --> Could not find the language line "about_facebook"
ERROR - 2016-07-14 01:52:07 --> Could not find the language line "about_twitter"
ERROR - 2016-07-14 01:52:07 --> Could not find the language line "about_weibo"
ERROR - 2016-07-14 01:52:07 --> Could not find the language line "mynt_buy_taobao"
ERROR - 2016-07-14 01:52:07 --> Could not find the language line "mynt_buy_tmall"
ERROR - 2016-07-14 01:52:07 --> Could not find the language line "mynt_buy_youzan"
ERROR - 2016-07-14 01:52:08 --> Could not find the language line "mynt_buy_taobao"
ERROR - 2016-07-14 01:52:08 --> Could not find the language line "mynt_buy_tmall"
ERROR - 2016-07-14 01:52:08 --> Could not find the language line "mynt_buy_youzan"
ERROR - 2016-07-14 01:52:08 --> Could not find the language line "about_keywords"
ERROR - 2016-07-14 01:52:08 --> Could not find the language line "about_facebook"
ERROR - 2016-07-14 01:52:08 --> Could not find the language line "about_twitter"
ERROR - 2016-07-14 01:52:08 --> Could not find the language line "about_weibo"
ERROR - 2016-07-14 01:52:09 --> Could not find the language line "mynt_buy_taobao"
ERROR - 2016-07-14 01:52:09 --> Could not find the language line "mynt_buy_tmall"
ERROR - 2016-07-14 01:52:09 --> Could not find the language line "mynt_buy_youzan"
ERROR - 2016-07-14 02:31:44 --> Could not find the language line "mynt_buy_taobao"
ERROR - 2016-07-14 02:31:44 --> Could not find the language line "mynt_buy_tmall"
ERROR - 2016-07-14 02:31:44 --> Could not find the language line "mynt_buy_youzan"
ERROR - 2016-07-14 02:31:44 --> Could not find the language line "about_keywords"
ERROR - 2016-07-14 02:31:44 --> Could not find the language line "about_facebook"
ERROR - 2016-07-14 02:31:44 --> Could not find the language line "about_twitter"
ERROR - 2016-07-14 02:31:44 --> Could not find the language line "about_weibo"
ERROR - 2016-07-14 02:31:44 --> Could not find the language line "mynt_buy_taobao"
ERROR - 2016-07-14 02:31:44 --> Could not find the language line "mynt_buy_tmall"
ERROR - 2016-07-14 02:31:44 --> Could not find the language line "mynt_buy_youzan"
ERROR - 2016-07-14 02:31:56 --> Could not find the language line "mynt_buy_taobao"
ERROR - 2016-07-14 02:31:56 --> Could not find the language line "mynt_buy_tmall"
ERROR - 2016-07-14 02:31:56 --> Could not find the language line "mynt_buy_youzan"
ERROR - 2016-07-14 02:31:56 --> Could not find the language line "about_keywords"
ERROR - 2016-07-14 02:31:56 --> Could not find the language line "about_facebook"
ERROR - 2016-07-14 02:31:56 --> Could not find the language line "about_twitter"
ERROR - 2016-07-14 02:31:56 --> Could not find the language line "about_weibo"
ERROR - 2016-07-14 02:31:56 --> Could not find the language line "mynt_buy_taobao"
ERROR - 2016-07-14 02:31:56 --> Could not find the language line "mynt_buy_tmall"
ERROR - 2016-07-14 02:31:56 --> Could not find the language line "mynt_buy_youzan"
ERROR - 2016-07-14 02:33:37 --> Could not find the language line "mynt_buy_taobao"
ERROR - 2016-07-14 02:33:37 --> Could not find the language line "mynt_buy_tmall"
ERROR - 2016-07-14 02:33:37 --> Could not find the language line "mynt_buy_youzan"
ERROR - 2016-07-14 02:33:37 --> Could not find the language line "about_keywords"
ERROR - 2016-07-14 02:33:37 --> Could not find the language line "about_facebook"
ERROR - 2016-07-14 02:33:37 --> Could not find the language line "about_twitter"
ERROR - 2016-07-14 02:33:37 --> Could not find the language line "about_weibo"
ERROR - 2016-07-14 02:33:37 --> Could not find the language line "mynt_buy_taobao"
ERROR - 2016-07-14 02:33:37 --> Could not find the language line "mynt_buy_tmall"
ERROR - 2016-07-14 02:33:37 --> Could not find the language line "mynt_buy_youzan"
ERROR - 2016-07-14 02:35:44 --> Could not find the language line "mynt_buy_taobao"
ERROR - 2016-07-14 02:35:44 --> Could not find the language line "mynt_buy_tmall"
ERROR - 2016-07-14 02:35:44 --> Could not find the language line "mynt_buy_youzan"
ERROR - 2016-07-14 02:35:44 --> Could not find the language line "about_keywords"
ERROR - 2016-07-14 02:35:44 --> Could not find the language line "about_facebook"
ERROR - 2016-07-14 02:35:44 --> Could not find the language line "about_twitter"
ERROR - 2016-07-14 02:35:44 --> Could not find the language line "about_weibo"
ERROR - 2016-07-14 02:35:45 --> Could not find the language line "mynt_buy_taobao"
ERROR - 2016-07-14 02:35:45 --> Could not find the language line "mynt_buy_tmall"
ERROR - 2016-07-14 02:35:45 --> Could not find the language line "mynt_buy_youzan"
ERROR - 2016-07-14 03:08:28 --> Could not find the language line "mynt_buy_taobao"
ERROR - 2016-07-14 03:08:28 --> Could not find the language line "mynt_buy_tmall"
ERROR - 2016-07-14 03:08:28 --> Could not find the language line "mynt_buy_youzan"
ERROR - 2016-07-14 03:08:28 --> Could not find the language line "about_keywords"
ERROR - 2016-07-14 03:08:28 --> Could not find the language line "about_facebook"
ERROR - 2016-07-14 03:08:28 --> Could not find the language line "about_twitter"
ERROR - 2016-07-14 03:08:28 --> Could not find the language line "about_weibo"
ERROR - 2016-07-14 03:08:28 --> Could not find the language line "mynt_buy_taobao"
ERROR - 2016-07-14 03:08:28 --> Could not find the language line "mynt_buy_tmall"
ERROR - 2016-07-14 03:08:28 --> Could not find the language line "mynt_buy_youzan"
ERROR - 2016-07-14 03:13:46 --> Could not find the language line "mynt_buy_taobao"
ERROR - 2016-07-14 03:13:46 --> Could not find the language line "mynt_buy_tmall"
ERROR - 2016-07-14 03:13:46 --> Could not find the language line "mynt_buy_youzan"
ERROR - 2016-07-14 03:13:46 --> Could not find the language line "about_keywords"
ERROR - 2016-07-14 03:13:46 --> Could not find the language line "about_facebook"
ERROR - 2016-07-14 03:13:46 --> Could not find the language line "about_twitter"
ERROR - 2016-07-14 03:13:46 --> Could not find the language line "about_weibo"
ERROR - 2016-07-14 03:13:48 --> Could not find the language line "mynt_buy_taobao"
ERROR - 2016-07-14 03:13:48 --> Could not find the language line "mynt_buy_tmall"
ERROR - 2016-07-14 03:13:48 --> Could not find the language line "mynt_buy_youzan"
ERROR - 2016-07-14 03:15:13 --> Could not find the language line "mynt_buy_taobao"
ERROR - 2016-07-14 03:15:13 --> Could not find the language line "mynt_buy_tmall"
ERROR - 2016-07-14 03:15:13 --> Could not find the language line "mynt_buy_youzan"
ERROR - 2016-07-14 03:15:13 --> Could not find the language line "about_keywords"
ERROR - 2016-07-14 03:15:13 --> Could not find the language line "about_facebook"
ERROR - 2016-07-14 03:15:13 --> Could not find the language line "about_twitter"
ERROR - 2016-07-14 03:15:13 --> Could not find the language line "about_weibo"
ERROR - 2016-07-14 03:15:14 --> Could not find the language line "mynt_buy_taobao"
ERROR - 2016-07-14 03:15:14 --> Could not find the language line "mynt_buy_tmall"
ERROR - 2016-07-14 03:15:14 --> Could not find the language line "mynt_buy_youzan"
ERROR - 2016-07-14 03:15:38 --> Could not find the language line "mynt_buy_taobao"
ERROR - 2016-07-14 03:15:38 --> Could not find the language line "mynt_buy_tmall"
ERROR - 2016-07-14 03:15:38 --> Could not find the language line "mynt_buy_youzan"
ERROR - 2016-07-14 03:15:38 --> Could not find the language line "about_keywords"
ERROR - 2016-07-14 03:15:38 --> Could not find the language line "about_facebook"
ERROR - 2016-07-14 03:15:38 --> Could not find the language line "about_twitter"
ERROR - 2016-07-14 03:15:38 --> Could not find the language line "about_weibo"
ERROR - 2016-07-14 03:15:39 --> Could not find the language line "mynt_buy_taobao"
ERROR - 2016-07-14 03:15:39 --> Could not find the language line "mynt_buy_tmall"
ERROR - 2016-07-14 03:15:39 --> Could not find the language line "mynt_buy_youzan"
ERROR - 2016-07-14 03:19:48 --> Could not find the language line "mynt_buy_taobao"
ERROR - 2016-07-14 03:19:48 --> Could not find the language line "mynt_buy_tmall"
ERROR - 2016-07-14 03:19:48 --> Could not find the language line "mynt_buy_youzan"
ERROR - 2016-07-14 03:19:48 --> Could not find the language line "about_keywords"
ERROR - 2016-07-14 03:19:48 --> Could not find the language line "about_facebook"
ERROR - 2016-07-14 03:19:48 --> Could not find the language line "about_twitter"
ERROR - 2016-07-14 03:19:48 --> Could not find the language line "about_weibo"
ERROR - 2016-07-14 03:19:48 --> Could not find the language line "mynt_buy_taobao"
ERROR - 2016-07-14 03:19:48 --> Could not find the language line "mynt_buy_tmall"
ERROR - 2016-07-14 03:19:48 --> Could not find the language line "mynt_buy_youzan"
ERROR - 2016-07-14 03:21:11 --> Could not find the language line "mynt_buy_taobao"
ERROR - 2016-07-14 03:21:11 --> Could not find the language line "mynt_buy_tmall"
ERROR - 2016-07-14 03:21:11 --> Could not find the language line "mynt_buy_youzan"
ERROR - 2016-07-14 03:21:11 --> Could not find the language line "about_keywords"
ERROR - 2016-07-14 03:21:11 --> Could not find the language line "about_facebook"
ERROR - 2016-07-14 03:21:11 --> Could not find the language line "about_twitter"
ERROR - 2016-07-14 03:21:11 --> Could not find the language line "about_weibo"
ERROR - 2016-07-14 03:21:12 --> Could not find the language line "mynt_buy_taobao"
ERROR - 2016-07-14 03:21:12 --> Could not find the language line "mynt_buy_tmall"
ERROR - 2016-07-14 03:21:12 --> Could not find the language line "mynt_buy_youzan"
ERROR - 2016-07-14 03:21:40 --> Could not find the language line "mynt_buy_taobao"
ERROR - 2016-07-14 03:21:40 --> Could not find the language line "mynt_buy_tmall"
ERROR - 2016-07-14 03:21:40 --> Could not find the language line "mynt_buy_youzan"
ERROR - 2016-07-14 03:21:40 --> Could not find the language line "about_keywords"
ERROR - 2016-07-14 03:21:40 --> Could not find the language line "about_facebook"
ERROR - 2016-07-14 03:21:40 --> Could not find the language line "about_twitter"
ERROR - 2016-07-14 03:21:40 --> Could not find the language line "about_weibo"
ERROR - 2016-07-14 03:21:40 --> Could not find the language line "mynt_buy_taobao"
ERROR - 2016-07-14 03:21:40 --> Could not find the language line "mynt_buy_tmall"
ERROR - 2016-07-14 03:21:40 --> Could not find the language line "mynt_buy_youzan"
ERROR - 2016-07-14 03:22:26 --> Could not find the language line "mynt_buy_taobao"
ERROR - 2016-07-14 03:22:26 --> Could not find the language line "mynt_buy_tmall"
ERROR - 2016-07-14 03:22:26 --> Could not find the language line "mynt_buy_youzan"
ERROR - 2016-07-14 03:22:26 --> Could not find the language line "about_keywords"
ERROR - 2016-07-14 03:22:26 --> Could not find the language line "about_facebook"
ERROR - 2016-07-14 03:22:26 --> Could not find the language line "about_twitter"
ERROR - 2016-07-14 03:22:26 --> Could not find the language line "about_weibo"
ERROR - 2016-07-14 03:22:26 --> Could not find the language line "mynt_buy_taobao"
ERROR - 2016-07-14 03:22:26 --> Could not find the language line "mynt_buy_tmall"
ERROR - 2016-07-14 03:22:26 --> Could not find the language line "mynt_buy_youzan"
ERROR - 2016-07-14 04:44:58 --> Could not find the language line "mynt_buy_amazon"
ERROR - 2016-07-14 04:44:58 --> Could not find the language line "about_keywords"
ERROR - 2016-07-14 04:44:58 --> Could not find the language line "about_company"
ERROR - 2016-07-14 04:44:58 --> Could not find the language line "mynt_buy_taobao"
ERROR - 2016-07-14 04:44:58 --> Could not find the language line "mynt_buy_tmall"
ERROR - 2016-07-14 04:44:58 --> Could not find the language line "mynt_buy_youzan"
ERROR - 2016-07-14 04:45:53 --> Could not find the language line "mynt_buy_amazon"
ERROR - 2016-07-14 04:45:53 --> Could not find the language line "about_keywords"
ERROR - 2016-07-14 04:45:53 --> Could not find the language line "about_company"
ERROR - 2016-07-14 04:45:54 --> Could not find the language line "mynt_buy_taobao"
ERROR - 2016-07-14 04:45:54 --> Could not find the language line "mynt_buy_tmall"
ERROR - 2016-07-14 04:45:54 --> Could not find the language line "mynt_buy_youzan"
ERROR - 2016-07-14 04:45:55 --> Could not find the language line "mynt_buy_amazon"
ERROR - 2016-07-14 04:45:55 --> Could not find the language line "about_keywords"
ERROR - 2016-07-14 04:45:55 --> Could not find the language line "about_company"
ERROR - 2016-07-14 04:45:56 --> Could not find the language line "mynt_buy_taobao"
ERROR - 2016-07-14 04:45:56 --> Could not find the language line "mynt_buy_tmall"
ERROR - 2016-07-14 04:45:56 --> Could not find the language line "mynt_buy_youzan"
ERROR - 2016-07-14 04:47:24 --> Could not find the language line "mynt_buy_amazon"
ERROR - 2016-07-14 04:47:24 --> Could not find the language line "about_keywords"
ERROR - 2016-07-14 04:47:24 --> Could not find the language line "about_company"
ERROR - 2016-07-14 04:47:24 --> Could not find the language line "mynt_buy_taobao"
ERROR - 2016-07-14 04:47:24 --> Could not find the language line "mynt_buy_tmall"
ERROR - 2016-07-14 04:47:24 --> Could not find the language line "mynt_buy_youzan"
ERROR - 2016-07-14 04:47:28 --> Could not find the language line "mynt_buy_amazon"
ERROR - 2016-07-14 04:47:28 --> Could not find the language line "about_keywords"
ERROR - 2016-07-14 04:47:28 --> Could not find the language line "about_company"
ERROR - 2016-07-14 04:47:28 --> Could not find the language line "mynt_buy_taobao"
ERROR - 2016-07-14 04:47:28 --> Could not find the language line "mynt_buy_tmall"
ERROR - 2016-07-14 04:47:28 --> Could not find the language line "mynt_buy_youzan"
ERROR - 2016-07-14 04:47:31 --> Could not find the language line "mynt_buy_amazon"
ERROR - 2016-07-14 04:47:31 --> Could not find the language line "about_keywords"
ERROR - 2016-07-14 04:47:31 --> Could not find the language line "about_company"
ERROR - 2016-07-14 04:47:31 --> Could not find the language line "mynt_buy_taobao"
ERROR - 2016-07-14 04:47:31 --> Could not find the language line "mynt_buy_tmall"
ERROR - 2016-07-14 04:47:31 --> Could not find the language line "mynt_buy_youzan"
ERROR - 2016-07-14 04:48:03 --> Could not find the language line "mynt_buy_amazon"
ERROR - 2016-07-14 04:48:03 --> Could not find the language line "about_keywords"
ERROR - 2016-07-14 04:48:03 --> Could not find the language line "about_company"
ERROR - 2016-07-14 04:48:03 --> Could not find the language line "mynt_buy_taobao"
ERROR - 2016-07-14 04:48:03 --> Could not find the language line "mynt_buy_tmall"
ERROR - 2016-07-14 04:48:03 --> Could not find the language line "mynt_buy_youzan"
ERROR - 2016-07-14 04:48:04 --> Could not find the language line "mynt_buy_amazon"
ERROR - 2016-07-14 04:48:04 --> Could not find the language line "about_keywords"
ERROR - 2016-07-14 04:48:04 --> Could not find the language line "about_company"
ERROR - 2016-07-14 04:48:05 --> Could not find the language line "mynt_buy_taobao"
ERROR - 2016-07-14 04:48:05 --> Could not find the language line "mynt_buy_tmall"
ERROR - 2016-07-14 04:48:05 --> Could not find the language line "mynt_buy_youzan"
ERROR - 2016-07-14 04:48:06 --> Could not find the language line "mynt_buy_amazon"
ERROR - 2016-07-14 04:48:06 --> Could not find the language line "about_keywords"
ERROR - 2016-07-14 04:48:06 --> Could not find the language line "about_company"
ERROR - 2016-07-14 04:48:06 --> Could not find the language line "mynt_buy_taobao"
ERROR - 2016-07-14 04:48:06 --> Could not find the language line "mynt_buy_tmall"
ERROR - 2016-07-14 04:48:06 --> Could not find the language line "mynt_buy_youzan"
ERROR - 2016-07-14 04:48:07 --> Could not find the language line "mynt_buy_amazon"
ERROR - 2016-07-14 04:48:07 --> Could not find the language line "about_keywords"
ERROR - 2016-07-14 04:48:07 --> Could not find the language line "about_company"
ERROR - 2016-07-14 04:48:07 --> Could not find the language line "mynt_buy_taobao"
ERROR - 2016-07-14 04:48:07 --> Could not find the language line "mynt_buy_tmall"
ERROR - 2016-07-14 04:48:07 --> Could not find the language line "mynt_buy_youzan"
ERROR - 2016-07-14 04:48:10 --> Could not find the language line "mynt_buy_amazon"
ERROR - 2016-07-14 04:48:10 --> Could not find the language line "about_keywords"
ERROR - 2016-07-14 04:48:10 --> Could not find the language line "about_company"
ERROR - 2016-07-14 04:48:10 --> Could not find the language line "mynt_buy_amazon"
ERROR - 2016-07-14 04:48:10 --> Could not find the language line "about_keywords"
ERROR - 2016-07-14 04:48:10 --> Could not find the language line "about_company"
