ERROR - 2017-05-20 01:57:25 --> Could not find the language line "mynt_buy_taobao"
ERROR - 2017-05-20 01:57:25 --> Could not find the language line "mynt_buy_tmall"
ERROR - 2017-05-20 01:57:25 --> Could not find the language line "mynt_buy_youzan"
ERROR - 2017-05-20 01:57:25 --> Could not find the language line "mynt_buy_jd"
ERROR - 2017-05-20 01:58:32 --> Could not find the language line "mynt_buy_taobao"
ERROR - 2017-05-20 01:58:32 --> Could not find the language line "mynt_buy_tmall"
ERROR - 2017-05-20 01:58:32 --> Could not find the language line "mynt_buy_youzan"
ERROR - 2017-05-20 01:58:32 --> Could not find the language line "mynt_buy_jd"
ERROR - 2017-05-20 02:00:44 --> Could not find the language line "mynt_buy_taobao"
ERROR - 2017-05-20 02:00:44 --> Could not find the language line "mynt_buy_tmall"
ERROR - 2017-05-20 02:00:44 --> Could not find the language line "mynt_buy_youzan"
ERROR - 2017-05-20 02:00:44 --> Could not find the language line "mynt_buy_jd"
ERROR - 2017-05-20 02:01:33 --> Could not find the language line "mynt_buy_taobao"
ERROR - 2017-05-20 02:01:33 --> Could not find the language line "mynt_buy_tmall"
ERROR - 2017-05-20 02:01:33 --> Could not find the language line "mynt_buy_youzan"
ERROR - 2017-05-20 02:01:33 --> Could not find the language line "mynt_buy_jd"
ERROR - 2017-05-20 02:06:33 --> Could not find the language line "mynt_buy_taobao"
ERROR - 2017-05-20 02:06:33 --> Could not find the language line "mynt_buy_tmall"
ERROR - 2017-05-20 02:06:33 --> Could not find the language line "mynt_buy_youzan"
ERROR - 2017-05-20 02:06:33 --> Could not find the language line "mynt_buy_jd"
ERROR - 2017-05-20 02:45:56 --> Could not find the language line "mynt_buy_taobao"
ERROR - 2017-05-20 02:45:56 --> Could not find the language line "mynt_buy_tmall"
ERROR - 2017-05-20 02:45:56 --> Could not find the language line "mynt_buy_youzan"
ERROR - 2017-05-20 02:45:56 --> Could not find the language line "mynt_buy_jd"
ERROR - 2017-05-20 02:47:31 --> Could not find the language line "mynt_buy_taobao"
ERROR - 2017-05-20 02:47:31 --> Could not find the language line "mynt_buy_tmall"
ERROR - 2017-05-20 02:47:31 --> Could not find the language line "mynt_buy_youzan"
ERROR - 2017-05-20 02:47:31 --> Could not find the language line "mynt_buy_jd"
ERROR - 2017-05-20 02:47:36 --> Could not find the language line "mynt_buy_taobao"
ERROR - 2017-05-20 02:47:36 --> Could not find the language line "mynt_buy_tmall"
ERROR - 2017-05-20 02:47:36 --> Could not find the language line "mynt_buy_youzan"
ERROR - 2017-05-20 02:47:36 --> Could not find the language line "mynt_buy_jd"
ERROR - 2017-05-20 02:48:35 --> Could not find the language line "mynt_buy_taobao"
ERROR - 2017-05-20 02:48:35 --> Could not find the language line "mynt_buy_tmall"
ERROR - 2017-05-20 02:48:35 --> Could not find the language line "mynt_buy_youzan"
ERROR - 2017-05-20 02:48:35 --> Could not find the language line "mynt_buy_jd"
ERROR - 2017-05-20 02:49:20 --> Could not find the language line "mynt_buy_taobao"
ERROR - 2017-05-20 02:49:20 --> Could not find the language line "mynt_buy_tmall"
ERROR - 2017-05-20 02:49:20 --> Could not find the language line "mynt_buy_youzan"
ERROR - 2017-05-20 02:49:20 --> Could not find the language line "mynt_buy_jd"
ERROR - 2017-05-20 02:52:08 --> Could not find the language line "mynt_buy_taobao"
ERROR - 2017-05-20 02:52:08 --> Could not find the language line "mynt_buy_tmall"
ERROR - 2017-05-20 02:52:08 --> Could not find the language line "mynt_buy_youzan"
ERROR - 2017-05-20 02:52:08 --> Could not find the language line "mynt_buy_jd"
ERROR - 2017-05-20 02:52:23 --> Could not find the language line "mynt_buy_taobao"
ERROR - 2017-05-20 02:52:23 --> Could not find the language line "mynt_buy_tmall"
ERROR - 2017-05-20 02:52:23 --> Could not find the language line "mynt_buy_youzan"
ERROR - 2017-05-20 02:52:23 --> Could not find the language line "mynt_buy_jd"
ERROR - 2017-05-20 02:53:00 --> Could not find the language line "mynt_buy_taobao"
ERROR - 2017-05-20 02:53:00 --> Could not find the language line "mynt_buy_tmall"
ERROR - 2017-05-20 02:53:00 --> Could not find the language line "mynt_buy_youzan"
ERROR - 2017-05-20 02:53:00 --> Could not find the language line "mynt_buy_jd"
ERROR - 2017-05-20 02:53:31 --> Could not find the language line "mynt_buy_taobao"
ERROR - 2017-05-20 02:53:31 --> Could not find the language line "mynt_buy_tmall"
ERROR - 2017-05-20 02:53:31 --> Could not find the language line "mynt_buy_youzan"
ERROR - 2017-05-20 02:53:31 --> Could not find the language line "mynt_buy_jd"
ERROR - 2017-05-20 02:54:05 --> Could not find the language line "mynt_buy_taobao"
ERROR - 2017-05-20 02:54:05 --> Could not find the language line "mynt_buy_tmall"
ERROR - 2017-05-20 02:54:05 --> Could not find the language line "mynt_buy_youzan"
ERROR - 2017-05-20 02:54:05 --> Could not find the language line "mynt_buy_jd"
ERROR - 2017-05-20 02:55:59 --> Could not find the language line "mynt_buy_taobao"
ERROR - 2017-05-20 02:55:59 --> Could not find the language line "mynt_buy_tmall"
ERROR - 2017-05-20 02:55:59 --> Could not find the language line "mynt_buy_youzan"
ERROR - 2017-05-20 02:55:59 --> Could not find the language line "mynt_buy_jd"
ERROR - 2017-05-20 02:56:24 --> Could not find the language line "mynt_buy_taobao"
ERROR - 2017-05-20 02:56:24 --> Could not find the language line "mynt_buy_tmall"
ERROR - 2017-05-20 02:56:24 --> Could not find the language line "mynt_buy_youzan"
ERROR - 2017-05-20 02:56:24 --> Could not find the language line "mynt_buy_jd"
ERROR - 2017-05-20 02:56:39 --> Could not find the language line "mynt_buy_taobao"
ERROR - 2017-05-20 02:56:39 --> Could not find the language line "mynt_buy_tmall"
ERROR - 2017-05-20 02:56:39 --> Could not find the language line "mynt_buy_youzan"
ERROR - 2017-05-20 02:56:39 --> Could not find the language line "mynt_buy_jd"
ERROR - 2017-05-20 02:59:12 --> Could not find the language line "mynt_buy_taobao"
ERROR - 2017-05-20 02:59:12 --> Could not find the language line "mynt_buy_tmall"
ERROR - 2017-05-20 02:59:12 --> Could not find the language line "mynt_buy_youzan"
ERROR - 2017-05-20 02:59:12 --> Could not find the language line "mynt_buy_jd"
ERROR - 2017-05-20 02:59:34 --> Could not find the language line "mynt_buy_taobao"
ERROR - 2017-05-20 02:59:34 --> Could not find the language line "mynt_buy_tmall"
ERROR - 2017-05-20 02:59:34 --> Could not find the language line "mynt_buy_youzan"
ERROR - 2017-05-20 02:59:34 --> Could not find the language line "mynt_buy_jd"
ERROR - 2017-05-20 02:59:39 --> Could not find the language line "mynt_buy_taobao"
ERROR - 2017-05-20 02:59:39 --> Could not find the language line "mynt_buy_tmall"
ERROR - 2017-05-20 02:59:39 --> Could not find the language line "mynt_buy_youzan"
ERROR - 2017-05-20 02:59:39 --> Could not find the language line "mynt_buy_jd"
ERROR - 2017-05-20 03:00:12 --> Could not find the language line "mynt_buy_taobao"
ERROR - 2017-05-20 03:00:12 --> Could not find the language line "mynt_buy_tmall"
ERROR - 2017-05-20 03:00:12 --> Could not find the language line "mynt_buy_youzan"
ERROR - 2017-05-20 03:00:12 --> Could not find the language line "mynt_buy_jd"
ERROR - 2017-05-20 03:01:22 --> Could not find the language line "mynt_buy_taobao"
ERROR - 2017-05-20 03:01:22 --> Could not find the language line "mynt_buy_tmall"
ERROR - 2017-05-20 03:01:22 --> Could not find the language line "mynt_buy_youzan"
ERROR - 2017-05-20 03:01:22 --> Could not find the language line "mynt_buy_jd"
ERROR - 2017-05-20 03:02:08 --> Could not find the language line "mynt_buy_taobao"
ERROR - 2017-05-20 03:02:08 --> Could not find the language line "mynt_buy_tmall"
ERROR - 2017-05-20 03:02:08 --> Could not find the language line "mynt_buy_youzan"
ERROR - 2017-05-20 03:02:08 --> Could not find the language line "mynt_buy_jd"
ERROR - 2017-05-20 03:02:42 --> Could not find the language line "mynt_buy_taobao"
ERROR - 2017-05-20 03:02:42 --> Could not find the language line "mynt_buy_tmall"
ERROR - 2017-05-20 03:02:42 --> Could not find the language line "mynt_buy_youzan"
ERROR - 2017-05-20 03:02:42 --> Could not find the language line "mynt_buy_jd"
ERROR - 2017-05-20 03:03:22 --> Could not find the language line "home_cloud_title"
ERROR - 2017-05-20 03:03:22 --> Could not find the language line "home_cloud_intro"
ERROR - 2017-05-20 03:03:22 --> Could not find the language line "mynt_buy_taobao"
ERROR - 2017-05-20 03:03:22 --> Could not find the language line "mynt_buy_tmall"
ERROR - 2017-05-20 03:03:22 --> Could not find the language line "mynt_buy_youzan"
ERROR - 2017-05-20 03:03:22 --> Could not find the language line "mynt_buy_jd"
ERROR - 2017-05-20 03:03:34 --> Could not find the language line "mynt_buy_taobao"
ERROR - 2017-05-20 03:03:34 --> Could not find the language line "mynt_buy_tmall"
ERROR - 2017-05-20 03:03:34 --> Could not find the language line "mynt_buy_youzan"
ERROR - 2017-05-20 03:03:34 --> Could not find the language line "mynt_buy_jd"
ERROR - 2017-05-20 03:05:14 --> Could not find the language line "mynt_buy_taobao"
ERROR - 2017-05-20 03:05:14 --> Could not find the language line "mynt_buy_tmall"
ERROR - 2017-05-20 03:05:14 --> Could not find the language line "mynt_buy_youzan"
ERROR - 2017-05-20 03:05:14 --> Could not find the language line "mynt_buy_jd"
ERROR - 2017-05-20 03:05:21 --> Could not find the language line "mynt_buy_taobao"
ERROR - 2017-05-20 03:05:21 --> Could not find the language line "mynt_buy_tmall"
ERROR - 2017-05-20 03:05:21 --> Could not find the language line "mynt_buy_youzan"
ERROR - 2017-05-20 03:05:21 --> Could not find the language line "mynt_buy_jd"
ERROR - 2017-05-20 03:05:26 --> Could not find the language line "mynt_buy_taobao"
ERROR - 2017-05-20 03:05:26 --> Could not find the language line "mynt_buy_tmall"
ERROR - 2017-05-20 03:05:26 --> Could not find the language line "mynt_buy_youzan"
ERROR - 2017-05-20 03:05:26 --> Could not find the language line "mynt_buy_jd"
ERROR - 2017-05-20 03:05:35 --> Could not find the language line "mynt_buy_taobao"
ERROR - 2017-05-20 03:05:35 --> Could not find the language line "mynt_buy_tmall"
ERROR - 2017-05-20 03:05:35 --> Could not find the language line "mynt_buy_youzan"
ERROR - 2017-05-20 03:05:35 --> Could not find the language line "mynt_buy_jd"
ERROR - 2017-05-20 03:05:35 --> Could not find the language line "mynt_buy_taobao"
ERROR - 2017-05-20 03:05:35 --> Could not find the language line "mynt_buy_tmall"
ERROR - 2017-05-20 03:05:35 --> Could not find the language line "mynt_buy_youzan"
ERROR - 2017-05-20 03:05:35 --> Could not find the language line "mynt_buy_jd"
ERROR - 2017-05-20 03:05:47 --> Could not find the language line "mynt_buy_taobao"
ERROR - 2017-05-20 03:05:47 --> Could not find the language line "mynt_buy_tmall"
ERROR - 2017-05-20 03:05:47 --> Could not find the language line "mynt_buy_youzan"
ERROR - 2017-05-20 03:05:47 --> Could not find the language line "mynt_buy_jd"
ERROR - 2017-05-20 03:06:08 --> Could not find the language line "mynt_buy_taobao"
ERROR - 2017-05-20 03:06:08 --> Could not find the language line "mynt_buy_tmall"
ERROR - 2017-05-20 03:06:08 --> Could not find the language line "mynt_buy_youzan"
ERROR - 2017-05-20 03:06:08 --> Could not find the language line "mynt_buy_jd"
ERROR - 2017-05-20 03:06:53 --> Could not find the language line "mynt_buy_taobao"
ERROR - 2017-05-20 03:06:53 --> Could not find the language line "mynt_buy_tmall"
ERROR - 2017-05-20 03:06:53 --> Could not find the language line "mynt_buy_youzan"
ERROR - 2017-05-20 03:06:53 --> Could not find the language line "mynt_buy_jd"
ERROR - 2017-05-20 03:21:06 --> Could not find the language line "mynt_buy_taobao"
ERROR - 2017-05-20 03:21:06 --> Could not find the language line "mynt_buy_tmall"
ERROR - 2017-05-20 03:21:06 --> Could not find the language line "mynt_buy_youzan"
ERROR - 2017-05-20 03:21:06 --> Could not find the language line "mynt_buy_jd"
ERROR - 2017-05-20 03:22:50 --> Could not find the language line "mynt_buy_taobao"
ERROR - 2017-05-20 03:22:50 --> Could not find the language line "mynt_buy_tmall"
ERROR - 2017-05-20 03:22:50 --> Could not find the language line "mynt_buy_youzan"
ERROR - 2017-05-20 03:22:50 --> Could not find the language line "mynt_buy_jd"
ERROR - 2017-05-20 03:23:28 --> Could not find the language line "mynt_buy_taobao"
ERROR - 2017-05-20 03:23:28 --> Could not find the language line "mynt_buy_tmall"
ERROR - 2017-05-20 03:23:28 --> Could not find the language line "mynt_buy_youzan"
ERROR - 2017-05-20 03:23:28 --> Could not find the language line "mynt_buy_jd"
ERROR - 2017-05-20 03:24:49 --> Could not find the language line "mynt_buy_taobao"
ERROR - 2017-05-20 03:24:49 --> Could not find the language line "mynt_buy_tmall"
ERROR - 2017-05-20 03:24:49 --> Could not find the language line "mynt_buy_youzan"
ERROR - 2017-05-20 03:24:49 --> Could not find the language line "mynt_buy_jd"
ERROR - 2017-05-20 03:25:09 --> Could not find the language line "mynt_buy_taobao"
ERROR - 2017-05-20 03:25:09 --> Could not find the language line "mynt_buy_tmall"
ERROR - 2017-05-20 03:25:09 --> Could not find the language line "mynt_buy_youzan"
ERROR - 2017-05-20 03:25:09 --> Could not find the language line "mynt_buy_jd"
ERROR - 2017-05-20 03:26:00 --> Could not find the language line "mynt_buy_taobao"
ERROR - 2017-05-20 03:26:00 --> Could not find the language line "mynt_buy_tmall"
ERROR - 2017-05-20 03:26:00 --> Could not find the language line "mynt_buy_youzan"
ERROR - 2017-05-20 03:26:00 --> Could not find the language line "mynt_buy_jd"
ERROR - 2017-05-20 03:26:33 --> Could not find the language line "mynt_buy_taobao"
ERROR - 2017-05-20 03:26:33 --> Could not find the language line "mynt_buy_tmall"
ERROR - 2017-05-20 03:26:33 --> Could not find the language line "mynt_buy_youzan"
ERROR - 2017-05-20 03:26:33 --> Could not find the language line "mynt_buy_jd"
ERROR - 2017-05-20 03:28:49 --> Could not find the language line "mynt_buy_taobao"
ERROR - 2017-05-20 03:28:49 --> Could not find the language line "mynt_buy_tmall"
ERROR - 2017-05-20 03:28:49 --> Could not find the language line "mynt_buy_youzan"
ERROR - 2017-05-20 03:28:49 --> Could not find the language line "mynt_buy_jd"
ERROR - 2017-05-20 03:28:54 --> Could not find the language line "mynt_buy_taobao"
ERROR - 2017-05-20 03:28:54 --> Could not find the language line "mynt_buy_tmall"
ERROR - 2017-05-20 03:28:54 --> Could not find the language line "mynt_buy_youzan"
ERROR - 2017-05-20 03:28:54 --> Could not find the language line "mynt_buy_jd"
ERROR - 2017-05-20 03:28:57 --> Could not find the language line "mynt_buy_taobao"
ERROR - 2017-05-20 03:28:57 --> Could not find the language line "mynt_buy_tmall"
ERROR - 2017-05-20 03:28:57 --> Could not find the language line "mynt_buy_youzan"
ERROR - 2017-05-20 03:28:57 --> Could not find the language line "mynt_buy_jd"
ERROR - 2017-05-20 03:32:04 --> Could not find the language line "mynt_buy_taobao"
ERROR - 2017-05-20 03:32:04 --> Could not find the language line "mynt_buy_tmall"
ERROR - 2017-05-20 03:32:04 --> Could not find the language line "mynt_buy_youzan"
ERROR - 2017-05-20 03:32:04 --> Could not find the language line "mynt_buy_jd"
ERROR - 2017-05-20 03:32:07 --> Could not find the language line "mynt_buy_taobao"
ERROR - 2017-05-20 03:32:07 --> Could not find the language line "mynt_buy_tmall"
ERROR - 2017-05-20 03:32:07 --> Could not find the language line "mynt_buy_youzan"
ERROR - 2017-05-20 03:32:07 --> Could not find the language line "mynt_buy_jd"
ERROR - 2017-05-20 03:32:37 --> Could not find the language line "mynt_buy_taobao"
ERROR - 2017-05-20 03:32:37 --> Could not find the language line "mynt_buy_tmall"
ERROR - 2017-05-20 03:32:37 --> Could not find the language line "mynt_buy_youzan"
ERROR - 2017-05-20 03:32:37 --> Could not find the language line "mynt_buy_jd"
ERROR - 2017-05-20 03:32:58 --> Could not find the language line "mynt_buy_taobao"
ERROR - 2017-05-20 03:32:58 --> Could not find the language line "mynt_buy_tmall"
ERROR - 2017-05-20 03:32:58 --> Could not find the language line "mynt_buy_youzan"
ERROR - 2017-05-20 03:32:58 --> Could not find the language line "mynt_buy_jd"
ERROR - 2017-05-20 03:33:57 --> Could not find the language line "mynt_buy_taobao"
ERROR - 2017-05-20 03:33:57 --> Could not find the language line "mynt_buy_tmall"
ERROR - 2017-05-20 03:33:57 --> Could not find the language line "mynt_buy_youzan"
ERROR - 2017-05-20 03:33:57 --> Could not find the language line "mynt_buy_jd"
ERROR - 2017-05-20 03:35:09 --> Could not find the language line "mynt_buy_taobao"
ERROR - 2017-05-20 03:35:09 --> Could not find the language line "mynt_buy_tmall"
ERROR - 2017-05-20 03:35:09 --> Could not find the language line "mynt_buy_youzan"
ERROR - 2017-05-20 03:35:09 --> Could not find the language line "mynt_buy_jd"
ERROR - 2017-05-20 03:37:40 --> Could not find the language line "mynt_buy_taobao"
ERROR - 2017-05-20 03:37:40 --> Could not find the language line "mynt_buy_tmall"
ERROR - 2017-05-20 03:37:40 --> Could not find the language line "mynt_buy_youzan"
ERROR - 2017-05-20 03:37:40 --> Could not find the language line "mynt_buy_jd"
ERROR - 2017-05-20 03:38:10 --> Could not find the language line "mynt_buy_taobao"
ERROR - 2017-05-20 03:38:10 --> Could not find the language line "mynt_buy_tmall"
ERROR - 2017-05-20 03:38:10 --> Could not find the language line "mynt_buy_youzan"
ERROR - 2017-05-20 03:38:10 --> Could not find the language line "mynt_buy_jd"
ERROR - 2017-05-20 03:38:31 --> Could not find the language line "mynt_buy_taobao"
ERROR - 2017-05-20 03:38:31 --> Could not find the language line "mynt_buy_tmall"
ERROR - 2017-05-20 03:38:31 --> Could not find the language line "mynt_buy_youzan"
ERROR - 2017-05-20 03:38:31 --> Could not find the language line "mynt_buy_jd"
ERROR - 2017-05-20 03:38:56 --> Could not find the language line "mynt_buy_taobao"
ERROR - 2017-05-20 03:38:56 --> Could not find the language line "mynt_buy_tmall"
ERROR - 2017-05-20 03:38:56 --> Could not find the language line "mynt_buy_youzan"
ERROR - 2017-05-20 03:38:56 --> Could not find the language line "mynt_buy_jd"
ERROR - 2017-05-20 03:40:20 --> Could not find the language line "mynt_buy_taobao"
ERROR - 2017-05-20 03:40:20 --> Could not find the language line "mynt_buy_tmall"
ERROR - 2017-05-20 03:40:20 --> Could not find the language line "mynt_buy_youzan"
ERROR - 2017-05-20 03:40:20 --> Could not find the language line "mynt_buy_jd"
ERROR - 2017-05-20 03:40:31 --> Could not find the language line "mynt_buy_taobao"
ERROR - 2017-05-20 03:40:31 --> Could not find the language line "mynt_buy_tmall"
ERROR - 2017-05-20 03:40:31 --> Could not find the language line "mynt_buy_youzan"
ERROR - 2017-05-20 03:40:31 --> Could not find the language line "mynt_buy_jd"
ERROR - 2017-05-20 03:40:43 --> Could not find the language line "mynt_buy_taobao"
ERROR - 2017-05-20 03:40:43 --> Could not find the language line "mynt_buy_tmall"
ERROR - 2017-05-20 03:40:43 --> Could not find the language line "mynt_buy_youzan"
ERROR - 2017-05-20 03:40:43 --> Could not find the language line "mynt_buy_jd"
ERROR - 2017-05-20 03:40:50 --> Could not find the language line "mynt_buy_taobao"
ERROR - 2017-05-20 03:40:50 --> Could not find the language line "mynt_buy_tmall"
ERROR - 2017-05-20 03:40:50 --> Could not find the language line "mynt_buy_youzan"
ERROR - 2017-05-20 03:40:50 --> Could not find the language line "mynt_buy_jd"
ERROR - 2017-05-20 03:47:08 --> Could not find the language line "mynt_buy_taobao"
ERROR - 2017-05-20 03:47:08 --> Could not find the language line "mynt_buy_tmall"
ERROR - 2017-05-20 03:47:08 --> Could not find the language line "mynt_buy_youzan"
ERROR - 2017-05-20 03:47:08 --> Could not find the language line "mynt_buy_jd"
ERROR - 2017-05-20 03:51:48 --> Could not find the language line "mynt_buy_taobao"
ERROR - 2017-05-20 03:51:48 --> Could not find the language line "mynt_buy_tmall"
ERROR - 2017-05-20 03:51:48 --> Could not find the language line "mynt_buy_youzan"
ERROR - 2017-05-20 03:51:48 --> Could not find the language line "mynt_buy_jd"
ERROR - 2017-05-20 03:52:21 --> Could not find the language line "mynt_buy_taobao"
ERROR - 2017-05-20 03:52:21 --> Could not find the language line "mynt_buy_tmall"
ERROR - 2017-05-20 03:52:21 --> Could not find the language line "mynt_buy_youzan"
ERROR - 2017-05-20 03:52:21 --> Could not find the language line "mynt_buy_jd"
ERROR - 2017-05-20 03:55:28 --> Could not find the language line "mynt_buy_taobao"
ERROR - 2017-05-20 03:55:28 --> Could not find the language line "mynt_buy_tmall"
ERROR - 2017-05-20 03:55:28 --> Could not find the language line "mynt_buy_youzan"
ERROR - 2017-05-20 03:55:28 --> Could not find the language line "mynt_buy_jd"
ERROR - 2017-05-20 04:01:38 --> Could not find the language line "mynt_buy_taobao"
ERROR - 2017-05-20 04:01:38 --> Could not find the language line "mynt_buy_tmall"
ERROR - 2017-05-20 04:01:38 --> Could not find the language line "mynt_buy_youzan"
ERROR - 2017-05-20 04:01:38 --> Could not find the language line "mynt_buy_jd"
ERROR - 2017-05-20 04:02:31 --> Could not find the language line "mynt_buy_taobao"
ERROR - 2017-05-20 04:02:31 --> Could not find the language line "mynt_buy_tmall"
ERROR - 2017-05-20 04:02:31 --> Could not find the language line "mynt_buy_youzan"
ERROR - 2017-05-20 04:02:31 --> Could not find the language line "mynt_buy_jd"
ERROR - 2017-05-20 04:04:52 --> Could not find the language line "mynt_buy_taobao"
ERROR - 2017-05-20 04:04:52 --> Could not find the language line "mynt_buy_tmall"
ERROR - 2017-05-20 04:04:52 --> Could not find the language line "mynt_buy_youzan"
ERROR - 2017-05-20 04:04:52 --> Could not find the language line "mynt_buy_jd"
ERROR - 2017-05-20 04:06:15 --> Could not find the language line "mynt_buy_taobao"
ERROR - 2017-05-20 04:06:15 --> Could not find the language line "mynt_buy_tmall"
ERROR - 2017-05-20 04:06:15 --> Could not find the language line "mynt_buy_youzan"
ERROR - 2017-05-20 04:06:15 --> Could not find the language line "mynt_buy_jd"
ERROR - 2017-05-20 04:23:55 --> Could not find the language line "mynt_buy_taobao"
ERROR - 2017-05-20 04:23:55 --> Could not find the language line "mynt_buy_tmall"
ERROR - 2017-05-20 04:23:55 --> Could not find the language line "mynt_buy_youzan"
ERROR - 2017-05-20 04:23:55 --> Could not find the language line "mynt_buy_jd"
ERROR - 2017-05-20 04:24:17 --> Could not find the language line "mynt_buy_taobao"
ERROR - 2017-05-20 04:24:17 --> Could not find the language line "mynt_buy_tmall"
ERROR - 2017-05-20 04:24:17 --> Could not find the language line "mynt_buy_youzan"
ERROR - 2017-05-20 04:24:17 --> Could not find the language line "mynt_buy_jd"
ERROR - 2017-05-20 04:24:25 --> Could not find the language line "mynt_buy_taobao"
ERROR - 2017-05-20 04:24:25 --> Could not find the language line "mynt_buy_tmall"
ERROR - 2017-05-20 04:24:25 --> Could not find the language line "mynt_buy_youzan"
ERROR - 2017-05-20 04:24:25 --> Could not find the language line "mynt_buy_jd"
ERROR - 2017-05-20 04:25:11 --> Could not find the language line "mynt_buy_taobao"
ERROR - 2017-05-20 04:25:11 --> Could not find the language line "mynt_buy_tmall"
ERROR - 2017-05-20 04:25:11 --> Could not find the language line "mynt_buy_youzan"
ERROR - 2017-05-20 04:25:11 --> Could not find the language line "mynt_buy_jd"
ERROR - 2017-05-20 04:25:15 --> Could not find the language line "mynt_buy_taobao"
ERROR - 2017-05-20 04:25:15 --> Could not find the language line "mynt_buy_tmall"
ERROR - 2017-05-20 04:25:15 --> Could not find the language line "mynt_buy_youzan"
ERROR - 2017-05-20 04:25:15 --> Could not find the language line "mynt_buy_jd"
ERROR - 2017-05-20 04:25:16 --> Could not find the language line "mynt_buy_taobao"
ERROR - 2017-05-20 04:25:16 --> Could not find the language line "mynt_buy_tmall"
ERROR - 2017-05-20 04:25:16 --> Could not find the language line "mynt_buy_youzan"
ERROR - 2017-05-20 04:25:16 --> Could not find the language line "mynt_buy_jd"
ERROR - 2017-05-20 04:25:17 --> Could not find the language line "mynt_buy_taobao"
ERROR - 2017-05-20 04:25:17 --> Could not find the language line "mynt_buy_tmall"
ERROR - 2017-05-20 04:25:17 --> Could not find the language line "mynt_buy_youzan"
ERROR - 2017-05-20 04:25:17 --> Could not find the language line "mynt_buy_jd"
ERROR - 2017-05-20 04:25:17 --> Could not find the language line "mynt_buy_taobao"
ERROR - 2017-05-20 04:25:17 --> Could not find the language line "mynt_buy_tmall"
ERROR - 2017-05-20 04:25:17 --> Could not find the language line "mynt_buy_youzan"
ERROR - 2017-05-20 04:25:17 --> Could not find the language line "mynt_buy_jd"
ERROR - 2017-05-20 04:25:17 --> Could not find the language line "mynt_buy_taobao"
ERROR - 2017-05-20 04:25:17 --> Could not find the language line "mynt_buy_tmall"
ERROR - 2017-05-20 04:25:17 --> Could not find the language line "mynt_buy_youzan"
ERROR - 2017-05-20 04:25:17 --> Could not find the language line "mynt_buy_jd"
ERROR - 2017-05-20 04:25:18 --> Could not find the language line "mynt_buy_taobao"
ERROR - 2017-05-20 04:25:18 --> Could not find the language line "mynt_buy_tmall"
ERROR - 2017-05-20 04:25:18 --> Could not find the language line "mynt_buy_youzan"
ERROR - 2017-05-20 04:25:18 --> Could not find the language line "mynt_buy_jd"
ERROR - 2017-05-20 04:25:18 --> Could not find the language line "mynt_buy_taobao"
ERROR - 2017-05-20 04:25:18 --> Could not find the language line "mynt_buy_tmall"
ERROR - 2017-05-20 04:25:18 --> Could not find the language line "mynt_buy_youzan"
ERROR - 2017-05-20 04:25:18 --> Could not find the language line "mynt_buy_jd"
ERROR - 2017-05-20 04:25:18 --> Could not find the language line "mynt_buy_taobao"
ERROR - 2017-05-20 04:25:18 --> Could not find the language line "mynt_buy_tmall"
ERROR - 2017-05-20 04:25:18 --> Could not find the language line "mynt_buy_youzan"
ERROR - 2017-05-20 04:25:18 --> Could not find the language line "mynt_buy_jd"
ERROR - 2017-05-20 04:25:18 --> Could not find the language line "mynt_buy_taobao"
ERROR - 2017-05-20 04:25:18 --> Could not find the language line "mynt_buy_tmall"
ERROR - 2017-05-20 04:25:18 --> Could not find the language line "mynt_buy_youzan"
ERROR - 2017-05-20 04:25:18 --> Could not find the language line "mynt_buy_jd"
ERROR - 2017-05-20 04:25:19 --> Could not find the language line "mynt_buy_taobao"
ERROR - 2017-05-20 04:25:19 --> Could not find the language line "mynt_buy_tmall"
ERROR - 2017-05-20 04:25:19 --> Could not find the language line "mynt_buy_youzan"
ERROR - 2017-05-20 04:25:19 --> Could not find the language line "mynt_buy_jd"
ERROR - 2017-05-20 04:25:19 --> Could not find the language line "mynt_buy_taobao"
ERROR - 2017-05-20 04:25:19 --> Could not find the language line "mynt_buy_tmall"
ERROR - 2017-05-20 04:25:19 --> Could not find the language line "mynt_buy_youzan"
ERROR - 2017-05-20 04:25:19 --> Could not find the language line "mynt_buy_jd"
ERROR - 2017-05-20 04:25:19 --> Could not find the language line "mynt_buy_taobao"
ERROR - 2017-05-20 04:25:19 --> Could not find the language line "mynt_buy_tmall"
ERROR - 2017-05-20 04:25:19 --> Could not find the language line "mynt_buy_youzan"
ERROR - 2017-05-20 04:25:19 --> Could not find the language line "mynt_buy_jd"
ERROR - 2017-05-20 04:25:20 --> Could not find the language line "mynt_buy_taobao"
ERROR - 2017-05-20 04:25:20 --> Could not find the language line "mynt_buy_tmall"
ERROR - 2017-05-20 04:25:20 --> Could not find the language line "mynt_buy_youzan"
ERROR - 2017-05-20 04:25:20 --> Could not find the language line "mynt_buy_jd"
ERROR - 2017-05-20 04:25:20 --> Could not find the language line "mynt_buy_taobao"
ERROR - 2017-05-20 04:25:20 --> Could not find the language line "mynt_buy_tmall"
ERROR - 2017-05-20 04:25:20 --> Could not find the language line "mynt_buy_youzan"
ERROR - 2017-05-20 04:25:20 --> Could not find the language line "mynt_buy_jd"
ERROR - 2017-05-20 04:26:16 --> Could not find the language line "mynt_buy_taobao"
ERROR - 2017-05-20 04:26:16 --> Could not find the language line "mynt_buy_tmall"
ERROR - 2017-05-20 04:26:16 --> Could not find the language line "mynt_buy_youzan"
ERROR - 2017-05-20 04:26:16 --> Could not find the language line "mynt_buy_jd"
ERROR - 2017-05-20 04:27:23 --> Could not find the language line "mynt_buy_taobao"
ERROR - 2017-05-20 04:27:23 --> Could not find the language line "mynt_buy_tmall"
ERROR - 2017-05-20 04:27:23 --> Could not find the language line "mynt_buy_youzan"
ERROR - 2017-05-20 04:27:23 --> Could not find the language line "mynt_buy_jd"
ERROR - 2017-05-20 04:28:48 --> Could not find the language line "mynt_buy_taobao"
ERROR - 2017-05-20 04:28:48 --> Could not find the language line "mynt_buy_tmall"
ERROR - 2017-05-20 04:28:48 --> Could not find the language line "mynt_buy_youzan"
ERROR - 2017-05-20 04:28:48 --> Could not find the language line "mynt_buy_jd"
ERROR - 2017-05-20 04:29:06 --> Could not find the language line "mynt_buy_taobao"
ERROR - 2017-05-20 04:29:06 --> Could not find the language line "mynt_buy_tmall"
ERROR - 2017-05-20 04:29:06 --> Could not find the language line "mynt_buy_youzan"
ERROR - 2017-05-20 04:29:06 --> Could not find the language line "mynt_buy_jd"
ERROR - 2017-05-20 04:29:47 --> Could not find the language line "mynt_buy_taobao"
ERROR - 2017-05-20 04:29:47 --> Could not find the language line "mynt_buy_tmall"
ERROR - 2017-05-20 04:29:47 --> Could not find the language line "mynt_buy_youzan"
ERROR - 2017-05-20 04:29:47 --> Could not find the language line "mynt_buy_jd"
ERROR - 2017-05-20 04:30:08 --> Could not find the language line "mynt_buy_taobao"
ERROR - 2017-05-20 04:30:08 --> Could not find the language line "mynt_buy_tmall"
ERROR - 2017-05-20 04:30:08 --> Could not find the language line "mynt_buy_youzan"
ERROR - 2017-05-20 04:30:08 --> Could not find the language line "mynt_buy_jd"
ERROR - 2017-05-20 04:30:32 --> Could not find the language line "mynt_buy_taobao"
ERROR - 2017-05-20 04:30:32 --> Could not find the language line "mynt_buy_tmall"
ERROR - 2017-05-20 04:30:32 --> Could not find the language line "mynt_buy_youzan"
ERROR - 2017-05-20 04:30:32 --> Could not find the language line "mynt_buy_jd"
ERROR - 2017-05-20 04:30:38 --> Could not find the language line "mynt_buy_taobao"
ERROR - 2017-05-20 04:30:38 --> Could not find the language line "mynt_buy_tmall"
ERROR - 2017-05-20 04:30:38 --> Could not find the language line "mynt_buy_youzan"
ERROR - 2017-05-20 04:30:38 --> Could not find the language line "mynt_buy_jd"
ERROR - 2017-05-20 06:00:34 --> Could not find the language line "mynt_buy_taobao"
ERROR - 2017-05-20 06:00:34 --> Could not find the language line "mynt_buy_tmall"
ERROR - 2017-05-20 06:00:34 --> Could not find the language line "mynt_buy_youzan"
ERROR - 2017-05-20 06:00:34 --> Could not find the language line "mynt_buy_jd"
ERROR - 2017-05-20 06:01:24 --> Could not find the language line "mynt_buy_taobao"
ERROR - 2017-05-20 06:01:24 --> Could not find the language line "mynt_buy_tmall"
ERROR - 2017-05-20 06:01:24 --> Could not find the language line "mynt_buy_youzan"
ERROR - 2017-05-20 06:01:24 --> Could not find the language line "mynt_buy_jd"
ERROR - 2017-05-20 06:02:54 --> Could not find the language line "mynt_buy_taobao"
ERROR - 2017-05-20 06:02:54 --> Could not find the language line "mynt_buy_tmall"
ERROR - 2017-05-20 06:02:54 --> Could not find the language line "mynt_buy_youzan"
ERROR - 2017-05-20 06:02:54 --> Could not find the language line "mynt_buy_jd"
ERROR - 2017-05-20 06:03:39 --> Could not find the language line "home_cloud_title"
ERROR - 2017-05-20 06:03:39 --> Could not find the language line "home_cloud_intro"
ERROR - 2017-05-20 06:03:40 --> Could not find the language line "mynt_buy_taobao"
ERROR - 2017-05-20 06:03:40 --> Could not find the language line "mynt_buy_tmall"
ERROR - 2017-05-20 06:03:40 --> Could not find the language line "mynt_buy_youzan"
ERROR - 2017-05-20 06:03:40 --> Could not find the language line "mynt_buy_jd"
ERROR - 2017-05-20 06:05:56 --> Could not find the language line "mynt_buy_taobao"
ERROR - 2017-05-20 06:05:56 --> Could not find the language line "mynt_buy_tmall"
ERROR - 2017-05-20 06:05:56 --> Could not find the language line "mynt_buy_youzan"
ERROR - 2017-05-20 06:05:56 --> Could not find the language line "mynt_buy_jd"
ERROR - 2017-05-20 06:12:05 --> Could not find the language line "mynt_buy_taobao"
ERROR - 2017-05-20 06:12:05 --> Could not find the language line "mynt_buy_tmall"
ERROR - 2017-05-20 06:12:05 --> Could not find the language line "mynt_buy_youzan"
ERROR - 2017-05-20 06:12:05 --> Could not find the language line "mynt_buy_jd"
ERROR - 2017-05-20 06:12:24 --> Could not find the language line "mynt_buy_taobao"
ERROR - 2017-05-20 06:12:24 --> Could not find the language line "mynt_buy_tmall"
ERROR - 2017-05-20 06:12:24 --> Could not find the language line "mynt_buy_youzan"
ERROR - 2017-05-20 06:12:24 --> Could not find the language line "mynt_buy_jd"
ERROR - 2017-05-20 06:34:48 --> Could not find the language line "mynt_buy_taobao"
ERROR - 2017-05-20 06:34:48 --> Could not find the language line "mynt_buy_tmall"
ERROR - 2017-05-20 06:34:48 --> Could not find the language line "mynt_buy_youzan"
ERROR - 2017-05-20 06:34:48 --> Could not find the language line "mynt_buy_jd"
ERROR - 2017-05-20 06:34:53 --> Could not find the language line "mynt_buy_taobao"
ERROR - 2017-05-20 06:34:53 --> Could not find the language line "mynt_buy_tmall"
ERROR - 2017-05-20 06:34:53 --> Could not find the language line "mynt_buy_youzan"
ERROR - 2017-05-20 06:34:53 --> Could not find the language line "mynt_buy_jd"
