ERROR - 2016-05-27 02:08:29 --> Could not find the language line "mynt_buy_taobao"
ERROR - 2016-05-27 02:08:29 --> Could not find the language line "mynt_buy_tmall"
ERROR - 2016-05-27 02:08:29 --> Could not find the language line "mynt_buy_youzan"
ERROR - 2016-05-27 02:08:29 --> Could not find the language line "home_cloud_title"
ERROR - 2016-05-27 02:08:29 --> Could not find the language line "home_cloud_intro"
ERROR - 2016-05-27 02:08:29 --> Could not find the language line "mynt_icon_taobao"
ERROR - 2016-05-27 02:08:29 --> Could not find the language line "mynt_icon_tmall"
ERROR - 2016-05-27 02:08:29 --> Could not find the language line "mynt_icon_youzan"
ERROR - 2016-05-27 02:08:32 --> Could not find the language line "mynt_buy_taobao"
ERROR - 2016-05-27 02:08:32 --> Could not find the language line "mynt_buy_tmall"
ERROR - 2016-05-27 02:08:32 --> Could not find the language line "mynt_buy_youzan"
ERROR - 2016-05-27 02:08:32 --> Could not find the language line "home_cloud_title"
ERROR - 2016-05-27 02:08:32 --> Could not find the language line "home_cloud_intro"
ERROR - 2016-05-27 02:08:32 --> Could not find the language line "mynt_icon_taobao"
ERROR - 2016-05-27 02:08:32 --> Could not find the language line "mynt_icon_tmall"
ERROR - 2016-05-27 02:08:32 --> Could not find the language line "mynt_icon_youzan"
ERROR - 2016-05-27 02:12:27 --> Could not find the language line "mynt_buy_amazon"
ERROR - 2016-05-27 02:12:27 --> Could not find the language line "home_slife_title"
ERROR - 2016-05-27 02:12:27 --> Could not find the language line "home_cloud_title"
ERROR - 2016-05-27 02:12:27 --> Could not find the language line "home_cloud_intro"
ERROR - 2016-05-27 02:12:27 --> Could not find the language line "mynt_icon_buy"
ERROR - 2016-05-27 02:19:36 --> Could not find the language line "mynt_buy_taobao"
ERROR - 2016-05-27 02:19:36 --> Could not find the language line "mynt_buy_tmall"
ERROR - 2016-05-27 02:19:36 --> Could not find the language line "mynt_buy_youzan"
ERROR - 2016-05-27 02:19:36 --> Could not find the language line "mynt_icon_taobao"
ERROR - 2016-05-27 02:19:36 --> Could not find the language line "mynt_icon_tmall"
ERROR - 2016-05-27 02:19:36 --> Could not find the language line "mynt_icon_youzan"
ERROR - 2016-05-27 02:19:36 --> Could not find the language line "mynt_jd_detail"
ERROR - 2016-05-27 02:19:36 --> Could not find the language line "to_buy_wd"
ERROR - 2016-05-27 02:19:36 --> Could not find the language line "slightech_wechat"
ERROR - 2016-05-27 02:19:36 --> Could not find the language line "camera_no_lost"
ERROR - 2016-05-27 02:19:36 --> Could not find the language line "key_no_lost"
ERROR - 2016-05-27 02:19:36 --> Could not find the language line "bag_no_lost"
ERROR - 2016-05-27 02:19:36 --> Could not find the language line "computer_no_lost"
ERROR - 2016-05-27 02:19:36 --> Could not find the language line "pet_no_lost"
ERROR - 2016-05-27 02:19:36 --> Could not find the language line "goal"
ERROR - 2016-05-27 02:19:36 --> Could not find the language line "fund_title"
ERROR - 2016-05-27 02:19:36 --> Could not find the language line "fund_intro"
ERROR - 2016-05-27 02:21:07 --> Could not find the language line "mynt_buy_taobao"
ERROR - 2016-05-27 02:21:07 --> Could not find the language line "mynt_buy_tmall"
ERROR - 2016-05-27 02:21:07 --> Could not find the language line "mynt_buy_youzan"
ERROR - 2016-05-27 02:21:07 --> Could not find the language line "home_cloud_title"
ERROR - 2016-05-27 02:21:07 --> Could not find the language line "home_cloud_intro"
ERROR - 2016-05-27 02:21:07 --> Could not find the language line "mynt_icon_taobao"
ERROR - 2016-05-27 02:21:07 --> Could not find the language line "mynt_icon_tmall"
ERROR - 2016-05-27 02:21:07 --> Could not find the language line "mynt_icon_youzan"
ERROR - 2016-05-27 02:21:07 --> Session: File 'ci_sessions/ci_sessionab620d34d3c3b4aa6b45cb7cd8d44372ba197a42' doesn't exist and cannot be created.
ERROR - 2016-05-27 02:21:18 --> Could not find the language line "mynt_buy_taobao"
ERROR - 2016-05-27 02:21:18 --> Could not find the language line "mynt_buy_tmall"
ERROR - 2016-05-27 02:21:18 --> Could not find the language line "mynt_buy_youzan"
ERROR - 2016-05-27 02:21:18 --> Could not find the language line "home_cloud_title"
ERROR - 2016-05-27 02:21:18 --> Could not find the language line "home_cloud_intro"
ERROR - 2016-05-27 02:21:18 --> Could not find the language line "mynt_icon_taobao"
ERROR - 2016-05-27 02:21:18 --> Could not find the language line "mynt_icon_tmall"
ERROR - 2016-05-27 02:21:18 --> Could not find the language line "mynt_icon_youzan"
ERROR - 2016-05-27 02:21:20 --> Could not find the language line "mynt_buy_taobao"
ERROR - 2016-05-27 02:21:20 --> Could not find the language line "mynt_buy_tmall"
ERROR - 2016-05-27 02:21:20 --> Could not find the language line "mynt_buy_youzan"
ERROR - 2016-05-27 02:21:22 --> Could not find the language line "mynt_buy_taobao"
ERROR - 2016-05-27 02:21:22 --> Could not find the language line "mynt_buy_tmall"
ERROR - 2016-05-27 02:21:22 --> Could not find the language line "mynt_buy_youzan"
ERROR - 2016-05-27 02:21:22 --> Could not find the language line "mynt_icon_taobao"
ERROR - 2016-05-27 02:21:22 --> Could not find the language line "mynt_icon_tmall"
ERROR - 2016-05-27 02:21:22 --> Could not find the language line "mynt_icon_youzan"
ERROR - 2016-05-27 02:21:22 --> Could not find the language line "mynt_jd_detail"
ERROR - 2016-05-27 02:21:22 --> Could not find the language line "to_buy_wd"
ERROR - 2016-05-27 02:21:22 --> Could not find the language line "slightech_wechat"
ERROR - 2016-05-27 02:21:22 --> Could not find the language line "camera_no_lost"
ERROR - 2016-05-27 02:21:22 --> Could not find the language line "key_no_lost"
ERROR - 2016-05-27 02:21:22 --> Could not find the language line "bag_no_lost"
ERROR - 2016-05-27 02:21:22 --> Could not find the language line "computer_no_lost"
ERROR - 2016-05-27 02:21:22 --> Could not find the language line "pet_no_lost"
ERROR - 2016-05-27 02:21:22 --> Could not find the language line "goal"
ERROR - 2016-05-27 02:21:22 --> Could not find the language line "fund_title"
ERROR - 2016-05-27 02:21:22 --> Could not find the language line "fund_intro"
ERROR - 2016-05-27 02:21:42 --> Could not find the language line "mynt_buy_taobao"
ERROR - 2016-05-27 02:21:42 --> Could not find the language line "mynt_buy_tmall"
ERROR - 2016-05-27 02:21:42 --> Could not find the language line "mynt_buy_youzan"
ERROR - 2016-05-27 02:21:42 --> Could not find the language line "home_cloud_title"
ERROR - 2016-05-27 02:21:42 --> Could not find the language line "home_cloud_intro"
ERROR - 2016-05-27 02:21:42 --> Could not find the language line "mynt_icon_taobao"
ERROR - 2016-05-27 02:21:42 --> Could not find the language line "mynt_icon_tmall"
ERROR - 2016-05-27 02:21:42 --> Could not find the language line "mynt_icon_youzan"
ERROR - 2016-05-27 02:21:58 --> Could not find the language line "mynt_buy_taobao"
ERROR - 2016-05-27 02:21:58 --> Could not find the language line "mynt_buy_tmall"
ERROR - 2016-05-27 02:21:58 --> Could not find the language line "mynt_buy_youzan"
ERROR - 2016-05-27 02:21:58 --> Could not find the language line "home_cloud_title"
ERROR - 2016-05-27 02:21:58 --> Could not find the language line "home_cloud_intro"
ERROR - 2016-05-27 02:21:58 --> Could not find the language line "mynt_icon_taobao"
ERROR - 2016-05-27 02:21:58 --> Could not find the language line "mynt_icon_tmall"
ERROR - 2016-05-27 02:21:58 --> Could not find the language line "mynt_icon_youzan"
ERROR - 2016-05-27 02:21:59 --> Could not find the language line "mynt_buy_taobao"
ERROR - 2016-05-27 02:21:59 --> Could not find the language line "mynt_buy_tmall"
ERROR - 2016-05-27 02:21:59 --> Could not find the language line "mynt_buy_youzan"
ERROR - 2016-05-27 02:21:59 --> Could not find the language line "mynt_icon_taobao"
ERROR - 2016-05-27 02:21:59 --> Could not find the language line "mynt_icon_tmall"
ERROR - 2016-05-27 02:21:59 --> Could not find the language line "mynt_icon_youzan"
ERROR - 2016-05-27 02:21:59 --> Could not find the language line "mynt_jd_detail"
ERROR - 2016-05-27 02:21:59 --> Could not find the language line "to_buy_wd"
ERROR - 2016-05-27 02:21:59 --> Could not find the language line "slightech_wechat"
ERROR - 2016-05-27 02:21:59 --> Could not find the language line "camera_no_lost"
ERROR - 2016-05-27 02:21:59 --> Could not find the language line "key_no_lost"
ERROR - 2016-05-27 02:21:59 --> Could not find the language line "bag_no_lost"
ERROR - 2016-05-27 02:21:59 --> Could not find the language line "computer_no_lost"
ERROR - 2016-05-27 02:21:59 --> Could not find the language line "pet_no_lost"
ERROR - 2016-05-27 02:21:59 --> Could not find the language line "goal"
ERROR - 2016-05-27 02:21:59 --> Could not find the language line "fund_title"
ERROR - 2016-05-27 02:21:59 --> Could not find the language line "fund_intro"
ERROR - 2016-05-27 02:24:30 --> Could not find the language line "mynt_buy_taobao"
ERROR - 2016-05-27 02:24:30 --> Could not find the language line "mynt_buy_tmall"
ERROR - 2016-05-27 02:24:30 --> Could not find the language line "mynt_buy_youzan"
ERROR - 2016-05-27 02:24:30 --> Could not find the language line "home_cloud_title"
ERROR - 2016-05-27 02:24:30 --> Could not find the language line "home_cloud_intro"
ERROR - 2016-05-27 02:24:30 --> Could not find the language line "mynt_icon_taobao"
ERROR - 2016-05-27 02:24:30 --> Could not find the language line "mynt_icon_tmall"
ERROR - 2016-05-27 02:24:30 --> Could not find the language line "mynt_icon_youzan"
ERROR - 2016-05-27 02:24:57 --> Could not find the language line "mynt_buy_taobao"
ERROR - 2016-05-27 02:24:57 --> Could not find the language line "mynt_buy_tmall"
ERROR - 2016-05-27 02:24:57 --> Could not find the language line "mynt_buy_youzan"
ERROR - 2016-05-27 02:24:57 --> Could not find the language line "home_cloud_title"
ERROR - 2016-05-27 02:24:57 --> Could not find the language line "home_cloud_intro"
ERROR - 2016-05-27 02:24:57 --> Could not find the language line "mynt_icon_taobao"
ERROR - 2016-05-27 02:24:57 --> Could not find the language line "mynt_icon_tmall"
ERROR - 2016-05-27 02:24:57 --> Could not find the language line "mynt_icon_youzan"
ERROR - 2016-05-27 02:24:59 --> Could not find the language line "mynt_buy_taobao"
ERROR - 2016-05-27 02:24:59 --> Could not find the language line "mynt_buy_tmall"
ERROR - 2016-05-27 02:24:59 --> Could not find the language line "mynt_buy_youzan"
ERROR - 2016-05-27 02:24:59 --> Could not find the language line "home_cloud_title"
ERROR - 2016-05-27 02:24:59 --> Could not find the language line "home_cloud_intro"
ERROR - 2016-05-27 02:24:59 --> Could not find the language line "mynt_icon_taobao"
ERROR - 2016-05-27 02:24:59 --> Could not find the language line "mynt_icon_tmall"
ERROR - 2016-05-27 02:24:59 --> Could not find the language line "mynt_icon_youzan"
ERROR - 2016-05-27 02:25:00 --> Could not find the language line "mynt_buy_taobao"
ERROR - 2016-05-27 02:25:00 --> Could not find the language line "mynt_buy_tmall"
ERROR - 2016-05-27 02:25:00 --> Could not find the language line "mynt_buy_youzan"
ERROR - 2016-05-27 02:25:00 --> Could not find the language line "mynt_icon_taobao"
ERROR - 2016-05-27 02:25:00 --> Could not find the language line "mynt_icon_tmall"
ERROR - 2016-05-27 02:25:00 --> Could not find the language line "mynt_icon_youzan"
ERROR - 2016-05-27 02:25:00 --> Could not find the language line "mynt_jd_detail"
ERROR - 2016-05-27 02:25:00 --> Could not find the language line "to_buy_wd"
ERROR - 2016-05-27 02:25:00 --> Could not find the language line "slightech_wechat"
ERROR - 2016-05-27 02:25:00 --> Could not find the language line "camera_no_lost"
ERROR - 2016-05-27 02:25:00 --> Could not find the language line "key_no_lost"
ERROR - 2016-05-27 02:25:00 --> Could not find the language line "bag_no_lost"
ERROR - 2016-05-27 02:25:00 --> Could not find the language line "computer_no_lost"
ERROR - 2016-05-27 02:25:00 --> Could not find the language line "pet_no_lost"
ERROR - 2016-05-27 02:25:00 --> Could not find the language line "goal"
ERROR - 2016-05-27 02:25:00 --> Could not find the language line "fund_title"
ERROR - 2016-05-27 02:25:00 --> Could not find the language line "fund_intro"
ERROR - 2016-05-27 02:25:00 --> Session: File 'ci_sessions/ci_sessionfe982525ab61da287fcb1717071ea3e03d7c9f82' doesn't exist and cannot be created.
ERROR - 2016-05-27 02:26:37 --> Could not find the language line "mynt_buy_taobao"
ERROR - 2016-05-27 02:26:37 --> Could not find the language line "mynt_buy_tmall"
ERROR - 2016-05-27 02:26:37 --> Could not find the language line "mynt_buy_youzan"
ERROR - 2016-05-27 02:26:37 --> Could not find the language line "mynt_icon_taobao"
ERROR - 2016-05-27 02:26:37 --> Could not find the language line "mynt_icon_tmall"
ERROR - 2016-05-27 02:26:37 --> Could not find the language line "mynt_icon_youzan"
ERROR - 2016-05-27 02:26:37 --> Could not find the language line "mynt_jd_detail"
ERROR - 2016-05-27 02:26:37 --> Could not find the language line "to_buy_wd"
ERROR - 2016-05-27 02:26:37 --> Could not find the language line "slightech_wechat"
ERROR - 2016-05-27 02:26:37 --> Could not find the language line "camera_no_lost"
ERROR - 2016-05-27 02:26:37 --> Could not find the language line "key_no_lost"
ERROR - 2016-05-27 02:26:37 --> Could not find the language line "bag_no_lost"
ERROR - 2016-05-27 02:26:37 --> Could not find the language line "computer_no_lost"
ERROR - 2016-05-27 02:26:37 --> Could not find the language line "pet_no_lost"
ERROR - 2016-05-27 02:26:37 --> Could not find the language line "goal"
ERROR - 2016-05-27 02:26:37 --> Could not find the language line "fund_title"
ERROR - 2016-05-27 02:26:37 --> Could not find the language line "fund_intro"
ERROR - 2016-05-27 02:26:45 --> Could not find the language line "mynt_buy_taobao"
ERROR - 2016-05-27 02:26:45 --> Could not find the language line "mynt_buy_tmall"
ERROR - 2016-05-27 02:26:45 --> Could not find the language line "mynt_buy_youzan"
ERROR - 2016-05-27 02:26:45 --> Could not find the language line "home_cloud_title"
ERROR - 2016-05-27 02:26:45 --> Could not find the language line "home_cloud_intro"
ERROR - 2016-05-27 02:26:45 --> Could not find the language line "mynt_icon_taobao"
ERROR - 2016-05-27 02:26:45 --> Could not find the language line "mynt_icon_tmall"
ERROR - 2016-05-27 02:26:45 --> Could not find the language line "mynt_icon_youzan"
ERROR - 2016-05-27 02:26:45 --> Session: File 'ci_sessions/ci_session06117ba3a57d5d74d9eeaf0a3aa5d4ced634faed' doesn't exist and cannot be created.
ERROR - 2016-05-27 02:27:41 --> Could not find the language line "mynt_buy_taobao"
ERROR - 2016-05-27 02:27:41 --> Could not find the language line "mynt_buy_tmall"
ERROR - 2016-05-27 02:27:41 --> Could not find the language line "mynt_buy_youzan"
ERROR - 2016-05-27 02:27:41 --> Could not find the language line "home_cloud_title"
ERROR - 2016-05-27 02:27:41 --> Could not find the language line "home_cloud_intro"
ERROR - 2016-05-27 02:27:41 --> Could not find the language line "mynt_icon_taobao"
ERROR - 2016-05-27 02:27:41 --> Could not find the language line "mynt_icon_tmall"
ERROR - 2016-05-27 02:27:41 --> Could not find the language line "mynt_icon_youzan"
ERROR - 2016-05-27 02:27:53 --> Could not find the language line "mynt_buy_taobao"
ERROR - 2016-05-27 02:27:53 --> Could not find the language line "mynt_buy_tmall"
ERROR - 2016-05-27 02:27:53 --> Could not find the language line "mynt_buy_youzan"
ERROR - 2016-05-27 02:28:21 --> Could not find the language line "mynt_buy_taobao"
ERROR - 2016-05-27 02:28:21 --> Could not find the language line "mynt_buy_tmall"
ERROR - 2016-05-27 02:28:21 --> Could not find the language line "mynt_buy_youzan"
ERROR - 2016-05-27 02:28:29 --> Could not find the language line "mynt_buy_taobao"
ERROR - 2016-05-27 02:28:29 --> Could not find the language line "mynt_buy_tmall"
ERROR - 2016-05-27 02:28:29 --> Could not find the language line "mynt_buy_youzan"
ERROR - 2016-05-27 02:29:23 --> Could not find the language line "mynt_buy_taobao"
ERROR - 2016-05-27 02:29:23 --> Could not find the language line "mynt_buy_tmall"
ERROR - 2016-05-27 02:29:23 --> Could not find the language line "mynt_buy_youzan"
ERROR - 2016-05-27 02:29:23 --> Could not find the language line "home_cloud_title"
ERROR - 2016-05-27 02:29:23 --> Could not find the language line "home_cloud_intro"
ERROR - 2016-05-27 02:29:23 --> Could not find the language line "mynt_icon_taobao"
ERROR - 2016-05-27 02:29:23 --> Could not find the language line "mynt_icon_tmall"
ERROR - 2016-05-27 02:29:23 --> Could not find the language line "mynt_icon_youzan"
ERROR - 2016-05-27 02:29:36 --> Could not find the language line "mynt_buy_amazon"
ERROR - 2016-05-27 02:29:36 --> Could not find the language line "home_slife_title"
ERROR - 2016-05-27 02:29:36 --> Could not find the language line "home_cloud_title"
ERROR - 2016-05-27 02:29:36 --> Could not find the language line "home_cloud_intro"
ERROR - 2016-05-27 02:29:36 --> Could not find the language line "mynt_icon_buy"
ERROR - 2016-05-27 02:30:10 --> Could not find the language line "mynt_buy_amazon"
ERROR - 2016-05-27 02:30:10 --> Could not find the language line "home_slife_title"
ERROR - 2016-05-27 02:30:10 --> Could not find the language line "home_cloud_title"
ERROR - 2016-05-27 02:30:10 --> Could not find the language line "home_cloud_intro"
ERROR - 2016-05-27 02:30:10 --> Could not find the language line "mynt_icon_buy"
ERROR - 2016-05-27 02:35:16 --> Could not find the language line "mynt_buy_amazon"
ERROR - 2016-05-27 02:35:16 --> Could not find the language line "home_slife_title"
ERROR - 2016-05-27 02:35:16 --> Could not find the language line "home_cloud_title"
ERROR - 2016-05-27 02:35:16 --> Could not find the language line "home_cloud_intro"
ERROR - 2016-05-27 02:35:16 --> Could not find the language line "mynt_icon_buy"
ERROR - 2016-05-27 02:35:16 --> Session: File 'ci_sessions/ci_session4519a6b0429ac06a19b34dc87f13e9913ee454f9' doesn't exist and cannot be created.
ERROR - 2016-05-27 02:36:09 --> Could not find the language line "mynt_buy_amazon"
ERROR - 2016-05-27 02:36:09 --> Could not find the language line "home_slife_title"
ERROR - 2016-05-27 02:36:09 --> Could not find the language line "home_cloud_title"
ERROR - 2016-05-27 02:36:09 --> Could not find the language line "home_cloud_intro"
ERROR - 2016-05-27 02:36:09 --> Could not find the language line "mynt_icon_buy"
ERROR - 2016-05-27 02:36:16 --> Could not find the language line "mynt_buy_taobao"
ERROR - 2016-05-27 02:36:16 --> Could not find the language line "mynt_buy_tmall"
ERROR - 2016-05-27 02:36:16 --> Could not find the language line "mynt_buy_youzan"
ERROR - 2016-05-27 02:36:16 --> Could not find the language line "home_cloud_title"
ERROR - 2016-05-27 02:36:16 --> Could not find the language line "home_cloud_intro"
ERROR - 2016-05-27 02:36:16 --> Could not find the language line "mynt_icon_taobao"
ERROR - 2016-05-27 02:36:16 --> Could not find the language line "mynt_icon_tmall"
ERROR - 2016-05-27 02:36:16 --> Could not find the language line "mynt_icon_youzan"
ERROR - 2016-05-27 02:36:37 --> Could not find the language line "mynt_buy_taobao"
ERROR - 2016-05-27 02:36:37 --> Could not find the language line "mynt_buy_tmall"
ERROR - 2016-05-27 02:36:37 --> Could not find the language line "mynt_buy_youzan"
ERROR - 2016-05-27 02:36:37 --> Could not find the language line "home_cloud_title"
ERROR - 2016-05-27 02:36:37 --> Could not find the language line "home_cloud_intro"
ERROR - 2016-05-27 02:36:37 --> Could not find the language line "mynt_icon_taobao"
ERROR - 2016-05-27 02:36:37 --> Could not find the language line "mynt_icon_tmall"
ERROR - 2016-05-27 02:36:37 --> Could not find the language line "mynt_icon_youzan"
ERROR - 2016-05-27 02:37:01 --> Could not find the language line "mynt_buy_taobao"
ERROR - 2016-05-27 02:37:01 --> Could not find the language line "mynt_buy_tmall"
ERROR - 2016-05-27 02:37:01 --> Could not find the language line "mynt_buy_youzan"
ERROR - 2016-05-27 02:37:01 --> Could not find the language line "home_cloud_title"
ERROR - 2016-05-27 02:37:01 --> Could not find the language line "home_cloud_intro"
ERROR - 2016-05-27 02:37:01 --> Could not find the language line "mynt_icon_taobao"
ERROR - 2016-05-27 02:37:01 --> Could not find the language line "mynt_icon_tmall"
ERROR - 2016-05-27 02:37:01 --> Could not find the language line "mynt_icon_youzan"
ERROR - 2016-05-27 02:37:17 --> Could not find the language line "mynt_buy_amazon"
ERROR - 2016-05-27 02:37:17 --> Could not find the language line "home_slife_title"
ERROR - 2016-05-27 02:37:17 --> Could not find the language line "home_cloud_title"
ERROR - 2016-05-27 02:37:17 --> Could not find the language line "home_cloud_intro"
ERROR - 2016-05-27 02:37:17 --> Could not find the language line "mynt_icon_buy"
ERROR - 2016-05-27 02:37:29 --> Could not find the language line "mynt_buy_amazon"
ERROR - 2016-05-27 02:37:29 --> Could not find the language line "home_slife_title"
ERROR - 2016-05-27 02:37:29 --> Could not find the language line "home_cloud_title"
ERROR - 2016-05-27 02:37:29 --> Could not find the language line "home_cloud_intro"
ERROR - 2016-05-27 02:37:29 --> Could not find the language line "mynt_icon_buy"
ERROR - 2016-05-27 02:40:12 --> Could not find the language line "mynt_buy_amazon"
ERROR - 2016-05-27 02:40:12 --> Could not find the language line "home_slife_title"
ERROR - 2016-05-27 02:40:12 --> Could not find the language line "home_cloud_title"
ERROR - 2016-05-27 02:40:12 --> Could not find the language line "home_cloud_intro"
ERROR - 2016-05-27 02:40:12 --> Could not find the language line "mynt_icon_buy"
ERROR - 2016-05-27 06:43:00 --> Could not find the language line "mynt_buy_taobao"
ERROR - 2016-05-27 06:43:00 --> Could not find the language line "mynt_buy_tmall"
ERROR - 2016-05-27 06:43:00 --> Could not find the language line "mynt_buy_youzan"
ERROR - 2016-05-27 06:43:00 --> Could not find the language line "home_cloud_title"
ERROR - 2016-05-27 06:43:00 --> Could not find the language line "home_cloud_intro"
ERROR - 2016-05-27 06:43:00 --> Could not find the language line "mynt_icon_taobao"
ERROR - 2016-05-27 06:43:00 --> Could not find the language line "mynt_icon_tmall"
ERROR - 2016-05-27 06:43:00 --> Could not find the language line "mynt_icon_youzan"
ERROR - 2016-05-27 06:43:27 --> Could not find the language line "mynt_buy_taobao"
ERROR - 2016-05-27 06:43:27 --> Could not find the language line "mynt_buy_tmall"
ERROR - 2016-05-27 06:43:27 --> Could not find the language line "mynt_buy_youzan"
ERROR - 2016-05-27 06:43:27 --> Could not find the language line "home_cloud_title"
ERROR - 2016-05-27 06:43:27 --> Could not find the language line "home_cloud_intro"
ERROR - 2016-05-27 06:43:27 --> Could not find the language line "mynt_icon_taobao"
ERROR - 2016-05-27 06:43:27 --> Could not find the language line "mynt_icon_tmall"
ERROR - 2016-05-27 06:43:27 --> Could not find the language line "mynt_icon_youzan"
ERROR - 2016-05-27 06:43:32 --> Could not find the language line "mynt_buy_taobao"
ERROR - 2016-05-27 06:43:32 --> Could not find the language line "mynt_buy_tmall"
ERROR - 2016-05-27 06:43:32 --> Could not find the language line "mynt_buy_youzan"
ERROR - 2016-05-27 06:47:12 --> Could not find the language line "mynt_buy_amazon"
ERROR - 2016-05-27 07:01:32 --> Could not find the language line "mynt_buy_amazon"
ERROR - 2016-05-27 07:01:32 --> Session: File 'ci_sessions/ci_session910b31be96d48c57b6ba90c18cd16d93910f0a35' doesn't exist and cannot be created.
ERROR - 2016-05-27 07:01:44 --> Could not find the language line "mynt_buy_amazon"
ERROR - 2016-05-27 07:01:47 --> Could not find the language line "mynt_buy_amazon"
ERROR - 2016-05-27 07:11:07 --> Could not find the language line "mynt_buy_amazon"
ERROR - 2016-05-27 07:11:07 --> Session: File 'ci_sessions/ci_session1b131bef5ad463fdff47280ce28b39e899f4e9dd' doesn't exist and cannot be created.
ERROR - 2016-05-27 08:51:50 --> Could not find the language line "mynt_buy_amazon"
ERROR - 2016-05-27 08:53:49 --> Could not find the language line "mynt_buy_amazon"
ERROR - 2016-05-27 08:53:49 --> Could not find the language line "home_slife_title"
ERROR - 2016-05-27 08:53:49 --> Could not find the language line "home_cloud_title"
ERROR - 2016-05-27 08:53:49 --> Could not find the language line "home_cloud_intro"
ERROR - 2016-05-27 08:53:49 --> Could not find the language line "mynt_icon_buy"
ERROR - 2016-05-27 08:53:53 --> Could not find the language line "mynt_buy_amazon"
ERROR - 2016-05-27 08:54:06 --> Could not find the language line "mynt_buy_taobao"
ERROR - 2016-05-27 08:54:06 --> Could not find the language line "mynt_buy_tmall"
ERROR - 2016-05-27 08:54:06 --> Could not find the language line "mynt_buy_youzan"
ERROR - 2016-05-27 08:59:39 --> Could not find the language line "mynt_buy_taobao"
ERROR - 2016-05-27 08:59:39 --> Could not find the language line "mynt_buy_tmall"
ERROR - 2016-05-27 08:59:39 --> Could not find the language line "mynt_buy_youzan"
ERROR - 2016-05-27 08:59:40 --> Session: File 'ci_sessions/ci_session22c3497381c66bbfe091574e9560167fb089e2c8' doesn't exist and cannot be created.
ERROR - 2016-05-27 09:04:19 --> Could not find the language line "mynt_buy_taobao"
ERROR - 2016-05-27 09:04:19 --> Could not find the language line "mynt_buy_tmall"
ERROR - 2016-05-27 09:04:19 --> Could not find the language line "mynt_buy_youzan"
ERROR - 2016-05-27 09:05:58 --> Could not find the language line "mynt_buy_taobao"
ERROR - 2016-05-27 09:05:58 --> Could not find the language line "mynt_buy_tmall"
ERROR - 2016-05-27 09:05:58 --> Could not find the language line "mynt_buy_youzan"
ERROR - 2016-05-27 09:08:08 --> Could not find the language line "mynt_buy_taobao"
ERROR - 2016-05-27 09:08:08 --> Could not find the language line "mynt_buy_tmall"
ERROR - 2016-05-27 09:08:08 --> Could not find the language line "mynt_buy_youzan"
ERROR - 2016-05-27 09:09:31 --> Could not find the language line "mynt_buy_taobao"
ERROR - 2016-05-27 09:09:31 --> Could not find the language line "mynt_buy_tmall"
ERROR - 2016-05-27 09:09:31 --> Could not find the language line "mynt_buy_youzan"
ERROR - 2016-05-27 09:09:31 --> Could not find the language line "home_cloud_title"
ERROR - 2016-05-27 09:09:31 --> Could not find the language line "home_cloud_intro"
ERROR - 2016-05-27 09:09:31 --> Could not find the language line "mynt_icon_taobao"
ERROR - 2016-05-27 09:09:31 --> Could not find the language line "mynt_icon_tmall"
ERROR - 2016-05-27 09:09:31 --> Could not find the language line "mynt_icon_youzan"
ERROR - 2016-05-27 09:09:31 --> Session: File 'ci_sessions/ci_sessionc391b50cec8491d7f6011a14f745136915c7db05' doesn't exist and cannot be created.
ERROR - 2016-05-27 09:16:22 --> Could not find the language line "mynt_buy_taobao"
ERROR - 2016-05-27 09:16:22 --> Could not find the language line "mynt_buy_tmall"
ERROR - 2016-05-27 09:16:22 --> Could not find the language line "mynt_buy_youzan"
ERROR - 2016-05-27 09:19:31 --> Could not find the language line "mynt_buy_taobao"
ERROR - 2016-05-27 09:19:31 --> Could not find the language line "mynt_buy_tmall"
ERROR - 2016-05-27 09:19:31 --> Could not find the language line "mynt_buy_youzan"
ERROR - 2016-05-27 09:19:31 --> Could not find the language line "home_cloud_title"
ERROR - 2016-05-27 09:19:31 --> Could not find the language line "home_cloud_intro"
ERROR - 2016-05-27 09:19:31 --> Could not find the language line "mynt_icon_taobao"
ERROR - 2016-05-27 09:19:31 --> Could not find the language line "mynt_icon_tmall"
ERROR - 2016-05-27 09:19:31 --> Could not find the language line "mynt_icon_youzan"
ERROR - 2016-05-27 09:34:12 --> Could not find the language line "mynt_buy_amazon"
ERROR - 2016-05-27 09:34:12 --> Could not find the language line "mynt_icon_buy"
ERROR - 2016-05-27 09:34:12 --> Could not find the language line "mynt_buy_link_kick"
ERROR - 2016-05-27 09:34:13 --> Could not find the language line "mynt_buy_amazon"
ERROR - 2016-05-27 09:34:13 --> Could not find the language line "home_slife_title"
ERROR - 2016-05-27 09:34:13 --> Could not find the language line "home_cloud_title"
ERROR - 2016-05-27 09:34:13 --> Could not find the language line "home_cloud_intro"
ERROR - 2016-05-27 09:34:13 --> Could not find the language line "mynt_icon_buy"
ERROR - 2016-05-27 09:34:13 --> Session: File 'ci_sessions/ci_session1b7efcec184b68a95f49eae51f0909a729718e6f' doesn't exist and cannot be created.
ERROR - 2016-05-27 09:34:56 --> Could not find the language line "mynt_buy_amazon"
ERROR - 2016-05-27 09:34:56 --> Could not find the language line "mynt_icon_buy"
ERROR - 2016-05-27 09:34:56 --> Could not find the language line "mynt_buy_link_kick"
ERROR - 2016-05-27 09:35:00 --> Could not find the language line "mynt_buy_amazon"
ERROR - 2016-05-27 09:35:00 --> Could not find the language line "home_slife_title"
ERROR - 2016-05-27 09:35:00 --> Could not find the language line "home_cloud_title"
ERROR - 2016-05-27 09:35:00 --> Could not find the language line "home_cloud_intro"
ERROR - 2016-05-27 09:35:00 --> Could not find the language line "mynt_icon_buy"
ERROR - 2016-05-27 09:35:03 --> Could not find the language line "mynt_buy_amazon"
ERROR - 2016-05-27 09:35:03 --> Could not find the language line "about_keywords"
ERROR - 2016-05-27 09:35:03 --> Could not find the language line "about_company"
ERROR - 2016-05-27 09:35:27 --> Could not find the language line "mynt_buy_amazon"
ERROR - 2016-05-27 09:37:00 --> Could not find the language line "mynt_buy_amazon"
ERROR - 2016-05-27 09:37:00 --> Could not find the language line "home_slife_title"
ERROR - 2016-05-27 09:37:00 --> Could not find the language line "home_cloud_title"
ERROR - 2016-05-27 09:37:00 --> Could not find the language line "home_cloud_intro"
ERROR - 2016-05-27 09:37:00 --> Could not find the language line "mynt_icon_buy"
ERROR - 2016-05-27 09:37:02 --> Could not find the language line "mynt_buy_taobao"
ERROR - 2016-05-27 09:37:02 --> Could not find the language line "mynt_buy_tmall"
ERROR - 2016-05-27 09:37:02 --> Could not find the language line "mynt_buy_youzan"
ERROR - 2016-05-27 09:37:15 --> Could not find the language line "mynt_buy_taobao"
ERROR - 2016-05-27 09:37:15 --> Could not find the language line "mynt_buy_tmall"
ERROR - 2016-05-27 09:37:15 --> Could not find the language line "mynt_buy_youzan"
ERROR - 2016-05-27 09:42:39 --> Could not find the language line "mynt_buy_taobao"
ERROR - 2016-05-27 09:42:39 --> Could not find the language line "mynt_buy_tmall"
ERROR - 2016-05-27 09:42:39 --> Could not find the language line "mynt_buy_youzan"
ERROR - 2016-05-27 09:42:39 --> Session: File 'ci_sessions/ci_sessionc9f3e7fc4e01593dd8ee324e2764476185cbb70a' doesn't exist and cannot be created.
ERROR - 2016-05-27 09:42:50 --> Could not find the language line "mynt_buy_taobao"
ERROR - 2016-05-27 09:42:50 --> Could not find the language line "mynt_buy_tmall"
ERROR - 2016-05-27 09:42:50 --> Could not find the language line "mynt_buy_youzan"
ERROR - 2016-05-27 09:42:50 --> Could not find the language line "help_title"
ERROR - 2016-05-27 09:42:50 --> Could not find the language line "help_keywords"
ERROR - 2016-05-27 09:42:50 --> Could not find the language line "help_desc"
ERROR - 2016-05-27 09:42:59 --> Could not find the language line "mynt_buy_taobao"
ERROR - 2016-05-27 09:42:59 --> Could not find the language line "mynt_buy_tmall"
ERROR - 2016-05-27 09:42:59 --> Could not find the language line "mynt_buy_youzan"
ERROR - 2016-05-27 09:42:59 --> Could not find the language line "home_cloud_title"
ERROR - 2016-05-27 09:42:59 --> Could not find the language line "home_cloud_intro"
ERROR - 2016-05-27 09:42:59 --> Could not find the language line "mynt_icon_taobao"
ERROR - 2016-05-27 09:42:59 --> Could not find the language line "mynt_icon_tmall"
ERROR - 2016-05-27 09:42:59 --> Could not find the language line "mynt_icon_youzan"
ERROR - 2016-05-27 09:43:05 --> Could not find the language line "mynt_buy_taobao"
ERROR - 2016-05-27 09:43:05 --> Could not find the language line "mynt_buy_tmall"
ERROR - 2016-05-27 09:43:05 --> Could not find the language line "mynt_buy_youzan"
ERROR - 2016-05-27 09:43:05 --> Could not find the language line "help_title"
ERROR - 2016-05-27 09:43:05 --> Could not find the language line "help_keywords"
ERROR - 2016-05-27 09:43:05 --> Could not find the language line "help_desc"
ERROR - 2016-05-27 09:47:39 --> Could not find the language line "mynt_buy_taobao"
ERROR - 2016-05-27 09:47:39 --> Could not find the language line "mynt_buy_tmall"
ERROR - 2016-05-27 09:47:39 --> Could not find the language line "mynt_buy_youzan"
ERROR - 2016-05-27 09:47:50 --> Could not find the language line "mynt_buy_taobao"
ERROR - 2016-05-27 09:47:50 --> Could not find the language line "mynt_buy_tmall"
ERROR - 2016-05-27 09:47:50 --> Could not find the language line "mynt_buy_youzan"
ERROR - 2016-05-27 09:48:08 --> Could not find the language line "mynt_buy_amazon"
ERROR - 2016-05-27 09:48:08 --> Session: File 'ci_sessions/ci_session6330007362d8adee2f2840f34f38a025603f166f' doesn't exist and cannot be created.
ERROR - 2016-05-27 09:48:18 --> Could not find the language line "mynt_buy_amazon"
ERROR - 2016-05-27 09:50:10 --> Could not find the language line "mynt_buy_amazon"
ERROR - 2016-05-27 09:50:10 --> Could not find the language line "mynt_icon_buy"
ERROR - 2016-05-27 09:50:10 --> Could not find the language line "mynt_buy_link_kick"
ERROR - 2016-05-27 09:50:39 --> 404 Page Not Found: Help/mynt
ERROR - 2016-05-27 09:50:43 --> Could not find the language line "mynt_buy_amazon"
ERROR - 2016-05-27 09:50:56 --> Could not find the language line "mynt_buy_amazon"
ERROR - 2016-05-27 09:57:16 --> Severity: Notice --> Undefined variable: domain /Users/fantingsheng/website/system/core/URI.php 170
ERROR - 2016-05-27 09:57:16 --> Severity: Warning --> in_array() expects parameter 2 to be array, null given /Users/fantingsheng/website/system/core/URI.php 170
ERROR - 2016-05-27 09:57:16 --> 404 Page Not Found: Sdk/index
ERROR - 2016-05-27 09:57:28 --> Could not find the language line "mynt_buy_amazon"
ERROR - 2016-05-27 09:57:28 --> Session: File 'ci_sessions/ci_session1fb5c831051a93c329f89e87e82bce3a437042a5' doesn't exist and cannot be created.
ERROR - 2016-05-27 09:57:51 --> 404 Page Not Found: Sdk/index
ERROR - 2016-05-27 09:57:58 --> Could not find the language line "mynt_buy_taobao"
ERROR - 2016-05-27 09:57:58 --> Could not find the language line "mynt_buy_tmall"
ERROR - 2016-05-27 09:57:58 --> Could not find the language line "mynt_buy_youzan"
ERROR - 2016-05-27 09:57:58 --> Could not find the language line "home_cloud_title"
ERROR - 2016-05-27 09:57:58 --> Could not find the language line "home_cloud_intro"
ERROR - 2016-05-27 09:57:58 --> Could not find the language line "mynt_icon_taobao"
ERROR - 2016-05-27 09:57:58 --> Could not find the language line "mynt_icon_tmall"
ERROR - 2016-05-27 09:57:58 --> Could not find the language line "mynt_icon_youzan"
ERROR - 2016-05-27 09:58:10 --> 404 Page Not Found: App/index
ERROR - 2016-05-27 09:58:50 --> Could not find the language line "mynt_buy_taobao"
ERROR - 2016-05-27 09:58:50 --> Could not find the language line "mynt_buy_tmall"
ERROR - 2016-05-27 09:58:50 --> Could not find the language line "mynt_buy_youzan"
ERROR - 2016-05-27 09:58:51 --> Could not find the language line "mynt_buy_taobao"
ERROR - 2016-05-27 09:58:51 --> Could not find the language line "mynt_buy_tmall"
ERROR - 2016-05-27 09:58:51 --> Could not find the language line "mynt_buy_youzan"
ERROR - 2016-05-27 09:59:51 --> Could not find the language line "mynt_buy_taobao"
ERROR - 2016-05-27 09:59:51 --> Could not find the language line "mynt_buy_tmall"
ERROR - 2016-05-27 09:59:51 --> Could not find the language line "mynt_buy_youzan"
ERROR - 2016-05-27 10:00:29 --> 404 Page Not Found: Help/zh
ERROR - 2016-05-27 10:00:35 --> Could not find the language line "mynt_buy_taobao"
ERROR - 2016-05-27 10:00:35 --> Could not find the language line "mynt_buy_tmall"
ERROR - 2016-05-27 10:00:35 --> Could not find the language line "mynt_buy_youzan"
ERROR - 2016-05-27 10:23:09 --> 404 Page Not Found: Help/sdk
ERROR - 2016-05-27 10:23:14 --> Could not find the language line "mynt_buy_taobao"
ERROR - 2016-05-27 10:23:14 --> Could not find the language line "mynt_buy_tmall"
ERROR - 2016-05-27 10:23:14 --> Could not find the language line "mynt_buy_youzan"
ERROR - 2016-05-27 10:23:22 --> Could not find the language line "mynt_buy_taobao"
ERROR - 2016-05-27 10:23:22 --> Could not find the language line "mynt_buy_tmall"
ERROR - 2016-05-27 10:23:22 --> Could not find the language line "mynt_buy_youzan"
ERROR - 2016-05-27 10:23:22 --> Could not find the language line "coop_title"
ERROR - 2016-05-27 10:23:22 --> Could not find the language line "coop_keywords"
ERROR - 2016-05-27 10:23:22 --> Could not find the language line "coop_desc"
ERROR - 2016-05-27 10:23:42 --> Could not find the language line "mynt_buy_taobao"
ERROR - 2016-05-27 10:23:42 --> Could not find the language line "mynt_buy_tmall"
ERROR - 2016-05-27 10:23:42 --> Could not find the language line "mynt_buy_youzan"
ERROR - 2016-05-27 10:23:42 --> Could not find the language line "coop_title"
ERROR - 2016-05-27 10:23:42 --> Could not find the language line "coop_keywords"
ERROR - 2016-05-27 10:23:42 --> Could not find the language line "coop_desc"
ERROR - 2016-05-27 10:23:47 --> Could not find the language line "mynt_buy_taobao"
ERROR - 2016-05-27 10:23:47 --> Could not find the language line "mynt_buy_tmall"
ERROR - 2016-05-27 10:23:47 --> Could not find the language line "mynt_buy_youzan"
ERROR - 2016-05-27 10:23:47 --> Could not find the language line "coop_title"
ERROR - 2016-05-27 10:23:47 --> Could not find the language line "coop_keywords"
ERROR - 2016-05-27 10:23:47 --> Could not find the language line "coop_desc"
ERROR - 2016-05-27 10:23:58 --> 404 Page Not Found: Cooperation/index
ERROR - 2016-05-27 10:30:27 --> 404 Page Not Found: Cooperation/index
ERROR - 2016-05-27 10:30:54 --> Could not find the language line "mynt_buy_amazon"
ERROR - 2016-05-27 10:30:54 --> Could not find the language line "coop_title"
ERROR - 2016-05-27 10:30:54 --> Could not find the language line "coop_keywords"
ERROR - 2016-05-27 10:30:54 --> Could not find the language line "coop_desc"
ERROR - 2016-05-27 10:31:09 --> Could not find the language line "mynt_buy_amazon"
ERROR - 2016-05-27 10:31:09 --> Could not find the language line "development_title"
ERROR - 2016-05-27 10:31:09 --> Could not find the language line "development_keywords"
ERROR - 2016-05-27 10:31:09 --> Could not find the language line "development_desc"
ERROR - 2016-05-27 10:31:11 --> Could not find the language line "mynt_buy_amazon"
ERROR - 2016-05-27 10:31:11 --> Could not find the language line "coop_title"
ERROR - 2016-05-27 10:31:11 --> Could not find the language line "coop_keywords"
ERROR - 2016-05-27 10:31:11 --> Could not find the language line "coop_desc"
ERROR - 2016-05-27 10:31:13 --> Could not find the language line "mynt_buy_amazon"
ERROR - 2016-05-27 10:31:13 --> Could not find the language line "customize_title"
ERROR - 2016-05-27 10:31:13 --> Could not find the language line "customize_keywords"
ERROR - 2016-05-27 10:31:13 --> Could not find the language line "customize_desc"
ERROR - 2016-05-27 10:37:06 --> Could not find the language line "mynt_buy_amazon"
ERROR - 2016-05-27 10:38:50 --> Could not find the language line "mynt_buy_taobao"
ERROR - 2016-05-27 10:38:50 --> Could not find the language line "mynt_buy_tmall"
ERROR - 2016-05-27 10:38:50 --> Could not find the language line "mynt_buy_youzan"
ERROR - 2016-05-27 10:40:09 --> Could not find the language line "mynt_buy_taobao"
ERROR - 2016-05-27 10:40:09 --> Could not find the language line "mynt_buy_tmall"
ERROR - 2016-05-27 10:40:09 --> Could not find the language line "mynt_buy_youzan"
ERROR - 2016-05-27 10:40:12 --> Could not find the language line "mynt_buy_taobao"
ERROR - 2016-05-27 10:40:12 --> Could not find the language line "mynt_buy_tmall"
ERROR - 2016-05-27 10:40:12 --> Could not find the language line "mynt_buy_youzan"
ERROR - 2016-05-27 10:40:12 --> Could not find the language line "customize_title"
ERROR - 2016-05-27 10:40:12 --> Could not find the language line "customize_keywords"
ERROR - 2016-05-27 10:40:12 --> Could not find the language line "customize_desc"
ERROR - 2016-05-27 10:40:17 --> Could not find the language line "mynt_buy_taobao"
ERROR - 2016-05-27 10:40:17 --> Could not find the language line "mynt_buy_tmall"
ERROR - 2016-05-27 10:40:17 --> Could not find the language line "mynt_buy_youzan"
ERROR - 2016-05-27 10:40:20 --> Could not find the language line "mynt_buy_taobao"
ERROR - 2016-05-27 10:40:20 --> Could not find the language line "mynt_buy_tmall"
ERROR - 2016-05-27 10:40:20 --> Could not find the language line "mynt_buy_youzan"
ERROR - 2016-05-27 10:40:20 --> Could not find the language line "customize_title"
ERROR - 2016-05-27 10:40:20 --> Could not find the language line "customize_keywords"
ERROR - 2016-05-27 10:40:20 --> Could not find the language line "customize_desc"
ERROR - 2016-05-27 10:41:38 --> Could not find the language line "mynt_buy_taobao"
ERROR - 2016-05-27 10:41:38 --> Could not find the language line "mynt_buy_tmall"
ERROR - 2016-05-27 10:41:38 --> Could not find the language line "mynt_buy_youzan"
ERROR - 2016-05-27 10:41:41 --> Could not find the language line "mynt_buy_taobao"
ERROR - 2016-05-27 10:41:41 --> Could not find the language line "mynt_buy_tmall"
ERROR - 2016-05-27 10:41:41 --> Could not find the language line "mynt_buy_youzan"
ERROR - 2016-05-27 10:41:43 --> Could not find the language line "mynt_buy_taobao"
ERROR - 2016-05-27 10:41:43 --> Could not find the language line "mynt_buy_tmall"
ERROR - 2016-05-27 10:41:43 --> Could not find the language line "mynt_buy_youzan"
ERROR - 2016-05-27 10:41:49 --> Could not find the language line "mynt_buy_amazon"
ERROR - 2016-05-27 10:42:42 --> Could not find the language line "mynt_buy_amazon"
ERROR - 2016-05-27 10:42:46 --> Could not find the language line "mynt_buy_amazon"
ERROR - 2016-05-27 10:42:49 --> Could not find the language line "mynt_buy_amazon"
ERROR - 2016-05-27 10:42:51 --> Could not find the language line "mynt_buy_amazon"
ERROR - 2016-05-27 10:42:53 --> Could not find the language line "mynt_buy_amazon"
ERROR - 2016-05-27 10:42:56 --> Could not find the language line "mynt_buy_amazon"
ERROR - 2016-05-27 10:42:57 --> Could not find the language line "mynt_buy_amazon"
ERROR - 2016-05-27 10:44:51 --> Could not find the language line "mynt_buy_amazon"
ERROR - 2016-05-27 10:45:25 --> Could not find the language line "mynt_buy_amazon"
ERROR - 2016-05-27 10:45:26 --> Could not find the language line "mynt_buy_amazon"
ERROR - 2016-05-27 10:46:27 --> Could not find the language line "mynt_buy_amazon"
ERROR - 2016-05-27 10:46:32 --> Could not find the language line "mynt_buy_amazon"
ERROR - 2016-05-27 10:46:33 --> Could not find the language line "mynt_buy_amazon"
ERROR - 2016-05-27 10:47:30 --> Could not find the language line "mynt_buy_amazon"
ERROR - 2016-05-27 10:47:32 --> Could not find the language line "mynt_buy_amazon"
ERROR - 2016-05-27 10:47:34 --> Could not find the language line "mynt_buy_amazon"
ERROR - 2016-05-27 10:50:08 --> Could not find the language line "mynt_buy_amazon"
ERROR - 2016-05-27 10:50:08 --> Could not find the language line "home_slife_title"
ERROR - 2016-05-27 10:50:08 --> Could not find the language line "home_cloud_title"
ERROR - 2016-05-27 10:50:08 --> Could not find the language line "home_cloud_intro"
ERROR - 2016-05-27 10:50:08 --> Could not find the language line "mynt_icon_buy"
ERROR - 2016-05-27 10:51:14 --> Could not find the language line "mynt_buy_amazon"
ERROR - 2016-05-27 10:51:16 --> Could not find the language line "mynt_buy_amazon"
ERROR - 2016-05-27 10:51:18 --> Could not find the language line "mynt_buy_amazon"
ERROR - 2016-05-27 10:51:20 --> Could not find the language line "mynt_buy_amazon"
ERROR - 2016-05-27 11:01:07 --> Could not find the language line "mynt_buy_amazon"
ERROR - 2016-05-27 11:01:15 --> Could not find the language line "mynt_buy_amazon"
ERROR - 2016-05-27 11:01:33 --> Could not find the language line "mynt_buy_amazon"
ERROR - 2016-05-27 11:01:34 --> Could not find the language line "mynt_buy_amazon"
ERROR - 2016-05-27 11:01:35 --> Could not find the language line "mynt_buy_amazon"
ERROR - 2016-05-27 11:01:35 --> Could not find the language line "mynt_buy_amazon"
ERROR - 2016-05-27 11:01:35 --> Could not find the language line "mynt_buy_amazon"
ERROR - 2016-05-27 11:01:35 --> Could not find the language line "mynt_buy_amazon"
ERROR - 2016-05-27 11:01:35 --> Could not find the language line "mynt_buy_amazon"
ERROR - 2016-05-27 11:01:37 --> Could not find the language line "mynt_buy_amazon"
ERROR - 2016-05-27 11:01:37 --> Could not find the language line "about_keywords"
ERROR - 2016-05-27 11:01:37 --> Could not find the language line "about_company"
ERROR - 2016-05-27 11:01:56 --> Could not find the language line "mynt_buy_amazon"
ERROR - 2016-05-27 11:01:59 --> Could not find the language line "mynt_buy_taobao"
ERROR - 2016-05-27 11:01:59 --> Could not find the language line "mynt_buy_tmall"
ERROR - 2016-05-27 11:01:59 --> Could not find the language line "mynt_buy_youzan"
ERROR - 2016-05-27 11:02:08 --> Could not find the language line "mynt_buy_taobao"
ERROR - 2016-05-27 11:02:08 --> Could not find the language line "mynt_buy_tmall"
ERROR - 2016-05-27 11:02:08 --> Could not find the language line "mynt_buy_youzan"
ERROR - 2016-05-27 11:02:36 --> Could not find the language line "mynt_buy_taobao"
ERROR - 2016-05-27 11:02:36 --> Could not find the language line "mynt_buy_tmall"
ERROR - 2016-05-27 11:02:36 --> Could not find the language line "mynt_buy_youzan"
ERROR - 2016-05-27 11:03:01 --> Could not find the language line "mynt_buy_taobao"
ERROR - 2016-05-27 11:03:01 --> Could not find the language line "mynt_buy_tmall"
ERROR - 2016-05-27 11:03:01 --> Could not find the language line "mynt_buy_youzan"
ERROR - 2016-05-27 11:03:14 --> Could not find the language line "mynt_buy_taobao"
ERROR - 2016-05-27 11:03:14 --> Could not find the language line "mynt_buy_tmall"
ERROR - 2016-05-27 11:03:14 --> Could not find the language line "mynt_buy_youzan"
ERROR - 2016-05-27 11:03:14 --> Could not find the language line "home_cloud_title"
ERROR - 2016-05-27 11:03:14 --> Could not find the language line "home_cloud_intro"
ERROR - 2016-05-27 11:03:14 --> Could not find the language line "mynt_icon_taobao"
ERROR - 2016-05-27 11:03:14 --> Could not find the language line "mynt_icon_tmall"
ERROR - 2016-05-27 11:03:14 --> Could not find the language line "mynt_icon_youzan"
ERROR - 2016-05-27 11:03:25 --> Could not find the language line "mynt_buy_taobao"
ERROR - 2016-05-27 11:03:25 --> Could not find the language line "mynt_buy_tmall"
ERROR - 2016-05-27 11:03:25 --> Could not find the language line "mynt_buy_youzan"
ERROR - 2016-05-27 11:03:25 --> Could not find the language line "home_cloud_title"
ERROR - 2016-05-27 11:03:25 --> Could not find the language line "home_cloud_intro"
ERROR - 2016-05-27 11:03:25 --> Could not find the language line "mynt_icon_taobao"
ERROR - 2016-05-27 11:03:25 --> Could not find the language line "mynt_icon_tmall"
ERROR - 2016-05-27 11:03:25 --> Could not find the language line "mynt_icon_youzan"
ERROR - 2016-05-27 11:03:27 --> Could not find the language line "mynt_buy_taobao"
ERROR - 2016-05-27 11:03:27 --> Could not find the language line "mynt_buy_tmall"
ERROR - 2016-05-27 11:03:27 --> Could not find the language line "mynt_buy_youzan"
ERROR - 2016-05-27 11:03:27 --> Could not find the language line "home_cloud_title"
ERROR - 2016-05-27 11:03:27 --> Could not find the language line "home_cloud_intro"
ERROR - 2016-05-27 11:03:27 --> Could not find the language line "mynt_icon_taobao"
ERROR - 2016-05-27 11:03:27 --> Could not find the language line "mynt_icon_tmall"
ERROR - 2016-05-27 11:03:27 --> Could not find the language line "mynt_icon_youzan"
ERROR - 2016-05-27 15:12:02 --> Could not find the language line "mynt_buy_taobao"
ERROR - 2016-05-27 15:12:02 --> Could not find the language line "mynt_buy_tmall"
ERROR - 2016-05-27 15:12:02 --> Could not find the language line "mynt_buy_youzan"
ERROR - 2016-05-27 15:12:02 --> Could not find the language line "home_cloud_title"
ERROR - 2016-05-27 15:12:02 --> Could not find the language line "home_cloud_intro"
ERROR - 2016-05-27 15:12:02 --> Could not find the language line "mynt_icon_taobao"
ERROR - 2016-05-27 15:12:02 --> Could not find the language line "mynt_icon_tmall"
ERROR - 2016-05-27 15:12:02 --> Could not find the language line "mynt_icon_youzan"
ERROR - 2016-05-27 15:40:45 --> Could not find the language line "mynt_buy_taobao"
ERROR - 2016-05-27 15:40:45 --> Could not find the language line "mynt_buy_tmall"
ERROR - 2016-05-27 15:40:45 --> Could not find the language line "mynt_buy_youzan"
ERROR - 2016-05-27 15:40:45 --> Could not find the language line "mynt_icon_taobao"
ERROR - 2016-05-27 15:40:45 --> Could not find the language line "mynt_icon_tmall"
ERROR - 2016-05-27 15:40:45 --> Could not find the language line "mynt_icon_youzan"
ERROR - 2016-05-27 15:40:45 --> Could not find the language line "mynt_jd_detail"
ERROR - 2016-05-27 15:40:45 --> Could not find the language line "to_buy_wd"
ERROR - 2016-05-27 15:40:45 --> Could not find the language line "slightech_wechat"
ERROR - 2016-05-27 15:40:45 --> Could not find the language line "camera_no_lost"
ERROR - 2016-05-27 15:40:45 --> Could not find the language line "key_no_lost"
ERROR - 2016-05-27 15:40:45 --> Could not find the language line "bag_no_lost"
ERROR - 2016-05-27 15:40:45 --> Could not find the language line "computer_no_lost"
ERROR - 2016-05-27 15:40:45 --> Could not find the language line "pet_no_lost"
ERROR - 2016-05-27 15:40:45 --> Could not find the language line "goal"
ERROR - 2016-05-27 15:40:45 --> Could not find the language line "fund_title"
ERROR - 2016-05-27 15:40:45 --> Could not find the language line "fund_intro"
ERROR - 2016-05-27 15:41:03 --> Could not find the language line "mynt_buy_taobao"
ERROR - 2016-05-27 15:41:03 --> Could not find the language line "mynt_buy_tmall"
ERROR - 2016-05-27 15:41:03 --> Could not find the language line "mynt_buy_youzan"
ERROR - 2016-05-27 15:41:06 --> Could not find the language line "mynt_buy_taobao"
ERROR - 2016-05-27 15:41:06 --> Could not find the language line "mynt_buy_tmall"
ERROR - 2016-05-27 15:41:06 --> Could not find the language line "mynt_buy_youzan"
ERROR - 2016-05-27 15:41:07 --> Could not find the language line "mynt_buy_taobao"
ERROR - 2016-05-27 15:41:07 --> Could not find the language line "mynt_buy_tmall"
ERROR - 2016-05-27 15:41:07 --> Could not find the language line "mynt_buy_youzan"
ERROR - 2016-05-27 15:41:09 --> Could not find the language line "mynt_buy_taobao"
ERROR - 2016-05-27 15:41:09 --> Could not find the language line "mynt_buy_tmall"
ERROR - 2016-05-27 15:41:09 --> Could not find the language line "mynt_buy_youzan"
ERROR - 2016-05-27 15:41:09 --> Session: File 'ci_sessions/ci_sessionb916ecf4087f47a3113f71a93c95201b87bf1e3c' doesn't exist and cannot be created.
ERROR - 2016-05-27 15:41:11 --> Could not find the language line "mynt_buy_taobao"
ERROR - 2016-05-27 15:41:11 --> Could not find the language line "mynt_buy_tmall"
ERROR - 2016-05-27 15:41:11 --> Could not find the language line "mynt_buy_youzan"
ERROR - 2016-05-27 15:41:12 --> Could not find the language line "mynt_buy_taobao"
ERROR - 2016-05-27 15:41:12 --> Could not find the language line "mynt_buy_tmall"
ERROR - 2016-05-27 15:41:12 --> Could not find the language line "mynt_buy_youzan"
ERROR - 2016-05-27 15:41:14 --> Could not find the language line "mynt_buy_taobao"
ERROR - 2016-05-27 15:41:14 --> Could not find the language line "mynt_buy_tmall"
ERROR - 2016-05-27 15:41:14 --> Could not find the language line "mynt_buy_youzan"
ERROR - 2016-05-27 15:41:18 --> Could not find the language line "mynt_buy_taobao"
ERROR - 2016-05-27 15:41:18 --> Could not find the language line "mynt_buy_tmall"
ERROR - 2016-05-27 15:41:18 --> Could not find the language line "mynt_buy_youzan"
ERROR - 2016-05-27 15:41:27 --> Could not find the language line "mynt_buy_taobao"
ERROR - 2016-05-27 15:41:27 --> Could not find the language line "mynt_buy_tmall"
ERROR - 2016-05-27 15:41:27 --> Could not find the language line "mynt_buy_youzan"
ERROR - 2016-05-27 15:41:42 --> Could not find the language line "mynt_buy_taobao"
ERROR - 2016-05-27 15:41:42 --> Could not find the language line "mynt_buy_tmall"
ERROR - 2016-05-27 15:41:42 --> Could not find the language line "mynt_buy_youzan"
ERROR - 2016-05-27 15:41:46 --> Could not find the language line "mynt_buy_taobao"
ERROR - 2016-05-27 15:41:46 --> Could not find the language line "mynt_buy_tmall"
ERROR - 2016-05-27 15:41:46 --> Could not find the language line "mynt_buy_youzan"
ERROR - 2016-05-27 15:43:21 --> Could not find the language line "mynt_buy_taobao"
ERROR - 2016-05-27 15:43:21 --> Could not find the language line "mynt_buy_tmall"
ERROR - 2016-05-27 15:43:21 --> Could not find the language line "mynt_buy_youzan"
ERROR - 2016-05-27 15:49:50 --> Could not find the language line "mynt_buy_taobao"
ERROR - 2016-05-27 15:49:50 --> Could not find the language line "mynt_buy_tmall"
ERROR - 2016-05-27 15:49:50 --> Could not find the language line "mynt_buy_youzan"
ERROR - 2016-05-27 15:49:50 --> Session: File 'ci_sessions/ci_session069b0b1a9a7bf849b6b21f4a9d41fb08ceec1c3c' doesn't exist and cannot be created.
ERROR - 2016-05-27 15:53:03 --> Could not find the language line "mynt_buy_taobao"
ERROR - 2016-05-27 15:53:03 --> Could not find the language line "mynt_buy_tmall"
ERROR - 2016-05-27 15:53:03 --> Could not find the language line "mynt_buy_youzan"
ERROR - 2016-05-27 15:53:03 --> Could not find the language line "home_cloud_title"
ERROR - 2016-05-27 15:53:03 --> Could not find the language line "home_cloud_intro"
ERROR - 2016-05-27 15:53:03 --> Could not find the language line "mynt_icon_taobao"
ERROR - 2016-05-27 15:53:03 --> Could not find the language line "mynt_icon_tmall"
ERROR - 2016-05-27 15:53:03 --> Could not find the language line "mynt_icon_youzan"
ERROR - 2016-05-27 15:53:03 --> Session: File 'ci_sessions/ci_session6a4ebf737c141b1e2b0d3ee0749bd220e6e3ed98' doesn't exist and cannot be created.
