ERROR - 2017-05-27 07:39:08 --> Could not find the language line "mynt_buy_taobao"
ERROR - 2017-05-27 07:39:08 --> Could not find the language line "mynt_buy_tmall"
ERROR - 2017-05-27 07:39:08 --> Could not find the language line "mynt_buy_youzan"
ERROR - 2017-05-27 07:39:08 --> Could not find the language line "mynt_buy_jd"
ERROR - 2017-05-27 07:39:08 --> Could not find the language line "home_cloud_title"
ERROR - 2017-05-27 07:39:08 --> Could not find the language line "home_cloud_intro"
ERROR - 2017-05-27 07:39:08 --> Could not find the language line "mynt_icon_taobao"
ERROR - 2017-05-27 07:39:08 --> Could not find the language line "mynt_icon_tmall"
ERROR - 2017-05-27 07:39:08 --> Could not find the language line "mynt_icon_youzan"
ERROR - 2017-05-27 07:39:10 --> Could not find the language line "mynt_buy_taobao"
ERROR - 2017-05-27 07:39:10 --> Could not find the language line "mynt_buy_tmall"
ERROR - 2017-05-27 07:39:10 --> Could not find the language line "mynt_buy_youzan"
ERROR - 2017-05-27 07:39:10 --> Could not find the language line "mynt_buy_jd"
ERROR - 2017-05-27 07:39:13 --> Could not find the language line "mynt_buy_taobao"
ERROR - 2017-05-27 07:39:13 --> Could not find the language line "mynt_buy_tmall"
ERROR - 2017-05-27 07:39:13 --> Could not find the language line "mynt_buy_youzan"
ERROR - 2017-05-27 07:39:13 --> Could not find the language line "mynt_buy_jd"
ERROR - 2017-05-27 07:39:13 --> Could not find the language line "home_cloud_title"
ERROR - 2017-05-27 07:39:13 --> Could not find the language line "home_cloud_intro"
ERROR - 2017-05-27 07:39:13 --> Could not find the language line "mynt_icon_taobao"
ERROR - 2017-05-27 07:39:13 --> Could not find the language line "mynt_icon_tmall"
ERROR - 2017-05-27 07:39:13 --> Could not find the language line "mynt_icon_youzan"
ERROR - 2017-05-27 07:39:13 --> Could not find the language line "mynt_buy_taobao"
ERROR - 2017-05-27 07:39:13 --> Could not find the language line "mynt_buy_tmall"
ERROR - 2017-05-27 07:39:13 --> Could not find the language line "mynt_buy_youzan"
ERROR - 2017-05-27 07:39:13 --> Could not find the language line "mynt_buy_jd"
ERROR - 2017-05-27 07:43:32 --> Could not find the language line "mynt_buy_taobao"
ERROR - 2017-05-27 07:43:32 --> Could not find the language line "mynt_buy_tmall"
ERROR - 2017-05-27 07:43:32 --> Could not find the language line "mynt_buy_youzan"
ERROR - 2017-05-27 07:43:32 --> Could not find the language line "mynt_buy_jd"
ERROR - 2017-05-27 07:43:32 --> Could not find the language line "home_cloud_title"
ERROR - 2017-05-27 07:43:32 --> Could not find the language line "home_cloud_intro"
ERROR - 2017-05-27 07:43:32 --> Could not find the language line "mynt_icon_taobao"
ERROR - 2017-05-27 07:43:32 --> Could not find the language line "mynt_icon_tmall"
ERROR - 2017-05-27 07:43:32 --> Could not find the language line "mynt_icon_youzan"
ERROR - 2017-05-27 07:43:33 --> Could not find the language line "mynt_buy_taobao"
ERROR - 2017-05-27 07:43:33 --> Could not find the language line "mynt_buy_tmall"
ERROR - 2017-05-27 07:43:33 --> Could not find the language line "mynt_buy_youzan"
ERROR - 2017-05-27 07:43:33 --> Could not find the language line "mynt_buy_jd"
ERROR - 2017-05-27 07:43:42 --> Could not find the language line "mynt_buy_taobao"
ERROR - 2017-05-27 07:43:42 --> Could not find the language line "mynt_buy_tmall"
ERROR - 2017-05-27 07:43:42 --> Could not find the language line "mynt_buy_youzan"
ERROR - 2017-05-27 07:43:42 --> Could not find the language line "mynt_buy_jd"
ERROR - 2017-05-27 07:43:42 --> Could not find the language line "home_cloud_title"
ERROR - 2017-05-27 07:43:42 --> Could not find the language line "home_cloud_intro"
ERROR - 2017-05-27 07:43:42 --> Could not find the language line "mynt_icon_taobao"
ERROR - 2017-05-27 07:43:42 --> Could not find the language line "mynt_icon_tmall"
ERROR - 2017-05-27 07:43:42 --> Could not find the language line "mynt_icon_youzan"
ERROR - 2017-05-27 07:43:42 --> Could not find the language line "mynt_buy_taobao"
ERROR - 2017-05-27 07:43:42 --> Could not find the language line "mynt_buy_tmall"
ERROR - 2017-05-27 07:43:42 --> Could not find the language line "mynt_buy_youzan"
ERROR - 2017-05-27 07:43:42 --> Could not find the language line "mynt_buy_jd"
ERROR - 2017-05-27 07:44:31 --> Could not find the language line "home_cloud_title"
ERROR - 2017-05-27 07:44:31 --> Could not find the language line "home_cloud_intro"
ERROR - 2017-05-27 07:44:31 --> Could not find the language line "mynt_buy_taobao"
ERROR - 2017-05-27 07:44:31 --> Could not find the language line "mynt_buy_tmall"
ERROR - 2017-05-27 07:44:31 --> Could not find the language line "mynt_buy_youzan"
ERROR - 2017-05-27 07:44:31 --> Could not find the language line "mynt_buy_jd"
ERROR - 2017-05-27 07:45:33 --> Could not find the language line "home_cloud_title"
ERROR - 2017-05-27 07:45:33 --> Could not find the language line "home_cloud_intro"
ERROR - 2017-05-27 07:45:33 --> Could not find the language line "mynt_buy_taobao"
ERROR - 2017-05-27 07:45:33 --> Could not find the language line "mynt_buy_tmall"
ERROR - 2017-05-27 07:45:33 --> Could not find the language line "mynt_buy_youzan"
ERROR - 2017-05-27 07:45:33 --> Could not find the language line "mynt_buy_jd"
ERROR - 2017-05-27 07:46:11 --> Could not find the language line "mynt_buy_taobao"
ERROR - 2017-05-27 07:46:11 --> Could not find the language line "mynt_buy_tmall"
ERROR - 2017-05-27 07:46:11 --> Could not find the language line "mynt_buy_youzan"
ERROR - 2017-05-27 07:46:11 --> Could not find the language line "mynt_buy_jd"
ERROR - 2017-05-27 07:46:11 --> Could not find the language line "home_cloud_title"
ERROR - 2017-05-27 07:46:11 --> Could not find the language line "home_cloud_intro"
ERROR - 2017-05-27 07:46:11 --> Could not find the language line "mynt_icon_taobao"
ERROR - 2017-05-27 07:46:11 --> Could not find the language line "mynt_icon_tmall"
ERROR - 2017-05-27 07:46:11 --> Could not find the language line "mynt_icon_youzan"
ERROR - 2017-05-27 07:46:12 --> Could not find the language line "mynt_buy_taobao"
ERROR - 2017-05-27 07:46:12 --> Could not find the language line "mynt_buy_tmall"
ERROR - 2017-05-27 07:46:12 --> Could not find the language line "mynt_buy_youzan"
ERROR - 2017-05-27 07:46:12 --> Could not find the language line "mynt_buy_jd"
ERROR - 2017-05-27 07:57:38 --> Could not find the language line "mynt_buy_taobao"
ERROR - 2017-05-27 07:57:38 --> Could not find the language line "mynt_buy_tmall"
ERROR - 2017-05-27 07:57:38 --> Could not find the language line "mynt_buy_youzan"
ERROR - 2017-05-27 07:57:38 --> Could not find the language line "mynt_buy_jd"
ERROR - 2017-05-27 07:57:38 --> Could not find the language line "home_cloud_title"
ERROR - 2017-05-27 07:57:38 --> Could not find the language line "home_cloud_intro"
ERROR - 2017-05-27 07:57:38 --> Could not find the language line "mynt_icon_taobao"
ERROR - 2017-05-27 07:57:38 --> Could not find the language line "mynt_icon_tmall"
ERROR - 2017-05-27 07:57:38 --> Could not find the language line "mynt_icon_youzan"
