ERROR - 2016-09-10 06:09:47 --> Could not find the language line "mynt_buy_taobao"
ERROR - 2016-09-10 06:09:47 --> Could not find the language line "mynt_buy_tmall"
ERROR - 2016-09-10 06:09:47 --> Could not find the language line "mynt_buy_youzan"
ERROR - 2016-09-10 06:09:47 --> Could not find the language line "mynt_buy_jd"
ERROR - 2016-09-10 06:09:47 --> Could not find the language line "about_keywords"
ERROR - 2016-09-10 06:09:47 --> Could not find the language line "about_facebook"
ERROR - 2016-09-10 06:09:47 --> Could not find the language line "about_twitter"
ERROR - 2016-09-10 06:09:47 --> Could not find the language line "about_weibo"
ERROR - 2016-09-10 06:09:47 --> Could not find the language line "mynt_buy_taobao"
ERROR - 2016-09-10 06:09:47 --> Could not find the language line "mynt_buy_tmall"
ERROR - 2016-09-10 06:09:47 --> Could not find the language line "mynt_buy_youzan"
ERROR - 2016-09-10 06:09:47 --> Could not find the language line "mynt_buy_jd"
ERROR - 2016-09-10 06:10:09 --> Could not find the language line "mynt_buy_taobao"
ERROR - 2016-09-10 06:10:09 --> Could not find the language line "mynt_buy_tmall"
ERROR - 2016-09-10 06:10:09 --> Could not find the language line "mynt_buy_youzan"
ERROR - 2016-09-10 06:10:09 --> Could not find the language line "mynt_buy_jd"
ERROR - 2016-09-10 06:10:34 --> Could not find the language line "mynt_buy_taobao"
ERROR - 2016-09-10 06:10:34 --> Could not find the language line "mynt_buy_tmall"
ERROR - 2016-09-10 06:10:34 --> Could not find the language line "mynt_buy_youzan"
ERROR - 2016-09-10 06:10:34 --> Could not find the language line "mynt_buy_jd"
ERROR - 2016-09-10 06:10:38 --> Could not find the language line "mynt_buy_taobao"
ERROR - 2016-09-10 06:10:38 --> Could not find the language line "mynt_buy_tmall"
ERROR - 2016-09-10 06:10:38 --> Could not find the language line "mynt_buy_youzan"
ERROR - 2016-09-10 06:10:38 --> Could not find the language line "mynt_buy_jd"
ERROR - 2016-09-10 06:10:38 --> Could not find the language line "about_keywords"
ERROR - 2016-09-10 06:10:38 --> Could not find the language line "about_facebook"
ERROR - 2016-09-10 06:10:38 --> Could not find the language line "about_twitter"
ERROR - 2016-09-10 06:10:38 --> Could not find the language line "about_weibo"
ERROR - 2016-09-10 06:10:38 --> Could not find the language line "mynt_buy_taobao"
ERROR - 2016-09-10 06:10:38 --> Could not find the language line "mynt_buy_tmall"
ERROR - 2016-09-10 06:10:38 --> Could not find the language line "mynt_buy_youzan"
ERROR - 2016-09-10 06:10:38 --> Could not find the language line "mynt_buy_jd"
ERROR - 2016-09-10 06:12:07 --> Could not find the language line "mynt_buy_taobao"
ERROR - 2016-09-10 06:12:07 --> Could not find the language line "mynt_buy_tmall"
ERROR - 2016-09-10 06:12:07 --> Could not find the language line "mynt_buy_youzan"
ERROR - 2016-09-10 06:12:07 --> Could not find the language line "mynt_buy_jd"
ERROR - 2016-09-10 06:14:25 --> Could not find the language line "mynt_buy_taobao"
ERROR - 2016-09-10 06:14:25 --> Could not find the language line "mynt_buy_tmall"
ERROR - 2016-09-10 06:14:25 --> Could not find the language line "mynt_buy_youzan"
ERROR - 2016-09-10 06:14:25 --> Could not find the language line "mynt_buy_jd"
ERROR - 2016-09-10 06:14:55 --> Could not find the language line "mynt_buy_taobao"
ERROR - 2016-09-10 06:14:55 --> Could not find the language line "mynt_buy_tmall"
ERROR - 2016-09-10 06:14:55 --> Could not find the language line "mynt_buy_youzan"
ERROR - 2016-09-10 06:14:55 --> Could not find the language line "mynt_buy_jd"
ERROR - 2016-09-10 06:14:55 --> Could not find the language line "mynt_buy_taobao"
ERROR - 2016-09-10 06:14:55 --> Could not find the language line "mynt_buy_tmall"
ERROR - 2016-09-10 06:14:55 --> Could not find the language line "mynt_buy_youzan"
ERROR - 2016-09-10 06:14:55 --> Could not find the language line "mynt_buy_jd"
ERROR - 2016-09-10 06:14:55 --> Session: File 'ci_sessions/ci_session3c9094150f721830e6a48639f51f8c29d84acc79' doesn't exist and cannot be created.
ERROR - 2016-09-10 06:15:27 --> Could not find the language line "mynt_buy_taobao"
ERROR - 2016-09-10 06:15:27 --> Could not find the language line "mynt_buy_tmall"
ERROR - 2016-09-10 06:15:27 --> Could not find the language line "mynt_buy_youzan"
ERROR - 2016-09-10 06:15:27 --> Could not find the language line "mynt_buy_jd"
ERROR - 2016-09-10 06:15:28 --> Could not find the language line "mynt_buy_taobao"
ERROR - 2016-09-10 06:15:28 --> Could not find the language line "mynt_buy_tmall"
ERROR - 2016-09-10 06:15:28 --> Could not find the language line "mynt_buy_youzan"
ERROR - 2016-09-10 06:15:28 --> Could not find the language line "mynt_buy_jd"
ERROR - 2016-09-10 06:31:25 --> Could not find the language line "mynt_buy_taobao"
ERROR - 2016-09-10 06:31:25 --> Could not find the language line "mynt_buy_tmall"
ERROR - 2016-09-10 06:31:25 --> Could not find the language line "mynt_buy_youzan"
ERROR - 2016-09-10 06:31:25 --> Could not find the language line "mynt_buy_jd"
ERROR - 2016-09-10 06:31:25 --> Could not find the language line "home_cloud_title"
ERROR - 2016-09-10 06:31:25 --> Could not find the language line "home_cloud_intro"
ERROR - 2016-09-10 06:31:25 --> Could not find the language line "mynt_icon_taobao"
ERROR - 2016-09-10 06:31:25 --> Could not find the language line "mynt_icon_tmall"
ERROR - 2016-09-10 06:31:25 --> Could not find the language line "mynt_icon_youzan"
ERROR - 2016-09-10 06:31:25 --> Session: File 'ci_sessions/ci_session7d25fac358d897937076d256f52144edb723b7df' doesn't exist and cannot be created.
ERROR - 2016-09-10 06:31:26 --> Could not find the language line "mynt_buy_taobao"
ERROR - 2016-09-10 06:31:26 --> Could not find the language line "mynt_buy_tmall"
ERROR - 2016-09-10 06:31:26 --> Could not find the language line "mynt_buy_youzan"
ERROR - 2016-09-10 06:31:26 --> Could not find the language line "mynt_buy_jd"
ERROR - 2016-09-10 06:31:30 --> Could not find the language line "mynt_buy_taobao"
ERROR - 2016-09-10 06:31:30 --> Could not find the language line "mynt_buy_tmall"
ERROR - 2016-09-10 06:31:30 --> Could not find the language line "mynt_buy_youzan"
ERROR - 2016-09-10 06:31:30 --> Could not find the language line "mynt_buy_jd"
ERROR - 2016-09-10 06:31:30 --> Could not find the language line "mynt_buy_taobao"
ERROR - 2016-09-10 06:31:30 --> Could not find the language line "mynt_buy_tmall"
ERROR - 2016-09-10 06:31:30 --> Could not find the language line "mynt_buy_youzan"
ERROR - 2016-09-10 06:31:30 --> Could not find the language line "mynt_buy_jd"
ERROR - 2016-09-10 06:31:37 --> Could not find the language line "mynt_buy_taobao"
ERROR - 2016-09-10 06:31:37 --> Could not find the language line "mynt_buy_tmall"
ERROR - 2016-09-10 06:31:37 --> Could not find the language line "mynt_buy_youzan"
ERROR - 2016-09-10 06:31:37 --> Could not find the language line "mynt_buy_jd"
ERROR - 2016-09-10 06:31:42 --> Could not find the language line "mynt_buy_taobao"
ERROR - 2016-09-10 06:31:42 --> Could not find the language line "mynt_buy_tmall"
ERROR - 2016-09-10 06:31:42 --> Could not find the language line "mynt_buy_youzan"
ERROR - 2016-09-10 06:31:42 --> Could not find the language line "mynt_buy_jd"
ERROR - 2016-09-10 06:31:44 --> Could not find the language line "mynt_buy_taobao"
ERROR - 2016-09-10 06:31:44 --> Could not find the language line "mynt_buy_tmall"
ERROR - 2016-09-10 06:31:44 --> Could not find the language line "mynt_buy_youzan"
ERROR - 2016-09-10 06:31:44 --> Could not find the language line "mynt_buy_jd"
ERROR - 2016-09-10 06:31:57 --> Could not find the language line "mynt_buy_taobao"
ERROR - 2016-09-10 06:31:57 --> Could not find the language line "mynt_buy_tmall"
ERROR - 2016-09-10 06:31:57 --> Could not find the language line "mynt_buy_youzan"
ERROR - 2016-09-10 06:31:57 --> Could not find the language line "mynt_buy_jd"
ERROR - 2016-09-10 06:32:02 --> Could not find the language line "mynt_buy_taobao"
ERROR - 2016-09-10 06:32:02 --> Could not find the language line "mynt_buy_tmall"
ERROR - 2016-09-10 06:32:02 --> Could not find the language line "mynt_buy_youzan"
ERROR - 2016-09-10 06:32:02 --> Could not find the language line "mynt_buy_jd"
ERROR - 2016-09-10 06:32:03 --> Could not find the language line "mynt_buy_taobao"
ERROR - 2016-09-10 06:32:03 --> Could not find the language line "mynt_buy_tmall"
ERROR - 2016-09-10 06:32:03 --> Could not find the language line "mynt_buy_youzan"
ERROR - 2016-09-10 06:32:03 --> Could not find the language line "mynt_buy_jd"
ERROR - 2016-09-10 06:32:03 --> Could not find the language line "mynt_buy_taobao"
ERROR - 2016-09-10 06:32:03 --> Could not find the language line "mynt_buy_tmall"
ERROR - 2016-09-10 06:32:03 --> Could not find the language line "mynt_buy_youzan"
ERROR - 2016-09-10 06:32:03 --> Could not find the language line "mynt_buy_jd"
ERROR - 2016-09-10 06:32:03 --> Could not find the language line "mynt_buy_taobao"
ERROR - 2016-09-10 06:32:03 --> Could not find the language line "mynt_buy_tmall"
ERROR - 2016-09-10 06:32:03 --> Could not find the language line "mynt_buy_youzan"
ERROR - 2016-09-10 06:32:03 --> Could not find the language line "mynt_buy_jd"
ERROR - 2016-09-10 06:32:04 --> Could not find the language line "mynt_buy_taobao"
ERROR - 2016-09-10 06:32:04 --> Could not find the language line "mynt_buy_tmall"
ERROR - 2016-09-10 06:32:04 --> Could not find the language line "mynt_buy_youzan"
ERROR - 2016-09-10 06:32:04 --> Could not find the language line "mynt_buy_jd"
ERROR - 2016-09-10 06:32:04 --> Could not find the language line "mynt_buy_taobao"
ERROR - 2016-09-10 06:32:04 --> Could not find the language line "mynt_buy_tmall"
ERROR - 2016-09-10 06:32:04 --> Could not find the language line "mynt_buy_youzan"
ERROR - 2016-09-10 06:32:04 --> Could not find the language line "mynt_buy_jd"
ERROR - 2016-09-10 06:32:04 --> Could not find the language line "mynt_buy_taobao"
ERROR - 2016-09-10 06:32:04 --> Could not find the language line "mynt_buy_tmall"
ERROR - 2016-09-10 06:32:04 --> Could not find the language line "mynt_buy_youzan"
ERROR - 2016-09-10 06:32:04 --> Could not find the language line "mynt_buy_jd"
ERROR - 2016-09-10 06:32:06 --> Could not find the language line "mynt_buy_taobao"
ERROR - 2016-09-10 06:32:06 --> Could not find the language line "mynt_buy_tmall"
ERROR - 2016-09-10 06:32:06 --> Could not find the language line "mynt_buy_youzan"
ERROR - 2016-09-10 06:32:06 --> Could not find the language line "mynt_buy_jd"
ERROR - 2016-09-10 06:32:06 --> Could not find the language line "home_cloud_title"
ERROR - 2016-09-10 06:32:06 --> Could not find the language line "home_cloud_intro"
ERROR - 2016-09-10 06:32:06 --> Could not find the language line "mynt_icon_taobao"
ERROR - 2016-09-10 06:32:06 --> Could not find the language line "mynt_icon_tmall"
ERROR - 2016-09-10 06:32:06 --> Could not find the language line "mynt_icon_youzan"
ERROR - 2016-09-10 06:32:06 --> Could not find the language line "mynt_buy_taobao"
ERROR - 2016-09-10 06:32:06 --> Could not find the language line "mynt_buy_tmall"
ERROR - 2016-09-10 06:32:06 --> Could not find the language line "mynt_buy_youzan"
ERROR - 2016-09-10 06:32:06 --> Could not find the language line "mynt_buy_jd"
ERROR - 2016-09-10 06:32:52 --> Could not find the language line "mynt_buy_taobao"
ERROR - 2016-09-10 06:32:52 --> Could not find the language line "mynt_buy_tmall"
ERROR - 2016-09-10 06:32:52 --> Could not find the language line "mynt_buy_youzan"
ERROR - 2016-09-10 06:32:52 --> Could not find the language line "mynt_buy_jd"
ERROR - 2016-09-10 06:32:52 --> Could not find the language line "home_cloud_title"
ERROR - 2016-09-10 06:32:52 --> Could not find the language line "home_cloud_intro"
ERROR - 2016-09-10 06:32:52 --> Could not find the language line "mynt_icon_taobao"
ERROR - 2016-09-10 06:32:52 --> Could not find the language line "mynt_icon_tmall"
ERROR - 2016-09-10 06:32:52 --> Could not find the language line "mynt_icon_youzan"
ERROR - 2016-09-10 06:32:52 --> Could not find the language line "mynt_buy_taobao"
ERROR - 2016-09-10 06:32:52 --> Could not find the language line "mynt_buy_tmall"
ERROR - 2016-09-10 06:32:52 --> Could not find the language line "mynt_buy_youzan"
ERROR - 2016-09-10 06:32:52 --> Could not find the language line "mynt_buy_jd"
ERROR - 2016-09-10 06:33:29 --> Could not find the language line "mynt_buy_taobao"
ERROR - 2016-09-10 06:33:29 --> Could not find the language line "mynt_buy_tmall"
ERROR - 2016-09-10 06:33:29 --> Could not find the language line "mynt_buy_youzan"
ERROR - 2016-09-10 06:33:29 --> Could not find the language line "mynt_buy_jd"
ERROR - 2016-09-10 06:33:29 --> Could not find the language line "home_cloud_title"
ERROR - 2016-09-10 06:33:29 --> Could not find the language line "home_cloud_intro"
ERROR - 2016-09-10 06:33:29 --> Could not find the language line "mynt_icon_taobao"
ERROR - 2016-09-10 06:33:29 --> Could not find the language line "mynt_icon_tmall"
ERROR - 2016-09-10 06:33:29 --> Could not find the language line "mynt_icon_youzan"
ERROR - 2016-09-10 06:33:29 --> Could not find the language line "mynt_buy_taobao"
ERROR - 2016-09-10 06:33:29 --> Could not find the language line "mynt_buy_tmall"
ERROR - 2016-09-10 06:33:29 --> Could not find the language line "mynt_buy_youzan"
ERROR - 2016-09-10 06:33:29 --> Could not find the language line "mynt_buy_jd"
ERROR - 2016-09-10 06:41:36 --> Could not find the language line "mynt_buy_taobao"
ERROR - 2016-09-10 06:41:36 --> Could not find the language line "mynt_buy_tmall"
ERROR - 2016-09-10 06:41:36 --> Could not find the language line "mynt_buy_youzan"
ERROR - 2016-09-10 06:41:36 --> Could not find the language line "mynt_buy_jd"
ERROR - 2016-09-10 06:41:36 --> Could not find the language line "home_cloud_title"
ERROR - 2016-09-10 06:41:36 --> Could not find the language line "home_cloud_intro"
ERROR - 2016-09-10 06:41:36 --> Could not find the language line "mynt_icon_taobao"
ERROR - 2016-09-10 06:41:36 --> Could not find the language line "mynt_icon_tmall"
ERROR - 2016-09-10 06:41:36 --> Could not find the language line "mynt_icon_youzan"
ERROR - 2016-09-10 06:41:36 --> Session: File 'ci_sessions/ci_session768892e45a4293844fd513eae886baa58f29ac58' doesn't exist and cannot be created.
ERROR - 2016-09-10 06:41:36 --> Could not find the language line "mynt_buy_taobao"
ERROR - 2016-09-10 06:41:36 --> Could not find the language line "mynt_buy_tmall"
ERROR - 2016-09-10 06:41:36 --> Could not find the language line "mynt_buy_youzan"
ERROR - 2016-09-10 06:41:36 --> Could not find the language line "mynt_buy_jd"
ERROR - 2016-09-10 06:41:47 --> Could not find the language line "mynt_buy_taobao"
ERROR - 2016-09-10 06:41:47 --> Could not find the language line "mynt_buy_tmall"
ERROR - 2016-09-10 06:41:47 --> Could not find the language line "mynt_buy_youzan"
ERROR - 2016-09-10 06:41:47 --> Could not find the language line "mynt_buy_jd"
ERROR - 2016-09-10 06:41:47 --> Could not find the language line "home_cloud_title"
ERROR - 2016-09-10 06:41:47 --> Could not find the language line "home_cloud_intro"
ERROR - 2016-09-10 06:41:47 --> Could not find the language line "mynt_icon_taobao"
ERROR - 2016-09-10 06:41:47 --> Could not find the language line "mynt_icon_tmall"
ERROR - 2016-09-10 06:41:47 --> Could not find the language line "mynt_icon_youzan"
ERROR - 2016-09-10 06:41:48 --> Could not find the language line "mynt_buy_taobao"
ERROR - 2016-09-10 06:41:48 --> Could not find the language line "mynt_buy_tmall"
ERROR - 2016-09-10 06:41:48 --> Could not find the language line "mynt_buy_youzan"
ERROR - 2016-09-10 06:41:48 --> Could not find the language line "mynt_buy_jd"
ERROR - 2016-09-10 06:42:49 --> Could not find the language line "mynt_buy_taobao"
ERROR - 2016-09-10 06:42:49 --> Could not find the language line "mynt_buy_tmall"
ERROR - 2016-09-10 06:42:49 --> Could not find the language line "mynt_buy_youzan"
ERROR - 2016-09-10 06:42:49 --> Could not find the language line "mynt_buy_jd"
ERROR - 2016-09-10 06:42:49 --> Could not find the language line "home_cloud_title"
ERROR - 2016-09-10 06:42:49 --> Could not find the language line "home_cloud_intro"
ERROR - 2016-09-10 06:42:49 --> Could not find the language line "mynt_icon_taobao"
ERROR - 2016-09-10 06:42:49 --> Could not find the language line "mynt_icon_tmall"
ERROR - 2016-09-10 06:42:49 --> Could not find the language line "mynt_icon_youzan"
ERROR - 2016-09-10 06:42:49 --> Could not find the language line "mynt_buy_taobao"
ERROR - 2016-09-10 06:42:49 --> Could not find the language line "mynt_buy_tmall"
ERROR - 2016-09-10 06:42:49 --> Could not find the language line "mynt_buy_youzan"
ERROR - 2016-09-10 06:42:49 --> Could not find the language line "mynt_buy_jd"
ERROR - 2016-09-10 06:49:06 --> Could not find the language line "mynt_buy_taobao"
ERROR - 2016-09-10 06:49:06 --> Could not find the language line "mynt_buy_tmall"
ERROR - 2016-09-10 06:49:06 --> Could not find the language line "mynt_buy_youzan"
ERROR - 2016-09-10 06:49:06 --> Could not find the language line "mynt_buy_jd"
ERROR - 2016-09-10 06:49:06 --> Could not find the language line "home_cloud_title"
ERROR - 2016-09-10 06:49:06 --> Could not find the language line "home_cloud_intro"
ERROR - 2016-09-10 06:49:06 --> Could not find the language line "mynt_icon_taobao"
ERROR - 2016-09-10 06:49:06 --> Could not find the language line "mynt_icon_tmall"
ERROR - 2016-09-10 06:49:06 --> Could not find the language line "mynt_icon_youzan"
ERROR - 2016-09-10 06:49:06 --> Session: File 'ci_sessions/ci_session83bcf16fee4a8adf7845399ee2719606ed66af7d' doesn't exist and cannot be created.
ERROR - 2016-09-10 06:49:06 --> Could not find the language line "mynt_buy_taobao"
ERROR - 2016-09-10 06:49:06 --> Could not find the language line "mynt_buy_tmall"
ERROR - 2016-09-10 06:49:06 --> Could not find the language line "mynt_buy_youzan"
ERROR - 2016-09-10 06:49:06 --> Could not find the language line "mynt_buy_jd"
ERROR - 2016-09-10 06:51:33 --> Could not find the language line "mynt_buy_taobao"
ERROR - 2016-09-10 06:51:33 --> Could not find the language line "mynt_buy_tmall"
ERROR - 2016-09-10 06:51:33 --> Could not find the language line "mynt_buy_youzan"
ERROR - 2016-09-10 06:51:33 --> Could not find the language line "mynt_buy_jd"
ERROR - 2016-09-10 06:51:33 --> Could not find the language line "home_cloud_title"
ERROR - 2016-09-10 06:51:33 --> Could not find the language line "home_cloud_intro"
ERROR - 2016-09-10 06:51:33 --> Could not find the language line "mynt_icon_taobao"
ERROR - 2016-09-10 06:51:33 --> Could not find the language line "mynt_icon_tmall"
ERROR - 2016-09-10 06:51:33 --> Could not find the language line "mynt_icon_youzan"
ERROR - 2016-09-10 06:51:33 --> Could not find the language line "mynt_buy_taobao"
ERROR - 2016-09-10 06:51:33 --> Could not find the language line "mynt_buy_tmall"
ERROR - 2016-09-10 06:51:33 --> Could not find the language line "mynt_buy_youzan"
ERROR - 2016-09-10 06:51:33 --> Could not find the language line "mynt_buy_jd"
ERROR - 2016-09-10 06:53:00 --> Could not find the language line "mynt_buy_taobao"
ERROR - 2016-09-10 06:53:00 --> Could not find the language line "mynt_buy_tmall"
ERROR - 2016-09-10 06:53:00 --> Could not find the language line "mynt_buy_youzan"
ERROR - 2016-09-10 06:53:00 --> Could not find the language line "mynt_buy_jd"
ERROR - 2016-09-10 06:53:00 --> Could not find the language line "home_cloud_title"
ERROR - 2016-09-10 06:53:00 --> Could not find the language line "home_cloud_intro"
ERROR - 2016-09-10 06:53:00 --> Could not find the language line "mynt_icon_taobao"
ERROR - 2016-09-10 06:53:00 --> Could not find the language line "mynt_icon_tmall"
ERROR - 2016-09-10 06:53:00 --> Could not find the language line "mynt_icon_youzan"
ERROR - 2016-09-10 06:53:00 --> Could not find the language line "mynt_buy_taobao"
ERROR - 2016-09-10 06:53:00 --> Could not find the language line "mynt_buy_tmall"
ERROR - 2016-09-10 06:53:00 --> Could not find the language line "mynt_buy_youzan"
ERROR - 2016-09-10 06:53:00 --> Could not find the language line "mynt_buy_jd"
ERROR - 2016-09-10 06:53:38 --> Could not find the language line "mynt_buy_taobao"
ERROR - 2016-09-10 06:53:38 --> Could not find the language line "mynt_buy_tmall"
ERROR - 2016-09-10 06:53:38 --> Could not find the language line "mynt_buy_youzan"
ERROR - 2016-09-10 06:53:38 --> Could not find the language line "mynt_buy_jd"
ERROR - 2016-09-10 06:53:38 --> Could not find the language line "home_cloud_title"
ERROR - 2016-09-10 06:53:38 --> Could not find the language line "home_cloud_intro"
ERROR - 2016-09-10 06:53:38 --> Could not find the language line "mynt_icon_taobao"
ERROR - 2016-09-10 06:53:38 --> Could not find the language line "mynt_icon_tmall"
ERROR - 2016-09-10 06:53:38 --> Could not find the language line "mynt_icon_youzan"
ERROR - 2016-09-10 06:53:39 --> Could not find the language line "mynt_buy_taobao"
ERROR - 2016-09-10 06:53:39 --> Could not find the language line "mynt_buy_tmall"
ERROR - 2016-09-10 06:53:39 --> Could not find the language line "mynt_buy_youzan"
ERROR - 2016-09-10 06:53:39 --> Could not find the language line "mynt_buy_jd"
ERROR - 2016-09-10 06:54:09 --> Could not find the language line "mynt_buy_taobao"
ERROR - 2016-09-10 06:54:09 --> Could not find the language line "mynt_buy_tmall"
ERROR - 2016-09-10 06:54:09 --> Could not find the language line "mynt_buy_youzan"
ERROR - 2016-09-10 06:54:09 --> Could not find the language line "mynt_buy_jd"
ERROR - 2016-09-10 06:54:09 --> Could not find the language line "home_cloud_title"
ERROR - 2016-09-10 06:54:09 --> Could not find the language line "home_cloud_intro"
ERROR - 2016-09-10 06:54:09 --> Could not find the language line "mynt_icon_taobao"
ERROR - 2016-09-10 06:54:09 --> Could not find the language line "mynt_icon_tmall"
ERROR - 2016-09-10 06:54:09 --> Could not find the language line "mynt_icon_youzan"
ERROR - 2016-09-10 06:54:09 --> Session: File 'ci_sessions/ci_session530b46bfe30d8f8eff0659451c9a1db91eb5d35f' doesn't exist and cannot be created.
ERROR - 2016-09-10 06:54:10 --> Could not find the language line "mynt_buy_taobao"
ERROR - 2016-09-10 06:54:10 --> Could not find the language line "mynt_buy_tmall"
ERROR - 2016-09-10 06:54:10 --> Could not find the language line "mynt_buy_youzan"
ERROR - 2016-09-10 06:54:10 --> Could not find the language line "mynt_buy_jd"
ERROR - 2016-09-10 06:55:05 --> Could not find the language line "mynt_buy_taobao"
ERROR - 2016-09-10 06:55:05 --> Could not find the language line "mynt_buy_tmall"
ERROR - 2016-09-10 06:55:05 --> Could not find the language line "mynt_buy_youzan"
ERROR - 2016-09-10 06:55:05 --> Could not find the language line "mynt_buy_jd"
ERROR - 2016-09-10 06:55:05 --> Could not find the language line "home_cloud_title"
ERROR - 2016-09-10 06:55:05 --> Could not find the language line "home_cloud_intro"
ERROR - 2016-09-10 06:55:05 --> Could not find the language line "mynt_icon_taobao"
ERROR - 2016-09-10 06:55:05 --> Could not find the language line "mynt_icon_tmall"
ERROR - 2016-09-10 06:55:05 --> Could not find the language line "mynt_icon_youzan"
ERROR - 2016-09-10 06:55:06 --> Could not find the language line "mynt_buy_taobao"
ERROR - 2016-09-10 06:55:06 --> Could not find the language line "mynt_buy_tmall"
ERROR - 2016-09-10 06:55:06 --> Could not find the language line "mynt_buy_youzan"
ERROR - 2016-09-10 06:55:06 --> Could not find the language line "mynt_buy_jd"
ERROR - 2016-09-10 06:57:00 --> Could not find the language line "mynt_buy_taobao"
ERROR - 2016-09-10 06:57:00 --> Could not find the language line "mynt_buy_tmall"
ERROR - 2016-09-10 06:57:00 --> Could not find the language line "mynt_buy_youzan"
ERROR - 2016-09-10 06:57:00 --> Could not find the language line "mynt_buy_jd"
ERROR - 2016-09-10 06:57:00 --> Could not find the language line "home_cloud_title"
ERROR - 2016-09-10 06:57:00 --> Could not find the language line "home_cloud_intro"
ERROR - 2016-09-10 06:57:00 --> Could not find the language line "mynt_icon_taobao"
ERROR - 2016-09-10 06:57:00 --> Could not find the language line "mynt_icon_tmall"
ERROR - 2016-09-10 06:57:00 --> Could not find the language line "mynt_icon_youzan"
ERROR - 2016-09-10 06:57:00 --> Could not find the language line "mynt_buy_taobao"
ERROR - 2016-09-10 06:57:00 --> Could not find the language line "mynt_buy_tmall"
ERROR - 2016-09-10 06:57:00 --> Could not find the language line "mynt_buy_youzan"
ERROR - 2016-09-10 06:57:00 --> Could not find the language line "mynt_buy_jd"
ERROR - 2016-09-10 06:57:23 --> Could not find the language line "mynt_buy_taobao"
ERROR - 2016-09-10 06:57:23 --> Could not find the language line "mynt_buy_tmall"
ERROR - 2016-09-10 06:57:23 --> Could not find the language line "mynt_buy_youzan"
ERROR - 2016-09-10 06:57:23 --> Could not find the language line "mynt_buy_jd"
ERROR - 2016-09-10 06:57:44 --> Could not find the language line "mynt_buy_taobao"
ERROR - 2016-09-10 06:57:44 --> Could not find the language line "mynt_buy_tmall"
ERROR - 2016-09-10 06:57:44 --> Could not find the language line "mynt_buy_youzan"
ERROR - 2016-09-10 06:57:44 --> Could not find the language line "mynt_buy_jd"
ERROR - 2016-09-10 06:57:58 --> Could not find the language line "mynt_buy_taobao"
ERROR - 2016-09-10 06:57:58 --> Could not find the language line "mynt_buy_tmall"
ERROR - 2016-09-10 06:57:58 --> Could not find the language line "mynt_buy_youzan"
ERROR - 2016-09-10 06:57:58 --> Could not find the language line "mynt_buy_jd"
ERROR - 2016-09-10 06:58:04 --> Could not find the language line "mynt_buy_taobao"
ERROR - 2016-09-10 06:58:04 --> Could not find the language line "mynt_buy_tmall"
ERROR - 2016-09-10 06:58:04 --> Could not find the language line "mynt_buy_youzan"
ERROR - 2016-09-10 06:58:04 --> Could not find the language line "mynt_buy_jd"
ERROR - 2016-09-10 06:58:07 --> Could not find the language line "mynt_buy_taobao"
ERROR - 2016-09-10 06:58:07 --> Could not find the language line "mynt_buy_tmall"
ERROR - 2016-09-10 06:58:07 --> Could not find the language line "mynt_buy_youzan"
ERROR - 2016-09-10 06:58:07 --> Could not find the language line "mynt_buy_jd"
ERROR - 2016-09-10 06:58:07 --> Could not find the language line "home_cloud_title"
ERROR - 2016-09-10 06:58:07 --> Could not find the language line "home_cloud_intro"
ERROR - 2016-09-10 06:58:07 --> Could not find the language line "mynt_icon_taobao"
ERROR - 2016-09-10 06:58:07 --> Could not find the language line "mynt_icon_tmall"
ERROR - 2016-09-10 06:58:07 --> Could not find the language line "mynt_icon_youzan"
ERROR - 2016-09-10 06:58:07 --> Could not find the language line "mynt_buy_taobao"
ERROR - 2016-09-10 06:58:07 --> Could not find the language line "mynt_buy_tmall"
ERROR - 2016-09-10 06:58:07 --> Could not find the language line "mynt_buy_youzan"
ERROR - 2016-09-10 06:58:08 --> Could not find the language line "mynt_buy_jd"
ERROR - 2016-09-10 06:58:09 --> Could not find the language line "mynt_buy_taobao"
ERROR - 2016-09-10 06:58:09 --> Could not find the language line "mynt_buy_tmall"
ERROR - 2016-09-10 06:58:09 --> Could not find the language line "mynt_buy_youzan"
ERROR - 2016-09-10 06:58:09 --> Could not find the language line "mynt_buy_jd"
ERROR - 2016-09-10 06:58:09 --> Could not find the language line "home_cloud_title"
ERROR - 2016-09-10 06:58:09 --> Could not find the language line "home_cloud_intro"
ERROR - 2016-09-10 06:58:09 --> Could not find the language line "mynt_icon_taobao"
ERROR - 2016-09-10 06:58:09 --> Could not find the language line "mynt_icon_tmall"
ERROR - 2016-09-10 06:58:09 --> Could not find the language line "mynt_icon_youzan"
ERROR - 2016-09-10 06:58:10 --> Could not find the language line "mynt_buy_taobao"
ERROR - 2016-09-10 06:58:10 --> Could not find the language line "mynt_buy_tmall"
ERROR - 2016-09-10 06:58:10 --> Could not find the language line "mynt_buy_youzan"
ERROR - 2016-09-10 06:58:10 --> Could not find the language line "mynt_buy_jd"
ERROR - 2016-09-10 06:58:13 --> Could not find the language line "mynt_buy_taobao"
ERROR - 2016-09-10 06:58:13 --> Could not find the language line "mynt_buy_tmall"
ERROR - 2016-09-10 06:58:13 --> Could not find the language line "mynt_buy_youzan"
ERROR - 2016-09-10 06:58:13 --> Could not find the language line "mynt_buy_jd"
ERROR - 2016-09-10 06:58:18 --> Could not find the language line "mynt_buy_taobao"
ERROR - 2016-09-10 06:58:18 --> Could not find the language line "mynt_buy_tmall"
ERROR - 2016-09-10 06:58:18 --> Could not find the language line "mynt_buy_youzan"
ERROR - 2016-09-10 06:58:18 --> Could not find the language line "mynt_buy_jd"
ERROR - 2016-09-10 06:58:21 --> Could not find the language line "mynt_buy_taobao"
ERROR - 2016-09-10 06:58:21 --> Could not find the language line "mynt_buy_tmall"
ERROR - 2016-09-10 06:58:21 --> Could not find the language line "mynt_buy_youzan"
ERROR - 2016-09-10 06:58:21 --> Could not find the language line "mynt_buy_jd"
ERROR - 2016-09-10 06:59:00 --> Could not find the language line "mynt_buy_taobao"
ERROR - 2016-09-10 06:59:00 --> Could not find the language line "mynt_buy_tmall"
ERROR - 2016-09-10 06:59:00 --> Could not find the language line "mynt_buy_youzan"
ERROR - 2016-09-10 06:59:00 --> Could not find the language line "mynt_buy_jd"
ERROR - 2016-09-10 06:59:31 --> Could not find the language line "mynt_buy_taobao"
ERROR - 2016-09-10 06:59:31 --> Could not find the language line "mynt_buy_tmall"
ERROR - 2016-09-10 06:59:31 --> Could not find the language line "mynt_buy_youzan"
ERROR - 2016-09-10 06:59:31 --> Could not find the language line "mynt_buy_jd"
ERROR - 2016-09-10 06:59:31 --> Session: File 'ci_sessions/ci_sessiona880a1f739212ad2031657f23e32d2aa5bf5fe0e' doesn't exist and cannot be created.
ERROR - 2016-09-10 06:59:33 --> Could not find the language line "mynt_buy_taobao"
ERROR - 2016-09-10 06:59:33 --> Could not find the language line "mynt_buy_tmall"
ERROR - 2016-09-10 06:59:33 --> Could not find the language line "mynt_buy_youzan"
ERROR - 2016-09-10 06:59:33 --> Could not find the language line "mynt_buy_jd"
ERROR - 2016-09-10 06:59:45 --> Could not find the language line "mynt_buy_taobao"
ERROR - 2016-09-10 06:59:45 --> Could not find the language line "mynt_buy_tmall"
ERROR - 2016-09-10 06:59:45 --> Could not find the language line "mynt_buy_youzan"
ERROR - 2016-09-10 06:59:45 --> Could not find the language line "mynt_buy_jd"
ERROR - 2016-09-10 06:59:45 --> Could not find the language line "mynt_buy_taobao"
ERROR - 2016-09-10 06:59:45 --> Could not find the language line "mynt_buy_tmall"
ERROR - 2016-09-10 06:59:45 --> Could not find the language line "mynt_buy_youzan"
ERROR - 2016-09-10 06:59:45 --> Could not find the language line "mynt_buy_jd"
ERROR - 2016-09-10 06:59:51 --> Could not find the language line "mynt_buy_taobao"
ERROR - 2016-09-10 06:59:51 --> Could not find the language line "mynt_buy_tmall"
ERROR - 2016-09-10 06:59:51 --> Could not find the language line "mynt_buy_youzan"
ERROR - 2016-09-10 06:59:51 --> Could not find the language line "mynt_buy_jd"
ERROR - 2016-09-10 06:59:58 --> Could not find the language line "mynt_buy_taobao"
ERROR - 2016-09-10 06:59:58 --> Could not find the language line "mynt_buy_tmall"
ERROR - 2016-09-10 06:59:58 --> Could not find the language line "mynt_buy_youzan"
ERROR - 2016-09-10 06:59:58 --> Could not find the language line "mynt_buy_jd"
ERROR - 2016-09-10 07:00:05 --> Could not find the language line "mynt_buy_taobao"
ERROR - 2016-09-10 07:00:05 --> Could not find the language line "mynt_buy_tmall"
ERROR - 2016-09-10 07:00:05 --> Could not find the language line "mynt_buy_youzan"
ERROR - 2016-09-10 07:00:05 --> Could not find the language line "mynt_buy_jd"
ERROR - 2016-09-10 07:00:05 --> Could not find the language line "mynt_buy_taobao"
ERROR - 2016-09-10 07:00:05 --> Could not find the language line "mynt_buy_tmall"
ERROR - 2016-09-10 07:00:05 --> Could not find the language line "mynt_buy_youzan"
ERROR - 2016-09-10 07:00:05 --> Could not find the language line "mynt_buy_jd"
ERROR - 2016-09-10 07:00:38 --> Could not find the language line "mynt_buy_taobao"
ERROR - 2016-09-10 07:00:38 --> Could not find the language line "mynt_buy_tmall"
ERROR - 2016-09-10 07:00:38 --> Could not find the language line "mynt_buy_youzan"
ERROR - 2016-09-10 07:00:38 --> Could not find the language line "mynt_buy_jd"
ERROR - 2016-09-10 07:14:39 --> Could not find the language line "mynt_buy_taobao"
ERROR - 2016-09-10 07:14:39 --> Could not find the language line "mynt_buy_tmall"
ERROR - 2016-09-10 07:14:39 --> Could not find the language line "mynt_buy_youzan"
ERROR - 2016-09-10 07:14:39 --> Could not find the language line "mynt_buy_jd"
ERROR - 2016-09-10 07:14:39 --> Session: File 'ci_sessions/ci_session49f3619f93790d041cb78be621abebdae27c909f' doesn't exist and cannot be created.
ERROR - 2016-09-10 07:14:40 --> Could not find the language line "mynt_buy_taobao"
ERROR - 2016-09-10 07:14:40 --> Could not find the language line "mynt_buy_tmall"
ERROR - 2016-09-10 07:14:40 --> Could not find the language line "mynt_buy_youzan"
ERROR - 2016-09-10 07:14:40 --> Could not find the language line "mynt_buy_jd"
ERROR - 2016-09-10 07:14:40 --> Session: File 'ci_sessions/ci_session3b6748f109d4d040610da7a671741d0831ca1f28' doesn't exist and cannot be created.
ERROR - 2016-09-10 07:18:57 --> Could not find the language line "mynt_buy_taobao"
ERROR - 2016-09-10 07:18:57 --> Could not find the language line "mynt_buy_tmall"
ERROR - 2016-09-10 07:18:57 --> Could not find the language line "mynt_buy_youzan"
ERROR - 2016-09-10 07:18:57 --> Could not find the language line "mynt_buy_jd"
ERROR - 2016-09-10 07:19:07 --> Could not find the language line "mynt_buy_taobao"
ERROR - 2016-09-10 07:19:07 --> Could not find the language line "mynt_buy_tmall"
ERROR - 2016-09-10 07:19:07 --> Could not find the language line "mynt_buy_youzan"
ERROR - 2016-09-10 07:19:07 --> Could not find the language line "mynt_buy_jd"
