ERROR - 2017-05-09 01:47:11 --> Could not find the language line "mynt_buy_taobao"
ERROR - 2017-05-09 01:47:11 --> Could not find the language line "mynt_buy_tmall"
ERROR - 2017-05-09 01:47:11 --> Could not find the language line "mynt_buy_youzan"
ERROR - 2017-05-09 01:47:11 --> Could not find the language line "mynt_buy_jd"
ERROR - 2017-05-09 01:49:43 --> Could not find the language line "mynt_buy_taobao"
ERROR - 2017-05-09 01:49:43 --> Could not find the language line "mynt_buy_tmall"
ERROR - 2017-05-09 01:49:43 --> Could not find the language line "mynt_buy_youzan"
ERROR - 2017-05-09 01:49:43 --> Could not find the language line "mynt_buy_jd"
ERROR - 2017-05-09 01:55:03 --> Could not find the language line "mynt_buy_taobao"
ERROR - 2017-05-09 01:55:03 --> Could not find the language line "mynt_buy_tmall"
ERROR - 2017-05-09 01:55:03 --> Could not find the language line "mynt_buy_youzan"
ERROR - 2017-05-09 01:55:03 --> Could not find the language line "mynt_buy_jd"
ERROR - 2017-05-09 01:58:17 --> Could not find the language line "mynt_buy_taobao"
ERROR - 2017-05-09 01:58:17 --> Could not find the language line "mynt_buy_tmall"
ERROR - 2017-05-09 01:58:17 --> Could not find the language line "mynt_buy_youzan"
ERROR - 2017-05-09 01:58:17 --> Could not find the language line "mynt_buy_jd"
ERROR - 2017-05-09 02:03:39 --> Could not find the language line "mynt_buy_taobao"
ERROR - 2017-05-09 02:03:39 --> Could not find the language line "mynt_buy_tmall"
ERROR - 2017-05-09 02:03:39 --> Could not find the language line "mynt_buy_youzan"
ERROR - 2017-05-09 02:03:39 --> Could not find the language line "mynt_buy_jd"
ERROR - 2017-05-09 02:05:12 --> Could not find the language line "mynt_buy_taobao"
ERROR - 2017-05-09 02:05:12 --> Could not find the language line "mynt_buy_tmall"
ERROR - 2017-05-09 02:05:12 --> Could not find the language line "mynt_buy_youzan"
ERROR - 2017-05-09 02:05:12 --> Could not find the language line "mynt_buy_jd"
ERROR - 2017-05-09 02:07:10 --> Could not find the language line "mynt_buy_taobao"
ERROR - 2017-05-09 02:07:10 --> Could not find the language line "mynt_buy_tmall"
ERROR - 2017-05-09 02:07:10 --> Could not find the language line "mynt_buy_youzan"
ERROR - 2017-05-09 02:07:10 --> Could not find the language line "mynt_buy_jd"
ERROR - 2017-05-09 02:07:28 --> Could not find the language line "mynt_buy_taobao"
ERROR - 2017-05-09 02:07:28 --> Could not find the language line "mynt_buy_tmall"
ERROR - 2017-05-09 02:07:28 --> Could not find the language line "mynt_buy_youzan"
ERROR - 2017-05-09 02:07:28 --> Could not find the language line "mynt_buy_jd"
ERROR - 2017-05-09 02:08:02 --> Could not find the language line "mynt_buy_taobao"
ERROR - 2017-05-09 02:08:02 --> Could not find the language line "mynt_buy_tmall"
ERROR - 2017-05-09 02:08:02 --> Could not find the language line "mynt_buy_youzan"
ERROR - 2017-05-09 02:08:02 --> Could not find the language line "mynt_buy_jd"
ERROR - 2017-05-09 02:08:14 --> Could not find the language line "mynt_buy_taobao"
ERROR - 2017-05-09 02:08:14 --> Could not find the language line "mynt_buy_tmall"
ERROR - 2017-05-09 02:08:14 --> Could not find the language line "mynt_buy_youzan"
ERROR - 2017-05-09 02:08:14 --> Could not find the language line "mynt_buy_jd"
ERROR - 2017-05-09 02:10:08 --> Could not find the language line "mynt_buy_taobao"
ERROR - 2017-05-09 02:10:08 --> Could not find the language line "mynt_buy_tmall"
ERROR - 2017-05-09 02:10:08 --> Could not find the language line "mynt_buy_youzan"
ERROR - 2017-05-09 02:10:08 --> Could not find the language line "mynt_buy_jd"
ERROR - 2017-05-09 02:17:26 --> Could not find the language line "mynt_buy_taobao"
ERROR - 2017-05-09 02:17:26 --> Could not find the language line "mynt_buy_tmall"
ERROR - 2017-05-09 02:17:26 --> Could not find the language line "mynt_buy_youzan"
ERROR - 2017-05-09 02:17:26 --> Could not find the language line "mynt_buy_jd"
ERROR - 2017-05-09 02:18:48 --> Could not find the language line "mynt_buy_taobao"
ERROR - 2017-05-09 02:18:48 --> Could not find the language line "mynt_buy_tmall"
ERROR - 2017-05-09 02:18:48 --> Could not find the language line "mynt_buy_youzan"
ERROR - 2017-05-09 02:18:48 --> Could not find the language line "mynt_buy_jd"
ERROR - 2017-05-09 02:19:34 --> Could not find the language line "mynt_buy_taobao"
ERROR - 2017-05-09 02:19:34 --> Could not find the language line "mynt_buy_tmall"
ERROR - 2017-05-09 02:19:34 --> Could not find the language line "mynt_buy_youzan"
ERROR - 2017-05-09 02:19:34 --> Could not find the language line "mynt_buy_jd"
ERROR - 2017-05-09 02:20:02 --> Could not find the language line "mynt_buy_taobao"
ERROR - 2017-05-09 02:20:02 --> Could not find the language line "mynt_buy_tmall"
ERROR - 2017-05-09 02:20:02 --> Could not find the language line "mynt_buy_youzan"
ERROR - 2017-05-09 02:20:02 --> Could not find the language line "mynt_buy_jd"
ERROR - 2017-05-09 02:20:37 --> Could not find the language line "mynt_buy_taobao"
ERROR - 2017-05-09 02:20:37 --> Could not find the language line "mynt_buy_tmall"
ERROR - 2017-05-09 02:20:37 --> Could not find the language line "mynt_buy_youzan"
ERROR - 2017-05-09 02:20:37 --> Could not find the language line "mynt_buy_jd"
ERROR - 2017-05-09 02:22:03 --> Could not find the language line "mynt_buy_taobao"
ERROR - 2017-05-09 02:22:03 --> Could not find the language line "mynt_buy_tmall"
ERROR - 2017-05-09 02:22:03 --> Could not find the language line "mynt_buy_youzan"
ERROR - 2017-05-09 02:22:03 --> Could not find the language line "mynt_buy_jd"
ERROR - 2017-05-09 02:24:38 --> Could not find the language line "mynt_buy_taobao"
ERROR - 2017-05-09 02:24:38 --> Could not find the language line "mynt_buy_tmall"
ERROR - 2017-05-09 02:24:38 --> Could not find the language line "mynt_buy_youzan"
ERROR - 2017-05-09 02:24:38 --> Could not find the language line "mynt_buy_jd"
ERROR - 2017-05-09 02:25:08 --> Could not find the language line "mynt_buy_taobao"
ERROR - 2017-05-09 02:25:08 --> Could not find the language line "mynt_buy_tmall"
ERROR - 2017-05-09 02:25:08 --> Could not find the language line "mynt_buy_youzan"
ERROR - 2017-05-09 02:25:08 --> Could not find the language line "mynt_buy_jd"
ERROR - 2017-05-09 02:26:46 --> Could not find the language line "mynt_buy_taobao"
ERROR - 2017-05-09 02:26:46 --> Could not find the language line "mynt_buy_tmall"
ERROR - 2017-05-09 02:26:46 --> Could not find the language line "mynt_buy_youzan"
ERROR - 2017-05-09 02:26:46 --> Could not find the language line "mynt_buy_jd"
ERROR - 2017-05-09 02:26:59 --> Could not find the language line "mynt_buy_taobao"
ERROR - 2017-05-09 02:26:59 --> Could not find the language line "mynt_buy_tmall"
ERROR - 2017-05-09 02:26:59 --> Could not find the language line "mynt_buy_youzan"
ERROR - 2017-05-09 02:26:59 --> Could not find the language line "mynt_buy_jd"
ERROR - 2017-05-09 02:58:57 --> Could not find the language line "mynt_buy_taobao"
ERROR - 2017-05-09 02:58:57 --> Could not find the language line "mynt_buy_tmall"
ERROR - 2017-05-09 02:58:57 --> Could not find the language line "mynt_buy_youzan"
ERROR - 2017-05-09 02:58:57 --> Could not find the language line "mynt_buy_jd"
ERROR - 2017-05-09 03:11:58 --> 404 Page Not Found: Mynt/download
ERROR - 2017-05-09 03:12:47 --> Could not find the language line "mynt_buy_taobao"
ERROR - 2017-05-09 03:12:47 --> Could not find the language line "mynt_buy_tmall"
ERROR - 2017-05-09 03:12:47 --> Could not find the language line "mynt_buy_youzan"
ERROR - 2017-05-09 03:12:47 --> Could not find the language line "mynt_buy_jd"
ERROR - 2017-05-09 06:53:28 --> Could not find the language line "mynt_buy_taobao"
ERROR - 2017-05-09 06:53:28 --> Could not find the language line "mynt_buy_tmall"
ERROR - 2017-05-09 06:53:28 --> Could not find the language line "mynt_buy_youzan"
ERROR - 2017-05-09 06:53:28 --> Could not find the language line "mynt_buy_jd"
ERROR - 2017-05-09 06:53:41 --> Could not find the language line "mynt_buy_taobao"
ERROR - 2017-05-09 06:53:41 --> Could not find the language line "mynt_buy_tmall"
ERROR - 2017-05-09 06:53:41 --> Could not find the language line "mynt_buy_youzan"
ERROR - 2017-05-09 06:53:41 --> Could not find the language line "mynt_buy_jd"
ERROR - 2017-05-09 06:56:43 --> Could not find the language line "mynt_buy_taobao"
ERROR - 2017-05-09 06:56:43 --> Could not find the language line "mynt_buy_tmall"
ERROR - 2017-05-09 06:56:43 --> Could not find the language line "mynt_buy_youzan"
ERROR - 2017-05-09 06:56:43 --> Could not find the language line "mynt_buy_jd"
