ERROR - 2017-08-30 01:52:14 --> Could not find the language line "mynt_buy_amazon"
ERROR - 2017-08-30 01:55:56 --> Could not find the language line "mynt_buy_amazon"
ERROR - 2017-08-30 02:05:37 --> Could not find the language line "mynt_buy_amazon"
ERROR - 2017-08-30 02:05:40 --> Could not find the language line "mynt_buy_amazon"
ERROR - 2017-08-30 02:07:46 --> Could not find the language line "mynt_buy_amazon"
ERROR - 2017-08-30 02:07:56 --> Could not find the language line "mynt_buy_amazon"
ERROR - 2017-08-30 02:08:04 --> Could not find the language line "mynt_buy_amazon"
ERROR - 2017-08-30 02:16:38 --> Could not find the language line "mynt_buy_amazon"
ERROR - 2017-08-30 02:16:41 --> Could not find the language line "mynt_buy_amazon"
ERROR - 2017-08-30 02:16:54 --> Could not find the language line "mynt_buy_amazon"
ERROR - 2017-08-30 02:16:57 --> Could not find the language line "mynt_buy_amazon"
ERROR - 2017-08-30 02:17:08 --> Could not find the language line "mynt_buy_amazon"
ERROR - 2017-08-30 02:19:04 --> Could not find the language line "mynt_buy_amazon"
ERROR - 2017-08-30 02:19:34 --> Could not find the language line "mynt_buy_amazon"
ERROR - 2017-08-30 02:19:48 --> Could not find the language line "mynt_buy_amazon"
ERROR - 2017-08-30 02:23:20 --> Could not find the language line "mynt_buy_amazon"
ERROR - 2017-08-30 02:23:22 --> Could not find the language line "mynt_buy_amazon"
ERROR - 2017-08-30 02:27:41 --> Could not find the language line "mynt_buy_amazon"
ERROR - 2017-08-30 02:29:11 --> Could not find the language line "mynt_buy_amazon"
ERROR - 2017-08-30 02:36:14 --> Could not find the language line "mynt_buy_amazon"
ERROR - 2017-08-30 02:38:03 --> Could not find the language line "mynt_buy_amazon"
ERROR - 2017-08-30 02:38:30 --> Could not find the language line "mynt_buy_amazon"
ERROR - 2017-08-30 02:44:22 --> Could not find the language line "mynt_buy_amazon"
ERROR - 2017-08-30 02:44:42 --> Could not find the language line "mynt_buy_amazon"
ERROR - 2017-08-30 03:00:39 --> Could not find the language line "mynt_buy_amazon"
ERROR - 2017-08-30 03:01:19 --> Could not find the language line "mynt_buy_amazon"
ERROR - 2017-08-30 03:01:56 --> Could not find the language line "mynt_buy_amazon"
ERROR - 2017-08-30 03:01:56 --> Could not find the language line "mynt_buy_amazon"
ERROR - 2017-08-30 03:02:01 --> Could not find the language line "mynt_buy_amazon"
ERROR - 2017-08-30 03:02:09 --> Could not find the language line "mynt_buy_amazon"
ERROR - 2017-08-30 03:04:10 --> Could not find the language line "mynt_buy_amazon"
ERROR - 2017-08-30 03:04:11 --> Could not find the language line "mynt_buy_amazon"
ERROR - 2017-08-30 03:04:14 --> Could not find the language line "mynt_buy_amazon"
ERROR - 2017-08-30 03:05:26 --> Could not find the language line "mynt_buy_amazon"
ERROR - 2017-08-30 03:05:28 --> Could not find the language line "mynt_buy_amazon"
ERROR - 2017-08-30 03:05:48 --> Could not find the language line "mynt_buy_amazon"
ERROR - 2017-08-30 03:12:42 --> Could not find the language line "mynt_buy_amazon"
ERROR - 2017-08-30 03:18:18 --> Could not find the language line "mynt_buy_amazon"
ERROR - 2017-08-30 03:19:29 --> Could not find the language line "mynt_buy_amazon"
ERROR - 2017-08-30 03:20:00 --> Could not find the language line "mynt_buy_amazon"
ERROR - 2017-08-30 03:20:08 --> Could not find the language line "mynt_buy_amazon"
ERROR - 2017-08-30 03:21:05 --> Could not find the language line "mynt_buy_amazon"
ERROR - 2017-08-30 03:21:12 --> Could not find the language line "mynt_buy_amazon"
ERROR - 2017-08-30 03:21:42 --> Could not find the language line "mynt_buy_amazon"
ERROR - 2017-08-30 03:22:18 --> Could not find the language line "mynt_buy_amazon"
ERROR - 2017-08-30 03:22:26 --> Could not find the language line "mynt_buy_amazon"
ERROR - 2017-08-30 03:22:52 --> Could not find the language line "mynt_buy_amazon"
ERROR - 2017-08-30 03:23:17 --> Could not find the language line "mynt_buy_amazon"
ERROR - 2017-08-30 03:23:40 --> Could not find the language line "mynt_buy_amazon"
ERROR - 2017-08-30 03:26:58 --> Could not find the language line "mynt_buy_amazon"
ERROR - 2017-08-30 03:27:21 --> Could not find the language line "mynt_buy_amazon"
ERROR - 2017-08-30 03:28:04 --> Could not find the language line "mynt_buy_amazon"
ERROR - 2017-08-30 03:28:22 --> Could not find the language line "mynt_buy_amazon"
ERROR - 2017-08-30 03:29:31 --> Could not find the language line "mynt_buy_amazon"
ERROR - 2017-08-30 03:30:19 --> Could not find the language line "mynt_buy_amazon"
ERROR - 2017-08-30 03:32:32 --> Could not find the language line "mynt_buy_amazon"
ERROR - 2017-08-30 03:34:32 --> Could not find the language line "mynt_buy_amazon"
ERROR - 2017-08-30 03:35:47 --> Could not find the language line "mynt_buy_amazon"
ERROR - 2017-08-30 03:38:25 --> Could not find the language line "mynt_buy_amazon"
ERROR - 2017-08-30 03:38:58 --> Could not find the language line "mynt_buy_amazon"
ERROR - 2017-08-30 03:39:45 --> Could not find the language line "mynt_buy_amazon"
ERROR - 2017-08-30 03:39:54 --> Could not find the language line "mynt_buy_amazon"
ERROR - 2017-08-30 04:14:52 --> Could not find the language line "mynt_buy_amazon"
ERROR - 2017-08-30 04:15:01 --> Could not find the language line "mynt_buy_amazon"
ERROR - 2017-08-30 04:15:11 --> Could not find the language line "mynt_buy_amazon"
ERROR - 2017-08-30 04:16:13 --> Could not find the language line "mynt_buy_amazon"
ERROR - 2017-08-30 04:16:26 --> Could not find the language line "mynt_buy_amazon"
ERROR - 2017-08-30 04:16:56 --> Could not find the language line "mynt_buy_amazon"
ERROR - 2017-08-30 04:19:19 --> Could not find the language line "mynt_buy_amazon"
ERROR - 2017-08-30 04:19:36 --> Could not find the language line "mynt_buy_amazon"
ERROR - 2017-08-30 04:20:48 --> Could not find the language line "mynt_buy_amazon"
ERROR - 2017-08-30 04:21:48 --> Could not find the language line "mynt_buy_amazon"
ERROR - 2017-08-30 04:22:47 --> Could not find the language line "mynt_buy_amazon"
ERROR - 2017-08-30 04:23:27 --> Could not find the language line "mynt_buy_amazon"
ERROR - 2017-08-30 04:23:44 --> Could not find the language line "mynt_buy_amazon"
ERROR - 2017-08-30 04:29:16 --> Could not find the language line "mynt_buy_amazon"
ERROR - 2017-08-30 04:29:44 --> Could not find the language line "mynt_buy_amazon"
ERROR - 2017-08-30 04:31:05 --> Could not find the language line "mynt_buy_amazon"
ERROR - 2017-08-30 04:31:43 --> Could not find the language line "mynt_buy_amazon"
ERROR - 2017-08-30 04:32:06 --> Could not find the language line "mynt_buy_amazon"
ERROR - 2017-08-30 04:32:55 --> Could not find the language line "mynt_buy_amazon"
ERROR - 2017-08-30 04:33:06 --> Could not find the language line "mynt_buy_amazon"
ERROR - 2017-08-30 04:33:16 --> Could not find the language line "mynt_buy_amazon"
ERROR - 2017-08-30 04:33:38 --> Could not find the language line "mynt_buy_amazon"
ERROR - 2017-08-30 04:35:49 --> Could not find the language line "mynt_buy_amazon"
ERROR - 2017-08-30 04:36:42 --> Could not find the language line "mynt_buy_amazon"
ERROR - 2017-08-30 05:52:13 --> Could not find the language line "mynt_buy_amazon"
ERROR - 2017-08-30 05:53:50 --> Could not find the language line "mynt_buy_amazon"
ERROR - 2017-08-30 05:53:50 --> Could not find the language line "mynt_buy_amazon"
ERROR - 2017-08-30 05:53:52 --> Could not find the language line "mynt_buy_amazon"
ERROR - 2017-08-30 05:54:50 --> Could not find the language line "mynt_buy_amazon"
ERROR - 2017-08-30 05:55:40 --> Could not find the language line "mynt_buy_amazon"
ERROR - 2017-08-30 05:56:16 --> Could not find the language line "mynt_buy_amazon"
ERROR - 2017-08-30 05:56:29 --> Could not find the language line "mynt_buy_amazon"
ERROR - 2017-08-30 06:00:53 --> Could not find the language line "mynt_buy_amazon"
ERROR - 2017-08-30 06:01:07 --> Could not find the language line "mynt_buy_amazon"
ERROR - 2017-08-30 06:02:29 --> Could not find the language line "mynt_buy_amazon"
ERROR - 2017-08-30 06:02:45 --> Could not find the language line "mynt_buy_amazon"
ERROR - 2017-08-30 06:03:40 --> Could not find the language line "mynt_buy_amazon"
ERROR - 2017-08-30 06:03:49 --> Could not find the language line "mynt_buy_amazon"
ERROR - 2017-08-30 06:04:38 --> Could not find the language line "mynt_buy_amazon"
ERROR - 2017-08-30 06:05:12 --> Could not find the language line "mynt_buy_amazon"
ERROR - 2017-08-30 06:05:51 --> Could not find the language line "mynt_buy_amazon"
ERROR - 2017-08-30 06:06:04 --> Could not find the language line "mynt_buy_amazon"
ERROR - 2017-08-30 06:06:46 --> Could not find the language line "mynt_buy_amazon"
ERROR - 2017-08-30 06:07:16 --> Could not find the language line "mynt_buy_amazon"
ERROR - 2017-08-30 06:09:23 --> Could not find the language line "mynt_buy_amazon"
ERROR - 2017-08-30 06:09:24 --> Could not find the language line "mynt_buy_amazon"
ERROR - 2017-08-30 06:09:24 --> Could not find the language line "mynt_buy_amazon"
ERROR - 2017-08-30 06:09:24 --> Could not find the language line "mynt_buy_amazon"
ERROR - 2017-08-30 06:09:24 --> Could not find the language line "mynt_buy_amazon"
ERROR - 2017-08-30 06:09:24 --> Could not find the language line "mynt_buy_amazon"
ERROR - 2017-08-30 06:09:24 --> Could not find the language line "mynt_buy_amazon"
ERROR - 2017-08-30 06:09:24 --> Could not find the language line "mynt_buy_amazon"
ERROR - 2017-08-30 06:09:24 --> Could not find the language line "mynt_buy_amazon"
ERROR - 2017-08-30 06:09:25 --> Could not find the language line "mynt_buy_amazon"
ERROR - 2017-08-30 06:09:25 --> Could not find the language line "mynt_buy_amazon"
ERROR - 2017-08-30 06:09:25 --> Could not find the language line "mynt_buy_amazon"
ERROR - 2017-08-30 06:09:25 --> Could not find the language line "mynt_buy_amazon"
ERROR - 2017-08-30 06:11:17 --> Could not find the language line "mynt_buy_amazon"
ERROR - 2017-08-30 06:11:17 --> Could not find the language line "about_keywords"
ERROR - 2017-08-30 06:11:17 --> Could not find the language line "about_company"
ERROR - 2017-08-30 06:11:48 --> Could not find the language line "mynt_buy_amazon"
ERROR - 2017-08-30 06:11:48 --> Could not find the language line "about_keywords"
ERROR - 2017-08-30 06:11:48 --> Could not find the language line "about_company"
ERROR - 2017-08-30 06:11:51 --> Could not find the language line "mynt_buy_amazon"
ERROR - 2017-08-30 06:11:51 --> Could not find the language line "about_keywords"
ERROR - 2017-08-30 06:11:51 --> Could not find the language line "about_company"
ERROR - 2017-08-30 06:11:53 --> Could not find the language line "mynt_buy_amazon"
ERROR - 2017-08-30 06:11:53 --> Could not find the language line "about_keywords"
ERROR - 2017-08-30 06:11:53 --> Could not find the language line "about_company"
ERROR - 2017-08-30 06:11:55 --> Could not find the language line "mynt_buy_amazon"
ERROR - 2017-08-30 06:11:55 --> Could not find the language line "about_keywords"
ERROR - 2017-08-30 06:12:38 --> Could not find the language line "mynt_buy_amazon"
ERROR - 2017-08-30 06:16:22 --> Could not find the language line "mynt_buy_amazon"
ERROR - 2017-08-30 06:16:22 --> Could not find the language line "home_slife_title"
ERROR - 2017-08-30 06:16:22 --> Could not find the language line "mynt_icon_buy"
ERROR - 2017-08-30 06:16:23 --> Could not find the language line "mynt_buy_amazon"
ERROR - 2017-08-30 06:16:23 --> Could not find the language line "home_slife_title"
ERROR - 2017-08-30 06:16:23 --> Could not find the language line "mynt_icon_buy"
ERROR - 2017-08-30 06:28:40 --> Could not find the language line "mynt_buy_amazon"
ERROR - 2017-08-30 06:28:40 --> Could not find the language line "mynt_buy_amazon"
ERROR - 2017-08-30 06:28:40 --> Could not find the language line "mynt_buy_amazon"
ERROR - 2017-08-30 06:35:13 --> Could not find the language line "mynt_buy_amazon"
ERROR - 2017-08-30 06:40:23 --> Could not find the language line "mynt_buy_amazon"
ERROR - 2017-08-30 06:40:24 --> Could not find the language line "mynt_buy_amazon"
ERROR - 2017-08-30 06:40:36 --> Could not find the language line "mynt_buy_amazon"
ERROR - 2017-08-30 06:42:08 --> Could not find the language line "mynt_buy_amazon"
ERROR - 2017-08-30 06:45:22 --> Could not find the language line "mynt_buy_amazon"
ERROR - 2017-08-30 06:45:37 --> Could not find the language line "mynt_buy_amazon"
ERROR - 2017-08-30 06:45:38 --> Could not find the language line "mynt_buy_amazon"
ERROR - 2017-08-30 06:46:22 --> Could not find the language line "mynt_buy_amazon"
ERROR - 2017-08-30 06:46:25 --> Could not find the language line "mynt_buy_amazon"
ERROR - 2017-08-30 06:46:25 --> Could not find the language line "about_keywords"
ERROR - 2017-08-30 06:49:10 --> Could not find the language line "mynt_buy_amazon"
ERROR - 2017-08-30 06:49:10 --> Could not find the language line "about_keywords"
ERROR - 2017-08-30 06:49:28 --> Could not find the language line "mynt_buy_amazon"
ERROR - 2017-08-30 06:49:28 --> Could not find the language line "about_keywords"
ERROR - 2017-08-30 06:51:10 --> Could not find the language line "mynt_buy_amazon"
ERROR - 2017-08-30 06:51:10 --> Could not find the language line "about_keywords"
ERROR - 2017-08-30 06:52:11 --> Could not find the language line "mynt_buy_amazon"
ERROR - 2017-08-30 06:52:11 --> Could not find the language line "about_keywords"
ERROR - 2017-08-30 06:52:19 --> Could not find the language line "mynt_buy_amazon"
ERROR - 2017-08-30 06:52:23 --> Could not find the language line "mynt_buy_amazon"
ERROR - 2017-08-30 06:52:23 --> Could not find the language line "about_keywords"
ERROR - 2017-08-30 06:52:23 --> Could not find the language line "about_company"
ERROR - 2017-08-30 06:52:29 --> Could not find the language line "mynt_buy_amazon"
ERROR - 2017-08-30 06:52:32 --> Could not find the language line "mynt_buy_amazon"
ERROR - 2017-08-30 06:52:32 --> Could not find the language line "about_keywords"
ERROR - 2017-08-30 06:52:35 --> Could not find the language line "mynt_buy_amazon"
ERROR - 2017-08-30 06:52:35 --> Could not find the language line "home_slife_title"
ERROR - 2017-08-30 06:52:35 --> Could not find the language line "mynt_icon_buy"
ERROR - 2017-08-30 06:52:50 --> Could not find the language line "mynt_buy_amazon"
ERROR - 2017-08-30 06:52:50 --> Could not find the language line "home_slife_title"
ERROR - 2017-08-30 06:52:50 --> Could not find the language line "mynt_icon_buy"
ERROR - 2017-08-30 06:54:10 --> Could not find the language line "mynt_buy_amazon"
ERROR - 2017-08-30 06:54:10 --> Could not find the language line "home_slife_title"
ERROR - 2017-08-30 06:54:10 --> Could not find the language line "mynt_icon_buy"
ERROR - 2017-08-30 06:56:44 --> Could not find the language line "mynt_buy_amazon"
ERROR - 2017-08-30 06:56:44 --> Could not find the language line "home_slife_title"
ERROR - 2017-08-30 06:56:44 --> Could not find the language line "mynt_icon_buy"
ERROR - 2017-08-30 06:56:45 --> Could not find the language line "mynt_buy_amazon"
ERROR - 2017-08-30 06:56:45 --> Could not find the language line "home_slife_title"
ERROR - 2017-08-30 06:56:45 --> Could not find the language line "mynt_icon_buy"
ERROR - 2017-08-30 06:56:56 --> Could not find the language line "mynt_buy_amazon"
ERROR - 2017-08-30 06:56:56 --> Could not find the language line "home_slife_title"
ERROR - 2017-08-30 06:56:56 --> Could not find the language line "mynt_icon_buy"
ERROR - 2017-08-30 06:57:27 --> Could not find the language line "mynt_buy_amazon"
ERROR - 2017-08-30 06:57:27 --> Could not find the language line "home_slife_title"
ERROR - 2017-08-30 06:57:27 --> Could not find the language line "mynt_icon_buy"
ERROR - 2017-08-30 07:38:00 --> Could not find the language line "mynt_buy_amazon"
ERROR - 2017-08-30 07:38:00 --> Could not find the language line "home_slife_title"
ERROR - 2017-08-30 07:38:00 --> Could not find the language line "mynt_icon_buy"
ERROR - 2017-08-30 07:39:10 --> Could not find the language line "mynt_buy_amazon"
ERROR - 2017-08-30 07:39:10 --> Could not find the language line "home_slife_title"
ERROR - 2017-08-30 07:39:10 --> Could not find the language line "mynt_icon_buy"
ERROR - 2017-08-30 07:39:39 --> Could not find the language line "mynt_buy_amazon"
ERROR - 2017-08-30 07:39:55 --> Could not find the language line "mynt_buy_amazon"
ERROR - 2017-08-30 07:39:55 --> Could not find the language line "home_slife_title"
ERROR - 2017-08-30 07:39:55 --> Could not find the language line "mynt_icon_buy"
ERROR - 2017-08-30 07:40:28 --> Could not find the language line "mynt_buy_amazon"
ERROR - 2017-08-30 07:40:28 --> Could not find the language line "home_slife_title"
ERROR - 2017-08-30 07:40:28 --> Could not find the language line "mynt_icon_buy"
ERROR - 2017-08-30 07:40:29 --> Could not find the language line "mynt_buy_amazon"
ERROR - 2017-08-30 07:40:29 --> Could not find the language line "home_slife_title"
ERROR - 2017-08-30 07:40:29 --> Could not find the language line "mynt_icon_buy"
ERROR - 2017-08-30 07:41:41 --> Could not find the language line "mynt_buy_amazon"
ERROR - 2017-08-30 07:41:41 --> Could not find the language line "home_slife_title"
ERROR - 2017-08-30 07:41:41 --> Could not find the language line "mynt_icon_buy"
ERROR - 2017-08-30 07:42:00 --> Could not find the language line "mynt_buy_amazon"
ERROR - 2017-08-30 07:42:00 --> Could not find the language line "home_slife_title"
ERROR - 2017-08-30 07:42:00 --> Could not find the language line "mynt_icon_buy"
ERROR - 2017-08-30 07:42:10 --> Could not find the language line "mynt_buy_amazon"
ERROR - 2017-08-30 07:42:12 --> Could not find the language line "mynt_buy_amazon"
ERROR - 2017-08-30 07:42:12 --> Could not find the language line "home_slife_title"
ERROR - 2017-08-30 07:42:12 --> Could not find the language line "mynt_icon_buy"
ERROR - 2017-08-30 07:42:19 --> Could not find the language line "mynt_buy_amazon"
ERROR - 2017-08-30 07:42:19 --> Could not find the language line "home_slife_title"
ERROR - 2017-08-30 07:42:19 --> Could not find the language line "mynt_icon_buy"
ERROR - 2017-08-30 07:44:10 --> Could not find the language line "mynt_buy_amazon"
ERROR - 2017-08-30 07:44:10 --> Could not find the language line "home_slife_title"
ERROR - 2017-08-30 07:44:10 --> Could not find the language line "mynt_icon_buy"
ERROR - 2017-08-30 07:44:11 --> Could not find the language line "mynt_buy_amazon"
ERROR - 2017-08-30 07:44:11 --> Could not find the language line "home_slife_title"
ERROR - 2017-08-30 07:44:11 --> Could not find the language line "mynt_icon_buy"
ERROR - 2017-08-30 07:44:11 --> Could not find the language line "mynt_buy_amazon"
ERROR - 2017-08-30 07:44:11 --> Could not find the language line "home_slife_title"
ERROR - 2017-08-30 07:44:11 --> Could not find the language line "mynt_icon_buy"
ERROR - 2017-08-30 07:44:11 --> Could not find the language line "mynt_buy_amazon"
ERROR - 2017-08-30 07:44:11 --> Could not find the language line "home_slife_title"
ERROR - 2017-08-30 07:44:11 --> Could not find the language line "mynt_icon_buy"
ERROR - 2017-08-30 07:44:20 --> Could not find the language line "mynt_buy_amazon"
ERROR - 2017-08-30 07:44:26 --> Could not find the language line "mynt_buy_amazon"
ERROR - 2017-08-30 07:44:26 --> Could not find the language line "home_slife_title"
ERROR - 2017-08-30 07:44:26 --> Could not find the language line "mynt_icon_buy"
ERROR - 2017-08-30 07:44:35 --> Could not find the language line "mynt_buy_amazon"
ERROR - 2017-08-30 07:44:35 --> Could not find the language line "home_slife_title"
ERROR - 2017-08-30 07:44:35 --> Could not find the language line "mynt_icon_buy"
ERROR - 2017-08-30 07:48:47 --> Could not find the language line "mynt_buy_amazon"
ERROR - 2017-08-30 07:48:47 --> Could not find the language line "home_slife_title"
ERROR - 2017-08-30 07:48:47 --> Could not find the language line "mynt_icon_buy"
ERROR - 2017-08-30 07:51:38 --> Could not find the language line "mynt_buy_amazon"
ERROR - 2017-08-30 07:51:38 --> Could not find the language line "about_keywords"
ERROR - 2017-08-30 07:55:04 --> Could not find the language line "mynt_buy_amazon"
ERROR - 2017-08-30 07:55:04 --> Could not find the language line "about_keywords"
ERROR - 2017-08-30 07:55:04 --> Could not find the language line "about_company"
ERROR - 2017-08-30 07:56:19 --> Could not find the language line "mynt_buy_amazon"
ERROR - 2017-08-30 07:56:19 --> Could not find the language line "home_slife_title"
ERROR - 2017-08-30 07:56:19 --> Could not find the language line "mynt_icon_buy"
ERROR - 2017-08-30 07:56:27 --> Could not find the language line "mynt_buy_amazon"
ERROR - 2017-08-30 07:56:32 --> Could not find the language line "mynt_buy_amazon"
ERROR - 2017-08-30 07:56:32 --> Could not find the language line "home_slife_title"
ERROR - 2017-08-30 07:56:32 --> Could not find the language line "mynt_icon_buy"
ERROR - 2017-08-30 08:00:52 --> Could not find the language line "mynt_buy_amazon"
ERROR - 2017-08-30 08:00:52 --> Could not find the language line "about_keywords"
ERROR - 2017-08-30 08:01:45 --> Could not find the language line "mynt_buy_amazon"
ERROR - 2017-08-30 08:01:45 --> Could not find the language line "about_keywords"
ERROR - 2017-08-30 08:01:50 --> Could not find the language line "mynt_buy_amazon"
ERROR - 2017-08-30 08:01:50 --> Could not find the language line "about_keywords"
ERROR - 2017-08-30 08:04:09 --> Could not find the language line "mynt_buy_amazon"
ERROR - 2017-08-30 08:04:11 --> Could not find the language line "mynt_buy_amazon"
ERROR - 2017-08-30 08:10:50 --> Could not find the language line "mynt_buy_amazon"
ERROR - 2017-08-30 08:10:50 --> Could not find the language line "home_slife_title"
ERROR - 2017-08-30 08:10:50 --> Could not find the language line "mynt_icon_buy"
ERROR - 2017-08-30 08:10:51 --> Could not find the language line "mynt_buy_amazon"
ERROR - 2017-08-30 08:10:51 --> Could not find the language line "home_slife_title"
ERROR - 2017-08-30 08:10:51 --> Could not find the language line "mynt_icon_buy"
ERROR - 2017-08-30 08:10:52 --> Could not find the language line "mynt_buy_amazon"
ERROR - 2017-08-30 08:10:52 --> Could not find the language line "home_slife_title"
ERROR - 2017-08-30 08:10:52 --> Could not find the language line "mynt_icon_buy"
ERROR - 2017-08-30 08:16:29 --> Could not find the language line "mynt_buy_amazon"
ERROR - 2017-08-30 08:19:35 --> Could not find the language line "mynt_buy_amazon"
ERROR - 2017-08-30 08:20:06 --> Could not find the language line "mynt_buy_amazon"
ERROR - 2017-08-30 08:20:19 --> Could not find the language line "mynt_buy_amazon"
ERROR - 2017-08-30 08:20:47 --> Could not find the language line "mynt_buy_amazon"
ERROR - 2017-08-30 08:21:20 --> Could not find the language line "mynt_buy_amazon"
ERROR - 2017-08-30 08:22:18 --> Could not find the language line "mynt_buy_amazon"
ERROR - 2017-08-30 08:22:54 --> Could not find the language line "mynt_buy_amazon"
ERROR - 2017-08-30 08:22:54 --> Could not find the language line "mynt_buy_amazon"
ERROR - 2017-08-30 08:23:48 --> Could not find the language line "mynt_buy_amazon"
ERROR - 2017-08-30 08:23:48 --> Could not find the language line "about_keywords"
ERROR - 2017-08-30 08:23:48 --> Could not find the language line "about_company"
ERROR - 2017-08-30 08:24:07 --> Could not find the language line "mynt_buy_amazon"
ERROR - 2017-08-30 08:24:07 --> Could not find the language line "about_keywords"
ERROR - 2017-08-30 08:24:09 --> Could not find the language line "mynt_buy_amazon"
ERROR - 2017-08-30 08:24:09 --> Could not find the language line "about_keywords"
ERROR - 2017-08-30 08:24:11 --> Could not find the language line "mynt_buy_amazon"
ERROR - 2017-08-30 08:24:16 --> Could not find the language line "mynt_buy_amazon"
ERROR - 2017-08-30 08:24:18 --> Could not find the language line "mynt_buy_amazon"
ERROR - 2017-08-30 08:24:22 --> Could not find the language line "mynt_buy_amazon"
ERROR - 2017-08-30 08:24:22 --> Could not find the language line "home_slife_title"
ERROR - 2017-08-30 08:24:22 --> Could not find the language line "mynt_icon_buy"
ERROR - 2017-08-30 08:24:24 --> Could not find the language line "mynt_buy_amazon"
ERROR - 2017-08-30 08:24:24 --> Could not find the language line "home_slife_title"
ERROR - 2017-08-30 08:24:24 --> Could not find the language line "mynt_icon_buy"
ERROR - 2017-08-30 08:24:25 --> Could not find the language line "mynt_buy_amazon"
ERROR - 2017-08-30 08:24:25 --> Could not find the language line "home_slife_title"
ERROR - 2017-08-30 08:24:25 --> Could not find the language line "mynt_icon_buy"
ERROR - 2017-08-30 08:24:28 --> Could not find the language line "mynt_buy_amazon"
ERROR - 2017-08-30 08:25:35 --> Could not find the language line "mynt_buy_amazon"
ERROR - 2017-08-30 08:25:35 --> Could not find the language line "about_keywords"
ERROR - 2017-08-30 08:25:43 --> Could not find the language line "mynt_buy_amazon"
ERROR - 2017-08-30 08:25:43 --> Could not find the language line "about_keywords"
ERROR - 2017-08-30 08:26:13 --> Could not find the language line "mynt_buy_amazon"
ERROR - 2017-08-30 08:26:13 --> Could not find the language line "about_keywords"
ERROR - 2017-08-30 08:27:38 --> Could not find the language line "mynt_buy_amazon"
ERROR - 2017-08-30 08:27:38 --> Could not find the language line "about_keywords"
ERROR - 2017-08-30 08:27:38 --> Could not find the language line "about_company"
ERROR - 2017-08-30 08:28:10 --> Could not find the language line "mynt_buy_amazon"
ERROR - 2017-08-30 08:28:10 --> Could not find the language line "about_keywords"
ERROR - 2017-08-30 08:28:10 --> Could not find the language line "about_company"
ERROR - 2017-08-30 08:29:06 --> Could not find the language line "mynt_buy_amazon"
ERROR - 2017-08-30 08:29:06 --> Could not find the language line "about_keywords"
ERROR - 2017-08-30 08:29:06 --> Could not find the language line "about_company"
ERROR - 2017-08-30 08:37:16 --> Could not find the language line "mynt_buy_amazon"
ERROR - 2017-08-30 08:37:16 --> Could not find the language line "about_keywords"
ERROR - 2017-08-30 08:37:16 --> Could not find the language line "about_company"
ERROR - 2017-08-30 08:37:18 --> Could not find the language line "mynt_buy_amazon"
ERROR - 2017-08-30 08:37:18 --> Could not find the language line "about_keywords"
ERROR - 2017-08-30 08:37:18 --> Could not find the language line "about_company"
ERROR - 2017-08-30 08:38:04 --> Could not find the language line "mynt_buy_amazon"
ERROR - 2017-08-30 08:38:04 --> Could not find the language line "home_slife_title"
ERROR - 2017-08-30 08:38:04 --> Could not find the language line "mynt_icon_buy"
ERROR - 2017-08-30 08:38:05 --> Could not find the language line "mynt_buy_amazon"
ERROR - 2017-08-30 08:38:05 --> Could not find the language line "home_slife_title"
ERROR - 2017-08-30 08:38:05 --> Could not find the language line "mynt_icon_buy"
ERROR - 2017-08-30 08:38:15 --> Could not find the language line "mynt_buy_amazon"
ERROR - 2017-08-30 08:38:15 --> Could not find the language line "home_slife_title"
ERROR - 2017-08-30 08:38:15 --> Could not find the language line "mynt_icon_buy"
ERROR - 2017-08-30 08:38:16 --> Could not find the language line "mynt_buy_amazon"
ERROR - 2017-08-30 08:38:16 --> Could not find the language line "home_slife_title"
ERROR - 2017-08-30 08:38:16 --> Could not find the language line "mynt_icon_buy"
ERROR - 2017-08-30 08:38:18 --> Could not find the language line "mynt_buy_amazon"
ERROR - 2017-08-30 08:38:18 --> Could not find the language line "home_slife_title"
ERROR - 2017-08-30 08:38:18 --> Could not find the language line "mynt_icon_buy"
ERROR - 2017-08-30 08:38:42 --> Could not find the language line "mynt_buy_amazon"
ERROR - 2017-08-30 08:38:42 --> Could not find the language line "home_slife_title"
ERROR - 2017-08-30 08:38:42 --> Could not find the language line "mynt_icon_buy"
ERROR - 2017-08-30 08:38:43 --> Could not find the language line "mynt_buy_amazon"
ERROR - 2017-08-30 08:38:43 --> Could not find the language line "home_slife_title"
ERROR - 2017-08-30 08:38:43 --> Could not find the language line "mynt_icon_buy"
ERROR - 2017-08-30 08:38:48 --> Could not find the language line "mynt_buy_amazon"
ERROR - 2017-08-30 08:38:48 --> Could not find the language line "home_slife_title"
ERROR - 2017-08-30 08:38:48 --> Could not find the language line "mynt_icon_buy"
ERROR - 2017-08-30 08:38:59 --> Could not find the language line "mynt_buy_amazon"
ERROR - 2017-08-30 08:38:59 --> Could not find the language line "home_slife_title"
ERROR - 2017-08-30 08:38:59 --> Could not find the language line "mynt_icon_buy"
ERROR - 2017-08-30 08:39:01 --> Could not find the language line "mynt_buy_amazon"
ERROR - 2017-08-30 08:39:01 --> Could not find the language line "home_slife_title"
ERROR - 2017-08-30 08:39:01 --> Could not find the language line "mynt_icon_buy"
ERROR - 2017-08-30 08:39:04 --> Could not find the language line "mynt_buy_amazon"
ERROR - 2017-08-30 08:39:04 --> Could not find the language line "home_slife_title"
ERROR - 2017-08-30 08:39:04 --> Could not find the language line "mynt_icon_buy"
ERROR - 2017-08-30 08:39:05 --> Could not find the language line "mynt_buy_amazon"
ERROR - 2017-08-30 08:39:05 --> Could not find the language line "home_slife_title"
ERROR - 2017-08-30 08:39:05 --> Could not find the language line "mynt_icon_buy"
ERROR - 2017-08-30 08:39:06 --> Could not find the language line "mynt_buy_amazon"
ERROR - 2017-08-30 08:39:06 --> Could not find the language line "about_keywords"
ERROR - 2017-08-30 08:39:11 --> Could not find the language line "mynt_buy_amazon"
ERROR - 2017-08-30 08:39:11 --> Could not find the language line "about_keywords"
ERROR - 2017-08-30 08:39:17 --> Could not find the language line "mynt_buy_amazon"
ERROR - 2017-08-30 08:39:22 --> Could not find the language line "mynt_buy_amazon"
ERROR - 2017-08-30 08:39:47 --> Could not find the language line "mynt_buy_amazon"
ERROR - 2017-08-30 08:41:31 --> Could not find the language line "mynt_buy_amazon"
ERROR - 2017-08-30 08:41:31 --> Could not find the language line "mynt_buy_amazon"
ERROR - 2017-08-30 08:41:31 --> Could not find the language line "mynt_buy_amazon"
ERROR - 2017-08-30 08:41:32 --> Could not find the language line "mynt_buy_amazon"
ERROR - 2017-08-30 08:41:33 --> Could not find the language line "mynt_buy_amazon"
ERROR - 2017-08-30 08:41:38 --> Could not find the language line "mynt_buy_amazon"
ERROR - 2017-08-30 08:41:44 --> Could not find the language line "mynt_buy_amazon"
ERROR - 2017-08-30 08:42:06 --> Could not find the language line "mynt_buy_amazon"
ERROR - 2017-08-30 08:42:06 --> Could not find the language line "about_keywords"
ERROR - 2017-08-30 08:42:09 --> Could not find the language line "mynt_buy_amazon"
ERROR - 2017-08-30 08:42:09 --> Could not find the language line "about_keywords"
ERROR - 2017-08-30 08:42:12 --> Could not find the language line "mynt_buy_amazon"
ERROR - 2017-08-30 08:42:12 --> Could not find the language line "about_keywords"
ERROR - 2017-08-30 08:42:14 --> Could not find the language line "mynt_buy_amazon"
ERROR - 2017-08-30 08:42:16 --> Could not find the language line "mynt_buy_amazon"
ERROR - 2017-08-30 08:42:16 --> Could not find the language line "about_keywords"
ERROR - 2017-08-30 08:42:17 --> Could not find the language line "mynt_buy_amazon"
ERROR - 2017-08-30 08:42:17 --> Could not find the language line "home_slife_title"
ERROR - 2017-08-30 08:42:17 --> Could not find the language line "mynt_icon_buy"
ERROR - 2017-08-30 08:47:36 --> Could not find the language line "mynt_buy_amazon"
ERROR - 2017-08-30 08:47:36 --> Could not find the language line "about_keywords"
ERROR - 2017-08-30 08:48:31 --> Could not find the language line "mynt_buy_amazon"
ERROR - 2017-08-30 08:48:31 --> Could not find the language line "about_keywords"
ERROR - 2017-08-30 08:51:41 --> Could not find the language line "mynt_buy_amazon"
ERROR - 2017-08-30 08:51:41 --> Could not find the language line "about_keywords"
ERROR - 2017-08-30 08:51:46 --> Could not find the language line "mynt_buy_amazon"
ERROR - 2017-08-30 08:51:46 --> Could not find the language line "about_keywords"
ERROR - 2017-08-30 08:51:47 --> Could not find the language line "mynt_buy_amazon"
ERROR - 2017-08-30 08:51:47 --> Could not find the language line "about_keywords"
ERROR - 2017-08-30 08:52:09 --> Could not find the language line "mynt_buy_amazon"
ERROR - 2017-08-30 08:52:09 --> Could not find the language line "about_keywords"
ERROR - 2017-08-30 08:52:47 --> Could not find the language line "mynt_buy_amazon"
ERROR - 2017-08-30 08:52:47 --> Could not find the language line "about_keywords"
ERROR - 2017-08-30 08:52:51 --> Could not find the language line "mynt_buy_amazon"
ERROR - 2017-08-30 08:52:51 --> Could not find the language line "about_keywords"
ERROR - 2017-08-30 08:52:52 --> Could not find the language line "mynt_buy_amazon"
ERROR - 2017-08-30 08:52:52 --> Could not find the language line "about_keywords"
ERROR - 2017-08-30 08:52:53 --> Could not find the language line "mynt_buy_amazon"
ERROR - 2017-08-30 08:52:53 --> Could not find the language line "about_keywords"
ERROR - 2017-08-30 08:53:13 --> Could not find the language line "mynt_buy_amazon"
ERROR - 2017-08-30 08:53:13 --> Could not find the language line "about_keywords"
ERROR - 2017-08-30 08:53:30 --> Could not find the language line "mynt_buy_amazon"
ERROR - 2017-08-30 08:53:30 --> Could not find the language line "about_keywords"
ERROR - 2017-08-30 08:53:35 --> Could not find the language line "mynt_buy_amazon"
ERROR - 2017-08-30 08:53:35 --> Could not find the language line "about_keywords"
ERROR - 2017-08-30 08:58:16 --> Could not find the language line "mynt_buy_amazon"
ERROR - 2017-08-30 08:58:16 --> Could not find the language line "about_keywords"
ERROR - 2017-08-30 08:59:52 --> Could not find the language line "mynt_buy_amazon"
ERROR - 2017-08-30 08:59:52 --> Could not find the language line "about_keywords"
ERROR - 2017-08-30 08:59:56 --> Could not find the language line "mynt_buy_amazon"
ERROR - 2017-08-30 08:59:56 --> Could not find the language line "about_keywords"
ERROR - 2017-08-30 09:08:35 --> Could not find the language line "mynt_buy_amazon"
ERROR - 2017-08-30 09:08:35 --> Could not find the language line "home_slife_title"
ERROR - 2017-08-30 09:08:35 --> Could not find the language line "mynt_icon_buy"
ERROR - 2017-08-30 09:09:42 --> Could not find the language line "mynt_buy_amazon"
ERROR - 2017-08-30 09:09:42 --> Could not find the language line "home_slife_title"
ERROR - 2017-08-30 09:09:42 --> Could not find the language line "mynt_icon_buy"
ERROR - 2017-08-30 09:09:58 --> Could not find the language line "mynt_buy_amazon"
ERROR - 2017-08-30 09:09:58 --> Could not find the language line "about_keywords"
ERROR - 2017-08-30 09:09:58 --> Could not find the language line "about_company"
ERROR - 2017-08-30 09:10:02 --> Could not find the language line "mynt_buy_amazon"
ERROR - 2017-08-30 09:10:02 --> Could not find the language line "about_keywords"
ERROR - 2017-08-30 09:10:02 --> Could not find the language line "about_company"
ERROR - 2017-08-30 09:10:12 --> Could not find the language line "mynt_buy_amazon"
ERROR - 2017-08-30 09:10:12 --> Could not find the language line "about_keywords"
ERROR - 2017-08-30 09:10:12 --> Could not find the language line "about_company"
ERROR - 2017-08-30 09:10:57 --> Could not find the language line "mynt_buy_amazon"
ERROR - 2017-08-30 09:10:57 --> Could not find the language line "home_slife_title"
ERROR - 2017-08-30 09:10:57 --> Could not find the language line "mynt_icon_buy"
ERROR - 2017-08-30 09:13:17 --> Could not find the language line "mynt_buy_amazon"
ERROR - 2017-08-30 09:13:18 --> Could not find the language line "mynt_buy_amazon"
ERROR - 2017-08-30 09:13:35 --> Could not find the language line "mynt_buy_amazon"
ERROR - 2017-08-30 09:13:35 --> Could not find the language line "home_slife_title"
ERROR - 2017-08-30 09:13:35 --> Could not find the language line "mynt_icon_buy"
ERROR - 2017-08-30 09:13:36 --> Could not find the language line "mynt_buy_amazon"
ERROR - 2017-08-30 09:13:36 --> Could not find the language line "home_slife_title"
ERROR - 2017-08-30 09:13:36 --> Could not find the language line "mynt_icon_buy"
ERROR - 2017-08-30 09:13:37 --> Could not find the language line "mynt_buy_amazon"
ERROR - 2017-08-30 09:13:37 --> Could not find the language line "home_slife_title"
ERROR - 2017-08-30 09:13:37 --> Could not find the language line "mynt_icon_buy"
ERROR - 2017-08-30 09:13:40 --> Could not find the language line "mynt_buy_amazon"
ERROR - 2017-08-30 09:13:40 --> Could not find the language line "home_slife_title"
ERROR - 2017-08-30 09:13:40 --> Could not find the language line "mynt_icon_buy"
ERROR - 2017-08-30 09:14:00 --> Could not find the language line "mynt_buy_amazon"
ERROR - 2017-08-30 09:14:00 --> Could not find the language line "home_slife_title"
ERROR - 2017-08-30 09:14:00 --> Could not find the language line "mynt_icon_buy"
ERROR - 2017-08-30 09:25:18 --> Could not find the language line "mynt_buy_amazon"
ERROR - 2017-08-30 09:25:18 --> Could not find the language line "home_slife_title"
ERROR - 2017-08-30 09:25:18 --> Could not find the language line "mynt_icon_buy"
ERROR - 2017-08-30 09:25:31 --> Could not find the language line "mynt_buy_amazon"
ERROR - 2017-08-30 09:25:31 --> Could not find the language line "home_slife_title"
ERROR - 2017-08-30 09:25:31 --> Could not find the language line "mynt_icon_buy"
ERROR - 2017-08-30 09:26:16 --> Could not find the language line "mynt_buy_amazon"
ERROR - 2017-08-30 09:26:16 --> Could not find the language line "home_slife_title"
ERROR - 2017-08-30 09:26:16 --> Could not find the language line "mynt_icon_buy"
ERROR - 2017-08-30 09:36:25 --> Could not find the language line "mynt_buy_amazon"
ERROR - 2017-08-30 09:36:25 --> Could not find the language line "home_slife_title"
ERROR - 2017-08-30 09:36:25 --> Could not find the language line "mynt_icon_buy"
ERROR - 2017-08-30 09:36:43 --> Could not find the language line "mynt_buy_amazon"
ERROR - 2017-08-30 09:36:43 --> Could not find the language line "home_slife_title"
ERROR - 2017-08-30 09:36:43 --> Could not find the language line "mynt_icon_buy"
ERROR - 2017-08-30 09:36:44 --> Could not find the language line "mynt_buy_amazon"
ERROR - 2017-08-30 09:36:44 --> Could not find the language line "home_slife_title"
ERROR - 2017-08-30 09:36:44 --> Could not find the language line "mynt_icon_buy"
ERROR - 2017-08-30 09:39:16 --> Could not find the language line "mynt_buy_amazon"
ERROR - 2017-08-30 09:39:16 --> Could not find the language line "home_slife_title"
ERROR - 2017-08-30 09:39:16 --> Could not find the language line "mynt_icon_buy"
ERROR - 2017-08-30 09:45:16 --> Could not find the language line "mynt_buy_amazon"
ERROR - 2017-08-30 09:45:16 --> Could not find the language line "home_slife_title"
ERROR - 2017-08-30 09:45:16 --> Could not find the language line "mynt_icon_buy"
ERROR - 2017-08-30 10:00:07 --> Could not find the language line "mynt_buy_amazon"
ERROR - 2017-08-30 10:00:07 --> Could not find the language line "home_slife_title"
ERROR - 2017-08-30 10:00:07 --> Could not find the language line "mynt_icon_buy"
ERROR - 2017-08-30 10:15:16 --> Could not find the language line "mynt_buy_amazon"
ERROR - 2017-08-30 10:15:16 --> Could not find the language line "home_slife_title"
ERROR - 2017-08-30 10:15:16 --> Could not find the language line "mynt_icon_buy"
ERROR - 2017-08-30 10:15:18 --> Could not find the language line "mynt_buy_amazon"
ERROR - 2017-08-30 10:15:18 --> Could not find the language line "home_slife_title"
ERROR - 2017-08-30 10:15:18 --> Could not find the language line "mynt_icon_buy"
ERROR - 2017-08-30 10:15:18 --> Could not find the language line "mynt_buy_amazon"
ERROR - 2017-08-30 10:15:18 --> Could not find the language line "home_slife_title"
ERROR - 2017-08-30 10:15:18 --> Could not find the language line "mynt_icon_buy"
ERROR - 2017-08-30 10:15:19 --> Could not find the language line "mynt_buy_amazon"
ERROR - 2017-08-30 10:15:19 --> Could not find the language line "home_slife_title"
ERROR - 2017-08-30 10:15:19 --> Could not find the language line "mynt_icon_buy"
ERROR - 2017-08-30 14:08:39 --> Could not find the language line "mynt_buy_amazon"
ERROR - 2017-08-30 14:09:28 --> Could not find the language line "mynt_buy_amazon"
ERROR - 2017-08-30 14:14:07 --> Could not find the language line "mynt_buy_amazon"
ERROR - 2017-08-30 14:14:54 --> Could not find the language line "mynt_buy_amazon"
