ERROR - 2017-09-13 02:26:04 --> Could not find the language line "mynt_buy_amazon"
ERROR - 2017-09-13 02:26:04 --> Could not find the language line "home_slife_title"
ERROR - 2017-09-13 02:26:04 --> Could not find the language line "mynt_icon_buy"
ERROR - 2017-09-13 02:31:05 --> Could not find the language line "mynt_buy_amazon"
ERROR - 2017-09-13 02:31:05 --> Could not find the language line "home_slife_title"
ERROR - 2017-09-13 02:31:05 --> Could not find the language line "mynt_icon_buy"
ERROR - 2017-09-13 02:32:05 --> Could not find the language line "mynt_buy_amazon"
ERROR - 2017-09-13 02:32:05 --> Could not find the language line "home_slife_title"
ERROR - 2017-09-13 02:32:05 --> Could not find the language line "mynt_icon_buy"
ERROR - 2017-09-13 03:07:33 --> Could not find the language line "mynt_buy_amazon"
ERROR - 2017-09-13 03:07:33 --> Could not find the language line "home_slife_title"
ERROR - 2017-09-13 03:07:33 --> Could not find the language line "mynt_icon_buy"
ERROR - 2017-09-13 03:08:47 --> Could not find the language line "mynt_buy_amazon"
ERROR - 2017-09-13 03:08:47 --> Could not find the language line "home_slife_title"
ERROR - 2017-09-13 03:08:47 --> Could not find the language line "mynt_icon_buy"
ERROR - 2017-09-13 03:11:22 --> Could not find the language line "mynt_buy_amazon"
ERROR - 2017-09-13 03:11:22 --> Could not find the language line "home_slife_title"
ERROR - 2017-09-13 03:11:22 --> Could not find the language line "mynt_icon_buy"
ERROR - 2017-09-13 03:11:38 --> Could not find the language line "mynt_buy_amazon"
ERROR - 2017-09-13 03:11:38 --> Could not find the language line "about_keywords"
ERROR - 2017-09-13 03:11:38 --> Could not find the language line "about_company"
ERROR - 2017-09-13 03:11:50 --> Could not find the language line "mynt_buy_amazon"
ERROR - 2017-09-13 03:11:51 --> Could not find the language line "mynt_buy_amazon"
ERROR - 2017-09-13 03:12:46 --> Could not find the language line "mynt_buy_amazon"
ERROR - 2017-09-13 03:12:48 --> Could not find the language line "mynt_buy_amazon"
ERROR - 2017-09-13 03:12:53 --> Could not find the language line "mynt_buy_amazon"
ERROR - 2017-09-13 03:13:21 --> Could not find the language line "mynt_buy_amazon"
ERROR - 2017-09-13 07:27:13 --> Could not find the language line "mynt_buy_amazon"
ERROR - 2017-09-13 07:27:13 --> Could not find the language line "home_slife_title"
ERROR - 2017-09-13 07:27:13 --> Could not find the language line "mynt_icon_buy"
ERROR - 2017-09-13 07:28:34 --> Could not find the language line "mynt_buy_amazon"
ERROR - 2017-09-13 07:28:34 --> Could not find the language line "home_slife_title"
ERROR - 2017-09-13 07:28:34 --> Could not find the language line "mynt_icon_buy"
ERROR - 2017-09-13 07:29:02 --> Could not find the language line "mynt_buy_amazon"
ERROR - 2017-09-13 07:29:02 --> Could not find the language line "home_slife_title"
ERROR - 2017-09-13 07:29:02 --> Could not find the language line "mynt_icon_buy"
ERROR - 2017-09-13 07:30:39 --> Could not find the language line "mynt_buy_amazon"
ERROR - 2017-09-13 07:30:39 --> Could not find the language line "about_keywords"
ERROR - 2017-09-13 07:30:39 --> Could not find the language line "about_company"
ERROR - 2017-09-13 07:31:28 --> Could not find the language line "mynt_buy_amazon"
ERROR - 2017-09-13 07:31:28 --> Could not find the language line "about_keywords"
ERROR - 2017-09-13 07:31:28 --> Could not find the language line "about_company"
ERROR - 2017-09-13 07:32:44 --> Could not find the language line "mynt_buy_amazon"
ERROR - 2017-09-13 07:32:44 --> Could not find the language line "about_keywords"
ERROR - 2017-09-13 07:32:44 --> Could not find the language line "about_company"
ERROR - 2017-09-13 07:36:04 --> Could not find the language line "mynt_buy_amazon"
ERROR - 2017-09-13 07:36:04 --> Could not find the language line "about_keywords"
ERROR - 2017-09-13 07:36:04 --> Could not find the language line "about_company"
ERROR - 2017-09-13 07:36:04 --> Could not find the language line "mynt_buy_amazon"
ERROR - 2017-09-13 07:36:04 --> Could not find the language line "about_keywords"
ERROR - 2017-09-13 07:36:04 --> Could not find the language line "about_company"
ERROR - 2017-09-13 07:36:04 --> Could not find the language line "mynt_buy_amazon"
ERROR - 2017-09-13 07:36:04 --> Could not find the language line "about_keywords"
ERROR - 2017-09-13 07:36:04 --> Could not find the language line "about_company"
ERROR - 2017-09-13 07:36:41 --> Could not find the language line "mynt_buy_amazon"
ERROR - 2017-09-13 07:36:41 --> Could not find the language line "about_keywords"
ERROR - 2017-09-13 07:36:41 --> Could not find the language line "about_company"
ERROR - 2017-09-13 07:37:26 --> Could not find the language line "mynt_buy_amazon"
ERROR - 2017-09-13 07:37:26 --> Could not find the language line "about_keywords"
ERROR - 2017-09-13 07:37:26 --> Could not find the language line "about_company"
ERROR - 2017-09-13 07:38:29 --> Could not find the language line "mynt_buy_amazon"
ERROR - 2017-09-13 07:38:29 --> Could not find the language line "about_keywords"
ERROR - 2017-09-13 07:38:29 --> Could not find the language line "about_company"
ERROR - 2017-09-13 07:38:39 --> Could not find the language line "mynt_buy_amazon"
ERROR - 2017-09-13 07:38:39 --> Could not find the language line "about_keywords"
ERROR - 2017-09-13 07:38:39 --> Could not find the language line "about_company"
ERROR - 2017-09-13 07:39:00 --> Could not find the language line "mynt_buy_amazon"
ERROR - 2017-09-13 07:39:00 --> Could not find the language line "about_keywords"
ERROR - 2017-09-13 07:39:00 --> Could not find the language line "about_company"
ERROR - 2017-09-13 07:41:00 --> Could not find the language line "mynt_buy_amazon"
ERROR - 2017-09-13 07:41:00 --> Could not find the language line "about_keywords"
ERROR - 2017-09-13 07:41:00 --> Could not find the language line "about_company"
ERROR - 2017-09-13 07:43:10 --> Could not find the language line "mynt_buy_amazon"
ERROR - 2017-09-13 07:43:10 --> Could not find the language line "about_keywords"
ERROR - 2017-09-13 07:43:10 --> Could not find the language line "about_company"
ERROR - 2017-09-13 07:43:21 --> Could not find the language line "mynt_buy_amazon"
ERROR - 2017-09-13 07:43:21 --> Could not find the language line "about_keywords"
ERROR - 2017-09-13 07:43:21 --> Could not find the language line "about_company"
ERROR - 2017-09-13 07:43:55 --> Could not find the language line "mynt_buy_amazon"
ERROR - 2017-09-13 07:43:55 --> Could not find the language line "about_keywords"
ERROR - 2017-09-13 07:43:55 --> Could not find the language line "about_company"
ERROR - 2017-09-13 07:44:17 --> Could not find the language line "mynt_buy_amazon"
ERROR - 2017-09-13 07:44:17 --> Could not find the language line "about_keywords"
ERROR - 2017-09-13 07:44:17 --> Could not find the language line "about_company"
ERROR - 2017-09-13 07:45:29 --> Could not find the language line "mynt_buy_amazon"
ERROR - 2017-09-13 07:45:29 --> Could not find the language line "about_keywords"
ERROR - 2017-09-13 07:45:29 --> Could not find the language line "about_company"
ERROR - 2017-09-13 07:46:51 --> Could not find the language line "mynt_buy_amazon"
ERROR - 2017-09-13 07:46:51 --> Could not find the language line "about_keywords"
ERROR - 2017-09-13 07:46:51 --> Could not find the language line "about_company"
ERROR - 2017-09-13 07:57:08 --> Could not find the language line "mynt_buy_amazon"
ERROR - 2017-09-13 07:57:08 --> Could not find the language line "about_keywords"
ERROR - 2017-09-13 07:57:08 --> Could not find the language line "about_company"
ERROR - 2017-09-13 07:57:33 --> Could not find the language line "mynt_buy_amazon"
ERROR - 2017-09-13 07:57:33 --> Could not find the language line "about_keywords"
ERROR - 2017-09-13 07:57:33 --> Could not find the language line "about_company"
ERROR - 2017-09-13 08:02:14 --> Could not find the language line "mynt_buy_amazon"
ERROR - 2017-09-13 08:02:14 --> Could not find the language line "about_keywords"
ERROR - 2017-09-13 08:02:14 --> Could not find the language line "about_company"
ERROR - 2017-09-13 08:03:37 --> Could not find the language line "mynt_buy_amazon"
ERROR - 2017-09-13 08:03:37 --> Could not find the language line "about_keywords"
ERROR - 2017-09-13 08:03:37 --> Could not find the language line "about_company"
ERROR - 2017-09-13 08:04:42 --> Could not find the language line "mynt_buy_amazon"
ERROR - 2017-09-13 08:04:42 --> Could not find the language line "about_keywords"
ERROR - 2017-09-13 08:04:42 --> Could not find the language line "about_company"
ERROR - 2017-09-13 08:04:47 --> Could not find the language line "mynt_buy_amazon"
ERROR - 2017-09-13 08:04:47 --> Could not find the language line "about_keywords"
ERROR - 2017-09-13 08:04:47 --> Could not find the language line "about_company"
ERROR - 2017-09-13 08:05:03 --> Could not find the language line "mynt_buy_amazon"
ERROR - 2017-09-13 08:05:03 --> Could not find the language line "about_keywords"
ERROR - 2017-09-13 08:05:03 --> Could not find the language line "about_company"
ERROR - 2017-09-13 08:05:31 --> Could not find the language line "mynt_buy_amazon"
ERROR - 2017-09-13 08:05:31 --> Could not find the language line "about_keywords"
ERROR - 2017-09-13 08:05:31 --> Could not find the language line "about_company"
ERROR - 2017-09-13 09:29:36 --> Could not find the language line "mynt_buy_amazon"
ERROR - 2017-09-13 09:29:36 --> Could not find the language line "about_keywords"
ERROR - 2017-09-13 09:29:36 --> Could not find the language line "about_company"
ERROR - 2017-09-13 09:33:02 --> Could not find the language line "mynt_buy_amazon"
ERROR - 2017-09-13 09:33:02 --> Could not find the language line "about_keywords"
ERROR - 2017-09-13 09:33:02 --> Could not find the language line "about_company"
ERROR - 2017-09-13 09:34:18 --> Could not find the language line "mynt_buy_amazon"
ERROR - 2017-09-13 09:34:18 --> Could not find the language line "about_keywords"
ERROR - 2017-09-13 09:34:18 --> Could not find the language line "about_company"
ERROR - 2017-09-13 09:35:00 --> Could not find the language line "mynt_buy_amazon"
ERROR - 2017-09-13 09:35:00 --> Could not find the language line "about_keywords"
ERROR - 2017-09-13 09:35:00 --> Could not find the language line "about_company"
ERROR - 2017-09-13 09:36:09 --> Could not find the language line "mynt_buy_amazon"
ERROR - 2017-09-13 09:36:10 --> Could not find the language line "about_keywords"
ERROR - 2017-09-13 09:36:10 --> Could not find the language line "about_company"
ERROR - 2017-09-13 09:36:45 --> Could not find the language line "mynt_buy_amazon"
ERROR - 2017-09-13 09:36:45 --> Could not find the language line "about_keywords"
ERROR - 2017-09-13 09:36:45 --> Could not find the language line "about_company"
ERROR - 2017-09-13 09:36:59 --> Could not find the language line "mynt_buy_amazon"
ERROR - 2017-09-13 09:36:59 --> Could not find the language line "about_keywords"
ERROR - 2017-09-13 09:36:59 --> Could not find the language line "about_company"
ERROR - 2017-09-13 09:37:16 --> Could not find the language line "mynt_buy_amazon"
ERROR - 2017-09-13 09:37:16 --> Could not find the language line "about_keywords"
ERROR - 2017-09-13 09:37:16 --> Could not find the language line "about_company"
ERROR - 2017-09-13 09:39:18 --> Could not find the language line "mynt_buy_amazon"
ERROR - 2017-09-13 09:39:18 --> Could not find the language line "about_keywords"
ERROR - 2017-09-13 09:39:18 --> Could not find the language line "about_company"
ERROR - 2017-09-13 09:39:46 --> Could not find the language line "mynt_buy_amazon"
ERROR - 2017-09-13 09:39:46 --> Could not find the language line "about_keywords"
ERROR - 2017-09-13 09:39:46 --> Could not find the language line "about_company"
ERROR - 2017-09-13 09:40:13 --> Could not find the language line "mynt_buy_amazon"
ERROR - 2017-09-13 09:40:13 --> Could not find the language line "about_keywords"
ERROR - 2017-09-13 09:40:13 --> Could not find the language line "about_company"
ERROR - 2017-09-13 09:41:18 --> Could not find the language line "mynt_buy_amazon"
ERROR - 2017-09-13 09:41:18 --> Could not find the language line "about_keywords"
ERROR - 2017-09-13 09:41:18 --> Could not find the language line "about_company"
ERROR - 2017-09-13 09:41:57 --> Could not find the language line "mynt_buy_amazon"
ERROR - 2017-09-13 09:41:57 --> Could not find the language line "about_keywords"
ERROR - 2017-09-13 09:41:57 --> Could not find the language line "about_company"
ERROR - 2017-09-13 09:44:04 --> Could not find the language line "mynt_buy_amazon"
ERROR - 2017-09-13 09:44:04 --> Could not find the language line "about_keywords"
ERROR - 2017-09-13 09:44:04 --> Could not find the language line "about_company"
ERROR - 2017-09-13 09:45:10 --> Could not find the language line "mynt_buy_amazon"
ERROR - 2017-09-13 09:45:10 --> Could not find the language line "about_keywords"
ERROR - 2017-09-13 09:45:10 --> Could not find the language line "about_company"
ERROR - 2017-09-13 09:45:57 --> Could not find the language line "mynt_buy_amazon"
ERROR - 2017-09-13 09:45:57 --> Could not find the language line "about_keywords"
ERROR - 2017-09-13 09:45:57 --> Could not find the language line "about_company"
ERROR - 2017-09-13 09:46:22 --> Could not find the language line "mynt_buy_amazon"
ERROR - 2017-09-13 09:46:22 --> Could not find the language line "about_keywords"
ERROR - 2017-09-13 09:46:22 --> Could not find the language line "about_company"
ERROR - 2017-09-13 09:48:42 --> Could not find the language line "mynt_buy_amazon"
ERROR - 2017-09-13 09:48:42 --> Could not find the language line "about_keywords"
ERROR - 2017-09-13 09:48:42 --> Could not find the language line "about_company"
ERROR - 2017-09-13 09:52:01 --> Could not find the language line "mynt_buy_amazon"
ERROR - 2017-09-13 09:52:01 --> Could not find the language line "about_keywords"
ERROR - 2017-09-13 09:52:01 --> Could not find the language line "about_company"
ERROR - 2017-09-13 10:09:52 --> Could not find the language line "mynt_buy_amazon"
ERROR - 2017-09-13 10:09:52 --> Could not find the language line "about_keywords"
ERROR - 2017-09-13 10:09:52 --> Could not find the language line "about_company"
ERROR - 2017-09-13 10:11:02 --> Could not find the language line "mynt_buy_amazon"
ERROR - 2017-09-13 10:11:02 --> Could not find the language line "about_keywords"
ERROR - 2017-09-13 10:11:02 --> Could not find the language line "about_company"
ERROR - 2017-09-13 10:13:10 --> Could not find the language line "mynt_buy_amazon"
ERROR - 2017-09-13 10:13:10 --> Could not find the language line "about_keywords"
ERROR - 2017-09-13 10:13:10 --> Could not find the language line "about_company"
ERROR - 2017-09-13 10:13:59 --> Could not find the language line "mynt_buy_amazon"
ERROR - 2017-09-13 10:13:59 --> Could not find the language line "about_keywords"
ERROR - 2017-09-13 10:13:59 --> Could not find the language line "about_company"
ERROR - 2017-09-13 10:17:19 --> Could not find the language line "mynt_buy_amazon"
ERROR - 2017-09-13 10:17:19 --> Could not find the language line "about_keywords"
ERROR - 2017-09-13 10:17:19 --> Could not find the language line "about_company"
ERROR - 2017-09-13 10:17:26 --> Could not find the language line "mynt_buy_amazon"
ERROR - 2017-09-13 10:17:26 --> Could not find the language line "about_keywords"
ERROR - 2017-09-13 10:17:26 --> Could not find the language line "about_company"
ERROR - 2017-09-13 10:17:27 --> Could not find the language line "mynt_buy_amazon"
ERROR - 2017-09-13 10:17:27 --> Could not find the language line "about_keywords"
ERROR - 2017-09-13 10:17:27 --> Could not find the language line "about_company"
ERROR - 2017-09-13 10:18:49 --> Could not find the language line "mynt_buy_amazon"
ERROR - 2017-09-13 10:18:49 --> Could not find the language line "about_keywords"
ERROR - 2017-09-13 10:18:49 --> Could not find the language line "about_company"
ERROR - 2017-09-13 10:19:19 --> Could not find the language line "mynt_buy_amazon"
ERROR - 2017-09-13 10:19:19 --> Could not find the language line "about_keywords"
ERROR - 2017-09-13 10:19:19 --> Could not find the language line "about_company"
ERROR - 2017-09-13 10:19:20 --> Could not find the language line "mynt_buy_amazon"
ERROR - 2017-09-13 10:19:20 --> Could not find the language line "about_keywords"
ERROR - 2017-09-13 10:19:20 --> Could not find the language line "about_company"
ERROR - 2017-09-13 10:20:40 --> Could not find the language line "mynt_buy_amazon"
ERROR - 2017-09-13 10:20:40 --> Could not find the language line "about_keywords"
ERROR - 2017-09-13 10:20:40 --> Could not find the language line "about_company"
ERROR - 2017-09-13 10:20:40 --> Could not find the language line "mynt_buy_amazon"
ERROR - 2017-09-13 10:20:40 --> Could not find the language line "about_keywords"
ERROR - 2017-09-13 10:20:40 --> Could not find the language line "about_company"
ERROR - 2017-09-13 10:21:38 --> Could not find the language line "mynt_buy_amazon"
ERROR - 2017-09-13 10:21:38 --> Could not find the language line "about_keywords"
ERROR - 2017-09-13 10:21:38 --> Could not find the language line "about_company"
ERROR - 2017-09-13 10:22:09 --> Could not find the language line "mynt_buy_amazon"
ERROR - 2017-09-13 10:22:09 --> Could not find the language line "about_keywords"
ERROR - 2017-09-13 10:22:09 --> Could not find the language line "about_company"
ERROR - 2017-09-13 10:24:15 --> Could not find the language line "mynt_buy_amazon"
ERROR - 2017-09-13 10:24:15 --> Could not find the language line "about_keywords"
ERROR - 2017-09-13 10:24:15 --> Could not find the language line "about_company"
ERROR - 2017-09-13 10:25:59 --> Could not find the language line "mynt_buy_amazon"
ERROR - 2017-09-13 10:25:59 --> Could not find the language line "about_keywords"
ERROR - 2017-09-13 10:25:59 --> Could not find the language line "about_company"
ERROR - 2017-09-13 10:26:08 --> Could not find the language line "mynt_buy_amazon"
ERROR - 2017-09-13 10:26:08 --> Could not find the language line "about_keywords"
ERROR - 2017-09-13 10:26:08 --> Could not find the language line "about_company"
ERROR - 2017-09-13 10:26:29 --> Could not find the language line "mynt_buy_amazon"
ERROR - 2017-09-13 10:26:29 --> Could not find the language line "about_keywords"
ERROR - 2017-09-13 10:26:29 --> Could not find the language line "about_company"
ERROR - 2017-09-13 10:29:14 --> Could not find the language line "mynt_buy_amazon"
ERROR - 2017-09-13 10:29:14 --> Could not find the language line "about_keywords"
ERROR - 2017-09-13 10:29:14 --> Could not find the language line "about_company"
ERROR - 2017-09-13 10:34:07 --> Could not find the language line "mynt_buy_amazon"
ERROR - 2017-09-13 10:34:07 --> Could not find the language line "about_keywords"
ERROR - 2017-09-13 10:34:07 --> Could not find the language line "about_company"
ERROR - 2017-09-13 10:34:42 --> Could not find the language line "mynt_buy_amazon"
ERROR - 2017-09-13 10:34:42 --> Could not find the language line "about_keywords"
ERROR - 2017-09-13 10:34:42 --> Could not find the language line "about_company"
ERROR - 2017-09-13 10:34:45 --> Could not find the language line "mynt_buy_amazon"
ERROR - 2017-09-13 10:34:45 --> Could not find the language line "about_keywords"
ERROR - 2017-09-13 10:34:45 --> Could not find the language line "about_company"
ERROR - 2017-09-13 10:35:49 --> Could not find the language line "mynt_buy_amazon"
ERROR - 2017-09-13 10:35:49 --> Could not find the language line "about_keywords"
ERROR - 2017-09-13 10:35:49 --> Could not find the language line "about_company"
ERROR - 2017-09-13 10:35:56 --> Could not find the language line "mynt_buy_amazon"
ERROR - 2017-09-13 10:35:56 --> Could not find the language line "about_keywords"
ERROR - 2017-09-13 10:35:56 --> Could not find the language line "about_company"
ERROR - 2017-09-13 10:36:29 --> Could not find the language line "mynt_buy_amazon"
ERROR - 2017-09-13 10:36:29 --> Could not find the language line "about_keywords"
ERROR - 2017-09-13 10:36:29 --> Could not find the language line "about_company"
ERROR - 2017-09-13 10:36:30 --> Could not find the language line "mynt_buy_amazon"
ERROR - 2017-09-13 10:36:30 --> Could not find the language line "about_keywords"
ERROR - 2017-09-13 10:36:30 --> Could not find the language line "about_company"
ERROR - 2017-09-13 10:36:45 --> Could not find the language line "mynt_buy_amazon"
ERROR - 2017-09-13 10:36:45 --> Could not find the language line "about_keywords"
ERROR - 2017-09-13 10:36:45 --> Could not find the language line "about_company"
ERROR - 2017-09-13 10:37:38 --> Could not find the language line "mynt_buy_amazon"
ERROR - 2017-09-13 10:37:38 --> Could not find the language line "about_keywords"
ERROR - 2017-09-13 10:37:38 --> Could not find the language line "about_company"
ERROR - 2017-09-13 11:07:40 --> Could not find the language line "mynt_buy_amazon"
ERROR - 2017-09-13 11:07:40 --> Could not find the language line "about_keywords"
ERROR - 2017-09-13 11:07:40 --> Could not find the language line "about_company"
ERROR - 2017-09-13 11:08:31 --> Could not find the language line "mynt_buy_amazon"
ERROR - 2017-09-13 11:08:31 --> Could not find the language line "about_keywords"
ERROR - 2017-09-13 11:08:31 --> Could not find the language line "about_company"
ERROR - 2017-09-13 11:09:16 --> Could not find the language line "mynt_buy_amazon"
ERROR - 2017-09-13 11:09:16 --> Could not find the language line "about_keywords"
ERROR - 2017-09-13 11:09:16 --> Could not find the language line "about_company"
ERROR - 2017-09-13 11:42:23 --> Could not find the language line "mynt_buy_amazon"
ERROR - 2017-09-13 11:42:23 --> Could not find the language line "about_keywords"
ERROR - 2017-09-13 11:42:23 --> Could not find the language line "about_company"
ERROR - 2017-09-13 11:46:14 --> Could not find the language line "mynt_buy_amazon"
ERROR - 2017-09-13 11:46:14 --> Could not find the language line "about_keywords"
ERROR - 2017-09-13 11:46:14 --> Could not find the language line "about_company"
ERROR - 2017-09-13 11:53:46 --> Could not find the language line "mynt_buy_amazon"
ERROR - 2017-09-13 11:53:46 --> Could not find the language line "about_keywords"
ERROR - 2017-09-13 11:53:46 --> Could not find the language line "about_company"
ERROR - 2017-09-13 11:55:47 --> Could not find the language line "mynt_buy_amazon"
ERROR - 2017-09-13 11:55:47 --> Could not find the language line "about_keywords"
ERROR - 2017-09-13 11:55:47 --> Could not find the language line "about_company"
ERROR - 2017-09-13 11:56:16 --> Could not find the language line "mynt_buy_amazon"
ERROR - 2017-09-13 11:56:16 --> Could not find the language line "about_keywords"
ERROR - 2017-09-13 11:56:16 --> Could not find the language line "about_company"
ERROR - 2017-09-13 11:57:04 --> Could not find the language line "mynt_buy_amazon"
ERROR - 2017-09-13 11:57:04 --> Could not find the language line "about_keywords"
ERROR - 2017-09-13 11:57:04 --> Could not find the language line "about_company"
ERROR - 2017-09-13 11:57:42 --> Could not find the language line "mynt_buy_amazon"
ERROR - 2017-09-13 11:57:42 --> Could not find the language line "about_keywords"
ERROR - 2017-09-13 11:57:42 --> Could not find the language line "about_company"
ERROR - 2017-09-13 12:00:14 --> Could not find the language line "mynt_buy_amazon"
ERROR - 2017-09-13 12:00:14 --> Could not find the language line "about_keywords"
ERROR - 2017-09-13 12:00:14 --> Could not find the language line "about_company"
ERROR - 2017-09-13 12:00:37 --> Could not find the language line "mynt_buy_amazon"
ERROR - 2017-09-13 12:00:37 --> Could not find the language line "about_keywords"
ERROR - 2017-09-13 12:00:37 --> Could not find the language line "about_company"
ERROR - 2017-09-13 12:01:29 --> Could not find the language line "mynt_buy_amazon"
ERROR - 2017-09-13 12:01:29 --> Could not find the language line "about_keywords"
ERROR - 2017-09-13 12:01:29 --> Could not find the language line "about_company"
ERROR - 2017-09-13 12:08:33 --> Could not find the language line "mynt_buy_amazon"
ERROR - 2017-09-13 12:08:33 --> Could not find the language line "about_keywords"
ERROR - 2017-09-13 12:08:33 --> Could not find the language line "about_company"
ERROR - 2017-09-13 12:15:59 --> Could not find the language line "mynt_buy_amazon"
ERROR - 2017-09-13 12:15:59 --> Could not find the language line "about_keywords"
ERROR - 2017-09-13 12:15:59 --> Could not find the language line "about_company"
ERROR - 2017-09-13 16:10:42 --> Could not find the language line "mynt_buy_amazon"
ERROR - 2017-09-13 16:10:42 --> Could not find the language line "about_keywords"
ERROR - 2017-09-13 16:10:42 --> Could not find the language line "about_company"
ERROR - 2017-09-13 16:11:45 --> Could not find the language line "mynt_buy_amazon"
ERROR - 2017-09-13 16:11:45 --> Could not find the language line "about_keywords"
ERROR - 2017-09-13 16:11:45 --> Could not find the language line "about_company"
ERROR - 2017-09-13 16:12:18 --> Could not find the language line "mynt_buy_amazon"
ERROR - 2017-09-13 16:12:18 --> Could not find the language line "about_keywords"
ERROR - 2017-09-13 16:12:18 --> Could not find the language line "about_company"
ERROR - 2017-09-13 16:12:43 --> Could not find the language line "mynt_buy_amazon"
ERROR - 2017-09-13 16:12:43 --> Could not find the language line "about_keywords"
ERROR - 2017-09-13 16:12:43 --> Could not find the language line "about_company"
ERROR - 2017-09-13 16:13:08 --> Could not find the language line "mynt_buy_amazon"
ERROR - 2017-09-13 16:13:08 --> Could not find the language line "about_keywords"
ERROR - 2017-09-13 16:13:08 --> Could not find the language line "about_company"
ERROR - 2017-09-13 16:13:25 --> Could not find the language line "mynt_buy_amazon"
ERROR - 2017-09-13 16:13:25 --> Could not find the language line "about_keywords"
ERROR - 2017-09-13 16:13:25 --> Could not find the language line "about_company"
ERROR - 2017-09-13 16:21:31 --> Could not find the language line "mynt_buy_amazon"
ERROR - 2017-09-13 16:21:31 --> Could not find the language line "about_keywords"
ERROR - 2017-09-13 16:21:31 --> Could not find the language line "about_company"
ERROR - 2017-09-13 16:22:47 --> Could not find the language line "mynt_buy_amazon"
ERROR - 2017-09-13 16:22:47 --> Could not find the language line "about_keywords"
ERROR - 2017-09-13 16:22:47 --> Could not find the language line "about_company"
ERROR - 2017-09-13 16:23:29 --> Could not find the language line "mynt_buy_amazon"
ERROR - 2017-09-13 16:23:29 --> Could not find the language line "about_keywords"
ERROR - 2017-09-13 16:23:29 --> Could not find the language line "about_company"
ERROR - 2017-09-13 16:23:40 --> Could not find the language line "mynt_buy_amazon"
ERROR - 2017-09-13 16:23:40 --> Could not find the language line "about_keywords"
ERROR - 2017-09-13 16:23:40 --> Could not find the language line "about_company"
ERROR - 2017-09-13 16:24:01 --> Could not find the language line "mynt_buy_amazon"
ERROR - 2017-09-13 16:24:01 --> Could not find the language line "about_keywords"
ERROR - 2017-09-13 16:24:01 --> Could not find the language line "about_company"
ERROR - 2017-09-13 16:29:56 --> Could not find the language line "mynt_buy_amazon"
ERROR - 2017-09-13 16:29:56 --> Could not find the language line "about_keywords"
ERROR - 2017-09-13 16:29:56 --> Could not find the language line "about_company"
ERROR - 2017-09-13 16:30:17 --> Could not find the language line "mynt_buy_amazon"
ERROR - 2017-09-13 16:30:17 --> Could not find the language line "about_keywords"
ERROR - 2017-09-13 16:30:17 --> Could not find the language line "about_company"
