ERROR - 2016-06-22 04:23:13 --> Could not find the language line "mynt_buy_taobao"
ERROR - 2016-06-22 04:23:13 --> Could not find the language line "mynt_buy_tmall"
ERROR - 2016-06-22 04:23:13 --> Could not find the language line "mynt_buy_youzan"
ERROR - 2016-06-22 04:23:13 --> Could not find the language line "home_cloud_title"
ERROR - 2016-06-22 04:23:13 --> Could not find the language line "home_cloud_intro"
ERROR - 2016-06-22 04:23:13 --> Could not find the language line "mynt_icon_taobao"
ERROR - 2016-06-22 04:23:13 --> Could not find the language line "mynt_icon_tmall"
ERROR - 2016-06-22 04:23:13 --> Could not find the language line "mynt_icon_youzan"
ERROR - 2016-06-22 04:23:18 --> Could not find the language line "mynt_buy_taobao"
ERROR - 2016-06-22 04:23:18 --> Could not find the language line "mynt_buy_tmall"
ERROR - 2016-06-22 04:23:18 --> Could not find the language line "mynt_buy_youzan"
ERROR - 2016-06-22 04:32:29 --> Could not find the language line "mynt_buy_taobao"
ERROR - 2016-06-22 04:32:29 --> Could not find the language line "mynt_buy_tmall"
ERROR - 2016-06-22 04:32:29 --> Could not find the language line "mynt_buy_youzan"
ERROR - 2016-06-22 04:32:38 --> Could not find the language line "mynt_buy_taobao"
ERROR - 2016-06-22 04:32:38 --> Could not find the language line "mynt_buy_tmall"
ERROR - 2016-06-22 04:32:38 --> Could not find the language line "mynt_buy_youzan"
ERROR - 2016-06-22 04:34:27 --> Could not find the language line "mynt_buy_taobao"
ERROR - 2016-06-22 04:34:27 --> Could not find the language line "mynt_buy_tmall"
ERROR - 2016-06-22 04:34:27 --> Could not find the language line "mynt_buy_youzan"
ERROR - 2016-06-22 04:37:37 --> Could not find the language line "mynt_buy_taobao"
ERROR - 2016-06-22 04:37:37 --> Could not find the language line "mynt_buy_tmall"
ERROR - 2016-06-22 04:37:37 --> Could not find the language line "mynt_buy_youzan"
ERROR - 2016-06-22 04:37:58 --> Could not find the language line "mynt_buy_taobao"
ERROR - 2016-06-22 04:37:58 --> Could not find the language line "mynt_buy_tmall"
ERROR - 2016-06-22 04:37:58 --> Could not find the language line "mynt_buy_youzan"
ERROR - 2016-06-22 04:40:28 --> Could not find the language line "mynt_buy_taobao"
ERROR - 2016-06-22 04:40:28 --> Could not find the language line "mynt_buy_tmall"
ERROR - 2016-06-22 04:40:28 --> Could not find the language line "mynt_buy_youzan"
ERROR - 2016-06-22 04:40:56 --> Could not find the language line "mynt_buy_taobao"
ERROR - 2016-06-22 04:40:56 --> Could not find the language line "mynt_buy_tmall"
ERROR - 2016-06-22 04:40:56 --> Could not find the language line "mynt_buy_youzan"
ERROR - 2016-06-22 04:41:01 --> Could not find the language line "mynt_buy_taobao"
ERROR - 2016-06-22 04:41:01 --> Could not find the language line "mynt_buy_tmall"
ERROR - 2016-06-22 04:41:01 --> Could not find the language line "mynt_buy_youzan"
ERROR - 2016-06-22 04:41:28 --> Could not find the language line "mynt_buy_taobao"
ERROR - 2016-06-22 04:41:28 --> Could not find the language line "mynt_buy_tmall"
ERROR - 2016-06-22 04:41:28 --> Could not find the language line "mynt_buy_youzan"
ERROR - 2016-06-22 04:41:36 --> Could not find the language line "mynt_buy_taobao"
ERROR - 2016-06-22 04:41:36 --> Could not find the language line "mynt_buy_tmall"
ERROR - 2016-06-22 04:41:36 --> Could not find the language line "mynt_buy_youzan"
ERROR - 2016-06-22 04:42:06 --> Could not find the language line "mynt_buy_taobao"
ERROR - 2016-06-22 04:42:06 --> Could not find the language line "mynt_buy_tmall"
ERROR - 2016-06-22 04:42:06 --> Could not find the language line "mynt_buy_youzan"
ERROR - 2016-06-22 04:43:44 --> Could not find the language line "mynt_buy_taobao"
ERROR - 2016-06-22 04:43:44 --> Could not find the language line "mynt_buy_tmall"
ERROR - 2016-06-22 04:43:44 --> Could not find the language line "mynt_buy_youzan"
ERROR - 2016-06-22 04:44:01 --> Could not find the language line "mynt_buy_taobao"
ERROR - 2016-06-22 04:44:01 --> Could not find the language line "mynt_buy_tmall"
ERROR - 2016-06-22 04:44:01 --> Could not find the language line "mynt_buy_youzan"
ERROR - 2016-06-22 04:45:08 --> Could not find the language line "mynt_buy_taobao"
ERROR - 2016-06-22 04:45:08 --> Could not find the language line "mynt_buy_tmall"
ERROR - 2016-06-22 04:45:08 --> Could not find the language line "mynt_buy_youzan"
ERROR - 2016-06-22 04:46:09 --> Could not find the language line "mynt_buy_taobao"
ERROR - 2016-06-22 04:46:09 --> Could not find the language line "mynt_buy_tmall"
ERROR - 2016-06-22 04:46:09 --> Could not find the language line "mynt_buy_youzan"
ERROR - 2016-06-22 04:46:26 --> Could not find the language line "mynt_buy_taobao"
ERROR - 2016-06-22 04:46:26 --> Could not find the language line "mynt_buy_tmall"
ERROR - 2016-06-22 04:46:26 --> Could not find the language line "mynt_buy_youzan"
ERROR - 2016-06-22 04:48:23 --> Could not find the language line "mynt_buy_taobao"
ERROR - 2016-06-22 04:48:23 --> Could not find the language line "mynt_buy_tmall"
ERROR - 2016-06-22 04:48:23 --> Could not find the language line "mynt_buy_youzan"
ERROR - 2016-06-22 04:48:33 --> Could not find the language line "mynt_buy_taobao"
ERROR - 2016-06-22 04:48:33 --> Could not find the language line "mynt_buy_tmall"
ERROR - 2016-06-22 04:48:33 --> Could not find the language line "mynt_buy_youzan"
ERROR - 2016-06-22 04:49:46 --> Could not find the language line "mynt_buy_taobao"
ERROR - 2016-06-22 04:49:46 --> Could not find the language line "mynt_buy_tmall"
ERROR - 2016-06-22 04:49:46 --> Could not find the language line "mynt_buy_youzan"
ERROR - 2016-06-22 04:50:02 --> Could not find the language line "mynt_buy_taobao"
ERROR - 2016-06-22 04:50:02 --> Could not find the language line "mynt_buy_tmall"
ERROR - 2016-06-22 04:50:02 --> Could not find the language line "mynt_buy_youzan"
ERROR - 2016-06-22 05:08:45 --> Could not find the language line "mynt_buy_taobao"
ERROR - 2016-06-22 05:08:45 --> Could not find the language line "mynt_buy_tmall"
ERROR - 2016-06-22 05:08:45 --> Could not find the language line "mynt_buy_youzan"
ERROR - 2016-06-22 05:09:56 --> Could not find the language line "mynt_buy_taobao"
ERROR - 2016-06-22 05:09:56 --> Could not find the language line "mynt_buy_tmall"
ERROR - 2016-06-22 05:09:56 --> Could not find the language line "mynt_buy_youzan"
ERROR - 2016-06-22 05:14:38 --> Could not find the language line "mynt_buy_taobao"
ERROR - 2016-06-22 05:14:38 --> Could not find the language line "mynt_buy_tmall"
ERROR - 2016-06-22 05:14:38 --> Could not find the language line "mynt_buy_youzan"
ERROR - 2016-06-22 05:14:41 --> Could not find the language line "mynt_buy_taobao"
ERROR - 2016-06-22 05:14:41 --> Could not find the language line "mynt_buy_tmall"
ERROR - 2016-06-22 05:14:41 --> Could not find the language line "mynt_buy_youzan"
ERROR - 2016-06-22 05:14:54 --> Could not find the language line "mynt_buy_taobao"
ERROR - 2016-06-22 05:14:54 --> Could not find the language line "mynt_buy_tmall"
ERROR - 2016-06-22 05:14:54 --> Could not find the language line "mynt_buy_youzan"
ERROR - 2016-06-22 05:14:54 --> Could not find the language line "mynt_icon_taobao"
ERROR - 2016-06-22 05:14:54 --> Could not find the language line "mynt_icon_tmall"
ERROR - 2016-06-22 05:14:54 --> Could not find the language line "mynt_icon_youzan"
ERROR - 2016-06-22 05:14:54 --> Could not find the language line "mynt_jd_detail"
ERROR - 2016-06-22 05:14:54 --> Could not find the language line "to_buy_wd"
ERROR - 2016-06-22 05:14:54 --> Could not find the language line "slightech_wechat"
ERROR - 2016-06-22 05:14:54 --> Could not find the language line "camera_no_lost"
ERROR - 2016-06-22 05:14:54 --> Could not find the language line "key_no_lost"
ERROR - 2016-06-22 05:14:54 --> Could not find the language line "bag_no_lost"
ERROR - 2016-06-22 05:14:54 --> Could not find the language line "computer_no_lost"
ERROR - 2016-06-22 05:14:54 --> Could not find the language line "pet_no_lost"
ERROR - 2016-06-22 05:14:54 --> Could not find the language line "goal"
ERROR - 2016-06-22 05:14:54 --> Could not find the language line "fund_title"
ERROR - 2016-06-22 05:14:54 --> Could not find the language line "fund_intro"
ERROR - 2016-06-22 05:16:13 --> Could not find the language line "mynt_buy_taobao"
ERROR - 2016-06-22 05:16:13 --> Could not find the language line "mynt_buy_tmall"
ERROR - 2016-06-22 05:16:13 --> Could not find the language line "mynt_buy_youzan"
ERROR - 2016-06-22 05:18:37 --> Could not find the language line "mynt_buy_taobao"
ERROR - 2016-06-22 05:18:37 --> Could not find the language line "mynt_buy_tmall"
ERROR - 2016-06-22 05:18:37 --> Could not find the language line "mynt_buy_youzan"
ERROR - 2016-06-22 05:19:22 --> Could not find the language line "mynt_buy_taobao"
ERROR - 2016-06-22 05:19:22 --> Could not find the language line "mynt_buy_tmall"
ERROR - 2016-06-22 05:19:22 --> Could not find the language line "mynt_buy_youzan"
ERROR - 2016-06-22 05:19:52 --> Could not find the language line "mynt_buy_taobao"
ERROR - 2016-06-22 05:19:52 --> Could not find the language line "mynt_buy_tmall"
ERROR - 2016-06-22 05:19:52 --> Could not find the language line "mynt_buy_youzan"
ERROR - 2016-06-22 05:21:24 --> Could not find the language line "mynt_buy_taobao"
ERROR - 2016-06-22 05:21:24 --> Could not find the language line "mynt_buy_tmall"
ERROR - 2016-06-22 05:21:24 --> Could not find the language line "mynt_buy_youzan"
ERROR - 2016-06-22 05:21:34 --> Could not find the language line "mynt_buy_amazon"
ERROR - 2016-06-22 06:00:54 --> Could not find the language line "mynt_buy_amazon"
ERROR - 2016-06-22 06:09:29 --> Could not find the language line "mynt_buy_amazon"
ERROR - 2016-06-22 06:12:35 --> Could not find the language line "mynt_buy_amazon"
ERROR - 2016-06-22 06:15:07 --> Could not find the language line "mynt_buy_amazon"
ERROR - 2016-06-22 06:17:29 --> Could not find the language line "mynt_buy_amazon"
ERROR - 2016-06-22 06:18:40 --> Could not find the language line "mynt_buy_amazon"
ERROR - 2016-06-22 06:20:43 --> Could not find the language line "mynt_buy_amazon"
ERROR - 2016-06-22 06:21:08 --> Could not find the language line "mynt_buy_amazon"
ERROR - 2016-06-22 06:21:10 --> Could not find the language line "mynt_buy_amazon"
ERROR - 2016-06-22 06:21:43 --> Could not find the language line "mynt_buy_amazon"
ERROR - 2016-06-22 06:21:44 --> Could not find the language line "mynt_buy_amazon"
ERROR - 2016-06-22 06:21:44 --> Could not find the language line "mynt_buy_amazon"
ERROR - 2016-06-22 06:21:44 --> Could not find the language line "mynt_buy_amazon"
ERROR - 2016-06-22 06:22:52 --> Could not find the language line "mynt_buy_amazon"
ERROR - 2016-06-22 06:23:09 --> Could not find the language line "mynt_buy_amazon"
ERROR - 2016-06-22 06:23:47 --> Could not find the language line "mynt_buy_amazon"
ERROR - 2016-06-22 06:24:40 --> Could not find the language line "mynt_buy_amazon"
ERROR - 2016-06-22 06:24:52 --> Could not find the language line "mynt_buy_amazon"
ERROR - 2016-06-22 06:25:29 --> Could not find the language line "mynt_buy_amazon"
ERROR - 2016-06-22 06:25:40 --> Could not find the language line "mynt_buy_amazon"
ERROR - 2016-06-22 06:27:04 --> Could not find the language line "mynt_buy_amazon"
ERROR - 2016-06-22 06:27:19 --> Could not find the language line "mynt_buy_amazon"
ERROR - 2016-06-22 06:28:09 --> Could not find the language line "mynt_buy_amazon"
ERROR - 2016-06-22 06:28:38 --> Could not find the language line "mynt_buy_amazon"
ERROR - 2016-06-22 06:28:56 --> Could not find the language line "mynt_buy_amazon"
ERROR - 2016-06-22 06:29:10 --> Could not find the language line "mynt_buy_amazon"
ERROR - 2016-06-22 06:29:40 --> Could not find the language line "mynt_buy_amazon"
ERROR - 2016-06-22 06:30:00 --> Could not find the language line "mynt_buy_amazon"
ERROR - 2016-06-22 06:30:59 --> Could not find the language line "mynt_buy_amazon"
ERROR - 2016-06-22 06:33:03 --> Could not find the language line "mynt_buy_amazon"
ERROR - 2016-06-22 06:33:25 --> Could not find the language line "mynt_buy_amazon"
ERROR - 2016-06-22 06:34:47 --> Could not find the language line "mynt_buy_amazon"
ERROR - 2016-06-22 06:35:37 --> Could not find the language line "mynt_buy_amazon"
ERROR - 2016-06-22 06:36:09 --> Could not find the language line "mynt_buy_amazon"
ERROR - 2016-06-22 06:36:32 --> Could not find the language line "mynt_buy_amazon"
ERROR - 2016-06-22 06:36:49 --> Could not find the language line "mynt_buy_amazon"
ERROR - 2016-06-22 06:37:21 --> Could not find the language line "mynt_buy_amazon"
ERROR - 2016-06-22 06:42:14 --> Could not find the language line "mynt_buy_taobao"
ERROR - 2016-06-22 06:42:14 --> Could not find the language line "mynt_buy_tmall"
ERROR - 2016-06-22 06:42:14 --> Could not find the language line "mynt_buy_youzan"
ERROR - 2016-06-22 06:47:16 --> Could not find the language line "mynt_buy_amazon"
ERROR - 2016-06-22 06:47:17 --> Could not find the language line "mynt_buy_amazon"
ERROR - 2016-06-22 06:47:18 --> Could not find the language line "mynt_buy_amazon"
ERROR - 2016-06-22 06:47:19 --> Could not find the language line "mynt_buy_amazon"
ERROR - 2016-06-22 06:47:20 --> Could not find the language line "mynt_buy_amazon"
ERROR - 2016-06-22 06:47:21 --> Could not find the language line "mynt_buy_amazon"
ERROR - 2016-06-22 06:47:21 --> Could not find the language line "mynt_buy_amazon"
ERROR - 2016-06-22 06:47:22 --> Could not find the language line "mynt_buy_amazon"
ERROR - 2016-06-22 06:47:22 --> Could not find the language line "mynt_buy_amazon"
ERROR - 2016-06-22 06:47:23 --> Could not find the language line "mynt_buy_amazon"
ERROR - 2016-06-22 06:47:23 --> Could not find the language line "mynt_buy_amazon"
ERROR - 2016-06-22 06:47:23 --> Could not find the language line "mynt_buy_amazon"
ERROR - 2016-06-22 06:47:23 --> Could not find the language line "mynt_buy_amazon"
ERROR - 2016-06-22 06:47:23 --> Could not find the language line "mynt_buy_amazon"
ERROR - 2016-06-22 06:47:24 --> Could not find the language line "mynt_buy_amazon"
ERROR - 2016-06-22 06:47:49 --> Could not find the language line "mynt_buy_amazon"
ERROR - 2016-06-22 06:47:50 --> Could not find the language line "mynt_buy_amazon"
ERROR - 2016-06-22 06:47:50 --> Could not find the language line "mynt_buy_amazon"
ERROR - 2016-06-22 06:47:51 --> Could not find the language line "mynt_buy_amazon"
ERROR - 2016-06-22 06:47:51 --> Could not find the language line "mynt_buy_amazon"
ERROR - 2016-06-22 06:47:51 --> Could not find the language line "mynt_buy_amazon"
ERROR - 2016-06-22 06:47:51 --> Could not find the language line "mynt_buy_amazon"
ERROR - 2016-06-22 06:47:51 --> Could not find the language line "mynt_buy_amazon"
ERROR - 2016-06-22 06:47:51 --> Could not find the language line "mynt_buy_amazon"
ERROR - 2016-06-22 06:47:52 --> Could not find the language line "mynt_buy_amazon"
ERROR - 2016-06-22 06:47:52 --> Could not find the language line "mynt_buy_amazon"
ERROR - 2016-06-22 06:47:52 --> Could not find the language line "mynt_buy_amazon"
ERROR - 2016-06-22 06:47:52 --> Could not find the language line "mynt_buy_amazon"
ERROR - 2016-06-22 06:47:53 --> Could not find the language line "mynt_buy_amazon"
ERROR - 2016-06-22 06:47:53 --> Could not find the language line "mynt_buy_amazon"
ERROR - 2016-06-22 06:47:53 --> Could not find the language line "mynt_buy_amazon"
ERROR - 2016-06-22 06:47:53 --> Could not find the language line "mynt_buy_amazon"
ERROR - 2016-06-22 06:47:53 --> Could not find the language line "mynt_buy_amazon"
ERROR - 2016-06-22 06:47:54 --> Could not find the language line "mynt_buy_amazon"
ERROR - 2016-06-22 06:47:54 --> Could not find the language line "mynt_buy_amazon"
ERROR - 2016-06-22 06:47:54 --> Could not find the language line "mynt_buy_amazon"
ERROR - 2016-06-22 06:47:54 --> Could not find the language line "mynt_buy_amazon"
ERROR - 2016-06-22 06:47:54 --> Could not find the language line "mynt_buy_amazon"
ERROR - 2016-06-22 06:47:54 --> Could not find the language line "mynt_buy_amazon"
ERROR - 2016-06-22 06:47:55 --> Could not find the language line "mynt_buy_amazon"
ERROR - 2016-06-22 06:47:55 --> Could not find the language line "mynt_buy_amazon"
ERROR - 2016-06-22 06:47:55 --> Could not find the language line "mynt_buy_amazon"
ERROR - 2016-06-22 06:47:55 --> Could not find the language line "mynt_buy_amazon"
ERROR - 2016-06-22 06:47:55 --> Could not find the language line "mynt_buy_amazon"
ERROR - 2016-06-22 06:47:56 --> Could not find the language line "mynt_buy_amazon"
ERROR - 2016-06-22 06:47:56 --> Could not find the language line "mynt_buy_amazon"
ERROR - 2016-06-22 06:48:26 --> Could not find the language line "mynt_buy_amazon"
ERROR - 2016-06-22 06:48:29 --> Could not find the language line "mynt_buy_amazon"
ERROR - 2016-06-22 06:48:29 --> Could not find the language line "mynt_buy_amazon"
ERROR - 2016-06-22 06:48:29 --> Could not find the language line "mynt_buy_amazon"
ERROR - 2016-06-22 06:48:30 --> Could not find the language line "mynt_buy_amazon"
ERROR - 2016-06-22 06:48:30 --> Could not find the language line "mynt_buy_amazon"
ERROR - 2016-06-22 06:48:40 --> Could not find the language line "mynt_buy_amazon"
ERROR - 2016-06-22 06:59:58 --> Could not find the language line "mynt_buy_amazon"
ERROR - 2016-06-22 06:59:59 --> Could not find the language line "mynt_buy_amazon"
ERROR - 2016-06-22 06:59:59 --> Could not find the language line "mynt_buy_amazon"
ERROR - 2016-06-22 07:00:00 --> Could not find the language line "mynt_buy_amazon"
ERROR - 2016-06-22 07:00:00 --> Could not find the language line "mynt_buy_amazon"
ERROR - 2016-06-22 07:00:51 --> Could not find the language line "mynt_buy_amazon"
