ERROR - 2017-06-27 08:56:33 --> Could not find the language line "mynt_buy_taobao"
ERROR - 2017-06-27 08:56:33 --> Could not find the language line "mynt_buy_tmall"
ERROR - 2017-06-27 08:56:33 --> Could not find the language line "mynt_buy_youzan"
ERROR - 2017-06-27 08:56:33 --> Could not find the language line "mynt_buy_jd"
ERROR - 2017-06-27 08:56:34 --> Could not find the language line "mynt_buy_taobao"
ERROR - 2017-06-27 08:56:34 --> Could not find the language line "mynt_buy_tmall"
ERROR - 2017-06-27 08:56:34 --> Could not find the language line "mynt_buy_youzan"
ERROR - 2017-06-27 08:56:34 --> Could not find the language line "mynt_buy_jd"
ERROR - 2017-06-27 09:01:17 --> Could not find the language line "mynt_buy_taobao"
ERROR - 2017-06-27 09:01:17 --> Could not find the language line "mynt_buy_tmall"
ERROR - 2017-06-27 09:01:17 --> Could not find the language line "mynt_buy_youzan"
ERROR - 2017-06-27 09:01:17 --> Could not find the language line "mynt_buy_jd"
ERROR - 2017-06-27 09:01:17 --> Could not find the language line "mynt_buy_taobao"
ERROR - 2017-06-27 09:01:17 --> Could not find the language line "mynt_buy_tmall"
ERROR - 2017-06-27 09:01:17 --> Could not find the language line "mynt_buy_youzan"
ERROR - 2017-06-27 09:01:17 --> Could not find the language line "mynt_buy_jd"
ERROR - 2017-06-27 09:01:33 --> Could not find the language line "mynt_buy_taobao"
ERROR - 2017-06-27 09:01:33 --> Could not find the language line "mynt_buy_tmall"
ERROR - 2017-06-27 09:01:33 --> Could not find the language line "mynt_buy_youzan"
ERROR - 2017-06-27 09:01:33 --> Could not find the language line "mynt_buy_jd"
ERROR - 2017-06-27 09:01:33 --> Could not find the language line "mynt_buy_taobao"
ERROR - 2017-06-27 09:01:33 --> Could not find the language line "mynt_buy_tmall"
ERROR - 2017-06-27 09:01:33 --> Could not find the language line "mynt_buy_youzan"
ERROR - 2017-06-27 09:01:33 --> Could not find the language line "mynt_buy_jd"
ERROR - 2017-06-27 09:11:27 --> Could not find the language line "mynt_buy_taobao"
ERROR - 2017-06-27 09:11:27 --> Could not find the language line "mynt_buy_tmall"
ERROR - 2017-06-27 09:11:27 --> Could not find the language line "mynt_buy_youzan"
ERROR - 2017-06-27 09:11:27 --> Could not find the language line "mynt_buy_jd"
ERROR - 2017-06-27 09:11:28 --> Could not find the language line "mynt_buy_taobao"
ERROR - 2017-06-27 09:11:28 --> Could not find the language line "mynt_buy_tmall"
ERROR - 2017-06-27 09:11:28 --> Could not find the language line "mynt_buy_youzan"
ERROR - 2017-06-27 09:11:28 --> Could not find the language line "mynt_buy_jd"
ERROR - 2017-06-27 09:12:39 --> Could not find the language line "mynt_buy_taobao"
ERROR - 2017-06-27 09:12:39 --> Could not find the language line "mynt_buy_tmall"
ERROR - 2017-06-27 09:12:39 --> Could not find the language line "mynt_buy_youzan"
ERROR - 2017-06-27 09:12:39 --> Could not find the language line "mynt_buy_jd"
ERROR - 2017-06-27 09:12:40 --> Could not find the language line "mynt_buy_taobao"
ERROR - 2017-06-27 09:12:40 --> Could not find the language line "mynt_buy_tmall"
ERROR - 2017-06-27 09:12:40 --> Could not find the language line "mynt_buy_youzan"
ERROR - 2017-06-27 09:12:40 --> Could not find the language line "mynt_buy_jd"
ERROR - 2017-06-27 09:15:49 --> Could not find the language line "mynt_buy_taobao"
ERROR - 2017-06-27 09:15:49 --> Could not find the language line "mynt_buy_tmall"
ERROR - 2017-06-27 09:15:49 --> Could not find the language line "mynt_buy_youzan"
ERROR - 2017-06-27 09:15:49 --> Could not find the language line "mynt_buy_jd"
ERROR - 2017-06-27 09:15:49 --> Could not find the language line "mynt_buy_taobao"
ERROR - 2017-06-27 09:15:49 --> Could not find the language line "mynt_buy_tmall"
ERROR - 2017-06-27 09:15:49 --> Could not find the language line "mynt_buy_youzan"
ERROR - 2017-06-27 09:15:49 --> Could not find the language line "mynt_buy_jd"
ERROR - 2017-06-27 09:16:05 --> Could not find the language line "mynt_buy_taobao"
ERROR - 2017-06-27 09:16:05 --> Could not find the language line "mynt_buy_tmall"
ERROR - 2017-06-27 09:16:05 --> Could not find the language line "mynt_buy_youzan"
ERROR - 2017-06-27 09:16:05 --> Could not find the language line "mynt_buy_jd"
ERROR - 2017-06-27 09:16:05 --> Could not find the language line "mynt_buy_taobao"
ERROR - 2017-06-27 09:16:05 --> Could not find the language line "mynt_buy_tmall"
ERROR - 2017-06-27 09:16:05 --> Could not find the language line "mynt_buy_youzan"
ERROR - 2017-06-27 09:16:05 --> Could not find the language line "mynt_buy_jd"
ERROR - 2017-06-27 10:09:01 --> Severity: Parsing Error --> parse error /Users/fantingsheng/website/application/core/MY_Controller.php 101
ERROR - 2017-06-27 10:51:21 --> Could not find the language line "mynt_buy_taobao"
ERROR - 2017-06-27 10:51:21 --> Could not find the language line "mynt_buy_tmall"
ERROR - 2017-06-27 10:51:21 --> Could not find the language line "mynt_buy_jd"
ERROR - 2017-06-27 10:51:33 --> Could not find the language line "mynt_buy_taobao"
ERROR - 2017-06-27 10:51:33 --> Could not find the language line "mynt_buy_tmall"
ERROR - 2017-06-27 10:51:33 --> Could not find the language line "mynt_buy_jd"
ERROR - 2017-06-27 10:51:33 --> Could not find the language line "home_cloud_title"
ERROR - 2017-06-27 10:51:33 --> Could not find the language line "home_cloud_intro"
ERROR - 2017-06-27 10:51:33 --> Could not find the language line "mynt_icon_taobao"
ERROR - 2017-06-27 10:51:33 --> Could not find the language line "mynt_icon_tmall"
ERROR - 2017-06-27 10:51:33 --> Could not find the language line "mynt_icon_youzan"
ERROR - 2017-06-27 10:51:33 --> Could not find the language line "mynt_buy_taobao"
ERROR - 2017-06-27 10:51:33 --> Could not find the language line "mynt_buy_tmall"
ERROR - 2017-06-27 10:51:33 --> Could not find the language line "mynt_buy_jd"
ERROR - 2017-06-27 10:53:40 --> Could not find the language line "mynt_buy_taobao"
ERROR - 2017-06-27 10:53:40 --> Could not find the language line "mynt_buy_tmall"
ERROR - 2017-06-27 10:53:40 --> Could not find the language line "mynt_buy_jd"
ERROR - 2017-06-27 10:53:40 --> Could not find the language line "home_cloud_title"
ERROR - 2017-06-27 10:53:40 --> Could not find the language line "home_cloud_intro"
ERROR - 2017-06-27 10:53:40 --> Could not find the language line "mynt_icon_taobao"
ERROR - 2017-06-27 10:53:40 --> Could not find the language line "mynt_icon_tmall"
ERROR - 2017-06-27 10:53:40 --> Could not find the language line "mynt_icon_youzan"
ERROR - 2017-06-27 10:53:40 --> Could not find the language line "mynt_buy_taobao"
ERROR - 2017-06-27 10:53:40 --> Could not find the language line "mynt_buy_tmall"
ERROR - 2017-06-27 10:53:40 --> Could not find the language line "mynt_buy_jd"
ERROR - 2017-06-27 10:53:46 --> Could not find the language line "mynt_buy_taobao"
ERROR - 2017-06-27 10:53:46 --> Could not find the language line "mynt_buy_tmall"
ERROR - 2017-06-27 10:53:46 --> Could not find the language line "mynt_buy_jd"
ERROR - 2017-06-27 10:53:46 --> Could not find the language line "mynt_buy_taobao"
ERROR - 2017-06-27 10:53:46 --> Could not find the language line "mynt_buy_tmall"
ERROR - 2017-06-27 10:53:46 --> Could not find the language line "mynt_buy_jd"
ERROR - 2017-06-27 10:53:47 --> Could not find the language line "mynt_buy_taobao"
ERROR - 2017-06-27 10:53:47 --> Could not find the language line "mynt_buy_tmall"
ERROR - 2017-06-27 10:53:47 --> Could not find the language line "mynt_buy_jd"
ERROR - 2017-06-27 10:53:47 --> Could not find the language line "about_keywords"
ERROR - 2017-06-27 10:53:47 --> Could not find the language line "about_facebook"
ERROR - 2017-06-27 10:53:47 --> Could not find the language line "about_twitter"
ERROR - 2017-06-27 10:53:47 --> Could not find the language line "about_weibo"
ERROR - 2017-06-27 10:53:47 --> Could not find the language line "mynt_buy_taobao"
ERROR - 2017-06-27 10:53:47 --> Could not find the language line "mynt_buy_tmall"
ERROR - 2017-06-27 10:53:47 --> Could not find the language line "mynt_buy_jd"
ERROR - 2017-06-27 10:53:49 --> Could not find the language line "mynt_buy_taobao"
ERROR - 2017-06-27 10:53:49 --> Could not find the language line "mynt_buy_tmall"
ERROR - 2017-06-27 10:53:49 --> Could not find the language line "mynt_buy_jd"
ERROR - 2017-06-27 10:53:52 --> Could not find the language line "mynt_buy_taobao"
ERROR - 2017-06-27 10:53:52 --> Could not find the language line "mynt_buy_tmall"
ERROR - 2017-06-27 10:53:52 --> Could not find the language line "mynt_buy_jd"
ERROR - 2017-06-27 10:53:57 --> Could not find the language line "mynt_buy_taobao"
ERROR - 2017-06-27 10:53:57 --> Could not find the language line "mynt_buy_tmall"
ERROR - 2017-06-27 10:53:57 --> Could not find the language line "mynt_buy_jd"
ERROR - 2017-06-27 10:53:57 --> Could not find the language line "mynt_icon_taobao"
ERROR - 2017-06-27 10:53:57 --> Could not find the language line "mynt_icon_tmall"
ERROR - 2017-06-27 10:53:57 --> Could not find the language line "mynt_icon_youzan"
ERROR - 2017-06-27 10:53:57 --> Could not find the language line "mynt_icon_jd"
ERROR - 2017-06-27 10:53:57 --> Could not find the language line "mynt_jd_detail"
ERROR - 2017-06-27 10:53:57 --> Could not find the language line "to_buy_wd"
ERROR - 2017-06-27 10:53:57 --> Could not find the language line "slightech_wechat"
ERROR - 2017-06-27 10:53:57 --> Could not find the language line "camera_no_lost"
ERROR - 2017-06-27 10:53:57 --> Could not find the language line "key_no_lost"
ERROR - 2017-06-27 10:53:57 --> Could not find the language line "bag_no_lost"
ERROR - 2017-06-27 10:53:57 --> Could not find the language line "computer_no_lost"
ERROR - 2017-06-27 10:53:57 --> Could not find the language line "pet_no_lost"
ERROR - 2017-06-27 10:53:57 --> Could not find the language line "goal"
ERROR - 2017-06-27 10:53:57 --> Could not find the language line "fund_title"
ERROR - 2017-06-27 10:53:57 --> Could not find the language line "fund_intro"
ERROR - 2017-06-27 10:53:57 --> Could not find the language line "mynt_buy_taobao"
ERROR - 2017-06-27 10:53:57 --> Could not find the language line "mynt_buy_tmall"
ERROR - 2017-06-27 10:53:57 --> Could not find the language line "mynt_buy_jd"
ERROR - 2017-06-27 10:54:09 --> Could not find the language line "mynt_buy_taobao"
ERROR - 2017-06-27 10:54:09 --> Could not find the language line "mynt_buy_tmall"
ERROR - 2017-06-27 10:54:09 --> Could not find the language line "mynt_buy_jd"
ERROR - 2017-06-27 10:54:09 --> Could not find the language line "mynt_buy_taobao"
ERROR - 2017-06-27 10:54:09 --> Could not find the language line "mynt_buy_tmall"
ERROR - 2017-06-27 10:54:09 --> Could not find the language line "mynt_buy_jd"
ERROR - 2017-06-27 10:54:15 --> Could not find the language line "mynt_buy_taobao"
ERROR - 2017-06-27 10:54:15 --> Could not find the language line "mynt_buy_tmall"
ERROR - 2017-06-27 10:54:15 --> Could not find the language line "mynt_buy_jd"
ERROR - 2017-06-27 10:54:15 --> Could not find the language line "mynt_buy_taobao"
ERROR - 2017-06-27 10:54:15 --> Could not find the language line "mynt_buy_tmall"
ERROR - 2017-06-27 10:54:15 --> Could not find the language line "mynt_buy_jd"
ERROR - 2017-06-27 10:54:27 --> Could not find the language line "mynt_buy_taobao"
ERROR - 2017-06-27 10:54:27 --> Could not find the language line "mynt_buy_tmall"
ERROR - 2017-06-27 10:54:27 --> Could not find the language line "mynt_buy_jd"
ERROR - 2017-06-27 10:54:40 --> Could not find the language line "mynt_buy_taobao"
ERROR - 2017-06-27 10:54:40 --> Could not find the language line "mynt_buy_tmall"
ERROR - 2017-06-27 10:54:40 --> Could not find the language line "mynt_buy_jd"
ERROR - 2017-06-27 10:54:50 --> 404 Page Not Found: Fa/index
ERROR - 2017-06-27 10:54:53 --> 404 Page Not Found: Faq/index
ERROR - 2017-06-27 10:54:58 --> Could not find the language line "mynt_buy_taobao"
ERROR - 2017-06-27 10:54:58 --> Could not find the language line "mynt_buy_tmall"
ERROR - 2017-06-27 10:54:58 --> Could not find the language line "mynt_buy_jd"
ERROR - 2017-06-27 10:54:58 --> Could not find the language line "mynt_buy_taobao"
ERROR - 2017-06-27 10:54:58 --> Could not find the language line "mynt_buy_tmall"
ERROR - 2017-06-27 10:54:58 --> Could not find the language line "mynt_buy_jd"
ERROR - 2017-06-27 10:55:07 --> Could not find the language line "mynt_buy_taobao"
ERROR - 2017-06-27 10:55:07 --> Could not find the language line "mynt_buy_tmall"
ERROR - 2017-06-27 10:55:07 --> Could not find the language line "mynt_buy_jd"
ERROR - 2017-06-27 10:55:07 --> Could not find the language line "mynt_buy_taobao"
ERROR - 2017-06-27 10:55:07 --> Could not find the language line "mynt_buy_tmall"
ERROR - 2017-06-27 10:55:07 --> Could not find the language line "mynt_buy_jd"
ERROR - 2017-06-27 10:56:00 --> Could not find the language line "mynt_buy_taobao"
ERROR - 2017-06-27 10:56:00 --> Could not find the language line "mynt_buy_tmall"
ERROR - 2017-06-27 10:56:00 --> Could not find the language line "mynt_buy_jd"
ERROR - 2017-06-27 10:56:00 --> Could not find the language line "mynt_buy_taobao"
ERROR - 2017-06-27 10:56:00 --> Could not find the language line "mynt_buy_tmall"
ERROR - 2017-06-27 10:56:00 --> Could not find the language line "mynt_buy_jd"
ERROR - 2017-06-27 10:56:04 --> Could not find the language line "mynt_buy_taobao"
ERROR - 2017-06-27 10:56:04 --> Could not find the language line "mynt_buy_tmall"
ERROR - 2017-06-27 10:56:04 --> Could not find the language line "mynt_buy_jd"
ERROR - 2017-06-27 10:56:04 --> Could not find the language line "mynt_buy_taobao"
ERROR - 2017-06-27 10:56:04 --> Could not find the language line "mynt_buy_tmall"
ERROR - 2017-06-27 10:56:04 --> Could not find the language line "mynt_buy_jd"
ERROR - 2017-06-27 10:56:06 --> Could not find the language line "mynt_buy_taobao"
ERROR - 2017-06-27 10:56:06 --> Could not find the language line "mynt_buy_tmall"
ERROR - 2017-06-27 10:56:06 --> Could not find the language line "mynt_buy_jd"
ERROR - 2017-06-27 10:56:06 --> Could not find the language line "mynt_buy_taobao"
ERROR - 2017-06-27 10:56:06 --> Could not find the language line "mynt_buy_tmall"
ERROR - 2017-06-27 10:56:06 --> Could not find the language line "mynt_buy_jd"
ERROR - 2017-06-27 10:56:07 --> Could not find the language line "mynt_buy_taobao"
ERROR - 2017-06-27 10:56:07 --> Could not find the language line "mynt_buy_tmall"
ERROR - 2017-06-27 10:56:07 --> Could not find the language line "mynt_buy_jd"
ERROR - 2017-06-27 10:56:09 --> Could not find the language line "mynt_buy_taobao"
ERROR - 2017-06-27 10:56:09 --> Could not find the language line "mynt_buy_tmall"
ERROR - 2017-06-27 10:56:09 --> Could not find the language line "mynt_buy_jd"
ERROR - 2017-06-27 10:56:22 --> Could not find the language line "mynt_buy_taobao"
ERROR - 2017-06-27 10:56:22 --> Could not find the language line "mynt_buy_tmall"
ERROR - 2017-06-27 10:56:22 --> Could not find the language line "mynt_buy_jd"
ERROR - 2017-06-27 10:56:34 --> Could not find the language line "mynt_buy_taobao"
ERROR - 2017-06-27 10:56:34 --> Could not find the language line "mynt_buy_tmall"
ERROR - 2017-06-27 10:56:34 --> Could not find the language line "mynt_buy_jd"
ERROR - 2017-06-27 10:56:56 --> Could not find the language line "mynt_buy_taobao"
ERROR - 2017-06-27 10:56:56 --> Could not find the language line "mynt_buy_tmall"
ERROR - 2017-06-27 10:56:56 --> Could not find the language line "mynt_buy_jd"
ERROR - 2017-06-27 10:56:56 --> Could not find the language line "mynt_icon_taobao"
ERROR - 2017-06-27 10:56:56 --> Could not find the language line "mynt_icon_tmall"
ERROR - 2017-06-27 10:56:56 --> Could not find the language line "mynt_icon_youzan"
ERROR - 2017-06-27 10:56:56 --> Could not find the language line "mynt_icon_jd"
ERROR - 2017-06-27 10:56:56 --> Could not find the language line "mynt_jd_detail"
ERROR - 2017-06-27 10:56:56 --> Could not find the language line "to_buy_wd"
ERROR - 2017-06-27 10:56:56 --> Could not find the language line "slightech_wechat"
ERROR - 2017-06-27 10:56:56 --> Could not find the language line "camera_no_lost"
ERROR - 2017-06-27 10:56:56 --> Could not find the language line "key_no_lost"
ERROR - 2017-06-27 10:56:56 --> Could not find the language line "bag_no_lost"
ERROR - 2017-06-27 10:56:56 --> Could not find the language line "computer_no_lost"
ERROR - 2017-06-27 10:56:56 --> Could not find the language line "pet_no_lost"
ERROR - 2017-06-27 10:56:56 --> Could not find the language line "goal"
ERROR - 2017-06-27 10:56:56 --> Could not find the language line "fund_title"
ERROR - 2017-06-27 10:56:56 --> Could not find the language line "fund_intro"
ERROR - 2017-06-27 10:56:56 --> Could not find the language line "mynt_buy_taobao"
ERROR - 2017-06-27 10:56:56 --> Could not find the language line "mynt_buy_tmall"
ERROR - 2017-06-27 10:56:56 --> Could not find the language line "mynt_buy_jd"
ERROR - 2017-06-27 10:58:54 --> Could not find the language line "mynt_buy_taobao"
ERROR - 2017-06-27 10:58:54 --> Could not find the language line "mynt_buy_tmall"
ERROR - 2017-06-27 10:58:54 --> Could not find the language line "mynt_buy_jd"
ERROR - 2017-06-27 10:58:54 --> Could not find the language line "mynt_icon_taobao"
ERROR - 2017-06-27 10:58:54 --> Could not find the language line "mynt_icon_tmall"
ERROR - 2017-06-27 10:58:54 --> Could not find the language line "mynt_icon_youzan"
ERROR - 2017-06-27 10:58:54 --> Could not find the language line "mynt_icon_jd"
ERROR - 2017-06-27 10:58:54 --> Could not find the language line "mynt_jd_detail"
ERROR - 2017-06-27 10:58:54 --> Could not find the language line "to_buy_wd"
ERROR - 2017-06-27 10:58:54 --> Could not find the language line "slightech_wechat"
ERROR - 2017-06-27 10:58:54 --> Could not find the language line "camera_no_lost"
ERROR - 2017-06-27 10:58:54 --> Could not find the language line "key_no_lost"
ERROR - 2017-06-27 10:58:54 --> Could not find the language line "bag_no_lost"
ERROR - 2017-06-27 10:58:54 --> Could not find the language line "computer_no_lost"
ERROR - 2017-06-27 10:58:54 --> Could not find the language line "pet_no_lost"
ERROR - 2017-06-27 10:58:54 --> Could not find the language line "goal"
ERROR - 2017-06-27 10:58:54 --> Could not find the language line "fund_title"
ERROR - 2017-06-27 10:58:54 --> Could not find the language line "fund_intro"
ERROR - 2017-06-27 10:58:54 --> Could not find the language line "mynt_buy_taobao"
ERROR - 2017-06-27 10:58:54 --> Could not find the language line "mynt_buy_tmall"
ERROR - 2017-06-27 10:58:54 --> Could not find the language line "mynt_buy_jd"
ERROR - 2017-06-27 11:00:06 --> 404 Page Not Found: Gps/index
ERROR - 2017-06-27 11:00:12 --> 404 Page Not Found: Gmps/index
ERROR - 2017-06-27 11:00:18 --> Could not find the language line "mynt_buy_taobao"
ERROR - 2017-06-27 11:00:18 --> Could not find the language line "mynt_buy_tmall"
ERROR - 2017-06-27 11:00:18 --> Could not find the language line "mynt_buy_jd"
ERROR - 2017-06-27 11:00:18 --> Could not find the language line "mynt_buy_taobao"
ERROR - 2017-06-27 11:00:18 --> Could not find the language line "mynt_buy_tmall"
ERROR - 2017-06-27 11:00:18 --> Could not find the language line "mynt_buy_jd"
ERROR - 2017-06-27 11:21:57 --> Severity: Parsing Error --> parse error /Users/fantingsheng/website/application/core/MY_Controller.php 102
ERROR - 2017-06-27 11:22:03 --> Severity: Parsing Error --> parse error /Users/fantingsheng/website/application/core/MY_Controller.php 102
ERROR - 2017-06-27 11:22:06 --> Severity: Parsing Error --> parse error /Users/fantingsheng/website/application/core/MY_Controller.php 102
ERROR - 2017-06-27 11:23:25 --> Severity: Parsing Error --> parse error /Users/fantingsheng/website/application/core/MY_Controller.php 96
ERROR - 2017-06-27 11:23:32 --> Severity: Parsing Error --> parse error /Users/fantingsheng/website/application/core/MY_Controller.php 96
ERROR - 2017-06-27 11:23:57 --> Severity: Parsing Error --> parse error /Users/fantingsheng/website/application/core/MY_Controller.php 102
ERROR - 2017-06-27 11:24:11 --> Severity: Parsing Error --> parse error /Users/fantingsheng/website/application/core/MY_Controller.php 102
ERROR - 2017-06-27 11:24:12 --> Severity: Parsing Error --> parse error /Users/fantingsheng/website/application/core/MY_Controller.php 102
ERROR - 2017-06-27 11:24:12 --> Severity: Parsing Error --> parse error /Users/fantingsheng/website/application/core/MY_Controller.php 102
ERROR - 2017-06-27 11:24:12 --> Severity: Parsing Error --> parse error /Users/fantingsheng/website/application/core/MY_Controller.php 102
ERROR - 2017-06-27 11:24:13 --> Severity: Parsing Error --> parse error /Users/fantingsheng/website/application/core/MY_Controller.php 102
ERROR - 2017-06-27 11:27:07 --> Could not find the language line "mynt_buy_taobao"
ERROR - 2017-06-27 11:27:07 --> Could not find the language line "mynt_buy_tmall"
ERROR - 2017-06-27 11:27:07 --> Could not find the language line "mynt_buy_jd"
ERROR - 2017-06-27 11:27:07 --> Could not find the language line "home_cloud_title"
ERROR - 2017-06-27 11:27:07 --> Could not find the language line "home_cloud_intro"
ERROR - 2017-06-27 11:27:07 --> Could not find the language line "mynt_icon_taobao"
ERROR - 2017-06-27 11:27:07 --> Could not find the language line "mynt_icon_tmall"
ERROR - 2017-06-27 11:27:07 --> Could not find the language line "mynt_icon_youzan"
ERROR - 2017-06-27 11:27:07 --> Could not find the language line "mynt_buy_taobao"
ERROR - 2017-06-27 11:27:07 --> Could not find the language line "mynt_buy_tmall"
ERROR - 2017-06-27 11:27:07 --> Could not find the language line "mynt_buy_jd"
ERROR - 2017-06-27 11:27:33 --> Could not find the language line "mynt_buy_taobao"
ERROR - 2017-06-27 11:27:33 --> Could not find the language line "mynt_buy_tmall"
ERROR - 2017-06-27 11:27:33 --> Could not find the language line "mynt_buy_jd"
ERROR - 2017-06-27 11:27:33 --> Could not find the language line "home_cloud_title"
ERROR - 2017-06-27 11:27:33 --> Could not find the language line "home_cloud_intro"
ERROR - 2017-06-27 11:27:33 --> Could not find the language line "mynt_icon_taobao"
ERROR - 2017-06-27 11:27:33 --> Could not find the language line "mynt_icon_tmall"
ERROR - 2017-06-27 11:27:33 --> Could not find the language line "mynt_icon_youzan"
ERROR - 2017-06-27 11:27:33 --> Could not find the language line "mynt_buy_taobao"
ERROR - 2017-06-27 11:27:33 --> Could not find the language line "mynt_buy_tmall"
ERROR - 2017-06-27 11:27:33 --> Could not find the language line "mynt_buy_jd"
ERROR - 2017-06-27 11:28:27 --> Severity: Parsing Error --> parse error /Users/fantingsheng/website/application/core/MY_Controller.php 96
ERROR - 2017-06-27 11:29:14 --> Could not find the language line "mynt_buy_taobao"
ERROR - 2017-06-27 11:29:14 --> Could not find the language line "mynt_buy_tmall"
ERROR - 2017-06-27 11:29:14 --> Could not find the language line "mynt_buy_jd"
ERROR - 2017-06-27 11:29:14 --> Could not find the language line "home_cloud_title"
ERROR - 2017-06-27 11:29:14 --> Could not find the language line "home_cloud_intro"
ERROR - 2017-06-27 11:29:14 --> Could not find the language line "mynt_icon_taobao"
ERROR - 2017-06-27 11:29:14 --> Could not find the language line "mynt_icon_tmall"
ERROR - 2017-06-27 11:29:14 --> Could not find the language line "mynt_icon_youzan"
ERROR - 2017-06-27 11:29:14 --> Could not find the language line "mynt_buy_taobao"
ERROR - 2017-06-27 11:29:14 --> Could not find the language line "mynt_buy_tmall"
ERROR - 2017-06-27 11:29:14 --> Could not find the language line "mynt_buy_jd"
ERROR - 2017-06-27 11:30:16 --> Could not find the language line "mynt_buy_taobao"
ERROR - 2017-06-27 11:30:16 --> Could not find the language line "mynt_buy_tmall"
ERROR - 2017-06-27 11:30:16 --> Could not find the language line "mynt_buy_jd"
ERROR - 2017-06-27 11:30:16 --> Could not find the language line "home_cloud_title"
ERROR - 2017-06-27 11:30:16 --> Could not find the language line "home_cloud_intro"
ERROR - 2017-06-27 11:30:16 --> Could not find the language line "mynt_icon_taobao"
ERROR - 2017-06-27 11:30:16 --> Could not find the language line "mynt_icon_tmall"
ERROR - 2017-06-27 11:30:16 --> Could not find the language line "mynt_icon_youzan"
ERROR - 2017-06-27 11:30:17 --> Could not find the language line "mynt_buy_taobao"
ERROR - 2017-06-27 11:30:17 --> Could not find the language line "mynt_buy_tmall"
ERROR - 2017-06-27 11:30:17 --> Could not find the language line "mynt_buy_jd"
ERROR - 2017-06-27 11:36:49 --> Could not find the language line "mynt_buy_taobao"
ERROR - 2017-06-27 11:36:49 --> Could not find the language line "mynt_buy_tmall"
ERROR - 2017-06-27 11:36:49 --> Could not find the language line "mynt_buy_jd"
ERROR - 2017-06-27 11:36:49 --> Could not find the language line "home_cloud_title"
ERROR - 2017-06-27 11:36:49 --> Could not find the language line "home_cloud_intro"
ERROR - 2017-06-27 11:36:49 --> Could not find the language line "mynt_icon_taobao"
ERROR - 2017-06-27 11:36:49 --> Could not find the language line "mynt_icon_tmall"
ERROR - 2017-06-27 11:36:49 --> Could not find the language line "mynt_icon_youzan"
ERROR - 2017-06-27 11:36:49 --> Could not find the language line "mynt_buy_taobao"
ERROR - 2017-06-27 11:36:49 --> Could not find the language line "mynt_buy_tmall"
ERROR - 2017-06-27 11:36:49 --> Could not find the language line "mynt_buy_jd"
ERROR - 2017-06-27 11:38:02 --> Severity: Parsing Error --> parse error, expecting `')'' /Users/fantingsheng/website/application/core/MY_Controller.php 106
ERROR - 2017-06-27 11:38:12 --> Could not find the language line "mynt_buy_taobao"
ERROR - 2017-06-27 11:38:12 --> Could not find the language line "mynt_buy_tmall"
ERROR - 2017-06-27 11:38:12 --> Could not find the language line "mynt_buy_jd"
ERROR - 2017-06-27 11:38:12 --> Could not find the language line "home_cloud_title"
ERROR - 2017-06-27 11:38:12 --> Could not find the language line "home_cloud_intro"
ERROR - 2017-06-27 11:38:12 --> Could not find the language line "mynt_icon_taobao"
ERROR - 2017-06-27 11:38:12 --> Could not find the language line "mynt_icon_tmall"
ERROR - 2017-06-27 11:38:12 --> Could not find the language line "mynt_icon_youzan"
ERROR - 2017-06-27 11:38:12 --> Could not find the language line "mynt_buy_taobao"
ERROR - 2017-06-27 11:38:12 --> Could not find the language line "mynt_buy_tmall"
ERROR - 2017-06-27 11:38:12 --> Could not find the language line "mynt_buy_jd"
ERROR - 2017-06-27 11:38:28 --> Could not find the language line "mynt_buy_taobao"
ERROR - 2017-06-27 11:38:28 --> Could not find the language line "mynt_buy_tmall"
ERROR - 2017-06-27 11:38:28 --> Could not find the language line "mynt_buy_jd"
ERROR - 2017-06-27 11:38:28 --> Could not find the language line "home_cloud_title"
ERROR - 2017-06-27 11:38:28 --> Could not find the language line "home_cloud_intro"
ERROR - 2017-06-27 11:38:28 --> Could not find the language line "mynt_icon_taobao"
ERROR - 2017-06-27 11:38:28 --> Could not find the language line "mynt_icon_tmall"
ERROR - 2017-06-27 11:38:28 --> Could not find the language line "mynt_icon_youzan"
ERROR - 2017-06-27 11:38:28 --> Could not find the language line "mynt_buy_taobao"
ERROR - 2017-06-27 11:38:28 --> Could not find the language line "mynt_buy_tmall"
ERROR - 2017-06-27 11:38:28 --> Could not find the language line "mynt_buy_jd"
ERROR - 2017-06-27 11:38:31 --> Could not find the language line "home_cloud_title"
ERROR - 2017-06-27 11:38:31 --> Could not find the language line "home_cloud_intro"
ERROR - 2017-06-27 11:38:31 --> Could not find the language line "mynt_buy_taobao"
ERROR - 2017-06-27 11:38:31 --> Could not find the language line "mynt_buy_tmall"
ERROR - 2017-06-27 11:38:31 --> Could not find the language line "mynt_buy_jd"
ERROR - 2017-06-27 11:38:34 --> Could not find the language line "mynt_buy_taobao"
ERROR - 2017-06-27 11:38:34 --> Could not find the language line "mynt_buy_tmall"
ERROR - 2017-06-27 11:38:34 --> Could not find the language line "mynt_buy_jd"
ERROR - 2017-06-27 11:38:34 --> Could not find the language line "home_cloud_title"
ERROR - 2017-06-27 11:38:34 --> Could not find the language line "home_cloud_intro"
ERROR - 2017-06-27 11:38:34 --> Could not find the language line "mynt_icon_taobao"
ERROR - 2017-06-27 11:38:34 --> Could not find the language line "mynt_icon_tmall"
ERROR - 2017-06-27 11:38:34 --> Could not find the language line "mynt_icon_youzan"
ERROR - 2017-06-27 11:38:35 --> Could not find the language line "mynt_buy_taobao"
ERROR - 2017-06-27 11:38:35 --> Could not find the language line "mynt_buy_tmall"
ERROR - 2017-06-27 11:38:35 --> Could not find the language line "mynt_buy_jd"
ERROR - 2017-06-27 11:38:37 --> Could not find the language line "mynt_buy_taobao"
ERROR - 2017-06-27 11:38:37 --> Could not find the language line "mynt_buy_tmall"
ERROR - 2017-06-27 11:38:37 --> Could not find the language line "mynt_buy_jd"
ERROR - 2017-06-27 11:38:37 --> Could not find the language line "home_cloud_title"
ERROR - 2017-06-27 11:38:37 --> Could not find the language line "home_cloud_intro"
ERROR - 2017-06-27 11:38:37 --> Could not find the language line "mynt_icon_taobao"
ERROR - 2017-06-27 11:38:37 --> Could not find the language line "mynt_icon_tmall"
ERROR - 2017-06-27 11:38:37 --> Could not find the language line "mynt_icon_youzan"
ERROR - 2017-06-27 11:38:37 --> Could not find the language line "mynt_buy_taobao"
ERROR - 2017-06-27 11:38:37 --> Could not find the language line "mynt_buy_tmall"
ERROR - 2017-06-27 11:38:37 --> Could not find the language line "mynt_buy_jd"
ERROR - 2017-06-27 11:38:39 --> Could not find the language line "mynt_buy_taobao"
ERROR - 2017-06-27 11:38:39 --> Could not find the language line "mynt_buy_tmall"
ERROR - 2017-06-27 11:38:39 --> Could not find the language line "mynt_buy_jd"
ERROR - 2017-06-27 11:38:39 --> Could not find the language line "home_cloud_title"
ERROR - 2017-06-27 11:38:39 --> Could not find the language line "home_cloud_intro"
ERROR - 2017-06-27 11:38:39 --> Could not find the language line "mynt_icon_taobao"
ERROR - 2017-06-27 11:38:39 --> Could not find the language line "mynt_icon_tmall"
ERROR - 2017-06-27 11:38:39 --> Could not find the language line "mynt_icon_youzan"
ERROR - 2017-06-27 11:38:39 --> Could not find the language line "mynt_buy_taobao"
ERROR - 2017-06-27 11:38:39 --> Could not find the language line "mynt_buy_tmall"
ERROR - 2017-06-27 11:38:39 --> Could not find the language line "mynt_buy_jd"
ERROR - 2017-06-27 11:39:11 --> Could not find the language line "mynt_buy_taobao"
ERROR - 2017-06-27 11:39:11 --> Could not find the language line "mynt_buy_tmall"
ERROR - 2017-06-27 11:39:11 --> Could not find the language line "mynt_buy_jd"
ERROR - 2017-06-27 11:39:11 --> Could not find the language line "home_cloud_title"
ERROR - 2017-06-27 11:39:11 --> Could not find the language line "home_cloud_intro"
ERROR - 2017-06-27 11:39:11 --> Could not find the language line "mynt_icon_taobao"
ERROR - 2017-06-27 11:39:11 --> Could not find the language line "mynt_icon_tmall"
ERROR - 2017-06-27 11:39:11 --> Could not find the language line "mynt_icon_youzan"
ERROR - 2017-06-27 11:39:12 --> Could not find the language line "mynt_buy_taobao"
ERROR - 2017-06-27 11:39:12 --> Could not find the language line "mynt_buy_tmall"
ERROR - 2017-06-27 11:39:12 --> Could not find the language line "mynt_buy_jd"
ERROR - 2017-06-27 11:39:15 --> Could not find the language line "mynt_buy_taobao"
ERROR - 2017-06-27 11:39:15 --> Could not find the language line "mynt_buy_tmall"
ERROR - 2017-06-27 11:39:15 --> Could not find the language line "mynt_buy_jd"
ERROR - 2017-06-27 11:39:15 --> Could not find the language line "home_cloud_title"
ERROR - 2017-06-27 11:39:15 --> Could not find the language line "home_cloud_intro"
ERROR - 2017-06-27 11:39:15 --> Could not find the language line "mynt_icon_taobao"
ERROR - 2017-06-27 11:39:15 --> Could not find the language line "mynt_icon_tmall"
ERROR - 2017-06-27 11:39:15 --> Could not find the language line "mynt_icon_youzan"
ERROR - 2017-06-27 11:39:16 --> Could not find the language line "mynt_buy_taobao"
ERROR - 2017-06-27 11:39:16 --> Could not find the language line "mynt_buy_tmall"
ERROR - 2017-06-27 11:39:16 --> Could not find the language line "mynt_buy_jd"
ERROR - 2017-06-27 11:39:18 --> Could not find the language line "mynt_buy_taobao"
ERROR - 2017-06-27 11:39:18 --> Could not find the language line "mynt_buy_tmall"
ERROR - 2017-06-27 11:39:18 --> Could not find the language line "mynt_buy_jd"
ERROR - 2017-06-27 11:39:18 --> Could not find the language line "home_cloud_title"
ERROR - 2017-06-27 11:39:18 --> Could not find the language line "home_cloud_intro"
ERROR - 2017-06-27 11:39:18 --> Could not find the language line "mynt_icon_taobao"
ERROR - 2017-06-27 11:39:18 --> Could not find the language line "mynt_icon_tmall"
ERROR - 2017-06-27 11:39:18 --> Could not find the language line "mynt_icon_youzan"
ERROR - 2017-06-27 11:39:19 --> Could not find the language line "mynt_buy_taobao"
ERROR - 2017-06-27 11:39:19 --> Could not find the language line "mynt_buy_tmall"
ERROR - 2017-06-27 11:39:19 --> Could not find the language line "mynt_buy_jd"
ERROR - 2017-06-27 11:39:20 --> Could not find the language line "mynt_buy_taobao"
ERROR - 2017-06-27 11:39:20 --> Could not find the language line "mynt_buy_tmall"
ERROR - 2017-06-27 11:39:20 --> Could not find the language line "mynt_buy_jd"
ERROR - 2017-06-27 11:39:20 --> Could not find the language line "home_cloud_title"
ERROR - 2017-06-27 11:39:20 --> Could not find the language line "home_cloud_intro"
ERROR - 2017-06-27 11:39:20 --> Could not find the language line "mynt_icon_taobao"
ERROR - 2017-06-27 11:39:20 --> Could not find the language line "mynt_icon_tmall"
ERROR - 2017-06-27 11:39:20 --> Could not find the language line "mynt_icon_youzan"
ERROR - 2017-06-27 11:39:20 --> Could not find the language line "mynt_buy_taobao"
ERROR - 2017-06-27 11:39:20 --> Could not find the language line "mynt_buy_tmall"
ERROR - 2017-06-27 11:39:20 --> Could not find the language line "mynt_buy_jd"
ERROR - 2017-06-27 11:39:22 --> Could not find the language line "mynt_buy_taobao"
ERROR - 2017-06-27 11:39:22 --> Could not find the language line "mynt_buy_tmall"
ERROR - 2017-06-27 11:39:22 --> Could not find the language line "mynt_buy_jd"
ERROR - 2017-06-27 11:39:22 --> Could not find the language line "home_cloud_title"
ERROR - 2017-06-27 11:39:22 --> Could not find the language line "home_cloud_intro"
ERROR - 2017-06-27 11:39:22 --> Could not find the language line "mynt_icon_taobao"
ERROR - 2017-06-27 11:39:22 --> Could not find the language line "mynt_icon_tmall"
ERROR - 2017-06-27 11:39:22 --> Could not find the language line "mynt_icon_youzan"
ERROR - 2017-06-27 11:39:22 --> Could not find the language line "mynt_buy_taobao"
ERROR - 2017-06-27 11:39:22 --> Could not find the language line "mynt_buy_tmall"
ERROR - 2017-06-27 11:39:22 --> Could not find the language line "mynt_buy_jd"
ERROR - 2017-06-27 11:39:25 --> Could not find the language line "mynt_buy_taobao"
ERROR - 2017-06-27 11:39:25 --> Could not find the language line "mynt_buy_tmall"
ERROR - 2017-06-27 11:39:25 --> Could not find the language line "mynt_buy_jd"
ERROR - 2017-06-27 11:39:25 --> Could not find the language line "home_cloud_title"
ERROR - 2017-06-27 11:39:25 --> Could not find the language line "home_cloud_intro"
ERROR - 2017-06-27 11:39:25 --> Could not find the language line "mynt_icon_taobao"
ERROR - 2017-06-27 11:39:25 --> Could not find the language line "mynt_icon_tmall"
ERROR - 2017-06-27 11:39:25 --> Could not find the language line "mynt_icon_youzan"
ERROR - 2017-06-27 11:39:26 --> Could not find the language line "mynt_buy_taobao"
ERROR - 2017-06-27 11:39:26 --> Could not find the language line "mynt_buy_tmall"
ERROR - 2017-06-27 11:39:26 --> Could not find the language line "mynt_buy_jd"
ERROR - 2017-06-27 11:39:39 --> Could not find the language line "mynt_buy_taobao"
ERROR - 2017-06-27 11:39:39 --> Could not find the language line "mynt_buy_tmall"
ERROR - 2017-06-27 11:39:39 --> Could not find the language line "mynt_buy_jd"
ERROR - 2017-06-27 11:39:44 --> Could not find the language line "mynt_buy_taobao"
ERROR - 2017-06-27 11:39:44 --> Could not find the language line "mynt_buy_tmall"
ERROR - 2017-06-27 11:39:44 --> Could not find the language line "mynt_buy_jd"
ERROR - 2017-06-27 11:39:44 --> Could not find the language line "home_cloud_title"
ERROR - 2017-06-27 11:39:44 --> Could not find the language line "home_cloud_intro"
ERROR - 2017-06-27 11:39:44 --> Could not find the language line "mynt_icon_taobao"
ERROR - 2017-06-27 11:39:44 --> Could not find the language line "mynt_icon_tmall"
ERROR - 2017-06-27 11:39:44 --> Could not find the language line "mynt_icon_youzan"
ERROR - 2017-06-27 11:39:44 --> Could not find the language line "mynt_buy_taobao"
ERROR - 2017-06-27 11:39:44 --> Could not find the language line "mynt_buy_tmall"
ERROR - 2017-06-27 11:39:44 --> Could not find the language line "mynt_buy_jd"
ERROR - 2017-06-27 11:39:45 --> Could not find the language line "mynt_buy_taobao"
ERROR - 2017-06-27 11:39:45 --> Could not find the language line "mynt_buy_tmall"
ERROR - 2017-06-27 11:39:45 --> Could not find the language line "mynt_buy_jd"
ERROR - 2017-06-27 11:39:45 --> Could not find the language line "about_keywords"
ERROR - 2017-06-27 11:39:45 --> Could not find the language line "about_facebook"
ERROR - 2017-06-27 11:39:45 --> Could not find the language line "about_twitter"
ERROR - 2017-06-27 11:39:45 --> Could not find the language line "about_weibo"
ERROR - 2017-06-27 11:39:46 --> Could not find the language line "mynt_buy_taobao"
ERROR - 2017-06-27 11:39:46 --> Could not find the language line "mynt_buy_tmall"
ERROR - 2017-06-27 11:39:46 --> Could not find the language line "mynt_buy_jd"
ERROR - 2017-06-27 11:39:48 --> Could not find the language line "mynt_buy_taobao"
ERROR - 2017-06-27 11:39:48 --> Could not find the language line "mynt_buy_tmall"
ERROR - 2017-06-27 11:39:48 --> Could not find the language line "mynt_buy_jd"
ERROR - 2017-06-27 11:39:48 --> Could not find the language line "about_keywords"
ERROR - 2017-06-27 11:39:48 --> Could not find the language line "about_facebook"
ERROR - 2017-06-27 11:39:48 --> Could not find the language line "about_twitter"
ERROR - 2017-06-27 11:39:48 --> Could not find the language line "about_weibo"
ERROR - 2017-06-27 11:39:48 --> Could not find the language line "mynt_buy_taobao"
ERROR - 2017-06-27 11:39:48 --> Could not find the language line "mynt_buy_tmall"
ERROR - 2017-06-27 11:39:48 --> Could not find the language line "mynt_buy_jd"
ERROR - 2017-06-27 11:39:56 --> Could not find the language line "mynt_buy_taobao"
ERROR - 2017-06-27 11:39:56 --> Could not find the language line "mynt_buy_tmall"
ERROR - 2017-06-27 11:39:56 --> Could not find the language line "mynt_buy_jd"
ERROR - 2017-06-27 11:39:56 --> Could not find the language line "about_keywords"
ERROR - 2017-06-27 11:39:56 --> Could not find the language line "about_facebook"
ERROR - 2017-06-27 11:39:56 --> Could not find the language line "about_twitter"
ERROR - 2017-06-27 11:39:56 --> Could not find the language line "about_weibo"
ERROR - 2017-06-27 11:39:56 --> Could not find the language line "mynt_buy_taobao"
ERROR - 2017-06-27 11:39:56 --> Could not find the language line "mynt_buy_tmall"
ERROR - 2017-06-27 11:39:56 --> Could not find the language line "mynt_buy_jd"
ERROR - 2017-06-27 11:44:08 --> Could not find the language line "mynt_buy_taobao"
ERROR - 2017-06-27 11:44:08 --> Could not find the language line "mynt_buy_tmall"
ERROR - 2017-06-27 11:44:08 --> Could not find the language line "mynt_buy_jd"
ERROR - 2017-06-27 11:44:08 --> Could not find the language line "about_keywords"
ERROR - 2017-06-27 11:44:08 --> Could not find the language line "about_facebook"
ERROR - 2017-06-27 11:44:08 --> Could not find the language line "about_twitter"
ERROR - 2017-06-27 11:44:08 --> Could not find the language line "about_weibo"
ERROR - 2017-06-27 11:44:08 --> Could not find the language line "mynt_buy_taobao"
ERROR - 2017-06-27 11:44:08 --> Could not find the language line "mynt_buy_tmall"
ERROR - 2017-06-27 11:44:08 --> Could not find the language line "mynt_buy_jd"
ERROR - 2017-06-27 11:44:11 --> Could not find the language line "about_keywords"
ERROR - 2017-06-27 11:44:11 --> Could not find the language line "mynt_buy_taobao"
ERROR - 2017-06-27 11:44:11 --> Could not find the language line "mynt_buy_tmall"
ERROR - 2017-06-27 11:44:11 --> Could not find the language line "mynt_buy_jd"
ERROR - 2017-06-27 11:44:14 --> Could not find the language line "mynt_buy_taobao"
ERROR - 2017-06-27 11:44:14 --> Could not find the language line "mynt_buy_tmall"
ERROR - 2017-06-27 11:44:14 --> Could not find the language line "mynt_buy_jd"
ERROR - 2017-06-27 11:44:14 --> Could not find the language line "about_keywords"
ERROR - 2017-06-27 11:44:14 --> Could not find the language line "about_facebook"
ERROR - 2017-06-27 11:44:14 --> Could not find the language line "about_twitter"
ERROR - 2017-06-27 11:44:14 --> Could not find the language line "about_weibo"
ERROR - 2017-06-27 11:44:14 --> Could not find the language line "mynt_buy_taobao"
ERROR - 2017-06-27 11:44:14 --> Could not find the language line "mynt_buy_tmall"
ERROR - 2017-06-27 11:44:14 --> Could not find the language line "mynt_buy_jd"
ERROR - 2017-06-27 11:44:18 --> Could not find the language line "mynt_buy_taobao"
ERROR - 2017-06-27 11:44:18 --> Could not find the language line "mynt_buy_tmall"
ERROR - 2017-06-27 11:44:18 --> Could not find the language line "mynt_buy_jd"
ERROR - 2017-06-27 11:44:18 --> Could not find the language line "about_keywords"
ERROR - 2017-06-27 11:44:18 --> Could not find the language line "about_facebook"
ERROR - 2017-06-27 11:44:18 --> Could not find the language line "about_twitter"
ERROR - 2017-06-27 11:44:18 --> Could not find the language line "about_weibo"
ERROR - 2017-06-27 11:44:18 --> Could not find the language line "mynt_buy_taobao"
ERROR - 2017-06-27 11:44:18 --> Could not find the language line "mynt_buy_tmall"
ERROR - 2017-06-27 11:44:18 --> Could not find the language line "mynt_buy_jd"
ERROR - 2017-06-27 11:44:21 --> Could not find the language line "mynt_buy_taobao"
ERROR - 2017-06-27 11:44:21 --> Could not find the language line "mynt_buy_tmall"
ERROR - 2017-06-27 11:44:21 --> Could not find the language line "mynt_buy_jd"
ERROR - 2017-06-27 11:44:24 --> Could not find the language line "mynt_buy_taobao"
ERROR - 2017-06-27 11:44:24 --> Could not find the language line "mynt_buy_tmall"
ERROR - 2017-06-27 11:44:24 --> Could not find the language line "mynt_buy_jd"
ERROR - 2017-06-27 11:44:24 --> Could not find the language line "about_keywords"
ERROR - 2017-06-27 11:44:24 --> Could not find the language line "about_facebook"
ERROR - 2017-06-27 11:44:24 --> Could not find the language line "about_twitter"
ERROR - 2017-06-27 11:44:24 --> Could not find the language line "about_weibo"
ERROR - 2017-06-27 11:44:24 --> Could not find the language line "mynt_buy_taobao"
ERROR - 2017-06-27 11:44:24 --> Could not find the language line "mynt_buy_tmall"
ERROR - 2017-06-27 11:44:24 --> Could not find the language line "mynt_buy_jd"
ERROR - 2017-06-27 11:44:27 --> Could not find the language line "mynt_buy_taobao"
ERROR - 2017-06-27 11:44:27 --> Could not find the language line "mynt_buy_tmall"
ERROR - 2017-06-27 11:44:27 --> Could not find the language line "mynt_buy_jd"
ERROR - 2017-06-27 11:44:27 --> Could not find the language line "about_keywords"
ERROR - 2017-06-27 11:44:27 --> Could not find the language line "about_facebook"
ERROR - 2017-06-27 11:44:27 --> Could not find the language line "about_twitter"
ERROR - 2017-06-27 11:44:27 --> Could not find the language line "about_weibo"
ERROR - 2017-06-27 11:44:27 --> Could not find the language line "mynt_buy_taobao"
ERROR - 2017-06-27 11:44:27 --> Could not find the language line "mynt_buy_tmall"
ERROR - 2017-06-27 11:44:27 --> Could not find the language line "mynt_buy_jd"
ERROR - 2017-06-27 11:44:31 --> Could not find the language line "mynt_buy_taobao"
ERROR - 2017-06-27 11:44:31 --> Could not find the language line "mynt_buy_tmall"
ERROR - 2017-06-27 11:44:31 --> Could not find the language line "mynt_buy_jd"
ERROR - 2017-06-27 11:44:31 --> Could not find the language line "about_keywords"
ERROR - 2017-06-27 11:44:31 --> Could not find the language line "about_facebook"
ERROR - 2017-06-27 11:44:31 --> Could not find the language line "about_twitter"
ERROR - 2017-06-27 11:44:31 --> Could not find the language line "about_weibo"
ERROR - 2017-06-27 11:44:31 --> Could not find the language line "mynt_buy_taobao"
ERROR - 2017-06-27 11:44:31 --> Could not find the language line "mynt_buy_tmall"
ERROR - 2017-06-27 11:44:31 --> Could not find the language line "mynt_buy_jd"
ERROR - 2017-06-27 11:44:35 --> Could not find the language line "mynt_buy_taobao"
ERROR - 2017-06-27 11:44:35 --> Could not find the language line "mynt_buy_tmall"
ERROR - 2017-06-27 11:44:35 --> Could not find the language line "mynt_buy_jd"
ERROR - 2017-06-27 11:44:40 --> Could not find the language line "mynt_buy_taobao"
ERROR - 2017-06-27 11:44:40 --> Could not find the language line "mynt_buy_tmall"
ERROR - 2017-06-27 11:44:40 --> Could not find the language line "mynt_buy_jd"
ERROR - 2017-06-27 11:44:40 --> Could not find the language line "about_keywords"
ERROR - 2017-06-27 11:44:40 --> Could not find the language line "about_facebook"
ERROR - 2017-06-27 11:44:40 --> Could not find the language line "about_twitter"
ERROR - 2017-06-27 11:44:40 --> Could not find the language line "about_weibo"
ERROR - 2017-06-27 11:44:40 --> Could not find the language line "mynt_buy_taobao"
ERROR - 2017-06-27 11:44:40 --> Could not find the language line "mynt_buy_tmall"
ERROR - 2017-06-27 11:44:40 --> Could not find the language line "mynt_buy_jd"
ERROR - 2017-06-27 11:44:45 --> Could not find the language line "mynt_buy_taobao"
ERROR - 2017-06-27 11:44:45 --> Could not find the language line "mynt_buy_tmall"
ERROR - 2017-06-27 11:44:45 --> Could not find the language line "mynt_buy_jd"
ERROR - 2017-06-27 11:44:47 --> Could not find the language line "mynt_buy_taobao"
ERROR - 2017-06-27 11:44:47 --> Could not find the language line "mynt_buy_tmall"
ERROR - 2017-06-27 11:44:47 --> Could not find the language line "mynt_buy_jd"
ERROR - 2017-06-27 11:44:47 --> Could not find the language line "about_keywords"
ERROR - 2017-06-27 11:44:47 --> Could not find the language line "about_facebook"
ERROR - 2017-06-27 11:44:47 --> Could not find the language line "about_twitter"
ERROR - 2017-06-27 11:44:47 --> Could not find the language line "about_weibo"
ERROR - 2017-06-27 11:44:47 --> Could not find the language line "mynt_buy_taobao"
ERROR - 2017-06-27 11:44:47 --> Could not find the language line "mynt_buy_tmall"
ERROR - 2017-06-27 11:44:47 --> Could not find the language line "mynt_buy_jd"
ERROR - 2017-06-27 11:45:01 --> Could not find the language line "mynt_buy_taobao"
ERROR - 2017-06-27 11:45:01 --> Could not find the language line "mynt_buy_tmall"
ERROR - 2017-06-27 11:45:01 --> Could not find the language line "mynt_buy_jd"
ERROR - 2017-06-27 11:45:01 --> Could not find the language line "mynt_buy_taobao"
ERROR - 2017-06-27 11:45:01 --> Could not find the language line "mynt_buy_tmall"
ERROR - 2017-06-27 11:45:01 --> Could not find the language line "mynt_buy_jd"
ERROR - 2017-06-27 11:45:03 --> Could not find the language line "mynt_buy_taobao"
ERROR - 2017-06-27 11:45:03 --> Could not find the language line "mynt_buy_tmall"
ERROR - 2017-06-27 11:45:03 --> Could not find the language line "mynt_buy_jd"
ERROR - 2017-06-27 11:45:06 --> Could not find the language line "mynt_buy_taobao"
ERROR - 2017-06-27 11:45:06 --> Could not find the language line "mynt_buy_tmall"
ERROR - 2017-06-27 11:45:06 --> Could not find the language line "mynt_buy_jd"
ERROR - 2017-06-27 11:45:06 --> Could not find the language line "mynt_buy_taobao"
ERROR - 2017-06-27 11:45:06 --> Could not find the language line "mynt_buy_tmall"
ERROR - 2017-06-27 11:45:06 --> Could not find the language line "mynt_buy_jd"
ERROR - 2017-06-27 11:45:42 --> Could not find the language line "mynt_buy_taobao"
ERROR - 2017-06-27 11:45:42 --> Could not find the language line "mynt_buy_tmall"
ERROR - 2017-06-27 11:45:42 --> Could not find the language line "mynt_buy_jd"
ERROR - 2017-06-27 11:45:42 --> Could not find the language line "mynt_buy_taobao"
ERROR - 2017-06-27 11:45:42 --> Could not find the language line "mynt_buy_tmall"
ERROR - 2017-06-27 11:45:42 --> Could not find the language line "mynt_buy_jd"
ERROR - 2017-06-27 11:48:14 --> 404 Page Not Found: Yband/index
ERROR - 2017-06-27 11:48:37 --> Could not find the language line "mynt_buy_taobao"
ERROR - 2017-06-27 11:48:37 --> Could not find the language line "mynt_buy_tmall"
ERROR - 2017-06-27 11:48:37 --> Could not find the language line "mynt_buy_jd"
ERROR - 2017-06-27 11:48:37 --> Could not find the language line "yaband_keywords"
ERROR - 2017-06-27 11:48:37 --> Could not find the language line "mynt_buy_taobao"
ERROR - 2017-06-27 11:48:37 --> Could not find the language line "mynt_buy_tmall"
ERROR - 2017-06-27 11:48:37 --> Could not find the language line "mynt_buy_jd"
ERROR - 2017-06-27 11:49:08 --> Could not find the language line "mynt_buy_taobao"
ERROR - 2017-06-27 11:49:08 --> Could not find the language line "mynt_buy_tmall"
ERROR - 2017-06-27 11:49:08 --> Could not find the language line "mynt_buy_jd"
ERROR - 2017-06-27 11:49:08 --> Could not find the language line "yaband_keywords"
ERROR - 2017-06-27 11:49:08 --> Could not find the language line "mynt_buy_taobao"
ERROR - 2017-06-27 11:49:08 --> Could not find the language line "mynt_buy_tmall"
ERROR - 2017-06-27 11:49:08 --> Could not find the language line "mynt_buy_jd"
ERROR - 2017-06-27 11:50:27 --> Could not find the language line "mynt_buy_taobao"
ERROR - 2017-06-27 11:50:27 --> Could not find the language line "mynt_buy_tmall"
ERROR - 2017-06-27 11:50:27 --> Could not find the language line "mynt_buy_jd"
ERROR - 2017-06-27 11:50:27 --> Could not find the language line "yaband_keywords"
ERROR - 2017-06-27 11:50:27 --> Could not find the language line "mynt_buy_taobao"
ERROR - 2017-06-27 11:50:27 --> Could not find the language line "mynt_buy_tmall"
ERROR - 2017-06-27 11:50:27 --> Could not find the language line "mynt_buy_jd"
ERROR - 2017-06-27 12:01:54 --> Could not find the language line "mynt_buy_taobao"
ERROR - 2017-06-27 12:01:54 --> Could not find the language line "mynt_buy_tmall"
ERROR - 2017-06-27 12:01:54 --> Could not find the language line "mynt_buy_jd"
ERROR - 2017-06-27 12:01:56 --> Could not find the language line "mynt_buy_taobao"
ERROR - 2017-06-27 12:01:56 --> Could not find the language line "mynt_buy_tmall"
ERROR - 2017-06-27 12:01:56 --> Could not find the language line "mynt_buy_jd"
