ERROR - 2016-09-26 06:16:01 --> Could not find the language line "mynt_buy_taobao"
ERROR - 2016-09-26 06:16:01 --> Could not find the language line "mynt_buy_tmall"
ERROR - 2016-09-26 06:16:01 --> Could not find the language line "mynt_buy_youzan"
ERROR - 2016-09-26 06:16:01 --> Could not find the language line "mynt_buy_jd"
ERROR - 2016-09-26 06:16:01 --> Could not find the language line "home_cloud_title"
ERROR - 2016-09-26 06:16:01 --> Could not find the language line "home_cloud_intro"
ERROR - 2016-09-26 06:16:01 --> Could not find the language line "mynt_icon_taobao"
ERROR - 2016-09-26 06:16:01 --> Could not find the language line "mynt_icon_tmall"
ERROR - 2016-09-26 06:16:01 --> Could not find the language line "mynt_icon_youzan"
ERROR - 2016-09-26 06:16:01 --> Could not find the language line "mynt_buy_taobao"
ERROR - 2016-09-26 06:16:01 --> Could not find the language line "mynt_buy_tmall"
ERROR - 2016-09-26 06:16:01 --> Could not find the language line "mynt_buy_youzan"
ERROR - 2016-09-26 06:16:01 --> Could not find the language line "mynt_buy_jd"
ERROR - 2016-09-26 06:16:12 --> Could not find the language line "mynt_buy_taobao"
ERROR - 2016-09-26 06:16:12 --> Could not find the language line "mynt_buy_tmall"
ERROR - 2016-09-26 06:16:12 --> Could not find the language line "mynt_buy_youzan"
ERROR - 2016-09-26 06:16:12 --> Could not find the language line "mynt_buy_jd"
ERROR - 2016-09-26 06:16:12 --> Could not find the language line "mynt_buy_taobao"
ERROR - 2016-09-26 06:16:12 --> Could not find the language line "mynt_buy_tmall"
ERROR - 2016-09-26 06:16:12 --> Could not find the language line "mynt_buy_youzan"
ERROR - 2016-09-26 06:16:12 --> Could not find the language line "mynt_buy_jd"
ERROR - 2016-09-26 06:16:31 --> Could not find the language line "mynt_buy_taobao"
ERROR - 2016-09-26 06:16:31 --> Could not find the language line "mynt_buy_tmall"
ERROR - 2016-09-26 06:16:31 --> Could not find the language line "mynt_buy_youzan"
ERROR - 2016-09-26 06:16:31 --> Could not find the language line "mynt_buy_jd"
ERROR - 2016-09-26 06:16:35 --> Could not find the language line "mynt_buy_taobao"
ERROR - 2016-09-26 06:16:35 --> Could not find the language line "mynt_buy_tmall"
ERROR - 2016-09-26 06:16:35 --> Could not find the language line "mynt_buy_youzan"
ERROR - 2016-09-26 06:16:35 --> Could not find the language line "mynt_buy_jd"
ERROR - 2016-09-26 06:16:35 --> Could not find the language line "mynt_buy_taobao"
ERROR - 2016-09-26 06:16:35 --> Could not find the language line "mynt_buy_tmall"
ERROR - 2016-09-26 06:16:35 --> Could not find the language line "mynt_buy_youzan"
ERROR - 2016-09-26 06:16:35 --> Could not find the language line "mynt_buy_jd"
ERROR - 2016-09-26 07:31:24 --> Could not find the language line "mynt_buy_taobao"
ERROR - 2016-09-26 07:31:24 --> Could not find the language line "mynt_buy_tmall"
ERROR - 2016-09-26 07:31:24 --> Could not find the language line "mynt_buy_youzan"
ERROR - 2016-09-26 07:31:24 --> Could not find the language line "mynt_buy_jd"
ERROR - 2016-09-26 07:31:24 --> Session: File 'ci_sessions/ci_session104a6a1c3f9701cfe56aba7689671c81ffeff3d2' doesn't exist and cannot be created.
ERROR - 2016-09-26 07:31:31 --> Could not find the language line "mynt_buy_taobao"
ERROR - 2016-09-26 07:31:31 --> Could not find the language line "mynt_buy_tmall"
ERROR - 2016-09-26 07:31:31 --> Could not find the language line "mynt_buy_youzan"
ERROR - 2016-09-26 07:31:31 --> Could not find the language line "mynt_buy_jd"
ERROR - 2016-09-26 07:31:39 --> Could not find the language line "mynt_buy_taobao"
ERROR - 2016-09-26 07:31:39 --> Could not find the language line "mynt_buy_tmall"
ERROR - 2016-09-26 07:31:39 --> Could not find the language line "mynt_buy_youzan"
ERROR - 2016-09-26 07:31:39 --> Could not find the language line "mynt_buy_jd"
ERROR - 2016-09-26 07:31:39 --> Could not find the language line "mynt_buy_taobao"
ERROR - 2016-09-26 07:31:39 --> Could not find the language line "mynt_buy_tmall"
ERROR - 2016-09-26 07:31:39 --> Could not find the language line "mynt_buy_youzan"
ERROR - 2016-09-26 07:31:39 --> Could not find the language line "mynt_buy_jd"
ERROR - 2016-09-26 07:31:40 --> Could not find the language line "mynt_buy_taobao"
ERROR - 2016-09-26 07:31:40 --> Could not find the language line "mynt_buy_tmall"
ERROR - 2016-09-26 07:31:40 --> Could not find the language line "mynt_buy_youzan"
ERROR - 2016-09-26 07:31:40 --> Could not find the language line "mynt_buy_jd"
ERROR - 2016-09-26 07:31:40 --> Could not find the language line "mynt_buy_taobao"
ERROR - 2016-09-26 07:31:40 --> Could not find the language line "mynt_buy_tmall"
ERROR - 2016-09-26 07:31:40 --> Could not find the language line "mynt_buy_youzan"
ERROR - 2016-09-26 07:31:40 --> Could not find the language line "mynt_buy_jd"
ERROR - 2016-09-26 08:36:31 --> Could not find the language line "mynt_buy_taobao"
ERROR - 2016-09-26 08:36:31 --> Could not find the language line "mynt_buy_tmall"
ERROR - 2016-09-26 08:36:31 --> Could not find the language line "mynt_buy_youzan"
ERROR - 2016-09-26 08:36:31 --> Could not find the language line "mynt_buy_jd"
ERROR - 2016-09-26 08:36:34 --> Session: File 'ci_sessions/ci_sessionc7e6c23f58c66827b89d488e276604c7d3e2fec4' doesn't exist and cannot be created.
ERROR - 2016-09-26 08:36:36 --> Could not find the language line "mynt_buy_taobao"
ERROR - 2016-09-26 08:36:36 --> Could not find the language line "mynt_buy_tmall"
ERROR - 2016-09-26 08:36:36 --> Could not find the language line "mynt_buy_youzan"
ERROR - 2016-09-26 08:36:36 --> Could not find the language line "mynt_buy_jd"
ERROR - 2016-09-26 08:36:46 --> Could not find the language line "mynt_buy_taobao"
ERROR - 2016-09-26 08:36:46 --> Could not find the language line "mynt_buy_tmall"
ERROR - 2016-09-26 08:36:46 --> Could not find the language line "mynt_buy_youzan"
ERROR - 2016-09-26 08:36:46 --> Could not find the language line "mynt_buy_jd"
ERROR - 2016-09-26 08:36:48 --> Could not find the language line "mynt_buy_taobao"
ERROR - 2016-09-26 08:36:48 --> Could not find the language line "mynt_buy_tmall"
ERROR - 2016-09-26 08:36:48 --> Could not find the language line "mynt_buy_youzan"
ERROR - 2016-09-26 08:36:48 --> Could not find the language line "mynt_buy_jd"
ERROR - 2016-09-26 08:36:56 --> Could not find the language line "mynt_buy_taobao"
ERROR - 2016-09-26 08:36:56 --> Could not find the language line "mynt_buy_tmall"
ERROR - 2016-09-26 08:36:56 --> Could not find the language line "mynt_buy_youzan"
ERROR - 2016-09-26 08:36:56 --> Could not find the language line "mynt_buy_jd"
ERROR - 2016-09-26 08:36:58 --> Could not find the language line "mynt_buy_taobao"
ERROR - 2016-09-26 08:36:58 --> Could not find the language line "mynt_buy_tmall"
ERROR - 2016-09-26 08:36:58 --> Could not find the language line "mynt_buy_youzan"
ERROR - 2016-09-26 08:36:58 --> Could not find the language line "mynt_buy_jd"
ERROR - 2016-09-26 08:44:03 --> Could not find the language line "mynt_buy_taobao"
ERROR - 2016-09-26 08:44:03 --> Could not find the language line "mynt_buy_tmall"
ERROR - 2016-09-26 08:44:03 --> Could not find the language line "mynt_buy_youzan"
ERROR - 2016-09-26 08:44:03 --> Could not find the language line "mynt_buy_jd"
ERROR - 2016-09-26 08:44:03 --> Session: File 'ci_sessions/ci_sessionf27d0a5a1c57a0d9c9484a564a978c61afdb3619' doesn't exist and cannot be created.
ERROR - 2016-09-26 08:44:38 --> Could not find the language line "mynt_buy_taobao"
ERROR - 2016-09-26 08:44:38 --> Could not find the language line "mynt_buy_tmall"
ERROR - 2016-09-26 08:44:38 --> Could not find the language line "mynt_buy_youzan"
ERROR - 2016-09-26 08:44:38 --> Could not find the language line "mynt_buy_jd"
ERROR - 2016-09-26 08:44:46 --> Could not find the language line "mynt_buy_taobao"
ERROR - 2016-09-26 08:44:46 --> Could not find the language line "mynt_buy_tmall"
ERROR - 2016-09-26 08:44:46 --> Could not find the language line "mynt_buy_youzan"
ERROR - 2016-09-26 08:44:46 --> Could not find the language line "mynt_buy_jd"
ERROR - 2016-09-26 08:46:48 --> Could not find the language line "mynt_buy_taobao"
ERROR - 2016-09-26 08:46:48 --> Could not find the language line "mynt_buy_tmall"
ERROR - 2016-09-26 08:46:48 --> Could not find the language line "mynt_buy_youzan"
ERROR - 2016-09-26 08:46:48 --> Could not find the language line "mynt_buy_jd"
ERROR - 2016-09-26 08:52:47 --> Could not find the language line "mynt_buy_taobao"
ERROR - 2016-09-26 08:52:47 --> Could not find the language line "mynt_buy_tmall"
ERROR - 2016-09-26 08:52:47 --> Could not find the language line "mynt_buy_youzan"
ERROR - 2016-09-26 08:52:47 --> Could not find the language line "mynt_buy_jd"
ERROR - 2016-09-26 08:52:47 --> Session: File 'ci_sessions/ci_session534740bdac9d54c21d4cc8f207a423caa6f9f5f4' doesn't exist and cannot be created.
ERROR - 2016-09-26 08:53:15 --> Could not find the language line "mynt_buy_taobao"
ERROR - 2016-09-26 08:53:15 --> Could not find the language line "mynt_buy_tmall"
ERROR - 2016-09-26 08:53:15 --> Could not find the language line "mynt_buy_youzan"
ERROR - 2016-09-26 08:53:15 --> Could not find the language line "mynt_buy_jd"
ERROR - 2016-09-26 08:53:15 --> Could not find the language line "home_cloud_title"
ERROR - 2016-09-26 08:53:15 --> Could not find the language line "home_cloud_intro"
ERROR - 2016-09-26 08:53:15 --> Could not find the language line "mynt_icon_taobao"
ERROR - 2016-09-26 08:53:15 --> Could not find the language line "mynt_icon_tmall"
ERROR - 2016-09-26 08:53:15 --> Could not find the language line "mynt_icon_youzan"
ERROR - 2016-09-26 08:53:16 --> Could not find the language line "mynt_buy_taobao"
ERROR - 2016-09-26 08:53:16 --> Could not find the language line "mynt_buy_tmall"
ERROR - 2016-09-26 08:53:16 --> Could not find the language line "mynt_buy_youzan"
ERROR - 2016-09-26 08:53:16 --> Could not find the language line "mynt_buy_jd"
