ERROR - 2017-06-10 02:12:51 --> Could not find the language line "mynt_buy_taobao"
ERROR - 2017-06-10 02:12:51 --> Could not find the language line "mynt_buy_tmall"
ERROR - 2017-06-10 02:12:51 --> Could not find the language line "mynt_buy_youzan"
ERROR - 2017-06-10 02:12:51 --> Could not find the language line "mynt_buy_jd"
ERROR - 2017-06-10 02:12:51 --> Could not find the language line "home_cloud_title"
ERROR - 2017-06-10 02:12:51 --> Could not find the language line "home_cloud_intro"
ERROR - 2017-06-10 02:12:51 --> Could not find the language line "mynt_icon_taobao"
ERROR - 2017-06-10 02:12:51 --> Could not find the language line "mynt_icon_tmall"
ERROR - 2017-06-10 02:12:51 --> Could not find the language line "mynt_icon_youzan"
ERROR - 2017-06-10 02:12:52 --> Could not find the language line "mynt_buy_taobao"
ERROR - 2017-06-10 02:12:52 --> Could not find the language line "mynt_buy_tmall"
ERROR - 2017-06-10 02:12:52 --> Could not find the language line "mynt_buy_youzan"
ERROR - 2017-06-10 02:12:52 --> Could not find the language line "mynt_buy_jd"
ERROR - 2017-06-10 02:12:53 --> Could not find the language line "mynt_buy_taobao"
ERROR - 2017-06-10 02:12:53 --> Could not find the language line "mynt_buy_tmall"
ERROR - 2017-06-10 02:12:53 --> Could not find the language line "mynt_buy_youzan"
ERROR - 2017-06-10 02:12:53 --> Could not find the language line "mynt_buy_jd"
ERROR - 2017-06-10 02:12:53 --> Could not find the language line "home_cloud_title"
ERROR - 2017-06-10 02:12:53 --> Could not find the language line "home_cloud_intro"
ERROR - 2017-06-10 02:12:53 --> Could not find the language line "mynt_icon_taobao"
ERROR - 2017-06-10 02:12:53 --> Could not find the language line "mynt_icon_tmall"
ERROR - 2017-06-10 02:12:53 --> Could not find the language line "mynt_icon_youzan"
ERROR - 2017-06-10 02:12:53 --> Could not find the language line "mynt_buy_taobao"
ERROR - 2017-06-10 02:12:53 --> Could not find the language line "mynt_buy_tmall"
ERROR - 2017-06-10 02:12:53 --> Could not find the language line "mynt_buy_youzan"
ERROR - 2017-06-10 02:12:53 --> Could not find the language line "mynt_buy_jd"
ERROR - 2017-06-10 02:12:56 --> Could not find the language line "mynt_buy_taobao"
ERROR - 2017-06-10 02:12:56 --> Could not find the language line "mynt_buy_tmall"
ERROR - 2017-06-10 02:12:56 --> Could not find the language line "mynt_buy_youzan"
ERROR - 2017-06-10 02:12:56 --> Could not find the language line "mynt_buy_jd"
ERROR - 2017-06-10 02:12:56 --> Could not find the language line "home_cloud_title"
ERROR - 2017-06-10 02:12:56 --> Could not find the language line "home_cloud_intro"
ERROR - 2017-06-10 02:12:56 --> Could not find the language line "mynt_icon_taobao"
ERROR - 2017-06-10 02:12:56 --> Could not find the language line "mynt_icon_tmall"
ERROR - 2017-06-10 02:12:56 --> Could not find the language line "mynt_icon_youzan"
ERROR - 2017-06-10 02:12:57 --> Could not find the language line "mynt_buy_taobao"
ERROR - 2017-06-10 02:12:57 --> Could not find the language line "mynt_buy_tmall"
ERROR - 2017-06-10 02:12:57 --> Could not find the language line "mynt_buy_youzan"
ERROR - 2017-06-10 02:12:57 --> Could not find the language line "mynt_buy_jd"
ERROR - 2017-06-10 02:13:03 --> Could not find the language line "mynt_buy_taobao"
ERROR - 2017-06-10 02:13:03 --> Could not find the language line "mynt_buy_tmall"
ERROR - 2017-06-10 02:13:03 --> Could not find the language line "mynt_buy_youzan"
ERROR - 2017-06-10 02:13:03 --> Could not find the language line "mynt_buy_jd"
ERROR - 2017-06-10 02:13:03 --> Could not find the language line "about_keywords"
ERROR - 2017-06-10 02:13:03 --> Could not find the language line "about_facebook"
ERROR - 2017-06-10 02:13:03 --> Could not find the language line "about_twitter"
ERROR - 2017-06-10 02:13:03 --> Could not find the language line "about_weibo"
ERROR - 2017-06-10 02:13:03 --> Could not find the language line "mynt_buy_taobao"
ERROR - 2017-06-10 02:13:03 --> Could not find the language line "mynt_buy_tmall"
ERROR - 2017-06-10 02:13:03 --> Could not find the language line "mynt_buy_youzan"
ERROR - 2017-06-10 02:13:03 --> Could not find the language line "mynt_buy_jd"
ERROR - 2017-06-10 02:13:05 --> Could not find the language line "mynt_buy_taobao"
ERROR - 2017-06-10 02:13:05 --> Could not find the language line "mynt_buy_tmall"
ERROR - 2017-06-10 02:13:05 --> Could not find the language line "mynt_buy_youzan"
ERROR - 2017-06-10 02:13:05 --> Could not find the language line "mynt_buy_jd"
ERROR - 2017-06-10 02:13:06 --> Could not find the language line "mynt_buy_taobao"
ERROR - 2017-06-10 02:13:06 --> Could not find the language line "mynt_buy_tmall"
ERROR - 2017-06-10 02:13:06 --> Could not find the language line "mynt_buy_youzan"
ERROR - 2017-06-10 02:13:06 --> Could not find the language line "mynt_buy_jd"
ERROR - 2017-06-10 02:13:07 --> Could not find the language line "mynt_buy_taobao"
ERROR - 2017-06-10 02:13:07 --> Could not find the language line "mynt_buy_tmall"
ERROR - 2017-06-10 02:13:07 --> Could not find the language line "mynt_buy_youzan"
ERROR - 2017-06-10 02:13:07 --> Could not find the language line "mynt_buy_jd"
ERROR - 2017-06-10 02:13:07 --> Could not find the language line "mynt_buy_taobao"
ERROR - 2017-06-10 02:13:07 --> Could not find the language line "mynt_buy_tmall"
ERROR - 2017-06-10 02:13:07 --> Could not find the language line "mynt_buy_youzan"
ERROR - 2017-06-10 02:13:07 --> Could not find the language line "mynt_buy_jd"
ERROR - 2017-06-10 02:13:09 --> Could not find the language line "mynt_buy_taobao"
ERROR - 2017-06-10 02:13:09 --> Could not find the language line "mynt_buy_tmall"
ERROR - 2017-06-10 02:13:09 --> Could not find the language line "mynt_buy_youzan"
ERROR - 2017-06-10 02:13:09 --> Could not find the language line "mynt_buy_jd"
ERROR - 2017-06-10 02:13:10 --> Could not find the language line "mynt_buy_taobao"
ERROR - 2017-06-10 02:13:10 --> Could not find the language line "mynt_buy_tmall"
ERROR - 2017-06-10 02:13:10 --> Could not find the language line "mynt_buy_youzan"
ERROR - 2017-06-10 02:13:10 --> Could not find the language line "mynt_buy_jd"
ERROR - 2017-06-10 02:13:12 --> Could not find the language line "mynt_buy_taobao"
ERROR - 2017-06-10 02:13:12 --> Could not find the language line "mynt_buy_tmall"
ERROR - 2017-06-10 02:13:12 --> Could not find the language line "mynt_buy_youzan"
ERROR - 2017-06-10 02:13:12 --> Could not find the language line "mynt_buy_jd"
ERROR - 2017-06-10 09:54:41 --> Could not find the language line "mynt_buy_taobao"
ERROR - 2017-06-10 09:54:41 --> Could not find the language line "mynt_buy_tmall"
ERROR - 2017-06-10 09:54:41 --> Could not find the language line "mynt_buy_youzan"
ERROR - 2017-06-10 09:54:41 --> Could not find the language line "mynt_buy_jd"
ERROR - 2017-06-10 09:54:41 --> Could not find the language line "mynt_icon_taobao"
ERROR - 2017-06-10 09:54:41 --> Could not find the language line "mynt_icon_tmall"
ERROR - 2017-06-10 09:54:41 --> Could not find the language line "mynt_icon_youzan"
ERROR - 2017-06-10 09:54:41 --> Could not find the language line "mynt_icon_jd"
ERROR - 2017-06-10 09:54:41 --> Could not find the language line "mynt_jd_detail"
ERROR - 2017-06-10 09:54:41 --> Could not find the language line "to_buy_wd"
ERROR - 2017-06-10 09:54:41 --> Could not find the language line "slightech_wechat"
ERROR - 2017-06-10 09:54:41 --> Could not find the language line "camera_no_lost"
ERROR - 2017-06-10 09:54:41 --> Could not find the language line "key_no_lost"
ERROR - 2017-06-10 09:54:41 --> Could not find the language line "bag_no_lost"
ERROR - 2017-06-10 09:54:41 --> Could not find the language line "computer_no_lost"
ERROR - 2017-06-10 09:54:41 --> Could not find the language line "pet_no_lost"
ERROR - 2017-06-10 09:54:41 --> Could not find the language line "goal"
ERROR - 2017-06-10 09:54:41 --> Could not find the language line "fund_title"
ERROR - 2017-06-10 09:54:41 --> Could not find the language line "fund_intro"
ERROR - 2017-06-10 09:54:43 --> Could not find the language line "mynt_buy_taobao"
ERROR - 2017-06-10 09:54:43 --> Could not find the language line "mynt_buy_tmall"
ERROR - 2017-06-10 09:54:43 --> Could not find the language line "mynt_buy_youzan"
ERROR - 2017-06-10 09:54:43 --> Could not find the language line "mynt_buy_jd"
ERROR - 2017-06-10 09:55:00 --> Could not find the language line "mynt_buy_taobao"
ERROR - 2017-06-10 09:55:00 --> Could not find the language line "mynt_buy_tmall"
ERROR - 2017-06-10 09:55:00 --> Could not find the language line "mynt_buy_youzan"
ERROR - 2017-06-10 09:55:00 --> Could not find the language line "mynt_buy_jd"
ERROR - 2017-06-10 09:55:00 --> Could not find the language line "mynt_icon_taobao"
ERROR - 2017-06-10 09:55:00 --> Could not find the language line "mynt_icon_tmall"
ERROR - 2017-06-10 09:55:00 --> Could not find the language line "mynt_icon_youzan"
ERROR - 2017-06-10 09:55:00 --> Could not find the language line "mynt_icon_jd"
ERROR - 2017-06-10 09:55:00 --> Could not find the language line "mynt_jd_detail"
ERROR - 2017-06-10 09:55:00 --> Could not find the language line "to_buy_wd"
ERROR - 2017-06-10 09:55:00 --> Could not find the language line "slightech_wechat"
ERROR - 2017-06-10 09:55:00 --> Could not find the language line "camera_no_lost"
ERROR - 2017-06-10 09:55:00 --> Could not find the language line "key_no_lost"
ERROR - 2017-06-10 09:55:00 --> Could not find the language line "bag_no_lost"
ERROR - 2017-06-10 09:55:00 --> Could not find the language line "computer_no_lost"
ERROR - 2017-06-10 09:55:00 --> Could not find the language line "pet_no_lost"
ERROR - 2017-06-10 09:55:00 --> Could not find the language line "goal"
ERROR - 2017-06-10 09:55:00 --> Could not find the language line "fund_title"
ERROR - 2017-06-10 09:55:00 --> Could not find the language line "fund_intro"
ERROR - 2017-06-10 09:55:00 --> Could not find the language line "mynt_buy_taobao"
ERROR - 2017-06-10 09:55:00 --> Could not find the language line "mynt_buy_tmall"
ERROR - 2017-06-10 09:55:00 --> Could not find the language line "mynt_buy_youzan"
ERROR - 2017-06-10 09:55:00 --> Could not find the language line "mynt_buy_jd"
ERROR - 2017-06-10 09:55:19 --> Could not find the language line "mynt_buy_taobao"
ERROR - 2017-06-10 09:55:19 --> Could not find the language line "mynt_buy_tmall"
ERROR - 2017-06-10 09:55:19 --> Could not find the language line "mynt_buy_youzan"
ERROR - 2017-06-10 09:55:19 --> Could not find the language line "mynt_buy_jd"
ERROR - 2017-06-10 09:55:19 --> Could not find the language line "mynt_icon_taobao"
ERROR - 2017-06-10 09:55:19 --> Could not find the language line "mynt_icon_tmall"
ERROR - 2017-06-10 09:55:19 --> Could not find the language line "mynt_icon_youzan"
ERROR - 2017-06-10 09:55:19 --> Could not find the language line "mynt_icon_jd"
ERROR - 2017-06-10 09:55:19 --> Could not find the language line "mynt_jd_detail"
ERROR - 2017-06-10 09:55:19 --> Could not find the language line "to_buy_wd"
ERROR - 2017-06-10 09:55:19 --> Could not find the language line "slightech_wechat"
ERROR - 2017-06-10 09:55:19 --> Could not find the language line "camera_no_lost"
ERROR - 2017-06-10 09:55:19 --> Could not find the language line "key_no_lost"
ERROR - 2017-06-10 09:55:19 --> Could not find the language line "bag_no_lost"
ERROR - 2017-06-10 09:55:19 --> Could not find the language line "computer_no_lost"
ERROR - 2017-06-10 09:55:19 --> Could not find the language line "pet_no_lost"
ERROR - 2017-06-10 09:55:19 --> Could not find the language line "goal"
ERROR - 2017-06-10 09:55:19 --> Could not find the language line "fund_title"
ERROR - 2017-06-10 09:55:19 --> Could not find the language line "fund_intro"
ERROR - 2017-06-10 09:55:20 --> Could not find the language line "mynt_buy_taobao"
ERROR - 2017-06-10 09:55:20 --> Could not find the language line "mynt_buy_tmall"
ERROR - 2017-06-10 09:55:20 --> Could not find the language line "mynt_buy_youzan"
ERROR - 2017-06-10 09:55:20 --> Could not find the language line "mynt_buy_jd"
ERROR - 2017-06-10 09:55:31 --> Could not find the language line "mynt_buy_taobao"
ERROR - 2017-06-10 09:55:31 --> Could not find the language line "mynt_buy_tmall"
ERROR - 2017-06-10 09:55:31 --> Could not find the language line "mynt_buy_youzan"
ERROR - 2017-06-10 09:55:31 --> Could not find the language line "mynt_buy_jd"
ERROR - 2017-06-10 09:55:31 --> Could not find the language line "mynt_icon_taobao"
ERROR - 2017-06-10 09:55:31 --> Could not find the language line "mynt_icon_tmall"
ERROR - 2017-06-10 09:55:31 --> Could not find the language line "mynt_icon_youzan"
ERROR - 2017-06-10 09:55:31 --> Could not find the language line "mynt_icon_jd"
ERROR - 2017-06-10 09:55:31 --> Could not find the language line "mynt_jd_detail"
ERROR - 2017-06-10 09:55:31 --> Could not find the language line "to_buy_wd"
ERROR - 2017-06-10 09:55:31 --> Could not find the language line "slightech_wechat"
ERROR - 2017-06-10 09:55:31 --> Could not find the language line "camera_no_lost"
ERROR - 2017-06-10 09:55:31 --> Could not find the language line "key_no_lost"
ERROR - 2017-06-10 09:55:31 --> Could not find the language line "bag_no_lost"
ERROR - 2017-06-10 09:55:31 --> Could not find the language line "computer_no_lost"
ERROR - 2017-06-10 09:55:31 --> Could not find the language line "pet_no_lost"
ERROR - 2017-06-10 09:55:31 --> Could not find the language line "goal"
ERROR - 2017-06-10 09:55:31 --> Could not find the language line "fund_title"
ERROR - 2017-06-10 09:55:31 --> Could not find the language line "fund_intro"
ERROR - 2017-06-10 09:55:31 --> Could not find the language line "mynt_buy_taobao"
ERROR - 2017-06-10 09:55:31 --> Could not find the language line "mynt_buy_tmall"
ERROR - 2017-06-10 09:55:31 --> Could not find the language line "mynt_buy_youzan"
ERROR - 2017-06-10 09:55:31 --> Could not find the language line "mynt_buy_jd"
ERROR - 2017-06-10 09:55:35 --> Could not find the language line "mynt_buy_taobao"
ERROR - 2017-06-10 09:55:35 --> Could not find the language line "mynt_buy_tmall"
ERROR - 2017-06-10 09:55:35 --> Could not find the language line "mynt_buy_youzan"
ERROR - 2017-06-10 09:55:35 --> Could not find the language line "mynt_buy_jd"
ERROR - 2017-06-10 09:55:35 --> Could not find the language line "mynt_icon_taobao"
ERROR - 2017-06-10 09:55:35 --> Could not find the language line "mynt_icon_tmall"
ERROR - 2017-06-10 09:55:35 --> Could not find the language line "mynt_icon_youzan"
ERROR - 2017-06-10 09:55:35 --> Could not find the language line "mynt_icon_jd"
ERROR - 2017-06-10 09:55:35 --> Could not find the language line "mynt_jd_detail"
ERROR - 2017-06-10 09:55:35 --> Could not find the language line "to_buy_wd"
ERROR - 2017-06-10 09:55:35 --> Could not find the language line "slightech_wechat"
ERROR - 2017-06-10 09:55:35 --> Could not find the language line "camera_no_lost"
ERROR - 2017-06-10 09:55:35 --> Could not find the language line "key_no_lost"
ERROR - 2017-06-10 09:55:35 --> Could not find the language line "bag_no_lost"
ERROR - 2017-06-10 09:55:35 --> Could not find the language line "computer_no_lost"
ERROR - 2017-06-10 09:55:35 --> Could not find the language line "pet_no_lost"
ERROR - 2017-06-10 09:55:35 --> Could not find the language line "goal"
ERROR - 2017-06-10 09:55:35 --> Could not find the language line "fund_title"
ERROR - 2017-06-10 09:55:35 --> Could not find the language line "fund_intro"
ERROR - 2017-06-10 09:55:37 --> Could not find the language line "mynt_buy_taobao"
ERROR - 2017-06-10 09:55:37 --> Could not find the language line "mynt_buy_tmall"
ERROR - 2017-06-10 09:55:37 --> Could not find the language line "mynt_buy_youzan"
ERROR - 2017-06-10 09:55:37 --> Could not find the language line "mynt_buy_jd"
ERROR - 2017-06-10 09:55:37 --> Could not find the language line "mynt_icon_taobao"
ERROR - 2017-06-10 09:55:37 --> Could not find the language line "mynt_icon_tmall"
ERROR - 2017-06-10 09:55:37 --> Could not find the language line "mynt_icon_youzan"
ERROR - 2017-06-10 09:55:37 --> Could not find the language line "mynt_icon_jd"
ERROR - 2017-06-10 09:55:37 --> Could not find the language line "mynt_jd_detail"
ERROR - 2017-06-10 09:55:37 --> Could not find the language line "to_buy_wd"
ERROR - 2017-06-10 09:55:37 --> Could not find the language line "slightech_wechat"
ERROR - 2017-06-10 09:55:37 --> Could not find the language line "camera_no_lost"
ERROR - 2017-06-10 09:55:37 --> Could not find the language line "key_no_lost"
ERROR - 2017-06-10 09:55:37 --> Could not find the language line "bag_no_lost"
ERROR - 2017-06-10 09:55:37 --> Could not find the language line "computer_no_lost"
ERROR - 2017-06-10 09:55:37 --> Could not find the language line "pet_no_lost"
ERROR - 2017-06-10 09:55:37 --> Could not find the language line "goal"
ERROR - 2017-06-10 09:55:37 --> Could not find the language line "fund_title"
ERROR - 2017-06-10 09:55:37 --> Could not find the language line "fund_intro"
ERROR - 2017-06-10 09:55:37 --> Could not find the language line "mynt_buy_taobao"
ERROR - 2017-06-10 09:55:37 --> Could not find the language line "mynt_buy_tmall"
ERROR - 2017-06-10 09:55:37 --> Could not find the language line "mynt_buy_youzan"
ERROR - 2017-06-10 09:55:37 --> Could not find the language line "mynt_buy_jd"
ERROR - 2017-06-10 09:55:39 --> Could not find the language line "mynt_buy_taobao"
ERROR - 2017-06-10 09:55:39 --> Could not find the language line "mynt_buy_tmall"
ERROR - 2017-06-10 09:55:39 --> Could not find the language line "mynt_buy_youzan"
ERROR - 2017-06-10 09:55:39 --> Could not find the language line "mynt_buy_jd"
ERROR - 2017-06-10 09:55:39 --> Could not find the language line "mynt_icon_taobao"
ERROR - 2017-06-10 09:55:39 --> Could not find the language line "mynt_icon_tmall"
ERROR - 2017-06-10 09:55:39 --> Could not find the language line "mynt_icon_youzan"
ERROR - 2017-06-10 09:55:39 --> Could not find the language line "mynt_icon_jd"
ERROR - 2017-06-10 09:55:39 --> Could not find the language line "mynt_jd_detail"
ERROR - 2017-06-10 09:55:39 --> Could not find the language line "to_buy_wd"
ERROR - 2017-06-10 09:55:39 --> Could not find the language line "slightech_wechat"
ERROR - 2017-06-10 09:55:39 --> Could not find the language line "camera_no_lost"
ERROR - 2017-06-10 09:55:39 --> Could not find the language line "key_no_lost"
ERROR - 2017-06-10 09:55:39 --> Could not find the language line "bag_no_lost"
ERROR - 2017-06-10 09:55:39 --> Could not find the language line "computer_no_lost"
ERROR - 2017-06-10 09:55:39 --> Could not find the language line "pet_no_lost"
ERROR - 2017-06-10 09:55:39 --> Could not find the language line "goal"
ERROR - 2017-06-10 09:55:39 --> Could not find the language line "fund_title"
ERROR - 2017-06-10 09:55:39 --> Could not find the language line "fund_intro"
ERROR - 2017-06-10 09:55:39 --> Could not find the language line "mynt_buy_taobao"
ERROR - 2017-06-10 09:55:39 --> Could not find the language line "mynt_buy_tmall"
ERROR - 2017-06-10 09:55:39 --> Could not find the language line "mynt_buy_youzan"
ERROR - 2017-06-10 09:55:39 --> Could not find the language line "mynt_buy_jd"
ERROR - 2017-06-10 09:55:49 --> Could not find the language line "mynt_buy_taobao"
ERROR - 2017-06-10 09:55:49 --> Could not find the language line "mynt_buy_tmall"
ERROR - 2017-06-10 09:55:49 --> Could not find the language line "mynt_buy_youzan"
ERROR - 2017-06-10 09:55:49 --> Could not find the language line "mynt_buy_jd"
ERROR - 2017-06-10 09:55:49 --> Could not find the language line "mynt_icon_taobao"
ERROR - 2017-06-10 09:55:49 --> Could not find the language line "mynt_icon_tmall"
ERROR - 2017-06-10 09:55:49 --> Could not find the language line "mynt_icon_youzan"
ERROR - 2017-06-10 09:55:49 --> Could not find the language line "mynt_icon_jd"
ERROR - 2017-06-10 09:55:49 --> Could not find the language line "mynt_jd_detail"
ERROR - 2017-06-10 09:55:49 --> Could not find the language line "to_buy_wd"
ERROR - 2017-06-10 09:55:49 --> Could not find the language line "slightech_wechat"
ERROR - 2017-06-10 09:55:49 --> Could not find the language line "camera_no_lost"
ERROR - 2017-06-10 09:55:49 --> Could not find the language line "key_no_lost"
ERROR - 2017-06-10 09:55:49 --> Could not find the language line "bag_no_lost"
ERROR - 2017-06-10 09:55:49 --> Could not find the language line "computer_no_lost"
ERROR - 2017-06-10 09:55:49 --> Could not find the language line "pet_no_lost"
ERROR - 2017-06-10 09:55:49 --> Could not find the language line "goal"
ERROR - 2017-06-10 09:55:49 --> Could not find the language line "fund_title"
ERROR - 2017-06-10 09:55:49 --> Could not find the language line "fund_intro"
ERROR - 2017-06-10 09:55:49 --> Could not find the language line "mynt_buy_taobao"
ERROR - 2017-06-10 09:55:49 --> Could not find the language line "mynt_buy_tmall"
ERROR - 2017-06-10 09:55:49 --> Could not find the language line "mynt_buy_youzan"
ERROR - 2017-06-10 09:55:49 --> Could not find the language line "mynt_buy_jd"
ERROR - 2017-06-10 09:55:49 --> Could not find the language line "mynt_buy_taobao"
ERROR - 2017-06-10 09:55:49 --> Could not find the language line "mynt_buy_tmall"
ERROR - 2017-06-10 09:55:49 --> Could not find the language line "mynt_buy_youzan"
ERROR - 2017-06-10 09:55:49 --> Could not find the language line "mynt_buy_jd"
ERROR - 2017-06-10 09:55:49 --> Could not find the language line "mynt_icon_taobao"
ERROR - 2017-06-10 09:55:49 --> Could not find the language line "mynt_icon_tmall"
ERROR - 2017-06-10 09:55:49 --> Could not find the language line "mynt_icon_youzan"
ERROR - 2017-06-10 09:55:49 --> Could not find the language line "mynt_icon_jd"
ERROR - 2017-06-10 09:55:49 --> Could not find the language line "mynt_jd_detail"
ERROR - 2017-06-10 09:55:49 --> Could not find the language line "to_buy_wd"
ERROR - 2017-06-10 09:55:49 --> Could not find the language line "slightech_wechat"
ERROR - 2017-06-10 09:55:49 --> Could not find the language line "camera_no_lost"
ERROR - 2017-06-10 09:55:49 --> Could not find the language line "key_no_lost"
ERROR - 2017-06-10 09:55:49 --> Could not find the language line "bag_no_lost"
ERROR - 2017-06-10 09:55:49 --> Could not find the language line "computer_no_lost"
ERROR - 2017-06-10 09:55:49 --> Could not find the language line "pet_no_lost"
ERROR - 2017-06-10 09:55:49 --> Could not find the language line "goal"
ERROR - 2017-06-10 09:55:49 --> Could not find the language line "fund_title"
ERROR - 2017-06-10 09:55:49 --> Could not find the language line "fund_intro"
ERROR - 2017-06-10 09:55:49 --> Could not find the language line "mynt_buy_taobao"
ERROR - 2017-06-10 09:55:49 --> Could not find the language line "mynt_buy_tmall"
ERROR - 2017-06-10 09:55:49 --> Could not find the language line "mynt_buy_youzan"
ERROR - 2017-06-10 09:55:49 --> Could not find the language line "mynt_buy_jd"
ERROR - 2017-06-10 09:55:50 --> Could not find the language line "mynt_buy_taobao"
ERROR - 2017-06-10 09:55:50 --> Could not find the language line "mynt_buy_tmall"
ERROR - 2017-06-10 09:55:50 --> Could not find the language line "mynt_buy_youzan"
ERROR - 2017-06-10 09:55:50 --> Could not find the language line "mynt_buy_jd"
ERROR - 2017-06-10 09:55:50 --> Could not find the language line "mynt_icon_taobao"
ERROR - 2017-06-10 09:55:50 --> Could not find the language line "mynt_icon_tmall"
ERROR - 2017-06-10 09:55:50 --> Could not find the language line "mynt_icon_youzan"
ERROR - 2017-06-10 09:55:50 --> Could not find the language line "mynt_icon_jd"
ERROR - 2017-06-10 09:55:50 --> Could not find the language line "mynt_jd_detail"
ERROR - 2017-06-10 09:55:50 --> Could not find the language line "to_buy_wd"
ERROR - 2017-06-10 09:55:50 --> Could not find the language line "slightech_wechat"
ERROR - 2017-06-10 09:55:50 --> Could not find the language line "camera_no_lost"
ERROR - 2017-06-10 09:55:50 --> Could not find the language line "key_no_lost"
ERROR - 2017-06-10 09:55:50 --> Could not find the language line "bag_no_lost"
ERROR - 2017-06-10 09:55:50 --> Could not find the language line "computer_no_lost"
ERROR - 2017-06-10 09:55:50 --> Could not find the language line "pet_no_lost"
ERROR - 2017-06-10 09:55:50 --> Could not find the language line "goal"
ERROR - 2017-06-10 09:55:50 --> Could not find the language line "fund_title"
ERROR - 2017-06-10 09:55:50 --> Could not find the language line "fund_intro"
ERROR - 2017-06-10 09:55:50 --> Could not find the language line "mynt_buy_taobao"
ERROR - 2017-06-10 09:55:50 --> Could not find the language line "mynt_buy_tmall"
ERROR - 2017-06-10 09:55:50 --> Could not find the language line "mynt_buy_youzan"
ERROR - 2017-06-10 09:55:50 --> Could not find the language line "mynt_buy_jd"
ERROR - 2017-06-10 09:57:10 --> Could not find the language line "mynt_buy_taobao"
ERROR - 2017-06-10 09:57:10 --> Could not find the language line "mynt_buy_tmall"
ERROR - 2017-06-10 09:57:10 --> Could not find the language line "mynt_buy_youzan"
ERROR - 2017-06-10 09:57:10 --> Could not find the language line "mynt_buy_jd"
ERROR - 2017-06-10 09:57:10 --> Could not find the language line "mynt_icon_taobao"
ERROR - 2017-06-10 09:57:10 --> Could not find the language line "mynt_icon_tmall"
ERROR - 2017-06-10 09:57:10 --> Could not find the language line "mynt_icon_youzan"
ERROR - 2017-06-10 09:57:10 --> Could not find the language line "mynt_icon_jd"
ERROR - 2017-06-10 09:57:10 --> Could not find the language line "mynt_jd_detail"
ERROR - 2017-06-10 09:57:10 --> Could not find the language line "to_buy_wd"
ERROR - 2017-06-10 09:57:10 --> Could not find the language line "slightech_wechat"
ERROR - 2017-06-10 09:57:10 --> Could not find the language line "camera_no_lost"
ERROR - 2017-06-10 09:57:10 --> Could not find the language line "key_no_lost"
ERROR - 2017-06-10 09:57:10 --> Could not find the language line "bag_no_lost"
ERROR - 2017-06-10 09:57:10 --> Could not find the language line "computer_no_lost"
ERROR - 2017-06-10 09:57:10 --> Could not find the language line "pet_no_lost"
ERROR - 2017-06-10 09:57:10 --> Could not find the language line "goal"
ERROR - 2017-06-10 09:57:10 --> Could not find the language line "fund_title"
ERROR - 2017-06-10 09:57:10 --> Could not find the language line "fund_intro"
ERROR - 2017-06-10 09:57:10 --> Could not find the language line "mynt_buy_taobao"
ERROR - 2017-06-10 09:57:10 --> Could not find the language line "mynt_buy_tmall"
ERROR - 2017-06-10 09:57:10 --> Could not find the language line "mynt_buy_youzan"
ERROR - 2017-06-10 09:57:10 --> Could not find the language line "mynt_buy_jd"
ERROR - 2017-06-10 09:57:12 --> Could not find the language line "mynt_buy_taobao"
ERROR - 2017-06-10 09:57:12 --> Could not find the language line "mynt_buy_tmall"
ERROR - 2017-06-10 09:57:12 --> Could not find the language line "mynt_buy_youzan"
ERROR - 2017-06-10 09:57:12 --> Could not find the language line "mynt_buy_jd"
ERROR - 2017-06-10 09:57:12 --> Could not find the language line "mynt_icon_taobao"
ERROR - 2017-06-10 09:57:12 --> Could not find the language line "mynt_icon_tmall"
ERROR - 2017-06-10 09:57:12 --> Could not find the language line "mynt_icon_youzan"
ERROR - 2017-06-10 09:57:12 --> Could not find the language line "mynt_icon_jd"
ERROR - 2017-06-10 09:57:12 --> Could not find the language line "mynt_jd_detail"
ERROR - 2017-06-10 09:57:12 --> Could not find the language line "to_buy_wd"
ERROR - 2017-06-10 09:57:12 --> Could not find the language line "slightech_wechat"
ERROR - 2017-06-10 09:57:12 --> Could not find the language line "camera_no_lost"
ERROR - 2017-06-10 09:57:12 --> Could not find the language line "key_no_lost"
ERROR - 2017-06-10 09:57:12 --> Could not find the language line "bag_no_lost"
ERROR - 2017-06-10 09:57:12 --> Could not find the language line "computer_no_lost"
ERROR - 2017-06-10 09:57:12 --> Could not find the language line "pet_no_lost"
ERROR - 2017-06-10 09:57:12 --> Could not find the language line "goal"
ERROR - 2017-06-10 09:57:12 --> Could not find the language line "fund_title"
ERROR - 2017-06-10 09:57:12 --> Could not find the language line "fund_intro"
ERROR - 2017-06-10 09:57:12 --> Could not find the language line "mynt_buy_taobao"
ERROR - 2017-06-10 09:57:12 --> Could not find the language line "mynt_buy_tmall"
ERROR - 2017-06-10 09:57:12 --> Could not find the language line "mynt_buy_youzan"
ERROR - 2017-06-10 09:57:12 --> Could not find the language line "mynt_buy_jd"
ERROR - 2017-06-10 09:57:13 --> Could not find the language line "mynt_buy_taobao"
ERROR - 2017-06-10 09:57:13 --> Could not find the language line "mynt_buy_tmall"
ERROR - 2017-06-10 09:57:13 --> Could not find the language line "mynt_buy_youzan"
ERROR - 2017-06-10 09:57:13 --> Could not find the language line "mynt_buy_jd"
ERROR - 2017-06-10 09:57:13 --> Could not find the language line "mynt_icon_taobao"
ERROR - 2017-06-10 09:57:13 --> Could not find the language line "mynt_icon_tmall"
ERROR - 2017-06-10 09:57:13 --> Could not find the language line "mynt_icon_youzan"
ERROR - 2017-06-10 09:57:13 --> Could not find the language line "mynt_icon_jd"
ERROR - 2017-06-10 09:57:13 --> Could not find the language line "mynt_jd_detail"
ERROR - 2017-06-10 09:57:13 --> Could not find the language line "to_buy_wd"
ERROR - 2017-06-10 09:57:13 --> Could not find the language line "slightech_wechat"
ERROR - 2017-06-10 09:57:13 --> Could not find the language line "camera_no_lost"
ERROR - 2017-06-10 09:57:13 --> Could not find the language line "key_no_lost"
ERROR - 2017-06-10 09:57:13 --> Could not find the language line "bag_no_lost"
ERROR - 2017-06-10 09:57:13 --> Could not find the language line "computer_no_lost"
ERROR - 2017-06-10 09:57:13 --> Could not find the language line "pet_no_lost"
ERROR - 2017-06-10 09:57:13 --> Could not find the language line "goal"
ERROR - 2017-06-10 09:57:13 --> Could not find the language line "fund_title"
ERROR - 2017-06-10 09:57:13 --> Could not find the language line "fund_intro"
ERROR - 2017-06-10 09:57:13 --> Could not find the language line "mynt_buy_taobao"
ERROR - 2017-06-10 09:57:13 --> Could not find the language line "mynt_buy_tmall"
ERROR - 2017-06-10 09:57:13 --> Could not find the language line "mynt_buy_youzan"
ERROR - 2017-06-10 09:57:13 --> Could not find the language line "mynt_buy_jd"
ERROR - 2017-06-10 09:57:13 --> Could not find the language line "mynt_buy_taobao"
ERROR - 2017-06-10 09:57:13 --> Could not find the language line "mynt_buy_tmall"
ERROR - 2017-06-10 09:57:13 --> Could not find the language line "mynt_buy_youzan"
ERROR - 2017-06-10 09:57:13 --> Could not find the language line "mynt_buy_jd"
ERROR - 2017-06-10 09:57:13 --> Could not find the language line "mynt_icon_taobao"
ERROR - 2017-06-10 09:57:13 --> Could not find the language line "mynt_icon_tmall"
ERROR - 2017-06-10 09:57:13 --> Could not find the language line "mynt_icon_youzan"
ERROR - 2017-06-10 09:57:13 --> Could not find the language line "mynt_icon_jd"
ERROR - 2017-06-10 09:57:13 --> Could not find the language line "mynt_jd_detail"
ERROR - 2017-06-10 09:57:13 --> Could not find the language line "to_buy_wd"
ERROR - 2017-06-10 09:57:13 --> Could not find the language line "slightech_wechat"
ERROR - 2017-06-10 09:57:13 --> Could not find the language line "camera_no_lost"
ERROR - 2017-06-10 09:57:13 --> Could not find the language line "key_no_lost"
ERROR - 2017-06-10 09:57:13 --> Could not find the language line "bag_no_lost"
ERROR - 2017-06-10 09:57:13 --> Could not find the language line "computer_no_lost"
ERROR - 2017-06-10 09:57:13 --> Could not find the language line "pet_no_lost"
ERROR - 2017-06-10 09:57:13 --> Could not find the language line "goal"
ERROR - 2017-06-10 09:57:13 --> Could not find the language line "fund_title"
ERROR - 2017-06-10 09:57:13 --> Could not find the language line "fund_intro"
ERROR - 2017-06-10 09:57:13 --> Could not find the language line "mynt_buy_taobao"
ERROR - 2017-06-10 09:57:13 --> Could not find the language line "mynt_buy_tmall"
ERROR - 2017-06-10 09:57:13 --> Could not find the language line "mynt_buy_youzan"
ERROR - 2017-06-10 09:57:13 --> Could not find the language line "mynt_buy_jd"
ERROR - 2017-06-10 09:57:13 --> Could not find the language line "mynt_icon_taobao"
ERROR - 2017-06-10 09:57:13 --> Could not find the language line "mynt_icon_tmall"
ERROR - 2017-06-10 09:57:13 --> Could not find the language line "mynt_icon_youzan"
ERROR - 2017-06-10 09:57:13 --> Could not find the language line "mynt_icon_jd"
ERROR - 2017-06-10 09:57:13 --> Could not find the language line "mynt_jd_detail"
ERROR - 2017-06-10 09:57:13 --> Could not find the language line "to_buy_wd"
ERROR - 2017-06-10 09:57:13 --> Could not find the language line "slightech_wechat"
ERROR - 2017-06-10 09:57:13 --> Could not find the language line "camera_no_lost"
ERROR - 2017-06-10 09:57:13 --> Could not find the language line "key_no_lost"
ERROR - 2017-06-10 09:57:13 --> Could not find the language line "bag_no_lost"
ERROR - 2017-06-10 09:57:13 --> Could not find the language line "computer_no_lost"
ERROR - 2017-06-10 09:57:13 --> Could not find the language line "pet_no_lost"
ERROR - 2017-06-10 09:57:13 --> Could not find the language line "goal"
ERROR - 2017-06-10 09:57:13 --> Could not find the language line "fund_title"
ERROR - 2017-06-10 09:57:13 --> Could not find the language line "fund_intro"
ERROR - 2017-06-10 09:57:13 --> Could not find the language line "mynt_buy_taobao"
ERROR - 2017-06-10 09:57:13 --> Could not find the language line "mynt_buy_tmall"
ERROR - 2017-06-10 09:57:13 --> Could not find the language line "mynt_buy_youzan"
ERROR - 2017-06-10 09:57:13 --> Could not find the language line "mynt_buy_jd"
ERROR - 2017-06-10 09:57:13 --> Could not find the language line "mynt_icon_taobao"
ERROR - 2017-06-10 09:57:13 --> Could not find the language line "mynt_icon_tmall"
ERROR - 2017-06-10 09:57:13 --> Could not find the language line "mynt_icon_youzan"
ERROR - 2017-06-10 09:57:13 --> Could not find the language line "mynt_icon_jd"
ERROR - 2017-06-10 09:57:13 --> Could not find the language line "mynt_jd_detail"
ERROR - 2017-06-10 09:57:13 --> Could not find the language line "to_buy_wd"
ERROR - 2017-06-10 09:57:13 --> Could not find the language line "slightech_wechat"
ERROR - 2017-06-10 09:57:13 --> Could not find the language line "camera_no_lost"
ERROR - 2017-06-10 09:57:13 --> Could not find the language line "key_no_lost"
ERROR - 2017-06-10 09:57:13 --> Could not find the language line "bag_no_lost"
ERROR - 2017-06-10 09:57:13 --> Could not find the language line "computer_no_lost"
ERROR - 2017-06-10 09:57:13 --> Could not find the language line "pet_no_lost"
ERROR - 2017-06-10 09:57:13 --> Could not find the language line "goal"
ERROR - 2017-06-10 09:57:13 --> Could not find the language line "fund_title"
ERROR - 2017-06-10 09:57:13 --> Could not find the language line "fund_intro"
ERROR - 2017-06-10 09:57:13 --> Could not find the language line "mynt_buy_taobao"
ERROR - 2017-06-10 09:57:13 --> Could not find the language line "mynt_buy_tmall"
ERROR - 2017-06-10 09:57:13 --> Could not find the language line "mynt_buy_youzan"
ERROR - 2017-06-10 09:57:13 --> Could not find the language line "mynt_buy_jd"
ERROR - 2017-06-10 09:57:15 --> Could not find the language line "mynt_buy_taobao"
ERROR - 2017-06-10 09:57:15 --> Could not find the language line "mynt_buy_tmall"
ERROR - 2017-06-10 09:57:15 --> Could not find the language line "mynt_buy_youzan"
ERROR - 2017-06-10 09:57:15 --> Could not find the language line "mynt_buy_jd"
ERROR - 2017-06-10 09:57:15 --> Could not find the language line "mynt_icon_taobao"
ERROR - 2017-06-10 09:57:15 --> Could not find the language line "mynt_icon_tmall"
ERROR - 2017-06-10 09:57:15 --> Could not find the language line "mynt_icon_youzan"
ERROR - 2017-06-10 09:57:15 --> Could not find the language line "mynt_icon_jd"
ERROR - 2017-06-10 09:57:15 --> Could not find the language line "mynt_jd_detail"
ERROR - 2017-06-10 09:57:15 --> Could not find the language line "to_buy_wd"
ERROR - 2017-06-10 09:57:15 --> Could not find the language line "slightech_wechat"
ERROR - 2017-06-10 09:57:15 --> Could not find the language line "camera_no_lost"
ERROR - 2017-06-10 09:57:15 --> Could not find the language line "key_no_lost"
ERROR - 2017-06-10 09:57:15 --> Could not find the language line "bag_no_lost"
ERROR - 2017-06-10 09:57:15 --> Could not find the language line "computer_no_lost"
ERROR - 2017-06-10 09:57:15 --> Could not find the language line "pet_no_lost"
ERROR - 2017-06-10 09:57:15 --> Could not find the language line "goal"
ERROR - 2017-06-10 09:57:15 --> Could not find the language line "fund_title"
ERROR - 2017-06-10 09:57:15 --> Could not find the language line "fund_intro"
ERROR - 2017-06-10 09:57:15 --> Could not find the language line "mynt_buy_taobao"
ERROR - 2017-06-10 09:57:15 --> Could not find the language line "mynt_buy_tmall"
ERROR - 2017-06-10 09:57:15 --> Could not find the language line "mynt_buy_youzan"
ERROR - 2017-06-10 09:57:15 --> Could not find the language line "mynt_buy_jd"
ERROR - 2017-06-10 09:57:18 --> Could not find the language line "mynt_buy_taobao"
ERROR - 2017-06-10 09:57:18 --> Could not find the language line "mynt_buy_tmall"
ERROR - 2017-06-10 09:57:18 --> Could not find the language line "mynt_buy_youzan"
ERROR - 2017-06-10 09:57:18 --> Could not find the language line "mynt_buy_jd"
ERROR - 2017-06-10 09:57:18 --> Could not find the language line "mynt_icon_taobao"
ERROR - 2017-06-10 09:57:18 --> Could not find the language line "mynt_icon_tmall"
ERROR - 2017-06-10 09:57:18 --> Could not find the language line "mynt_icon_youzan"
ERROR - 2017-06-10 09:57:18 --> Could not find the language line "mynt_icon_jd"
ERROR - 2017-06-10 09:57:18 --> Could not find the language line "mynt_jd_detail"
ERROR - 2017-06-10 09:57:18 --> Could not find the language line "to_buy_wd"
ERROR - 2017-06-10 09:57:18 --> Could not find the language line "slightech_wechat"
ERROR - 2017-06-10 09:57:18 --> Could not find the language line "camera_no_lost"
ERROR - 2017-06-10 09:57:18 --> Could not find the language line "key_no_lost"
ERROR - 2017-06-10 09:57:18 --> Could not find the language line "bag_no_lost"
ERROR - 2017-06-10 09:57:18 --> Could not find the language line "computer_no_lost"
ERROR - 2017-06-10 09:57:18 --> Could not find the language line "pet_no_lost"
ERROR - 2017-06-10 09:57:18 --> Could not find the language line "goal"
ERROR - 2017-06-10 09:57:18 --> Could not find the language line "fund_title"
ERROR - 2017-06-10 09:57:18 --> Could not find the language line "fund_intro"
ERROR - 2017-06-10 09:57:18 --> Could not find the language line "mynt_buy_taobao"
ERROR - 2017-06-10 09:57:18 --> Could not find the language line "mynt_buy_tmall"
ERROR - 2017-06-10 09:57:18 --> Could not find the language line "mynt_buy_youzan"
ERROR - 2017-06-10 09:57:18 --> Could not find the language line "mynt_buy_jd"
ERROR - 2017-06-10 09:57:20 --> Could not find the language line "mynt_buy_taobao"
ERROR - 2017-06-10 09:57:20 --> Could not find the language line "mynt_buy_tmall"
ERROR - 2017-06-10 09:57:20 --> Could not find the language line "mynt_buy_youzan"
ERROR - 2017-06-10 09:57:20 --> Could not find the language line "mynt_buy_jd"
ERROR - 2017-06-10 09:57:20 --> Could not find the language line "mynt_icon_taobao"
ERROR - 2017-06-10 09:57:20 --> Could not find the language line "mynt_icon_tmall"
ERROR - 2017-06-10 09:57:20 --> Could not find the language line "mynt_icon_youzan"
ERROR - 2017-06-10 09:57:20 --> Could not find the language line "mynt_icon_jd"
ERROR - 2017-06-10 09:57:20 --> Could not find the language line "mynt_jd_detail"
ERROR - 2017-06-10 09:57:20 --> Could not find the language line "to_buy_wd"
ERROR - 2017-06-10 09:57:20 --> Could not find the language line "slightech_wechat"
ERROR - 2017-06-10 09:57:20 --> Could not find the language line "camera_no_lost"
ERROR - 2017-06-10 09:57:20 --> Could not find the language line "key_no_lost"
ERROR - 2017-06-10 09:57:20 --> Could not find the language line "bag_no_lost"
ERROR - 2017-06-10 09:57:20 --> Could not find the language line "computer_no_lost"
ERROR - 2017-06-10 09:57:20 --> Could not find the language line "pet_no_lost"
ERROR - 2017-06-10 09:57:20 --> Could not find the language line "goal"
ERROR - 2017-06-10 09:57:20 --> Could not find the language line "fund_title"
ERROR - 2017-06-10 09:57:20 --> Could not find the language line "fund_intro"
ERROR - 2017-06-10 09:57:20 --> Could not find the language line "mynt_buy_taobao"
ERROR - 2017-06-10 09:57:20 --> Could not find the language line "mynt_buy_tmall"
ERROR - 2017-06-10 09:57:20 --> Could not find the language line "mynt_buy_youzan"
ERROR - 2017-06-10 09:57:20 --> Could not find the language line "mynt_buy_jd"
