ERROR - 2016-05-09 02:08:00 --> Could not find the language line "mynt_buy_taobao"
ERROR - 2016-05-09 02:08:00 --> Could not find the language line "mynt_buy_tmall"
ERROR - 2016-05-09 02:08:00 --> Could not find the language line "mynt_buy_youzan"
ERROR - 2016-05-09 02:08:08 --> Could not find the language line "mynt_buy_taobao"
ERROR - 2016-05-09 02:08:08 --> Could not find the language line "mynt_buy_tmall"
ERROR - 2016-05-09 02:08:08 --> Could not find the language line "mynt_buy_youzan"
ERROR - 2016-05-09 02:09:06 --> Could not find the language line "mynt_buy_taobao"
ERROR - 2016-05-09 02:09:06 --> Could not find the language line "mynt_buy_tmall"
ERROR - 2016-05-09 02:09:06 --> Could not find the language line "mynt_buy_youzan"
ERROR - 2016-05-09 02:09:12 --> Could not find the language line "mynt_buy_taobao"
ERROR - 2016-05-09 02:09:12 --> Could not find the language line "mynt_buy_tmall"
ERROR - 2016-05-09 02:09:12 --> Could not find the language line "mynt_buy_youzan"
ERROR - 2016-05-09 02:09:12 --> 404 Page Not Found: Slife/favicon.ico
ERROR - 2016-05-09 02:31:03 --> Could not find the language line "mynt_buy_taobao"
ERROR - 2016-05-09 02:31:03 --> Could not find the language line "mynt_buy_tmall"
ERROR - 2016-05-09 02:31:03 --> Could not find the language line "mynt_buy_youzan"
ERROR - 2016-05-09 02:31:03 --> Session: File 'ci_sessions/ci_session08021ca2f5d9bb5bd74b24b4e1a707bde844b6ba' doesn't exist and cannot be created.
ERROR - 2016-05-09 02:31:13 --> Could not find the language line "mynt_buy_taobao"
ERROR - 2016-05-09 02:31:13 --> Could not find the language line "mynt_buy_tmall"
ERROR - 2016-05-09 02:31:13 --> Could not find the language line "mynt_buy_youzan"
ERROR - 2016-05-09 02:31:13 --> Could not find the language line "mynt_icon_taobao"
ERROR - 2016-05-09 02:31:13 --> Could not find the language line "mynt_icon_tmall"
ERROR - 2016-05-09 02:31:13 --> Could not find the language line "mynt_icon_youzan"
ERROR - 2016-05-09 02:31:13 --> Could not find the language line "mynt_jd_detail"
ERROR - 2016-05-09 02:31:13 --> Could not find the language line "to_buy_wd"
ERROR - 2016-05-09 02:31:13 --> Could not find the language line "slightech_wechat"
ERROR - 2016-05-09 02:31:13 --> Could not find the language line "camera_no_lost"
ERROR - 2016-05-09 02:31:13 --> Could not find the language line "key_no_lost"
ERROR - 2016-05-09 02:31:13 --> Could not find the language line "bag_no_lost"
ERROR - 2016-05-09 02:31:13 --> Could not find the language line "computer_no_lost"
ERROR - 2016-05-09 02:31:13 --> Could not find the language line "pet_no_lost"
ERROR - 2016-05-09 02:31:13 --> Could not find the language line "goal"
ERROR - 2016-05-09 02:31:13 --> Could not find the language line "fund_title"
ERROR - 2016-05-09 02:31:13 --> Could not find the language line "fund_intro"
ERROR - 2016-05-09 02:31:20 --> Could not find the language line "mynt_buy_taobao"
ERROR - 2016-05-09 02:31:20 --> Could not find the language line "mynt_buy_tmall"
ERROR - 2016-05-09 02:31:20 --> Could not find the language line "mynt_buy_youzan"
ERROR - 2016-05-09 02:31:22 --> Could not find the language line "mynt_buy_taobao"
ERROR - 2016-05-09 02:31:22 --> Could not find the language line "mynt_buy_tmall"
ERROR - 2016-05-09 02:31:22 --> Could not find the language line "mynt_buy_youzan"
ERROR - 2016-05-09 02:31:22 --> Could not find the language line "mynt_icon_taobao"
ERROR - 2016-05-09 02:31:22 --> Could not find the language line "mynt_icon_tmall"
ERROR - 2016-05-09 02:31:22 --> Could not find the language line "mynt_icon_youzan"
ERROR - 2016-05-09 02:31:24 --> Could not find the language line "mynt_buy_taobao"
ERROR - 2016-05-09 02:31:24 --> Could not find the language line "mynt_buy_tmall"
ERROR - 2016-05-09 02:31:24 --> Could not find the language line "mynt_buy_youzan"
ERROR - 2016-05-09 02:31:24 --> Could not find the language line "mynt_buy_taobao"
ERROR - 2016-05-09 02:31:24 --> Could not find the language line "mynt_buy_tmall"
ERROR - 2016-05-09 02:31:24 --> Could not find the language line "mynt_buy_youzan"
ERROR - 2016-05-09 02:31:24 --> Could not find the language line "mynt_icon_taobao"
ERROR - 2016-05-09 02:31:24 --> Could not find the language line "mynt_icon_tmall"
ERROR - 2016-05-09 02:31:24 --> Could not find the language line "mynt_icon_youzan"
ERROR - 2016-05-09 02:31:25 --> Could not find the language line "mynt_buy_taobao"
ERROR - 2016-05-09 02:31:25 --> Could not find the language line "mynt_buy_tmall"
ERROR - 2016-05-09 02:31:25 --> Could not find the language line "mynt_buy_youzan"
ERROR - 2016-05-09 02:31:25 --> Could not find the language line "mynt_buy_taobao"
ERROR - 2016-05-09 02:31:25 --> Could not find the language line "mynt_buy_tmall"
ERROR - 2016-05-09 02:31:25 --> Could not find the language line "mynt_buy_youzan"
ERROR - 2016-05-09 02:31:25 --> Could not find the language line "mynt_icon_taobao"
ERROR - 2016-05-09 02:31:25 --> Could not find the language line "mynt_icon_tmall"
ERROR - 2016-05-09 02:31:25 --> Could not find the language line "mynt_icon_youzan"
ERROR - 2016-05-09 02:31:26 --> Could not find the language line "mynt_buy_taobao"
ERROR - 2016-05-09 02:31:26 --> Could not find the language line "mynt_buy_tmall"
ERROR - 2016-05-09 02:31:26 --> Could not find the language line "mynt_buy_youzan"
ERROR - 2016-05-09 02:31:26 --> Could not find the language line "mynt_buy_taobao"
ERROR - 2016-05-09 02:31:26 --> Could not find the language line "mynt_buy_tmall"
ERROR - 2016-05-09 02:31:26 --> Could not find the language line "mynt_buy_youzan"
ERROR - 2016-05-09 02:31:26 --> Could not find the language line "mynt_icon_taobao"
ERROR - 2016-05-09 02:31:26 --> Could not find the language line "mynt_icon_tmall"
ERROR - 2016-05-09 02:31:26 --> Could not find the language line "mynt_icon_youzan"
ERROR - 2016-05-09 02:31:26 --> Could not find the language line "mynt_jd_detail"
ERROR - 2016-05-09 02:31:26 --> Could not find the language line "to_buy_wd"
ERROR - 2016-05-09 02:31:26 --> Could not find the language line "slightech_wechat"
ERROR - 2016-05-09 02:31:26 --> Could not find the language line "camera_no_lost"
ERROR - 2016-05-09 02:31:26 --> Could not find the language line "key_no_lost"
ERROR - 2016-05-09 02:31:26 --> Could not find the language line "bag_no_lost"
ERROR - 2016-05-09 02:31:26 --> Could not find the language line "computer_no_lost"
ERROR - 2016-05-09 02:31:26 --> Could not find the language line "pet_no_lost"
ERROR - 2016-05-09 02:31:26 --> Could not find the language line "goal"
ERROR - 2016-05-09 02:31:26 --> Could not find the language line "fund_title"
ERROR - 2016-05-09 02:31:26 --> Could not find the language line "fund_intro"
ERROR - 2016-05-09 02:31:26 --> Could not find the language line "mynt_buy_taobao"
ERROR - 2016-05-09 02:31:26 --> Could not find the language line "mynt_buy_tmall"
ERROR - 2016-05-09 02:31:26 --> Could not find the language line "mynt_buy_youzan"
ERROR - 2016-05-09 02:31:27 --> Could not find the language line "mynt_buy_taobao"
ERROR - 2016-05-09 02:31:27 --> Could not find the language line "mynt_buy_tmall"
ERROR - 2016-05-09 02:31:27 --> Could not find the language line "mynt_buy_youzan"
ERROR - 2016-05-09 02:31:27 --> Could not find the language line "about_keywords"
ERROR - 2016-05-09 02:31:27 --> Could not find the language line "about_facebook"
ERROR - 2016-05-09 02:31:27 --> Could not find the language line "about_twitter"
ERROR - 2016-05-09 02:31:27 --> Could not find the language line "about_weibo"
ERROR - 2016-05-09 02:31:28 --> Could not find the language line "mynt_buy_taobao"
ERROR - 2016-05-09 02:31:28 --> Could not find the language line "mynt_buy_tmall"
ERROR - 2016-05-09 02:31:28 --> Could not find the language line "mynt_buy_youzan"
ERROR - 2016-05-09 02:31:28 --> Could not find the language line "mynt_icon_taobao"
ERROR - 2016-05-09 02:31:28 --> Could not find the language line "mynt_icon_tmall"
ERROR - 2016-05-09 02:31:28 --> Could not find the language line "mynt_icon_youzan"
ERROR - 2016-05-09 02:31:34 --> Could not find the language line "mynt_buy_taobao"
ERROR - 2016-05-09 02:31:34 --> Could not find the language line "mynt_buy_tmall"
ERROR - 2016-05-09 02:31:34 --> Could not find the language line "mynt_buy_youzan"
ERROR - 2016-05-09 02:31:34 --> Could not find the language line "mynt_icon_taobao"
ERROR - 2016-05-09 02:31:34 --> Could not find the language line "mynt_icon_tmall"
ERROR - 2016-05-09 02:31:34 --> Could not find the language line "mynt_icon_youzan"
ERROR - 2016-05-09 02:32:03 --> Could not find the language line "mynt_buy_taobao"
ERROR - 2016-05-09 02:32:03 --> Could not find the language line "mynt_buy_tmall"
ERROR - 2016-05-09 02:32:03 --> Could not find the language line "mynt_buy_youzan"
ERROR - 2016-05-09 02:32:03 --> Could not find the language line "mynt_icon_taobao"
ERROR - 2016-05-09 02:32:03 --> Could not find the language line "mynt_icon_tmall"
ERROR - 2016-05-09 02:32:03 --> Could not find the language line "mynt_icon_youzan"
ERROR - 2016-05-09 02:32:04 --> Could not find the language line "mynt_buy_taobao"
ERROR - 2016-05-09 02:32:04 --> Could not find the language line "mynt_buy_tmall"
ERROR - 2016-05-09 02:32:04 --> Could not find the language line "mynt_buy_youzan"
ERROR - 2016-05-09 02:32:04 --> Could not find the language line "mynt_icon_taobao"
ERROR - 2016-05-09 02:32:04 --> Could not find the language line "mynt_icon_tmall"
ERROR - 2016-05-09 02:32:04 --> Could not find the language line "mynt_icon_youzan"
ERROR - 2016-05-09 02:32:07 --> Could not find the language line "mynt_buy_taobao"
ERROR - 2016-05-09 02:32:07 --> Could not find the language line "mynt_buy_tmall"
ERROR - 2016-05-09 02:32:07 --> Could not find the language line "mynt_buy_youzan"
ERROR - 2016-05-09 02:32:07 --> Could not find the language line "mynt_icon_taobao"
ERROR - 2016-05-09 02:32:07 --> Could not find the language line "mynt_icon_tmall"
ERROR - 2016-05-09 02:32:07 --> Could not find the language line "mynt_icon_youzan"
ERROR - 2016-05-09 02:32:18 --> Could not find the language line "mynt_buy_taobao"
ERROR - 2016-05-09 02:32:18 --> Could not find the language line "mynt_buy_tmall"
ERROR - 2016-05-09 02:32:18 --> Could not find the language line "mynt_buy_youzan"
ERROR - 2016-05-09 02:32:18 --> Could not find the language line "mynt_icon_taobao"
ERROR - 2016-05-09 02:32:18 --> Could not find the language line "mynt_icon_tmall"
ERROR - 2016-05-09 02:32:18 --> Could not find the language line "mynt_icon_youzan"
ERROR - 2016-05-09 02:32:18 --> Could not find the language line "mynt_jd_detail"
ERROR - 2016-05-09 02:32:18 --> Could not find the language line "to_buy_wd"
ERROR - 2016-05-09 02:32:18 --> Could not find the language line "slightech_wechat"
ERROR - 2016-05-09 02:32:18 --> Could not find the language line "camera_no_lost"
ERROR - 2016-05-09 02:32:18 --> Could not find the language line "key_no_lost"
ERROR - 2016-05-09 02:32:18 --> Could not find the language line "bag_no_lost"
ERROR - 2016-05-09 02:32:18 --> Could not find the language line "computer_no_lost"
ERROR - 2016-05-09 02:32:18 --> Could not find the language line "pet_no_lost"
ERROR - 2016-05-09 02:32:18 --> Could not find the language line "goal"
ERROR - 2016-05-09 02:32:18 --> Could not find the language line "fund_title"
ERROR - 2016-05-09 02:32:18 --> Could not find the language line "fund_intro"
ERROR - 2016-05-09 02:32:20 --> Could not find the language line "mynt_buy_taobao"
ERROR - 2016-05-09 02:32:20 --> Could not find the language line "mynt_buy_tmall"
ERROR - 2016-05-09 02:32:20 --> Could not find the language line "mynt_buy_youzan"
ERROR - 2016-05-09 02:32:20 --> Could not find the language line "mynt_buy_taobao"
ERROR - 2016-05-09 02:32:20 --> Could not find the language line "mynt_buy_tmall"
ERROR - 2016-05-09 02:32:20 --> Could not find the language line "mynt_buy_youzan"
ERROR - 2016-05-09 02:32:20 --> Could not find the language line "about_keywords"
ERROR - 2016-05-09 02:32:20 --> Could not find the language line "about_facebook"
ERROR - 2016-05-09 02:32:20 --> Could not find the language line "about_twitter"
ERROR - 2016-05-09 02:32:20 --> Could not find the language line "about_weibo"
ERROR - 2016-05-09 02:32:22 --> Could not find the language line "mynt_buy_taobao"
ERROR - 2016-05-09 02:32:22 --> Could not find the language line "mynt_buy_tmall"
ERROR - 2016-05-09 02:32:22 --> Could not find the language line "mynt_buy_youzan"
ERROR - 2016-05-09 02:32:22 --> Could not find the language line "mynt_buy_taobao"
ERROR - 2016-05-09 02:32:22 --> Could not find the language line "mynt_buy_tmall"
ERROR - 2016-05-09 02:32:22 --> Could not find the language line "mynt_buy_youzan"
ERROR - 2016-05-09 02:32:22 --> Could not find the language line "mynt_buy_taobao"
ERROR - 2016-05-09 02:32:22 --> Could not find the language line "mynt_buy_tmall"
ERROR - 2016-05-09 02:32:22 --> Could not find the language line "mynt_buy_youzan"
ERROR - 2016-05-09 02:32:22 --> Could not find the language line "mynt_icon_taobao"
ERROR - 2016-05-09 02:32:22 --> Could not find the language line "mynt_icon_tmall"
ERROR - 2016-05-09 02:32:23 --> Could not find the language line "mynt_icon_youzan"
ERROR - 2016-05-09 02:32:34 --> Could not find the language line "mynt_buy_taobao"
ERROR - 2016-05-09 02:32:34 --> Could not find the language line "mynt_buy_tmall"
ERROR - 2016-05-09 02:32:34 --> Could not find the language line "mynt_buy_youzan"
ERROR - 2016-05-09 02:32:34 --> Could not find the language line "mynt_icon_taobao"
ERROR - 2016-05-09 02:32:34 --> Could not find the language line "mynt_icon_tmall"
ERROR - 2016-05-09 02:32:34 --> Could not find the language line "mynt_icon_youzan"
ERROR - 2016-05-09 02:50:02 --> Could not find the language line "mynt_buy_taobao"
ERROR - 2016-05-09 02:50:02 --> Could not find the language line "mynt_buy_tmall"
ERROR - 2016-05-09 02:50:02 --> Could not find the language line "mynt_buy_youzan"
ERROR - 2016-05-09 02:50:02 --> Could not find the language line "mynt_icon_taobao"
ERROR - 2016-05-09 02:50:02 --> Could not find the language line "mynt_icon_tmall"
ERROR - 2016-05-09 02:50:02 --> Could not find the language line "mynt_icon_youzan"
ERROR - 2016-05-09 02:50:02 --> Session: File 'ci_sessions/ci_session04a9990a77b89c80f87336e14668f383f111a423' doesn't exist and cannot be created.
ERROR - 2016-05-09 02:51:00 --> Could not find the language line "mynt_buy_taobao"
ERROR - 2016-05-09 02:51:00 --> Could not find the language line "mynt_buy_tmall"
ERROR - 2016-05-09 02:51:00 --> Could not find the language line "mynt_buy_youzan"
ERROR - 2016-05-09 02:51:06 --> Could not find the language line "mynt_buy_taobao"
ERROR - 2016-05-09 02:51:06 --> Could not find the language line "mynt_buy_tmall"
ERROR - 2016-05-09 02:51:06 --> Could not find the language line "mynt_buy_youzan"
ERROR - 2016-05-09 02:51:06 --> Could not find the language line "mynt_icon_taobao"
ERROR - 2016-05-09 02:51:06 --> Could not find the language line "mynt_icon_tmall"
ERROR - 2016-05-09 02:51:06 --> Could not find the language line "mynt_icon_youzan"
ERROR - 2016-05-09 02:51:13 --> Could not find the language line "mynt_buy_taobao"
ERROR - 2016-05-09 02:51:13 --> Could not find the language line "mynt_buy_tmall"
ERROR - 2016-05-09 02:51:13 --> Could not find the language line "mynt_buy_youzan"
ERROR - 2016-05-09 02:51:13 --> Could not find the language line "mynt_icon_taobao"
ERROR - 2016-05-09 02:51:13 --> Could not find the language line "mynt_icon_tmall"
ERROR - 2016-05-09 02:51:13 --> Could not find the language line "mynt_icon_youzan"
ERROR - 2016-05-09 02:51:24 --> Could not find the language line "mynt_buy_taobao"
ERROR - 2016-05-09 02:51:24 --> Could not find the language line "mynt_buy_tmall"
ERROR - 2016-05-09 02:51:24 --> Could not find the language line "mynt_buy_youzan"
ERROR - 2016-05-09 02:55:55 --> Could not find the language line "mynt_buy_taobao"
ERROR - 2016-05-09 02:55:55 --> Could not find the language line "mynt_buy_tmall"
ERROR - 2016-05-09 02:55:55 --> Could not find the language line "mynt_buy_youzan"
ERROR - 2016-05-09 02:55:55 --> Could not find the language line "mynt_icon_taobao"
ERROR - 2016-05-09 02:55:55 --> Could not find the language line "mynt_icon_tmall"
ERROR - 2016-05-09 02:55:55 --> Could not find the language line "mynt_icon_youzan"
ERROR - 2016-05-09 02:55:55 --> Could not find the language line "mynt_jd_detail"
ERROR - 2016-05-09 02:55:55 --> Could not find the language line "to_buy_wd"
ERROR - 2016-05-09 02:55:55 --> Could not find the language line "slightech_wechat"
ERROR - 2016-05-09 02:55:55 --> Could not find the language line "camera_no_lost"
ERROR - 2016-05-09 02:55:55 --> Could not find the language line "key_no_lost"
ERROR - 2016-05-09 02:55:55 --> Could not find the language line "bag_no_lost"
ERROR - 2016-05-09 02:55:55 --> Could not find the language line "computer_no_lost"
ERROR - 2016-05-09 02:55:55 --> Could not find the language line "pet_no_lost"
ERROR - 2016-05-09 02:55:55 --> Could not find the language line "goal"
ERROR - 2016-05-09 02:55:55 --> Could not find the language line "fund_title"
ERROR - 2016-05-09 02:55:55 --> Could not find the language line "fund_intro"
ERROR - 2016-05-09 02:55:56 --> Could not find the language line "mynt_buy_taobao"
ERROR - 2016-05-09 02:55:56 --> Could not find the language line "mynt_buy_tmall"
ERROR - 2016-05-09 02:55:56 --> Could not find the language line "mynt_buy_youzan"
ERROR - 2016-05-09 02:55:56 --> Session: File 'ci_sessions/ci_sessionb1ba53a79060502fac76e5b9782f961c1bd1847b' doesn't exist and cannot be created.
ERROR - 2016-05-09 02:56:00 --> Could not find the language line "mynt_buy_taobao"
ERROR - 2016-05-09 02:56:00 --> Could not find the language line "mynt_buy_tmall"
ERROR - 2016-05-09 02:56:00 --> Could not find the language line "mynt_buy_youzan"
ERROR - 2016-05-09 02:56:00 --> Could not find the language line "mynt_icon_taobao"
ERROR - 2016-05-09 02:56:00 --> Could not find the language line "mynt_icon_tmall"
ERROR - 2016-05-09 02:56:00 --> Could not find the language line "mynt_icon_youzan"
ERROR - 2016-05-09 03:01:41 --> Could not find the language line "mynt_buy_taobao"
ERROR - 2016-05-09 03:01:41 --> Could not find the language line "mynt_buy_tmall"
ERROR - 2016-05-09 03:01:41 --> Could not find the language line "mynt_buy_youzan"
ERROR - 2016-05-09 03:01:41 --> Could not find the language line "mynt_icon_taobao"
ERROR - 2016-05-09 03:01:41 --> Could not find the language line "mynt_icon_tmall"
ERROR - 2016-05-09 03:01:41 --> Could not find the language line "mynt_icon_youzan"
ERROR - 2016-05-09 03:02:26 --> Could not find the language line "mynt_buy_taobao"
ERROR - 2016-05-09 03:02:26 --> Could not find the language line "mynt_buy_tmall"
ERROR - 2016-05-09 03:02:26 --> Could not find the language line "mynt_buy_youzan"
ERROR - 2016-05-09 03:02:26 --> Could not find the language line "mynt_icon_taobao"
ERROR - 2016-05-09 03:02:26 --> Could not find the language line "mynt_icon_tmall"
ERROR - 2016-05-09 03:02:26 --> Could not find the language line "mynt_icon_youzan"
ERROR - 2016-05-09 06:12:12 --> Could not find the language line "mynt_buy_taobao"
ERROR - 2016-05-09 06:12:12 --> Could not find the language line "mynt_buy_tmall"
ERROR - 2016-05-09 06:12:12 --> Could not find the language line "mynt_buy_youzan"
ERROR - 2016-05-09 06:12:12 --> Could not find the language line "mynt_icon_taobao"
ERROR - 2016-05-09 06:12:12 --> Could not find the language line "mynt_icon_tmall"
ERROR - 2016-05-09 06:12:12 --> Could not find the language line "mynt_icon_youzan"
ERROR - 2016-05-09 06:12:20 --> Could not find the language line "mynt_buy_taobao"
ERROR - 2016-05-09 06:12:20 --> Could not find the language line "mynt_buy_tmall"
ERROR - 2016-05-09 06:12:20 --> Could not find the language line "mynt_buy_youzan"
ERROR - 2016-05-09 06:12:50 --> Could not find the language line "mynt_buy_taobao"
ERROR - 2016-05-09 06:12:50 --> Could not find the language line "mynt_buy_tmall"
ERROR - 2016-05-09 06:12:50 --> Could not find the language line "mynt_buy_youzan"
ERROR - 2016-05-09 06:12:52 --> Could not find the language line "mynt_buy_taobao"
ERROR - 2016-05-09 06:12:52 --> Could not find the language line "mynt_buy_tmall"
ERROR - 2016-05-09 06:12:52 --> Could not find the language line "mynt_buy_youzan"
ERROR - 2016-05-09 06:12:52 --> Could not find the language line "mynt_icon_taobao"
ERROR - 2016-05-09 06:12:52 --> Could not find the language line "mynt_icon_tmall"
ERROR - 2016-05-09 06:12:52 --> Could not find the language line "mynt_icon_youzan"
ERROR - 2016-05-09 06:12:54 --> Could not find the language line "mynt_buy_taobao"
ERROR - 2016-05-09 06:12:54 --> Could not find the language line "mynt_buy_tmall"
ERROR - 2016-05-09 06:12:54 --> Could not find the language line "mynt_buy_youzan"
ERROR - 2016-05-09 06:12:54 --> Could not find the language line "mynt_buy_taobao"
ERROR - 2016-05-09 06:12:54 --> Could not find the language line "mynt_buy_tmall"
ERROR - 2016-05-09 06:12:54 --> Could not find the language line "mynt_buy_youzan"
ERROR - 2016-05-09 06:12:55 --> Could not find the language line "mynt_icon_taobao"
ERROR - 2016-05-09 06:12:55 --> Could not find the language line "mynt_icon_tmall"
ERROR - 2016-05-09 06:12:55 --> Could not find the language line "mynt_icon_youzan"
ERROR - 2016-05-09 06:12:55 --> Could not find the language line "mynt_jd_detail"
ERROR - 2016-05-09 06:12:55 --> Could not find the language line "to_buy_wd"
ERROR - 2016-05-09 06:12:55 --> Could not find the language line "slightech_wechat"
ERROR - 2016-05-09 06:12:55 --> Could not find the language line "camera_no_lost"
ERROR - 2016-05-09 06:12:55 --> Could not find the language line "key_no_lost"
ERROR - 2016-05-09 06:12:55 --> Could not find the language line "bag_no_lost"
ERROR - 2016-05-09 06:12:55 --> Could not find the language line "computer_no_lost"
ERROR - 2016-05-09 06:12:55 --> Could not find the language line "pet_no_lost"
ERROR - 2016-05-09 06:12:55 --> Could not find the language line "goal"
ERROR - 2016-05-09 06:12:55 --> Could not find the language line "fund_title"
ERROR - 2016-05-09 06:12:55 --> Could not find the language line "fund_intro"
ERROR - 2016-05-09 06:12:55 --> Could not find the language line "mynt_buy_taobao"
ERROR - 2016-05-09 06:12:55 --> Could not find the language line "mynt_buy_tmall"
ERROR - 2016-05-09 06:12:55 --> Could not find the language line "mynt_buy_youzan"
ERROR - 2016-05-09 06:12:56 --> Could not find the language line "mynt_buy_taobao"
ERROR - 2016-05-09 06:12:56 --> Could not find the language line "mynt_buy_tmall"
ERROR - 2016-05-09 06:12:56 --> Could not find the language line "mynt_buy_youzan"
ERROR - 2016-05-09 06:12:56 --> Could not find the language line "about_keywords"
ERROR - 2016-05-09 06:12:56 --> Could not find the language line "about_facebook"
ERROR - 2016-05-09 06:12:56 --> Could not find the language line "about_twitter"
ERROR - 2016-05-09 06:12:56 --> Could not find the language line "about_weibo"
ERROR - 2016-05-09 06:12:57 --> Could not find the language line "mynt_buy_taobao"
ERROR - 2016-05-09 06:12:57 --> Could not find the language line "mynt_buy_tmall"
ERROR - 2016-05-09 06:12:57 --> Could not find the language line "mynt_buy_youzan"
ERROR - 2016-05-09 06:12:57 --> Could not find the language line "mynt_icon_taobao"
ERROR - 2016-05-09 06:12:57 --> Could not find the language line "mynt_icon_tmall"
ERROR - 2016-05-09 06:12:57 --> Could not find the language line "mynt_icon_youzan"
ERROR - 2016-05-09 06:13:18 --> Could not find the language line "mynt_buy_taobao"
ERROR - 2016-05-09 06:13:18 --> Could not find the language line "mynt_buy_tmall"
ERROR - 2016-05-09 06:13:18 --> Could not find the language line "mynt_buy_youzan"
ERROR - 2016-05-09 06:13:18 --> Could not find the language line "mynt_icon_taobao"
ERROR - 2016-05-09 06:13:18 --> Could not find the language line "mynt_icon_tmall"
ERROR - 2016-05-09 06:13:18 --> Could not find the language line "mynt_icon_youzan"
ERROR - 2016-05-09 06:13:25 --> Could not find the language line "mynt_buy_taobao"
ERROR - 2016-05-09 06:13:25 --> Could not find the language line "mynt_buy_tmall"
ERROR - 2016-05-09 06:13:25 --> Could not find the language line "mynt_buy_youzan"
ERROR - 2016-05-09 06:13:25 --> Could not find the language line "mynt_icon_taobao"
ERROR - 2016-05-09 06:13:25 --> Could not find the language line "mynt_icon_tmall"
ERROR - 2016-05-09 06:13:25 --> Could not find the language line "mynt_icon_youzan"
ERROR - 2016-05-09 06:13:33 --> Could not find the language line "mynt_buy_taobao"
ERROR - 2016-05-09 06:13:33 --> Could not find the language line "mynt_buy_tmall"
ERROR - 2016-05-09 06:13:33 --> Could not find the language line "mynt_buy_youzan"
ERROR - 2016-05-09 06:13:33 --> Could not find the language line "mynt_icon_taobao"
ERROR - 2016-05-09 06:13:33 --> Could not find the language line "mynt_icon_tmall"
ERROR - 2016-05-09 06:13:33 --> Could not find the language line "mynt_icon_youzan"
ERROR - 2016-05-09 06:13:38 --> Could not find the language line "mynt_buy_taobao"
ERROR - 2016-05-09 06:13:38 --> Could not find the language line "mynt_buy_tmall"
ERROR - 2016-05-09 06:13:38 --> Could not find the language line "mynt_buy_youzan"
ERROR - 2016-05-09 06:13:38 --> Could not find the language line "mynt_icon_taobao"
ERROR - 2016-05-09 06:13:38 --> Could not find the language line "mynt_icon_tmall"
ERROR - 2016-05-09 06:13:38 --> Could not find the language line "mynt_icon_youzan"
ERROR - 2016-05-09 06:14:17 --> Could not find the language line "mynt_buy_taobao"
ERROR - 2016-05-09 06:14:17 --> Could not find the language line "mynt_buy_tmall"
ERROR - 2016-05-09 06:14:17 --> Could not find the language line "mynt_buy_youzan"
ERROR - 2016-05-09 06:14:17 --> Could not find the language line "mynt_icon_taobao"
ERROR - 2016-05-09 06:14:17 --> Could not find the language line "mynt_icon_tmall"
ERROR - 2016-05-09 06:14:17 --> Could not find the language line "mynt_icon_youzan"
ERROR - 2016-05-09 06:14:18 --> Could not find the language line "mynt_buy_taobao"
ERROR - 2016-05-09 06:14:18 --> Could not find the language line "mynt_buy_tmall"
ERROR - 2016-05-09 06:14:18 --> Could not find the language line "mynt_buy_youzan"
ERROR - 2016-05-09 06:14:18 --> Could not find the language line "mynt_icon_taobao"
ERROR - 2016-05-09 06:14:18 --> Could not find the language line "mynt_icon_tmall"
ERROR - 2016-05-09 06:14:18 --> Could not find the language line "mynt_icon_youzan"
ERROR - 2016-05-09 06:14:18 --> Could not find the language line "mynt_buy_taobao"
ERROR - 2016-05-09 06:14:18 --> Could not find the language line "mynt_buy_tmall"
ERROR - 2016-05-09 06:14:18 --> Could not find the language line "mynt_buy_youzan"
ERROR - 2016-05-09 06:14:18 --> Could not find the language line "mynt_icon_taobao"
ERROR - 2016-05-09 06:14:18 --> Could not find the language line "mynt_icon_tmall"
ERROR - 2016-05-09 06:14:18 --> Could not find the language line "mynt_icon_youzan"
ERROR - 2016-05-09 06:14:18 --> Could not find the language line "mynt_buy_taobao"
ERROR - 2016-05-09 06:14:18 --> Could not find the language line "mynt_buy_tmall"
ERROR - 2016-05-09 06:14:18 --> Could not find the language line "mynt_buy_youzan"
ERROR - 2016-05-09 06:14:18 --> Could not find the language line "mynt_icon_taobao"
ERROR - 2016-05-09 06:14:18 --> Could not find the language line "mynt_icon_tmall"
ERROR - 2016-05-09 06:14:18 --> Could not find the language line "mynt_icon_youzan"
ERROR - 2016-05-09 06:14:26 --> Could not find the language line "mynt_buy_taobao"
ERROR - 2016-05-09 06:14:26 --> Could not find the language line "mynt_buy_tmall"
ERROR - 2016-05-09 06:14:26 --> Could not find the language line "mynt_buy_youzan"
ERROR - 2016-05-09 06:14:27 --> Could not find the language line "mynt_buy_taobao"
ERROR - 2016-05-09 06:14:27 --> Could not find the language line "mynt_buy_tmall"
ERROR - 2016-05-09 06:14:27 --> Could not find the language line "mynt_buy_youzan"
ERROR - 2016-05-09 06:14:27 --> Could not find the language line "mynt_icon_taobao"
ERROR - 2016-05-09 06:14:27 --> Could not find the language line "mynt_icon_tmall"
ERROR - 2016-05-09 06:14:27 --> Could not find the language line "mynt_icon_youzan"
ERROR - 2016-05-09 06:14:28 --> Could not find the language line "mynt_buy_taobao"
ERROR - 2016-05-09 06:14:28 --> Could not find the language line "mynt_buy_tmall"
ERROR - 2016-05-09 06:14:28 --> Could not find the language line "mynt_buy_youzan"
ERROR - 2016-05-09 06:14:29 --> Could not find the language line "mynt_buy_taobao"
ERROR - 2016-05-09 06:14:29 --> Could not find the language line "mynt_buy_tmall"
ERROR - 2016-05-09 06:14:29 --> Could not find the language line "mynt_buy_youzan"
ERROR - 2016-05-09 06:14:29 --> Could not find the language line "mynt_icon_taobao"
ERROR - 2016-05-09 06:14:29 --> Could not find the language line "mynt_icon_tmall"
ERROR - 2016-05-09 06:14:29 --> Could not find the language line "mynt_icon_youzan"
ERROR - 2016-05-09 06:14:29 --> Could not find the language line "mynt_buy_taobao"
ERROR - 2016-05-09 06:14:29 --> Could not find the language line "mynt_buy_tmall"
ERROR - 2016-05-09 06:14:29 --> Could not find the language line "mynt_buy_youzan"
ERROR - 2016-05-09 06:14:30 --> Could not find the language line "mynt_buy_taobao"
ERROR - 2016-05-09 06:14:30 --> Could not find the language line "mynt_buy_tmall"
ERROR - 2016-05-09 06:14:30 --> Could not find the language line "mynt_buy_youzan"
ERROR - 2016-05-09 06:14:30 --> Could not find the language line "mynt_icon_taobao"
ERROR - 2016-05-09 06:14:30 --> Could not find the language line "mynt_icon_tmall"
ERROR - 2016-05-09 06:14:30 --> Could not find the language line "mynt_icon_youzan"
ERROR - 2016-05-09 06:15:28 --> Could not find the language line "mynt_buy_taobao"
ERROR - 2016-05-09 06:15:28 --> Could not find the language line "mynt_buy_tmall"
ERROR - 2016-05-09 06:15:28 --> Could not find the language line "mynt_buy_youzan"
ERROR - 2016-05-09 06:15:28 --> Could not find the language line "mynt_icon_taobao"
ERROR - 2016-05-09 06:15:28 --> Could not find the language line "mynt_icon_tmall"
ERROR - 2016-05-09 06:15:28 --> Could not find the language line "mynt_icon_youzan"
ERROR - 2016-05-09 06:16:22 --> Could not find the language line "mynt_buy_taobao"
ERROR - 2016-05-09 06:16:22 --> Could not find the language line "mynt_buy_tmall"
ERROR - 2016-05-09 06:16:22 --> Could not find the language line "mynt_buy_youzan"
ERROR - 2016-05-09 06:16:22 --> Could not find the language line "mynt_icon_taobao"
ERROR - 2016-05-09 06:16:22 --> Could not find the language line "mynt_icon_tmall"
ERROR - 2016-05-09 06:16:22 --> Could not find the language line "mynt_icon_youzan"
ERROR - 2016-05-09 06:16:27 --> Could not find the language line "mynt_buy_taobao"
ERROR - 2016-05-09 06:16:27 --> Could not find the language line "mynt_buy_tmall"
ERROR - 2016-05-09 06:16:27 --> Could not find the language line "mynt_buy_youzan"
ERROR - 2016-05-09 06:16:27 --> Could not find the language line "mynt_icon_taobao"
ERROR - 2016-05-09 06:16:27 --> Could not find the language line "mynt_icon_tmall"
ERROR - 2016-05-09 06:16:27 --> Could not find the language line "mynt_icon_youzan"
ERROR - 2016-05-09 06:16:31 --> Could not find the language line "mynt_buy_taobao"
ERROR - 2016-05-09 06:16:31 --> Could not find the language line "mynt_buy_tmall"
ERROR - 2016-05-09 06:16:31 --> Could not find the language line "mynt_buy_youzan"
ERROR - 2016-05-09 06:16:31 --> Could not find the language line "mynt_icon_taobao"
ERROR - 2016-05-09 06:16:31 --> Could not find the language line "mynt_icon_tmall"
ERROR - 2016-05-09 06:16:31 --> Could not find the language line "mynt_icon_youzan"
ERROR - 2016-05-09 06:16:32 --> Could not find the language line "mynt_buy_taobao"
ERROR - 2016-05-09 06:16:32 --> Could not find the language line "mynt_buy_tmall"
ERROR - 2016-05-09 06:16:32 --> Could not find the language line "mynt_buy_youzan"
ERROR - 2016-05-09 06:16:32 --> Could not find the language line "mynt_icon_taobao"
ERROR - 2016-05-09 06:16:32 --> Could not find the language line "mynt_icon_tmall"
ERROR - 2016-05-09 06:16:32 --> Could not find the language line "mynt_icon_youzan"
ERROR - 2016-05-09 06:16:46 --> Could not find the language line "mynt_buy_taobao"
ERROR - 2016-05-09 06:16:46 --> Could not find the language line "mynt_buy_tmall"
ERROR - 2016-05-09 06:16:46 --> Could not find the language line "mynt_buy_youzan"
ERROR - 2016-05-09 06:17:34 --> Could not find the language line "mynt_buy_taobao"
ERROR - 2016-05-09 06:17:34 --> Could not find the language line "mynt_buy_tmall"
ERROR - 2016-05-09 06:17:34 --> Could not find the language line "mynt_buy_youzan"
ERROR - 2016-05-09 06:17:34 --> Session: File 'ci_sessions/ci_session43ea2e1a4da7f624bfd727f4d04408e733fa8fe4' doesn't exist and cannot be created.
ERROR - 2016-05-09 06:17:41 --> Could not find the language line "mynt_buy_taobao"
ERROR - 2016-05-09 06:17:41 --> Could not find the language line "mynt_buy_tmall"
ERROR - 2016-05-09 06:17:41 --> Could not find the language line "mynt_buy_youzan"
ERROR - 2016-05-09 06:17:41 --> Could not find the language line "mynt_icon_taobao"
ERROR - 2016-05-09 06:17:41 --> Could not find the language line "mynt_icon_tmall"
ERROR - 2016-05-09 06:17:41 --> Could not find the language line "mynt_icon_youzan"
ERROR - 2016-05-09 06:17:41 --> Could not find the language line "mynt_jd_detail"
ERROR - 2016-05-09 06:17:41 --> Could not find the language line "to_buy_wd"
ERROR - 2016-05-09 06:17:41 --> Could not find the language line "slightech_wechat"
ERROR - 2016-05-09 06:17:41 --> Could not find the language line "camera_no_lost"
ERROR - 2016-05-09 06:17:41 --> Could not find the language line "key_no_lost"
ERROR - 2016-05-09 06:17:41 --> Could not find the language line "bag_no_lost"
ERROR - 2016-05-09 06:17:41 --> Could not find the language line "computer_no_lost"
ERROR - 2016-05-09 06:17:41 --> Could not find the language line "pet_no_lost"
ERROR - 2016-05-09 06:17:41 --> Could not find the language line "goal"
ERROR - 2016-05-09 06:17:41 --> Could not find the language line "fund_title"
ERROR - 2016-05-09 06:17:41 --> Could not find the language line "fund_intro"
ERROR - 2016-05-09 06:17:43 --> Could not find the language line "mynt_buy_taobao"
ERROR - 2016-05-09 06:17:43 --> Could not find the language line "mynt_buy_tmall"
ERROR - 2016-05-09 06:17:43 --> Could not find the language line "mynt_buy_youzan"
ERROR - 2016-05-09 06:17:43 --> Could not find the language line "mynt_icon_taobao"
ERROR - 2016-05-09 06:17:43 --> Could not find the language line "mynt_icon_tmall"
ERROR - 2016-05-09 06:17:43 --> Could not find the language line "mynt_icon_youzan"
ERROR - 2016-05-09 06:17:44 --> Could not find the language line "mynt_buy_taobao"
ERROR - 2016-05-09 06:17:44 --> Could not find the language line "mynt_buy_tmall"
ERROR - 2016-05-09 06:17:44 --> Could not find the language line "mynt_buy_youzan"
ERROR - 2016-05-09 06:17:44 --> Could not find the language line "mynt_buy_taobao"
ERROR - 2016-05-09 06:17:44 --> Could not find the language line "mynt_buy_tmall"
ERROR - 2016-05-09 06:17:44 --> Could not find the language line "mynt_buy_youzan"
ERROR - 2016-05-09 06:17:44 --> Could not find the language line "mynt_icon_taobao"
ERROR - 2016-05-09 06:17:44 --> Could not find the language line "mynt_icon_tmall"
ERROR - 2016-05-09 06:17:44 --> Could not find the language line "mynt_icon_youzan"
ERROR - 2016-05-09 06:17:44 --> Could not find the language line "mynt_jd_detail"
ERROR - 2016-05-09 06:17:44 --> Could not find the language line "to_buy_wd"
ERROR - 2016-05-09 06:17:44 --> Could not find the language line "slightech_wechat"
ERROR - 2016-05-09 06:17:44 --> Could not find the language line "camera_no_lost"
ERROR - 2016-05-09 06:17:44 --> Could not find the language line "key_no_lost"
ERROR - 2016-05-09 06:17:44 --> Could not find the language line "bag_no_lost"
ERROR - 2016-05-09 06:17:44 --> Could not find the language line "computer_no_lost"
ERROR - 2016-05-09 06:17:44 --> Could not find the language line "pet_no_lost"
ERROR - 2016-05-09 06:17:44 --> Could not find the language line "goal"
ERROR - 2016-05-09 06:17:44 --> Could not find the language line "fund_title"
ERROR - 2016-05-09 06:17:44 --> Could not find the language line "fund_intro"
ERROR - 2016-05-09 06:17:45 --> Could not find the language line "mynt_buy_taobao"
ERROR - 2016-05-09 06:17:45 --> Could not find the language line "mynt_buy_tmall"
ERROR - 2016-05-09 06:17:45 --> Could not find the language line "mynt_buy_youzan"
ERROR - 2016-05-09 06:17:46 --> Could not find the language line "mynt_buy_taobao"
ERROR - 2016-05-09 06:17:46 --> Could not find the language line "mynt_buy_tmall"
ERROR - 2016-05-09 06:17:46 --> Could not find the language line "mynt_buy_youzan"
ERROR - 2016-05-09 06:17:46 --> Could not find the language line "mynt_icon_taobao"
ERROR - 2016-05-09 06:17:46 --> Could not find the language line "mynt_icon_tmall"
ERROR - 2016-05-09 06:17:46 --> Could not find the language line "mynt_icon_youzan"
ERROR - 2016-05-09 06:25:44 --> Could not find the language line "mynt_buy_taobao"
ERROR - 2016-05-09 06:25:44 --> Could not find the language line "mynt_buy_tmall"
ERROR - 2016-05-09 06:25:44 --> Could not find the language line "mynt_buy_youzan"
ERROR - 2016-05-09 06:25:44 --> Could not find the language line "mynt_icon_taobao"
ERROR - 2016-05-09 06:25:44 --> Could not find the language line "mynt_icon_tmall"
ERROR - 2016-05-09 06:25:44 --> Could not find the language line "mynt_icon_youzan"
ERROR - 2016-05-09 06:25:45 --> Could not find the language line "mynt_buy_taobao"
ERROR - 2016-05-09 06:25:45 --> Could not find the language line "mynt_buy_tmall"
ERROR - 2016-05-09 06:25:45 --> Could not find the language line "mynt_buy_youzan"
ERROR - 2016-05-09 06:25:45 --> Could not find the language line "mynt_icon_taobao"
ERROR - 2016-05-09 06:25:45 --> Could not find the language line "mynt_icon_tmall"
ERROR - 2016-05-09 06:25:45 --> Could not find the language line "mynt_icon_youzan"
ERROR - 2016-05-09 06:25:57 --> Could not find the language line "mynt_buy_taobao"
ERROR - 2016-05-09 06:25:57 --> Could not find the language line "mynt_buy_tmall"
ERROR - 2016-05-09 06:25:57 --> Could not find the language line "mynt_buy_youzan"
ERROR - 2016-05-09 06:25:57 --> Could not find the language line "about_keywords"
ERROR - 2016-05-09 06:25:57 --> Could not find the language line "about_facebook"
ERROR - 2016-05-09 06:25:57 --> Could not find the language line "about_twitter"
ERROR - 2016-05-09 06:25:57 --> Could not find the language line "about_weibo"
ERROR - 2016-05-09 06:26:00 --> Could not find the language line "mynt_buy_taobao"
ERROR - 2016-05-09 06:26:00 --> Could not find the language line "mynt_buy_tmall"
ERROR - 2016-05-09 06:26:00 --> Could not find the language line "mynt_buy_youzan"
ERROR - 2016-05-09 06:26:00 --> Could not find the language line "mynt_icon_taobao"
ERROR - 2016-05-09 06:26:00 --> Could not find the language line "mynt_icon_tmall"
ERROR - 2016-05-09 06:26:00 --> Could not find the language line "mynt_icon_youzan"
ERROR - 2016-05-09 06:27:12 --> Could not find the language line "mynt_buy_taobao"
ERROR - 2016-05-09 06:27:12 --> Could not find the language line "mynt_buy_tmall"
ERROR - 2016-05-09 06:27:12 --> Could not find the language line "mynt_buy_youzan"
ERROR - 2016-05-09 06:27:12 --> Could not find the language line "mynt_icon_taobao"
ERROR - 2016-05-09 06:27:12 --> Could not find the language line "mynt_icon_tmall"
ERROR - 2016-05-09 06:27:12 --> Could not find the language line "mynt_icon_youzan"
ERROR - 2016-05-09 06:27:13 --> Could not find the language line "mynt_buy_taobao"
ERROR - 2016-05-09 06:27:13 --> Could not find the language line "mynt_buy_tmall"
ERROR - 2016-05-09 06:27:13 --> Could not find the language line "mynt_buy_youzan"
ERROR - 2016-05-09 06:27:13 --> Session: File 'ci_sessions/ci_session4b712c5aef478d8ac4fe9f673ec8b08424d4df21' doesn't exist and cannot be created.
ERROR - 2016-05-09 06:27:14 --> Could not find the language line "mynt_buy_taobao"
ERROR - 2016-05-09 06:27:14 --> Could not find the language line "mynt_buy_tmall"
ERROR - 2016-05-09 06:27:14 --> Could not find the language line "mynt_buy_youzan"
ERROR - 2016-05-09 06:27:14 --> Could not find the language line "mynt_icon_taobao"
ERROR - 2016-05-09 06:27:14 --> Could not find the language line "mynt_icon_tmall"
ERROR - 2016-05-09 06:27:14 --> Could not find the language line "mynt_icon_youzan"
ERROR - 2016-05-09 08:55:10 --> Severity: Notice --> Undefined index: URL_SCHEME /Users/fantingsheng/website/application/core/MY_Controller.php 9
ERROR - 2016-05-09 08:55:10 --> Could not find the language line "mynt_buy_taobao"
ERROR - 2016-05-09 08:55:10 --> Could not find the language line "mynt_buy_tmall"
ERROR - 2016-05-09 08:55:10 --> Could not find the language line "mynt_buy_youzan"
ERROR - 2016-05-09 08:55:10 --> Could not find the language line "mynt_icon_taobao"
ERROR - 2016-05-09 08:55:10 --> Could not find the language line "mynt_icon_tmall"
ERROR - 2016-05-09 08:55:10 --> Could not find the language line "mynt_icon_youzan"
ERROR - 2016-05-09 08:55:42 --> Could not find the language line "mynt_buy_taobao"
ERROR - 2016-05-09 08:55:42 --> Could not find the language line "mynt_buy_tmall"
ERROR - 2016-05-09 08:55:42 --> Could not find the language line "mynt_buy_youzan"
ERROR - 2016-05-09 08:55:42 --> Could not find the language line "mynt_icon_taobao"
ERROR - 2016-05-09 08:55:42 --> Could not find the language line "mynt_icon_tmall"
ERROR - 2016-05-09 08:55:42 --> Could not find the language line "mynt_icon_youzan"
ERROR - 2016-05-09 08:55:46 --> Could not find the language line "mynt_buy_taobao"
ERROR - 2016-05-09 08:55:46 --> Could not find the language line "mynt_buy_tmall"
ERROR - 2016-05-09 08:55:46 --> Could not find the language line "mynt_buy_youzan"
ERROR - 2016-05-09 08:55:46 --> Could not find the language line "mynt_icon_taobao"
ERROR - 2016-05-09 08:55:46 --> Could not find the language line "mynt_icon_tmall"
ERROR - 2016-05-09 08:55:46 --> Could not find the language line "mynt_icon_youzan"
ERROR - 2016-05-09 08:56:21 --> Could not find the language line "mynt_buy_taobao"
ERROR - 2016-05-09 08:56:21 --> Could not find the language line "mynt_buy_tmall"
ERROR - 2016-05-09 08:56:21 --> Could not find the language line "mynt_buy_youzan"
ERROR - 2016-05-09 08:56:21 --> Could not find the language line "mynt_icon_taobao"
ERROR - 2016-05-09 08:56:21 --> Could not find the language line "mynt_icon_tmall"
ERROR - 2016-05-09 08:56:21 --> Could not find the language line "mynt_icon_youzan"
ERROR - 2016-05-09 08:56:44 --> Could not find the language line "mynt_buy_taobao"
ERROR - 2016-05-09 08:56:44 --> Could not find the language line "mynt_buy_tmall"
ERROR - 2016-05-09 08:56:44 --> Could not find the language line "mynt_buy_youzan"
ERROR - 2016-05-09 08:56:44 --> Could not find the language line "mynt_icon_taobao"
ERROR - 2016-05-09 08:56:44 --> Could not find the language line "mynt_icon_tmall"
ERROR - 2016-05-09 08:56:44 --> Could not find the language line "mynt_icon_youzan"
ERROR - 2016-05-09 08:57:02 --> Could not find the language line "mynt_buy_taobao"
ERROR - 2016-05-09 08:57:02 --> Could not find the language line "mynt_buy_tmall"
ERROR - 2016-05-09 08:57:02 --> Could not find the language line "mynt_buy_youzan"
ERROR - 2016-05-09 08:57:02 --> Could not find the language line "about_keywords"
ERROR - 2016-05-09 08:57:02 --> Could not find the language line "about_facebook"
ERROR - 2016-05-09 08:57:02 --> Could not find the language line "about_twitter"
ERROR - 2016-05-09 08:57:02 --> Could not find the language line "about_weibo"
ERROR - 2016-05-09 08:57:12 --> Could not find the language line "mynt_buy_taobao"
ERROR - 2016-05-09 08:57:12 --> Could not find the language line "mynt_buy_tmall"
ERROR - 2016-05-09 08:57:12 --> Could not find the language line "mynt_buy_youzan"
ERROR - 2016-05-09 08:57:12 --> Could not find the language line "about_keywords"
ERROR - 2016-05-09 08:57:12 --> Could not find the language line "about_facebook"
ERROR - 2016-05-09 08:57:12 --> Could not find the language line "about_twitter"
ERROR - 2016-05-09 08:57:12 --> Could not find the language line "about_weibo"
