ERROR - 2016-09-20 06:44:39 --> Could not find the language line "mynt_buy_taobao"
ERROR - 2016-09-20 06:44:39 --> Could not find the language line "mynt_buy_tmall"
ERROR - 2016-09-20 06:44:39 --> Could not find the language line "mynt_buy_youzan"
ERROR - 2016-09-20 06:44:39 --> Could not find the language line "mynt_buy_jd"
ERROR - 2016-09-20 06:44:39 --> Could not find the language line "home_cloud_title"
ERROR - 2016-09-20 06:44:39 --> Could not find the language line "home_cloud_intro"
ERROR - 2016-09-20 06:44:39 --> Could not find the language line "mynt_icon_taobao"
ERROR - 2016-09-20 06:44:39 --> Could not find the language line "mynt_icon_tmall"
ERROR - 2016-09-20 06:44:39 --> Could not find the language line "mynt_icon_youzan"
ERROR - 2016-09-20 06:44:39 --> Could not find the language line "mynt_buy_taobao"
ERROR - 2016-09-20 06:44:39 --> Could not find the language line "mynt_buy_tmall"
ERROR - 2016-09-20 06:44:39 --> Could not find the language line "mynt_buy_youzan"
ERROR - 2016-09-20 06:44:39 --> Could not find the language line "mynt_buy_jd"
ERROR - 2016-09-20 06:48:48 --> Could not find the language line "mynt_buy_taobao"
ERROR - 2016-09-20 06:48:48 --> Could not find the language line "mynt_buy_tmall"
ERROR - 2016-09-20 06:48:48 --> Could not find the language line "mynt_buy_youzan"
ERROR - 2016-09-20 06:48:48 --> Could not find the language line "mynt_buy_jd"
ERROR - 2016-09-20 06:48:48 --> Could not find the language line "mynt_buy_taobao"
ERROR - 2016-09-20 06:48:48 --> Could not find the language line "mynt_buy_tmall"
ERROR - 2016-09-20 06:48:48 --> Could not find the language line "mynt_buy_youzan"
ERROR - 2016-09-20 06:48:48 --> Could not find the language line "mynt_buy_jd"
ERROR - 2016-09-20 06:56:45 --> Could not find the language line "mynt_buy_taobao"
ERROR - 2016-09-20 06:56:45 --> Could not find the language line "mynt_buy_tmall"
ERROR - 2016-09-20 06:56:45 --> Could not find the language line "mynt_buy_youzan"
ERROR - 2016-09-20 06:56:45 --> Could not find the language line "mynt_buy_jd"
ERROR - 2016-09-20 06:56:45 --> Session: File 'ci_sessions/ci_session384c8a7f450eb021060f9a8956601ecee210167b' doesn't exist and cannot be created.
ERROR - 2016-09-20 06:56:51 --> Could not find the language line "mynt_buy_taobao"
ERROR - 2016-09-20 06:56:51 --> Could not find the language line "mynt_buy_tmall"
ERROR - 2016-09-20 06:56:51 --> Could not find the language line "mynt_buy_youzan"
ERROR - 2016-09-20 06:56:51 --> Could not find the language line "mynt_buy_jd"
ERROR - 2016-09-20 06:56:51 --> Could not find the language line "home_cloud_title"
ERROR - 2016-09-20 06:56:51 --> Could not find the language line "home_cloud_intro"
ERROR - 2016-09-20 06:56:51 --> Could not find the language line "mynt_icon_taobao"
ERROR - 2016-09-20 06:56:51 --> Could not find the language line "mynt_icon_tmall"
ERROR - 2016-09-20 06:56:51 --> Could not find the language line "mynt_icon_youzan"
ERROR - 2016-09-20 06:56:51 --> Could not find the language line "mynt_buy_taobao"
ERROR - 2016-09-20 06:56:51 --> Could not find the language line "mynt_buy_tmall"
ERROR - 2016-09-20 06:56:51 --> Could not find the language line "mynt_buy_youzan"
ERROR - 2016-09-20 06:56:51 --> Could not find the language line "mynt_buy_jd"
ERROR - 2016-09-20 06:57:02 --> Could not find the language line "mynt_buy_taobao"
ERROR - 2016-09-20 06:57:02 --> Could not find the language line "mynt_buy_tmall"
ERROR - 2016-09-20 06:57:02 --> Could not find the language line "mynt_buy_youzan"
ERROR - 2016-09-20 06:57:02 --> Could not find the language line "mynt_buy_jd"
ERROR - 2016-09-20 06:57:02 --> Could not find the language line "mynt_icon_taobao"
ERROR - 2016-09-20 06:57:02 --> Could not find the language line "mynt_icon_tmall"
ERROR - 2016-09-20 06:57:02 --> Could not find the language line "mynt_icon_youzan"
ERROR - 2016-09-20 06:57:02 --> Could not find the language line "mynt_icon_jd"
ERROR - 2016-09-20 06:57:02 --> Could not find the language line "mynt_jd_detail"
ERROR - 2016-09-20 06:57:02 --> Could not find the language line "to_buy_wd"
ERROR - 2016-09-20 06:57:02 --> Could not find the language line "slightech_wechat"
ERROR - 2016-09-20 06:57:02 --> Could not find the language line "camera_no_lost"
ERROR - 2016-09-20 06:57:02 --> Could not find the language line "key_no_lost"
ERROR - 2016-09-20 06:57:02 --> Could not find the language line "bag_no_lost"
ERROR - 2016-09-20 06:57:02 --> Could not find the language line "computer_no_lost"
ERROR - 2016-09-20 06:57:02 --> Could not find the language line "pet_no_lost"
ERROR - 2016-09-20 06:57:02 --> Could not find the language line "goal"
ERROR - 2016-09-20 06:57:02 --> Could not find the language line "fund_title"
ERROR - 2016-09-20 06:57:02 --> Could not find the language line "fund_intro"
ERROR - 2016-09-20 06:57:02 --> Could not find the language line "mynt_buy_taobao"
ERROR - 2016-09-20 06:57:02 --> Could not find the language line "mynt_buy_tmall"
ERROR - 2016-09-20 06:57:02 --> Could not find the language line "mynt_buy_youzan"
ERROR - 2016-09-20 06:57:02 --> Could not find the language line "mynt_buy_jd"
ERROR - 2016-09-20 06:57:52 --> Could not find the language line "mynt_buy_taobao"
ERROR - 2016-09-20 06:57:52 --> Could not find the language line "mynt_buy_tmall"
ERROR - 2016-09-20 06:57:52 --> Could not find the language line "mynt_buy_youzan"
ERROR - 2016-09-20 06:57:52 --> Could not find the language line "mynt_buy_jd"
ERROR - 2016-09-20 08:14:27 --> 404 Page Not Found: Custom/index
ERROR - 2016-09-20 09:23:23 --> Could not find the language line "mynt_buy_taobao"
ERROR - 2016-09-20 09:23:23 --> Could not find the language line "mynt_buy_tmall"
ERROR - 2016-09-20 09:23:23 --> Could not find the language line "mynt_buy_youzan"
ERROR - 2016-09-20 09:23:23 --> Could not find the language line "mynt_buy_jd"
ERROR - 2016-09-20 09:23:23 --> Could not find the language line "mynt_buy_taobao"
ERROR - 2016-09-20 09:23:23 --> Could not find the language line "mynt_buy_tmall"
ERROR - 2016-09-20 09:23:23 --> Could not find the language line "mynt_buy_youzan"
ERROR - 2016-09-20 09:23:23 --> Could not find the language line "mynt_buy_jd"
ERROR - 2016-09-20 09:24:27 --> Could not find the language line "mynt_buy_taobao"
ERROR - 2016-09-20 09:24:27 --> Could not find the language line "mynt_buy_tmall"
ERROR - 2016-09-20 09:24:27 --> Could not find the language line "mynt_buy_youzan"
ERROR - 2016-09-20 09:24:27 --> Could not find the language line "mynt_buy_jd"
ERROR - 2016-09-20 09:24:27 --> Could not find the language line "mynt_buy_taobao"
ERROR - 2016-09-20 09:24:27 --> Could not find the language line "mynt_buy_tmall"
ERROR - 2016-09-20 09:24:27 --> Could not find the language line "mynt_buy_youzan"
ERROR - 2016-09-20 09:24:27 --> Could not find the language line "mynt_buy_jd"
ERROR - 2016-09-20 09:26:43 --> Could not find the language line "mynt_buy_taobao"
ERROR - 2016-09-20 09:26:43 --> Could not find the language line "mynt_buy_tmall"
ERROR - 2016-09-20 09:26:43 --> Could not find the language line "mynt_buy_youzan"
ERROR - 2016-09-20 09:26:43 --> Could not find the language line "mynt_buy_jd"
ERROR - 2016-09-20 09:26:43 --> Could not find the language line "mynt_buy_taobao"
ERROR - 2016-09-20 09:26:43 --> Could not find the language line "mynt_buy_tmall"
ERROR - 2016-09-20 09:26:43 --> Could not find the language line "mynt_buy_youzan"
ERROR - 2016-09-20 09:26:43 --> Could not find the language line "mynt_buy_jd"
ERROR - 2016-09-20 09:42:17 --> Could not find the language line "mynt_buy_taobao"
ERROR - 2016-09-20 09:42:17 --> Could not find the language line "mynt_buy_tmall"
ERROR - 2016-09-20 09:42:17 --> Could not find the language line "mynt_buy_youzan"
ERROR - 2016-09-20 09:42:17 --> Could not find the language line "mynt_buy_jd"
ERROR - 2016-09-20 09:42:17 --> Session: File 'ci_sessions/ci_session019c35cd174f75e1a5948f87a72047a95f01ca2e' doesn't exist and cannot be created.
ERROR - 2016-09-20 09:42:17 --> Could not find the language line "mynt_buy_taobao"
ERROR - 2016-09-20 09:42:17 --> Could not find the language line "mynt_buy_tmall"
ERROR - 2016-09-20 09:42:17 --> Could not find the language line "mynt_buy_youzan"
ERROR - 2016-09-20 09:42:17 --> Could not find the language line "mynt_buy_jd"
ERROR - 2016-09-20 10:09:57 --> Could not find the language line "mynt_buy_taobao"
ERROR - 2016-09-20 10:09:57 --> Could not find the language line "mynt_buy_tmall"
ERROR - 2016-09-20 10:09:57 --> Could not find the language line "mynt_buy_youzan"
ERROR - 2016-09-20 10:09:57 --> Could not find the language line "mynt_buy_jd"
ERROR - 2016-09-20 10:10:01 --> Could not find the language line "mynt_buy_taobao"
ERROR - 2016-09-20 10:10:01 --> Could not find the language line "mynt_buy_tmall"
ERROR - 2016-09-20 10:10:01 --> Could not find the language line "mynt_buy_youzan"
ERROR - 2016-09-20 10:10:01 --> Could not find the language line "mynt_buy_jd"
ERROR - 2016-09-20 10:10:01 --> Could not find the language line "home_cloud_title"
ERROR - 2016-09-20 10:10:01 --> Could not find the language line "home_cloud_intro"
ERROR - 2016-09-20 10:10:01 --> Could not find the language line "mynt_icon_taobao"
ERROR - 2016-09-20 10:10:01 --> Could not find the language line "mynt_icon_tmall"
ERROR - 2016-09-20 10:10:01 --> Could not find the language line "mynt_icon_youzan"
ERROR - 2016-09-20 10:10:01 --> Could not find the language line "mynt_buy_taobao"
ERROR - 2016-09-20 10:10:01 --> Could not find the language line "mynt_buy_tmall"
ERROR - 2016-09-20 10:10:01 --> Could not find the language line "mynt_buy_youzan"
ERROR - 2016-09-20 10:10:01 --> Could not find the language line "mynt_buy_jd"
ERROR - 2016-09-20 10:10:35 --> Could not find the language line "mynt_buy_taobao"
ERROR - 2016-09-20 10:10:35 --> Could not find the language line "mynt_buy_tmall"
ERROR - 2016-09-20 10:10:35 --> Could not find the language line "mynt_buy_youzan"
ERROR - 2016-09-20 10:10:35 --> Could not find the language line "mynt_buy_jd"
ERROR - 2016-09-20 10:10:35 --> Could not find the language line "home_cloud_title"
ERROR - 2016-09-20 10:10:35 --> Could not find the language line "home_cloud_intro"
ERROR - 2016-09-20 10:10:35 --> Could not find the language line "mynt_icon_taobao"
ERROR - 2016-09-20 10:10:35 --> Could not find the language line "mynt_icon_tmall"
ERROR - 2016-09-20 10:10:35 --> Could not find the language line "mynt_icon_youzan"
ERROR - 2016-09-20 10:10:38 --> Could not find the language line "mynt_buy_taobao"
ERROR - 2016-09-20 10:10:38 --> Could not find the language line "mynt_buy_tmall"
ERROR - 2016-09-20 10:10:38 --> Could not find the language line "mynt_buy_youzan"
ERROR - 2016-09-20 10:10:38 --> Could not find the language line "mynt_buy_jd"
ERROR - 2016-09-20 10:10:39 --> Could not find the language line "mynt_buy_taobao"
ERROR - 2016-09-20 10:10:39 --> Could not find the language line "mynt_buy_tmall"
ERROR - 2016-09-20 10:10:39 --> Could not find the language line "mynt_buy_youzan"
ERROR - 2016-09-20 10:10:39 --> Could not find the language line "mynt_buy_jd"
ERROR - 2016-09-20 10:10:39 --> Could not find the language line "home_cloud_title"
ERROR - 2016-09-20 10:10:39 --> Could not find the language line "home_cloud_intro"
ERROR - 2016-09-20 10:10:39 --> Could not find the language line "mynt_icon_taobao"
ERROR - 2016-09-20 10:10:39 --> Could not find the language line "mynt_icon_tmall"
ERROR - 2016-09-20 10:10:39 --> Could not find the language line "mynt_icon_youzan"
ERROR - 2016-09-20 10:10:40 --> Could not find the language line "mynt_buy_taobao"
ERROR - 2016-09-20 10:10:40 --> Could not find the language line "mynt_buy_tmall"
ERROR - 2016-09-20 10:10:40 --> Could not find the language line "mynt_buy_youzan"
ERROR - 2016-09-20 10:10:40 --> Could not find the language line "mynt_buy_jd"
ERROR - 2016-09-20 10:10:48 --> Could not find the language line "mynt_buy_taobao"
ERROR - 2016-09-20 10:10:48 --> Could not find the language line "mynt_buy_tmall"
ERROR - 2016-09-20 10:10:48 --> Could not find the language line "mynt_buy_youzan"
ERROR - 2016-09-20 10:10:48 --> Could not find the language line "mynt_buy_jd"
ERROR - 2016-09-20 10:10:48 --> Could not find the language line "home_cloud_title"
ERROR - 2016-09-20 10:10:48 --> Could not find the language line "home_cloud_intro"
ERROR - 2016-09-20 10:10:48 --> Could not find the language line "mynt_icon_taobao"
ERROR - 2016-09-20 10:10:48 --> Could not find the language line "mynt_icon_tmall"
ERROR - 2016-09-20 10:10:48 --> Could not find the language line "mynt_icon_youzan"
ERROR - 2016-09-20 10:10:48 --> Could not find the language line "mynt_buy_taobao"
ERROR - 2016-09-20 10:10:48 --> Could not find the language line "mynt_buy_tmall"
ERROR - 2016-09-20 10:10:48 --> Could not find the language line "mynt_buy_youzan"
ERROR - 2016-09-20 10:10:48 --> Could not find the language line "mynt_buy_jd"
ERROR - 2016-09-20 10:11:21 --> Could not find the language line "mynt_buy_taobao"
ERROR - 2016-09-20 10:11:21 --> Could not find the language line "mynt_buy_tmall"
ERROR - 2016-09-20 10:11:21 --> Could not find the language line "mynt_buy_youzan"
ERROR - 2016-09-20 10:11:21 --> Could not find the language line "mynt_buy_jd"
ERROR - 2016-09-20 10:11:21 --> Could not find the language line "home_cloud_title"
ERROR - 2016-09-20 10:11:21 --> Could not find the language line "home_cloud_intro"
ERROR - 2016-09-20 10:11:21 --> Could not find the language line "mynt_icon_taobao"
ERROR - 2016-09-20 10:11:21 --> Could not find the language line "mynt_icon_tmall"
ERROR - 2016-09-20 10:11:21 --> Could not find the language line "mynt_icon_youzan"
ERROR - 2016-09-20 10:11:22 --> Could not find the language line "mynt_buy_taobao"
ERROR - 2016-09-20 10:11:22 --> Could not find the language line "mynt_buy_tmall"
ERROR - 2016-09-20 10:11:22 --> Could not find the language line "mynt_buy_youzan"
ERROR - 2016-09-20 10:11:22 --> Could not find the language line "mynt_buy_jd"
ERROR - 2016-09-20 10:15:24 --> Could not find the language line "mynt_buy_taobao"
ERROR - 2016-09-20 10:15:24 --> Could not find the language line "mynt_buy_tmall"
ERROR - 2016-09-20 10:15:24 --> Could not find the language line "mynt_buy_youzan"
ERROR - 2016-09-20 10:15:24 --> Could not find the language line "mynt_buy_jd"
ERROR - 2016-09-20 10:15:24 --> Could not find the language line "home_cloud_title"
ERROR - 2016-09-20 10:15:24 --> Could not find the language line "home_cloud_intro"
ERROR - 2016-09-20 10:15:24 --> Could not find the language line "mynt_icon_taobao"
ERROR - 2016-09-20 10:15:24 --> Could not find the language line "mynt_icon_tmall"
ERROR - 2016-09-20 10:15:24 --> Could not find the language line "mynt_icon_youzan"
ERROR - 2016-09-20 10:15:24 --> Session: File 'ci_sessions/ci_session0c0065140fae0e5360fa7906fa5c6fcb661e0cdb' doesn't exist and cannot be created.
ERROR - 2016-09-20 10:15:24 --> Could not find the language line "mynt_buy_taobao"
ERROR - 2016-09-20 10:15:24 --> Could not find the language line "mynt_buy_tmall"
ERROR - 2016-09-20 10:15:24 --> Could not find the language line "mynt_buy_youzan"
ERROR - 2016-09-20 10:15:24 --> Could not find the language line "mynt_buy_jd"
ERROR - 2016-09-20 10:17:07 --> Could not find the language line "mynt_buy_taobao"
ERROR - 2016-09-20 10:17:07 --> Could not find the language line "mynt_buy_tmall"
ERROR - 2016-09-20 10:17:07 --> Could not find the language line "mynt_buy_youzan"
ERROR - 2016-09-20 10:17:07 --> Could not find the language line "mynt_buy_jd"
ERROR - 2016-09-20 10:17:07 --> Could not find the language line "home_cloud_title"
ERROR - 2016-09-20 10:17:07 --> Could not find the language line "home_cloud_intro"
ERROR - 2016-09-20 10:17:07 --> Could not find the language line "mynt_icon_taobao"
ERROR - 2016-09-20 10:17:07 --> Could not find the language line "mynt_icon_tmall"
ERROR - 2016-09-20 10:17:07 --> Could not find the language line "mynt_icon_youzan"
ERROR - 2016-09-20 10:17:07 --> Could not find the language line "mynt_buy_taobao"
ERROR - 2016-09-20 10:17:07 --> Could not find the language line "mynt_buy_tmall"
ERROR - 2016-09-20 10:17:07 --> Could not find the language line "mynt_buy_youzan"
ERROR - 2016-09-20 10:17:07 --> Could not find the language line "mynt_buy_jd"
ERROR - 2016-09-20 10:17:46 --> Could not find the language line "mynt_buy_taobao"
ERROR - 2016-09-20 10:17:46 --> Could not find the language line "mynt_buy_tmall"
ERROR - 2016-09-20 10:17:46 --> Could not find the language line "mynt_buy_youzan"
ERROR - 2016-09-20 10:17:46 --> Could not find the language line "mynt_buy_jd"
ERROR - 2016-09-20 10:17:46 --> Could not find the language line "home_cloud_title"
ERROR - 2016-09-20 10:17:46 --> Could not find the language line "home_cloud_intro"
ERROR - 2016-09-20 10:17:46 --> Could not find the language line "mynt_icon_taobao"
ERROR - 2016-09-20 10:17:46 --> Could not find the language line "mynt_icon_tmall"
ERROR - 2016-09-20 10:17:46 --> Could not find the language line "mynt_icon_youzan"
ERROR - 2016-09-20 10:17:46 --> Could not find the language line "mynt_buy_taobao"
ERROR - 2016-09-20 10:17:46 --> Could not find the language line "mynt_buy_tmall"
ERROR - 2016-09-20 10:17:46 --> Could not find the language line "mynt_buy_youzan"
ERROR - 2016-09-20 10:17:46 --> Could not find the language line "mynt_buy_jd"
ERROR - 2016-09-20 14:48:36 --> Could not find the language line "mynt_buy_taobao"
ERROR - 2016-09-20 14:48:36 --> Could not find the language line "mynt_buy_tmall"
ERROR - 2016-09-20 14:48:36 --> Could not find the language line "mynt_buy_youzan"
ERROR - 2016-09-20 14:48:36 --> Could not find the language line "mynt_buy_jd"
ERROR - 2016-09-20 14:48:36 --> Could not find the language line "home_cloud_title"
ERROR - 2016-09-20 14:48:36 --> Could not find the language line "home_cloud_intro"
ERROR - 2016-09-20 14:48:36 --> Could not find the language line "mynt_icon_taobao"
ERROR - 2016-09-20 14:48:36 --> Could not find the language line "mynt_icon_tmall"
ERROR - 2016-09-20 14:48:36 --> Could not find the language line "mynt_icon_youzan"
ERROR - 2016-09-20 14:48:37 --> Could not find the language line "mynt_buy_taobao"
ERROR - 2016-09-20 14:48:37 --> Could not find the language line "mynt_buy_tmall"
ERROR - 2016-09-20 14:48:37 --> Could not find the language line "mynt_buy_youzan"
ERROR - 2016-09-20 14:48:37 --> Could not find the language line "mynt_buy_jd"
