ERROR - 2016-08-22 01:28:52 --> Could not find the language line "mynt_buy_taobao"
ERROR - 2016-08-22 01:28:52 --> Could not find the language line "mynt_buy_tmall"
ERROR - 2016-08-22 01:28:52 --> Could not find the language line "mynt_buy_youzan"
ERROR - 2016-08-22 01:28:52 --> Could not find the language line "mynt_buy_jd"
ERROR - 2016-08-22 01:28:54 --> Could not find the language line "mynt_buy_taobao"
ERROR - 2016-08-22 01:28:54 --> Could not find the language line "mynt_buy_tmall"
ERROR - 2016-08-22 01:28:54 --> Could not find the language line "mynt_buy_youzan"
ERROR - 2016-08-22 01:28:54 --> Could not find the language line "mynt_buy_jd"
ERROR - 2016-08-22 01:29:14 --> Could not find the language line "mynt_buy_taobao"
ERROR - 2016-08-22 01:29:14 --> Could not find the language line "mynt_buy_tmall"
ERROR - 2016-08-22 01:29:14 --> Could not find the language line "mynt_buy_youzan"
ERROR - 2016-08-22 01:29:14 --> Could not find the language line "mynt_buy_jd"
ERROR - 2016-08-22 01:29:14 --> Could not find the language line "mynt_buy_taobao"
ERROR - 2016-08-22 01:29:14 --> Could not find the language line "mynt_buy_tmall"
ERROR - 2016-08-22 01:29:14 --> Could not find the language line "mynt_buy_youzan"
ERROR - 2016-08-22 01:29:14 --> Could not find the language line "mynt_buy_jd"
ERROR - 2016-08-22 01:32:03 --> Could not find the language line "mynt_buy_taobao"
ERROR - 2016-08-22 01:32:03 --> Could not find the language line "mynt_buy_tmall"
ERROR - 2016-08-22 01:32:03 --> Could not find the language line "mynt_buy_youzan"
ERROR - 2016-08-22 01:32:03 --> Could not find the language line "mynt_buy_jd"
ERROR - 2016-08-22 01:32:03 --> Could not find the language line "mynt_buy_taobao"
ERROR - 2016-08-22 01:32:03 --> Could not find the language line "mynt_buy_tmall"
ERROR - 2016-08-22 01:32:03 --> Could not find the language line "mynt_buy_youzan"
ERROR - 2016-08-22 01:32:03 --> Could not find the language line "mynt_buy_jd"
ERROR - 2016-08-22 03:22:08 --> Could not find the language line "mynt_buy_taobao"
ERROR - 2016-08-22 03:22:08 --> Could not find the language line "mynt_buy_tmall"
ERROR - 2016-08-22 03:22:08 --> Could not find the language line "mynt_buy_youzan"
ERROR - 2016-08-22 03:22:08 --> Could not find the language line "mynt_buy_jd"
ERROR - 2016-08-22 03:22:08 --> Could not find the language line "about_keywords"
ERROR - 2016-08-22 03:22:08 --> Could not find the language line "about_facebook"
ERROR - 2016-08-22 03:22:08 --> Could not find the language line "about_twitter"
ERROR - 2016-08-22 03:22:08 --> Could not find the language line "about_weibo"
ERROR - 2016-08-22 08:37:20 --> Could not find the language line "mynt_buy_taobao"
ERROR - 2016-08-22 08:37:20 --> Could not find the language line "mynt_buy_tmall"
ERROR - 2016-08-22 08:37:20 --> Could not find the language line "mynt_buy_youzan"
ERROR - 2016-08-22 08:37:20 --> Could not find the language line "mynt_buy_jd"
ERROR - 2016-08-22 08:37:20 --> Could not find the language line "home_cloud_title"
ERROR - 2016-08-22 08:37:20 --> Could not find the language line "home_cloud_intro"
ERROR - 2016-08-22 08:37:20 --> Could not find the language line "mynt_icon_taobao"
ERROR - 2016-08-22 08:37:20 --> Could not find the language line "mynt_icon_tmall"
ERROR - 2016-08-22 08:37:20 --> Could not find the language line "mynt_icon_youzan"
ERROR - 2016-08-22 08:37:21 --> Could not find the language line "mynt_buy_taobao"
ERROR - 2016-08-22 08:37:21 --> Could not find the language line "mynt_buy_tmall"
ERROR - 2016-08-22 08:37:21 --> Could not find the language line "mynt_buy_youzan"
ERROR - 2016-08-22 08:37:21 --> Could not find the language line "mynt_buy_jd"
ERROR - 2016-08-22 08:42:17 --> Could not find the language line "mynt_buy_taobao"
ERROR - 2016-08-22 08:42:17 --> Could not find the language line "mynt_buy_tmall"
ERROR - 2016-08-22 08:42:17 --> Could not find the language line "mynt_buy_youzan"
ERROR - 2016-08-22 08:42:17 --> Could not find the language line "mynt_buy_jd"
ERROR - 2016-08-22 08:42:17 --> Could not find the language line "home_cloud_title"
ERROR - 2016-08-22 08:42:17 --> Could not find the language line "home_cloud_intro"
ERROR - 2016-08-22 08:42:17 --> Could not find the language line "mynt_icon_taobao"
ERROR - 2016-08-22 08:42:17 --> Could not find the language line "mynt_icon_tmall"
ERROR - 2016-08-22 08:42:17 --> Could not find the language line "mynt_icon_youzan"
ERROR - 2016-08-22 08:42:18 --> Could not find the language line "mynt_buy_taobao"
ERROR - 2016-08-22 08:42:18 --> Could not find the language line "mynt_buy_tmall"
ERROR - 2016-08-22 08:42:18 --> Could not find the language line "mynt_buy_youzan"
ERROR - 2016-08-22 08:42:18 --> Could not find the language line "mynt_buy_jd"
ERROR - 2016-08-22 08:42:18 --> Could not find the language line "mynt_buy_taobao"
ERROR - 2016-08-22 08:42:18 --> Could not find the language line "mynt_buy_tmall"
ERROR - 2016-08-22 08:42:18 --> Could not find the language line "mynt_buy_youzan"
ERROR - 2016-08-22 08:42:18 --> Could not find the language line "mynt_buy_jd"
ERROR - 2016-08-22 08:42:18 --> Could not find the language line "home_cloud_title"
ERROR - 2016-08-22 08:42:18 --> Could not find the language line "home_cloud_intro"
ERROR - 2016-08-22 08:42:18 --> Could not find the language line "mynt_icon_taobao"
ERROR - 2016-08-22 08:42:18 --> Could not find the language line "mynt_icon_tmall"
ERROR - 2016-08-22 08:42:18 --> Could not find the language line "mynt_icon_youzan"
ERROR - 2016-08-22 08:42:19 --> Could not find the language line "mynt_buy_taobao"
ERROR - 2016-08-22 08:42:19 --> Could not find the language line "mynt_buy_tmall"
ERROR - 2016-08-22 08:42:19 --> Could not find the language line "mynt_buy_youzan"
ERROR - 2016-08-22 08:42:19 --> Could not find the language line "mynt_buy_jd"
ERROR - 2016-08-22 08:42:21 --> Could not find the language line "mynt_buy_taobao"
ERROR - 2016-08-22 08:42:21 --> Could not find the language line "mynt_buy_tmall"
ERROR - 2016-08-22 08:42:21 --> Could not find the language line "mynt_buy_youzan"
ERROR - 2016-08-22 08:42:21 --> Could not find the language line "mynt_buy_jd"
ERROR - 2016-08-22 08:42:21 --> Could not find the language line "home_cloud_title"
ERROR - 2016-08-22 08:42:21 --> Could not find the language line "home_cloud_intro"
ERROR - 2016-08-22 08:42:21 --> Could not find the language line "mynt_icon_taobao"
ERROR - 2016-08-22 08:42:21 --> Could not find the language line "mynt_icon_tmall"
ERROR - 2016-08-22 08:42:21 --> Could not find the language line "mynt_icon_youzan"
ERROR - 2016-08-22 08:42:21 --> Session: File 'ci_sessions/ci_sessioncc1164c6a83a2d150f63fa9750970cb6604c560b' doesn't exist and cannot be created.
ERROR - 2016-08-22 08:42:21 --> Could not find the language line "mynt_buy_taobao"
ERROR - 2016-08-22 08:42:21 --> Could not find the language line "mynt_buy_tmall"
ERROR - 2016-08-22 08:42:21 --> Could not find the language line "mynt_buy_youzan"
ERROR - 2016-08-22 08:42:21 --> Could not find the language line "mynt_buy_jd"
ERROR - 2016-08-22 09:55:06 --> Could not find the language line "mynt_buy_taobao"
ERROR - 2016-08-22 09:55:06 --> Could not find the language line "mynt_buy_tmall"
ERROR - 2016-08-22 09:55:06 --> Could not find the language line "mynt_buy_youzan"
ERROR - 2016-08-22 09:55:06 --> Could not find the language line "mynt_buy_jd"
ERROR - 2016-08-22 09:55:06 --> Could not find the language line "home_cloud_title"
ERROR - 2016-08-22 09:55:06 --> Could not find the language line "home_cloud_intro"
ERROR - 2016-08-22 09:55:06 --> Could not find the language line "mynt_icon_taobao"
ERROR - 2016-08-22 09:55:06 --> Could not find the language line "mynt_icon_tmall"
ERROR - 2016-08-22 09:55:06 --> Could not find the language line "mynt_icon_youzan"
ERROR - 2016-08-22 09:55:06 --> Could not find the language line "mynt_buy_taobao"
ERROR - 2016-08-22 09:55:06 --> Could not find the language line "mynt_buy_tmall"
ERROR - 2016-08-22 09:55:06 --> Could not find the language line "mynt_buy_youzan"
ERROR - 2016-08-22 09:55:06 --> Could not find the language line "mynt_buy_jd"
ERROR - 2016-08-22 09:56:48 --> 404 Page Not Found: Es/index
ERROR - 2016-08-22 09:57:10 --> 404 Page Not Found: Es/index
ERROR - 2016-08-22 10:08:28 --> Could not find the language line "mynt_buy_taobao"
ERROR - 2016-08-22 10:08:28 --> Could not find the language line "mynt_buy_tmall"
ERROR - 2016-08-22 10:08:28 --> Could not find the language line "mynt_buy_youzan"
ERROR - 2016-08-22 10:08:28 --> Could not find the language line "mynt_buy_jd"
ERROR - 2016-08-22 10:08:28 --> Could not find the language line "home_cloud_title"
ERROR - 2016-08-22 10:08:28 --> Could not find the language line "home_cloud_intro"
ERROR - 2016-08-22 10:08:28 --> Could not find the language line "mynt_icon_taobao"
ERROR - 2016-08-22 10:08:28 --> Could not find the language line "mynt_icon_tmall"
ERROR - 2016-08-22 10:08:28 --> Could not find the language line "mynt_icon_youzan"
ERROR - 2016-08-22 10:08:28 --> Session: File 'ci_sessions/ci_session937420ce9597c60e8db5b93d63d2ef8dfc3db291' doesn't exist and cannot be created.
ERROR - 2016-08-22 10:08:28 --> Could not find the language line "mynt_buy_taobao"
ERROR - 2016-08-22 10:08:28 --> Could not find the language line "mynt_buy_tmall"
ERROR - 2016-08-22 10:08:28 --> Could not find the language line "mynt_buy_youzan"
ERROR - 2016-08-22 10:08:28 --> Could not find the language line "mynt_buy_jd"
ERROR - 2016-08-22 10:09:39 --> Could not find the language line "mynt_buy_taobao"
ERROR - 2016-08-22 10:09:39 --> Could not find the language line "mynt_buy_tmall"
ERROR - 2016-08-22 10:09:39 --> Could not find the language line "mynt_buy_youzan"
ERROR - 2016-08-22 10:09:39 --> Could not find the language line "mynt_buy_jd"
ERROR - 2016-08-22 10:09:39 --> Could not find the language line "home_cloud_title"
ERROR - 2016-08-22 10:09:39 --> Could not find the language line "home_cloud_intro"
ERROR - 2016-08-22 10:09:39 --> Could not find the language line "mynt_icon_taobao"
ERROR - 2016-08-22 10:09:39 --> Could not find the language line "mynt_icon_tmall"
ERROR - 2016-08-22 10:09:39 --> Could not find the language line "mynt_icon_youzan"
ERROR - 2016-08-22 10:09:39 --> Could not find the language line "mynt_buy_taobao"
ERROR - 2016-08-22 10:09:39 --> Could not find the language line "mynt_buy_tmall"
ERROR - 2016-08-22 10:09:39 --> Could not find the language line "mynt_buy_youzan"
ERROR - 2016-08-22 10:09:39 --> Could not find the language line "mynt_buy_jd"
ERROR - 2016-08-22 10:14:21 --> Could not find the language line "mynt_buy_taobao"
ERROR - 2016-08-22 10:14:21 --> Could not find the language line "mynt_buy_tmall"
ERROR - 2016-08-22 10:14:21 --> Could not find the language line "mynt_buy_youzan"
ERROR - 2016-08-22 10:14:21 --> Could not find the language line "mynt_buy_jd"
ERROR - 2016-08-22 10:14:21 --> Could not find the language line "home_cloud_title"
ERROR - 2016-08-22 10:14:21 --> Could not find the language line "home_cloud_intro"
ERROR - 2016-08-22 10:14:21 --> Could not find the language line "mynt_icon_taobao"
ERROR - 2016-08-22 10:14:21 --> Could not find the language line "mynt_icon_tmall"
ERROR - 2016-08-22 10:14:21 --> Could not find the language line "mynt_icon_youzan"
ERROR - 2016-08-22 10:14:22 --> Could not find the language line "mynt_buy_taobao"
ERROR - 2016-08-22 10:14:22 --> Could not find the language line "mynt_buy_tmall"
ERROR - 2016-08-22 10:14:22 --> Could not find the language line "mynt_buy_youzan"
ERROR - 2016-08-22 10:14:22 --> Could not find the language line "mynt_buy_jd"
