ERROR - 2016-06-02 04:12:24 --> Could not find the language line "mynt_buy_amazon"
ERROR - 2016-06-02 04:12:24 --> Could not find the language line "home_slife_title"
ERROR - 2016-06-02 04:12:24 --> Could not find the language line "home_cloud_title"
ERROR - 2016-06-02 04:12:24 --> Could not find the language line "home_cloud_intro"
ERROR - 2016-06-02 04:12:24 --> Could not find the language line "mynt_icon_buy"
ERROR - 2016-06-02 07:22:52 --> Could not find the language line "mynt_buy_amazon"
ERROR - 2016-06-02 07:22:52 --> Could not find the language line "mynt_icon_buy"
ERROR - 2016-06-02 07:22:52 --> Could not find the language line "mynt_buy_link_kick"
ERROR - 2016-06-02 07:22:52 --> Could not find the language line "mynt_buy_amazon"
ERROR - 2016-06-02 07:22:52 --> Could not find the language line "mynt_icon_buy"
ERROR - 2016-06-02 07:22:52 --> Could not find the language line "mynt_buy_link_kick"
ERROR - 2016-06-02 07:25:50 --> Could not find the language line "mynt_buy_amazon"
ERROR - 2016-06-02 07:26:06 --> Could not find the language line "mynt_buy_amazon"
ERROR - 2016-06-02 07:26:08 --> Could not find the language line "mynt_buy_amazon"
ERROR - 2016-06-02 07:26:10 --> Could not find the language line "mynt_buy_amazon"
ERROR - 2016-06-02 07:26:10 --> Could not find the language line "home_slife_title"
ERROR - 2016-06-02 07:26:10 --> Could not find the language line "home_cloud_title"
ERROR - 2016-06-02 07:26:10 --> Could not find the language line "home_cloud_intro"
ERROR - 2016-06-02 07:26:10 --> Could not find the language line "mynt_icon_buy"
ERROR - 2016-06-02 07:26:11 --> Could not find the language line "mynt_buy_amazon"
ERROR - 2016-06-02 07:26:11 --> Could not find the language line "home_slife_title"
ERROR - 2016-06-02 07:26:11 --> Could not find the language line "home_cloud_title"
ERROR - 2016-06-02 07:26:11 --> Could not find the language line "home_cloud_intro"
ERROR - 2016-06-02 07:26:11 --> Could not find the language line "mynt_icon_buy"
ERROR - 2016-06-02 07:26:12 --> Could not find the language line "mynt_buy_amazon"
ERROR - 2016-06-02 07:26:12 --> Could not find the language line "home_slife_title"
ERROR - 2016-06-02 07:26:12 --> Could not find the language line "home_cloud_title"
ERROR - 2016-06-02 07:26:12 --> Could not find the language line "home_cloud_intro"
ERROR - 2016-06-02 07:26:12 --> Could not find the language line "mynt_icon_buy"
ERROR - 2016-06-02 07:28:06 --> Could not find the language line "mynt_buy_amazon"
ERROR - 2016-06-02 07:28:06 --> Could not find the language line "mynt_icon_buy"
ERROR - 2016-06-02 07:28:06 --> Could not find the language line "mynt_buy_link_kick"
ERROR - 2016-06-02 07:28:06 --> Session: File 'ci_sessions/ci_session7fca6cbdb4f60009916d231a069d4dbf59339df9' doesn't exist and cannot be created.
ERROR - 2016-06-02 07:29:14 --> Could not find the language line "mynt_buy_amazon"
ERROR - 2016-06-02 07:29:24 --> Could not find the language line "mynt_buy_amazon"
ERROR - 2016-06-02 07:30:11 --> Could not find the language line "mynt_buy_amazon"
ERROR - 2016-06-02 07:30:37 --> Could not find the language line "mynt_buy_amazon"
ERROR - 2016-06-02 07:30:44 --> Could not find the language line "mynt_buy_amazon"
ERROR - 2016-06-02 07:30:54 --> Could not find the language line "mynt_buy_amazon"
ERROR - 2016-06-02 07:31:42 --> Could not find the language line "mynt_buy_amazon"
ERROR - 2016-06-02 07:31:42 --> Session: File 'ci_sessions/ci_sessiond9dcd152720e7ef725d5540a5052160e01cecac8' doesn't exist and cannot be created.
ERROR - 2016-06-02 07:31:43 --> Could not find the language line "mynt_buy_amazon"
ERROR - 2016-06-02 07:31:43 --> Could not find the language line "about_keywords"
ERROR - 2016-06-02 07:31:43 --> Could not find the language line "about_company"
ERROR - 2016-06-02 07:32:02 --> Could not find the language line "mynt_buy_amazon"
ERROR - 2016-06-02 07:32:54 --> Could not find the language line "mynt_buy_amazon"
ERROR - 2016-06-02 07:36:49 --> Could not find the language line "mynt_buy_taobao"
ERROR - 2016-06-02 07:36:49 --> Could not find the language line "mynt_buy_tmall"
ERROR - 2016-06-02 07:36:49 --> Could not find the language line "mynt_buy_youzan"
ERROR - 2016-06-02 07:36:50 --> Could not find the language line "home_cloud_title"
ERROR - 2016-06-02 07:36:50 --> Could not find the language line "home_cloud_intro"
ERROR - 2016-06-02 07:36:50 --> Could not find the language line "mynt_icon_taobao"
ERROR - 2016-06-02 07:36:50 --> Could not find the language line "mynt_icon_tmall"
ERROR - 2016-06-02 07:36:50 --> Could not find the language line "mynt_icon_youzan"
ERROR - 2016-06-02 07:36:50 --> Session: File 'ci_sessions/ci_session5e9c90eaac785d39698b6f50673a6e2bfa0ecdcd' doesn't exist and cannot be created.
ERROR - 2016-06-02 07:36:53 --> Could not find the language line "mynt_buy_amazon"
ERROR - 2016-06-02 07:36:53 --> Could not find the language line "home_slife_title"
ERROR - 2016-06-02 07:36:53 --> Could not find the language line "home_cloud_title"
ERROR - 2016-06-02 07:36:53 --> Could not find the language line "home_cloud_intro"
ERROR - 2016-06-02 07:36:53 --> Could not find the language line "mynt_icon_buy"
ERROR - 2016-06-02 07:37:09 --> Could not find the language line "mynt_buy_amazon"
ERROR - 2016-06-02 07:37:09 --> Session: File 'ci_sessions/ci_session79ced7e361d5be7c372a7f8d5ec21819a4720371' doesn't exist and cannot be created.
ERROR - 2016-06-02 07:37:13 --> Could not find the language line "mynt_buy_amazon"
ERROR - 2016-06-02 07:37:13 --> Could not find the language line "home_slife_title"
ERROR - 2016-06-02 07:37:13 --> Could not find the language line "home_cloud_title"
ERROR - 2016-06-02 07:37:13 --> Could not find the language line "home_cloud_intro"
ERROR - 2016-06-02 07:37:13 --> Could not find the language line "mynt_icon_buy"
ERROR - 2016-06-02 07:37:17 --> Could not find the language line "mynt_buy_amazon"
ERROR - 2016-06-02 07:37:17 --> Could not find the language line "home_slife_title"
ERROR - 2016-06-02 07:37:17 --> Could not find the language line "home_cloud_title"
ERROR - 2016-06-02 07:37:17 --> Could not find the language line "home_cloud_intro"
ERROR - 2016-06-02 07:37:17 --> Could not find the language line "mynt_icon_buy"
ERROR - 2016-06-02 07:37:18 --> Could not find the language line "mynt_buy_amazon"
ERROR - 2016-06-02 07:37:18 --> Could not find the language line "home_slife_title"
ERROR - 2016-06-02 07:37:18 --> Could not find the language line "home_cloud_title"
ERROR - 2016-06-02 07:37:18 --> Could not find the language line "home_cloud_intro"
ERROR - 2016-06-02 07:37:18 --> Could not find the language line "mynt_icon_buy"
ERROR - 2016-06-02 07:37:18 --> Could not find the language line "mynt_buy_amazon"
ERROR - 2016-06-02 07:37:18 --> Could not find the language line "home_slife_title"
ERROR - 2016-06-02 07:37:18 --> Could not find the language line "home_cloud_title"
ERROR - 2016-06-02 07:37:18 --> Could not find the language line "home_cloud_intro"
ERROR - 2016-06-02 07:37:18 --> Could not find the language line "mynt_icon_buy"
ERROR - 2016-06-02 07:37:18 --> Could not find the language line "mynt_buy_amazon"
ERROR - 2016-06-02 07:37:18 --> Could not find the language line "home_slife_title"
ERROR - 2016-06-02 07:37:18 --> Could not find the language line "home_cloud_title"
ERROR - 2016-06-02 07:37:18 --> Could not find the language line "home_cloud_intro"
ERROR - 2016-06-02 07:37:18 --> Could not find the language line "mynt_icon_buy"
ERROR - 2016-06-02 07:37:18 --> Could not find the language line "mynt_buy_amazon"
ERROR - 2016-06-02 07:37:18 --> Could not find the language line "home_slife_title"
ERROR - 2016-06-02 07:37:18 --> Could not find the language line "home_cloud_title"
ERROR - 2016-06-02 07:37:18 --> Could not find the language line "home_cloud_intro"
ERROR - 2016-06-02 07:37:18 --> Could not find the language line "mynt_icon_buy"
ERROR - 2016-06-02 07:37:19 --> Could not find the language line "mynt_buy_amazon"
ERROR - 2016-06-02 07:37:19 --> Could not find the language line "home_slife_title"
ERROR - 2016-06-02 07:37:19 --> Could not find the language line "home_cloud_title"
ERROR - 2016-06-02 07:37:19 --> Could not find the language line "home_cloud_intro"
ERROR - 2016-06-02 07:37:19 --> Could not find the language line "mynt_icon_buy"
ERROR - 2016-06-02 07:37:58 --> Could not find the language line "mynt_buy_amazon"
ERROR - 2016-06-02 07:37:58 --> Could not find the language line "home_slife_title"
ERROR - 2016-06-02 07:37:58 --> Could not find the language line "home_cloud_title"
ERROR - 2016-06-02 07:37:58 --> Could not find the language line "home_cloud_intro"
ERROR - 2016-06-02 07:37:58 --> Could not find the language line "mynt_icon_buy"
ERROR - 2016-06-02 07:38:05 --> Could not find the language line "mynt_buy_amazon"
ERROR - 2016-06-02 07:38:05 --> Could not find the language line "home_slife_title"
ERROR - 2016-06-02 07:38:05 --> Could not find the language line "home_cloud_title"
ERROR - 2016-06-02 07:38:05 --> Could not find the language line "home_cloud_intro"
ERROR - 2016-06-02 07:38:05 --> Could not find the language line "mynt_icon_buy"
ERROR - 2016-06-02 07:38:49 --> Could not find the language line "mynt_buy_amazon"
ERROR - 2016-06-02 07:38:49 --> Could not find the language line "home_slife_title"
ERROR - 2016-06-02 07:38:49 --> Could not find the language line "home_cloud_title"
ERROR - 2016-06-02 07:38:49 --> Could not find the language line "home_cloud_intro"
ERROR - 2016-06-02 07:38:49 --> Could not find the language line "mynt_icon_buy"
ERROR - 2016-06-02 07:39:23 --> Could not find the language line "mynt_buy_amazon"
ERROR - 2016-06-02 07:39:23 --> Could not find the language line "mynt_icon_buy"
ERROR - 2016-06-02 07:39:23 --> Could not find the language line "mynt_buy_link_kick"
ERROR - 2016-06-02 07:39:37 --> Could not find the language line "mynt_buy_amazon"
ERROR - 2016-06-02 07:39:37 --> Session: File 'ci_sessions/ci_sessione9e436677a7e2bbe59f16c51ae4f8609c3a0f0a2' doesn't exist and cannot be created.
ERROR - 2016-06-02 07:39:45 --> Could not find the language line "mynt_buy_amazon"
ERROR - 2016-06-02 07:39:45 --> Session: File 'ci_sessions/ci_sessionaaf020169bcd9775f7ce38b3b4c86ed216978c2d' doesn't exist and cannot be created.
ERROR - 2016-06-02 07:39:53 --> Could not find the language line "mynt_buy_amazon"
ERROR - 2016-06-02 07:40:00 --> Could not find the language line "mynt_buy_amazon"
ERROR - 2016-06-02 07:40:01 --> Could not find the language line "mynt_buy_amazon"
ERROR - 2016-06-02 07:40:54 --> Could not find the language line "mynt_buy_amazon"
ERROR - 2016-06-02 07:40:54 --> Could not find the language line "about_keywords"
ERROR - 2016-06-02 07:40:54 --> Could not find the language line "about_company"
ERROR - 2016-06-02 07:41:26 --> Could not find the language line "mynt_buy_amazon"
ERROR - 2016-06-02 07:44:47 --> Could not find the language line "mynt_buy_amazon"
ERROR - 2016-06-02 07:46:17 --> Could not find the language line "mynt_buy_amazon"
ERROR - 2016-06-02 07:46:34 --> Could not find the language line "mynt_buy_amazon"
ERROR - 2016-06-02 07:46:34 --> Session: File 'ci_sessions/ci_sessionf42b638c98fedb53ba2ff229de46e633e9769f6b' doesn't exist and cannot be created.
ERROR - 2016-06-02 07:47:39 --> Could not find the language line "mynt_buy_amazon"
ERROR - 2016-06-02 07:47:56 --> Could not find the language line "mynt_buy_amazon"
ERROR - 2016-06-02 07:50:15 --> Could not find the language line "mynt_buy_amazon"
ERROR - 2016-06-02 07:50:41 --> Could not find the language line "mynt_buy_amazon"
ERROR - 2016-06-02 07:50:55 --> Could not find the language line "mynt_buy_amazon"
ERROR - 2016-06-02 07:51:08 --> Could not find the language line "mynt_buy_amazon"
ERROR - 2016-06-02 07:51:24 --> Could not find the language line "mynt_buy_amazon"
ERROR - 2016-06-02 07:51:34 --> Could not find the language line "mynt_buy_amazon"
ERROR - 2016-06-02 07:51:47 --> Could not find the language line "mynt_buy_amazon"
ERROR - 2016-06-02 07:52:35 --> Could not find the language line "mynt_buy_amazon"
ERROR - 2016-06-02 07:52:35 --> Could not find the language line "home_slife_title"
ERROR - 2016-06-02 07:52:35 --> Could not find the language line "home_cloud_title"
ERROR - 2016-06-02 07:52:35 --> Could not find the language line "home_cloud_intro"
ERROR - 2016-06-02 07:52:35 --> Could not find the language line "mynt_icon_buy"
ERROR - 2016-06-02 07:52:35 --> Session: File 'ci_sessions/ci_session68d415119b98ef85bf227b35fb984973dd1c42e5' doesn't exist and cannot be created.
ERROR - 2016-06-02 07:54:10 --> Could not find the language line "mynt_buy_amazon"
ERROR - 2016-06-02 07:54:10 --> Could not find the language line "home_slife_title"
ERROR - 2016-06-02 07:54:10 --> Could not find the language line "home_cloud_title"
ERROR - 2016-06-02 07:54:10 --> Could not find the language line "home_cloud_intro"
ERROR - 2016-06-02 07:54:10 --> Could not find the language line "mynt_icon_buy"
ERROR - 2016-06-02 07:54:24 --> Could not find the language line "mynt_buy_taobao"
ERROR - 2016-06-02 07:54:24 --> Could not find the language line "mynt_buy_tmall"
ERROR - 2016-06-02 07:54:24 --> Could not find the language line "mynt_buy_youzan"
ERROR - 2016-06-02 07:54:24 --> Could not find the language line "home_cloud_title"
ERROR - 2016-06-02 07:54:24 --> Could not find the language line "home_cloud_intro"
ERROR - 2016-06-02 07:54:24 --> Could not find the language line "mynt_icon_taobao"
ERROR - 2016-06-02 07:54:24 --> Could not find the language line "mynt_icon_tmall"
ERROR - 2016-06-02 07:54:24 --> Could not find the language line "mynt_icon_youzan"
ERROR - 2016-06-02 07:54:36 --> Could not find the language line "mynt_buy_amazon"
ERROR - 2016-06-02 07:54:36 --> Could not find the language line "home_slife_title"
ERROR - 2016-06-02 07:54:36 --> Could not find the language line "home_cloud_title"
ERROR - 2016-06-02 07:54:36 --> Could not find the language line "home_cloud_intro"
ERROR - 2016-06-02 07:54:36 --> Could not find the language line "mynt_icon_buy"
ERROR - 2016-06-02 07:55:50 --> Could not find the language line "mynt_buy_amazon"
ERROR - 2016-06-02 07:55:59 --> Could not find the language line "mynt_buy_amazon"
ERROR - 2016-06-02 07:58:15 --> Could not find the language line "mynt_buy_amazon"
ERROR - 2016-06-02 07:58:28 --> Could not find the language line "mynt_buy_amazon"
ERROR - 2016-06-02 08:00:38 --> Could not find the language line "mynt_buy_amazon"
ERROR - 2016-06-02 08:00:38 --> Session: File 'ci_sessions/ci_session4d60173391c57b5cedd7724c960372da9a244286' doesn't exist and cannot be created.
ERROR - 2016-06-02 08:01:12 --> Could not find the language line "mynt_buy_amazon"
ERROR - 2016-06-02 08:03:57 --> Could not find the language line "mynt_buy_amazon"
ERROR - 2016-06-02 08:04:03 --> Could not find the language line "mynt_buy_amazon"
ERROR - 2016-06-02 08:04:27 --> Could not find the language line "mynt_buy_amazon"
ERROR - 2016-06-02 08:05:00 --> Could not find the language line "mynt_buy_amazon"
ERROR - 2016-06-02 08:06:33 --> Could not find the language line "mynt_buy_taobao"
ERROR - 2016-06-02 08:06:33 --> Could not find the language line "mynt_buy_tmall"
ERROR - 2016-06-02 08:06:33 --> Could not find the language line "mynt_buy_youzan"
ERROR - 2016-06-02 08:06:33 --> Session: File 'ci_sessions/ci_session43b53572c9e484e78470dca403b76508fd4860c2' doesn't exist and cannot be created.
ERROR - 2016-06-02 08:06:35 --> Could not find the language line "mynt_buy_amazon"
ERROR - 2016-06-02 08:07:55 --> Could not find the language line "mynt_buy_amazon"
ERROR - 2016-06-02 08:07:58 --> Could not find the language line "mynt_buy_amazon"
ERROR - 2016-06-02 08:08:06 --> Could not find the language line "mynt_buy_taobao"
ERROR - 2016-06-02 08:08:06 --> Could not find the language line "mynt_buy_tmall"
ERROR - 2016-06-02 08:08:06 --> Could not find the language line "mynt_buy_youzan"
ERROR - 2016-06-02 08:09:40 --> Could not find the language line "mynt_buy_amazon"
ERROR - 2016-06-02 08:09:44 --> Could not find the language line "mynt_buy_taobao"
ERROR - 2016-06-02 08:09:44 --> Could not find the language line "mynt_buy_tmall"
ERROR - 2016-06-02 08:09:44 --> Could not find the language line "mynt_buy_youzan"
ERROR - 2016-06-02 08:09:48 --> Could not find the language line "mynt_buy_amazon"
ERROR - 2016-06-02 08:09:58 --> Could not find the language line "mynt_buy_taobao"
ERROR - 2016-06-02 08:09:58 --> Could not find the language line "mynt_buy_tmall"
ERROR - 2016-06-02 08:09:58 --> Could not find the language line "mynt_buy_youzan"
ERROR - 2016-06-02 08:10:04 --> Could not find the language line "mynt_buy_amazon"
ERROR - 2016-06-02 08:10:12 --> Could not find the language line "mynt_buy_amazon"
ERROR - 2016-06-02 08:10:17 --> Could not find the language line "mynt_buy_taobao"
ERROR - 2016-06-02 08:10:17 --> Could not find the language line "mynt_buy_tmall"
ERROR - 2016-06-02 08:10:17 --> Could not find the language line "mynt_buy_youzan"
ERROR - 2016-06-02 08:10:22 --> Could not find the language line "mynt_buy_taobao"
ERROR - 2016-06-02 08:10:22 --> Could not find the language line "mynt_buy_tmall"
ERROR - 2016-06-02 08:10:22 --> Could not find the language line "mynt_buy_youzan"
ERROR - 2016-06-02 08:10:25 --> Could not find the language line "mynt_buy_amazon"
ERROR - 2016-06-02 08:11:15 --> Could not find the language line "mynt_buy_amazon"
ERROR - 2016-06-02 08:11:17 --> Could not find the language line "mynt_buy_amazon"
ERROR - 2016-06-02 08:11:31 --> Could not find the language line "mynt_buy_amazon"
ERROR - 2016-06-02 08:11:33 --> Could not find the language line "mynt_buy_amazon"
ERROR - 2016-06-02 08:13:14 --> Could not find the language line "mynt_buy_amazon"
ERROR - 2016-06-02 08:13:14 --> Session: File 'ci_sessions/ci_session9efdb2879f918e262ec61ff3a068c1f00335ca71' doesn't exist and cannot be created.
ERROR - 2016-06-02 08:13:16 --> Could not find the language line "mynt_buy_amazon"
ERROR - 2016-06-02 08:13:17 --> Could not find the language line "mynt_buy_amazon"
ERROR - 2016-06-02 08:13:19 --> Could not find the language line "mynt_buy_amazon"
ERROR - 2016-06-02 08:13:20 --> Could not find the language line "mynt_buy_amazon"
ERROR - 2016-06-02 08:13:53 --> Could not find the language line "mynt_buy_amazon"
ERROR - 2016-06-02 08:13:55 --> Could not find the language line "mynt_buy_amazon"
ERROR - 2016-06-02 08:13:55 --> Could not find the language line "mynt_buy_amazon"
ERROR - 2016-06-02 08:13:55 --> Could not find the language line "mynt_buy_amazon"
ERROR - 2016-06-02 08:13:55 --> Could not find the language line "mynt_buy_amazon"
ERROR - 2016-06-02 08:13:55 --> Could not find the language line "mynt_buy_amazon"
ERROR - 2016-06-02 08:13:56 --> Could not find the language line "mynt_buy_amazon"
ERROR - 2016-06-02 08:13:56 --> Could not find the language line "mynt_buy_amazon"
ERROR - 2016-06-02 08:13:57 --> Could not find the language line "mynt_buy_amazon"
ERROR - 2016-06-02 08:13:58 --> Could not find the language line "mynt_buy_taobao"
ERROR - 2016-06-02 08:13:58 --> Could not find the language line "mynt_buy_tmall"
ERROR - 2016-06-02 08:13:58 --> Could not find the language line "mynt_buy_youzan"
ERROR - 2016-06-02 08:14:01 --> Could not find the language line "mynt_buy_amazon"
ERROR - 2016-06-02 08:14:06 --> Could not find the language line "mynt_buy_amazon"
ERROR - 2016-06-02 08:14:11 --> Could not find the language line "mynt_buy_amazon"
ERROR - 2016-06-02 08:14:15 --> Could not find the language line "mynt_buy_amazon"
ERROR - 2016-06-02 08:14:18 --> Could not find the language line "mynt_buy_amazon"
ERROR - 2016-06-02 08:15:03 --> Could not find the language line "mynt_buy_amazon"
ERROR - 2016-06-02 08:15:05 --> Could not find the language line "mynt_buy_amazon"
ERROR - 2016-06-02 08:15:06 --> Could not find the language line "mynt_buy_amazon"
ERROR - 2016-06-02 08:16:04 --> 404 Page Not Found: Cn/news
ERROR - 2016-06-02 08:16:22 --> Could not find the language line "mynt_buy_amazon"
ERROR - 2016-06-02 08:16:24 --> Could not find the language line "mynt_buy_amazon"
ERROR - 2016-06-02 08:16:32 --> Could not find the language line "mynt_buy_amazon"
ERROR - 2016-06-02 08:16:36 --> Could not find the language line "mynt_buy_amazon"
ERROR - 2016-06-02 08:16:38 --> Could not find the language line "mynt_buy_amazon"
ERROR - 2016-06-02 08:16:39 --> Could not find the language line "mynt_buy_amazon"
ERROR - 2016-06-02 08:19:40 --> Could not find the language line "mynt_buy_amazon"
ERROR - 2016-06-02 08:19:40 --> Session: File 'ci_sessions/ci_sessiond54eb87fbc0a1604817645004f5b254c0f87953f' doesn't exist and cannot be created.
ERROR - 2016-06-02 08:19:43 --> Could not find the language line "mynt_buy_taobao"
ERROR - 2016-06-02 08:19:43 --> Could not find the language line "mynt_buy_tmall"
ERROR - 2016-06-02 08:19:43 --> Could not find the language line "mynt_buy_youzan"
ERROR - 2016-06-02 08:19:50 --> Could not find the language line "mynt_buy_amazon"
ERROR - 2016-06-02 08:31:15 --> Could not find the language line "mynt_buy_amazon"
ERROR - 2016-06-02 08:31:15 --> Session: File 'ci_sessions/ci_sessionb8f692807620f1177267ff6237f9afeabdf1eadc' doesn't exist and cannot be created.
ERROR - 2016-06-02 08:31:17 --> Could not find the language line "mynt_buy_amazon"
ERROR - 2016-06-02 08:31:18 --> Could not find the language line "mynt_buy_amazon"
ERROR - 2016-06-02 08:31:19 --> Could not find the language line "mynt_buy_amazon"
ERROR - 2016-06-02 08:31:20 --> Could not find the language line "mynt_buy_amazon"
ERROR - 2016-06-02 08:31:23 --> Could not find the language line "mynt_buy_taobao"
ERROR - 2016-06-02 08:31:23 --> Could not find the language line "mynt_buy_tmall"
ERROR - 2016-06-02 08:31:23 --> Could not find the language line "mynt_buy_youzan"
ERROR - 2016-06-02 08:31:23 --> Could not find the language line "mynt_buy_taobao"
ERROR - 2016-06-02 08:31:24 --> Could not find the language line "mynt_buy_tmall"
ERROR - 2016-06-02 08:31:24 --> Could not find the language line "mynt_buy_youzan"
ERROR - 2016-06-02 08:31:29 --> Could not find the language line "mynt_buy_taobao"
ERROR - 2016-06-02 08:31:29 --> Could not find the language line "mynt_buy_tmall"
ERROR - 2016-06-02 08:31:29 --> Could not find the language line "mynt_buy_youzan"
ERROR - 2016-06-02 08:31:34 --> Could not find the language line "mynt_buy_amazon"
ERROR - 2016-06-02 08:31:35 --> Could not find the language line "mynt_buy_amazon"
ERROR - 2016-06-02 08:31:36 --> Could not find the language line "mynt_buy_amazon"
ERROR - 2016-06-02 08:31:36 --> Could not find the language line "mynt_buy_amazon"
ERROR - 2016-06-02 08:31:36 --> Could not find the language line "mynt_buy_amazon"
ERROR - 2016-06-02 08:31:36 --> Could not find the language line "mynt_buy_amazon"
ERROR - 2016-06-02 08:31:36 --> Could not find the language line "mynt_buy_amazon"
ERROR - 2016-06-02 08:31:37 --> Could not find the language line "mynt_buy_amazon"
ERROR - 2016-06-02 08:31:37 --> Could not find the language line "mynt_buy_amazon"
ERROR - 2016-06-02 08:31:37 --> Could not find the language line "mynt_buy_amazon"
ERROR - 2016-06-02 08:31:37 --> Could not find the language line "mynt_buy_amazon"
ERROR - 2016-06-02 08:31:37 --> Could not find the language line "mynt_buy_amazon"
ERROR - 2016-06-02 08:31:38 --> Could not find the language line "mynt_buy_amazon"
ERROR - 2016-06-02 08:31:40 --> Could not find the language line "mynt_buy_amazon"
ERROR - 2016-06-02 08:31:43 --> Could not find the language line "mynt_buy_taobao"
ERROR - 2016-06-02 08:31:43 --> Could not find the language line "mynt_buy_tmall"
ERROR - 2016-06-02 08:31:43 --> Could not find the language line "mynt_buy_youzan"
ERROR - 2016-06-02 08:31:43 --> Could not find the language line "mynt_buy_taobao"
ERROR - 2016-06-02 08:31:43 --> Could not find the language line "mynt_buy_tmall"
ERROR - 2016-06-02 08:31:43 --> Could not find the language line "mynt_buy_youzan"
ERROR - 2016-06-02 08:31:48 --> Could not find the language line "mynt_buy_amazon"
ERROR - 2016-06-02 08:31:50 --> Could not find the language line "mynt_buy_amazon"
ERROR - 2016-06-02 08:31:51 --> Could not find the language line "mynt_buy_amazon"
ERROR - 2016-06-02 08:31:51 --> Could not find the language line "mynt_buy_amazon"
ERROR - 2016-06-02 08:31:51 --> Could not find the language line "mynt_buy_amazon"
ERROR - 2016-06-02 08:31:51 --> Could not find the language line "mynt_buy_amazon"
ERROR - 2016-06-02 08:31:51 --> Could not find the language line "mynt_buy_amazon"
ERROR - 2016-06-02 08:31:52 --> Could not find the language line "mynt_buy_amazon"
ERROR - 2016-06-02 08:31:52 --> Could not find the language line "mynt_buy_amazon"
ERROR - 2016-06-02 08:31:52 --> Could not find the language line "mynt_buy_amazon"
ERROR - 2016-06-02 08:31:52 --> Could not find the language line "mynt_buy_amazon"
ERROR - 2016-06-02 08:31:52 --> Could not find the language line "mynt_buy_amazon"
ERROR - 2016-06-02 08:31:54 --> Could not find the language line "mynt_buy_amazon"
ERROR - 2016-06-02 08:32:14 --> Could not find the language line "mynt_buy_amazon"
ERROR - 2016-06-02 08:32:16 --> Could not find the language line "mynt_buy_amazon"
ERROR - 2016-06-02 08:32:17 --> Could not find the language line "mynt_buy_amazon"
ERROR - 2016-06-02 09:02:32 --> Could not find the language line "mynt_buy_amazon"
ERROR - 2016-06-02 09:02:32 --> Session: File 'ci_sessions/ci_sessiona5f2188734e6609d34bb0ba991485fe8065cf8d0' doesn't exist and cannot be created.
ERROR - 2016-06-02 09:02:36 --> Could not find the language line "mynt_buy_amazon"
ERROR - 2016-06-02 09:02:44 --> Could not find the language line "mynt_buy_taobao"
ERROR - 2016-06-02 09:02:44 --> Could not find the language line "mynt_buy_tmall"
ERROR - 2016-06-02 09:02:44 --> Could not find the language line "mynt_buy_youzan"
ERROR - 2016-06-02 09:02:45 --> Could not find the language line "mynt_buy_taobao"
ERROR - 2016-06-02 09:02:45 --> Could not find the language line "mynt_buy_tmall"
ERROR - 2016-06-02 09:02:45 --> Could not find the language line "mynt_buy_youzan"
ERROR - 2016-06-02 09:04:09 --> Could not find the language line "mynt_buy_amazon"
ERROR - 2016-06-02 09:04:10 --> Could not find the language line "mynt_buy_amazon"
ERROR - 2016-06-02 09:04:12 --> Could not find the language line "mynt_buy_amazon"
ERROR - 2016-06-02 09:07:48 --> Could not find the language line "mynt_buy_amazon"
ERROR - 2016-06-02 09:09:05 --> 404 Page Not Found: News/sdeno_on_nvidia.html
ERROR - 2016-06-02 09:11:41 --> Could not find the language line "mynt_buy_amazon"
ERROR - 2016-06-02 09:12:33 --> Could not find the language line "mynt_buy_taobao"
ERROR - 2016-06-02 09:12:33 --> Could not find the language line "mynt_buy_tmall"
ERROR - 2016-06-02 09:12:33 --> Could not find the language line "mynt_buy_youzan"
ERROR - 2016-06-02 09:12:34 --> Could not find the language line "mynt_buy_taobao"
ERROR - 2016-06-02 09:12:34 --> Could not find the language line "mynt_buy_tmall"
ERROR - 2016-06-02 09:12:34 --> Could not find the language line "mynt_buy_youzan"
ERROR - 2016-06-02 09:13:09 --> Could not find the language line "mynt_buy_taobao"
ERROR - 2016-06-02 09:13:09 --> Could not find the language line "mynt_buy_tmall"
ERROR - 2016-06-02 09:13:09 --> Could not find the language line "mynt_buy_youzan"
ERROR - 2016-06-02 09:13:09 --> Session: File 'ci_sessions/ci_sessiond77ebe1cabd4c05ed1aaa7ebab94ffe4b764303b' doesn't exist and cannot be created.
ERROR - 2016-06-02 09:13:34 --> Could not find the language line "mynt_buy_amazon"
ERROR - 2016-06-02 09:15:11 --> Could not find the language line "mynt_buy_taobao"
ERROR - 2016-06-02 09:15:11 --> Could not find the language line "mynt_buy_tmall"
ERROR - 2016-06-02 09:15:11 --> Could not find the language line "mynt_buy_youzan"
ERROR - 2016-06-02 09:15:11 --> Could not find the language line "home_cloud_title"
ERROR - 2016-06-02 09:15:11 --> Could not find the language line "home_cloud_intro"
ERROR - 2016-06-02 09:15:11 --> Could not find the language line "mynt_icon_taobao"
ERROR - 2016-06-02 09:15:11 --> Could not find the language line "mynt_icon_tmall"
ERROR - 2016-06-02 09:15:11 --> Could not find the language line "mynt_icon_youzan"
ERROR - 2016-06-02 09:15:14 --> Could not find the language line "mynt_buy_amazon"
ERROR - 2016-06-02 09:15:14 --> Could not find the language line "home_slife_title"
ERROR - 2016-06-02 09:15:14 --> Could not find the language line "home_cloud_title"
ERROR - 2016-06-02 09:15:14 --> Could not find the language line "home_cloud_intro"
ERROR - 2016-06-02 09:15:14 --> Could not find the language line "mynt_icon_buy"
ERROR - 2016-06-02 09:15:15 --> Could not find the language line "mynt_buy_amazon"
ERROR - 2016-06-02 09:15:16 --> Could not find the language line "mynt_buy_amazon"
ERROR - 2016-06-02 09:15:16 --> Could not find the language line "mynt_buy_amazon"
ERROR - 2016-06-02 09:15:19 --> Could not find the language line "mynt_buy_taobao"
ERROR - 2016-06-02 09:15:19 --> Could not find the language line "mynt_buy_tmall"
ERROR - 2016-06-02 09:15:19 --> Could not find the language line "mynt_buy_youzan"
ERROR - 2016-06-02 09:15:21 --> Could not find the language line "mynt_buy_amazon"
ERROR - 2016-06-02 09:15:24 --> Could not find the language line "mynt_buy_amazon"
ERROR - 2016-06-02 09:15:27 --> Could not find the language line "mynt_buy_taobao"
ERROR - 2016-06-02 09:15:27 --> Could not find the language line "mynt_buy_tmall"
ERROR - 2016-06-02 09:15:27 --> Could not find the language line "mynt_buy_youzan"
ERROR - 2016-06-02 09:15:28 --> Could not find the language line "mynt_buy_amazon"
ERROR - 2016-06-02 09:20:39 --> Could not find the language line "mynt_buy_amazon"
ERROR - 2016-06-02 09:20:39 --> Session: File 'ci_sessions/ci_session9d51f6988861adbf7a473023f5a3339bd8028585' doesn't exist and cannot be created.
ERROR - 2016-06-02 09:20:46 --> Could not find the language line "mynt_buy_amazon"
ERROR - 2016-06-02 09:20:50 --> Could not find the language line "mynt_buy_amazon"
ERROR - 2016-06-02 09:20:51 --> Could not find the language line "mynt_buy_amazon"
ERROR - 2016-06-02 09:20:51 --> Could not find the language line "mynt_buy_amazon"
ERROR - 2016-06-02 09:20:52 --> Could not find the language line "mynt_buy_taobao"
ERROR - 2016-06-02 09:20:52 --> Could not find the language line "mynt_buy_tmall"
ERROR - 2016-06-02 09:20:52 --> Could not find the language line "mynt_buy_youzan"
ERROR - 2016-06-02 09:21:43 --> Could not find the language line "mynt_buy_taobao"
ERROR - 2016-06-02 09:21:43 --> Could not find the language line "mynt_buy_tmall"
ERROR - 2016-06-02 09:21:43 --> Could not find the language line "mynt_buy_youzan"
ERROR - 2016-06-02 09:21:46 --> Could not find the language line "mynt_buy_amazon"
ERROR - 2016-06-02 09:21:48 --> Could not find the language line "mynt_buy_amazon"
ERROR - 2016-06-02 09:21:49 --> Could not find the language line "mynt_buy_amazon"
ERROR - 2016-06-02 09:21:49 --> Could not find the language line "mynt_buy_amazon"
ERROR - 2016-06-02 09:22:38 --> Could not find the language line "mynt_buy_amazon"
ERROR - 2016-06-02 09:22:39 --> Could not find the language line "mynt_buy_amazon"
ERROR - 2016-06-02 09:22:41 --> Could not find the language line "mynt_buy_amazon"
ERROR - 2016-06-02 09:22:41 --> Could not find the language line "mynt_buy_amazon"
ERROR - 2016-06-02 09:23:09 --> Could not find the language line "mynt_buy_amazon"
ERROR - 2016-06-02 09:23:43 --> Could not find the language line "mynt_buy_taobao"
ERROR - 2016-06-02 09:23:43 --> Could not find the language line "mynt_buy_tmall"
ERROR - 2016-06-02 09:23:43 --> Could not find the language line "mynt_buy_youzan"
ERROR - 2016-06-02 09:23:49 --> Could not find the language line "mynt_buy_taobao"
ERROR - 2016-06-02 09:23:49 --> Could not find the language line "mynt_buy_tmall"
ERROR - 2016-06-02 09:23:49 --> Could not find the language line "mynt_buy_youzan"
ERROR - 2016-06-02 09:25:09 --> Could not find the language line "mynt_buy_taobao"
ERROR - 2016-06-02 09:25:09 --> Could not find the language line "mynt_buy_tmall"
ERROR - 2016-06-02 09:25:09 --> Could not find the language line "mynt_buy_youzan"
ERROR - 2016-06-02 09:25:18 --> Could not find the language line "mynt_buy_amazon"
ERROR - 2016-06-02 09:25:24 --> Could not find the language line "mynt_buy_amazon"
ERROR - 2016-06-02 09:25:46 --> Could not find the language line "mynt_buy_amazon"
ERROR - 2016-06-02 09:26:05 --> Could not find the language line "mynt_buy_amazon"
ERROR - 2016-06-02 09:26:19 --> Could not find the language line "mynt_buy_amazon"
ERROR - 2016-06-02 09:26:20 --> Could not find the language line "mynt_buy_amazon"
ERROR - 2016-06-02 09:31:07 --> Could not find the language line "mynt_buy_amazon"
ERROR - 2016-06-02 09:31:11 --> Could not find the language line "mynt_buy_amazon"
ERROR - 2016-06-02 09:31:21 --> Could not find the language line "mynt_buy_amazon"
ERROR - 2016-06-02 09:31:38 --> Could not find the language line "mynt_buy_amazon"
ERROR - 2016-06-02 09:32:19 --> Could not find the language line "mynt_buy_amazon"
ERROR - 2016-06-02 09:33:23 --> Could not find the language line "mynt_buy_amazon"
ERROR - 2016-06-02 09:33:41 --> Could not find the language line "mynt_buy_amazon"
ERROR - 2016-06-02 09:33:52 --> Could not find the language line "mynt_buy_amazon"
ERROR - 2016-06-02 09:33:57 --> Could not find the language line "mynt_buy_taobao"
ERROR - 2016-06-02 09:33:57 --> Could not find the language line "mynt_buy_tmall"
ERROR - 2016-06-02 09:33:57 --> Could not find the language line "mynt_buy_youzan"
ERROR - 2016-06-02 09:34:00 --> Could not find the language line "mynt_buy_amazon"
ERROR - 2016-06-02 09:36:39 --> Could not find the language line "mynt_buy_amazon"
ERROR - 2016-06-02 09:37:02 --> Could not find the language line "mynt_buy_amazon"
ERROR - 2016-06-02 09:37:06 --> Could not find the language line "mynt_buy_amazon"
ERROR - 2016-06-02 09:37:38 --> Could not find the language line "mynt_buy_amazon"
ERROR - 2016-06-02 09:37:47 --> Could not find the language line "mynt_buy_amazon"
ERROR - 2016-06-02 09:38:04 --> Could not find the language line "mynt_buy_taobao"
ERROR - 2016-06-02 09:38:04 --> Could not find the language line "mynt_buy_tmall"
ERROR - 2016-06-02 09:38:04 --> Could not find the language line "mynt_buy_youzan"
ERROR - 2016-06-02 09:40:02 --> Could not find the language line "mynt_buy_amazon"
ERROR - 2016-06-02 09:40:03 --> Could not find the language line "mynt_buy_amazon"
ERROR - 2016-06-02 09:41:12 --> Could not find the language line "mynt_buy_amazon"
ERROR - 2016-06-02 09:41:18 --> Could not find the language line "mynt_buy_amazon"
ERROR - 2016-06-02 09:41:24 --> Could not find the language line "mynt_buy_amazon"
ERROR - 2016-06-02 09:41:26 --> Could not find the language line "mynt_buy_amazon"
ERROR - 2016-06-02 09:41:30 --> Could not find the language line "mynt_buy_amazon"
ERROR - 2016-06-02 09:41:57 --> Could not find the language line "mynt_buy_amazon"
ERROR - 2016-06-02 09:41:57 --> Session: File 'ci_sessions/ci_session1cec5fbc393d714d58aaefa52b852d2cd7318a2c' doesn't exist and cannot be created.
ERROR - 2016-06-02 09:42:03 --> Could not find the language line "mynt_buy_taobao"
ERROR - 2016-06-02 09:42:03 --> Could not find the language line "mynt_buy_tmall"
ERROR - 2016-06-02 09:42:03 --> Could not find the language line "mynt_buy_youzan"
ERROR - 2016-06-02 09:47:36 --> Could not find the language line "mynt_buy_taobao"
ERROR - 2016-06-02 09:47:36 --> Could not find the language line "mynt_buy_tmall"
ERROR - 2016-06-02 09:47:36 --> Could not find the language line "mynt_buy_youzan"
ERROR - 2016-06-02 09:57:52 --> Severity: Parsing Error --> syntax error, unexpected ')' /Users/fantingsheng/website/application/core/MY_Controller.php 156
ERROR - 2016-06-02 10:01:32 --> Could not find the language line "mynt_buy_taobao"
ERROR - 2016-06-02 10:01:32 --> Could not find the language line "mynt_buy_tmall"
ERROR - 2016-06-02 10:01:32 --> Could not find the language line "mynt_buy_youzan"
ERROR - 2016-06-02 10:13:10 --> Severity: Parsing Error --> syntax error, unexpected '==' (T_IS_EQUAL) /Users/fantingsheng/website/application/core/MY_Controller.php 156
ERROR - 2016-06-02 10:13:20 --> Could not find the language line "mynt_buy_taobao"
ERROR - 2016-06-02 10:13:20 --> Could not find the language line "mynt_buy_tmall"
ERROR - 2016-06-02 10:13:20 --> Could not find the language line "mynt_buy_youzan"
ERROR - 2016-06-02 10:14:12 --> Could not find the language line "mynt_buy_taobao"
ERROR - 2016-06-02 10:14:12 --> Could not find the language line "mynt_buy_tmall"
ERROR - 2016-06-02 10:14:12 --> Could not find the language line "mynt_buy_youzan"
ERROR - 2016-06-02 10:15:05 --> Severity: Parsing Error --> syntax error, unexpected '}' /Users/fantingsheng/website/application/core/MY_Controller.php 127
ERROR - 2016-06-02 10:15:12 --> Could not find the language line "mynt_buy_taobao"
ERROR - 2016-06-02 10:15:12 --> Could not find the language line "mynt_buy_tmall"
ERROR - 2016-06-02 10:15:12 --> Could not find the language line "mynt_buy_youzan"
ERROR - 2016-06-02 10:16:02 --> Could not find the language line "mynt_buy_taobao"
ERROR - 2016-06-02 10:16:02 --> Could not find the language line "mynt_buy_tmall"
ERROR - 2016-06-02 10:16:02 --> Could not find the language line "mynt_buy_youzan"
ERROR - 2016-06-02 10:16:02 --> Could not find the language line "about_keywords"
ERROR - 2016-06-02 10:16:02 --> Could not find the language line "about_facebook"
ERROR - 2016-06-02 10:16:02 --> Could not find the language line "about_twitter"
ERROR - 2016-06-02 10:16:02 --> Could not find the language line "about_weibo"
ERROR - 2016-06-02 10:16:05 --> Could not find the language line "mynt_buy_amazon"
ERROR - 2016-06-02 10:16:05 --> Could not find the language line "about_keywords"
ERROR - 2016-06-02 10:16:05 --> Could not find the language line "about_company"
ERROR - 2016-06-02 10:16:07 --> Could not find the language line "mynt_buy_amazon"
ERROR - 2016-06-02 10:16:07 --> Could not find the language line "about_keywords"
ERROR - 2016-06-02 10:16:07 --> Could not find the language line "about_company"
ERROR - 2016-06-02 10:16:10 --> Could not find the language line "mynt_buy_amazon"
ERROR - 2016-06-02 10:16:10 --> Could not find the language line "about_keywords"
ERROR - 2016-06-02 10:16:10 --> Could not find the language line "about_company"
ERROR - 2016-06-02 10:16:14 --> 404 Page Not Found: Cn/about
ERROR - 2016-06-02 10:16:24 --> Could not find the language line "mynt_buy_amazon"
ERROR - 2016-06-02 10:16:24 --> Could not find the language line "about_keywords"
ERROR - 2016-06-02 10:16:24 --> Could not find the language line "about_company"
ERROR - 2016-06-02 10:17:14 --> 404 Page Not Found: Cn/about
ERROR - 2016-06-02 10:18:08 --> 404 Page Not Found: Cn/about
ERROR - 2016-06-02 10:18:09 --> Could not find the language line "mynt_buy_amazon"
ERROR - 2016-06-02 10:18:09 --> Could not find the language line "home_slife_title"
ERROR - 2016-06-02 10:18:09 --> Could not find the language line "home_cloud_title"
ERROR - 2016-06-02 10:18:09 --> Could not find the language line "home_cloud_intro"
ERROR - 2016-06-02 10:18:09 --> Could not find the language line "mynt_icon_buy"
ERROR - 2016-06-02 10:18:11 --> Could not find the language line "mynt_buy_amazon"
ERROR - 2016-06-02 10:18:40 --> Could not find the language line "mynt_buy_amazon"
ERROR - 2016-06-02 10:22:36 --> Could not find the language line "mynt_buy_amazon"
ERROR - 2016-06-02 10:22:49 --> Could not find the language line "mynt_buy_amazon"
ERROR - 2016-06-02 10:23:06 --> Could not find the language line "mynt_buy_amazon"
ERROR - 2016-06-02 10:23:07 --> Could not find the language line "mynt_buy_amazon"
ERROR - 2016-06-02 10:23:07 --> Could not find the language line "mynt_buy_amazon"
ERROR - 2016-06-02 10:23:07 --> Could not find the language line "mynt_buy_amazon"
ERROR - 2016-06-02 10:23:07 --> Could not find the language line "mynt_buy_amazon"
ERROR - 2016-06-02 10:23:07 --> Could not find the language line "mynt_buy_amazon"
ERROR - 2016-06-02 10:23:08 --> Could not find the language line "mynt_buy_amazon"
ERROR - 2016-06-02 10:23:08 --> Could not find the language line "mynt_buy_amazon"
ERROR - 2016-06-02 10:23:08 --> Could not find the language line "mynt_buy_amazon"
ERROR - 2016-06-02 10:23:08 --> Could not find the language line "mynt_buy_amazon"
ERROR - 2016-06-02 10:23:09 --> Could not find the language line "mynt_buy_amazon"
ERROR - 2016-06-02 10:23:09 --> Could not find the language line "mynt_buy_amazon"
ERROR - 2016-06-02 10:23:27 --> Could not find the language line "mynt_buy_amazon"
ERROR - 2016-06-02 10:23:27 --> Could not find the language line "mynt_buy_amazon"
ERROR - 2016-06-02 10:23:28 --> Could not find the language line "mynt_buy_amazon"
ERROR - 2016-06-02 10:23:29 --> Could not find the language line "mynt_buy_amazon"
ERROR - 2016-06-02 10:23:37 --> Could not find the language line "mynt_buy_amazon"
ERROR - 2016-06-02 10:23:39 --> 404 Page Not Found: Cn/news
ERROR - 2016-06-02 10:23:58 --> Could not find the language line "mynt_buy_amazon"
ERROR - 2016-06-02 10:23:59 --> Could not find the language line "mynt_buy_amazon"
ERROR - 2016-06-02 10:23:59 --> Could not find the language line "mynt_buy_amazon"
ERROR - 2016-06-02 10:24:00 --> Could not find the language line "mynt_buy_amazon"
ERROR - 2016-06-02 10:24:00 --> Could not find the language line "mynt_buy_amazon"
ERROR - 2016-06-02 10:24:00 --> Could not find the language line "mynt_buy_amazon"
ERROR - 2016-06-02 10:24:00 --> Could not find the language line "mynt_buy_amazon"
ERROR - 2016-06-02 10:24:01 --> Could not find the language line "mynt_buy_amazon"
ERROR - 2016-06-02 10:24:01 --> Could not find the language line "mynt_buy_amazon"
ERROR - 2016-06-02 10:24:01 --> Could not find the language line "mynt_buy_amazon"
ERROR - 2016-06-02 10:24:01 --> Could not find the language line "mynt_buy_amazon"
ERROR - 2016-06-02 10:24:01 --> Could not find the language line "home_slife_title"
ERROR - 2016-06-02 10:24:01 --> Could not find the language line "home_cloud_title"
ERROR - 2016-06-02 10:24:01 --> Could not find the language line "home_cloud_intro"
ERROR - 2016-06-02 10:24:01 --> Could not find the language line "mynt_icon_buy"
ERROR - 2016-06-02 10:24:02 --> Could not find the language line "mynt_buy_amazon"
ERROR - 2016-06-02 10:24:02 --> Could not find the language line "home_slife_title"
ERROR - 2016-06-02 10:24:02 --> Could not find the language line "home_cloud_title"
ERROR - 2016-06-02 10:24:02 --> Could not find the language line "home_cloud_intro"
ERROR - 2016-06-02 10:24:02 --> Could not find the language line "mynt_icon_buy"
ERROR - 2016-06-02 10:24:02 --> Could not find the language line "mynt_buy_amazon"
ERROR - 2016-06-02 10:24:02 --> Could not find the language line "home_slife_title"
ERROR - 2016-06-02 10:24:02 --> Could not find the language line "home_cloud_title"
ERROR - 2016-06-02 10:24:02 --> Could not find the language line "home_cloud_intro"
ERROR - 2016-06-02 10:24:02 --> Could not find the language line "mynt_icon_buy"
ERROR - 2016-06-02 10:24:02 --> Could not find the language line "mynt_buy_amazon"
ERROR - 2016-06-02 10:24:02 --> Could not find the language line "home_slife_title"
ERROR - 2016-06-02 10:24:02 --> Could not find the language line "home_cloud_title"
ERROR - 2016-06-02 10:24:02 --> Could not find the language line "home_cloud_intro"
ERROR - 2016-06-02 10:24:02 --> Could not find the language line "mynt_icon_buy"
ERROR - 2016-06-02 10:24:02 --> Could not find the language line "mynt_buy_amazon"
ERROR - 2016-06-02 10:24:02 --> Could not find the language line "home_slife_title"
ERROR - 2016-06-02 10:24:02 --> Could not find the language line "home_cloud_title"
ERROR - 2016-06-02 10:24:02 --> Could not find the language line "home_cloud_intro"
ERROR - 2016-06-02 10:24:02 --> Could not find the language line "mynt_icon_buy"
ERROR - 2016-06-02 10:24:03 --> Could not find the language line "mynt_buy_amazon"
ERROR - 2016-06-02 10:24:03 --> Could not find the language line "home_slife_title"
ERROR - 2016-06-02 10:24:03 --> Could not find the language line "home_cloud_title"
ERROR - 2016-06-02 10:24:03 --> Could not find the language line "home_cloud_intro"
ERROR - 2016-06-02 10:24:03 --> Could not find the language line "mynt_icon_buy"
ERROR - 2016-06-02 10:24:03 --> Could not find the language line "mynt_buy_amazon"
ERROR - 2016-06-02 10:24:03 --> Could not find the language line "home_slife_title"
ERROR - 2016-06-02 10:24:03 --> Could not find the language line "home_cloud_title"
ERROR - 2016-06-02 10:24:03 --> Could not find the language line "home_cloud_intro"
ERROR - 2016-06-02 10:24:03 --> Could not find the language line "mynt_icon_buy"
ERROR - 2016-06-02 10:24:03 --> Could not find the language line "mynt_buy_amazon"
ERROR - 2016-06-02 10:24:03 --> Could not find the language line "home_slife_title"
ERROR - 2016-06-02 10:24:03 --> Could not find the language line "home_cloud_title"
ERROR - 2016-06-02 10:24:03 --> Could not find the language line "home_cloud_intro"
ERROR - 2016-06-02 10:24:03 --> Could not find the language line "mynt_icon_buy"
ERROR - 2016-06-02 10:24:03 --> Could not find the language line "mynt_buy_amazon"
ERROR - 2016-06-02 10:24:03 --> Could not find the language line "home_slife_title"
ERROR - 2016-06-02 10:24:03 --> Could not find the language line "home_cloud_title"
ERROR - 2016-06-02 10:24:03 --> Could not find the language line "home_cloud_intro"
ERROR - 2016-06-02 10:24:03 --> Could not find the language line "mynt_icon_buy"
ERROR - 2016-06-02 10:24:03 --> Could not find the language line "mynt_buy_amazon"
ERROR - 2016-06-02 10:24:03 --> Could not find the language line "home_slife_title"
ERROR - 2016-06-02 10:24:03 --> Could not find the language line "home_cloud_title"
ERROR - 2016-06-02 10:24:03 --> Could not find the language line "home_cloud_intro"
ERROR - 2016-06-02 10:24:03 --> Could not find the language line "mynt_icon_buy"
ERROR - 2016-06-02 10:24:04 --> Could not find the language line "mynt_buy_amazon"
ERROR - 2016-06-02 10:24:04 --> Could not find the language line "home_slife_title"
ERROR - 2016-06-02 10:24:04 --> Could not find the language line "home_cloud_title"
ERROR - 2016-06-02 10:24:04 --> Could not find the language line "home_cloud_intro"
ERROR - 2016-06-02 10:24:04 --> Could not find the language line "mynt_icon_buy"
ERROR - 2016-06-02 10:24:07 --> Could not find the language line "mynt_buy_amazon"
ERROR - 2016-06-02 10:24:07 --> Could not find the language line "home_slife_title"
ERROR - 2016-06-02 10:24:07 --> Could not find the language line "home_cloud_title"
ERROR - 2016-06-02 10:24:07 --> Could not find the language line "home_cloud_intro"
ERROR - 2016-06-02 10:24:07 --> Could not find the language line "mynt_icon_buy"
ERROR - 2016-06-02 10:24:09 --> Could not find the language line "mynt_buy_amazon"
ERROR - 2016-06-02 10:24:09 --> Could not find the language line "home_slife_title"
ERROR - 2016-06-02 10:24:09 --> Could not find the language line "home_cloud_title"
ERROR - 2016-06-02 10:24:09 --> Could not find the language line "home_cloud_intro"
ERROR - 2016-06-02 10:24:09 --> Could not find the language line "mynt_icon_buy"
ERROR - 2016-06-02 10:24:24 --> Could not find the language line "mynt_buy_amazon"
ERROR - 2016-06-02 10:24:24 --> Could not find the language line "about_keywords"
ERROR - 2016-06-02 10:24:24 --> Could not find the language line "about_company"
ERROR - 2016-06-02 10:24:26 --> Could not find the language line "mynt_buy_amazon"
ERROR - 2016-06-02 10:24:26 --> Could not find the language line "about_keywords"
ERROR - 2016-06-02 10:24:26 --> Could not find the language line "about_company"
ERROR - 2016-06-02 10:24:27 --> 404 Page Not Found: Cn/about
ERROR - 2016-06-02 10:24:29 --> Could not find the language line "mynt_buy_amazon"
ERROR - 2016-06-02 10:24:29 --> Could not find the language line "about_keywords"
ERROR - 2016-06-02 10:24:29 --> Could not find the language line "about_company"
ERROR - 2016-06-02 10:24:31 --> Could not find the language line "mynt_buy_amazon"
ERROR - 2016-06-02 10:24:32 --> Could not find the language line "mynt_buy_amazon"
ERROR - 2016-06-02 10:24:32 --> Could not find the language line "mynt_buy_amazon"
ERROR - 2016-06-02 10:24:32 --> Could not find the language line "mynt_buy_amazon"
ERROR - 2016-06-02 10:24:32 --> Could not find the language line "mynt_buy_amazon"
ERROR - 2016-06-02 10:24:32 --> Could not find the language line "mynt_buy_amazon"
ERROR - 2016-06-02 10:24:32 --> Could not find the language line "mynt_buy_amazon"
ERROR - 2016-06-02 10:24:33 --> Could not find the language line "mynt_buy_amazon"
ERROR - 2016-06-02 10:24:33 --> Could not find the language line "mynt_buy_amazon"
ERROR - 2016-06-02 10:24:33 --> Could not find the language line "mynt_buy_amazon"
ERROR - 2016-06-02 10:24:33 --> Could not find the language line "mynt_buy_amazon"
ERROR - 2016-06-02 10:24:34 --> Could not find the language line "mynt_buy_amazon"
ERROR - 2016-06-02 10:24:39 --> Could not find the language line "mynt_buy_amazon"
ERROR - 2016-06-02 10:24:39 --> Could not find the language line "mynt_buy_amazon"
ERROR - 2016-06-02 10:24:40 --> Could not find the language line "mynt_buy_amazon"
ERROR - 2016-06-02 10:24:40 --> Could not find the language line "mynt_buy_amazon"
ERROR - 2016-06-02 10:24:40 --> Could not find the language line "mynt_buy_amazon"
ERROR - 2016-06-02 10:24:42 --> Could not find the language line "mynt_buy_amazon"
ERROR - 2016-06-02 10:24:47 --> Could not find the language line "mynt_buy_amazon"
ERROR - 2016-06-02 10:24:49 --> Could not find the language line "mynt_buy_amazon"
ERROR - 2016-06-02 10:24:50 --> 404 Page Not Found: Cn/news
ERROR - 2016-06-02 10:24:52 --> Could not find the language line "mynt_buy_amazon"
ERROR - 2016-06-02 10:25:20 --> Severity: Error --> Call to undefined method News::_get_controller() /Users/fantingsheng/website/application/core/MY_Controller.php 34
ERROR - 2016-06-02 10:25:27 --> Could not find the language line "mynt_buy_amazon"
ERROR - 2016-06-02 10:25:30 --> Could not find the language line "mynt_buy_amazon"
ERROR - 2016-06-02 10:25:32 --> 404 Page Not Found: Cn/news
ERROR - 2016-06-02 10:25:33 --> Could not find the language line "mynt_buy_amazon"
ERROR - 2016-06-02 10:25:53 --> Could not find the language line "mynt_buy_amazon"
ERROR - 2016-06-02 10:26:03 --> Could not find the language line "mynt_buy_amazon"
ERROR - 2016-06-02 10:26:03 --> Could not find the language line "mynt_buy_amazon"
ERROR - 2016-06-02 10:26:04 --> Could not find the language line "mynt_buy_amazon"
ERROR - 2016-06-02 10:26:04 --> Could not find the language line "mynt_buy_amazon"
ERROR - 2016-06-02 10:30:20 --> Could not find the language line "mynt_buy_amazon"
ERROR - 2016-06-02 10:30:58 --> Could not find the language line "mynt_buy_amazon"
ERROR - 2016-06-02 10:32:59 --> Could not find the language line "mynt_buy_amazon"
ERROR - 2016-06-02 10:33:23 --> Could not find the language line "mynt_buy_amazon"
ERROR - 2016-06-02 14:26:21 --> Could not find the language line "mynt_buy_amazon"
ERROR - 2016-06-02 14:26:47 --> Could not find the language line "mynt_buy_amazon"
ERROR - 2016-06-02 14:26:53 --> Could not find the language line "mynt_buy_amazon"
ERROR - 2016-06-02 14:26:53 --> Could not find the language line "about_keywords"
ERROR - 2016-06-02 14:26:53 --> Could not find the language line "about_company"
ERROR - 2016-06-02 14:27:00 --> Could not find the language line "mynt_buy_amazon"
ERROR - 2016-06-02 14:27:00 --> Could not find the language line "home_slife_title"
ERROR - 2016-06-02 14:27:00 --> Could not find the language line "home_cloud_title"
ERROR - 2016-06-02 14:27:00 --> Could not find the language line "home_cloud_intro"
ERROR - 2016-06-02 14:27:00 --> Could not find the language line "mynt_icon_buy"
ERROR - 2016-06-02 15:36:58 --> Could not find the language line "mynt_buy_amazon"
ERROR - 2016-06-02 15:36:58 --> Could not find the language line "home_slife_title"
ERROR - 2016-06-02 15:36:58 --> Could not find the language line "home_cloud_title"
ERROR - 2016-06-02 15:36:58 --> Could not find the language line "home_cloud_intro"
ERROR - 2016-06-02 15:36:58 --> Could not find the language line "mynt_icon_buy"
ERROR - 2016-06-02 15:37:06 --> Could not find the language line "mynt_buy_amazon"
ERROR - 2016-06-02 15:37:06 --> Could not find the language line "home_slife_title"
ERROR - 2016-06-02 15:37:06 --> Could not find the language line "home_cloud_title"
ERROR - 2016-06-02 15:37:06 --> Could not find the language line "home_cloud_intro"
ERROR - 2016-06-02 15:37:06 --> Could not find the language line "mynt_icon_buy"
ERROR - 2016-06-02 15:37:20 --> Could not find the language line "mynt_buy_amazon"
ERROR - 2016-06-02 15:37:21 --> Could not find the language line "mynt_buy_amazon"
ERROR - 2016-06-02 15:37:55 --> Could not find the language line "mynt_buy_amazon"
ERROR - 2016-06-02 15:38:00 --> Could not find the language line "mynt_buy_taobao"
ERROR - 2016-06-02 15:38:00 --> Could not find the language line "mynt_buy_tmall"
ERROR - 2016-06-02 15:38:00 --> Could not find the language line "mynt_buy_youzan"
ERROR - 2016-06-02 15:38:22 --> Could not find the language line "mynt_buy_taobao"
ERROR - 2016-06-02 15:38:22 --> Could not find the language line "mynt_buy_tmall"
ERROR - 2016-06-02 15:38:22 --> Could not find the language line "mynt_buy_youzan"
ERROR - 2016-06-02 15:38:22 --> Could not find the language line "mynt_buy_taobao"
ERROR - 2016-06-02 15:38:22 --> Could not find the language line "mynt_buy_tmall"
ERROR - 2016-06-02 15:38:22 --> Could not find the language line "mynt_buy_youzan"
ERROR - 2016-06-02 15:43:11 --> Could not find the language line "mynt_buy_taobao"
ERROR - 2016-06-02 15:43:11 --> Could not find the language line "mynt_buy_tmall"
ERROR - 2016-06-02 15:43:11 --> Could not find the language line "mynt_buy_youzan"
ERROR - 2016-06-02 15:43:46 --> Could not find the language line "mynt_buy_taobao"
ERROR - 2016-06-02 15:43:46 --> Could not find the language line "mynt_buy_tmall"
ERROR - 2016-06-02 15:43:46 --> Could not find the language line "mynt_buy_youzan"
ERROR - 2016-06-02 15:43:54 --> Could not find the language line "mynt_buy_taobao"
ERROR - 2016-06-02 15:43:54 --> Could not find the language line "mynt_buy_tmall"
ERROR - 2016-06-02 15:43:54 --> Could not find the language line "mynt_buy_youzan"
ERROR - 2016-06-02 15:47:35 --> Severity: Warning --> preg_match(): Delimiter must not be alphanumeric or backslash /Users/fantingsheng/website/application/core/MY_Controller.php 130
ERROR - 2016-06-02 15:47:35 --> Could not find the language line "mynt_buy_taobao"
ERROR - 2016-06-02 15:47:35 --> Could not find the language line "mynt_buy_tmall"
ERROR - 2016-06-02 15:47:35 --> Could not find the language line "mynt_buy_youzan"
ERROR - 2016-06-02 16:12:50 --> Severity: Warning --> preg_match(): Delimiter must not be alphanumeric or backslash /Users/fantingsheng/website/application/core/MY_Controller.php 130
ERROR - 2016-06-02 16:12:50 --> Could not find the language line "mynt_buy_taobao"
ERROR - 2016-06-02 16:12:50 --> Could not find the language line "mynt_buy_tmall"
ERROR - 2016-06-02 16:12:50 --> Could not find the language line "mynt_buy_youzan"
ERROR - 2016-06-02 16:12:53 --> Severity: Warning --> preg_match(): Delimiter must not be alphanumeric or backslash /Users/fantingsheng/website/application/core/MY_Controller.php 130
ERROR - 2016-06-02 16:12:53 --> Could not find the language line "mynt_buy_taobao"
ERROR - 2016-06-02 16:12:53 --> Could not find the language line "mynt_buy_tmall"
ERROR - 2016-06-02 16:12:53 --> Could not find the language line "mynt_buy_youzan"
ERROR - 2016-06-02 16:16:17 --> Severity: Warning --> preg_match(): Delimiter must not be alphanumeric or backslash /Users/fantingsheng/website/application/core/MY_Controller.php 130
ERROR - 2016-06-02 16:16:17 --> Could not find the language line "mynt_buy_taobao"
ERROR - 2016-06-02 16:16:17 --> Could not find the language line "mynt_buy_tmall"
ERROR - 2016-06-02 16:16:17 --> Could not find the language line "mynt_buy_youzan"
ERROR - 2016-06-02 16:16:19 --> Severity: Warning --> preg_match(): Delimiter must not be alphanumeric or backslash /Users/fantingsheng/website/application/core/MY_Controller.php 130
ERROR - 2016-06-02 16:16:19 --> Could not find the language line "mynt_buy_taobao"
ERROR - 2016-06-02 16:16:19 --> Could not find the language line "mynt_buy_tmall"
ERROR - 2016-06-02 16:16:19 --> Could not find the language line "mynt_buy_youzan"
ERROR - 2016-06-02 16:16:48 --> Could not find the language line "mynt_buy_taobao"
ERROR - 2016-06-02 16:16:48 --> Could not find the language line "mynt_buy_tmall"
ERROR - 2016-06-02 16:16:48 --> Could not find the language line "mynt_buy_youzan"
ERROR - 2016-06-02 16:28:33 --> Could not find the language line "mynt_buy_taobao"
ERROR - 2016-06-02 16:28:33 --> Could not find the language line "mynt_buy_tmall"
ERROR - 2016-06-02 16:28:33 --> Could not find the language line "mynt_buy_youzan"
ERROR - 2016-06-02 16:32:44 --> Severity: Warning --> preg_match(): Unknown modifier 'n' /Users/fantingsheng/website/application/core/MY_Controller.php 130
ERROR - 2016-06-02 16:32:44 --> Could not find the language line "mynt_buy_taobao"
ERROR - 2016-06-02 16:32:44 --> Could not find the language line "mynt_buy_tmall"
ERROR - 2016-06-02 16:32:44 --> Could not find the language line "mynt_buy_youzan"
ERROR - 2016-06-02 16:34:11 --> Could not find the language line "mynt_buy_taobao"
ERROR - 2016-06-02 16:34:11 --> Could not find the language line "mynt_buy_tmall"
ERROR - 2016-06-02 16:34:11 --> Could not find the language line "mynt_buy_youzan"
ERROR - 2016-06-02 16:34:18 --> Could not find the language line "mynt_buy_amazon"
ERROR - 2016-06-02 16:34:45 --> Could not find the language line "mynt_buy_amazon"
ERROR - 2016-06-02 16:34:48 --> 404 Page Not Found: Cn/news
ERROR - 2016-06-02 16:34:58 --> Could not find the language line "mynt_buy_amazon"
ERROR - 2016-06-02 16:35:03 --> Could not find the language line "mynt_buy_amazon"
ERROR - 2016-06-02 16:35:39 --> Could not find the language line "mynt_buy_amazon"
ERROR - 2016-06-02 16:35:51 --> Could not find the language line "mynt_buy_amazon"
ERROR - 2016-06-02 16:38:42 --> Could not find the language line "mynt_buy_amazon"
ERROR - 2016-06-02 16:39:41 --> Could not find the language line "mynt_buy_taobao"
ERROR - 2016-06-02 16:39:41 --> Could not find the language line "mynt_buy_tmall"
ERROR - 2016-06-02 16:39:41 --> Could not find the language line "mynt_buy_youzan"
ERROR - 2016-06-02 16:39:42 --> Could not find the language line "mynt_buy_taobao"
ERROR - 2016-06-02 16:39:42 --> Could not find the language line "mynt_buy_tmall"
ERROR - 2016-06-02 16:39:42 --> Could not find the language line "mynt_buy_youzan"
ERROR - 2016-06-02 16:49:12 --> Could not find the language line "mynt_buy_taobao"
ERROR - 2016-06-02 16:49:12 --> Could not find the language line "mynt_buy_tmall"
ERROR - 2016-06-02 16:49:12 --> Could not find the language line "mynt_buy_youzan"
ERROR - 2016-06-02 16:49:27 --> Could not find the language line "mynt_buy_taobao"
ERROR - 2016-06-02 16:49:27 --> Could not find the language line "mynt_buy_tmall"
ERROR - 2016-06-02 16:49:27 --> Could not find the language line "mynt_buy_youzan"
ERROR - 2016-06-02 16:49:38 --> Could not find the language line "mynt_buy_amazon"
ERROR - 2016-06-02 16:50:46 --> Could not find the language line "mynt_buy_amazon"
ERROR - 2016-06-02 16:50:52 --> Could not find the language line "mynt_buy_taobao"
ERROR - 2016-06-02 16:50:52 --> Could not find the language line "mynt_buy_tmall"
ERROR - 2016-06-02 16:50:52 --> Could not find the language line "mynt_buy_youzan"
ERROR - 2016-06-02 16:50:58 --> Could not find the language line "mynt_buy_amazon"
ERROR - 2016-06-02 16:51:27 --> Could not find the language line "mynt_buy_amazon"
ERROR - 2016-06-02 16:51:30 --> Could not find the language line "mynt_buy_amazon"
ERROR - 2016-06-02 16:51:36 --> Could not find the language line "mynt_buy_amazon"
