ERROR - 2016-08-18 05:58:33 --> Could not find the language line "mynt_buy_taobao"
ERROR - 2016-08-18 05:58:33 --> Could not find the language line "mynt_buy_tmall"
ERROR - 2016-08-18 05:58:33 --> Could not find the language line "mynt_buy_youzan"
ERROR - 2016-08-18 05:58:33 --> Could not find the language line "mynt_buy_jd"
ERROR - 2016-08-18 05:58:34 --> Could not find the language line "mynt_buy_taobao"
ERROR - 2016-08-18 05:58:34 --> Could not find the language line "mynt_buy_tmall"
ERROR - 2016-08-18 05:58:34 --> Could not find the language line "mynt_buy_youzan"
ERROR - 2016-08-18 05:58:34 --> Could not find the language line "mynt_buy_jd"
ERROR - 2016-08-18 05:59:46 --> Could not find the language line "mynt_buy_taobao"
ERROR - 2016-08-18 05:59:46 --> Could not find the language line "mynt_buy_tmall"
ERROR - 2016-08-18 05:59:46 --> Could not find the language line "mynt_buy_youzan"
ERROR - 2016-08-18 05:59:46 --> Could not find the language line "mynt_buy_jd"
ERROR - 2016-08-18 05:59:46 --> Could not find the language line "mynt_buy_taobao"
ERROR - 2016-08-18 05:59:46 --> Could not find the language line "mynt_buy_tmall"
ERROR - 2016-08-18 05:59:46 --> Could not find the language line "mynt_buy_youzan"
ERROR - 2016-08-18 05:59:46 --> Could not find the language line "mynt_buy_jd"
ERROR - 2016-08-18 06:00:00 --> Could not find the language line "mynt_buy_taobao"
ERROR - 2016-08-18 06:00:00 --> Could not find the language line "mynt_buy_tmall"
ERROR - 2016-08-18 06:00:00 --> Could not find the language line "mynt_buy_youzan"
ERROR - 2016-08-18 06:00:00 --> Could not find the language line "mynt_buy_jd"
ERROR - 2016-08-18 06:00:02 --> Could not find the language line "mynt_buy_taobao"
ERROR - 2016-08-18 06:00:02 --> Could not find the language line "mynt_buy_tmall"
ERROR - 2016-08-18 06:00:02 --> Could not find the language line "mynt_buy_youzan"
ERROR - 2016-08-18 06:00:02 --> Could not find the language line "mynt_buy_jd"
ERROR - 2016-08-18 06:00:03 --> Could not find the language line "mynt_buy_taobao"
ERROR - 2016-08-18 06:00:03 --> Could not find the language line "mynt_buy_tmall"
ERROR - 2016-08-18 06:00:03 --> Could not find the language line "mynt_buy_youzan"
ERROR - 2016-08-18 06:00:03 --> Could not find the language line "mynt_buy_jd"
ERROR - 2016-08-18 06:00:03 --> Could not find the language line "mynt_buy_taobao"
ERROR - 2016-08-18 06:00:03 --> Could not find the language line "mynt_buy_tmall"
ERROR - 2016-08-18 06:00:03 --> Could not find the language line "mynt_buy_youzan"
ERROR - 2016-08-18 06:00:03 --> Could not find the language line "mynt_buy_jd"
ERROR - 2016-08-18 06:02:54 --> Could not find the language line "mynt_buy_taobao"
ERROR - 2016-08-18 06:02:54 --> Could not find the language line "mynt_buy_tmall"
ERROR - 2016-08-18 06:02:54 --> Could not find the language line "mynt_buy_youzan"
ERROR - 2016-08-18 06:02:54 --> Could not find the language line "mynt_buy_jd"
ERROR - 2016-08-18 06:02:55 --> Could not find the language line "mynt_buy_taobao"
ERROR - 2016-08-18 06:02:55 --> Could not find the language line "mynt_buy_tmall"
ERROR - 2016-08-18 06:02:55 --> Could not find the language line "mynt_buy_youzan"
ERROR - 2016-08-18 06:02:55 --> Could not find the language line "mynt_buy_jd"
ERROR - 2016-08-18 06:03:30 --> Could not find the language line "mynt_buy_taobao"
ERROR - 2016-08-18 06:03:30 --> Could not find the language line "mynt_buy_tmall"
ERROR - 2016-08-18 06:03:30 --> Could not find the language line "mynt_buy_youzan"
ERROR - 2016-08-18 06:03:30 --> Could not find the language line "mynt_buy_jd"
ERROR - 2016-08-18 06:03:30 --> Could not find the language line "home_cloud_title"
ERROR - 2016-08-18 06:03:30 --> Could not find the language line "home_cloud_intro"
ERROR - 2016-08-18 06:03:30 --> Could not find the language line "mynt_icon_taobao"
ERROR - 2016-08-18 06:03:30 --> Could not find the language line "mynt_icon_tmall"
ERROR - 2016-08-18 06:03:30 --> Could not find the language line "mynt_icon_youzan"
ERROR - 2016-08-18 06:03:30 --> Could not find the language line "mynt_buy_taobao"
ERROR - 2016-08-18 06:03:30 --> Could not find the language line "mynt_buy_tmall"
ERROR - 2016-08-18 06:03:30 --> Could not find the language line "mynt_buy_youzan"
ERROR - 2016-08-18 06:03:30 --> Could not find the language line "mynt_buy_jd"
ERROR - 2016-08-18 06:03:56 --> Could not find the language line "mynt_buy_taobao"
ERROR - 2016-08-18 06:03:56 --> Could not find the language line "mynt_buy_tmall"
ERROR - 2016-08-18 06:03:56 --> Could not find the language line "mynt_buy_youzan"
ERROR - 2016-08-18 06:03:56 --> Could not find the language line "mynt_buy_jd"
ERROR - 2016-08-18 06:03:57 --> Session: File 'ci_sessions/ci_sessionde107ff15798abd2f4648a8dd5c53e5608e5096e' doesn't exist and cannot be created.
ERROR - 2016-08-18 06:03:58 --> Could not find the language line "mynt_buy_taobao"
ERROR - 2016-08-18 06:03:58 --> Could not find the language line "mynt_buy_tmall"
ERROR - 2016-08-18 06:03:58 --> Could not find the language line "mynt_buy_youzan"
ERROR - 2016-08-18 06:03:58 --> Could not find the language line "mynt_buy_jd"
ERROR - 2016-08-18 06:03:59 --> Could not find the language line "mynt_buy_taobao"
ERROR - 2016-08-18 06:03:59 --> Could not find the language line "mynt_buy_tmall"
ERROR - 2016-08-18 06:03:59 --> Could not find the language line "mynt_buy_youzan"
ERROR - 2016-08-18 06:03:59 --> Could not find the language line "mynt_buy_jd"
ERROR - 2016-08-18 06:03:59 --> Could not find the language line "home_cloud_title"
ERROR - 2016-08-18 06:03:59 --> Could not find the language line "home_cloud_intro"
ERROR - 2016-08-18 06:03:59 --> Could not find the language line "mynt_icon_taobao"
ERROR - 2016-08-18 06:03:59 --> Could not find the language line "mynt_icon_tmall"
ERROR - 2016-08-18 06:03:59 --> Could not find the language line "mynt_icon_youzan"
ERROR - 2016-08-18 06:04:00 --> Could not find the language line "mynt_buy_taobao"
ERROR - 2016-08-18 06:04:00 --> Could not find the language line "mynt_buy_tmall"
ERROR - 2016-08-18 06:04:00 --> Could not find the language line "mynt_buy_youzan"
ERROR - 2016-08-18 06:04:00 --> Could not find the language line "mynt_buy_jd"
ERROR - 2016-08-18 06:15:12 --> Could not find the language line "mynt_buy_taobao"
ERROR - 2016-08-18 06:15:12 --> Could not find the language line "mynt_buy_tmall"
ERROR - 2016-08-18 06:15:12 --> Could not find the language line "mynt_buy_youzan"
ERROR - 2016-08-18 06:15:12 --> Could not find the language line "mynt_buy_jd"
ERROR - 2016-08-18 06:15:12 --> Session: File 'ci_sessions/ci_session1481e43427a9690eb3859640690b2c72244dcb1f' doesn't exist and cannot be created.
ERROR - 2016-08-18 06:15:23 --> Could not find the language line "mynt_buy_taobao"
ERROR - 2016-08-18 06:15:23 --> Could not find the language line "mynt_buy_tmall"
ERROR - 2016-08-18 06:15:23 --> Could not find the language line "mynt_buy_youzan"
ERROR - 2016-08-18 06:15:23 --> Could not find the language line "mynt_buy_jd"
ERROR - 2016-08-18 06:15:24 --> Could not find the language line "mynt_buy_taobao"
ERROR - 2016-08-18 06:15:24 --> Could not find the language line "mynt_buy_tmall"
ERROR - 2016-08-18 06:15:24 --> Could not find the language line "mynt_buy_youzan"
ERROR - 2016-08-18 06:15:24 --> Could not find the language line "mynt_buy_jd"
ERROR - 2016-08-18 06:15:43 --> Could not find the language line "mynt_buy_taobao"
ERROR - 2016-08-18 06:15:43 --> Could not find the language line "mynt_buy_tmall"
ERROR - 2016-08-18 06:15:43 --> Could not find the language line "mynt_buy_youzan"
ERROR - 2016-08-18 06:15:43 --> Could not find the language line "mynt_buy_jd"
ERROR - 2016-08-18 06:15:43 --> Could not find the language line "mynt_buy_taobao"
ERROR - 2016-08-18 06:15:43 --> Could not find the language line "mynt_buy_tmall"
ERROR - 2016-08-18 06:15:43 --> Could not find the language line "mynt_buy_youzan"
ERROR - 2016-08-18 06:15:43 --> Could not find the language line "mynt_buy_jd"
ERROR - 2016-08-18 06:16:06 --> Could not find the language line "mynt_buy_taobao"
ERROR - 2016-08-18 06:16:06 --> Could not find the language line "mynt_buy_tmall"
ERROR - 2016-08-18 06:16:06 --> Could not find the language line "mynt_buy_youzan"
ERROR - 2016-08-18 06:16:06 --> Could not find the language line "mynt_buy_jd"
ERROR - 2016-08-18 06:16:07 --> Could not find the language line "mynt_buy_taobao"
ERROR - 2016-08-18 06:16:07 --> Could not find the language line "mynt_buy_tmall"
ERROR - 2016-08-18 06:16:07 --> Could not find the language line "mynt_buy_youzan"
ERROR - 2016-08-18 06:16:07 --> Could not find the language line "mynt_buy_jd"
ERROR - 2016-08-18 06:20:10 --> Could not find the language line "mynt_buy_taobao"
ERROR - 2016-08-18 06:20:10 --> Could not find the language line "mynt_buy_tmall"
ERROR - 2016-08-18 06:20:10 --> Could not find the language line "mynt_buy_youzan"
ERROR - 2016-08-18 06:20:10 --> Could not find the language line "mynt_buy_jd"
ERROR - 2016-08-18 06:20:10 --> Could not find the language line "mynt_buy_taobao"
ERROR - 2016-08-18 06:20:10 --> Could not find the language line "mynt_buy_tmall"
ERROR - 2016-08-18 06:20:10 --> Could not find the language line "mynt_buy_youzan"
ERROR - 2016-08-18 06:20:10 --> Could not find the language line "mynt_buy_jd"
ERROR - 2016-08-18 06:24:07 --> Could not find the language line "mynt_buy_taobao"
ERROR - 2016-08-18 06:24:07 --> Could not find the language line "mynt_buy_tmall"
ERROR - 2016-08-18 06:24:07 --> Could not find the language line "mynt_buy_youzan"
ERROR - 2016-08-18 06:24:07 --> Could not find the language line "mynt_buy_jd"
ERROR - 2016-08-18 06:24:07 --> Session: File 'ci_sessions/ci_session0bc5c75fd9e6ed3a8e1879690d59491661ff4e17' doesn't exist and cannot be created.
ERROR - 2016-08-18 06:24:08 --> Could not find the language line "mynt_buy_taobao"
ERROR - 2016-08-18 06:24:08 --> Could not find the language line "mynt_buy_tmall"
ERROR - 2016-08-18 06:24:08 --> Could not find the language line "mynt_buy_youzan"
ERROR - 2016-08-18 06:24:08 --> Could not find the language line "mynt_buy_jd"
ERROR - 2016-08-18 06:24:28 --> Could not find the language line "mynt_buy_taobao"
ERROR - 2016-08-18 06:24:28 --> Could not find the language line "mynt_buy_tmall"
ERROR - 2016-08-18 06:24:28 --> Could not find the language line "mynt_buy_youzan"
ERROR - 2016-08-18 06:24:28 --> Could not find the language line "mynt_buy_jd"
ERROR - 2016-08-18 06:24:29 --> Could not find the language line "mynt_buy_taobao"
ERROR - 2016-08-18 06:24:29 --> Could not find the language line "mynt_buy_tmall"
ERROR - 2016-08-18 06:24:29 --> Could not find the language line "mynt_buy_youzan"
ERROR - 2016-08-18 06:24:29 --> Could not find the language line "mynt_buy_jd"
ERROR - 2016-08-18 06:29:09 --> Could not find the language line "mynt_buy_taobao"
ERROR - 2016-08-18 06:29:09 --> Could not find the language line "mynt_buy_tmall"
ERROR - 2016-08-18 06:29:09 --> Could not find the language line "mynt_buy_youzan"
ERROR - 2016-08-18 06:29:09 --> Could not find the language line "mynt_buy_jd"
ERROR - 2016-08-18 06:29:09 --> Session: File 'ci_sessions/ci_sessiona7394f081fdbb31a94c630255596d49a06ae965d' doesn't exist and cannot be created.
ERROR - 2016-08-18 06:29:09 --> Could not find the language line "mynt_buy_taobao"
ERROR - 2016-08-18 06:29:09 --> Could not find the language line "mynt_buy_tmall"
ERROR - 2016-08-18 06:29:09 --> Could not find the language line "mynt_buy_youzan"
ERROR - 2016-08-18 06:29:09 --> Could not find the language line "mynt_buy_jd"
ERROR - 2016-08-18 06:30:07 --> Could not find the language line "mynt_buy_taobao"
ERROR - 2016-08-18 06:30:07 --> Could not find the language line "mynt_buy_tmall"
ERROR - 2016-08-18 06:30:07 --> Could not find the language line "mynt_buy_youzan"
ERROR - 2016-08-18 06:30:07 --> Could not find the language line "mynt_buy_jd"
ERROR - 2016-08-18 06:30:07 --> Session: File 'ci_sessions/ci_sessionf6b7cfef6b0971c93adb227cdcf052dd0b246fe1' doesn't exist and cannot be created.
ERROR - 2016-08-18 06:30:09 --> Could not find the language line "mynt_buy_taobao"
ERROR - 2016-08-18 06:30:09 --> Could not find the language line "mynt_buy_tmall"
ERROR - 2016-08-18 06:30:09 --> Could not find the language line "mynt_buy_youzan"
ERROR - 2016-08-18 06:30:09 --> Could not find the language line "mynt_buy_jd"
ERROR - 2016-08-18 06:30:15 --> Could not find the language line "mynt_buy_taobao"
ERROR - 2016-08-18 06:30:15 --> Could not find the language line "mynt_buy_tmall"
ERROR - 2016-08-18 06:30:15 --> Could not find the language line "mynt_buy_youzan"
ERROR - 2016-08-18 06:30:15 --> Could not find the language line "mynt_buy_jd"
ERROR - 2016-08-18 06:30:15 --> Could not find the language line "mynt_buy_taobao"
ERROR - 2016-08-18 06:30:15 --> Could not find the language line "mynt_buy_tmall"
ERROR - 2016-08-18 06:30:15 --> Could not find the language line "mynt_buy_youzan"
ERROR - 2016-08-18 06:30:15 --> Could not find the language line "mynt_buy_jd"
ERROR - 2016-08-18 06:30:58 --> Could not find the language line "mynt_buy_taobao"
ERROR - 2016-08-18 06:30:58 --> Could not find the language line "mynt_buy_tmall"
ERROR - 2016-08-18 06:30:58 --> Could not find the language line "mynt_buy_youzan"
ERROR - 2016-08-18 06:30:58 --> Could not find the language line "mynt_buy_jd"
ERROR - 2016-08-18 06:31:02 --> Could not find the language line "mynt_buy_taobao"
ERROR - 2016-08-18 06:31:02 --> Could not find the language line "mynt_buy_tmall"
ERROR - 2016-08-18 06:31:02 --> Could not find the language line "mynt_buy_youzan"
ERROR - 2016-08-18 06:31:02 --> Could not find the language line "mynt_buy_jd"
ERROR - 2016-08-18 06:31:14 --> Could not find the language line "mynt_buy_taobao"
ERROR - 2016-08-18 06:31:14 --> Could not find the language line "mynt_buy_tmall"
ERROR - 2016-08-18 06:31:14 --> Could not find the language line "mynt_buy_youzan"
ERROR - 2016-08-18 06:31:14 --> Could not find the language line "mynt_buy_jd"
ERROR - 2016-08-18 06:31:15 --> Could not find the language line "mynt_buy_taobao"
ERROR - 2016-08-18 06:31:15 --> Could not find the language line "mynt_buy_tmall"
ERROR - 2016-08-18 06:31:15 --> Could not find the language line "mynt_buy_youzan"
ERROR - 2016-08-18 06:31:15 --> Could not find the language line "mynt_buy_jd"
ERROR - 2016-08-18 06:31:19 --> Could not find the language line "mynt_buy_taobao"
ERROR - 2016-08-18 06:31:19 --> Could not find the language line "mynt_buy_tmall"
ERROR - 2016-08-18 06:31:19 --> Could not find the language line "mynt_buy_youzan"
ERROR - 2016-08-18 06:31:19 --> Could not find the language line "mynt_buy_jd"
ERROR - 2016-08-18 06:31:19 --> Could not find the language line "mynt_buy_taobao"
ERROR - 2016-08-18 06:31:19 --> Could not find the language line "mynt_buy_tmall"
ERROR - 2016-08-18 06:31:19 --> Could not find the language line "mynt_buy_youzan"
ERROR - 2016-08-18 06:31:19 --> Could not find the language line "mynt_buy_jd"
ERROR - 2016-08-18 06:32:46 --> Could not find the language line "mynt_buy_taobao"
ERROR - 2016-08-18 06:32:46 --> Could not find the language line "mynt_buy_tmall"
ERROR - 2016-08-18 06:32:46 --> Could not find the language line "mynt_buy_youzan"
ERROR - 2016-08-18 06:32:46 --> Could not find the language line "mynt_buy_jd"
ERROR - 2016-08-18 06:32:46 --> Could not find the language line "mynt_buy_taobao"
ERROR - 2016-08-18 06:32:46 --> Could not find the language line "mynt_buy_tmall"
ERROR - 2016-08-18 06:32:46 --> Could not find the language line "mynt_buy_youzan"
ERROR - 2016-08-18 06:32:46 --> Could not find the language line "mynt_buy_jd"
ERROR - 2016-08-18 06:32:51 --> Could not find the language line "mynt_buy_taobao"
ERROR - 2016-08-18 06:32:51 --> Could not find the language line "mynt_buy_tmall"
ERROR - 2016-08-18 06:32:51 --> Could not find the language line "mynt_buy_youzan"
ERROR - 2016-08-18 06:32:51 --> Could not find the language line "mynt_buy_jd"
ERROR - 2016-08-18 06:41:20 --> Could not find the language line "mynt_buy_taobao"
ERROR - 2016-08-18 06:41:20 --> Could not find the language line "mynt_buy_tmall"
ERROR - 2016-08-18 06:41:20 --> Could not find the language line "mynt_buy_youzan"
ERROR - 2016-08-18 06:41:20 --> Could not find the language line "mynt_buy_jd"
ERROR - 2016-08-18 06:41:20 --> Session: File 'ci_sessions/ci_sessionf3d0d0a6aa45eae2527cea307c3f10af45aeba81' doesn't exist and cannot be created.
ERROR - 2016-08-18 06:41:21 --> Could not find the language line "mynt_buy_taobao"
ERROR - 2016-08-18 06:41:21 --> Could not find the language line "mynt_buy_tmall"
ERROR - 2016-08-18 06:41:21 --> Could not find the language line "mynt_buy_youzan"
ERROR - 2016-08-18 06:41:21 --> Could not find the language line "mynt_buy_jd"
ERROR - 2016-08-18 06:41:25 --> Could not find the language line "mynt_buy_taobao"
ERROR - 2016-08-18 06:41:25 --> Could not find the language line "mynt_buy_tmall"
ERROR - 2016-08-18 06:41:25 --> Could not find the language line "mynt_buy_youzan"
ERROR - 2016-08-18 06:41:25 --> Could not find the language line "mynt_buy_jd"
ERROR - 2016-08-18 06:41:25 --> Could not find the language line "mynt_buy_taobao"
ERROR - 2016-08-18 06:41:25 --> Could not find the language line "mynt_buy_tmall"
ERROR - 2016-08-18 06:41:25 --> Could not find the language line "mynt_buy_youzan"
ERROR - 2016-08-18 06:41:25 --> Could not find the language line "mynt_buy_jd"
ERROR - 2016-08-18 06:42:17 --> Could not find the language line "mynt_buy_taobao"
ERROR - 2016-08-18 06:42:17 --> Could not find the language line "mynt_buy_tmall"
ERROR - 2016-08-18 06:42:17 --> Could not find the language line "mynt_buy_youzan"
ERROR - 2016-08-18 06:42:17 --> Could not find the language line "mynt_buy_jd"
ERROR - 2016-08-18 06:42:17 --> Session: File 'ci_sessions/ci_session7c0f03660425dad9a28b6eddefb10af597995037' doesn't exist and cannot be created.
ERROR - 2016-08-18 06:42:18 --> Could not find the language line "mynt_buy_taobao"
ERROR - 2016-08-18 06:42:18 --> Could not find the language line "mynt_buy_tmall"
ERROR - 2016-08-18 06:42:18 --> Could not find the language line "mynt_buy_youzan"
ERROR - 2016-08-18 06:42:18 --> Could not find the language line "mynt_buy_jd"
ERROR - 2016-08-18 06:43:40 --> Could not find the language line "mynt_buy_taobao"
ERROR - 2016-08-18 06:43:40 --> Could not find the language line "mynt_buy_tmall"
ERROR - 2016-08-18 06:43:40 --> Could not find the language line "mynt_buy_youzan"
ERROR - 2016-08-18 06:43:40 --> Could not find the language line "mynt_buy_jd"
ERROR - 2016-08-18 06:43:40 --> Could not find the language line "home_cloud_title"
ERROR - 2016-08-18 06:43:40 --> Could not find the language line "home_cloud_intro"
ERROR - 2016-08-18 06:43:40 --> Could not find the language line "mynt_icon_taobao"
ERROR - 2016-08-18 06:43:40 --> Could not find the language line "mynt_icon_tmall"
ERROR - 2016-08-18 06:43:40 --> Could not find the language line "mynt_icon_youzan"
ERROR - 2016-08-18 06:54:36 --> Could not find the language line "mynt_buy_taobao"
ERROR - 2016-08-18 06:54:36 --> Could not find the language line "mynt_buy_tmall"
ERROR - 2016-08-18 06:54:36 --> Could not find the language line "mynt_buy_youzan"
ERROR - 2016-08-18 06:54:36 --> Could not find the language line "mynt_buy_jd"
ERROR - 2016-08-18 06:54:36 --> Session: File 'ci_sessions/ci_session3384e951715fbcedc273bd340aef677caae6e353' doesn't exist and cannot be created.
ERROR - 2016-08-18 06:54:37 --> Could not find the language line "mynt_buy_taobao"
ERROR - 2016-08-18 06:54:37 --> Could not find the language line "mynt_buy_tmall"
ERROR - 2016-08-18 06:54:37 --> Could not find the language line "mynt_buy_youzan"
ERROR - 2016-08-18 06:54:37 --> Could not find the language line "mynt_buy_jd"
ERROR - 2016-08-18 08:48:54 --> Could not find the language line "mynt_buy_taobao"
ERROR - 2016-08-18 08:48:54 --> Could not find the language line "mynt_buy_tmall"
ERROR - 2016-08-18 08:48:54 --> Could not find the language line "mynt_buy_youzan"
ERROR - 2016-08-18 08:48:54 --> Could not find the language line "mynt_buy_jd"
ERROR - 2016-08-18 08:48:54 --> Session: File 'ci_sessions/ci_session83fb4f2f006c469c7b4668f0a545b6af917da4dc' doesn't exist and cannot be created.
ERROR - 2016-08-18 08:48:54 --> Could not find the language line "mynt_buy_taobao"
ERROR - 2016-08-18 08:48:54 --> Could not find the language line "mynt_buy_tmall"
ERROR - 2016-08-18 08:48:54 --> Could not find the language line "mynt_buy_youzan"
ERROR - 2016-08-18 08:48:54 --> Could not find the language line "mynt_buy_jd"
ERROR - 2016-08-18 09:29:21 --> Could not find the language line "mynt_buy_taobao"
ERROR - 2016-08-18 09:29:21 --> Could not find the language line "mynt_buy_tmall"
ERROR - 2016-08-18 09:29:21 --> Could not find the language line "mynt_buy_youzan"
ERROR - 2016-08-18 09:29:21 --> Could not find the language line "mynt_buy_jd"
ERROR - 2016-08-18 09:29:22 --> Could not find the language line "mynt_buy_taobao"
ERROR - 2016-08-18 09:29:22 --> Could not find the language line "mynt_buy_tmall"
ERROR - 2016-08-18 09:29:22 --> Could not find the language line "mynt_buy_youzan"
ERROR - 2016-08-18 09:29:22 --> Could not find the language line "mynt_buy_jd"
ERROR - 2016-08-18 09:54:15 --> Could not find the language line "mynt_buy_taobao"
ERROR - 2016-08-18 09:54:15 --> Could not find the language line "mynt_buy_tmall"
ERROR - 2016-08-18 09:54:15 --> Could not find the language line "mynt_buy_youzan"
ERROR - 2016-08-18 09:54:15 --> Could not find the language line "mynt_buy_jd"
ERROR - 2016-08-18 09:54:15 --> Session: File 'ci_sessions/ci_session44d4f5f8b4bddce2040c666ea851a453d335d19d' doesn't exist and cannot be created.
ERROR - 2016-08-18 09:54:15 --> Could not find the language line "mynt_buy_taobao"
ERROR - 2016-08-18 09:54:15 --> Could not find the language line "mynt_buy_tmall"
ERROR - 2016-08-18 09:54:15 --> Could not find the language line "mynt_buy_youzan"
ERROR - 2016-08-18 09:54:15 --> Could not find the language line "mynt_buy_jd"
ERROR - 2016-08-18 10:05:07 --> Could not find the language line "mynt_buy_taobao"
ERROR - 2016-08-18 10:05:07 --> Could not find the language line "mynt_buy_tmall"
ERROR - 2016-08-18 10:05:07 --> Could not find the language line "mynt_buy_youzan"
ERROR - 2016-08-18 10:05:07 --> Could not find the language line "mynt_buy_jd"
ERROR - 2016-08-18 10:05:07 --> Session: File 'ci_sessions/ci_sessiona2d39363b344f47ea43f232602007fbd261f6960' doesn't exist and cannot be created.
ERROR - 2016-08-18 10:07:51 --> Could not find the language line "mynt_buy_taobao"
ERROR - 2016-08-18 10:07:51 --> Could not find the language line "mynt_buy_tmall"
ERROR - 2016-08-18 10:07:51 --> Could not find the language line "mynt_buy_youzan"
ERROR - 2016-08-18 10:07:51 --> Could not find the language line "mynt_buy_jd"
ERROR - 2016-08-18 10:07:51 --> Could not find the language line "mynt_buy_taobao"
ERROR - 2016-08-18 10:07:51 --> Could not find the language line "mynt_buy_tmall"
ERROR - 2016-08-18 10:07:51 --> Could not find the language line "mynt_buy_youzan"
ERROR - 2016-08-18 10:07:51 --> Could not find the language line "mynt_buy_jd"
ERROR - 2016-08-18 10:51:23 --> Could not find the language line "mynt_buy_taobao"
ERROR - 2016-08-18 10:51:23 --> Could not find the language line "mynt_buy_tmall"
ERROR - 2016-08-18 10:51:23 --> Could not find the language line "mynt_buy_youzan"
ERROR - 2016-08-18 10:51:23 --> Could not find the language line "mynt_buy_jd"
ERROR - 2016-08-18 10:51:23 --> Session: File 'ci_sessions/ci_sessionb7f036f5aa1b9d7aa826fe2e4fd9d2915eb84114' doesn't exist and cannot be created.
ERROR - 2016-08-18 10:51:23 --> Could not find the language line "mynt_buy_taobao"
ERROR - 2016-08-18 10:51:23 --> Could not find the language line "mynt_buy_tmall"
ERROR - 2016-08-18 10:51:23 --> Could not find the language line "mynt_buy_youzan"
ERROR - 2016-08-18 10:51:23 --> Could not find the language line "mynt_buy_jd"
ERROR - 2016-08-18 10:59:13 --> Could not find the language line "mynt_buy_taobao"
ERROR - 2016-08-18 10:59:13 --> Could not find the language line "mynt_buy_tmall"
ERROR - 2016-08-18 10:59:13 --> Could not find the language line "mynt_buy_youzan"
ERROR - 2016-08-18 10:59:13 --> Could not find the language line "mynt_buy_jd"
ERROR - 2016-08-18 10:59:13 --> Session: File 'ci_sessions/ci_session656c308067c302c5639f5c726c4e7b4baa5abd46' doesn't exist and cannot be created.
ERROR - 2016-08-18 10:59:14 --> Could not find the language line "mynt_buy_taobao"
ERROR - 2016-08-18 10:59:14 --> Could not find the language line "mynt_buy_tmall"
ERROR - 2016-08-18 10:59:14 --> Could not find the language line "mynt_buy_youzan"
ERROR - 2016-08-18 10:59:14 --> Could not find the language line "mynt_buy_jd"
ERROR - 2016-08-18 11:01:48 --> Could not find the language line "mynt_buy_taobao"
ERROR - 2016-08-18 11:01:48 --> Could not find the language line "mynt_buy_tmall"
ERROR - 2016-08-18 11:01:48 --> Could not find the language line "mynt_buy_youzan"
ERROR - 2016-08-18 11:01:48 --> Could not find the language line "mynt_buy_jd"
ERROR - 2016-08-18 11:01:49 --> Could not find the language line "mynt_buy_taobao"
ERROR - 2016-08-18 11:01:49 --> Could not find the language line "mynt_buy_tmall"
ERROR - 2016-08-18 11:01:49 --> Could not find the language line "mynt_buy_youzan"
ERROR - 2016-08-18 11:01:49 --> Could not find the language line "mynt_buy_jd"
ERROR - 2016-08-18 11:07:00 --> Could not find the language line "mynt_buy_taobao"
ERROR - 2016-08-18 11:07:00 --> Could not find the language line "mynt_buy_tmall"
ERROR - 2016-08-18 11:07:00 --> Could not find the language line "mynt_buy_youzan"
ERROR - 2016-08-18 11:07:00 --> Could not find the language line "mynt_buy_jd"
ERROR - 2016-08-18 11:07:00 --> Session: File 'ci_sessions/ci_session54264e107a557743b2648a00d36bc0c3b70bfcca' doesn't exist and cannot be created.
ERROR - 2016-08-18 11:07:02 --> Could not find the language line "mynt_buy_taobao"
ERROR - 2016-08-18 11:07:02 --> Could not find the language line "mynt_buy_tmall"
ERROR - 2016-08-18 11:07:02 --> Could not find the language line "mynt_buy_youzan"
ERROR - 2016-08-18 11:07:02 --> Could not find the language line "mynt_buy_jd"
ERROR - 2016-08-18 11:50:36 --> Could not find the language line "mynt_buy_taobao"
ERROR - 2016-08-18 11:50:36 --> Could not find the language line "mynt_buy_tmall"
ERROR - 2016-08-18 11:50:36 --> Could not find the language line "mynt_buy_youzan"
ERROR - 2016-08-18 11:50:36 --> Could not find the language line "mynt_buy_jd"
ERROR - 2016-08-18 11:50:36 --> Session: File 'ci_sessions/ci_session6ede29f539eb36097d04f0d37097ee9285c4c50c' doesn't exist and cannot be created.
ERROR - 2016-08-18 11:50:38 --> Could not find the language line "mynt_buy_taobao"
ERROR - 2016-08-18 11:50:38 --> Could not find the language line "mynt_buy_tmall"
ERROR - 2016-08-18 11:50:38 --> Could not find the language line "mynt_buy_youzan"
ERROR - 2016-08-18 11:50:38 --> Could not find the language line "mynt_buy_jd"
ERROR - 2016-08-18 12:00:46 --> Could not find the language line "mynt_buy_taobao"
ERROR - 2016-08-18 12:00:46 --> Could not find the language line "mynt_buy_tmall"
ERROR - 2016-08-18 12:00:46 --> Could not find the language line "mynt_buy_youzan"
ERROR - 2016-08-18 12:00:46 --> Could not find the language line "mynt_buy_jd"
ERROR - 2016-08-18 12:00:46 --> Session: File 'ci_sessions/ci_session0b7ad02e6285cf9b076a5ef69937e0d0a42bd217' doesn't exist and cannot be created.
ERROR - 2016-08-18 12:00:46 --> Could not find the language line "mynt_buy_taobao"
ERROR - 2016-08-18 12:00:46 --> Could not find the language line "mynt_buy_tmall"
ERROR - 2016-08-18 12:00:46 --> Could not find the language line "mynt_buy_youzan"
ERROR - 2016-08-18 12:00:46 --> Could not find the language line "mynt_buy_jd"
