ERROR - 2017-11-28 06:40:50 --> Could not find the language line "mynt_buy_amazon"
ERROR - 2017-11-28 06:40:50 --> Could not find the language line "home_slife_title"
ERROR - 2017-11-28 06:40:50 --> Could not find the language line "mynt_icon_buy"
ERROR - 2017-11-28 06:40:50 --> Could not find the language line "mynt_buy_amazon"
ERROR - 2017-11-28 06:40:57 --> Could not find the language line "mynt_buy_amazon"
ERROR - 2017-11-28 06:40:57 --> Could not find the language line "about_keywords"
ERROR - 2017-11-28 06:40:57 --> Could not find the language line "about_company"
ERROR - 2017-11-28 06:40:57 --> Could not find the language line "mynt_buy_amazon"
ERROR - 2017-11-28 07:24:57 --> Could not find the language line "mynt_buy_amazon"
ERROR - 2017-11-28 07:24:57 --> Could not find the language line "about_keywords"
ERROR - 2017-11-28 07:24:57 --> Could not find the language line "about_company"
ERROR - 2017-11-28 07:24:57 --> Could not find the language line "mynt_buy_amazon"
ERROR - 2017-11-28 07:25:04 --> Could not find the language line "mynt_buy_amazon"
ERROR - 2017-11-28 07:25:04 --> Could not find the language line "about_keywords"
ERROR - 2017-11-28 07:25:04 --> Could not find the language line "about_company"
ERROR - 2017-11-28 07:25:04 --> Could not find the language line "mynt_buy_amazon"
ERROR - 2017-11-28 07:25:25 --> Could not find the language line "mynt_buy_amazon"
ERROR - 2017-11-28 07:25:25 --> Could not find the language line "about_keywords"
ERROR - 2017-11-28 07:25:25 --> Could not find the language line "about_company"
ERROR - 2017-11-28 07:25:25 --> Could not find the language line "mynt_buy_amazon"
ERROR - 2017-11-28 07:27:14 --> Could not find the language line "mynt_buy_amazon"
ERROR - 2017-11-28 07:27:14 --> Could not find the language line "about_keywords"
ERROR - 2017-11-28 07:27:14 --> Could not find the language line "about_company"
ERROR - 2017-11-28 07:27:14 --> Could not find the language line "mynt_buy_amazon"
ERROR - 2017-11-28 07:27:49 --> Could not find the language line "mynt_buy_amazon"
ERROR - 2017-11-28 07:27:49 --> Could not find the language line "about_keywords"
ERROR - 2017-11-28 07:27:49 --> Could not find the language line "about_company"
ERROR - 2017-11-28 07:27:50 --> Could not find the language line "mynt_buy_amazon"
ERROR - 2017-11-28 07:30:27 --> Could not find the language line "mynt_buy_amazon"
ERROR - 2017-11-28 07:30:27 --> Could not find the language line "about_keywords"
ERROR - 2017-11-28 07:30:27 --> Could not find the language line "about_company"
ERROR - 2017-11-28 07:30:27 --> Could not find the language line "mynt_buy_amazon"
ERROR - 2017-11-28 07:30:38 --> Could not find the language line "mynt_buy_amazon"
ERROR - 2017-11-28 07:30:38 --> Could not find the language line "about_keywords"
ERROR - 2017-11-28 07:30:38 --> Could not find the language line "about_company"
ERROR - 2017-11-28 07:30:38 --> Could not find the language line "mynt_buy_amazon"
ERROR - 2017-11-28 07:30:58 --> Could not find the language line "mynt_buy_amazon"
ERROR - 2017-11-28 07:30:58 --> Could not find the language line "about_keywords"
ERROR - 2017-11-28 07:30:58 --> Could not find the language line "about_company"
ERROR - 2017-11-28 07:30:58 --> Could not find the language line "mynt_buy_amazon"
ERROR - 2017-11-28 07:32:27 --> Could not find the language line "mynt_buy_amazon"
ERROR - 2017-11-28 07:32:27 --> Could not find the language line "about_keywords"
ERROR - 2017-11-28 07:32:27 --> Could not find the language line "about_company"
ERROR - 2017-11-28 07:32:27 --> Could not find the language line "mynt_buy_amazon"
ERROR - 2017-11-28 07:32:34 --> Could not find the language line "mynt_buy_amazon"
ERROR - 2017-11-28 07:32:34 --> Could not find the language line "about_keywords"
ERROR - 2017-11-28 07:32:34 --> Could not find the language line "about_company"
ERROR - 2017-11-28 07:32:34 --> Could not find the language line "mynt_buy_amazon"
ERROR - 2017-11-28 07:33:13 --> Could not find the language line "mynt_buy_amazon"
ERROR - 2017-11-28 07:33:13 --> Could not find the language line "about_keywords"
ERROR - 2017-11-28 07:33:13 --> Could not find the language line "about_company"
ERROR - 2017-11-28 07:33:14 --> Could not find the language line "mynt_buy_amazon"
ERROR - 2017-11-28 07:33:44 --> Could not find the language line "mynt_buy_amazon"
ERROR - 2017-11-28 07:33:44 --> Could not find the language line "about_keywords"
ERROR - 2017-11-28 07:33:44 --> Could not find the language line "about_company"
ERROR - 2017-11-28 07:33:44 --> Could not find the language line "mynt_buy_amazon"
ERROR - 2017-11-28 07:34:25 --> Could not find the language line "mynt_buy_amazon"
ERROR - 2017-11-28 07:34:25 --> Could not find the language line "about_keywords"
ERROR - 2017-11-28 07:34:25 --> Could not find the language line "about_company"
ERROR - 2017-11-28 07:34:25 --> Could not find the language line "mynt_buy_amazon"
ERROR - 2017-11-28 07:34:42 --> Could not find the language line "mynt_buy_amazon"
ERROR - 2017-11-28 07:34:42 --> Could not find the language line "about_keywords"
ERROR - 2017-11-28 07:34:42 --> Could not find the language line "about_company"
ERROR - 2017-11-28 07:34:42 --> Could not find the language line "mynt_buy_amazon"
ERROR - 2017-11-28 07:36:29 --> Could not find the language line "mynt_buy_amazon"
ERROR - 2017-11-28 07:36:29 --> Could not find the language line "about_keywords"
ERROR - 2017-11-28 07:36:29 --> Could not find the language line "about_company"
ERROR - 2017-11-28 07:36:29 --> Could not find the language line "mynt_buy_amazon"
ERROR - 2017-11-28 07:36:38 --> Could not find the language line "mynt_buy_amazon"
ERROR - 2017-11-28 07:36:38 --> Could not find the language line "about_keywords"
ERROR - 2017-11-28 07:36:38 --> Could not find the language line "about_company"
ERROR - 2017-11-28 07:36:38 --> Could not find the language line "mynt_buy_amazon"
ERROR - 2017-11-28 07:38:25 --> Could not find the language line "mynt_buy_amazon"
ERROR - 2017-11-28 07:38:25 --> Could not find the language line "about_keywords"
ERROR - 2017-11-28 07:38:25 --> Could not find the language line "about_company"
ERROR - 2017-11-28 07:38:26 --> Could not find the language line "mynt_buy_amazon"
ERROR - 2017-11-28 07:42:08 --> Could not find the language line "mynt_buy_amazon"
ERROR - 2017-11-28 07:42:08 --> Could not find the language line "about_keywords"
ERROR - 2017-11-28 07:42:08 --> Could not find the language line "about_company"
ERROR - 2017-11-28 07:42:09 --> Could not find the language line "mynt_buy_amazon"
ERROR - 2017-11-28 07:43:05 --> Could not find the language line "mynt_buy_amazon"
ERROR - 2017-11-28 07:43:05 --> Could not find the language line "about_keywords"
ERROR - 2017-11-28 07:43:05 --> Could not find the language line "about_company"
ERROR - 2017-11-28 07:43:05 --> Could not find the language line "mynt_buy_amazon"
ERROR - 2017-11-28 07:43:06 --> Could not find the language line "mynt_buy_amazon"
ERROR - 2017-11-28 07:43:06 --> Could not find the language line "about_keywords"
ERROR - 2017-11-28 07:43:06 --> Could not find the language line "about_company"
ERROR - 2017-11-28 07:43:07 --> Could not find the language line "mynt_buy_amazon"
ERROR - 2017-11-28 07:46:46 --> Could not find the language line "mynt_buy_amazon"
ERROR - 2017-11-28 07:46:46 --> Could not find the language line "about_keywords"
ERROR - 2017-11-28 07:46:46 --> Could not find the language line "about_company"
ERROR - 2017-11-28 07:46:46 --> Could not find the language line "mynt_buy_amazon"
ERROR - 2017-11-28 07:47:25 --> Could not find the language line "mynt_buy_amazon"
ERROR - 2017-11-28 07:47:25 --> Could not find the language line "about_keywords"
ERROR - 2017-11-28 07:47:25 --> Could not find the language line "about_company"
ERROR - 2017-11-28 07:47:26 --> Could not find the language line "mynt_buy_amazon"
ERROR - 2017-11-28 07:47:35 --> Could not find the language line "mynt_buy_amazon"
ERROR - 2017-11-28 07:47:35 --> Could not find the language line "about_keywords"
ERROR - 2017-11-28 07:47:35 --> Could not find the language line "about_company"
ERROR - 2017-11-28 07:47:36 --> Could not find the language line "mynt_buy_amazon"
ERROR - 2017-11-28 07:48:11 --> Could not find the language line "mynt_buy_amazon"
ERROR - 2017-11-28 07:48:11 --> Could not find the language line "about_keywords"
ERROR - 2017-11-28 07:48:11 --> Could not find the language line "about_company"
ERROR - 2017-11-28 07:48:11 --> Could not find the language line "mynt_buy_amazon"
ERROR - 2017-11-28 07:48:20 --> Could not find the language line "mynt_buy_amazon"
ERROR - 2017-11-28 07:48:20 --> Could not find the language line "about_keywords"
ERROR - 2017-11-28 07:48:20 --> Could not find the language line "about_company"
ERROR - 2017-11-28 07:48:20 --> Could not find the language line "mynt_buy_amazon"
ERROR - 2017-11-28 07:49:51 --> Could not find the language line "mynt_buy_amazon"
ERROR - 2017-11-28 07:49:51 --> Could not find the language line "about_keywords"
ERROR - 2017-11-28 07:49:51 --> Could not find the language line "about_company"
ERROR - 2017-11-28 07:49:52 --> Could not find the language line "mynt_buy_amazon"
ERROR - 2017-11-28 07:50:52 --> Could not find the language line "mynt_buy_amazon"
ERROR - 2017-11-28 07:51:36 --> Could not find the language line "mynt_buy_amazon"
ERROR - 2017-11-28 07:51:36 --> Could not find the language line "about_keywords"
ERROR - 2017-11-28 07:51:36 --> Could not find the language line "about_company"
ERROR - 2017-11-28 07:51:36 --> Could not find the language line "mynt_buy_amazon"
ERROR - 2017-11-28 07:51:54 --> Could not find the language line "mynt_buy_amazon"
ERROR - 2017-11-28 07:51:54 --> Could not find the language line "about_keywords"
ERROR - 2017-11-28 07:51:54 --> Could not find the language line "about_company"
ERROR - 2017-11-28 07:51:54 --> Could not find the language line "mynt_buy_amazon"
ERROR - 2017-11-28 07:53:44 --> Could not find the language line "mynt_buy_amazon"
ERROR - 2017-11-28 07:53:44 --> Could not find the language line "about_keywords"
ERROR - 2017-11-28 07:53:44 --> Could not find the language line "about_company"
ERROR - 2017-11-28 07:53:44 --> Could not find the language line "mynt_buy_amazon"
ERROR - 2017-11-28 07:53:56 --> Could not find the language line "mynt_buy_amazon"
ERROR - 2017-11-28 07:53:56 --> Could not find the language line "about_keywords"
ERROR - 2017-11-28 07:53:56 --> Could not find the language line "about_company"
ERROR - 2017-11-28 07:53:57 --> Could not find the language line "mynt_buy_amazon"
ERROR - 2017-11-28 07:54:45 --> Could not find the language line "mynt_buy_amazon"
ERROR - 2017-11-28 07:54:45 --> Could not find the language line "about_keywords"
ERROR - 2017-11-28 07:54:45 --> Could not find the language line "about_company"
ERROR - 2017-11-28 07:54:45 --> Could not find the language line "mynt_buy_amazon"
ERROR - 2017-11-28 07:54:52 --> Could not find the language line "mynt_buy_amazon"
ERROR - 2017-11-28 07:54:52 --> Could not find the language line "about_keywords"
ERROR - 2017-11-28 07:54:52 --> Could not find the language line "about_company"
ERROR - 2017-11-28 07:54:52 --> Could not find the language line "mynt_buy_amazon"
ERROR - 2017-11-28 07:56:55 --> Could not find the language line "mynt_buy_amazon"
ERROR - 2017-11-28 07:56:55 --> Could not find the language line "about_keywords"
ERROR - 2017-11-28 07:56:55 --> Could not find the language line "about_company"
ERROR - 2017-11-28 07:56:55 --> Could not find the language line "mynt_buy_amazon"
ERROR - 2017-11-28 08:00:05 --> Could not find the language line "mynt_buy_amazon"
ERROR - 2017-11-28 08:00:05 --> Could not find the language line "about_keywords"
ERROR - 2017-11-28 08:00:05 --> Could not find the language line "about_company"
ERROR - 2017-11-28 08:00:05 --> Could not find the language line "mynt_buy_amazon"
ERROR - 2017-11-28 08:00:57 --> Could not find the language line "mynt_buy_amazon"
ERROR - 2017-11-28 08:00:57 --> Could not find the language line "about_keywords"
ERROR - 2017-11-28 08:00:57 --> Could not find the language line "about_company"
ERROR - 2017-11-28 08:00:57 --> Could not find the language line "mynt_buy_amazon"
ERROR - 2017-11-28 08:50:32 --> Could not find the language line "mynt_buy_amazon"
ERROR - 2017-11-28 08:50:32 --> Could not find the language line "about_keywords"
ERROR - 2017-11-28 08:50:32 --> Could not find the language line "about_company"
ERROR - 2017-11-28 08:50:33 --> Could not find the language line "mynt_buy_amazon"
ERROR - 2017-11-28 08:50:53 --> Could not find the language line "mynt_buy_amazon"
ERROR - 2017-11-28 08:50:53 --> Could not find the language line "about_keywords"
ERROR - 2017-11-28 08:50:53 --> Could not find the language line "about_company"
ERROR - 2017-11-28 08:50:53 --> Could not find the language line "mynt_buy_amazon"
ERROR - 2017-11-28 08:51:44 --> Could not find the language line "mynt_buy_amazon"
ERROR - 2017-11-28 08:51:44 --> Could not find the language line "about_keywords"
ERROR - 2017-11-28 08:51:44 --> Could not find the language line "about_company"
ERROR - 2017-11-28 08:51:44 --> Could not find the language line "mynt_buy_amazon"
ERROR - 2017-11-28 09:07:05 --> Could not find the language line "mynt_buy_amazon"
ERROR - 2017-11-28 09:07:05 --> Could not find the language line "about_keywords"
ERROR - 2017-11-28 09:07:05 --> Could not find the language line "about_company"
ERROR - 2017-11-28 09:07:05 --> Could not find the language line "mynt_buy_amazon"
ERROR - 2017-11-28 09:17:13 --> Could not find the language line "mynt_buy_amazon"
ERROR - 2017-11-28 09:20:17 --> Could not find the language line "mynt_buy_amazon"
ERROR - 2017-11-28 09:20:17 --> Could not find the language line "about_keywords"
ERROR - 2017-11-28 09:20:17 --> Could not find the language line "about_company"
ERROR - 2017-11-28 09:20:18 --> Could not find the language line "mynt_buy_amazon"
ERROR - 2017-11-28 09:22:55 --> Could not find the language line "mynt_buy_amazon"
ERROR - 2017-11-28 09:22:55 --> Could not find the language line "about_keywords"
ERROR - 2017-11-28 09:22:55 --> Could not find the language line "about_company"
ERROR - 2017-11-28 09:22:55 --> Could not find the language line "mynt_buy_amazon"
ERROR - 2017-11-28 09:23:04 --> Could not find the language line "mynt_buy_amazon"
ERROR - 2017-11-28 09:23:04 --> Could not find the language line "about_keywords"
ERROR - 2017-11-28 09:23:04 --> Could not find the language line "about_company"
ERROR - 2017-11-28 09:23:04 --> Could not find the language line "mynt_buy_amazon"
ERROR - 2017-11-28 09:25:09 --> Could not find the language line "mynt_buy_amazon"
ERROR - 2017-11-28 09:25:09 --> Could not find the language line "about_keywords"
ERROR - 2017-11-28 09:25:09 --> Could not find the language line "about_company"
ERROR - 2017-11-28 09:25:09 --> Could not find the language line "mynt_buy_amazon"
ERROR - 2017-11-28 09:25:24 --> Could not find the language line "mynt_buy_amazon"
ERROR - 2017-11-28 09:25:24 --> Could not find the language line "about_keywords"
ERROR - 2017-11-28 09:25:24 --> Could not find the language line "about_company"
ERROR - 2017-11-28 09:25:24 --> Could not find the language line "mynt_buy_amazon"
ERROR - 2017-11-28 09:25:44 --> Could not find the language line "mynt_buy_amazon"
ERROR - 2017-11-28 09:25:44 --> Could not find the language line "about_keywords"
ERROR - 2017-11-28 09:25:44 --> Could not find the language line "about_company"
ERROR - 2017-11-28 09:25:44 --> Could not find the language line "mynt_buy_amazon"
ERROR - 2017-11-28 09:26:30 --> Could not find the language line "mynt_buy_amazon"
ERROR - 2017-11-28 09:26:30 --> Could not find the language line "about_keywords"
ERROR - 2017-11-28 09:26:30 --> Could not find the language line "about_company"
ERROR - 2017-11-28 09:26:30 --> Could not find the language line "mynt_buy_amazon"
ERROR - 2017-11-28 09:26:48 --> Could not find the language line "mynt_buy_amazon"
ERROR - 2017-11-28 09:26:48 --> Could not find the language line "about_keywords"
ERROR - 2017-11-28 09:26:48 --> Could not find the language line "about_company"
ERROR - 2017-11-28 09:26:48 --> Could not find the language line "mynt_buy_amazon"
ERROR - 2017-11-28 09:27:14 --> Could not find the language line "mynt_buy_amazon"
ERROR - 2017-11-28 09:27:14 --> Could not find the language line "about_keywords"
ERROR - 2017-11-28 09:27:14 --> Could not find the language line "about_company"
ERROR - 2017-11-28 09:27:15 --> Could not find the language line "mynt_buy_amazon"
ERROR - 2017-11-28 09:29:51 --> Could not find the language line "mynt_buy_amazon"
ERROR - 2017-11-28 09:29:51 --> Could not find the language line "about_keywords"
ERROR - 2017-11-28 09:29:51 --> Could not find the language line "about_company"
ERROR - 2017-11-28 09:29:51 --> Could not find the language line "mynt_buy_amazon"
ERROR - 2017-11-28 09:29:52 --> Could not find the language line "mynt_buy_amazon"
ERROR - 2017-11-28 09:29:52 --> Could not find the language line "about_keywords"
ERROR - 2017-11-28 09:29:52 --> Could not find the language line "about_company"
ERROR - 2017-11-28 09:29:52 --> Could not find the language line "mynt_buy_amazon"
ERROR - 2017-11-28 09:31:24 --> Could not find the language line "mynt_buy_amazon"
ERROR - 2017-11-28 09:31:24 --> Could not find the language line "about_keywords"
ERROR - 2017-11-28 09:31:24 --> Could not find the language line "about_company"
ERROR - 2017-11-28 09:31:24 --> Could not find the language line "mynt_buy_amazon"
ERROR - 2017-11-28 09:32:32 --> Could not find the language line "mynt_buy_amazon"
ERROR - 2017-11-28 09:32:32 --> Could not find the language line "about_keywords"
ERROR - 2017-11-28 09:32:32 --> Could not find the language line "about_company"
ERROR - 2017-11-28 09:32:33 --> Could not find the language line "mynt_buy_amazon"
ERROR - 2017-11-28 09:33:30 --> Could not find the language line "mynt_buy_amazon"
ERROR - 2017-11-28 09:33:30 --> Could not find the language line "about_keywords"
ERROR - 2017-11-28 09:33:30 --> Could not find the language line "about_company"
ERROR - 2017-11-28 09:33:30 --> Could not find the language line "mynt_buy_amazon"
ERROR - 2017-11-28 09:40:05 --> Could not find the language line "mynt_buy_amazon"
ERROR - 2017-11-28 09:40:05 --> Could not find the language line "about_keywords"
ERROR - 2017-11-28 09:40:05 --> Could not find the language line "about_company"
ERROR - 2017-11-28 09:40:06 --> Could not find the language line "mynt_buy_amazon"
ERROR - 2017-11-28 09:40:10 --> Could not find the language line "mynt_buy_amazon"
ERROR - 2017-11-28 09:40:10 --> Could not find the language line "about_keywords"
ERROR - 2017-11-28 09:40:10 --> Could not find the language line "about_company"
ERROR - 2017-11-28 09:40:17 --> Could not find the language line "mynt_buy_amazon"
ERROR - 2017-11-28 09:40:17 --> Could not find the language line "about_keywords"
ERROR - 2017-11-28 09:40:17 --> Could not find the language line "about_company"
ERROR - 2017-11-28 09:40:17 --> Could not find the language line "mynt_buy_amazon"
ERROR - 2017-11-28 09:40:21 --> Could not find the language line "mynt_buy_amazon"
ERROR - 2017-11-28 09:40:22 --> Could not find the language line "mynt_buy_amazon"
ERROR - 2017-11-28 09:40:27 --> Could not find the language line "mynt_buy_amazon"
ERROR - 2017-11-28 09:40:28 --> Could not find the language line "mynt_buy_amazon"
ERROR - 2017-11-28 09:40:28 --> Could not find the language line "mynt_buy_amazon"
