ERROR - 2017-05-19 01:53:52 --> Could not find the language line "mynt_buy_taobao"
ERROR - 2017-05-19 01:53:52 --> Could not find the language line "mynt_buy_tmall"
ERROR - 2017-05-19 01:53:52 --> Could not find the language line "mynt_buy_youzan"
ERROR - 2017-05-19 01:53:52 --> Could not find the language line "mynt_buy_jd"
ERROR - 2017-05-19 01:53:55 --> Could not find the language line "mynt_buy_taobao"
ERROR - 2017-05-19 01:53:55 --> Could not find the language line "mynt_buy_tmall"
ERROR - 2017-05-19 01:53:55 --> Could not find the language line "mynt_buy_youzan"
ERROR - 2017-05-19 01:53:55 --> Could not find the language line "mynt_buy_jd"
ERROR - 2017-05-19 01:53:56 --> Could not find the language line "mynt_buy_taobao"
ERROR - 2017-05-19 01:53:56 --> Could not find the language line "mynt_buy_tmall"
ERROR - 2017-05-19 01:53:56 --> Could not find the language line "mynt_buy_youzan"
ERROR - 2017-05-19 01:53:56 --> Could not find the language line "mynt_buy_jd"
ERROR - 2017-05-19 01:58:15 --> Could not find the language line "mynt_buy_taobao"
ERROR - 2017-05-19 01:58:15 --> Could not find the language line "mynt_buy_tmall"
ERROR - 2017-05-19 01:58:15 --> Could not find the language line "mynt_buy_youzan"
ERROR - 2017-05-19 01:58:15 --> Could not find the language line "mynt_buy_jd"
ERROR - 2017-05-19 01:58:15 --> Could not find the language line "mynt_buy_taobao"
ERROR - 2017-05-19 01:58:15 --> Could not find the language line "mynt_buy_tmall"
ERROR - 2017-05-19 01:58:15 --> Could not find the language line "mynt_buy_youzan"
ERROR - 2017-05-19 01:58:15 --> Could not find the language line "mynt_buy_jd"
ERROR - 2017-05-19 03:53:59 --> Could not find the language line "mynt_buy_taobao"
ERROR - 2017-05-19 03:53:59 --> Could not find the language line "mynt_buy_tmall"
ERROR - 2017-05-19 03:53:59 --> Could not find the language line "mynt_buy_youzan"
ERROR - 2017-05-19 03:53:59 --> Could not find the language line "mynt_buy_jd"
ERROR - 2017-05-19 03:53:59 --> Could not find the language line "mynt_buy_taobao"
ERROR - 2017-05-19 03:53:59 --> Could not find the language line "mynt_buy_tmall"
ERROR - 2017-05-19 03:53:59 --> Could not find the language line "mynt_buy_youzan"
ERROR - 2017-05-19 03:53:59 --> Could not find the language line "mynt_buy_jd"
ERROR - 2017-05-19 03:56:49 --> Could not find the language line "mynt_buy_taobao"
ERROR - 2017-05-19 03:56:49 --> Could not find the language line "mynt_buy_tmall"
ERROR - 2017-05-19 03:56:49 --> Could not find the language line "mynt_buy_youzan"
ERROR - 2017-05-19 03:56:49 --> Could not find the language line "mynt_buy_jd"
ERROR - 2017-05-19 03:57:45 --> Could not find the language line "mynt_buy_taobao"
ERROR - 2017-05-19 03:57:45 --> Could not find the language line "mynt_buy_tmall"
ERROR - 2017-05-19 03:57:45 --> Could not find the language line "mynt_buy_youzan"
ERROR - 2017-05-19 03:57:45 --> Could not find the language line "mynt_buy_jd"
ERROR - 2017-05-19 03:57:45 --> Could not find the language line "mynt_buy_taobao"
ERROR - 2017-05-19 03:57:45 --> Could not find the language line "mynt_buy_tmall"
ERROR - 2017-05-19 03:57:45 --> Could not find the language line "mynt_buy_youzan"
ERROR - 2017-05-19 03:57:45 --> Could not find the language line "mynt_buy_jd"
ERROR - 2017-05-19 03:58:52 --> Could not find the language line "mynt_buy_taobao"
ERROR - 2017-05-19 03:58:52 --> Could not find the language line "mynt_buy_tmall"
ERROR - 2017-05-19 03:58:52 --> Could not find the language line "mynt_buy_youzan"
ERROR - 2017-05-19 03:58:52 --> Could not find the language line "mynt_buy_jd"
ERROR - 2017-05-19 03:58:52 --> Could not find the language line "home_cloud_title"
ERROR - 2017-05-19 03:58:52 --> Could not find the language line "home_cloud_intro"
ERROR - 2017-05-19 03:58:52 --> Could not find the language line "mynt_icon_taobao"
ERROR - 2017-05-19 03:58:52 --> Could not find the language line "mynt_icon_tmall"
ERROR - 2017-05-19 03:58:52 --> Could not find the language line "mynt_icon_youzan"
ERROR - 2017-05-19 03:58:52 --> Could not find the language line "mynt_buy_taobao"
ERROR - 2017-05-19 03:58:52 --> Could not find the language line "mynt_buy_tmall"
ERROR - 2017-05-19 03:58:52 --> Could not find the language line "mynt_buy_youzan"
ERROR - 2017-05-19 03:58:52 --> Could not find the language line "mynt_buy_jd"
ERROR - 2017-05-19 04:00:24 --> Could not find the language line "mynt_buy_taobao"
ERROR - 2017-05-19 04:00:24 --> Could not find the language line "mynt_buy_tmall"
ERROR - 2017-05-19 04:00:24 --> Could not find the language line "mynt_buy_youzan"
ERROR - 2017-05-19 04:00:24 --> Could not find the language line "mynt_buy_jd"
ERROR - 2017-05-19 04:00:24 --> Could not find the language line "mynt_buy_taobao"
ERROR - 2017-05-19 04:00:24 --> Could not find the language line "mynt_buy_tmall"
ERROR - 2017-05-19 04:00:24 --> Could not find the language line "mynt_buy_youzan"
ERROR - 2017-05-19 04:00:24 --> Could not find the language line "mynt_buy_jd"
ERROR - 2017-05-19 04:00:27 --> Could not find the language line "mynt_buy_taobao"
ERROR - 2017-05-19 04:00:27 --> Could not find the language line "mynt_buy_tmall"
ERROR - 2017-05-19 04:00:27 --> Could not find the language line "mynt_buy_youzan"
ERROR - 2017-05-19 04:00:27 --> Could not find the language line "mynt_buy_jd"
ERROR - 2017-05-19 04:00:27 --> Could not find the language line "mynt_buy_taobao"
ERROR - 2017-05-19 04:00:27 --> Could not find the language line "mynt_buy_tmall"
ERROR - 2017-05-19 04:00:27 --> Could not find the language line "mynt_buy_youzan"
ERROR - 2017-05-19 04:00:27 --> Could not find the language line "mynt_buy_jd"
ERROR - 2017-05-19 04:00:35 --> Could not find the language line "mynt_buy_taobao"
ERROR - 2017-05-19 04:00:35 --> Could not find the language line "mynt_buy_tmall"
ERROR - 2017-05-19 04:00:35 --> Could not find the language line "mynt_buy_youzan"
ERROR - 2017-05-19 04:00:35 --> Could not find the language line "mynt_buy_jd"
ERROR - 2017-05-19 04:00:35 --> Could not find the language line "mynt_buy_taobao"
ERROR - 2017-05-19 04:00:35 --> Could not find the language line "mynt_buy_tmall"
ERROR - 2017-05-19 04:00:35 --> Could not find the language line "mynt_buy_youzan"
ERROR - 2017-05-19 04:00:35 --> Could not find the language line "mynt_buy_jd"
ERROR - 2017-05-19 04:00:45 --> Could not find the language line "mynt_buy_taobao"
ERROR - 2017-05-19 04:00:45 --> Could not find the language line "mynt_buy_tmall"
ERROR - 2017-05-19 04:00:45 --> Could not find the language line "mynt_buy_youzan"
ERROR - 2017-05-19 04:00:45 --> Could not find the language line "mynt_buy_jd"
ERROR - 2017-05-19 04:00:45 --> Could not find the language line "mynt_buy_taobao"
ERROR - 2017-05-19 04:00:45 --> Could not find the language line "mynt_buy_tmall"
ERROR - 2017-05-19 04:00:45 --> Could not find the language line "mynt_buy_youzan"
ERROR - 2017-05-19 04:00:45 --> Could not find the language line "mynt_buy_jd"
ERROR - 2017-05-19 04:00:50 --> Could not find the language line "mynt_buy_taobao"
ERROR - 2017-05-19 04:00:50 --> Could not find the language line "mynt_buy_tmall"
ERROR - 2017-05-19 04:00:50 --> Could not find the language line "mynt_buy_youzan"
ERROR - 2017-05-19 04:00:50 --> Could not find the language line "mynt_buy_jd"
ERROR - 2017-05-19 04:00:50 --> Could not find the language line "home_cloud_title"
ERROR - 2017-05-19 04:00:50 --> Could not find the language line "home_cloud_intro"
ERROR - 2017-05-19 04:00:50 --> Could not find the language line "mynt_icon_taobao"
ERROR - 2017-05-19 04:00:50 --> Could not find the language line "mynt_icon_tmall"
ERROR - 2017-05-19 04:00:50 --> Could not find the language line "mynt_icon_youzan"
ERROR - 2017-05-19 04:00:50 --> Could not find the language line "mynt_buy_taobao"
ERROR - 2017-05-19 04:00:50 --> Could not find the language line "mynt_buy_tmall"
ERROR - 2017-05-19 04:00:50 --> Could not find the language line "mynt_buy_youzan"
ERROR - 2017-05-19 04:00:50 --> Could not find the language line "mynt_buy_jd"
ERROR - 2017-05-19 04:01:27 --> Could not find the language line "mynt_buy_taobao"
ERROR - 2017-05-19 04:01:27 --> Could not find the language line "mynt_buy_tmall"
ERROR - 2017-05-19 04:01:27 --> Could not find the language line "mynt_buy_youzan"
ERROR - 2017-05-19 04:01:27 --> Could not find the language line "mynt_buy_jd"
ERROR - 2017-05-19 04:01:54 --> Could not find the language line "mynt_buy_taobao"
ERROR - 2017-05-19 04:01:54 --> Could not find the language line "mynt_buy_tmall"
ERROR - 2017-05-19 04:01:54 --> Could not find the language line "mynt_buy_youzan"
ERROR - 2017-05-19 04:01:54 --> Could not find the language line "mynt_buy_jd"
ERROR - 2017-05-19 04:01:57 --> Could not find the language line "mynt_buy_taobao"
ERROR - 2017-05-19 04:01:57 --> Could not find the language line "mynt_buy_tmall"
ERROR - 2017-05-19 04:01:57 --> Could not find the language line "mynt_buy_youzan"
ERROR - 2017-05-19 04:01:57 --> Could not find the language line "mynt_buy_jd"
ERROR - 2017-05-19 04:01:59 --> Could not find the language line "mynt_buy_taobao"
ERROR - 2017-05-19 04:01:59 --> Could not find the language line "mynt_buy_tmall"
ERROR - 2017-05-19 04:01:59 --> Could not find the language line "mynt_buy_youzan"
ERROR - 2017-05-19 04:01:59 --> Could not find the language line "mynt_buy_jd"
ERROR - 2017-05-19 04:01:59 --> Could not find the language line "mynt_buy_taobao"
ERROR - 2017-05-19 04:01:59 --> Could not find the language line "mynt_buy_tmall"
ERROR - 2017-05-19 04:01:59 --> Could not find the language line "mynt_buy_youzan"
ERROR - 2017-05-19 04:01:59 --> Could not find the language line "mynt_buy_jd"
ERROR - 2017-05-19 04:01:59 --> Could not find the language line "mynt_buy_taobao"
ERROR - 2017-05-19 04:01:59 --> Could not find the language line "mynt_buy_tmall"
ERROR - 2017-05-19 04:01:59 --> Could not find the language line "mynt_buy_youzan"
ERROR - 2017-05-19 04:01:59 --> Could not find the language line "mynt_buy_jd"
ERROR - 2017-05-19 04:02:00 --> Could not find the language line "mynt_buy_taobao"
ERROR - 2017-05-19 04:02:00 --> Could not find the language line "mynt_buy_tmall"
ERROR - 2017-05-19 04:02:00 --> Could not find the language line "mynt_buy_youzan"
ERROR - 2017-05-19 04:02:00 --> Could not find the language line "mynt_buy_jd"
ERROR - 2017-05-19 04:02:01 --> Could not find the language line "mynt_buy_taobao"
ERROR - 2017-05-19 04:02:01 --> Could not find the language line "mynt_buy_tmall"
ERROR - 2017-05-19 04:02:01 --> Could not find the language line "mynt_buy_youzan"
ERROR - 2017-05-19 04:02:01 --> Could not find the language line "mynt_buy_jd"
ERROR - 2017-05-19 04:02:04 --> Could not find the language line "mynt_buy_taobao"
ERROR - 2017-05-19 04:02:04 --> Could not find the language line "mynt_buy_tmall"
ERROR - 2017-05-19 04:02:04 --> Could not find the language line "mynt_buy_youzan"
ERROR - 2017-05-19 04:02:04 --> Could not find the language line "mynt_buy_jd"
ERROR - 2017-05-19 04:02:08 --> Could not find the language line "mynt_buy_taobao"
ERROR - 2017-05-19 04:02:08 --> Could not find the language line "mynt_buy_tmall"
ERROR - 2017-05-19 04:02:08 --> Could not find the language line "mynt_buy_youzan"
ERROR - 2017-05-19 04:02:08 --> Could not find the language line "mynt_buy_jd"
ERROR - 2017-05-19 04:02:08 --> Could not find the language line "mynt_buy_taobao"
ERROR - 2017-05-19 04:02:08 --> Could not find the language line "mynt_buy_tmall"
ERROR - 2017-05-19 04:02:08 --> Could not find the language line "mynt_buy_youzan"
ERROR - 2017-05-19 04:02:08 --> Could not find the language line "mynt_buy_jd"
ERROR - 2017-05-19 04:02:09 --> Could not find the language line "mynt_buy_taobao"
ERROR - 2017-05-19 04:02:09 --> Could not find the language line "mynt_buy_tmall"
ERROR - 2017-05-19 04:02:09 --> Could not find the language line "mynt_buy_youzan"
ERROR - 2017-05-19 04:02:09 --> Could not find the language line "mynt_buy_jd"
ERROR - 2017-05-19 04:02:09 --> Could not find the language line "mynt_buy_taobao"
ERROR - 2017-05-19 04:02:09 --> Could not find the language line "mynt_buy_tmall"
ERROR - 2017-05-19 04:02:09 --> Could not find the language line "mynt_buy_youzan"
ERROR - 2017-05-19 04:02:09 --> Could not find the language line "mynt_buy_jd"
ERROR - 2017-05-19 04:02:11 --> Could not find the language line "mynt_buy_taobao"
ERROR - 2017-05-19 04:02:11 --> Could not find the language line "mynt_buy_tmall"
ERROR - 2017-05-19 04:02:11 --> Could not find the language line "mynt_buy_youzan"
ERROR - 2017-05-19 04:02:11 --> Could not find the language line "mynt_buy_jd"
ERROR - 2017-05-19 04:02:11 --> Could not find the language line "home_cloud_title"
ERROR - 2017-05-19 04:02:11 --> Could not find the language line "home_cloud_intro"
ERROR - 2017-05-19 04:02:11 --> Could not find the language line "mynt_icon_taobao"
ERROR - 2017-05-19 04:02:11 --> Could not find the language line "mynt_icon_tmall"
ERROR - 2017-05-19 04:02:11 --> Could not find the language line "mynt_icon_youzan"
ERROR - 2017-05-19 04:02:12 --> Could not find the language line "mynt_buy_taobao"
ERROR - 2017-05-19 04:02:12 --> Could not find the language line "mynt_buy_tmall"
ERROR - 2017-05-19 04:02:12 --> Could not find the language line "mynt_buy_youzan"
ERROR - 2017-05-19 04:02:12 --> Could not find the language line "mynt_buy_jd"
ERROR - 2017-05-19 04:02:12 --> Could not find the language line "home_cloud_title"
ERROR - 2017-05-19 04:02:12 --> Could not find the language line "home_cloud_intro"
ERROR - 2017-05-19 04:02:12 --> Could not find the language line "mynt_icon_taobao"
ERROR - 2017-05-19 04:02:12 --> Could not find the language line "mynt_icon_tmall"
ERROR - 2017-05-19 04:02:12 --> Could not find the language line "mynt_icon_youzan"
ERROR - 2017-05-19 04:02:12 --> Could not find the language line "mynt_buy_taobao"
ERROR - 2017-05-19 04:02:12 --> Could not find the language line "mynt_buy_tmall"
ERROR - 2017-05-19 04:02:12 --> Could not find the language line "mynt_buy_youzan"
ERROR - 2017-05-19 04:02:12 --> Could not find the language line "mynt_buy_jd"
ERROR - 2017-05-19 04:02:12 --> Could not find the language line "home_cloud_title"
ERROR - 2017-05-19 04:02:12 --> Could not find the language line "home_cloud_intro"
ERROR - 2017-05-19 04:02:12 --> Could not find the language line "mynt_icon_taobao"
ERROR - 2017-05-19 04:02:12 --> Could not find the language line "mynt_icon_tmall"
ERROR - 2017-05-19 04:02:12 --> Could not find the language line "mynt_icon_youzan"
ERROR - 2017-05-19 04:02:12 --> Could not find the language line "mynt_buy_taobao"
ERROR - 2017-05-19 04:02:12 --> Could not find the language line "mynt_buy_tmall"
ERROR - 2017-05-19 04:02:12 --> Could not find the language line "mynt_buy_youzan"
ERROR - 2017-05-19 04:02:12 --> Could not find the language line "mynt_buy_jd"
ERROR - 2017-05-19 04:02:12 --> Could not find the language line "home_cloud_title"
ERROR - 2017-05-19 04:02:12 --> Could not find the language line "home_cloud_intro"
ERROR - 2017-05-19 04:02:12 --> Could not find the language line "mynt_icon_taobao"
ERROR - 2017-05-19 04:02:12 --> Could not find the language line "mynt_icon_tmall"
ERROR - 2017-05-19 04:02:12 --> Could not find the language line "mynt_icon_youzan"
ERROR - 2017-05-19 04:02:14 --> Could not find the language line "mynt_buy_taobao"
ERROR - 2017-05-19 04:02:14 --> Could not find the language line "mynt_buy_tmall"
ERROR - 2017-05-19 04:02:14 --> Could not find the language line "mynt_buy_youzan"
ERROR - 2017-05-19 04:02:14 --> Could not find the language line "mynt_buy_jd"
ERROR - 2017-05-19 04:02:15 --> Could not find the language line "mynt_buy_taobao"
ERROR - 2017-05-19 04:02:15 --> Could not find the language line "mynt_buy_tmall"
ERROR - 2017-05-19 04:02:15 --> Could not find the language line "mynt_buy_youzan"
ERROR - 2017-05-19 04:02:15 --> Could not find the language line "mynt_buy_jd"
ERROR - 2017-05-19 04:02:18 --> Could not find the language line "mynt_buy_taobao"
ERROR - 2017-05-19 04:02:18 --> Could not find the language line "mynt_buy_tmall"
ERROR - 2017-05-19 04:02:18 --> Could not find the language line "mynt_buy_youzan"
ERROR - 2017-05-19 04:02:18 --> Could not find the language line "mynt_buy_jd"
ERROR - 2017-05-19 04:02:18 --> Could not find the language line "home_cloud_title"
ERROR - 2017-05-19 04:02:18 --> Could not find the language line "home_cloud_intro"
ERROR - 2017-05-19 04:02:18 --> Could not find the language line "mynt_icon_taobao"
ERROR - 2017-05-19 04:02:18 --> Could not find the language line "mynt_icon_tmall"
ERROR - 2017-05-19 04:02:18 --> Could not find the language line "mynt_icon_youzan"
ERROR - 2017-05-19 04:02:18 --> Could not find the language line "mynt_buy_taobao"
ERROR - 2017-05-19 04:02:18 --> Could not find the language line "mynt_buy_tmall"
ERROR - 2017-05-19 04:02:18 --> Could not find the language line "mynt_buy_youzan"
ERROR - 2017-05-19 04:02:18 --> Could not find the language line "mynt_buy_jd"
ERROR - 2017-05-19 04:02:19 --> Could not find the language line "mynt_buy_taobao"
ERROR - 2017-05-19 04:02:19 --> Could not find the language line "mynt_buy_tmall"
ERROR - 2017-05-19 04:02:19 --> Could not find the language line "mynt_buy_youzan"
ERROR - 2017-05-19 04:02:19 --> Could not find the language line "mynt_buy_jd"
ERROR - 2017-05-19 04:02:19 --> Could not find the language line "home_cloud_title"
ERROR - 2017-05-19 04:02:19 --> Could not find the language line "home_cloud_intro"
ERROR - 2017-05-19 04:02:19 --> Could not find the language line "mynt_icon_taobao"
ERROR - 2017-05-19 04:02:19 --> Could not find the language line "mynt_icon_tmall"
ERROR - 2017-05-19 04:02:19 --> Could not find the language line "mynt_icon_youzan"
ERROR - 2017-05-19 04:02:19 --> Could not find the language line "mynt_buy_taobao"
ERROR - 2017-05-19 04:02:19 --> Could not find the language line "mynt_buy_tmall"
ERROR - 2017-05-19 04:02:19 --> Could not find the language line "mynt_buy_youzan"
ERROR - 2017-05-19 04:02:19 --> Could not find the language line "mynt_buy_jd"
ERROR - 2017-05-19 04:02:19 --> Could not find the language line "mynt_buy_taobao"
ERROR - 2017-05-19 04:02:19 --> Could not find the language line "mynt_buy_tmall"
ERROR - 2017-05-19 04:02:19 --> Could not find the language line "mynt_buy_youzan"
ERROR - 2017-05-19 04:02:19 --> Could not find the language line "mynt_buy_jd"
ERROR - 2017-05-19 04:02:19 --> Could not find the language line "home_cloud_title"
ERROR - 2017-05-19 04:02:19 --> Could not find the language line "home_cloud_intro"
ERROR - 2017-05-19 04:02:19 --> Could not find the language line "mynt_icon_taobao"
ERROR - 2017-05-19 04:02:19 --> Could not find the language line "mynt_icon_tmall"
ERROR - 2017-05-19 04:02:19 --> Could not find the language line "mynt_icon_youzan"
ERROR - 2017-05-19 04:02:19 --> Could not find the language line "mynt_buy_taobao"
ERROR - 2017-05-19 04:02:19 --> Could not find the language line "mynt_buy_tmall"
ERROR - 2017-05-19 04:02:19 --> Could not find the language line "mynt_buy_youzan"
ERROR - 2017-05-19 04:02:19 --> Could not find the language line "mynt_buy_jd"
ERROR - 2017-05-19 04:03:05 --> Could not find the language line "mynt_buy_taobao"
ERROR - 2017-05-19 04:03:05 --> Could not find the language line "mynt_buy_tmall"
ERROR - 2017-05-19 04:03:05 --> Could not find the language line "mynt_buy_youzan"
ERROR - 2017-05-19 04:03:05 --> Could not find the language line "mynt_buy_jd"
ERROR - 2017-05-19 04:03:50 --> Could not find the language line "mynt_buy_taobao"
ERROR - 2017-05-19 04:03:50 --> Could not find the language line "mynt_buy_tmall"
ERROR - 2017-05-19 04:03:50 --> Could not find the language line "mynt_buy_youzan"
ERROR - 2017-05-19 04:03:50 --> Could not find the language line "mynt_buy_jd"
ERROR - 2017-05-19 04:04:15 --> Could not find the language line "mynt_buy_taobao"
ERROR - 2017-05-19 04:04:15 --> Could not find the language line "mynt_buy_tmall"
ERROR - 2017-05-19 04:04:15 --> Could not find the language line "mynt_buy_youzan"
ERROR - 2017-05-19 04:04:15 --> Could not find the language line "mynt_buy_jd"
ERROR - 2017-05-19 04:05:07 --> Could not find the language line "mynt_buy_taobao"
ERROR - 2017-05-19 04:05:07 --> Could not find the language line "mynt_buy_tmall"
ERROR - 2017-05-19 04:05:07 --> Could not find the language line "mynt_buy_youzan"
ERROR - 2017-05-19 04:05:07 --> Could not find the language line "mynt_buy_jd"
ERROR - 2017-05-19 04:05:07 --> Could not find the language line "mynt_icon_taobao"
ERROR - 2017-05-19 04:05:07 --> Could not find the language line "mynt_icon_tmall"
ERROR - 2017-05-19 04:05:07 --> Could not find the language line "mynt_icon_youzan"
ERROR - 2017-05-19 04:05:07 --> Could not find the language line "mynt_icon_jd"
ERROR - 2017-05-19 04:05:07 --> Could not find the language line "mynt_jd_detail"
ERROR - 2017-05-19 04:05:07 --> Could not find the language line "to_buy_wd"
ERROR - 2017-05-19 04:05:07 --> Could not find the language line "slightech_wechat"
ERROR - 2017-05-19 04:05:07 --> Could not find the language line "camera_no_lost"
ERROR - 2017-05-19 04:05:07 --> Could not find the language line "key_no_lost"
ERROR - 2017-05-19 04:05:07 --> Could not find the language line "bag_no_lost"
ERROR - 2017-05-19 04:05:07 --> Could not find the language line "computer_no_lost"
ERROR - 2017-05-19 04:05:07 --> Could not find the language line "pet_no_lost"
ERROR - 2017-05-19 04:05:07 --> Could not find the language line "goal"
ERROR - 2017-05-19 04:05:07 --> Could not find the language line "fund_title"
ERROR - 2017-05-19 04:05:07 --> Could not find the language line "fund_intro"
ERROR - 2017-05-19 04:05:07 --> Could not find the language line "mynt_buy_taobao"
ERROR - 2017-05-19 04:05:07 --> Could not find the language line "mynt_buy_tmall"
ERROR - 2017-05-19 04:05:07 --> Could not find the language line "mynt_buy_youzan"
ERROR - 2017-05-19 04:05:07 --> Could not find the language line "mynt_buy_jd"
ERROR - 2017-05-19 04:05:11 --> Could not find the language line "mynt_buy_taobao"
ERROR - 2017-05-19 04:05:11 --> Could not find the language line "mynt_buy_tmall"
ERROR - 2017-05-19 04:05:11 --> Could not find the language line "mynt_buy_youzan"
ERROR - 2017-05-19 04:05:11 --> Could not find the language line "mynt_buy_jd"
ERROR - 2017-05-19 04:05:11 --> Could not find the language line "home_cloud_title"
ERROR - 2017-05-19 04:05:11 --> Could not find the language line "home_cloud_intro"
ERROR - 2017-05-19 04:05:11 --> Could not find the language line "mynt_icon_taobao"
ERROR - 2017-05-19 04:05:11 --> Could not find the language line "mynt_icon_tmall"
ERROR - 2017-05-19 04:05:11 --> Could not find the language line "mynt_icon_youzan"
ERROR - 2017-05-19 04:05:11 --> Could not find the language line "mynt_buy_taobao"
ERROR - 2017-05-19 04:05:11 --> Could not find the language line "mynt_buy_tmall"
ERROR - 2017-05-19 04:05:11 --> Could not find the language line "mynt_buy_youzan"
ERROR - 2017-05-19 04:05:11 --> Could not find the language line "mynt_buy_jd"
ERROR - 2017-05-19 04:06:37 --> Could not find the language line "mynt_buy_taobao"
ERROR - 2017-05-19 04:06:37 --> Could not find the language line "mynt_buy_tmall"
ERROR - 2017-05-19 04:06:37 --> Could not find the language line "mynt_buy_youzan"
ERROR - 2017-05-19 04:06:37 --> Could not find the language line "mynt_buy_jd"
ERROR - 2017-05-19 04:06:37 --> Could not find the language line "home_cloud_title"
ERROR - 2017-05-19 04:06:37 --> Could not find the language line "home_cloud_intro"
ERROR - 2017-05-19 04:06:37 --> Could not find the language line "mynt_icon_taobao"
ERROR - 2017-05-19 04:06:37 --> Could not find the language line "mynt_icon_tmall"
ERROR - 2017-05-19 04:06:37 --> Could not find the language line "mynt_icon_youzan"
ERROR - 2017-05-19 04:06:37 --> Could not find the language line "mynt_buy_taobao"
ERROR - 2017-05-19 04:06:37 --> Could not find the language line "mynt_buy_tmall"
ERROR - 2017-05-19 04:06:37 --> Could not find the language line "mynt_buy_youzan"
ERROR - 2017-05-19 04:06:37 --> Could not find the language line "mynt_buy_jd"
ERROR - 2017-05-19 05:12:55 --> Could not find the language line "mynt_buy_taobao"
ERROR - 2017-05-19 05:12:55 --> Could not find the language line "mynt_buy_tmall"
ERROR - 2017-05-19 05:12:55 --> Could not find the language line "mynt_buy_youzan"
ERROR - 2017-05-19 05:12:55 --> Could not find the language line "mynt_buy_jd"
ERROR - 2017-05-19 05:14:52 --> Could not find the language line "mynt_buy_taobao"
ERROR - 2017-05-19 05:14:52 --> Could not find the language line "mynt_buy_tmall"
ERROR - 2017-05-19 05:14:52 --> Could not find the language line "mynt_buy_youzan"
ERROR - 2017-05-19 05:14:52 --> Could not find the language line "mynt_buy_jd"
ERROR - 2017-05-19 05:14:52 --> Could not find the language line "home_cloud_title"
ERROR - 2017-05-19 05:14:52 --> Could not find the language line "home_cloud_intro"
ERROR - 2017-05-19 05:14:52 --> Could not find the language line "mynt_icon_taobao"
ERROR - 2017-05-19 05:14:52 --> Could not find the language line "mynt_icon_tmall"
ERROR - 2017-05-19 05:14:52 --> Could not find the language line "mynt_icon_youzan"
ERROR - 2017-05-19 05:14:52 --> Could not find the language line "mynt_buy_taobao"
ERROR - 2017-05-19 05:14:52 --> Could not find the language line "mynt_buy_tmall"
ERROR - 2017-05-19 05:14:52 --> Could not find the language line "mynt_buy_youzan"
ERROR - 2017-05-19 05:14:52 --> Could not find the language line "mynt_buy_jd"
ERROR - 2017-05-19 05:16:10 --> Could not find the language line "mynt_buy_taobao"
ERROR - 2017-05-19 05:16:10 --> Could not find the language line "mynt_buy_tmall"
ERROR - 2017-05-19 05:16:10 --> Could not find the language line "mynt_buy_youzan"
ERROR - 2017-05-19 05:16:10 --> Could not find the language line "mynt_buy_jd"
ERROR - 2017-05-19 05:16:10 --> Could not find the language line "home_cloud_title"
ERROR - 2017-05-19 05:16:10 --> Could not find the language line "home_cloud_intro"
ERROR - 2017-05-19 05:16:10 --> Could not find the language line "mynt_icon_taobao"
ERROR - 2017-05-19 05:16:10 --> Could not find the language line "mynt_icon_tmall"
ERROR - 2017-05-19 05:16:10 --> Could not find the language line "mynt_icon_youzan"
ERROR - 2017-05-19 05:16:10 --> Could not find the language line "mynt_buy_taobao"
ERROR - 2017-05-19 05:16:10 --> Could not find the language line "mynt_buy_tmall"
ERROR - 2017-05-19 05:16:10 --> Could not find the language line "mynt_buy_youzan"
ERROR - 2017-05-19 05:16:10 --> Could not find the language line "mynt_buy_jd"
ERROR - 2017-05-19 05:16:27 --> Could not find the language line "mynt_buy_taobao"
ERROR - 2017-05-19 05:16:27 --> Could not find the language line "mynt_buy_tmall"
ERROR - 2017-05-19 05:16:27 --> Could not find the language line "mynt_buy_youzan"
ERROR - 2017-05-19 05:16:27 --> Could not find the language line "mynt_buy_jd"
ERROR - 2017-05-19 05:18:08 --> Could not find the language line "mynt_buy_taobao"
ERROR - 2017-05-19 05:18:08 --> Could not find the language line "mynt_buy_tmall"
ERROR - 2017-05-19 05:18:08 --> Could not find the language line "mynt_buy_youzan"
ERROR - 2017-05-19 05:18:08 --> Could not find the language line "mynt_buy_jd"
ERROR - 2017-05-19 05:18:08 --> Could not find the language line "mynt_icon_taobao"
ERROR - 2017-05-19 05:18:08 --> Could not find the language line "mynt_icon_tmall"
ERROR - 2017-05-19 05:18:08 --> Could not find the language line "mynt_icon_youzan"
ERROR - 2017-05-19 05:18:08 --> Could not find the language line "mynt_icon_jd"
ERROR - 2017-05-19 05:18:08 --> Could not find the language line "mynt_jd_detail"
ERROR - 2017-05-19 05:18:08 --> Could not find the language line "to_buy_wd"
ERROR - 2017-05-19 05:18:08 --> Could not find the language line "slightech_wechat"
ERROR - 2017-05-19 05:18:08 --> Could not find the language line "camera_no_lost"
ERROR - 2017-05-19 05:18:08 --> Could not find the language line "key_no_lost"
ERROR - 2017-05-19 05:18:08 --> Could not find the language line "bag_no_lost"
ERROR - 2017-05-19 05:18:08 --> Could not find the language line "computer_no_lost"
ERROR - 2017-05-19 05:18:08 --> Could not find the language line "pet_no_lost"
ERROR - 2017-05-19 05:18:08 --> Could not find the language line "goal"
ERROR - 2017-05-19 05:18:08 --> Could not find the language line "fund_title"
ERROR - 2017-05-19 05:18:08 --> Could not find the language line "fund_intro"
ERROR - 2017-05-19 05:18:08 --> Could not find the language line "mynt_buy_taobao"
ERROR - 2017-05-19 05:18:08 --> Could not find the language line "mynt_buy_tmall"
ERROR - 2017-05-19 05:18:08 --> Could not find the language line "mynt_buy_youzan"
ERROR - 2017-05-19 05:18:08 --> Could not find the language line "mynt_buy_jd"
ERROR - 2017-05-19 05:18:25 --> Could not find the language line "mynt_buy_taobao"
ERROR - 2017-05-19 05:18:25 --> Could not find the language line "mynt_buy_tmall"
ERROR - 2017-05-19 05:18:25 --> Could not find the language line "mynt_buy_youzan"
ERROR - 2017-05-19 05:18:25 --> Could not find the language line "mynt_buy_jd"
ERROR - 2017-05-19 05:18:34 --> Could not find the language line "mynt_buy_taobao"
ERROR - 2017-05-19 05:18:34 --> Could not find the language line "mynt_buy_tmall"
ERROR - 2017-05-19 05:18:34 --> Could not find the language line "mynt_buy_youzan"
ERROR - 2017-05-19 05:18:34 --> Could not find the language line "mynt_buy_jd"
ERROR - 2017-05-19 05:19:20 --> Could not find the language line "mynt_buy_taobao"
ERROR - 2017-05-19 05:19:20 --> Could not find the language line "mynt_buy_tmall"
ERROR - 2017-05-19 05:19:20 --> Could not find the language line "mynt_buy_youzan"
ERROR - 2017-05-19 05:19:20 --> Could not find the language line "mynt_buy_jd"
ERROR - 2017-05-19 05:19:20 --> Could not find the language line "mynt_icon_taobao"
ERROR - 2017-05-19 05:19:20 --> Could not find the language line "mynt_icon_tmall"
ERROR - 2017-05-19 05:19:20 --> Could not find the language line "mynt_icon_youzan"
ERROR - 2017-05-19 05:19:20 --> Could not find the language line "mynt_icon_jd"
ERROR - 2017-05-19 05:19:20 --> Could not find the language line "mynt_jd_detail"
ERROR - 2017-05-19 05:19:20 --> Could not find the language line "to_buy_wd"
ERROR - 2017-05-19 05:19:20 --> Could not find the language line "slightech_wechat"
ERROR - 2017-05-19 05:19:20 --> Could not find the language line "camera_no_lost"
ERROR - 2017-05-19 05:19:20 --> Could not find the language line "key_no_lost"
ERROR - 2017-05-19 05:19:20 --> Could not find the language line "bag_no_lost"
ERROR - 2017-05-19 05:19:20 --> Could not find the language line "computer_no_lost"
ERROR - 2017-05-19 05:19:20 --> Could not find the language line "pet_no_lost"
ERROR - 2017-05-19 05:19:20 --> Could not find the language line "goal"
ERROR - 2017-05-19 05:19:20 --> Could not find the language line "fund_title"
ERROR - 2017-05-19 05:19:20 --> Could not find the language line "fund_intro"
ERROR - 2017-05-19 05:19:20 --> Could not find the language line "mynt_buy_taobao"
ERROR - 2017-05-19 05:19:20 --> Could not find the language line "mynt_buy_tmall"
ERROR - 2017-05-19 05:19:20 --> Could not find the language line "mynt_buy_youzan"
ERROR - 2017-05-19 05:19:20 --> Could not find the language line "mynt_buy_jd"
ERROR - 2017-05-19 05:19:38 --> Could not find the language line "mynt_buy_taobao"
ERROR - 2017-05-19 05:19:38 --> Could not find the language line "mynt_buy_tmall"
ERROR - 2017-05-19 05:19:38 --> Could not find the language line "mynt_buy_youzan"
ERROR - 2017-05-19 05:19:38 --> Could not find the language line "mynt_buy_jd"
ERROR - 2017-05-19 05:19:38 --> Could not find the language line "mynt_icon_taobao"
ERROR - 2017-05-19 05:19:38 --> Could not find the language line "mynt_icon_tmall"
ERROR - 2017-05-19 05:19:38 --> Could not find the language line "mynt_icon_youzan"
ERROR - 2017-05-19 05:19:38 --> Could not find the language line "mynt_icon_jd"
ERROR - 2017-05-19 05:19:38 --> Could not find the language line "mynt_jd_detail"
ERROR - 2017-05-19 05:19:38 --> Could not find the language line "to_buy_wd"
ERROR - 2017-05-19 05:19:38 --> Could not find the language line "slightech_wechat"
ERROR - 2017-05-19 05:19:38 --> Could not find the language line "camera_no_lost"
ERROR - 2017-05-19 05:19:38 --> Could not find the language line "key_no_lost"
ERROR - 2017-05-19 05:19:38 --> Could not find the language line "bag_no_lost"
ERROR - 2017-05-19 05:19:38 --> Could not find the language line "computer_no_lost"
ERROR - 2017-05-19 05:19:38 --> Could not find the language line "pet_no_lost"
ERROR - 2017-05-19 05:19:38 --> Could not find the language line "goal"
ERROR - 2017-05-19 05:19:38 --> Could not find the language line "fund_title"
ERROR - 2017-05-19 05:19:38 --> Could not find the language line "fund_intro"
ERROR - 2017-05-19 05:19:38 --> Could not find the language line "mynt_buy_taobao"
ERROR - 2017-05-19 05:19:38 --> Could not find the language line "mynt_buy_tmall"
ERROR - 2017-05-19 05:19:38 --> Could not find the language line "mynt_buy_youzan"
ERROR - 2017-05-19 05:19:38 --> Could not find the language line "mynt_buy_jd"
ERROR - 2017-05-19 05:19:44 --> Could not find the language line "mynt_buy_taobao"
ERROR - 2017-05-19 05:19:44 --> Could not find the language line "mynt_buy_tmall"
ERROR - 2017-05-19 05:19:44 --> Could not find the language line "mynt_buy_youzan"
ERROR - 2017-05-19 05:19:44 --> Could not find the language line "mynt_buy_jd"
ERROR - 2017-05-19 05:19:46 --> Could not find the language line "mynt_buy_taobao"
ERROR - 2017-05-19 05:19:46 --> Could not find the language line "mynt_buy_tmall"
ERROR - 2017-05-19 05:19:46 --> Could not find the language line "mynt_buy_youzan"
ERROR - 2017-05-19 05:19:46 --> Could not find the language line "mynt_buy_jd"
ERROR - 2017-05-19 05:22:09 --> Could not find the language line "mynt_buy_taobao"
ERROR - 2017-05-19 05:22:09 --> Could not find the language line "mynt_buy_tmall"
ERROR - 2017-05-19 05:22:09 --> Could not find the language line "mynt_buy_youzan"
ERROR - 2017-05-19 05:22:09 --> Could not find the language line "mynt_buy_jd"
ERROR - 2017-05-19 05:22:09 --> Could not find the language line "home_cloud_title"
ERROR - 2017-05-19 05:22:09 --> Could not find the language line "home_cloud_intro"
ERROR - 2017-05-19 05:22:09 --> Could not find the language line "mynt_icon_taobao"
ERROR - 2017-05-19 05:22:09 --> Could not find the language line "mynt_icon_tmall"
ERROR - 2017-05-19 05:22:09 --> Could not find the language line "mynt_icon_youzan"
ERROR - 2017-05-19 05:22:10 --> Could not find the language line "mynt_buy_taobao"
ERROR - 2017-05-19 05:22:10 --> Could not find the language line "mynt_buy_tmall"
ERROR - 2017-05-19 05:22:10 --> Could not find the language line "mynt_buy_youzan"
ERROR - 2017-05-19 05:22:10 --> Could not find the language line "mynt_buy_jd"
ERROR - 2017-05-19 05:25:49 --> Could not find the language line "mynt_buy_taobao"
ERROR - 2017-05-19 05:25:49 --> Could not find the language line "mynt_buy_tmall"
ERROR - 2017-05-19 05:25:49 --> Could not find the language line "mynt_buy_youzan"
ERROR - 2017-05-19 05:25:49 --> Could not find the language line "mynt_buy_jd"
ERROR - 2017-05-19 05:25:49 --> Could not find the language line "home_cloud_title"
ERROR - 2017-05-19 05:25:49 --> Could not find the language line "home_cloud_intro"
ERROR - 2017-05-19 05:25:49 --> Could not find the language line "mynt_icon_taobao"
ERROR - 2017-05-19 05:25:49 --> Could not find the language line "mynt_icon_tmall"
ERROR - 2017-05-19 05:25:49 --> Could not find the language line "mynt_icon_youzan"
ERROR - 2017-05-19 05:25:49 --> Could not find the language line "mynt_buy_taobao"
ERROR - 2017-05-19 05:25:49 --> Could not find the language line "mynt_buy_tmall"
ERROR - 2017-05-19 05:25:49 --> Could not find the language line "mynt_buy_youzan"
ERROR - 2017-05-19 05:25:49 --> Could not find the language line "mynt_buy_jd"
ERROR - 2017-05-19 05:26:08 --> Could not find the language line "mynt_buy_taobao"
ERROR - 2017-05-19 05:26:08 --> Could not find the language line "mynt_buy_tmall"
ERROR - 2017-05-19 05:26:08 --> Could not find the language line "mynt_buy_youzan"
ERROR - 2017-05-19 05:26:08 --> Could not find the language line "mynt_buy_jd"
ERROR - 2017-05-19 05:26:10 --> Could not find the language line "mynt_buy_taobao"
ERROR - 2017-05-19 05:26:10 --> Could not find the language line "mynt_buy_tmall"
ERROR - 2017-05-19 05:26:10 --> Could not find the language line "mynt_buy_youzan"
ERROR - 2017-05-19 05:26:10 --> Could not find the language line "mynt_buy_jd"
ERROR - 2017-05-19 05:26:11 --> Could not find the language line "mynt_buy_taobao"
ERROR - 2017-05-19 05:26:11 --> Could not find the language line "mynt_buy_tmall"
ERROR - 2017-05-19 05:26:11 --> Could not find the language line "mynt_buy_youzan"
ERROR - 2017-05-19 05:26:11 --> Could not find the language line "mynt_buy_jd"
ERROR - 2017-05-19 05:29:18 --> Could not find the language line "mynt_buy_taobao"
ERROR - 2017-05-19 05:29:18 --> Could not find the language line "mynt_buy_tmall"
ERROR - 2017-05-19 05:29:18 --> Could not find the language line "mynt_buy_youzan"
ERROR - 2017-05-19 05:29:18 --> Could not find the language line "mynt_buy_jd"
ERROR - 2017-05-19 05:29:20 --> Could not find the language line "mynt_buy_taobao"
ERROR - 2017-05-19 05:29:20 --> Could not find the language line "mynt_buy_tmall"
ERROR - 2017-05-19 05:29:20 --> Could not find the language line "mynt_buy_youzan"
ERROR - 2017-05-19 05:29:20 --> Could not find the language line "mynt_buy_jd"
ERROR - 2017-05-19 05:29:56 --> Could not find the language line "mynt_buy_taobao"
ERROR - 2017-05-19 05:29:56 --> Could not find the language line "mynt_buy_tmall"
ERROR - 2017-05-19 05:29:56 --> Could not find the language line "mynt_buy_youzan"
ERROR - 2017-05-19 05:29:56 --> Could not find the language line "mynt_buy_jd"
ERROR - 2017-05-19 05:29:57 --> Could not find the language line "mynt_buy_taobao"
ERROR - 2017-05-19 05:29:57 --> Could not find the language line "mynt_buy_tmall"
ERROR - 2017-05-19 05:29:57 --> Could not find the language line "mynt_buy_youzan"
ERROR - 2017-05-19 05:29:57 --> Could not find the language line "mynt_buy_jd"
ERROR - 2017-05-19 05:29:57 --> Could not find the language line "mynt_buy_taobao"
ERROR - 2017-05-19 05:29:57 --> Could not find the language line "mynt_buy_tmall"
ERROR - 2017-05-19 05:29:57 --> Could not find the language line "mynt_buy_youzan"
ERROR - 2017-05-19 05:29:57 --> Could not find the language line "mynt_buy_jd"
ERROR - 2017-05-19 05:29:57 --> Could not find the language line "mynt_buy_taobao"
ERROR - 2017-05-19 05:29:57 --> Could not find the language line "mynt_buy_tmall"
ERROR - 2017-05-19 05:29:57 --> Could not find the language line "mynt_buy_youzan"
ERROR - 2017-05-19 05:29:57 --> Could not find the language line "mynt_buy_jd"
ERROR - 2017-05-19 05:29:58 --> Could not find the language line "mynt_buy_taobao"
ERROR - 2017-05-19 05:29:58 --> Could not find the language line "mynt_buy_tmall"
ERROR - 2017-05-19 05:29:58 --> Could not find the language line "mynt_buy_youzan"
ERROR - 2017-05-19 05:29:58 --> Could not find the language line "mynt_buy_jd"
ERROR - 2017-05-19 05:29:58 --> Could not find the language line "mynt_buy_taobao"
ERROR - 2017-05-19 05:29:58 --> Could not find the language line "mynt_buy_tmall"
ERROR - 2017-05-19 05:29:58 --> Could not find the language line "mynt_buy_youzan"
ERROR - 2017-05-19 05:29:58 --> Could not find the language line "mynt_buy_jd"
ERROR - 2017-05-19 05:29:58 --> Could not find the language line "mynt_buy_taobao"
ERROR - 2017-05-19 05:29:58 --> Could not find the language line "mynt_buy_tmall"
ERROR - 2017-05-19 05:29:58 --> Could not find the language line "mynt_buy_youzan"
ERROR - 2017-05-19 05:29:58 --> Could not find the language line "mynt_buy_jd"
ERROR - 2017-05-19 05:29:59 --> Could not find the language line "mynt_buy_taobao"
ERROR - 2017-05-19 05:29:59 --> Could not find the language line "mynt_buy_tmall"
ERROR - 2017-05-19 05:29:59 --> Could not find the language line "mynt_buy_youzan"
ERROR - 2017-05-19 05:29:59 --> Could not find the language line "mynt_buy_jd"
ERROR - 2017-05-19 05:30:00 --> Could not find the language line "mynt_buy_taobao"
ERROR - 2017-05-19 05:30:00 --> Could not find the language line "mynt_buy_tmall"
ERROR - 2017-05-19 05:30:00 --> Could not find the language line "mynt_buy_youzan"
ERROR - 2017-05-19 05:30:00 --> Could not find the language line "mynt_buy_jd"
ERROR - 2017-05-19 05:30:00 --> Could not find the language line "mynt_buy_taobao"
ERROR - 2017-05-19 05:30:00 --> Could not find the language line "mynt_buy_tmall"
ERROR - 2017-05-19 05:30:00 --> Could not find the language line "mynt_buy_youzan"
ERROR - 2017-05-19 05:30:00 --> Could not find the language line "mynt_buy_jd"
ERROR - 2017-05-19 05:30:00 --> Could not find the language line "mynt_buy_taobao"
ERROR - 2017-05-19 05:30:00 --> Could not find the language line "mynt_buy_tmall"
ERROR - 2017-05-19 05:30:00 --> Could not find the language line "mynt_buy_youzan"
ERROR - 2017-05-19 05:30:00 --> Could not find the language line "mynt_buy_jd"
ERROR - 2017-05-19 05:30:00 --> Could not find the language line "mynt_buy_taobao"
ERROR - 2017-05-19 05:30:00 --> Could not find the language line "mynt_buy_tmall"
ERROR - 2017-05-19 05:30:00 --> Could not find the language line "mynt_buy_youzan"
ERROR - 2017-05-19 05:30:00 --> Could not find the language line "mynt_buy_jd"
ERROR - 2017-05-19 05:30:03 --> Could not find the language line "mynt_buy_taobao"
ERROR - 2017-05-19 05:30:03 --> Could not find the language line "mynt_buy_tmall"
ERROR - 2017-05-19 05:30:03 --> Could not find the language line "mynt_buy_youzan"
ERROR - 2017-05-19 05:30:03 --> Could not find the language line "mynt_buy_jd"
ERROR - 2017-05-19 05:30:17 --> Could not find the language line "mynt_buy_taobao"
ERROR - 2017-05-19 05:30:17 --> Could not find the language line "mynt_buy_tmall"
ERROR - 2017-05-19 05:30:17 --> Could not find the language line "mynt_buy_youzan"
ERROR - 2017-05-19 05:30:17 --> Could not find the language line "mynt_buy_jd"
ERROR - 2017-05-19 05:30:17 --> Could not find the language line "home_cloud_title"
ERROR - 2017-05-19 05:30:17 --> Could not find the language line "home_cloud_intro"
ERROR - 2017-05-19 05:30:17 --> Could not find the language line "mynt_icon_taobao"
ERROR - 2017-05-19 05:30:17 --> Could not find the language line "mynt_icon_tmall"
ERROR - 2017-05-19 05:30:17 --> Could not find the language line "mynt_icon_youzan"
ERROR - 2017-05-19 05:30:17 --> Could not find the language line "mynt_buy_taobao"
ERROR - 2017-05-19 05:30:17 --> Could not find the language line "mynt_buy_tmall"
ERROR - 2017-05-19 05:30:17 --> Could not find the language line "mynt_buy_youzan"
ERROR - 2017-05-19 05:30:17 --> Could not find the language line "mynt_buy_jd"
ERROR - 2017-05-19 05:30:21 --> Could not find the language line "mynt_buy_taobao"
ERROR - 2017-05-19 05:30:21 --> Could not find the language line "mynt_buy_tmall"
ERROR - 2017-05-19 05:30:21 --> Could not find the language line "mynt_buy_youzan"
ERROR - 2017-05-19 05:30:21 --> Could not find the language line "mynt_buy_jd"
ERROR - 2017-05-19 05:30:23 --> Could not find the language line "mynt_buy_taobao"
ERROR - 2017-05-19 05:30:23 --> Could not find the language line "mynt_buy_tmall"
ERROR - 2017-05-19 05:30:23 --> Could not find the language line "mynt_buy_youzan"
ERROR - 2017-05-19 05:30:23 --> Could not find the language line "mynt_buy_jd"
ERROR - 2017-05-19 05:30:23 --> Could not find the language line "mynt_buy_taobao"
ERROR - 2017-05-19 05:30:23 --> Could not find the language line "mynt_buy_tmall"
ERROR - 2017-05-19 05:30:23 --> Could not find the language line "mynt_buy_youzan"
ERROR - 2017-05-19 05:30:23 --> Could not find the language line "mynt_buy_jd"
ERROR - 2017-05-19 05:30:24 --> Could not find the language line "mynt_buy_taobao"
ERROR - 2017-05-19 05:30:24 --> Could not find the language line "mynt_buy_tmall"
ERROR - 2017-05-19 05:30:24 --> Could not find the language line "mynt_buy_youzan"
ERROR - 2017-05-19 05:30:24 --> Could not find the language line "mynt_buy_jd"
ERROR - 2017-05-19 05:30:24 --> Could not find the language line "mynt_buy_taobao"
ERROR - 2017-05-19 05:30:24 --> Could not find the language line "mynt_buy_tmall"
ERROR - 2017-05-19 05:30:24 --> Could not find the language line "mynt_buy_youzan"
ERROR - 2017-05-19 05:30:24 --> Could not find the language line "mynt_buy_jd"
ERROR - 2017-05-19 05:30:25 --> Could not find the language line "mynt_buy_taobao"
ERROR - 2017-05-19 05:30:25 --> Could not find the language line "mynt_buy_tmall"
ERROR - 2017-05-19 05:30:25 --> Could not find the language line "mynt_buy_youzan"
ERROR - 2017-05-19 05:30:25 --> Could not find the language line "mynt_buy_jd"
ERROR - 2017-05-19 05:30:25 --> Could not find the language line "mynt_buy_taobao"
ERROR - 2017-05-19 05:30:25 --> Could not find the language line "mynt_buy_tmall"
ERROR - 2017-05-19 05:30:25 --> Could not find the language line "mynt_buy_youzan"
ERROR - 2017-05-19 05:30:25 --> Could not find the language line "mynt_buy_jd"
ERROR - 2017-05-19 05:30:25 --> Could not find the language line "mynt_buy_taobao"
ERROR - 2017-05-19 05:30:25 --> Could not find the language line "mynt_buy_tmall"
ERROR - 2017-05-19 05:30:25 --> Could not find the language line "mynt_buy_youzan"
ERROR - 2017-05-19 05:30:25 --> Could not find the language line "mynt_buy_jd"
ERROR - 2017-05-19 05:30:25 --> Could not find the language line "mynt_buy_taobao"
ERROR - 2017-05-19 05:30:25 --> Could not find the language line "mynt_buy_tmall"
ERROR - 2017-05-19 05:30:25 --> Could not find the language line "mynt_buy_youzan"
ERROR - 2017-05-19 05:30:25 --> Could not find the language line "mynt_buy_jd"
ERROR - 2017-05-19 05:30:25 --> Could not find the language line "mynt_buy_taobao"
ERROR - 2017-05-19 05:30:25 --> Could not find the language line "mynt_buy_tmall"
ERROR - 2017-05-19 05:30:25 --> Could not find the language line "mynt_buy_youzan"
ERROR - 2017-05-19 05:30:25 --> Could not find the language line "mynt_buy_jd"
ERROR - 2017-05-19 05:30:25 --> Could not find the language line "mynt_buy_taobao"
ERROR - 2017-05-19 05:30:25 --> Could not find the language line "mynt_buy_tmall"
ERROR - 2017-05-19 05:30:25 --> Could not find the language line "mynt_buy_youzan"
ERROR - 2017-05-19 05:30:25 --> Could not find the language line "mynt_buy_jd"
ERROR - 2017-05-19 05:30:26 --> Could not find the language line "mynt_buy_taobao"
ERROR - 2017-05-19 05:30:26 --> Could not find the language line "mynt_buy_tmall"
ERROR - 2017-05-19 05:30:26 --> Could not find the language line "mynt_buy_youzan"
ERROR - 2017-05-19 05:30:26 --> Could not find the language line "mynt_buy_jd"
ERROR - 2017-05-19 05:30:27 --> Could not find the language line "mynt_buy_taobao"
ERROR - 2017-05-19 05:30:27 --> Could not find the language line "mynt_buy_tmall"
ERROR - 2017-05-19 05:30:27 --> Could not find the language line "mynt_buy_youzan"
ERROR - 2017-05-19 05:30:27 --> Could not find the language line "mynt_buy_jd"
ERROR - 2017-05-19 05:30:27 --> Could not find the language line "mynt_buy_taobao"
ERROR - 2017-05-19 05:30:27 --> Could not find the language line "mynt_buy_tmall"
ERROR - 2017-05-19 05:30:27 --> Could not find the language line "mynt_buy_youzan"
ERROR - 2017-05-19 05:30:27 --> Could not find the language line "mynt_buy_jd"
ERROR - 2017-05-19 05:30:27 --> Could not find the language line "mynt_buy_taobao"
ERROR - 2017-05-19 05:30:27 --> Could not find the language line "mynt_buy_tmall"
ERROR - 2017-05-19 05:30:27 --> Could not find the language line "mynt_buy_youzan"
ERROR - 2017-05-19 05:30:27 --> Could not find the language line "mynt_buy_jd"
ERROR - 2017-05-19 05:30:28 --> Could not find the language line "mynt_buy_taobao"
ERROR - 2017-05-19 05:30:28 --> Could not find the language line "mynt_buy_tmall"
ERROR - 2017-05-19 05:30:28 --> Could not find the language line "mynt_buy_youzan"
ERROR - 2017-05-19 05:30:28 --> Could not find the language line "mynt_buy_jd"
ERROR - 2017-05-19 05:30:28 --> Could not find the language line "mynt_buy_taobao"
ERROR - 2017-05-19 05:30:28 --> Could not find the language line "mynt_buy_tmall"
ERROR - 2017-05-19 05:30:28 --> Could not find the language line "mynt_buy_youzan"
ERROR - 2017-05-19 05:30:28 --> Could not find the language line "mynt_buy_jd"
ERROR - 2017-05-19 05:30:31 --> Could not find the language line "mynt_buy_taobao"
ERROR - 2017-05-19 05:30:31 --> Could not find the language line "mynt_buy_tmall"
ERROR - 2017-05-19 05:30:31 --> Could not find the language line "mynt_buy_youzan"
ERROR - 2017-05-19 05:30:31 --> Could not find the language line "mynt_buy_jd"
ERROR - 2017-05-19 05:30:31 --> Could not find the language line "mynt_buy_taobao"
ERROR - 2017-05-19 05:30:31 --> Could not find the language line "mynt_buy_tmall"
ERROR - 2017-05-19 05:30:31 --> Could not find the language line "mynt_buy_youzan"
ERROR - 2017-05-19 05:30:31 --> Could not find the language line "mynt_buy_jd"
ERROR - 2017-05-19 05:30:31 --> Could not find the language line "mynt_buy_taobao"
ERROR - 2017-05-19 05:30:31 --> Could not find the language line "mynt_buy_tmall"
ERROR - 2017-05-19 05:30:31 --> Could not find the language line "mynt_buy_youzan"
ERROR - 2017-05-19 05:30:31 --> Could not find the language line "mynt_buy_jd"
ERROR - 2017-05-19 05:30:31 --> Could not find the language line "mynt_buy_taobao"
ERROR - 2017-05-19 05:30:31 --> Could not find the language line "mynt_buy_tmall"
ERROR - 2017-05-19 05:30:31 --> Could not find the language line "mynt_buy_youzan"
ERROR - 2017-05-19 05:30:31 --> Could not find the language line "mynt_buy_jd"
ERROR - 2017-05-19 05:30:31 --> Could not find the language line "mynt_buy_taobao"
ERROR - 2017-05-19 05:30:31 --> Could not find the language line "mynt_buy_tmall"
ERROR - 2017-05-19 05:30:31 --> Could not find the language line "mynt_buy_youzan"
ERROR - 2017-05-19 05:30:31 --> Could not find the language line "mynt_buy_jd"
ERROR - 2017-05-19 05:31:04 --> Could not find the language line "mynt_buy_taobao"
ERROR - 2017-05-19 05:31:04 --> Could not find the language line "mynt_buy_tmall"
ERROR - 2017-05-19 05:31:04 --> Could not find the language line "mynt_buy_youzan"
ERROR - 2017-05-19 05:31:04 --> Could not find the language line "mynt_buy_jd"
ERROR - 2017-05-19 05:32:56 --> Could not find the language line "mynt_buy_taobao"
ERROR - 2017-05-19 05:32:56 --> Could not find the language line "mynt_buy_tmall"
ERROR - 2017-05-19 05:32:56 --> Could not find the language line "mynt_buy_youzan"
ERROR - 2017-05-19 05:32:56 --> Could not find the language line "mynt_buy_jd"
ERROR - 2017-05-19 05:32:56 --> Could not find the language line "mynt_buy_taobao"
ERROR - 2017-05-19 05:32:56 --> Could not find the language line "mynt_buy_tmall"
ERROR - 2017-05-19 05:32:56 --> Could not find the language line "mynt_buy_youzan"
ERROR - 2017-05-19 05:32:56 --> Could not find the language line "mynt_buy_jd"
ERROR - 2017-05-19 06:34:05 --> Could not find the language line "mynt_buy_taobao"
ERROR - 2017-05-19 06:34:05 --> Could not find the language line "mynt_buy_tmall"
ERROR - 2017-05-19 06:34:05 --> Could not find the language line "mynt_buy_youzan"
ERROR - 2017-05-19 06:34:05 --> Could not find the language line "mynt_buy_jd"
ERROR - 2017-05-19 06:34:05 --> Could not find the language line "mynt_buy_taobao"
ERROR - 2017-05-19 06:34:05 --> Could not find the language line "mynt_buy_tmall"
ERROR - 2017-05-19 06:34:05 --> Could not find the language line "mynt_buy_youzan"
ERROR - 2017-05-19 06:34:05 --> Could not find the language line "mynt_buy_jd"
ERROR - 2017-05-19 06:34:09 --> 404 Page Not Found: Camera/2
ERROR - 2017-05-19 06:35:03 --> Severity: Parsing Error --> parse error /Users/fantingsheng/website/application/config/routes.php 131
ERROR - 2017-05-19 06:35:15 --> Could not find the language line "mynt_buy_taobao"
ERROR - 2017-05-19 06:35:15 --> Could not find the language line "mynt_buy_tmall"
ERROR - 2017-05-19 06:35:15 --> Could not find the language line "mynt_buy_youzan"
ERROR - 2017-05-19 06:35:15 --> Could not find the language line "mynt_buy_jd"
ERROR - 2017-05-19 06:35:16 --> Could not find the language line "mynt_buy_taobao"
ERROR - 2017-05-19 06:35:16 --> Could not find the language line "mynt_buy_tmall"
ERROR - 2017-05-19 06:35:16 --> Could not find the language line "mynt_buy_youzan"
ERROR - 2017-05-19 06:35:16 --> Could not find the language line "mynt_buy_jd"
ERROR - 2017-05-19 06:35:16 --> Could not find the language line "mynt_buy_taobao"
ERROR - 2017-05-19 06:35:16 --> Could not find the language line "mynt_buy_tmall"
ERROR - 2017-05-19 06:35:16 --> Could not find the language line "mynt_buy_youzan"
ERROR - 2017-05-19 06:35:16 --> Could not find the language line "mynt_buy_jd"
ERROR - 2017-05-19 06:35:16 --> Could not find the language line "mynt_buy_taobao"
ERROR - 2017-05-19 06:35:16 --> Could not find the language line "mynt_buy_tmall"
ERROR - 2017-05-19 06:35:16 --> Could not find the language line "mynt_buy_youzan"
ERROR - 2017-05-19 06:35:16 --> Could not find the language line "mynt_buy_jd"
ERROR - 2017-05-19 06:35:16 --> Could not find the language line "mynt_buy_taobao"
ERROR - 2017-05-19 06:35:16 --> Could not find the language line "mynt_buy_tmall"
ERROR - 2017-05-19 06:35:16 --> Could not find the language line "mynt_buy_youzan"
ERROR - 2017-05-19 06:35:16 --> Could not find the language line "mynt_buy_jd"
ERROR - 2017-05-19 06:35:17 --> Could not find the language line "mynt_buy_taobao"
ERROR - 2017-05-19 06:35:17 --> Could not find the language line "mynt_buy_tmall"
ERROR - 2017-05-19 06:35:17 --> Could not find the language line "mynt_buy_youzan"
ERROR - 2017-05-19 06:35:17 --> Could not find the language line "mynt_buy_jd"
ERROR - 2017-05-19 06:36:21 --> Could not find the language line "mynt_buy_taobao"
ERROR - 2017-05-19 06:36:21 --> Could not find the language line "mynt_buy_tmall"
ERROR - 2017-05-19 06:36:21 --> Could not find the language line "mynt_buy_youzan"
ERROR - 2017-05-19 06:36:21 --> Could not find the language line "mynt_buy_jd"
ERROR - 2017-05-19 06:36:21 --> Could not find the language line "mynt_buy_taobao"
ERROR - 2017-05-19 06:36:21 --> Could not find the language line "mynt_buy_tmall"
ERROR - 2017-05-19 06:36:21 --> Could not find the language line "mynt_buy_youzan"
ERROR - 2017-05-19 06:36:21 --> Could not find the language line "mynt_buy_jd"
ERROR - 2017-05-19 06:36:42 --> Could not find the language line "mynt_buy_taobao"
ERROR - 2017-05-19 06:36:42 --> Could not find the language line "mynt_buy_tmall"
ERROR - 2017-05-19 06:36:42 --> Could not find the language line "mynt_buy_youzan"
ERROR - 2017-05-19 06:36:42 --> Could not find the language line "mynt_buy_jd"
ERROR - 2017-05-19 06:36:42 --> Could not find the language line "mynt_buy_taobao"
ERROR - 2017-05-19 06:36:42 --> Could not find the language line "mynt_buy_tmall"
ERROR - 2017-05-19 06:36:42 --> Could not find the language line "mynt_buy_youzan"
ERROR - 2017-05-19 06:36:42 --> Could not find the language line "mynt_buy_jd"
ERROR - 2017-05-19 06:36:51 --> Could not find the language line "mynt_buy_taobao"
ERROR - 2017-05-19 06:36:51 --> Could not find the language line "mynt_buy_tmall"
ERROR - 2017-05-19 06:36:51 --> Could not find the language line "mynt_buy_youzan"
ERROR - 2017-05-19 06:36:51 --> Could not find the language line "mynt_buy_jd"
ERROR - 2017-05-19 06:36:51 --> Could not find the language line "mynt_buy_taobao"
ERROR - 2017-05-19 06:36:51 --> Could not find the language line "mynt_buy_tmall"
ERROR - 2017-05-19 06:36:51 --> Could not find the language line "mynt_buy_youzan"
ERROR - 2017-05-19 06:36:51 --> Could not find the language line "mynt_buy_jd"
ERROR - 2017-05-19 06:37:08 --> Could not find the language line "mynt_buy_taobao"
ERROR - 2017-05-19 06:37:08 --> Could not find the language line "mynt_buy_tmall"
ERROR - 2017-05-19 06:37:08 --> Could not find the language line "mynt_buy_youzan"
ERROR - 2017-05-19 06:37:08 --> Could not find the language line "mynt_buy_jd"
ERROR - 2017-05-19 06:37:08 --> Could not find the language line "mynt_buy_taobao"
ERROR - 2017-05-19 06:37:08 --> Could not find the language line "mynt_buy_tmall"
ERROR - 2017-05-19 06:37:08 --> Could not find the language line "mynt_buy_youzan"
ERROR - 2017-05-19 06:37:08 --> Could not find the language line "mynt_buy_jd"
ERROR - 2017-05-19 06:43:23 --> Could not find the language line "mynt_buy_taobao"
ERROR - 2017-05-19 06:43:23 --> Could not find the language line "mynt_buy_tmall"
ERROR - 2017-05-19 06:43:23 --> Could not find the language line "mynt_buy_youzan"
ERROR - 2017-05-19 06:43:23 --> Could not find the language line "mynt_buy_jd"
ERROR - 2017-05-19 06:43:24 --> Could not find the language line "mynt_buy_taobao"
ERROR - 2017-05-19 06:43:24 --> Could not find the language line "mynt_buy_tmall"
ERROR - 2017-05-19 06:43:24 --> Could not find the language line "mynt_buy_youzan"
ERROR - 2017-05-19 06:43:24 --> Could not find the language line "mynt_buy_jd"
ERROR - 2017-05-19 06:43:40 --> Could not find the language line "mynt_buy_taobao"
ERROR - 2017-05-19 06:43:40 --> Could not find the language line "mynt_buy_tmall"
ERROR - 2017-05-19 06:43:40 --> Could not find the language line "mynt_buy_youzan"
ERROR - 2017-05-19 06:43:40 --> Could not find the language line "mynt_buy_jd"
ERROR - 2017-05-19 06:43:46 --> Could not find the language line "mynt_buy_taobao"
ERROR - 2017-05-19 06:43:46 --> Could not find the language line "mynt_buy_tmall"
ERROR - 2017-05-19 06:43:46 --> Could not find the language line "mynt_buy_youzan"
ERROR - 2017-05-19 06:43:46 --> Could not find the language line "mynt_buy_jd"
ERROR - 2017-05-19 06:44:47 --> Could not find the language line "mynt_buy_taobao"
ERROR - 2017-05-19 06:44:47 --> Could not find the language line "mynt_buy_tmall"
ERROR - 2017-05-19 06:44:47 --> Could not find the language line "mynt_buy_youzan"
ERROR - 2017-05-19 06:44:47 --> Could not find the language line "mynt_buy_jd"
ERROR - 2017-05-19 06:44:47 --> Could not find the language line "mynt_buy_taobao"
ERROR - 2017-05-19 06:44:47 --> Could not find the language line "mynt_buy_tmall"
ERROR - 2017-05-19 06:44:47 --> Could not find the language line "mynt_buy_youzan"
ERROR - 2017-05-19 06:44:47 --> Could not find the language line "mynt_buy_jd"
ERROR - 2017-05-19 06:52:52 --> Could not find the language line "mynt_buy_taobao"
ERROR - 2017-05-19 06:52:52 --> Could not find the language line "mynt_buy_tmall"
ERROR - 2017-05-19 06:52:52 --> Could not find the language line "mynt_buy_youzan"
ERROR - 2017-05-19 06:52:52 --> Could not find the language line "mynt_buy_jd"
ERROR - 2017-05-19 06:52:52 --> Could not find the language line "mynt_buy_taobao"
ERROR - 2017-05-19 06:52:52 --> Could not find the language line "mynt_buy_tmall"
ERROR - 2017-05-19 06:52:52 --> Could not find the language line "mynt_buy_youzan"
ERROR - 2017-05-19 06:52:52 --> Could not find the language line "mynt_buy_jd"
ERROR - 2017-05-19 06:53:02 --> Could not find the language line "mynt_buy_taobao"
ERROR - 2017-05-19 06:53:02 --> Could not find the language line "mynt_buy_tmall"
ERROR - 2017-05-19 06:53:02 --> Could not find the language line "mynt_buy_youzan"
ERROR - 2017-05-19 06:53:02 --> Could not find the language line "mynt_buy_jd"
ERROR - 2017-05-19 06:54:34 --> 404 Page Not Found: News/pages
ERROR - 2017-05-19 06:54:39 --> Could not find the language line "mynt_buy_taobao"
ERROR - 2017-05-19 06:54:39 --> Could not find the language line "mynt_buy_tmall"
ERROR - 2017-05-19 06:54:39 --> Could not find the language line "mynt_buy_youzan"
ERROR - 2017-05-19 06:54:39 --> Could not find the language line "mynt_buy_jd"
ERROR - 2017-05-19 07:28:07 --> Could not find the language line "mynt_buy_taobao"
ERROR - 2017-05-19 07:28:07 --> Could not find the language line "mynt_buy_tmall"
ERROR - 2017-05-19 07:28:07 --> Could not find the language line "mynt_buy_youzan"
ERROR - 2017-05-19 07:28:07 --> Could not find the language line "mynt_buy_jd"
ERROR - 2017-05-19 07:28:09 --> Could not find the language line "mynt_buy_taobao"
ERROR - 2017-05-19 07:28:09 --> Could not find the language line "mynt_buy_tmall"
ERROR - 2017-05-19 07:28:09 --> Could not find the language line "mynt_buy_youzan"
ERROR - 2017-05-19 07:28:09 --> Could not find the language line "mynt_buy_jd"
ERROR - 2017-05-19 08:17:23 --> Could not find the language line "mynt_buy_taobao"
ERROR - 2017-05-19 08:17:23 --> Could not find the language line "mynt_buy_tmall"
ERROR - 2017-05-19 08:17:23 --> Could not find the language line "mynt_buy_youzan"
ERROR - 2017-05-19 08:17:23 --> Could not find the language line "mynt_buy_jd"
ERROR - 2017-05-19 08:17:31 --> Could not find the language line "mynt_buy_taobao"
ERROR - 2017-05-19 08:17:31 --> Could not find the language line "mynt_buy_tmall"
ERROR - 2017-05-19 08:17:31 --> Could not find the language line "mynt_buy_youzan"
ERROR - 2017-05-19 08:17:31 --> Could not find the language line "mynt_buy_jd"
ERROR - 2017-05-19 08:37:40 --> Could not find the language line "mynt_buy_taobao"
ERROR - 2017-05-19 08:37:40 --> Could not find the language line "mynt_buy_tmall"
ERROR - 2017-05-19 08:37:40 --> Could not find the language line "mynt_buy_youzan"
ERROR - 2017-05-19 08:37:40 --> Could not find the language line "mynt_buy_jd"
ERROR - 2017-05-19 09:52:37 --> Could not find the language line "mynt_buy_taobao"
ERROR - 2017-05-19 09:52:37 --> Could not find the language line "mynt_buy_tmall"
ERROR - 2017-05-19 09:52:37 --> Could not find the language line "mynt_buy_youzan"
ERROR - 2017-05-19 09:52:37 --> Could not find the language line "mynt_buy_jd"
ERROR - 2017-05-19 09:52:45 --> Could not find the language line "mynt_buy_taobao"
ERROR - 2017-05-19 09:52:45 --> Could not find the language line "mynt_buy_tmall"
ERROR - 2017-05-19 09:52:45 --> Could not find the language line "mynt_buy_youzan"
ERROR - 2017-05-19 09:52:45 --> Could not find the language line "mynt_buy_jd"
