ERROR - 2017-05-21 07:41:07 --> Could not find the language line "home_cloud_title"
ERROR - 2017-05-21 07:41:07 --> Could not find the language line "home_cloud_intro"
ERROR - 2017-05-21 07:41:08 --> Could not find the language line "mynt_buy_taobao"
ERROR - 2017-05-21 07:41:08 --> Could not find the language line "mynt_buy_tmall"
ERROR - 2017-05-21 07:41:08 --> Could not find the language line "mynt_buy_youzan"
ERROR - 2017-05-21 07:41:08 --> Could not find the language line "mynt_buy_jd"
ERROR - 2017-05-21 07:41:24 --> Could not find the language line "mynt_buy_taobao"
ERROR - 2017-05-21 07:41:24 --> Could not find the language line "mynt_buy_tmall"
ERROR - 2017-05-21 07:41:24 --> Could not find the language line "mynt_buy_youzan"
ERROR - 2017-05-21 07:41:24 --> Could not find the language line "mynt_buy_jd"
ERROR - 2017-05-21 07:41:30 --> Could not find the language line "mynt_buy_taobao"
ERROR - 2017-05-21 07:41:30 --> Could not find the language line "mynt_buy_tmall"
ERROR - 2017-05-21 07:41:30 --> Could not find the language line "mynt_buy_youzan"
ERROR - 2017-05-21 07:41:30 --> Could not find the language line "mynt_buy_jd"
ERROR - 2017-05-21 07:41:31 --> Could not find the language line "mynt_buy_taobao"
ERROR - 2017-05-21 07:41:31 --> Could not find the language line "mynt_buy_tmall"
ERROR - 2017-05-21 07:41:31 --> Could not find the language line "mynt_buy_youzan"
ERROR - 2017-05-21 07:41:31 --> Could not find the language line "mynt_buy_jd"
ERROR - 2017-05-21 07:42:16 --> Could not find the language line "mynt_buy_taobao"
ERROR - 2017-05-21 07:42:16 --> Could not find the language line "mynt_buy_tmall"
ERROR - 2017-05-21 07:42:16 --> Could not find the language line "mynt_buy_youzan"
ERROR - 2017-05-21 07:42:16 --> Could not find the language line "mynt_buy_jd"
ERROR - 2017-05-21 07:42:17 --> Could not find the language line "mynt_buy_taobao"
ERROR - 2017-05-21 07:42:17 --> Could not find the language line "mynt_buy_tmall"
ERROR - 2017-05-21 07:42:17 --> Could not find the language line "mynt_buy_youzan"
ERROR - 2017-05-21 07:42:17 --> Could not find the language line "mynt_buy_jd"
ERROR - 2017-05-21 07:42:19 --> Could not find the language line "mynt_buy_taobao"
ERROR - 2017-05-21 07:42:19 --> Could not find the language line "mynt_buy_tmall"
ERROR - 2017-05-21 07:42:19 --> Could not find the language line "mynt_buy_youzan"
ERROR - 2017-05-21 07:42:19 --> Could not find the language line "mynt_buy_jd"
ERROR - 2017-05-21 07:42:19 --> Could not find the language line "mynt_buy_taobao"
ERROR - 2017-05-21 07:42:19 --> Could not find the language line "mynt_buy_tmall"
ERROR - 2017-05-21 07:42:19 --> Could not find the language line "mynt_buy_youzan"
ERROR - 2017-05-21 07:42:19 --> Could not find the language line "mynt_buy_jd"
ERROR - 2017-05-21 07:42:31 --> Could not find the language line "mynt_buy_taobao"
ERROR - 2017-05-21 07:42:31 --> Could not find the language line "mynt_buy_tmall"
ERROR - 2017-05-21 07:42:31 --> Could not find the language line "mynt_buy_youzan"
ERROR - 2017-05-21 07:42:31 --> Could not find the language line "mynt_buy_jd"
ERROR - 2017-05-21 07:42:31 --> Could not find the language line "home_cloud_title"
ERROR - 2017-05-21 07:42:31 --> Could not find the language line "home_cloud_intro"
ERROR - 2017-05-21 07:42:31 --> Could not find the language line "mynt_icon_taobao"
ERROR - 2017-05-21 07:42:31 --> Could not find the language line "mynt_icon_tmall"
ERROR - 2017-05-21 07:42:31 --> Could not find the language line "mynt_icon_youzan"
ERROR - 2017-05-21 07:42:32 --> Could not find the language line "mynt_buy_taobao"
ERROR - 2017-05-21 07:42:32 --> Could not find the language line "mynt_buy_tmall"
ERROR - 2017-05-21 07:42:32 --> Could not find the language line "mynt_buy_youzan"
ERROR - 2017-05-21 07:42:32 --> Could not find the language line "mynt_buy_jd"
ERROR - 2017-05-21 07:47:42 --> Could not find the language line "mynt_buy_taobao"
ERROR - 2017-05-21 07:47:42 --> Could not find the language line "mynt_buy_tmall"
ERROR - 2017-05-21 07:47:42 --> Could not find the language line "mynt_buy_youzan"
ERROR - 2017-05-21 07:47:42 --> Could not find the language line "mynt_buy_jd"
ERROR - 2017-05-21 07:58:41 --> Could not find the language line "mynt_buy_taobao"
ERROR - 2017-05-21 07:58:41 --> Could not find the language line "mynt_buy_tmall"
ERROR - 2017-05-21 07:58:41 --> Could not find the language line "mynt_buy_youzan"
ERROR - 2017-05-21 07:58:41 --> Could not find the language line "mynt_buy_jd"
ERROR - 2017-05-21 08:02:26 --> Could not find the language line "mynt_buy_taobao"
ERROR - 2017-05-21 08:02:26 --> Could not find the language line "mynt_buy_tmall"
ERROR - 2017-05-21 08:02:26 --> Could not find the language line "mynt_buy_youzan"
ERROR - 2017-05-21 08:02:26 --> Could not find the language line "mynt_buy_jd"
ERROR - 2017-05-21 08:02:26 --> Could not find the language line "home_cloud_title"
ERROR - 2017-05-21 08:02:26 --> Could not find the language line "home_cloud_intro"
ERROR - 2017-05-21 08:02:26 --> Could not find the language line "mynt_icon_taobao"
ERROR - 2017-05-21 08:02:26 --> Could not find the language line "mynt_icon_tmall"
ERROR - 2017-05-21 08:02:26 --> Could not find the language line "mynt_icon_youzan"
ERROR - 2017-05-21 08:02:26 --> Could not find the language line "mynt_buy_taobao"
ERROR - 2017-05-21 08:02:26 --> Could not find the language line "mynt_buy_tmall"
ERROR - 2017-05-21 08:02:26 --> Could not find the language line "mynt_buy_youzan"
ERROR - 2017-05-21 08:02:26 --> Could not find the language line "mynt_buy_jd"
ERROR - 2017-05-21 08:02:46 --> Could not find the language line "mynt_buy_taobao"
ERROR - 2017-05-21 08:02:46 --> Could not find the language line "mynt_buy_tmall"
ERROR - 2017-05-21 08:02:46 --> Could not find the language line "mynt_buy_youzan"
ERROR - 2017-05-21 08:02:46 --> Could not find the language line "mynt_buy_jd"
ERROR - 2017-05-21 08:02:54 --> Could not find the language line "mynt_buy_taobao"
ERROR - 2017-05-21 08:02:54 --> Could not find the language line "mynt_buy_tmall"
ERROR - 2017-05-21 08:02:54 --> Could not find the language line "mynt_buy_youzan"
ERROR - 2017-05-21 08:02:54 --> Could not find the language line "mynt_buy_jd"
ERROR - 2017-05-21 08:02:54 --> Could not find the language line "home_cloud_title"
ERROR - 2017-05-21 08:02:54 --> Could not find the language line "home_cloud_intro"
ERROR - 2017-05-21 08:02:54 --> Could not find the language line "mynt_icon_taobao"
ERROR - 2017-05-21 08:02:54 --> Could not find the language line "mynt_icon_tmall"
ERROR - 2017-05-21 08:02:54 --> Could not find the language line "mynt_icon_youzan"
ERROR - 2017-05-21 08:02:54 --> Could not find the language line "mynt_buy_taobao"
ERROR - 2017-05-21 08:02:54 --> Could not find the language line "mynt_buy_tmall"
ERROR - 2017-05-21 08:02:54 --> Could not find the language line "mynt_buy_youzan"
ERROR - 2017-05-21 08:02:54 --> Could not find the language line "mynt_buy_jd"
ERROR - 2017-05-21 08:03:09 --> Could not find the language line "mynt_buy_taobao"
ERROR - 2017-05-21 08:03:09 --> Could not find the language line "mynt_buy_tmall"
ERROR - 2017-05-21 08:03:09 --> Could not find the language line "mynt_buy_youzan"
ERROR - 2017-05-21 08:03:09 --> Could not find the language line "mynt_buy_jd"
ERROR - 2017-05-21 08:03:09 --> Could not find the language line "home_cloud_title"
ERROR - 2017-05-21 08:03:09 --> Could not find the language line "home_cloud_intro"
ERROR - 2017-05-21 08:03:09 --> Could not find the language line "mynt_icon_taobao"
ERROR - 2017-05-21 08:03:09 --> Could not find the language line "mynt_icon_tmall"
ERROR - 2017-05-21 08:03:09 --> Could not find the language line "mynt_icon_youzan"
ERROR - 2017-05-21 08:03:09 --> Could not find the language line "mynt_buy_taobao"
ERROR - 2017-05-21 08:03:09 --> Could not find the language line "mynt_buy_tmall"
ERROR - 2017-05-21 08:03:09 --> Could not find the language line "mynt_buy_youzan"
ERROR - 2017-05-21 08:03:09 --> Could not find the language line "mynt_buy_jd"
ERROR - 2017-05-21 08:03:11 --> Could not find the language line "mynt_buy_taobao"
ERROR - 2017-05-21 08:03:11 --> Could not find the language line "mynt_buy_tmall"
ERROR - 2017-05-21 08:03:11 --> Could not find the language line "mynt_buy_youzan"
ERROR - 2017-05-21 08:03:11 --> Could not find the language line "mynt_buy_jd"
ERROR - 2017-05-21 08:03:11 --> Could not find the language line "home_cloud_title"
ERROR - 2017-05-21 08:03:11 --> Could not find the language line "home_cloud_intro"
ERROR - 2017-05-21 08:03:11 --> Could not find the language line "mynt_icon_taobao"
ERROR - 2017-05-21 08:03:11 --> Could not find the language line "mynt_icon_tmall"
ERROR - 2017-05-21 08:03:11 --> Could not find the language line "mynt_icon_youzan"
ERROR - 2017-05-21 08:03:12 --> Could not find the language line "mynt_buy_taobao"
ERROR - 2017-05-21 08:03:12 --> Could not find the language line "mynt_buy_tmall"
ERROR - 2017-05-21 08:03:12 --> Could not find the language line "mynt_buy_youzan"
ERROR - 2017-05-21 08:03:12 --> Could not find the language line "mynt_buy_jd"
ERROR - 2017-05-21 08:04:23 --> Could not find the language line "mynt_buy_taobao"
ERROR - 2017-05-21 08:04:23 --> Could not find the language line "mynt_buy_tmall"
ERROR - 2017-05-21 08:04:23 --> Could not find the language line "mynt_buy_youzan"
ERROR - 2017-05-21 08:04:23 --> Could not find the language line "mynt_buy_jd"
ERROR - 2017-05-21 08:04:23 --> Could not find the language line "home_cloud_title"
ERROR - 2017-05-21 08:04:23 --> Could not find the language line "home_cloud_intro"
ERROR - 2017-05-21 08:04:23 --> Could not find the language line "mynt_icon_taobao"
ERROR - 2017-05-21 08:04:23 --> Could not find the language line "mynt_icon_tmall"
ERROR - 2017-05-21 08:04:23 --> Could not find the language line "mynt_icon_youzan"
ERROR - 2017-05-21 08:04:23 --> Could not find the language line "mynt_buy_taobao"
ERROR - 2017-05-21 08:04:23 --> Could not find the language line "mynt_buy_tmall"
ERROR - 2017-05-21 08:04:23 --> Could not find the language line "mynt_buy_youzan"
ERROR - 2017-05-21 08:04:23 --> Could not find the language line "mynt_buy_jd"
ERROR - 2017-05-21 08:04:27 --> Could not find the language line "mynt_buy_taobao"
ERROR - 2017-05-21 08:04:27 --> Could not find the language line "mynt_buy_tmall"
ERROR - 2017-05-21 08:04:27 --> Could not find the language line "mynt_buy_youzan"
ERROR - 2017-05-21 08:04:27 --> Could not find the language line "mynt_buy_jd"
ERROR - 2017-05-21 08:04:27 --> Could not find the language line "home_cloud_title"
ERROR - 2017-05-21 08:04:27 --> Could not find the language line "home_cloud_intro"
ERROR - 2017-05-21 08:04:27 --> Could not find the language line "mynt_icon_taobao"
ERROR - 2017-05-21 08:04:27 --> Could not find the language line "mynt_icon_tmall"
ERROR - 2017-05-21 08:04:27 --> Could not find the language line "mynt_icon_youzan"
ERROR - 2017-05-21 08:04:27 --> Could not find the language line "mynt_buy_taobao"
ERROR - 2017-05-21 08:04:27 --> Could not find the language line "mynt_buy_tmall"
ERROR - 2017-05-21 08:04:27 --> Could not find the language line "mynt_buy_youzan"
ERROR - 2017-05-21 08:04:27 --> Could not find the language line "mynt_buy_jd"
ERROR - 2017-05-21 08:04:37 --> Could not find the language line "mynt_buy_taobao"
ERROR - 2017-05-21 08:04:37 --> Could not find the language line "mynt_buy_tmall"
ERROR - 2017-05-21 08:04:37 --> Could not find the language line "mynt_buy_youzan"
ERROR - 2017-05-21 08:04:37 --> Could not find the language line "mynt_buy_jd"
ERROR - 2017-05-21 08:04:37 --> Could not find the language line "home_cloud_title"
ERROR - 2017-05-21 08:04:37 --> Could not find the language line "home_cloud_intro"
ERROR - 2017-05-21 08:04:37 --> Could not find the language line "mynt_icon_taobao"
ERROR - 2017-05-21 08:04:37 --> Could not find the language line "mynt_icon_tmall"
ERROR - 2017-05-21 08:04:37 --> Could not find the language line "mynt_icon_youzan"
ERROR - 2017-05-21 08:04:40 --> Could not find the language line "mynt_buy_taobao"
ERROR - 2017-05-21 08:04:40 --> Could not find the language line "mynt_buy_tmall"
ERROR - 2017-05-21 08:04:40 --> Could not find the language line "mynt_buy_youzan"
ERROR - 2017-05-21 08:04:40 --> Could not find the language line "mynt_buy_jd"
ERROR - 2017-05-21 08:04:48 --> Could not find the language line "mynt_buy_taobao"
ERROR - 2017-05-21 08:04:48 --> Could not find the language line "mynt_buy_tmall"
ERROR - 2017-05-21 08:04:48 --> Could not find the language line "mynt_buy_youzan"
ERROR - 2017-05-21 08:04:48 --> Could not find the language line "mynt_buy_jd"
ERROR - 2017-05-21 08:04:48 --> Could not find the language line "home_cloud_title"
ERROR - 2017-05-21 08:04:48 --> Could not find the language line "home_cloud_intro"
ERROR - 2017-05-21 08:04:48 --> Could not find the language line "mynt_icon_taobao"
ERROR - 2017-05-21 08:04:48 --> Could not find the language line "mynt_icon_tmall"
ERROR - 2017-05-21 08:04:48 --> Could not find the language line "mynt_icon_youzan"
ERROR - 2017-05-21 08:04:48 --> Could not find the language line "mynt_buy_taobao"
ERROR - 2017-05-21 08:04:48 --> Could not find the language line "mynt_buy_tmall"
ERROR - 2017-05-21 08:04:48 --> Could not find the language line "mynt_buy_youzan"
ERROR - 2017-05-21 08:04:48 --> Could not find the language line "mynt_buy_jd"
ERROR - 2017-05-21 08:04:55 --> Could not find the language line "mynt_buy_taobao"
ERROR - 2017-05-21 08:04:55 --> Could not find the language line "mynt_buy_tmall"
ERROR - 2017-05-21 08:04:55 --> Could not find the language line "mynt_buy_youzan"
ERROR - 2017-05-21 08:04:55 --> Could not find the language line "mynt_buy_jd"
ERROR - 2017-05-21 08:05:49 --> Could not find the language line "mynt_buy_taobao"
ERROR - 2017-05-21 08:05:49 --> Could not find the language line "mynt_buy_tmall"
ERROR - 2017-05-21 08:05:49 --> Could not find the language line "mynt_buy_youzan"
ERROR - 2017-05-21 08:05:49 --> Could not find the language line "mynt_buy_jd"
ERROR - 2017-05-21 08:06:19 --> Could not find the language line "mynt_buy_taobao"
ERROR - 2017-05-21 08:06:19 --> Could not find the language line "mynt_buy_tmall"
ERROR - 2017-05-21 08:06:19 --> Could not find the language line "mynt_buy_youzan"
ERROR - 2017-05-21 08:06:19 --> Could not find the language line "mynt_buy_jd"
ERROR - 2017-05-21 08:06:40 --> Could not find the language line "mynt_buy_taobao"
ERROR - 2017-05-21 08:06:40 --> Could not find the language line "mynt_buy_tmall"
ERROR - 2017-05-21 08:06:40 --> Could not find the language line "mynt_buy_youzan"
ERROR - 2017-05-21 08:06:40 --> Could not find the language line "mynt_buy_jd"
ERROR - 2017-05-21 08:08:16 --> Could not find the language line "mynt_buy_taobao"
ERROR - 2017-05-21 08:08:16 --> Could not find the language line "mynt_buy_tmall"
ERROR - 2017-05-21 08:08:16 --> Could not find the language line "mynt_buy_youzan"
ERROR - 2017-05-21 08:08:16 --> Could not find the language line "mynt_buy_jd"
ERROR - 2017-05-21 08:08:20 --> Could not find the language line "mynt_buy_taobao"
ERROR - 2017-05-21 08:08:20 --> Could not find the language line "mynt_buy_tmall"
ERROR - 2017-05-21 08:08:20 --> Could not find the language line "mynt_buy_youzan"
ERROR - 2017-05-21 08:08:20 --> Could not find the language line "mynt_buy_jd"
ERROR - 2017-05-21 08:11:07 --> Could not find the language line "mynt_buy_taobao"
ERROR - 2017-05-21 08:11:07 --> Could not find the language line "mynt_buy_tmall"
ERROR - 2017-05-21 08:11:07 --> Could not find the language line "mynt_buy_youzan"
ERROR - 2017-05-21 08:11:07 --> Could not find the language line "mynt_buy_jd"
ERROR - 2017-05-21 08:11:07 --> Could not find the language line "home_cloud_title"
ERROR - 2017-05-21 08:11:07 --> Could not find the language line "home_cloud_intro"
ERROR - 2017-05-21 08:11:07 --> Could not find the language line "mynt_icon_taobao"
ERROR - 2017-05-21 08:11:07 --> Could not find the language line "mynt_icon_tmall"
ERROR - 2017-05-21 08:11:07 --> Could not find the language line "mynt_icon_youzan"
ERROR - 2017-05-21 08:11:09 --> Could not find the language line "mynt_buy_taobao"
ERROR - 2017-05-21 08:11:09 --> Could not find the language line "mynt_buy_tmall"
ERROR - 2017-05-21 08:11:09 --> Could not find the language line "mynt_buy_youzan"
ERROR - 2017-05-21 08:11:09 --> Could not find the language line "mynt_buy_jd"
ERROR - 2017-05-21 08:14:38 --> Could not find the language line "mynt_buy_taobao"
ERROR - 2017-05-21 08:14:38 --> Could not find the language line "mynt_buy_tmall"
ERROR - 2017-05-21 08:14:38 --> Could not find the language line "mynt_buy_youzan"
ERROR - 2017-05-21 08:14:38 --> Could not find the language line "mynt_buy_jd"
ERROR - 2017-05-21 08:14:38 --> Could not find the language line "home_cloud_title"
ERROR - 2017-05-21 08:14:38 --> Could not find the language line "home_cloud_intro"
ERROR - 2017-05-21 08:14:38 --> Could not find the language line "mynt_icon_taobao"
ERROR - 2017-05-21 08:14:38 --> Could not find the language line "mynt_icon_tmall"
ERROR - 2017-05-21 08:14:38 --> Could not find the language line "mynt_icon_youzan"
ERROR - 2017-05-21 08:14:40 --> Could not find the language line "mynt_buy_taobao"
ERROR - 2017-05-21 08:14:40 --> Could not find the language line "mynt_buy_tmall"
ERROR - 2017-05-21 08:14:40 --> Could not find the language line "mynt_buy_youzan"
ERROR - 2017-05-21 08:14:40 --> Could not find the language line "mynt_buy_jd"
ERROR - 2017-05-21 14:17:08 --> Could not find the language line "mynt_buy_taobao"
ERROR - 2017-05-21 14:17:08 --> Could not find the language line "mynt_buy_tmall"
ERROR - 2017-05-21 14:17:08 --> Could not find the language line "mynt_buy_youzan"
ERROR - 2017-05-21 14:17:08 --> Could not find the language line "mynt_buy_jd"
ERROR - 2017-05-21 14:17:08 --> Could not find the language line "home_cloud_title"
ERROR - 2017-05-21 14:17:08 --> Could not find the language line "home_cloud_intro"
ERROR - 2017-05-21 14:17:08 --> Could not find the language line "mynt_icon_taobao"
ERROR - 2017-05-21 14:17:08 --> Could not find the language line "mynt_icon_tmall"
ERROR - 2017-05-21 14:17:08 --> Could not find the language line "mynt_icon_youzan"
ERROR - 2017-05-21 14:17:08 --> Could not find the language line "mynt_buy_taobao"
ERROR - 2017-05-21 14:17:08 --> Could not find the language line "mynt_buy_tmall"
ERROR - 2017-05-21 14:17:08 --> Could not find the language line "mynt_buy_youzan"
ERROR - 2017-05-21 14:17:08 --> Could not find the language line "mynt_buy_jd"
