ERROR - 2016-05-11 09:10:48 --> Could not find the language line "mynt_buy_taobao"
ERROR - 2016-05-11 09:10:48 --> Could not find the language line "mynt_buy_tmall"
ERROR - 2016-05-11 09:10:48 --> Could not find the language line "mynt_buy_youzan"
ERROR - 2016-05-11 09:10:48 --> Could not find the language line "mynt_icon_taobao"
ERROR - 2016-05-11 09:10:48 --> Could not find the language line "mynt_icon_tmall"
ERROR - 2016-05-11 09:10:48 --> Could not find the language line "mynt_icon_youzan"
ERROR - 2016-05-11 09:10:53 --> Could not find the language line "mynt_buy_taobao"
ERROR - 2016-05-11 09:10:53 --> Could not find the language line "mynt_buy_tmall"
ERROR - 2016-05-11 09:10:53 --> Could not find the language line "mynt_buy_youzan"
ERROR - 2016-05-11 09:10:53 --> Could not find the language line "mynt_icon_taobao"
ERROR - 2016-05-11 09:10:53 --> Could not find the language line "mynt_icon_tmall"
ERROR - 2016-05-11 09:10:53 --> Could not find the language line "mynt_icon_youzan"
ERROR - 2016-05-11 09:10:54 --> Could not find the language line "mynt_buy_taobao"
ERROR - 2016-05-11 09:10:54 --> Could not find the language line "mynt_buy_tmall"
ERROR - 2016-05-11 09:10:54 --> Could not find the language line "mynt_buy_youzan"
ERROR - 2016-05-11 09:10:55 --> Could not find the language line "mynt_buy_taobao"
ERROR - 2016-05-11 09:10:55 --> Could not find the language line "mynt_buy_tmall"
ERROR - 2016-05-11 09:10:55 --> Could not find the language line "mynt_buy_youzan"
ERROR - 2016-05-11 09:10:55 --> Could not find the language line "mynt_icon_taobao"
ERROR - 2016-05-11 09:10:55 --> Could not find the language line "mynt_icon_tmall"
ERROR - 2016-05-11 09:10:55 --> Could not find the language line "mynt_icon_youzan"
ERROR - 2016-05-11 14:15:18 --> Could not find the language line "mynt_buy_taobao"
ERROR - 2016-05-11 14:15:18 --> Could not find the language line "mynt_buy_tmall"
ERROR - 2016-05-11 14:15:18 --> Could not find the language line "mynt_buy_youzan"
ERROR - 2016-05-11 14:16:01 --> Could not find the language line "mynt_buy_taobao"
ERROR - 2016-05-11 14:16:01 --> Could not find the language line "mynt_buy_tmall"
ERROR - 2016-05-11 14:16:01 --> Could not find the language line "mynt_buy_youzan"
ERROR - 2016-05-11 14:16:45 --> Could not find the language line "mynt_buy_taobao"
ERROR - 2016-05-11 14:16:45 --> Could not find the language line "mynt_buy_tmall"
ERROR - 2016-05-11 14:16:45 --> Could not find the language line "mynt_buy_youzan"
ERROR - 2016-05-11 14:16:45 --> Could not find the language line "mynt_icon_taobao"
ERROR - 2016-05-11 14:16:45 --> Could not find the language line "mynt_icon_tmall"
ERROR - 2016-05-11 14:16:45 --> Could not find the language line "mynt_icon_youzan"
ERROR - 2016-05-11 14:16:45 --> Could not find the language line "mynt_jd_detail"
ERROR - 2016-05-11 14:16:45 --> Could not find the language line "to_buy_wd"
ERROR - 2016-05-11 14:16:45 --> Could not find the language line "slightech_wechat"
ERROR - 2016-05-11 14:16:45 --> Could not find the language line "camera_no_lost"
ERROR - 2016-05-11 14:16:45 --> Could not find the language line "key_no_lost"
ERROR - 2016-05-11 14:16:45 --> Could not find the language line "bag_no_lost"
ERROR - 2016-05-11 14:16:45 --> Could not find the language line "computer_no_lost"
ERROR - 2016-05-11 14:16:45 --> Could not find the language line "pet_no_lost"
ERROR - 2016-05-11 14:16:45 --> Could not find the language line "goal"
ERROR - 2016-05-11 14:16:45 --> Could not find the language line "fund_title"
ERROR - 2016-05-11 14:16:45 --> Could not find the language line "fund_intro"
ERROR - 2016-05-11 14:16:59 --> Could not find the language line "mynt_buy_taobao"
ERROR - 2016-05-11 14:16:59 --> Could not find the language line "mynt_buy_tmall"
ERROR - 2016-05-11 14:16:59 --> Could not find the language line "mynt_buy_youzan"
ERROR - 2016-05-11 14:17:06 --> Could not find the language line "mynt_buy_taobao"
ERROR - 2016-05-11 14:17:06 --> Could not find the language line "mynt_buy_tmall"
ERROR - 2016-05-11 14:17:06 --> Could not find the language line "mynt_buy_youzan"
ERROR - 2016-05-11 14:17:06 --> Could not find the language line "about_keywords"
ERROR - 2016-05-11 14:17:06 --> Could not find the language line "about_facebook"
ERROR - 2016-05-11 14:17:06 --> Could not find the language line "about_twitter"
ERROR - 2016-05-11 14:17:06 --> Could not find the language line "about_weibo"
ERROR - 2016-05-11 14:17:25 --> Could not find the language line "mynt_buy_taobao"
ERROR - 2016-05-11 14:17:25 --> Could not find the language line "mynt_buy_tmall"
ERROR - 2016-05-11 14:17:25 --> Could not find the language line "mynt_buy_youzan"
ERROR - 2016-05-11 14:17:25 --> Could not find the language line "mynt_icon_taobao"
ERROR - 2016-05-11 14:17:25 --> Could not find the language line "mynt_icon_tmall"
ERROR - 2016-05-11 14:17:25 --> Could not find the language line "mynt_icon_youzan"
ERROR - 2016-05-11 15:09:58 --> Could not find the language line "mynt_buy_taobao"
ERROR - 2016-05-11 15:09:58 --> Could not find the language line "mynt_buy_tmall"
ERROR - 2016-05-11 15:09:58 --> Could not find the language line "mynt_buy_youzan"
