ERROR - 2017-05-23 07:25:29 --> Could not find the language line "mynt_buy_taobao"
ERROR - 2017-05-23 07:25:29 --> Could not find the language line "mynt_buy_tmall"
ERROR - 2017-05-23 07:25:29 --> Could not find the language line "mynt_buy_youzan"
ERROR - 2017-05-23 07:25:29 --> Could not find the language line "mynt_buy_jd"
ERROR - 2017-05-23 07:25:29 --> Could not find the language line "home_cloud_title"
ERROR - 2017-05-23 07:25:29 --> Could not find the language line "home_cloud_intro"
ERROR - 2017-05-23 07:25:29 --> Could not find the language line "mynt_icon_taobao"
ERROR - 2017-05-23 07:25:29 --> Could not find the language line "mynt_icon_tmall"
ERROR - 2017-05-23 07:25:29 --> Could not find the language line "mynt_icon_youzan"
ERROR - 2017-05-23 07:25:30 --> Could not find the language line "mynt_buy_taobao"
ERROR - 2017-05-23 07:25:30 --> Could not find the language line "mynt_buy_tmall"
ERROR - 2017-05-23 07:25:30 --> Could not find the language line "mynt_buy_youzan"
ERROR - 2017-05-23 07:25:30 --> Could not find the language line "mynt_buy_jd"
ERROR - 2017-05-23 07:25:40 --> Could not find the language line "mynt_buy_taobao"
ERROR - 2017-05-23 07:25:40 --> Could not find the language line "mynt_buy_tmall"
ERROR - 2017-05-23 07:25:40 --> Could not find the language line "mynt_buy_youzan"
ERROR - 2017-05-23 07:25:40 --> Could not find the language line "mynt_buy_jd"
ERROR - 2017-05-23 07:26:40 --> Could not find the language line "mynt_buy_taobao"
ERROR - 2017-05-23 07:26:40 --> Could not find the language line "mynt_buy_tmall"
ERROR - 2017-05-23 07:26:40 --> Could not find the language line "mynt_buy_youzan"
ERROR - 2017-05-23 07:26:40 --> Could not find the language line "mynt_buy_jd"
ERROR - 2017-05-23 07:27:22 --> Could not find the language line "mynt_buy_taobao"
ERROR - 2017-05-23 07:27:22 --> Could not find the language line "mynt_buy_tmall"
ERROR - 2017-05-23 07:27:22 --> Could not find the language line "mynt_buy_youzan"
ERROR - 2017-05-23 07:27:22 --> Could not find the language line "mynt_buy_jd"
ERROR - 2017-05-23 07:28:21 --> Could not find the language line "mynt_buy_taobao"
ERROR - 2017-05-23 07:28:21 --> Could not find the language line "mynt_buy_tmall"
ERROR - 2017-05-23 07:28:21 --> Could not find the language line "mynt_buy_youzan"
ERROR - 2017-05-23 07:28:21 --> Could not find the language line "mynt_buy_jd"
ERROR - 2017-05-23 07:28:22 --> Could not find the language line "mynt_buy_taobao"
ERROR - 2017-05-23 07:28:22 --> Could not find the language line "mynt_buy_tmall"
ERROR - 2017-05-23 07:28:22 --> Could not find the language line "mynt_buy_youzan"
ERROR - 2017-05-23 07:28:22 --> Could not find the language line "mynt_buy_jd"
ERROR - 2017-05-23 07:28:23 --> Could not find the language line "mynt_buy_taobao"
ERROR - 2017-05-23 07:28:23 --> Could not find the language line "mynt_buy_tmall"
ERROR - 2017-05-23 07:28:23 --> Could not find the language line "mynt_buy_youzan"
ERROR - 2017-05-23 07:28:23 --> Could not find the language line "mynt_buy_jd"
ERROR - 2017-05-23 07:28:23 --> Could not find the language line "mynt_buy_taobao"
ERROR - 2017-05-23 07:28:23 --> Could not find the language line "mynt_buy_tmall"
ERROR - 2017-05-23 07:28:23 --> Could not find the language line "mynt_buy_youzan"
ERROR - 2017-05-23 07:28:23 --> Could not find the language line "mynt_buy_jd"
ERROR - 2017-05-23 07:28:23 --> Could not find the language line "mynt_buy_taobao"
ERROR - 2017-05-23 07:28:23 --> Could not find the language line "mynt_buy_tmall"
ERROR - 2017-05-23 07:28:23 --> Could not find the language line "mynt_buy_youzan"
ERROR - 2017-05-23 07:28:23 --> Could not find the language line "mynt_buy_jd"
ERROR - 2017-05-23 07:28:23 --> Could not find the language line "mynt_buy_taobao"
ERROR - 2017-05-23 07:28:23 --> Could not find the language line "mynt_buy_tmall"
ERROR - 2017-05-23 07:28:23 --> Could not find the language line "mynt_buy_youzan"
ERROR - 2017-05-23 07:28:23 --> Could not find the language line "mynt_buy_jd"
ERROR - 2017-05-23 07:28:24 --> Could not find the language line "mynt_buy_taobao"
ERROR - 2017-05-23 07:28:24 --> Could not find the language line "mynt_buy_tmall"
ERROR - 2017-05-23 07:28:24 --> Could not find the language line "mynt_buy_youzan"
ERROR - 2017-05-23 07:28:24 --> Could not find the language line "mynt_buy_jd"
ERROR - 2017-05-23 07:28:24 --> Could not find the language line "mynt_buy_taobao"
ERROR - 2017-05-23 07:28:24 --> Could not find the language line "mynt_buy_tmall"
ERROR - 2017-05-23 07:28:24 --> Could not find the language line "mynt_buy_youzan"
ERROR - 2017-05-23 07:28:24 --> Could not find the language line "mynt_buy_jd"
ERROR - 2017-05-23 07:28:25 --> Could not find the language line "mynt_buy_taobao"
ERROR - 2017-05-23 07:28:25 --> Could not find the language line "mynt_buy_tmall"
ERROR - 2017-05-23 07:28:25 --> Could not find the language line "mynt_buy_youzan"
ERROR - 2017-05-23 07:28:25 --> Could not find the language line "mynt_buy_jd"
ERROR - 2017-05-23 07:28:26 --> Could not find the language line "mynt_buy_taobao"
ERROR - 2017-05-23 07:28:26 --> Could not find the language line "mynt_buy_tmall"
ERROR - 2017-05-23 07:28:26 --> Could not find the language line "mynt_buy_youzan"
ERROR - 2017-05-23 07:28:26 --> Could not find the language line "mynt_buy_jd"
ERROR - 2017-05-23 07:28:44 --> 404 Page Not Found: En/help
ERROR - 2017-05-23 07:31:47 --> 404 Page Not Found: 
ERROR - 2017-05-23 07:31:49 --> 404 Page Not Found: 
ERROR - 2017-05-23 07:34:01 --> Could not find the language line "mynt_buy_taobao"
ERROR - 2017-05-23 07:34:01 --> Could not find the language line "mynt_buy_tmall"
ERROR - 2017-05-23 07:34:01 --> Could not find the language line "mynt_buy_youzan"
ERROR - 2017-05-23 07:34:01 --> Could not find the language line "mynt_buy_jd"
ERROR - 2017-05-23 07:34:02 --> 404 Page Not Found: 
ERROR - 2017-05-23 07:34:52 --> Could not find the language line "mynt_buy_taobao"
ERROR - 2017-05-23 07:34:52 --> Could not find the language line "mynt_buy_tmall"
ERROR - 2017-05-23 07:34:52 --> Could not find the language line "mynt_buy_youzan"
ERROR - 2017-05-23 07:34:52 --> Could not find the language line "mynt_buy_jd"
ERROR - 2017-05-23 07:34:52 --> 404 Page Not Found: 
ERROR - 2017-05-23 07:34:53 --> Could not find the language line "mynt_buy_taobao"
ERROR - 2017-05-23 07:34:53 --> Could not find the language line "mynt_buy_tmall"
ERROR - 2017-05-23 07:34:53 --> Could not find the language line "mynt_buy_youzan"
ERROR - 2017-05-23 07:34:53 --> Could not find the language line "mynt_buy_jd"
ERROR - 2017-05-23 07:34:53 --> 404 Page Not Found: 
ERROR - 2017-05-23 07:34:53 --> Could not find the language line "mynt_buy_taobao"
ERROR - 2017-05-23 07:34:53 --> Could not find the language line "mynt_buy_tmall"
ERROR - 2017-05-23 07:34:53 --> Could not find the language line "mynt_buy_youzan"
ERROR - 2017-05-23 07:34:53 --> Could not find the language line "mynt_buy_jd"
ERROR - 2017-05-23 07:34:53 --> 404 Page Not Found: 
ERROR - 2017-05-23 07:34:54 --> Could not find the language line "mynt_buy_taobao"
ERROR - 2017-05-23 07:34:54 --> Could not find the language line "mynt_buy_tmall"
ERROR - 2017-05-23 07:34:54 --> Could not find the language line "mynt_buy_youzan"
ERROR - 2017-05-23 07:34:54 --> Could not find the language line "mynt_buy_jd"
ERROR - 2017-05-23 07:34:54 --> 404 Page Not Found: 
ERROR - 2017-05-23 07:34:54 --> Could not find the language line "mynt_buy_taobao"
ERROR - 2017-05-23 07:34:54 --> Could not find the language line "mynt_buy_tmall"
ERROR - 2017-05-23 07:34:54 --> Could not find the language line "mynt_buy_youzan"
ERROR - 2017-05-23 07:34:54 --> Could not find the language line "mynt_buy_jd"
ERROR - 2017-05-23 07:34:54 --> 404 Page Not Found: 
ERROR - 2017-05-23 07:34:54 --> Could not find the language line "mynt_buy_taobao"
ERROR - 2017-05-23 07:34:54 --> Could not find the language line "mynt_buy_tmall"
ERROR - 2017-05-23 07:34:54 --> Could not find the language line "mynt_buy_youzan"
ERROR - 2017-05-23 07:34:54 --> Could not find the language line "mynt_buy_jd"
ERROR - 2017-05-23 07:34:54 --> 404 Page Not Found: 
ERROR - 2017-05-23 07:34:54 --> Could not find the language line "mynt_buy_taobao"
ERROR - 2017-05-23 07:34:54 --> Could not find the language line "mynt_buy_tmall"
ERROR - 2017-05-23 07:34:54 --> Could not find the language line "mynt_buy_youzan"
ERROR - 2017-05-23 07:34:54 --> Could not find the language line "mynt_buy_jd"
ERROR - 2017-05-23 07:34:54 --> 404 Page Not Found: 
ERROR - 2017-05-23 07:36:10 --> Could not find the language line "mynt_buy_taobao"
ERROR - 2017-05-23 07:36:10 --> Could not find the language line "mynt_buy_tmall"
ERROR - 2017-05-23 07:36:10 --> Could not find the language line "mynt_buy_youzan"
ERROR - 2017-05-23 07:36:10 --> Could not find the language line "mynt_buy_jd"
ERROR - 2017-05-23 07:36:10 --> 404 Page Not Found: 
ERROR - 2017-05-23 09:53:49 --> 404 Page Not Found: 
ERROR - 2017-05-23 09:53:52 --> 404 Page Not Found: 
ERROR - 2017-05-23 09:54:13 --> 404 Page Not Found: 
ERROR - 2017-05-23 09:54:15 --> 404 Page Not Found: 
ERROR - 2017-05-23 09:54:23 --> 404 Page Not Found: 
ERROR - 2017-05-23 09:54:32 --> Could not find the language line "mynt_buy_taobao"
ERROR - 2017-05-23 09:54:32 --> Could not find the language line "mynt_buy_tmall"
ERROR - 2017-05-23 09:54:32 --> Could not find the language line "mynt_buy_youzan"
ERROR - 2017-05-23 09:54:32 --> Could not find the language line "mynt_buy_jd"
ERROR - 2017-05-23 09:54:32 --> 404 Page Not Found: 
ERROR - 2017-05-23 09:54:32 --> Could not find the language line "mynt_buy_taobao"
ERROR - 2017-05-23 09:54:32 --> Could not find the language line "mynt_buy_tmall"
ERROR - 2017-05-23 09:54:32 --> Could not find the language line "mynt_buy_youzan"
ERROR - 2017-05-23 09:54:32 --> Could not find the language line "mynt_buy_jd"
ERROR - 2017-05-23 09:54:32 --> 404 Page Not Found: 
ERROR - 2017-05-23 09:54:32 --> Could not find the language line "mynt_buy_taobao"
ERROR - 2017-05-23 09:54:32 --> Could not find the language line "mynt_buy_tmall"
ERROR - 2017-05-23 09:54:32 --> Could not find the language line "mynt_buy_youzan"
ERROR - 2017-05-23 09:54:32 --> Could not find the language line "mynt_buy_jd"
ERROR - 2017-05-23 09:54:32 --> 404 Page Not Found: 
ERROR - 2017-05-23 09:54:33 --> Could not find the language line "mynt_buy_taobao"
ERROR - 2017-05-23 09:54:33 --> Could not find the language line "mynt_buy_tmall"
ERROR - 2017-05-23 09:54:33 --> Could not find the language line "mynt_buy_youzan"
ERROR - 2017-05-23 09:54:33 --> Could not find the language line "mynt_buy_jd"
ERROR - 2017-05-23 09:54:33 --> 404 Page Not Found: 
ERROR - 2017-05-23 09:54:33 --> Could not find the language line "mynt_buy_taobao"
ERROR - 2017-05-23 09:54:33 --> Could not find the language line "mynt_buy_tmall"
ERROR - 2017-05-23 09:54:33 --> Could not find the language line "mynt_buy_youzan"
ERROR - 2017-05-23 09:54:33 --> Could not find the language line "mynt_buy_jd"
ERROR - 2017-05-23 09:54:33 --> 404 Page Not Found: 
ERROR - 2017-05-23 09:54:33 --> Could not find the language line "mynt_buy_taobao"
ERROR - 2017-05-23 09:54:33 --> Could not find the language line "mynt_buy_tmall"
ERROR - 2017-05-23 09:54:33 --> Could not find the language line "mynt_buy_youzan"
ERROR - 2017-05-23 09:54:33 --> Could not find the language line "mynt_buy_jd"
ERROR - 2017-05-23 09:54:33 --> 404 Page Not Found: 
ERROR - 2017-05-23 09:54:34 --> Could not find the language line "mynt_buy_taobao"
ERROR - 2017-05-23 09:54:34 --> Could not find the language line "mynt_buy_tmall"
ERROR - 2017-05-23 09:54:34 --> Could not find the language line "mynt_buy_youzan"
ERROR - 2017-05-23 09:54:34 --> Could not find the language line "mynt_buy_jd"
ERROR - 2017-05-23 09:54:34 --> 404 Page Not Found: 
ERROR - 2017-05-23 09:54:34 --> Could not find the language line "mynt_buy_taobao"
ERROR - 2017-05-23 09:54:34 --> Could not find the language line "mynt_buy_tmall"
ERROR - 2017-05-23 09:54:34 --> Could not find the language line "mynt_buy_youzan"
ERROR - 2017-05-23 09:54:34 --> Could not find the language line "mynt_buy_jd"
ERROR - 2017-05-23 09:54:34 --> 404 Page Not Found: 
ERROR - 2017-05-23 09:54:34 --> Could not find the language line "mynt_buy_taobao"
ERROR - 2017-05-23 09:54:34 --> Could not find the language line "mynt_buy_tmall"
ERROR - 2017-05-23 09:54:34 --> Could not find the language line "mynt_buy_youzan"
ERROR - 2017-05-23 09:54:34 --> Could not find the language line "mynt_buy_jd"
ERROR - 2017-05-23 09:54:34 --> 404 Page Not Found: 
ERROR - 2017-05-23 09:54:34 --> Could not find the language line "mynt_buy_taobao"
ERROR - 2017-05-23 09:54:34 --> Could not find the language line "mynt_buy_tmall"
ERROR - 2017-05-23 09:54:34 --> Could not find the language line "mynt_buy_youzan"
ERROR - 2017-05-23 09:54:34 --> Could not find the language line "mynt_buy_jd"
ERROR - 2017-05-23 09:54:34 --> 404 Page Not Found: 
ERROR - 2017-05-23 09:54:35 --> Could not find the language line "mynt_buy_taobao"
ERROR - 2017-05-23 09:54:35 --> Could not find the language line "mynt_buy_tmall"
ERROR - 2017-05-23 09:54:35 --> Could not find the language line "mynt_buy_youzan"
ERROR - 2017-05-23 09:54:35 --> Could not find the language line "mynt_buy_jd"
ERROR - 2017-05-23 09:54:35 --> 404 Page Not Found: 
ERROR - 2017-05-23 09:54:35 --> Could not find the language line "mynt_buy_taobao"
ERROR - 2017-05-23 09:54:35 --> Could not find the language line "mynt_buy_tmall"
ERROR - 2017-05-23 09:54:35 --> Could not find the language line "mynt_buy_youzan"
ERROR - 2017-05-23 09:54:35 --> Could not find the language line "mynt_buy_jd"
ERROR - 2017-05-23 09:54:35 --> 404 Page Not Found: 
ERROR - 2017-05-23 09:54:35 --> Could not find the language line "mynt_buy_taobao"
ERROR - 2017-05-23 09:54:35 --> Could not find the language line "mynt_buy_tmall"
ERROR - 2017-05-23 09:54:35 --> Could not find the language line "mynt_buy_youzan"
ERROR - 2017-05-23 09:54:35 --> Could not find the language line "mynt_buy_jd"
ERROR - 2017-05-23 09:54:35 --> 404 Page Not Found: 
ERROR - 2017-05-23 09:54:44 --> 404 Page Not Found: 
ERROR - 2017-05-23 09:54:49 --> 404 Page Not Found: 
ERROR - 2017-05-23 09:54:57 --> 404 Page Not Found: 
ERROR - 2017-05-23 09:55:33 --> 404 Page Not Found: 
ERROR - 2017-05-23 09:55:36 --> 404 Page Not Found: 
ERROR - 2017-05-23 09:56:30 --> 404 Page Not Found: 
ERROR - 2017-05-23 09:56:30 --> 404 Page Not Found: 
ERROR - 2017-05-23 09:56:31 --> 404 Page Not Found: 
ERROR - 2017-05-23 09:56:31 --> 404 Page Not Found: 
ERROR - 2017-05-23 09:59:14 --> Could not find the language line "mynt_buy_taobao"
ERROR - 2017-05-23 09:59:14 --> Could not find the language line "mynt_buy_tmall"
ERROR - 2017-05-23 09:59:14 --> Could not find the language line "mynt_buy_youzan"
ERROR - 2017-05-23 09:59:14 --> Could not find the language line "mynt_buy_jd"
ERROR - 2017-05-23 09:59:38 --> Could not find the language line "about_keywords"
ERROR - 2017-05-23 09:59:38 --> Could not find the language line "mynt_buy_taobao"
ERROR - 2017-05-23 09:59:38 --> Could not find the language line "mynt_buy_tmall"
ERROR - 2017-05-23 09:59:38 --> Could not find the language line "mynt_buy_youzan"
ERROR - 2017-05-23 09:59:38 --> Could not find the language line "mynt_buy_jd"
ERROR - 2017-05-23 10:03:18 --> Could not find the language line "mynt_buy_taobao"
ERROR - 2017-05-23 10:03:18 --> Could not find the language line "mynt_buy_tmall"
ERROR - 2017-05-23 10:03:18 --> Could not find the language line "mynt_buy_youzan"
ERROR - 2017-05-23 10:03:18 --> Could not find the language line "mynt_buy_jd"
ERROR - 2017-05-23 10:07:41 --> Could not find the language line "mynt_buy_taobao"
ERROR - 2017-05-23 10:07:41 --> Could not find the language line "mynt_buy_tmall"
ERROR - 2017-05-23 10:07:41 --> Could not find the language line "mynt_buy_youzan"
ERROR - 2017-05-23 10:07:41 --> Could not find the language line "mynt_buy_jd"
ERROR - 2017-05-23 14:46:17 --> Could not find the language line "mynt_buy_taobao"
ERROR - 2017-05-23 14:46:17 --> Could not find the language line "mynt_buy_tmall"
ERROR - 2017-05-23 14:46:17 --> Could not find the language line "mynt_buy_youzan"
ERROR - 2017-05-23 14:46:17 --> Could not find the language line "mynt_buy_jd"
