ERROR - 2016-07-07 03:45:22 --> Could not find the language line "mynt_buy_taobao"
ERROR - 2016-07-07 03:45:22 --> Could not find the language line "mynt_buy_tmall"
ERROR - 2016-07-07 03:45:22 --> Could not find the language line "mynt_buy_youzan"
ERROR - 2016-07-07 03:45:24 --> Could not find the language line "mynt_buy_taobao"
ERROR - 2016-07-07 03:45:24 --> Could not find the language line "mynt_buy_tmall"
ERROR - 2016-07-07 03:45:24 --> Could not find the language line "mynt_buy_youzan"
ERROR - 2016-07-07 03:45:24 --> Could not find the language line "about_keywords"
ERROR - 2016-07-07 03:45:24 --> Could not find the language line "about_facebook"
ERROR - 2016-07-07 03:45:24 --> Could not find the language line "about_twitter"
ERROR - 2016-07-07 03:45:24 --> Could not find the language line "about_weibo"
ERROR - 2016-07-07 03:45:24 --> Could not find the language line "mynt_buy_taobao"
ERROR - 2016-07-07 03:45:24 --> Could not find the language line "mynt_buy_tmall"
ERROR - 2016-07-07 03:45:24 --> Could not find the language line "mynt_buy_youzan"
ERROR - 2016-07-07 03:45:31 --> Could not find the language line "mynt_buy_taobao"
ERROR - 2016-07-07 03:45:31 --> Could not find the language line "mynt_buy_tmall"
ERROR - 2016-07-07 03:45:31 --> Could not find the language line "mynt_buy_youzan"
ERROR - 2016-07-07 03:45:38 --> Could not find the language line "mynt_buy_amazon"
ERROR - 2016-07-07 03:45:38 --> Could not find the language line "about_keywords"
ERROR - 2016-07-07 03:45:38 --> Could not find the language line "about_company"
ERROR - 2016-07-07 03:45:38 --> Could not find the language line "mynt_buy_taobao"
ERROR - 2016-07-07 03:45:38 --> Could not find the language line "mynt_buy_tmall"
ERROR - 2016-07-07 03:45:38 --> Could not find the language line "mynt_buy_youzan"
ERROR - 2016-07-07 03:46:44 --> Could not find the language line "mynt_buy_amazon"
ERROR - 2016-07-07 03:46:44 --> Could not find the language line "about_keywords"
ERROR - 2016-07-07 03:46:44 --> Could not find the language line "about_company"
ERROR - 2016-07-07 03:46:45 --> Could not find the language line "mynt_buy_taobao"
ERROR - 2016-07-07 03:46:45 --> Could not find the language line "mynt_buy_tmall"
ERROR - 2016-07-07 03:46:45 --> Could not find the language line "mynt_buy_youzan"
ERROR - 2016-07-07 03:47:35 --> Could not find the language line "mynt_buy_amazon"
ERROR - 2016-07-07 03:47:35 --> Could not find the language line "about_keywords"
ERROR - 2016-07-07 03:47:35 --> Could not find the language line "about_company"
ERROR - 2016-07-07 03:47:35 --> Could not find the language line "mynt_buy_taobao"
ERROR - 2016-07-07 03:47:35 --> Could not find the language line "mynt_buy_tmall"
ERROR - 2016-07-07 03:47:35 --> Could not find the language line "mynt_buy_youzan"
