ERROR - 2017-08-22 01:32:39 --> Could not find the language line "mynt_buy_amazon"
ERROR - 2017-08-22 01:41:19 --> Could not find the language line "mynt_buy_amazon"
ERROR - 2017-08-22 01:41:19 --> Could not find the language line "home_slife_title"
ERROR - 2017-08-22 01:41:19 --> Could not find the language line "mynt_icon_buy"
ERROR - 2017-08-22 01:41:29 --> Could not find the language line "mynt_buy_amazon"
ERROR - 2017-08-22 01:41:29 --> Could not find the language line "home_slife_title"
ERROR - 2017-08-22 01:41:29 --> Could not find the language line "mynt_icon_buy"
ERROR - 2017-08-22 01:41:47 --> Could not find the language line "mynt_buy_amazon"
ERROR - 2017-08-22 01:41:47 --> Could not find the language line "home_slife_title"
ERROR - 2017-08-22 01:41:47 --> Could not find the language line "mynt_icon_buy"
ERROR - 2017-08-22 01:45:24 --> Could not find the language line "mynt_buy_amazon"
ERROR - 2017-08-22 01:45:24 --> Could not find the language line "home_slife_title"
ERROR - 2017-08-22 01:45:24 --> Could not find the language line "mynt_icon_buy"
ERROR - 2017-08-22 01:49:02 --> Could not find the language line "mynt_buy_amazon"
ERROR - 2017-08-22 01:49:02 --> Could not find the language line "home_slife_title"
ERROR - 2017-08-22 01:49:02 --> Could not find the language line "mynt_icon_buy"
ERROR - 2017-08-22 01:49:03 --> Could not find the language line "mynt_buy_amazon"
ERROR - 2017-08-22 01:49:03 --> Could not find the language line "home_slife_title"
ERROR - 2017-08-22 01:49:03 --> Could not find the language line "mynt_icon_buy"
ERROR - 2017-08-22 01:49:04 --> Could not find the language line "mynt_buy_amazon"
ERROR - 2017-08-22 01:49:04 --> Could not find the language line "home_slife_title"
ERROR - 2017-08-22 01:49:04 --> Could not find the language line "mynt_icon_buy"
ERROR - 2017-08-22 01:49:05 --> Could not find the language line "mynt_buy_amazon"
ERROR - 2017-08-22 01:49:05 --> Could not find the language line "home_slife_title"
ERROR - 2017-08-22 01:49:05 --> Could not find the language line "mynt_icon_buy"
ERROR - 2017-08-22 01:49:06 --> Could not find the language line "mynt_buy_amazon"
ERROR - 2017-08-22 01:49:06 --> Could not find the language line "home_slife_title"
ERROR - 2017-08-22 01:49:06 --> Could not find the language line "mynt_icon_buy"
ERROR - 2017-08-22 01:49:06 --> Could not find the language line "mynt_buy_amazon"
ERROR - 2017-08-22 01:49:06 --> Could not find the language line "home_slife_title"
ERROR - 2017-08-22 01:49:06 --> Could not find the language line "mynt_icon_buy"
ERROR - 2017-08-22 01:49:06 --> Could not find the language line "mynt_buy_amazon"
ERROR - 2017-08-22 01:49:06 --> Could not find the language line "home_slife_title"
ERROR - 2017-08-22 01:49:06 --> Could not find the language line "mynt_icon_buy"
ERROR - 2017-08-22 01:49:06 --> Could not find the language line "mynt_buy_amazon"
ERROR - 2017-08-22 01:49:06 --> Could not find the language line "home_slife_title"
ERROR - 2017-08-22 01:49:06 --> Could not find the language line "mynt_icon_buy"
ERROR - 2017-08-22 01:49:06 --> Could not find the language line "mynt_buy_amazon"
ERROR - 2017-08-22 01:49:06 --> Could not find the language line "home_slife_title"
ERROR - 2017-08-22 01:49:06 --> Could not find the language line "mynt_icon_buy"
ERROR - 2017-08-22 01:49:07 --> Could not find the language line "mynt_buy_amazon"
ERROR - 2017-08-22 01:49:07 --> Could not find the language line "home_slife_title"
ERROR - 2017-08-22 01:49:07 --> Could not find the language line "mynt_icon_buy"
ERROR - 2017-08-22 01:49:07 --> Could not find the language line "mynt_buy_amazon"
ERROR - 2017-08-22 01:49:07 --> Could not find the language line "home_slife_title"
ERROR - 2017-08-22 01:49:07 --> Could not find the language line "mynt_icon_buy"
ERROR - 2017-08-22 01:49:07 --> Could not find the language line "mynt_buy_amazon"
ERROR - 2017-08-22 01:49:07 --> Could not find the language line "home_slife_title"
ERROR - 2017-08-22 01:49:07 --> Could not find the language line "mynt_icon_buy"
ERROR - 2017-08-22 01:49:07 --> Could not find the language line "mynt_buy_amazon"
ERROR - 2017-08-22 01:49:07 --> Could not find the language line "home_slife_title"
ERROR - 2017-08-22 01:49:07 --> Could not find the language line "mynt_icon_buy"
ERROR - 2017-08-22 01:49:07 --> Could not find the language line "mynt_buy_amazon"
ERROR - 2017-08-22 01:49:07 --> Could not find the language line "home_slife_title"
ERROR - 2017-08-22 01:49:07 --> Could not find the language line "mynt_icon_buy"
ERROR - 2017-08-22 01:49:08 --> Could not find the language line "mynt_buy_amazon"
ERROR - 2017-08-22 01:49:08 --> Could not find the language line "home_slife_title"
ERROR - 2017-08-22 01:49:08 --> Could not find the language line "mynt_icon_buy"
ERROR - 2017-08-22 01:49:09 --> Could not find the language line "mynt_buy_amazon"
ERROR - 2017-08-22 01:49:09 --> Could not find the language line "home_slife_title"
ERROR - 2017-08-22 01:49:09 --> Could not find the language line "mynt_icon_buy"
ERROR - 2017-08-22 05:48:18 --> Could not find the language line "mynt_buy_amazon"
ERROR - 2017-08-22 05:48:22 --> Could not find the language line "mynt_buy_amazon"
ERROR - 2017-08-22 05:48:23 --> Could not find the language line "mynt_buy_amazon"
ERROR - 2017-08-22 05:48:26 --> Could not find the language line "mynt_buy_amazon"
ERROR - 2017-08-22 05:48:26 --> Could not find the language line "mynt_buy_amazon"
ERROR - 2017-08-22 05:48:27 --> Could not find the language line "mynt_buy_amazon"
ERROR - 2017-08-22 05:48:27 --> Could not find the language line "mynt_buy_amazon"
ERROR - 2017-08-22 05:48:27 --> Could not find the language line "mynt_buy_amazon"
ERROR - 2017-08-22 05:48:27 --> Could not find the language line "mynt_buy_amazon"
ERROR - 2017-08-22 05:48:43 --> Could not find the language line "mynt_buy_amazon"
ERROR - 2017-08-22 05:48:44 --> Could not find the language line "mynt_buy_amazon"
ERROR - 2017-08-22 05:48:44 --> Could not find the language line "mynt_buy_amazon"
ERROR - 2017-08-22 05:48:45 --> Could not find the language line "mynt_buy_amazon"
ERROR - 2017-08-22 05:48:45 --> Could not find the language line "mynt_buy_amazon"
ERROR - 2017-08-22 05:48:55 --> Could not find the language line "mynt_buy_amazon"
ERROR - 2017-08-22 05:48:55 --> Could not find the language line "mynt_buy_amazon"
ERROR - 2017-08-22 05:48:56 --> Could not find the language line "mynt_buy_amazon"
ERROR - 2017-08-22 05:48:57 --> Could not find the language line "mynt_buy_amazon"
ERROR - 2017-08-22 05:48:57 --> Could not find the language line "mynt_buy_amazon"
ERROR - 2017-08-22 06:09:50 --> Could not find the language line "mynt_buy_amazon"
ERROR - 2017-08-22 06:09:50 --> Could not find the language line "home_slife_title"
ERROR - 2017-08-22 06:09:50 --> Could not find the language line "mynt_icon_buy"
ERROR - 2017-08-22 06:09:50 --> Could not find the language line "mynt_buy_amazon"
ERROR - 2017-08-22 06:09:50 --> Could not find the language line "home_slife_title"
ERROR - 2017-08-22 06:09:50 --> Could not find the language line "mynt_icon_buy"
ERROR - 2017-08-22 06:10:12 --> Could not find the language line "mynt_buy_amazon"
ERROR - 2017-08-22 06:10:12 --> Could not find the language line "home_slife_title"
ERROR - 2017-08-22 06:10:12 --> Could not find the language line "mynt_icon_buy"
ERROR - 2017-08-22 06:11:31 --> Could not find the language line "mynt_buy_amazon"
ERROR - 2017-08-22 06:11:31 --> Could not find the language line "home_slife_title"
ERROR - 2017-08-22 06:11:31 --> Could not find the language line "mynt_icon_buy"
ERROR - 2017-08-22 06:11:32 --> Could not find the language line "mynt_buy_amazon"
ERROR - 2017-08-22 06:11:32 --> Could not find the language line "home_slife_title"
ERROR - 2017-08-22 06:11:32 --> Could not find the language line "mynt_icon_buy"
ERROR - 2017-08-22 06:11:59 --> Could not find the language line "mynt_buy_amazon"
ERROR - 2017-08-22 06:11:59 --> Could not find the language line "home_slife_title"
ERROR - 2017-08-22 06:11:59 --> Could not find the language line "mynt_icon_buy"
ERROR - 2017-08-22 06:11:59 --> Could not find the language line "mynt_buy_amazon"
ERROR - 2017-08-22 06:11:59 --> Could not find the language line "home_slife_title"
ERROR - 2017-08-22 06:11:59 --> Could not find the language line "mynt_icon_buy"
ERROR - 2017-08-22 06:11:59 --> Could not find the language line "mynt_buy_amazon"
ERROR - 2017-08-22 06:11:59 --> Could not find the language line "home_slife_title"
ERROR - 2017-08-22 06:11:59 --> Could not find the language line "mynt_icon_buy"
ERROR - 2017-08-22 06:12:16 --> Could not find the language line "mynt_buy_amazon"
ERROR - 2017-08-22 06:12:16 --> Could not find the language line "home_slife_title"
ERROR - 2017-08-22 06:12:16 --> Could not find the language line "mynt_icon_buy"
ERROR - 2017-08-22 07:10:03 --> Could not find the language line "mynt_buy_amazon"
ERROR - 2017-08-22 07:10:03 --> Could not find the language line "home_slife_title"
ERROR - 2017-08-22 07:10:03 --> Could not find the language line "mynt_icon_buy"
ERROR - 2017-08-22 07:10:03 --> Could not find the language line "mynt_buy_amazon"
ERROR - 2017-08-22 07:10:03 --> Could not find the language line "home_slife_title"
ERROR - 2017-08-22 07:10:03 --> Could not find the language line "mynt_icon_buy"
ERROR - 2017-08-22 07:10:15 --> Could not find the language line "mynt_buy_amazon"
ERROR - 2017-08-22 07:10:15 --> Could not find the language line "home_slife_title"
ERROR - 2017-08-22 07:10:15 --> Could not find the language line "mynt_icon_buy"
ERROR - 2017-08-22 07:10:17 --> Could not find the language line "mynt_buy_amazon"
ERROR - 2017-08-22 07:10:17 --> Could not find the language line "home_slife_title"
ERROR - 2017-08-22 07:10:17 --> Could not find the language line "mynt_icon_buy"
ERROR - 2017-08-22 07:10:29 --> Could not find the language line "mynt_buy_amazon"
ERROR - 2017-08-22 07:10:29 --> Could not find the language line "home_slife_title"
ERROR - 2017-08-22 07:10:29 --> Could not find the language line "mynt_icon_buy"
ERROR - 2017-08-22 07:14:06 --> Could not find the language line "mynt_buy_amazon"
ERROR - 2017-08-22 07:14:06 --> Could not find the language line "home_slife_title"
ERROR - 2017-08-22 07:14:06 --> Could not find the language line "mynt_icon_buy"
ERROR - 2017-08-22 07:14:39 --> Could not find the language line "mynt_buy_amazon"
ERROR - 2017-08-22 07:14:39 --> Could not find the language line "home_slife_title"
ERROR - 2017-08-22 07:14:39 --> Could not find the language line "mynt_icon_buy"
ERROR - 2017-08-22 07:15:37 --> Could not find the language line "mynt_buy_amazon"
ERROR - 2017-08-22 07:15:37 --> Could not find the language line "home_slife_title"
ERROR - 2017-08-22 07:15:37 --> Could not find the language line "mynt_icon_buy"
ERROR - 2017-08-22 07:17:39 --> Could not find the language line "mynt_buy_amazon"
ERROR - 2017-08-22 07:17:39 --> Could not find the language line "home_slife_title"
ERROR - 2017-08-22 07:17:39 --> Could not find the language line "mynt_icon_buy"
ERROR - 2017-08-22 07:17:40 --> Could not find the language line "mynt_buy_amazon"
ERROR - 2017-08-22 07:17:40 --> Could not find the language line "home_slife_title"
ERROR - 2017-08-22 07:17:40 --> Could not find the language line "mynt_icon_buy"
ERROR - 2017-08-22 07:18:06 --> Could not find the language line "mynt_buy_amazon"
ERROR - 2017-08-22 07:18:06 --> Could not find the language line "home_slife_title"
ERROR - 2017-08-22 07:18:06 --> Could not find the language line "mynt_icon_buy"
ERROR - 2017-08-22 07:41:53 --> Could not find the language line "mynt_buy_amazon"
ERROR - 2017-08-22 07:42:05 --> Could not find the language line "mynt_buy_amazon"
ERROR - 2017-08-22 07:42:05 --> Could not find the language line "home_slife_title"
ERROR - 2017-08-22 07:42:05 --> Could not find the language line "mynt_icon_buy"
ERROR - 2017-08-22 07:48:01 --> Could not find the language line "mynt_buy_amazon"
ERROR - 2017-08-22 07:48:09 --> Could not find the language line "mynt_buy_amazon"
ERROR - 2017-08-22 07:48:10 --> Could not find the language line "mynt_buy_amazon"
ERROR - 2017-08-22 07:48:10 --> Could not find the language line "mynt_buy_amazon"
ERROR - 2017-08-22 07:48:10 --> Could not find the language line "mynt_buy_amazon"
ERROR - 2017-08-22 07:48:13 --> Could not find the language line "mynt_buy_amazon"
ERROR - 2017-08-22 07:48:15 --> Could not find the language line "mynt_buy_amazon"
ERROR - 2017-08-22 07:48:16 --> Could not find the language line "mynt_buy_amazon"
ERROR - 2017-08-22 07:48:22 --> Could not find the language line "mynt_buy_amazon"
ERROR - 2017-08-22 08:08:28 --> Could not find the language line "mynt_buy_amazon"
ERROR - 2017-08-22 08:08:28 --> Could not find the language line "home_slife_title"
ERROR - 2017-08-22 08:08:28 --> Could not find the language line "mynt_icon_buy"
ERROR - 2017-08-22 08:08:29 --> Could not find the language line "mynt_buy_amazon"
ERROR - 2017-08-22 08:08:29 --> Could not find the language line "home_slife_title"
ERROR - 2017-08-22 08:08:29 --> Could not find the language line "mynt_icon_buy"
ERROR - 2017-08-22 08:08:48 --> Could not find the language line "mynt_buy_amazon"
ERROR - 2017-08-22 08:08:48 --> Could not find the language line "home_slife_title"
ERROR - 2017-08-22 08:08:48 --> Could not find the language line "mynt_icon_buy"
ERROR - 2017-08-22 08:29:23 --> Could not find the language line "mynt_buy_amazon"
ERROR - 2017-08-22 08:29:23 --> Could not find the language line "home_slife_title"
ERROR - 2017-08-22 08:29:23 --> Could not find the language line "mynt_icon_buy"
ERROR - 2017-08-22 08:29:27 --> Could not find the language line "mynt_buy_amazon"
ERROR - 2017-08-22 08:29:27 --> Could not find the language line "home_slife_title"
ERROR - 2017-08-22 08:29:27 --> Could not find the language line "mynt_icon_buy"
ERROR - 2017-08-22 08:30:16 --> Could not find the language line "mynt_buy_amazon"
ERROR - 2017-08-22 08:30:16 --> Could not find the language line "home_slife_title"
ERROR - 2017-08-22 08:30:16 --> Could not find the language line "mynt_icon_buy"
ERROR - 2017-08-22 08:30:26 --> Could not find the language line "mynt_buy_amazon"
ERROR - 2017-08-22 08:30:26 --> Could not find the language line "home_slife_title"
ERROR - 2017-08-22 08:30:26 --> Could not find the language line "mynt_icon_buy"
ERROR - 2017-08-22 08:31:04 --> Could not find the language line "mynt_buy_amazon"
ERROR - 2017-08-22 08:31:04 --> Could not find the language line "about_keywords"
ERROR - 2017-08-22 08:31:04 --> Could not find the language line "about_company"
ERROR - 2017-08-22 08:32:15 --> Could not find the language line "mynt_buy_amazon"
ERROR - 2017-08-22 08:32:15 --> Could not find the language line "about_keywords"
ERROR - 2017-08-22 08:32:15 --> Could not find the language line "about_company"
ERROR - 2017-08-22 08:32:27 --> Could not find the language line "mynt_buy_amazon"
ERROR - 2017-08-22 08:32:27 --> Could not find the language line "about_keywords"
ERROR - 2017-08-22 08:40:06 --> Could not find the language line "mynt_buy_amazon"
ERROR - 2017-08-22 08:40:06 --> Could not find the language line "about_keywords"
ERROR - 2017-08-22 08:40:54 --> Could not find the language line "mynt_buy_amazon"
ERROR - 2017-08-22 08:40:54 --> Could not find the language line "about_keywords"
ERROR - 2017-08-22 08:41:03 --> Could not find the language line "mynt_buy_amazon"
ERROR - 2017-08-22 08:41:03 --> Could not find the language line "about_keywords"
ERROR - 2017-08-22 08:41:30 --> Could not find the language line "mynt_buy_amazon"
ERROR - 2017-08-22 08:41:30 --> Could not find the language line "about_keywords"
ERROR - 2017-08-22 08:41:39 --> Could not find the language line "mynt_buy_amazon"
ERROR - 2017-08-22 08:41:39 --> Could not find the language line "about_keywords"
ERROR - 2017-08-22 08:44:54 --> Could not find the language line "mynt_buy_amazon"
ERROR - 2017-08-22 08:44:54 --> Could not find the language line "about_keywords"
ERROR - 2017-08-22 08:44:58 --> Could not find the language line "mynt_buy_amazon"
ERROR - 2017-08-22 08:44:58 --> Could not find the language line "about_keywords"
ERROR - 2017-08-22 08:45:16 --> Could not find the language line "mynt_buy_amazon"
ERROR - 2017-08-22 08:45:16 --> Could not find the language line "about_keywords"
ERROR - 2017-08-22 08:47:08 --> Could not find the language line "mynt_buy_amazon"
ERROR - 2017-08-22 08:47:08 --> Could not find the language line "home_slife_title"
ERROR - 2017-08-22 08:47:08 --> Could not find the language line "mynt_icon_buy"
ERROR - 2017-08-22 08:47:23 --> Could not find the language line "mynt_buy_amazon"
ERROR - 2017-08-22 08:47:23 --> Could not find the language line "home_slife_title"
ERROR - 2017-08-22 08:47:23 --> Could not find the language line "mynt_icon_buy"
ERROR - 2017-08-22 08:47:31 --> Could not find the language line "mynt_buy_amazon"
ERROR - 2017-08-22 08:47:31 --> Could not find the language line "home_slife_title"
ERROR - 2017-08-22 08:47:31 --> Could not find the language line "mynt_icon_buy"
ERROR - 2017-08-22 08:48:16 --> Could not find the language line "mynt_buy_amazon"
ERROR - 2017-08-22 08:48:16 --> Could not find the language line "home_slife_title"
ERROR - 2017-08-22 08:48:16 --> Could not find the language line "mynt_icon_buy"
ERROR - 2017-08-22 08:48:17 --> Could not find the language line "mynt_buy_amazon"
ERROR - 2017-08-22 08:48:17 --> Could not find the language line "home_slife_title"
ERROR - 2017-08-22 08:48:17 --> Could not find the language line "mynt_icon_buy"
ERROR - 2017-08-22 08:48:17 --> Could not find the language line "mynt_buy_amazon"
ERROR - 2017-08-22 08:48:17 --> Could not find the language line "home_slife_title"
ERROR - 2017-08-22 08:48:17 --> Could not find the language line "mynt_icon_buy"
ERROR - 2017-08-22 08:48:18 --> Could not find the language line "mynt_buy_amazon"
ERROR - 2017-08-22 08:48:18 --> Could not find the language line "home_slife_title"
ERROR - 2017-08-22 08:48:18 --> Could not find the language line "mynt_icon_buy"
ERROR - 2017-08-22 08:48:18 --> Could not find the language line "mynt_buy_amazon"
ERROR - 2017-08-22 08:48:18 --> Could not find the language line "home_slife_title"
ERROR - 2017-08-22 08:48:18 --> Could not find the language line "mynt_icon_buy"
ERROR - 2017-08-22 08:48:18 --> Could not find the language line "mynt_buy_amazon"
ERROR - 2017-08-22 08:48:18 --> Could not find the language line "home_slife_title"
ERROR - 2017-08-22 08:48:18 --> Could not find the language line "mynt_icon_buy"
ERROR - 2017-08-22 08:48:19 --> Could not find the language line "mynt_buy_amazon"
ERROR - 2017-08-22 08:48:19 --> Could not find the language line "home_slife_title"
ERROR - 2017-08-22 08:48:19 --> Could not find the language line "mynt_icon_buy"
ERROR - 2017-08-22 08:48:19 --> Could not find the language line "mynt_buy_amazon"
ERROR - 2017-08-22 08:48:19 --> Could not find the language line "home_slife_title"
ERROR - 2017-08-22 08:48:19 --> Could not find the language line "mynt_icon_buy"
ERROR - 2017-08-22 08:48:19 --> Could not find the language line "mynt_buy_amazon"
ERROR - 2017-08-22 08:48:19 --> Could not find the language line "home_slife_title"
ERROR - 2017-08-22 08:48:19 --> Could not find the language line "mynt_icon_buy"
ERROR - 2017-08-22 08:48:19 --> Could not find the language line "mynt_buy_amazon"
ERROR - 2017-08-22 08:48:19 --> Could not find the language line "home_slife_title"
ERROR - 2017-08-22 08:48:19 --> Could not find the language line "mynt_icon_buy"
ERROR - 2017-08-22 08:48:19 --> Could not find the language line "mynt_buy_amazon"
ERROR - 2017-08-22 08:48:19 --> Could not find the language line "home_slife_title"
ERROR - 2017-08-22 08:48:19 --> Could not find the language line "mynt_icon_buy"
ERROR - 2017-08-22 08:48:20 --> Could not find the language line "mynt_buy_amazon"
ERROR - 2017-08-22 08:48:20 --> Could not find the language line "home_slife_title"
ERROR - 2017-08-22 08:48:20 --> Could not find the language line "mynt_icon_buy"
ERROR - 2017-08-22 08:48:20 --> Could not find the language line "mynt_buy_amazon"
ERROR - 2017-08-22 08:48:20 --> Could not find the language line "home_slife_title"
ERROR - 2017-08-22 08:48:20 --> Could not find the language line "mynt_icon_buy"
ERROR - 2017-08-22 08:48:20 --> Could not find the language line "mynt_buy_amazon"
ERROR - 2017-08-22 08:48:20 --> Could not find the language line "home_slife_title"
ERROR - 2017-08-22 08:48:20 --> Could not find the language line "mynt_icon_buy"
ERROR - 2017-08-22 08:48:21 --> Could not find the language line "mynt_buy_amazon"
ERROR - 2017-08-22 08:48:21 --> Could not find the language line "home_slife_title"
ERROR - 2017-08-22 08:48:21 --> Could not find the language line "mynt_icon_buy"
ERROR - 2017-08-22 08:49:03 --> Could not find the language line "mynt_buy_amazon"
ERROR - 2017-08-22 08:49:03 --> Could not find the language line "about_keywords"
ERROR - 2017-08-22 08:53:46 --> Could not find the language line "mynt_buy_amazon"
ERROR - 2017-08-22 08:53:46 --> Could not find the language line "about_keywords"
ERROR - 2017-08-22 08:54:00 --> Could not find the language line "mynt_buy_amazon"
ERROR - 2017-08-22 08:57:18 --> Could not find the language line "mynt_buy_amazon"
ERROR - 2017-08-22 08:59:19 --> Could not find the language line "mynt_buy_amazon"
ERROR - 2017-08-22 09:00:07 --> Could not find the language line "mynt_buy_amazon"
ERROR - 2017-08-22 09:01:07 --> Could not find the language line "mynt_buy_amazon"
ERROR - 2017-08-22 09:01:27 --> Could not find the language line "mynt_buy_amazon"
ERROR - 2017-08-22 09:01:31 --> Could not find the language line "mynt_buy_amazon"
ERROR - 2017-08-22 09:02:09 --> Could not find the language line "mynt_buy_amazon"
ERROR - 2017-08-22 09:03:43 --> Could not find the language line "mynt_buy_amazon"
ERROR - 2017-08-22 09:04:18 --> Could not find the language line "mynt_buy_amazon"
ERROR - 2017-08-22 09:05:14 --> Could not find the language line "mynt_buy_amazon"
ERROR - 2017-08-22 09:05:31 --> Could not find the language line "mynt_buy_amazon"
ERROR - 2017-08-22 09:05:52 --> Could not find the language line "mynt_buy_amazon"
ERROR - 2017-08-22 09:07:44 --> Could not find the language line "mynt_buy_amazon"
ERROR - 2017-08-22 09:07:59 --> Could not find the language line "mynt_buy_amazon"
ERROR - 2017-08-22 09:08:00 --> Could not find the language line "mynt_buy_amazon"
ERROR - 2017-08-22 09:08:01 --> Could not find the language line "mynt_buy_amazon"
ERROR - 2017-08-22 09:08:01 --> Could not find the language line "mynt_buy_amazon"
ERROR - 2017-08-22 09:08:01 --> Could not find the language line "mynt_buy_amazon"
ERROR - 2017-08-22 09:08:08 --> Could not find the language line "mynt_buy_amazon"
ERROR - 2017-08-22 09:08:53 --> Could not find the language line "mynt_buy_amazon"
ERROR - 2017-08-22 09:08:53 --> Could not find the language line "home_slife_title"
ERROR - 2017-08-22 09:08:53 --> Could not find the language line "mynt_icon_buy"
ERROR - 2017-08-22 09:09:35 --> Could not find the language line "mynt_buy_amazon"
ERROR - 2017-08-22 09:11:26 --> Could not find the language line "mynt_buy_amazon"
ERROR - 2017-08-22 09:12:04 --> Could not find the language line "mynt_buy_amazon"
ERROR - 2017-08-22 09:12:05 --> Could not find the language line "mynt_buy_amazon"
ERROR - 2017-08-22 09:12:45 --> Could not find the language line "mynt_buy_amazon"
ERROR - 2017-08-22 09:13:26 --> Could not find the language line "mynt_buy_amazon"
ERROR - 2017-08-22 09:14:16 --> Could not find the language line "mynt_buy_amazon"
ERROR - 2017-08-22 09:14:17 --> Could not find the language line "mynt_buy_amazon"
ERROR - 2017-08-22 09:14:17 --> Could not find the language line "mynt_buy_amazon"
ERROR - 2017-08-22 09:14:17 --> Could not find the language line "mynt_buy_amazon"
ERROR - 2017-08-22 09:14:18 --> Could not find the language line "mynt_buy_amazon"
ERROR - 2017-08-22 09:14:18 --> Could not find the language line "mynt_buy_amazon"
ERROR - 2017-08-22 09:14:18 --> Could not find the language line "mynt_buy_amazon"
ERROR - 2017-08-22 09:14:46 --> Could not find the language line "mynt_buy_amazon"
ERROR - 2017-08-22 09:17:56 --> Could not find the language line "mynt_buy_amazon"
ERROR - 2017-08-22 09:20:18 --> Could not find the language line "mynt_buy_amazon"
ERROR - 2017-08-22 09:20:32 --> Could not find the language line "mynt_buy_amazon"
ERROR - 2017-08-22 09:21:13 --> Could not find the language line "mynt_buy_amazon"
ERROR - 2017-08-22 09:21:40 --> Could not find the language line "mynt_buy_amazon"
ERROR - 2017-08-22 09:23:02 --> Could not find the language line "mynt_buy_amazon"
ERROR - 2017-08-22 09:23:36 --> Could not find the language line "mynt_buy_amazon"
ERROR - 2017-08-22 09:23:54 --> Could not find the language line "mynt_buy_amazon"
ERROR - 2017-08-22 09:24:14 --> Could not find the language line "mynt_buy_amazon"
ERROR - 2017-08-22 09:24:30 --> Could not find the language line "mynt_buy_amazon"
ERROR - 2017-08-22 09:27:25 --> Could not find the language line "mynt_buy_amazon"
ERROR - 2017-08-22 09:29:24 --> Could not find the language line "mynt_buy_amazon"
ERROR - 2017-08-22 09:30:31 --> Could not find the language line "mynt_buy_amazon"
ERROR - 2017-08-22 09:31:01 --> Could not find the language line "mynt_buy_amazon"
ERROR - 2017-08-22 09:31:30 --> Could not find the language line "mynt_buy_amazon"
ERROR - 2017-08-22 09:32:15 --> Could not find the language line "mynt_buy_amazon"
ERROR - 2017-08-22 09:32:39 --> Could not find the language line "mynt_buy_amazon"
ERROR - 2017-08-22 09:33:21 --> Could not find the language line "mynt_buy_amazon"
ERROR - 2017-08-22 09:33:38 --> Could not find the language line "mynt_buy_amazon"
ERROR - 2017-08-22 09:34:41 --> Could not find the language line "mynt_buy_amazon"
ERROR - 2017-08-22 09:36:53 --> Could not find the language line "mynt_buy_amazon"
ERROR - 2017-08-22 09:37:05 --> Could not find the language line "mynt_buy_amazon"
ERROR - 2017-08-22 09:37:33 --> Could not find the language line "mynt_buy_amazon"
ERROR - 2017-08-22 09:37:33 --> Could not find the language line "home_slife_title"
ERROR - 2017-08-22 09:37:33 --> Could not find the language line "mynt_icon_buy"
ERROR - 2017-08-22 09:37:38 --> Could not find the language line "mynt_buy_amazon"
ERROR - 2017-08-22 09:39:47 --> Could not find the language line "mynt_buy_amazon"
ERROR - 2017-08-22 09:39:52 --> Could not find the language line "mynt_buy_amazon"
ERROR - 2017-08-22 09:40:50 --> Could not find the language line "mynt_buy_amazon"
ERROR - 2017-08-22 09:41:49 --> Could not find the language line "mynt_buy_amazon"
ERROR - 2017-08-22 09:42:04 --> Could not find the language line "mynt_buy_amazon"
ERROR - 2017-08-22 09:42:51 --> Could not find the language line "mynt_buy_amazon"
ERROR - 2017-08-22 09:44:34 --> Could not find the language line "mynt_buy_amazon"
ERROR - 2017-08-22 09:44:34 --> Could not find the language line "home_slife_title"
ERROR - 2017-08-22 09:44:34 --> Could not find the language line "mynt_icon_buy"
ERROR - 2017-08-22 09:44:50 --> Could not find the language line "mynt_buy_amazon"
ERROR - 2017-08-22 09:44:50 --> Could not find the language line "about_keywords"
ERROR - 2017-08-22 09:49:02 --> Could not find the language line "mynt_buy_amazon"
ERROR - 2017-08-22 09:49:02 --> Could not find the language line "about_keywords"
ERROR - 2017-08-22 09:50:43 --> Could not find the language line "mynt_buy_amazon"
ERROR - 2017-08-22 09:50:43 --> Could not find the language line "about_keywords"
ERROR - 2017-08-22 09:53:09 --> Could not find the language line "mynt_buy_amazon"
ERROR - 2017-08-22 09:53:09 --> Could not find the language line "about_keywords"
ERROR - 2017-08-22 09:53:41 --> Could not find the language line "mynt_buy_amazon"
ERROR - 2017-08-22 09:53:41 --> Could not find the language line "about_keywords"
ERROR - 2017-08-22 09:53:57 --> Could not find the language line "mynt_buy_amazon"
ERROR - 2017-08-22 09:53:57 --> Could not find the language line "home_slife_title"
ERROR - 2017-08-22 09:53:57 --> Could not find the language line "mynt_icon_buy"
ERROR - 2017-08-22 09:55:43 --> Could not find the language line "mynt_buy_amazon"
ERROR - 2017-08-22 09:55:43 --> Could not find the language line "home_slife_title"
ERROR - 2017-08-22 09:55:43 --> Could not find the language line "mynt_icon_buy"
ERROR - 2017-08-22 10:01:04 --> Could not find the language line "mynt_buy_amazon"
ERROR - 2017-08-22 10:01:04 --> Could not find the language line "home_slife_title"
ERROR - 2017-08-22 10:01:04 --> Could not find the language line "mynt_icon_buy"
ERROR - 2017-08-22 10:01:33 --> Could not find the language line "mynt_buy_amazon"
ERROR - 2017-08-22 10:01:33 --> Could not find the language line "home_slife_title"
ERROR - 2017-08-22 10:01:33 --> Could not find the language line "mynt_icon_buy"
ERROR - 2017-08-22 10:06:54 --> Could not find the language line "mynt_buy_amazon"
ERROR - 2017-08-22 10:06:54 --> Could not find the language line "home_slife_title"
ERROR - 2017-08-22 10:06:54 --> Could not find the language line "mynt_icon_buy"
ERROR - 2017-08-22 10:07:05 --> Could not find the language line "mynt_buy_amazon"
ERROR - 2017-08-22 10:07:05 --> Could not find the language line "home_slife_title"
ERROR - 2017-08-22 10:07:05 --> Could not find the language line "mynt_icon_buy"
ERROR - 2017-08-22 10:07:17 --> Could not find the language line "mynt_buy_amazon"
ERROR - 2017-08-22 10:07:17 --> Could not find the language line "home_slife_title"
ERROR - 2017-08-22 10:07:17 --> Could not find the language line "mynt_icon_buy"
ERROR - 2017-08-22 10:21:08 --> Could not find the language line "mynt_buy_amazon"
ERROR - 2017-08-22 10:21:13 --> Could not find the language line "mynt_buy_amazon"
ERROR - 2017-08-22 10:21:13 --> Could not find the language line "mynt_buy_amazon"
ERROR - 2017-08-22 10:21:13 --> Could not find the language line "mynt_buy_amazon"
ERROR - 2017-08-22 10:21:14 --> Could not find the language line "mynt_buy_amazon"
ERROR - 2017-08-22 10:21:14 --> Could not find the language line "mynt_buy_amazon"
ERROR - 2017-08-22 10:21:19 --> Could not find the language line "mynt_buy_amazon"
ERROR - 2017-08-22 10:21:19 --> Could not find the language line "home_slife_title"
ERROR - 2017-08-22 10:21:19 --> Could not find the language line "mynt_icon_buy"
ERROR - 2017-08-22 10:23:19 --> Could not find the language line "mynt_buy_amazon"
ERROR - 2017-08-22 10:23:20 --> Could not find the language line "mynt_buy_amazon"
ERROR - 2017-08-22 10:25:40 --> Could not find the language line "mynt_buy_amazon"
ERROR - 2017-08-22 10:25:40 --> Could not find the language line "home_slife_title"
ERROR - 2017-08-22 10:25:40 --> Could not find the language line "mynt_icon_buy"
ERROR - 2017-08-22 10:26:28 --> Could not find the language line "mynt_buy_amazon"
ERROR - 2017-08-22 10:26:28 --> Could not find the language line "home_slife_title"
ERROR - 2017-08-22 10:26:28 --> Could not find the language line "mynt_icon_buy"
ERROR - 2017-08-22 10:27:03 --> Could not find the language line "mynt_buy_amazon"
ERROR - 2017-08-22 10:27:03 --> Could not find the language line "home_slife_title"
ERROR - 2017-08-22 10:27:03 --> Could not find the language line "mynt_icon_buy"
ERROR - 2017-08-22 10:28:07 --> Could not find the language line "mynt_buy_amazon"
ERROR - 2017-08-22 10:28:07 --> Could not find the language line "home_slife_title"
ERROR - 2017-08-22 10:28:07 --> Could not find the language line "mynt_icon_buy"
ERROR - 2017-08-22 10:28:41 --> Could not find the language line "mynt_buy_amazon"
ERROR - 2017-08-22 10:28:41 --> Could not find the language line "home_slife_title"
ERROR - 2017-08-22 10:28:41 --> Could not find the language line "mynt_icon_buy"
ERROR - 2017-08-22 10:28:59 --> Could not find the language line "mynt_buy_amazon"
ERROR - 2017-08-22 10:28:59 --> Could not find the language line "home_slife_title"
ERROR - 2017-08-22 10:28:59 --> Could not find the language line "mynt_icon_buy"
ERROR - 2017-08-22 10:32:50 --> Could not find the language line "mynt_buy_amazon"
ERROR - 2017-08-22 10:32:50 --> Could not find the language line "home_slife_title"
ERROR - 2017-08-22 10:32:50 --> Could not find the language line "mynt_icon_buy"
ERROR - 2017-08-22 10:32:53 --> Could not find the language line "mynt_buy_amazon"
ERROR - 2017-08-22 10:32:53 --> Could not find the language line "home_slife_title"
ERROR - 2017-08-22 10:32:53 --> Could not find the language line "mynt_icon_buy"
ERROR - 2017-08-22 10:34:44 --> Could not find the language line "mynt_buy_amazon"
ERROR - 2017-08-22 10:34:44 --> Could not find the language line "home_slife_title"
ERROR - 2017-08-22 10:34:44 --> Could not find the language line "mynt_icon_buy"
ERROR - 2017-08-22 10:35:11 --> Could not find the language line "mynt_buy_amazon"
ERROR - 2017-08-22 10:35:11 --> Could not find the language line "home_slife_title"
ERROR - 2017-08-22 10:35:11 --> Could not find the language line "mynt_icon_buy"
ERROR - 2017-08-22 10:35:22 --> Could not find the language line "mynt_buy_amazon"
ERROR - 2017-08-22 10:35:22 --> Could not find the language line "home_slife_title"
ERROR - 2017-08-22 10:35:22 --> Could not find the language line "mynt_icon_buy"
ERROR - 2017-08-22 10:36:46 --> Could not find the language line "mynt_buy_amazon"
ERROR - 2017-08-22 10:36:46 --> Could not find the language line "home_slife_title"
ERROR - 2017-08-22 10:36:46 --> Could not find the language line "mynt_icon_buy"
ERROR - 2017-08-22 10:40:38 --> Could not find the language line "mynt_buy_amazon"
ERROR - 2017-08-22 10:40:38 --> Could not find the language line "home_slife_title"
ERROR - 2017-08-22 10:40:38 --> Could not find the language line "mynt_icon_buy"
ERROR - 2017-08-22 10:41:01 --> Could not find the language line "mynt_buy_amazon"
ERROR - 2017-08-22 10:41:01 --> Could not find the language line "home_slife_title"
ERROR - 2017-08-22 10:41:01 --> Could not find the language line "mynt_icon_buy"
ERROR - 2017-08-22 10:41:02 --> Could not find the language line "mynt_buy_amazon"
ERROR - 2017-08-22 10:41:02 --> Could not find the language line "home_slife_title"
ERROR - 2017-08-22 10:41:02 --> Could not find the language line "mynt_icon_buy"
ERROR - 2017-08-22 10:41:02 --> Could not find the language line "mynt_buy_amazon"
ERROR - 2017-08-22 10:41:02 --> Could not find the language line "home_slife_title"
ERROR - 2017-08-22 10:41:02 --> Could not find the language line "mynt_icon_buy"
ERROR - 2017-08-22 10:41:39 --> Could not find the language line "mynt_buy_amazon"
ERROR - 2017-08-22 10:41:39 --> Could not find the language line "home_slife_title"
ERROR - 2017-08-22 10:41:39 --> Could not find the language line "mynt_icon_buy"
ERROR - 2017-08-22 10:42:15 --> Could not find the language line "mynt_buy_amazon"
ERROR - 2017-08-22 10:42:15 --> Could not find the language line "home_slife_title"
ERROR - 2017-08-22 10:42:15 --> Could not find the language line "mynt_icon_buy"
ERROR - 2017-08-22 10:42:16 --> Could not find the language line "mynt_buy_amazon"
ERROR - 2017-08-22 10:42:16 --> Could not find the language line "home_slife_title"
ERROR - 2017-08-22 10:42:16 --> Could not find the language line "mynt_icon_buy"
ERROR - 2017-08-22 10:43:12 --> Could not find the language line "mynt_buy_amazon"
ERROR - 2017-08-22 10:43:12 --> Could not find the language line "home_slife_title"
ERROR - 2017-08-22 10:43:12 --> Could not find the language line "mynt_icon_buy"
ERROR - 2017-08-22 10:43:12 --> Could not find the language line "mynt_buy_amazon"
ERROR - 2017-08-22 10:43:12 --> Could not find the language line "home_slife_title"
ERROR - 2017-08-22 10:43:12 --> Could not find the language line "mynt_icon_buy"
ERROR - 2017-08-22 10:43:19 --> Could not find the language line "mynt_buy_amazon"
ERROR - 2017-08-22 10:43:19 --> Could not find the language line "home_slife_title"
ERROR - 2017-08-22 10:43:19 --> Could not find the language line "mynt_icon_buy"
ERROR - 2017-08-22 10:43:23 --> Could not find the language line "mynt_buy_amazon"
ERROR - 2017-08-22 10:43:23 --> Could not find the language line "home_slife_title"
ERROR - 2017-08-22 10:43:23 --> Could not find the language line "mynt_icon_buy"
ERROR - 2017-08-22 10:43:24 --> Could not find the language line "mynt_buy_amazon"
ERROR - 2017-08-22 10:43:24 --> Could not find the language line "home_slife_title"
ERROR - 2017-08-22 10:43:24 --> Could not find the language line "mynt_icon_buy"
ERROR - 2017-08-22 10:43:24 --> Could not find the language line "mynt_buy_amazon"
ERROR - 2017-08-22 10:43:24 --> Could not find the language line "home_slife_title"
ERROR - 2017-08-22 10:43:24 --> Could not find the language line "mynt_icon_buy"
ERROR - 2017-08-22 10:43:31 --> Could not find the language line "mynt_buy_amazon"
ERROR - 2017-08-22 10:43:31 --> Could not find the language line "home_slife_title"
ERROR - 2017-08-22 10:43:31 --> Could not find the language line "mynt_icon_buy"
ERROR - 2017-08-22 11:12:00 --> Could not find the language line "mynt_buy_amazon"
ERROR - 2017-08-22 11:12:00 --> Could not find the language line "home_slife_title"
ERROR - 2017-08-22 11:12:00 --> Could not find the language line "mynt_icon_buy"
ERROR - 2017-08-22 11:12:01 --> Could not find the language line "mynt_buy_amazon"
ERROR - 2017-08-22 11:12:01 --> Could not find the language line "home_slife_title"
ERROR - 2017-08-22 11:12:01 --> Could not find the language line "mynt_icon_buy"
ERROR - 2017-08-22 11:12:01 --> Could not find the language line "mynt_buy_amazon"
ERROR - 2017-08-22 11:12:01 --> Could not find the language line "home_slife_title"
ERROR - 2017-08-22 11:12:01 --> Could not find the language line "mynt_icon_buy"
ERROR - 2017-08-22 11:12:44 --> Could not find the language line "mynt_buy_amazon"
ERROR - 2017-08-22 11:12:44 --> Could not find the language line "home_slife_title"
ERROR - 2017-08-22 11:12:44 --> Could not find the language line "mynt_icon_buy"
ERROR - 2017-08-22 11:13:28 --> Could not find the language line "mynt_buy_amazon"
ERROR - 2017-08-22 11:13:28 --> Could not find the language line "home_slife_title"
ERROR - 2017-08-22 11:13:28 --> Could not find the language line "mynt_icon_buy"
ERROR - 2017-08-22 11:13:28 --> Could not find the language line "mynt_buy_amazon"
ERROR - 2017-08-22 11:13:28 --> Could not find the language line "home_slife_title"
ERROR - 2017-08-22 11:13:28 --> Could not find the language line "mynt_icon_buy"
ERROR - 2017-08-22 11:13:28 --> Could not find the language line "mynt_buy_amazon"
ERROR - 2017-08-22 11:13:28 --> Could not find the language line "home_slife_title"
ERROR - 2017-08-22 11:13:28 --> Could not find the language line "mynt_icon_buy"
ERROR - 2017-08-22 11:13:50 --> Could not find the language line "mynt_buy_amazon"
ERROR - 2017-08-22 11:14:39 --> Could not find the language line "mynt_buy_amazon"
ERROR - 2017-08-22 11:14:40 --> Could not find the language line "mynt_buy_amazon"
ERROR - 2017-08-22 11:14:48 --> Could not find the language line "mynt_buy_amazon"
ERROR - 2017-08-22 11:16:54 --> Could not find the language line "mynt_buy_amazon"
ERROR - 2017-08-22 11:16:56 --> Could not find the language line "mynt_buy_amazon"
ERROR - 2017-08-22 11:22:12 --> Could not find the language line "mynt_buy_amazon"
ERROR - 2017-08-22 11:22:13 --> Could not find the language line "mynt_buy_amazon"
ERROR - 2017-08-22 11:22:13 --> Could not find the language line "mynt_buy_amazon"
ERROR - 2017-08-22 11:22:13 --> Could not find the language line "mynt_buy_amazon"
ERROR - 2017-08-22 11:22:14 --> Could not find the language line "mynt_buy_amazon"
ERROR - 2017-08-22 11:22:14 --> Could not find the language line "mynt_buy_amazon"
ERROR - 2017-08-22 11:22:14 --> Could not find the language line "mynt_buy_amazon"
ERROR - 2017-08-22 11:22:14 --> Could not find the language line "mynt_buy_amazon"
ERROR - 2017-08-22 11:22:15 --> Could not find the language line "mynt_buy_amazon"
ERROR - 2017-08-22 11:22:15 --> Could not find the language line "mynt_buy_amazon"
ERROR - 2017-08-22 11:22:15 --> Could not find the language line "mynt_buy_amazon"
ERROR - 2017-08-22 11:22:16 --> Could not find the language line "mynt_buy_amazon"
ERROR - 2017-08-22 11:22:17 --> Could not find the language line "mynt_buy_amazon"
ERROR - 2017-08-22 11:23:41 --> Could not find the language line "mynt_buy_amazon"
ERROR - 2017-08-22 11:23:41 --> Could not find the language line "mynt_buy_amazon"
ERROR - 2017-08-22 11:25:47 --> Could not find the language line "mynt_buy_amazon"
ERROR - 2017-08-22 11:57:28 --> Could not find the language line "mynt_buy_amazon"
ERROR - 2017-08-22 11:57:30 --> Could not find the language line "mynt_buy_amazon"
ERROR - 2017-08-22 11:58:32 --> Could not find the language line "mynt_buy_amazon"
ERROR - 2017-08-22 11:58:47 --> Could not find the language line "mynt_buy_amazon"
ERROR - 2017-08-22 12:07:23 --> Could not find the language line "mynt_buy_amazon"
ERROR - 2017-08-22 12:07:24 --> Could not find the language line "mynt_buy_amazon"
ERROR - 2017-08-22 12:07:24 --> Could not find the language line "mynt_buy_amazon"
ERROR - 2017-08-22 12:07:24 --> Could not find the language line "mynt_buy_amazon"
ERROR - 2017-08-22 12:07:35 --> Could not find the language line "mynt_buy_amazon"
ERROR - 2017-08-22 12:07:43 --> Could not find the language line "mynt_buy_amazon"
ERROR - 2017-08-22 12:08:13 --> Could not find the language line "mynt_buy_amazon"
ERROR - 2017-08-22 12:08:14 --> Could not find the language line "mynt_buy_amazon"
ERROR - 2017-08-22 12:09:47 --> Could not find the language line "mynt_buy_amazon"
ERROR - 2017-08-22 12:09:59 --> Could not find the language line "mynt_buy_amazon"
ERROR - 2017-08-22 12:15:00 --> Could not find the language line "mynt_buy_amazon"
ERROR - 2017-08-22 12:18:40 --> Could not find the language line "mynt_buy_amazon"
ERROR - 2017-08-22 12:18:57 --> Could not find the language line "mynt_buy_amazon"
ERROR - 2017-08-22 12:28:09 --> Could not find the language line "mynt_buy_amazon"
ERROR - 2017-08-22 12:32:34 --> Could not find the language line "mynt_buy_amazon"
ERROR - 2017-08-22 12:32:34 --> Could not find the language line "mynt_buy_amazon"
ERROR - 2017-08-22 12:32:35 --> Could not find the language line "mynt_buy_amazon"
ERROR - 2017-08-22 12:34:48 --> Could not find the language line "mynt_buy_amazon"
ERROR - 2017-08-22 12:35:15 --> Could not find the language line "mynt_buy_amazon"
ERROR - 2017-08-22 13:30:58 --> Could not find the language line "mynt_buy_amazon"
ERROR - 2017-08-22 13:30:58 --> Could not find the language line "home_slife_title"
ERROR - 2017-08-22 13:30:58 --> Could not find the language line "mynt_icon_buy"
