ERROR - 2016-10-10 02:17:13 --> Could not find the language line "home_cloud_title"
ERROR - 2016-10-10 02:17:13 --> Could not find the language line "home_cloud_intro"
ERROR - 2016-10-10 02:17:13 --> Could not find the language line "mynt_buy_taobao"
ERROR - 2016-10-10 02:17:13 --> Could not find the language line "mynt_buy_tmall"
ERROR - 2016-10-10 02:17:13 --> Could not find the language line "mynt_buy_youzan"
ERROR - 2016-10-10 02:17:13 --> Could not find the language line "mynt_buy_jd"
ERROR - 2016-10-10 02:24:09 --> Could not find the language line "mynt_buy_taobao"
ERROR - 2016-10-10 02:24:09 --> Could not find the language line "mynt_buy_tmall"
ERROR - 2016-10-10 02:24:09 --> Could not find the language line "mynt_buy_youzan"
ERROR - 2016-10-10 02:24:09 --> Could not find the language line "mynt_buy_jd"
ERROR - 2016-10-10 02:24:19 --> Could not find the language line "mynt_buy_taobao"
ERROR - 2016-10-10 02:24:19 --> Could not find the language line "mynt_buy_tmall"
ERROR - 2016-10-10 02:24:19 --> Could not find the language line "mynt_buy_youzan"
ERROR - 2016-10-10 02:24:19 --> Could not find the language line "mynt_buy_jd"
ERROR - 2016-10-10 02:24:22 --> Could not find the language line "mynt_buy_taobao"
ERROR - 2016-10-10 02:24:22 --> Could not find the language line "mynt_buy_tmall"
ERROR - 2016-10-10 02:24:22 --> Could not find the language line "mynt_buy_youzan"
ERROR - 2016-10-10 02:24:22 --> Could not find the language line "mynt_buy_jd"
ERROR - 2016-10-10 02:24:22 --> Could not find the language line "home_cloud_title"
ERROR - 2016-10-10 02:24:22 --> Could not find the language line "home_cloud_intro"
ERROR - 2016-10-10 02:24:22 --> Could not find the language line "mynt_icon_taobao"
ERROR - 2016-10-10 02:24:22 --> Could not find the language line "mynt_icon_tmall"
ERROR - 2016-10-10 02:24:22 --> Could not find the language line "mynt_icon_youzan"
ERROR - 2016-10-10 02:24:22 --> Could not find the language line "mynt_buy_taobao"
ERROR - 2016-10-10 02:24:22 --> Could not find the language line "mynt_buy_tmall"
ERROR - 2016-10-10 02:24:22 --> Could not find the language line "mynt_buy_youzan"
ERROR - 2016-10-10 02:24:22 --> Could not find the language line "mynt_buy_jd"
ERROR - 2016-10-10 02:28:18 --> Could not find the language line "mynt_buy_taobao"
ERROR - 2016-10-10 02:28:18 --> Could not find the language line "mynt_buy_tmall"
ERROR - 2016-10-10 02:28:18 --> Could not find the language line "mynt_buy_youzan"
ERROR - 2016-10-10 02:28:18 --> Could not find the language line "mynt_buy_jd"
ERROR - 2016-10-10 02:28:34 --> Could not find the language line "mynt_buy_taobao"
ERROR - 2016-10-10 02:28:34 --> Could not find the language line "mynt_buy_tmall"
ERROR - 2016-10-10 02:28:34 --> Could not find the language line "mynt_buy_youzan"
ERROR - 2016-10-10 02:28:34 --> Could not find the language line "mynt_buy_jd"
ERROR - 2016-10-10 02:28:37 --> Could not find the language line "mynt_buy_taobao"
ERROR - 2016-10-10 02:28:37 --> Could not find the language line "mynt_buy_tmall"
ERROR - 2016-10-10 02:28:37 --> Could not find the language line "mynt_buy_youzan"
ERROR - 2016-10-10 02:28:37 --> Could not find the language line "mynt_buy_jd"
ERROR - 2016-10-10 02:28:37 --> Could not find the language line "home_cloud_title"
ERROR - 2016-10-10 02:28:37 --> Could not find the language line "home_cloud_intro"
ERROR - 2016-10-10 02:28:37 --> Could not find the language line "mynt_icon_taobao"
ERROR - 2016-10-10 02:28:37 --> Could not find the language line "mynt_icon_tmall"
ERROR - 2016-10-10 02:28:37 --> Could not find the language line "mynt_icon_youzan"
ERROR - 2016-10-10 02:28:37 --> Could not find the language line "mynt_buy_taobao"
ERROR - 2016-10-10 02:28:37 --> Could not find the language line "mynt_buy_tmall"
ERROR - 2016-10-10 02:28:37 --> Could not find the language line "mynt_buy_youzan"
ERROR - 2016-10-10 02:28:37 --> Could not find the language line "mynt_buy_jd"
ERROR - 2016-10-10 02:28:44 --> Could not find the language line "mynt_buy_taobao"
ERROR - 2016-10-10 02:28:44 --> Could not find the language line "mynt_buy_tmall"
ERROR - 2016-10-10 02:28:44 --> Could not find the language line "mynt_buy_youzan"
ERROR - 2016-10-10 02:28:44 --> Could not find the language line "mynt_buy_jd"
ERROR - 2016-10-10 02:28:48 --> Could not find the language line "mynt_buy_taobao"
ERROR - 2016-10-10 02:28:48 --> Could not find the language line "mynt_buy_tmall"
ERROR - 2016-10-10 02:28:48 --> Could not find the language line "mynt_buy_youzan"
ERROR - 2016-10-10 02:28:48 --> Could not find the language line "mynt_buy_jd"
ERROR - 2016-10-10 02:28:51 --> Could not find the language line "mynt_buy_taobao"
ERROR - 2016-10-10 02:28:51 --> Could not find the language line "mynt_buy_tmall"
ERROR - 2016-10-10 02:28:51 --> Could not find the language line "mynt_buy_youzan"
ERROR - 2016-10-10 02:28:51 --> Could not find the language line "mynt_buy_jd"
ERROR - 2016-10-10 02:28:51 --> Could not find the language line "home_cloud_title"
ERROR - 2016-10-10 02:28:51 --> Could not find the language line "home_cloud_intro"
ERROR - 2016-10-10 02:28:51 --> Could not find the language line "mynt_icon_taobao"
ERROR - 2016-10-10 02:28:51 --> Could not find the language line "mynt_icon_tmall"
ERROR - 2016-10-10 02:28:51 --> Could not find the language line "mynt_icon_youzan"
ERROR - 2016-10-10 02:28:51 --> Could not find the language line "mynt_buy_taobao"
ERROR - 2016-10-10 02:28:51 --> Could not find the language line "mynt_buy_tmall"
ERROR - 2016-10-10 02:28:51 --> Could not find the language line "mynt_buy_youzan"
ERROR - 2016-10-10 02:28:51 --> Could not find the language line "mynt_buy_jd"
ERROR - 2016-10-10 02:28:52 --> Could not find the language line "mynt_buy_taobao"
ERROR - 2016-10-10 02:28:52 --> Could not find the language line "mynt_buy_tmall"
ERROR - 2016-10-10 02:28:52 --> Could not find the language line "mynt_buy_youzan"
ERROR - 2016-10-10 02:28:52 --> Could not find the language line "mynt_buy_jd"
ERROR - 2016-10-10 02:28:52 --> Could not find the language line "home_cloud_title"
ERROR - 2016-10-10 02:28:52 --> Could not find the language line "home_cloud_intro"
ERROR - 2016-10-10 02:28:52 --> Could not find the language line "mynt_icon_taobao"
ERROR - 2016-10-10 02:28:52 --> Could not find the language line "mynt_icon_tmall"
ERROR - 2016-10-10 02:28:52 --> Could not find the language line "mynt_icon_youzan"
ERROR - 2016-10-10 02:28:53 --> Could not find the language line "mynt_buy_taobao"
ERROR - 2016-10-10 02:28:53 --> Could not find the language line "mynt_buy_tmall"
ERROR - 2016-10-10 02:28:53 --> Could not find the language line "mynt_buy_youzan"
ERROR - 2016-10-10 02:28:53 --> Could not find the language line "mynt_buy_jd"
ERROR - 2016-10-10 02:28:53 --> Could not find the language line "mynt_buy_taobao"
ERROR - 2016-10-10 02:28:53 --> Could not find the language line "mynt_buy_tmall"
ERROR - 2016-10-10 02:28:53 --> Could not find the language line "mynt_buy_youzan"
ERROR - 2016-10-10 02:28:53 --> Could not find the language line "mynt_buy_jd"
ERROR - 2016-10-10 02:28:53 --> Could not find the language line "home_cloud_title"
ERROR - 2016-10-10 02:28:53 --> Could not find the language line "home_cloud_intro"
ERROR - 2016-10-10 02:28:53 --> Could not find the language line "mynt_icon_taobao"
ERROR - 2016-10-10 02:28:53 --> Could not find the language line "mynt_icon_tmall"
ERROR - 2016-10-10 02:28:53 --> Could not find the language line "mynt_icon_youzan"
ERROR - 2016-10-10 02:28:54 --> Could not find the language line "mynt_buy_taobao"
ERROR - 2016-10-10 02:28:54 --> Could not find the language line "mynt_buy_tmall"
ERROR - 2016-10-10 02:28:54 --> Could not find the language line "mynt_buy_youzan"
ERROR - 2016-10-10 02:28:54 --> Could not find the language line "mynt_buy_jd"
ERROR - 2016-10-10 02:28:54 --> Could not find the language line "mynt_buy_taobao"
ERROR - 2016-10-10 02:28:54 --> Could not find the language line "mynt_buy_tmall"
ERROR - 2016-10-10 02:28:54 --> Could not find the language line "mynt_buy_youzan"
ERROR - 2016-10-10 02:28:54 --> Could not find the language line "mynt_buy_jd"
ERROR - 2016-10-10 02:28:54 --> Could not find the language line "home_cloud_title"
ERROR - 2016-10-10 02:28:54 --> Could not find the language line "home_cloud_intro"
ERROR - 2016-10-10 02:28:54 --> Could not find the language line "mynt_icon_taobao"
ERROR - 2016-10-10 02:28:54 --> Could not find the language line "mynt_icon_tmall"
ERROR - 2016-10-10 02:28:54 --> Could not find the language line "mynt_icon_youzan"
ERROR - 2016-10-10 02:28:54 --> Could not find the language line "mynt_buy_taobao"
ERROR - 2016-10-10 02:28:54 --> Could not find the language line "mynt_buy_tmall"
ERROR - 2016-10-10 02:28:54 --> Could not find the language line "mynt_buy_youzan"
ERROR - 2016-10-10 02:28:54 --> Could not find the language line "mynt_buy_jd"
ERROR - 2016-10-10 02:28:54 --> Could not find the language line "home_cloud_title"
ERROR - 2016-10-10 02:28:54 --> Could not find the language line "home_cloud_intro"
ERROR - 2016-10-10 02:28:54 --> Could not find the language line "mynt_icon_taobao"
ERROR - 2016-10-10 02:28:54 --> Could not find the language line "mynt_icon_tmall"
ERROR - 2016-10-10 02:28:54 --> Could not find the language line "mynt_icon_youzan"
ERROR - 2016-10-10 02:28:54 --> Could not find the language line "mynt_buy_taobao"
ERROR - 2016-10-10 02:28:54 --> Could not find the language line "mynt_buy_tmall"
ERROR - 2016-10-10 02:28:54 --> Could not find the language line "mynt_buy_youzan"
ERROR - 2016-10-10 02:28:54 --> Could not find the language line "mynt_buy_jd"
ERROR - 2016-10-10 02:28:54 --> Could not find the language line "home_cloud_title"
ERROR - 2016-10-10 02:28:54 --> Could not find the language line "home_cloud_intro"
ERROR - 2016-10-10 02:28:54 --> Could not find the language line "mynt_icon_taobao"
ERROR - 2016-10-10 02:28:54 --> Could not find the language line "mynt_icon_tmall"
ERROR - 2016-10-10 02:28:54 --> Could not find the language line "mynt_icon_youzan"
ERROR - 2016-10-10 02:28:54 --> Could not find the language line "mynt_buy_taobao"
ERROR - 2016-10-10 02:28:54 --> Could not find the language line "mynt_buy_tmall"
ERROR - 2016-10-10 02:28:54 --> Could not find the language line "mynt_buy_youzan"
ERROR - 2016-10-10 02:28:54 --> Could not find the language line "mynt_buy_jd"
ERROR - 2016-10-10 02:29:01 --> Could not find the language line "mynt_buy_taobao"
ERROR - 2016-10-10 02:29:01 --> Could not find the language line "mynt_buy_tmall"
ERROR - 2016-10-10 02:29:01 --> Could not find the language line "mynt_buy_youzan"
ERROR - 2016-10-10 02:29:01 --> Could not find the language line "mynt_buy_jd"
ERROR - 2016-10-10 02:29:03 --> Could not find the language line "mynt_buy_taobao"
ERROR - 2016-10-10 02:29:03 --> Could not find the language line "mynt_buy_tmall"
ERROR - 2016-10-10 02:29:03 --> Could not find the language line "mynt_buy_youzan"
ERROR - 2016-10-10 02:29:03 --> Could not find the language line "mynt_buy_jd"
ERROR - 2016-10-10 02:29:04 --> Could not find the language line "mynt_buy_taobao"
ERROR - 2016-10-10 02:29:04 --> Could not find the language line "mynt_buy_tmall"
ERROR - 2016-10-10 02:29:04 --> Could not find the language line "mynt_buy_youzan"
ERROR - 2016-10-10 02:29:04 --> Could not find the language line "mynt_buy_jd"
ERROR - 2016-10-10 02:29:04 --> Could not find the language line "home_cloud_title"
ERROR - 2016-10-10 02:29:04 --> Could not find the language line "home_cloud_intro"
ERROR - 2016-10-10 02:29:04 --> Could not find the language line "mynt_icon_taobao"
ERROR - 2016-10-10 02:29:04 --> Could not find the language line "mynt_icon_tmall"
ERROR - 2016-10-10 02:29:04 --> Could not find the language line "mynt_icon_youzan"
ERROR - 2016-10-10 02:29:04 --> Could not find the language line "mynt_buy_taobao"
ERROR - 2016-10-10 02:29:04 --> Could not find the language line "mynt_buy_tmall"
ERROR - 2016-10-10 02:29:04 --> Could not find the language line "mynt_buy_youzan"
ERROR - 2016-10-10 02:29:04 --> Could not find the language line "mynt_buy_jd"
ERROR - 2016-10-10 02:29:05 --> Could not find the language line "mynt_buy_taobao"
ERROR - 2016-10-10 02:29:05 --> Could not find the language line "mynt_buy_tmall"
ERROR - 2016-10-10 02:29:05 --> Could not find the language line "mynt_buy_youzan"
ERROR - 2016-10-10 02:29:05 --> Could not find the language line "mynt_buy_jd"
ERROR - 2016-10-10 02:29:05 --> Could not find the language line "home_cloud_title"
ERROR - 2016-10-10 02:29:05 --> Could not find the language line "home_cloud_intro"
ERROR - 2016-10-10 02:29:05 --> Could not find the language line "mynt_icon_taobao"
ERROR - 2016-10-10 02:29:05 --> Could not find the language line "mynt_icon_tmall"
ERROR - 2016-10-10 02:29:05 --> Could not find the language line "mynt_icon_youzan"
ERROR - 2016-10-10 02:29:06 --> Could not find the language line "mynt_buy_taobao"
ERROR - 2016-10-10 02:29:06 --> Could not find the language line "mynt_buy_tmall"
ERROR - 2016-10-10 02:29:06 --> Could not find the language line "mynt_buy_youzan"
ERROR - 2016-10-10 02:29:06 --> Could not find the language line "mynt_buy_jd"
ERROR - 2016-10-10 02:29:06 --> Could not find the language line "mynt_buy_taobao"
ERROR - 2016-10-10 02:29:06 --> Could not find the language line "mynt_buy_tmall"
ERROR - 2016-10-10 02:29:06 --> Could not find the language line "mynt_buy_youzan"
ERROR - 2016-10-10 02:29:06 --> Could not find the language line "mynt_buy_jd"
ERROR - 2016-10-10 02:29:06 --> Could not find the language line "home_cloud_title"
ERROR - 2016-10-10 02:29:06 --> Could not find the language line "home_cloud_intro"
ERROR - 2016-10-10 02:29:06 --> Could not find the language line "mynt_icon_taobao"
ERROR - 2016-10-10 02:29:06 --> Could not find the language line "mynt_icon_tmall"
ERROR - 2016-10-10 02:29:06 --> Could not find the language line "mynt_icon_youzan"
ERROR - 2016-10-10 02:29:07 --> Could not find the language line "mynt_buy_taobao"
ERROR - 2016-10-10 02:29:07 --> Could not find the language line "mynt_buy_tmall"
ERROR - 2016-10-10 02:29:07 --> Could not find the language line "mynt_buy_youzan"
ERROR - 2016-10-10 02:29:07 --> Could not find the language line "mynt_buy_jd"
ERROR - 2016-10-10 02:29:07 --> Could not find the language line "mynt_buy_taobao"
ERROR - 2016-10-10 02:29:07 --> Could not find the language line "mynt_buy_tmall"
ERROR - 2016-10-10 02:29:07 --> Could not find the language line "mynt_buy_youzan"
ERROR - 2016-10-10 02:29:07 --> Could not find the language line "mynt_buy_jd"
ERROR - 2016-10-10 02:29:07 --> Could not find the language line "home_cloud_title"
ERROR - 2016-10-10 02:29:07 --> Could not find the language line "home_cloud_intro"
ERROR - 2016-10-10 02:29:07 --> Could not find the language line "mynt_icon_taobao"
ERROR - 2016-10-10 02:29:07 --> Could not find the language line "mynt_icon_tmall"
ERROR - 2016-10-10 02:29:07 --> Could not find the language line "mynt_icon_youzan"
ERROR - 2016-10-10 02:29:07 --> Could not find the language line "mynt_buy_taobao"
ERROR - 2016-10-10 02:29:07 --> Could not find the language line "mynt_buy_tmall"
ERROR - 2016-10-10 02:29:07 --> Could not find the language line "mynt_buy_youzan"
ERROR - 2016-10-10 02:29:07 --> Could not find the language line "mynt_buy_jd"
ERROR - 2016-10-10 02:29:07 --> Could not find the language line "home_cloud_title"
ERROR - 2016-10-10 02:29:07 --> Could not find the language line "home_cloud_intro"
ERROR - 2016-10-10 02:29:07 --> Could not find the language line "mynt_icon_taobao"
ERROR - 2016-10-10 02:29:07 --> Could not find the language line "mynt_icon_tmall"
ERROR - 2016-10-10 02:29:07 --> Could not find the language line "mynt_icon_youzan"
ERROR - 2016-10-10 02:29:07 --> Could not find the language line "mynt_buy_taobao"
ERROR - 2016-10-10 02:29:07 --> Could not find the language line "mynt_buy_tmall"
ERROR - 2016-10-10 02:29:07 --> Could not find the language line "mynt_buy_youzan"
ERROR - 2016-10-10 02:29:07 --> Could not find the language line "mynt_buy_jd"
ERROR - 2016-10-10 02:29:07 --> Could not find the language line "home_cloud_title"
ERROR - 2016-10-10 02:29:07 --> Could not find the language line "home_cloud_intro"
ERROR - 2016-10-10 02:29:07 --> Could not find the language line "mynt_icon_taobao"
ERROR - 2016-10-10 02:29:07 --> Could not find the language line "mynt_icon_tmall"
ERROR - 2016-10-10 02:29:07 --> Could not find the language line "mynt_icon_youzan"
ERROR - 2016-10-10 02:29:07 --> Could not find the language line "mynt_buy_taobao"
ERROR - 2016-10-10 02:29:07 --> Could not find the language line "mynt_buy_tmall"
ERROR - 2016-10-10 02:29:07 --> Could not find the language line "mynt_buy_youzan"
ERROR - 2016-10-10 02:29:07 --> Could not find the language line "mynt_buy_jd"
ERROR - 2016-10-10 02:29:09 --> Could not find the language line "mynt_buy_taobao"
ERROR - 2016-10-10 02:29:09 --> Could not find the language line "mynt_buy_tmall"
ERROR - 2016-10-10 02:29:09 --> Could not find the language line "mynt_buy_youzan"
ERROR - 2016-10-10 02:29:09 --> Could not find the language line "mynt_buy_jd"
ERROR - 2016-10-10 02:29:10 --> Could not find the language line "mynt_buy_taobao"
ERROR - 2016-10-10 02:29:10 --> Could not find the language line "mynt_buy_tmall"
ERROR - 2016-10-10 02:29:10 --> Could not find the language line "mynt_buy_youzan"
ERROR - 2016-10-10 02:29:10 --> Could not find the language line "mynt_buy_jd"
ERROR - 2016-10-10 02:29:10 --> Could not find the language line "home_cloud_title"
ERROR - 2016-10-10 02:29:10 --> Could not find the language line "home_cloud_intro"
ERROR - 2016-10-10 02:29:10 --> Could not find the language line "mynt_icon_taobao"
ERROR - 2016-10-10 02:29:10 --> Could not find the language line "mynt_icon_tmall"
ERROR - 2016-10-10 02:29:10 --> Could not find the language line "mynt_icon_youzan"
ERROR - 2016-10-10 02:29:10 --> Could not find the language line "mynt_buy_taobao"
ERROR - 2016-10-10 02:29:10 --> Could not find the language line "mynt_buy_tmall"
ERROR - 2016-10-10 02:29:10 --> Could not find the language line "mynt_buy_youzan"
ERROR - 2016-10-10 02:29:10 --> Could not find the language line "mynt_buy_jd"
ERROR - 2016-10-10 02:29:12 --> Could not find the language line "mynt_buy_taobao"
ERROR - 2016-10-10 02:29:12 --> Could not find the language line "mynt_buy_tmall"
ERROR - 2016-10-10 02:29:12 --> Could not find the language line "mynt_buy_youzan"
ERROR - 2016-10-10 02:29:12 --> Could not find the language line "mynt_buy_jd"
ERROR - 2016-10-10 02:29:12 --> Could not find the language line "home_cloud_title"
ERROR - 2016-10-10 02:29:12 --> Could not find the language line "home_cloud_intro"
ERROR - 2016-10-10 02:29:12 --> Could not find the language line "mynt_icon_taobao"
ERROR - 2016-10-10 02:29:12 --> Could not find the language line "mynt_icon_tmall"
ERROR - 2016-10-10 02:29:12 --> Could not find the language line "mynt_icon_youzan"
ERROR - 2016-10-10 02:29:12 --> Could not find the language line "mynt_buy_taobao"
ERROR - 2016-10-10 02:29:12 --> Could not find the language line "mynt_buy_tmall"
ERROR - 2016-10-10 02:29:12 --> Could not find the language line "mynt_buy_youzan"
ERROR - 2016-10-10 02:29:12 --> Could not find the language line "mynt_buy_jd"
ERROR - 2016-10-10 02:29:13 --> Could not find the language line "mynt_buy_taobao"
ERROR - 2016-10-10 02:29:13 --> Could not find the language line "mynt_buy_tmall"
ERROR - 2016-10-10 02:29:13 --> Could not find the language line "mynt_buy_youzan"
ERROR - 2016-10-10 02:29:13 --> Could not find the language line "mynt_buy_jd"
ERROR - 2016-10-10 02:29:13 --> Could not find the language line "home_cloud_title"
ERROR - 2016-10-10 02:29:13 --> Could not find the language line "home_cloud_intro"
ERROR - 2016-10-10 02:29:13 --> Could not find the language line "mynt_icon_taobao"
ERROR - 2016-10-10 02:29:13 --> Could not find the language line "mynt_icon_tmall"
ERROR - 2016-10-10 02:29:13 --> Could not find the language line "mynt_icon_youzan"
ERROR - 2016-10-10 02:29:13 --> Could not find the language line "mynt_buy_taobao"
ERROR - 2016-10-10 02:29:13 --> Could not find the language line "mynt_buy_tmall"
ERROR - 2016-10-10 02:29:13 --> Could not find the language line "mynt_buy_youzan"
ERROR - 2016-10-10 02:29:13 --> Could not find the language line "mynt_buy_jd"
ERROR - 2016-10-10 02:29:16 --> Could not find the language line "mynt_buy_taobao"
ERROR - 2016-10-10 02:29:16 --> Could not find the language line "mynt_buy_tmall"
ERROR - 2016-10-10 02:29:16 --> Could not find the language line "mynt_buy_youzan"
ERROR - 2016-10-10 02:29:16 --> Could not find the language line "mynt_buy_jd"
ERROR - 2016-10-10 02:29:19 --> Could not find the language line "mynt_buy_taobao"
ERROR - 2016-10-10 02:29:19 --> Could not find the language line "mynt_buy_tmall"
ERROR - 2016-10-10 02:29:19 --> Could not find the language line "mynt_buy_youzan"
ERROR - 2016-10-10 02:29:19 --> Could not find the language line "mynt_buy_jd"
ERROR - 2016-10-10 02:29:20 --> Could not find the language line "mynt_buy_taobao"
ERROR - 2016-10-10 02:29:20 --> Could not find the language line "mynt_buy_tmall"
ERROR - 2016-10-10 02:29:20 --> Could not find the language line "mynt_buy_youzan"
ERROR - 2016-10-10 02:29:20 --> Could not find the language line "mynt_buy_jd"
ERROR - 2016-10-10 02:29:20 --> Could not find the language line "home_cloud_title"
ERROR - 2016-10-10 02:29:20 --> Could not find the language line "home_cloud_intro"
ERROR - 2016-10-10 02:29:20 --> Could not find the language line "mynt_icon_taobao"
ERROR - 2016-10-10 02:29:20 --> Could not find the language line "mynt_icon_tmall"
ERROR - 2016-10-10 02:29:20 --> Could not find the language line "mynt_icon_youzan"
ERROR - 2016-10-10 02:29:20 --> Could not find the language line "mynt_buy_taobao"
ERROR - 2016-10-10 02:29:20 --> Could not find the language line "mynt_buy_tmall"
ERROR - 2016-10-10 02:29:20 --> Could not find the language line "mynt_buy_youzan"
ERROR - 2016-10-10 02:29:20 --> Could not find the language line "mynt_buy_jd"
ERROR - 2016-10-10 02:29:23 --> Could not find the language line "mynt_buy_taobao"
ERROR - 2016-10-10 02:29:23 --> Could not find the language line "mynt_buy_tmall"
ERROR - 2016-10-10 02:29:23 --> Could not find the language line "mynt_buy_youzan"
ERROR - 2016-10-10 02:29:23 --> Could not find the language line "mynt_buy_jd"
ERROR - 2016-10-10 02:29:29 --> Could not find the language line "mynt_buy_taobao"
ERROR - 2016-10-10 02:29:29 --> Could not find the language line "mynt_buy_tmall"
ERROR - 2016-10-10 02:29:29 --> Could not find the language line "mynt_buy_youzan"
ERROR - 2016-10-10 02:29:29 --> Could not find the language line "mynt_buy_jd"
ERROR - 2016-10-10 02:29:31 --> Could not find the language line "mynt_buy_taobao"
ERROR - 2016-10-10 02:29:31 --> Could not find the language line "mynt_buy_tmall"
ERROR - 2016-10-10 02:29:31 --> Could not find the language line "mynt_buy_youzan"
ERROR - 2016-10-10 02:29:31 --> Could not find the language line "mynt_buy_jd"
ERROR - 2016-10-10 02:29:32 --> Could not find the language line "mynt_buy_taobao"
ERROR - 2016-10-10 02:29:32 --> Could not find the language line "mynt_buy_tmall"
ERROR - 2016-10-10 02:29:32 --> Could not find the language line "mynt_buy_youzan"
ERROR - 2016-10-10 02:29:32 --> Could not find the language line "mynt_buy_jd"
ERROR - 2016-10-10 02:29:32 --> Could not find the language line "home_cloud_title"
ERROR - 2016-10-10 02:29:32 --> Could not find the language line "home_cloud_intro"
ERROR - 2016-10-10 02:29:32 --> Could not find the language line "mynt_icon_taobao"
ERROR - 2016-10-10 02:29:32 --> Could not find the language line "mynt_icon_tmall"
ERROR - 2016-10-10 02:29:32 --> Could not find the language line "mynt_icon_youzan"
ERROR - 2016-10-10 02:29:32 --> Could not find the language line "mynt_buy_taobao"
ERROR - 2016-10-10 02:29:32 --> Could not find the language line "mynt_buy_tmall"
ERROR - 2016-10-10 02:29:33 --> Could not find the language line "mynt_buy_youzan"
ERROR - 2016-10-10 02:29:33 --> Could not find the language line "mynt_buy_jd"
ERROR - 2016-10-10 02:29:33 --> Could not find the language line "mynt_buy_taobao"
ERROR - 2016-10-10 02:29:33 --> Could not find the language line "mynt_buy_tmall"
ERROR - 2016-10-10 02:29:33 --> Could not find the language line "mynt_buy_youzan"
ERROR - 2016-10-10 02:29:33 --> Could not find the language line "mynt_buy_jd"
ERROR - 2016-10-10 02:29:33 --> Could not find the language line "home_cloud_title"
ERROR - 2016-10-10 02:29:33 --> Could not find the language line "home_cloud_intro"
ERROR - 2016-10-10 02:29:33 --> Could not find the language line "mynt_icon_taobao"
ERROR - 2016-10-10 02:29:33 --> Could not find the language line "mynt_icon_tmall"
ERROR - 2016-10-10 02:29:33 --> Could not find the language line "mynt_icon_youzan"
ERROR - 2016-10-10 02:29:33 --> Could not find the language line "mynt_buy_taobao"
ERROR - 2016-10-10 02:29:33 --> Could not find the language line "mynt_buy_tmall"
ERROR - 2016-10-10 02:29:33 --> Could not find the language line "mynt_buy_youzan"
ERROR - 2016-10-10 02:29:33 --> Could not find the language line "mynt_buy_jd"
ERROR - 2016-10-10 02:29:33 --> Could not find the language line "home_cloud_title"
ERROR - 2016-10-10 02:29:33 --> Could not find the language line "home_cloud_intro"
ERROR - 2016-10-10 02:29:33 --> Could not find the language line "mynt_icon_taobao"
ERROR - 2016-10-10 02:29:33 --> Could not find the language line "mynt_icon_tmall"
ERROR - 2016-10-10 02:29:33 --> Could not find the language line "mynt_icon_youzan"
ERROR - 2016-10-10 02:29:33 --> Could not find the language line "mynt_buy_taobao"
ERROR - 2016-10-10 02:29:33 --> Could not find the language line "mynt_buy_tmall"
ERROR - 2016-10-10 02:29:33 --> Could not find the language line "mynt_buy_youzan"
ERROR - 2016-10-10 02:29:33 --> Could not find the language line "mynt_buy_jd"
ERROR - 2016-10-10 02:29:33 --> Could not find the language line "home_cloud_title"
ERROR - 2016-10-10 02:29:33 --> Could not find the language line "home_cloud_intro"
ERROR - 2016-10-10 02:29:33 --> Could not find the language line "mynt_icon_taobao"
ERROR - 2016-10-10 02:29:33 --> Could not find the language line "mynt_icon_tmall"
ERROR - 2016-10-10 02:29:33 --> Could not find the language line "mynt_icon_youzan"
ERROR - 2016-10-10 02:29:33 --> Could not find the language line "mynt_buy_taobao"
ERROR - 2016-10-10 02:29:33 --> Could not find the language line "mynt_buy_tmall"
ERROR - 2016-10-10 02:29:33 --> Could not find the language line "mynt_buy_youzan"
ERROR - 2016-10-10 02:29:33 --> Could not find the language line "mynt_buy_jd"
ERROR - 2016-10-10 02:29:33 --> Could not find the language line "home_cloud_title"
ERROR - 2016-10-10 02:29:33 --> Could not find the language line "home_cloud_intro"
ERROR - 2016-10-10 02:29:33 --> Could not find the language line "mynt_icon_taobao"
ERROR - 2016-10-10 02:29:33 --> Could not find the language line "mynt_icon_tmall"
ERROR - 2016-10-10 02:29:33 --> Could not find the language line "mynt_icon_youzan"
ERROR - 2016-10-10 02:29:33 --> Could not find the language line "mynt_buy_taobao"
ERROR - 2016-10-10 02:29:33 --> Could not find the language line "mynt_buy_tmall"
ERROR - 2016-10-10 02:29:33 --> Could not find the language line "mynt_buy_youzan"
ERROR - 2016-10-10 02:29:33 --> Could not find the language line "mynt_buy_jd"
ERROR - 2016-10-10 02:29:34 --> Could not find the language line "mynt_buy_taobao"
ERROR - 2016-10-10 02:29:34 --> Could not find the language line "mynt_buy_tmall"
ERROR - 2016-10-10 02:29:34 --> Could not find the language line "mynt_buy_youzan"
ERROR - 2016-10-10 02:29:34 --> Could not find the language line "mynt_buy_jd"
ERROR - 2016-10-10 02:29:34 --> Could not find the language line "home_cloud_title"
ERROR - 2016-10-10 02:29:34 --> Could not find the language line "home_cloud_intro"
ERROR - 2016-10-10 02:29:34 --> Could not find the language line "mynt_icon_taobao"
ERROR - 2016-10-10 02:29:34 --> Could not find the language line "mynt_icon_tmall"
ERROR - 2016-10-10 02:29:34 --> Could not find the language line "mynt_icon_youzan"
ERROR - 2016-10-10 02:29:34 --> Could not find the language line "mynt_buy_taobao"
ERROR - 2016-10-10 02:29:34 --> Could not find the language line "mynt_buy_tmall"
ERROR - 2016-10-10 02:29:34 --> Could not find the language line "mynt_buy_youzan"
ERROR - 2016-10-10 02:29:34 --> Could not find the language line "mynt_buy_jd"
ERROR - 2016-10-10 02:38:38 --> Could not find the language line "mynt_buy_taobao"
ERROR - 2016-10-10 02:38:38 --> Could not find the language line "mynt_buy_tmall"
ERROR - 2016-10-10 02:38:38 --> Could not find the language line "mynt_buy_youzan"
ERROR - 2016-10-10 02:38:38 --> Could not find the language line "mynt_buy_jd"
ERROR - 2016-10-10 02:38:42 --> Could not find the language line "mynt_buy_taobao"
ERROR - 2016-10-10 02:38:42 --> Could not find the language line "mynt_buy_tmall"
ERROR - 2016-10-10 02:38:42 --> Could not find the language line "mynt_buy_youzan"
ERROR - 2016-10-10 02:38:42 --> Could not find the language line "mynt_buy_jd"
ERROR - 2016-10-10 02:39:26 --> Could not find the language line "mynt_buy_taobao"
ERROR - 2016-10-10 02:39:26 --> Could not find the language line "mynt_buy_tmall"
ERROR - 2016-10-10 02:39:26 --> Could not find the language line "mynt_buy_youzan"
ERROR - 2016-10-10 02:39:26 --> Could not find the language line "mynt_buy_jd"
ERROR - 2016-10-10 02:39:55 --> Could not find the language line "mynt_buy_taobao"
ERROR - 2016-10-10 02:39:55 --> Could not find the language line "mynt_buy_tmall"
ERROR - 2016-10-10 02:39:55 --> Could not find the language line "mynt_buy_youzan"
ERROR - 2016-10-10 02:39:55 --> Could not find the language line "mynt_buy_jd"
ERROR - 2016-10-10 02:39:57 --> Could not find the language line "home_cloud_title"
ERROR - 2016-10-10 02:39:57 --> Could not find the language line "home_cloud_intro"
ERROR - 2016-10-10 02:39:58 --> Could not find the language line "mynt_buy_taobao"
ERROR - 2016-10-10 02:39:58 --> Could not find the language line "mynt_buy_tmall"
ERROR - 2016-10-10 02:39:58 --> Could not find the language line "mynt_buy_youzan"
ERROR - 2016-10-10 02:39:58 --> Could not find the language line "mynt_buy_jd"
ERROR - 2016-10-10 02:40:00 --> Could not find the language line "home_cloud_title"
ERROR - 2016-10-10 02:40:00 --> Could not find the language line "home_cloud_intro"
ERROR - 2016-10-10 02:40:00 --> Could not find the language line "mynt_buy_taobao"
ERROR - 2016-10-10 02:40:00 --> Could not find the language line "mynt_buy_tmall"
ERROR - 2016-10-10 02:40:00 --> Could not find the language line "mynt_buy_youzan"
ERROR - 2016-10-10 02:40:00 --> Could not find the language line "mynt_buy_jd"
ERROR - 2016-10-10 02:40:01 --> Could not find the language line "home_cloud_title"
ERROR - 2016-10-10 02:40:01 --> Could not find the language line "home_cloud_intro"
ERROR - 2016-10-10 02:40:01 --> Could not find the language line "mynt_buy_taobao"
ERROR - 2016-10-10 02:40:01 --> Could not find the language line "mynt_buy_tmall"
ERROR - 2016-10-10 02:40:01 --> Could not find the language line "mynt_buy_youzan"
ERROR - 2016-10-10 02:40:01 --> Could not find the language line "mynt_buy_jd"
ERROR - 2016-10-10 02:40:02 --> Could not find the language line "home_cloud_title"
ERROR - 2016-10-10 02:40:02 --> Could not find the language line "home_cloud_intro"
ERROR - 2016-10-10 02:40:02 --> Could not find the language line "mynt_buy_taobao"
ERROR - 2016-10-10 02:40:02 --> Could not find the language line "mynt_buy_tmall"
ERROR - 2016-10-10 02:40:02 --> Could not find the language line "mynt_buy_youzan"
ERROR - 2016-10-10 02:40:02 --> Could not find the language line "mynt_buy_jd"
ERROR - 2016-10-10 02:40:07 --> Could not find the language line "mynt_buy_taobao"
ERROR - 2016-10-10 02:40:07 --> Could not find the language line "mynt_buy_tmall"
ERROR - 2016-10-10 02:40:07 --> Could not find the language line "mynt_buy_youzan"
ERROR - 2016-10-10 02:40:07 --> Could not find the language line "mynt_buy_jd"
ERROR - 2016-10-10 02:40:10 --> Could not find the language line "mynt_buy_taobao"
ERROR - 2016-10-10 02:40:10 --> Could not find the language line "mynt_buy_tmall"
ERROR - 2016-10-10 02:40:10 --> Could not find the language line "mynt_buy_youzan"
ERROR - 2016-10-10 02:40:10 --> Could not find the language line "mynt_buy_jd"
ERROR - 2016-10-10 02:40:11 --> Could not find the language line "home_cloud_title"
ERROR - 2016-10-10 02:40:11 --> Could not find the language line "home_cloud_intro"
ERROR - 2016-10-10 02:40:12 --> Could not find the language line "mynt_buy_taobao"
ERROR - 2016-10-10 02:40:12 --> Could not find the language line "mynt_buy_tmall"
ERROR - 2016-10-10 02:40:12 --> Could not find the language line "mynt_buy_youzan"
ERROR - 2016-10-10 02:40:12 --> Could not find the language line "mynt_buy_jd"
ERROR - 2016-10-10 02:40:14 --> Could not find the language line "mynt_buy_taobao"
ERROR - 2016-10-10 02:40:14 --> Could not find the language line "mynt_buy_tmall"
ERROR - 2016-10-10 02:40:14 --> Could not find the language line "mynt_buy_youzan"
ERROR - 2016-10-10 02:40:14 --> Could not find the language line "mynt_buy_jd"
ERROR - 2016-10-10 02:40:16 --> Could not find the language line "mynt_buy_taobao"
ERROR - 2016-10-10 02:40:16 --> Could not find the language line "mynt_buy_tmall"
ERROR - 2016-10-10 02:40:16 --> Could not find the language line "mynt_buy_youzan"
ERROR - 2016-10-10 02:40:16 --> Could not find the language line "mynt_buy_jd"
ERROR - 2016-10-10 02:40:16 --> Could not find the language line "home_cloud_title"
ERROR - 2016-10-10 02:40:16 --> Could not find the language line "home_cloud_intro"
ERROR - 2016-10-10 02:40:16 --> Could not find the language line "mynt_icon_taobao"
ERROR - 2016-10-10 02:40:16 --> Could not find the language line "mynt_icon_tmall"
ERROR - 2016-10-10 02:40:16 --> Could not find the language line "mynt_icon_youzan"
ERROR - 2016-10-10 02:40:16 --> Could not find the language line "mynt_buy_taobao"
ERROR - 2016-10-10 02:40:16 --> Could not find the language line "mynt_buy_tmall"
ERROR - 2016-10-10 02:40:16 --> Could not find the language line "mynt_buy_youzan"
ERROR - 2016-10-10 02:40:16 --> Could not find the language line "mynt_buy_jd"
ERROR - 2016-10-10 02:40:19 --> Could not find the language line "mynt_buy_taobao"
ERROR - 2016-10-10 02:40:19 --> Could not find the language line "mynt_buy_tmall"
ERROR - 2016-10-10 02:40:19 --> Could not find the language line "mynt_buy_youzan"
ERROR - 2016-10-10 02:40:19 --> Could not find the language line "mynt_buy_jd"
ERROR - 2016-10-10 02:40:20 --> Could not find the language line "mynt_buy_taobao"
ERROR - 2016-10-10 02:40:20 --> Could not find the language line "mynt_buy_tmall"
ERROR - 2016-10-10 02:40:20 --> Could not find the language line "mynt_buy_youzan"
ERROR - 2016-10-10 02:40:20 --> Could not find the language line "mynt_buy_jd"
ERROR - 2016-10-10 02:40:20 --> Could not find the language line "home_cloud_title"
ERROR - 2016-10-10 02:40:20 --> Could not find the language line "home_cloud_intro"
ERROR - 2016-10-10 02:40:20 --> Could not find the language line "mynt_icon_taobao"
ERROR - 2016-10-10 02:40:20 --> Could not find the language line "mynt_icon_tmall"
ERROR - 2016-10-10 02:40:20 --> Could not find the language line "mynt_icon_youzan"
ERROR - 2016-10-10 02:40:20 --> Could not find the language line "mynt_buy_taobao"
ERROR - 2016-10-10 02:40:20 --> Could not find the language line "mynt_buy_tmall"
ERROR - 2016-10-10 02:40:20 --> Could not find the language line "mynt_buy_youzan"
ERROR - 2016-10-10 02:40:20 --> Could not find the language line "mynt_buy_jd"
ERROR - 2016-10-10 02:41:54 --> Could not find the language line "mynt_buy_taobao"
ERROR - 2016-10-10 02:41:54 --> Could not find the language line "mynt_buy_tmall"
ERROR - 2016-10-10 02:41:54 --> Could not find the language line "mynt_buy_youzan"
ERROR - 2016-10-10 02:41:54 --> Could not find the language line "mynt_buy_jd"
ERROR - 2016-10-10 02:53:48 --> Could not find the language line "home_cloud_title"
ERROR - 2016-10-10 02:53:48 --> Could not find the language line "home_cloud_intro"
ERROR - 2016-10-10 02:53:49 --> Could not find the language line "mynt_buy_taobao"
ERROR - 2016-10-10 02:53:49 --> Could not find the language line "mynt_buy_tmall"
ERROR - 2016-10-10 02:53:49 --> Could not find the language line "mynt_buy_youzan"
ERROR - 2016-10-10 02:53:49 --> Could not find the language line "mynt_buy_jd"
ERROR - 2016-10-10 02:54:18 --> Could not find the language line "home_cloud_title"
ERROR - 2016-10-10 02:54:18 --> Could not find the language line "home_cloud_intro"
ERROR - 2016-10-10 02:54:18 --> Could not find the language line "mynt_buy_taobao"
ERROR - 2016-10-10 02:54:18 --> Could not find the language line "mynt_buy_tmall"
ERROR - 2016-10-10 02:54:18 --> Could not find the language line "mynt_buy_youzan"
ERROR - 2016-10-10 02:54:18 --> Could not find the language line "mynt_buy_jd"
ERROR - 2016-10-10 02:54:28 --> Could not find the language line "mynt_buy_taobao"
ERROR - 2016-10-10 02:54:28 --> Could not find the language line "mynt_buy_tmall"
ERROR - 2016-10-10 02:54:28 --> Could not find the language line "mynt_buy_youzan"
ERROR - 2016-10-10 02:54:28 --> Could not find the language line "mynt_buy_jd"
ERROR - 2016-10-10 02:54:30 --> Could not find the language line "mynt_buy_taobao"
ERROR - 2016-10-10 02:54:30 --> Could not find the language line "mynt_buy_tmall"
ERROR - 2016-10-10 02:54:30 --> Could not find the language line "mynt_buy_youzan"
ERROR - 2016-10-10 02:54:30 --> Could not find the language line "mynt_buy_jd"
ERROR - 2016-10-10 02:54:30 --> Could not find the language line "home_cloud_title"
ERROR - 2016-10-10 02:54:30 --> Could not find the language line "home_cloud_intro"
ERROR - 2016-10-10 02:54:31 --> Could not find the language line "mynt_icon_taobao"
ERROR - 2016-10-10 02:54:31 --> Could not find the language line "mynt_icon_tmall"
ERROR - 2016-10-10 02:54:31 --> Could not find the language line "mynt_icon_youzan"
ERROR - 2016-10-10 02:54:31 --> Could not find the language line "mynt_buy_taobao"
ERROR - 2016-10-10 02:54:31 --> Could not find the language line "mynt_buy_tmall"
ERROR - 2016-10-10 02:54:31 --> Could not find the language line "mynt_buy_youzan"
ERROR - 2016-10-10 02:54:31 --> Could not find the language line "mynt_buy_jd"
ERROR - 2016-10-10 02:54:38 --> Could not find the language line "mynt_buy_taobao"
ERROR - 2016-10-10 02:54:38 --> Could not find the language line "mynt_buy_tmall"
ERROR - 2016-10-10 02:54:38 --> Could not find the language line "mynt_buy_youzan"
ERROR - 2016-10-10 02:54:38 --> Could not find the language line "mynt_buy_jd"
ERROR - 2016-10-10 02:54:40 --> Could not find the language line "mynt_buy_taobao"
ERROR - 2016-10-10 02:54:40 --> Could not find the language line "mynt_buy_tmall"
ERROR - 2016-10-10 02:54:40 --> Could not find the language line "mynt_buy_youzan"
ERROR - 2016-10-10 02:54:40 --> Could not find the language line "mynt_buy_jd"
ERROR - 2016-10-10 02:54:40 --> Could not find the language line "home_cloud_title"
ERROR - 2016-10-10 02:54:40 --> Could not find the language line "home_cloud_intro"
ERROR - 2016-10-10 02:54:40 --> Could not find the language line "mynt_icon_taobao"
ERROR - 2016-10-10 02:54:40 --> Could not find the language line "mynt_icon_tmall"
ERROR - 2016-10-10 02:54:40 --> Could not find the language line "mynt_icon_youzan"
ERROR - 2016-10-10 02:54:41 --> Could not find the language line "mynt_buy_taobao"
ERROR - 2016-10-10 02:54:41 --> Could not find the language line "mynt_buy_tmall"
ERROR - 2016-10-10 02:54:41 --> Could not find the language line "mynt_buy_youzan"
ERROR - 2016-10-10 02:54:41 --> Could not find the language line "mynt_buy_jd"
ERROR - 2016-10-10 02:54:42 --> Could not find the language line "mynt_buy_taobao"
ERROR - 2016-10-10 02:54:42 --> Could not find the language line "mynt_buy_tmall"
ERROR - 2016-10-10 02:54:42 --> Could not find the language line "mynt_buy_youzan"
ERROR - 2016-10-10 02:54:42 --> Could not find the language line "mynt_buy_jd"
ERROR - 2016-10-10 02:54:42 --> Could not find the language line "home_cloud_title"
ERROR - 2016-10-10 02:54:42 --> Could not find the language line "home_cloud_intro"
ERROR - 2016-10-10 02:54:42 --> Could not find the language line "mynt_icon_taobao"
ERROR - 2016-10-10 02:54:42 --> Could not find the language line "mynt_icon_tmall"
ERROR - 2016-10-10 02:54:42 --> Could not find the language line "mynt_icon_youzan"
ERROR - 2016-10-10 02:54:42 --> Could not find the language line "mynt_buy_taobao"
ERROR - 2016-10-10 02:54:42 --> Could not find the language line "mynt_buy_tmall"
ERROR - 2016-10-10 02:54:42 --> Could not find the language line "mynt_buy_youzan"
ERROR - 2016-10-10 02:54:42 --> Could not find the language line "mynt_buy_jd"
ERROR - 2016-10-10 02:54:43 --> Could not find the language line "mynt_buy_taobao"
ERROR - 2016-10-10 02:54:43 --> Could not find the language line "mynt_buy_tmall"
ERROR - 2016-10-10 02:54:43 --> Could not find the language line "mynt_buy_youzan"
ERROR - 2016-10-10 02:54:43 --> Could not find the language line "mynt_buy_jd"
ERROR - 2016-10-10 02:54:43 --> Could not find the language line "home_cloud_title"
ERROR - 2016-10-10 02:54:43 --> Could not find the language line "home_cloud_intro"
ERROR - 2016-10-10 02:54:43 --> Could not find the language line "mynt_icon_taobao"
ERROR - 2016-10-10 02:54:43 --> Could not find the language line "mynt_icon_tmall"
ERROR - 2016-10-10 02:54:43 --> Could not find the language line "mynt_icon_youzan"
ERROR - 2016-10-10 02:54:43 --> Could not find the language line "mynt_buy_taobao"
ERROR - 2016-10-10 02:54:43 --> Could not find the language line "mynt_buy_tmall"
ERROR - 2016-10-10 02:54:43 --> Could not find the language line "mynt_buy_youzan"
ERROR - 2016-10-10 02:54:43 --> Could not find the language line "mynt_buy_jd"
ERROR - 2016-10-10 02:54:44 --> Could not find the language line "mynt_buy_taobao"
ERROR - 2016-10-10 02:54:44 --> Could not find the language line "mynt_buy_tmall"
ERROR - 2016-10-10 02:54:44 --> Could not find the language line "mynt_buy_youzan"
ERROR - 2016-10-10 02:54:44 --> Could not find the language line "mynt_buy_jd"
ERROR - 2016-10-10 02:54:44 --> Could not find the language line "home_cloud_title"
ERROR - 2016-10-10 02:54:44 --> Could not find the language line "home_cloud_intro"
ERROR - 2016-10-10 02:54:44 --> Could not find the language line "mynt_icon_taobao"
ERROR - 2016-10-10 02:54:44 --> Could not find the language line "mynt_icon_tmall"
ERROR - 2016-10-10 02:54:44 --> Could not find the language line "mynt_icon_youzan"
ERROR - 2016-10-10 02:54:44 --> Could not find the language line "mynt_buy_taobao"
ERROR - 2016-10-10 02:54:44 --> Could not find the language line "mynt_buy_tmall"
ERROR - 2016-10-10 02:54:44 --> Could not find the language line "mynt_buy_youzan"
ERROR - 2016-10-10 02:54:44 --> Could not find the language line "mynt_buy_jd"
ERROR - 2016-10-10 03:03:13 --> Could not find the language line "mynt_buy_taobao"
ERROR - 2016-10-10 03:03:13 --> Could not find the language line "mynt_buy_tmall"
ERROR - 2016-10-10 03:03:13 --> Could not find the language line "mynt_buy_youzan"
ERROR - 2016-10-10 03:03:13 --> Could not find the language line "mynt_buy_jd"
ERROR - 2016-10-10 03:03:13 --> Could not find the language line "home_cloud_title"
ERROR - 2016-10-10 03:03:13 --> Could not find the language line "home_cloud_intro"
ERROR - 2016-10-10 03:03:13 --> Could not find the language line "mynt_icon_taobao"
ERROR - 2016-10-10 03:03:13 --> Could not find the language line "mynt_icon_tmall"
ERROR - 2016-10-10 03:03:13 --> Could not find the language line "mynt_icon_youzan"
ERROR - 2016-10-10 03:03:13 --> Could not find the language line "mynt_buy_taobao"
ERROR - 2016-10-10 03:03:13 --> Could not find the language line "mynt_buy_tmall"
ERROR - 2016-10-10 03:03:13 --> Could not find the language line "mynt_buy_youzan"
ERROR - 2016-10-10 03:03:13 --> Could not find the language line "mynt_buy_jd"
ERROR - 2016-10-10 03:06:56 --> Could not find the language line "mynt_buy_taobao"
ERROR - 2016-10-10 03:06:56 --> Could not find the language line "mynt_buy_tmall"
ERROR - 2016-10-10 03:06:56 --> Could not find the language line "mynt_buy_youzan"
ERROR - 2016-10-10 03:06:56 --> Could not find the language line "mynt_buy_jd"
ERROR - 2016-10-10 03:06:56 --> Could not find the language line "home_cloud_title"
ERROR - 2016-10-10 03:06:56 --> Could not find the language line "home_cloud_intro"
ERROR - 2016-10-10 03:06:56 --> Could not find the language line "mynt_icon_taobao"
ERROR - 2016-10-10 03:06:56 --> Could not find the language line "mynt_icon_tmall"
ERROR - 2016-10-10 03:06:56 --> Could not find the language line "mynt_icon_youzan"
ERROR - 2016-10-10 03:06:57 --> Could not find the language line "mynt_buy_taobao"
ERROR - 2016-10-10 03:06:57 --> Could not find the language line "mynt_buy_tmall"
ERROR - 2016-10-10 03:06:57 --> Could not find the language line "mynt_buy_youzan"
ERROR - 2016-10-10 03:06:57 --> Could not find the language line "mynt_buy_jd"
ERROR - 2016-10-10 03:10:40 --> Could not find the language line "mynt_buy_taobao"
ERROR - 2016-10-10 03:10:40 --> Could not find the language line "mynt_buy_tmall"
ERROR - 2016-10-10 03:10:40 --> Could not find the language line "mynt_buy_youzan"
ERROR - 2016-10-10 03:10:40 --> Could not find the language line "mynt_buy_jd"
ERROR - 2016-10-10 03:10:40 --> Could not find the language line "home_cloud_title"
ERROR - 2016-10-10 03:10:40 --> Could not find the language line "home_cloud_intro"
ERROR - 2016-10-10 03:10:40 --> Could not find the language line "mynt_icon_taobao"
ERROR - 2016-10-10 03:10:40 --> Could not find the language line "mynt_icon_tmall"
ERROR - 2016-10-10 03:10:40 --> Could not find the language line "mynt_icon_youzan"
ERROR - 2016-10-10 03:10:40 --> Could not find the language line "mynt_buy_taobao"
ERROR - 2016-10-10 03:10:40 --> Could not find the language line "mynt_buy_tmall"
ERROR - 2016-10-10 03:10:40 --> Could not find the language line "mynt_buy_youzan"
ERROR - 2016-10-10 03:10:40 --> Could not find the language line "mynt_buy_jd"
ERROR - 2016-10-10 03:13:18 --> Could not find the language line "mynt_buy_taobao"
ERROR - 2016-10-10 03:13:18 --> Could not find the language line "mynt_buy_tmall"
ERROR - 2016-10-10 03:13:18 --> Could not find the language line "mynt_buy_youzan"
ERROR - 2016-10-10 03:13:18 --> Could not find the language line "mynt_buy_jd"
ERROR - 2016-10-10 03:13:18 --> Could not find the language line "home_cloud_title"
ERROR - 2016-10-10 03:13:18 --> Could not find the language line "home_cloud_intro"
ERROR - 2016-10-10 03:13:18 --> Could not find the language line "mynt_icon_taobao"
ERROR - 2016-10-10 03:13:18 --> Could not find the language line "mynt_icon_tmall"
ERROR - 2016-10-10 03:13:18 --> Could not find the language line "mynt_icon_youzan"
ERROR - 2016-10-10 03:13:19 --> Could not find the language line "mynt_buy_taobao"
ERROR - 2016-10-10 03:13:19 --> Could not find the language line "mynt_buy_tmall"
ERROR - 2016-10-10 03:13:19 --> Could not find the language line "mynt_buy_youzan"
ERROR - 2016-10-10 03:13:19 --> Could not find the language line "mynt_buy_jd"
ERROR - 2016-10-10 03:13:49 --> Could not find the language line "mynt_buy_taobao"
ERROR - 2016-10-10 03:13:49 --> Could not find the language line "mynt_buy_tmall"
ERROR - 2016-10-10 03:13:49 --> Could not find the language line "mynt_buy_youzan"
ERROR - 2016-10-10 03:13:49 --> Could not find the language line "mynt_buy_jd"
ERROR - 2016-10-10 03:13:49 --> Could not find the language line "home_cloud_title"
ERROR - 2016-10-10 03:13:49 --> Could not find the language line "home_cloud_intro"
ERROR - 2016-10-10 03:13:49 --> Could not find the language line "mynt_icon_taobao"
ERROR - 2016-10-10 03:13:49 --> Could not find the language line "mynt_icon_tmall"
ERROR - 2016-10-10 03:13:49 --> Could not find the language line "mynt_icon_youzan"
ERROR - 2016-10-10 03:13:49 --> Could not find the language line "mynt_buy_taobao"
ERROR - 2016-10-10 03:13:49 --> Could not find the language line "mynt_buy_tmall"
ERROR - 2016-10-10 03:13:49 --> Could not find the language line "mynt_buy_youzan"
ERROR - 2016-10-10 03:13:49 --> Could not find the language line "mynt_buy_jd"
ERROR - 2016-10-10 03:15:33 --> Could not find the language line "mynt_buy_taobao"
ERROR - 2016-10-10 03:15:33 --> Could not find the language line "mynt_buy_tmall"
ERROR - 2016-10-10 03:15:33 --> Could not find the language line "mynt_buy_youzan"
ERROR - 2016-10-10 03:15:33 --> Could not find the language line "mynt_buy_jd"
ERROR - 2016-10-10 03:15:33 --> Could not find the language line "home_cloud_title"
ERROR - 2016-10-10 03:15:33 --> Could not find the language line "home_cloud_intro"
ERROR - 2016-10-10 03:15:33 --> Could not find the language line "mynt_icon_taobao"
ERROR - 2016-10-10 03:15:33 --> Could not find the language line "mynt_icon_tmall"
ERROR - 2016-10-10 03:15:33 --> Could not find the language line "mynt_icon_youzan"
ERROR - 2016-10-10 03:15:33 --> Could not find the language line "mynt_buy_taobao"
ERROR - 2016-10-10 03:15:33 --> Could not find the language line "mynt_buy_tmall"
ERROR - 2016-10-10 03:15:33 --> Could not find the language line "mynt_buy_youzan"
ERROR - 2016-10-10 03:15:33 --> Could not find the language line "mynt_buy_jd"
ERROR - 2016-10-10 03:18:44 --> Could not find the language line "mynt_buy_taobao"
ERROR - 2016-10-10 03:18:44 --> Could not find the language line "mynt_buy_tmall"
ERROR - 2016-10-10 03:18:44 --> Could not find the language line "mynt_buy_youzan"
ERROR - 2016-10-10 03:18:44 --> Could not find the language line "mynt_buy_jd"
ERROR - 2016-10-10 03:18:44 --> Could not find the language line "home_cloud_title"
ERROR - 2016-10-10 03:18:44 --> Could not find the language line "home_cloud_intro"
ERROR - 2016-10-10 03:18:44 --> Could not find the language line "mynt_icon_taobao"
ERROR - 2016-10-10 03:18:44 --> Could not find the language line "mynt_icon_tmall"
ERROR - 2016-10-10 03:18:44 --> Could not find the language line "mynt_icon_youzan"
ERROR - 2016-10-10 03:18:45 --> Could not find the language line "mynt_buy_taobao"
ERROR - 2016-10-10 03:18:45 --> Could not find the language line "mynt_buy_tmall"
ERROR - 2016-10-10 03:18:45 --> Could not find the language line "mynt_buy_youzan"
ERROR - 2016-10-10 03:18:45 --> Could not find the language line "mynt_buy_jd"
ERROR - 2016-10-10 03:19:15 --> Could not find the language line "mynt_buy_taobao"
ERROR - 2016-10-10 03:19:15 --> Could not find the language line "mynt_buy_tmall"
ERROR - 2016-10-10 03:19:15 --> Could not find the language line "mynt_buy_youzan"
ERROR - 2016-10-10 03:19:15 --> Could not find the language line "mynt_buy_jd"
ERROR - 2016-10-10 03:19:15 --> Could not find the language line "home_cloud_title"
ERROR - 2016-10-10 03:19:15 --> Could not find the language line "home_cloud_intro"
ERROR - 2016-10-10 03:19:15 --> Could not find the language line "mynt_icon_taobao"
ERROR - 2016-10-10 03:19:15 --> Could not find the language line "mynt_icon_tmall"
ERROR - 2016-10-10 03:19:15 --> Could not find the language line "mynt_icon_youzan"
ERROR - 2016-10-10 03:19:16 --> Could not find the language line "mynt_buy_taobao"
ERROR - 2016-10-10 03:19:16 --> Could not find the language line "mynt_buy_tmall"
ERROR - 2016-10-10 03:19:16 --> Could not find the language line "mynt_buy_youzan"
ERROR - 2016-10-10 03:19:16 --> Could not find the language line "mynt_buy_jd"
ERROR - 2016-10-10 03:21:40 --> Could not find the language line "mynt_buy_taobao"
ERROR - 2016-10-10 03:21:40 --> Could not find the language line "mynt_buy_tmall"
ERROR - 2016-10-10 03:21:40 --> Could not find the language line "mynt_buy_youzan"
ERROR - 2016-10-10 03:21:40 --> Could not find the language line "mynt_buy_jd"
ERROR - 2016-10-10 03:21:40 --> Could not find the language line "home_cloud_title"
ERROR - 2016-10-10 03:21:40 --> Could not find the language line "home_cloud_intro"
ERROR - 2016-10-10 03:21:40 --> Could not find the language line "mynt_icon_taobao"
ERROR - 2016-10-10 03:21:40 --> Could not find the language line "mynt_icon_tmall"
ERROR - 2016-10-10 03:21:40 --> Could not find the language line "mynt_icon_youzan"
ERROR - 2016-10-10 03:21:40 --> Could not find the language line "mynt_buy_taobao"
ERROR - 2016-10-10 03:21:40 --> Could not find the language line "mynt_buy_tmall"
ERROR - 2016-10-10 03:21:40 --> Could not find the language line "mynt_buy_youzan"
ERROR - 2016-10-10 03:21:40 --> Could not find the language line "mynt_buy_jd"
ERROR - 2016-10-10 03:24:01 --> Could not find the language line "mynt_buy_taobao"
ERROR - 2016-10-10 03:24:01 --> Could not find the language line "mynt_buy_tmall"
ERROR - 2016-10-10 03:24:01 --> Could not find the language line "mynt_buy_youzan"
ERROR - 2016-10-10 03:24:01 --> Could not find the language line "mynt_buy_jd"
ERROR - 2016-10-10 03:24:01 --> Could not find the language line "home_cloud_title"
ERROR - 2016-10-10 03:24:01 --> Could not find the language line "home_cloud_intro"
ERROR - 2016-10-10 03:24:01 --> Could not find the language line "mynt_icon_taobao"
ERROR - 2016-10-10 03:24:01 --> Could not find the language line "mynt_icon_tmall"
ERROR - 2016-10-10 03:24:01 --> Could not find the language line "mynt_icon_youzan"
ERROR - 2016-10-10 03:24:02 --> Could not find the language line "mynt_buy_taobao"
ERROR - 2016-10-10 03:24:02 --> Could not find the language line "mynt_buy_tmall"
ERROR - 2016-10-10 03:24:02 --> Could not find the language line "mynt_buy_youzan"
ERROR - 2016-10-10 03:24:02 --> Could not find the language line "mynt_buy_jd"
ERROR - 2016-10-10 03:26:46 --> Could not find the language line "mynt_buy_taobao"
ERROR - 2016-10-10 03:26:46 --> Could not find the language line "mynt_buy_tmall"
ERROR - 2016-10-10 03:26:46 --> Could not find the language line "mynt_buy_youzan"
ERROR - 2016-10-10 03:26:46 --> Could not find the language line "mynt_buy_jd"
ERROR - 2016-10-10 03:26:46 --> Could not find the language line "home_cloud_title"
ERROR - 2016-10-10 03:26:46 --> Could not find the language line "home_cloud_intro"
ERROR - 2016-10-10 03:26:46 --> Could not find the language line "mynt_icon_taobao"
ERROR - 2016-10-10 03:26:46 --> Could not find the language line "mynt_icon_tmall"
ERROR - 2016-10-10 03:26:46 --> Could not find the language line "mynt_icon_youzan"
ERROR - 2016-10-10 03:26:47 --> Could not find the language line "mynt_buy_taobao"
ERROR - 2016-10-10 03:26:47 --> Could not find the language line "mynt_buy_tmall"
ERROR - 2016-10-10 03:26:47 --> Could not find the language line "mynt_buy_youzan"
ERROR - 2016-10-10 03:26:47 --> Could not find the language line "mynt_buy_jd"
ERROR - 2016-10-10 03:27:52 --> Could not find the language line "mynt_buy_taobao"
ERROR - 2016-10-10 03:27:52 --> Could not find the language line "mynt_buy_tmall"
ERROR - 2016-10-10 03:27:52 --> Could not find the language line "mynt_buy_youzan"
ERROR - 2016-10-10 03:27:52 --> Could not find the language line "mynt_buy_jd"
ERROR - 2016-10-10 03:27:52 --> Could not find the language line "home_cloud_title"
ERROR - 2016-10-10 03:27:52 --> Could not find the language line "home_cloud_intro"
ERROR - 2016-10-10 03:27:52 --> Could not find the language line "mynt_icon_taobao"
ERROR - 2016-10-10 03:27:52 --> Could not find the language line "mynt_icon_tmall"
ERROR - 2016-10-10 03:27:52 --> Could not find the language line "mynt_icon_youzan"
ERROR - 2016-10-10 03:27:52 --> Could not find the language line "mynt_buy_taobao"
ERROR - 2016-10-10 03:27:52 --> Could not find the language line "mynt_buy_tmall"
ERROR - 2016-10-10 03:27:52 --> Could not find the language line "mynt_buy_youzan"
ERROR - 2016-10-10 03:27:52 --> Could not find the language line "mynt_buy_jd"
ERROR - 2016-10-10 03:28:45 --> Could not find the language line "mynt_buy_taobao"
ERROR - 2016-10-10 03:28:45 --> Could not find the language line "mynt_buy_tmall"
ERROR - 2016-10-10 03:28:45 --> Could not find the language line "mynt_buy_youzan"
ERROR - 2016-10-10 03:28:45 --> Could not find the language line "mynt_buy_jd"
ERROR - 2016-10-10 03:28:45 --> Could not find the language line "home_cloud_title"
ERROR - 2016-10-10 03:28:45 --> Could not find the language line "home_cloud_intro"
ERROR - 2016-10-10 03:28:45 --> Could not find the language line "mynt_icon_taobao"
ERROR - 2016-10-10 03:28:45 --> Could not find the language line "mynt_icon_tmall"
ERROR - 2016-10-10 03:28:45 --> Could not find the language line "mynt_icon_youzan"
ERROR - 2016-10-10 03:28:46 --> Could not find the language line "mynt_buy_taobao"
ERROR - 2016-10-10 03:28:46 --> Could not find the language line "mynt_buy_tmall"
ERROR - 2016-10-10 03:28:46 --> Could not find the language line "mynt_buy_youzan"
ERROR - 2016-10-10 03:28:46 --> Could not find the language line "mynt_buy_jd"
ERROR - 2016-10-10 03:36:12 --> Could not find the language line "mynt_buy_taobao"
ERROR - 2016-10-10 03:36:12 --> Could not find the language line "mynt_buy_tmall"
ERROR - 2016-10-10 03:36:12 --> Could not find the language line "mynt_buy_youzan"
ERROR - 2016-10-10 03:36:12 --> Could not find the language line "mynt_buy_jd"
ERROR - 2016-10-10 03:36:12 --> Could not find the language line "home_cloud_title"
ERROR - 2016-10-10 03:36:12 --> Could not find the language line "home_cloud_intro"
ERROR - 2016-10-10 03:36:12 --> Could not find the language line "mynt_icon_taobao"
ERROR - 2016-10-10 03:36:12 --> Could not find the language line "mynt_icon_tmall"
ERROR - 2016-10-10 03:36:12 --> Could not find the language line "mynt_icon_youzan"
ERROR - 2016-10-10 03:36:12 --> Could not find the language line "mynt_buy_taobao"
ERROR - 2016-10-10 03:36:12 --> Could not find the language line "mynt_buy_tmall"
ERROR - 2016-10-10 03:36:12 --> Could not find the language line "mynt_buy_youzan"
ERROR - 2016-10-10 03:36:12 --> Could not find the language line "mynt_buy_jd"
ERROR - 2016-10-10 03:36:16 --> Could not find the language line "mynt_buy_taobao"
ERROR - 2016-10-10 03:36:16 --> Could not find the language line "mynt_buy_tmall"
ERROR - 2016-10-10 03:36:16 --> Could not find the language line "mynt_buy_youzan"
ERROR - 2016-10-10 03:36:16 --> Could not find the language line "mynt_buy_jd"
ERROR - 2016-10-10 03:36:16 --> Could not find the language line "home_cloud_title"
ERROR - 2016-10-10 03:36:16 --> Could not find the language line "home_cloud_intro"
ERROR - 2016-10-10 03:36:16 --> Could not find the language line "mynt_icon_taobao"
ERROR - 2016-10-10 03:36:16 --> Could not find the language line "mynt_icon_tmall"
ERROR - 2016-10-10 03:36:16 --> Could not find the language line "mynt_icon_youzan"
ERROR - 2016-10-10 03:36:17 --> Could not find the language line "mynt_buy_taobao"
ERROR - 2016-10-10 03:36:17 --> Could not find the language line "mynt_buy_tmall"
ERROR - 2016-10-10 03:36:17 --> Could not find the language line "mynt_buy_youzan"
ERROR - 2016-10-10 03:36:17 --> Could not find the language line "mynt_buy_jd"
ERROR - 2016-10-10 03:36:18 --> Could not find the language line "mynt_buy_taobao"
ERROR - 2016-10-10 03:36:18 --> Could not find the language line "mynt_buy_tmall"
ERROR - 2016-10-10 03:36:18 --> Could not find the language line "mynt_buy_youzan"
ERROR - 2016-10-10 03:36:18 --> Could not find the language line "mynt_buy_jd"
ERROR - 2016-10-10 03:36:18 --> Could not find the language line "home_cloud_title"
ERROR - 2016-10-10 03:36:18 --> Could not find the language line "home_cloud_intro"
ERROR - 2016-10-10 03:36:18 --> Could not find the language line "mynt_icon_taobao"
ERROR - 2016-10-10 03:36:18 --> Could not find the language line "mynt_icon_tmall"
ERROR - 2016-10-10 03:36:18 --> Could not find the language line "mynt_icon_youzan"
ERROR - 2016-10-10 03:36:19 --> Could not find the language line "mynt_buy_taobao"
ERROR - 2016-10-10 03:36:19 --> Could not find the language line "mynt_buy_tmall"
ERROR - 2016-10-10 03:36:19 --> Could not find the language line "mynt_buy_youzan"
ERROR - 2016-10-10 03:36:19 --> Could not find the language line "mynt_buy_jd"
ERROR - 2016-10-10 03:38:10 --> Could not find the language line "mynt_buy_taobao"
ERROR - 2016-10-10 03:38:10 --> Could not find the language line "mynt_buy_tmall"
ERROR - 2016-10-10 03:38:10 --> Could not find the language line "mynt_buy_youzan"
ERROR - 2016-10-10 03:38:10 --> Could not find the language line "mynt_buy_jd"
ERROR - 2016-10-10 03:38:10 --> Could not find the language line "home_cloud_title"
ERROR - 2016-10-10 03:38:10 --> Could not find the language line "home_cloud_intro"
ERROR - 2016-10-10 03:38:10 --> Could not find the language line "mynt_icon_taobao"
ERROR - 2016-10-10 03:38:10 --> Could not find the language line "mynt_icon_tmall"
ERROR - 2016-10-10 03:38:10 --> Could not find the language line "mynt_icon_youzan"
ERROR - 2016-10-10 03:38:11 --> Could not find the language line "mynt_buy_taobao"
ERROR - 2016-10-10 03:38:11 --> Could not find the language line "mynt_buy_tmall"
ERROR - 2016-10-10 03:38:11 --> Could not find the language line "mynt_buy_youzan"
ERROR - 2016-10-10 03:38:11 --> Could not find the language line "mynt_buy_jd"
ERROR - 2016-10-10 03:38:34 --> Could not find the language line "mynt_buy_taobao"
ERROR - 2016-10-10 03:38:34 --> Could not find the language line "mynt_buy_tmall"
ERROR - 2016-10-10 03:38:34 --> Could not find the language line "mynt_buy_youzan"
ERROR - 2016-10-10 03:38:34 --> Could not find the language line "mynt_buy_jd"
ERROR - 2016-10-10 03:38:34 --> Could not find the language line "home_cloud_title"
ERROR - 2016-10-10 03:38:34 --> Could not find the language line "home_cloud_intro"
ERROR - 2016-10-10 03:38:34 --> Could not find the language line "mynt_icon_taobao"
ERROR - 2016-10-10 03:38:34 --> Could not find the language line "mynt_icon_tmall"
ERROR - 2016-10-10 03:38:34 --> Could not find the language line "mynt_icon_youzan"
ERROR - 2016-10-10 03:38:34 --> Could not find the language line "mynt_buy_taobao"
ERROR - 2016-10-10 03:38:34 --> Could not find the language line "mynt_buy_tmall"
ERROR - 2016-10-10 03:38:34 --> Could not find the language line "mynt_buy_youzan"
ERROR - 2016-10-10 03:38:34 --> Could not find the language line "mynt_buy_jd"
ERROR - 2016-10-10 03:53:28 --> Could not find the language line "mynt_buy_taobao"
ERROR - 2016-10-10 03:53:28 --> Could not find the language line "mynt_buy_tmall"
ERROR - 2016-10-10 03:53:28 --> Could not find the language line "mynt_buy_youzan"
ERROR - 2016-10-10 03:53:28 --> Could not find the language line "mynt_buy_jd"
ERROR - 2016-10-10 03:53:28 --> Could not find the language line "home_cloud_title"
ERROR - 2016-10-10 03:53:28 --> Could not find the language line "home_cloud_intro"
ERROR - 2016-10-10 03:53:28 --> Could not find the language line "mynt_icon_taobao"
ERROR - 2016-10-10 03:53:28 --> Could not find the language line "mynt_icon_tmall"
ERROR - 2016-10-10 03:53:28 --> Could not find the language line "mynt_icon_youzan"
ERROR - 2016-10-10 03:53:29 --> Could not find the language line "mynt_buy_taobao"
ERROR - 2016-10-10 03:53:29 --> Could not find the language line "mynt_buy_tmall"
ERROR - 2016-10-10 03:53:29 --> Could not find the language line "mynt_buy_youzan"
ERROR - 2016-10-10 03:53:29 --> Could not find the language line "mynt_buy_jd"
ERROR - 2016-10-10 03:53:43 --> Could not find the language line "mynt_buy_taobao"
ERROR - 2016-10-10 03:53:43 --> Could not find the language line "mynt_buy_tmall"
ERROR - 2016-10-10 03:53:43 --> Could not find the language line "mynt_buy_youzan"
ERROR - 2016-10-10 03:53:43 --> Could not find the language line "mynt_buy_jd"
ERROR - 2016-10-10 03:53:43 --> Could not find the language line "home_cloud_title"
ERROR - 2016-10-10 03:53:43 --> Could not find the language line "home_cloud_intro"
ERROR - 2016-10-10 03:53:43 --> Could not find the language line "mynt_icon_taobao"
ERROR - 2016-10-10 03:53:43 --> Could not find the language line "mynt_icon_tmall"
ERROR - 2016-10-10 03:53:43 --> Could not find the language line "mynt_icon_youzan"
ERROR - 2016-10-10 03:53:43 --> Could not find the language line "mynt_buy_taobao"
ERROR - 2016-10-10 03:53:43 --> Could not find the language line "mynt_buy_tmall"
ERROR - 2016-10-10 03:53:43 --> Could not find the language line "mynt_buy_youzan"
ERROR - 2016-10-10 03:53:43 --> Could not find the language line "mynt_buy_jd"
ERROR - 2016-10-10 03:53:44 --> Could not find the language line "mynt_buy_taobao"
ERROR - 2016-10-10 03:53:44 --> Could not find the language line "mynt_buy_tmall"
ERROR - 2016-10-10 03:53:44 --> Could not find the language line "mynt_buy_youzan"
ERROR - 2016-10-10 03:53:44 --> Could not find the language line "mynt_buy_jd"
ERROR - 2016-10-10 03:53:44 --> Could not find the language line "home_cloud_title"
ERROR - 2016-10-10 03:53:44 --> Could not find the language line "home_cloud_intro"
ERROR - 2016-10-10 03:53:44 --> Could not find the language line "mynt_icon_taobao"
ERROR - 2016-10-10 03:53:44 --> Could not find the language line "mynt_icon_tmall"
ERROR - 2016-10-10 03:53:44 --> Could not find the language line "mynt_icon_youzan"
ERROR - 2016-10-10 03:53:44 --> Could not find the language line "mynt_buy_taobao"
ERROR - 2016-10-10 03:53:44 --> Could not find the language line "mynt_buy_tmall"
ERROR - 2016-10-10 03:53:44 --> Could not find the language line "mynt_buy_youzan"
ERROR - 2016-10-10 03:53:44 --> Could not find the language line "mynt_buy_jd"
ERROR - 2016-10-10 03:55:05 --> Could not find the language line "mynt_buy_taobao"
ERROR - 2016-10-10 03:55:05 --> Could not find the language line "mynt_buy_tmall"
ERROR - 2016-10-10 03:55:05 --> Could not find the language line "mynt_buy_youzan"
ERROR - 2016-10-10 03:55:05 --> Could not find the language line "mynt_buy_jd"
ERROR - 2016-10-10 03:55:05 --> Could not find the language line "home_cloud_title"
ERROR - 2016-10-10 03:55:05 --> Could not find the language line "home_cloud_intro"
ERROR - 2016-10-10 03:55:05 --> Could not find the language line "mynt_icon_taobao"
ERROR - 2016-10-10 03:55:05 --> Could not find the language line "mynt_icon_tmall"
ERROR - 2016-10-10 03:55:05 --> Could not find the language line "mynt_icon_youzan"
ERROR - 2016-10-10 03:55:06 --> Could not find the language line "mynt_buy_taobao"
ERROR - 2016-10-10 03:55:06 --> Could not find the language line "mynt_buy_tmall"
ERROR - 2016-10-10 03:55:06 --> Could not find the language line "mynt_buy_youzan"
ERROR - 2016-10-10 03:55:06 --> Could not find the language line "mynt_buy_jd"
ERROR - 2016-10-10 04:13:29 --> Could not find the language line "mynt_buy_taobao"
ERROR - 2016-10-10 04:13:29 --> Could not find the language line "mynt_buy_tmall"
ERROR - 2016-10-10 04:13:29 --> Could not find the language line "mynt_buy_youzan"
ERROR - 2016-10-10 04:13:29 --> Could not find the language line "mynt_buy_jd"
ERROR - 2016-10-10 04:13:29 --> Could not find the language line "home_cloud_title"
ERROR - 2016-10-10 04:13:29 --> Could not find the language line "home_cloud_intro"
ERROR - 2016-10-10 04:13:29 --> Could not find the language line "mynt_icon_taobao"
ERROR - 2016-10-10 04:13:29 --> Could not find the language line "mynt_icon_tmall"
ERROR - 2016-10-10 04:13:29 --> Could not find the language line "mynt_icon_youzan"
ERROR - 2016-10-10 04:13:29 --> Could not find the language line "mynt_buy_taobao"
ERROR - 2016-10-10 04:13:29 --> Could not find the language line "mynt_buy_tmall"
ERROR - 2016-10-10 04:13:29 --> Could not find the language line "mynt_buy_youzan"
ERROR - 2016-10-10 04:13:29 --> Could not find the language line "mynt_buy_jd"
ERROR - 2016-10-10 04:18:49 --> Could not find the language line "mynt_buy_taobao"
ERROR - 2016-10-10 04:18:49 --> Could not find the language line "mynt_buy_tmall"
ERROR - 2016-10-10 04:18:49 --> Could not find the language line "mynt_buy_youzan"
ERROR - 2016-10-10 04:18:49 --> Could not find the language line "mynt_buy_jd"
ERROR - 2016-10-10 04:18:49 --> Could not find the language line "home_cloud_title"
ERROR - 2016-10-10 04:18:49 --> Could not find the language line "home_cloud_intro"
ERROR - 2016-10-10 04:18:49 --> Could not find the language line "mynt_icon_taobao"
ERROR - 2016-10-10 04:18:49 --> Could not find the language line "mynt_icon_tmall"
ERROR - 2016-10-10 04:18:49 --> Could not find the language line "mynt_icon_youzan"
ERROR - 2016-10-10 04:18:49 --> Could not find the language line "mynt_buy_taobao"
ERROR - 2016-10-10 04:18:49 --> Could not find the language line "mynt_buy_tmall"
ERROR - 2016-10-10 04:18:49 --> Could not find the language line "mynt_buy_youzan"
ERROR - 2016-10-10 04:18:49 --> Could not find the language line "mynt_buy_jd"
ERROR - 2016-10-10 04:19:17 --> Could not find the language line "mynt_buy_taobao"
ERROR - 2016-10-10 04:19:17 --> Could not find the language line "mynt_buy_tmall"
ERROR - 2016-10-10 04:19:17 --> Could not find the language line "mynt_buy_youzan"
ERROR - 2016-10-10 04:19:17 --> Could not find the language line "mynt_buy_jd"
ERROR - 2016-10-10 04:19:17 --> Could not find the language line "home_cloud_title"
ERROR - 2016-10-10 04:19:17 --> Could not find the language line "home_cloud_intro"
ERROR - 2016-10-10 04:19:17 --> Could not find the language line "mynt_icon_taobao"
ERROR - 2016-10-10 04:19:17 --> Could not find the language line "mynt_icon_tmall"
ERROR - 2016-10-10 04:19:17 --> Could not find the language line "mynt_icon_youzan"
ERROR - 2016-10-10 04:19:17 --> Could not find the language line "mynt_buy_taobao"
ERROR - 2016-10-10 04:19:17 --> Could not find the language line "mynt_buy_tmall"
ERROR - 2016-10-10 04:19:17 --> Could not find the language line "mynt_buy_youzan"
ERROR - 2016-10-10 04:19:17 --> Could not find the language line "mynt_buy_jd"
ERROR - 2016-10-10 04:21:53 --> Could not find the language line "mynt_buy_taobao"
ERROR - 2016-10-10 04:21:53 --> Could not find the language line "mynt_buy_tmall"
ERROR - 2016-10-10 04:21:53 --> Could not find the language line "mynt_buy_youzan"
ERROR - 2016-10-10 04:21:53 --> Could not find the language line "mynt_buy_jd"
ERROR - 2016-10-10 04:21:53 --> Could not find the language line "home_cloud_title"
ERROR - 2016-10-10 04:21:53 --> Could not find the language line "home_cloud_intro"
ERROR - 2016-10-10 04:21:53 --> Could not find the language line "mynt_icon_taobao"
ERROR - 2016-10-10 04:21:53 --> Could not find the language line "mynt_icon_tmall"
ERROR - 2016-10-10 04:21:53 --> Could not find the language line "mynt_icon_youzan"
ERROR - 2016-10-10 04:21:53 --> Could not find the language line "mynt_buy_taobao"
ERROR - 2016-10-10 04:21:53 --> Could not find the language line "mynt_buy_tmall"
ERROR - 2016-10-10 04:21:53 --> Could not find the language line "mynt_buy_youzan"
ERROR - 2016-10-10 04:21:53 --> Could not find the language line "mynt_buy_jd"
ERROR - 2016-10-10 04:22:59 --> Could not find the language line "mynt_buy_taobao"
ERROR - 2016-10-10 04:22:59 --> Could not find the language line "mynt_buy_tmall"
ERROR - 2016-10-10 04:22:59 --> Could not find the language line "mynt_buy_youzan"
ERROR - 2016-10-10 04:22:59 --> Could not find the language line "mynt_buy_jd"
ERROR - 2016-10-10 04:22:59 --> Could not find the language line "home_cloud_title"
ERROR - 2016-10-10 04:22:59 --> Could not find the language line "home_cloud_intro"
ERROR - 2016-10-10 04:22:59 --> Could not find the language line "mynt_icon_taobao"
ERROR - 2016-10-10 04:22:59 --> Could not find the language line "mynt_icon_tmall"
ERROR - 2016-10-10 04:22:59 --> Could not find the language line "mynt_icon_youzan"
ERROR - 2016-10-10 04:22:59 --> Could not find the language line "mynt_buy_taobao"
ERROR - 2016-10-10 04:22:59 --> Could not find the language line "mynt_buy_tmall"
ERROR - 2016-10-10 04:22:59 --> Could not find the language line "mynt_buy_youzan"
ERROR - 2016-10-10 04:22:59 --> Could not find the language line "mynt_buy_jd"
ERROR - 2016-10-10 05:42:28 --> Could not find the language line "mynt_buy_taobao"
ERROR - 2016-10-10 05:42:28 --> Could not find the language line "mynt_buy_tmall"
ERROR - 2016-10-10 05:42:28 --> Could not find the language line "mynt_buy_youzan"
ERROR - 2016-10-10 05:42:28 --> Could not find the language line "mynt_buy_jd"
ERROR - 2016-10-10 05:42:28 --> Could not find the language line "home_cloud_title"
ERROR - 2016-10-10 05:42:28 --> Could not find the language line "home_cloud_intro"
ERROR - 2016-10-10 05:42:28 --> Could not find the language line "mynt_icon_taobao"
ERROR - 2016-10-10 05:42:28 --> Could not find the language line "mynt_icon_tmall"
ERROR - 2016-10-10 05:42:28 --> Could not find the language line "mynt_icon_youzan"
ERROR - 2016-10-10 05:42:29 --> Could not find the language line "mynt_buy_taobao"
ERROR - 2016-10-10 05:42:29 --> Could not find the language line "mynt_buy_tmall"
ERROR - 2016-10-10 05:42:29 --> Could not find the language line "mynt_buy_youzan"
ERROR - 2016-10-10 05:42:29 --> Could not find the language line "mynt_buy_jd"
ERROR - 2016-10-10 05:42:33 --> Could not find the language line "mynt_buy_taobao"
ERROR - 2016-10-10 05:42:33 --> Could not find the language line "mynt_buy_tmall"
ERROR - 2016-10-10 05:42:33 --> Could not find the language line "mynt_buy_youzan"
ERROR - 2016-10-10 05:42:33 --> Could not find the language line "mynt_buy_jd"
ERROR - 2016-10-10 05:44:30 --> Could not find the language line "mynt_buy_taobao"
ERROR - 2016-10-10 05:44:30 --> Could not find the language line "mynt_buy_tmall"
ERROR - 2016-10-10 05:44:30 --> Could not find the language line "mynt_buy_youzan"
ERROR - 2016-10-10 05:44:30 --> Could not find the language line "mynt_buy_jd"
ERROR - 2016-10-10 05:44:30 --> Could not find the language line "home_cloud_title"
ERROR - 2016-10-10 05:44:30 --> Could not find the language line "home_cloud_intro"
ERROR - 2016-10-10 05:44:30 --> Could not find the language line "mynt_icon_taobao"
ERROR - 2016-10-10 05:44:30 --> Could not find the language line "mynt_icon_tmall"
ERROR - 2016-10-10 05:44:30 --> Could not find the language line "mynt_icon_youzan"
ERROR - 2016-10-10 08:54:41 --> Could not find the language line "mynt_buy_taobao"
ERROR - 2016-10-10 08:54:41 --> Could not find the language line "mynt_buy_tmall"
ERROR - 2016-10-10 08:54:41 --> Could not find the language line "mynt_buy_youzan"
ERROR - 2016-10-10 08:54:41 --> Could not find the language line "mynt_buy_jd"
ERROR - 2016-10-10 08:54:45 --> Could not find the language line "mynt_buy_taobao"
ERROR - 2016-10-10 08:54:45 --> Could not find the language line "mynt_buy_tmall"
ERROR - 2016-10-10 08:54:45 --> Could not find the language line "mynt_buy_youzan"
ERROR - 2016-10-10 08:54:45 --> Could not find the language line "mynt_buy_jd"
