ERROR - 2017-09-12 06:39:54 --> Could not find the language line "mynt_buy_amazon"
ERROR - 2017-09-12 06:41:02 --> Could not find the language line "mynt_buy_amazon"
ERROR - 2017-09-12 06:41:02 --> Could not find the language line "about_keywords"
ERROR - 2017-09-12 06:41:02 --> Could not find the language line "about_company"
ERROR - 2017-09-12 06:43:03 --> Could not find the language line "mynt_buy_amazon"
ERROR - 2017-09-12 06:44:33 --> Could not find the language line "mynt_buy_amazon"
ERROR - 2017-09-12 06:46:32 --> Could not find the language line "mynt_buy_amazon"
ERROR - 2017-09-12 06:49:50 --> Could not find the language line "mynt_buy_amazon"
ERROR - 2017-09-12 07:08:19 --> Could not find the language line "mynt_buy_amazon"
ERROR - 2017-09-12 07:09:00 --> Could not find the language line "mynt_buy_amazon"
ERROR - 2017-09-12 07:09:39 --> Could not find the language line "mynt_buy_amazon"
ERROR - 2017-09-12 07:09:49 --> Could not find the language line "mynt_buy_amazon"
ERROR - 2017-09-12 07:10:25 --> Could not find the language line "mynt_buy_amazon"
ERROR - 2017-09-12 07:11:33 --> Could not find the language line "mynt_buy_amazon"
ERROR - 2017-09-12 07:13:10 --> Could not find the language line "mynt_buy_amazon"
ERROR - 2017-09-12 07:13:12 --> Could not find the language line "mynt_buy_amazon"
ERROR - 2017-09-12 07:13:30 --> Could not find the language line "mynt_buy_amazon"
ERROR - 2017-09-12 07:14:01 --> Could not find the language line "mynt_buy_amazon"
ERROR - 2017-09-12 07:14:49 --> Could not find the language line "mynt_buy_amazon"
ERROR - 2017-09-12 07:14:50 --> Could not find the language line "mynt_buy_amazon"
ERROR - 2017-09-12 07:14:53 --> Could not find the language line "mynt_buy_amazon"
ERROR - 2017-09-12 07:14:55 --> Could not find the language line "mynt_buy_amazon"
ERROR - 2017-09-12 07:15:03 --> Could not find the language line "mynt_buy_amazon"
ERROR - 2017-09-12 07:26:18 --> Could not find the language line "mynt_buy_amazon"
ERROR - 2017-09-12 07:32:56 --> Could not find the language line "mynt_buy_amazon"
ERROR - 2017-09-12 07:34:14 --> Could not find the language line "mynt_buy_amazon"
ERROR - 2017-09-12 07:34:18 --> Could not find the language line "mynt_buy_amazon"
ERROR - 2017-09-12 07:34:27 --> Could not find the language line "mynt_buy_amazon"
ERROR - 2017-09-12 07:34:29 --> Could not find the language line "mynt_buy_amazon"
ERROR - 2017-09-12 07:34:31 --> Could not find the language line "mynt_buy_amazon"
ERROR - 2017-09-12 07:34:33 --> Could not find the language line "mynt_buy_amazon"
ERROR - 2017-09-12 07:34:41 --> Could not find the language line "mynt_buy_amazon"
ERROR - 2017-09-12 07:34:43 --> Could not find the language line "mynt_buy_amazon"
ERROR - 2017-09-12 07:34:48 --> Could not find the language line "mynt_buy_amazon"
ERROR - 2017-09-12 07:40:06 --> Could not find the language line "mynt_buy_amazon"
ERROR - 2017-09-12 07:40:36 --> Could not find the language line "mynt_buy_amazon"
ERROR - 2017-09-12 07:41:15 --> Could not find the language line "mynt_buy_amazon"
ERROR - 2017-09-12 07:42:29 --> Could not find the language line "mynt_buy_amazon"
ERROR - 2017-09-12 07:42:33 --> Could not find the language line "mynt_buy_amazon"
ERROR - 2017-09-12 07:43:12 --> Could not find the language line "mynt_buy_amazon"
ERROR - 2017-09-12 07:43:23 --> Could not find the language line "mynt_buy_amazon"
ERROR - 2017-09-12 07:43:35 --> Could not find the language line "mynt_buy_amazon"
ERROR - 2017-09-12 07:43:47 --> Could not find the language line "mynt_buy_amazon"
ERROR - 2017-09-12 07:44:53 --> Could not find the language line "mynt_buy_amazon"
ERROR - 2017-09-12 07:45:17 --> Could not find the language line "mynt_buy_amazon"
ERROR - 2017-09-12 07:50:44 --> Could not find the language line "mynt_buy_amazon"
ERROR - 2017-09-12 07:53:26 --> Could not find the language line "mynt_buy_amazon"
ERROR - 2017-09-12 07:55:07 --> Could not find the language line "mynt_buy_amazon"
ERROR - 2017-09-12 07:55:12 --> Could not find the language line "mynt_buy_amazon"
ERROR - 2017-09-12 07:59:37 --> Could not find the language line "mynt_buy_amazon"
ERROR - 2017-09-12 08:00:48 --> Could not find the language line "mynt_buy_amazon"
ERROR - 2017-09-12 08:01:34 --> Could not find the language line "mynt_buy_amazon"
ERROR - 2017-09-12 08:01:53 --> Could not find the language line "mynt_buy_amazon"
ERROR - 2017-09-12 08:02:41 --> Could not find the language line "mynt_buy_amazon"
ERROR - 2017-09-12 08:02:56 --> Could not find the language line "mynt_buy_amazon"
ERROR - 2017-09-12 08:03:42 --> Could not find the language line "mynt_buy_amazon"
ERROR - 2017-09-12 08:04:04 --> Could not find the language line "mynt_buy_amazon"
ERROR - 2017-09-12 08:04:13 --> Could not find the language line "mynt_buy_amazon"
ERROR - 2017-09-12 08:04:37 --> Could not find the language line "mynt_buy_amazon"
ERROR - 2017-09-12 08:05:37 --> Could not find the language line "mynt_buy_amazon"
ERROR - 2017-09-12 08:08:12 --> Could not find the language line "mynt_buy_amazon"
ERROR - 2017-09-12 08:23:38 --> Could not find the language line "mynt_buy_amazon"
ERROR - 2017-09-12 08:24:03 --> Could not find the language line "mynt_buy_amazon"
ERROR - 2017-09-12 08:24:06 --> Could not find the language line "mynt_buy_amazon"
ERROR - 2017-09-12 08:34:32 --> Could not find the language line "mynt_buy_amazon"
ERROR - 2017-09-12 08:34:45 --> Could not find the language line "mynt_buy_amazon"
ERROR - 2017-09-12 08:35:28 --> Could not find the language line "mynt_buy_amazon"
ERROR - 2017-09-12 08:36:27 --> Could not find the language line "mynt_buy_amazon"
ERROR - 2017-09-12 08:37:02 --> Could not find the language line "mynt_buy_amazon"
ERROR - 2017-09-12 08:37:43 --> Could not find the language line "mynt_buy_amazon"
ERROR - 2017-09-12 08:39:01 --> Could not find the language line "mynt_buy_amazon"
ERROR - 2017-09-12 08:39:34 --> Could not find the language line "mynt_buy_amazon"
ERROR - 2017-09-12 08:40:54 --> Could not find the language line "mynt_buy_amazon"
ERROR - 2017-09-12 08:40:55 --> Could not find the language line "mynt_buy_amazon"
ERROR - 2017-09-12 08:40:56 --> Could not find the language line "mynt_buy_amazon"
ERROR - 2017-09-12 08:40:56 --> Could not find the language line "mynt_buy_amazon"
ERROR - 2017-09-12 08:40:56 --> Could not find the language line "mynt_buy_amazon"
ERROR - 2017-09-12 08:40:56 --> Could not find the language line "mynt_buy_amazon"
ERROR - 2017-09-12 08:40:56 --> Could not find the language line "mynt_buy_amazon"
ERROR - 2017-09-12 08:40:56 --> Could not find the language line "mynt_buy_amazon"
ERROR - 2017-09-12 08:40:57 --> Could not find the language line "mynt_buy_amazon"
ERROR - 2017-09-12 08:40:57 --> Could not find the language line "mynt_buy_amazon"
ERROR - 2017-09-12 08:40:57 --> Could not find the language line "mynt_buy_amazon"
ERROR - 2017-09-12 08:40:57 --> Could not find the language line "mynt_buy_amazon"
ERROR - 2017-09-12 08:40:57 --> Could not find the language line "mynt_buy_amazon"
ERROR - 2017-09-12 08:40:57 --> Could not find the language line "mynt_buy_amazon"
ERROR - 2017-09-12 08:40:58 --> Could not find the language line "mynt_buy_amazon"
ERROR - 2017-09-12 08:40:58 --> Could not find the language line "mynt_buy_amazon"
ERROR - 2017-09-12 08:43:15 --> Could not find the language line "mynt_buy_amazon"
ERROR - 2017-09-12 08:44:23 --> Could not find the language line "mynt_buy_amazon"
ERROR - 2017-09-12 08:45:07 --> Could not find the language line "mynt_buy_amazon"
ERROR - 2017-09-12 08:45:10 --> Could not find the language line "mynt_buy_amazon"
ERROR - 2017-09-12 08:45:10 --> Could not find the language line "about_keywords"
ERROR - 2017-09-12 08:45:10 --> Could not find the language line "about_company"
ERROR - 2017-09-12 08:45:24 --> Could not find the language line "mynt_buy_amazon"
ERROR - 2017-09-12 08:45:52 --> Could not find the language line "mynt_buy_amazon"
ERROR - 2017-09-12 08:49:51 --> Could not find the language line "mynt_buy_amazon"
ERROR - 2017-09-12 08:49:57 --> Could not find the language line "mynt_buy_amazon"
ERROR - 2017-09-12 08:49:58 --> Could not find the language line "mynt_buy_amazon"
ERROR - 2017-09-12 08:49:58 --> Could not find the language line "about_keywords"
ERROR - 2017-09-12 08:49:58 --> Could not find the language line "about_company"
ERROR - 2017-09-12 08:50:08 --> Could not find the language line "mynt_buy_amazon"
ERROR - 2017-09-12 08:50:29 --> Could not find the language line "mynt_buy_amazon"
ERROR - 2017-09-12 08:50:29 --> Could not find the language line "home_slife_title"
ERROR - 2017-09-12 08:50:29 --> Could not find the language line "mynt_icon_buy"
ERROR - 2017-09-12 08:50:31 --> Could not find the language line "mynt_buy_amazon"
ERROR - 2017-09-12 08:50:32 --> Could not find the language line "mynt_buy_amazon"
ERROR - 2017-09-12 08:51:04 --> Could not find the language line "mynt_buy_amazon"
ERROR - 2017-09-12 08:51:26 --> Could not find the language line "mynt_buy_amazon"
ERROR - 2017-09-12 08:51:29 --> Could not find the language line "mynt_buy_amazon"
ERROR - 2017-09-12 08:51:29 --> Could not find the language line "about_keywords"
ERROR - 2017-09-12 08:51:29 --> Could not find the language line "about_company"
ERROR - 2017-09-12 08:52:33 --> Could not find the language line "mynt_buy_amazon"
ERROR - 2017-09-12 08:52:33 --> Could not find the language line "about_keywords"
ERROR - 2017-09-12 08:52:33 --> Could not find the language line "about_company"
ERROR - 2017-09-12 08:53:31 --> Could not find the language line "mynt_buy_amazon"
ERROR - 2017-09-12 08:53:31 --> Could not find the language line "about_keywords"
ERROR - 2017-09-12 08:53:31 --> Could not find the language line "about_company"
ERROR - 2017-09-12 08:55:40 --> Could not find the language line "mynt_buy_amazon"
ERROR - 2017-09-12 08:55:40 --> Could not find the language line "about_keywords"
ERROR - 2017-09-12 08:55:40 --> Could not find the language line "about_company"
ERROR - 2017-09-12 09:51:17 --> Could not find the language line "mynt_buy_amazon"
ERROR - 2017-09-12 09:51:17 --> Could not find the language line "about_keywords"
ERROR - 2017-09-12 09:51:17 --> Could not find the language line "about_company"
ERROR - 2017-09-12 09:55:43 --> Could not find the language line "mynt_buy_amazon"
ERROR - 2017-09-12 09:55:43 --> Could not find the language line "about_keywords"
ERROR - 2017-09-12 09:55:43 --> Could not find the language line "about_company"
ERROR - 2017-09-12 10:05:07 --> Could not find the language line "mynt_buy_amazon"
ERROR - 2017-09-12 10:05:07 --> Could not find the language line "home_slife_title"
ERROR - 2017-09-12 10:05:07 --> Could not find the language line "mynt_icon_buy"
