ERROR - 2017-05-05 02:45:18 --> Could not find the language line "mynt_buy_taobao"
ERROR - 2017-05-05 02:45:18 --> Could not find the language line "mynt_buy_tmall"
ERROR - 2017-05-05 02:45:18 --> Could not find the language line "mynt_buy_youzan"
ERROR - 2017-05-05 02:45:18 --> Could not find the language line "mynt_buy_jd"
ERROR - 2017-05-05 02:45:35 --> Could not find the language line "mynt_buy_taobao"
ERROR - 2017-05-05 02:45:35 --> Could not find the language line "mynt_buy_tmall"
ERROR - 2017-05-05 02:45:35 --> Could not find the language line "mynt_buy_youzan"
ERROR - 2017-05-05 02:45:35 --> Could not find the language line "mynt_buy_jd"
ERROR - 2017-05-05 02:45:41 --> Could not find the language line "about_keywords"
ERROR - 2017-05-05 02:45:41 --> Could not find the language line "mynt_buy_taobao"
ERROR - 2017-05-05 02:45:41 --> Could not find the language line "mynt_buy_tmall"
ERROR - 2017-05-05 02:45:41 --> Could not find the language line "mynt_buy_youzan"
ERROR - 2017-05-05 02:45:41 --> Could not find the language line "mynt_buy_jd"
ERROR - 2017-05-05 06:53:32 --> Could not find the language line "mynt_buy_taobao"
ERROR - 2017-05-05 06:53:32 --> Could not find the language line "mynt_buy_tmall"
ERROR - 2017-05-05 06:53:32 --> Could not find the language line "mynt_buy_youzan"
ERROR - 2017-05-05 06:53:32 --> Could not find the language line "mynt_buy_jd"
ERROR - 2017-05-05 06:53:56 --> Could not find the language line "mynt_buy_taobao"
ERROR - 2017-05-05 06:53:56 --> Could not find the language line "mynt_buy_tmall"
ERROR - 2017-05-05 06:53:56 --> Could not find the language line "mynt_buy_youzan"
ERROR - 2017-05-05 06:53:56 --> Could not find the language line "mynt_buy_jd"
ERROR - 2017-05-05 06:58:02 --> Could not find the language line "mynt_buy_taobao"
ERROR - 2017-05-05 06:58:02 --> Could not find the language line "mynt_buy_tmall"
ERROR - 2017-05-05 06:58:02 --> Could not find the language line "mynt_buy_youzan"
ERROR - 2017-05-05 06:58:02 --> Could not find the language line "mynt_buy_jd"
ERROR - 2017-05-05 06:58:03 --> Could not find the language line "mynt_buy_taobao"
ERROR - 2017-05-05 06:58:03 --> Could not find the language line "mynt_buy_tmall"
ERROR - 2017-05-05 06:58:03 --> Could not find the language line "mynt_buy_youzan"
ERROR - 2017-05-05 06:58:03 --> Could not find the language line "mynt_buy_jd"
ERROR - 2017-05-05 06:58:34 --> Could not find the language line "mynt_buy_taobao"
ERROR - 2017-05-05 06:58:34 --> Could not find the language line "mynt_buy_tmall"
ERROR - 2017-05-05 06:58:34 --> Could not find the language line "mynt_buy_youzan"
ERROR - 2017-05-05 06:58:34 --> Could not find the language line "mynt_buy_jd"
ERROR - 2017-05-05 08:00:42 --> Could not find the language line "mynt_buy_taobao"
ERROR - 2017-05-05 08:00:42 --> Could not find the language line "mynt_buy_tmall"
ERROR - 2017-05-05 08:00:42 --> Could not find the language line "mynt_buy_youzan"
ERROR - 2017-05-05 08:00:42 --> Could not find the language line "mynt_buy_jd"
ERROR - 2017-05-05 08:00:42 --> Could not find the language line "privacy_title"
ERROR - 2017-05-05 08:00:42 --> Could not find the language line "privacy_keywords"
ERROR - 2017-05-05 08:00:42 --> Could not find the language line "privacy_desc"
ERROR - 2017-05-05 08:00:43 --> Could not find the language line "mynt_buy_taobao"
ERROR - 2017-05-05 08:00:43 --> Could not find the language line "mynt_buy_tmall"
ERROR - 2017-05-05 08:00:43 --> Could not find the language line "mynt_buy_youzan"
ERROR - 2017-05-05 08:00:43 --> Could not find the language line "mynt_buy_jd"
ERROR - 2017-05-05 08:04:14 --> Could not find the language line "mynt_buy_taobao"
ERROR - 2017-05-05 08:04:14 --> Could not find the language line "mynt_buy_tmall"
ERROR - 2017-05-05 08:04:14 --> Could not find the language line "mynt_buy_youzan"
ERROR - 2017-05-05 08:04:14 --> Could not find the language line "mynt_buy_jd"
ERROR - 2017-05-05 08:04:14 --> Could not find the language line "privacy_title"
ERROR - 2017-05-05 08:04:14 --> Could not find the language line "privacy_keywords"
ERROR - 2017-05-05 08:04:14 --> Could not find the language line "privacy_desc"
ERROR - 2017-05-05 08:04:14 --> Could not find the language line "mynt_buy_taobao"
ERROR - 2017-05-05 08:04:14 --> Could not find the language line "mynt_buy_tmall"
ERROR - 2017-05-05 08:04:14 --> Could not find the language line "mynt_buy_youzan"
ERROR - 2017-05-05 08:04:14 --> Could not find the language line "mynt_buy_jd"
ERROR - 2017-05-05 08:05:33 --> Could not find the language line "mynt_buy_taobao"
ERROR - 2017-05-05 08:05:33 --> Could not find the language line "mynt_buy_tmall"
ERROR - 2017-05-05 08:05:33 --> Could not find the language line "mynt_buy_youzan"
ERROR - 2017-05-05 08:05:33 --> Could not find the language line "mynt_buy_jd"
ERROR - 2017-05-05 08:05:33 --> Could not find the language line "privacy_title"
ERROR - 2017-05-05 08:05:33 --> Could not find the language line "privacy_keywords"
ERROR - 2017-05-05 08:05:33 --> Could not find the language line "privacy_desc"
ERROR - 2017-05-05 08:05:34 --> Could not find the language line "mynt_buy_taobao"
ERROR - 2017-05-05 08:05:34 --> Could not find the language line "mynt_buy_tmall"
ERROR - 2017-05-05 08:05:34 --> Could not find the language line "mynt_buy_youzan"
ERROR - 2017-05-05 08:05:34 --> Could not find the language line "mynt_buy_jd"
ERROR - 2017-05-05 08:07:53 --> Could not find the language line "mynt_buy_taobao"
ERROR - 2017-05-05 08:07:53 --> Could not find the language line "mynt_buy_tmall"
ERROR - 2017-05-05 08:07:53 --> Could not find the language line "mynt_buy_youzan"
ERROR - 2017-05-05 08:07:53 --> Could not find the language line "mynt_buy_jd"
ERROR - 2017-05-05 08:07:53 --> Could not find the language line "privacy_title"
ERROR - 2017-05-05 08:07:53 --> Could not find the language line "privacy_keywords"
ERROR - 2017-05-05 08:07:53 --> Could not find the language line "privacy_desc"
ERROR - 2017-05-05 08:07:53 --> Could not find the language line "mynt_buy_taobao"
ERROR - 2017-05-05 08:07:53 --> Could not find the language line "mynt_buy_tmall"
ERROR - 2017-05-05 08:07:53 --> Could not find the language line "mynt_buy_youzan"
ERROR - 2017-05-05 08:07:53 --> Could not find the language line "mynt_buy_jd"
ERROR - 2017-05-05 08:09:49 --> Could not find the language line "mynt_buy_taobao"
ERROR - 2017-05-05 08:09:49 --> Could not find the language line "mynt_buy_tmall"
ERROR - 2017-05-05 08:09:49 --> Could not find the language line "mynt_buy_youzan"
ERROR - 2017-05-05 08:09:49 --> Could not find the language line "mynt_buy_jd"
ERROR - 2017-05-05 08:09:49 --> Could not find the language line "privacy_title"
ERROR - 2017-05-05 08:09:49 --> Could not find the language line "privacy_keywords"
ERROR - 2017-05-05 08:09:49 --> Could not find the language line "privacy_desc"
ERROR - 2017-05-05 08:09:51 --> Could not find the language line "mynt_buy_taobao"
ERROR - 2017-05-05 08:09:51 --> Could not find the language line "mynt_buy_tmall"
ERROR - 2017-05-05 08:09:51 --> Could not find the language line "mynt_buy_youzan"
ERROR - 2017-05-05 08:09:51 --> Could not find the language line "mynt_buy_jd"
ERROR - 2017-05-05 08:11:28 --> Could not find the language line "mynt_buy_taobao"
ERROR - 2017-05-05 08:11:28 --> Could not find the language line "mynt_buy_tmall"
ERROR - 2017-05-05 08:11:28 --> Could not find the language line "mynt_buy_youzan"
ERROR - 2017-05-05 08:11:28 --> Could not find the language line "mynt_buy_jd"
ERROR - 2017-05-05 08:11:28 --> Could not find the language line "privacy_title"
ERROR - 2017-05-05 08:11:28 --> Could not find the language line "privacy_keywords"
ERROR - 2017-05-05 08:11:28 --> Could not find the language line "privacy_desc"
ERROR - 2017-05-05 08:11:28 --> Could not find the language line "mynt_buy_taobao"
ERROR - 2017-05-05 08:11:28 --> Could not find the language line "mynt_buy_tmall"
ERROR - 2017-05-05 08:11:28 --> Could not find the language line "mynt_buy_youzan"
ERROR - 2017-05-05 08:11:28 --> Could not find the language line "mynt_buy_jd"
ERROR - 2017-05-05 08:17:12 --> Could not find the language line "mynt_buy_taobao"
ERROR - 2017-05-05 08:17:12 --> Could not find the language line "mynt_buy_tmall"
ERROR - 2017-05-05 08:17:12 --> Could not find the language line "mynt_buy_youzan"
ERROR - 2017-05-05 08:17:12 --> Could not find the language line "mynt_buy_jd"
ERROR - 2017-05-05 08:17:12 --> Could not find the language line "privacy_title"
ERROR - 2017-05-05 08:17:12 --> Could not find the language line "privacy_keywords"
ERROR - 2017-05-05 08:17:12 --> Could not find the language line "privacy_desc"
ERROR - 2017-05-05 08:17:12 --> Could not find the language line "mynt_buy_taobao"
ERROR - 2017-05-05 08:17:12 --> Could not find the language line "mynt_buy_tmall"
ERROR - 2017-05-05 08:17:12 --> Could not find the language line "mynt_buy_youzan"
ERROR - 2017-05-05 08:17:12 --> Could not find the language line "mynt_buy_jd"
ERROR - 2017-05-05 08:26:31 --> Could not find the language line "mynt_buy_taobao"
ERROR - 2017-05-05 08:26:31 --> Could not find the language line "mynt_buy_tmall"
ERROR - 2017-05-05 08:26:31 --> Could not find the language line "mynt_buy_youzan"
ERROR - 2017-05-05 08:26:31 --> Could not find the language line "mynt_buy_jd"
ERROR - 2017-05-05 08:26:36 --> Could not find the language line "mynt_buy_taobao"
ERROR - 2017-05-05 08:26:36 --> Could not find the language line "mynt_buy_tmall"
ERROR - 2017-05-05 08:26:36 --> Could not find the language line "mynt_buy_youzan"
ERROR - 2017-05-05 08:26:36 --> Could not find the language line "mynt_buy_jd"
ERROR - 2017-05-05 08:26:36 --> Could not find the language line "privacy_title"
ERROR - 2017-05-05 08:26:36 --> Could not find the language line "privacy_keywords"
ERROR - 2017-05-05 08:26:36 --> Could not find the language line "privacy_desc"
ERROR - 2017-05-05 08:26:37 --> Could not find the language line "mynt_buy_taobao"
ERROR - 2017-05-05 08:26:37 --> Could not find the language line "mynt_buy_tmall"
ERROR - 2017-05-05 08:26:37 --> Could not find the language line "mynt_buy_youzan"
ERROR - 2017-05-05 08:26:37 --> Could not find the language line "mynt_buy_jd"
ERROR - 2017-05-05 08:29:34 --> Could not find the language line "mynt_buy_taobao"
ERROR - 2017-05-05 08:29:34 --> Could not find the language line "mynt_buy_tmall"
ERROR - 2017-05-05 08:29:34 --> Could not find the language line "mynt_buy_youzan"
ERROR - 2017-05-05 08:29:34 --> Could not find the language line "mynt_buy_jd"
ERROR - 2017-05-05 08:29:34 --> Could not find the language line "privacy_title"
ERROR - 2017-05-05 08:29:34 --> Could not find the language line "privacy_keywords"
ERROR - 2017-05-05 08:29:34 --> Could not find the language line "privacy_desc"
ERROR - 2017-05-05 08:29:37 --> Could not find the language line "mynt_buy_taobao"
ERROR - 2017-05-05 08:29:37 --> Could not find the language line "mynt_buy_tmall"
ERROR - 2017-05-05 08:29:37 --> Could not find the language line "mynt_buy_youzan"
ERROR - 2017-05-05 08:29:37 --> Could not find the language line "mynt_buy_jd"
ERROR - 2017-05-05 08:30:45 --> Could not find the language line "mynt_buy_taobao"
ERROR - 2017-05-05 08:30:45 --> Could not find the language line "mynt_buy_tmall"
ERROR - 2017-05-05 08:30:45 --> Could not find the language line "mynt_buy_youzan"
ERROR - 2017-05-05 08:30:45 --> Could not find the language line "mynt_buy_jd"
ERROR - 2017-05-05 08:30:45 --> Could not find the language line "privacy_title"
ERROR - 2017-05-05 08:30:45 --> Could not find the language line "privacy_keywords"
ERROR - 2017-05-05 08:30:45 --> Could not find the language line "privacy_desc"
ERROR - 2017-05-05 08:30:45 --> Could not find the language line "mynt_buy_taobao"
ERROR - 2017-05-05 08:30:45 --> Could not find the language line "mynt_buy_tmall"
ERROR - 2017-05-05 08:30:45 --> Could not find the language line "mynt_buy_youzan"
ERROR - 2017-05-05 08:30:45 --> Could not find the language line "mynt_buy_jd"
ERROR - 2017-05-05 08:30:49 --> Could not find the language line "mynt_buy_taobao"
ERROR - 2017-05-05 08:30:49 --> Could not find the language line "mynt_buy_tmall"
ERROR - 2017-05-05 08:30:49 --> Could not find the language line "mynt_buy_youzan"
ERROR - 2017-05-05 08:30:49 --> Could not find the language line "mynt_buy_jd"
ERROR - 2017-05-05 08:30:49 --> Could not find the language line "privacy_title"
ERROR - 2017-05-05 08:30:49 --> Could not find the language line "privacy_keywords"
ERROR - 2017-05-05 08:30:49 --> Could not find the language line "privacy_desc"
ERROR - 2017-05-05 08:30:49 --> Could not find the language line "mynt_buy_taobao"
ERROR - 2017-05-05 08:30:49 --> Could not find the language line "mynt_buy_tmall"
ERROR - 2017-05-05 08:30:49 --> Could not find the language line "mynt_buy_youzan"
ERROR - 2017-05-05 08:30:49 --> Could not find the language line "mynt_buy_jd"
ERROR - 2017-05-05 08:34:57 --> Could not find the language line "mynt_buy_taobao"
ERROR - 2017-05-05 08:34:57 --> Could not find the language line "mynt_buy_tmall"
ERROR - 2017-05-05 08:34:57 --> Could not find the language line "mynt_buy_youzan"
ERROR - 2017-05-05 08:34:57 --> Could not find the language line "mynt_buy_jd"
ERROR - 2017-05-05 08:34:57 --> Could not find the language line "privacy_title"
ERROR - 2017-05-05 08:34:57 --> Could not find the language line "privacy_keywords"
ERROR - 2017-05-05 08:34:57 --> Could not find the language line "privacy_desc"
ERROR - 2017-05-05 08:34:58 --> Could not find the language line "mynt_buy_taobao"
ERROR - 2017-05-05 08:34:58 --> Could not find the language line "mynt_buy_tmall"
ERROR - 2017-05-05 08:34:58 --> Could not find the language line "mynt_buy_youzan"
ERROR - 2017-05-05 08:34:58 --> Could not find the language line "mynt_buy_jd"
ERROR - 2017-05-05 08:36:00 --> Could not find the language line "mynt_buy_taobao"
ERROR - 2017-05-05 08:36:00 --> Could not find the language line "mynt_buy_tmall"
ERROR - 2017-05-05 08:36:00 --> Could not find the language line "mynt_buy_youzan"
ERROR - 2017-05-05 08:36:00 --> Could not find the language line "mynt_buy_jd"
ERROR - 2017-05-05 08:36:00 --> Could not find the language line "privacy_title"
ERROR - 2017-05-05 08:36:00 --> Could not find the language line "privacy_keywords"
ERROR - 2017-05-05 08:36:00 --> Could not find the language line "privacy_desc"
ERROR - 2017-05-05 08:36:01 --> Could not find the language line "mynt_buy_taobao"
ERROR - 2017-05-05 08:36:01 --> Could not find the language line "mynt_buy_tmall"
ERROR - 2017-05-05 08:36:01 --> Could not find the language line "mynt_buy_youzan"
ERROR - 2017-05-05 08:36:01 --> Could not find the language line "mynt_buy_jd"
ERROR - 2017-05-05 08:37:44 --> Could not find the language line "mynt_buy_taobao"
ERROR - 2017-05-05 08:37:44 --> Could not find the language line "mynt_buy_tmall"
ERROR - 2017-05-05 08:37:44 --> Could not find the language line "mynt_buy_youzan"
ERROR - 2017-05-05 08:37:44 --> Could not find the language line "mynt_buy_jd"
ERROR - 2017-05-05 08:37:44 --> Could not find the language line "privacy_title"
ERROR - 2017-05-05 08:37:44 --> Could not find the language line "privacy_keywords"
ERROR - 2017-05-05 08:37:44 --> Could not find the language line "privacy_desc"
ERROR - 2017-05-05 08:37:44 --> Could not find the language line "mynt_buy_taobao"
ERROR - 2017-05-05 08:37:44 --> Could not find the language line "mynt_buy_tmall"
ERROR - 2017-05-05 08:37:44 --> Could not find the language line "mynt_buy_youzan"
ERROR - 2017-05-05 08:37:44 --> Could not find the language line "mynt_buy_jd"
ERROR - 2017-05-05 08:38:05 --> Could not find the language line "mynt_buy_taobao"
ERROR - 2017-05-05 08:38:05 --> Could not find the language line "mynt_buy_tmall"
ERROR - 2017-05-05 08:38:05 --> Could not find the language line "mynt_buy_youzan"
ERROR - 2017-05-05 08:38:05 --> Could not find the language line "mynt_buy_jd"
ERROR - 2017-05-05 08:38:05 --> Could not find the language line "privacy_title"
ERROR - 2017-05-05 08:38:05 --> Could not find the language line "privacy_keywords"
ERROR - 2017-05-05 08:38:05 --> Could not find the language line "privacy_desc"
ERROR - 2017-05-05 08:38:05 --> Could not find the language line "mynt_buy_taobao"
ERROR - 2017-05-05 08:38:05 --> Could not find the language line "mynt_buy_tmall"
ERROR - 2017-05-05 08:38:05 --> Could not find the language line "mynt_buy_youzan"
ERROR - 2017-05-05 08:38:05 --> Could not find the language line "mynt_buy_jd"
ERROR - 2017-05-05 08:40:38 --> Could not find the language line "mynt_buy_taobao"
ERROR - 2017-05-05 08:40:38 --> Could not find the language line "mynt_buy_tmall"
ERROR - 2017-05-05 08:40:38 --> Could not find the language line "mynt_buy_youzan"
ERROR - 2017-05-05 08:40:38 --> Could not find the language line "mynt_buy_jd"
ERROR - 2017-05-05 08:40:38 --> Could not find the language line "privacy_title"
ERROR - 2017-05-05 08:40:38 --> Could not find the language line "privacy_keywords"
ERROR - 2017-05-05 08:40:38 --> Could not find the language line "privacy_desc"
ERROR - 2017-05-05 08:40:38 --> Could not find the language line "mynt_buy_taobao"
ERROR - 2017-05-05 08:40:38 --> Could not find the language line "mynt_buy_tmall"
ERROR - 2017-05-05 08:40:38 --> Could not find the language line "mynt_buy_youzan"
ERROR - 2017-05-05 08:40:38 --> Could not find the language line "mynt_buy_jd"
ERROR - 2017-05-05 08:40:39 --> Could not find the language line "mynt_buy_taobao"
ERROR - 2017-05-05 08:40:39 --> Could not find the language line "mynt_buy_tmall"
ERROR - 2017-05-05 08:40:39 --> Could not find the language line "mynt_buy_youzan"
ERROR - 2017-05-05 08:40:39 --> Could not find the language line "mynt_buy_jd"
ERROR - 2017-05-05 08:40:39 --> Could not find the language line "privacy_title"
ERROR - 2017-05-05 08:40:39 --> Could not find the language line "privacy_keywords"
ERROR - 2017-05-05 08:40:39 --> Could not find the language line "privacy_desc"
ERROR - 2017-05-05 08:40:39 --> Could not find the language line "mynt_buy_taobao"
ERROR - 2017-05-05 08:40:39 --> Could not find the language line "mynt_buy_tmall"
ERROR - 2017-05-05 08:40:39 --> Could not find the language line "mynt_buy_youzan"
ERROR - 2017-05-05 08:40:39 --> Could not find the language line "mynt_buy_jd"
ERROR - 2017-05-05 08:41:21 --> Could not find the language line "mynt_buy_taobao"
ERROR - 2017-05-05 08:41:21 --> Could not find the language line "mynt_buy_tmall"
ERROR - 2017-05-05 08:41:21 --> Could not find the language line "mynt_buy_youzan"
ERROR - 2017-05-05 08:41:21 --> Could not find the language line "mynt_buy_jd"
ERROR - 2017-05-05 08:41:21 --> Could not find the language line "privacy_title"
ERROR - 2017-05-05 08:41:21 --> Could not find the language line "privacy_keywords"
ERROR - 2017-05-05 08:41:21 --> Could not find the language line "privacy_desc"
ERROR - 2017-05-05 08:41:21 --> Could not find the language line "mynt_buy_taobao"
ERROR - 2017-05-05 08:41:21 --> Could not find the language line "mynt_buy_tmall"
ERROR - 2017-05-05 08:41:21 --> Could not find the language line "mynt_buy_youzan"
ERROR - 2017-05-05 08:41:21 --> Could not find the language line "mynt_buy_jd"
ERROR - 2017-05-05 08:42:47 --> Could not find the language line "mynt_buy_taobao"
ERROR - 2017-05-05 08:42:47 --> Could not find the language line "mynt_buy_tmall"
ERROR - 2017-05-05 08:42:47 --> Could not find the language line "mynt_buy_youzan"
ERROR - 2017-05-05 08:42:47 --> Could not find the language line "mynt_buy_jd"
ERROR - 2017-05-05 08:42:47 --> Could not find the language line "privacy_title"
ERROR - 2017-05-05 08:42:47 --> Could not find the language line "privacy_keywords"
ERROR - 2017-05-05 08:42:47 --> Could not find the language line "privacy_desc"
ERROR - 2017-05-05 08:42:47 --> Could not find the language line "mynt_buy_taobao"
ERROR - 2017-05-05 08:42:47 --> Could not find the language line "mynt_buy_tmall"
ERROR - 2017-05-05 08:42:47 --> Could not find the language line "mynt_buy_youzan"
ERROR - 2017-05-05 08:42:47 --> Could not find the language line "mynt_buy_jd"
ERROR - 2017-05-05 08:42:50 --> Could not find the language line "mynt_buy_taobao"
ERROR - 2017-05-05 08:42:50 --> Could not find the language line "mynt_buy_tmall"
ERROR - 2017-05-05 08:42:50 --> Could not find the language line "mynt_buy_youzan"
ERROR - 2017-05-05 08:42:50 --> Could not find the language line "mynt_buy_jd"
ERROR - 2017-05-05 08:42:50 --> Could not find the language line "privacy_title"
ERROR - 2017-05-05 08:42:50 --> Could not find the language line "privacy_keywords"
ERROR - 2017-05-05 08:42:50 --> Could not find the language line "privacy_desc"
ERROR - 2017-05-05 08:42:52 --> Could not find the language line "mynt_buy_taobao"
ERROR - 2017-05-05 08:42:52 --> Could not find the language line "mynt_buy_tmall"
ERROR - 2017-05-05 08:42:52 --> Could not find the language line "mynt_buy_youzan"
ERROR - 2017-05-05 08:42:52 --> Could not find the language line "mynt_buy_jd"
ERROR - 2017-05-05 08:42:52 --> Could not find the language line "privacy_title"
ERROR - 2017-05-05 08:42:52 --> Could not find the language line "privacy_keywords"
ERROR - 2017-05-05 08:42:52 --> Could not find the language line "privacy_desc"
ERROR - 2017-05-05 08:42:52 --> Could not find the language line "mynt_buy_taobao"
ERROR - 2017-05-05 08:42:52 --> Could not find the language line "mynt_buy_tmall"
ERROR - 2017-05-05 08:42:52 --> Could not find the language line "mynt_buy_youzan"
ERROR - 2017-05-05 08:42:52 --> Could not find the language line "mynt_buy_jd"
ERROR - 2017-05-05 08:42:54 --> Could not find the language line "mynt_buy_taobao"
ERROR - 2017-05-05 08:42:54 --> Could not find the language line "mynt_buy_tmall"
ERROR - 2017-05-05 08:42:54 --> Could not find the language line "mynt_buy_youzan"
ERROR - 2017-05-05 08:42:54 --> Could not find the language line "mynt_buy_jd"
ERROR - 2017-05-05 08:42:54 --> Could not find the language line "privacy_title"
ERROR - 2017-05-05 08:42:54 --> Could not find the language line "privacy_keywords"
ERROR - 2017-05-05 08:42:54 --> Could not find the language line "privacy_desc"
ERROR - 2017-05-05 08:42:54 --> Could not find the language line "mynt_buy_taobao"
ERROR - 2017-05-05 08:42:54 --> Could not find the language line "mynt_buy_tmall"
ERROR - 2017-05-05 08:42:54 --> Could not find the language line "mynt_buy_youzan"
ERROR - 2017-05-05 08:42:54 --> Could not find the language line "mynt_buy_jd"
ERROR - 2017-05-05 08:43:09 --> Could not find the language line "mynt_buy_taobao"
ERROR - 2017-05-05 08:43:09 --> Could not find the language line "mynt_buy_tmall"
ERROR - 2017-05-05 08:43:09 --> Could not find the language line "mynt_buy_youzan"
ERROR - 2017-05-05 08:43:09 --> Could not find the language line "mynt_buy_jd"
ERROR - 2017-05-05 08:43:09 --> Could not find the language line "privacy_title"
ERROR - 2017-05-05 08:43:09 --> Could not find the language line "privacy_keywords"
ERROR - 2017-05-05 08:43:09 --> Could not find the language line "privacy_desc"
ERROR - 2017-05-05 08:43:09 --> Could not find the language line "mynt_buy_taobao"
ERROR - 2017-05-05 08:43:09 --> Could not find the language line "mynt_buy_tmall"
ERROR - 2017-05-05 08:43:09 --> Could not find the language line "mynt_buy_youzan"
ERROR - 2017-05-05 08:43:09 --> Could not find the language line "mynt_buy_jd"
ERROR - 2017-05-05 08:43:46 --> Could not find the language line "mynt_buy_taobao"
ERROR - 2017-05-05 08:43:46 --> Could not find the language line "mynt_buy_tmall"
ERROR - 2017-05-05 08:43:46 --> Could not find the language line "mynt_buy_youzan"
ERROR - 2017-05-05 08:43:46 --> Could not find the language line "mynt_buy_jd"
ERROR - 2017-05-05 08:43:46 --> Could not find the language line "privacy_title"
ERROR - 2017-05-05 08:43:46 --> Could not find the language line "privacy_keywords"
ERROR - 2017-05-05 08:43:46 --> Could not find the language line "privacy_desc"
ERROR - 2017-05-05 08:43:46 --> Could not find the language line "mynt_buy_taobao"
ERROR - 2017-05-05 08:43:46 --> Could not find the language line "mynt_buy_tmall"
ERROR - 2017-05-05 08:43:46 --> Could not find the language line "mynt_buy_youzan"
ERROR - 2017-05-05 08:43:46 --> Could not find the language line "mynt_buy_jd"
ERROR - 2017-05-05 08:45:29 --> Could not find the language line "mynt_buy_taobao"
ERROR - 2017-05-05 08:45:29 --> Could not find the language line "mynt_buy_tmall"
ERROR - 2017-05-05 08:45:29 --> Could not find the language line "mynt_buy_youzan"
ERROR - 2017-05-05 08:45:29 --> Could not find the language line "mynt_buy_jd"
ERROR - 2017-05-05 08:45:29 --> Could not find the language line "privacy_title"
ERROR - 2017-05-05 08:45:29 --> Could not find the language line "privacy_keywords"
ERROR - 2017-05-05 08:45:29 --> Could not find the language line "privacy_desc"
ERROR - 2017-05-05 08:45:29 --> Could not find the language line "mynt_buy_taobao"
ERROR - 2017-05-05 08:45:29 --> Could not find the language line "mynt_buy_tmall"
ERROR - 2017-05-05 08:45:29 --> Could not find the language line "mynt_buy_youzan"
ERROR - 2017-05-05 08:45:29 --> Could not find the language line "mynt_buy_jd"
ERROR - 2017-05-05 08:46:57 --> Could not find the language line "mynt_buy_taobao"
ERROR - 2017-05-05 08:46:57 --> Could not find the language line "mynt_buy_tmall"
ERROR - 2017-05-05 08:46:57 --> Could not find the language line "mynt_buy_youzan"
ERROR - 2017-05-05 08:46:57 --> Could not find the language line "mynt_buy_jd"
ERROR - 2017-05-05 08:46:57 --> Could not find the language line "privacy_title"
ERROR - 2017-05-05 08:46:57 --> Could not find the language line "privacy_keywords"
ERROR - 2017-05-05 08:46:57 --> Could not find the language line "privacy_desc"
ERROR - 2017-05-05 08:46:58 --> Could not find the language line "mynt_buy_taobao"
ERROR - 2017-05-05 08:46:58 --> Could not find the language line "mynt_buy_tmall"
ERROR - 2017-05-05 08:46:58 --> Could not find the language line "mynt_buy_youzan"
ERROR - 2017-05-05 08:46:58 --> Could not find the language line "mynt_buy_jd"
ERROR - 2017-05-05 08:47:03 --> Could not find the language line "mynt_buy_taobao"
ERROR - 2017-05-05 08:47:03 --> Could not find the language line "mynt_buy_tmall"
ERROR - 2017-05-05 08:47:03 --> Could not find the language line "mynt_buy_youzan"
ERROR - 2017-05-05 08:47:03 --> Could not find the language line "mynt_buy_jd"
ERROR - 2017-05-05 08:47:03 --> Could not find the language line "privacy_title"
ERROR - 2017-05-05 08:47:03 --> Could not find the language line "privacy_keywords"
ERROR - 2017-05-05 08:47:03 --> Could not find the language line "privacy_desc"
ERROR - 2017-05-05 08:47:03 --> Could not find the language line "mynt_buy_taobao"
ERROR - 2017-05-05 08:47:03 --> Could not find the language line "mynt_buy_tmall"
ERROR - 2017-05-05 08:47:03 --> Could not find the language line "mynt_buy_youzan"
ERROR - 2017-05-05 08:47:03 --> Could not find the language line "mynt_buy_jd"
ERROR - 2017-05-05 08:47:21 --> Could not find the language line "mynt_buy_taobao"
ERROR - 2017-05-05 08:47:21 --> Could not find the language line "mynt_buy_tmall"
ERROR - 2017-05-05 08:47:21 --> Could not find the language line "mynt_buy_youzan"
ERROR - 2017-05-05 08:47:21 --> Could not find the language line "mynt_buy_jd"
ERROR - 2017-05-05 08:47:21 --> Could not find the language line "privacy_title"
ERROR - 2017-05-05 08:47:21 --> Could not find the language line "privacy_keywords"
ERROR - 2017-05-05 08:47:21 --> Could not find the language line "privacy_desc"
ERROR - 2017-05-05 08:47:21 --> Could not find the language line "mynt_buy_taobao"
ERROR - 2017-05-05 08:47:21 --> Could not find the language line "mynt_buy_tmall"
ERROR - 2017-05-05 08:47:21 --> Could not find the language line "mynt_buy_youzan"
ERROR - 2017-05-05 08:47:21 --> Could not find the language line "mynt_buy_jd"
ERROR - 2017-05-05 08:47:39 --> Could not find the language line "mynt_buy_taobao"
ERROR - 2017-05-05 08:47:39 --> Could not find the language line "mynt_buy_tmall"
ERROR - 2017-05-05 08:47:39 --> Could not find the language line "mynt_buy_youzan"
ERROR - 2017-05-05 08:47:39 --> Could not find the language line "mynt_buy_jd"
ERROR - 2017-05-05 08:47:39 --> Could not find the language line "privacy_title"
ERROR - 2017-05-05 08:47:39 --> Could not find the language line "privacy_keywords"
ERROR - 2017-05-05 08:47:39 --> Could not find the language line "privacy_desc"
ERROR - 2017-05-05 08:47:40 --> Could not find the language line "mynt_buy_taobao"
ERROR - 2017-05-05 08:47:40 --> Could not find the language line "mynt_buy_tmall"
ERROR - 2017-05-05 08:47:40 --> Could not find the language line "mynt_buy_youzan"
ERROR - 2017-05-05 08:47:40 --> Could not find the language line "mynt_buy_jd"
ERROR - 2017-05-05 08:48:09 --> Could not find the language line "mynt_buy_taobao"
ERROR - 2017-05-05 08:48:09 --> Could not find the language line "mynt_buy_tmall"
ERROR - 2017-05-05 08:48:09 --> Could not find the language line "mynt_buy_youzan"
ERROR - 2017-05-05 08:48:09 --> Could not find the language line "mynt_buy_jd"
ERROR - 2017-05-05 08:48:09 --> Could not find the language line "privacy_title"
ERROR - 2017-05-05 08:48:09 --> Could not find the language line "privacy_keywords"
ERROR - 2017-05-05 08:48:09 --> Could not find the language line "privacy_desc"
ERROR - 2017-05-05 08:48:09 --> Could not find the language line "mynt_buy_taobao"
ERROR - 2017-05-05 08:48:09 --> Could not find the language line "mynt_buy_tmall"
ERROR - 2017-05-05 08:48:09 --> Could not find the language line "mynt_buy_youzan"
ERROR - 2017-05-05 08:48:09 --> Could not find the language line "mynt_buy_jd"
ERROR - 2017-05-05 08:50:11 --> Could not find the language line "mynt_buy_taobao"
ERROR - 2017-05-05 08:50:11 --> Could not find the language line "mynt_buy_tmall"
ERROR - 2017-05-05 08:50:11 --> Could not find the language line "mynt_buy_youzan"
ERROR - 2017-05-05 08:50:11 --> Could not find the language line "mynt_buy_jd"
ERROR - 2017-05-05 08:50:11 --> Could not find the language line "privacy_title"
ERROR - 2017-05-05 08:50:11 --> Could not find the language line "privacy_keywords"
ERROR - 2017-05-05 08:50:11 --> Could not find the language line "privacy_desc"
ERROR - 2017-05-05 08:50:13 --> Could not find the language line "mynt_buy_taobao"
ERROR - 2017-05-05 08:50:13 --> Could not find the language line "mynt_buy_tmall"
ERROR - 2017-05-05 08:50:13 --> Could not find the language line "mynt_buy_youzan"
ERROR - 2017-05-05 08:50:13 --> Could not find the language line "mynt_buy_jd"
ERROR - 2017-05-05 08:54:13 --> Could not find the language line "mynt_buy_taobao"
ERROR - 2017-05-05 08:54:13 --> Could not find the language line "mynt_buy_tmall"
ERROR - 2017-05-05 08:54:13 --> Could not find the language line "mynt_buy_youzan"
ERROR - 2017-05-05 08:54:13 --> Could not find the language line "mynt_buy_jd"
ERROR - 2017-05-05 08:54:13 --> Could not find the language line "privacy_title"
ERROR - 2017-05-05 08:54:13 --> Could not find the language line "privacy_keywords"
ERROR - 2017-05-05 08:54:13 --> Could not find the language line "privacy_desc"
ERROR - 2017-05-05 08:54:14 --> Could not find the language line "mynt_buy_taobao"
ERROR - 2017-05-05 08:54:14 --> Could not find the language line "mynt_buy_tmall"
ERROR - 2017-05-05 08:54:14 --> Could not find the language line "mynt_buy_youzan"
ERROR - 2017-05-05 08:54:14 --> Could not find the language line "mynt_buy_jd"
ERROR - 2017-05-05 09:00:44 --> Could not find the language line "mynt_buy_taobao"
ERROR - 2017-05-05 09:00:44 --> Could not find the language line "mynt_buy_tmall"
ERROR - 2017-05-05 09:00:44 --> Could not find the language line "mynt_buy_youzan"
ERROR - 2017-05-05 09:00:44 --> Could not find the language line "mynt_buy_jd"
ERROR - 2017-05-05 09:00:44 --> Could not find the language line "privacy_title"
ERROR - 2017-05-05 09:00:44 --> Could not find the language line "privacy_keywords"
ERROR - 2017-05-05 09:00:44 --> Could not find the language line "privacy_desc"
ERROR - 2017-05-05 09:00:45 --> Could not find the language line "mynt_buy_taobao"
ERROR - 2017-05-05 09:00:45 --> Could not find the language line "mynt_buy_tmall"
ERROR - 2017-05-05 09:00:45 --> Could not find the language line "mynt_buy_youzan"
ERROR - 2017-05-05 09:00:45 --> Could not find the language line "mynt_buy_jd"
ERROR - 2017-05-05 09:01:41 --> Could not find the language line "mynt_buy_taobao"
ERROR - 2017-05-05 09:01:41 --> Could not find the language line "mynt_buy_tmall"
ERROR - 2017-05-05 09:01:41 --> Could not find the language line "mynt_buy_youzan"
ERROR - 2017-05-05 09:01:41 --> Could not find the language line "mynt_buy_jd"
ERROR - 2017-05-05 09:01:41 --> Could not find the language line "privacy_title"
ERROR - 2017-05-05 09:01:41 --> Could not find the language line "privacy_keywords"
ERROR - 2017-05-05 09:01:41 --> Could not find the language line "privacy_desc"
ERROR - 2017-05-05 09:01:41 --> Could not find the language line "mynt_buy_taobao"
ERROR - 2017-05-05 09:01:41 --> Could not find the language line "mynt_buy_tmall"
ERROR - 2017-05-05 09:01:41 --> Could not find the language line "mynt_buy_youzan"
ERROR - 2017-05-05 09:01:41 --> Could not find the language line "mynt_buy_jd"
ERROR - 2017-05-05 09:02:02 --> Could not find the language line "mynt_buy_taobao"
ERROR - 2017-05-05 09:02:02 --> Could not find the language line "mynt_buy_tmall"
ERROR - 2017-05-05 09:02:02 --> Could not find the language line "mynt_buy_youzan"
ERROR - 2017-05-05 09:02:02 --> Could not find the language line "mynt_buy_jd"
ERROR - 2017-05-05 09:02:02 --> Could not find the language line "privacy_title"
ERROR - 2017-05-05 09:02:02 --> Could not find the language line "privacy_keywords"
ERROR - 2017-05-05 09:02:02 --> Could not find the language line "privacy_desc"
ERROR - 2017-05-05 09:02:03 --> Could not find the language line "mynt_buy_taobao"
ERROR - 2017-05-05 09:02:03 --> Could not find the language line "mynt_buy_tmall"
ERROR - 2017-05-05 09:02:03 --> Could not find the language line "mynt_buy_youzan"
ERROR - 2017-05-05 09:02:03 --> Could not find the language line "mynt_buy_jd"
ERROR - 2017-05-05 09:03:01 --> Could not find the language line "mynt_buy_taobao"
ERROR - 2017-05-05 09:03:01 --> Could not find the language line "mynt_buy_tmall"
ERROR - 2017-05-05 09:03:01 --> Could not find the language line "mynt_buy_youzan"
ERROR - 2017-05-05 09:03:01 --> Could not find the language line "mynt_buy_jd"
ERROR - 2017-05-05 09:03:01 --> Could not find the language line "privacy_title"
ERROR - 2017-05-05 09:03:01 --> Could not find the language line "privacy_keywords"
ERROR - 2017-05-05 09:03:01 --> Could not find the language line "privacy_desc"
ERROR - 2017-05-05 09:03:03 --> Could not find the language line "mynt_buy_taobao"
ERROR - 2017-05-05 09:03:03 --> Could not find the language line "mynt_buy_tmall"
ERROR - 2017-05-05 09:03:03 --> Could not find the language line "mynt_buy_youzan"
ERROR - 2017-05-05 09:03:03 --> Could not find the language line "mynt_buy_jd"
ERROR - 2017-05-05 09:03:15 --> Could not find the language line "mynt_buy_taobao"
ERROR - 2017-05-05 09:03:15 --> Could not find the language line "mynt_buy_tmall"
ERROR - 2017-05-05 09:03:15 --> Could not find the language line "mynt_buy_youzan"
ERROR - 2017-05-05 09:03:15 --> Could not find the language line "mynt_buy_jd"
ERROR - 2017-05-05 09:03:15 --> Could not find the language line "privacy_title"
ERROR - 2017-05-05 09:03:15 --> Could not find the language line "privacy_keywords"
ERROR - 2017-05-05 09:03:15 --> Could not find the language line "privacy_desc"
ERROR - 2017-05-05 09:03:15 --> Could not find the language line "mynt_buy_taobao"
ERROR - 2017-05-05 09:03:15 --> Could not find the language line "mynt_buy_tmall"
ERROR - 2017-05-05 09:03:15 --> Could not find the language line "mynt_buy_youzan"
ERROR - 2017-05-05 09:03:15 --> Could not find the language line "mynt_buy_jd"
ERROR - 2017-05-05 09:05:51 --> Could not find the language line "mynt_buy_taobao"
ERROR - 2017-05-05 09:05:51 --> Could not find the language line "mynt_buy_tmall"
ERROR - 2017-05-05 09:05:51 --> Could not find the language line "mynt_buy_youzan"
ERROR - 2017-05-05 09:05:51 --> Could not find the language line "mynt_buy_jd"
ERROR - 2017-05-05 09:05:51 --> Could not find the language line "privacy_title"
ERROR - 2017-05-05 09:05:51 --> Could not find the language line "privacy_keywords"
ERROR - 2017-05-05 09:05:51 --> Could not find the language line "privacy_desc"
ERROR - 2017-05-05 09:05:53 --> Could not find the language line "mynt_buy_taobao"
ERROR - 2017-05-05 09:05:53 --> Could not find the language line "mynt_buy_tmall"
ERROR - 2017-05-05 09:05:53 --> Could not find the language line "mynt_buy_youzan"
ERROR - 2017-05-05 09:05:53 --> Could not find the language line "mynt_buy_jd"
ERROR - 2017-05-05 09:07:07 --> Could not find the language line "mynt_buy_taobao"
ERROR - 2017-05-05 09:07:07 --> Could not find the language line "mynt_buy_tmall"
ERROR - 2017-05-05 09:07:07 --> Could not find the language line "mynt_buy_youzan"
ERROR - 2017-05-05 09:07:07 --> Could not find the language line "mynt_buy_jd"
ERROR - 2017-05-05 09:07:07 --> Could not find the language line "privacy_title"
ERROR - 2017-05-05 09:07:07 --> Could not find the language line "privacy_keywords"
ERROR - 2017-05-05 09:07:07 --> Could not find the language line "privacy_desc"
ERROR - 2017-05-05 09:07:09 --> Could not find the language line "mynt_buy_taobao"
ERROR - 2017-05-05 09:07:09 --> Could not find the language line "mynt_buy_tmall"
ERROR - 2017-05-05 09:07:09 --> Could not find the language line "mynt_buy_youzan"
ERROR - 2017-05-05 09:07:09 --> Could not find the language line "mynt_buy_jd"
ERROR - 2017-05-05 09:08:29 --> Could not find the language line "mynt_buy_taobao"
ERROR - 2017-05-05 09:08:29 --> Could not find the language line "mynt_buy_tmall"
ERROR - 2017-05-05 09:08:29 --> Could not find the language line "mynt_buy_youzan"
ERROR - 2017-05-05 09:08:29 --> Could not find the language line "mynt_buy_jd"
ERROR - 2017-05-05 09:08:29 --> Could not find the language line "privacy_title"
ERROR - 2017-05-05 09:08:29 --> Could not find the language line "privacy_keywords"
ERROR - 2017-05-05 09:08:29 --> Could not find the language line "privacy_desc"
ERROR - 2017-05-05 09:08:29 --> Could not find the language line "mynt_buy_taobao"
ERROR - 2017-05-05 09:08:29 --> Could not find the language line "mynt_buy_tmall"
ERROR - 2017-05-05 09:08:29 --> Could not find the language line "mynt_buy_youzan"
ERROR - 2017-05-05 09:08:29 --> Could not find the language line "mynt_buy_jd"
ERROR - 2017-05-05 09:13:33 --> Could not find the language line "mynt_buy_taobao"
ERROR - 2017-05-05 09:13:33 --> Could not find the language line "mynt_buy_tmall"
ERROR - 2017-05-05 09:13:33 --> Could not find the language line "mynt_buy_youzan"
ERROR - 2017-05-05 09:13:33 --> Could not find the language line "mynt_buy_jd"
ERROR - 2017-05-05 09:13:33 --> Could not find the language line "privacy_title"
ERROR - 2017-05-05 09:13:33 --> Could not find the language line "privacy_keywords"
ERROR - 2017-05-05 09:13:33 --> Could not find the language line "privacy_desc"
ERROR - 2017-05-05 09:13:33 --> Could not find the language line "mynt_buy_taobao"
ERROR - 2017-05-05 09:13:33 --> Could not find the language line "mynt_buy_tmall"
ERROR - 2017-05-05 09:13:33 --> Could not find the language line "mynt_buy_youzan"
ERROR - 2017-05-05 09:13:33 --> Could not find the language line "mynt_buy_jd"
ERROR - 2017-05-05 09:14:05 --> Could not find the language line "mynt_buy_taobao"
ERROR - 2017-05-05 09:14:05 --> Could not find the language line "mynt_buy_tmall"
ERROR - 2017-05-05 09:14:05 --> Could not find the language line "mynt_buy_youzan"
ERROR - 2017-05-05 09:14:05 --> Could not find the language line "mynt_buy_jd"
ERROR - 2017-05-05 09:14:05 --> Could not find the language line "privacy_title"
ERROR - 2017-05-05 09:14:05 --> Could not find the language line "privacy_keywords"
ERROR - 2017-05-05 09:14:05 --> Could not find the language line "privacy_desc"
ERROR - 2017-05-05 09:14:05 --> Could not find the language line "mynt_buy_taobao"
ERROR - 2017-05-05 09:14:05 --> Could not find the language line "mynt_buy_tmall"
ERROR - 2017-05-05 09:14:05 --> Could not find the language line "mynt_buy_youzan"
ERROR - 2017-05-05 09:14:05 --> Could not find the language line "mynt_buy_jd"
ERROR - 2017-05-05 09:14:34 --> Could not find the language line "privacy_title"
ERROR - 2017-05-05 09:14:34 --> Could not find the language line "privacy_keywords"
ERROR - 2017-05-05 09:14:34 --> Could not find the language line "privacy_desc"
ERROR - 2017-05-05 09:14:34 --> Could not find the language line "mynt_buy_taobao"
ERROR - 2017-05-05 09:14:34 --> Could not find the language line "mynt_buy_tmall"
ERROR - 2017-05-05 09:14:34 --> Could not find the language line "mynt_buy_youzan"
ERROR - 2017-05-05 09:14:34 --> Could not find the language line "mynt_buy_jd"
