ERROR - 2016-05-20 02:21:56 --> Could not find the language line "mynt_buy_taobao"
ERROR - 2016-05-20 02:21:56 --> Could not find the language line "mynt_buy_tmall"
ERROR - 2016-05-20 02:21:56 --> Could not find the language line "mynt_buy_youzan"
ERROR - 2016-05-20 02:21:56 --> Could not find the language line "mynt_icon_taobao"
ERROR - 2016-05-20 02:21:56 --> Could not find the language line "mynt_icon_tmall"
ERROR - 2016-05-20 02:21:56 --> Could not find the language line "mynt_icon_youzan"
ERROR - 2016-05-20 03:08:26 --> Could not find the language line "mynt_buy_amazon"
ERROR - 2016-05-20 03:08:26 --> Could not find the language line "home_sdeno_slide"
ERROR - 2016-05-20 03:08:26 --> Could not find the language line "tracker"
ERROR - 2016-05-20 03:08:26 --> Could not find the language line "mynt_feature"
ERROR - 2016-05-20 03:08:26 --> Could not find the language line "home_robot_sdeno"
ERROR - 2016-05-20 03:08:26 --> Could not find the language line "home_sdeno_slogon"
ERROR - 2016-05-20 03:08:26 --> Could not find the language line "mynt_icon_buy"
ERROR - 2016-05-20 03:08:26 --> Session: File 'ci_sessions/ci_session621d6d07b69fd20816bf87970bd096606a8bb847' doesn't exist and cannot be created.
ERROR - 2016-05-20 06:44:50 --> Could not find the language line "mynt_buy_amazon"
ERROR - 2016-05-20 06:44:51 --> Could not find the language line "mynt_buy_amazon"
ERROR - 2016-05-20 06:44:51 --> Could not find the language line "home_sdeno_slide"
ERROR - 2016-05-20 06:44:51 --> Could not find the language line "tracker"
ERROR - 2016-05-20 06:44:51 --> Could not find the language line "mynt_feature"
ERROR - 2016-05-20 06:44:51 --> Could not find the language line "home_robot_sdeno"
ERROR - 2016-05-20 06:44:51 --> Could not find the language line "home_sdeno_slogon"
ERROR - 2016-05-20 06:44:51 --> Could not find the language line "mynt_icon_buy"
ERROR - 2016-05-20 06:45:08 --> Could not find the language line "mynt_buy_amazon"
ERROR - 2016-05-20 06:51:03 --> Could not find the language line "mynt_buy_amazon"
ERROR - 2016-05-20 06:51:03 --> Session: File 'ci_sessions/ci_session7298aab6f38b5ccab48c740f8591336c21c50e37' doesn't exist and cannot be created.
ERROR - 2016-05-20 06:52:06 --> Could not find the language line "mynt_buy_amazon"
ERROR - 2016-05-20 06:52:29 --> Could not find the language line "mynt_buy_amazon"
ERROR - 2016-05-20 06:55:36 --> Could not find the language line "mynt_buy_amazon"
ERROR - 2016-05-20 06:55:36 --> Could not find the language line "about_keywords"
ERROR - 2016-05-20 06:55:36 --> Could not find the language line "about_company"
ERROR - 2016-05-20 06:55:38 --> Could not find the language line "mynt_buy_amazon"
ERROR - 2016-05-20 06:55:44 --> Could not find the language line "mynt_buy_amazon"
ERROR - 2016-05-20 06:55:44 --> Could not find the language line "about_keywords"
ERROR - 2016-05-20 06:55:44 --> Could not find the language line "about_company"
ERROR - 2016-05-20 06:55:47 --> Could not find the language line "mynt_buy_amazon"
ERROR - 2016-05-20 06:57:02 --> Could not find the language line "mynt_buy_amazon"
ERROR - 2016-05-20 06:57:02 --> Could not find the language line "home_sdeno_slide"
ERROR - 2016-05-20 06:57:02 --> Could not find the language line "tracker"
ERROR - 2016-05-20 06:57:02 --> Could not find the language line "mynt_feature"
ERROR - 2016-05-20 06:57:02 --> Could not find the language line "home_robot_sdeno"
ERROR - 2016-05-20 06:57:02 --> Could not find the language line "home_sdeno_slogon"
ERROR - 2016-05-20 06:57:02 --> Could not find the language line "mynt_icon_buy"
ERROR - 2016-05-20 07:06:57 --> Could not find the language line "mynt_buy_taobao"
ERROR - 2016-05-20 07:06:57 --> Could not find the language line "mynt_buy_tmall"
ERROR - 2016-05-20 07:06:57 --> Could not find the language line "mynt_buy_youzan"
ERROR - 2016-05-20 07:06:57 --> Could not find the language line "mynt_icon_taobao"
ERROR - 2016-05-20 07:06:57 --> Could not find the language line "mynt_icon_tmall"
ERROR - 2016-05-20 07:06:57 --> Could not find the language line "mynt_icon_youzan"
ERROR - 2016-05-20 07:06:57 --> Session: File 'ci_sessions/ci_sessiondd5aec55bfd53c612e0b9016bc29677a2996d77f' doesn't exist and cannot be created.
ERROR - 2016-05-20 07:12:31 --> Could not find the language line "mynt_buy_taobao"
ERROR - 2016-05-20 07:12:31 --> Could not find the language line "mynt_buy_tmall"
ERROR - 2016-05-20 07:12:31 --> Could not find the language line "mynt_buy_youzan"
ERROR - 2016-05-20 07:12:31 --> Could not find the language line "mynt_icon_taobao"
ERROR - 2016-05-20 07:12:31 --> Could not find the language line "mynt_icon_tmall"
ERROR - 2016-05-20 07:12:31 --> Could not find the language line "mynt_icon_youzan"
ERROR - 2016-05-20 07:15:57 --> Could not find the language line "mynt_buy_taobao"
ERROR - 2016-05-20 07:15:57 --> Could not find the language line "mynt_buy_tmall"
ERROR - 2016-05-20 07:15:57 --> Could not find the language line "mynt_buy_youzan"
ERROR - 2016-05-20 07:15:57 --> Could not find the language line "mynt_icon_taobao"
ERROR - 2016-05-20 07:15:57 --> Could not find the language line "mynt_icon_tmall"
ERROR - 2016-05-20 07:15:57 --> Could not find the language line "mynt_icon_youzan"
ERROR - 2016-05-20 07:16:25 --> Could not find the language line "mynt_buy_taobao"
ERROR - 2016-05-20 07:16:25 --> Could not find the language line "mynt_buy_tmall"
ERROR - 2016-05-20 07:16:25 --> Could not find the language line "mynt_buy_youzan"
ERROR - 2016-05-20 07:16:25 --> Could not find the language line "mynt_icon_taobao"
ERROR - 2016-05-20 07:16:25 --> Could not find the language line "mynt_icon_tmall"
ERROR - 2016-05-20 07:16:25 --> Could not find the language line "mynt_icon_youzan"
ERROR - 2016-05-20 07:17:09 --> Could not find the language line "mynt_buy_taobao"
ERROR - 2016-05-20 07:17:09 --> Could not find the language line "mynt_buy_tmall"
ERROR - 2016-05-20 07:17:09 --> Could not find the language line "mynt_buy_youzan"
ERROR - 2016-05-20 07:17:09 --> Could not find the language line "mynt_icon_taobao"
ERROR - 2016-05-20 07:17:09 --> Could not find the language line "mynt_icon_tmall"
ERROR - 2016-05-20 07:17:09 --> Could not find the language line "mynt_icon_youzan"
ERROR - 2016-05-20 07:17:29 --> Could not find the language line "mynt_buy_taobao"
ERROR - 2016-05-20 07:17:29 --> Could not find the language line "mynt_buy_tmall"
ERROR - 2016-05-20 07:17:29 --> Could not find the language line "mynt_buy_youzan"
ERROR - 2016-05-20 07:17:29 --> Could not find the language line "mynt_icon_taobao"
ERROR - 2016-05-20 07:17:29 --> Could not find the language line "mynt_icon_tmall"
ERROR - 2016-05-20 07:17:29 --> Could not find the language line "mynt_icon_youzan"
ERROR - 2016-05-20 07:17:42 --> Could not find the language line "mynt_buy_taobao"
ERROR - 2016-05-20 07:17:42 --> Could not find the language line "mynt_buy_tmall"
ERROR - 2016-05-20 07:17:42 --> Could not find the language line "mynt_buy_youzan"
ERROR - 2016-05-20 07:17:42 --> Could not find the language line "mynt_icon_taobao"
ERROR - 2016-05-20 07:17:42 --> Could not find the language line "mynt_icon_tmall"
ERROR - 2016-05-20 07:17:42 --> Could not find the language line "mynt_icon_youzan"
ERROR - 2016-05-20 07:17:42 --> Session: File 'ci_sessions/ci_sessionf083e2b1f7664e5ff6c052fa9d3540523bad47cc' doesn't exist and cannot be created.
ERROR - 2016-05-20 07:18:09 --> Could not find the language line "mynt_buy_taobao"
ERROR - 2016-05-20 07:18:09 --> Could not find the language line "mynt_buy_tmall"
ERROR - 2016-05-20 07:18:09 --> Could not find the language line "mynt_buy_youzan"
ERROR - 2016-05-20 07:18:09 --> Could not find the language line "mynt_icon_taobao"
ERROR - 2016-05-20 07:18:09 --> Could not find the language line "mynt_icon_tmall"
ERROR - 2016-05-20 07:18:09 --> Could not find the language line "mynt_icon_youzan"
ERROR - 2016-05-20 07:18:46 --> Could not find the language line "mynt_buy_taobao"
ERROR - 2016-05-20 07:18:46 --> Could not find the language line "mynt_buy_tmall"
ERROR - 2016-05-20 07:18:46 --> Could not find the language line "mynt_buy_youzan"
ERROR - 2016-05-20 07:18:46 --> Could not find the language line "mynt_icon_taobao"
ERROR - 2016-05-20 07:18:46 --> Could not find the language line "mynt_icon_tmall"
ERROR - 2016-05-20 07:18:46 --> Could not find the language line "mynt_icon_youzan"
ERROR - 2016-05-20 07:18:59 --> Could not find the language line "mynt_buy_taobao"
ERROR - 2016-05-20 07:18:59 --> Could not find the language line "mynt_buy_tmall"
ERROR - 2016-05-20 07:18:59 --> Could not find the language line "mynt_buy_youzan"
ERROR - 2016-05-20 07:18:59 --> Could not find the language line "mynt_icon_taobao"
ERROR - 2016-05-20 07:18:59 --> Could not find the language line "mynt_icon_tmall"
ERROR - 2016-05-20 07:18:59 --> Could not find the language line "mynt_icon_youzan"
ERROR - 2016-05-20 07:22:27 --> Could not find the language line "mynt_buy_taobao"
ERROR - 2016-05-20 07:22:27 --> Could not find the language line "mynt_buy_tmall"
ERROR - 2016-05-20 07:22:27 --> Could not find the language line "mynt_buy_youzan"
ERROR - 2016-05-20 07:22:27 --> Could not find the language line "mynt_icon_taobao"
ERROR - 2016-05-20 07:22:27 --> Could not find the language line "mynt_icon_tmall"
ERROR - 2016-05-20 07:22:27 --> Could not find the language line "mynt_icon_youzan"
ERROR - 2016-05-20 07:28:36 --> Could not find the language line "mynt_buy_taobao"
ERROR - 2016-05-20 07:28:36 --> Could not find the language line "mynt_buy_tmall"
ERROR - 2016-05-20 07:28:36 --> Could not find the language line "mynt_buy_youzan"
ERROR - 2016-05-20 07:28:36 --> Could not find the language line "mynt_icon_taobao"
ERROR - 2016-05-20 07:28:36 --> Could not find the language line "mynt_icon_tmall"
ERROR - 2016-05-20 07:28:36 --> Could not find the language line "mynt_icon_youzan"
ERROR - 2016-05-20 07:34:24 --> Could not find the language line "mynt_buy_taobao"
ERROR - 2016-05-20 07:34:24 --> Could not find the language line "mynt_buy_tmall"
ERROR - 2016-05-20 07:34:24 --> Could not find the language line "mynt_buy_youzan"
ERROR - 2016-05-20 07:34:24 --> Could not find the language line "mynt_icon_taobao"
ERROR - 2016-05-20 07:34:24 --> Could not find the language line "mynt_icon_tmall"
ERROR - 2016-05-20 07:34:24 --> Could not find the language line "mynt_icon_youzan"
ERROR - 2016-05-20 07:34:24 --> Session: File 'ci_sessions/ci_session802c00b3837842378697fce91f0af71637fef288' doesn't exist and cannot be created.
ERROR - 2016-05-20 07:35:21 --> Could not find the language line "mynt_buy_taobao"
ERROR - 2016-05-20 07:35:21 --> Could not find the language line "mynt_buy_tmall"
ERROR - 2016-05-20 07:35:21 --> Could not find the language line "mynt_buy_youzan"
ERROR - 2016-05-20 07:35:21 --> Could not find the language line "mynt_icon_taobao"
ERROR - 2016-05-20 07:35:21 --> Could not find the language line "mynt_icon_tmall"
ERROR - 2016-05-20 07:35:21 --> Could not find the language line "mynt_icon_youzan"
ERROR - 2016-05-20 07:36:13 --> Could not find the language line "mynt_buy_taobao"
ERROR - 2016-05-20 07:36:13 --> Could not find the language line "mynt_buy_tmall"
ERROR - 2016-05-20 07:36:13 --> Could not find the language line "mynt_buy_youzan"
ERROR - 2016-05-20 07:36:13 --> Could not find the language line "mynt_icon_taobao"
ERROR - 2016-05-20 07:36:13 --> Could not find the language line "mynt_icon_tmall"
ERROR - 2016-05-20 07:36:13 --> Could not find the language line "mynt_icon_youzan"
ERROR - 2016-05-20 07:37:25 --> Could not find the language line "mynt_buy_taobao"
ERROR - 2016-05-20 07:37:25 --> Could not find the language line "mynt_buy_tmall"
ERROR - 2016-05-20 07:37:26 --> Could not find the language line "mynt_buy_youzan"
ERROR - 2016-05-20 07:37:26 --> Could not find the language line "mynt_icon_taobao"
ERROR - 2016-05-20 07:37:26 --> Could not find the language line "mynt_icon_tmall"
ERROR - 2016-05-20 07:37:26 --> Could not find the language line "mynt_icon_youzan"
ERROR - 2016-05-20 07:37:36 --> Could not find the language line "mynt_buy_taobao"
ERROR - 2016-05-20 07:37:36 --> Could not find the language line "mynt_buy_tmall"
ERROR - 2016-05-20 07:37:36 --> Could not find the language line "mynt_buy_youzan"
ERROR - 2016-05-20 07:37:36 --> Could not find the language line "mynt_icon_taobao"
ERROR - 2016-05-20 07:37:36 --> Could not find the language line "mynt_icon_tmall"
ERROR - 2016-05-20 07:37:36 --> Could not find the language line "mynt_icon_youzan"
ERROR - 2016-05-20 07:38:20 --> Could not find the language line "mynt_buy_taobao"
ERROR - 2016-05-20 07:38:20 --> Could not find the language line "mynt_buy_tmall"
ERROR - 2016-05-20 07:38:20 --> Could not find the language line "mynt_buy_youzan"
ERROR - 2016-05-20 07:38:20 --> Could not find the language line "mynt_icon_taobao"
ERROR - 2016-05-20 07:38:20 --> Could not find the language line "mynt_icon_tmall"
ERROR - 2016-05-20 07:38:20 --> Could not find the language line "mynt_icon_youzan"
ERROR - 2016-05-20 07:38:41 --> Could not find the language line "mynt_buy_taobao"
ERROR - 2016-05-20 07:38:41 --> Could not find the language line "mynt_buy_tmall"
ERROR - 2016-05-20 07:38:41 --> Could not find the language line "mynt_buy_youzan"
ERROR - 2016-05-20 07:38:41 --> Could not find the language line "mynt_icon_taobao"
ERROR - 2016-05-20 07:38:41 --> Could not find the language line "mynt_icon_tmall"
ERROR - 2016-05-20 07:38:41 --> Could not find the language line "mynt_icon_youzan"
ERROR - 2016-05-20 07:39:58 --> Could not find the language line "mynt_buy_taobao"
ERROR - 2016-05-20 07:39:58 --> Could not find the language line "mynt_buy_tmall"
ERROR - 2016-05-20 07:39:58 --> Could not find the language line "mynt_buy_youzan"
ERROR - 2016-05-20 07:39:58 --> Could not find the language line "mynt_icon_taobao"
ERROR - 2016-05-20 07:39:58 --> Could not find the language line "mynt_icon_tmall"
ERROR - 2016-05-20 07:39:58 --> Could not find the language line "mynt_icon_youzan"
ERROR - 2016-05-20 07:40:17 --> Could not find the language line "mynt_buy_taobao"
ERROR - 2016-05-20 07:40:17 --> Could not find the language line "mynt_buy_tmall"
ERROR - 2016-05-20 07:40:17 --> Could not find the language line "mynt_buy_youzan"
ERROR - 2016-05-20 07:40:17 --> Could not find the language line "mynt_icon_taobao"
ERROR - 2016-05-20 07:40:17 --> Could not find the language line "mynt_icon_tmall"
ERROR - 2016-05-20 07:40:17 --> Could not find the language line "mynt_icon_youzan"
ERROR - 2016-05-20 07:41:45 --> Could not find the language line "mynt_buy_taobao"
ERROR - 2016-05-20 07:41:45 --> Could not find the language line "mynt_buy_tmall"
ERROR - 2016-05-20 07:41:45 --> Could not find the language line "mynt_buy_youzan"
ERROR - 2016-05-20 07:41:45 --> Could not find the language line "mynt_icon_taobao"
ERROR - 2016-05-20 07:41:45 --> Could not find the language line "mynt_icon_tmall"
ERROR - 2016-05-20 07:41:45 --> Could not find the language line "mynt_icon_youzan"
ERROR - 2016-05-20 07:41:45 --> Session: File 'ci_sessions/ci_session948324f19211dac678bc4d2f3f079d0fe8208d4d' doesn't exist and cannot be created.
ERROR - 2016-05-20 07:42:17 --> Could not find the language line "mynt_buy_taobao"
ERROR - 2016-05-20 07:42:17 --> Could not find the language line "mynt_buy_tmall"
ERROR - 2016-05-20 07:42:17 --> Could not find the language line "mynt_buy_youzan"
ERROR - 2016-05-20 07:42:17 --> Could not find the language line "mynt_icon_taobao"
ERROR - 2016-05-20 07:42:17 --> Could not find the language line "mynt_icon_tmall"
ERROR - 2016-05-20 07:42:17 --> Could not find the language line "mynt_icon_youzan"
ERROR - 2016-05-20 07:42:30 --> Could not find the language line "mynt_buy_taobao"
ERROR - 2016-05-20 07:42:30 --> Could not find the language line "mynt_buy_tmall"
ERROR - 2016-05-20 07:42:30 --> Could not find the language line "mynt_buy_youzan"
ERROR - 2016-05-20 07:42:30 --> Could not find the language line "mynt_icon_taobao"
ERROR - 2016-05-20 07:42:30 --> Could not find the language line "mynt_icon_tmall"
ERROR - 2016-05-20 07:42:30 --> Could not find the language line "mynt_icon_youzan"
ERROR - 2016-05-20 07:42:43 --> Could not find the language line "mynt_buy_taobao"
ERROR - 2016-05-20 07:42:43 --> Could not find the language line "mynt_buy_tmall"
ERROR - 2016-05-20 07:42:43 --> Could not find the language line "mynt_buy_youzan"
ERROR - 2016-05-20 07:42:43 --> Could not find the language line "mynt_icon_taobao"
ERROR - 2016-05-20 07:42:43 --> Could not find the language line "mynt_icon_tmall"
ERROR - 2016-05-20 07:42:43 --> Could not find the language line "mynt_icon_youzan"
ERROR - 2016-05-20 07:42:58 --> Could not find the language line "mynt_buy_taobao"
ERROR - 2016-05-20 07:42:58 --> Could not find the language line "mynt_buy_tmall"
ERROR - 2016-05-20 07:42:58 --> Could not find the language line "mynt_buy_youzan"
ERROR - 2016-05-20 07:42:58 --> Could not find the language line "mynt_icon_taobao"
ERROR - 2016-05-20 07:42:58 --> Could not find the language line "mynt_icon_tmall"
ERROR - 2016-05-20 07:42:58 --> Could not find the language line "mynt_icon_youzan"
ERROR - 2016-05-20 07:43:19 --> Could not find the language line "mynt_buy_taobao"
ERROR - 2016-05-20 07:43:19 --> Could not find the language line "mynt_buy_tmall"
ERROR - 2016-05-20 07:43:19 --> Could not find the language line "mynt_buy_youzan"
ERROR - 2016-05-20 07:43:19 --> Could not find the language line "mynt_icon_taobao"
ERROR - 2016-05-20 07:43:19 --> Could not find the language line "mynt_icon_tmall"
ERROR - 2016-05-20 07:43:19 --> Could not find the language line "mynt_icon_youzan"
ERROR - 2016-05-20 07:43:34 --> Could not find the language line "mynt_buy_taobao"
ERROR - 2016-05-20 07:43:34 --> Could not find the language line "mynt_buy_tmall"
ERROR - 2016-05-20 07:43:34 --> Could not find the language line "mynt_buy_youzan"
ERROR - 2016-05-20 07:43:34 --> Could not find the language line "mynt_icon_taobao"
ERROR - 2016-05-20 07:43:34 --> Could not find the language line "mynt_icon_tmall"
ERROR - 2016-05-20 07:43:34 --> Could not find the language line "mynt_icon_youzan"
ERROR - 2016-05-20 07:46:38 --> Could not find the language line "mynt_buy_taobao"
ERROR - 2016-05-20 07:46:38 --> Could not find the language line "mynt_buy_tmall"
ERROR - 2016-05-20 07:46:38 --> Could not find the language line "mynt_buy_youzan"
ERROR - 2016-05-20 07:46:38 --> Could not find the language line "faq_title_5"
ERROR - 2016-05-20 07:46:38 --> Could not find the language line "faq_cont_5"
ERROR - 2016-05-20 07:46:38 --> Could not find the language line "faq_title_6"
ERROR - 2016-05-20 07:46:38 --> Could not find the language line "faq_cont_6"
ERROR - 2016-05-20 07:46:38 --> Could not find the language line "faq_title_7"
ERROR - 2016-05-20 07:46:38 --> Could not find the language line "faq_cont_7"
ERROR - 2016-05-20 07:46:38 --> Could not find the language line "faq_title_8"
ERROR - 2016-05-20 07:46:38 --> Could not find the language line "faq_cont_8"
ERROR - 2016-05-20 07:46:38 --> Could not find the language line "faq_title_9"
ERROR - 2016-05-20 07:46:38 --> Could not find the language line "faq_cont_9"
ERROR - 2016-05-20 07:46:38 --> Could not find the language line "faq_title_10"
ERROR - 2016-05-20 07:46:38 --> Could not find the language line "faq_cont_10"
ERROR - 2016-05-20 07:46:38 --> Could not find the language line "faq_title_11"
ERROR - 2016-05-20 07:46:38 --> Could not find the language line "faq_cont_11"
ERROR - 2016-05-20 07:46:38 --> Could not find the language line "faq_title_12"
ERROR - 2016-05-20 07:46:38 --> Could not find the language line "faq_cont_12"
ERROR - 2016-05-20 07:46:38 --> Could not find the language line "faq_title_13"
ERROR - 2016-05-20 07:46:38 --> Could not find the language line "faq_cont_13"
ERROR - 2016-05-20 07:46:38 --> Could not find the language line "faq_title_14"
ERROR - 2016-05-20 07:46:38 --> Could not find the language line "faq_cont_14"
ERROR - 2016-05-20 07:46:38 --> Could not find the language line "faq_title_15"
ERROR - 2016-05-20 07:46:38 --> Could not find the language line "faq_cont_15"
ERROR - 2016-05-20 07:46:38 --> Could not find the language line "faq_title_16"
ERROR - 2016-05-20 07:46:38 --> Could not find the language line "faq_cont_16"
ERROR - 2016-05-20 07:47:56 --> Could not find the language line "mynt_buy_taobao"
ERROR - 2016-05-20 07:47:56 --> Could not find the language line "mynt_buy_tmall"
ERROR - 2016-05-20 07:47:56 --> Could not find the language line "mynt_buy_youzan"
ERROR - 2016-05-20 07:47:56 --> Could not find the language line "faq_title_5"
ERROR - 2016-05-20 07:47:56 --> Could not find the language line "faq_cont_5"
ERROR - 2016-05-20 07:47:56 --> Could not find the language line "faq_title_6"
ERROR - 2016-05-20 07:47:56 --> Could not find the language line "faq_cont_6"
ERROR - 2016-05-20 07:47:56 --> Could not find the language line "faq_title_7"
ERROR - 2016-05-20 07:47:56 --> Could not find the language line "faq_cont_7"
ERROR - 2016-05-20 07:47:56 --> Could not find the language line "faq_title_8"
ERROR - 2016-05-20 07:47:56 --> Could not find the language line "faq_cont_8"
ERROR - 2016-05-20 07:47:56 --> Could not find the language line "faq_title_9"
ERROR - 2016-05-20 07:47:56 --> Could not find the language line "faq_cont_9"
ERROR - 2016-05-20 07:47:56 --> Could not find the language line "faq_title_10"
ERROR - 2016-05-20 07:47:56 --> Could not find the language line "faq_cont_10"
ERROR - 2016-05-20 07:47:56 --> Could not find the language line "faq_title_11"
ERROR - 2016-05-20 07:47:56 --> Could not find the language line "faq_cont_11"
ERROR - 2016-05-20 07:47:56 --> Could not find the language line "faq_title_12"
ERROR - 2016-05-20 07:47:56 --> Could not find the language line "faq_cont_12"
ERROR - 2016-05-20 07:47:56 --> Could not find the language line "faq_title_13"
ERROR - 2016-05-20 07:47:56 --> Could not find the language line "faq_cont_13"
ERROR - 2016-05-20 07:47:56 --> Could not find the language line "faq_title_14"
ERROR - 2016-05-20 07:47:56 --> Could not find the language line "faq_cont_14"
ERROR - 2016-05-20 07:47:56 --> Could not find the language line "faq_title_15"
ERROR - 2016-05-20 07:47:56 --> Could not find the language line "faq_cont_15"
ERROR - 2016-05-20 07:47:56 --> Could not find the language line "faq_title_16"
ERROR - 2016-05-20 07:47:56 --> Could not find the language line "faq_cont_16"
ERROR - 2016-05-20 07:47:56 --> Session: File 'ci_sessions/ci_sessione54be4704df7b4ac96ed48b99fa19b39a7c7f57c' doesn't exist and cannot be created.
ERROR - 2016-05-20 07:48:09 --> Could not find the language line "mynt_buy_taobao"
ERROR - 2016-05-20 07:48:09 --> Could not find the language line "mynt_buy_tmall"
ERROR - 2016-05-20 07:48:09 --> Could not find the language line "mynt_buy_youzan"
ERROR - 2016-05-20 07:48:09 --> Could not find the language line "faq_title_5"
ERROR - 2016-05-20 07:48:09 --> Could not find the language line "faq_cont_5"
ERROR - 2016-05-20 07:48:09 --> Could not find the language line "faq_title_6"
ERROR - 2016-05-20 07:48:09 --> Could not find the language line "faq_cont_6"
ERROR - 2016-05-20 07:48:09 --> Could not find the language line "faq_title_7"
ERROR - 2016-05-20 07:48:09 --> Could not find the language line "faq_cont_7"
ERROR - 2016-05-20 07:48:09 --> Could not find the language line "faq_title_8"
ERROR - 2016-05-20 07:48:09 --> Could not find the language line "faq_cont_8"
ERROR - 2016-05-20 07:48:09 --> Could not find the language line "faq_title_9"
ERROR - 2016-05-20 07:48:09 --> Could not find the language line "faq_cont_9"
ERROR - 2016-05-20 07:48:09 --> Could not find the language line "faq_title_10"
ERROR - 2016-05-20 07:48:09 --> Could not find the language line "faq_cont_10"
ERROR - 2016-05-20 07:48:09 --> Could not find the language line "faq_title_11"
ERROR - 2016-05-20 07:48:09 --> Could not find the language line "faq_cont_11"
ERROR - 2016-05-20 07:48:09 --> Could not find the language line "faq_title_12"
ERROR - 2016-05-20 07:48:09 --> Could not find the language line "faq_cont_12"
ERROR - 2016-05-20 07:48:09 --> Could not find the language line "faq_title_13"
ERROR - 2016-05-20 07:48:09 --> Could not find the language line "faq_cont_13"
ERROR - 2016-05-20 07:48:09 --> Could not find the language line "faq_title_14"
ERROR - 2016-05-20 07:48:09 --> Could not find the language line "faq_cont_14"
ERROR - 2016-05-20 07:48:09 --> Could not find the language line "faq_title_15"
ERROR - 2016-05-20 07:48:09 --> Could not find the language line "faq_cont_15"
ERROR - 2016-05-20 07:48:09 --> Could not find the language line "faq_title_16"
ERROR - 2016-05-20 07:48:09 --> Could not find the language line "faq_cont_16"
ERROR - 2016-05-20 07:50:19 --> Could not find the language line "mynt_buy_taobao"
ERROR - 2016-05-20 07:50:19 --> Could not find the language line "mynt_buy_tmall"
ERROR - 2016-05-20 07:50:19 --> Could not find the language line "mynt_buy_youzan"
ERROR - 2016-05-20 07:50:19 --> Could not find the language line "faq_title_5"
ERROR - 2016-05-20 07:50:19 --> Could not find the language line "faq_cont_5"
ERROR - 2016-05-20 07:50:19 --> Could not find the language line "faq_title_6"
ERROR - 2016-05-20 07:50:19 --> Could not find the language line "faq_cont_6"
ERROR - 2016-05-20 07:50:19 --> Could not find the language line "faq_title_7"
ERROR - 2016-05-20 07:50:19 --> Could not find the language line "faq_cont_7"
ERROR - 2016-05-20 07:50:19 --> Could not find the language line "faq_title_8"
ERROR - 2016-05-20 07:50:19 --> Could not find the language line "faq_cont_8"
ERROR - 2016-05-20 07:50:19 --> Could not find the language line "faq_title_9"
ERROR - 2016-05-20 07:50:19 --> Could not find the language line "faq_cont_9"
ERROR - 2016-05-20 07:50:19 --> Could not find the language line "faq_title_10"
ERROR - 2016-05-20 07:50:19 --> Could not find the language line "faq_cont_10"
ERROR - 2016-05-20 07:50:19 --> Could not find the language line "faq_title_11"
ERROR - 2016-05-20 07:50:19 --> Could not find the language line "faq_cont_11"
ERROR - 2016-05-20 07:50:19 --> Could not find the language line "faq_title_12"
ERROR - 2016-05-20 07:50:19 --> Could not find the language line "faq_cont_12"
ERROR - 2016-05-20 07:50:19 --> Could not find the language line "faq_title_13"
ERROR - 2016-05-20 07:50:19 --> Could not find the language line "faq_cont_13"
ERROR - 2016-05-20 07:50:19 --> Could not find the language line "faq_title_14"
ERROR - 2016-05-20 07:50:19 --> Could not find the language line "faq_cont_14"
ERROR - 2016-05-20 07:50:19 --> Could not find the language line "faq_title_15"
ERROR - 2016-05-20 07:50:19 --> Could not find the language line "faq_cont_15"
ERROR - 2016-05-20 07:50:19 --> Could not find the language line "faq_title_16"
ERROR - 2016-05-20 07:50:19 --> Could not find the language line "faq_cont_16"
ERROR - 2016-05-20 07:52:46 --> Could not find the language line "mynt_buy_taobao"
ERROR - 2016-05-20 07:52:46 --> Could not find the language line "mynt_buy_tmall"
ERROR - 2016-05-20 07:52:46 --> Could not find the language line "mynt_buy_youzan"
ERROR - 2016-05-20 07:52:46 --> Could not find the language line "faq_title_5"
ERROR - 2016-05-20 07:52:46 --> Could not find the language line "faq_cont_5"
ERROR - 2016-05-20 07:52:46 --> Could not find the language line "faq_title_6"
ERROR - 2016-05-20 07:52:46 --> Could not find the language line "faq_cont_6"
ERROR - 2016-05-20 07:52:46 --> Could not find the language line "faq_title_7"
ERROR - 2016-05-20 07:52:46 --> Could not find the language line "faq_cont_7"
ERROR - 2016-05-20 07:52:46 --> Could not find the language line "faq_title_8"
ERROR - 2016-05-20 07:52:46 --> Could not find the language line "faq_cont_8"
ERROR - 2016-05-20 07:52:46 --> Could not find the language line "faq_title_9"
ERROR - 2016-05-20 07:52:46 --> Could not find the language line "faq_cont_9"
ERROR - 2016-05-20 07:52:46 --> Could not find the language line "faq_title_10"
ERROR - 2016-05-20 07:52:46 --> Could not find the language line "faq_cont_10"
ERROR - 2016-05-20 07:52:46 --> Could not find the language line "faq_title_11"
ERROR - 2016-05-20 07:52:46 --> Could not find the language line "faq_cont_11"
ERROR - 2016-05-20 07:52:46 --> Could not find the language line "faq_title_12"
ERROR - 2016-05-20 07:52:46 --> Could not find the language line "faq_cont_12"
ERROR - 2016-05-20 07:52:46 --> Could not find the language line "faq_title_13"
ERROR - 2016-05-20 07:52:46 --> Could not find the language line "faq_cont_13"
ERROR - 2016-05-20 07:52:46 --> Could not find the language line "faq_title_14"
ERROR - 2016-05-20 07:52:46 --> Could not find the language line "faq_cont_14"
ERROR - 2016-05-20 07:52:46 --> Could not find the language line "faq_title_15"
ERROR - 2016-05-20 07:52:46 --> Could not find the language line "faq_cont_15"
ERROR - 2016-05-20 07:52:46 --> Could not find the language line "faq_title_16"
ERROR - 2016-05-20 07:52:46 --> Could not find the language line "faq_cont_16"
ERROR - 2016-05-20 07:53:01 --> Could not find the language line "mynt_buy_taobao"
ERROR - 2016-05-20 07:53:01 --> Could not find the language line "mynt_buy_tmall"
ERROR - 2016-05-20 07:53:01 --> Could not find the language line "mynt_buy_youzan"
ERROR - 2016-05-20 07:53:01 --> Could not find the language line "faq_title_5"
ERROR - 2016-05-20 07:53:01 --> Could not find the language line "faq_cont_5"
ERROR - 2016-05-20 07:53:01 --> Could not find the language line "faq_title_6"
ERROR - 2016-05-20 07:53:01 --> Could not find the language line "faq_cont_6"
ERROR - 2016-05-20 07:53:01 --> Could not find the language line "faq_title_7"
ERROR - 2016-05-20 07:53:01 --> Could not find the language line "faq_cont_7"
ERROR - 2016-05-20 07:53:01 --> Could not find the language line "faq_title_8"
ERROR - 2016-05-20 07:53:01 --> Could not find the language line "faq_cont_8"
ERROR - 2016-05-20 07:53:01 --> Could not find the language line "faq_title_9"
ERROR - 2016-05-20 07:53:01 --> Could not find the language line "faq_cont_9"
ERROR - 2016-05-20 07:53:01 --> Could not find the language line "faq_title_10"
ERROR - 2016-05-20 07:53:01 --> Could not find the language line "faq_cont_10"
ERROR - 2016-05-20 07:53:01 --> Could not find the language line "faq_title_11"
ERROR - 2016-05-20 07:53:01 --> Could not find the language line "faq_cont_11"
ERROR - 2016-05-20 07:53:01 --> Could not find the language line "faq_title_12"
ERROR - 2016-05-20 07:53:01 --> Could not find the language line "faq_cont_12"
ERROR - 2016-05-20 07:53:01 --> Could not find the language line "faq_title_13"
ERROR - 2016-05-20 07:53:01 --> Could not find the language line "faq_cont_13"
ERROR - 2016-05-20 07:53:01 --> Could not find the language line "faq_title_14"
ERROR - 2016-05-20 07:53:01 --> Could not find the language line "faq_cont_14"
ERROR - 2016-05-20 07:53:01 --> Could not find the language line "faq_title_15"
ERROR - 2016-05-20 07:53:01 --> Could not find the language line "faq_cont_15"
ERROR - 2016-05-20 07:53:01 --> Could not find the language line "faq_title_16"
ERROR - 2016-05-20 07:53:01 --> Could not find the language line "faq_cont_16"
ERROR - 2016-05-20 07:53:58 --> Could not find the language line "mynt_buy_taobao"
ERROR - 2016-05-20 07:53:58 --> Could not find the language line "mynt_buy_tmall"
ERROR - 2016-05-20 07:53:58 --> Could not find the language line "mynt_buy_youzan"
ERROR - 2016-05-20 07:53:58 --> Could not find the language line "faq_title_5"
ERROR - 2016-05-20 07:53:58 --> Could not find the language line "faq_cont_5"
ERROR - 2016-05-20 07:53:58 --> Could not find the language line "faq_title_6"
ERROR - 2016-05-20 07:53:58 --> Could not find the language line "faq_cont_6"
ERROR - 2016-05-20 07:53:58 --> Could not find the language line "faq_title_7"
ERROR - 2016-05-20 07:53:58 --> Could not find the language line "faq_cont_7"
ERROR - 2016-05-20 07:53:58 --> Could not find the language line "faq_title_8"
ERROR - 2016-05-20 07:53:58 --> Could not find the language line "faq_cont_8"
ERROR - 2016-05-20 07:53:58 --> Could not find the language line "faq_title_9"
ERROR - 2016-05-20 07:53:58 --> Could not find the language line "faq_cont_9"
ERROR - 2016-05-20 07:53:58 --> Could not find the language line "faq_title_10"
ERROR - 2016-05-20 07:53:58 --> Could not find the language line "faq_cont_10"
ERROR - 2016-05-20 07:53:58 --> Could not find the language line "faq_title_11"
ERROR - 2016-05-20 07:53:58 --> Could not find the language line "faq_cont_11"
ERROR - 2016-05-20 07:53:58 --> Could not find the language line "faq_title_12"
ERROR - 2016-05-20 07:53:58 --> Could not find the language line "faq_cont_12"
ERROR - 2016-05-20 07:53:58 --> Could not find the language line "faq_title_13"
ERROR - 2016-05-20 07:53:58 --> Could not find the language line "faq_cont_13"
ERROR - 2016-05-20 07:53:58 --> Could not find the language line "faq_title_14"
ERROR - 2016-05-20 07:53:58 --> Could not find the language line "faq_cont_14"
ERROR - 2016-05-20 07:53:58 --> Could not find the language line "faq_title_15"
ERROR - 2016-05-20 07:53:58 --> Could not find the language line "faq_cont_15"
ERROR - 2016-05-20 07:53:58 --> Could not find the language line "faq_title_16"
ERROR - 2016-05-20 07:53:58 --> Could not find the language line "faq_cont_16"
ERROR - 2016-05-20 07:53:58 --> Session: File 'ci_sessions/ci_sessione2c24caaf2c16c8064b81c2c5bece2e57d1ad5d1' doesn't exist and cannot be created.
ERROR - 2016-05-20 07:54:12 --> Could not find the language line "mynt_buy_amazon"
ERROR - 2016-05-20 07:55:54 --> Could not find the language line "mynt_buy_amazon"
ERROR - 2016-05-20 07:56:47 --> Could not find the language line "mynt_buy_amazon"
ERROR - 2016-05-20 07:58:24 --> Could not find the language line "mynt_buy_amazon"
ERROR - 2016-05-20 07:59:04 --> Could not find the language line "mynt_buy_amazon"
ERROR - 2016-05-20 08:00:40 --> Could not find the language line "mynt_buy_amazon"
ERROR - 2016-05-20 08:00:40 --> Could not find the language line "tracker"
ERROR - 2016-05-20 08:00:40 --> Session: File 'ci_sessions/ci_session3aaa43f1ece15c1c1abac639f12098fb2930d0ff' doesn't exist and cannot be created.
ERROR - 2016-05-20 08:01:07 --> Could not find the language line "mynt_buy_amazon"
ERROR - 2016-05-20 08:01:26 --> Could not find the language line "mynt_buy_amazon"
ERROR - 2016-05-20 08:01:26 --> Could not find the language line "tracker"
ERROR - 2016-05-20 08:02:11 --> Could not find the language line "mynt_buy_amazon"
ERROR - 2016-05-20 08:02:11 --> Could not find the language line "tracker"
ERROR - 2016-05-20 08:05:15 --> Could not find the language line "mynt_buy_amazon"
ERROR - 2016-05-20 08:05:15 --> Could not find the language line "tracker"
ERROR - 2016-05-20 08:05:33 --> Could not find the language line "mynt_buy_amazon"
ERROR - 2016-05-20 08:05:33 --> Could not find the language line "tracker"
ERROR - 2016-05-20 08:05:44 --> Could not find the language line "mynt_buy_amazon"
ERROR - 2016-05-20 08:05:44 --> Could not find the language line "tracker"
ERROR - 2016-05-20 08:06:26 --> Could not find the language line "mynt_buy_amazon"
ERROR - 2016-05-20 08:06:26 --> Could not find the language line "tracker"
ERROR - 2016-05-20 08:07:13 --> Could not find the language line "mynt_buy_amazon"
ERROR - 2016-05-20 08:07:13 --> Could not find the language line "tracker"
ERROR - 2016-05-20 08:08:56 --> Could not find the language line "mynt_buy_amazon"
ERROR - 2016-05-20 08:08:56 --> Could not find the language line "home_sdeno_slide"
ERROR - 2016-05-20 08:08:56 --> Could not find the language line "tracker"
ERROR - 2016-05-20 08:08:56 --> Could not find the language line "mynt_feature"
ERROR - 2016-05-20 08:08:56 --> Could not find the language line "home_robot_sdeno"
ERROR - 2016-05-20 08:08:56 --> Could not find the language line "home_sdeno_slogon"
ERROR - 2016-05-20 08:08:56 --> Could not find the language line "mynt_icon_buy"
ERROR - 2016-05-20 08:11:12 --> Could not find the language line "mynt_buy_amazon"
ERROR - 2016-05-20 08:11:12 --> Could not find the language line "home_sdeno_slide"
ERROR - 2016-05-20 08:11:12 --> Could not find the language line "tracker"
ERROR - 2016-05-20 08:11:12 --> Could not find the language line "mynt_feature"
ERROR - 2016-05-20 08:11:12 --> Could not find the language line "home_robot_sdeno"
ERROR - 2016-05-20 08:11:12 --> Could not find the language line "home_sdeno_slogon"
ERROR - 2016-05-20 08:11:12 --> Could not find the language line "mynt_icon_buy"
ERROR - 2016-05-20 08:11:25 --> Could not find the language line "mynt_buy_amazon"
ERROR - 2016-05-20 08:11:25 --> Could not find the language line "home_sdeno_slide"
ERROR - 2016-05-20 08:11:25 --> Could not find the language line "tracker"
ERROR - 2016-05-20 08:11:25 --> Could not find the language line "mynt_feature"
ERROR - 2016-05-20 08:11:25 --> Could not find the language line "home_robot_sdeno"
ERROR - 2016-05-20 08:11:25 --> Could not find the language line "home_sdeno_slogon"
ERROR - 2016-05-20 08:11:25 --> Could not find the language line "mynt_icon_buy"
ERROR - 2016-05-20 08:11:26 --> Could not find the language line "mynt_buy_taobao"
ERROR - 2016-05-20 08:11:26 --> Could not find the language line "mynt_buy_tmall"
ERROR - 2016-05-20 08:11:26 --> Could not find the language line "mynt_buy_youzan"
ERROR - 2016-05-20 08:11:26 --> Could not find the language line "mynt_icon_taobao"
ERROR - 2016-05-20 08:11:26 --> Could not find the language line "mynt_icon_tmall"
ERROR - 2016-05-20 08:11:26 --> Could not find the language line "mynt_icon_youzan"
ERROR - 2016-05-20 08:12:06 --> Could not find the language line "mynt_buy_taobao"
ERROR - 2016-05-20 08:12:06 --> Could not find the language line "mynt_buy_tmall"
ERROR - 2016-05-20 08:12:06 --> Could not find the language line "mynt_buy_youzan"
ERROR - 2016-05-20 08:12:06 --> Could not find the language line "mynt_icon_taobao"
ERROR - 2016-05-20 08:12:06 --> Could not find the language line "mynt_icon_tmall"
ERROR - 2016-05-20 08:12:06 --> Could not find the language line "mynt_icon_youzan"
ERROR - 2016-05-20 08:12:06 --> Session: File 'ci_sessions/ci_sessionc7f5dcebe974792381426642d8c353ea3f12e836' doesn't exist and cannot be created.
ERROR - 2016-05-20 08:12:48 --> Could not find the language line "mynt_buy_taobao"
ERROR - 2016-05-20 08:12:48 --> Could not find the language line "mynt_buy_tmall"
ERROR - 2016-05-20 08:12:48 --> Could not find the language line "mynt_buy_youzan"
ERROR - 2016-05-20 08:12:48 --> Could not find the language line "mynt_icon_taobao"
ERROR - 2016-05-20 08:12:48 --> Could not find the language line "mynt_icon_tmall"
ERROR - 2016-05-20 08:12:48 --> Could not find the language line "mynt_icon_youzan"
ERROR - 2016-05-20 08:12:55 --> Could not find the language line "mynt_buy_taobao"
ERROR - 2016-05-20 08:12:55 --> Could not find the language line "mynt_buy_tmall"
ERROR - 2016-05-20 08:12:55 --> Could not find the language line "mynt_buy_youzan"
ERROR - 2016-05-20 08:12:55 --> Could not find the language line "mynt_icon_taobao"
ERROR - 2016-05-20 08:12:55 --> Could not find the language line "mynt_icon_tmall"
ERROR - 2016-05-20 08:12:55 --> Could not find the language line "mynt_icon_youzan"
ERROR - 2016-05-20 08:14:23 --> Could not find the language line "mynt_buy_taobao"
ERROR - 2016-05-20 08:14:23 --> Could not find the language line "mynt_buy_tmall"
ERROR - 2016-05-20 08:14:23 --> Could not find the language line "mynt_buy_youzan"
ERROR - 2016-05-20 08:14:23 --> Could not find the language line "mynt_icon_taobao"
ERROR - 2016-05-20 08:14:23 --> Could not find the language line "mynt_icon_tmall"
ERROR - 2016-05-20 08:14:23 --> Could not find the language line "mynt_icon_youzan"
ERROR - 2016-05-20 08:14:28 --> Could not find the language line "mynt_buy_taobao"
ERROR - 2016-05-20 08:14:28 --> Could not find the language line "mynt_buy_tmall"
ERROR - 2016-05-20 08:14:28 --> Could not find the language line "mynt_buy_youzan"
ERROR - 2016-05-20 08:14:28 --> Could not find the language line "mynt_icon_taobao"
ERROR - 2016-05-20 08:14:28 --> Could not find the language line "mynt_icon_tmall"
ERROR - 2016-05-20 08:14:28 --> Could not find the language line "mynt_icon_youzan"
ERROR - 2016-05-20 08:15:44 --> Could not find the language line "mynt_buy_taobao"
ERROR - 2016-05-20 08:15:44 --> Could not find the language line "mynt_buy_tmall"
ERROR - 2016-05-20 08:15:44 --> Could not find the language line "mynt_buy_youzan"
ERROR - 2016-05-20 08:15:44 --> Could not find the language line "mynt_icon_taobao"
ERROR - 2016-05-20 08:15:44 --> Could not find the language line "mynt_icon_tmall"
ERROR - 2016-05-20 08:15:44 --> Could not find the language line "mynt_icon_youzan"
ERROR - 2016-05-20 08:23:40 --> Could not find the language line "mynt_buy_taobao"
ERROR - 2016-05-20 08:23:40 --> Could not find the language line "mynt_buy_tmall"
ERROR - 2016-05-20 08:23:40 --> Could not find the language line "mynt_buy_youzan"
ERROR - 2016-05-20 08:23:40 --> Could not find the language line "faq_title_5"
ERROR - 2016-05-20 08:23:40 --> Could not find the language line "faq_cont_5"
ERROR - 2016-05-20 08:23:40 --> Could not find the language line "faq_title_6"
ERROR - 2016-05-20 08:23:40 --> Could not find the language line "faq_cont_6"
ERROR - 2016-05-20 08:23:40 --> Could not find the language line "faq_title_7"
ERROR - 2016-05-20 08:23:40 --> Could not find the language line "faq_cont_7"
ERROR - 2016-05-20 08:23:40 --> Could not find the language line "faq_title_8"
ERROR - 2016-05-20 08:23:40 --> Could not find the language line "faq_cont_8"
ERROR - 2016-05-20 08:23:40 --> Could not find the language line "faq_title_9"
ERROR - 2016-05-20 08:23:40 --> Could not find the language line "faq_cont_9"
ERROR - 2016-05-20 08:23:40 --> Could not find the language line "faq_title_10"
ERROR - 2016-05-20 08:23:40 --> Could not find the language line "faq_cont_10"
ERROR - 2016-05-20 08:23:40 --> Could not find the language line "faq_title_11"
ERROR - 2016-05-20 08:23:40 --> Could not find the language line "faq_cont_11"
ERROR - 2016-05-20 08:23:40 --> Could not find the language line "faq_title_12"
ERROR - 2016-05-20 08:23:40 --> Could not find the language line "faq_cont_12"
ERROR - 2016-05-20 08:23:40 --> Could not find the language line "faq_title_13"
ERROR - 2016-05-20 08:23:40 --> Could not find the language line "faq_cont_13"
ERROR - 2016-05-20 08:23:40 --> Could not find the language line "faq_title_14"
ERROR - 2016-05-20 08:23:40 --> Could not find the language line "faq_cont_14"
ERROR - 2016-05-20 08:23:40 --> Could not find the language line "faq_title_15"
ERROR - 2016-05-20 08:23:40 --> Could not find the language line "faq_cont_15"
ERROR - 2016-05-20 08:23:40 --> Could not find the language line "faq_title_16"
ERROR - 2016-05-20 08:23:40 --> Could not find the language line "faq_cont_16"
ERROR - 2016-05-20 08:24:07 --> Could not find the language line "mynt_buy_taobao"
ERROR - 2016-05-20 08:24:07 --> Could not find the language line "mynt_buy_tmall"
ERROR - 2016-05-20 08:24:07 --> Could not find the language line "mynt_buy_youzan"
ERROR - 2016-05-20 08:25:01 --> Could not find the language line "mynt_buy_taobao"
ERROR - 2016-05-20 08:25:01 --> Could not find the language line "mynt_buy_tmall"
ERROR - 2016-05-20 08:25:01 --> Could not find the language line "mynt_buy_youzan"
ERROR - 2016-05-20 08:25:30 --> Could not find the language line "mynt_buy_taobao"
ERROR - 2016-05-20 08:25:30 --> Could not find the language line "mynt_buy_tmall"
ERROR - 2016-05-20 08:25:30 --> Could not find the language line "mynt_buy_youzan"
ERROR - 2016-05-20 08:25:39 --> Could not find the language line "mynt_buy_amazon"
ERROR - 2016-05-20 08:25:39 --> Could not find the language line "home_sdeno_slide"
ERROR - 2016-05-20 08:25:39 --> Could not find the language line "tracker"
ERROR - 2016-05-20 08:25:39 --> Could not find the language line "mynt_feature"
ERROR - 2016-05-20 08:25:39 --> Could not find the language line "home_robot_sdeno"
ERROR - 2016-05-20 08:25:39 --> Could not find the language line "home_sdeno_slogon"
ERROR - 2016-05-20 08:25:39 --> Could not find the language line "mynt_icon_buy"
ERROR - 2016-05-20 08:25:47 --> Could not find the language line "mynt_buy_taobao"
ERROR - 2016-05-20 08:25:47 --> Could not find the language line "mynt_buy_tmall"
ERROR - 2016-05-20 08:25:47 --> Could not find the language line "mynt_buy_youzan"
ERROR - 2016-05-20 08:25:47 --> Could not find the language line "mynt_icon_taobao"
ERROR - 2016-05-20 08:25:47 --> Could not find the language line "mynt_icon_tmall"
ERROR - 2016-05-20 08:25:47 --> Could not find the language line "mynt_icon_youzan"
ERROR - 2016-05-20 08:25:49 --> Could not find the language line "mynt_buy_amazon"
ERROR - 2016-05-20 08:25:49 --> Could not find the language line "home_sdeno_slide"
ERROR - 2016-05-20 08:25:49 --> Could not find the language line "tracker"
ERROR - 2016-05-20 08:25:49 --> Could not find the language line "mynt_feature"
ERROR - 2016-05-20 08:25:49 --> Could not find the language line "home_robot_sdeno"
ERROR - 2016-05-20 08:25:49 --> Could not find the language line "home_sdeno_slogon"
ERROR - 2016-05-20 08:25:49 --> Could not find the language line "mynt_icon_buy"
ERROR - 2016-05-20 08:26:03 --> Could not find the language line "mynt_buy_taobao"
ERROR - 2016-05-20 08:26:03 --> Could not find the language line "mynt_buy_tmall"
ERROR - 2016-05-20 08:26:03 --> Could not find the language line "mynt_buy_youzan"
ERROR - 2016-05-20 08:26:03 --> Could not find the language line "faq_title_5"
ERROR - 2016-05-20 08:26:03 --> Could not find the language line "faq_cont_5"
ERROR - 2016-05-20 08:26:03 --> Could not find the language line "faq_title_6"
ERROR - 2016-05-20 08:26:03 --> Could not find the language line "faq_cont_6"
ERROR - 2016-05-20 08:26:03 --> Could not find the language line "faq_title_7"
ERROR - 2016-05-20 08:26:03 --> Could not find the language line "faq_cont_7"
ERROR - 2016-05-20 08:26:03 --> Could not find the language line "faq_title_8"
ERROR - 2016-05-20 08:26:03 --> Could not find the language line "faq_cont_8"
ERROR - 2016-05-20 08:26:03 --> Could not find the language line "faq_title_9"
ERROR - 2016-05-20 08:26:03 --> Could not find the language line "faq_cont_9"
ERROR - 2016-05-20 08:26:03 --> Could not find the language line "faq_title_10"
ERROR - 2016-05-20 08:26:03 --> Could not find the language line "faq_cont_10"
ERROR - 2016-05-20 08:26:03 --> Could not find the language line "faq_title_11"
ERROR - 2016-05-20 08:26:03 --> Could not find the language line "faq_cont_11"
ERROR - 2016-05-20 08:26:03 --> Could not find the language line "faq_title_12"
ERROR - 2016-05-20 08:26:03 --> Could not find the language line "faq_cont_12"
ERROR - 2016-05-20 08:26:03 --> Could not find the language line "faq_title_13"
ERROR - 2016-05-20 08:26:03 --> Could not find the language line "faq_cont_13"
ERROR - 2016-05-20 08:26:03 --> Could not find the language line "faq_title_14"
ERROR - 2016-05-20 08:26:03 --> Could not find the language line "faq_cont_14"
ERROR - 2016-05-20 08:26:03 --> Could not find the language line "faq_title_15"
ERROR - 2016-05-20 08:26:03 --> Could not find the language line "faq_cont_15"
ERROR - 2016-05-20 08:26:03 --> Could not find the language line "faq_title_16"
ERROR - 2016-05-20 08:26:03 --> Could not find the language line "faq_cont_16"
ERROR - 2016-05-20 08:26:06 --> Could not find the language line "mynt_buy_amazon"
ERROR - 2016-05-20 08:26:06 --> Could not find the language line "home_sdeno_slide"
ERROR - 2016-05-20 08:26:06 --> Could not find the language line "tracker"
ERROR - 2016-05-20 08:26:06 --> Could not find the language line "mynt_feature"
ERROR - 2016-05-20 08:26:06 --> Could not find the language line "home_robot_sdeno"
ERROR - 2016-05-20 08:26:06 --> Could not find the language line "home_sdeno_slogon"
ERROR - 2016-05-20 08:26:06 --> Could not find the language line "mynt_icon_buy"
ERROR - 2016-05-20 08:28:01 --> Could not find the language line "mynt_buy_amazon"
ERROR - 2016-05-20 08:28:01 --> Could not find the language line "home_sdeno_slide"
ERROR - 2016-05-20 08:28:01 --> Could not find the language line "tracker"
ERROR - 2016-05-20 08:28:01 --> Could not find the language line "mynt_feature"
ERROR - 2016-05-20 08:28:01 --> Could not find the language line "home_robot_sdeno"
ERROR - 2016-05-20 08:28:01 --> Could not find the language line "home_sdeno_slogon"
ERROR - 2016-05-20 08:28:01 --> Could not find the language line "mynt_icon_buy"
ERROR - 2016-05-20 08:28:03 --> Could not find the language line "mynt_buy_amazon"
ERROR - 2016-05-20 08:28:03 --> Could not find the language line "home_sdeno_slide"
ERROR - 2016-05-20 08:28:03 --> Could not find the language line "tracker"
ERROR - 2016-05-20 08:28:03 --> Could not find the language line "mynt_feature"
ERROR - 2016-05-20 08:28:03 --> Could not find the language line "home_robot_sdeno"
ERROR - 2016-05-20 08:28:03 --> Could not find the language line "home_sdeno_slogon"
ERROR - 2016-05-20 08:28:03 --> Could not find the language line "mynt_icon_buy"
ERROR - 2016-05-20 08:29:00 --> Could not find the language line "mynt_buy_amazon"
ERROR - 2016-05-20 08:29:00 --> Could not find the language line "home_sdeno_slide"
ERROR - 2016-05-20 08:29:00 --> Could not find the language line "tracker"
ERROR - 2016-05-20 08:29:00 --> Could not find the language line "mynt_feature"
ERROR - 2016-05-20 08:29:00 --> Could not find the language line "home_robot_sdeno"
ERROR - 2016-05-20 08:29:00 --> Could not find the language line "home_sdeno_slogon"
ERROR - 2016-05-20 08:29:00 --> Could not find the language line "mynt_icon_buy"
ERROR - 2016-05-20 08:29:00 --> Session: File 'ci_sessions/ci_sessionb4de0a74f284135654b0fb5c5e6c78a2ad5a983d' doesn't exist and cannot be created.
ERROR - 2016-05-20 08:29:05 --> Could not find the language line "mynt_buy_taobao"
ERROR - 2016-05-20 08:29:05 --> Could not find the language line "mynt_buy_tmall"
ERROR - 2016-05-20 08:29:05 --> Could not find the language line "mynt_buy_youzan"
ERROR - 2016-05-20 08:29:06 --> Could not find the language line "mynt_buy_amazon"
ERROR - 2016-05-20 08:29:06 --> Could not find the language line "home_sdeno_slide"
ERROR - 2016-05-20 08:29:06 --> Could not find the language line "tracker"
ERROR - 2016-05-20 08:29:06 --> Could not find the language line "mynt_feature"
ERROR - 2016-05-20 08:29:06 --> Could not find the language line "home_robot_sdeno"
ERROR - 2016-05-20 08:29:06 --> Could not find the language line "home_sdeno_slogon"
ERROR - 2016-05-20 08:29:06 --> Could not find the language line "mynt_icon_buy"
ERROR - 2016-05-20 08:29:40 --> Could not find the language line "mynt_buy_amazon"
ERROR - 2016-05-20 08:30:36 --> Could not find the language line "mynt_buy_amazon"
ERROR - 2016-05-20 08:36:02 --> Could not find the language line "mynt_buy_amazon"
ERROR - 2016-05-20 08:36:40 --> Could not find the language line "mynt_buy_amazon"
ERROR - 2016-05-20 08:36:54 --> Could not find the language line "mynt_buy_amazon"
ERROR - 2016-05-20 08:37:06 --> Could not find the language line "mynt_buy_taobao"
ERROR - 2016-05-20 08:37:06 --> Could not find the language line "mynt_buy_tmall"
ERROR - 2016-05-20 08:37:06 --> Could not find the language line "mynt_buy_youzan"
ERROR - 2016-05-20 08:37:31 --> Could not find the language line "mynt_buy_taobao"
ERROR - 2016-05-20 08:37:31 --> Could not find the language line "mynt_buy_tmall"
ERROR - 2016-05-20 08:37:31 --> Could not find the language line "mynt_buy_youzan"
ERROR - 2016-05-20 08:37:33 --> Could not find the language line "mynt_buy_taobao"
ERROR - 2016-05-20 08:37:33 --> Could not find the language line "mynt_buy_tmall"
ERROR - 2016-05-20 08:37:33 --> Could not find the language line "mynt_buy_youzan"
ERROR - 2016-05-20 08:37:37 --> Could not find the language line "mynt_buy_amazon"
ERROR - 2016-05-20 08:37:37 --> Could not find the language line "home_sdeno_slide"
ERROR - 2016-05-20 08:37:37 --> Could not find the language line "tracker"
ERROR - 2016-05-20 08:37:37 --> Could not find the language line "mynt_feature"
ERROR - 2016-05-20 08:37:37 --> Could not find the language line "home_robot_sdeno"
ERROR - 2016-05-20 08:37:37 --> Could not find the language line "home_sdeno_slogon"
ERROR - 2016-05-20 08:37:37 --> Could not find the language line "mynt_icon_buy"
ERROR - 2016-05-20 08:37:52 --> Could not find the language line "mynt_buy_amazon"
ERROR - 2016-05-20 08:37:56 --> Could not find the language line "mynt_buy_taobao"
ERROR - 2016-05-20 08:37:56 --> Could not find the language line "mynt_buy_tmall"
ERROR - 2016-05-20 08:37:56 --> Could not find the language line "mynt_buy_youzan"
ERROR - 2016-05-20 08:37:56 --> Could not find the language line "mynt_icon_taobao"
ERROR - 2016-05-20 08:37:56 --> Could not find the language line "mynt_icon_tmall"
ERROR - 2016-05-20 08:37:56 --> Could not find the language line "mynt_icon_youzan"
ERROR - 2016-05-20 08:38:03 --> Could not find the language line "mynt_buy_taobao"
ERROR - 2016-05-20 08:38:03 --> Could not find the language line "mynt_buy_tmall"
ERROR - 2016-05-20 08:38:03 --> Could not find the language line "mynt_buy_youzan"
ERROR - 2016-05-20 08:38:03 --> Could not find the language line "faq_title_5"
ERROR - 2016-05-20 08:38:03 --> Could not find the language line "faq_cont_5"
ERROR - 2016-05-20 08:38:03 --> Could not find the language line "faq_title_6"
ERROR - 2016-05-20 08:38:03 --> Could not find the language line "faq_cont_6"
ERROR - 2016-05-20 08:38:03 --> Could not find the language line "faq_title_7"
ERROR - 2016-05-20 08:38:03 --> Could not find the language line "faq_cont_7"
ERROR - 2016-05-20 08:38:03 --> Could not find the language line "faq_title_8"
ERROR - 2016-05-20 08:38:03 --> Could not find the language line "faq_cont_8"
ERROR - 2016-05-20 08:38:03 --> Could not find the language line "faq_title_9"
ERROR - 2016-05-20 08:38:03 --> Could not find the language line "faq_cont_9"
ERROR - 2016-05-20 08:38:03 --> Could not find the language line "faq_title_10"
ERROR - 2016-05-20 08:38:03 --> Could not find the language line "faq_cont_10"
ERROR - 2016-05-20 08:38:03 --> Could not find the language line "faq_title_11"
ERROR - 2016-05-20 08:38:03 --> Could not find the language line "faq_cont_11"
ERROR - 2016-05-20 08:38:03 --> Could not find the language line "faq_title_12"
ERROR - 2016-05-20 08:38:03 --> Could not find the language line "faq_cont_12"
ERROR - 2016-05-20 08:38:03 --> Could not find the language line "faq_title_13"
ERROR - 2016-05-20 08:38:03 --> Could not find the language line "faq_cont_13"
ERROR - 2016-05-20 08:38:03 --> Could not find the language line "faq_title_14"
ERROR - 2016-05-20 08:38:03 --> Could not find the language line "faq_cont_14"
ERROR - 2016-05-20 08:38:03 --> Could not find the language line "faq_title_15"
ERROR - 2016-05-20 08:38:03 --> Could not find the language line "faq_cont_15"
ERROR - 2016-05-20 08:38:03 --> Could not find the language line "faq_title_16"
ERROR - 2016-05-20 08:38:03 --> Could not find the language line "faq_cont_16"
ERROR - 2016-05-20 08:38:06 --> Could not find the language line "mynt_buy_amazon"
ERROR - 2016-05-20 08:38:06 --> Could not find the language line "home_sdeno_slide"
ERROR - 2016-05-20 08:38:06 --> Could not find the language line "tracker"
ERROR - 2016-05-20 08:38:06 --> Could not find the language line "mynt_feature"
ERROR - 2016-05-20 08:38:06 --> Could not find the language line "home_robot_sdeno"
ERROR - 2016-05-20 08:38:06 --> Could not find the language line "home_sdeno_slogon"
ERROR - 2016-05-20 08:38:06 --> Could not find the language line "mynt_icon_buy"
ERROR - 2016-05-20 08:53:32 --> Could not find the language line "mynt_buy_taobao"
ERROR - 2016-05-20 08:53:32 --> Could not find the language line "mynt_buy_tmall"
ERROR - 2016-05-20 08:53:32 --> Could not find the language line "mynt_buy_youzan"
ERROR - 2016-05-20 08:53:32 --> Could not find the language line "mynt_icon_taobao"
ERROR - 2016-05-20 08:53:32 --> Could not find the language line "mynt_icon_tmall"
ERROR - 2016-05-20 08:53:32 --> Could not find the language line "mynt_icon_youzan"
ERROR - 2016-05-20 08:53:32 --> Session: File 'ci_sessions/ci_session00d9d03db8dadebe6724c0ddbe113dd7e88c3cec' doesn't exist and cannot be created.
ERROR - 2016-05-20 08:59:57 --> Could not find the language line "mynt_buy_taobao"
ERROR - 2016-05-20 08:59:57 --> Could not find the language line "mynt_buy_tmall"
ERROR - 2016-05-20 08:59:57 --> Could not find the language line "mynt_buy_youzan"
ERROR - 2016-05-20 08:59:57 --> Could not find the language line "mynt_icon_taobao"
ERROR - 2016-05-20 08:59:57 --> Could not find the language line "mynt_icon_tmall"
ERROR - 2016-05-20 08:59:57 --> Could not find the language line "mynt_icon_youzan"
ERROR - 2016-05-20 08:59:57 --> Could not find the language line "mynt_jd_detail"
ERROR - 2016-05-20 08:59:57 --> Could not find the language line "to_buy_wd"
ERROR - 2016-05-20 08:59:57 --> Could not find the language line "slightech_wechat"
ERROR - 2016-05-20 08:59:57 --> Could not find the language line "camera_no_lost"
ERROR - 2016-05-20 08:59:57 --> Could not find the language line "key_no_lost"
ERROR - 2016-05-20 08:59:57 --> Could not find the language line "bag_no_lost"
ERROR - 2016-05-20 08:59:57 --> Could not find the language line "computer_no_lost"
ERROR - 2016-05-20 08:59:57 --> Could not find the language line "pet_no_lost"
ERROR - 2016-05-20 08:59:57 --> Could not find the language line "goal"
ERROR - 2016-05-20 08:59:57 --> Could not find the language line "fund_title"
ERROR - 2016-05-20 08:59:57 --> Could not find the language line "fund_intro"
ERROR - 2016-05-20 09:00:22 --> Could not find the language line "mynt_buy_taobao"
ERROR - 2016-05-20 09:00:22 --> Could not find the language line "mynt_buy_tmall"
ERROR - 2016-05-20 09:00:22 --> Could not find the language line "mynt_buy_youzan"
ERROR - 2016-05-20 09:00:25 --> Could not find the language line "mynt_buy_taobao"
ERROR - 2016-05-20 09:00:25 --> Could not find the language line "mynt_buy_tmall"
ERROR - 2016-05-20 09:00:25 --> Could not find the language line "mynt_buy_youzan"
ERROR - 2016-05-20 09:00:25 --> Could not find the language line "mynt_icon_taobao"
ERROR - 2016-05-20 09:00:25 --> Could not find the language line "mynt_icon_tmall"
ERROR - 2016-05-20 09:00:25 --> Could not find the language line "mynt_icon_youzan"
ERROR - 2016-05-20 09:00:25 --> Could not find the language line "mynt_jd_detail"
ERROR - 2016-05-20 09:00:25 --> Could not find the language line "to_buy_wd"
ERROR - 2016-05-20 09:00:25 --> Could not find the language line "slightech_wechat"
ERROR - 2016-05-20 09:00:25 --> Could not find the language line "camera_no_lost"
ERROR - 2016-05-20 09:00:25 --> Could not find the language line "key_no_lost"
ERROR - 2016-05-20 09:00:25 --> Could not find the language line "bag_no_lost"
ERROR - 2016-05-20 09:00:25 --> Could not find the language line "computer_no_lost"
ERROR - 2016-05-20 09:00:25 --> Could not find the language line "pet_no_lost"
ERROR - 2016-05-20 09:00:25 --> Could not find the language line "goal"
ERROR - 2016-05-20 09:00:25 --> Could not find the language line "fund_title"
ERROR - 2016-05-20 09:00:25 --> Could not find the language line "fund_intro"
ERROR - 2016-05-20 09:06:50 --> Could not find the language line "mynt_buy_taobao"
ERROR - 2016-05-20 09:06:50 --> Could not find the language line "mynt_buy_tmall"
ERROR - 2016-05-20 09:06:50 --> Could not find the language line "mynt_buy_youzan"
ERROR - 2016-05-20 09:06:50 --> Could not find the language line "mynt_icon_taobao"
ERROR - 2016-05-20 09:06:50 --> Could not find the language line "mynt_icon_tmall"
ERROR - 2016-05-20 09:06:50 --> Could not find the language line "mynt_icon_youzan"
ERROR - 2016-05-20 09:06:50 --> Could not find the language line "mynt_jd_detail"
ERROR - 2016-05-20 09:06:50 --> Could not find the language line "to_buy_wd"
ERROR - 2016-05-20 09:06:50 --> Could not find the language line "slightech_wechat"
ERROR - 2016-05-20 09:06:50 --> Could not find the language line "camera_no_lost"
ERROR - 2016-05-20 09:06:50 --> Could not find the language line "key_no_lost"
ERROR - 2016-05-20 09:06:50 --> Could not find the language line "bag_no_lost"
ERROR - 2016-05-20 09:06:50 --> Could not find the language line "computer_no_lost"
ERROR - 2016-05-20 09:06:50 --> Could not find the language line "pet_no_lost"
ERROR - 2016-05-20 09:06:50 --> Could not find the language line "goal"
ERROR - 2016-05-20 09:06:50 --> Could not find the language line "fund_title"
ERROR - 2016-05-20 09:06:50 --> Could not find the language line "fund_intro"
ERROR - 2016-05-20 09:06:50 --> Session: File 'ci_sessions/ci_sessionee6d166d51af50b568fea541b8f84740661787bb' doesn't exist and cannot be created.
ERROR - 2016-05-20 09:08:23 --> Could not find the language line "mynt_buy_taobao"
ERROR - 2016-05-20 09:08:23 --> Could not find the language line "mynt_buy_tmall"
ERROR - 2016-05-20 09:08:23 --> Could not find the language line "mynt_buy_youzan"
ERROR - 2016-05-20 09:08:23 --> Could not find the language line "mynt_icon_taobao"
ERROR - 2016-05-20 09:08:23 --> Could not find the language line "mynt_icon_tmall"
ERROR - 2016-05-20 09:08:23 --> Could not find the language line "mynt_icon_youzan"
ERROR - 2016-05-20 09:08:23 --> Could not find the language line "mynt_jd_detail"
ERROR - 2016-05-20 09:08:23 --> Could not find the language line "to_buy_wd"
ERROR - 2016-05-20 09:08:23 --> Could not find the language line "slightech_wechat"
ERROR - 2016-05-20 09:08:23 --> Could not find the language line "camera_no_lost"
ERROR - 2016-05-20 09:08:23 --> Could not find the language line "key_no_lost"
ERROR - 2016-05-20 09:08:23 --> Could not find the language line "bag_no_lost"
ERROR - 2016-05-20 09:08:23 --> Could not find the language line "computer_no_lost"
ERROR - 2016-05-20 09:08:23 --> Could not find the language line "pet_no_lost"
ERROR - 2016-05-20 09:08:23 --> Could not find the language line "goal"
ERROR - 2016-05-20 09:08:23 --> Could not find the language line "fund_title"
ERROR - 2016-05-20 09:08:23 --> Could not find the language line "fund_intro"
ERROR - 2016-05-20 09:13:29 --> Could not find the language line "mynt_buy_taobao"
ERROR - 2016-05-20 09:13:29 --> Could not find the language line "mynt_buy_tmall"
ERROR - 2016-05-20 09:13:29 --> Could not find the language line "mynt_buy_youzan"
ERROR - 2016-05-20 09:13:29 --> Could not find the language line "mynt_icon_taobao"
ERROR - 2016-05-20 09:13:29 --> Could not find the language line "mynt_icon_tmall"
ERROR - 2016-05-20 09:13:29 --> Could not find the language line "mynt_icon_youzan"
ERROR - 2016-05-20 09:13:29 --> Session: File 'ci_sessions/ci_sessioncf125e3044cb34fae37af76ec9e6dedbeac7df1b' doesn't exist and cannot be created.
ERROR - 2016-05-20 09:13:45 --> Could not find the language line "mynt_buy_taobao"
ERROR - 2016-05-20 09:13:45 --> Could not find the language line "mynt_buy_tmall"
ERROR - 2016-05-20 09:13:45 --> Could not find the language line "mynt_buy_youzan"
ERROR - 2016-05-20 09:14:21 --> Could not find the language line "mynt_buy_taobao"
ERROR - 2016-05-20 09:14:21 --> Could not find the language line "mynt_buy_tmall"
ERROR - 2016-05-20 09:14:21 --> Could not find the language line "mynt_buy_youzan"
ERROR - 2016-05-20 09:14:59 --> Could not find the language line "mynt_buy_taobao"
ERROR - 2016-05-20 09:14:59 --> Could not find the language line "mynt_buy_tmall"
ERROR - 2016-05-20 09:14:59 --> Could not find the language line "mynt_buy_youzan"
ERROR - 2016-05-20 09:14:59 --> Could not find the language line "mynt_icon_taobao"
ERROR - 2016-05-20 09:14:59 --> Could not find the language line "mynt_icon_tmall"
ERROR - 2016-05-20 09:14:59 --> Could not find the language line "mynt_icon_youzan"
ERROR - 2016-05-20 09:15:06 --> Could not find the language line "mynt_buy_taobao"
ERROR - 2016-05-20 09:15:06 --> Could not find the language line "mynt_buy_tmall"
ERROR - 2016-05-20 09:15:06 --> Could not find the language line "mynt_buy_youzan"
ERROR - 2016-05-20 09:15:06 --> Could not find the language line "mynt_icon_taobao"
ERROR - 2016-05-20 09:15:06 --> Could not find the language line "mynt_icon_tmall"
ERROR - 2016-05-20 09:15:06 --> Could not find the language line "mynt_icon_youzan"
ERROR - 2016-05-20 09:17:10 --> Could not find the language line "mynt_buy_taobao"
ERROR - 2016-05-20 09:17:10 --> Could not find the language line "mynt_buy_tmall"
ERROR - 2016-05-20 09:17:10 --> Could not find the language line "mynt_buy_youzan"
ERROR - 2016-05-20 09:17:10 --> Could not find the language line "mynt_icon_taobao"
ERROR - 2016-05-20 09:17:10 --> Could not find the language line "mynt_icon_tmall"
ERROR - 2016-05-20 09:17:10 --> Could not find the language line "mynt_icon_youzan"
ERROR - 2016-05-20 09:17:17 --> Could not find the language line "mynt_buy_taobao"
ERROR - 2016-05-20 09:17:17 --> Could not find the language line "mynt_buy_tmall"
ERROR - 2016-05-20 09:17:17 --> Could not find the language line "mynt_buy_youzan"
ERROR - 2016-05-20 09:17:21 --> Could not find the language line "mynt_buy_taobao"
ERROR - 2016-05-20 09:17:21 --> Could not find the language line "mynt_buy_tmall"
ERROR - 2016-05-20 09:17:21 --> Could not find the language line "mynt_buy_youzan"
ERROR - 2016-05-20 09:17:26 --> Could not find the language line "mynt_buy_taobao"
ERROR - 2016-05-20 09:17:26 --> Could not find the language line "mynt_buy_tmall"
ERROR - 2016-05-20 09:17:26 --> Could not find the language line "mynt_buy_youzan"
ERROR - 2016-05-20 09:18:50 --> Could not find the language line "mynt_buy_taobao"
ERROR - 2016-05-20 09:18:50 --> Could not find the language line "mynt_buy_tmall"
ERROR - 2016-05-20 09:18:50 --> Could not find the language line "mynt_buy_youzan"
ERROR - 2016-05-20 09:18:50 --> Session: File 'ci_sessions/ci_sessionbdf05e51f9ebdde48ec36f61bf4d5a9ad20fc147' doesn't exist and cannot be created.
ERROR - 2016-05-20 09:20:14 --> Could not find the language line "mynt_buy_taobao"
ERROR - 2016-05-20 09:20:14 --> Could not find the language line "mynt_buy_tmall"
ERROR - 2016-05-20 09:20:14 --> Could not find the language line "mynt_buy_youzan"
ERROR - 2016-05-20 09:20:14 --> Could not find the language line "mynt_icon_taobao"
ERROR - 2016-05-20 09:20:14 --> Could not find the language line "mynt_icon_tmall"
ERROR - 2016-05-20 09:20:14 --> Could not find the language line "mynt_icon_youzan"
ERROR - 2016-05-20 09:20:14 --> Session: File 'ci_sessions/ci_sessionec40822ecd37c5b6442eb27a1bcd08dcc660aa84' doesn't exist and cannot be created.
ERROR - 2016-05-20 09:20:23 --> Could not find the language line "mynt_buy_taobao"
ERROR - 2016-05-20 09:20:23 --> Could not find the language line "mynt_buy_tmall"
ERROR - 2016-05-20 09:20:23 --> Could not find the language line "mynt_buy_youzan"
ERROR - 2016-05-20 09:20:36 --> Could not find the language line "mynt_buy_taobao"
ERROR - 2016-05-20 09:20:36 --> Could not find the language line "mynt_buy_tmall"
ERROR - 2016-05-20 09:20:36 --> Could not find the language line "mynt_buy_youzan"
ERROR - 2016-05-20 09:20:36 --> Could not find the language line "mynt_icon_taobao"
ERROR - 2016-05-20 09:20:36 --> Could not find the language line "mynt_icon_tmall"
ERROR - 2016-05-20 09:20:36 --> Could not find the language line "mynt_icon_youzan"
ERROR - 2016-05-20 09:20:36 --> Could not find the language line "mynt_jd_detail"
ERROR - 2016-05-20 09:20:36 --> Could not find the language line "to_buy_wd"
ERROR - 2016-05-20 09:20:36 --> Could not find the language line "slightech_wechat"
ERROR - 2016-05-20 09:20:36 --> Could not find the language line "camera_no_lost"
ERROR - 2016-05-20 09:20:36 --> Could not find the language line "key_no_lost"
ERROR - 2016-05-20 09:20:36 --> Could not find the language line "bag_no_lost"
ERROR - 2016-05-20 09:20:36 --> Could not find the language line "computer_no_lost"
ERROR - 2016-05-20 09:20:36 --> Could not find the language line "pet_no_lost"
ERROR - 2016-05-20 09:20:36 --> Could not find the language line "goal"
ERROR - 2016-05-20 09:20:36 --> Could not find the language line "fund_title"
ERROR - 2016-05-20 09:20:36 --> Could not find the language line "fund_intro"
ERROR - 2016-05-20 09:20:36 --> Session: File 'ci_sessions/ci_session49db5e06ee381265ac3d0045ef500bd6eb95943c' doesn't exist and cannot be created.
ERROR - 2016-05-20 09:26:03 --> Could not find the language line "mynt_buy_taobao"
ERROR - 2016-05-20 09:26:03 --> Could not find the language line "mynt_buy_tmall"
ERROR - 2016-05-20 09:26:03 --> Could not find the language line "mynt_buy_youzan"
ERROR - 2016-05-20 09:26:03 --> Could not find the language line "mynt_icon_taobao"
ERROR - 2016-05-20 09:26:03 --> Could not find the language line "mynt_icon_tmall"
ERROR - 2016-05-20 09:26:03 --> Could not find the language line "mynt_icon_youzan"
ERROR - 2016-05-20 09:26:03 --> Could not find the language line "mynt_jd_detail"
ERROR - 2016-05-20 09:26:03 --> Could not find the language line "to_buy_wd"
ERROR - 2016-05-20 09:26:03 --> Could not find the language line "slightech_wechat"
ERROR - 2016-05-20 09:26:03 --> Could not find the language line "camera_no_lost"
ERROR - 2016-05-20 09:26:03 --> Could not find the language line "key_no_lost"
ERROR - 2016-05-20 09:26:03 --> Could not find the language line "bag_no_lost"
ERROR - 2016-05-20 09:26:03 --> Could not find the language line "computer_no_lost"
ERROR - 2016-05-20 09:26:03 --> Could not find the language line "pet_no_lost"
ERROR - 2016-05-20 09:26:03 --> Could not find the language line "goal"
ERROR - 2016-05-20 09:26:03 --> Could not find the language line "fund_title"
ERROR - 2016-05-20 09:26:03 --> Could not find the language line "fund_intro"
ERROR - 2016-05-20 09:32:29 --> Could not find the language line "mynt_buy_taobao"
ERROR - 2016-05-20 09:32:29 --> Could not find the language line "mynt_buy_tmall"
ERROR - 2016-05-20 09:32:29 --> Could not find the language line "mynt_buy_youzan"
ERROR - 2016-05-20 09:32:29 --> Could not find the language line "mynt_icon_taobao"
ERROR - 2016-05-20 09:32:29 --> Could not find the language line "mynt_icon_tmall"
ERROR - 2016-05-20 09:32:29 --> Could not find the language line "mynt_icon_youzan"
ERROR - 2016-05-20 09:32:40 --> Could not find the language line "mynt_buy_taobao"
ERROR - 2016-05-20 09:32:40 --> Could not find the language line "mynt_buy_tmall"
ERROR - 2016-05-20 09:32:40 --> Could not find the language line "mynt_buy_youzan"
ERROR - 2016-05-20 09:32:40 --> Could not find the language line "mynt_icon_taobao"
ERROR - 2016-05-20 09:32:40 --> Could not find the language line "mynt_icon_tmall"
ERROR - 2016-05-20 09:32:40 --> Could not find the language line "mynt_icon_youzan"
ERROR - 2016-05-20 09:34:46 --> Could not find the language line "mynt_buy_taobao"
ERROR - 2016-05-20 09:34:46 --> Could not find the language line "mynt_buy_tmall"
ERROR - 2016-05-20 09:34:46 --> Could not find the language line "mynt_buy_youzan"
ERROR - 2016-05-20 09:34:46 --> Could not find the language line "mynt_icon_taobao"
ERROR - 2016-05-20 09:34:46 --> Could not find the language line "mynt_icon_tmall"
ERROR - 2016-05-20 09:34:46 --> Could not find the language line "mynt_icon_youzan"
ERROR - 2016-05-20 09:35:38 --> Could not find the language line "mynt_buy_taobao"
ERROR - 2016-05-20 09:35:38 --> Could not find the language line "mynt_buy_tmall"
ERROR - 2016-05-20 09:35:38 --> Could not find the language line "mynt_buy_youzan"
ERROR - 2016-05-20 09:35:38 --> Could not find the language line "faq_title_5"
ERROR - 2016-05-20 09:35:38 --> Could not find the language line "faq_cont_5"
ERROR - 2016-05-20 09:35:38 --> Could not find the language line "faq_title_6"
ERROR - 2016-05-20 09:35:38 --> Could not find the language line "faq_cont_6"
ERROR - 2016-05-20 09:35:38 --> Could not find the language line "faq_title_7"
ERROR - 2016-05-20 09:35:38 --> Could not find the language line "faq_cont_7"
ERROR - 2016-05-20 09:35:38 --> Could not find the language line "faq_title_8"
ERROR - 2016-05-20 09:35:38 --> Could not find the language line "faq_cont_8"
ERROR - 2016-05-20 09:35:38 --> Could not find the language line "faq_title_9"
ERROR - 2016-05-20 09:35:38 --> Could not find the language line "faq_cont_9"
ERROR - 2016-05-20 09:35:38 --> Could not find the language line "faq_title_10"
ERROR - 2016-05-20 09:35:38 --> Could not find the language line "faq_cont_10"
ERROR - 2016-05-20 09:35:38 --> Could not find the language line "faq_title_11"
ERROR - 2016-05-20 09:35:38 --> Could not find the language line "faq_cont_11"
ERROR - 2016-05-20 09:35:38 --> Could not find the language line "faq_title_12"
ERROR - 2016-05-20 09:35:38 --> Could not find the language line "faq_cont_12"
ERROR - 2016-05-20 09:35:38 --> Could not find the language line "faq_title_13"
ERROR - 2016-05-20 09:35:38 --> Could not find the language line "faq_cont_13"
ERROR - 2016-05-20 09:35:38 --> Could not find the language line "faq_title_14"
ERROR - 2016-05-20 09:35:38 --> Could not find the language line "faq_cont_14"
ERROR - 2016-05-20 09:35:38 --> Could not find the language line "faq_title_15"
ERROR - 2016-05-20 09:35:38 --> Could not find the language line "faq_cont_15"
ERROR - 2016-05-20 09:35:38 --> Could not find the language line "faq_title_16"
ERROR - 2016-05-20 09:35:38 --> Could not find the language line "faq_cont_16"
ERROR - 2016-05-20 09:38:02 --> Could not find the language line "mynt_buy_taobao"
ERROR - 2016-05-20 09:38:02 --> Could not find the language line "mynt_buy_tmall"
ERROR - 2016-05-20 09:38:02 --> Could not find the language line "mynt_buy_youzan"
ERROR - 2016-05-20 09:38:02 --> Could not find the language line "faq_title_5"
ERROR - 2016-05-20 09:38:02 --> Could not find the language line "faq_cont_5"
ERROR - 2016-05-20 09:38:02 --> Could not find the language line "faq_title_6"
ERROR - 2016-05-20 09:38:02 --> Could not find the language line "faq_cont_6"
ERROR - 2016-05-20 09:38:02 --> Could not find the language line "faq_title_7"
ERROR - 2016-05-20 09:38:02 --> Could not find the language line "faq_cont_7"
ERROR - 2016-05-20 09:38:02 --> Could not find the language line "faq_title_8"
ERROR - 2016-05-20 09:38:02 --> Could not find the language line "faq_cont_8"
ERROR - 2016-05-20 09:38:02 --> Could not find the language line "faq_title_9"
ERROR - 2016-05-20 09:38:02 --> Could not find the language line "faq_cont_9"
ERROR - 2016-05-20 09:38:02 --> Could not find the language line "faq_title_10"
ERROR - 2016-05-20 09:38:02 --> Could not find the language line "faq_cont_10"
ERROR - 2016-05-20 09:38:02 --> Could not find the language line "faq_title_11"
ERROR - 2016-05-20 09:38:02 --> Could not find the language line "faq_cont_11"
ERROR - 2016-05-20 09:38:02 --> Could not find the language line "faq_title_12"
ERROR - 2016-05-20 09:38:02 --> Could not find the language line "faq_cont_12"
ERROR - 2016-05-20 09:38:02 --> Could not find the language line "faq_title_13"
ERROR - 2016-05-20 09:38:02 --> Could not find the language line "faq_cont_13"
ERROR - 2016-05-20 09:38:02 --> Could not find the language line "faq_title_14"
ERROR - 2016-05-20 09:38:02 --> Could not find the language line "faq_cont_14"
ERROR - 2016-05-20 09:38:02 --> Could not find the language line "faq_title_15"
ERROR - 2016-05-20 09:38:02 --> Could not find the language line "faq_cont_15"
ERROR - 2016-05-20 09:38:02 --> Could not find the language line "faq_title_16"
ERROR - 2016-05-20 09:38:02 --> Could not find the language line "faq_cont_16"
ERROR - 2016-05-20 09:38:02 --> Session: File 'ci_sessions/ci_session923486cbe4c4f5e562919228a41fc603a46fe2c1' doesn't exist and cannot be created.
ERROR - 2016-05-20 09:38:11 --> Could not find the language line "mynt_buy_taobao"
ERROR - 2016-05-20 09:38:11 --> Could not find the language line "mynt_buy_tmall"
ERROR - 2016-05-20 09:38:11 --> Could not find the language line "mynt_buy_youzan"
ERROR - 2016-05-20 09:38:11 --> Could not find the language line "faq_title_5"
ERROR - 2016-05-20 09:38:11 --> Could not find the language line "faq_cont_5"
ERROR - 2016-05-20 09:38:11 --> Could not find the language line "faq_title_6"
ERROR - 2016-05-20 09:38:11 --> Could not find the language line "faq_cont_6"
ERROR - 2016-05-20 09:38:11 --> Could not find the language line "faq_title_7"
ERROR - 2016-05-20 09:38:11 --> Could not find the language line "faq_cont_7"
ERROR - 2016-05-20 09:38:11 --> Could not find the language line "faq_title_8"
ERROR - 2016-05-20 09:38:11 --> Could not find the language line "faq_cont_8"
ERROR - 2016-05-20 09:38:11 --> Could not find the language line "faq_title_9"
ERROR - 2016-05-20 09:38:11 --> Could not find the language line "faq_cont_9"
ERROR - 2016-05-20 09:38:11 --> Could not find the language line "faq_title_10"
ERROR - 2016-05-20 09:38:11 --> Could not find the language line "faq_cont_10"
ERROR - 2016-05-20 09:38:11 --> Could not find the language line "faq_title_11"
ERROR - 2016-05-20 09:38:11 --> Could not find the language line "faq_cont_11"
ERROR - 2016-05-20 09:38:11 --> Could not find the language line "faq_title_12"
ERROR - 2016-05-20 09:38:11 --> Could not find the language line "faq_cont_12"
ERROR - 2016-05-20 09:38:11 --> Could not find the language line "faq_title_13"
ERROR - 2016-05-20 09:38:11 --> Could not find the language line "faq_cont_13"
ERROR - 2016-05-20 09:38:11 --> Could not find the language line "faq_title_14"
ERROR - 2016-05-20 09:38:11 --> Could not find the language line "faq_cont_14"
ERROR - 2016-05-20 09:38:11 --> Could not find the language line "faq_title_15"
ERROR - 2016-05-20 09:38:11 --> Could not find the language line "faq_cont_15"
ERROR - 2016-05-20 09:38:11 --> Could not find the language line "faq_title_16"
ERROR - 2016-05-20 09:38:11 --> Could not find the language line "faq_cont_16"
ERROR - 2016-05-20 09:38:38 --> Could not find the language line "mynt_buy_taobao"
ERROR - 2016-05-20 09:38:38 --> Could not find the language line "mynt_buy_tmall"
ERROR - 2016-05-20 09:38:38 --> Could not find the language line "mynt_buy_youzan"
ERROR - 2016-05-20 09:38:38 --> Could not find the language line "faq_title_5"
ERROR - 2016-05-20 09:38:38 --> Could not find the language line "faq_cont_5"
ERROR - 2016-05-20 09:38:38 --> Could not find the language line "faq_title_6"
ERROR - 2016-05-20 09:38:38 --> Could not find the language line "faq_cont_6"
ERROR - 2016-05-20 09:38:38 --> Could not find the language line "faq_title_7"
ERROR - 2016-05-20 09:38:38 --> Could not find the language line "faq_cont_7"
ERROR - 2016-05-20 09:38:38 --> Could not find the language line "faq_title_8"
ERROR - 2016-05-20 09:38:38 --> Could not find the language line "faq_cont_8"
ERROR - 2016-05-20 09:38:38 --> Could not find the language line "faq_title_9"
ERROR - 2016-05-20 09:38:38 --> Could not find the language line "faq_cont_9"
ERROR - 2016-05-20 09:38:38 --> Could not find the language line "faq_title_10"
ERROR - 2016-05-20 09:38:38 --> Could not find the language line "faq_cont_10"
ERROR - 2016-05-20 09:38:38 --> Could not find the language line "faq_title_11"
ERROR - 2016-05-20 09:38:38 --> Could not find the language line "faq_cont_11"
ERROR - 2016-05-20 09:38:38 --> Could not find the language line "faq_title_12"
ERROR - 2016-05-20 09:38:38 --> Could not find the language line "faq_cont_12"
ERROR - 2016-05-20 09:38:38 --> Could not find the language line "faq_title_13"
ERROR - 2016-05-20 09:38:38 --> Could not find the language line "faq_cont_13"
ERROR - 2016-05-20 09:38:38 --> Could not find the language line "faq_title_14"
ERROR - 2016-05-20 09:38:38 --> Could not find the language line "faq_cont_14"
ERROR - 2016-05-20 09:38:38 --> Could not find the language line "faq_title_15"
ERROR - 2016-05-20 09:38:38 --> Could not find the language line "faq_cont_15"
ERROR - 2016-05-20 09:38:38 --> Could not find the language line "faq_title_16"
ERROR - 2016-05-20 09:38:38 --> Could not find the language line "faq_cont_16"
ERROR - 2016-05-20 09:39:57 --> Could not find the language line "mynt_buy_taobao"
ERROR - 2016-05-20 09:39:57 --> Could not find the language line "mynt_buy_tmall"
ERROR - 2016-05-20 09:39:57 --> Could not find the language line "mynt_buy_youzan"
ERROR - 2016-05-20 09:39:58 --> Could not find the language line "mynt_buy_taobao"
ERROR - 2016-05-20 09:39:58 --> Could not find the language line "mynt_buy_tmall"
ERROR - 2016-05-20 09:39:58 --> Could not find the language line "mynt_buy_youzan"
ERROR - 2016-05-20 09:44:49 --> Could not find the language line "mynt_buy_taobao"
ERROR - 2016-05-20 09:44:49 --> Could not find the language line "mynt_buy_tmall"
ERROR - 2016-05-20 09:44:49 --> Could not find the language line "mynt_buy_youzan"
ERROR - 2016-05-20 09:45:34 --> Could not find the language line "mynt_buy_taobao"
ERROR - 2016-05-20 09:45:34 --> Could not find the language line "mynt_buy_tmall"
ERROR - 2016-05-20 09:45:34 --> Could not find the language line "mynt_buy_youzan"
ERROR - 2016-05-20 09:46:43 --> Could not find the language line "mynt_buy_taobao"
ERROR - 2016-05-20 09:46:43 --> Could not find the language line "mynt_buy_tmall"
ERROR - 2016-05-20 09:46:43 --> Could not find the language line "mynt_buy_youzan"
ERROR - 2016-05-20 09:47:33 --> Could not find the language line "mynt_buy_taobao"
ERROR - 2016-05-20 09:47:33 --> Could not find the language line "mynt_buy_tmall"
ERROR - 2016-05-20 09:47:33 --> Could not find the language line "mynt_buy_youzan"
ERROR - 2016-05-20 09:47:36 --> Could not find the language line "mynt_buy_taobao"
ERROR - 2016-05-20 09:47:36 --> Could not find the language line "mynt_buy_tmall"
ERROR - 2016-05-20 09:47:36 --> Could not find the language line "mynt_buy_youzan"
ERROR - 2016-05-20 09:48:13 --> Could not find the language line "mynt_buy_amazon"
ERROR - 2016-05-20 09:48:13 --> Could not find the language line "mynt_icon_buy"
ERROR - 2016-05-20 09:48:13 --> Could not find the language line "mynt_buy_link_kick"
ERROR - 2016-05-20 09:48:13 --> Session: File 'ci_sessions/ci_sessiond8aac0ad28b2b1d968726b849187e3ff6173b78d' doesn't exist and cannot be created.
ERROR - 2016-05-20 09:48:52 --> Could not find the language line "mynt_buy_amazon"
ERROR - 2016-05-20 09:48:52 --> Could not find the language line "home_sdeno_slide"
ERROR - 2016-05-20 09:48:52 --> Could not find the language line "tracker"
ERROR - 2016-05-20 09:48:52 --> Could not find the language line "mynt_feature"
ERROR - 2016-05-20 09:48:52 --> Could not find the language line "home_robot_sdeno"
ERROR - 2016-05-20 09:48:52 --> Could not find the language line "home_sdeno_slogon"
ERROR - 2016-05-20 09:48:52 --> Could not find the language line "mynt_icon_buy"
ERROR - 2016-05-20 09:49:08 --> Could not find the language line "mynt_buy_taobao"
ERROR - 2016-05-20 09:49:08 --> Could not find the language line "mynt_buy_tmall"
ERROR - 2016-05-20 09:49:08 --> Could not find the language line "mynt_buy_youzan"
ERROR - 2016-05-20 09:49:08 --> Could not find the language line "mynt_icon_taobao"
ERROR - 2016-05-20 09:49:08 --> Could not find the language line "mynt_icon_tmall"
ERROR - 2016-05-20 09:49:08 --> Could not find the language line "mynt_icon_youzan"
ERROR - 2016-05-20 10:03:53 --> Could not find the language line "mynt_buy_amazon"
ERROR - 2016-05-20 10:03:53 --> Could not find the language line "mynt_icon_buy"
ERROR - 2016-05-20 10:03:53 --> Could not find the language line "mynt_buy_link_kick"
ERROR - 2016-05-20 15:54:54 --> Could not find the language line "mynt_buy_taobao"
ERROR - 2016-05-20 15:54:54 --> Could not find the language line "mynt_buy_tmall"
ERROR - 2016-05-20 15:54:54 --> Could not find the language line "mynt_buy_youzan"
ERROR - 2016-05-20 15:54:54 --> Could not find the language line "mynt_icon_taobao"
ERROR - 2016-05-20 15:54:54 --> Could not find the language line "mynt_icon_tmall"
ERROR - 2016-05-20 15:54:54 --> Could not find the language line "mynt_icon_youzan"
ERROR - 2016-05-20 15:55:08 --> Could not find the language line "mynt_buy_amazon"
ERROR - 2016-05-20 15:55:08 --> Could not find the language line "home_sdeno_slide"
ERROR - 2016-05-20 15:55:08 --> Could not find the language line "tracker"
ERROR - 2016-05-20 15:55:08 --> Could not find the language line "mynt_feature"
ERROR - 2016-05-20 15:55:08 --> Could not find the language line "home_robot_sdeno"
ERROR - 2016-05-20 15:55:08 --> Could not find the language line "home_sdeno_slogon"
ERROR - 2016-05-20 15:55:08 --> Could not find the language line "mynt_icon_buy"
