ERROR - 2017-07-12 06:07:12 --> Could not find the language line "mynt_buy_taobao"
ERROR - 2017-07-12 06:07:12 --> Could not find the language line "mynt_buy_tmall"
ERROR - 2017-07-12 06:07:12 --> Could not find the language line "mynt_buy_jd"
ERROR - 2017-07-12 06:20:51 --> Could not find the language line "mynt_buy_taobao"
ERROR - 2017-07-12 06:20:51 --> Could not find the language line "mynt_buy_tmall"
ERROR - 2017-07-12 06:20:51 --> Could not find the language line "mynt_buy_jd"
ERROR - 2017-07-12 06:21:16 --> Could not find the language line "mynt_buy_taobao"
ERROR - 2017-07-12 06:21:16 --> Could not find the language line "mynt_buy_tmall"
ERROR - 2017-07-12 06:21:16 --> Could not find the language line "mynt_buy_jd"
ERROR - 2017-07-12 06:38:23 --> Could not find the language line "mynt_buy_taobao"
ERROR - 2017-07-12 06:38:23 --> Could not find the language line "mynt_buy_tmall"
ERROR - 2017-07-12 06:38:23 --> Could not find the language line "mynt_buy_jd"
ERROR - 2017-07-12 06:39:10 --> Could not find the language line "mynt_buy_taobao"
ERROR - 2017-07-12 06:39:10 --> Could not find the language line "mynt_buy_tmall"
ERROR - 2017-07-12 06:39:10 --> Could not find the language line "mynt_buy_jd"
ERROR - 2017-07-12 06:42:26 --> Could not find the language line "mynt_buy_taobao"
ERROR - 2017-07-12 06:42:26 --> Could not find the language line "mynt_buy_tmall"
ERROR - 2017-07-12 06:42:26 --> Could not find the language line "mynt_buy_jd"
ERROR - 2017-07-12 06:42:41 --> Could not find the language line "mynt_buy_taobao"
ERROR - 2017-07-12 06:42:41 --> Could not find the language line "mynt_buy_tmall"
ERROR - 2017-07-12 06:42:41 --> Could not find the language line "mynt_buy_jd"
ERROR - 2017-07-12 06:43:28 --> Could not find the language line "mynt_buy_taobao"
ERROR - 2017-07-12 06:43:28 --> Could not find the language line "mynt_buy_tmall"
ERROR - 2017-07-12 06:43:28 --> Could not find the language line "mynt_buy_jd"
ERROR - 2017-07-12 06:43:39 --> Could not find the language line "mynt_buy_taobao"
ERROR - 2017-07-12 06:43:39 --> Could not find the language line "mynt_buy_tmall"
ERROR - 2017-07-12 06:43:39 --> Could not find the language line "mynt_buy_jd"
ERROR - 2017-07-12 06:43:47 --> Could not find the language line "mynt_buy_taobao"
ERROR - 2017-07-12 06:43:47 --> Could not find the language line "mynt_buy_tmall"
ERROR - 2017-07-12 06:43:47 --> Could not find the language line "mynt_buy_jd"
ERROR - 2017-07-12 06:45:22 --> Could not find the language line "mynt_buy_taobao"
ERROR - 2017-07-12 06:45:22 --> Could not find the language line "mynt_buy_tmall"
ERROR - 2017-07-12 06:45:22 --> Could not find the language line "mynt_buy_jd"
ERROR - 2017-07-12 06:45:43 --> Could not find the language line "mynt_buy_taobao"
ERROR - 2017-07-12 06:45:43 --> Could not find the language line "mynt_buy_tmall"
ERROR - 2017-07-12 06:45:43 --> Could not find the language line "mynt_buy_jd"
ERROR - 2017-07-12 06:46:09 --> Could not find the language line "mynt_buy_taobao"
ERROR - 2017-07-12 06:46:09 --> Could not find the language line "mynt_buy_tmall"
ERROR - 2017-07-12 06:46:09 --> Could not find the language line "mynt_buy_jd"
ERROR - 2017-07-12 06:50:29 --> Could not find the language line "mynt_buy_taobao"
ERROR - 2017-07-12 06:50:29 --> Could not find the language line "mynt_buy_tmall"
ERROR - 2017-07-12 06:50:29 --> Could not find the language line "mynt_buy_jd"
ERROR - 2017-07-12 06:51:30 --> Could not find the language line "mynt_buy_taobao"
ERROR - 2017-07-12 06:51:30 --> Could not find the language line "mynt_buy_tmall"
ERROR - 2017-07-12 06:51:30 --> Could not find the language line "mynt_buy_jd"
ERROR - 2017-07-12 06:51:50 --> Could not find the language line "mynt_buy_taobao"
ERROR - 2017-07-12 06:51:50 --> Could not find the language line "mynt_buy_tmall"
ERROR - 2017-07-12 06:51:50 --> Could not find the language line "mynt_buy_jd"
ERROR - 2017-07-12 12:14:53 --> Could not find the language line "mynt_buy_taobao"
ERROR - 2017-07-12 12:14:53 --> Could not find the language line "mynt_buy_tmall"
ERROR - 2017-07-12 12:14:53 --> Could not find the language line "mynt_buy_jd"
ERROR - 2017-07-12 12:14:53 --> Could not find the language line "home_cloud_title"
ERROR - 2017-07-12 12:14:53 --> Could not find the language line "home_cloud_intro"
ERROR - 2017-07-12 12:14:53 --> Could not find the language line "mynt_icon_taobao"
ERROR - 2017-07-12 12:14:53 --> Could not find the language line "mynt_icon_tmall"
ERROR - 2017-07-12 12:14:53 --> Could not find the language line "mynt_icon_youzan"
ERROR - 2017-07-12 12:14:53 --> Could not find the language line "mynt_buy_taobao"
ERROR - 2017-07-12 12:14:53 --> Could not find the language line "mynt_buy_tmall"
ERROR - 2017-07-12 12:14:53 --> Could not find the language line "mynt_buy_jd"
ERROR - 2017-07-12 12:14:59 --> Could not find the language line "mynt_buy_taobao"
ERROR - 2017-07-12 12:14:59 --> Could not find the language line "mynt_buy_tmall"
ERROR - 2017-07-12 12:14:59 --> Could not find the language line "mynt_buy_jd"
ERROR - 2017-07-12 12:14:59 --> Could not find the language line "home_cloud_title"
ERROR - 2017-07-12 12:14:59 --> Could not find the language line "home_cloud_intro"
ERROR - 2017-07-12 12:14:59 --> Could not find the language line "mynt_icon_taobao"
ERROR - 2017-07-12 12:14:59 --> Could not find the language line "mynt_icon_tmall"
ERROR - 2017-07-12 12:14:59 --> Could not find the language line "mynt_icon_youzan"
ERROR - 2017-07-12 12:14:59 --> Could not find the language line "mynt_buy_taobao"
ERROR - 2017-07-12 12:14:59 --> Could not find the language line "mynt_buy_tmall"
ERROR - 2017-07-12 12:14:59 --> Could not find the language line "mynt_buy_jd"
ERROR - 2017-07-12 12:15:00 --> Could not find the language line "mynt_buy_taobao"
ERROR - 2017-07-12 12:15:00 --> Could not find the language line "mynt_buy_tmall"
ERROR - 2017-07-12 12:15:00 --> Could not find the language line "mynt_buy_jd"
ERROR - 2017-07-12 12:15:00 --> Could not find the language line "home_cloud_title"
ERROR - 2017-07-12 12:15:00 --> Could not find the language line "home_cloud_intro"
ERROR - 2017-07-12 12:15:00 --> Could not find the language line "mynt_icon_taobao"
ERROR - 2017-07-12 12:15:00 --> Could not find the language line "mynt_icon_tmall"
ERROR - 2017-07-12 12:15:00 --> Could not find the language line "mynt_icon_youzan"
ERROR - 2017-07-12 12:15:00 --> Could not find the language line "mynt_buy_taobao"
ERROR - 2017-07-12 12:15:00 --> Could not find the language line "mynt_buy_tmall"
ERROR - 2017-07-12 12:15:00 --> Could not find the language line "mynt_buy_jd"
ERROR - 2017-07-12 12:15:01 --> Could not find the language line "mynt_buy_taobao"
ERROR - 2017-07-12 12:15:01 --> Could not find the language line "mynt_buy_tmall"
ERROR - 2017-07-12 12:15:01 --> Could not find the language line "mynt_buy_jd"
ERROR - 2017-07-12 12:15:07 --> Could not find the language line "mynt_buy_taobao"
ERROR - 2017-07-12 12:15:07 --> Could not find the language line "mynt_buy_tmall"
ERROR - 2017-07-12 12:15:07 --> Could not find the language line "mynt_buy_jd"
ERROR - 2017-07-12 12:15:08 --> Could not find the language line "mynt_buy_taobao"
ERROR - 2017-07-12 12:15:08 --> Could not find the language line "mynt_buy_tmall"
ERROR - 2017-07-12 12:15:08 --> Could not find the language line "mynt_buy_jd"
ERROR - 2017-07-12 12:15:08 --> Could not find the language line "home_cloud_title"
ERROR - 2017-07-12 12:15:08 --> Could not find the language line "home_cloud_intro"
ERROR - 2017-07-12 12:15:08 --> Could not find the language line "mynt_icon_taobao"
ERROR - 2017-07-12 12:15:08 --> Could not find the language line "mynt_icon_tmall"
ERROR - 2017-07-12 12:15:08 --> Could not find the language line "mynt_icon_youzan"
ERROR - 2017-07-12 12:15:08 --> Could not find the language line "mynt_buy_taobao"
ERROR - 2017-07-12 12:15:08 --> Could not find the language line "mynt_buy_tmall"
ERROR - 2017-07-12 12:15:08 --> Could not find the language line "mynt_buy_jd"
ERROR - 2017-07-12 15:13:57 --> Could not find the language line "mynt_buy_taobao"
ERROR - 2017-07-12 15:13:57 --> Could not find the language line "mynt_buy_tmall"
ERROR - 2017-07-12 15:13:57 --> Could not find the language line "mynt_buy_jd"
ERROR - 2017-07-12 15:14:04 --> Could not find the language line "mynt_buy_taobao"
ERROR - 2017-07-12 15:14:04 --> Could not find the language line "mynt_buy_tmall"
ERROR - 2017-07-12 15:14:04 --> Could not find the language line "mynt_buy_jd"
ERROR - 2017-07-12 15:14:04 --> Could not find the language line "home_cloud_title"
ERROR - 2017-07-12 15:14:04 --> Could not find the language line "home_cloud_intro"
ERROR - 2017-07-12 15:14:04 --> Could not find the language line "mynt_icon_taobao"
ERROR - 2017-07-12 15:14:04 --> Could not find the language line "mynt_icon_tmall"
ERROR - 2017-07-12 15:14:04 --> Could not find the language line "mynt_icon_youzan"
ERROR - 2017-07-12 15:14:04 --> Could not find the language line "mynt_buy_taobao"
ERROR - 2017-07-12 15:14:04 --> Could not find the language line "mynt_buy_tmall"
ERROR - 2017-07-12 15:14:04 --> Could not find the language line "mynt_buy_jd"
ERROR - 2017-07-12 15:23:01 --> Could not find the language line "mynt_buy_taobao"
ERROR - 2017-07-12 15:23:01 --> Could not find the language line "mynt_buy_tmall"
ERROR - 2017-07-12 15:23:01 --> Could not find the language line "mynt_buy_jd"
ERROR - 2017-07-12 15:23:12 --> Could not find the language line "mynt_buy_taobao"
ERROR - 2017-07-12 15:23:12 --> Could not find the language line "mynt_buy_tmall"
ERROR - 2017-07-12 15:23:12 --> Could not find the language line "mynt_buy_jd"
ERROR - 2017-07-12 15:23:18 --> Could not find the language line "mynt_buy_taobao"
ERROR - 2017-07-12 15:23:18 --> Could not find the language line "mynt_buy_tmall"
ERROR - 2017-07-12 15:23:18 --> Could not find the language line "mynt_buy_jd"
ERROR - 2017-07-12 15:23:30 --> Could not find the language line "mynt_buy_taobao"
ERROR - 2017-07-12 15:23:30 --> Could not find the language line "mynt_buy_tmall"
ERROR - 2017-07-12 15:23:30 --> Could not find the language line "mynt_buy_jd"
ERROR - 2017-07-12 15:23:34 --> Could not find the language line "mynt_buy_taobao"
ERROR - 2017-07-12 15:23:34 --> Could not find the language line "mynt_buy_tmall"
ERROR - 2017-07-12 15:23:34 --> Could not find the language line "mynt_buy_jd"
