ERROR - 2016-05-25 06:37:12 --> Could not find the language line "mynt_buy_taobao"
ERROR - 2016-05-25 06:37:12 --> Could not find the language line "mynt_buy_tmall"
ERROR - 2016-05-25 06:37:12 --> Could not find the language line "mynt_buy_youzan"
ERROR - 2016-05-25 06:37:12 --> Could not find the language line "home_cloud_title"
ERROR - 2016-05-25 06:37:12 --> Could not find the language line "home_cloud_intro"
ERROR - 2016-05-25 06:37:12 --> Could not find the language line "mynt_icon_taobao"
ERROR - 2016-05-25 06:37:12 --> Could not find the language line "mynt_icon_tmall"
ERROR - 2016-05-25 06:37:12 --> Could not find the language line "mynt_icon_youzan"
ERROR - 2016-05-25 06:37:20 --> Could not find the language line "mynt_buy_amazon"
ERROR - 2016-05-25 06:37:20 --> Could not find the language line "home_slife_title"
ERROR - 2016-05-25 06:37:20 --> Could not find the language line "home_cloud_title"
ERROR - 2016-05-25 06:37:20 --> Could not find the language line "home_cloud_intro"
ERROR - 2016-05-25 06:37:20 --> Could not find the language line "mynt_icon_buy"
ERROR - 2016-05-25 06:41:36 --> Could not find the language line "mynt_buy_taobao"
ERROR - 2016-05-25 06:41:36 --> Could not find the language line "mynt_buy_tmall"
ERROR - 2016-05-25 06:41:36 --> Could not find the language line "mynt_buy_youzan"
ERROR - 2016-05-25 06:43:50 --> Could not find the language line "mynt_buy_amazon"
ERROR - 2016-05-25 06:50:25 --> Could not find the language line "mynt_buy_amazon"
ERROR - 2016-05-25 06:50:25 --> Could not find the language line "home_slife_title"
ERROR - 2016-05-25 06:50:25 --> Could not find the language line "home_cloud_title"
ERROR - 2016-05-25 06:50:25 --> Could not find the language line "home_cloud_intro"
ERROR - 2016-05-25 06:50:25 --> Could not find the language line "mynt_icon_buy"
ERROR - 2016-05-25 06:50:25 --> Session: File 'ci_sessions/ci_sessiondd3ec3961fc057302ce74c02dbba847f855c1ca3' doesn't exist and cannot be created.
ERROR - 2016-05-25 06:50:42 --> Could not find the language line "mynt_buy_amazon"
ERROR - 2016-05-25 06:50:42 --> Could not find the language line "home_slife_title"
ERROR - 2016-05-25 06:50:42 --> Could not find the language line "home_cloud_title"
ERROR - 2016-05-25 06:50:42 --> Could not find the language line "home_cloud_intro"
ERROR - 2016-05-25 06:50:42 --> Could not find the language line "mynt_icon_buy"
ERROR - 2016-05-25 06:55:37 --> Could not find the language line "mynt_buy_amazon"
ERROR - 2016-05-25 06:55:37 --> Could not find the language line "home_slife_title"
ERROR - 2016-05-25 06:55:37 --> Could not find the language line "home_cloud_title"
ERROR - 2016-05-25 06:55:37 --> Could not find the language line "home_cloud_intro"
ERROR - 2016-05-25 06:55:37 --> Could not find the language line "mynt_icon_buy"
ERROR - 2016-05-25 06:56:25 --> Could not find the language line "mynt_buy_amazon"
ERROR - 2016-05-25 06:56:25 --> Could not find the language line "home_slife_title"
ERROR - 2016-05-25 06:56:25 --> Could not find the language line "home_cloud_title"
ERROR - 2016-05-25 06:56:25 --> Could not find the language line "home_cloud_intro"
ERROR - 2016-05-25 06:56:25 --> Could not find the language line "mynt_icon_buy"
ERROR - 2016-05-25 06:56:25 --> Session: File 'ci_sessions/ci_session7e5d534a058f186f1cda86d7282625c827abc2c3' doesn't exist and cannot be created.
ERROR - 2016-05-25 06:56:33 --> Could not find the language line "mynt_buy_amazon"
ERROR - 2016-05-25 06:56:35 --> Could not find the language line "mynt_buy_amazon"
ERROR - 2016-05-25 06:56:38 --> Could not find the language line "mynt_buy_amazon"
ERROR - 2016-05-25 06:56:40 --> Could not find the language line "mynt_buy_amazon"
ERROR - 2016-05-25 06:56:43 --> Could not find the language line "mynt_buy_amazon"
ERROR - 2016-05-25 06:57:05 --> Could not find the language line "mynt_buy_amazon"
ERROR - 2016-05-25 06:57:13 --> Could not find the language line "mynt_buy_taobao"
ERROR - 2016-05-25 06:57:13 --> Could not find the language line "mynt_buy_tmall"
ERROR - 2016-05-25 06:57:13 --> Could not find the language line "mynt_buy_youzan"
ERROR - 2016-05-25 06:57:36 --> Could not find the language line "mynt_buy_taobao"
ERROR - 2016-05-25 06:57:36 --> Could not find the language line "mynt_buy_tmall"
ERROR - 2016-05-25 06:57:36 --> Could not find the language line "mynt_buy_youzan"
ERROR - 2016-05-25 06:57:36 --> Could not find the language line "home_cloud_title"
ERROR - 2016-05-25 06:57:36 --> Could not find the language line "home_cloud_intro"
ERROR - 2016-05-25 06:57:36 --> Could not find the language line "mynt_icon_taobao"
ERROR - 2016-05-25 06:57:36 --> Could not find the language line "mynt_icon_tmall"
ERROR - 2016-05-25 06:57:36 --> Could not find the language line "mynt_icon_youzan"
ERROR - 2016-05-25 06:58:44 --> Could not find the language line "mynt_buy_taobao"
ERROR - 2016-05-25 06:58:44 --> Could not find the language line "mynt_buy_tmall"
ERROR - 2016-05-25 06:58:44 --> Could not find the language line "mynt_buy_youzan"
ERROR - 2016-05-25 06:58:44 --> Could not find the language line "home_cloud_title"
ERROR - 2016-05-25 06:58:44 --> Could not find the language line "home_cloud_intro"
ERROR - 2016-05-25 06:58:44 --> Could not find the language line "mynt_icon_taobao"
ERROR - 2016-05-25 06:58:44 --> Could not find the language line "mynt_icon_tmall"
ERROR - 2016-05-25 06:58:44 --> Could not find the language line "mynt_icon_youzan"
ERROR - 2016-05-25 07:15:23 --> Could not find the language line "mynt_buy_taobao"
ERROR - 2016-05-25 07:15:23 --> Could not find the language line "mynt_buy_tmall"
ERROR - 2016-05-25 07:15:23 --> Could not find the language line "mynt_buy_youzan"
ERROR - 2016-05-25 07:15:23 --> Could not find the language line "home_cloud_title"
ERROR - 2016-05-25 07:15:23 --> Could not find the language line "home_cloud_intro"
ERROR - 2016-05-25 07:15:23 --> Could not find the language line "mynt_icon_taobao"
ERROR - 2016-05-25 07:15:23 --> Could not find the language line "mynt_icon_tmall"
ERROR - 2016-05-25 07:15:23 --> Could not find the language line "mynt_icon_youzan"
ERROR - 2016-05-25 07:15:23 --> Session: File 'ci_sessions/ci_session8aa84bc8cf7dbbbf32d51604774d61155a03faba' doesn't exist and cannot be created.
ERROR - 2016-05-25 07:15:39 --> Could not find the language line "mynt_buy_taobao"
ERROR - 2016-05-25 07:15:39 --> Could not find the language line "mynt_buy_tmall"
ERROR - 2016-05-25 07:15:39 --> Could not find the language line "mynt_buy_youzan"
ERROR - 2016-05-25 07:15:39 --> Could not find the language line "faq_title_5"
ERROR - 2016-05-25 07:15:39 --> Could not find the language line "faq_cont_5"
ERROR - 2016-05-25 07:15:39 --> Could not find the language line "faq_title_6"
ERROR - 2016-05-25 07:15:39 --> Could not find the language line "faq_cont_6"
ERROR - 2016-05-25 07:15:39 --> Could not find the language line "faq_title_7"
ERROR - 2016-05-25 07:15:39 --> Could not find the language line "faq_cont_7"
ERROR - 2016-05-25 07:15:39 --> Could not find the language line "faq_title_8"
ERROR - 2016-05-25 07:15:39 --> Could not find the language line "faq_cont_8"
ERROR - 2016-05-25 07:15:39 --> Could not find the language line "faq_title_9"
ERROR - 2016-05-25 07:15:39 --> Could not find the language line "faq_cont_9"
ERROR - 2016-05-25 07:15:39 --> Could not find the language line "faq_title_10"
ERROR - 2016-05-25 07:15:39 --> Could not find the language line "faq_cont_10"
ERROR - 2016-05-25 07:15:39 --> Could not find the language line "faq_title_11"
ERROR - 2016-05-25 07:15:39 --> Could not find the language line "faq_cont_11"
ERROR - 2016-05-25 07:15:39 --> Could not find the language line "faq_title_12"
ERROR - 2016-05-25 07:15:39 --> Could not find the language line "faq_cont_12"
ERROR - 2016-05-25 07:15:39 --> Could not find the language line "faq_title_13"
ERROR - 2016-05-25 07:15:39 --> Could not find the language line "faq_cont_13"
ERROR - 2016-05-25 07:15:39 --> Could not find the language line "faq_title_14"
ERROR - 2016-05-25 07:15:39 --> Could not find the language line "faq_cont_14"
ERROR - 2016-05-25 07:15:39 --> Could not find the language line "faq_title_15"
ERROR - 2016-05-25 07:15:39 --> Could not find the language line "faq_cont_15"
ERROR - 2016-05-25 07:15:39 --> Could not find the language line "faq_title_16"
ERROR - 2016-05-25 07:15:39 --> Could not find the language line "faq_cont_16"
ERROR - 2016-05-25 07:20:32 --> Could not find the language line "mynt_buy_taobao"
ERROR - 2016-05-25 07:20:32 --> Could not find the language line "mynt_buy_tmall"
ERROR - 2016-05-25 07:20:32 --> Could not find the language line "mynt_buy_youzan"
ERROR - 2016-05-25 07:20:32 --> Could not find the language line "faq_title_5"
ERROR - 2016-05-25 07:20:32 --> Could not find the language line "faq_cont_5"
ERROR - 2016-05-25 07:20:32 --> Could not find the language line "faq_title_6"
ERROR - 2016-05-25 07:20:32 --> Could not find the language line "faq_cont_6"
ERROR - 2016-05-25 07:20:32 --> Could not find the language line "faq_title_7"
ERROR - 2016-05-25 07:20:32 --> Could not find the language line "faq_cont_7"
ERROR - 2016-05-25 07:20:32 --> Could not find the language line "faq_title_8"
ERROR - 2016-05-25 07:20:32 --> Could not find the language line "faq_cont_8"
ERROR - 2016-05-25 07:20:32 --> Could not find the language line "faq_title_9"
ERROR - 2016-05-25 07:20:32 --> Could not find the language line "faq_cont_9"
ERROR - 2016-05-25 07:20:32 --> Could not find the language line "faq_title_10"
ERROR - 2016-05-25 07:20:32 --> Could not find the language line "faq_cont_10"
ERROR - 2016-05-25 07:20:32 --> Could not find the language line "faq_title_11"
ERROR - 2016-05-25 07:20:32 --> Could not find the language line "faq_cont_11"
ERROR - 2016-05-25 07:20:32 --> Could not find the language line "faq_title_12"
ERROR - 2016-05-25 07:20:32 --> Could not find the language line "faq_cont_12"
ERROR - 2016-05-25 07:20:32 --> Could not find the language line "faq_title_13"
ERROR - 2016-05-25 07:20:32 --> Could not find the language line "faq_cont_13"
ERROR - 2016-05-25 07:20:32 --> Could not find the language line "faq_title_14"
ERROR - 2016-05-25 07:20:32 --> Could not find the language line "faq_cont_14"
ERROR - 2016-05-25 07:20:32 --> Could not find the language line "faq_title_15"
ERROR - 2016-05-25 07:20:32 --> Could not find the language line "faq_cont_15"
ERROR - 2016-05-25 07:20:32 --> Could not find the language line "faq_title_16"
ERROR - 2016-05-25 07:20:32 --> Could not find the language line "faq_cont_16"
ERROR - 2016-05-25 07:22:19 --> Could not find the language line "mynt_buy_taobao"
ERROR - 2016-05-25 07:22:19 --> Could not find the language line "mynt_buy_tmall"
ERROR - 2016-05-25 07:22:19 --> Could not find the language line "mynt_buy_youzan"
ERROR - 2016-05-25 07:22:19 --> Could not find the language line "faq_title_5"
ERROR - 2016-05-25 07:22:19 --> Could not find the language line "faq_cont_5"
ERROR - 2016-05-25 07:22:19 --> Could not find the language line "faq_title_6"
ERROR - 2016-05-25 07:22:19 --> Could not find the language line "faq_cont_6"
ERROR - 2016-05-25 07:22:19 --> Could not find the language line "faq_title_7"
ERROR - 2016-05-25 07:22:19 --> Could not find the language line "faq_cont_7"
ERROR - 2016-05-25 07:22:19 --> Could not find the language line "faq_title_8"
ERROR - 2016-05-25 07:22:19 --> Could not find the language line "faq_cont_8"
ERROR - 2016-05-25 07:22:19 --> Could not find the language line "faq_title_9"
ERROR - 2016-05-25 07:22:19 --> Could not find the language line "faq_cont_9"
ERROR - 2016-05-25 07:22:19 --> Could not find the language line "faq_title_10"
ERROR - 2016-05-25 07:22:19 --> Could not find the language line "faq_cont_10"
ERROR - 2016-05-25 07:22:19 --> Could not find the language line "faq_title_11"
ERROR - 2016-05-25 07:22:19 --> Could not find the language line "faq_cont_11"
ERROR - 2016-05-25 07:22:19 --> Could not find the language line "faq_title_12"
ERROR - 2016-05-25 07:22:19 --> Could not find the language line "faq_cont_12"
ERROR - 2016-05-25 07:22:19 --> Could not find the language line "faq_title_13"
ERROR - 2016-05-25 07:22:19 --> Could not find the language line "faq_cont_13"
ERROR - 2016-05-25 07:22:19 --> Could not find the language line "faq_title_14"
ERROR - 2016-05-25 07:22:19 --> Could not find the language line "faq_cont_14"
ERROR - 2016-05-25 07:22:19 --> Could not find the language line "faq_title_15"
ERROR - 2016-05-25 07:22:19 --> Could not find the language line "faq_cont_15"
ERROR - 2016-05-25 07:22:19 --> Could not find the language line "faq_title_16"
ERROR - 2016-05-25 07:22:19 --> Could not find the language line "faq_cont_16"
ERROR - 2016-05-25 07:22:19 --> Session: File 'ci_sessions/ci_session90dbbfc999ea1209db2e4a4ba2af8dfd6d545dae' doesn't exist and cannot be created.
ERROR - 2016-05-25 08:07:32 --> Could not find the language line "mynt_buy_amazon"
ERROR - 2016-05-25 08:07:32 --> Could not find the language line "home_slife_title"
ERROR - 2016-05-25 08:07:32 --> Could not find the language line "home_cloud_title"
ERROR - 2016-05-25 08:07:32 --> Could not find the language line "home_cloud_intro"
ERROR - 2016-05-25 08:07:32 --> Could not find the language line "mynt_icon_buy"
ERROR - 2016-05-25 08:17:30 --> Could not find the language line "mynt_buy_amazon"
ERROR - 2016-05-25 08:17:30 --> Could not find the language line "home_slife_title"
ERROR - 2016-05-25 08:17:30 --> Could not find the language line "home_cloud_title"
ERROR - 2016-05-25 08:17:30 --> Could not find the language line "home_cloud_intro"
ERROR - 2016-05-25 08:17:30 --> Could not find the language line "mynt_icon_buy"
ERROR - 2016-05-25 08:17:30 --> Session: File 'ci_sessions/ci_sessionf5a5edb4ee7fa3591ac77c0705a8dc498acdc73f' doesn't exist and cannot be created.
ERROR - 2016-05-25 08:18:54 --> Could not find the language line "mynt_buy_amazon"
ERROR - 2016-05-25 08:18:54 --> Could not find the language line "home_slife_title"
ERROR - 2016-05-25 08:18:54 --> Could not find the language line "home_cloud_title"
ERROR - 2016-05-25 08:18:54 --> Could not find the language line "home_cloud_intro"
ERROR - 2016-05-25 08:18:54 --> Could not find the language line "mynt_icon_buy"
ERROR - 2016-05-25 09:34:10 --> Could not find the language line "mynt_buy_amazon"
ERROR - 2016-05-25 09:34:10 --> Could not find the language line "mynt_icon_buy"
ERROR - 2016-05-25 09:34:10 --> Could not find the language line "mynt_buy_link_kick"
ERROR - 2016-05-25 09:35:01 --> Could not find the language line "mynt_buy_amazon"
ERROR - 2016-05-25 09:35:01 --> Could not find the language line "mynt_icon_buy"
ERROR - 2016-05-25 09:35:01 --> Could not find the language line "mynt_buy_link_kick"
ERROR - 2016-05-25 09:48:43 --> Could not find the language line "mynt_buy_amazon"
ERROR - 2016-05-25 09:48:43 --> Could not find the language line "home_slife_title"
ERROR - 2016-05-25 09:48:43 --> Could not find the language line "home_cloud_title"
ERROR - 2016-05-25 09:48:43 --> Could not find the language line "home_cloud_intro"
ERROR - 2016-05-25 09:48:43 --> Could not find the language line "mynt_icon_buy"
ERROR - 2016-05-25 09:48:43 --> Session: File 'ci_sessions/ci_session24251d7d59706966f04c3b4ff4a41c8122f79f51' doesn't exist and cannot be created.
ERROR - 2016-05-25 09:49:41 --> Could not find the language line "mynt_buy_amazon"
ERROR - 2016-05-25 09:49:41 --> Could not find the language line "home_slife_title"
ERROR - 2016-05-25 09:49:41 --> Could not find the language line "home_cloud_title"
ERROR - 2016-05-25 09:49:41 --> Could not find the language line "home_cloud_intro"
ERROR - 2016-05-25 09:49:41 --> Could not find the language line "mynt_icon_buy"
ERROR - 2016-05-25 09:50:10 --> Could not find the language line "mynt_buy_amazon"
ERROR - 2016-05-25 09:50:10 --> Could not find the language line "home_slife_title"
ERROR - 2016-05-25 09:50:10 --> Could not find the language line "home_cloud_title"
ERROR - 2016-05-25 09:50:10 --> Could not find the language line "home_cloud_intro"
ERROR - 2016-05-25 09:50:10 --> Could not find the language line "mynt_icon_buy"
ERROR - 2016-05-25 09:50:11 --> Could not find the language line "mynt_buy_amazon"
ERROR - 2016-05-25 09:50:11 --> Could not find the language line "home_slife_title"
ERROR - 2016-05-25 09:50:11 --> Could not find the language line "home_cloud_title"
ERROR - 2016-05-25 09:50:11 --> Could not find the language line "home_cloud_intro"
ERROR - 2016-05-25 09:50:11 --> Could not find the language line "mynt_icon_buy"
ERROR - 2016-05-25 09:50:11 --> Could not find the language line "mynt_buy_amazon"
ERROR - 2016-05-25 09:50:11 --> Could not find the language line "home_slife_title"
ERROR - 2016-05-25 09:50:11 --> Could not find the language line "home_cloud_title"
ERROR - 2016-05-25 09:50:11 --> Could not find the language line "home_cloud_intro"
ERROR - 2016-05-25 09:50:11 --> Could not find the language line "mynt_icon_buy"
ERROR - 2016-05-25 09:50:11 --> Could not find the language line "mynt_buy_amazon"
ERROR - 2016-05-25 09:50:11 --> Could not find the language line "home_slife_title"
ERROR - 2016-05-25 09:50:11 --> Could not find the language line "home_cloud_title"
ERROR - 2016-05-25 09:50:11 --> Could not find the language line "home_cloud_intro"
ERROR - 2016-05-25 09:50:11 --> Could not find the language line "mynt_icon_buy"
ERROR - 2016-05-25 09:50:11 --> Could not find the language line "mynt_buy_amazon"
ERROR - 2016-05-25 09:50:11 --> Could not find the language line "home_slife_title"
ERROR - 2016-05-25 09:50:11 --> Could not find the language line "home_cloud_title"
ERROR - 2016-05-25 09:50:11 --> Could not find the language line "home_cloud_intro"
ERROR - 2016-05-25 09:50:11 --> Could not find the language line "mynt_icon_buy"
ERROR - 2016-05-25 09:50:12 --> Could not find the language line "mynt_buy_amazon"
ERROR - 2016-05-25 09:50:12 --> Could not find the language line "home_slife_title"
ERROR - 2016-05-25 09:50:12 --> Could not find the language line "home_cloud_title"
ERROR - 2016-05-25 09:50:12 --> Could not find the language line "home_cloud_intro"
ERROR - 2016-05-25 09:50:12 --> Could not find the language line "mynt_icon_buy"
ERROR - 2016-05-25 09:50:14 --> Could not find the language line "mynt_buy_amazon"
ERROR - 2016-05-25 09:50:14 --> Could not find the language line "home_slife_title"
ERROR - 2016-05-25 09:50:14 --> Could not find the language line "home_cloud_title"
ERROR - 2016-05-25 09:50:14 --> Could not find the language line "home_cloud_intro"
ERROR - 2016-05-25 09:50:14 --> Could not find the language line "mynt_icon_buy"
ERROR - 2016-05-25 09:50:14 --> Could not find the language line "mynt_buy_amazon"
ERROR - 2016-05-25 09:50:14 --> Could not find the language line "home_slife_title"
ERROR - 2016-05-25 09:50:14 --> Could not find the language line "home_cloud_title"
ERROR - 2016-05-25 09:50:14 --> Could not find the language line "home_cloud_intro"
ERROR - 2016-05-25 09:50:14 --> Could not find the language line "mynt_icon_buy"
ERROR - 2016-05-25 09:50:15 --> Could not find the language line "mynt_buy_amazon"
ERROR - 2016-05-25 09:50:15 --> Could not find the language line "home_slife_title"
ERROR - 2016-05-25 09:50:15 --> Could not find the language line "home_cloud_title"
ERROR - 2016-05-25 09:50:15 --> Could not find the language line "home_cloud_intro"
ERROR - 2016-05-25 09:50:15 --> Could not find the language line "mynt_icon_buy"
ERROR - 2016-05-25 09:50:15 --> Could not find the language line "mynt_buy_amazon"
ERROR - 2016-05-25 09:50:15 --> Could not find the language line "home_slife_title"
ERROR - 2016-05-25 09:50:15 --> Could not find the language line "home_cloud_title"
ERROR - 2016-05-25 09:50:15 --> Could not find the language line "home_cloud_intro"
ERROR - 2016-05-25 09:50:15 --> Could not find the language line "mynt_icon_buy"
ERROR - 2016-05-25 09:50:15 --> Could not find the language line "mynt_buy_amazon"
ERROR - 2016-05-25 09:50:15 --> Could not find the language line "home_slife_title"
ERROR - 2016-05-25 09:50:15 --> Could not find the language line "home_cloud_title"
ERROR - 2016-05-25 09:50:15 --> Could not find the language line "home_cloud_intro"
ERROR - 2016-05-25 09:50:15 --> Could not find the language line "mynt_icon_buy"
ERROR - 2016-05-25 09:54:55 --> Could not find the language line "mynt_buy_taobao"
ERROR - 2016-05-25 09:54:55 --> Could not find the language line "mynt_buy_tmall"
ERROR - 2016-05-25 09:54:55 --> Could not find the language line "mynt_buy_youzan"
ERROR - 2016-05-25 09:54:55 --> Could not find the language line "home_cloud_title"
ERROR - 2016-05-25 09:54:55 --> Could not find the language line "home_cloud_intro"
ERROR - 2016-05-25 09:54:55 --> Could not find the language line "mynt_icon_taobao"
ERROR - 2016-05-25 09:54:55 --> Could not find the language line "mynt_icon_tmall"
ERROR - 2016-05-25 09:54:55 --> Could not find the language line "mynt_icon_youzan"
ERROR - 2016-05-25 09:54:55 --> Session: File 'ci_sessions/ci_sessionc54cf37fb22dbaf9b076231a37b3f723092bca25' doesn't exist and cannot be created.
ERROR - 2016-05-25 09:55:01 --> Could not find the language line "mynt_buy_taobao"
ERROR - 2016-05-25 09:55:01 --> Could not find the language line "mynt_buy_tmall"
ERROR - 2016-05-25 09:55:01 --> Could not find the language line "mynt_buy_youzan"
ERROR - 2016-05-25 09:55:01 --> Could not find the language line "home_cloud_title"
ERROR - 2016-05-25 09:55:01 --> Could not find the language line "home_cloud_intro"
ERROR - 2016-05-25 09:55:01 --> Could not find the language line "mynt_icon_taobao"
ERROR - 2016-05-25 09:55:01 --> Could not find the language line "mynt_icon_tmall"
ERROR - 2016-05-25 09:55:01 --> Could not find the language line "mynt_icon_youzan"
ERROR - 2016-05-25 09:55:54 --> Could not find the language line "mynt_buy_taobao"
ERROR - 2016-05-25 09:55:54 --> Could not find the language line "mynt_buy_tmall"
ERROR - 2016-05-25 09:55:54 --> Could not find the language line "mynt_buy_youzan"
ERROR - 2016-05-25 09:55:54 --> Could not find the language line "home_cloud_title"
ERROR - 2016-05-25 09:55:54 --> Could not find the language line "home_cloud_intro"
ERROR - 2016-05-25 09:55:54 --> Could not find the language line "mynt_icon_taobao"
ERROR - 2016-05-25 09:55:54 --> Could not find the language line "mynt_icon_tmall"
ERROR - 2016-05-25 09:55:54 --> Could not find the language line "mynt_icon_youzan"
ERROR - 2016-05-25 09:56:21 --> Could not find the language line "mynt_buy_taobao"
ERROR - 2016-05-25 09:56:21 --> Could not find the language line "mynt_buy_tmall"
ERROR - 2016-05-25 09:56:21 --> Could not find the language line "mynt_buy_youzan"
ERROR - 2016-05-25 09:56:21 --> Could not find the language line "home_cloud_title"
ERROR - 2016-05-25 09:56:21 --> Could not find the language line "home_cloud_intro"
ERROR - 2016-05-25 09:56:21 --> Could not find the language line "mynt_icon_taobao"
ERROR - 2016-05-25 09:56:21 --> Could not find the language line "mynt_icon_tmall"
ERROR - 2016-05-25 09:56:21 --> Could not find the language line "mynt_icon_youzan"
ERROR - 2016-05-25 09:56:34 --> Could not find the language line "mynt_buy_taobao"
ERROR - 2016-05-25 09:56:34 --> Could not find the language line "mynt_buy_tmall"
ERROR - 2016-05-25 09:56:34 --> Could not find the language line "mynt_buy_youzan"
ERROR - 2016-05-25 09:56:34 --> Could not find the language line "home_cloud_title"
ERROR - 2016-05-25 09:56:34 --> Could not find the language line "home_cloud_intro"
ERROR - 2016-05-25 09:56:34 --> Could not find the language line "mynt_icon_taobao"
ERROR - 2016-05-25 09:56:34 --> Could not find the language line "mynt_icon_tmall"
ERROR - 2016-05-25 09:56:34 --> Could not find the language line "mynt_icon_youzan"
ERROR - 2016-05-25 09:56:52 --> Could not find the language line "mynt_buy_taobao"
ERROR - 2016-05-25 09:56:52 --> Could not find the language line "mynt_buy_tmall"
ERROR - 2016-05-25 09:56:52 --> Could not find the language line "mynt_buy_youzan"
ERROR - 2016-05-25 09:56:52 --> Could not find the language line "home_cloud_title"
ERROR - 2016-05-25 09:56:52 --> Could not find the language line "home_cloud_intro"
ERROR - 2016-05-25 09:56:52 --> Could not find the language line "mynt_icon_taobao"
ERROR - 2016-05-25 09:56:52 --> Could not find the language line "mynt_icon_tmall"
ERROR - 2016-05-25 09:56:52 --> Could not find the language line "mynt_icon_youzan"
ERROR - 2016-05-25 09:57:02 --> Could not find the language line "mynt_buy_taobao"
ERROR - 2016-05-25 09:57:02 --> Could not find the language line "mynt_buy_tmall"
ERROR - 2016-05-25 09:57:02 --> Could not find the language line "mynt_buy_youzan"
ERROR - 2016-05-25 09:57:02 --> Could not find the language line "home_cloud_title"
ERROR - 2016-05-25 09:57:02 --> Could not find the language line "home_cloud_intro"
ERROR - 2016-05-25 09:57:02 --> Could not find the language line "mynt_icon_taobao"
ERROR - 2016-05-25 09:57:02 --> Could not find the language line "mynt_icon_tmall"
ERROR - 2016-05-25 09:57:02 --> Could not find the language line "mynt_icon_youzan"
ERROR - 2016-05-25 09:57:18 --> Could not find the language line "mynt_buy_taobao"
ERROR - 2016-05-25 09:57:18 --> Could not find the language line "mynt_buy_tmall"
ERROR - 2016-05-25 09:57:18 --> Could not find the language line "mynt_buy_youzan"
ERROR - 2016-05-25 09:57:18 --> Could not find the language line "home_cloud_title"
ERROR - 2016-05-25 09:57:18 --> Could not find the language line "home_cloud_intro"
ERROR - 2016-05-25 09:57:18 --> Could not find the language line "mynt_icon_taobao"
ERROR - 2016-05-25 09:57:18 --> Could not find the language line "mynt_icon_tmall"
ERROR - 2016-05-25 09:57:18 --> Could not find the language line "mynt_icon_youzan"
ERROR - 2016-05-25 09:57:29 --> Could not find the language line "mynt_buy_taobao"
ERROR - 2016-05-25 09:57:29 --> Could not find the language line "mynt_buy_tmall"
ERROR - 2016-05-25 09:57:29 --> Could not find the language line "mynt_buy_youzan"
ERROR - 2016-05-25 09:57:29 --> Could not find the language line "home_cloud_title"
ERROR - 2016-05-25 09:57:29 --> Could not find the language line "home_cloud_intro"
ERROR - 2016-05-25 09:57:29 --> Could not find the language line "mynt_icon_taobao"
ERROR - 2016-05-25 09:57:29 --> Could not find the language line "mynt_icon_tmall"
ERROR - 2016-05-25 09:57:29 --> Could not find the language line "mynt_icon_youzan"
ERROR - 2016-05-25 09:57:39 --> Could not find the language line "mynt_buy_taobao"
ERROR - 2016-05-25 09:57:39 --> Could not find the language line "mynt_buy_tmall"
ERROR - 2016-05-25 09:57:39 --> Could not find the language line "mynt_buy_youzan"
ERROR - 2016-05-25 09:57:39 --> Could not find the language line "home_cloud_title"
ERROR - 2016-05-25 09:57:39 --> Could not find the language line "home_cloud_intro"
ERROR - 2016-05-25 09:57:39 --> Could not find the language line "mynt_icon_taobao"
ERROR - 2016-05-25 09:57:39 --> Could not find the language line "mynt_icon_tmall"
ERROR - 2016-05-25 09:57:39 --> Could not find the language line "mynt_icon_youzan"
ERROR - 2016-05-25 09:57:49 --> Could not find the language line "mynt_buy_taobao"
ERROR - 2016-05-25 09:57:49 --> Could not find the language line "mynt_buy_tmall"
ERROR - 2016-05-25 09:57:49 --> Could not find the language line "mynt_buy_youzan"
ERROR - 2016-05-25 09:57:49 --> Could not find the language line "home_cloud_title"
ERROR - 2016-05-25 09:57:49 --> Could not find the language line "home_cloud_intro"
ERROR - 2016-05-25 09:57:49 --> Could not find the language line "mynt_icon_taobao"
ERROR - 2016-05-25 09:57:49 --> Could not find the language line "mynt_icon_tmall"
ERROR - 2016-05-25 09:57:49 --> Could not find the language line "mynt_icon_youzan"
ERROR - 2016-05-25 09:58:07 --> Could not find the language line "mynt_buy_taobao"
ERROR - 2016-05-25 09:58:07 --> Could not find the language line "mynt_buy_tmall"
ERROR - 2016-05-25 09:58:07 --> Could not find the language line "mynt_buy_youzan"
ERROR - 2016-05-25 09:58:07 --> Could not find the language line "home_cloud_title"
ERROR - 2016-05-25 09:58:07 --> Could not find the language line "home_cloud_intro"
ERROR - 2016-05-25 09:58:07 --> Could not find the language line "mynt_icon_taobao"
ERROR - 2016-05-25 09:58:07 --> Could not find the language line "mynt_icon_tmall"
ERROR - 2016-05-25 09:58:07 --> Could not find the language line "mynt_icon_youzan"
ERROR - 2016-05-25 09:58:49 --> Could not find the language line "mynt_buy_taobao"
ERROR - 2016-05-25 09:58:49 --> Could not find the language line "mynt_buy_tmall"
ERROR - 2016-05-25 09:58:49 --> Could not find the language line "mynt_buy_youzan"
ERROR - 2016-05-25 09:58:49 --> Could not find the language line "home_cloud_title"
ERROR - 2016-05-25 09:58:49 --> Could not find the language line "home_cloud_intro"
ERROR - 2016-05-25 09:58:49 --> Could not find the language line "mynt_icon_taobao"
ERROR - 2016-05-25 09:58:49 --> Could not find the language line "mynt_icon_tmall"
ERROR - 2016-05-25 09:58:49 --> Could not find the language line "mynt_icon_youzan"
ERROR - 2016-05-25 10:01:20 --> Could not find the language line "mynt_buy_taobao"
ERROR - 2016-05-25 10:01:20 --> Could not find the language line "mynt_buy_tmall"
ERROR - 2016-05-25 10:01:20 --> Could not find the language line "mynt_buy_youzan"
ERROR - 2016-05-25 10:01:20 --> Could not find the language line "home_cloud_title"
ERROR - 2016-05-25 10:01:20 --> Could not find the language line "home_cloud_intro"
ERROR - 2016-05-25 10:01:20 --> Could not find the language line "mynt_icon_taobao"
ERROR - 2016-05-25 10:01:20 --> Could not find the language line "mynt_icon_tmall"
ERROR - 2016-05-25 10:01:20 --> Could not find the language line "mynt_icon_youzan"
ERROR - 2016-05-25 10:01:20 --> Session: File 'ci_sessions/ci_sessione22c7011b6dd0b57f624c8744b09148ee219c3ae' doesn't exist and cannot be created.
ERROR - 2016-05-25 10:01:45 --> Could not find the language line "mynt_buy_taobao"
ERROR - 2016-05-25 10:01:45 --> Could not find the language line "mynt_buy_tmall"
ERROR - 2016-05-25 10:01:45 --> Could not find the language line "mynt_buy_youzan"
ERROR - 2016-05-25 10:01:45 --> Could not find the language line "home_cloud_title"
ERROR - 2016-05-25 10:01:45 --> Could not find the language line "home_cloud_intro"
ERROR - 2016-05-25 10:01:45 --> Could not find the language line "mynt_icon_taobao"
ERROR - 2016-05-25 10:01:45 --> Could not find the language line "mynt_icon_tmall"
ERROR - 2016-05-25 10:01:45 --> Could not find the language line "mynt_icon_youzan"
ERROR - 2016-05-25 10:07:14 --> Could not find the language line "mynt_buy_taobao"
ERROR - 2016-05-25 10:07:14 --> Could not find the language line "mynt_buy_tmall"
ERROR - 2016-05-25 10:07:14 --> Could not find the language line "mynt_buy_youzan"
ERROR - 2016-05-25 10:07:14 --> Could not find the language line "home_cloud_title"
ERROR - 2016-05-25 10:07:14 --> Could not find the language line "home_cloud_intro"
ERROR - 2016-05-25 10:07:14 --> Could not find the language line "mynt_icon_taobao"
ERROR - 2016-05-25 10:07:14 --> Could not find the language line "mynt_icon_tmall"
ERROR - 2016-05-25 10:07:14 --> Could not find the language line "mynt_icon_youzan"
ERROR - 2016-05-25 10:07:14 --> Session: File 'ci_sessions/ci_session8f1c4a095245c31e1355b4e50601cab950818e16' doesn't exist and cannot be created.
ERROR - 2016-05-25 10:07:52 --> Could not find the language line "mynt_buy_taobao"
ERROR - 2016-05-25 10:07:52 --> Could not find the language line "mynt_buy_tmall"
ERROR - 2016-05-25 10:07:52 --> Could not find the language line "mynt_buy_youzan"
ERROR - 2016-05-25 10:07:52 --> Could not find the language line "home_cloud_title"
ERROR - 2016-05-25 10:07:52 --> Could not find the language line "home_cloud_intro"
ERROR - 2016-05-25 10:07:52 --> Could not find the language line "mynt_icon_taobao"
ERROR - 2016-05-25 10:07:52 --> Could not find the language line "mynt_icon_tmall"
ERROR - 2016-05-25 10:07:52 --> Could not find the language line "mynt_icon_youzan"
ERROR - 2016-05-25 10:08:15 --> Could not find the language line "mynt_buy_taobao"
ERROR - 2016-05-25 10:08:15 --> Could not find the language line "mynt_buy_tmall"
ERROR - 2016-05-25 10:08:15 --> Could not find the language line "mynt_buy_youzan"
ERROR - 2016-05-25 10:08:15 --> Could not find the language line "home_cloud_title"
ERROR - 2016-05-25 10:08:15 --> Could not find the language line "home_cloud_intro"
ERROR - 2016-05-25 10:08:15 --> Could not find the language line "mynt_icon_taobao"
ERROR - 2016-05-25 10:08:15 --> Could not find the language line "mynt_icon_tmall"
ERROR - 2016-05-25 10:08:15 --> Could not find the language line "mynt_icon_youzan"
ERROR - 2016-05-25 10:08:35 --> Could not find the language line "mynt_buy_taobao"
ERROR - 2016-05-25 10:08:35 --> Could not find the language line "mynt_buy_tmall"
ERROR - 2016-05-25 10:08:35 --> Could not find the language line "mynt_buy_youzan"
ERROR - 2016-05-25 10:08:35 --> Could not find the language line "home_cloud_title"
ERROR - 2016-05-25 10:08:35 --> Could not find the language line "home_cloud_intro"
ERROR - 2016-05-25 10:08:35 --> Could not find the language line "mynt_icon_taobao"
ERROR - 2016-05-25 10:08:35 --> Could not find the language line "mynt_icon_tmall"
ERROR - 2016-05-25 10:08:35 --> Could not find the language line "mynt_icon_youzan"
ERROR - 2016-05-25 10:11:40 --> Could not find the language line "mynt_buy_taobao"
ERROR - 2016-05-25 10:11:40 --> Could not find the language line "mynt_buy_tmall"
ERROR - 2016-05-25 10:11:40 --> Could not find the language line "mynt_buy_youzan"
ERROR - 2016-05-25 10:11:40 --> Could not find the language line "home_cloud_title"
ERROR - 2016-05-25 10:11:40 --> Could not find the language line "home_cloud_intro"
ERROR - 2016-05-25 10:11:40 --> Could not find the language line "mynt_icon_taobao"
ERROR - 2016-05-25 10:11:40 --> Could not find the language line "mynt_icon_tmall"
ERROR - 2016-05-25 10:11:40 --> Could not find the language line "mynt_icon_youzan"
ERROR - 2016-05-25 10:14:23 --> Could not find the language line "mynt_buy_taobao"
ERROR - 2016-05-25 10:14:23 --> Could not find the language line "mynt_buy_tmall"
ERROR - 2016-05-25 10:14:23 --> Could not find the language line "mynt_buy_youzan"
ERROR - 2016-05-25 10:14:23 --> Could not find the language line "home_cloud_title"
ERROR - 2016-05-25 10:14:23 --> Could not find the language line "home_cloud_intro"
ERROR - 2016-05-25 10:14:23 --> Could not find the language line "mynt_icon_taobao"
ERROR - 2016-05-25 10:14:23 --> Could not find the language line "mynt_icon_tmall"
ERROR - 2016-05-25 10:14:23 --> Could not find the language line "mynt_icon_youzan"
ERROR - 2016-05-25 10:14:23 --> Session: File 'ci_sessions/ci_session97d58a842e6d28069c8724c018afd9a5deaf307e' doesn't exist and cannot be created.
ERROR - 2016-05-25 10:14:52 --> Could not find the language line "mynt_buy_taobao"
ERROR - 2016-05-25 10:14:52 --> Could not find the language line "mynt_buy_tmall"
ERROR - 2016-05-25 10:14:52 --> Could not find the language line "mynt_buy_youzan"
ERROR - 2016-05-25 10:14:52 --> Could not find the language line "home_cloud_title"
ERROR - 2016-05-25 10:14:52 --> Could not find the language line "home_cloud_intro"
ERROR - 2016-05-25 10:14:52 --> Could not find the language line "mynt_icon_taobao"
ERROR - 2016-05-25 10:14:52 --> Could not find the language line "mynt_icon_tmall"
ERROR - 2016-05-25 10:14:52 --> Could not find the language line "mynt_icon_youzan"
ERROR - 2016-05-25 10:15:54 --> Could not find the language line "mynt_buy_taobao"
ERROR - 2016-05-25 10:15:54 --> Could not find the language line "mynt_buy_tmall"
ERROR - 2016-05-25 10:15:54 --> Could not find the language line "mynt_buy_youzan"
ERROR - 2016-05-25 10:15:54 --> Could not find the language line "home_cloud_title"
ERROR - 2016-05-25 10:15:54 --> Could not find the language line "home_cloud_intro"
ERROR - 2016-05-25 10:15:54 --> Could not find the language line "mynt_icon_taobao"
ERROR - 2016-05-25 10:15:54 --> Could not find the language line "mynt_icon_tmall"
ERROR - 2016-05-25 10:15:54 --> Could not find the language line "mynt_icon_youzan"
ERROR - 2016-05-25 10:16:52 --> Could not find the language line "mynt_buy_taobao"
ERROR - 2016-05-25 10:16:52 --> Could not find the language line "mynt_buy_tmall"
ERROR - 2016-05-25 10:16:52 --> Could not find the language line "mynt_buy_youzan"
ERROR - 2016-05-25 10:16:52 --> Could not find the language line "home_cloud_title"
ERROR - 2016-05-25 10:16:52 --> Could not find the language line "home_cloud_intro"
ERROR - 2016-05-25 10:16:52 --> Could not find the language line "mynt_icon_taobao"
ERROR - 2016-05-25 10:16:52 --> Could not find the language line "mynt_icon_tmall"
ERROR - 2016-05-25 10:16:52 --> Could not find the language line "mynt_icon_youzan"
ERROR - 2016-05-25 10:20:56 --> Could not find the language line "mynt_buy_taobao"
ERROR - 2016-05-25 10:20:56 --> Could not find the language line "mynt_buy_tmall"
ERROR - 2016-05-25 10:20:56 --> Could not find the language line "mynt_buy_youzan"
ERROR - 2016-05-25 10:20:56 --> Could not find the language line "home_cloud_title"
ERROR - 2016-05-25 10:20:56 --> Could not find the language line "home_cloud_intro"
ERROR - 2016-05-25 10:20:56 --> Could not find the language line "mynt_icon_taobao"
ERROR - 2016-05-25 10:20:56 --> Could not find the language line "mynt_icon_tmall"
ERROR - 2016-05-25 10:20:56 --> Could not find the language line "mynt_icon_youzan"
ERROR - 2016-05-25 10:20:56 --> Session: File 'ci_sessions/ci_sessiond26666e4b887caa35e5b3e8ed72b5e695fc883e9' doesn't exist and cannot be created.
ERROR - 2016-05-25 10:21:43 --> Could not find the language line "mynt_buy_taobao"
ERROR - 2016-05-25 10:21:43 --> Could not find the language line "mynt_buy_tmall"
ERROR - 2016-05-25 10:21:43 --> Could not find the language line "mynt_buy_youzan"
ERROR - 2016-05-25 10:21:43 --> Could not find the language line "home_cloud_title"
ERROR - 2016-05-25 10:21:43 --> Could not find the language line "home_cloud_intro"
ERROR - 2016-05-25 10:21:43 --> Could not find the language line "mynt_icon_taobao"
ERROR - 2016-05-25 10:21:43 --> Could not find the language line "mynt_icon_tmall"
ERROR - 2016-05-25 10:21:43 --> Could not find the language line "mynt_icon_youzan"
ERROR - 2016-05-25 10:23:01 --> Could not find the language line "mynt_buy_taobao"
ERROR - 2016-05-25 10:23:01 --> Could not find the language line "mynt_buy_tmall"
ERROR - 2016-05-25 10:23:01 --> Could not find the language line "mynt_buy_youzan"
ERROR - 2016-05-25 10:23:01 --> Could not find the language line "home_cloud_title"
ERROR - 2016-05-25 10:23:01 --> Could not find the language line "home_cloud_intro"
ERROR - 2016-05-25 10:23:01 --> Could not find the language line "mynt_icon_taobao"
ERROR - 2016-05-25 10:23:01 --> Could not find the language line "mynt_icon_tmall"
ERROR - 2016-05-25 10:23:01 --> Could not find the language line "mynt_icon_youzan"
ERROR - 2016-05-25 10:23:50 --> Could not find the language line "mynt_buy_taobao"
ERROR - 2016-05-25 10:23:50 --> Could not find the language line "mynt_buy_tmall"
ERROR - 2016-05-25 10:23:50 --> Could not find the language line "mynt_buy_youzan"
ERROR - 2016-05-25 10:23:50 --> Could not find the language line "home_cloud_title"
ERROR - 2016-05-25 10:23:50 --> Could not find the language line "home_cloud_intro"
ERROR - 2016-05-25 10:23:50 --> Could not find the language line "mynt_icon_taobao"
ERROR - 2016-05-25 10:23:50 --> Could not find the language line "mynt_icon_tmall"
ERROR - 2016-05-25 10:23:50 --> Could not find the language line "mynt_icon_youzan"
ERROR - 2016-05-25 10:41:01 --> Could not find the language line "mynt_buy_taobao"
ERROR - 2016-05-25 10:41:01 --> Could not find the language line "mynt_buy_tmall"
ERROR - 2016-05-25 10:41:01 --> Could not find the language line "mynt_buy_youzan"
ERROR - 2016-05-25 10:41:01 --> Could not find the language line "home_cloud_title"
ERROR - 2016-05-25 10:41:01 --> Could not find the language line "home_cloud_intro"
ERROR - 2016-05-25 10:41:01 --> Could not find the language line "mynt_icon_taobao"
ERROR - 2016-05-25 10:41:01 --> Could not find the language line "mynt_icon_tmall"
ERROR - 2016-05-25 10:41:01 --> Could not find the language line "mynt_icon_youzan"
ERROR - 2016-05-25 10:41:01 --> Session: File 'ci_sessions/ci_session5907cec4153289f17b6e7880408965d98055068b' doesn't exist and cannot be created.
ERROR - 2016-05-25 14:22:36 --> Could not find the language line "mynt_buy_amazon"
ERROR - 2016-05-25 14:22:36 --> Could not find the language line "home_slife_title"
ERROR - 2016-05-25 14:22:36 --> Could not find the language line "home_cloud_title"
ERROR - 2016-05-25 14:22:36 --> Could not find the language line "home_cloud_intro"
ERROR - 2016-05-25 14:22:36 --> Could not find the language line "mynt_icon_buy"
ERROR - 2016-05-25 14:23:10 --> Could not find the language line "mynt_buy_amazon"
ERROR - 2016-05-25 14:23:14 --> Could not find the language line "mynt_buy_taobao"
ERROR - 2016-05-25 14:23:14 --> Could not find the language line "mynt_buy_tmall"
ERROR - 2016-05-25 14:23:14 --> Could not find the language line "mynt_buy_youzan"
ERROR - 2016-05-25 14:49:51 --> Could not find the language line "mynt_buy_taobao"
ERROR - 2016-05-25 14:49:51 --> Could not find the language line "mynt_buy_tmall"
ERROR - 2016-05-25 14:49:51 --> Could not find the language line "mynt_buy_youzan"
ERROR - 2016-05-25 14:49:51 --> Could not find the language line "mynt_icon_taobao"
ERROR - 2016-05-25 14:49:51 --> Could not find the language line "mynt_icon_tmall"
ERROR - 2016-05-25 14:49:51 --> Could not find the language line "mynt_icon_youzan"
ERROR - 2016-05-25 14:49:51 --> Could not find the language line "mynt_jd_detail"
ERROR - 2016-05-25 14:49:51 --> Could not find the language line "to_buy_wd"
ERROR - 2016-05-25 14:49:51 --> Could not find the language line "slightech_wechat"
ERROR - 2016-05-25 14:49:51 --> Could not find the language line "camera_no_lost"
ERROR - 2016-05-25 14:49:51 --> Could not find the language line "key_no_lost"
ERROR - 2016-05-25 14:49:51 --> Could not find the language line "bag_no_lost"
ERROR - 2016-05-25 14:49:51 --> Could not find the language line "computer_no_lost"
ERROR - 2016-05-25 14:49:51 --> Could not find the language line "pet_no_lost"
ERROR - 2016-05-25 14:49:51 --> Could not find the language line "goal"
ERROR - 2016-05-25 14:49:51 --> Could not find the language line "fund_title"
ERROR - 2016-05-25 14:49:51 --> Could not find the language line "fund_intro"
ERROR - 2016-05-25 14:56:10 --> Could not find the language line "mynt_buy_taobao"
ERROR - 2016-05-25 14:56:10 --> Could not find the language line "mynt_buy_tmall"
ERROR - 2016-05-25 14:56:10 --> Could not find the language line "mynt_buy_youzan"
ERROR - 2016-05-25 14:56:10 --> Could not find the language line "mynt_icon_taobao"
ERROR - 2016-05-25 14:56:10 --> Could not find the language line "mynt_icon_tmall"
ERROR - 2016-05-25 14:56:10 --> Could not find the language line "mynt_icon_youzan"
ERROR - 2016-05-25 14:56:10 --> Could not find the language line "mynt_jd_detail"
ERROR - 2016-05-25 14:56:10 --> Could not find the language line "to_buy_wd"
ERROR - 2016-05-25 14:56:10 --> Could not find the language line "slightech_wechat"
ERROR - 2016-05-25 14:56:10 --> Could not find the language line "camera_no_lost"
ERROR - 2016-05-25 14:56:10 --> Could not find the language line "key_no_lost"
ERROR - 2016-05-25 14:56:10 --> Could not find the language line "bag_no_lost"
ERROR - 2016-05-25 14:56:10 --> Could not find the language line "computer_no_lost"
ERROR - 2016-05-25 14:56:10 --> Could not find the language line "pet_no_lost"
ERROR - 2016-05-25 14:56:10 --> Could not find the language line "goal"
ERROR - 2016-05-25 14:56:10 --> Could not find the language line "fund_title"
ERROR - 2016-05-25 14:56:10 --> Could not find the language line "fund_intro"
ERROR - 2016-05-25 14:56:10 --> Session: File 'ci_sessions/ci_session0e39bcb198be1c1ecba4c443a802e4b95b87cc0d' doesn't exist and cannot be created.
ERROR - 2016-05-25 14:56:58 --> Could not find the language line "mynt_buy_taobao"
ERROR - 2016-05-25 14:56:58 --> Could not find the language line "mynt_buy_tmall"
ERROR - 2016-05-25 14:56:58 --> Could not find the language line "mynt_buy_youzan"
ERROR - 2016-05-25 14:56:58 --> Could not find the language line "mynt_icon_taobao"
ERROR - 2016-05-25 14:56:58 --> Could not find the language line "mynt_icon_tmall"
ERROR - 2016-05-25 14:56:58 --> Could not find the language line "mynt_icon_youzan"
ERROR - 2016-05-25 14:56:58 --> Could not find the language line "mynt_jd_detail"
ERROR - 2016-05-25 14:56:58 --> Could not find the language line "to_buy_wd"
ERROR - 2016-05-25 14:56:58 --> Could not find the language line "slightech_wechat"
ERROR - 2016-05-25 14:56:58 --> Could not find the language line "camera_no_lost"
ERROR - 2016-05-25 14:56:58 --> Could not find the language line "key_no_lost"
ERROR - 2016-05-25 14:56:58 --> Could not find the language line "bag_no_lost"
ERROR - 2016-05-25 14:56:58 --> Could not find the language line "computer_no_lost"
ERROR - 2016-05-25 14:56:58 --> Could not find the language line "pet_no_lost"
ERROR - 2016-05-25 14:56:58 --> Could not find the language line "goal"
ERROR - 2016-05-25 14:56:58 --> Could not find the language line "fund_title"
ERROR - 2016-05-25 14:56:58 --> Could not find the language line "fund_intro"
ERROR - 2016-05-25 14:59:17 --> Could not find the language line "mynt_buy_taobao"
ERROR - 2016-05-25 14:59:17 --> Could not find the language line "mynt_buy_tmall"
ERROR - 2016-05-25 14:59:17 --> Could not find the language line "mynt_buy_youzan"
ERROR - 2016-05-25 14:59:17 --> Could not find the language line "mynt_icon_taobao"
ERROR - 2016-05-25 14:59:17 --> Could not find the language line "mynt_icon_tmall"
ERROR - 2016-05-25 14:59:17 --> Could not find the language line "mynt_icon_youzan"
ERROR - 2016-05-25 14:59:17 --> Could not find the language line "mynt_jd_detail"
ERROR - 2016-05-25 14:59:17 --> Could not find the language line "to_buy_wd"
ERROR - 2016-05-25 14:59:17 --> Could not find the language line "slightech_wechat"
ERROR - 2016-05-25 14:59:17 --> Could not find the language line "camera_no_lost"
ERROR - 2016-05-25 14:59:17 --> Could not find the language line "key_no_lost"
ERROR - 2016-05-25 14:59:17 --> Could not find the language line "bag_no_lost"
ERROR - 2016-05-25 14:59:17 --> Could not find the language line "computer_no_lost"
ERROR - 2016-05-25 14:59:17 --> Could not find the language line "pet_no_lost"
ERROR - 2016-05-25 14:59:17 --> Could not find the language line "goal"
ERROR - 2016-05-25 14:59:17 --> Could not find the language line "fund_title"
ERROR - 2016-05-25 14:59:17 --> Could not find the language line "fund_intro"
ERROR - 2016-05-25 15:01:18 --> Could not find the language line "mynt_buy_taobao"
ERROR - 2016-05-25 15:01:18 --> Could not find the language line "mynt_buy_tmall"
ERROR - 2016-05-25 15:01:18 --> Could not find the language line "mynt_buy_youzan"
ERROR - 2016-05-25 15:01:18 --> Could not find the language line "mynt_icon_taobao"
ERROR - 2016-05-25 15:01:18 --> Could not find the language line "mynt_icon_tmall"
ERROR - 2016-05-25 15:01:18 --> Could not find the language line "mynt_icon_youzan"
ERROR - 2016-05-25 15:01:18 --> Could not find the language line "mynt_jd_detail"
ERROR - 2016-05-25 15:01:18 --> Could not find the language line "to_buy_wd"
ERROR - 2016-05-25 15:01:18 --> Could not find the language line "slightech_wechat"
ERROR - 2016-05-25 15:01:18 --> Could not find the language line "camera_no_lost"
ERROR - 2016-05-25 15:01:18 --> Could not find the language line "key_no_lost"
ERROR - 2016-05-25 15:01:18 --> Could not find the language line "bag_no_lost"
ERROR - 2016-05-25 15:01:18 --> Could not find the language line "computer_no_lost"
ERROR - 2016-05-25 15:01:18 --> Could not find the language line "pet_no_lost"
ERROR - 2016-05-25 15:01:18 --> Could not find the language line "goal"
ERROR - 2016-05-25 15:01:18 --> Could not find the language line "fund_title"
ERROR - 2016-05-25 15:01:18 --> Could not find the language line "fund_intro"
ERROR - 2016-05-25 15:34:05 --> Could not find the language line "mynt_buy_taobao"
ERROR - 2016-05-25 15:34:05 --> Could not find the language line "mynt_buy_tmall"
ERROR - 2016-05-25 15:34:05 --> Could not find the language line "mynt_buy_youzan"
ERROR - 2016-05-25 15:34:05 --> Could not find the language line "mynt_icon_taobao"
ERROR - 2016-05-25 15:34:05 --> Could not find the language line "mynt_icon_tmall"
ERROR - 2016-05-25 15:34:05 --> Could not find the language line "mynt_icon_youzan"
ERROR - 2016-05-25 15:34:05 --> Could not find the language line "mynt_jd_detail"
ERROR - 2016-05-25 15:34:05 --> Could not find the language line "to_buy_wd"
ERROR - 2016-05-25 15:34:05 --> Could not find the language line "slightech_wechat"
ERROR - 2016-05-25 15:34:05 --> Could not find the language line "camera_no_lost"
ERROR - 2016-05-25 15:34:05 --> Could not find the language line "key_no_lost"
ERROR - 2016-05-25 15:34:05 --> Could not find the language line "bag_no_lost"
ERROR - 2016-05-25 15:34:05 --> Could not find the language line "computer_no_lost"
ERROR - 2016-05-25 15:34:05 --> Could not find the language line "pet_no_lost"
ERROR - 2016-05-25 15:34:05 --> Could not find the language line "goal"
ERROR - 2016-05-25 15:34:05 --> Could not find the language line "fund_title"
ERROR - 2016-05-25 15:34:05 --> Could not find the language line "fund_intro"
ERROR - 2016-05-25 15:34:05 --> Session: File 'ci_sessions/ci_session98105f5d9798f0faa745ff4c96ac6611e47398e7' doesn't exist and cannot be created.
ERROR - 2016-05-25 15:38:37 --> Could not find the language line "mynt_buy_taobao"
ERROR - 2016-05-25 15:38:37 --> Could not find the language line "mynt_buy_tmall"
ERROR - 2016-05-25 15:38:37 --> Could not find the language line "mynt_buy_youzan"
ERROR - 2016-05-25 15:38:37 --> Could not find the language line "mynt_icon_taobao"
ERROR - 2016-05-25 15:38:37 --> Could not find the language line "mynt_icon_tmall"
ERROR - 2016-05-25 15:38:37 --> Could not find the language line "mynt_icon_youzan"
ERROR - 2016-05-25 15:38:37 --> Could not find the language line "mynt_jd_detail"
ERROR - 2016-05-25 15:38:37 --> Could not find the language line "to_buy_wd"
ERROR - 2016-05-25 15:38:37 --> Could not find the language line "slightech_wechat"
ERROR - 2016-05-25 15:38:37 --> Could not find the language line "camera_no_lost"
ERROR - 2016-05-25 15:38:37 --> Could not find the language line "key_no_lost"
ERROR - 2016-05-25 15:38:37 --> Could not find the language line "bag_no_lost"
ERROR - 2016-05-25 15:38:37 --> Could not find the language line "computer_no_lost"
ERROR - 2016-05-25 15:38:37 --> Could not find the language line "pet_no_lost"
ERROR - 2016-05-25 15:38:37 --> Could not find the language line "goal"
ERROR - 2016-05-25 15:38:37 --> Could not find the language line "fund_title"
ERROR - 2016-05-25 15:38:37 --> Could not find the language line "fund_intro"
ERROR - 2016-05-25 15:39:25 --> Could not find the language line "mynt_buy_taobao"
ERROR - 2016-05-25 15:39:25 --> Could not find the language line "mynt_buy_tmall"
ERROR - 2016-05-25 15:39:25 --> Could not find the language line "mynt_buy_youzan"
ERROR - 2016-05-25 15:39:25 --> Could not find the language line "mynt_icon_taobao"
ERROR - 2016-05-25 15:39:25 --> Could not find the language line "mynt_icon_tmall"
ERROR - 2016-05-25 15:39:25 --> Could not find the language line "mynt_icon_youzan"
ERROR - 2016-05-25 15:39:25 --> Could not find the language line "mynt_jd_detail"
ERROR - 2016-05-25 15:39:25 --> Could not find the language line "to_buy_wd"
ERROR - 2016-05-25 15:39:25 --> Could not find the language line "slightech_wechat"
ERROR - 2016-05-25 15:39:25 --> Could not find the language line "camera_no_lost"
ERROR - 2016-05-25 15:39:25 --> Could not find the language line "key_no_lost"
ERROR - 2016-05-25 15:39:25 --> Could not find the language line "bag_no_lost"
ERROR - 2016-05-25 15:39:25 --> Could not find the language line "computer_no_lost"
ERROR - 2016-05-25 15:39:25 --> Could not find the language line "pet_no_lost"
ERROR - 2016-05-25 15:39:25 --> Could not find the language line "goal"
ERROR - 2016-05-25 15:39:25 --> Could not find the language line "fund_title"
ERROR - 2016-05-25 15:39:25 --> Could not find the language line "fund_intro"
ERROR - 2016-05-25 15:47:38 --> Could not find the language line "mynt_buy_taobao"
ERROR - 2016-05-25 15:47:38 --> Could not find the language line "mynt_buy_tmall"
ERROR - 2016-05-25 15:47:38 --> Could not find the language line "mynt_buy_youzan"
ERROR - 2016-05-25 15:47:38 --> Could not find the language line "mynt_icon_taobao"
ERROR - 2016-05-25 15:47:38 --> Could not find the language line "mynt_icon_tmall"
ERROR - 2016-05-25 15:47:38 --> Could not find the language line "mynt_icon_youzan"
ERROR - 2016-05-25 15:47:38 --> Could not find the language line "mynt_jd_detail"
ERROR - 2016-05-25 15:47:38 --> Could not find the language line "to_buy_wd"
ERROR - 2016-05-25 15:47:38 --> Could not find the language line "slightech_wechat"
ERROR - 2016-05-25 15:47:38 --> Could not find the language line "camera_no_lost"
ERROR - 2016-05-25 15:47:38 --> Could not find the language line "key_no_lost"
ERROR - 2016-05-25 15:47:38 --> Could not find the language line "bag_no_lost"
ERROR - 2016-05-25 15:47:38 --> Could not find the language line "computer_no_lost"
ERROR - 2016-05-25 15:47:38 --> Could not find the language line "pet_no_lost"
ERROR - 2016-05-25 15:47:38 --> Could not find the language line "goal"
ERROR - 2016-05-25 15:47:38 --> Could not find the language line "fund_title"
ERROR - 2016-05-25 15:47:38 --> Could not find the language line "fund_intro"
ERROR - 2016-05-25 15:47:38 --> Session: File 'ci_sessions/ci_session409c05e0b8f0514c269c58f76aa9b28803b84b06' doesn't exist and cannot be created.
