ERROR - 2016-05-23 07:14:20 --> Could not find the language line "mynt_buy_taobao"
ERROR - 2016-05-23 07:14:20 --> Could not find the language line "mynt_buy_tmall"
ERROR - 2016-05-23 07:14:20 --> Could not find the language line "mynt_buy_youzan"
ERROR - 2016-05-23 07:14:20 --> Could not find the language line "mynt_icon_taobao"
ERROR - 2016-05-23 07:14:20 --> Could not find the language line "mynt_icon_tmall"
ERROR - 2016-05-23 07:14:20 --> Could not find the language line "mynt_icon_youzan"
ERROR - 2016-05-23 08:30:16 --> Could not find the language line "mynt_buy_taobao"
ERROR - 2016-05-23 08:30:16 --> Could not find the language line "mynt_buy_tmall"
ERROR - 2016-05-23 08:30:16 --> Could not find the language line "mynt_buy_youzan"
ERROR - 2016-05-23 08:30:16 --> Could not find the language line "mynt_icon_taobao"
ERROR - 2016-05-23 08:30:16 --> Could not find the language line "mynt_icon_tmall"
ERROR - 2016-05-23 08:30:16 --> Could not find the language line "mynt_icon_youzan"
ERROR - 2016-05-23 08:30:16 --> Could not find the language line "mynt_jd_detail"
ERROR - 2016-05-23 08:30:16 --> Could not find the language line "to_buy_wd"
ERROR - 2016-05-23 08:30:16 --> Could not find the language line "slightech_wechat"
ERROR - 2016-05-23 08:30:16 --> Could not find the language line "camera_no_lost"
ERROR - 2016-05-23 08:30:16 --> Could not find the language line "key_no_lost"
ERROR - 2016-05-23 08:30:16 --> Could not find the language line "bag_no_lost"
ERROR - 2016-05-23 08:30:16 --> Could not find the language line "computer_no_lost"
ERROR - 2016-05-23 08:30:16 --> Could not find the language line "pet_no_lost"
ERROR - 2016-05-23 08:30:16 --> Could not find the language line "goal"
ERROR - 2016-05-23 08:30:16 --> Could not find the language line "fund_title"
ERROR - 2016-05-23 08:30:16 --> Could not find the language line "fund_intro"
ERROR - 2016-05-23 09:06:49 --> Could not find the language line "mynt_buy_taobao"
ERROR - 2016-05-23 09:06:49 --> Could not find the language line "mynt_buy_tmall"
ERROR - 2016-05-23 09:06:49 --> Could not find the language line "mynt_buy_youzan"
ERROR - 2016-05-23 09:06:49 --> Could not find the language line "mynt_icon_taobao"
ERROR - 2016-05-23 09:06:49 --> Could not find the language line "mynt_icon_tmall"
ERROR - 2016-05-23 09:06:49 --> Could not find the language line "mynt_icon_youzan"
ERROR - 2016-05-23 09:06:50 --> Could not find the language line "mynt_buy_taobao"
ERROR - 2016-05-23 09:06:50 --> Could not find the language line "mynt_buy_tmall"
ERROR - 2016-05-23 09:06:50 --> Could not find the language line "mynt_buy_youzan"
ERROR - 2016-05-23 09:06:50 --> Could not find the language line "mynt_icon_taobao"
ERROR - 2016-05-23 09:06:50 --> Could not find the language line "mynt_icon_tmall"
ERROR - 2016-05-23 09:06:50 --> Could not find the language line "mynt_icon_youzan"
ERROR - 2016-05-23 09:57:47 --> Could not find the language line "mynt_buy_taobao"
ERROR - 2016-05-23 09:57:47 --> Could not find the language line "mynt_buy_tmall"
ERROR - 2016-05-23 09:57:47 --> Could not find the language line "mynt_buy_youzan"
ERROR - 2016-05-23 09:57:47 --> Could not find the language line "mynt_icon_taobao"
ERROR - 2016-05-23 09:57:47 --> Could not find the language line "mynt_icon_tmall"
ERROR - 2016-05-23 09:57:47 --> Could not find the language line "mynt_icon_youzan"
ERROR - 2016-05-23 09:57:47 --> Could not find the language line "mynt_jd_detail"
ERROR - 2016-05-23 09:57:47 --> Could not find the language line "to_buy_wd"
ERROR - 2016-05-23 09:57:47 --> Could not find the language line "slightech_wechat"
ERROR - 2016-05-23 09:57:47 --> Could not find the language line "camera_no_lost"
ERROR - 2016-05-23 09:57:47 --> Could not find the language line "key_no_lost"
ERROR - 2016-05-23 09:57:47 --> Could not find the language line "bag_no_lost"
ERROR - 2016-05-23 09:57:47 --> Could not find the language line "computer_no_lost"
ERROR - 2016-05-23 09:57:47 --> Could not find the language line "pet_no_lost"
ERROR - 2016-05-23 09:57:47 --> Could not find the language line "goal"
ERROR - 2016-05-23 09:57:47 --> Could not find the language line "fund_title"
ERROR - 2016-05-23 09:57:47 --> Could not find the language line "fund_intro"
ERROR - 2016-05-23 10:07:08 --> Could not find the language line "mynt_buy_taobao"
ERROR - 2016-05-23 10:07:08 --> Could not find the language line "mynt_buy_tmall"
ERROR - 2016-05-23 10:07:08 --> Could not find the language line "mynt_buy_youzan"
ERROR - 2016-05-23 10:07:08 --> Could not find the language line "mynt_icon_taobao"
ERROR - 2016-05-23 10:07:08 --> Could not find the language line "mynt_icon_tmall"
ERROR - 2016-05-23 10:07:08 --> Could not find the language line "mynt_icon_youzan"
ERROR - 2016-05-23 10:07:11 --> Could not find the language line "mynt_buy_taobao"
ERROR - 2016-05-23 10:07:11 --> Could not find the language line "mynt_buy_tmall"
ERROR - 2016-05-23 10:07:11 --> Could not find the language line "mynt_buy_youzan"
ERROR - 2016-05-23 10:07:11 --> Could not find the language line "mynt_icon_taobao"
ERROR - 2016-05-23 10:07:11 --> Could not find the language line "mynt_icon_tmall"
ERROR - 2016-05-23 10:07:11 --> Could not find the language line "mynt_icon_youzan"
ERROR - 2016-05-23 10:07:15 --> Could not find the language line "mynt_buy_taobao"
ERROR - 2016-05-23 10:07:15 --> Could not find the language line "mynt_buy_tmall"
ERROR - 2016-05-23 10:07:15 --> Could not find the language line "mynt_buy_youzan"
ERROR - 2016-05-23 10:07:15 --> Could not find the language line "mynt_icon_taobao"
ERROR - 2016-05-23 10:07:15 --> Could not find the language line "mynt_icon_tmall"
ERROR - 2016-05-23 10:07:15 --> Could not find the language line "mynt_icon_youzan"
ERROR - 2016-05-23 10:07:31 --> Could not find the language line "mynt_buy_taobao"
ERROR - 2016-05-23 10:07:31 --> Could not find the language line "mynt_buy_tmall"
ERROR - 2016-05-23 10:07:31 --> Could not find the language line "mynt_buy_youzan"
ERROR - 2016-05-23 10:07:31 --> Could not find the language line "mynt_icon_taobao"
ERROR - 2016-05-23 10:07:31 --> Could not find the language line "mynt_icon_tmall"
ERROR - 2016-05-23 10:07:31 --> Could not find the language line "mynt_icon_youzan"
ERROR - 2016-05-23 10:07:38 --> Could not find the language line "mynt_buy_taobao"
ERROR - 2016-05-23 10:07:38 --> Could not find the language line "mynt_buy_tmall"
ERROR - 2016-05-23 10:07:38 --> Could not find the language line "mynt_buy_youzan"
ERROR - 2016-05-23 10:07:38 --> Could not find the language line "mynt_icon_taobao"
ERROR - 2016-05-23 10:07:38 --> Could not find the language line "mynt_icon_tmall"
ERROR - 2016-05-23 10:07:38 --> Could not find the language line "mynt_icon_youzan"
ERROR - 2016-05-23 10:08:23 --> Could not find the language line "mynt_buy_taobao"
ERROR - 2016-05-23 10:08:23 --> Could not find the language line "mynt_buy_tmall"
ERROR - 2016-05-23 10:08:23 --> Could not find the language line "mynt_buy_youzan"
ERROR - 2016-05-23 10:08:23 --> Could not find the language line "faq_title_5"
ERROR - 2016-05-23 10:08:23 --> Could not find the language line "faq_cont_5"
ERROR - 2016-05-23 10:08:23 --> Could not find the language line "faq_title_6"
ERROR - 2016-05-23 10:08:23 --> Could not find the language line "faq_cont_6"
ERROR - 2016-05-23 10:08:23 --> Could not find the language line "faq_title_7"
ERROR - 2016-05-23 10:08:23 --> Could not find the language line "faq_cont_7"
ERROR - 2016-05-23 10:08:23 --> Could not find the language line "faq_title_8"
ERROR - 2016-05-23 10:08:23 --> Could not find the language line "faq_cont_8"
ERROR - 2016-05-23 10:08:23 --> Could not find the language line "faq_title_9"
ERROR - 2016-05-23 10:08:23 --> Could not find the language line "faq_cont_9"
ERROR - 2016-05-23 10:08:23 --> Could not find the language line "faq_title_10"
ERROR - 2016-05-23 10:08:23 --> Could not find the language line "faq_cont_10"
ERROR - 2016-05-23 10:08:23 --> Could not find the language line "faq_title_11"
ERROR - 2016-05-23 10:08:23 --> Could not find the language line "faq_cont_11"
ERROR - 2016-05-23 10:08:23 --> Could not find the language line "faq_title_12"
ERROR - 2016-05-23 10:08:23 --> Could not find the language line "faq_cont_12"
ERROR - 2016-05-23 10:08:23 --> Could not find the language line "faq_title_13"
ERROR - 2016-05-23 10:08:23 --> Could not find the language line "faq_cont_13"
ERROR - 2016-05-23 10:08:23 --> Could not find the language line "faq_title_14"
ERROR - 2016-05-23 10:08:23 --> Could not find the language line "faq_cont_14"
ERROR - 2016-05-23 10:08:23 --> Could not find the language line "faq_title_15"
ERROR - 2016-05-23 10:08:23 --> Could not find the language line "faq_cont_15"
ERROR - 2016-05-23 10:08:23 --> Could not find the language line "faq_title_16"
ERROR - 2016-05-23 10:08:23 --> Could not find the language line "faq_cont_16"
ERROR - 2016-05-23 10:08:31 --> Could not find the language line "mynt_buy_amazon"
ERROR - 2016-05-23 10:08:31 --> Could not find the language line "home_sdeno_slide"
ERROR - 2016-05-23 10:08:31 --> Could not find the language line "tracker"
ERROR - 2016-05-23 10:08:31 --> Could not find the language line "mynt_feature"
ERROR - 2016-05-23 10:08:31 --> Could not find the language line "home_robot_sdeno"
ERROR - 2016-05-23 10:08:31 --> Could not find the language line "home_sdeno_slogon"
ERROR - 2016-05-23 10:08:31 --> Could not find the language line "mynt_icon_buy"
ERROR - 2016-05-23 10:08:41 --> Could not find the language line "mynt_buy_amazon"
ERROR - 2016-05-23 10:14:13 --> Could not find the language line "mynt_buy_amazon"
ERROR - 2016-05-23 10:14:13 --> Could not find the language line "home_sdeno_slide"
ERROR - 2016-05-23 10:14:13 --> Could not find the language line "tracker"
ERROR - 2016-05-23 10:14:13 --> Could not find the language line "mynt_feature"
ERROR - 2016-05-23 10:14:13 --> Could not find the language line "home_robot_sdeno"
ERROR - 2016-05-23 10:14:13 --> Could not find the language line "home_sdeno_slogon"
ERROR - 2016-05-23 10:14:13 --> Could not find the language line "mynt_icon_buy"
ERROR - 2016-05-23 10:14:21 --> Could not find the language line "mynt_buy_amazon"
ERROR - 2016-05-23 10:14:21 --> Could not find the language line "home_sdeno_slide"
ERROR - 2016-05-23 10:14:21 --> Could not find the language line "tracker"
ERROR - 2016-05-23 10:14:21 --> Could not find the language line "mynt_feature"
ERROR - 2016-05-23 10:14:21 --> Could not find the language line "home_robot_sdeno"
ERROR - 2016-05-23 10:14:21 --> Could not find the language line "home_sdeno_slogon"
ERROR - 2016-05-23 10:14:21 --> Could not find the language line "mynt_icon_buy"
ERROR - 2016-05-23 10:15:38 --> Could not find the language line "mynt_buy_amazon"
ERROR - 2016-05-23 10:15:55 --> Could not find the language line "mynt_buy_amazon"
ERROR - 2016-05-23 10:15:55 --> Could not find the language line "mynt_icon_buy"
ERROR - 2016-05-23 10:15:55 --> Could not find the language line "mynt_buy_link_kick"
ERROR - 2016-05-23 10:16:09 --> Could not find the language line "mynt_buy_amazon"
ERROR - 2016-05-23 10:16:09 --> Could not find the language line "tracker"
ERROR - 2016-05-23 10:16:14 --> Could not find the language line "mynt_buy_amazon"
ERROR - 2016-05-23 10:16:14 --> Could not find the language line "tracker"
ERROR - 2016-05-23 10:16:35 --> Could not find the language line "mynt_buy_amazon"
ERROR - 2016-05-23 10:16:35 --> Could not find the language line "tracker"
ERROR - 2016-05-23 10:16:39 --> Could not find the language line "mynt_buy_amazon"
ERROR - 2016-05-23 10:16:39 --> Could not find the language line "tracker"
ERROR - 2016-05-23 10:16:42 --> Could not find the language line "mynt_buy_amazon"
ERROR - 2016-05-23 10:21:16 --> Could not find the language line "mynt_buy_amazon"
ERROR - 2016-05-23 10:25:19 --> Could not find the language line "mynt_buy_taobao"
ERROR - 2016-05-23 10:25:19 --> Could not find the language line "mynt_buy_tmall"
ERROR - 2016-05-23 10:25:19 --> Could not find the language line "mynt_buy_youzan"
ERROR - 2016-05-23 10:25:28 --> Could not find the language line "mynt_buy_taobao"
ERROR - 2016-05-23 10:25:28 --> Could not find the language line "mynt_buy_tmall"
ERROR - 2016-05-23 10:25:28 --> Could not find the language line "mynt_buy_youzan"
ERROR - 2016-05-23 14:00:34 --> Could not find the language line "mynt_buy_taobao"
ERROR - 2016-05-23 14:00:34 --> Could not find the language line "mynt_buy_tmall"
ERROR - 2016-05-23 14:00:34 --> Could not find the language line "mynt_buy_youzan"
ERROR - 2016-05-23 15:09:55 --> Could not find the language line "mynt_buy_amazon"
ERROR - 2016-05-23 15:10:16 --> Could not find the language line "mynt_buy_taobao"
ERROR - 2016-05-23 15:10:16 --> Could not find the language line "mynt_buy_tmall"
ERROR - 2016-05-23 15:10:16 --> Could not find the language line "mynt_buy_youzan"
ERROR - 2016-05-23 15:10:16 --> Could not find the language line "mynt_buy_amazon"
ERROR - 2016-05-23 15:10:21 --> Could not find the language line "mynt_buy_amazon"
ERROR - 2016-05-23 15:10:21 --> Could not find the language line "home_sdeno_slide"
ERROR - 2016-05-23 15:10:21 --> Could not find the language line "tracker"
ERROR - 2016-05-23 15:10:21 --> Could not find the language line "mynt_feature"
ERROR - 2016-05-23 15:10:21 --> Could not find the language line "home_robot_sdeno"
ERROR - 2016-05-23 15:10:21 --> Could not find the language line "home_sdeno_slogon"
ERROR - 2016-05-23 15:10:21 --> Could not find the language line "mynt_icon_buy"
ERROR - 2016-05-23 15:10:22 --> Could not find the language line "mynt_buy_amazon"
ERROR - 2016-05-23 15:10:22 --> Could not find the language line "home_sdeno_slide"
ERROR - 2016-05-23 15:10:22 --> Could not find the language line "tracker"
ERROR - 2016-05-23 15:10:22 --> Could not find the language line "mynt_feature"
ERROR - 2016-05-23 15:10:22 --> Could not find the language line "home_robot_sdeno"
ERROR - 2016-05-23 15:10:22 --> Could not find the language line "home_sdeno_slogon"
ERROR - 2016-05-23 15:10:22 --> Could not find the language line "mynt_icon_buy"
ERROR - 2016-05-23 15:10:27 --> Could not find the language line "mynt_buy_taobao"
ERROR - 2016-05-23 15:10:27 --> Could not find the language line "mynt_buy_tmall"
ERROR - 2016-05-23 15:10:27 --> Could not find the language line "mynt_buy_youzan"
ERROR - 2016-05-23 15:10:27 --> Could not find the language line "mynt_buy_amazon"
ERROR - 2016-05-23 15:10:27 --> Could not find the language line "home_sdeno_slide"
ERROR - 2016-05-23 15:10:27 --> Could not find the language line "tracker"
ERROR - 2016-05-23 15:10:27 --> Could not find the language line "mynt_feature"
ERROR - 2016-05-23 15:10:27 --> Could not find the language line "home_robot_sdeno"
ERROR - 2016-05-23 15:10:27 --> Could not find the language line "home_sdeno_slogon"
ERROR - 2016-05-23 15:10:27 --> Could not find the language line "mynt_icon_buy"
ERROR - 2016-05-23 15:10:31 --> Could not find the language line "mynt_buy_amazon"
ERROR - 2016-05-23 15:10:31 --> Could not find the language line "home_sdeno_slide"
ERROR - 2016-05-23 15:10:31 --> Could not find the language line "tracker"
ERROR - 2016-05-23 15:10:31 --> Could not find the language line "mynt_feature"
ERROR - 2016-05-23 15:10:31 --> Could not find the language line "home_robot_sdeno"
ERROR - 2016-05-23 15:10:31 --> Could not find the language line "home_sdeno_slogon"
ERROR - 2016-05-23 15:10:31 --> Could not find the language line "mynt_icon_buy"
ERROR - 2016-05-23 15:10:41 --> Could not find the language line "mynt_buy_taobao"
ERROR - 2016-05-23 15:10:41 --> Could not find the language line "mynt_buy_tmall"
ERROR - 2016-05-23 15:10:41 --> Could not find the language line "mynt_buy_youzan"
ERROR - 2016-05-23 15:10:42 --> Could not find the language line "mynt_buy_amazon"
ERROR - 2016-05-23 15:10:42 --> Could not find the language line "home_sdeno_slide"
ERROR - 2016-05-23 15:10:42 --> Could not find the language line "tracker"
ERROR - 2016-05-23 15:10:42 --> Could not find the language line "mynt_feature"
ERROR - 2016-05-23 15:10:42 --> Could not find the language line "home_robot_sdeno"
ERROR - 2016-05-23 15:10:42 --> Could not find the language line "home_sdeno_slogon"
ERROR - 2016-05-23 15:10:42 --> Could not find the language line "mynt_icon_buy"
ERROR - 2016-05-23 15:10:46 --> Could not find the language line "mynt_buy_amazon"
ERROR - 2016-05-23 15:10:46 --> Could not find the language line "home_sdeno_slide"
ERROR - 2016-05-23 15:10:46 --> Could not find the language line "tracker"
ERROR - 2016-05-23 15:10:46 --> Could not find the language line "mynt_feature"
ERROR - 2016-05-23 15:10:46 --> Could not find the language line "home_robot_sdeno"
ERROR - 2016-05-23 15:10:46 --> Could not find the language line "home_sdeno_slogon"
ERROR - 2016-05-23 15:10:46 --> Could not find the language line "mynt_icon_buy"
ERROR - 2016-05-23 15:10:48 --> Could not find the language line "mynt_buy_amazon"
ERROR - 2016-05-23 15:10:48 --> Could not find the language line "home_sdeno_slide"
ERROR - 2016-05-23 15:10:48 --> Could not find the language line "tracker"
ERROR - 2016-05-23 15:10:48 --> Could not find the language line "mynt_feature"
ERROR - 2016-05-23 15:10:48 --> Could not find the language line "home_robot_sdeno"
ERROR - 2016-05-23 15:10:48 --> Could not find the language line "home_sdeno_slogon"
ERROR - 2016-05-23 15:10:48 --> Could not find the language line "mynt_icon_buy"
ERROR - 2016-05-23 15:38:15 --> Could not find the language line "mynt_buy_amazon"
