ERROR - 2017-06-01 14:31:14 --> Could not find the language line "mynt_buy_taobao"
ERROR - 2017-06-01 14:31:14 --> Could not find the language line "mynt_buy_tmall"
ERROR - 2017-06-01 14:31:14 --> Could not find the language line "mynt_buy_youzan"
ERROR - 2017-06-01 14:31:14 --> Could not find the language line "mynt_buy_jd"
ERROR - 2017-06-01 14:31:14 --> Could not find the language line "home_cloud_title"
ERROR - 2017-06-01 14:31:14 --> Could not find the language line "home_cloud_intro"
ERROR - 2017-06-01 14:31:14 --> Could not find the language line "mynt_icon_taobao"
ERROR - 2017-06-01 14:31:14 --> Could not find the language line "mynt_icon_tmall"
ERROR - 2017-06-01 14:31:14 --> Could not find the language line "mynt_icon_youzan"
ERROR - 2017-06-01 14:31:16 --> Could not find the language line "mynt_buy_taobao"
ERROR - 2017-06-01 14:31:16 --> Could not find the language line "mynt_buy_tmall"
ERROR - 2017-06-01 14:31:16 --> Could not find the language line "mynt_buy_youzan"
ERROR - 2017-06-01 14:31:16 --> Could not find the language line "mynt_buy_jd"
ERROR - 2017-06-01 14:31:19 --> Could not find the language line "mynt_buy_taobao"
ERROR - 2017-06-01 14:31:19 --> Could not find the language line "mynt_buy_tmall"
ERROR - 2017-06-01 14:31:19 --> Could not find the language line "mynt_buy_youzan"
ERROR - 2017-06-01 14:31:19 --> Could not find the language line "mynt_buy_jd"
ERROR - 2017-06-01 14:31:20 --> Could not find the language line "mynt_buy_taobao"
ERROR - 2017-06-01 14:31:20 --> Could not find the language line "mynt_buy_tmall"
ERROR - 2017-06-01 14:31:20 --> Could not find the language line "mynt_buy_youzan"
ERROR - 2017-06-01 14:31:20 --> Could not find the language line "mynt_buy_jd"
ERROR - 2017-06-01 14:34:09 --> Could not find the language line "mynt_buy_taobao"
ERROR - 2017-06-01 14:34:09 --> Could not find the language line "mynt_buy_tmall"
ERROR - 2017-06-01 14:34:09 --> Could not find the language line "mynt_buy_youzan"
ERROR - 2017-06-01 14:34:09 --> Could not find the language line "mynt_buy_jd"
ERROR - 2017-06-01 14:34:09 --> Could not find the language line "home_cloud_title"
ERROR - 2017-06-01 14:34:09 --> Could not find the language line "home_cloud_intro"
ERROR - 2017-06-01 14:34:09 --> Could not find the language line "mynt_icon_taobao"
ERROR - 2017-06-01 14:34:09 --> Could not find the language line "mynt_icon_tmall"
ERROR - 2017-06-01 14:34:09 --> Could not find the language line "mynt_icon_youzan"
ERROR - 2017-06-01 14:34:09 --> Could not find the language line "mynt_buy_taobao"
ERROR - 2017-06-01 14:34:09 --> Could not find the language line "mynt_buy_tmall"
ERROR - 2017-06-01 14:34:09 --> Could not find the language line "mynt_buy_youzan"
ERROR - 2017-06-01 14:34:09 --> Could not find the language line "mynt_buy_jd"
ERROR - 2017-06-01 14:34:16 --> 404 Page Not Found: Fr/index
ERROR - 2017-06-01 14:34:32 --> Could not find the language line "mynt_buy_taobao"
ERROR - 2017-06-01 14:34:32 --> Could not find the language line "mynt_buy_tmall"
ERROR - 2017-06-01 14:34:32 --> Could not find the language line "mynt_buy_youzan"
ERROR - 2017-06-01 14:34:32 --> Could not find the language line "mynt_buy_jd"
ERROR - 2017-06-01 14:34:32 --> Could not find the language line "home_cloud_title"
ERROR - 2017-06-01 14:34:32 --> Could not find the language line "home_cloud_intro"
ERROR - 2017-06-01 14:34:32 --> Could not find the language line "mynt_icon_taobao"
ERROR - 2017-06-01 14:34:32 --> Could not find the language line "mynt_icon_tmall"
ERROR - 2017-06-01 14:34:32 --> Could not find the language line "mynt_icon_youzan"
ERROR - 2017-06-01 14:34:32 --> Could not find the language line "mynt_buy_taobao"
ERROR - 2017-06-01 14:34:32 --> Could not find the language line "mynt_buy_tmall"
ERROR - 2017-06-01 14:34:32 --> Could not find the language line "mynt_buy_youzan"
ERROR - 2017-06-01 14:34:32 --> Could not find the language line "mynt_buy_jd"
ERROR - 2017-06-01 14:34:39 --> Could not find the language line "mynt_buy_taobao"
ERROR - 2017-06-01 14:34:39 --> Could not find the language line "mynt_buy_tmall"
ERROR - 2017-06-01 14:34:39 --> Could not find the language line "mynt_buy_youzan"
ERROR - 2017-06-01 14:34:39 --> Could not find the language line "mynt_buy_jd"
ERROR - 2017-06-01 14:34:43 --> 404 Page Not Found: Fr/index
ERROR - 2017-06-01 14:41:37 --> 404 Page Not Found: Fr/index
ERROR - 2017-06-01 14:41:38 --> 404 Page Not Found: Fr/index
ERROR - 2017-06-01 14:41:39 --> 404 Page Not Found: Fr/index
ERROR - 2017-06-01 14:41:39 --> 404 Page Not Found: Fr/index
ERROR - 2017-06-01 14:41:39 --> 404 Page Not Found: Fr/index
ERROR - 2017-06-01 14:41:39 --> 404 Page Not Found: Fr/index
ERROR - 2017-06-01 14:41:40 --> 404 Page Not Found: Fr/index
ERROR - 2017-06-01 14:41:40 --> 404 Page Not Found: Fr/index
ERROR - 2017-06-01 14:41:40 --> 404 Page Not Found: Fr/index
ERROR - 2017-06-01 14:41:40 --> 404 Page Not Found: Fr/index
ERROR - 2017-06-01 14:41:40 --> 404 Page Not Found: Fr/index
ERROR - 2017-06-01 14:41:41 --> 404 Page Not Found: Fr/index
ERROR - 2017-06-01 15:00:03 --> Could not find the language line "mynt_buy_taobao"
ERROR - 2017-06-01 15:00:03 --> Could not find the language line "mynt_buy_tmall"
ERROR - 2017-06-01 15:00:03 --> Could not find the language line "mynt_buy_youzan"
ERROR - 2017-06-01 15:00:03 --> Could not find the language line "mynt_buy_jd"
ERROR - 2017-06-01 15:00:03 --> Could not find the language line "home_cloud_title"
ERROR - 2017-06-01 15:00:03 --> Could not find the language line "home_cloud_intro"
ERROR - 2017-06-01 15:00:03 --> Could not find the language line "mynt_icon_taobao"
ERROR - 2017-06-01 15:00:03 --> Could not find the language line "mynt_icon_tmall"
ERROR - 2017-06-01 15:00:03 --> Could not find the language line "mynt_icon_youzan"
ERROR - 2017-06-01 15:00:05 --> Could not find the language line "mynt_buy_taobao"
ERROR - 2017-06-01 15:00:05 --> Could not find the language line "mynt_buy_tmall"
ERROR - 2017-06-01 15:00:05 --> Could not find the language line "mynt_buy_youzan"
ERROR - 2017-06-01 15:00:05 --> Could not find the language line "mynt_buy_jd"
ERROR - 2017-06-01 15:00:08 --> 404 Page Not Found: Fr/index
ERROR - 2017-06-01 15:00:10 --> 404 Page Not Found: Fr/index
ERROR - 2017-06-01 15:00:11 --> 404 Page Not Found: Fr/index
ERROR - 2017-06-01 15:00:11 --> 404 Page Not Found: Fr/index
ERROR - 2017-06-01 15:00:12 --> 404 Page Not Found: Fr/index
ERROR - 2017-06-01 15:00:12 --> 404 Page Not Found: Fr/index
ERROR - 2017-06-01 15:00:12 --> 404 Page Not Found: Fr/index
ERROR - 2017-06-01 15:00:12 --> 404 Page Not Found: Fr/index
ERROR - 2017-06-01 15:13:50 --> 404 Page Not Found: Fr/index
ERROR - 2017-06-01 15:13:51 --> 404 Page Not Found: Fr/index
ERROR - 2017-06-01 15:13:52 --> 404 Page Not Found: Fr/index
ERROR - 2017-06-01 15:13:53 --> 404 Page Not Found: Fr/index
ERROR - 2017-06-01 15:13:53 --> 404 Page Not Found: Fr/index
ERROR - 2017-06-01 15:13:53 --> 404 Page Not Found: Fr/index
ERROR - 2017-06-01 15:13:54 --> 404 Page Not Found: Fr/index
ERROR - 2017-06-01 15:13:55 --> 404 Page Not Found: Fr/index
ERROR - 2017-06-01 15:14:25 --> 404 Page Not Found: En/index
ERROR - 2017-06-01 15:14:31 --> Could not find the language line "home_cloud_title"
ERROR - 2017-06-01 15:14:31 --> Could not find the language line "home_cloud_intro"
ERROR - 2017-06-01 15:14:31 --> Could not find the language line "mynt_buy_taobao"
ERROR - 2017-06-01 15:14:31 --> Could not find the language line "mynt_buy_tmall"
ERROR - 2017-06-01 15:14:31 --> Could not find the language line "mynt_buy_youzan"
ERROR - 2017-06-01 15:14:31 --> Could not find the language line "mynt_buy_jd"
ERROR - 2017-06-01 15:14:37 --> Could not find the language line "mynt_buy_taobao"
ERROR - 2017-06-01 15:14:37 --> Could not find the language line "mynt_buy_tmall"
ERROR - 2017-06-01 15:14:37 --> Could not find the language line "mynt_buy_youzan"
ERROR - 2017-06-01 15:14:37 --> Could not find the language line "mynt_buy_jd"
ERROR - 2017-06-01 15:16:40 --> Could not find the language line "mynt_buy_taobao"
ERROR - 2017-06-01 15:16:40 --> Could not find the language line "mynt_buy_tmall"
ERROR - 2017-06-01 15:16:40 --> Could not find the language line "mynt_buy_youzan"
ERROR - 2017-06-01 15:16:40 --> Could not find the language line "mynt_buy_jd"
ERROR - 2017-06-01 15:17:34 --> Could not find the language line "mynt_buy_taobao"
ERROR - 2017-06-01 15:17:34 --> Could not find the language line "mynt_buy_tmall"
ERROR - 2017-06-01 15:17:34 --> Could not find the language line "mynt_buy_youzan"
ERROR - 2017-06-01 15:17:34 --> Could not find the language line "mynt_buy_jd"
ERROR - 2017-06-01 15:17:34 --> Could not find the language line "home_cloud_title"
ERROR - 2017-06-01 15:17:34 --> Could not find the language line "home_cloud_intro"
ERROR - 2017-06-01 15:17:34 --> Could not find the language line "mynt_icon_taobao"
ERROR - 2017-06-01 15:17:34 --> Could not find the language line "mynt_icon_tmall"
ERROR - 2017-06-01 15:17:34 --> Could not find the language line "mynt_icon_youzan"
ERROR - 2017-06-01 15:17:34 --> Could not find the language line "mynt_buy_taobao"
ERROR - 2017-06-01 15:17:34 --> Could not find the language line "mynt_buy_tmall"
ERROR - 2017-06-01 15:17:34 --> Could not find the language line "mynt_buy_youzan"
ERROR - 2017-06-01 15:17:34 --> Could not find the language line "mynt_buy_jd"
ERROR - 2017-06-01 15:17:35 --> Could not find the language line "mynt_buy_taobao"
ERROR - 2017-06-01 15:17:35 --> Could not find the language line "mynt_buy_tmall"
ERROR - 2017-06-01 15:17:35 --> Could not find the language line "mynt_buy_youzan"
ERROR - 2017-06-01 15:17:35 --> Could not find the language line "mynt_buy_jd"
ERROR - 2017-06-01 15:17:35 --> Could not find the language line "home_cloud_title"
ERROR - 2017-06-01 15:17:35 --> Could not find the language line "home_cloud_intro"
ERROR - 2017-06-01 15:17:35 --> Could not find the language line "mynt_icon_taobao"
ERROR - 2017-06-01 15:17:35 --> Could not find the language line "mynt_icon_tmall"
ERROR - 2017-06-01 15:17:35 --> Could not find the language line "mynt_icon_youzan"
ERROR - 2017-06-01 15:17:36 --> Could not find the language line "mynt_buy_taobao"
ERROR - 2017-06-01 15:17:36 --> Could not find the language line "mynt_buy_tmall"
ERROR - 2017-06-01 15:17:36 --> Could not find the language line "mynt_buy_youzan"
ERROR - 2017-06-01 15:17:36 --> Could not find the language line "mynt_buy_jd"
ERROR - 2017-06-01 15:18:10 --> Could not find the language line "mynt_buy_taobao"
ERROR - 2017-06-01 15:18:10 --> Could not find the language line "mynt_buy_tmall"
ERROR - 2017-06-01 15:18:10 --> Could not find the language line "mynt_buy_youzan"
ERROR - 2017-06-01 15:18:10 --> Could not find the language line "mynt_buy_jd"
ERROR - 2017-06-01 15:18:10 --> Could not find the language line "home_cloud_title"
ERROR - 2017-06-01 15:18:10 --> Could not find the language line "home_cloud_intro"
ERROR - 2017-06-01 15:18:10 --> Could not find the language line "mynt_icon_taobao"
ERROR - 2017-06-01 15:18:10 --> Could not find the language line "mynt_icon_tmall"
ERROR - 2017-06-01 15:18:10 --> Could not find the language line "mynt_icon_youzan"
ERROR - 2017-06-01 15:18:10 --> Could not find the language line "mynt_buy_taobao"
ERROR - 2017-06-01 15:18:10 --> Could not find the language line "mynt_buy_tmall"
ERROR - 2017-06-01 15:18:10 --> Could not find the language line "mynt_buy_youzan"
ERROR - 2017-06-01 15:18:10 --> Could not find the language line "mynt_buy_jd"
ERROR - 2017-06-01 15:19:25 --> Could not find the language line "mynt_buy_taobao"
ERROR - 2017-06-01 15:19:25 --> Could not find the language line "mynt_buy_tmall"
ERROR - 2017-06-01 15:19:25 --> Could not find the language line "mynt_buy_youzan"
ERROR - 2017-06-01 15:19:25 --> Could not find the language line "mynt_buy_jd"
ERROR - 2017-06-01 15:19:25 --> Could not find the language line "home_cloud_title"
ERROR - 2017-06-01 15:19:25 --> Could not find the language line "home_cloud_intro"
ERROR - 2017-06-01 15:19:25 --> Could not find the language line "mynt_icon_taobao"
ERROR - 2017-06-01 15:19:25 --> Could not find the language line "mynt_icon_tmall"
ERROR - 2017-06-01 15:19:25 --> Could not find the language line "mynt_icon_youzan"
ERROR - 2017-06-01 15:19:25 --> Could not find the language line "mynt_buy_taobao"
ERROR - 2017-06-01 15:19:25 --> Could not find the language line "mynt_buy_tmall"
ERROR - 2017-06-01 15:19:25 --> Could not find the language line "mynt_buy_youzan"
ERROR - 2017-06-01 15:19:25 --> Could not find the language line "mynt_buy_jd"
ERROR - 2017-06-01 15:19:29 --> 404 Page Not Found: Fr/index
ERROR - 2017-06-01 15:19:31 --> 404 Page Not Found: Fr/index
ERROR - 2017-06-01 15:19:32 --> 404 Page Not Found: Fr/index
ERROR - 2017-06-01 15:19:32 --> 404 Page Not Found: Fr/index
ERROR - 2017-06-01 15:19:40 --> 404 Page Not Found: Fr/index
ERROR - 2017-06-01 15:19:40 --> 404 Page Not Found: Fr/index
ERROR - 2017-06-01 15:19:41 --> 404 Page Not Found: Fr/index
ERROR - 2017-06-01 15:19:41 --> 404 Page Not Found: Fr/index
ERROR - 2017-06-01 15:19:41 --> 404 Page Not Found: Fr/index
