ERROR - 2016-08-19 08:16:03 --> Could not find the language line "mynt_buy_taobao"
ERROR - 2016-08-19 08:16:03 --> Could not find the language line "mynt_buy_tmall"
ERROR - 2016-08-19 08:16:03 --> Could not find the language line "mynt_buy_youzan"
ERROR - 2016-08-19 08:16:03 --> Could not find the language line "mynt_buy_jd"
ERROR - 2016-08-19 08:39:31 --> Could not find the language line "mynt_buy_taobao"
ERROR - 2016-08-19 08:39:31 --> Could not find the language line "mynt_buy_tmall"
ERROR - 2016-08-19 08:39:31 --> Could not find the language line "mynt_buy_youzan"
ERROR - 2016-08-19 08:39:31 --> Could not find the language line "mynt_buy_jd"
ERROR - 2016-08-19 08:39:31 --> Session: File 'ci_sessions/ci_session08a2015373aa47b78842436a25b99c8c908d0c33' doesn't exist and cannot be created.
ERROR - 2016-08-19 08:39:32 --> Could not find the language line "mynt_buy_taobao"
ERROR - 2016-08-19 08:39:32 --> Could not find the language line "mynt_buy_tmall"
ERROR - 2016-08-19 08:39:32 --> Could not find the language line "mynt_buy_youzan"
ERROR - 2016-08-19 08:39:32 --> Could not find the language line "mynt_buy_jd"
ERROR - 2016-08-19 08:40:14 --> Could not find the language line "mynt_buy_taobao"
ERROR - 2016-08-19 08:40:14 --> Could not find the language line "mynt_buy_tmall"
ERROR - 2016-08-19 08:40:14 --> Could not find the language line "mynt_buy_youzan"
ERROR - 2016-08-19 08:40:14 --> Could not find the language line "mynt_buy_jd"
ERROR - 2016-08-19 08:40:14 --> Could not find the language line "mynt_buy_taobao"
ERROR - 2016-08-19 08:40:14 --> Could not find the language line "mynt_buy_tmall"
ERROR - 2016-08-19 08:40:14 --> Could not find the language line "mynt_buy_youzan"
ERROR - 2016-08-19 08:40:14 --> Could not find the language line "mynt_buy_jd"
ERROR - 2016-08-19 10:06:25 --> Could not find the language line "mynt_buy_taobao"
ERROR - 2016-08-19 10:06:25 --> Could not find the language line "mynt_buy_tmall"
ERROR - 2016-08-19 10:06:25 --> Could not find the language line "mynt_buy_youzan"
ERROR - 2016-08-19 10:06:25 --> Could not find the language line "mynt_buy_jd"
ERROR - 2016-08-19 10:06:25 --> Could not find the language line "home_cloud_title"
ERROR - 2016-08-19 10:06:25 --> Could not find the language line "home_cloud_intro"
ERROR - 2016-08-19 10:06:25 --> Could not find the language line "mynt_icon_taobao"
ERROR - 2016-08-19 10:06:25 --> Could not find the language line "mynt_icon_tmall"
ERROR - 2016-08-19 10:06:25 --> Could not find the language line "mynt_icon_youzan"
ERROR - 2016-08-19 10:06:25 --> Session: File 'ci_sessions/ci_session4e48a47c3e047e13643b04996caf35572f691817' doesn't exist and cannot be created.
ERROR - 2016-08-19 10:06:25 --> Could not find the language line "mynt_buy_taobao"
ERROR - 2016-08-19 10:06:25 --> Could not find the language line "mynt_buy_tmall"
ERROR - 2016-08-19 10:06:25 --> Could not find the language line "mynt_buy_youzan"
ERROR - 2016-08-19 10:06:25 --> Could not find the language line "mynt_buy_jd"
ERROR - 2016-08-19 10:14:16 --> Could not find the language line "mynt_buy_taobao"
ERROR - 2016-08-19 10:14:16 --> Could not find the language line "mynt_buy_tmall"
ERROR - 2016-08-19 10:14:16 --> Could not find the language line "mynt_buy_youzan"
ERROR - 2016-08-19 10:14:16 --> Could not find the language line "mynt_buy_jd"
ERROR - 2016-08-19 10:14:16 --> Session: File 'ci_sessions/ci_session4d53a621d629f742806ecdc8f7ebd894310eda0e' doesn't exist and cannot be created.
ERROR - 2016-08-19 10:14:17 --> Could not find the language line "mynt_buy_taobao"
ERROR - 2016-08-19 10:14:17 --> Could not find the language line "mynt_buy_tmall"
ERROR - 2016-08-19 10:14:17 --> Could not find the language line "mynt_buy_youzan"
ERROR - 2016-08-19 10:14:17 --> Could not find the language line "mynt_buy_jd"
ERROR - 2016-08-19 10:28:24 --> Could not find the language line "mynt_buy_taobao"
ERROR - 2016-08-19 10:28:24 --> Could not find the language line "mynt_buy_tmall"
ERROR - 2016-08-19 10:28:24 --> Could not find the language line "mynt_buy_youzan"
ERROR - 2016-08-19 10:28:24 --> Could not find the language line "mynt_buy_jd"
ERROR - 2016-08-19 10:28:24 --> Session: File 'ci_sessions/ci_sessionc865cf0c5cccbe57a9ef999212404c8627076687' doesn't exist and cannot be created.
ERROR - 2016-08-19 10:28:25 --> Could not find the language line "mynt_buy_taobao"
ERROR - 2016-08-19 10:28:25 --> Could not find the language line "mynt_buy_tmall"
ERROR - 2016-08-19 10:28:25 --> Could not find the language line "mynt_buy_youzan"
ERROR - 2016-08-19 10:28:25 --> Could not find the language line "mynt_buy_jd"
ERROR - 2016-08-19 10:43:49 --> Could not find the language line "mynt_buy_taobao"
ERROR - 2016-08-19 10:43:49 --> Could not find the language line "mynt_buy_tmall"
ERROR - 2016-08-19 10:43:49 --> Could not find the language line "mynt_buy_youzan"
ERROR - 2016-08-19 10:43:49 --> Could not find the language line "mynt_buy_jd"
ERROR - 2016-08-19 10:43:49 --> Session: File 'ci_sessions/ci_sessionfab54322cff543fa76bcbc5018330e62b7a34138' doesn't exist and cannot be created.
ERROR - 2016-08-19 10:43:50 --> Could not find the language line "mynt_buy_taobao"
ERROR - 2016-08-19 10:43:50 --> Could not find the language line "mynt_buy_tmall"
ERROR - 2016-08-19 10:43:50 --> Could not find the language line "mynt_buy_youzan"
ERROR - 2016-08-19 10:43:50 --> Could not find the language line "mynt_buy_jd"
ERROR - 2016-08-19 10:44:07 --> Could not find the language line "mynt_buy_taobao"
ERROR - 2016-08-19 10:44:07 --> Could not find the language line "mynt_buy_tmall"
ERROR - 2016-08-19 10:44:07 --> Could not find the language line "mynt_buy_youzan"
ERROR - 2016-08-19 10:44:07 --> Could not find the language line "mynt_buy_jd"
ERROR - 2016-08-19 10:44:07 --> Could not find the language line "mynt_buy_taobao"
ERROR - 2016-08-19 10:44:07 --> Could not find the language line "mynt_buy_tmall"
ERROR - 2016-08-19 10:44:07 --> Could not find the language line "mynt_buy_youzan"
ERROR - 2016-08-19 10:44:07 --> Could not find the language line "mynt_buy_jd"
ERROR - 2016-08-19 10:51:20 --> Could not find the language line "mynt_buy_taobao"
ERROR - 2016-08-19 10:51:20 --> Could not find the language line "mynt_buy_tmall"
ERROR - 2016-08-19 10:51:20 --> Could not find the language line "mynt_buy_youzan"
ERROR - 2016-08-19 10:51:20 --> Could not find the language line "mynt_buy_jd"
ERROR - 2016-08-19 10:51:20 --> Session: File 'ci_sessions/ci_sessionc0e84b40022f11946453f53cd47f91903275ebff' doesn't exist and cannot be created.
ERROR - 2016-08-19 10:51:21 --> Could not find the language line "mynt_buy_taobao"
ERROR - 2016-08-19 10:51:21 --> Could not find the language line "mynt_buy_tmall"
ERROR - 2016-08-19 10:51:21 --> Could not find the language line "mynt_buy_youzan"
ERROR - 2016-08-19 10:51:21 --> Could not find the language line "mynt_buy_jd"
ERROR - 2016-08-19 10:54:08 --> Could not find the language line "mynt_buy_taobao"
ERROR - 2016-08-19 10:54:08 --> Could not find the language line "mynt_buy_tmall"
ERROR - 2016-08-19 10:54:08 --> Could not find the language line "mynt_buy_youzan"
ERROR - 2016-08-19 10:54:08 --> Could not find the language line "mynt_buy_jd"
ERROR - 2016-08-19 10:54:08 --> Could not find the language line "mynt_buy_taobao"
ERROR - 2016-08-19 10:54:08 --> Could not find the language line "mynt_buy_tmall"
ERROR - 2016-08-19 10:54:08 --> Could not find the language line "mynt_buy_youzan"
ERROR - 2016-08-19 10:54:08 --> Could not find the language line "mynt_buy_jd"
