ERROR - 2016-05-14 02:29:57 --> Could not find the language line "mynt_buy_taobao"
ERROR - 2016-05-14 02:29:57 --> Could not find the language line "mynt_buy_tmall"
ERROR - 2016-05-14 02:29:57 --> Could not find the language line "mynt_buy_youzan"
ERROR - 2016-05-14 02:29:57 --> Could not find the language line "mynt_icon_taobao"
ERROR - 2016-05-14 02:29:57 --> Could not find the language line "mynt_icon_tmall"
ERROR - 2016-05-14 02:29:57 --> Could not find the language line "mynt_icon_youzan"
ERROR - 2016-05-14 02:30:04 --> Could not find the language line "mynt_buy_taobao"
ERROR - 2016-05-14 02:30:04 --> Could not find the language line "mynt_buy_tmall"
ERROR - 2016-05-14 02:30:04 --> Could not find the language line "mynt_buy_youzan"
ERROR - 2016-05-14 02:30:04 --> Could not find the language line "mynt_icon_taobao"
ERROR - 2016-05-14 02:30:04 --> Could not find the language line "mynt_icon_tmall"
ERROR - 2016-05-14 02:30:04 --> Could not find the language line "mynt_icon_youzan"
ERROR - 2016-05-14 02:41:42 --> Could not find the language line "mynt_buy_taobao"
ERROR - 2016-05-14 02:41:42 --> Could not find the language line "mynt_buy_tmall"
ERROR - 2016-05-14 02:41:42 --> Could not find the language line "mynt_buy_youzan"
ERROR - 2016-05-14 02:41:42 --> Could not find the language line "mynt_icon_taobao"
ERROR - 2016-05-14 02:41:42 --> Could not find the language line "mynt_icon_tmall"
ERROR - 2016-05-14 02:41:42 --> Could not find the language line "mynt_icon_youzan"
ERROR - 2016-05-14 02:41:42 --> Session: File 'ci_sessions/ci_session26cd9e91c34bbee0b68f038610c65f97f8279904' doesn't exist and cannot be created.
ERROR - 2016-05-14 02:41:52 --> Could not find the language line "mynt_buy_taobao"
ERROR - 2016-05-14 02:41:52 --> Could not find the language line "mynt_buy_tmall"
ERROR - 2016-05-14 02:41:52 --> Could not find the language line "mynt_buy_youzan"
ERROR - 2016-05-14 02:41:52 --> Could not find the language line "mynt_icon_taobao"
ERROR - 2016-05-14 02:41:52 --> Could not find the language line "mynt_icon_tmall"
ERROR - 2016-05-14 02:41:52 --> Could not find the language line "mynt_icon_youzan"
ERROR - 2016-05-14 02:42:07 --> Could not find the language line "mynt_buy_taobao"
ERROR - 2016-05-14 02:42:07 --> Could not find the language line "mynt_buy_tmall"
ERROR - 2016-05-14 02:42:07 --> Could not find the language line "mynt_buy_youzan"
ERROR - 2016-05-14 04:39:36 --> Could not find the language line "mynt_buy_taobao"
ERROR - 2016-05-14 04:39:36 --> Could not find the language line "mynt_buy_tmall"
ERROR - 2016-05-14 04:39:36 --> Could not find the language line "mynt_buy_youzan"
ERROR - 2016-05-14 04:58:04 --> Could not find the language line "mynt_buy_taobao"
ERROR - 2016-05-14 04:58:04 --> Could not find the language line "mynt_buy_tmall"
ERROR - 2016-05-14 04:58:04 --> Could not find the language line "mynt_buy_youzan"
ERROR - 2016-05-14 04:58:04 --> Could not find the language line "mynt_icon_taobao"
ERROR - 2016-05-14 04:58:04 --> Could not find the language line "mynt_icon_tmall"
ERROR - 2016-05-14 04:58:04 --> Could not find the language line "mynt_icon_youzan"
ERROR - 2016-05-14 05:03:46 --> Could not find the language line "mynt_buy_taobao"
ERROR - 2016-05-14 05:03:46 --> Could not find the language line "mynt_buy_tmall"
ERROR - 2016-05-14 05:03:46 --> Could not find the language line "mynt_buy_youzan"
ERROR - 2016-05-14 05:03:46 --> Could not find the language line "mynt_icon_taobao"
ERROR - 2016-05-14 05:03:46 --> Could not find the language line "mynt_icon_tmall"
ERROR - 2016-05-14 05:03:46 --> Could not find the language line "mynt_icon_youzan"
ERROR - 2016-05-14 05:03:47 --> Could not find the language line "mynt_buy_taobao"
ERROR - 2016-05-14 05:03:47 --> Could not find the language line "mynt_buy_tmall"
ERROR - 2016-05-14 05:03:47 --> Could not find the language line "mynt_buy_youzan"
ERROR - 2016-05-14 05:03:47 --> Could not find the language line "mynt_icon_taobao"
ERROR - 2016-05-14 05:03:47 --> Could not find the language line "mynt_icon_tmall"
ERROR - 2016-05-14 05:03:47 --> Could not find the language line "mynt_icon_youzan"
ERROR - 2016-05-14 05:03:48 --> Could not find the language line "mynt_buy_taobao"
ERROR - 2016-05-14 05:03:48 --> Could not find the language line "mynt_buy_tmall"
ERROR - 2016-05-14 05:03:48 --> Could not find the language line "mynt_buy_youzan"
ERROR - 2016-05-14 05:03:48 --> Could not find the language line "mynt_icon_taobao"
ERROR - 2016-05-14 05:03:48 --> Could not find the language line "mynt_icon_tmall"
ERROR - 2016-05-14 05:03:48 --> Could not find the language line "mynt_icon_youzan"
ERROR - 2016-05-14 05:04:57 --> Could not find the language line "mynt_buy_taobao"
ERROR - 2016-05-14 05:04:57 --> Could not find the language line "mynt_buy_tmall"
ERROR - 2016-05-14 05:04:57 --> Could not find the language line "mynt_buy_youzan"
ERROR - 2016-05-14 05:04:57 --> Could not find the language line "mynt_icon_taobao"
ERROR - 2016-05-14 05:04:57 --> Could not find the language line "mynt_icon_tmall"
ERROR - 2016-05-14 05:04:57 --> Could not find the language line "mynt_icon_youzan"
ERROR - 2016-05-14 05:20:35 --> Could not find the language line "mynt_buy_taobao"
ERROR - 2016-05-14 05:20:35 --> Could not find the language line "mynt_buy_tmall"
ERROR - 2016-05-14 05:20:35 --> Could not find the language line "mynt_buy_youzan"
ERROR - 2016-05-14 05:20:35 --> Could not find the language line "mynt_icon_taobao"
ERROR - 2016-05-14 05:20:35 --> Could not find the language line "mynt_icon_tmall"
ERROR - 2016-05-14 05:20:35 --> Could not find the language line "mynt_icon_youzan"
ERROR - 2016-05-14 05:20:35 --> Session: File 'ci_sessions/ci_sessionc54990c5bac1d567adeefe29b72f9ac38254c6ef' doesn't exist and cannot be created.
ERROR - 2016-05-14 05:23:38 --> Could not find the language line "mynt_buy_taobao"
ERROR - 2016-05-14 05:23:38 --> Could not find the language line "mynt_buy_tmall"
ERROR - 2016-05-14 05:23:38 --> Could not find the language line "mynt_buy_youzan"
ERROR - 2016-05-14 05:23:38 --> Could not find the language line "mynt_icon_taobao"
ERROR - 2016-05-14 05:23:38 --> Could not find the language line "mynt_icon_tmall"
ERROR - 2016-05-14 05:23:38 --> Could not find the language line "mynt_icon_youzan"
ERROR - 2016-05-14 05:27:44 --> Could not find the language line "mynt_buy_taobao"
ERROR - 2016-05-14 05:27:44 --> Could not find the language line "mynt_buy_tmall"
ERROR - 2016-05-14 05:27:44 --> Could not find the language line "mynt_buy_youzan"
ERROR - 2016-05-14 05:27:44 --> Could not find the language line "mynt_icon_taobao"
ERROR - 2016-05-14 05:27:44 --> Could not find the language line "mynt_icon_tmall"
ERROR - 2016-05-14 05:27:44 --> Could not find the language line "mynt_icon_youzan"
ERROR - 2016-05-14 05:35:17 --> Could not find the language line "mynt_buy_taobao"
ERROR - 2016-05-14 05:35:17 --> Could not find the language line "mynt_buy_tmall"
ERROR - 2016-05-14 05:35:17 --> Could not find the language line "mynt_buy_youzan"
ERROR - 2016-05-14 05:35:17 --> Could not find the language line "mynt_icon_taobao"
ERROR - 2016-05-14 05:35:17 --> Could not find the language line "mynt_icon_tmall"
ERROR - 2016-05-14 05:35:17 --> Could not find the language line "mynt_icon_youzan"
ERROR - 2016-05-14 05:35:17 --> Session: File 'ci_sessions/ci_session8adf892cff943651d78343db1598a7f151d77bce' doesn't exist and cannot be created.
ERROR - 2016-05-14 05:38:14 --> Could not find the language line "mynt_buy_taobao"
ERROR - 2016-05-14 05:38:14 --> Could not find the language line "mynt_buy_tmall"
ERROR - 2016-05-14 05:38:14 --> Could not find the language line "mynt_buy_youzan"
ERROR - 2016-05-14 05:38:14 --> Could not find the language line "mynt_icon_taobao"
ERROR - 2016-05-14 05:38:14 --> Could not find the language line "mynt_icon_tmall"
ERROR - 2016-05-14 05:38:14 --> Could not find the language line "mynt_icon_youzan"
ERROR - 2016-05-14 05:39:48 --> Could not find the language line "mynt_buy_taobao"
ERROR - 2016-05-14 05:39:48 --> Could not find the language line "mynt_buy_tmall"
ERROR - 2016-05-14 05:39:48 --> Could not find the language line "mynt_buy_youzan"
ERROR - 2016-05-14 05:39:48 --> Could not find the language line "mynt_icon_taobao"
ERROR - 2016-05-14 05:39:48 --> Could not find the language line "mynt_icon_tmall"
ERROR - 2016-05-14 05:39:48 --> Could not find the language line "mynt_icon_youzan"
ERROR - 2016-05-14 05:40:31 --> Could not find the language line "mynt_buy_taobao"
ERROR - 2016-05-14 05:40:31 --> Could not find the language line "mynt_buy_tmall"
ERROR - 2016-05-14 05:40:31 --> Could not find the language line "mynt_buy_youzan"
ERROR - 2016-05-14 05:40:31 --> Could not find the language line "mynt_icon_taobao"
ERROR - 2016-05-14 05:40:31 --> Could not find the language line "mynt_icon_tmall"
ERROR - 2016-05-14 05:40:31 --> Could not find the language line "mynt_icon_youzan"
ERROR - 2016-05-14 05:40:52 --> Could not find the language line "mynt_buy_taobao"
ERROR - 2016-05-14 05:40:52 --> Could not find the language line "mynt_buy_tmall"
ERROR - 2016-05-14 05:40:52 --> Could not find the language line "mynt_buy_youzan"
ERROR - 2016-05-14 05:40:58 --> Could not find the language line "mynt_buy_taobao"
ERROR - 2016-05-14 05:40:58 --> Could not find the language line "mynt_buy_tmall"
ERROR - 2016-05-14 05:40:58 --> Could not find the language line "mynt_buy_youzan"
ERROR - 2016-05-14 05:40:58 --> Could not find the language line "mynt_icon_taobao"
ERROR - 2016-05-14 05:40:58 --> Could not find the language line "mynt_icon_tmall"
ERROR - 2016-05-14 05:40:58 --> Could not find the language line "mynt_icon_youzan"
ERROR - 2016-05-14 05:43:14 --> Could not find the language line "mynt_buy_taobao"
ERROR - 2016-05-14 05:43:14 --> Could not find the language line "mynt_buy_tmall"
ERROR - 2016-05-14 05:43:14 --> Could not find the language line "mynt_buy_youzan"
ERROR - 2016-05-14 05:43:14 --> Could not find the language line "mynt_icon_taobao"
ERROR - 2016-05-14 05:43:14 --> Could not find the language line "mynt_icon_tmall"
ERROR - 2016-05-14 05:43:14 --> Could not find the language line "mynt_icon_youzan"
ERROR - 2016-05-14 06:26:31 --> Could not find the language line "mynt_buy_taobao"
ERROR - 2016-05-14 06:26:31 --> Could not find the language line "mynt_buy_tmall"
ERROR - 2016-05-14 06:26:31 --> Could not find the language line "mynt_buy_youzan"
ERROR - 2016-05-14 06:26:35 --> Could not find the language line "mynt_buy_taobao"
ERROR - 2016-05-14 06:26:35 --> Could not find the language line "mynt_buy_tmall"
ERROR - 2016-05-14 06:26:35 --> Could not find the language line "mynt_buy_youzan"
ERROR - 2016-05-14 06:26:35 --> Could not find the language line "mynt_icon_taobao"
ERROR - 2016-05-14 06:26:35 --> Could not find the language line "mynt_icon_tmall"
ERROR - 2016-05-14 06:26:35 --> Could not find the language line "mynt_icon_youzan"
ERROR - 2016-05-14 09:48:57 --> Could not find the language line "mynt_buy_taobao"
ERROR - 2016-05-14 09:48:57 --> Could not find the language line "mynt_buy_tmall"
ERROR - 2016-05-14 09:48:57 --> Could not find the language line "mynt_buy_youzan"
ERROR - 2016-05-14 09:48:57 --> Could not find the language line "mynt_icon_taobao"
ERROR - 2016-05-14 09:48:57 --> Could not find the language line "mynt_icon_tmall"
ERROR - 2016-05-14 09:48:57 --> Could not find the language line "mynt_icon_youzan"
